------Using Template 0 -----------
4 [4]
*****************************************************

2019-05-04-09-50-39   >>>>   End sampling point

sampling time = 9.940 ms,


       ########################################         

iteration 0 with 4 examples

2019-05-04-09-50-39   >>>>   Start train ranking function

2019-05-04-09-50-39   >>>>   End train ranking function

train_ranking_functioning time = 0.430 ms


2019-05-04-09-50-39   >>>>   Start verify ranking function

ranking function : 0.1286 *  x[0]^1.0 - 0.1918 *  x[1]^1.0 - 0.1044 *  x[2]^1.0 + 0.7204 * 1

2019-05-04-09-50-39   >>>>   End verify ranking function

verifying time = 9.106 ms


Not Found Ranking Fcuntion

Conterexample is 

[1, -2, 21.385057471264368]

sampling time = 1.026 ms


       ########################################         

iteration 1 with 6 examples

2019-05-04-09-50-39   >>>>   Start train ranking function

2019-05-04-09-50-39   >>>>   End train ranking function

train_ranking_functioning time = 0.467 ms


2019-05-04-09-50-39   >>>>   Start verify ranking function

[xr_1 = -2, xr_2 = 2599/36, xr_0 = 1]
ranking function : 0.3629 *  x[0]^1.0 + 0.2958 *  x[1]^1.0 + 0.0042 *  x[2]^1.0 + 0.9579 * 1

2019-05-04-09-50-39   >>>>   End verify ranking function

verifying time = 7.912 ms


Not Found Ranking Fcuntion

Conterexample is 

[1, -2, 72.19444444444444]

sampling time = 1.008 ms


       ########################################         

iteration 2 with 8 examples

2019-05-04-09-50-39   >>>>   Start train ranking function

2019-05-04-09-50-39   >>>>   End train ranking function

train_ranking_functioning time = 0.506 ms


2019-05-04-09-50-39   >>>>   Start verify ranking function

[xr_1 = -2, xr_2 = 18359/234, xr_0 = 1]
ranking function : 0.3543 *  x[0]^1.0 + 0.2978 *  x[1]^1.0 + 0.0039 *  x[2]^1.0 + 0.9524 * 1

2019-05-04-09-50-39   >>>>   End verify ranking function

verifying time = 7.859 ms


Not Found Ranking Fcuntion

Conterexample is 

[1, -2, 78.45726495726495]

sampling time = 1.098 ms


       ########################################         

iteration 3 with 10 examples

2019-05-04-09-50-39   >>>>   Start train ranking function

2019-05-04-09-50-39   >>>>   End train ranking function

train_ranking_functioning time = 0.546 ms


2019-05-04-09-50-39   >>>>   Start verify ranking function

[xr_1 = -2, xr_2 = 6077/76, xr_0 = 1]
ranking function : 0.3539 *  x[0]^1.0 + 0.2945 *  x[1]^1.0 + 0.0038 *  x[2]^1.0 + 0.9517 * 1

2019-05-04-09-50-39   >>>>   End verify ranking function

verifying time = 7.943 ms


Not Found Ranking Fcuntion

Conterexample is 

[1, -2, 79.96052631578948]

sampling time = 1.050 ms


       ########################################         

iteration 4 with 12 examples

2019-05-04-09-50-39   >>>>   Start train ranking function

2019-05-04-09-50-39   >>>>   End train ranking function

train_ranking_functioning time = 0.692 ms


2019-05-04-09-50-39   >>>>   Start verify ranking function

[xr_1 = -2, xr_2 = 2215/6, xr_0 = 1]
ranking function : 0.3758 *  x[0]^1.0 + 0.2872 *  x[1]^1.0 + 0.0008 *  x[2]^1.0 + 0.9651 * 1

2019-05-04-09-50-39   >>>>   End verify ranking function

verifying time = 7.991 ms


Not Found Ranking Fcuntion

Conterexample is 

[1, -2, 369.1666666666667]

sampling time = 1.055 ms


       ########################################         

iteration 5 with 14 examples

2019-05-04-09-50-39   >>>>   Start train ranking function

2019-05-04-09-50-39   >>>>   End train ranking function

train_ranking_functioning time = 0.693 ms


2019-05-04-09-50-39   >>>>   Start verify ranking function

ranking function : 0.3734 *  x[0]^1.0 + 0.2919 *  x[1]^1.0 - 0.0004 *  x[2]^1.0 + 0.9642 * 1

2019-05-04-09-50-39   >>>>   End verify ranking function

verifying time = 9.172 ms


Not Found Ranking Fcuntion

Conterexample is 

[1, -2, 4384.5]

sampling time = 1.139 ms


       ########################################         

iteration 6 with 16 examples

2019-05-04-09-50-39   >>>>   Start train ranking function

2019-05-04-09-50-39   >>>>   End train ranking function

train_ranking_functioning time = 0.742 ms


2019-05-04-09-50-39   >>>>   Start verify ranking function

[xr_1 = -2, xr_2 = 2957/6, xr_0 = 1]
ranking function : 0.3736 *  x[0]^1.0 + 0.2872 *  x[1]^1.0 + 0.0006 *  x[2]^1.0 + 0.9636 * 1

2019-05-04-09-50-39   >>>>   End verify ranking function

verifying time = 7.979 ms


Not Found Ranking Fcuntion

Conterexample is 

[1, -2, 492.8333333333333]

sampling time = 1.009 ms


       ########################################         

iteration 7 with 18 examples

2019-05-04-09-50-39   >>>>   Start train ranking function

2019-05-04-09-50-39   >>>>   End train ranking function

train_ranking_functioning time = 0.781 ms


2019-05-04-09-50-39   >>>>   Start verify ranking function

[xr_1 = -2, xr_2 = 4439/42, xr_0 = 1]
ranking function : 0.3746 *  x[0]^1.0 + 0.2878 *  x[1]^1.0 + 0.0028 *  x[2]^1.0 + 0.9648 * 1

2019-05-04-09-50-39   >>>>   End verify ranking function

verifying time = 8.123 ms


Not Found Ranking Fcuntion

Conterexample is 

[1, -2, 105.69047619047619]

sampling time = 1.019 ms


       ########################################         

iteration 8 with 20 examples

2019-05-04-09-50-39   >>>>   Start train ranking function

2019-05-04-09-50-39   >>>>   End train ranking function

train_ranking_functioning time = 0.916 ms


2019-05-04-09-50-39   >>>>   Start verify ranking function

[xr_1 = -2, xr_2 = 17675/162, xr_0 = 1]
ranking function : 0.3791 *  x[0]^1.0 + 0.2869 *  x[1]^1.0 + 0.0027 *  x[2]^1.0 + 0.9672 * 1

2019-05-04-09-50-39   >>>>   End verify ranking function

verifying time = 7.941 ms


Not Found Ranking Fcuntion

Conterexample is 

[1, -2, 109.10493827160494]

sampling time = 1.128 ms


       ########################################         

iteration 9 with 22 examples

2019-05-04-09-50-39   >>>>   Start train ranking function

2019-05-04-09-50-39   >>>>   End train ranking function

train_ranking_functioning time = 0.947 ms


2019-05-04-09-50-39   >>>>   Start verify ranking function

[xr_1 = -2, xr_2 = 8891/84, xr_0 = 1]
ranking function : 0.3764 *  x[0]^1.0 + 0.2889 *  x[1]^1.0 + 0.0028 *  x[2]^1.0 + 0.9658 * 1

2019-05-04-09-50-39   >>>>   End verify ranking function

verifying time = 7.837 ms


Not Found Ranking Fcuntion

Conterexample is 

[1, -2, 105.8452380952381]

sampling time = 1.010 ms


       ########################################         

iteration 10 with 24 examples

2019-05-04-09-50-39   >>>>   Start train ranking function

2019-05-04-09-50-39   >>>>   End train ranking function

train_ranking_functioning time = 1.011 ms


2019-05-04-09-50-39   >>>>   Start verify ranking function

[xr_1 = -2, xr_2 = 983/7, xr_0 = 1]
ranking function : 0.3808 *  x[0]^1.0 + 0.2878 *  x[1]^1.0 + 0.0021 *  x[2]^1.0 + 0.9688 * 1

2019-05-04-09-50-39   >>>>   End verify ranking function

verifying time = 7.962 ms


Not Found Ranking Fcuntion

Conterexample is 

[1, -2, 140.42857142857142]

sampling time = 1.016 ms


       ########################################         

iteration 11 with 26 examples

2019-05-04-09-50-39   >>>>   Start train ranking function

2019-05-04-09-50-39   >>>>   End train ranking function

train_ranking_functioning time = 1.127 ms


2019-05-04-09-50-39   >>>>   Start verify ranking function

ranking function : 0.3838 *  x[0]^1.0 + 0.287 *  x[1]^1.0 - 0.0004 *  x[2]^1.0 + 0.9704 * 1

2019-05-04-09-50-39   >>>>   End verify ranking function

verifying time = 9.204 ms


Not Found Ranking Fcuntion

Conterexample is 

[1, -2, 4450.5]

sampling time = 1.014 ms


       ########################################         

iteration 12 with 28 examples

2019-05-04-09-50-39   >>>>   Start train ranking function

2019-05-04-09-50-39   >>>>   End train ranking function

train_ranking_functioning time = 1.092 ms


2019-05-04-09-50-39   >>>>   Start verify ranking function

[xr_1 = -2, xr_2 = 8831/63, xr_0 = 1]
ranking function : 0.3796 *  x[0]^1.0 + 0.2867 *  x[1]^1.0 + 0.0021 *  x[2]^1.0 + 0.9676 * 1

2019-05-04-09-50-39   >>>>   End verify ranking function

verifying time = 7.868 ms


Not Found Ranking Fcuntion

Conterexample is 

[1, -2, 140.17460317460316]

sampling time = 1.011 ms


       ########################################         

iteration 13 with 30 examples

2019-05-04-09-50-39   >>>>   Start train ranking function

2019-05-04-09-50-39   >>>>   End train ranking function

train_ranking_functioning time = 1.583 ms


2019-05-04-09-50-39   >>>>   Start verify ranking function

[xr_1 = -2, xr_2 = 17681/120, xr_0 = 1]
ranking function : 0.3857 *  x[0]^1.0 + 0.2887 *  x[1]^1.0 + 0.002 *  x[2]^1.0 + 0.9716 * 1

2019-05-04-09-50-39   >>>>   End verify ranking function

verifying time = 7.829 ms


Not Found Ranking Fcuntion

Conterexample is 

[1, -2, 147.34166666666667]

sampling time = 1.488 ms


       ########################################         

iteration 14 with 32 examples

2019-05-04-09-50-39   >>>>   Start train ranking function

2019-05-04-09-50-39   >>>>   End train ranking function

train_ranking_functioning time = 1.854 ms


2019-05-04-09-50-39   >>>>   Start verify ranking function

ranking function : 0.3857 *  x[0]^1.0 + 0.2883 *  x[1]^1.0 - 0.0001 *  x[2]^1.0 + 0.9715 * 1

2019-05-04-09-50-39   >>>>   End verify ranking function

verifying time = 9.451 ms


Not Found Ranking Fcuntion

Conterexample is 

[1, -2, 17806]

sampling time = 1.049 ms


       ########################################         

iteration 15 with 34 examples

2019-05-04-09-50-39   >>>>   Start train ranking function

2019-05-04-09-50-39   >>>>   End train ranking function

train_ranking_functioning time = 1.848 ms


2019-05-04-09-50-39   >>>>   Start verify ranking function

ranking function : 0.3864 *  x[0]^1.0 + 0.2872 *  x[1]^1.0 - 0.0005 *  x[2]^1.0 + 0.9723 * 1

2019-05-04-09-50-39   >>>>   End verify ranking function

verifying time = 9.257 ms


Not Found Ranking Fcuntion

Conterexample is 

[1, -2, 3568.6]

sampling time = 1.108 ms


       ########################################         

iteration 16 with 36 examples

2019-05-04-09-50-39   >>>>   Start train ranking function

2019-05-04-09-50-39   >>>>   End train ranking function

train_ranking_functioning time = 1.559 ms


2019-05-04-09-50-39   >>>>   Start verify ranking function

[xr_1 = -2, xr_2 = 17563/114, xr_0 = 1]
ranking function : 0.3863 *  x[0]^1.0 + 0.2859 *  x[1]^1.0 + 0.0019 *  x[2]^1.0 + 0.9719 * 1

2019-05-04-09-50-39   >>>>   End verify ranking function

verifying time = 7.973 ms


Not Found Ranking Fcuntion

Conterexample is 

[1, -2, 154.06140350877192]

sampling time = 1.018 ms


       ########################################         

iteration 17 with 38 examples

2019-05-04-09-50-39   >>>>   Start train ranking function

2019-05-04-09-50-39   >>>>   End train ranking function

train_ranking_functioning time = 1.654 ms


2019-05-04-09-50-39   >>>>   Start verify ranking function

ranking function : 0.3864 *  x[0]^1.0 + 0.2866 *  x[1]^1.0 - 0.0003 *  x[2]^1.0 + 0.972 * 1

2019-05-04-09-50-39   >>>>   End verify ranking function

verifying time = 9.290 ms


Not Found Ranking Fcuntion

Conterexample is 

[1, -2, 5950.666666666667]

sampling time = 1.086 ms


       ########################################         

iteration 18 with 40 examples

2019-05-04-09-50-39   >>>>   Start train ranking function

2019-05-04-09-50-39   >>>>   End train ranking function

train_ranking_functioning time = 1.574 ms


2019-05-04-09-50-39   >>>>   Start verify ranking function

[xr_1 = -2, xr_2 = 2934/19, xr_0 = 1]
ranking function : 0.387 *  x[0]^1.0 + 0.2871 *  x[1]^1.0 + 0.0019 *  x[2]^1.0 + 0.9723 * 1

2019-05-04-09-50-39   >>>>   End verify ranking function

verifying time = 7.944 ms


Not Found Ranking Fcuntion

Conterexample is 

[1, -2, 154.42105263157896]

sampling time = 1.018 ms


       ########################################         

iteration 19 with 42 examples

2019-05-04-09-50-39   >>>>   Start train ranking function

2019-05-04-09-50-39   >>>>   End train ranking function

train_ranking_functioning time = 1.625 ms


2019-05-04-09-50-39   >>>>   Start verify ranking function

ranking function : 0.3881 *  x[0]^1.0 + 0.2878 *  x[1]^1.0 - 0.0004 *  x[2]^1.0 + 0.9734 * 1

2019-05-04-09-50-39   >>>>   End verify ranking function

verifying time = 9.172 ms


Not Found Ranking Fcuntion

Conterexample is 

[1, -2, 4464.75]

sampling time = 1.023 ms


       ########################################         

iteration 20 with 44 examples

2019-05-04-09-50-39   >>>>   Start train ranking function

2019-05-04-09-50-39   >>>>   End train ranking function

train_ranking_functioning time = 1.647 ms


2019-05-04-09-50-39   >>>>   Start verify ranking function

[xr_1 = -2, xr_2 = 8819/36, xr_0 = 1]
ranking function : 0.3872 *  x[0]^1.0 + 0.288 *  x[1]^1.0 + 0.0012 *  x[2]^1.0 + 0.9728 * 1

2019-05-04-09-50-39   >>>>   End verify ranking function

verifying time = 7.909 ms


Not Found Ranking Fcuntion

Conterexample is 

[1, -2, 244.97222222222223]

sampling time = 1.016 ms


       ########################################         

iteration 21 with 46 examples

2019-05-04-09-50-39   >>>>   Start train ranking function

2019-05-04-09-50-39   >>>>   End train ranking function

train_ranking_functioning time = 1.847 ms


2019-05-04-09-50-39   >>>>   Start verify ranking function

[xr_1 = -2, xr_2 = 17557/114, xr_0 = 1]
ranking function : 0.3897 *  x[0]^1.0 + 0.2866 *  x[1]^1.0 + 0.0019 *  x[2]^1.0 + 0.9743 * 1

2019-05-04-09-50-39   >>>>   End verify ranking function

verifying time = 7.945 ms


Not Found Ranking Fcuntion

Conterexample is 

[1, -2, 154.00877192982455]

sampling time = 1.021 ms


       ########################################         

iteration 22 with 48 examples

2019-05-04-09-50-39   >>>>   Start train ranking function

2019-05-04-09-50-39   >>>>   End train ranking function

train_ranking_functioning time = 1.876 ms


2019-05-04-09-50-39   >>>>   Start verify ranking function

ranking function : 0.3897 *  x[0]^1.0 + 0.2874 *  x[1]^1.0 - 0.0002 *  x[2]^1.0 + 0.9744 * 1

2019-05-04-09-50-39   >>>>   End verify ranking function

verifying time = 8.905 ms


Not Found Ranking Fcuntion

Conterexample is 

[1, -2, 8946.5]

sampling time = 1.107 ms


       ########################################         

iteration 23 with 50 examples

2019-05-04-09-50-39   >>>>   Start train ranking function

2019-05-04-09-50-39   >>>>   End train ranking function

train_ranking_functioning time = 1.836 ms


2019-05-04-09-50-39   >>>>   Start verify ranking function

[xr_1 = -2, xr_2 = 8788/9, xr_0 = 1]
ranking function : 0.3894 *  x[0]^1.0 + 0.287 *  x[1]^1.0 + 0.0003 *  x[2]^1.0 + 0.9739 * 1

2019-05-04-09-50-39   >>>>   End verify ranking function

verifying time = 8.027 ms


Not Found Ranking Fcuntion

Conterexample is 

[1, -2, 976.4444444444445]

sampling time = 1.094 ms


       ########################################         

iteration 24 with 52 examples

2019-05-04-09-50-39   >>>>   Start train ranking function

2019-05-04-09-50-39   >>>>   End train ranking function

train_ranking_functioning time = 1.980 ms


2019-05-04-09-50-39   >>>>   Start verify ranking function

[xr_1 = -2, xr_2 = 17495/156, xr_0 = 1]
ranking function : 0.3907 *  x[0]^1.0 + 0.2853 *  x[1]^1.0 + 0.0026 *  x[2]^1.0 + 0.9748 * 1

2019-05-04-09-50-39   >>>>   End verify ranking function

verifying time = 8.040 ms


Not Found Ranking Fcuntion

Conterexample is 

[1, -2, 112.1474358974359]

sampling time = 1.017 ms


Failed to prove it is terminated

UNKNOWN
Time For Template 0 Is--->-327.871000 ms

------Using Template 1 -----------
1 [1]
*****************************************************

2019-05-04-09-50-39   >>>>   End sampling point

sampling time = 8.526 ms,


       ########################################         

iteration 0 with 4 examples

2019-05-04-09-50-39   >>>>   Start train ranking function

2019-05-04-09-50-39   >>>>   End train ranking function

train_ranking_functioning time = 0.301 ms


2019-05-04-09-50-39   >>>>   Start verify ranking function

ranking function :  - 0.1904 *  x[0]^2.0 *  x[1]^0.5 *  x[2]^-0.5

2019-05-04-09-50-39   >>>>   End verify ranking function

verifying time = 20.123 ms


Not Found Ranking Fcuntion

Conterexample is 

[1.5, -3, 5]

sampling time = 0.377 ms


       ########################################         

iteration 1 with 6 examples

2019-05-04-09-50-39   >>>>   Start train ranking function

2019-05-04-09-50-39   >>>>   End train ranking function

train_ranking_functioning time = 0.479 ms


2019-05-04-09-50-39   >>>>   Start verify ranking function

ranking function :  - 0.1063 *  x[0]^2.0 *  x[1]^0.5 *  x[2]^-0.5

2019-05-04-09-50-39   >>>>   End verify ranking function

verifying time = 21.771 ms


Not Found Ranking Fcuntion

Conterexample is 

[1.5, -3, 5]

sampling time = 0.378 ms


       ########################################         

iteration 2 with 8 examples

2019-05-04-09-50-39   >>>>   Start train ranking function

2019-05-04-09-50-39   >>>>   End train ranking function

train_ranking_functioning time = 0.396 ms


2019-05-04-09-50-39   >>>>   Start verify ranking function

ranking function :  - 0.0984 *  x[0]^2.0 *  x[1]^0.5 *  x[2]^-0.5

2019-05-04-09-50-39   >>>>   End verify ranking function

verifying time = 20.766 ms


Not Found Ranking Fcuntion

Conterexample is 

[1.5, -3, 5]

sampling time = 0.374 ms


       ########################################         

iteration 3 with 10 examples

2019-05-04-09-50-39   >>>>   Start train ranking function

2019-05-04-09-50-39   >>>>   End train ranking function

train_ranking_functioning time = 0.450 ms


2019-05-04-09-50-39   >>>>   Start verify ranking function

ranking function :  - 0.0955 *  x[0]^2.0 *  x[1]^0.5 *  x[2]^-0.5

2019-05-04-09-50-39   >>>>   End verify ranking function

verifying time = 20.163 ms


Not Found Ranking Fcuntion

Conterexample is 

[1.5, -3, 5]

sampling time = 0.378 ms


       ########################################         

iteration 4 with 12 examples

2019-05-04-09-50-39   >>>>   Start train ranking function

2019-05-04-09-50-39   >>>>   End train ranking function

train_ranking_functioning time = 0.478 ms


2019-05-04-09-50-39   >>>>   Start verify ranking function

ranking function :  - 0.0939 *  x[0]^2.0 *  x[1]^0.5 *  x[2]^-0.5

2019-05-04-09-50-39   >>>>   End verify ranking function

verifying time = 20.901 ms


Not Found Ranking Fcuntion

Conterexample is 

[1.5, -3, 5]

sampling time = 0.380 ms


       ########################################         

iteration 5 with 14 examples

2019-05-04-09-50-39   >>>>   Start train ranking function

2019-05-04-09-50-39   >>>>   End train ranking function

train_ranking_functioning time = 0.583 ms


2019-05-04-09-50-39   >>>>   Start verify ranking function

ranking function :  - 0.0929 *  x[0]^2.0 *  x[1]^0.5 *  x[2]^-0.5

2019-05-04-09-50-39   >>>>   End verify ranking function

verifying time = 19.839 ms


Not Found Ranking Fcuntion

Conterexample is 

[1.5, -3, 5]

sampling time = 0.390 ms


       ########################################         

iteration 6 with 16 examples

2019-05-04-09-50-39   >>>>   Start train ranking function

2019-05-04-09-50-39   >>>>   End train ranking function

train_ranking_functioning time = 0.662 ms


2019-05-04-09-50-39   >>>>   Start verify ranking function

ranking function :  - 0.0923 *  x[0]^2.0 *  x[1]^0.5 *  x[2]^-0.5

2019-05-04-09-50-39   >>>>   End verify ranking function

verifying time = 20.060 ms


Not Found Ranking Fcuntion

Conterexample is 

[1.5, -3, 5]

sampling time = 0.375 ms


       ########################################         

iteration 7 with 18 examples

2019-05-04-09-50-39   >>>>   Start train ranking function

2019-05-04-09-50-39   >>>>   End train ranking function

train_ranking_functioning time = 0.665 ms


2019-05-04-09-50-39   >>>>   Start verify ranking function

ranking function :  - 0.0918 *  x[0]^2.0 *  x[1]^0.5 *  x[2]^-0.5

2019-05-04-09-50-39   >>>>   End verify ranking function

verifying time = 20.851 ms


Not Found Ranking Fcuntion

Conterexample is 

[1.5, -3, 5]

sampling time = 0.378 ms


       ########################################         

iteration 8 with 20 examples

2019-05-04-09-50-39   >>>>   Start train ranking function

2019-05-04-09-50-39   >>>>   End train ranking function

train_ranking_functioning time = 0.740 ms


2019-05-04-09-50-39   >>>>   Start verify ranking function

ranking function :  - 0.0915 *  x[0]^2.0 *  x[1]^0.5 *  x[2]^-0.5

2019-05-04-09-50-39   >>>>   End verify ranking function

verifying time = 19.845 ms


Not Found Ranking Fcuntion

Conterexample is 

[1.5, -3, 5]

sampling time = 0.377 ms


       ########################################         

iteration 9 with 22 examples

2019-05-04-09-50-39   >>>>   Start train ranking function

2019-05-04-09-50-39   >>>>   End train ranking function

train_ranking_functioning time = 0.795 ms


2019-05-04-09-50-39   >>>>   Start verify ranking function

ranking function :  - 0.0912 *  x[0]^2.0 *  x[1]^0.5 *  x[2]^-0.5

2019-05-04-09-50-39   >>>>   End verify ranking function

verifying time = 19.801 ms


Not Found Ranking Fcuntion

Conterexample is 

[1.5, -3, 5]

sampling time = 0.378 ms


       ########################################         

iteration 10 with 24 examples

2019-05-04-09-50-39   >>>>   Start train ranking function

2019-05-04-09-50-39   >>>>   End train ranking function

train_ranking_functioning time = 0.911 ms


2019-05-04-09-50-39   >>>>   Start verify ranking function

ranking function :  - 0.091 *  x[0]^2.0 *  x[1]^0.5 *  x[2]^-0.5

2019-05-04-09-50-39   >>>>   End verify ranking function

verifying time = 19.809 ms


Not Found Ranking Fcuntion

Conterexample is 

[1.5, -3, 5]

sampling time = 0.378 ms


       ########################################         

iteration 11 with 26 examples

2019-05-04-09-50-39   >>>>   Start train ranking function

2019-05-04-09-50-39   >>>>   End train ranking function

train_ranking_functioning time = 0.870 ms


2019-05-04-09-50-39   >>>>   Start verify ranking function

ranking function :  - 0.0908 *  x[0]^2.0 *  x[1]^0.5 *  x[2]^-0.5

2019-05-04-09-50-39   >>>>   End verify ranking function

verifying time = 19.789 ms


Not Found Ranking Fcuntion

Conterexample is 

[1.5, -3, 5]

sampling time = 0.466 ms


       ########################################         

iteration 12 with 28 examples

2019-05-04-09-50-39   >>>>   Start train ranking function

2019-05-04-09-50-39   >>>>   End train ranking function

train_ranking_functioning time = 1.048 ms


2019-05-04-09-50-39   >>>>   Start verify ranking function

ranking function :  - 0.0906 *  x[0]^2.0 *  x[1]^0.5 *  x[2]^-0.5

2019-05-04-09-50-39   >>>>   End verify ranking function

verifying time = 20.209 ms


Not Found Ranking Fcuntion

Conterexample is 

[1.5, -3, 5]

sampling time = 0.381 ms


       ########################################         

iteration 13 with 30 examples

2019-05-04-09-50-39   >>>>   Start train ranking function

2019-05-04-09-50-39   >>>>   End train ranking function

train_ranking_functioning time = 1.009 ms


2019-05-04-09-50-39   >>>>   Start verify ranking function

ranking function :  - 0.0905 *  x[0]^2.0 *  x[1]^0.5 *  x[2]^-0.5

2019-05-04-09-50-39   >>>>   End verify ranking function

verifying time = 19.857 ms


Not Found Ranking Fcuntion

Conterexample is 

[1.5, -3, 5]

sampling time = 0.410 ms


       ########################################         

iteration 14 with 32 examples

2019-05-04-09-50-39   >>>>   Start train ranking function

2019-05-04-09-50-39   >>>>   End train ranking function

train_ranking_functioning time = 1.145 ms


2019-05-04-09-50-39   >>>>   Start verify ranking function

ranking function :  - 0.0904 *  x[0]^2.0 *  x[1]^0.5 *  x[2]^-0.5

2019-05-04-09-50-39   >>>>   End verify ranking function

verifying time = 19.566 ms


Not Found Ranking Fcuntion

Conterexample is 

[1.5, -3, 5]

sampling time = 0.382 ms


       ########################################         

iteration 15 with 34 examples

2019-05-04-09-50-39   >>>>   Start train ranking function

2019-05-04-09-50-39   >>>>   End train ranking function

train_ranking_functioning time = 1.115 ms


2019-05-04-09-50-39   >>>>   Start verify ranking function

ranking function :  - 0.0903 *  x[0]^2.0 *  x[1]^0.5 *  x[2]^-0.5

2019-05-04-09-50-39   >>>>   End verify ranking function

verifying time = 19.762 ms


Not Found Ranking Fcuntion

Conterexample is 

[1.5, -3, 5]

sampling time = 0.381 ms


       ########################################         

iteration 16 with 36 examples

2019-05-04-09-50-39   >>>>   Start train ranking function

2019-05-04-09-50-39   >>>>   End train ranking function

train_ranking_functioning time = 1.493 ms


2019-05-04-09-50-39   >>>>   Start verify ranking function

ranking function :  - 0.0902 *  x[0]^2.0 *  x[1]^0.5 *  x[2]^-0.5

2019-05-04-09-50-40   >>>>   End verify ranking function

verifying time = 22.428 ms


Not Found Ranking Fcuntion

Conterexample is 

[1.5, -3, 5]

sampling time = 0.383 ms


       ########################################         

iteration 17 with 38 examples

2019-05-04-09-50-40   >>>>   Start train ranking function

2019-05-04-09-50-40   >>>>   End train ranking function

train_ranking_functioning time = 1.314 ms


2019-05-04-09-50-40   >>>>   Start verify ranking function

ranking function :  - 0.0901 *  x[0]^2.0 *  x[1]^0.5 *  x[2]^-0.5

2019-05-04-09-50-40   >>>>   End verify ranking function

verifying time = 21.116 ms


Not Found Ranking Fcuntion

Conterexample is 

[1.5, -3, 5]

sampling time = 0.378 ms


       ########################################         

iteration 18 with 40 examples

2019-05-04-09-50-40   >>>>   Start train ranking function

2019-05-04-09-50-40   >>>>   End train ranking function

train_ranking_functioning time = 1.491 ms


2019-05-04-09-50-40   >>>>   Start verify ranking function

ranking function :  - 0.0901 *  x[0]^2.0 *  x[1]^0.5 *  x[2]^-0.5

2019-05-04-09-50-40   >>>>   End verify ranking function

verifying time = 19.974 ms


Not Found Ranking Fcuntion

Conterexample is 

[1.5, -3, 5]

sampling time = 0.378 ms


       ########################################         

iteration 19 with 42 examples

2019-05-04-09-50-40   >>>>   Start train ranking function

2019-05-04-09-50-40   >>>>   End train ranking function

train_ranking_functioning time = 1.307 ms


2019-05-04-09-50-40   >>>>   Start verify ranking function

ranking function :  - 0.09 *  x[0]^2.0 *  x[1]^0.5 *  x[2]^-0.5

2019-05-04-09-50-40   >>>>   End verify ranking function

verifying time = 19.694 ms


Not Found Ranking Fcuntion

Conterexample is 

[1.5, -3, 5]

sampling time = 0.383 ms


       ########################################         

iteration 20 with 44 examples

2019-05-04-09-50-40   >>>>   Start train ranking function

2019-05-04-09-50-40   >>>>   End train ranking function

train_ranking_functioning time = 1.415 ms


2019-05-04-09-50-40   >>>>   Start verify ranking function

ranking function :  - 0.0899 *  x[0]^2.0 *  x[1]^0.5 *  x[2]^-0.5

2019-05-04-09-50-40   >>>>   End verify ranking function

verifying time = 19.825 ms


Not Found Ranking Fcuntion

Conterexample is 

[1.5, -3, 5]

sampling time = 0.377 ms


       ########################################         

iteration 21 with 46 examples

2019-05-04-09-50-40   >>>>   Start train ranking function

2019-05-04-09-50-40   >>>>   End train ranking function

train_ranking_functioning time = 1.499 ms


2019-05-04-09-50-40   >>>>   Start verify ranking function

ranking function :  - 0.0899 *  x[0]^2.0 *  x[1]^0.5 *  x[2]^-0.5

2019-05-04-09-50-40   >>>>   End verify ranking function

verifying time = 20.248 ms


Not Found Ranking Fcuntion

Conterexample is 

[1.5, -3, 5]

sampling time = 0.522 ms


       ########################################         

iteration 22 with 48 examples

2019-05-04-09-50-40   >>>>   Start train ranking function

2019-05-04-09-50-40   >>>>   End train ranking function

train_ranking_functioning time = 1.641 ms


2019-05-04-09-50-40   >>>>   Start verify ranking function

ranking function :  - 0.0898 *  x[0]^2.0 *  x[1]^0.5 *  x[2]^-0.5

2019-05-04-09-50-40   >>>>   End verify ranking function

verifying time = 20.149 ms


Not Found Ranking Fcuntion

Conterexample is 

[1.5, -3, 5]

sampling time = 0.373 ms


       ########################################         

iteration 23 with 50 examples

2019-05-04-09-50-40   >>>>   Start train ranking function

2019-05-04-09-50-40   >>>>   End train ranking function

train_ranking_functioning time = 1.594 ms


2019-05-04-09-50-40   >>>>   Start verify ranking function

ranking function :  - 0.0898 *  x[0]^2.0 *  x[1]^0.5 *  x[2]^-0.5

2019-05-04-09-50-40   >>>>   End verify ranking function

verifying time = 19.794 ms


Not Found Ranking Fcuntion

Conterexample is 

[1.5, -3, 5]

sampling time = 0.383 ms


       ########################################         

iteration 24 with 52 examples

2019-05-04-09-50-40   >>>>   Start train ranking function

2019-05-04-09-50-40   >>>>   End train ranking function

train_ranking_functioning time = 1.576 ms


2019-05-04-09-50-40   >>>>   Start verify ranking function

ranking function :  - 0.0898 *  x[0]^2.0 *  x[1]^0.5 *  x[2]^-0.5

2019-05-04-09-50-40   >>>>   End verify ranking function

verifying time = 19.781 ms


Not Found Ranking Fcuntion

Conterexample is 

[1.5, -3, 5]

sampling time = 0.426 ms


Failed to prove it is terminated

UNKNOWN
Time For Template 1 Is--->-569.817000 ms

------Using Template 2 -----------
12 [4, 4, 4]
*****************************************************

2019-05-04-09-50-40   >>>>   End sampling point

sampling time = 13.878 ms,


       ########################################         

iteration 0 with 8 examples

2019-05-04-09-50-40   >>>>   Start train ranking function

2019-05-04-09-50-40   >>>>   End train ranking function

train_ranking_functioning time = 0.364 ms


2019-05-04-09-50-40   >>>>   Start verify ranking function

[xr_1 = -20753/446, xr_2 = 21199/446, xr_0 = 20307/446]
ranking function : 0.0019 *  x[0]^1.0 + 0.0043 *  x[1]^1.0 - 0.0546 *  x[2]^1.0 + 0.6686 * 1; 0.0181 *  x[0]^1.0 - 0.0244 *  x[1]^1.0 - 0.0342 *  x[2]^1.0 + 0.6747 * 1; 0.1005 *  x[0]^1.0 - 0.1529 *  x[1]^1.0 - 0.0589 *  x[2]^1.0 + 0.7082 * 1

2019-05-04-09-50-40   >>>>   End verify ranking function

verifying time = 14.990 ms


Not Found Ranking Fcuntion

Conterexample is 

[45.53139013452915, -46.53139013452915, 47.53139013452915]

sampling time = 2.939 ms


       ########################################         

iteration 1 with 12 examples

2019-05-04-09-50-40   >>>>   Start train ranking function

2019-05-04-09-50-40   >>>>   End train ranking function

train_ranking_functioning time = 0.502 ms


2019-05-04-09-50-40   >>>>   Start verify ranking function

[xr_1 = -19933/2, xr_2 = 19935/2, xr_0 = 19931/2]
ranking function : 0.0025 *  x[0]^1.0 + 0.0033 *  x[1]^1.0 - 0.0548 *  x[2]^1.0 + 0.6689 * 1; 0.0496 *  x[0]^1.0 - 0.0415 *  x[1]^1.0 - 0.0396 *  x[2]^1.0 + 0.6706 * 1; 0.0853 *  x[0]^1.0 - 0.147 *  x[1]^1.0 - 0.0546 *  x[2]^1.0 + 0.7139 * 1

2019-05-04-09-50-40   >>>>   End verify ranking function

verifying time = 15.082 ms


Not Found Ranking Fcuntion

Conterexample is 

[9965.5, -9966.5, 9967.5]

sampling time = 2.923 ms


       ########################################         

iteration 2 with 16 examples

2019-05-04-09-50-40   >>>>   Start train ranking function

2019-05-04-09-50-40   >>>>   End train ranking function

train_ranking_functioning time = 0.689 ms


2019-05-04-09-50-40   >>>>   Start verify ranking function

[xr_1 = -19933/2, xr_2 = 19935/2, xr_0 = 19931/2]
ranking function : 0.0025 *  x[0]^1.0 + 0.0033 *  x[1]^1.0 - 0.0548 *  x[2]^1.0 + 0.6689 * 1; 0.0496 *  x[0]^1.0 - 0.0415 *  x[1]^1.0 - 0.0396 *  x[2]^1.0 + 0.6706 * 1; 0.0853 *  x[0]^1.0 - 0.147 *  x[1]^1.0 - 0.0546 *  x[2]^1.0 + 0.7139 * 1

2019-05-04-09-50-40   >>>>   End verify ranking function

verifying time = 14.993 ms


Not Found Ranking Fcuntion

Conterexample is 

[9965.5, -9966.5, 9967.5]

sampling time = 2.916 ms


       ########################################         

iteration 3 with 20 examples

2019-05-04-09-50-40   >>>>   Start train ranking function

2019-05-04-09-50-40   >>>>   End train ranking function

train_ranking_functioning time = 0.734 ms


2019-05-04-09-50-40   >>>>   Start verify ranking function

[xr_1 = -19933/2, xr_2 = 19935/2, xr_0 = 19931/2]
ranking function : 0.0025 *  x[0]^1.0 + 0.0033 *  x[1]^1.0 - 0.0548 *  x[2]^1.0 + 0.6689 * 1; 0.0496 *  x[0]^1.0 - 0.0415 *  x[1]^1.0 - 0.0396 *  x[2]^1.0 + 0.6706 * 1; 0.0853 *  x[0]^1.0 - 0.147 *  x[1]^1.0 - 0.0546 *  x[2]^1.0 + 0.7138 * 1

2019-05-04-09-50-40   >>>>   End verify ranking function

verifying time = 15.086 ms


Not Found Ranking Fcuntion

Conterexample is 

[9965.5, -9966.5, 9967.5]

sampling time = 3.151 ms


       ########################################         

iteration 4 with 24 examples

2019-05-04-09-50-40   >>>>   Start train ranking function

2019-05-04-09-50-40   >>>>   End train ranking function

train_ranking_functioning time = 0.774 ms


2019-05-04-09-50-40   >>>>   Start verify ranking function

ranking function : 0.0025 *  x[0]^1.0 + 0.0033 *  x[1]^1.0 - 0.0548 *  x[2]^1.0 + 0.6689 * 1; 0.0497 *  x[0]^1.0 - 0.0415 *  x[1]^1.0 - 0.0396 *  x[2]^1.0 + 0.6706 * 1; 0.0853 *  x[0]^1.0 - 0.1469 *  x[1]^1.0 - 0.0546 *  x[2]^1.0 + 0.7139 * 1

2019-05-04-09-50-40   >>>>   End verify ranking function

verifying time = 18.123 ms


Not Found Ranking Fcuntion

Conterexample is 

[1, -2, 38.333333333333336]

sampling time = 3.306 ms


       ########################################         

iteration 5 with 28 examples

2019-05-04-09-50-40   >>>>   Start train ranking function

2019-05-04-09-50-40   >>>>   End train ranking function

train_ranking_functioning time = 0.989 ms


2019-05-04-09-50-40   >>>>   Start verify ranking function

[xr_1 = -2, xr_2 = 2393/90, xr_0 = 1]
ranking function : 0.0728 *  x[0]^1.0 - 0.0526 *  x[1]^1.0 - 0.071 *  x[2]^1.0 + 0.6693 * 1; 0.0928 *  x[0]^1.0 - 0.1698 *  x[1]^1.0 - 0.063 *  x[2]^1.0 + 0.725 * 1; 0.1559 *  x[0]^1.0 + 0.0383 *  x[1]^1.0 + 0.003 *  x[2]^1.0 + 0.777 * 1

2019-05-04-09-50-40   >>>>   End verify ranking function

verifying time = 16.177 ms


Not Found Ranking Fcuntion

Conterexample is 

[1, -2, 26.58888888888889]

sampling time = 2.917 ms


       ########################################         

iteration 6 with 32 examples

2019-05-04-09-50-40   >>>>   Start train ranking function

2019-05-04-09-50-40   >>>>   End train ranking function

train_ranking_functioning time = 0.854 ms


2019-05-04-09-50-40   >>>>   Start verify ranking function

[xr_1 = -2, xr_2 = 1199/16, xr_0 = 1]
ranking function : 0.0809 *  x[0]^1.0 - 0.118 *  x[1]^1.0 - 0.0856 *  x[2]^1.0 + 0.701 * 1; 0.1302 *  x[0]^1.0 - 0.0548 *  x[1]^1.0 - 0.0298 *  x[2]^1.0 + 0.7443 * 1; 0.2143 *  x[0]^1.0 + 0.0374 *  x[1]^1.0 - 0.0007 *  x[2]^1.0 + 0.8161 * 1

2019-05-04-09-50-40   >>>>   End verify ranking function

verifying time = 15.305 ms


Not Found Ranking Fcuntion

Conterexample is 

[1, -2, 74.9375]

sampling time = 2.951 ms


       ########################################         

iteration 7 with 36 examples

2019-05-04-09-50-40   >>>>   Start train ranking function

2019-05-04-09-50-40   >>>>   End train ranking function

train_ranking_functioning time = 0.936 ms


2019-05-04-09-50-40   >>>>   Start verify ranking function

[xr_1 = -2, xr_2 = 9718/13, xr_0 = 1]
ranking function : 0.0991 *  x[0]^1.0 - 0.1462 *  x[1]^1.0 - 0.0926 *  x[2]^1.0 + 0.7084 * 1; 0.1285 *  x[0]^1.0 - 0.0067 *  x[1]^1.0 - 0.015 *  x[2]^1.0 + 0.7512 * 1; 0.225 *  x[0]^1.0 + 0.0572 *  x[1]^1.0 - 0.0021 *  x[2]^1.0 + 0.8262 * 1

2019-05-04-09-50-40   >>>>   End verify ranking function

verifying time = 11.523 ms


Not Found Ranking Fcuntion

Conterexample is 

[1, -2, 747.5384615384615]

sampling time = 2.930 ms


       ########################################         

iteration 8 with 40 examples

2019-05-04-09-50-40   >>>>   Start train ranking function

2019-05-04-09-50-40   >>>>   End train ranking function

train_ranking_functioning time = 0.929 ms


2019-05-04-09-50-40   >>>>   Start verify ranking function

[xr_1 = -2, xr_2 = 20517/391, xr_0 = 1]
ranking function : 0.1034 *  x[0]^1.0 - 0.1528 *  x[1]^1.0 - 0.0943 *  x[2]^1.0 + 0.7101 * 1; 0.1232 *  x[0]^1.0 + 0.0142 *  x[1]^1.0 - 0.0092 *  x[2]^1.0 + 0.7512 * 1; 0.2207 *  x[0]^1.0 + 0.0658 *  x[1]^1.0 - 0.0018 *  x[2]^1.0 + 0.8248 * 1

2019-05-04-09-50-40   >>>>   End verify ranking function

verifying time = 12.277 ms


Not Found Ranking Fcuntion

Conterexample is 

[1, -2, 52.47314578005115]

sampling time = 2.996 ms


       ########################################         

iteration 9 with 44 examples

2019-05-04-09-50-40   >>>>   Start train ranking function

2019-05-04-09-50-40   >>>>   End train ranking function

train_ranking_functioning time = 1.039 ms


2019-05-04-09-50-40   >>>>   Start verify ranking function

[xr_1 = -2, xr_2 = 10853/417, xr_0 = 1]
ranking function : 0.1133 *  x[0]^1.0 - 0.1682 *  x[1]^1.0 - 0.0984 *  x[2]^1.0 + 0.7142 * 1; 0.1259 *  x[0]^1.0 + 0.0334 *  x[1]^1.0 - 0.0025 *  x[2]^1.0 + 0.7561 * 1; 0.2308 *  x[0]^1.0 + 0.0753 *  x[1]^1.0 - 0.0006 *  x[2]^1.0 + 0.8331 * 1

2019-05-04-09-50-40   >>>>   End verify ranking function

verifying time = 11.743 ms


Not Found Ranking Fcuntion

Conterexample is 

[1, -2, 26.026378896882495]

sampling time = 2.904 ms


       ########################################         

iteration 10 with 48 examples

2019-05-04-09-50-40   >>>>   Start train ranking function

2019-05-04-09-50-40   >>>>   End train ranking function

train_ranking_functioning time = 1.136 ms


2019-05-04-09-50-40   >>>>   Start verify ranking function

[xr_1 = -2, xr_2 = 11113/512, xr_0 = 1]
ranking function : 0.1204 *  x[0]^1.0 - 0.1791 *  x[1]^1.0 - 0.1012 *  x[2]^1.0 + 0.7171 * 1; 0.1313 *  x[0]^1.0 + 0.0398 *  x[1]^1.0 + 0.0002 *  x[2]^1.0 + 0.7608 * 1; 0.2441 *  x[0]^1.0 + 0.0768 *  x[1]^1.0 - 0.0002 *  x[2]^1.0 + 0.8422 * 1

2019-05-04-09-50-40   >>>>   End verify ranking function

verifying time = 11.643 ms


Not Found Ranking Fcuntion

Conterexample is 

[1, -2, 21.705078125]

sampling time = 2.960 ms


       ########################################         

iteration 11 with 52 examples

2019-05-04-09-50-40   >>>>   Start train ranking function

2019-05-04-09-50-40   >>>>   End train ranking function

train_ranking_functioning time = 1.215 ms


2019-05-04-09-50-40   >>>>   Start verify ranking function

[xr_1 = -2, xr_2 = 22237/1013, xr_0 = 1]
ranking function : 0.124 *  x[0]^1.0 - 0.1847 *  x[1]^1.0 - 0.1025 *  x[2]^1.0 + 0.7186 * 1; 0.1369 *  x[0]^1.0 + 0.0374 *  x[1]^1.0 - 0.0002 *  x[2]^1.0 + 0.7642 * 1; 0.2546 *  x[0]^1.0 + 0.0759 *  x[1]^1.0 - 0.0003 *  x[2]^1.0 + 0.8491 * 1

2019-05-04-09-50-40   >>>>   End verify ranking function

verifying time = 11.454 ms


Not Found Ranking Fcuntion

Conterexample is 

[1, -2, 21.95162882527147]

sampling time = 2.914 ms


       ########################################         

iteration 12 with 56 examples

2019-05-04-09-50-40   >>>>   Start train ranking function

2019-05-04-09-50-40   >>>>   End train ranking function

train_ranking_functioning time = 1.315 ms


2019-05-04-09-50-40   >>>>   Start verify ranking function

[xr_1 = -2, xr_2 = 22244/1035, xr_0 = 1]
ranking function : 0.1263 *  x[0]^1.0 - 0.1883 *  x[1]^1.0 - 0.1035 *  x[2]^1.0 + 0.7195 * 1; 0.1406 *  x[0]^1.0 + 0.0359 *  x[1]^1.0 + 0.7664 * 1; 0.2612 *  x[0]^1.0 + 0.0757 *  x[1]^1.0 + 0.8535 * 1

2019-05-04-09-50-40   >>>>   End verify ranking function

verifying time = 11.514 ms


Not Found Ranking Fcuntion

Conterexample is 

[1, -2, 21.491787439613528]

sampling time = 3.031 ms


       ########################################         

iteration 13 with 60 examples

2019-05-04-09-50-40   >>>>   Start train ranking function

2019-05-04-09-50-40   >>>>   End train ranking function

train_ranking_functioning time = 1.447 ms


2019-05-04-09-50-40   >>>>   Start verify ranking function

[xr_1 = -2, xr_2 = 22232/1025, xr_0 = 1]
ranking function : 0.1287 *  x[0]^1.0 - 0.192 *  x[1]^1.0 - 0.1043 *  x[2]^1.0 + 0.7205 * 1; 0.1482 *  x[0]^1.0 + 0.0348 *  x[1]^1.0 - 0.0003 *  x[2]^1.0 + 0.7671 * 1; 0.2637 *  x[0]^1.0 + 0.0748 *  x[1]^1.0 - 0.0009 *  x[2]^1.0 + 0.8578 * 1

2019-05-04-09-50-40   >>>>   End verify ranking function

verifying time = 11.505 ms


Not Found Ranking Fcuntion

Conterexample is 

[1, -2, 21.689756097560977]

sampling time = 3.070 ms


       ########################################         

iteration 14 with 64 examples

2019-05-04-09-50-40   >>>>   Start train ranking function

2019-05-04-09-50-40   >>>>   End train ranking function

train_ranking_functioning time = 1.458 ms


2019-05-04-09-50-40   >>>>   Start verify ranking function

[xr_1 = -2, xr_2 = 22226/1021, xr_0 = 1]
ranking function : 0.1303 *  x[0]^1.0 - 0.1945 *  x[1]^1.0 - 0.1051 *  x[2]^1.0 + 0.7211 * 1; 0.1516 *  x[0]^1.0 + 0.0337 *  x[1]^1.0 - 0.0005 *  x[2]^1.0 + 0.7683 * 1; 0.2676 *  x[0]^1.0 + 0.0746 *  x[1]^1.0 - 0.0007 *  x[2]^1.0 + 0.8607 * 1

2019-05-04-09-50-40   >>>>   End verify ranking function

verifying time = 11.625 ms


Not Found Ranking Fcuntion

Conterexample is 

[1, -2, 21.768854064642507]

sampling time = 3.129 ms


       ########################################         

iteration 15 with 68 examples

2019-05-04-09-50-40   >>>>   Start train ranking function

2019-05-04-09-50-40   >>>>   End train ranking function

train_ranking_functioning time = 1.725 ms


2019-05-04-09-50-40   >>>>   Start verify ranking function

[xr_1 = -2, xr_2 = 11097/506, xr_0 = 1]
ranking function : 0.131 *  x[0]^1.0 - 0.1956 *  x[1]^1.0 - 0.1054 *  x[2]^1.0 + 0.7214 * 1; 0.154 *  x[0]^1.0 + 0.0327 *  x[1]^1.0 - 0.0007 *  x[2]^1.0 + 0.7687 * 1; 0.2692 *  x[0]^1.0 + 0.0737 *  x[1]^1.0 - 0.0002 *  x[2]^1.0 + 0.8625 * 1

2019-05-04-09-50-40   >>>>   End verify ranking function

verifying time = 12.705 ms


Not Found Ranking Fcuntion

Conterexample is 

[1, -2, 21.93083003952569]

sampling time = 3.070 ms


       ########################################         

iteration 16 with 72 examples

2019-05-04-09-50-40   >>>>   Start train ranking function

2019-05-04-09-50-40   >>>>   End train ranking function

train_ranking_functioning time = 1.684 ms


2019-05-04-09-50-40   >>>>   Start verify ranking function

[xr_1 = -2, xr_2 = 11077/498, xr_0 = 1]
ranking function : 0.1317 *  x[0]^1.0 - 0.1966 *  x[1]^1.0 - 0.1056 *  x[2]^1.0 + 0.7217 * 1; 0.1558 *  x[0]^1.0 + 0.0314 *  x[1]^1.0 - 0.001 *  x[2]^1.0 + 0.7693 * 1; 0.2713 *  x[0]^1.0 + 0.0733 *  x[1]^1.0 - 0.0003 *  x[2]^1.0 + 0.864 * 1

2019-05-04-09-50-40   >>>>   End verify ranking function

verifying time = 12.513 ms


Not Found Ranking Fcuntion

Conterexample is 

[1, -2, 22.2429718875502]

sampling time = 3.025 ms


       ########################################         

iteration 17 with 76 examples

2019-05-04-09-50-40   >>>>   Start train ranking function

2019-05-04-09-50-40   >>>>   End train ranking function

train_ranking_functioning time = 1.800 ms


2019-05-04-09-50-40   >>>>   Start verify ranking function

[xr_1 = -2, xr_2 = 7392/335, xr_0 = 1]
ranking function : 0.1324 *  x[0]^1.0 - 0.1978 *  x[1]^1.0 - 0.1059 *  x[2]^1.0 + 0.722 * 1; 0.1574 *  x[0]^1.0 + 0.0315 *  x[1]^1.0 - 0.0009 *  x[2]^1.0 + 0.7697 * 1; 0.2725 *  x[0]^1.0 + 0.073 *  x[1]^1.0 - 0.001 *  x[2]^1.0 + 0.8654 * 1

2019-05-04-09-50-40   >>>>   End verify ranking function

verifying time = 11.534 ms


Not Found Ranking Fcuntion

Conterexample is 

[1, -2, 22.065671641791045]

sampling time = 2.906 ms


       ########################################         

iteration 18 with 80 examples

2019-05-04-09-50-40   >>>>   Start train ranking function

2019-05-04-09-50-40   >>>>   End train ranking function

train_ranking_functioning time = 1.971 ms


2019-05-04-09-50-40   >>>>   Start verify ranking function

[xr_1 = -2, xr_2 = 22149/1001, xr_0 = 1]
ranking function : 0.1328 *  x[0]^1.0 - 0.1984 *  x[1]^1.0 - 0.1061 *  x[2]^1.0 + 0.7222 * 1; 0.1583 *  x[0]^1.0 + 0.0306 *  x[1]^1.0 - 0.001 *  x[2]^1.0 + 0.7702 * 1; 0.2742 *  x[0]^1.0 + 0.0725 *  x[1]^1.0 - 0.0007 *  x[2]^1.0 + 0.8663 * 1

2019-05-04-09-50-40   >>>>   End verify ranking function

verifying time = 11.414 ms


Not Found Ranking Fcuntion

Conterexample is 

[1, -2, 22.126873126873125]

sampling time = 2.944 ms


       ########################################         

iteration 19 with 84 examples

2019-05-04-09-50-40   >>>>   Start train ranking function

2019-05-04-09-50-40   >>>>   End train ranking function

train_ranking_functioning time = 1.950 ms


2019-05-04-09-50-40   >>>>   Start verify ranking function

[xr_1 = -2, xr_2 = 1709/80, xr_0 = 1]
ranking function : 0.1336 *  x[0]^1.0 - 0.1996 *  x[1]^1.0 - 0.1064 *  x[2]^1.0 + 0.7225 * 1; 0.1594 *  x[0]^1.0 + 0.0317 *  x[1]^1.0 - 0.0004 *  x[2]^1.0 + 0.7704 * 1; 0.2749 *  x[0]^1.0 + 0.0727 *  x[1]^1.0 - 0.0003 *  x[2]^1.0 + 0.8673 * 1

2019-05-04-09-50-40   >>>>   End verify ranking function

verifying time = 11.466 ms


Not Found Ranking Fcuntion

Conterexample is 

[1, -2, 21.3625]

sampling time = 2.902 ms


       ########################################         

iteration 20 with 88 examples

2019-05-04-09-50-40   >>>>   Start train ranking function

2019-05-04-09-50-40   >>>>   End train ranking function

train_ranking_functioning time = 1.995 ms


2019-05-04-09-50-40   >>>>   Start verify ranking function

[xr_1 = -2, xr_2 = 11119/515, xr_0 = 1]
ranking function : 0.1342 *  x[0]^1.0 - 0.2004 *  x[1]^1.0 - 0.1066 *  x[2]^1.0 + 0.7227 * 1; 0.1597 *  x[0]^1.0 + 0.0317 *  x[1]^1.0 - 0.0006 *  x[2]^1.0 + 0.7709 * 1; 0.2762 *  x[0]^1.0 + 0.0733 *  x[1]^1.0 - 0.0009 *  x[2]^1.0 + 0.868 * 1

2019-05-04-09-50-40   >>>>   End verify ranking function

verifying time = 11.399 ms


Not Found Ranking Fcuntion

Conterexample is 

[1, -2, 21.59029126213592]

sampling time = 2.922 ms


       ########################################         

iteration 21 with 92 examples

2019-05-04-09-50-40   >>>>   Start train ranking function

2019-05-04-09-50-40   >>>>   End train ranking function

train_ranking_functioning time = 2.340 ms


2019-05-04-09-50-40   >>>>   Start verify ranking function

ranking function : 0.1174 *  x[0]^1.0 - 0.1607 *  x[1]^1.0 - 0.0967 *  x[2]^1.0 + 0.7182 * 1; 0.1642 *  x[0]^1.0 - 0.0194 *  x[1]^1.0 - 0.0165 *  x[2]^1.0 + 0.7729 * 1; 0.2907 *  x[0]^1.0 + 0.0559 *  x[1]^1.0 - 0.0034 *  x[2]^1.0 + 0.8698 * 1

2019-05-04-09-50-40   >>>>   End verify ranking function

verifying time = 16.320 ms


Not Found Ranking Fcuntion

Conterexample is 

[1, -2, 602.5588235294117]

sampling time = 2.992 ms


       ########################################         

iteration 22 with 96 examples

2019-05-04-09-50-40   >>>>   Start train ranking function

2019-05-04-09-50-40   >>>>   End train ranking function

train_ranking_functioning time = 2.447 ms


2019-05-04-09-50-40   >>>>   Start verify ranking function

ranking function : 0.1171 *  x[0]^1.0 - 0.1532 *  x[1]^1.0 - 0.0949 *  x[2]^1.0 + 0.7192 * 1; 0.1652 *  x[0]^1.0 - 0.0152 *  x[1]^1.0 - 0.0164 *  x[2]^1.0 + 0.7743 * 1; 0.2922 *  x[0]^1.0 + 0.0612 *  x[1]^1.0 - 0.0033 *  x[2]^1.0 + 0.8717 * 1

2019-05-04-09-50-40   >>>>   End verify ranking function

verifying time = 16.405 ms


Not Found Ranking Fcuntion

Conterexample is 

[1, -2, 618.6363636363636]

sampling time = 2.910 ms


       ########################################         

iteration 23 with 100 examples

2019-05-04-09-50-40   >>>>   Start train ranking function

2019-05-04-09-50-40   >>>>   End train ranking function

train_ranking_functioning time = 2.375 ms


2019-05-04-09-50-40   >>>>   Start verify ranking function

[xr_1 = -2, xr_2 = 7598/407, xr_0 = 1]
ranking function : 0.1371 *  x[0]^1.0 - 0.205 *  x[1]^1.0 - 0.1077 *  x[2]^1.0 + 0.7239 * 1; 0.1586 *  x[0]^1.0 + 0.042 *  x[1]^1.0 + 0.0024 *  x[2]^1.0 + 0.7716 * 1; 0.2752 *  x[0]^1.0 + 0.0788 *  x[1]^1.0 + 0.8685 * 1

2019-05-04-09-50-40   >>>>   End verify ranking function

verifying time = 11.543 ms


Not Found Ranking Fcuntion

Conterexample is 

[1, -2, 18.668304668304668]

sampling time = 2.949 ms


       ########################################         

iteration 24 with 104 examples

2019-05-04-09-50-40   >>>>   Start train ranking function

2019-05-04-09-50-40   >>>>   End train ranking function

train_ranking_functioning time = 2.893 ms


2019-05-04-09-50-40   >>>>   Start verify ranking function

[xr_1 = -2, xr_2 = 6451/4, xr_0 = 1]
ranking function : 0.1171 *  x[0]^1.0 - 0.1468 *  x[1]^1.0 - 0.0934 *  x[2]^1.0 + 0.7203 * 1; 0.167 *  x[0]^1.0 - 0.0125 *  x[1]^1.0 - 0.0162 *  x[2]^1.0 + 0.7759 * 1; 0.2948 *  x[0]^1.0 + 0.0658 *  x[1]^1.0 - 0.0025 *  x[2]^1.0 + 0.8742 * 1

2019-05-04-09-50-40   >>>>   End verify ranking function

verifying time = 15.467 ms


Not Found Ranking Fcuntion

Conterexample is 

[1, -2, 1612.75]

sampling time = 2.950 ms


Failed to prove it is terminated

UNKNOWN
Time For Template 2 Is--->-560.662000 ms

------Using Template 3 -----------
13 [5, 3, 5]
*****************************************************

2019-05-04-09-50-40   >>>>   End sampling point

sampling time = 15.123 ms,


       ########################################         
