------Using Template 0 -----------
3 [3]
*****************************************************

2019-05-04-10-15-39   >>>>   End sampling point

sampling time = 45.767 ms,


       ########################################         

iteration 0 with 114 examples

2019-05-04-10-15-39   >>>>   Start train ranking function

2019-05-04-10-15-39   >>>>   End train ranking function

train_ranking_functioning time = 1.883 ms


2019-05-04-10-15-39   >>>>   Start verify ranking function

ranking function :  - 0.3 *  x[0]^1.0 - 0.3 *  x[1]^1.0 + 3.5 * 1

2019-05-04-10-15-39   >>>>   End verify ranking function

verifying time = 7.836 ms


Not Found Ranking Fcuntion

Conterexample is 

[1, 11]

sampling time = 0.828 ms


       ########################################         

iteration 1 with 116 examples

2019-05-04-10-15-39   >>>>   Start train ranking function

2019-05-04-10-15-39   >>>>   End train ranking function

train_ranking_functioning time = 1.847 ms


2019-05-04-10-15-39   >>>>   Start verify ranking function

ranking function :  - 0.3 *  x[0]^1.0 - 0.3 *  x[1]^1.0 + 3.6 * 1

2019-05-04-10-15-39   >>>>   End verify ranking function

verifying time = 7.855 ms


Not Found Ranking Fcuntion

Conterexample is 

[1, 12]

sampling time = 0.725 ms


       ########################################         

iteration 2 with 118 examples

2019-05-04-10-15-39   >>>>   Start train ranking function

2019-05-04-10-15-39   >>>>   End train ranking function

train_ranking_functioning time = 1.883 ms


2019-05-04-10-15-39   >>>>   Start verify ranking function

ranking function :  - 0.3 *  x[0]^1.0 - 0.3 *  x[1]^1.0 + 3.8 * 1

2019-05-04-10-15-39   >>>>   End verify ranking function

verifying time = 8.085 ms


Not Found Ranking Fcuntion

Conterexample is 

[1, 12]

sampling time = 0.717 ms


       ########################################         

iteration 3 with 120 examples

2019-05-04-10-15-39   >>>>   Start train ranking function

2019-05-04-10-15-39   >>>>   End train ranking function

train_ranking_functioning time = 1.950 ms


2019-05-04-10-15-39   >>>>   Start verify ranking function

ranking function :  - 0.3 *  x[0]^1.0 - 0.3 *  x[1]^1.0 + 3.9 * 1

2019-05-04-10-15-39   >>>>   End verify ranking function

verifying time = 9.949 ms


Not Found Ranking Fcuntion

Conterexample is 

[1, 13]

sampling time = 0.711 ms


       ########################################         

iteration 4 with 122 examples

2019-05-04-10-15-39   >>>>   Start train ranking function

2019-05-04-10-15-39   >>>>   End train ranking function

train_ranking_functioning time = 2.188 ms


2019-05-04-10-15-39   >>>>   Start verify ranking function

ranking function :  - 0.3 *  x[0]^1.0 - 0.3 *  x[1]^1.0 + 4.0 * 1

2019-05-04-10-15-39   >>>>   End verify ranking function

verifying time = 7.750 ms


Not Found Ranking Fcuntion

Conterexample is 

[1, 13]

sampling time = 0.722 ms


       ########################################         

iteration 5 with 124 examples

2019-05-04-10-15-39   >>>>   Start train ranking function

2019-05-04-10-15-39   >>>>   End train ranking function

train_ranking_functioning time = 2.281 ms


2019-05-04-10-15-39   >>>>   Start verify ranking function

ranking function :  - 0.3 *  x[0]^1.0 - 0.3 *  x[1]^1.0 + 4.1 * 1

2019-05-04-10-15-39   >>>>   End verify ranking function

verifying time = 7.849 ms


Not Found Ranking Fcuntion

Conterexample is 

[1, 13]

sampling time = 0.719 ms


       ########################################         

iteration 6 with 126 examples

2019-05-04-10-15-39   >>>>   Start train ranking function

2019-05-04-10-15-39   >>>>   End train ranking function

train_ranking_functioning time = 2.279 ms


2019-05-04-10-15-39   >>>>   Start verify ranking function

ranking function :  - 0.3 *  x[0]^1.0 - 0.3 *  x[1]^1.0 + 4.2 * 1

2019-05-04-10-15-39   >>>>   End verify ranking function

verifying time = 7.807 ms


Not Found Ranking Fcuntion

Conterexample is 

[1, 14]

sampling time = 0.720 ms


       ########################################         

iteration 7 with 128 examples

2019-05-04-10-15-39   >>>>   Start train ranking function

2019-05-04-10-15-39   >>>>   End train ranking function

train_ranking_functioning time = 2.393 ms


2019-05-04-10-15-39   >>>>   Start verify ranking function

ranking function :  - 0.3 *  x[0]^1.0 - 0.3 *  x[1]^1.0 + 4.3 * 1

2019-05-04-10-15-39   >>>>   End verify ranking function

verifying time = 7.942 ms


Not Found Ranking Fcuntion

Conterexample is 

[1, 14]

sampling time = 0.721 ms


       ########################################         

iteration 8 with 130 examples

2019-05-04-10-15-39   >>>>   Start train ranking function

2019-05-04-10-15-39   >>>>   End train ranking function

train_ranking_functioning time = 2.558 ms


2019-05-04-10-15-39   >>>>   Start verify ranking function

ranking function :  - 0.3 *  x[0]^1.0 - 0.3 *  x[1]^1.0 + 4.3 * 1

2019-05-04-10-15-39   >>>>   End verify ranking function

verifying time = 7.860 ms


Not Found Ranking Fcuntion

Conterexample is 

[1, 14]

sampling time = 0.718 ms


       ########################################         

iteration 9 with 132 examples

2019-05-04-10-15-39   >>>>   Start train ranking function

2019-05-04-10-15-39   >>>>   End train ranking function

train_ranking_functioning time = 2.528 ms


2019-05-04-10-15-39   >>>>   Start verify ranking function

ranking function :  - 0.3 *  x[0]^1.0 - 0.3 *  x[1]^1.0 + 4.3 * 1

2019-05-04-10-15-39   >>>>   End verify ranking function

verifying time = 7.807 ms


Not Found Ranking Fcuntion

Conterexample is 

[1, 14]

sampling time = 0.723 ms


       ########################################         

iteration 10 with 134 examples

2019-05-04-10-15-39   >>>>   Start train ranking function

2019-05-04-10-15-39   >>>>   End train ranking function

train_ranking_functioning time = 2.611 ms


2019-05-04-10-15-39   >>>>   Start verify ranking function

[xi_0 = 1, xi_1 = -2]
ranking function :  - 0.3 *  x[0]^1.0 - 0.2 *  x[1]^1.0 + 4.4 * 1

2019-05-04-10-15-39   >>>>   End verify ranking function

verifying time = 7.007 ms


Not Found Ranking Fcuntion

Conterexample is 

[1, -2]

sampling time = 0.716 ms


       ########################################         

iteration 11 with 136 examples

2019-05-04-10-15-39   >>>>   Start train ranking function

2019-05-04-10-15-39   >>>>   End train ranking function

train_ranking_functioning time = 2.655 ms


2019-05-04-10-15-39   >>>>   Start verify ranking function

ranking function :  - 0.3 *  x[0]^1.0 - 0.3 *  x[1]^1.0 + 4.4 * 1

2019-05-04-10-15-39   >>>>   End verify ranking function

verifying time = 7.926 ms


Not Found Ranking Fcuntion

Conterexample is 

[1, 14]

sampling time = 0.753 ms


       ########################################         

iteration 12 with 138 examples

2019-05-04-10-15-39   >>>>   Start train ranking function

2019-05-04-10-15-39   >>>>   End train ranking function

train_ranking_functioning time = 2.784 ms


2019-05-04-10-15-39   >>>>   Start verify ranking function

ranking function :  - 0.3 *  x[0]^1.0 - 0.3 *  x[1]^1.0 + 4.4 * 1

2019-05-04-10-15-39   >>>>   End verify ranking function

verifying time = 7.861 ms


Not Found Ranking Fcuntion

Conterexample is 

[1, 14]

sampling time = 0.816 ms


       ########################################         

iteration 13 with 140 examples

2019-05-04-10-15-39   >>>>   Start train ranking function

2019-05-04-10-15-39   >>>>   End train ranking function

train_ranking_functioning time = 2.763 ms


2019-05-04-10-15-39   >>>>   Start verify ranking function

ranking function :  - 0.3 *  x[0]^1.0 - 0.3 *  x[1]^1.0 + 4.5 * 1

2019-05-04-10-15-39   >>>>   End verify ranking function

verifying time = 7.822 ms


Not Found Ranking Fcuntion

Conterexample is 

[1, 15]

sampling time = 0.727 ms


       ########################################         

iteration 14 with 142 examples

2019-05-04-10-15-39   >>>>   Start train ranking function

2019-05-04-10-15-39   >>>>   End train ranking function

train_ranking_functioning time = 2.896 ms


2019-05-04-10-15-39   >>>>   Start verify ranking function

[xi_0 = 1, xi_1 = -2]
ranking function :  - 0.3 *  x[0]^1.0 - 0.2 *  x[1]^1.0 + 4.5 * 1

2019-05-04-10-15-39   >>>>   End verify ranking function

verifying time = 7.014 ms


Not Found Ranking Fcuntion

Conterexample is 

[1, -2]

sampling time = 0.856 ms


       ########################################         

iteration 15 with 144 examples

2019-05-04-10-15-39   >>>>   Start train ranking function

2019-05-04-10-15-39   >>>>   End train ranking function

train_ranking_functioning time = 3.095 ms


2019-05-04-10-15-39   >>>>   Start verify ranking function

[xi_0 = 1, xi_1 = -2]
ranking function :  - 0.3 *  x[0]^1.0 - 0.2 *  x[1]^1.0 + 4.5 * 1

2019-05-04-10-15-39   >>>>   End verify ranking function

verifying time = 7.871 ms


Not Found Ranking Fcuntion

Conterexample is 

[1, -2]

sampling time = 0.783 ms


       ########################################         

iteration 16 with 146 examples

2019-05-04-10-15-39   >>>>   Start train ranking function

2019-05-04-10-15-39   >>>>   End train ranking function

train_ranking_functioning time = 3.236 ms


2019-05-04-10-15-39   >>>>   Start verify ranking function

ranking function :  - 0.3 *  x[0]^1.0 - 0.3 *  x[1]^1.0 + 4.6 * 1

2019-05-04-10-15-39   >>>>   End verify ranking function

verifying time = 8.389 ms


Not Found Ranking Fcuntion

Conterexample is 

[1, 15]

sampling time = 0.899 ms


       ########################################         

iteration 17 with 148 examples

2019-05-04-10-15-39   >>>>   Start train ranking function

2019-05-04-10-15-39   >>>>   End train ranking function

train_ranking_functioning time = 2.977 ms


2019-05-04-10-15-39   >>>>   Start verify ranking function

[xi_0 = 1, xi_1 = -2]
ranking function :  - 0.3 *  x[0]^1.0 - 0.2 *  x[1]^1.0 + 4.6 * 1

2019-05-04-10-15-39   >>>>   End verify ranking function

verifying time = 7.140 ms


Not Found Ranking Fcuntion

Conterexample is 

[1, -2]

sampling time = 0.742 ms


       ########################################         

iteration 18 with 150 examples

2019-05-04-10-15-39   >>>>   Start train ranking function

2019-05-04-10-15-39   >>>>   End train ranking function

train_ranking_functioning time = 3.026 ms


2019-05-04-10-15-39   >>>>   Start verify ranking function

ranking function :  - 0.3 *  x[0]^1.0 - 0.3 *  x[1]^1.0 + 4.6 * 1

2019-05-04-10-15-39   >>>>   End verify ranking function

verifying time = 7.828 ms


Not Found Ranking Fcuntion

Conterexample is 

[1, 15]

sampling time = 0.723 ms


       ########################################         

iteration 19 with 152 examples

2019-05-04-10-15-39   >>>>   Start train ranking function

2019-05-04-10-15-39   >>>>   End train ranking function

train_ranking_functioning time = 3.141 ms


2019-05-04-10-15-39   >>>>   Start verify ranking function

ranking function :  - 0.3 *  x[0]^1.0 - 0.3 *  x[1]^1.0 + 4.6 * 1

2019-05-04-10-15-39   >>>>   End verify ranking function

verifying time = 7.843 ms


Not Found Ranking Fcuntion

Conterexample is 

[1, 15]

sampling time = 0.822 ms


       ########################################         

iteration 20 with 154 examples

2019-05-04-10-15-39   >>>>   Start train ranking function

2019-05-04-10-15-39   >>>>   End train ranking function

train_ranking_functioning time = 3.118 ms


2019-05-04-10-15-39   >>>>   Start verify ranking function

[xi_0 = 1, xi_1 = -2]
ranking function :  - 0.3 *  x[0]^1.0 - 0.2 *  x[1]^1.0 + 4.6 * 1

2019-05-04-10-15-39   >>>>   End verify ranking function

verifying time = 7.058 ms


Not Found Ranking Fcuntion

Conterexample is 

[1, -2]

sampling time = 0.730 ms


       ########################################         

iteration 21 with 156 examples

2019-05-04-10-15-39   >>>>   Start train ranking function

2019-05-04-10-15-39   >>>>   End train ranking function

train_ranking_functioning time = 3.190 ms


2019-05-04-10-15-39   >>>>   Start verify ranking function

ranking function :  - 0.3 *  x[0]^1.0 - 0.3 *  x[1]^1.0 + 4.7 * 1

2019-05-04-10-15-39   >>>>   End verify ranking function

verifying time = 7.818 ms


Not Found Ranking Fcuntion

Conterexample is 

[1, 15]

sampling time = 0.735 ms


       ########################################         

iteration 22 with 158 examples

2019-05-04-10-15-39   >>>>   Start train ranking function

2019-05-04-10-15-39   >>>>   End train ranking function

train_ranking_functioning time = 3.311 ms


2019-05-04-10-15-39   >>>>   Start verify ranking function

ranking function :  - 0.3 *  x[0]^1.0 - 0.3 *  x[1]^1.0 + 4.7 * 1

2019-05-04-10-15-39   >>>>   End verify ranking function

verifying time = 7.725 ms


Not Found Ranking Fcuntion

Conterexample is 

[1, 15]

sampling time = 0.820 ms


       ########################################         

iteration 23 with 160 examples

2019-05-04-10-15-39   >>>>   Start train ranking function

2019-05-04-10-15-39   >>>>   End train ranking function

train_ranking_functioning time = 3.230 ms


2019-05-04-10-15-39   >>>>   Start verify ranking function

[xi_0 = 1, xi_1 = -2]
ranking function :  - 0.3 *  x[0]^1.0 - 0.2 *  x[1]^1.0 + 4.7 * 1

2019-05-04-10-15-39   >>>>   End verify ranking function

verifying time = 7.105 ms


Not Found Ranking Fcuntion

Conterexample is 

[1, -2]

sampling time = 0.730 ms


       ########################################         

iteration 24 with 162 examples

2019-05-04-10-15-39   >>>>   Start train ranking function

2019-05-04-10-15-39   >>>>   End train ranking function

train_ranking_functioning time = 3.649 ms


2019-05-04-10-15-39   >>>>   Start verify ranking function

ranking function :  - 0.3 *  x[0]^1.0 - 0.3 *  x[1]^1.0 + 4.8 * 1

2019-05-04-10-15-39   >>>>   End verify ranking function

verifying time = 7.798 ms


Not Found Ranking Fcuntion

Conterexample is 

[1, 16]

sampling time = 0.821 ms


Failed to prove it is terminated

UNKNOWN
Time For Template 0 Is--->-379.706000 ms

------Using Template 1 -----------
3 [3]
*****************************************************

2019-05-04-10-15-39   >>>>   End sampling point

sampling time = 53.929 ms,


       ########################################         

iteration 0 with 114 examples

2019-05-04-10-15-39   >>>>   Start train ranking function

2019-05-04-10-15-39   >>>>   End train ranking function

train_ranking_functioning time = 0.490 ms


2019-05-04-10-15-39   >>>>   Start verify ranking function

[xi_0 = 2, xi_1 = 1]
ranking function :  - 0.1 *  x[0]^0.5 *  x[1]^-2.0 + 1.1 *  x[0]^-0.5

2019-05-04-10-15-39   >>>>   End verify ranking function

verifying time = 16.778 ms


Not Found Ranking Fcuntion

Conterexample is 

[2, 1]

sampling time = 0.925 ms


       ########################################         

iteration 1 with 116 examples

2019-05-04-10-15-39   >>>>   Start train ranking function

2019-05-04-10-15-39   >>>>   End train ranking function

train_ranking_functioning time = 0.511 ms


2019-05-04-10-15-39   >>>>   Start verify ranking function

[xi_0 = 2, xi_1 = 1]
ranking function :  - 0.1 *  x[0]^0.5 *  x[1]^-2.0 + 1.0 *  x[0]^-0.5

2019-05-04-10-15-39   >>>>   End verify ranking function

verifying time = 16.771 ms


Not Found Ranking Fcuntion

Conterexample is 

[2, 1]

sampling time = 0.926 ms


       ########################################         

iteration 2 with 118 examples

2019-05-04-10-15-39   >>>>   Start train ranking function

2019-05-04-10-15-39   >>>>   End train ranking function

train_ranking_functioning time = 0.548 ms


2019-05-04-10-15-39   >>>>   Start verify ranking function

[xi_0 = 2, xi_1 = -1]
ranking function : 1.0 *  x[0]^-0.5

2019-05-04-10-15-39   >>>>   End verify ranking function

verifying time = 15.941 ms


Not Found Ranking Fcuntion

Conterexample is 

[2, -1]

sampling time = 0.889 ms


       ########################################         

iteration 3 with 120 examples

2019-05-04-10-15-39   >>>>   Start train ranking function

2019-05-04-10-15-39   >>>>   End train ranking function

train_ranking_functioning time = 0.653 ms


2019-05-04-10-15-39   >>>>   Start verify ranking function

[xi_0 = 2, xi_1 = 1]
ranking function : 1.0 *  x[0]^-0.5 - 0.1 *  x[0]^-3.0 *  x[1]^-1.0

2019-05-04-10-15-39   >>>>   End verify ranking function

verifying time = 62.326 ms


Not Found Ranking Fcuntion

Conterexample is 

[2, 1]
