------Using Template 0 -----------
4 [4]
*****************************************************

2019-05-04-10-25-39   >>>>   End sampling point

sampling time = 10.568 ms,


       ########################################         

iteration 0 with 6 examples

2019-05-04-10-25-39   >>>>   Start train ranking function

2019-05-04-10-25-39   >>>>   End train ranking function

train_ranking_functioning time = 0.437 ms


2019-05-04-10-25-39   >>>>   Start verify ranking function

[xr_1 = 20117/296, xr_2 = 1, xr_0 = 1]
ranking function :  - 0.0416 *  x[0]^1.0 - 0.0758 *  x[1]^1.0 + 0.2667 *  x[2]^1.0 + 0.7573 * 1

2019-05-04-10-25-39   >>>>   End verify ranking function

verifying time = 8.580 ms


Not Found Ranking Fcuntion

Conterexample is 

[1, 67.96283783783784, 1]

sampling time = 1.105 ms


       ########################################         

iteration 1 with 8 examples

2019-05-04-10-25-39   >>>>   Start train ranking function

2019-05-04-10-25-39   >>>>   End train ranking function

train_ranking_functioning time = 0.559 ms


2019-05-04-10-25-39   >>>>   Start verify ranking function

[xr_1 = 15193/12, xr_2 = 1, xr_0 = 1]
ranking function :  - 0.0059 *  x[0]^1.0 - 0.0115 *  x[1]^1.0 - 0.3336 *  x[2]^1.0 + 1.2009 * 1

2019-05-04-10-25-39   >>>>   End verify ranking function

verifying time = 8.462 ms


Not Found Ranking Fcuntion

Conterexample is 

[1, 1266.0833333333333, 1]

sampling time = 0.997 ms


       ########################################         

iteration 2 with 10 examples

2019-05-04-10-25-39   >>>>   Start train ranking function

2019-05-04-10-25-39   >>>>   End train ranking function

train_ranking_functioning time = 0.627 ms


2019-05-04-10-25-39   >>>>   Start verify ranking function

ranking function :  - 0.001 *  x[0]^1.0 - 0.004 *  x[1]^1.0 - 0.4275 *  x[2]^1.0 + 1.2502 * 1

2019-05-04-10-25-39   >>>>   End verify ranking function

verifying time = 9.475 ms


Not Found Ranking Fcuntion

Conterexample is 

[1, 1, 5.251929824561404]

sampling time = 0.997 ms


       ########################################         

iteration 3 with 12 examples

2019-05-04-10-25-39   >>>>   Start train ranking function

2019-05-04-10-25-39   >>>>   End train ranking function

train_ranking_functioning time = 0.629 ms


2019-05-04-10-25-39   >>>>   Start verify ranking function

ranking function :  - 0.0008 *  x[0]^1.0 - 0.0038 *  x[1]^1.0 - 0.4239 *  x[2]^1.0 + 1.2465 * 1

2019-05-04-10-25-39   >>>>   End verify ranking function

verifying time = 9.439 ms


Not Found Ranking Fcuntion

Conterexample is 

[2273.5, 1, 1]

sampling time = 1.095 ms


       ########################################         

iteration 4 with 14 examples

2019-05-04-10-25-39   >>>>   Start train ranking function

2019-05-04-10-25-39   >>>>   End train ranking function

train_ranking_functioning time = 0.683 ms


2019-05-04-10-25-39   >>>>   Start verify ranking function

[xr_1 = 1, xr_2 = 1, xr_0 = 4931/3]
ranking function : 0.0001 *  x[0]^1.0 - 0.0027 *  x[1]^1.0 - 0.4507 *  x[2]^1.0 + 1.2613 * 1

2019-05-04-10-25-39   >>>>   End verify ranking function

verifying time = 8.507 ms


Not Found Ranking Fcuntion

Conterexample is 

[1643.6666666666667, 1, 1]

sampling time = 1.110 ms


       ########################################         

iteration 5 with 16 examples

2019-05-04-10-25-39   >>>>   Start train ranking function

2019-05-04-10-25-39   >>>>   End train ranking function

train_ranking_functioning time = 0.723 ms


2019-05-04-10-25-39   >>>>   Start verify ranking function

[xr_1 = 1, xr_2 = 1, xr_0 = 14410/9]
ranking function : 0.0001 *  x[0]^1.0 + 0.0015 *  x[1]^1.0 - 0.4586 *  x[2]^1.0 + 1.2682 * 1

2019-05-04-10-25-39   >>>>   End verify ranking function

verifying time = 8.609 ms


Not Found Ranking Fcuntion

Conterexample is 

[1601.111111111111, 1, 1]

sampling time = 1.019 ms


       ########################################         

iteration 6 with 18 examples

2019-05-04-10-25-39   >>>>   Start train ranking function

2019-05-04-10-25-39   >>>>   End train ranking function

train_ranking_functioning time = 0.762 ms


2019-05-04-10-25-39   >>>>   Start verify ranking function

[xr_1 = 1, xr_2 = 1, xr_0 = 1623]
ranking function : 0.0001 *  x[0]^1.0 + 0.0001 *  x[1]^1.0 - 0.4629 *  x[2]^1.0 + 1.2711 * 1

2019-05-04-10-25-39   >>>>   End verify ranking function

verifying time = 8.412 ms


Not Found Ranking Fcuntion

Conterexample is 

[1623, 1, 1]

sampling time = 1.019 ms


       ########################################         

iteration 7 with 20 examples

2019-05-04-10-25-39   >>>>   Start train ranking function

2019-05-04-10-25-39   >>>>   End train ranking function

train_ranking_functioning time = 0.728 ms


2019-05-04-10-25-39   >>>>   Start verify ranking function

[xr_1 = 3698/25, xr_2 = 1, xr_0 = 1]
ranking function :  - 0.001 *  x[0]^1.0 + 0.0005 *  x[1]^1.0 - 0.4657 *  x[2]^1.0 + 1.2711 * 1

2019-05-04-10-25-39   >>>>   End verify ranking function

verifying time = 8.600 ms


Not Found Ranking Fcuntion

Conterexample is 

[1, 147.92, 1]

sampling time = 1.008 ms


       ########################################         

iteration 8 with 22 examples

2019-05-04-10-25-39   >>>>   Start train ranking function

2019-05-04-10-25-39   >>>>   End train ranking function

train_ranking_functioning time = 0.844 ms


2019-05-04-10-25-39   >>>>   Start verify ranking function

[xr_1 = 1833/4, xr_2 = 1, xr_0 = 1]
ranking function : 0.0008 *  x[1]^1.0 - 0.473 *  x[2]^1.0 + 1.2806 * 1

2019-05-04-10-25-39   >>>>   End verify ranking function

verifying time = 8.591 ms


Not Found Ranking Fcuntion

Conterexample is 

[1, 458.25, 1]

sampling time = 1.012 ms


       ########################################         

iteration 9 with 24 examples

2019-05-04-10-25-39   >>>>   Start train ranking function

2019-05-04-10-25-39   >>>>   End train ranking function

train_ranking_functioning time = 0.885 ms


2019-05-04-10-25-39   >>>>   Start verify ranking function

[xr_1 = 1, xr_2 = 1, xr_0 = 14504/9]
ranking function : 0.0001 *  x[0]^1.0 + 0.002 *  x[1]^1.0 - 0.4735 *  x[2]^1.0 + 1.2816 * 1

2019-05-04-10-25-39   >>>>   End verify ranking function

verifying time = 8.537 ms


Not Found Ranking Fcuntion

Conterexample is 

[1611.5555555555557, 1, 1]

sampling time = 1.027 ms


       ########################################         

iteration 10 with 26 examples

2019-05-04-10-25-39   >>>>   Start train ranking function

2019-05-04-10-25-39   >>>>   End train ranking function

train_ranking_functioning time = 0.966 ms


2019-05-04-10-25-39   >>>>   Start verify ranking function

[xr_1 = 14699/8, xr_2 = 1, xr_0 = 1]
ranking function : 0.0001 *  x[0]^1.0 + 0.0004 *  x[1]^1.0 - 0.4755 *  x[2]^1.0 + 1.2767 * 1

2019-05-04-10-25-39   >>>>   End verify ranking function

verifying time = 8.492 ms


Not Found Ranking Fcuntion

Conterexample is 

[1, 1837.375, 1]

sampling time = 1.013 ms


       ########################################         

iteration 11 with 28 examples

2019-05-04-10-25-39   >>>>   Start train ranking function

2019-05-04-10-25-39   >>>>   End train ranking function

train_ranking_functioning time = 1.159 ms


2019-05-04-10-25-39   >>>>   Start verify ranking function

[xr_1 = 11425/96, xr_2 = 1, xr_0 = 1]
ranking function :  - 0.003 *  x[0]^1.0 - 0.0036 *  x[1]^1.0 - 0.0643 *  x[2]^1.0 + 1.0336 * 1

2019-05-04-10-25-39   >>>>   End verify ranking function

verifying time = 8.454 ms


Not Found Ranking Fcuntion

Conterexample is 

[1, 119.01041666666667, 1]

sampling time = 1.010 ms


       ########################################         

iteration 12 with 30 examples

2019-05-04-10-25-39   >>>>   Start train ranking function

2019-05-04-10-25-39   >>>>   End train ranking function

train_ranking_functioning time = 1.203 ms


2019-05-04-10-25-39   >>>>   Start verify ranking function

ranking function :  - 0.0668 *  x[2]^1.0 + 1.0538 * 1

2019-05-04-10-25-39   >>>>   End verify ranking function

verifying time = 9.566 ms


Not Found Ranking Fcuntion

Conterexample is 

[1, 1, 16.775449101796408]

sampling time = 1.009 ms


       ########################################         

iteration 13 with 32 examples

2019-05-04-10-25-39   >>>>   Start train ranking function

2019-05-04-10-25-39   >>>>   End train ranking function

train_ranking_functioning time = 1.450 ms


2019-05-04-10-25-39   >>>>   Start verify ranking function

[xr_1 = 7311/32, xr_2 = 1, xr_0 = 1]
ranking function : 0.0001 *  x[0]^1.0 + 0.0018 *  x[1]^1.0 - 0.4776 *  x[2]^1.0 + 1.2799 * 1

2019-05-04-10-25-39   >>>>   End verify ranking function

verifying time = 8.430 ms


Not Found Ranking Fcuntion

Conterexample is 

[1, 228.46875, 1]

sampling time = 1.120 ms


       ########################################         

iteration 14 with 34 examples

2019-05-04-10-25-39   >>>>   Start train ranking function

2019-05-04-10-25-39   >>>>   End train ranking function

train_ranking_functioning time = 1.285 ms


2019-05-04-10-25-39   >>>>   Start verify ranking function

[xr_1 = 1, xr_2 = 1, xr_0 = 4928/3]
ranking function : 0.0001 *  x[0]^1.0 - 0.4795 *  x[2]^1.0 + 1.2814 * 1

2019-05-04-10-25-39   >>>>   End verify ranking function

verifying time = 8.656 ms


Not Found Ranking Fcuntion

Conterexample is 

[1642.6666666666667, 1, 1]

sampling time = 1.005 ms


       ########################################         

iteration 15 with 36 examples

2019-05-04-10-25-39   >>>>   Start train ranking function

2019-05-04-10-25-39   >>>>   End train ranking function

train_ranking_functioning time = 1.399 ms


2019-05-04-10-25-39   >>>>   Start verify ranking function

ranking function :  - 0.0006 *  x[0]^1.0 - 0.0017 *  x[1]^1.0 - 0.0706 *  x[2]^1.0 + 1.0563 * 1

2019-05-04-10-25-39   >>>>   End verify ranking function

verifying time = 9.756 ms


Not Found Ranking Fcuntion

Conterexample is 

[3306.6666666666665, 1, 1]

sampling time = 1.008 ms


       ########################################         

iteration 16 with 38 examples

2019-05-04-10-25-39   >>>>   Start train ranking function

2019-05-04-10-25-39   >>>>   End train ranking function

train_ranking_functioning time = 1.484 ms


2019-05-04-10-25-39   >>>>   Start verify ranking function

[xr_1 = 1, xr_2 = 1, xr_0 = 10120/9]
ranking function : 0.0001 *  x[0]^1.0 - 0.0006 *  x[1]^1.0 - 0.0065 *  x[2]^1.0 + 0.9491 * 1

2019-05-04-10-25-39   >>>>   End verify ranking function

verifying time = 8.394 ms


Not Found Ranking Fcuntion

Conterexample is 

[1124.4444444444443, 1, 1]

sampling time = 1.104 ms


       ########################################         

iteration 17 with 40 examples

2019-05-04-10-25-39   >>>>   Start train ranking function

2019-05-04-10-25-39   >>>>   End train ranking function

train_ranking_functioning time = 1.489 ms


2019-05-04-10-25-39   >>>>   Start verify ranking function

[xr_1 = 1, xr_2 = 1, xr_0 = 1]
ranking function : 0.0002 *  x[0]^1.0 + 0.0002 *  x[1]^1.0 - 0.0024 *  x[2]^1.0 + 0.953 * 1

2019-05-04-10-25-39   >>>>   End verify ranking function

verifying time = 8.595 ms


Not Found Ranking Fcuntion

Conterexample is 

[1, 1, 1]

sampling time = 1.001 ms


       ########################################         

iteration 18 with 42 examples

2019-05-04-10-25-39   >>>>   Start train ranking function

2019-05-04-10-25-39   >>>>   End train ranking function

train_ranking_functioning time = 1.646 ms


2019-05-04-10-25-39   >>>>   Start verify ranking function

ranking function :  - 0.0049 *  x[0]^1.0 - 0.0098 *  x[1]^1.0 - 0.0069 *  x[2]^1.0 + 0.9879 * 1

2019-05-04-10-25-39   >>>>   End verify ranking function

verifying time = 9.613 ms


Not Found Ranking Fcuntion

Conterexample is 

[1, 201.64285714285714, 1]

sampling time = 1.007 ms


       ########################################         

iteration 19 with 44 examples

2019-05-04-10-25-39   >>>>   Start train ranking function

2019-05-04-10-25-39   >>>>   End train ranking function

train_ranking_functioning time = 1.679 ms


2019-05-04-10-25-39   >>>>   Start verify ranking function

[xr_1 = 6021/82, xr_2 = 1, xr_0 = 1]
ranking function :  - 0.0071 *  x[0]^1.0 - 0.0101 *  x[1]^1.0 - 0.0067 *  x[2]^1.0 + 0.987 * 1

2019-05-04-10-25-39   >>>>   End verify ranking function

verifying time = 8.535 ms


Not Found Ranking Fcuntion

Conterexample is 

[1, 73.42682926829268, 1]

sampling time = 1.140 ms


       ########################################         

iteration 20 with 46 examples

2019-05-04-10-25-39   >>>>   Start train ranking function

2019-05-04-10-25-39   >>>>   End train ranking function

train_ranking_functioning time = 1.717 ms


2019-05-04-10-25-39   >>>>   Start verify ranking function

ranking function :  - 0.0002 *  x[1]^1.0 - 0.0083 *  x[2]^1.0 + 0.9921 * 1

2019-05-04-10-25-39   >>>>   End verify ranking function

verifying time = 9.563 ms


Not Found Ranking Fcuntion

Conterexample is 

[1, 1, 239.9879518072289]

sampling time = 1.001 ms


       ########################################         

iteration 21 with 48 examples

2019-05-04-10-25-39   >>>>   Start train ranking function

2019-05-04-10-25-39   >>>>   End train ranking function

train_ranking_functioning time = 1.653 ms


2019-05-04-10-25-39   >>>>   Start verify ranking function

ranking function :  - 0.0068 *  x[2]^1.0 + 0.9963 * 1

2019-05-04-10-25-39   >>>>   End verify ranking function

verifying time = 9.333 ms


Not Found Ranking Fcuntion

Conterexample is 

[1, 1, 147.51470588235293]

sampling time = 1.013 ms


       ########################################         

iteration 22 with 50 examples

2019-05-04-10-25-39   >>>>   Start train ranking function

2019-05-04-10-25-39   >>>>   End train ranking function

train_ranking_functioning time = 1.731 ms


2019-05-04-10-25-39   >>>>   Start verify ranking function

ranking function :  - 0.0047 *  x[0]^1.0 - 0.0103 *  x[1]^1.0 - 0.0088 *  x[2]^1.0 + 0.9945 * 1

2019-05-04-10-25-39   >>>>   End verify ranking function

verifying time = 9.528 ms


Not Found Ranking Fcuntion

Conterexample is 

[1, 1, 224.9431818181818]

sampling time = 1.021 ms


       ########################################         

iteration 23 with 52 examples

2019-05-04-10-25-39   >>>>   Start train ranking function

2019-05-04-10-25-39   >>>>   End train ranking function

train_ranking_functioning time = 1.689 ms


2019-05-04-10-25-39   >>>>   Start verify ranking function

ranking function :  - 0.0048 *  x[0]^1.0 - 0.0105 *  x[1]^1.0 - 0.0119 *  x[2]^1.0 + 0.9888 * 1

2019-05-04-10-25-39   >>>>   End verify ranking function

verifying time = 9.479 ms


Not Found Ranking Fcuntion

Conterexample is 

[1, 1, 165.8403361344538]

sampling time = 1.018 ms


       ########################################         

iteration 24 with 54 examples

2019-05-04-10-25-39   >>>>   Start train ranking function

2019-05-04-10-25-39   >>>>   End train ranking function

train_ranking_functioning time = 1.685 ms


2019-05-04-10-25-39   >>>>   Start verify ranking function

ranking function :  - 0.0001 *  x[0]^1.0 - 0.0022 *  x[1]^1.0 - 0.123 *  x[2]^1.0 + 1.232 * 1

2019-05-04-10-25-39   >>>>   End verify ranking function

verifying time = 9.472 ms


Not Found Ranking Fcuntion

Conterexample is 

[1, 1, 18.127642276422765]

sampling time = 1.013 ms


Failed to prove it is terminated

UNKNOWN
Time For Template 0 Is--->-347.173000 ms

------Using Template 1 -----------
1 [1]
*****************************************************

2019-05-04-10-25-39   >>>>   End sampling point

sampling time = 8.341 ms,


       ########################################         

iteration 0 with 6 examples

2019-05-04-10-25-39   >>>>   Start train ranking function

2019-05-04-10-25-39   >>>>   End train ranking function

train_ranking_functioning time = 0.465 ms


2019-05-04-10-25-39   >>>>   Start verify ranking function

ranking function :  - 0.0006 *  x[1]^3.0 *  x[2]^-0.5

2019-05-04-10-25-39   >>>>   End verify ranking function

verifying time = 20.465 ms


Not Found Ranking Fcuntion

Conterexample is 

[1, 2, 2]

sampling time = 0.409 ms


       ########################################         

iteration 1 with 8 examples

2019-05-04-10-25-39   >>>>   Start train ranking function

2019-05-04-10-25-39   >>>>   End train ranking function

train_ranking_functioning time = 0.530 ms


2019-05-04-10-25-39   >>>>   Start verify ranking function

ranking function :  - 0.0002 *  x[1]^3.0 *  x[2]^-0.5

2019-05-04-10-25-39   >>>>   End verify ranking function

verifying time = 27.735 ms


Not Found Ranking Fcuntion

Conterexample is 

[1, 2, 2]

sampling time = 0.475 ms


       ########################################         

iteration 2 with 10 examples

2019-05-04-10-25-39   >>>>   Start train ranking function

2019-05-04-10-25-39   >>>>   End train ranking function

train_ranking_functioning time = 0.615 ms


2019-05-04-10-25-39   >>>>   Start verify ranking function

ranking function :  - 0.0001 *  x[1]^3.0 *  x[2]^-0.5

2019-05-04-10-25-39   >>>>   End verify ranking function

verifying time = 29.492 ms


Not Found Ranking Fcuntion

Conterexample is 

[1, 2, 2]

sampling time = 0.379 ms


       ########################################         

iteration 3 with 12 examples

2019-05-04-10-25-39   >>>>   Start train ranking function

2019-05-04-10-25-39   >>>>   End train ranking function

train_ranking_functioning time = 0.684 ms


2019-05-04-10-25-39   >>>>   Start verify ranking function

ranking function :  - 0.0002 *  x[1]^3.0 *  x[2]^-0.5

2019-05-04-10-25-39   >>>>   End verify ranking function

verifying time = 27.592 ms


Not Found Ranking Fcuntion

Conterexample is 

[1, 2, 2]

sampling time = 0.406 ms


       ########################################         

iteration 4 with 14 examples

2019-05-04-10-25-39   >>>>   Start train ranking function

2019-05-04-10-25-39   >>>>   End train ranking function

train_ranking_functioning time = 0.753 ms


2019-05-04-10-25-39   >>>>   Start verify ranking function

ranking function :  - 0.0001 *  x[1]^3.0 *  x[2]^-0.5

2019-05-04-10-25-39   >>>>   End verify ranking function

verifying time = 27.899 ms


Not Found Ranking Fcuntion

Conterexample is 

[1, 2, 2]

sampling time = 0.386 ms


       ########################################         

iteration 5 with 16 examples

2019-05-04-10-25-39   >>>>   Start train ranking function

2019-05-04-10-25-39   >>>>   End train ranking function

train_ranking_functioning time = 0.879 ms


2019-05-04-10-25-39   >>>>   Start verify ranking function

[xr_1 = 2, xr_2 = 2, xr_0 = 1]
ranking function : 0.0002 *  x[1]^3.0 *  x[2]^-0.5

2019-05-04-10-25-39   >>>>   End verify ranking function

verifying time = 13.665 ms


Not Found Ranking Fcuntion

Conterexample is 

[1, 2, 2]

sampling time = 0.371 ms


       ########################################         

iteration 6 with 18 examples

2019-05-04-10-25-39   >>>>   Start train ranking function

2019-05-04-10-25-39   >>>>   End train ranking function

train_ranking_functioning time = 0.893 ms


2019-05-04-10-25-39   >>>>   Start verify ranking function

[xr_1 = 2, xr_2 = 2, xr_0 = 1]
ranking function : 0.0001 *  x[1]^3.0 *  x[2]^-0.5

2019-05-04-10-25-39   >>>>   End verify ranking function

verifying time = 13.390 ms


Not Found Ranking Fcuntion

Conterexample is 

[1, 2, 2]

sampling time = 0.475 ms


       ########################################         

iteration 7 with 20 examples

2019-05-04-10-25-39   >>>>   Start train ranking function

2019-05-04-10-25-39   >>>>   End train ranking function

train_ranking_functioning time = 0.965 ms


2019-05-04-10-25-39   >>>>   Start verify ranking function

[xr_1 = 2, xr_2 = 2, xr_0 = 1]
ranking function : 0.0013 *  x[1]^3.0 *  x[2]^-0.5

2019-05-04-10-25-39   >>>>   End verify ranking function

verifying time = 13.437 ms


Not Found Ranking Fcuntion

Conterexample is 

[1, 2, 2]

sampling time = 0.374 ms


       ########################################         

iteration 8 with 22 examples

2019-05-04-10-25-39   >>>>   Start train ranking function

2019-05-04-10-25-39   >>>>   End train ranking function

train_ranking_functioning time = 1.034 ms


2019-05-04-10-25-39   >>>>   Start verify ranking function

ranking function :  - 0.0001 *  x[1]^3.0 *  x[2]^-0.5

2019-05-04-10-25-39   >>>>   End verify ranking function

verifying time = 27.599 ms


Not Found Ranking Fcuntion

Conterexample is 

[1, 2, 2]

sampling time = 0.373 ms


       ########################################         

iteration 9 with 24 examples

2019-05-04-10-25-39   >>>>   Start train ranking function

2019-05-04-10-25-39   >>>>   End train ranking function

train_ranking_functioning time = 1.150 ms


2019-05-04-10-25-39   >>>>   Start verify ranking function

ranking function :  - 0.0001 *  x[1]^3.0 *  x[2]^-0.5

2019-05-04-10-25-40   >>>>   End verify ranking function

verifying time = 29.227 ms


Not Found Ranking Fcuntion

Conterexample is 

[1, 2, 2]

sampling time = 0.376 ms


       ########################################         

iteration 10 with 26 examples

2019-05-04-10-25-40   >>>>   Start train ranking function

2019-05-04-10-25-40   >>>>   End train ranking function

train_ranking_functioning time = 1.390 ms


2019-05-04-10-25-40   >>>>   Start verify ranking function

ranking function :  - 0.0001 *  x[1]^3.0 *  x[2]^-0.5

2019-05-04-10-25-40   >>>>   End verify ranking function

verifying time = 27.488 ms


Not Found Ranking Fcuntion

Conterexample is 

[1, 2, 2]

sampling time = 0.411 ms


       ########################################         

iteration 11 with 28 examples

2019-05-04-10-25-40   >>>>   Start train ranking function

2019-05-04-10-25-40   >>>>   End train ranking function

train_ranking_functioning time = 1.347 ms


2019-05-04-10-25-40   >>>>   Start verify ranking function

ranking function :  - 0.0001 *  x[1]^3.0 *  x[2]^-0.5

2019-05-04-10-25-40   >>>>   End verify ranking function

verifying time = 27.564 ms


Not Found Ranking Fcuntion

Conterexample is 

[1, 2, 2]

sampling time = 0.373 ms


       ########################################         

iteration 12 with 30 examples

2019-05-04-10-25-40   >>>>   Start train ranking function

2019-05-04-10-25-40   >>>>   End train ranking function

train_ranking_functioning time = 1.325 ms


2019-05-04-10-25-40   >>>>   Start verify ranking function

ranking function :  - 0.0001 *  x[1]^3.0 *  x[2]^-0.5

2019-05-04-10-25-40   >>>>   End verify ranking function

verifying time = 27.544 ms


Not Found Ranking Fcuntion

Conterexample is 

[1, 2, 2]

sampling time = 0.414 ms


       ########################################         

iteration 13 with 32 examples

2019-05-04-10-25-40   >>>>   Start train ranking function

5
2019-05-04-10-25-40   >>>>   End train ranking function

train_ranking_functioning time = 1.410 ms


2019-05-04-10-25-40   >>>>   Start verify ranking function

ranking function :  - 0.0001 *  x[1]^3.0 *  x[2]^-0.5

2019-05-04-10-25-40   >>>>   End verify ranking function

verifying time = 27.558 ms


Not Found Ranking Fcuntion

Conterexample is 

[1, 2, 2]

sampling time = 0.378 ms


       ########################################         

iteration 14 with 34 examples

2019-05-04-10-25-40   >>>>   Start train ranking function

2019-05-04-10-25-40   >>>>   End train ranking function

train_ranking_functioning time = 1.475 ms


2019-05-04-10-25-40   >>>>   Start verify ranking function

[xr_1 = 1, xr_2 = 1, xr_0 = 1]
ranking function : 

2019-05-04-10-25-40   >>>>   End verify ranking function

verifying time = 8.088 ms


Not Found Ranking Fcuntion

Conterexample is 

[1, 1, 1]

sampling time = 0.386 ms


       ########################################         

iteration 15 with 36 examples

2019-05-04-10-25-40   >>>>   Start train ranking function

2019-05-04-10-25-40   >>>>   End train ranking function

train_ranking_functioning time = 1.507 ms


2019-05-04-10-25-40   >>>>   Start verify ranking function

[xr_1 = 1, xr_2 = 1, xr_0 = 1]
ranking function : 

2019-05-04-10-25-40   >>>>   End verify ranking function

verifying time = 8.041 ms


Not Found Ranking Fcuntion

Conterexample is 

[1, 1, 1]

sampling time = 0.380 ms


       ########################################         

iteration 16 with 38 examples

2019-05-04-10-25-40   >>>>   Start train ranking function

2019-05-04-10-25-40   >>>>   End train ranking function

train_ranking_functioning time = 1.670 ms


2019-05-04-10-25-40   >>>>   Start verify ranking function

[xr_1 = 1, xr_2 = 1, xr_0 = 1]
ranking function : 

2019-05-04-10-25-40   >>>>   End verify ranking function

verifying time = 7.946 ms


Not Found Ranking Fcuntion

Conterexample is 

[1, 1, 1]

sampling time = 0.502 ms


       ########################################         

iteration 17 with 40 examples

2019-05-04-10-25-40   >>>>   Start train ranking function

2019-05-04-10-25-40   >>>>   End train ranking function

train_ranking_functioning time = 1.840 ms


2019-05-04-10-25-40   >>>>   Start verify ranking function

[xr_1 = 1, xr_2 = 1, xr_0 = 1]
ranking function : 

2019-05-04-10-25-40   >>>>   End verify ranking function

verifying time = 8.524 ms


Not Found Ranking Fcuntion

Conterexample is 

[1, 1, 1]

sampling time = 0.582 ms


       ########################################         

iteration 18 with 42 examples

2019-05-04-10-25-40   >>>>   Start train ranking function

2019-05-04-10-25-40   >>>>   End train ranking function

train_ranking_functioning time = 1.857 ms


2019-05-04-10-25-40   >>>>   Start verify ranking function

[xr_1 = 1, xr_2 = 1, xr_0 = 1]
ranking function : 

2019-05-04-10-25-40   >>>>   End verify ranking function

verifying time = 8.047 ms


Not Found Ranking Fcuntion

Conterexample is 

[1, 1, 1]

sampling time = 0.454 ms


       ########################################         

iteration 19 with 44 examples

2019-05-04-10-25-40   >>>>   Start train ranking function

5
2019-05-04-10-25-40   >>>>   End train ranking function

train_ranking_functioning time = 1.893 ms


2019-05-04-10-25-40   >>>>   Start verify ranking function

[xr_1 = 1, xr_2 = 1, xr_0 = 1]
ranking function : 

2019-05-04-10-25-40   >>>>   End verify ranking function

verifying time = 8.141 ms


Not Found Ranking Fcuntion

Conterexample is 

[1, 1, 1]

sampling time = 0.380 ms


       ########################################         

iteration 20 with 46 examples

2019-05-04-10-25-40   >>>>   Start train ranking function

2019-05-04-10-25-40   >>>>   End train ranking function

train_ranking_functioning time = 1.992 ms


2019-05-04-10-25-40   >>>>   Start verify ranking function

[xr_1 = 1, xr_2 = 1, xr_0 = 1]
ranking function : 

2019-05-04-10-25-40   >>>>   End verify ranking function

verifying time = 7.711 ms


Not Found Ranking Fcuntion

Conterexample is 

[1, 1, 1]

sampling time = 0.382 ms


       ########################################         

iteration 21 with 48 examples

2019-05-04-10-25-40   >>>>   Start train ranking function

2019-05-04-10-25-40   >>>>   End train ranking function

train_ranking_functioning time = 2.035 ms


2019-05-04-10-25-40   >>>>   Start verify ranking function

[xr_1 = 1, xr_2 = 1, xr_0 = 1]
ranking function : 

2019-05-04-10-25-40   >>>>   End verify ranking function

verifying time = 7.695 ms


Not Found Ranking Fcuntion

Conterexample is 

[1, 1, 1]

sampling time = 0.382 ms


       ########################################         

iteration 22 with 50 examples

2019-05-04-10-25-40   >>>>   Start train ranking function

2019-05-04-10-25-40   >>>>   End train ranking function

train_ranking_functioning time = 2.182 ms


2019-05-04-10-25-40   >>>>   Start verify ranking function

[xr_1 = 1, xr_2 = 1, xr_0 = 1]
ranking function : 

2019-05-04-10-25-40   >>>>   End verify ranking function

verifying time = 7.743 ms


Not Found Ranking Fcuntion

Conterexample is 

[1, 1, 1]

sampling time = 0.387 ms


       ########################################         

iteration 23 with 52 examples

2019-05-04-10-25-40   >>>>   Start train ranking function

2019-05-04-10-25-40   >>>>   End train ranking function

train_ranking_functioning time = 2.114 ms


2019-05-04-10-25-40   >>>>   Start verify ranking function

[xr_1 = 1, xr_2 = 1, xr_0 = 1]
ranking function : 

2019-05-04-10-25-40   >>>>   End verify ranking function

verifying time = 7.802 ms


Not Found Ranking Fcuntion

Conterexample is 

[1, 1, 1]

sampling time = 0.379 ms


       ########################################         

iteration 24 with 54 examples

2019-05-04-10-25-40   >>>>   Start train ranking function

5
the coefficient is convergent

Failed to prove it is terminated

UNKNOWN
Time For Template 1 Is--->-491.424000 ms

------Using Template 2 -----------
12 [4, 4, 4]
*****************************************************

2019-05-04-10-25-40   >>>>   End sampling point

sampling time = 16.089 ms,


       ########################################         

iteration 0 with 12 examples

2019-05-04-10-25-40   >>>>   Start train ranking function

2019-05-04-10-25-40   >>>>   End train ranking function

train_ranking_functioning time = 0.379 ms


2019-05-04-10-25-40   >>>>   Start verify ranking function

[xr_1 = 10781/800, xr_2 = 1, xr_0 = 1]
ranking function :  - 0.0449 *  x[0]^1.0 - 0.0498 *  x[1]^1.0 - 0.0004 *  x[2]^1.0 + 0.6682 * 1;  - 0.0189 *  x[0]^1.0 - 0.0234 *  x[1]^1.0 + 0.0216 *  x[2]^1.0 + 0.6754 * 1;  - 0.0127 *  x[0]^1.0 - 0.0388 *  x[1]^1.0 + 0.2223 *  x[2]^1.0 + 0.743 * 1

2019-05-04-10-25-40   >>>>   End verify ranking function

verifying time = 8.521 ms


Not Found Ranking Fcuntion

Conterexample is 

[1, 13.47625, 1]

sampling time = 2.896 ms


       ########################################         

iteration 1 with 16 examples

2019-05-04-10-25-40   >>>>   Start train ranking function

2019-05-04-10-25-40   >>>>   End train ranking function

train_ranking_functioning time = 0.806 ms


2019-05-04-10-25-40   >>>>   Start verify ranking function

[xr_1 = 1, xr_2 = 1, xr_0 = 19345/248]
ranking function :  - 0.0323 *  x[0]^1.0 - 0.0647 *  x[1]^1.0 + 0.0409 *  x[2]^1.0 + 0.6841 * 1;  - 0.0131 *  x[0]^1.0 - 0.0428 *  x[1]^1.0 + 0.2551 *  x[2]^1.0 + 0.7606 * 1; 0.0013 *  x[0]^1.0 - 0.0097 *  x[1]^1.0 + 0.1428 *  x[2]^1.0 + 0.8158 * 1

2019-05-04-10-25-40   >>>>   End verify ranking function

verifying time = 16.004 ms


Not Found Ranking Fcuntion

Conterexample is 

[78.00403225806451, 1, 1]

sampling time = 2.899 ms


       ########################################         

iteration 2 with 20 examples

2019-05-04-10-25-40   >>>>   Start train ranking function

2019-05-04-10-25-40   >>>>   End train ranking function

train_ranking_functioning time = 0.847 ms


2019-05-04-10-25-40   >>>>   Start verify ranking function

[xr_1 = 19167/25, xr_2 = 1, xr_0 = 1]
ranking function :  - 0.0322 *  x[0]^1.0 - 0.0645 *  x[1]^1.0 + 0.0369 *  x[2]^1.0 + 0.6825 * 1;  - 0.0136 *  x[0]^1.0 - 0.0437 *  x[1]^1.0 + 0.2637 *  x[2]^1.0 + 0.7609 * 1; 0.0008 *  x[0]^1.0 - 0.0087 *  x[1]^1.0 + 0.1398 *  x[2]^1.0 + 0.8154 * 1

2019-05-04-10-25-40   >>>>   End verify ranking function

verifying time = 15.610 ms


Not Found Ranking Fcuntion

Conterexample is 

[1, 766.68, 1]

sampling time = 2.996 ms


       ########################################         

iteration 3 with 24 examples

2019-05-04-10-25-40   >>>>   Start train ranking function

2019-05-04-10-25-40   >>>>   End train ranking function

train_ranking_functioning time = 0.993 ms


2019-05-04-10-25-40   >>>>   Start verify ranking function

[xr_1 = 1, xr_2 = 1, xr_0 = 19354/199]
ranking function :  - 0.0335 *  x[0]^1.0 - 0.0671 *  x[1]^1.0 + 0.0824 *  x[2]^1.0 + 0.6997 * 1;  - 0.0109 *  x[0]^1.0 - 0.0394 *  x[1]^1.0 + 0.2769 *  x[2]^1.0 + 0.78 * 1; 0.001 *  x[0]^1.0 - 0.0022 *  x[1]^1.0 + 0.1043 *  x[2]^1.0 + 0.8174 * 1

2019-05-04-10-25-40   >>>>   End verify ranking function

verifying time = 15.581 ms


Not Found Ranking Fcuntion

Conterexample is 

[97.25628140703517, 1, 1]

sampling time = 2.898 ms


       ########################################         

iteration 4 with 28 examples

2019-05-04-10-25-40   >>>>   Start train ranking function

2019-05-04-10-25-40   >>>>   End train ranking function

train_ranking_functioning time = 0.946 ms


2019-05-04-10-25-40   >>>>   Start verify ranking function

[xr_1 = 1, xr_2 = 1, xr_0 = 19708/693]
ranking function :  - 0.0327 *  x[0]^1.0 - 0.0655 *  x[1]^1.0 + 0.0534 *  x[2]^1.0 + 0.6889 * 1;  - 0.0144 *  x[0]^1.0 - 0.0458 *  x[1]^1.0 + 0.3245 *  x[2]^1.0 + 0.7839 * 1; 0.0061 *  x[0]^1.0 - 0.0009 *  x[1]^1.0 + 0.0946 *  x[2]^1.0 + 0.8176 * 1

2019-05-04-10-25-40   >>>>   End verify ranking function

verifying time = 15.762 ms


Not Found Ranking Fcuntion

Conterexample is 

[28.438672438672437, 1, 1]

sampling time = 2.905 ms


       ########################################         

iteration 5 with 32 examples

2019-05-04-10-25-40   >>>>   Start train ranking function

2019-05-04-10-25-40   >>>>   End train ranking function

train_ranking_functioning time = 1.238 ms


2019-05-04-10-25-40   >>>>   Start verify ranking function

[xr_1 = 1, xr_2 = 1, xr_0 = 6559/228]
ranking function :  - 0.0327 *  x[0]^1.0 - 0.0655 *  x[1]^1.0 + 0.0531 *  x[2]^1.0 + 0.6889 * 1;  - 0.0144 *  x[0]^1.0 - 0.0457 *  x[1]^1.0 + 0.3231 *  x[2]^1.0 + 0.783 * 1; 0.006 *  x[0]^1.0 - 0.0008 *  x[1]^1.0 + 0.0945 *  x[2]^1.0 + 0.8169 * 1

2019-05-04-10-25-40   >>>>   End verify ranking function

verifying time = 17.110 ms


Not Found Ranking Fcuntion

Conterexample is 

[28.767543859649123, 1, 1]

sampling time = 2.952 ms


       ########################################         

iteration 6 with 36 examples

2019-05-04-10-25-40   >>>>   Start train ranking function

2019-05-04-10-25-40   >>>>   End train ranking function

train_ranking_functioning time = 1.278 ms


2019-05-04-10-25-40   >>>>   Start verify ranking function

[xr_1 = 19585/403, xr_2 = 1, xr_0 = 1]
ranking function :  - 0.0339 *  x[0]^1.0 - 0.068 *  x[1]^1.0 + 0.0962 *  x[2]^1.0 + 0.704 * 1;  - 0.0075 *  x[0]^1.0 - 0.0387 *  x[1]^1.0 + 0.2666 *  x[2]^1.0 + 0.7817 * 1;  - 0.0011 *  x[0]^1.0 - 0.0018 *  x[1]^1.0 + 0.1137 *  x[2]^1.0 + 0.8254 * 1

2019-05-04-10-25-40   >>>>   End verify ranking function

verifying time = 17.133 ms


Not Found Ranking Fcuntion

Conterexample is 

[1, 48.59801488833747, 1]

sampling time = 3.037 ms


       ########################################         

iteration 7 with 40 examples

2019-05-04-10-25-40   >>>>   Start train ranking function

2019-05-04-10-25-40   >>>>   End train ranking function

train_ranking_functioning time = 1.267 ms


2019-05-04-10-25-40   >>>>   Start verify ranking function

[xr_1 = 19030/233, xr_2 = 1, xr_0 = 1]
ranking function :  - 0.0346 *  x[0]^1.0 - 0.0693 *  x[1]^1.0 + 0.1173 *  x[2]^1.0 + 0.7121 * 1;  - 0.0078 *  x[0]^1.0 - 0.0345 *  x[1]^1.0 + 0.2641 *  x[2]^1.0 + 0.7881 * 1; 0.0016 *  x[0]^1.0 + 0.0004 *  x[1]^1.0 + 0.1088 *  x[2]^1.0 + 0.831 * 1

2019-05-04-10-25-40   >>>>   End verify ranking function

verifying time = 16.401 ms


Not Found Ranking Fcuntion

Conterexample is 

[1, 81.67381974248927, 1]

sampling time = 2.938 ms


       ########################################         

iteration 8 with 44 examples

2019-05-04-10-25-40   >>>>   Start train ranking function

2019-05-04-10-25-40   >>>>   End train ranking function

train_ranking_functioning time = 1.442 ms


2019-05-04-10-25-40   >>>>   Start verify ranking function

[xr_1 = 19673/310, xr_2 = 1, xr_0 = 1]
ranking function :  - 0.0353 *  x[0]^1.0 - 0.0709 *  x[1]^1.0 + 0.1446 *  x[2]^1.0 + 0.721 * 1;  - 0.0062 *  x[0]^1.0 - 0.0322 *  x[1]^1.0 + 0.2554 *  x[2]^1.0 + 0.7941 * 1;  - 0.0008 *  x[0]^1.0 - 0.0019 *  x[1]^1.0 + 0.1027 *  x[2]^1.0 + 0.8356 * 1

2019-05-04-10-25-40   >>>>   End verify ranking function

verifying time = 15.676 ms


Not Found Ranking Fcuntion

Conterexample is 

[1, 63.461290322580645, 1]

sampling time = 2.993 ms


       ########################################         

iteration 9 with 48 examples

2019-05-04-10-25-40   >>>>   Start train ranking function

2019-05-04-10-25-40   >>>>   End train ranking function

train_ranking_functioning time = 1.509 ms


2019-05-04-10-25-40   >>>>   Start verify ranking function

[xr_1 = 19481/389, xr_2 = 1, xr_0 = 1]
ranking function :  - 0.0357 *  x[0]^1.0 - 0.0716 *  x[1]^1.0 + 0.1566 *  x[2]^1.0 + 0.7248 * 1;  - 0.0057 *  x[0]^1.0 - 0.0305 *  x[1]^1.0 + 0.2489 *  x[2]^1.0 + 0.7964 * 1;  - 0.0008 *  x[0]^1.0 + 0.0005 *  x[1]^1.0 + 0.1014 *  x[2]^1.0 + 0.8373 * 1

2019-05-04-10-25-40   >>>>   End verify ranking function

verifying time = 15.886 ms


Not Found Ranking Fcuntion

Conterexample is 

[1, 50.07969151670951, 1]

sampling time = 2.882 ms


       ########################################         

iteration 10 with 52 examples

2019-05-04-10-25-40   >>>>   Start train ranking function

2019-05-04-10-25-40   >>>>   End train ranking function

train_ranking_functioning time = 1.544 ms


2019-05-04-10-25-40   >>>>   Start verify ranking function

[xr_1 = 19213/192, xr_2 = 1, xr_0 = 1]
ranking function :  - 0.0355 *  x[0]^1.0 - 0.0713 *  x[1]^1.0 + 0.1517 *  x[2]^1.0 + 0.7234 * 1;  - 0.0053 *  x[0]^1.0 - 0.03 *  x[1]^1.0 + 0.2573 *  x[2]^1.0 + 0.7979 * 1; 0.0015 *  x[0]^1.0 + 0.0003 *  x[1]^1.0 + 0.0985 *  x[2]^1.0 + 0.8369 * 1

2019-05-04-10-25-40   >>>>   End verify ranking function

verifying time = 15.675 ms


Not Found Ranking Fcuntion

Conterexample is 

[1, 100.06770833333333, 1]

sampling time = 2.994 ms


       ########################################         

iteration 11 with 56 examples

2019-05-04-10-25-40   >>>>   Start train ranking function

2019-05-04-10-25-40   >>>>   End train ranking function

train_ranking_functioning time = 1.657 ms


2019-05-04-10-25-40   >>>>   Start verify ranking function

[xr_1 = 19184/83, xr_2 = 1, xr_0 = 1]
ranking function :  - 0.0357 *  x[0]^1.0 - 0.0718 *  x[1]^1.0 + 0.1646 *  x[2]^1.0 + 0.7277 * 1;  - 0.0051 *  x[0]^1.0 - 0.0303 *  x[1]^1.0 + 0.2518 *  x[2]^1.0 + 0.8002 * 1; 0.0023 *  x[0]^1.0 - 0.0009 *  x[1]^1.0 + 0.0924 *  x[2]^1.0 + 0.8367 * 1

2019-05-04-10-25-40   >>>>   End verify ranking function

verifying time = 15.510 ms


Not Found Ranking Fcuntion

Conterexample is 

[1, 231.13253012048193, 1]

sampling time = 2.883 ms


       ########################################         

iteration 12 with 60 examples

2019-05-04-10-25-40   >>>>   Start train ranking function

2019-05-04-10-25-40   >>>>   End train ranking function

train_ranking_functioning time = 1.768 ms


2019-05-04-10-25-40   >>>>   Start verify ranking function

[xr_1 = 1, xr_2 = 1, xr_0 = 19113/5]
ranking function :  - 0.0365 *  x[0]^1.0 - 0.0732 *  x[1]^1.0 + 0.1832 *  x[2]^1.0 + 0.7334 * 1;  - 0.004 *  x[0]^1.0 - 0.0277 *  x[1]^1.0 + 0.2398 *  x[2]^1.0 + 0.8027 * 1; 0.0028 *  x[0]^1.0 + 0.0008 *  x[1]^1.0 + 0.0944 *  x[2]^1.0 + 0.8414 * 1

2019-05-04-10-25-40   >>>>   End verify ranking function

verifying time = 13.208 ms


Not Found Ranking Fcuntion

Conterexample is 

[3822.6, 1, 1]

sampling time = 2.919 ms


       ########################################         

iteration 13 with 64 examples

2019-05-04-10-25-40   >>>>   Start train ranking function

2019-05-04-10-25-40   >>>>   End train ranking function

train_ranking_functioning time = 1.860 ms


2019-05-04-10-25-40   >>>>   Start verify ranking function

[xr_1 = 1, xr_2 = 1, xr_0 = 19232/79]
ranking function :  - 0.0367 *  x[0]^1.0 - 0.0738 *  x[1]^1.0 + 0.1944 *  x[2]^1.0 + 0.7369 * 1;  - 0.0032 *  x[0]^1.0 - 0.0269 *  x[1]^1.0 + 0.2324 *  x[2]^1.0 + 0.804 * 1;  - 0.0004 *  x[0]^1.0 - 0.0019 *  x[1]^1.0 + 0.0931 *  x[2]^1.0 + 0.8426 * 1

2019-05-04-10-25-40   >>>>   End verify ranking function

verifying time = 12.070 ms


Not Found Ranking Fcuntion

Conterexample is 

[243.44303797468353, 1, 1]

sampling time = 2.971 ms


       ########################################         

iteration 14 with 68 examples

2019-05-04-10-25-40   >>>>   Start train ranking function

2019-05-04-10-25-40   >>>>   End train ranking function

train_ranking_functioning time = 1.987 ms


2019-05-04-10-25-40   >>>>   Start verify ranking function

[xr_1 = 1, xr_2 = 1, xr_0 = 19169/182]
ranking function :  - 0.0371 *  x[0]^1.0 - 0.0743 *  x[1]^1.0 + 0.203 *  x[2]^1.0 + 0.7394 * 1;  - 0.0021 *  x[0]^1.0 - 0.0249 *  x[1]^1.0 + 0.2262 *  x[2]^1.0 + 0.8048 * 1; 0.0001 *  x[1]^1.0 + 0.0951 *  x[2]^1.0 + 0.8453 * 1

2019-05-04-10-25-40   >>>>   End verify ranking function

verifying time = 12.031 ms


Not Found Ranking Fcuntion

Conterexample is 

[105.32417582417582, 1, 1]

sampling time = 2.911 ms


       ########################################         

iteration 15 with 72 examples

2019-05-04-10-25-40   >>>>   Start train ranking function

2019-05-04-10-25-40   >>>>   End train ranking function

train_ranking_functioning time = 2.080 ms


2019-05-04-10-25-40   >>>>   Start verify ranking function

[xr_1 = 1, xr_2 = 1, xr_0 = 3203/35]
ranking function :  - 0.0372 *  x[0]^1.0 - 0.0748 *  x[1]^1.0 + 0.2099 *  x[2]^1.0 + 0.7415 * 1;  - 0.0018 *  x[0]^1.0 - 0.0241 *  x[1]^1.0 + 0.2207 *  x[2]^1.0 + 0.8055 * 1; 0.0027 *  x[0]^1.0 - 0.0012 *  x[1]^1.0 + 0.0936 *  x[2]^1.0 + 0.8454 * 1
