------Using Template 0 -----------
2 [2]
*****************************************************

2019-05-04-10-45-40   >>>>   End sampling point

sampling time = 27.431 ms,


       ########################################         

iteration 0 with 104 examples

2019-05-04-10-45-40   >>>>   Start train ranking function

2019-05-04-10-45-40   >>>>   End train ranking function

train_ranking_functioning time = 0.513 ms


2019-05-04-10-45-40   >>>>   Start verify ranking function

valid ranking function
ranking function : 0.5 *  x[0]^1.0 + 0.7 * 1

2019-05-04-10-45-40   >>>>   End verify ranking function

verifying time = 5.841 ms


Found Ranking Fcuntion: 0.5 *  x[0]^1.0 + 0.7 * 1

0.5 *  x[0]^1.0 + 0.7 * 1
FINITE
Time For Template 0 Is--->-62.671000 ms

Time For ../Program_non/115.bpl Is ---> 218.518000 ms

