------Using Template 0 -----------
3 [3]
*****************************************************

2019-05-04-10-55-45   >>>>   End sampling point

sampling time = 52.983 ms,


       ########################################         

iteration 0 with 136 examples

2019-05-04-10-55-45   >>>>   Start train ranking function

2019-05-04-10-55-45   >>>>   End train ranking function

train_ranking_functioning time = 3.074 ms


2019-05-04-10-55-45   >>>>   Start verify ranking function

ranking function : 2.4 *  x[0]^1.0 + 0.8 *  x[1]^1.0 + 3.7 * 1

2019-05-04-10-55-45   >>>>   End verify ranking function

verifying time = 8.019 ms


Not Found Ranking Fcuntion

Conterexample is 

[0, -5]

sampling time = 0.713 ms


       ########################################         

iteration 1 with 138 examples

2019-05-04-10-55-45   >>>>   Start train ranking function

2019-05-04-10-55-45   >>>>   End train ranking function

train_ranking_functioning time = 2.970 ms


2019-05-04-10-55-45   >>>>   Start verify ranking function

ranking function : 2.4 *  x[0]^1.0 + 0.8 *  x[1]^1.0 + 4.0 * 1

2019-05-04-10-55-45   >>>>   End verify ranking function

verifying time = 7.794 ms


Not Found Ranking Fcuntion

Conterexample is 

[0, -6]

sampling time = 0.724 ms


       ########################################         

iteration 2 with 140 examples

2019-05-04-10-55-45   >>>>   Start train ranking function

2019-05-04-10-55-45   >>>>   End train ranking function

train_ranking_functioning time = 3.011 ms


2019-05-04-10-55-45   >>>>   Start verify ranking function

[xi_0 = 0, xi_1 = -8]
ranking function : 2.3 *  x[0]^1.0 + 0.8 *  x[1]^1.0 + 4.4 * 1

2019-05-04-10-55-45   >>>>   End verify ranking function

verifying time = 6.964 ms


Not Found Ranking Fcuntion

Conterexample is 

[0, -8]

sampling time = 0.709 ms


       ########################################         

iteration 3 with 142 examples

2019-05-04-10-55-45   >>>>   Start train ranking function

2019-05-04-10-55-45   >>>>   End train ranking function

train_ranking_functioning time = 3.129 ms


2019-05-04-10-55-45   >>>>   Start verify ranking function

ranking function : 2.1 *  x[0]^1.0 + 0.7 *  x[1]^1.0 + 4.7 * 1

2019-05-04-10-55-45   >>>>   End verify ranking function

verifying time = 7.759 ms


Not Found Ranking Fcuntion

Conterexample is 

[0, -7]

sampling time = 0.730 ms


       ########################################         

iteration 4 with 144 examples

2019-05-04-10-55-45   >>>>   Start train ranking function

2019-05-04-10-55-45   >>>>   End train ranking function

train_ranking_functioning time = 3.097 ms


2019-05-04-10-55-45   >>>>   Start verify ranking function

[xi_0 = 0, xi_1 = -7]
ranking function : 2.0 *  x[0]^1.0 + 0.7 *  x[1]^1.0 + 4.9 * 1

2019-05-04-10-55-45   >>>>   End verify ranking function

verifying time = 7.009 ms


Not Found Ranking Fcuntion

Conterexample is 

[0, -7]

sampling time = 0.714 ms


       ########################################         

iteration 5 with 146 examples

2019-05-04-10-55-45   >>>>   Start train ranking function

2019-05-04-10-55-45   >>>>   End train ranking function

train_ranking_functioning time = 3.180 ms


2019-05-04-10-55-45   >>>>   Start verify ranking function

[xi_0 = 0, xi_1 = -7]
ranking function : 2.0 *  x[0]^1.0 + 0.7 *  x[1]^1.0 + 5.1 * 1

2019-05-04-10-55-45   >>>>   End verify ranking function

verifying time = 6.899 ms


Not Found Ranking Fcuntion

Conterexample is 

[0, -7]

sampling time = 0.722 ms


       ########################################         

iteration 6 with 148 examples

2019-05-04-10-55-45   >>>>   Start train ranking function

2019-05-04-10-55-45   >>>>   End train ranking function

train_ranking_functioning time = 3.241 ms


2019-05-04-10-55-45   >>>>   Start verify ranking function

[xi_0 = 0, xi_1 = -7]
ranking function : 2.0 *  x[0]^1.0 + 0.7 *  x[1]^1.0 + 5.2 * 1

2019-05-04-10-55-45   >>>>   End verify ranking function

verifying time = 6.965 ms


Not Found Ranking Fcuntion

Conterexample is 

[0, -7]

sampling time = 0.726 ms


       ########################################         

iteration 7 with 150 examples

2019-05-04-10-55-45   >>>>   Start train ranking function

2019-05-04-10-55-45   >>>>   End train ranking function

train_ranking_functioning time = 3.438 ms


2019-05-04-10-55-45   >>>>   Start verify ranking function

[xi_0 = 0, xi_1 = -7]
ranking function : 2.0 *  x[0]^1.0 + 0.7 *  x[1]^1.0 + 5.3 * 1

2019-05-04-10-55-45   >>>>   End verify ranking function

verifying time = 6.889 ms


Not Found Ranking Fcuntion

Conterexample is 

[0, -7]

sampling time = 0.770 ms


       ########################################         

iteration 8 with 152 examples

2019-05-04-10-55-45   >>>>   Start train ranking function

2019-05-04-10-55-45   >>>>   End train ranking function

train_ranking_functioning time = 3.389 ms


2019-05-04-10-55-45   >>>>   Start verify ranking function

[xi_0 = 0, xi_1 = -7]
ranking function : 2.0 *  x[0]^1.0 + 0.7 *  x[1]^1.0 + 5.4 * 1

2019-05-04-10-55-45   >>>>   End verify ranking function

verifying time = 6.971 ms


Not Found Ranking Fcuntion

Conterexample is 

[0, -7]

sampling time = 0.730 ms


       ########################################         

iteration 9 with 154 examples

2019-05-04-10-55-45   >>>>   Start train ranking function

2019-05-04-10-55-45   >>>>   End train ranking function

train_ranking_functioning time = 3.474 ms


2019-05-04-10-55-45   >>>>   Start verify ranking function

[xi_0 = 0, xi_1 = -7]
ranking function : 2.0 *  x[0]^1.0 + 0.7 *  x[1]^1.0 + 5.4 * 1

2019-05-04-10-55-45   >>>>   End verify ranking function

verifying time = 7.485 ms


Not Found Ranking Fcuntion

Conterexample is 

[0, -7]

sampling time = 0.734 ms


       ########################################         

iteration 10 with 156 examples

2019-05-04-10-55-45   >>>>   Start train ranking function

2019-05-04-10-55-45   >>>>   End train ranking function

train_ranking_functioning time = 3.578 ms


2019-05-04-10-55-45   >>>>   Start verify ranking function

[xi_0 = 0, xi_1 = -7]
ranking function : 2.0 *  x[0]^1.0 + 0.7 *  x[1]^1.0 + 5.5 * 1

2019-05-04-10-55-45   >>>>   End verify ranking function

verifying time = 6.999 ms


Not Found Ranking Fcuntion

Conterexample is 

[0, -7]

sampling time = 0.739 ms


       ########################################         

iteration 11 with 158 examples

2019-05-04-10-55-45   >>>>   Start train ranking function

2019-05-04-10-55-45   >>>>   End train ranking function

train_ranking_functioning time = 3.762 ms


2019-05-04-10-55-45   >>>>   Start verify ranking function

[xi_0 = 0, xi_1 = -7]
ranking function : 2.0 *  x[0]^1.0 + 0.7 *  x[1]^1.0 + 5.5 * 1

2019-05-04-10-55-45   >>>>   End verify ranking function

verifying time = 6.955 ms


Not Found Ranking Fcuntion

Conterexample is 

[0, -7]

sampling time = 0.737 ms


       ########################################         

iteration 12 with 160 examples

2019-05-04-10-55-45   >>>>   Start train ranking function

2019-05-04-10-55-45   >>>>   End train ranking function

train_ranking_functioning time = 3.690 ms


2019-05-04-10-55-45   >>>>   Start verify ranking function

[xi_0 = 0, xi_1 = -7]
ranking function : 2.0 *  x[0]^1.0 + 0.7 *  x[1]^1.0 + 5.5 * 1

2019-05-04-10-55-45   >>>>   End verify ranking function

verifying time = 6.980 ms


Not Found Ranking Fcuntion

Conterexample is 

[0, -7]

sampling time = 0.731 ms


       ########################################         

iteration 13 with 162 examples

2019-05-04-10-55-45   >>>>   Start train ranking function

2019-05-04-10-55-45   >>>>   End train ranking function

train_ranking_functioning time = 3.728 ms


2019-05-04-10-55-45   >>>>   Start verify ranking function

[xi_0 = 0, xi_1 = -7]
ranking function : 2.0 *  x[0]^1.0 + 0.7 *  x[1]^1.0 + 5.5 * 1

2019-05-04-10-55-45   >>>>   End verify ranking function

verifying time = 6.896 ms


Not Found Ranking Fcuntion

Conterexample is 

[0, -7]

sampling time = 0.742 ms


       ########################################         

iteration 14 with 164 examples

2019-05-04-10-55-45   >>>>   Start train ranking function

2019-05-04-10-55-45   >>>>   End train ranking function

train_ranking_functioning time = 3.867 ms


2019-05-04-10-55-45   >>>>   Start verify ranking function

ranking function : 2.1 *  x[0]^1.0 + 0.7 *  x[1]^1.0 + 5.6 * 1

2019-05-04-10-55-45   >>>>   End verify ranking function

verifying time = 7.908 ms


Not Found Ranking Fcuntion

Conterexample is 

[0, -9]

sampling time = 0.775 ms


       ########################################         

iteration 15 with 166 examples

2019-05-04-10-55-45   >>>>   Start train ranking function

2019-05-04-10-55-45   >>>>   End train ranking function

train_ranking_functioning time = 4.311 ms


2019-05-04-10-55-45   >>>>   Start verify ranking function

[xi_0 = 0, xi_1 = 3]
ranking function : 2.0 *  x[0]^1.0 + 0.6 *  x[1]^1.0 + 5.5 * 1

2019-05-04-10-55-45   >>>>   End verify ranking function

verifying time = 7.136 ms


Not Found Ranking Fcuntion

Conterexample is 

[0, 3]

sampling time = 0.729 ms


       ########################################         

iteration 16 with 168 examples

2019-05-04-10-55-45   >>>>   Start train ranking function

2019-05-04-10-55-45   >>>>   End train ranking function

train_ranking_functioning time = 4.044 ms


2019-05-04-10-55-45   >>>>   Start verify ranking function

[xi_0 = 0, xi_1 = -7]
ranking function : 2.0 *  x[0]^1.0 + 0.7 *  x[1]^1.0 + 5.5 * 1

2019-05-04-10-55-45   >>>>   End verify ranking function

verifying time = 7.251 ms


Not Found Ranking Fcuntion

Conterexample is 

[0, -7]

sampling time = 0.774 ms


       ########################################         

iteration 17 with 170 examples

2019-05-04-10-55-45   >>>>   Start train ranking function

2019-05-04-10-55-45   >>>>   End train ranking function

train_ranking_functioning time = 4.037 ms


2019-05-04-10-55-45   >>>>   Start verify ranking function

[xi_0 = 0, xi_1 = -7]
ranking function : 2.0 *  x[0]^1.0 + 0.7 *  x[1]^1.0 + 5.5 * 1

2019-05-04-10-55-46   >>>>   End verify ranking function

verifying time = 7.868 ms


Not Found Ranking Fcuntion

Conterexample is 

[0, -7]

sampling time = 0.780 ms


       ########################################         

iteration 18 with 172 examples

2019-05-04-10-55-46   >>>>   Start train ranking function

2019-05-04-10-55-46   >>>>   End train ranking function

train_ranking_functioning time = 4.375 ms


2019-05-04-10-55-46   >>>>   Start verify ranking function

[xi_0 = 0, xi_1 = -7]
ranking function : 2.0 *  x[0]^1.0 + 0.7 *  x[1]^1.0 + 5.5 * 1

2019-05-04-10-55-46   >>>>   End verify ranking function

verifying time = 7.326 ms


Not Found Ranking Fcuntion

Conterexample is 

[0, -7]

sampling time = 0.732 ms


       ########################################         

iteration 19 with 174 examples

2019-05-04-10-55-46   >>>>   Start train ranking function

2019-05-04-10-55-46   >>>>   End train ranking function

train_ranking_functioning time = 4.179 ms


2019-05-04-10-55-46   >>>>   Start verify ranking function

[xi_0 = 0, xi_1 = -7]
ranking function : 2.0 *  x[0]^1.0 + 0.7 *  x[1]^1.0 + 5.5 * 1

2019-05-04-10-55-46   >>>>   End verify ranking function

verifying time = 6.911 ms


Not Found Ranking Fcuntion

Conterexample is 

[0, -7]

sampling time = 0.738 ms


       ########################################         

iteration 20 with 176 examples

2019-05-04-10-55-46   >>>>   Start train ranking function

2019-05-04-10-55-46   >>>>   End train ranking function

train_ranking_functioning time = 4.239 ms


2019-05-04-10-55-46   >>>>   Start verify ranking function

[xi_0 = 0, xi_1 = -7]
ranking function : 2.0 *  x[0]^1.0 + 0.7 *  x[1]^1.0 + 5.5 * 1

2019-05-04-10-55-46   >>>>   End verify ranking function

verifying time = 6.949 ms


Not Found Ranking Fcuntion

Conterexample is 

[0, -7]

sampling time = 0.713 ms


       ########################################         

iteration 21 with 178 examples

2019-05-04-10-55-46   >>>>   Start train ranking function

5
2019-05-04-10-55-46   >>>>   End train ranking function

train_ranking_functioning time = 4.256 ms


2019-05-04-10-55-46   >>>>   Start verify ranking function

[xi_0 = 0, xi_1 = -7]
ranking function : 2.0 *  x[0]^1.0 + 0.7 *  x[1]^1.0 + 5.5 * 1

2019-05-04-10-55-46   >>>>   End verify ranking function

verifying time = 6.905 ms


Not Found Ranking Fcuntion

Conterexample is 

[0, -7]

sampling time = 0.733 ms


       ########################################         

iteration 22 with 180 examples

2019-05-04-10-55-46   >>>>   Start train ranking function

2019-05-04-10-55-46   >>>>   End train ranking function

train_ranking_functioning time = 4.373 ms


2019-05-04-10-55-46   >>>>   Start verify ranking function

[xi_0 = 0, xi_1 = -1]
ranking function : 2.0 *  x[0]^1.0 + 1.0 *  x[1]^1.0 + 6.0 * 1

2019-05-04-10-55-46   >>>>   End verify ranking function

verifying time = 6.939 ms


Not Found Ranking Fcuntion

Conterexample is 

[0, -1]

sampling time = 0.728 ms


       ########################################         

iteration 23 with 182 examples

2019-05-04-10-55-46   >>>>   Start train ranking function

2019-05-04-10-55-46   >>>>   End train ranking function

train_ranking_functioning time = 4.451 ms


2019-05-04-10-55-46   >>>>   Start verify ranking function

[xi_0 = 0, xi_1 = -1]
ranking function : 2.0 *  x[0]^1.0 + 1.0 *  x[1]^1.0 + 6.0 * 1

2019-05-04-10-55-46   >>>>   End verify ranking function

verifying time = 6.903 ms


Not Found Ranking Fcuntion

Conterexample is 

[0, -1]

sampling time = 0.747 ms


       ########################################         

iteration 24 with 184 examples

2019-05-04-10-55-46   >>>>   Start train ranking function

2019-05-04-10-55-46   >>>>   End train ranking function

train_ranking_functioning time = 4.378 ms


2019-05-04-10-55-46   >>>>   Start verify ranking function

[xi_0 = 0, xi_1 = -1]
ranking function : 2.0 *  x[0]^1.0 + 1.0 *  x[1]^1.0 + 6.0 * 1

2019-05-04-10-55-46   >>>>   End verify ranking function

verifying time = 6.908 ms


Not Found Ranking Fcuntion

Conterexample is 

[0, -1]

sampling time = 0.729 ms


Failed to prove it is terminated

UNKNOWN
Time For Template 0 Is--->-386.304000 ms

------Using Template 1 -----------
1 [1]
*****************************************************

2019-05-04-10-55-46   >>>>   End sampling point

sampling time = 27.316 ms,


       ########################################         

iteration 0 with 136 examples

2019-05-04-10-55-46   >>>>   Start train ranking function

2019-05-04-10-55-46   >>>>   End train ranking function

train_ranking_functioning time = 2.261 ms


2019-05-04-10-55-46   >>>>   Start verify ranking function

[xi_0 = 0]
ranking function : 

2019-05-04-10-55-46   >>>>   End verify ranking function

verifying time = 7.077 ms


Not Found Ranking Fcuntion

Conterexample is 

[0, 0]

sampling time = 0.353 ms


       ########################################         

iteration 1 with 138 examples

2019-05-04-10-55-46   >>>>   Start train ranking function

2019-05-04-10-55-46   >>>>   End train ranking function

train_ranking_functioning time = 2.253 ms


2019-05-04-10-55-46   >>>>   Start verify ranking function

[xi_0 = 0]
ranking function : 

2019-05-04-10-55-46   >>>>   End verify ranking function

verifying time = 6.969 ms


Not Found Ranking Fcuntion

Conterexample is 

[0, 0]

sampling time = 0.346 ms


       ########################################         

iteration 2 with 140 examples

2019-05-04-10-55-46   >>>>   Start train ranking function

2019-05-04-10-55-46   >>>>   End train ranking function

train_ranking_functioning time = 2.255 ms


2019-05-04-10-55-46   >>>>   Start verify ranking function

[xi_0 = 0]
ranking function : 

2019-05-04-10-55-46   >>>>   End verify ranking function

verifying time = 6.913 ms


Not Found Ranking Fcuntion

Conterexample is 

[0, 0]

sampling time = 0.354 ms


       ########################################         

iteration 3 with 142 examples

2019-05-04-10-55-46   >>>>   Start train ranking function

2019-05-04-10-55-46   >>>>   End train ranking function

train_ranking_functioning time = 4.051 ms


2019-05-04-10-55-46   >>>>   Start verify ranking function

[xi_0 = 0]
ranking function : 

2019-05-04-10-55-46   >>>>   End verify ranking function

verifying time = 7.119 ms


Not Found Ranking Fcuntion

Conterexample is 

[0, 0]

sampling time = 0.522 ms


       ########################################         

iteration 4 with 144 examples

2019-05-04-10-55-46   >>>>   Start train ranking function

2019-05-04-10-55-46   >>>>   End train ranking function

train_ranking_functioning time = 4.095 ms


2019-05-04-10-55-46   >>>>   Start verify ranking function

[xi_0 = 0]
ranking function : 

2019-05-04-10-55-46   >>>>   End verify ranking function

verifying time = 7.496 ms


Not Found Ranking Fcuntion

Conterexample is 

[0, 0]

sampling time = 0.404 ms


       ########################################         

iteration 5 with 146 examples

2019-05-04-10-55-46   >>>>   Start train ranking function

5
2019-05-04-10-55-46   >>>>   End train ranking function

train_ranking_functioning time = 4.261 ms


2019-05-04-10-55-46   >>>>   Start verify ranking function

[xi_0 = 0]
ranking function : 

2019-05-04-10-55-46   >>>>   End verify ranking function

verifying time = 7.118 ms


Not Found Ranking Fcuntion

Conterexample is 

[0, 0]

sampling time = 0.398 ms


       ########################################         

iteration 6 with 148 examples

2019-05-04-10-55-46   >>>>   Start train ranking function

2019-05-04-10-55-46   >>>>   End train ranking function

train_ranking_functioning time = 2.479 ms


2019-05-04-10-55-46   >>>>   Start verify ranking function

[xi_0 = 0]
ranking function : 

2019-05-04-10-55-46   >>>>   End verify ranking function

verifying time = 7.134 ms


Not Found Ranking Fcuntion

Conterexample is 

[0, 0]

sampling time = 0.359 ms


       ########################################         

iteration 7 with 150 examples

2019-05-04-10-55-46   >>>>   Start train ranking function

2019-05-04-10-55-46   >>>>   End train ranking function

train_ranking_functioning time = 4.240 ms


2019-05-04-10-55-46   >>>>   Start verify ranking function

[xi_0 = 0]
ranking function : 

2019-05-04-10-55-46   >>>>   End verify ranking function

verifying time = 6.948 ms


Not Found Ranking Fcuntion

Conterexample is 

[0, 0]

sampling time = 0.372 ms


       ########################################         

iteration 8 with 152 examples

2019-05-04-10-55-46   >>>>   Start train ranking function

2019-05-04-10-55-46   >>>>   End train ranking function

train_ranking_functioning time = 2.454 ms


2019-05-04-10-55-46   >>>>   Start verify ranking function

[xi_0 = 0]
ranking function : 

2019-05-04-10-55-46   >>>>   End verify ranking function

verifying time = 7.020 ms


Not Found Ranking Fcuntion

Conterexample is 

[0, 0]

sampling time = 0.375 ms


       ########################################         

iteration 9 with 154 examples

2019-05-04-10-55-46   >>>>   Start train ranking function

2019-05-04-10-55-46   >>>>   End train ranking function

train_ranking_functioning time = 2.050 ms


2019-05-04-10-55-46   >>>>   Start verify ranking function

[xi_0 = 0]
ranking function : 

2019-05-04-10-55-46   >>>>   End verify ranking function

verifying time = 7.009 ms


Not Found Ranking Fcuntion

Conterexample is 

[0, 0]

sampling time = 0.357 ms


       ########################################         

iteration 10 with 156 examples

2019-05-04-10-55-46   >>>>   Start train ranking function

5
2019-05-04-10-55-46   >>>>   End train ranking function

train_ranking_functioning time = 2.144 ms


2019-05-04-10-55-46   >>>>   Start verify ranking function

[xi_0 = 0]
ranking function : 

2019-05-04-10-55-46   >>>>   End verify ranking function

verifying time = 6.893 ms


Not Found Ranking Fcuntion

Conterexample is 

[0, 0]

sampling time = 0.374 ms


       ########################################         

iteration 11 with 158 examples

2019-05-04-10-55-46   >>>>   Start train ranking function

2019-05-04-10-55-46   >>>>   End train ranking function

train_ranking_functioning time = 2.396 ms


2019-05-04-10-55-46   >>>>   Start verify ranking function

[xi_0 = 0]
ranking function : 

2019-05-04-10-55-46   >>>>   End verify ranking function

verifying time = 6.999 ms


Not Found Ranking Fcuntion

Conterexample is 

[0, 0]

sampling time = 0.356 ms


       ########################################         

iteration 12 with 160 examples

2019-05-04-10-55-46   >>>>   Start train ranking function

2019-05-04-10-55-46   >>>>   End train ranking function

train_ranking_functioning time = 2.447 ms


2019-05-04-10-55-46   >>>>   Start verify ranking function

[xi_0 = 0]
ranking function : 

2019-05-04-10-55-46   >>>>   End verify ranking function

verifying time = 7.046 ms


Not Found Ranking Fcuntion

Conterexample is 

[0, 0]

sampling time = 0.352 ms


       ########################################         

iteration 13 with 162 examples

2019-05-04-10-55-46   >>>>   Start train ranking function

2019-05-04-10-55-46   >>>>   End train ranking function

train_ranking_functioning time = 4.477 ms


2019-05-04-10-55-46   >>>>   Start verify ranking function

[xi_0 = 0]
ranking function : 

2019-05-04-10-55-46   >>>>   End verify ranking function

verifying time = 7.055 ms


Not Found Ranking Fcuntion

Conterexample is 

[0, 0]

sampling time = 0.353 ms


       ########################################         

iteration 14 with 164 examples

2019-05-04-10-55-46   >>>>   Start train ranking function

2019-05-04-10-55-46   >>>>   End train ranking function

train_ranking_functioning time = 2.557 ms


2019-05-04-10-55-46   >>>>   Start verify ranking function

[xi_0 = 0]
ranking function : 

2019-05-04-10-55-46   >>>>   End verify ranking function

verifying time = 7.001 ms


Not Found Ranking Fcuntion

Conterexample is 

[0, 0]

sampling time = 0.358 ms


       ########################################         

iteration 15 with 166 examples

2019-05-04-10-55-46   >>>>   Start train ranking function

5
the coefficient is convergent

Failed to prove it is terminated

UNKNOWN
Time For Template 1 Is--->-198.522000 ms

------Using Template 2 -----------
9 [3, 3, 3]
*****************************************************

2019-05-04-10-55-46   >>>>   End sampling point

sampling time = 143.909 ms,


       ########################################         

iteration 0 with 272 examples

2019-05-04-10-55-46   >>>>   Start train ranking function

2019-05-04-10-55-46   >>>>   End train ranking function

train_ranking_functioning time = 4.189 ms


2019-05-04-10-55-46   >>>>   Start verify ranking function

[xi_0 = 0, xi_1 = 9]
ranking function : 2.8 *  x[0]^1.0 + 0.9 *  x[1]^1.0 + 1.0 * 1; 0.8 *  x[0]^1.0 - 0.1 *  x[1]^1.0 + 0.9 * 1; 1.0 * 1

2019-05-04-10-55-46   >>>>   End verify ranking function

verifying time = 7.210 ms


Not Found Ranking Fcuntion

Conterexample is 

[0, 9]

sampling time = 2.017 ms


       ########################################         

iteration 1 with 276 examples

2019-05-04-10-55-46   >>>>   Start train ranking function

2019-05-04-10-55-46   >>>>   End train ranking function

train_ranking_functioning time = 4.540 ms


2019-05-04-10-55-46   >>>>   Start verify ranking function

[xi_0 = 0, xi_1 = 9]
ranking function : 2.8 *  x[0]^1.0 + 0.9 *  x[1]^1.0 + 1.0 * 1; 0.8 *  x[0]^1.0 - 0.1 *  x[1]^1.0 + 0.9 * 1; 1.0 * 1

2019-05-04-10-55-46   >>>>   End verify ranking function

verifying time = 7.521 ms


Not Found Ranking Fcuntion

Conterexample is 

[0, 9]

sampling time = 2.070 ms


       ########################################         

iteration 2 with 280 examples

2019-05-04-10-55-46   >>>>   Start train ranking function

2019-05-04-10-55-46   >>>>   End train ranking function

train_ranking_functioning time = 4.347 ms


2019-05-04-10-55-46   >>>>   Start verify ranking function

[xi_0 = 0, xi_1 = 9]
ranking function : 2.8 *  x[0]^1.0 + 0.9 *  x[1]^1.0 + 1.0 * 1; 0.8 *  x[0]^1.0 - 0.1 *  x[1]^1.0 + 0.9 * 1; 1.0 * 1

2019-05-04-10-55-46   >>>>   End verify ranking function

verifying time = 7.312 ms


Not Found Ranking Fcuntion

Conterexample is 

[0, 9]

sampling time = 2.049 ms


       ########################################         

iteration 3 with 284 examples

2019-05-04-10-55-46   >>>>   Start train ranking function

2019-05-04-10-55-46   >>>>   End train ranking function

train_ranking_functioning time = 4.444 ms


2019-05-04-10-55-46   >>>>   Start verify ranking function

[xi_0 = 0, xi_1 = 9]
ranking function : 2.8 *  x[0]^1.0 + 0.9 *  x[1]^1.0 + 1.0 * 1; 0.8 *  x[0]^1.0 - 0.1 *  x[1]^1.0 + 0.9 * 1; 1.0 * 1

2019-05-04-10-55-46   >>>>   End verify ranking function

verifying time = 7.901 ms


Not Found Ranking Fcuntion

Conterexample is 

[0, 9]

sampling time = 2.352 ms


       ########################################         

iteration 4 with 288 examples

2019-05-04-10-55-46   >>>>   Start train ranking function

2019-05-04-10-55-46   >>>>   End train ranking function

train_ranking_functioning time = 4.955 ms


2019-05-04-10-55-46   >>>>   Start verify ranking function

[xi_0 = 0, xi_1 = 9]
ranking function : 2.8 *  x[0]^1.0 + 0.9 *  x[1]^1.0 + 1.0 * 1; 0.8 *  x[0]^1.0 - 0.1 *  x[1]^1.0 + 0.9 * 1; 1.0 * 1

2019-05-04-10-55-46   >>>>   End verify ranking function

verifying time = 7.769 ms


Not Found Ranking Fcuntion

Conterexample is 

[0, 9]

sampling time = 2.074 ms


       ########################################         

iteration 5 with 292 examples

2019-05-04-10-55-46   >>>>   Start train ranking function

5
2019-05-04-10-55-46   >>>>   End train ranking function

train_ranking_functioning time = 4.704 ms


2019-05-04-10-55-46   >>>>   Start verify ranking function

[xi_0 = 0, xi_1 = 9]
ranking function : 2.8 *  x[0]^1.0 + 0.9 *  x[1]^1.0 + 1.0 * 1; 0.8 *  x[0]^1.0 - 0.1 *  x[1]^1.0 + 0.9 * 1; 1.0 * 1

2019-05-04-10-55-46   >>>>   End verify ranking function

verifying time = 7.215 ms


Not Found Ranking Fcuntion

Conterexample is 

[0, 9]

sampling time = 2.041 ms


       ########################################         

iteration 6 with 296 examples

2019-05-04-10-55-46   >>>>   Start train ranking function

2019-05-04-10-55-46   >>>>   End train ranking function

train_ranking_functioning time = 4.835 ms


2019-05-04-10-55-46   >>>>   Start verify ranking function

[xi_0 = 0, xi_1 = -221]
ranking function : 2.7789 *  x[0]^1.0 + 0.9277 *  x[1]^1.0 + 1.0167 * 1; 0.7566 *  x[0]^1.0 - 0.0556 *  x[1]^1.0 + 0.9453 * 1; 0.0162 *  x[0]^1.0 + 0.0246 *  x[1]^1.0 + 1.0348 * 1

2019-05-04-10-55-46   >>>>   End verify ranking function

verifying time = 7.269 ms


Not Found Ranking Fcuntion

Conterexample is 

[0, -221]

sampling time = 2.072 ms


       ########################################         

iteration 7 with 300 examples

2019-05-04-10-55-46   >>>>   Start train ranking function

2019-05-04-10-55-46   >>>>   End train ranking function

train_ranking_functioning time = 6.062 ms


2019-05-04-10-55-46   >>>>   Start verify ranking function

[xi_0 = 0, xi_1 = -160]
ranking function : 2.7758 *  x[0]^1.0 + 0.9272 *  x[1]^1.0 + 0.9652 * 1; 0.9196 *  x[0]^1.0 - 0.0012 *  x[1]^1.0 + 0.9695 * 1; 0.0015 *  x[0]^1.0 + 0.0012 *  x[1]^1.0 + 0.9885 * 1

2019-05-04-10-55-46   >>>>   End verify ranking function

verifying time = 7.268 ms


Not Found Ranking Fcuntion

Conterexample is 

[0, -160]

sampling time = 2.021 ms


       ########################################         

iteration 8 with 304 examples

2019-05-04-10-55-46   >>>>   Start train ranking function

2019-05-04-10-55-46   >>>>   End train ranking function

train_ranking_functioning time = 6.508 ms


2019-05-04-10-55-46   >>>>   Start verify ranking function

[xi_0 = 0, xi_1 = -238]
ranking function : 2.776 *  x[0]^1.0 + 0.9266 *  x[1]^1.0 + 0.965 * 1; 0.9245 *  x[0]^1.0 + 0.0004 *  x[1]^1.0 + 0.9702 * 1; 0.0012 *  x[0]^1.0 + 0.0006 *  x[1]^1.0 + 0.9899 * 1

2019-05-04-10-55-46   >>>>   End verify ranking function

verifying time = 7.232 ms


Not Found Ranking Fcuntion

Conterexample is 

[0, -238]

sampling time = 2.048 ms


       ########################################         

iteration 9 with 308 examples

2019-05-04-10-55-46   >>>>   Start train ranking function

2019-05-04-10-55-46   >>>>   End train ranking function

train_ranking_functioning time = 6.791 ms


2019-05-04-10-55-46   >>>>   Start verify ranking function

[xi_0 = 0, xi_1 = -216]
ranking function : 2.7767 *  x[0]^1.0 + 0.927 *  x[1]^1.0 + 0.9655 * 1; 0.9264 *  x[0]^1.0 + 0.0006 *  x[1]^1.0 + 0.9703 * 1; 0.0011 *  x[0]^1.0 + 0.0005 *  x[1]^1.0 + 0.9906 * 1

2019-05-04-10-55-46   >>>>   End verify ranking function

verifying time = 7.183 ms


Not Found Ranking Fcuntion

Conterexample is 

[0, -216]

sampling time = 2.032 ms


       ########################################         

iteration 10 with 312 examples

2019-05-04-10-55-46   >>>>   Start train ranking function

2019-05-04-10-55-46   >>>>   End train ranking function

train_ranking_functioning time = 7.065 ms


2019-05-04-10-55-46   >>>>   Start verify ranking function

[xi_0 = 0, xi_1 = 3083]
ranking function : 2.7774 *  x[0]^1.0 + 0.9257 *  x[1]^1.0 + 0.9655 * 1; 0.9271 *  x[0]^1.0 + 0.0007 *  x[1]^1.0 + 0.9707 * 1; 0.0009 *  x[0]^1.0 + 0.0004 *  x[1]^1.0 + 0.9913 * 1

2019-05-04-10-55-46   >>>>   End verify ranking function

verifying time = 7.147 ms


Not Found Ranking Fcuntion

Conterexample is 

[0, 3083]

sampling time = 2.021 ms


       ########################################         

iteration 11 with 316 examples

2019-05-04-10-55-46   >>>>   Start train ranking function

2019-05-04-10-55-46   >>>>   End train ranking function

train_ranking_functioning time = 7.237 ms


2019-05-04-10-55-46   >>>>   Start verify ranking function

[xi_0 = 0, xi_1 = -182]
ranking function : 2.7774 *  x[0]^1.0 + 0.9275 *  x[1]^1.0 + 0.9661 * 1; 0.9271 *  x[0]^1.0 + 0.001 *  x[1]^1.0 + 0.9701 * 1; 0.0009 *  x[0]^1.0 + 0.0004 *  x[1]^1.0 + 0.9912 * 1

2019-05-04-10-55-46   >>>>   End verify ranking function

verifying time = 7.142 ms


Not Found Ranking Fcuntion

Conterexample is 

[0, -182]

sampling time = 2.014 ms


       ########################################         

iteration 12 with 320 examples

2019-05-04-10-55-46   >>>>   Start train ranking function

2019-05-04-10-55-46   >>>>   End train ranking function

train_ranking_functioning time = 7.276 ms


2019-05-04-10-55-46   >>>>   Start verify ranking function

[xi_0 = 0, xi_1 = -290]
ranking function : 2.7775 *  x[0]^1.0 + 0.9269 *  x[1]^1.0 + 0.9659 * 1; 0.928 *  x[0]^1.0 + 0.0012 *  x[1]^1.0 + 0.9704 * 1; 0.0008 *  x[0]^1.0 + 0.0002 *  x[1]^1.0 + 0.9917 * 1

2019-05-04-10-55-46   >>>>   End verify ranking function

verifying time = 7.276 ms


Not Found Ranking Fcuntion

Conterexample is 

[0, -290]

sampling time = 2.016 ms


       ########################################         

iteration 13 with 324 examples

2019-05-04-10-55-46   >>>>   Start train ranking function

2019-05-04-10-55-46   >>>>   End train ranking function

train_ranking_functioning time = 7.404 ms


2019-05-04-10-55-46   >>>>   Start verify ranking function

[xi_0 = 0, xi_1 = -179]
ranking function : 2.7773 *  x[0]^1.0 + 0.9275 *  x[1]^1.0 + 0.9662 * 1; 0.9288 *  x[0]^1.0 + 0.0014 *  x[1]^1.0 + 0.9705 * 1; 0.0008 *  x[0]^1.0 + 0.0002 *  x[1]^1.0 + 0.9917 * 1

2019-05-04-10-55-46   >>>>   End verify ranking function

verifying time = 7.131 ms


Not Found Ranking Fcuntion

Conterexample is 

[0, -179]

sampling time = 2.028 ms


       ########################################         

iteration 14 with 328 examples

2019-05-04-10-55-46   >>>>   Start train ranking function

2019-05-04-10-55-46   >>>>   End train ranking function

train_ranking_functioning time = 7.661 ms


2019-05-04-10-55-46   >>>>   Start verify ranking function

[xi_0 = 0, xi_1 = -320]
ranking function : 2.7787 *  x[0]^1.0 + 0.9272 *  x[1]^1.0 + 0.9664 * 1; 0.9286 *  x[0]^1.0 + 0.0012 *  x[1]^1.0 + 0.9705 * 1; 0.0009 *  x[0]^1.0 - 0.0002 *  x[1]^1.0 + 0.9918 * 1

2019-05-04-10-55-46   >>>>   End verify ranking function

verifying time = 7.136 ms


Not Found Ranking Fcuntion

Conterexample is 

[0, -320]

sampling time = 2.024 ms


       ########################################         

iteration 15 with 332 examples

2019-05-04-10-55-46   >>>>   Start train ranking function

2019-05-04-10-55-46   >>>>   End train ranking function

train_ranking_functioning time = 8.039 ms


2019-05-04-10-55-46   >>>>   Start verify ranking function

[xi_0 = 0, xi_1 = 9254]
ranking function : 2.779 *  x[0]^1.0 + 0.9263 *  x[1]^1.0 + 0.967 * 1; 0.9289 *  x[0]^1.0 + 0.0007 *  x[1]^1.0 + 0.971 * 1; 0.0007 *  x[0]^1.0 + 0.9918 * 1

2019-05-04-10-55-46   >>>>   End verify ranking function

verifying time = 7.220 ms


Not Found Ranking Fcuntion

Conterexample is 

[0, 9254]

sampling time = 2.329 ms


       ########################################         

iteration 16 with 336 examples

2019-05-04-10-55-46   >>>>   Start train ranking function

2019-05-04-10-55-46   >>>>   End train ranking function

train_ranking_functioning time = 8.667 ms


2019-05-04-10-55-46   >>>>   Start verify ranking function

[xi_0 = 0, xi_1 = -386]
ranking function : 2.7786 *  x[0]^1.0 + 0.927 *  x[1]^1.0 + 0.967 * 1; 0.9289 *  x[0]^1.0 + 0.0015 *  x[1]^1.0 + 0.9707 * 1; 0.0007 *  x[0]^1.0 + 0.0001 *  x[1]^1.0 + 0.9919 * 1

2019-05-04-10-55-46   >>>>   End verify ranking function

verifying time = 7.654 ms


Not Found Ranking Fcuntion

Conterexample is 

[0, -386]

sampling time = 2.104 ms


       ########################################         

iteration 17 with 340 examples

2019-05-04-10-55-46   >>>>   Start train ranking function

2019-05-04-10-55-46   >>>>   End train ranking function

train_ranking_functioning time = 8.510 ms


2019-05-04-10-55-46   >>>>   Start verify ranking function

[xi_0 = 0, xi_1 = -403]
ranking function : 2.7793 *  x[0]^1.0 + 0.9272 *  x[1]^1.0 + 0.967 * 1; 0.9293 *  x[0]^1.0 + 0.0005 *  x[1]^1.0 + 0.9709 * 1; 0.0006 *  x[0]^1.0 + 0.0001 *  x[1]^1.0 + 0.9919 * 1

2019-05-04-10-55-46   >>>>   End verify ranking function

verifying time = 7.499 ms


Not Found Ranking Fcuntion

Conterexample is 

[0, -403]

sampling time = 2.036 ms


       ########################################         

iteration 18 with 344 examples

2019-05-04-10-55-46   >>>>   Start train ranking function

2019-05-04-10-55-46   >>>>   End train ranking function

train_ranking_functioning time = 8.553 ms


2019-05-04-10-55-46   >>>>   Start verify ranking function

[xi_0 = 0, xi_1 = -421]
ranking function : 2.7791 *  x[0]^1.0 + 0.9271 *  x[1]^1.0 + 0.9673 * 1; 0.9289 *  x[0]^1.0 + 0.0006 *  x[1]^1.0 + 0.9709 * 1; 0.0007 *  x[0]^1.0 + 0.0001 *  x[1]^1.0 + 0.992 * 1

2019-05-04-10-55-46   >>>>   End verify ranking function

verifying time = 7.315 ms


Not Found Ranking Fcuntion

Conterexample is 

[0, -421]

sampling time = 2.023 ms


       ########################################         

iteration 19 with 348 examples

2019-05-04-10-55-46   >>>>   Start train ranking function

2019-05-04-10-55-46   >>>>   End train ranking function

train_ranking_functioning time = 8.590 ms


2019-05-04-10-55-46   >>>>   Start verify ranking function

[xi_0 = 0, xi_1 = -464]
ranking function : 2.7793 *  x[0]^1.0 + 0.9271 *  x[1]^1.0 + 0.9673 * 1; 0.9295 *  x[0]^1.0 + 0.0011 *  x[1]^1.0 + 0.9709 * 1; 0.0007 *  x[0]^1.0 + 0.9918 * 1

2019-05-04-10-55-46   >>>>   End verify ranking function

verifying time = 7.178 ms


Not Found Ranking Fcuntion

Conterexample is 

[0, -464]

sampling time = 2.078 ms


       ########################################         

iteration 20 with 352 examples

2019-05-04-10-55-46   >>>>   Start train ranking function

2019-05-04-10-55-46   >>>>   End train ranking function

train_ranking_functioning time = 8.859 ms


2019-05-04-10-55-46   >>>>   Start verify ranking function

[xi_0 = 0, xi_1 = 2314]
ranking function : 2.78 *  x[0]^1.0 + 0.9265 *  x[1]^1.0 + 0.9678 * 1; 0.9292 *  x[0]^1.0 + 0.0012 *  x[1]^1.0 + 0.9709 * 1; 0.0008 *  x[0]^1.0 + 0.9919 * 1

2019-05-04-10-55-46   >>>>   End verify ranking function

verifying time = 7.155 ms


Not Found Ranking Fcuntion

Conterexample is 

[0, 2314]

sampling time = 2.071 ms


       ########################################         

iteration 21 with 356 examples

2019-05-04-10-55-46   >>>>   Start train ranking function

2019-05-04-10-55-46   >>>>   End train ranking function

train_ranking_functioning time = 8.767 ms


2019-05-04-10-55-46   >>>>   Start verify ranking function

[xi_0 = 0, xi_1 = -442]
ranking function : 2.7804 *  x[0]^1.0 + 0.9275 *  x[1]^1.0 + 0.9678 * 1; 0.9297 *  x[0]^1.0 + 0.0009 *  x[1]^1.0 + 0.9708 * 1; 0.0008 *  x[0]^1.0 + 0.0002 *  x[1]^1.0 + 0.992 * 1

2019-05-04-10-55-46   >>>>   End verify ranking function

verifying time = 7.105 ms


Not Found Ranking Fcuntion

Conterexample is 

[0, -442]

sampling time = 2.072 ms


       ########################################         

iteration 22 with 360 examples

2019-05-04-10-55-46   >>>>   Start train ranking function

2019-05-04-10-55-46   >>>>   End train ranking function

train_ranking_functioning time = 8.976 ms


2019-05-04-10-55-46   >>>>   Start verify ranking function

[xi_0 = 0, xi_1 = -198]
ranking function : 2.78 *  x[0]^1.0 + 0.9282 *  x[1]^1.0 + 0.9678 * 1; 0.9295 *  x[0]^1.0 + 0.0008 *  x[1]^1.0 + 0.9709 * 1; 0.0008 *  x[0]^1.0 + 0.9918 * 1

2019-05-04-10-55-46   >>>>   End verify ranking function

verifying time = 7.251 ms


Not Found Ranking Fcuntion

Conterexample is 

[0, -198]

sampling time = 2.037 ms


       ########################################         

iteration 23 with 364 examples

2019-05-04-10-55-46   >>>>   Start train ranking function

2019-05-04-10-55-46   >>>>   End train ranking function

train_ranking_functioning time = 9.032 ms


2019-05-04-10-55-46   >>>>   Start verify ranking function

[xi_0 = 0, xi_1 = -515]
ranking function : 2.7804 *  x[0]^1.0 + 0.9274 *  x[1]^1.0 + 0.9679 * 1; 0.9297 *  x[0]^1.0 + 0.001 *  x[1]^1.0 + 0.9706 * 1; 0.0007 *  x[0]^1.0 + 0.9919 * 1

2019-05-04-10-55-46   >>>>   End verify ranking function

verifying time = 7.302 ms


Not Found Ranking Fcuntion

Conterexample is 

[0, -515]

sampling time = 2.072 ms


       ########################################         

iteration 24 with 368 examples

2019-05-04-10-55-46   >>>>   Start train ranking function

2019-05-04-10-55-46   >>>>   End train ranking function

train_ranking_functioning time = 9.091 ms


2019-05-04-10-55-46   >>>>   Start verify ranking function

[xi_0 = 0, xi_1 = -320]
ranking function : 2.7799 *  x[0]^1.0 + 0.9276 *  x[1]^1.0 + 0.9679 * 1; 0.9298 *  x[0]^1.0 + 0.0008 *  x[1]^1.0 + 0.9709 * 1; 0.0007 *  x[0]^1.0 - 0.0001 *  x[1]^1.0 + 0.9919 * 1

2019-05-04-10-55-46   >>>>   End verify ranking function

verifying time = 7.176 ms


Not Found Ranking Fcuntion

Conterexample is 

[0, -320]

sampling time = 2.147 ms


Failed to prove it is terminated

UNKNOWN
Time For Template 2 Is--->-623.038000 ms

------Using Template 3 -----------
7 [3, 2, 2]
*****************************************************

2019-05-04-10-55-47   >>>>   End sampling point

sampling time = 138.056 ms,


       ########################################         

iteration 0 with 272 examples

2019-05-04-10-55-47   >>>>   Start train ranking function

2019-05-04-10-55-47   >>>>   End train ranking function

train_ranking_functioning time = 7.298 ms


2019-05-04-10-55-47   >>>>   Start verify ranking function

[xi_0 = 0]
ranking function : ; 0.8 *  x[0]^0.5 *  x[1]^-2.0; 0.1 *  x[0]^1.0 + 0.2 *  x[0]^0.5 *  x[1]^-3.0

2019-05-04-10-55-47   >>>>   End verify ranking function

verifying time = 9.794 ms


Not Found Ranking Fcuntion

Conterexample is 

[0, 0]

sampling time = 1.823 ms


       ########################################         

iteration 1 with 276 examples

2019-05-04-10-55-47   >>>>   Start train ranking function

2019-05-04-10-55-47   >>>>   End train ranking function

train_ranking_functioning time = 9.942 ms


2019-05-04-10-55-47   >>>>   Start verify ranking function

[xi_0 = 1, xi_1 = 1]
ranking function :  - 0.1 *  x[0]^0.5 *  x[1]^-3.0 + 0.1 *  x[1]^-1.0 - 0.1 *  x[0]^0.5 *  x[1]^-3.0; 0.8 *  x[0]^0.5 *  x[1]^-2.0; 0.1 *  x[0]^1.0 + 0.2 *  x[0]^0.5 *  x[1]^-3.0

2019-05-04-10-55-47   >>>>   End verify ranking function

verifying time = 17.940 ms


Not Found Ranking Fcuntion

Conterexample is 

[1, 1]

sampling time = 1.910 ms


       ########################################         

iteration 2 with 280 examples

2019-05-04-10-55-47   >>>>   Start train ranking function

2019-05-04-10-55-47   >>>>   End train ranking function

train_ranking_functioning time = 10.147 ms


2019-05-04-10-55-47   >>>>   Start verify ranking function

[xi_0 = 1, xi_1 = 1]
ranking function :  - 0.1 *  x[0]^0.5 *  x[1]^-3.0 + 0.1 *  x[1]^-1.0 - 0.1 *  x[0]^0.5 *  x[1]^-3.0; 0.8 *  x[0]^0.5 *  x[1]^-2.0; 0.1 *  x[0]^1.0 + 0.2 *  x[0]^0.5 *  x[1]^-3.0

2019-05-04-10-55-47   >>>>   End verify ranking function

verifying time = 17.431 ms


Not Found Ranking Fcuntion

Conterexample is 

[1, 1]

sampling time = 2.166 ms


       ########################################         

iteration 3 with 284 examples

2019-05-04-10-55-47   >>>>   Start train ranking function

2019-05-04-10-55-47   >>>>   End train ranking function

train_ranking_functioning time = 11.290 ms


2019-05-04-10-55-47   >>>>   Start verify ranking function

[xi_0 = 0, xi_1 = 2]
ranking function : 0.1 *  x[1]^-1.0; 0.8 *  x[0]^0.5 *  x[1]^-2.0; 0.1 *  x[0]^1.0 + 0.2 *  x[0]^0.5 *  x[1]^-3.0

2019-05-04-10-55-47   >>>>   End verify ranking function

verifying time = 12.009 ms


Not Found Ranking Fcuntion

Conterexample is 

[0, 2]

sampling time = 2.108 ms


       ########################################         

iteration 4 with 288 examples

2019-05-04-10-55-47   >>>>   Start train ranking function

2019-05-04-10-55-47   >>>>   End train ranking function

train_ranking_functioning time = 8.314 ms


2019-05-04-10-55-47   >>>>   Start verify ranking function

[xi_0 = 1, xi_1 = 1]
ranking function :  - 0.1 *  x[0]^0.5 *  x[1]^-3.0 + 0.1 *  x[1]^-1.0 - 0.1 *  x[0]^0.5 *  x[1]^-3.0; 0.8 *  x[0]^0.5 *  x[1]^-2.0; 0.1 *  x[0]^1.0 + 0.2 *  x[0]^0.5 *  x[1]^-3.0

2019-05-04-10-55-47   >>>>   End verify ranking function

verifying time = 18.473 ms


Not Found Ranking Fcuntion

Conterexample is 

[1, 1]

sampling time = 2.046 ms


       ########################################         

iteration 5 with 292 examples

2019-05-04-10-55-47   >>>>   Start train ranking function

2019-05-04-10-55-47   >>>>   End train ranking function

train_ranking_functioning time = 10.658 ms


2019-05-04-10-55-47   >>>>   Start verify ranking function

[xi_0 = 1, xi_1 = 1]
ranking function :  - 0.1 *  x[0]^0.5 *  x[1]^-3.0 + 0.1 *  x[1]^-1.0 - 0.1 *  x[0]^0.5 *  x[1]^-3.0; 0.8 *  x[0]^0.5 *  x[1]^-2.0; 0.1 *  x[0]^1.0 + 0.2 *  x[0]^0.5 *  x[1]^-3.0

2019-05-04-10-55-47   >>>>   End verify ranking function

verifying time = 17.526 ms


Not Found Ranking Fcuntion

Conterexample is 

[1, 1]

sampling time = 1.910 ms


       ########################################         

iteration 6 with 296 examples

2019-05-04-10-55-47   >>>>   Start train ranking function

2019-05-04-10-55-47   >>>>   End train ranking function

train_ranking_functioning time = 8.525 ms


2019-05-04-10-55-47   >>>>   Start verify ranking function

[xi_0 = 0, xi_1 = 2]
ranking function : 0.1 *  x[1]^-1.0; 0.8 *  x[0]^0.5 *  x[1]^-2.0; 0.1 *  x[0]^1.0 + 0.2 *  x[0]^0.5 *  x[1]^-3.0

2019-05-04-10-55-47   >>>>   End verify ranking function

verifying time = 11.044 ms


Not Found Ranking Fcuntion

Conterexample is 

[0, 2]

sampling time = 1.889 ms


       ########################################         

iteration 7 with 300 examples

2019-05-04-10-55-47   >>>>   Start train ranking function

2019-05-04-10-55-47   >>>>   End train ranking function

train_ranking_functioning time = 10.802 ms


2019-05-04-10-55-47   >>>>   Start verify ranking function

[xi_0 = 1, xi_1 = 1]
ranking function :  - 0.1 *  x[0]^0.5 *  x[1]^-3.0 + 0.2 *  x[1]^-1.0 - 0.1 *  x[0]^0.5 *  x[1]^-3.0; 0.8 *  x[0]^0.5 *  x[1]^-2.0; 0.1 *  x[0]^1.0 + 0.2 *  x[0]^0.5 *  x[1]^-3.0

2019-05-04-10-55-47   >>>>   End verify ranking function

verifying time = 19.862 ms


Not Found Ranking Fcuntion

Conterexample is 

[1, 1]

sampling time = 1.950 ms


       ########################################         

iteration 8 with 304 examples

2019-05-04-10-55-47   >>>>   Start train ranking function

2019-05-04-10-55-47   >>>>   End train ranking function

train_ranking_functioning time = 10.997 ms


2019-05-04-10-55-47   >>>>   Start verify ranking function

[xi_0 = 1, xi_1 = 1]
ranking function :  - 0.1 *  x[0]^0.5 *  x[1]^-3.0 + 0.2 *  x[1]^-1.0 - 0.1 *  x[0]^0.5 *  x[1]^-3.0; 0.8 *  x[0]^0.5 *  x[1]^-2.0; 0.1 *  x[0]^1.0 + 0.3 *  x[0]^0.5 *  x[1]^-3.0

2019-05-04-10-55-47   >>>>   End verify ranking function

verifying time = 17.395 ms


Not Found Ranking Fcuntion

Conterexample is 

[1, 1]

sampling time = 1.961 ms


       ########################################         

iteration 9 with 308 examples

2019-05-04-10-55-47   >>>>   Start train ranking function

2019-05-04-10-55-47   >>>>   End train ranking function

train_ranking_functioning time = 11.238 ms


2019-05-04-10-55-47   >>>>   Start verify ranking function

[xi_0 = 1, xi_1 = 1]
ranking function :  - 0.1 *  x[0]^0.5 *  x[1]^-3.0 + 0.2 *  x[1]^-1.0 - 0.1 *  x[0]^0.5 *  x[1]^-3.0; 0.8 *  x[0]^0.5 *  x[1]^-2.0; 0.1 *  x[0]^1.0 + 0.3 *  x[0]^0.5 *  x[1]^-3.0

2019-05-04-10-55-47   >>>>   End verify ranking function

verifying time = 17.991 ms


Not Found Ranking Fcuntion

Conterexample is 

[1, 1]

sampling time = 1.899 ms


       ########################################         

iteration 10 with 312 examples

2019-05-04-10-55-47   >>>>   Start train ranking function

2019-05-04-10-55-47   >>>>   End train ranking function

train_ranking_functioning time = 11.783 ms


2019-05-04-10-55-47   >>>>   Start verify ranking function

[xi_0 = 0, xi_1 = 0]
ranking function : 0.2 *  x[1]^-1.0; 0.8 *  x[0]^0.5 *  x[1]^-2.0; 0.1 *  x[0]^1.0 + 0.3 *  x[0]^0.5 *  x[1]^-3.0

2019-05-04-10-55-47   >>>>   End verify ranking function

verifying time = 10.157 ms


Not Found Ranking Fcuntion

Conterexample is 

[0, 0]

sampling time = 1.933 ms


       ########################################         

iteration 11 with 316 examples

2019-05-04-10-55-47   >>>>   Start train ranking function

2019-05-04-10-55-47   >>>>   End train ranking function

train_ranking_functioning time = 8.730 ms


2019-05-04-10-55-47   >>>>   Start verify ranking function

[xi_0 = 1, xi_1 = 1]
ranking function :  - 0.1 *  x[0]^0.5 *  x[1]^-3.0 + 0.2 *  x[1]^-1.0 - 0.1 *  x[0]^0.5 *  x[1]^-3.0; 0.8 *  x[0]^0.5 *  x[1]^-2.0; 0.1 *  x[0]^1.0 + 0.3 *  x[0]^0.5 *  x[1]^-3.0

2019-05-04-10-55-47   >>>>   End verify ranking function

verifying time = 19.738 ms


Not Found Ranking Fcuntion

Conterexample is 

[1, 1]

sampling time = 1.944 ms


       ########################################         

iteration 12 with 320 examples

2019-05-04-10-55-47   >>>>   Start train ranking function

2019-05-04-10-55-47   >>>>   End train ranking function

train_ranking_functioning time = 11.681 ms


2019-05-04-10-55-47   >>>>   Start verify ranking function

[xi_0 = 1, xi_1 = 1]
ranking function :  - 0.1 *  x[0]^0.5 *  x[1]^-3.0 + 0.2 *  x[1]^-1.0 - 0.1 *  x[0]^0.5 *  x[1]^-3.0; 0.8 *  x[0]^0.5 *  x[1]^-2.0; 0.1 *  x[0]^1.0 + 0.3 *  x[0]^0.5 *  x[1]^-3.0

2019-05-04-10-55-47   >>>>   End verify ranking function

verifying time = 17.310 ms


Not Found Ranking Fcuntion

Conterexample is 

[1, 1]

sampling time = 1.897 ms


       ########################################         

iteration 13 with 324 examples

2019-05-04-10-55-47   >>>>   Start train ranking function

2019-05-04-10-55-47   >>>>   End train ranking function

train_ranking_functioning time = 11.865 ms


2019-05-04-10-55-47   >>>>   Start verify ranking function

[xi_0 = 1, xi_1 = 1]
ranking function :  - 0.1 *  x[0]^0.5 *  x[1]^-3.0 + 0.2 *  x[1]^-1.0 - 0.1 *  x[0]^0.5 *  x[1]^-3.0; 0.8 *  x[0]^0.5 *  x[1]^-2.0; 0.1 *  x[0]^1.0 + 0.3 *  x[0]^0.5 *  x[1]^-3.0

2019-05-04-10-55-47   >>>>   End verify ranking function

verifying time = 17.524 ms


Not Found Ranking Fcuntion

Conterexample is 

[1, 1]

sampling time = 1.938 ms


       ########################################         

iteration 14 with 328 examples

2019-05-04-10-55-47   >>>>   Start train ranking function

2019-05-04-10-55-47   >>>>   End train ranking function

train_ranking_functioning time = 11.532 ms


2019-05-04-10-55-47   >>>>   Start verify ranking function

[xi_0 = 0, xi_1 = 2]
ranking function : 0.2 *  x[1]^-1.0; 0.8 *  x[0]^0.5 *  x[1]^-2.0; 0.1 *  x[0]^1.0 + 0.3 *  x[0]^0.5 *  x[1]^-3.0

2019-05-04-10-55-47   >>>>   End verify ranking function

verifying time = 11.086 ms


Not Found Ranking Fcuntion

Conterexample is 

[0, 2]

sampling time = 1.896 ms


       ########################################         

iteration 15 with 332 examples

2019-05-04-10-55-47   >>>>   Start train ranking function
