------Using Template 0 -----------
3 [3]
*****************************************************

2019-05-04-11-00-45   >>>>   End sampling point

sampling time = 43.428 ms,


       ########################################         

iteration 0 with 106 examples

2019-05-04-11-00-45   >>>>   Start train ranking function

2019-05-04-11-00-45   >>>>   End train ranking function

train_ranking_functioning time = 2.757 ms


2019-05-04-11-00-45   >>>>   Start verify ranking function

valid ranking function
ranking function : 1.5 *  x[0]^1.0 + 0.5 *  x[1]^1.0 + 0.9 * 1

2019-05-04-11-00-45   >>>>   End verify ranking function

verifying time = 7.202 ms


Found Ranking Fcuntion: 1.5 *  x[0]^1.0 + 0.5 *  x[1]^1.0 + 0.9 * 1

1.5 *  x[0]^1.0 + 0.5 *  x[1]^1.0 + 0.9 * 1
FINITE
Time For Template 0 Is--->-74.879000 ms

Time For ../Program_non/127.bpl Is ---> 239.896000 ms

