------Using Template 0 -----------
5 [5]
*****************************************************

2019-05-04-11-05-47   >>>>   End sampling point

sampling time = 80.608 ms,


       ########################################         

iteration 0 with 112 examples

2019-05-04-11-05-47   >>>>   Start train ranking function

2019-05-04-11-05-47   >>>>   End train ranking function

train_ranking_functioning time = 0.997 ms


2019-05-04-11-05-47   >>>>   Start verify ranking function

ranking function : 0.4 *  x[0]^1.0 + 0.2 *  x[1]^1.0 + 1.1 * 1

2019-05-04-11-05-47   >>>>   End verify ranking function

verifying time = 10.216 ms


Not Found Ranking Fcuntion

Conterexample is 

[0, -6, 0, 0]

sampling time = 1.347 ms


       ########################################         

iteration 1 with 114 examples

2019-05-04-11-05-47   >>>>   Start train ranking function

2019-05-04-11-05-47   >>>>   End train ranking function

train_ranking_functioning time = 1.007 ms


2019-05-04-11-05-47   >>>>   Start verify ranking function

valid ranking function
ranking function : 0.9 *  x[0]^1.0 + 1.0 * 1

2019-05-04-11-05-47   >>>>   End verify ranking function

verifying time = 9.155 ms


Found Ranking Fcuntion: 0.9 *  x[0]^1.0 + 1.0 * 1

0.9 *  x[0]^1.0 + 1.0 * 1
FINATE
Time For Template 0 Is--->-124.441000 ms

Time For ../Program_non/132.bpl Is ---> 276.397000 ms

