------Using Template 0 -----------
6 [6]
*****************************************************

2019-05-04-11-05-48   >>>>   End sampling point

sampling time = 91.980 ms,


       ########################################         

iteration 0 with 100 examples

2019-05-04-11-05-48   >>>>   Start train ranking function

2019-05-04-11-05-48   >>>>   End train ranking function

train_ranking_functioning time = 0.567 ms


2019-05-04-11-05-48   >>>>   Start verify ranking function

ranking function : 1.0 *  x[0]^1.0 + 0.1 *  x[1]^1.0 + 0.1 *  x[2]^1.0 + 0.1 *  x[3]^1.0 + 0.9 * 1

2019-05-04-11-05-48   >>>>   End verify ranking function

verifying time = 11.895 ms


Not Found Ranking Fcuntion

Conterexample is 

[0, -10, 0, 0, 0]

sampling time = 1.681 ms


       ########################################         

iteration 1 with 102 examples

2019-05-04-11-05-48   >>>>   Start train ranking function

2019-05-04-11-05-48   >>>>   End train ranking function

train_ranking_functioning time = 0.584 ms


2019-05-04-11-05-48   >>>>   Start verify ranking function

valid ranking function
ranking function : 1.0 *  x[0]^1.0 + 1.0 * 1

2019-05-04-11-05-48   >>>>   End verify ranking function

verifying time = 10.357 ms


Found Ranking Fcuntion: 1.0 *  x[0]^1.0 + 1.0 * 1

1.0 *  x[0]^1.0 + 1.0 * 1
FINATE
Time For Template 0 Is--->-140.051000 ms

Time For ../Program_non/133.bpl Is ---> 293.205000 ms

