------Using Template 0 -----------
5 [5]
*****************************************************

2019-05-04-11-10-50   >>>>   End sampling point

sampling time = 306.076 ms,


       ########################################         

iteration 0 with 454 examples

2019-05-04-11-10-50   >>>>   Start train ranking function

2019-05-04-11-10-50   >>>>   End train ranking function

train_ranking_functioning time = 1.086 ms


2019-05-04-11-10-50   >>>>   Start verify ranking function

[xr_1 = 0, xr_3 = -6652/75, xr_2 = 0, xr_0 = 0]
ranking function : 0.0225 *  x[0]^1.0 - 0.4983 *  x[1]^1.0 + 0.0225 *  x[2]^1.0 - 0.4983 *  x[3]^1.0 + 2.0589 * 1

2019-05-04-11-10-50   >>>>   End verify ranking function

verifying time = 8.600 ms


Not Found Ranking Fcuntion

Conterexample is 

[0, 0, 0, -88.69333333333333]

sampling time = 1.360 ms


       ########################################         

iteration 1 with 456 examples

2019-05-04-11-10-50   >>>>   Start train ranking function

2019-05-04-11-10-50   >>>>   End train ranking function

train_ranking_functioning time = 6.332 ms


2019-05-04-11-10-50   >>>>   Start verify ranking function

[xr_1 = -2005/23, xr_2 = 0, xr_0 = 0]
ranking function : 0.0115 *  x[0]^1.0 - 0.496 *  x[1]^1.0 - 0.496 *  x[3]^1.0 + 2.0762 * 1

2019-05-04-11-10-50   >>>>   End verify ranking function

verifying time = 8.398 ms


Not Found Ranking Fcuntion

Conterexample is 

[0, -87.17391304347827, 0, 0]

sampling time = 1.348 ms


       ########################################         

iteration 2 with 458 examples

2019-05-04-11-10-50   >>>>   Start train ranking function

2019-05-04-11-10-50   >>>>   End train ranking function

train_ranking_functioning time = 9.047 ms


2019-05-04-11-10-50   >>>>   Start verify ranking function

ranking function :  - 0.4963 *  x[1]^1.0 - 0.4963 *  x[3]^1.0 + 2.0846 * 1

2019-05-04-11-10-50   >>>>   End verify ranking function

verifying time = 9.816 ms


Not Found Ranking Fcuntion

Conterexample is 

[0, 6.215192423937135, 0, 0]

sampling time = 1.361 ms


       ########################################         

iteration 3 with 460 examples

2019-05-04-11-10-50   >>>>   Start train ranking function

2019-05-04-11-10-50   >>>>   End train ranking function

train_ranking_functioning time = 9.456 ms


2019-05-04-11-10-50   >>>>   Start verify ranking function

ranking function :  - 0.1858 *  x[1]^1.0 - 0.8064 *  x[3]^1.0 + 2.0982 * 1

2019-05-04-11-10-50   >>>>   End verify ranking function

verifying time = 9.848 ms


Not Found Ranking Fcuntion

Conterexample is 

[0, 16.67491926803014, 0, 0]

sampling time = 1.404 ms


       ########################################         

iteration 4 with 462 examples

2019-05-04-11-10-50   >>>>   Start train ranking function

2019-05-04-11-10-50   >>>>   End train ranking function

train_ranking_functioning time = 9.748 ms


2019-05-04-11-10-50   >>>>   Start verify ranking function

ranking function :  - 0.0698 *  x[1]^1.0 - 0.9218 *  x[3]^1.0 + 2.1263 * 1

2019-05-04-11-10-50   >>>>   End verify ranking function

verifying time = 9.821 ms


Not Found Ranking Fcuntion

Conterexample is 

[0, 44.789398280802295, 0, 0]

sampling time = 1.368 ms


       ########################################         

iteration 5 with 464 examples

2019-05-04-11-10-50   >>>>   Start train ranking function

2019-05-04-11-10-50   >>>>   End train ranking function

train_ranking_functioning time = 10.592 ms


2019-05-04-11-10-50   >>>>   Start verify ranking function

[xr_3 = -9910, xr_2 = 0, xr_0 = 0]
ranking function :  - 0.0262 *  x[1]^1.0 + 0.0001 *  x[2]^1.0 - 0.9657 *  x[3]^1.0 + 2.1503 * 1

2019-05-04-11-10-50   >>>>   End verify ranking function

verifying time = 8.401 ms


Not Found Ranking Fcuntion

Conterexample is 

[0, 0, 0, -9910]

sampling time = 1.375 ms


       ########################################         

iteration 6 with 466 examples

2019-05-04-11-10-50   >>>>   Start train ranking function

2019-05-04-11-10-50   >>>>   End train ranking function

train_ranking_functioning time = 10.817 ms


2019-05-04-11-10-50   >>>>   Start verify ranking function

[xr_1 = -9911, xr_2 = 0, xr_0 = 0]
ranking function : 0.0001 *  x[0]^1.0 - 0.0262 *  x[1]^1.0 - 0.9658 *  x[3]^1.0 + 2.1508 * 1

2019-05-04-11-10-50   >>>>   End verify ranking function

verifying time = 8.442 ms


Not Found Ranking Fcuntion

Conterexample is 

[0, -9911, 0, 0]

sampling time = 1.344 ms


       ########################################         

iteration 7 with 468 examples

2019-05-04-11-10-50   >>>>   Start train ranking function

2019-05-04-11-10-50   >>>>   End train ranking function

train_ranking_functioning time = 11.192 ms


2019-05-04-11-10-50   >>>>   Start verify ranking function

ranking function :  - 0.0262 *  x[1]^1.0 - 0.9661 *  x[3]^1.0 + 2.151 * 1

2019-05-04-11-10-50   >>>>   End verify ranking function

verifying time = 9.778 ms


Not Found Ranking Fcuntion

Conterexample is 

[0, 0, 0, 3.2615671255563607]

sampling time = 1.358 ms


       ########################################         

iteration 8 with 470 examples

2019-05-04-11-10-50   >>>>   Start train ranking function

2019-05-04-11-10-50   >>>>   End train ranking function

train_ranking_functioning time = 9.906 ms


2019-05-04-11-10-50   >>>>   Start verify ranking function

[xr_1 = 0, xr_3 = 19787, xr_2 = 0, xr_0 = 0]
ranking function :  - 0.0001 *  x[0]^1.0 - 0.0419 *  x[1]^1.0 - 0.0001 *  x[2]^1.0 - 0.9378 *  x[3]^1.0 + 2.7748 * 1

2019-05-04-11-10-50   >>>>   End verify ranking function

verifying time = 8.475 ms


Not Found Ranking Fcuntion

Conterexample is 

[0, 0, 0, 19787]

sampling time = 1.387 ms


       ########################################         

iteration 9 with 472 examples

2019-05-04-11-10-50   >>>>   Start train ranking function

2019-05-04-11-10-50   >>>>   End train ranking function

train_ranking_functioning time = 9.896 ms


2019-05-04-11-10-50   >>>>   Start verify ranking function

[xr_1 = 0, xr_3 = -13989/74, xr_2 = 0, xr_0 = 0]
ranking function : 0.0035 *  x[0]^1.0 - 0.2878 *  x[1]^1.0 + 0.0074 *  x[2]^1.0 - 0.1121 *  x[3]^1.0 + 6.7047 * 1

2019-05-04-11-10-50   >>>>   End verify ranking function

verifying time = 8.819 ms


Not Found Ranking Fcuntion

Conterexample is 

[0, 0, 0, -189.04054054054055]

sampling time = 1.381 ms


       ########################################         

iteration 10 with 474 examples

2019-05-04-11-10-50   >>>>   Start train ranking function

2019-05-04-11-10-50   >>>>   End train ranking function

train_ranking_functioning time = 9.995 ms


2019-05-04-11-10-50   >>>>   Start verify ranking function

[xr_1 = -13980/71, xr_3 = 0, xr_2 = 0, xr_0 = 0]
ranking function : 0.0071 *  x[0]^1.0 - 0.3533 *  x[1]^1.0 + 0.0005 *  x[2]^1.0 - 0.0457 *  x[3]^1.0 + 6.7222 * 1

2019-05-04-11-10-50   >>>>   End verify ranking function

verifying time = 8.562 ms


Not Found Ranking Fcuntion

Conterexample is 

[0, -196.90140845070422, 0, 0]

sampling time = 1.412 ms


       ########################################         

iteration 11 with 476 examples

2019-05-04-11-10-50   >>>>   Start train ranking function

2019-05-04-11-10-50   >>>>   End train ranking function

train_ranking_functioning time = 10.099 ms


2019-05-04-11-10-50   >>>>   Start verify ranking function

[xr_1 = 0, xr_3 = -13959/13, xr_2 = 0, xr_0 = 0]
ranking function : 0.0089 *  x[0]^1.0 - 0.3497 *  x[1]^1.0 + 0.0013 *  x[2]^1.0 - 0.0472 *  x[3]^1.0 + 6.7308 * 1

2019-05-04-11-10-50   >>>>   End verify ranking function

verifying time = 8.527 ms


Not Found Ranking Fcuntion

Conterexample is 

[0, 0, 0, -1073.7692307692307]

sampling time = 1.359 ms


       ########################################         

iteration 12 with 478 examples

2019-05-04-11-10-50   >>>>   Start train ranking function

2019-05-04-11-10-50   >>>>   End train ranking function

train_ranking_functioning time = 10.140 ms


2019-05-04-11-10-50   >>>>   Start verify ranking function

[xr_1 = -13869/344, xr_3 = 0, xr_2 = 0, xr_0 = 0]
ranking function : 0.0344 *  x[0]^1.0 - 0.3511 *  x[1]^1.0 - 0.0018 *  x[2]^1.0 - 0.0368 *  x[3]^1.0 + 6.72 * 1

2019-05-04-11-10-50   >>>>   End verify ranking function

verifying time = 8.644 ms


Not Found Ranking Fcuntion

Conterexample is 

[0, -40.31686046511628, 0, 0]

sampling time = 1.577 ms


       ########################################         

iteration 13 with 480 examples

2019-05-04-11-10-50   >>>>   Start train ranking function

2019-05-04-11-10-51   >>>>   End train ranking function

train_ranking_functioning time = 10.823 ms


2019-05-04-11-10-51   >>>>   Start verify ranking function

[xr_1 = 0, xr_3 = 14017/6, xr_2 = 0, xr_0 = 0]
ranking function :  - 0.0052 *  x[0]^1.0 - 0.3374 *  x[1]^1.0 - 0.0006 *  x[2]^1.0 - 0.0653 *  x[3]^1.0 + 6.7516 * 1

2019-05-04-11-10-51   >>>>   End verify ranking function

verifying time = 9.569 ms


Not Found Ranking Fcuntion

Conterexample is 

[0, 0, 0, 2336.1666666666665]

sampling time = 1.422 ms


       ########################################         

iteration 14 with 482 examples

2019-05-04-11-10-51   >>>>   Start train ranking function

2019-05-04-11-10-51   >>>>   End train ranking function

train_ranking_functioning time = 10.672 ms


2019-05-04-11-10-51   >>>>   Start verify ranking function

[xr_1 = 13577/33, xr_3 = 0, xr_2 = 0, xr_0 = 0]
ranking function :  - 0.0033 *  x[0]^1.0 - 0.3378 *  x[1]^1.0 + 0.0012 *  x[2]^1.0 - 0.0209 *  x[3]^1.0 + 7.0376 * 1

2019-05-04-11-10-51   >>>>   End verify ranking function

verifying time = 8.733 ms


Not Found Ranking Fcuntion

Conterexample is 

[0, 411.42424242424244, 0, 0]

sampling time = 1.379 ms


       ########################################         

iteration 15 with 484 examples

2019-05-04-11-10-51   >>>>   Start train ranking function

2019-05-04-11-10-51   >>>>   End train ranking function

train_ranking_functioning time = 10.183 ms


2019-05-04-11-10-51   >>>>   Start verify ranking function

[xr_1 = 0, xr_3 = -5713/20, xr_2 = 0, xr_0 = 0]
ranking function :  - 0.0016 *  x[0]^1.0 - 0.1208 *  x[1]^1.0 + 0.004 *  x[2]^1.0 - 0.0228 *  x[3]^1.0 + 3.9527 * 1

2019-05-04-11-10-51   >>>>   End verify ranking function

verifying time = 8.752 ms


Not Found Ranking Fcuntion

Conterexample is 

[0, 0, 0, -285.65]

sampling time = 1.375 ms


       ########################################         

iteration 16 with 486 examples

2019-05-04-11-10-51   >>>>   Start train ranking function

2019-05-04-11-10-51   >>>>   End train ranking function

train_ranking_functioning time = 10.218 ms


2019-05-04-11-10-51   >>>>   Start verify ranking function

[xr_1 = 0, xr_3 = 5744/9, xr_2 = 0, xr_0 = 0]
ranking function :  - 0.0017 *  x[0]^1.0 - 0.0857 *  x[1]^1.0 - 0.0018 *  x[2]^1.0 - 0.0641 *  x[3]^1.0 + 3.9218 * 1

2019-05-04-11-10-51   >>>>   End verify ranking function

verifying time = 8.513 ms


Not Found Ranking Fcuntion

Conterexample is 

[0, 0, 0, 638.2222222222222]

sampling time = 1.372 ms


       ########################################         

iteration 17 with 488 examples

2019-05-04-11-10-51   >>>>   Start train ranking function

2019-05-04-11-10-51   >>>>   End train ranking function

train_ranking_functioning time = 10.185 ms


2019-05-04-11-10-51   >>>>   Start verify ranking function

[xr_1 = 0, xr_3 = -5627/7, xr_2 = 0, xr_0 = 0]
ranking function : 0.0002 *  x[0]^1.0 - 0.0947 *  x[1]^1.0 + 0.0014 *  x[2]^1.0 - 0.0317 *  x[3]^1.0 + 4.074 * 1

2019-05-04-11-10-51   >>>>   End verify ranking function

verifying time = 8.503 ms


Not Found Ranking Fcuntion

Conterexample is 

[0, 0, 0, -803.8571428571429]

sampling time = 1.377 ms


       ########################################         

iteration 18 with 490 examples

2019-05-04-11-10-51   >>>>   Start train ranking function

2019-05-04-11-10-51   >>>>   End train ranking function

train_ranking_functioning time = 10.297 ms


2019-05-04-11-10-51   >>>>   Start verify ranking function

[xr_1 = 0, xr_3 = -11287/25, xr_2 = 0, xr_0 = 0]
ranking function :  - 0.0024 *  x[0]^1.0 - 0.1186 *  x[1]^1.0 + 0.0025 *  x[2]^1.0 - 0.0111 *  x[3]^1.0 + 4.1426 * 1

2019-05-04-11-10-51   >>>>   End verify ranking function

verifying time = 8.575 ms


Not Found Ranking Fcuntion

Conterexample is 

[0, 0, 0, -451.48]

sampling time = 1.359 ms


       ########################################         

iteration 19 with 492 examples

2019-05-04-11-10-51   >>>>   Start train ranking function

2019-05-04-11-10-51   >>>>   End train ranking function

train_ranking_functioning time = 10.291 ms


2019-05-04-11-10-51   >>>>   Start verify ranking function

[xr_1 = -11244/35, xr_3 = 0, xr_2 = 0, xr_0 = 0]
ranking function : 0.0035 *  x[0]^1.0 - 0.0943 *  x[1]^1.0 + 0.0015 *  x[2]^1.0 - 0.0311 *  x[3]^1.0 + 4.1676 * 1

2019-05-04-11-10-51   >>>>   End verify ranking function

verifying time = 8.670 ms


Not Found Ranking Fcuntion

Conterexample is 

[0, -321.25714285714287, 0, 0]

sampling time = 1.372 ms


       ########################################         

iteration 20 with 494 examples

2019-05-04-11-10-51   >>>>   Start train ranking function

2019-05-04-11-10-51   >>>>   End train ranking function

train_ranking_functioning time = 10.546 ms


2019-05-04-11-10-51   >>>>   Start verify ranking function

[xr_1 = 5635/4, xr_3 = 0, xr_2 = 0, xr_0 = 0]
ranking function :  - 0.0008 *  x[0]^1.0 - 0.0621 *  x[1]^1.0 + 0.0014 *  x[2]^1.0 - 0.0659 *  x[3]^1.0 + 4.1545 * 1

2019-05-04-11-10-51   >>>>   End verify ranking function

verifying time = 8.473 ms


Not Found Ranking Fcuntion

Conterexample is 

[0, 1408.75, 0, 0]

sampling time = 1.380 ms


       ########################################         

iteration 21 with 496 examples

2019-05-04-11-10-51   >>>>   Start train ranking function

2019-05-04-11-10-51   >>>>   End train ranking function

train_ranking_functioning time = 10.514 ms


2019-05-04-11-10-51   >>>>   Start verify ranking function

[xr_1 = 0, xr_3 = -10633/15, xr_2 = 0, xr_0 = 0]
ranking function :  - 0.0013 *  x[0]^1.0 - 0.0533 *  x[1]^1.0 + 0.0015 *  x[2]^1.0 - 0.011 *  x[3]^1.0 + 2.8623 * 1

2019-05-04-11-10-51   >>>>   End verify ranking function

verifying time = 8.508 ms


Not Found Ranking Fcuntion

Conterexample is 

[0, 0, 0, -708.8666666666667]

sampling time = 1.376 ms


       ########################################         

iteration 22 with 498 examples

2019-05-04-11-10-51   >>>>   Start train ranking function

2019-05-04-11-10-51   >>>>   End train ranking function

train_ranking_functioning time = 10.566 ms


2019-05-04-11-10-51   >>>>   Start verify ranking function

[xr_1 = 0, xr_3 = -10588/99, xr_2 = 0, xr_0 = 0]
ranking function :  - 0.0056 *  x[0]^1.0 - 0.029 *  x[1]^1.0 + 0.0099 *  x[2]^1.0 - 0.0308 *  x[3]^1.0 + 2.88 * 1

2019-05-04-11-10-51   >>>>   End verify ranking function

verifying time = 8.716 ms


Not Found Ranking Fcuntion

Conterexample is 

[0, 0, 0, -106.94949494949495]

sampling time = 1.364 ms


       ########################################         

iteration 23 with 500 examples

2019-05-04-11-10-51   >>>>   Start train ranking function

2019-05-04-11-10-51   >>>>   End train ranking function

train_ranking_functioning time = 10.480 ms


2019-05-04-11-10-51   >>>>   Start verify ranking function

[xr_1 = 10603/24, xr_3 = 0, xr_2 = 0, xr_0 = 0]
ranking function :  - 0.0024 *  x[0]^1.0 - 0.0462 *  x[1]^1.0 - 0.0026 *  x[2]^1.0 - 0.0151 *  x[3]^1.0 + 2.8616 * 1

2019-05-04-11-10-51   >>>>   End verify ranking function

verifying time = 8.514 ms


Not Found Ranking Fcuntion

Conterexample is 

[0, 441.7916666666667, 0, 0]

sampling time = 1.379 ms


       ########################################         

iteration 24 with 502 examples

2019-05-04-11-10-51   >>>>   Start train ranking function

2019-05-04-11-10-51   >>>>   End train ranking function

train_ranking_functioning time = 10.626 ms


2019-05-04-11-10-51   >>>>   Start verify ranking function

[xr_1 = 0, xr_3 = 10369/15, xr_2 = 0, xr_0 = 0]
ranking function :  - 0.0037 *  x[0]^1.0 - 0.0143 *  x[1]^1.0 - 0.0015 *  x[2]^1.0 - 0.0236 *  x[3]^1.0 + 2.4747 * 1

2019-05-04-11-10-51   >>>>   End verify ranking function

verifying time = 8.665 ms


Not Found Ranking Fcuntion

Conterexample is 

[0, 0, 0, 691.2666666666667]

sampling time = 1.388 ms


Failed to prove it is terminated

UNKNOWN
Time For Template 0 Is--->-865.640000 ms

------Using Template 1 -----------
5 [5]
*****************************************************

2019-05-04-11-10-51   >>>>   End sampling point

sampling time = 361.034 ms,


       ########################################         

iteration 0 with 454 examples

2019-05-04-11-10-51   >>>>   Start train ranking function

2019-05-04-11-10-51   >>>>   End train ranking function

train_ranking_functioning time = 12.967 ms


2019-05-04-11-10-51   >>>>   Start verify ranking function

[xr_0 = 1/4, xr_2 = 1, xr_3 = 1/8, xr_1 = 1/2]
ranking function : 0.0051 *  x[0]^-2.0 *  x[2]^3.0 *  x[3]^1.0 - 0.0133 *  x[0]^-3.0 *  x[1]^-0.5 *  x[2]^-2.0 *  x[3]^-1.0 - 0.0013 *  x[0]^3.0 *  x[1]^-3.0 *  x[2]^0.5 *  x[3]^-1.0 - 0.012 *  x[0]^-2.0 *  x[1]^2.0 *  x[2]^1.0 + 0.333 *  x[0]^1.0 *  x[1]^0.5 *  x[2]^-3.0 *  x[3]^-0.5

2019-05-04-11-10-52   >>>>   End verify ranking function

verifying time = 587.840 ms


Not Found Ranking Fcuntion

Conterexample is 

[0.25, 0.5, 1, 0.125]

sampling time = 1.627 ms


       ########################################         

iteration 1 with 456 examples

2019-05-04-11-10-52   >>>>   Start train ranking function

2019-05-04-11-10-52   >>>>   End train ranking function

train_ranking_functioning time = 12.727 ms


2019-05-04-11-10-52   >>>>   Start verify ranking function

time out
ranking function : 0.0056 *  x[0]^-2.0 *  x[2]^3.0 *  x[3]^1.0 + 0.0168 *  x[0]^-3.0 *  x[1]^-0.5 *  x[2]^-2.0 *  x[3]^-1.0 + 0.0065 *  x[0]^3.0 *  x[1]^-3.0 *  x[2]^0.5 *  x[3]^-1.0 - 0.0089 *  x[0]^-2.0 *  x[1]^2.0 *  x[2]^1.0 + 0.3371 *  x[0]^1.0 *  x[1]^0.5 *  x[2]^-3.0 *  x[3]^-0.5

2019-05-04-11-10-54   >>>>   End verify ranking function

verifying time = 2251.837 ms


UNKNOWN
Time For Template 1 Is--->-3238.592000 ms

------Using Template 2 -----------
15 [5, 5, 5]
*****************************************************

2019-05-04-11-10-55   >>>>   End sampling point

sampling time = 898.473 ms,


       ########################################         

iteration 0 with 908 examples

2019-05-04-11-10-55   >>>>   Start train ranking function

2019-05-04-11-10-55   >>>>   End train ranking function

train_ranking_functioning time = 2.071 ms


2019-05-04-11-10-55   >>>>   Start verify ranking function

[xr_1 = -19962/29, xr_3 = 0, xr_2 = 0, xr_0 = 0]
ranking function : 0.0029 *  x[0]^1.0 - 0.4986 *  x[1]^1.0 + 0.0029 *  x[2]^1.0 - 0.4986 *  x[3]^1.0 + 0.4199 * 1; 0.4832 *  x[0]^1.0 - 0.3002 *  x[1]^1.0 + 0.4832 *  x[2]^1.0 - 0.3002 *  x[3]^1.0 + 0.7215 * 1; 0.2678 *  x[0]^1.0 - 0.0627 *  x[1]^1.0 + 0.2678 *  x[2]^1.0 - 0.0627 *  x[3]^1.0 + 0.9415 * 1

2019-05-04-11-10-55   >>>>   End verify ranking function

verifying time = 8.667 ms


Not Found Ranking Fcuntion

Conterexample is 

[0, -688.3448275862069, 0, 0]

sampling time = 3.950 ms


       ########################################         

iteration 1 with 912 examples

2019-05-04-11-10-55   >>>>   Start train ranking function

2019-05-04-11-10-55   >>>>   End train ranking function

train_ranking_functioning time = 10.657 ms


2019-05-04-11-10-55   >>>>   Start verify ranking function

[xr_3 = -9985/21, xr_2 = 0, xr_0 = 0]
ranking function :  - 0.4987 *  x[1]^1.0 + 0.0021 *  x[2]^1.0 - 0.4987 *  x[3]^1.0 + 0.4205 * 1; 0.4838 *  x[0]^1.0 - 0.3006 *  x[1]^1.0 + 0.4838 *  x[2]^1.0 - 0.3006 *  x[3]^1.0 + 0.7215 * 1; 0.268 *  x[0]^1.0 - 0.0628 *  x[1]^1.0 + 0.268 *  x[2]^1.0 - 0.0628 *  x[3]^1.0 + 0.9415 * 1

2019-05-04-11-10-55   >>>>   End verify ranking function

verifying time = 8.531 ms


Not Found Ranking Fcuntion

Conterexample is 

[0, 0, 0, -475.4761904761905]

sampling time = 3.939 ms


       ########################################         

iteration 2 with 916 examples

2019-05-04-11-10-55   >>>>   Start train ranking function

2019-05-04-11-10-55   >>>>   End train ranking function

train_ranking_functioning time = 12.535 ms


2019-05-04-11-10-55   >>>>   Start verify ranking function

[xr_1 = 0, xr_3 = 20218/147, xr_2 = 0, xr_0 = 0]
ranking function :  - 0.4989 *  x[1]^1.0 - 0.4989 *  x[3]^1.0 + 0.421 * 1; 0.4842 *  x[0]^1.0 - 0.3009 *  x[1]^1.0 + 0.4842 *  x[2]^1.0 - 0.3009 *  x[3]^1.0 + 0.7215 * 1; 0.2682 *  x[0]^1.0 - 0.0628 *  x[1]^1.0 + 0.2682 *  x[2]^1.0 - 0.0628 *  x[3]^1.0 + 0.9414 * 1

2019-05-04-11-10-55   >>>>   End verify ranking function

verifying time = 14.029 ms


Not Found Ranking Fcuntion

Conterexample is 

[0, 0, 0, 137.5374149659864]

sampling time = 3.968 ms


       ########################################         

iteration 3 with 920 examples

2019-05-04-11-10-55   >>>>   Start train ranking function

2019-05-04-11-10-55   >>>>   End train ranking function

train_ranking_functioning time = 14.417 ms


2019-05-04-11-10-55   >>>>   Start verify ranking function

[xr_1 = 5035/27, xr_2 = 0, xr_0 = 0]
ranking function :  - 0.5003 *  x[1]^1.0 - 0.4976 *  x[3]^1.0 + 0.425 * 1; 0.4949 *  x[0]^1.0 - 0.3002 *  x[1]^1.0 + 0.4976 *  x[2]^1.0 - 0.2774 *  x[3]^1.0 + 0.7633 * 1; 0.2559 *  x[0]^1.0 - 0.0724 *  x[1]^1.0 + 0.2786 *  x[2]^1.0 + 0.0005 *  x[3]^1.0 + 0.9261 * 1

2019-05-04-11-10-55   >>>>   End verify ranking function

verifying time = 13.524 ms


Not Found Ranking Fcuntion

Conterexample is 

[0, 186.4814814814815, 0, 0]

sampling time = 3.978 ms


       ########################################         

iteration 4 with 924 examples

2019-05-04-11-10-55   >>>>   Start train ranking function

2019-05-04-11-10-55   >>>>   End train ranking function

train_ranking_functioning time = 21.137 ms


2019-05-04-11-10-55   >>>>   Start verify ranking function

[xr_3 = 9980, xr_2 = 0, xr_0 = 0]
ranking function :  - 0.4989 *  x[1]^1.0 - 0.4989 *  x[3]^1.0 + 0.4599 * 1; 0.4989 *  x[0]^1.0 - 0.2696 *  x[1]^1.0 + 0.4988 *  x[2]^1.0 - 0.2694 *  x[3]^1.0 + 0.8017 * 1; 0.2707 *  x[0]^1.0 + 0.0006 *  x[1]^1.0 + 0.2709 *  x[2]^1.0 + 0.0009 *  x[3]^1.0 + 0.8786 * 1

2019-05-04-11-10-55   >>>>   End verify ranking function

verifying time = 13.357 ms


Not Found Ranking Fcuntion

Conterexample is 

[0, 0, 0, 9980]

sampling time = 3.955 ms


       ########################################         

iteration 5 with 928 examples

2019-05-04-11-10-55   >>>>   Start train ranking function

2019-05-04-11-10-55   >>>>   End train ranking function

train_ranking_functioning time = 21.806 ms


2019-05-04-11-10-55   >>>>   Start verify ranking function

[xr_1 = 9981, xr_2 = 0, xr_0 = 0]
ranking function :  - 0.4989 *  x[1]^1.0 - 0.4989 *  x[3]^1.0 + 0.46 * 1; 0.4988 *  x[0]^1.0 - 0.2696 *  x[1]^1.0 + 0.4989 *  x[2]^1.0 - 0.2694 *  x[3]^1.0 + 0.8017 * 1; 0.2707 *  x[0]^1.0 + 0.0006 *  x[1]^1.0 + 0.2709 *  x[2]^1.0 + 0.0009 *  x[3]^1.0 + 0.8786 * 1

2019-05-04-11-10-55   >>>>   End verify ranking function

verifying time = 13.809 ms


Not Found Ranking Fcuntion

Conterexample is 

[0, 9981, 0, 0]

sampling time = 4.519 ms


       ########################################         

iteration 6 with 932 examples

2019-05-04-11-10-55   >>>>   Start train ranking function

2019-05-04-11-10-55   >>>>   End train ranking function

train_ranking_functioning time = 22.118 ms


2019-05-04-11-10-55   >>>>   Start verify ranking function

[xr_1 = -18011/9, xr_3 = 0, xr_2 = 0, xr_0 = 0]
ranking function :  - 0.4989 *  x[1]^1.0 - 0.4989 *  x[3]^1.0 + 0.4596 * 1; 0.4989 *  x[0]^1.0 - 0.2697 *  x[1]^1.0 + 0.4989 *  x[2]^1.0 - 0.2697 *  x[3]^1.0 + 0.8031 * 1; 0.2706 *  x[0]^1.0 + 0.0002 *  x[1]^1.0 + 0.2706 *  x[2]^1.0 + 0.0008 *  x[3]^1.0 + 0.8788 * 1

2019-05-04-11-10-55   >>>>   End verify ranking function

verifying time = 17.931 ms


Not Found Ranking Fcuntion

Conterexample is 

[0, -2001.2222222222222, 0, 0]

sampling time = 4.029 ms


       ########################################         

iteration 7 with 936 examples

2019-05-04-11-10-55   >>>>   Start train ranking function

2019-05-04-11-10-55   >>>>   End train ranking function

train_ranking_functioning time = 27.369 ms


2019-05-04-11-10-55   >>>>   Start verify ranking function

[xr_1 = -18000/11, xr_2 = 0, xr_0 = 0]
ranking function :  - 0.4989 *  x[1]^1.0 - 0.4989 *  x[3]^1.0 + 0.4595 * 1; 0.4989 *  x[0]^1.0 - 0.2694 *  x[1]^1.0 + 0.4989 *  x[2]^1.0 - 0.27 *  x[3]^1.0 + 0.8024 * 1; 0.2705 *  x[0]^1.0 + 0.0006 *  x[1]^1.0 + 0.27 *  x[2]^1.0 + 0.0008 *  x[3]^1.0 + 0.8788 * 1

2019-05-04-11-10-55   >>>>   End verify ranking function

verifying time = 17.707 ms


Not Found Ranking Fcuntion

Conterexample is 

[0, -1636.3636363636363, 0, 0]

sampling time = 4.358 ms


       ########################################         

iteration 8 with 940 examples

2019-05-04-11-10-55   >>>>   Start train ranking function

2019-05-04-11-10-55   >>>>   End train ranking function

train_ranking_functioning time = 24.668 ms


2019-05-04-11-10-55   >>>>   Start verify ranking function

[xr_1 = 0, xr_3 = -2001, xr_2 = 0, xr_0 = 0]
ranking function :  - 0.4989 *  x[1]^1.0 - 0.4989 *  x[3]^1.0 + 0.4598 * 1; 0.4989 *  x[0]^1.0 - 0.2696 *  x[1]^1.0 + 0.4989 *  x[2]^1.0 - 0.2696 *  x[3]^1.0 + 0.8029 * 1; 0.2705 *  x[0]^1.0 + 0.0001 *  x[1]^1.0 + 0.2705 *  x[2]^1.0 + 0.0009 *  x[3]^1.0 + 0.8789 * 1

2019-05-04-11-10-55   >>>>   End verify ranking function

verifying time = 18.142 ms


Not Found Ranking Fcuntion

Conterexample is 

[0, 0, 0, -2001]

sampling time = 3.987 ms


       ########################################         

iteration 9 with 944 examples

2019-05-04-11-10-55   >>>>   Start train ranking function

2019-05-04-11-10-55   >>>>   End train ranking function

train_ranking_functioning time = 23.133 ms


2019-05-04-11-10-55   >>>>   Start verify ranking function

[xr_1 = 0, xr_3 = -17992/15, xr_2 = 0, xr_0 = 0]
ranking function :  - 0.4989 *  x[1]^1.0 - 0.4989 *  x[3]^1.0 + 0.46 * 1; 0.4989 *  x[0]^1.0 - 0.2696 *  x[1]^1.0 + 0.4989 *  x[2]^1.0 - 0.2694 *  x[3]^1.0 + 0.8017 * 1; 0.2707 *  x[0]^1.0 + 0.0006 *  x[1]^1.0 + 0.2709 *  x[2]^1.0 + 0.0009 *  x[3]^1.0 + 0.8786 * 1

2019-05-04-11-10-55   >>>>   End verify ranking function

verifying time = 17.774 ms


Not Found Ranking Fcuntion

Conterexample is 

[0, 0, 0, -1199.4666666666667]

sampling time = 3.999 ms


       ########################################         

iteration 10 with 948 examples

2019-05-04-11-10-55   >>>>   Start train ranking function

2019-05-04-11-10-55   >>>>   End train ranking function

train_ranking_functioning time = 22.706 ms


2019-05-04-11-10-55   >>>>   Start verify ranking function

[xr_1 = -17995/9, xr_3 = 0, xr_2 = 0, xr_0 = 0]
ranking function :  - 0.4989 *  x[1]^1.0 - 0.4989 *  x[3]^1.0 + 0.46 * 1; 0.4989 *  x[0]^1.0 - 0.2696 *  x[1]^1.0 + 0.4989 *  x[2]^1.0 - 0.2693 *  x[3]^1.0 + 0.8016 * 1; 0.2705 *  x[0]^1.0 + 0.0004 *  x[1]^1.0 + 0.2707 *  x[2]^1.0 + 0.0007 *  x[3]^1.0 + 0.8792 * 1

2019-05-04-11-10-55   >>>>   End verify ranking function

verifying time = 17.907 ms


Not Found Ranking Fcuntion

Conterexample is 

[0, -1999.4444444444443, 0, 0]

sampling time = 4.004 ms


       ########################################         

iteration 11 with 952 examples

2019-05-04-11-10-55   >>>>   Start train ranking function

2019-05-04-11-10-55   >>>>   End train ranking function

train_ranking_functioning time = 23.620 ms


2019-05-04-11-10-55   >>>>   Start verify ranking function

[xr_1 = 0, xr_3 = 18013/2, xr_2 = 0, xr_0 = 0]
ranking function :  - 0.4989 *  x[1]^1.0 - 0.4989 *  x[3]^1.0 + 0.4599 * 1; 0.4989 *  x[0]^1.0 - 0.2695 *  x[1]^1.0 + 0.4989 *  x[2]^1.0 - 0.2697 *  x[3]^1.0 + 0.8022 * 1; 0.2697 *  x[0]^1.0 - 0.0001 *  x[1]^1.0 + 0.2695 *  x[2]^1.0 + 0.8796 * 1

2019-05-04-11-10-55   >>>>   End verify ranking function

verifying time = 18.051 ms


Not Found Ranking Fcuntion

Conterexample is 

[0, 0, 0, 9006.5]

sampling time = 4.015 ms


       ########################################         

iteration 12 with 956 examples

2019-05-04-11-10-55   >>>>   Start train ranking function

2019-05-04-11-10-55   >>>>   End train ranking function

train_ranking_functioning time = 23.615 ms


2019-05-04-11-10-55   >>>>   Start verify ranking function

[xr_1 = 0, xr_3 = 9003, xr_2 = 0, xr_0 = 0]
ranking function :  - 0.4989 *  x[1]^1.0 - 0.4989 *  x[3]^1.0 + 0.4595 * 1; 0.4989 *  x[0]^1.0 - 0.2697 *  x[1]^1.0 + 0.4989 *  x[2]^1.0 - 0.2698 *  x[3]^1.0 + 0.8024 * 1; 0.2698 *  x[0]^1.0 + 0.0006 *  x[1]^1.0 + 0.2696 *  x[2]^1.0 + 0.0002 *  x[3]^1.0 + 0.8793 * 1

2019-05-04-11-10-55   >>>>   End verify ranking function

verifying time = 17.849 ms


Not Found Ranking Fcuntion

Conterexample is 

[0, 0, 0, 9003]

sampling time = 3.960 ms


       ########################################         

iteration 13 with 960 examples

2019-05-04-11-10-55   >>>>   Start train ranking function

2019-05-04-11-10-55   >>>>   End train ranking function

train_ranking_functioning time = 25.971 ms


2019-05-04-11-10-55   >>>>   Start verify ranking function

[xr_3 = -18011/11, xr_2 = 0, xr_0 = 0]
ranking function :  - 0.4989 *  x[1]^1.0 - 0.4989 *  x[3]^1.0 + 0.4597 * 1; 0.4989 *  x[0]^1.0 - 0.2699 *  x[1]^1.0 + 0.4989 *  x[2]^1.0 - 0.2694 *  x[3]^1.0 + 0.8022 * 1; 0.2699 *  x[0]^1.0 + 0.2705 *  x[2]^1.0 + 0.0001 *  x[3]^1.0 + 0.8791 * 1

2019-05-04-11-10-56   >>>>   End verify ranking function

verifying time = 19.014 ms


Not Found Ranking Fcuntion

Conterexample is 

[0, 0, 0, -1637.3636363636363]

sampling time = 3.983 ms


       ########################################         

iteration 14 with 964 examples

2019-05-04-11-10-56   >>>>   Start train ranking function

2019-05-04-11-10-56   >>>>   End train ranking function

train_ranking_functioning time = 23.996 ms


2019-05-04-11-10-56   >>>>   Start verify ranking function

[xr_1 = -9006/5, xr_3 = 0, xr_2 = 0, xr_0 = 0]
ranking function :  - 0.4989 *  x[1]^1.0 - 0.4989 *  x[3]^1.0 + 0.4596 * 1; 0.4989 *  x[0]^1.0 - 0.2693 *  x[1]^1.0 + 0.4989 *  x[2]^1.0 - 0.27 *  x[3]^1.0 + 0.8023 * 1; 0.2703 *  x[0]^1.0 + 0.0001 *  x[1]^1.0 + 0.2696 *  x[2]^1.0 + 0.8794 * 1

2019-05-04-11-10-56   >>>>   End verify ranking function

verifying time = 17.895 ms


Not Found Ranking Fcuntion

Conterexample is 

[0, -1801.2, 0, 0]

sampling time = 3.946 ms


       ########################################         

iteration 15 with 968 examples

2019-05-04-11-10-56   >>>>   Start train ranking function

2019-05-04-11-10-56   >>>>   End train ranking function

train_ranking_functioning time = 25.746 ms


2019-05-04-11-10-56   >>>>   Start verify ranking function

[xr_3 = -18014, xr_2 = 0, xr_0 = 0]
ranking function :  - 0.4989 *  x[1]^1.0 - 0.4989 *  x[3]^1.0 + 0.4595 * 1; 0.4989 *  x[0]^1.0 - 0.2698 *  x[1]^1.0 + 0.4989 *  x[2]^1.0 - 0.2698 *  x[3]^1.0 + 0.8022 * 1; 0.2698 *  x[0]^1.0 - 0.0001 *  x[1]^1.0 + 0.2699 *  x[2]^1.0 - 0.0001 *  x[3]^1.0 + 0.8793 * 1

2019-05-04-11-10-56   >>>>   End verify ranking function

verifying time = 17.710 ms


Not Found Ranking Fcuntion

Conterexample is 

[0, 0, 0, -18014]

sampling time = 4.046 ms


       ########################################         

iteration 16 with 972 examples

2019-05-04-11-10-56   >>>>   Start train ranking function

2019-05-04-11-10-56   >>>>   End train ranking function

train_ranking_functioning time = 25.016 ms


2019-05-04-11-10-56   >>>>   Start verify ranking function

[xr_1 = 0, xr_3 = 18014, xr_2 = 0, xr_0 = 0]
ranking function :  - 0.4989 *  x[1]^1.0 - 0.4989 *  x[3]^1.0 + 0.4595 * 1; 0.4989 *  x[0]^1.0 - 0.2698 *  x[1]^1.0 + 0.4989 *  x[2]^1.0 - 0.2698 *  x[3]^1.0 + 0.8023 * 1; 0.2697 *  x[0]^1.0 + 0.0001 *  x[1]^1.0 + 0.2697 *  x[2]^1.0 - 0.0002 *  x[3]^1.0 + 0.8792 * 1

2019-05-04-11-10-56   >>>>   End verify ranking function

verifying time = 17.906 ms


Not Found Ranking Fcuntion

Conterexample is 

[0, 0, 0, 18014]

sampling time = 4.040 ms


       ########################################         

iteration 17 with 976 examples

2019-05-04-11-10-56   >>>>   Start train ranking function

2019-05-04-11-10-56   >>>>   End train ranking function

train_ranking_functioning time = 31.565 ms


2019-05-04-11-10-56   >>>>   Start verify ranking function

[xr_1 = -18013/9, xr_3 = 0, xr_2 = 0, xr_0 = 0]
ranking function :  - 0.4989 *  x[1]^1.0 - 0.4989 *  x[3]^1.0 + 0.4595 * 1; 0.4989 *  x[0]^1.0 - 0.2694 *  x[1]^1.0 + 0.4989 *  x[2]^1.0 - 0.2701 *  x[3]^1.0 + 0.8022 * 1; 0.2703 *  x[0]^1.0 + 0.2696 *  x[2]^1.0 - 0.0001 *  x[3]^1.0 + 0.8793 * 1

2019-05-04-11-10-56   >>>>   End verify ranking function

verifying time = 17.754 ms


Not Found Ranking Fcuntion

Conterexample is 

[0, -2001.4444444444443, 0, 0]

sampling time = 3.942 ms


       ########################################         

iteration 18 with 980 examples

2019-05-04-11-10-56   >>>>   Start train ranking function

2019-05-04-11-10-56   >>>>   End train ranking function

train_ranking_functioning time = 27.213 ms


2019-05-04-11-10-56   >>>>   Start verify ranking function

[xr_1 = 18017, xr_3 = 0, xr_2 = 0, xr_0 = 0]
ranking function :  - 0.4989 *  x[1]^1.0 - 0.4989 *  x[3]^1.0 + 0.4594 * 1; 0.4989 *  x[0]^1.0 - 0.2698 *  x[1]^1.0 + 0.4989 *  x[2]^1.0 - 0.2698 *  x[3]^1.0 + 0.8026 * 1; 0.2697 *  x[0]^1.0 + 0.2697 *  x[2]^1.0 - 0.0001 *  x[3]^1.0 + 0.8793 * 1

2019-05-04-11-10-56   >>>>   End verify ranking function

verifying time = 18.486 ms


Not Found Ranking Fcuntion

Conterexample is 

[0, 18017, 0, 0]

sampling time = 4.028 ms


       ########################################         

iteration 19 with 984 examples

2019-05-04-11-10-56   >>>>   Start train ranking function

2019-05-04-11-10-56   >>>>   End train ranking function

train_ranking_functioning time = 32.307 ms


2019-05-04-11-10-56   >>>>   Start verify ranking function

[xr_3 = 9969, xr_2 = 0, xr_0 = 0]
ranking function :  - 0.4989 *  x[1]^1.0 - 0.0001 *  x[2]^1.0 - 0.4989 *  x[3]^1.0 + 0.4595 * 1; 0.4989 *  x[0]^1.0 - 0.2698 *  x[1]^1.0 + 0.4989 *  x[2]^1.0 - 0.2698 *  x[3]^1.0 + 0.8024 * 1; 0.2698 *  x[0]^1.0 - 0.0001 *  x[1]^1.0 + 0.2698 *  x[2]^1.0 - 0.0001 *  x[3]^1.0 + 0.8792 * 1

2019-05-04-11-10-56   >>>>   End verify ranking function

verifying time = 8.602 ms


Not Found Ranking Fcuntion

Conterexample is 

[0, 0, 0, 9969]

sampling time = 3.973 ms


       ########################################         

iteration 20 with 988 examples

2019-05-04-11-10-56   >>>>   Start train ranking function

2019-05-04-11-10-56   >>>>   End train ranking function

train_ranking_functioning time = 33.835 ms


2019-05-04-11-10-56   >>>>   Start verify ranking function

[xr_1 = 0, xr_3 = -18006/11, xr_2 = 0, xr_0 = 0]
ranking function :  - 0.4989 *  x[1]^1.0 - 0.4989 *  x[3]^1.0 + 0.4598 * 1; 0.4989 *  x[0]^1.0 - 0.2697 *  x[1]^1.0 + 0.4989 *  x[2]^1.0 - 0.2695 *  x[3]^1.0 + 0.8021 * 1; 0.2703 *  x[0]^1.0 - 0.0002 *  x[1]^1.0 + 0.2706 *  x[2]^1.0 + 0.0007 *  x[3]^1.0 + 0.8794 * 1

2019-05-04-11-10-56   >>>>   End verify ranking function

verifying time = 17.844 ms


Not Found Ranking Fcuntion

Conterexample is 

[0, 0, 0, -1636.909090909091]

sampling time = 3.983 ms


       ########################################         

iteration 21 with 992 examples

2019-05-04-11-10-56   >>>>   Start train ranking function

2019-05-04-11-10-56   >>>>   End train ranking function

train_ranking_functioning time = 31.201 ms


2019-05-04-11-10-56   >>>>   Start verify ranking function

[xr_1 = 0, xr_3 = -2252, xr_2 = 0, xr_0 = 0]
ranking function :  - 0.4989 *  x[1]^1.0 - 0.4989 *  x[3]^1.0 + 0.4595 * 1; 0.4989 *  x[0]^1.0 - 0.27 *  x[1]^1.0 + 0.4989 *  x[2]^1.0 - 0.2695 *  x[3]^1.0 + 0.8024 * 1; 0.2698 *  x[0]^1.0 - 0.0001 *  x[1]^1.0 + 0.2703 *  x[2]^1.0 - 0.0001 *  x[3]^1.0 + 0.8792 * 1

2019-05-04-11-10-56   >>>>   End verify ranking function

verifying time = 17.688 ms


Not Found Ranking Fcuntion

Conterexample is 

[0, 0, 0, -2252]

sampling time = 3.950 ms


       ########################################         

iteration 22 with 996 examples

2019-05-04-11-10-56   >>>>   Start train ranking function

2019-05-04-11-10-56   >>>>   End train ranking function

train_ranking_functioning time = 33.041 ms


2019-05-04-11-10-56   >>>>   Start verify ranking function

[xr_1 = 0, xr_3 = 6004, xr_2 = 0, xr_0 = 0]
ranking function :  - 0.4989 *  x[1]^1.0 - 0.4989 *  x[3]^1.0 + 0.4594 * 1; 0.4989 *  x[0]^1.0 - 0.2697 *  x[1]^1.0 + 0.4989 *  x[2]^1.0 - 0.2699 *  x[3]^1.0 + 0.8022 * 1; 0.2698 *  x[0]^1.0 + 0.2696 *  x[2]^1.0 + 0.8793 * 1

2019-05-04-11-10-56   >>>>   End verify ranking function

verifying time = 17.764 ms


Not Found Ranking Fcuntion

Conterexample is 

[0, 0, 0, 6004]

sampling time = 4.010 ms


       ########################################         

iteration 23 with 1000 examples

2019-05-04-11-10-56   >>>>   Start train ranking function

2019-05-04-11-10-56   >>>>   End train ranking function

train_ranking_functioning time = 30.871 ms


2019-05-04-11-10-56   >>>>   Start verify ranking function

[xr_1 = 0, xr_3 = -18014, xr_2 = 0, xr_0 = 0]
ranking function :  - 0.4989 *  x[1]^1.0 - 0.4989 *  x[3]^1.0 + 0.4593 * 1; 0.4989 *  x[0]^1.0 - 0.2698 *  x[1]^1.0 + 0.4989 *  x[2]^1.0 - 0.2698 *  x[3]^1.0 + 0.8023 * 1; 0.2699 *  x[0]^1.0 + 0.2699 *  x[2]^1.0 - 0.0001 *  x[3]^1.0 + 0.8797 * 1

2019-05-04-11-10-56   >>>>   End verify ranking function

verifying time = 17.862 ms


Not Found Ranking Fcuntion

Conterexample is 

[0, 0, 0, -18014]

sampling time = 3.992 ms


       ########################################         

iteration 24 with 1004 examples

2019-05-04-11-10-56   >>>>   Start train ranking function

2019-05-04-11-10-56   >>>>   End train ranking function

train_ranking_functioning time = 30.627 ms


2019-05-04-11-10-56   >>>>   Start verify ranking function

[xr_1 = 0, xr_3 = 18011, xr_2 = 0, xr_0 = 0]
ranking function :  - 0.4989 *  x[1]^1.0 - 0.4989 *  x[3]^1.0 + 0.4593 * 1; 0.4989 *  x[0]^1.0 - 0.2699 *  x[1]^1.0 + 0.4989 *  x[2]^1.0 - 0.2699 *  x[3]^1.0 + 0.8019 * 1; 0.2698 *  x[0]^1.0 - 0.0002 *  x[1]^1.0 + 0.2698 *  x[2]^1.0 + 0.8792 * 1

2019-05-04-11-10-56   >>>>   End verify ranking function

verifying time = 17.709 ms


Not Found Ranking Fcuntion

Conterexample is 

[0, 0, 0, 18011]

sampling time = 3.947 ms


Failed to prove it is terminated

UNKNOWN
Time For Template 2 Is--->-2131.920000 ms

------Using Template 3 -----------
10 [5, 3, 2]
*****************************************************

2019-05-04-11-10-57   >>>>   End sampling point

sampling time = 702.351 ms,


       ########################################         

iteration 0 with 908 examples

2019-05-04-11-10-57   >>>>   Start train ranking function

2019-05-04-11-10-57   >>>>   End train ranking function

train_ranking_functioning time = 31.036 ms


2019-05-04-11-10-57   >>>>   Start verify ranking function

[xr_0 = 1, xr_2 = 1, xr_1 = 1/2, xr_3 = 1/8]
ranking function : 0.1581 *  x[0]^1.0 *  x[1]^-0.5 *  x[2]^-3.0 *  x[3]^-0.5 - 0.3178 *  x[0]^1.0 *  x[1]^-1.0 *  x[3]^1.0 - 0.0099 *  x[0]^0.5 *  x[1]^-2.0 *  x[2]^1.0 *  x[3]^-1.0 - 0.0066 *  x[1]^-0.5 *  x[2]^-2.0 + 0.0721 *  x[0]^0.5 *  x[1]^-2.0 *  x[2]^1.0 *  x[3]^2.0; 1.3868 *  x[0]^-1.0 *  x[2]^1.0 *  x[3]^0.5 - 0.0346 *  x[0]^-2.0 *  x[1]^1.0 *  x[2]^1.0 *  x[3]^-2.0 - 0.0023 *  x[0]^-3.0 *  x[1]^1.0 *  x[2]^-0.5 *  x[3]^2.0; 0.2033 *  x[0]^3.0 *  x[1]^-0.5 *  x[3]^-0.5 - 0.0064 *  x[0]^-2.0 *  x[1]^-3.0 *  x[2]^-0.5

2019-05-04-11-10-57   >>>>   End verify ranking function

verifying time = 26.510 ms


Not Found Ranking Fcuntion

Conterexample is 

[1, 0.5, 1, 0.125]

sampling time = 3.185 ms


       ########################################         

iteration 1 with 912 examples

2019-05-04-11-10-57   >>>>   Start train ranking function

2019-05-04-11-10-57   >>>>   End train ranking function

train_ranking_functioning time = 32.433 ms


2019-05-04-11-10-57   >>>>   Start verify ranking function

[xr_0 = 1, xr_2 = 1, xr_1 = 1/2, xr_3 = 1/8]
ranking function : 0.154 *  x[0]^1.0 *  x[1]^-0.5 *  x[2]^-3.0 *  x[3]^-0.5 - 0.3212 *  x[0]^1.0 *  x[1]^-1.0 *  x[3]^1.0 - 0.0037 *  x[0]^0.5 *  x[1]^-2.0 *  x[2]^1.0 *  x[3]^-1.0 - 0.0082 *  x[1]^-0.5 *  x[2]^-2.0 + 0.0508 *  x[0]^0.5 *  x[1]^-2.0 *  x[2]^1.0 *  x[3]^2.0; 1.3324 *  x[0]^-1.0 *  x[2]^1.0 *  x[3]^0.5 - 0.0149 *  x[0]^-2.0 *  x[1]^1.0 *  x[2]^1.0 *  x[3]^-2.0 - 0.0102 *  x[0]^-3.0 *  x[1]^1.0 *  x[2]^-0.5 *  x[3]^2.0; 0.1978 *  x[0]^3.0 *  x[1]^-0.5 *  x[3]^-0.5 + 0.0079 *  x[0]^-2.0 *  x[1]^-3.0 *  x[2]^-0.5

2019-05-04-11-10-57   >>>>   End verify ranking function

verifying time = 417.398 ms


Not Found Ranking Fcuntion

Conterexample is 

[1, 0.5, 1, 0.125]

sampling time = 3.305 ms


       ########################################         

iteration 2 with 916 examples

2019-05-04-11-10-57   >>>>   Start train ranking function

2019-05-04-11-10-57   >>>>   End train ranking function

train_ranking_functioning time = 31.871 ms


2019-05-04-11-10-57   >>>>   Start verify ranking function
