------Using Template 0 -----------
77 [77]
*****************************************************

2019-05-04-11-16-13   >>>>   End sampling point

sampling time = 358.454 ms,


       ########################################         

iteration 0 with 6 examples

2019-05-04-11-16-13   >>>>   Start train ranking function

2019-05-04-11-16-13   >>>>   End train ranking function

train_ranking_functioning time = 1.041 ms


2019-05-04-11-16-13   >>>>   Start verify ranking function

[xi_0 = 0]
ranking function : 0.9 * 1

2019-05-04-11-16-13   >>>>   End verify ranking function

verifying time = 128.524 ms


Not Found Ranking Fcuntion

Conterexample is 

[0, 0, 0, 0, 0, 0, 0, 0, 0, 0, 0, 0, 0, 0, 0, 0, 0, 0, 0, 0, 0, 0, 0, 0, 0, 0, 0, 0, 0, 0, 0, 0, 0, 0, 0, 0, 0, 0, 0, 0, 0, 0, 0, 0, 0, 0, 0, 0, 0, 0, 0, 0, 0, 0, 0, 0, 0, 0, 0, 0, 0, 0, 0, 0, 0, 0, 0, 0, 0, 0, 0, 0, 0, 0, 0, 0]

sampling time = 117.297 ms


       ########################################         

iteration 1 with 8 examples

2019-05-04-11-16-13   >>>>   Start train ranking function

2019-05-04-11-16-13   >>>>   End train ranking function

train_ranking_functioning time = 0.974 ms


2019-05-04-11-16-13   >>>>   Start verify ranking function

[xi_0 = 0]
ranking function : 0.9 * 1

2019-05-04-11-16-13   >>>>   End verify ranking function

verifying time = 130.138 ms


Not Found Ranking Fcuntion

Conterexample is 

[0, 0, 0, 0, 0, 0, 0, 0, 0, 0, 0, 0, 0, 0, 0, 0, 0, 0, 0, 0, 0, 0, 0, 0, 0, 0, 0, 0, 0, 0, 0, 0, 0, 0, 0, 0, 0, 0, 0, 0, 0, 0, 0, 0, 0, 0, 0, 0, 0, 0, 0, 0, 0, 0, 0, 0, 0, 0, 0, 0, 0, 0, 0, 0, 0, 0, 0, 0, 0, 0, 0, 0, 0, 0, 0, 0]

sampling time = 117.407 ms


       ########################################         

iteration 2 with 10 examples

2019-05-04-11-16-14   >>>>   Start train ranking function

2019-05-04-11-16-14   >>>>   End train ranking function

train_ranking_functioning time = 1.108 ms


2019-05-04-11-16-14   >>>>   Start verify ranking function

[xi_0 = 0]
ranking function : 0.9 * 1

2019-05-04-11-16-14   >>>>   End verify ranking function

verifying time = 129.077 ms


Not Found Ranking Fcuntion

Conterexample is 

[0, 0, 0, 0, 0, 0, 0, 0, 0, 0, 0, 0, 0, 0, 0, 0, 0, 0, 0, 0, 0, 0, 0, 0, 0, 0, 0, 0, 0, 0, 0, 0, 0, 0, 0, 0, 0, 0, 0, 0, 0, 0, 0, 0, 0, 0, 0, 0, 0, 0, 0, 0, 0, 0, 0, 0, 0, 0, 0, 0, 0, 0, 0, 0, 0, 0, 0, 0, 0, 0, 0, 0, 0, 0, 0, 0]

sampling time = 118.154 ms


       ########################################         

iteration 3 with 12 examples

2019-05-04-11-16-14   >>>>   Start train ranking function

2019-05-04-11-16-14   >>>>   End train ranking function

train_ranking_functioning time = 1.270 ms


2019-05-04-11-16-14   >>>>   Start verify ranking function

[xi_0 = 0]
ranking function : 0.9 * 1

2019-05-04-11-16-14   >>>>   End verify ranking function

verifying time = 129.083 ms


Not Found Ranking Fcuntion

Conterexample is 

[0, 0, 0, 0, 0, 0, 0, 0, 0, 0, 0, 0, 0, 0, 0, 0, 0, 0, 0, 0, 0, 0, 0, 0, 0, 0, 0, 0, 0, 0, 0, 0, 0, 0, 0, 0, 0, 0, 0, 0, 0, 0, 0, 0, 0, 0, 0, 0, 0, 0, 0, 0, 0, 0, 0, 0, 0, 0, 0, 0, 0, 0, 0, 0, 0, 0, 0, 0, 0, 0, 0, 0, 0, 0, 0, 0]

sampling time = 117.324 ms


       ########################################         

iteration 4 with 14 examples

2019-05-04-11-16-14   >>>>   Start train ranking function

2019-05-04-11-16-14   >>>>   End train ranking function

train_ranking_functioning time = 1.381 ms


2019-05-04-11-16-14   >>>>   Start verify ranking function

[xi_0 = 0]
ranking function : 0.9 * 1

2019-05-04-11-16-14   >>>>   End verify ranking function

verifying time = 129.778 ms


Not Found Ranking Fcuntion

Conterexample is 

[0, 0, 0, 0, 0, 0, 0, 0, 0, 0, 0, 0, 0, 0, 0, 0, 0, 0, 0, 0, 0, 0, 0, 0, 0, 0, 0, 0, 0, 0, 0, 0, 0, 0, 0, 0, 0, 0, 0, 0, 0, 0, 0, 0, 0, 0, 0, 0, 0, 0, 0, 0, 0, 0, 0, 0, 0, 0, 0, 0, 0, 0, 0, 0, 0, 0, 0, 0, 0, 0, 0, 0, 0, 0, 0, 0]

sampling time = 118.427 ms


       ########################################         

iteration 5 with 16 examples

2019-05-04-11-16-15   >>>>   Start train ranking function

5
2019-05-04-11-16-15   >>>>   End train ranking function

train_ranking_functioning time = 1.857 ms


2019-05-04-11-16-15   >>>>   Start verify ranking function

[xi_0 = 0]
ranking function : 0.9 * 1

2019-05-04-11-16-15   >>>>   End verify ranking function

verifying time = 129.792 ms


Not Found Ranking Fcuntion

Conterexample is 

[0, 0, 0, 0, 0, 0, 0, 0, 0, 0, 0, 0, 0, 0, 0, 0, 0, 0, 0, 0, 0, 0, 0, 0, 0, 0, 0, 0, 0, 0, 0, 0, 0, 0, 0, 0, 0, 0, 0, 0, 0, 0, 0, 0, 0, 0, 0, 0, 0, 0, 0, 0, 0, 0, 0, 0, 0, 0, 0, 0, 0, 0, 0, 0, 0, 0, 0, 0, 0, 0, 0, 0, 0, 0, 0, 0]

sampling time = 118.317 ms


       ########################################         

iteration 6 with 18 examples

2019-05-04-11-16-15   >>>>   Start train ranking function

2019-05-04-11-16-15   >>>>   End train ranking function

train_ranking_functioning time = 1.681 ms


2019-05-04-11-16-15   >>>>   Start verify ranking function

ranking function :  - 0.0133 *  x[1]^1.0 - 0.0133 *  x[2]^1.0 - 0.0133 *  x[3]^1.0 - 0.0133 *  x[4]^1.0 - 0.0133 *  x[5]^1.0 - 0.0133 *  x[6]^1.0 - 0.0133 *  x[7]^1.0 - 0.0133 *  x[8]^1.0 - 0.0133 *  x[9]^1.0 - 0.0133 *  x[10]^1.0 - 0.0133 *  x[11]^1.0 - 0.0133 *  x[12]^1.0 - 0.0133 *  x[13]^1.0 - 0.0133 *  x[14]^1.0 - 0.0133 *  x[15]^1.0 - 0.0133 *  x[16]^1.0 - 0.0133 *  x[17]^1.0 - 0.0133 *  x[18]^1.0 - 0.0133 *  x[19]^1.0 - 0.0133 *  x[20]^1.0 - 0.0133 *  x[21]^1.0 - 0.0133 *  x[22]^1.0 - 0.0133 *  x[23]^1.0 - 0.0133 *  x[24]^1.0 - 0.0133 *  x[25]^1.0 - 0.0133 *  x[26]^1.0 - 0.0133 *  x[27]^1.0 - 0.0133 *  x[28]^1.0 - 0.0133 *  x[29]^1.0 - 0.0133 *  x[30]^1.0 - 0.0133 *  x[31]^1.0 - 0.0133 *  x[32]^1.0 - 0.0133 *  x[33]^1.0 - 0.0133 *  x[34]^1.0 - 0.0133 *  x[35]^1.0 - 0.0133 *  x[36]^1.0 - 0.0133 *  x[37]^1.0 - 0.0133 *  x[38]^1.0 - 0.0133 *  x[39]^1.0 - 0.0133 *  x[40]^1.0 - 0.0133 *  x[41]^1.0 - 0.0133 *  x[42]^1.0 - 0.0133 *  x[43]^1.0 - 0.0133 *  x[44]^1.0 - 0.0133 *  x[45]^1.0 - 0.0133 *  x[46]^1.0 - 0.0133 *  x[47]^1.0 - 0.0133 *  x[48]^1.0 - 0.0133 *  x[49]^1.0 - 0.0133 *  x[50]^1.0 - 0.0133 *  x[51]^1.0 - 0.0133 *  x[52]^1.0 - 0.0133 *  x[53]^1.0 - 0.0133 *  x[54]^1.0 - 0.0133 *  x[55]^1.0 - 0.0133 *  x[56]^1.0 - 0.0133 *  x[57]^1.0 - 0.0133 *  x[58]^1.0 - 0.0133 *  x[59]^1.0 - 0.0133 *  x[60]^1.0 - 0.0133 *  x[61]^1.0 - 0.0133 *  x[62]^1.0 - 0.0133 *  x[63]^1.0 - 0.0133 *  x[64]^1.0 - 0.0133 *  x[65]^1.0 - 0.0133 *  x[66]^1.0 - 0.0133 *  x[67]^1.0 - 0.0133 *  x[68]^1.0 - 0.0133 *  x[69]^1.0 - 0.0133 *  x[70]^1.0 - 0.0133 *  x[71]^1.0 - 0.0133 *  x[72]^1.0 - 0.0133 *  x[73]^1.0 - 0.0133 *  x[74]^1.0 - 0.0133 *  x[75]^1.0 + 0.9474 * 1

2019-05-04-11-16-15   >>>>   End verify ranking function

verifying time = 192.242 ms


Not Found Ranking Fcuntion

Conterexample is 

[0, 0, 0, 0, 0, 0, 0, 0, 72, 0, 0, 0, 0, 0, 0, 0, 0, 0, 0, 0, 0, 0, 0, 0, 0, 0, 0, 0, 0, 0, 0, 0, 0, 0, 0, 0, 0, 0, 0, 0, 0, 0, 0, 0, 0, 0, 0, 0, 0, 0, 0, 0, 0, 0, 0, 0, 0, 0, 0, 0, 0, 0, 0, 0, 0, 0, 0, 0, 0, 0, 0, 0, 0, 0, 0, 0]

sampling time = 118.111 ms


       ########################################         

iteration 7 with 20 examples

2019-05-04-11-16-15   >>>>   Start train ranking function

2019-05-04-11-16-15   >>>>   End train ranking function

train_ranking_functioning time = 1.758 ms


2019-05-04-11-16-15   >>>>   Start verify ranking function

ranking function :  - 0.0135 *  x[1]^1.0 - 0.0135 *  x[2]^1.0 - 0.0135 *  x[3]^1.0 - 0.0135 *  x[4]^1.0 - 0.0135 *  x[5]^1.0 - 0.0135 *  x[6]^1.0 - 0.0135 *  x[7]^1.0 + 0.0007 *  x[8]^1.0 - 0.0135 *  x[9]^1.0 - 0.0135 *  x[10]^1.0 - 0.0135 *  x[11]^1.0 - 0.0135 *  x[12]^1.0 - 0.0135 *  x[13]^1.0 - 0.0135 *  x[14]^1.0 - 0.0135 *  x[15]^1.0 - 0.0135 *  x[16]^1.0 - 0.0135 *  x[17]^1.0 - 0.0135 *  x[18]^1.0 - 0.0135 *  x[19]^1.0 - 0.0135 *  x[20]^1.0 - 0.0135 *  x[21]^1.0 - 0.0135 *  x[22]^1.0 - 0.0135 *  x[23]^1.0 - 0.0135 *  x[24]^1.0 - 0.0135 *  x[25]^1.0 - 0.0135 *  x[26]^1.0 - 0.0135 *  x[27]^1.0 - 0.0135 *  x[28]^1.0 - 0.0135 *  x[29]^1.0 - 0.0135 *  x[30]^1.0 - 0.0135 *  x[31]^1.0 - 0.0135 *  x[32]^1.0 - 0.0135 *  x[33]^1.0 - 0.0135 *  x[34]^1.0 - 0.0135 *  x[35]^1.0 - 0.0135 *  x[36]^1.0 - 0.0135 *  x[37]^1.0 - 0.0135 *  x[38]^1.0 - 0.0135 *  x[39]^1.0 - 0.0135 *  x[40]^1.0 - 0.0135 *  x[41]^1.0 - 0.0135 *  x[42]^1.0 - 0.0135 *  x[43]^1.0 - 0.0135 *  x[44]^1.0 - 0.0135 *  x[45]^1.0 - 0.0135 *  x[46]^1.0 - 0.0135 *  x[47]^1.0 - 0.0135 *  x[48]^1.0 - 0.0135 *  x[49]^1.0 - 0.0135 *  x[50]^1.0 - 0.0135 *  x[51]^1.0 - 0.0135 *  x[52]^1.0 - 0.0135 *  x[53]^1.0 - 0.0135 *  x[54]^1.0 - 0.0135 *  x[55]^1.0 - 0.0135 *  x[56]^1.0 - 0.0135 *  x[57]^1.0 - 0.0135 *  x[58]^1.0 - 0.0135 *  x[59]^1.0 - 0.0135 *  x[60]^1.0 - 0.0135 *  x[61]^1.0 - 0.0135 *  x[62]^1.0 - 0.0135 *  x[63]^1.0 - 0.0135 *  x[64]^1.0 - 0.0135 *  x[65]^1.0 - 0.0135 *  x[66]^1.0 - 0.0135 *  x[67]^1.0 - 0.0135 *  x[68]^1.0 - 0.0135 *  x[69]^1.0 - 0.0135 *  x[70]^1.0 - 0.0135 *  x[71]^1.0 - 0.0135 *  x[72]^1.0 - 0.0135 *  x[73]^1.0 - 0.0135 *  x[74]^1.0 - 0.0135 *  x[75]^1.0 + 0.9474 * 1

2019-05-04-11-16-16   >>>>   End verify ranking function

verifying time = 195.682 ms


Not Found Ranking Fcuntion

Conterexample is 

[0, 0, 0, 0, 0, 0, 0, 0, 0, 0, 0, 0, 0, 0, 0, 0, 0, 0, 0, 0, 0, 0, 0, 0, 71, 0, 0, 0, 0, 0, 0, 0, 0, 0, 0, 0, 0, 0, 0, 0, 0, 0, 0, 0, 0, 0, 0, 0, 0, 0, 0, 0, 0, 0, 0, 0, 0, 0, 0, 0, 0, 0, 0, 0, 0, 0, 0, 0, 0, 0, 0, 0, 0, 0, 0, 0]

sampling time = 120.953 ms


       ########################################         

iteration 8 with 22 examples

2019-05-04-11-16-16   >>>>   Start train ranking function

2019-05-04-11-16-16   >>>>   End train ranking function

train_ranking_functioning time = 2.021 ms


2019-05-04-11-16-16   >>>>   Start verify ranking function

ranking function :  - 0.0137 *  x[1]^1.0 - 0.0137 *  x[2]^1.0 - 0.0137 *  x[3]^1.0 - 0.0137 *  x[4]^1.0 - 0.0137 *  x[5]^1.0 - 0.0137 *  x[6]^1.0 - 0.0137 *  x[7]^1.0 + 0.0007 *  x[8]^1.0 - 0.0137 *  x[9]^1.0 - 0.0137 *  x[10]^1.0 - 0.0137 *  x[11]^1.0 - 0.0137 *  x[12]^1.0 - 0.0137 *  x[13]^1.0 - 0.0137 *  x[14]^1.0 - 0.0137 *  x[15]^1.0 - 0.0137 *  x[16]^1.0 - 0.0137 *  x[17]^1.0 - 0.0137 *  x[18]^1.0 - 0.0137 *  x[19]^1.0 - 0.0137 *  x[20]^1.0 - 0.0137 *  x[21]^1.0 - 0.0137 *  x[22]^1.0 - 0.0137 *  x[23]^1.0 + 0.0007 *  x[24]^1.0 - 0.0137 *  x[25]^1.0 - 0.0137 *  x[26]^1.0 - 0.0137 *  x[27]^1.0 - 0.0137 *  x[28]^1.0 - 0.0137 *  x[29]^1.0 - 0.0137 *  x[30]^1.0 - 0.0137 *  x[31]^1.0 - 0.0137 *  x[32]^1.0 - 0.0137 *  x[33]^1.0 - 0.0137 *  x[34]^1.0 - 0.0137 *  x[35]^1.0 - 0.0137 *  x[36]^1.0 - 0.0137 *  x[37]^1.0 - 0.0137 *  x[38]^1.0 - 0.0137 *  x[39]^1.0 - 0.0137 *  x[40]^1.0 - 0.0137 *  x[41]^1.0 - 0.0137 *  x[42]^1.0 - 0.0137 *  x[43]^1.0 - 0.0137 *  x[44]^1.0 - 0.0137 *  x[45]^1.0 - 0.0137 *  x[46]^1.0 - 0.0137 *  x[47]^1.0 - 0.0137 *  x[48]^1.0 - 0.0137 *  x[49]^1.0 - 0.0137 *  x[50]^1.0 - 0.0137 *  x[51]^1.0 - 0.0137 *  x[52]^1.0 - 0.0137 *  x[53]^1.0 - 0.0137 *  x[54]^1.0 - 0.0137 *  x[55]^1.0 - 0.0137 *  x[56]^1.0 - 0.0137 *  x[57]^1.0 - 0.0137 *  x[58]^1.0 - 0.0137 *  x[59]^1.0 - 0.0137 *  x[60]^1.0 - 0.0137 *  x[61]^1.0 - 0.0137 *  x[62]^1.0 - 0.0137 *  x[63]^1.0 - 0.0137 *  x[64]^1.0 - 0.0137 *  x[65]^1.0 - 0.0137 *  x[66]^1.0 - 0.0137 *  x[67]^1.0 - 0.0137 *  x[68]^1.0 - 0.0137 *  x[69]^1.0 - 0.0137 *  x[70]^1.0 - 0.0137 *  x[71]^1.0 - 0.0137 *  x[72]^1.0 - 0.0137 *  x[73]^1.0 - 0.0137 *  x[74]^1.0 - 0.0137 *  x[75]^1.0 + 0.9474 * 1

2019-05-04-11-16-16   >>>>   End verify ranking function

verifying time = 193.742 ms


Not Found Ranking Fcuntion

Conterexample is 

[0, 0, 0, 0, 0, 0, 0, 0, 0, 0, 0, 0, 0, 0, 0, 0, 0, 0, 0, 0, 0, 0, 0, 0, 0, 0, 0, 0, 0, 0, 0, 0, 0, 0, 0, 0, 0, 0, 0, 0, 0, 0, 0, 0, 0, 0, 0, 0, 0, 0, 0, 0, 0, 0, 0, 0, 0, 0, 0, 0, 0, 0, 0, 0, 0, 70, 0, 0, 0, 0, 0, 0, 0, 0, 0, 0]

sampling time = 117.952 ms


       ########################################         

iteration 9 with 24 examples

2019-05-04-11-16-16   >>>>   Start train ranking function

2019-05-04-11-16-16   >>>>   End train ranking function

train_ranking_functioning time = 1.876 ms


2019-05-04-11-16-16   >>>>   Start verify ranking function

ranking function :  - 0.0139 *  x[1]^1.0 - 0.0139 *  x[2]^1.0 - 0.0139 *  x[3]^1.0 - 0.0139 *  x[4]^1.0 - 0.0139 *  x[5]^1.0 - 0.0139 *  x[6]^1.0 - 0.0139 *  x[7]^1.0 + 0.0007 *  x[8]^1.0 - 0.0139 *  x[9]^1.0 - 0.0139 *  x[10]^1.0 - 0.0139 *  x[11]^1.0 - 0.0139 *  x[12]^1.0 - 0.0139 *  x[13]^1.0 - 0.0139 *  x[14]^1.0 - 0.0139 *  x[15]^1.0 - 0.0139 *  x[16]^1.0 - 0.0139 *  x[17]^1.0 - 0.0139 *  x[18]^1.0 - 0.0139 *  x[19]^1.0 - 0.0139 *  x[20]^1.0 - 0.0139 *  x[21]^1.0 - 0.0139 *  x[22]^1.0 - 0.0139 *  x[23]^1.0 + 0.0007 *  x[24]^1.0 - 0.0139 *  x[25]^1.0 - 0.0139 *  x[26]^1.0 - 0.0139 *  x[27]^1.0 - 0.0139 *  x[28]^1.0 - 0.0139 *  x[29]^1.0 - 0.0139 *  x[30]^1.0 - 0.0139 *  x[31]^1.0 - 0.0139 *  x[32]^1.0 - 0.0139 *  x[33]^1.0 - 0.0139 *  x[34]^1.0 - 0.0139 *  x[35]^1.0 - 0.0139 *  x[36]^1.0 - 0.0139 *  x[37]^1.0 - 0.0139 *  x[38]^1.0 - 0.0139 *  x[39]^1.0 - 0.0139 *  x[40]^1.0 - 0.0139 *  x[41]^1.0 - 0.0139 *  x[42]^1.0 - 0.0139 *  x[43]^1.0 - 0.0139 *  x[44]^1.0 - 0.0139 *  x[45]^1.0 - 0.0139 *  x[46]^1.0 - 0.0139 *  x[47]^1.0 - 0.0139 *  x[48]^1.0 - 0.0139 *  x[49]^1.0 - 0.0139 *  x[50]^1.0 - 0.0139 *  x[51]^1.0 - 0.0139 *  x[52]^1.0 - 0.0139 *  x[53]^1.0 - 0.0139 *  x[54]^1.0 - 0.0139 *  x[55]^1.0 - 0.0139 *  x[56]^1.0 - 0.0139 *  x[57]^1.0 - 0.0139 *  x[58]^1.0 - 0.0139 *  x[59]^1.0 - 0.0139 *  x[60]^1.0 - 0.0139 *  x[61]^1.0 - 0.0139 *  x[62]^1.0 - 0.0139 *  x[63]^1.0 - 0.0139 *  x[64]^1.0 + 0.0007 *  x[65]^1.0 - 0.0139 *  x[66]^1.0 - 0.0139 *  x[67]^1.0 - 0.0139 *  x[68]^1.0 - 0.0139 *  x[69]^1.0 - 0.0139 *  x[70]^1.0 - 0.0139 *  x[71]^1.0 - 0.0139 *  x[72]^1.0 - 0.0139 *  x[73]^1.0 - 0.0139 *  x[74]^1.0 - 0.0139 *  x[75]^1.0 + 0.9474 * 1

2019-05-04-11-16-17   >>>>   End verify ranking function

verifying time = 195.988 ms


Not Found Ranking Fcuntion

Conterexample is 

[0, 0, 0, 0, 0, 0, 0, 0, 0, 0, 0, 0, 0, 0, 69, 0, 0, 0, 0, 0, 0, 0, 0, 0, 0, 0, 0, 0, 0, 0, 0, 0, 0, 0, 0, 0, 0, 0, 0, 0, 0, 0, 0, 0, 0, 0, 0, 0, 0, 0, 0, 0, 0, 0, 0, 0, 0, 0, 0, 0, 0, 0, 0, 0, 0, 0, 0, 0, 0, 0, 0, 0, 0, 0, 0, 0]

sampling time = 117.566 ms


       ########################################         

iteration 10 with 26 examples

2019-05-04-11-16-17   >>>>   Start train ranking function

2019-05-04-11-16-17   >>>>   End train ranking function

train_ranking_functioning time = 2.156 ms


2019-05-04-11-16-17   >>>>   Start verify ranking function

ranking function :  - 0.0141 *  x[1]^1.0 - 0.0141 *  x[2]^1.0 - 0.0141 *  x[3]^1.0 - 0.0141 *  x[4]^1.0 - 0.0141 *  x[5]^1.0 - 0.0141 *  x[6]^1.0 - 0.0141 *  x[7]^1.0 + 0.0007 *  x[8]^1.0 - 0.0141 *  x[9]^1.0 - 0.0141 *  x[10]^1.0 - 0.0141 *  x[11]^1.0 - 0.0141 *  x[12]^1.0 - 0.0141 *  x[13]^1.0 + 0.0008 *  x[14]^1.0 - 0.0141 *  x[15]^1.0 - 0.0141 *  x[16]^1.0 - 0.0141 *  x[17]^1.0 - 0.0141 *  x[18]^1.0 - 0.0141 *  x[19]^1.0 - 0.0141 *  x[20]^1.0 - 0.0141 *  x[21]^1.0 - 0.0141 *  x[22]^1.0 - 0.0141 *  x[23]^1.0 + 0.0007 *  x[24]^1.0 - 0.0141 *  x[25]^1.0 - 0.0141 *  x[26]^1.0 - 0.0141 *  x[27]^1.0 - 0.0141 *  x[28]^1.0 - 0.0141 *  x[29]^1.0 - 0.0141 *  x[30]^1.0 - 0.0141 *  x[31]^1.0 - 0.0141 *  x[32]^1.0 - 0.0141 *  x[33]^1.0 - 0.0141 *  x[34]^1.0 - 0.0141 *  x[35]^1.0 - 0.0141 *  x[36]^1.0 - 0.0141 *  x[37]^1.0 - 0.0141 *  x[38]^1.0 - 0.0141 *  x[39]^1.0 - 0.0141 *  x[40]^1.0 - 0.0141 *  x[41]^1.0 - 0.0141 *  x[42]^1.0 - 0.0141 *  x[43]^1.0 - 0.0141 *  x[44]^1.0 - 0.0141 *  x[45]^1.0 - 0.0141 *  x[46]^1.0 - 0.0141 *  x[47]^1.0 - 0.0141 *  x[48]^1.0 - 0.0141 *  x[49]^1.0 - 0.0141 *  x[50]^1.0 - 0.0141 *  x[51]^1.0 - 0.0141 *  x[52]^1.0 - 0.0141 *  x[53]^1.0 - 0.0141 *  x[54]^1.0 - 0.0141 *  x[55]^1.0 - 0.0141 *  x[56]^1.0 - 0.0141 *  x[57]^1.0 - 0.0141 *  x[58]^1.0 - 0.0141 *  x[59]^1.0 - 0.0141 *  x[60]^1.0 - 0.0141 *  x[61]^1.0 - 0.0141 *  x[62]^1.0 - 0.0141 *  x[63]^1.0 - 0.0141 *  x[64]^1.0 + 0.0007 *  x[65]^1.0 - 0.0141 *  x[66]^1.0 - 0.0141 *  x[67]^1.0 - 0.0141 *  x[68]^1.0 - 0.0141 *  x[69]^1.0 - 0.0141 *  x[70]^1.0 - 0.0141 *  x[71]^1.0 - 0.0141 *  x[72]^1.0 - 0.0141 *  x[73]^1.0 - 0.0141 *  x[74]^1.0 - 0.0141 *  x[75]^1.0 + 0.9474 * 1

2019-05-04-11-16-17   >>>>   End verify ranking function

verifying time = 195.425 ms


Not Found Ranking Fcuntion

Conterexample is 

[0, 0, 0, 0, 0, 0, 0, 0, 0, 0, 0, 0, 0, 0, 0, 0, 0, 0, 0, 0, 68, 0, 0, 0, 0, 0, 0, 0, 0, 0, 0, 0, 0, 0, 0, 0, 0, 0, 0, 0, 0, 0, 0, 0, 0, 0, 0, 0, 0, 0, 0, 0, 0, 0, 0, 0, 0, 0, 0, 0, 0, 0, 0, 0, 0, 0, 0, 0, 0, 0, 0, 0, 0, 0, 0, 0]

sampling time = 118.426 ms


       ########################################         

iteration 11 with 28 examples

2019-05-04-11-16-17   >>>>   Start train ranking function

2019-05-04-11-16-17   >>>>   End train ranking function

train_ranking_functioning time = 2.071 ms


2019-05-04-11-16-17   >>>>   Start verify ranking function

ranking function :  - 0.0143 *  x[1]^1.0 - 0.0143 *  x[2]^1.0 - 0.0143 *  x[3]^1.0 - 0.0143 *  x[4]^1.0 - 0.0143 *  x[5]^1.0 - 0.0143 *  x[6]^1.0 - 0.0143 *  x[7]^1.0 + 0.0007 *  x[8]^1.0 - 0.0143 *  x[9]^1.0 - 0.0143 *  x[10]^1.0 - 0.0143 *  x[11]^1.0 - 0.0143 *  x[12]^1.0 - 0.0143 *  x[13]^1.0 + 0.0008 *  x[14]^1.0 - 0.0143 *  x[15]^1.0 - 0.0143 *  x[16]^1.0 - 0.0143 *  x[17]^1.0 - 0.0143 *  x[18]^1.0 - 0.0143 *  x[19]^1.0 + 0.0008 *  x[20]^1.0 - 0.0143 *  x[21]^1.0 - 0.0143 *  x[22]^1.0 - 0.0143 *  x[23]^1.0 + 0.0007 *  x[24]^1.0 - 0.0143 *  x[25]^1.0 - 0.0143 *  x[26]^1.0 - 0.0143 *  x[27]^1.0 - 0.0143 *  x[28]^1.0 - 0.0143 *  x[29]^1.0 - 0.0143 *  x[30]^1.0 - 0.0143 *  x[31]^1.0 - 0.0143 *  x[32]^1.0 - 0.0143 *  x[33]^1.0 - 0.0143 *  x[34]^1.0 - 0.0143 *  x[35]^1.0 - 0.0143 *  x[36]^1.0 - 0.0143 *  x[37]^1.0 - 0.0143 *  x[38]^1.0 - 0.0143 *  x[39]^1.0 - 0.0143 *  x[40]^1.0 - 0.0143 *  x[41]^1.0 - 0.0143 *  x[42]^1.0 - 0.0143 *  x[43]^1.0 - 0.0143 *  x[44]^1.0 - 0.0143 *  x[45]^1.0 - 0.0143 *  x[46]^1.0 - 0.0143 *  x[47]^1.0 - 0.0143 *  x[48]^1.0 - 0.0143 *  x[49]^1.0 - 0.0143 *  x[50]^1.0 - 0.0143 *  x[51]^1.0 - 0.0143 *  x[52]^1.0 - 0.0143 *  x[53]^1.0 - 0.0143 *  x[54]^1.0 - 0.0143 *  x[55]^1.0 - 0.0143 *  x[56]^1.0 - 0.0143 *  x[57]^1.0 - 0.0143 *  x[58]^1.0 - 0.0143 *  x[59]^1.0 - 0.0143 *  x[60]^1.0 - 0.0143 *  x[61]^1.0 - 0.0143 *  x[62]^1.0 - 0.0143 *  x[63]^1.0 - 0.0143 *  x[64]^1.0 + 0.0007 *  x[65]^1.0 - 0.0143 *  x[66]^1.0 - 0.0143 *  x[67]^1.0 - 0.0143 *  x[68]^1.0 - 0.0143 *  x[69]^1.0 - 0.0143 *  x[70]^1.0 - 0.0143 *  x[71]^1.0 - 0.0143 *  x[72]^1.0 - 0.0143 *  x[73]^1.0 - 0.0143 *  x[74]^1.0 - 0.0143 *  x[75]^1.0 + 0.9474 * 1

2019-05-04-11-16-17   >>>>   End verify ranking function

verifying time = 194.969 ms


Not Found Ranking Fcuntion

Conterexample is 

[0, 0, 0, 0, 0, 0, 0, 0, 0, 0, 0, 0, 0, 0, 0, 0, 0, 0, 0, 0, 0, 0, 0, 0, 0, 0, 0, 0, 0, 0, 0, 0, 0, 0, 67, 0, 0, 0, 0, 0, 0, 0, 0, 0, 0, 0, 0, 0, 0, 0, 0, 0, 0, 0, 0, 0, 0, 0, 0, 0, 0, 0, 0, 0, 0, 0, 0, 0, 0, 0, 0, 0, 0, 0, 0, 0]

sampling time = 121.127 ms


       ########################################         

iteration 12 with 30 examples

2019-05-04-11-16-18   >>>>   Start train ranking function

2019-05-04-11-16-18   >>>>   End train ranking function

train_ranking_functioning time = 2.161 ms


2019-05-04-11-16-18   >>>>   Start verify ranking function

ranking function :  - 0.0145 *  x[1]^1.0 - 0.0145 *  x[2]^1.0 - 0.0145 *  x[3]^1.0 - 0.0145 *  x[4]^1.0 - 0.0145 *  x[5]^1.0 - 0.0145 *  x[6]^1.0 - 0.0145 *  x[7]^1.0 + 0.0007 *  x[8]^1.0 - 0.0145 *  x[9]^1.0 - 0.0145 *  x[10]^1.0 - 0.0145 *  x[11]^1.0 - 0.0145 *  x[12]^1.0 - 0.0145 *  x[13]^1.0 + 0.0008 *  x[14]^1.0 - 0.0145 *  x[15]^1.0 - 0.0145 *  x[16]^1.0 - 0.0145 *  x[17]^1.0 - 0.0145 *  x[18]^1.0 - 0.0145 *  x[19]^1.0 + 0.0008 *  x[20]^1.0 - 0.0145 *  x[21]^1.0 - 0.0145 *  x[22]^1.0 - 0.0145 *  x[23]^1.0 + 0.0007 *  x[24]^1.0 - 0.0145 *  x[25]^1.0 - 0.0145 *  x[26]^1.0 - 0.0145 *  x[27]^1.0 - 0.0145 *  x[28]^1.0 - 0.0145 *  x[29]^1.0 - 0.0145 *  x[30]^1.0 - 0.0145 *  x[31]^1.0 - 0.0145 *  x[32]^1.0 - 0.0145 *  x[33]^1.0 + 0.0008 *  x[34]^1.0 - 0.0145 *  x[35]^1.0 - 0.0145 *  x[36]^1.0 - 0.0145 *  x[37]^1.0 - 0.0145 *  x[38]^1.0 - 0.0145 *  x[39]^1.0 - 0.0145 *  x[40]^1.0 - 0.0145 *  x[41]^1.0 - 0.0145 *  x[42]^1.0 - 0.0145 *  x[43]^1.0 - 0.0145 *  x[44]^1.0 - 0.0145 *  x[45]^1.0 - 0.0145 *  x[46]^1.0 - 0.0145 *  x[47]^1.0 - 0.0145 *  x[48]^1.0 - 0.0145 *  x[49]^1.0 - 0.0145 *  x[50]^1.0 - 0.0145 *  x[51]^1.0 - 0.0145 *  x[52]^1.0 - 0.0145 *  x[53]^1.0 - 0.0145 *  x[54]^1.0 - 0.0145 *  x[55]^1.0 - 0.0145 *  x[56]^1.0 - 0.0145 *  x[57]^1.0 - 0.0145 *  x[58]^1.0 - 0.0145 *  x[59]^1.0 - 0.0145 *  x[60]^1.0 - 0.0145 *  x[61]^1.0 - 0.0145 *  x[62]^1.0 - 0.0145 *  x[63]^1.0 - 0.0145 *  x[64]^1.0 + 0.0007 *  x[65]^1.0 - 0.0145 *  x[66]^1.0 - 0.0145 *  x[67]^1.0 - 0.0145 *  x[68]^1.0 - 0.0145 *  x[69]^1.0 - 0.0145 *  x[70]^1.0 - 0.0145 *  x[71]^1.0 - 0.0145 *  x[72]^1.0 - 0.0145 *  x[73]^1.0 - 0.0145 *  x[74]^1.0 - 0.0145 *  x[75]^1.0 + 0.9474 * 1

2019-05-04-11-16-18   >>>>   End verify ranking function

verifying time = 195.135 ms


Not Found Ranking Fcuntion

Conterexample is 

[0, 0, 0, 0, 0, 0, 0, 0, 0, 0, 0, 0, 0, 0, 0, 0, 0, 0, 0, 0, 0, 0, 0, 0, 0, 0, 0, 0, 0, 0, 0, 0, 0, 0, 0, 0, 0, 0, 0, 0, 0, 0, 66, 0, 0, 0, 0, 0, 0, 0, 0, 0, 0, 0, 0, 0, 0, 0, 0, 0, 0, 0, 0, 0, 0, 0, 0, 0, 0, 0, 0, 0, 0, 0, 0, 0]

sampling time = 119.049 ms


       ########################################         

iteration 13 with 32 examples

2019-05-04-11-16-18   >>>>   Start train ranking function

2019-05-04-11-16-18   >>>>   End train ranking function

train_ranking_functioning time = 2.025 ms


2019-05-04-11-16-18   >>>>   Start verify ranking function

ranking function :  - 0.0148 *  x[1]^1.0 - 0.0148 *  x[2]^1.0 - 0.0148 *  x[3]^1.0 - 0.0148 *  x[4]^1.0 - 0.0148 *  x[5]^1.0 - 0.0148 *  x[6]^1.0 - 0.0148 *  x[7]^1.0 + 0.0007 *  x[8]^1.0 - 0.0148 *  x[9]^1.0 - 0.0148 *  x[10]^1.0 - 0.0148 *  x[11]^1.0 - 0.0148 *  x[12]^1.0 - 0.0148 *  x[13]^1.0 + 0.0008 *  x[14]^1.0 - 0.0148 *  x[15]^1.0 - 0.0148 *  x[16]^1.0 - 0.0148 *  x[17]^1.0 - 0.0148 *  x[18]^1.0 - 0.0148 *  x[19]^1.0 + 0.0008 *  x[20]^1.0 - 0.0148 *  x[21]^1.0 - 0.0148 *  x[22]^1.0 - 0.0148 *  x[23]^1.0 + 0.0007 *  x[24]^1.0 - 0.0148 *  x[25]^1.0 - 0.0148 *  x[26]^1.0 - 0.0148 *  x[27]^1.0 - 0.0148 *  x[28]^1.0 - 0.0148 *  x[29]^1.0 - 0.0148 *  x[30]^1.0 - 0.0148 *  x[31]^1.0 - 0.0148 *  x[32]^1.0 - 0.0148 *  x[33]^1.0 + 0.0008 *  x[34]^1.0 - 0.0148 *  x[35]^1.0 - 0.0148 *  x[36]^1.0 - 0.0148 *  x[37]^1.0 - 0.0148 *  x[38]^1.0 - 0.0148 *  x[39]^1.0 - 0.0148 *  x[40]^1.0 - 0.0148 *  x[41]^1.0 + 0.0008 *  x[42]^1.0 - 0.0148 *  x[43]^1.0 - 0.0148 *  x[44]^1.0 - 0.0148 *  x[45]^1.0 - 0.0148 *  x[46]^1.0 - 0.0148 *  x[47]^1.0 - 0.0148 *  x[48]^1.0 - 0.0148 *  x[49]^1.0 - 0.0148 *  x[50]^1.0 - 0.0148 *  x[51]^1.0 - 0.0148 *  x[52]^1.0 - 0.0148 *  x[53]^1.0 - 0.0148 *  x[54]^1.0 - 0.0148 *  x[55]^1.0 - 0.0148 *  x[56]^1.0 - 0.0148 *  x[57]^1.0 - 0.0148 *  x[58]^1.0 - 0.0148 *  x[59]^1.0 - 0.0148 *  x[60]^1.0 - 0.0148 *  x[61]^1.0 - 0.0148 *  x[62]^1.0 - 0.0148 *  x[63]^1.0 - 0.0148 *  x[64]^1.0 + 0.0008 *  x[65]^1.0 - 0.0148 *  x[66]^1.0 - 0.0148 *  x[67]^1.0 - 0.0148 *  x[68]^1.0 - 0.0148 *  x[69]^1.0 - 0.0148 *  x[70]^1.0 - 0.0148 *  x[71]^1.0 - 0.0148 *  x[72]^1.0 - 0.0148 *  x[73]^1.0 - 0.0148 *  x[74]^1.0 - 0.0148 *  x[75]^1.0 + 0.9475 * 1

2019-05-04-11-16-18   >>>>   End verify ranking function

verifying time = 194.720 ms


Not Found Ranking Fcuntion

Conterexample is 

[0, 0, 0, 0, 0, 0, 0, 0, 0, 0, 0, 0, 0, 0, 0, 0, 0, 0, 0, 0, 0, 0, 0, 0, 0, 0, 0, 0, 0, 0, 0, 0, 0, 0, 0, 65, 0, 0, 0, 0, 0, 0, 0, 0, 0, 0, 0, 0, 0, 0, 0, 0, 0, 0, 0, 0, 0, 0, 0, 0, 0, 0, 0, 0, 0, 0, 0, 0, 0, 0, 0, 0, 0, 0, 0, 0]

sampling time = 117.164 ms


       ########################################         

iteration 14 with 34 examples

2019-05-04-11-16-19   >>>>   Start train ranking function

2019-05-04-11-16-19   >>>>   End train ranking function

train_ranking_functioning time = 2.244 ms


2019-05-04-11-16-19   >>>>   Start verify ranking function

ranking function :  - 0.015 *  x[1]^1.0 - 0.015 *  x[2]^1.0 - 0.015 *  x[3]^1.0 - 0.015 *  x[4]^1.0 - 0.015 *  x[5]^1.0 - 0.015 *  x[6]^1.0 - 0.015 *  x[7]^1.0 + 0.0007 *  x[8]^1.0 - 0.015 *  x[9]^1.0 - 0.015 *  x[10]^1.0 - 0.015 *  x[11]^1.0 - 0.015 *  x[12]^1.0 - 0.015 *  x[13]^1.0 + 0.0008 *  x[14]^1.0 - 0.015 *  x[15]^1.0 - 0.015 *  x[16]^1.0 - 0.015 *  x[17]^1.0 - 0.015 *  x[18]^1.0 - 0.015 *  x[19]^1.0 + 0.0008 *  x[20]^1.0 - 0.015 *  x[21]^1.0 - 0.015 *  x[22]^1.0 - 0.015 *  x[23]^1.0 + 0.0007 *  x[24]^1.0 - 0.015 *  x[25]^1.0 - 0.015 *  x[26]^1.0 - 0.015 *  x[27]^1.0 - 0.015 *  x[28]^1.0 - 0.015 *  x[29]^1.0 - 0.015 *  x[30]^1.0 - 0.015 *  x[31]^1.0 - 0.015 *  x[32]^1.0 - 0.015 *  x[33]^1.0 + 0.0008 *  x[34]^1.0 + 0.0008 *  x[35]^1.0 - 0.015 *  x[36]^1.0 - 0.015 *  x[37]^1.0 - 0.015 *  x[38]^1.0 - 0.015 *  x[39]^1.0 - 0.015 *  x[40]^1.0 - 0.015 *  x[41]^1.0 + 0.0008 *  x[42]^1.0 - 0.015 *  x[43]^1.0 - 0.015 *  x[44]^1.0 - 0.015 *  x[45]^1.0 - 0.015 *  x[46]^1.0 - 0.015 *  x[47]^1.0 - 0.015 *  x[48]^1.0 - 0.015 *  x[49]^1.0 - 0.015 *  x[50]^1.0 - 0.015 *  x[51]^1.0 - 0.015 *  x[52]^1.0 - 0.015 *  x[53]^1.0 - 0.015 *  x[54]^1.0 - 0.015 *  x[55]^1.0 - 0.015 *  x[56]^1.0 - 0.015 *  x[57]^1.0 - 0.015 *  x[58]^1.0 - 0.015 *  x[59]^1.0 - 0.015 *  x[60]^1.0 - 0.015 *  x[61]^1.0 - 0.015 *  x[62]^1.0 - 0.015 *  x[63]^1.0 - 0.015 *  x[64]^1.0 + 0.0007 *  x[65]^1.0 - 0.015 *  x[66]^1.0 - 0.015 *  x[67]^1.0 - 0.015 *  x[68]^1.0 - 0.015 *  x[69]^1.0 - 0.015 *  x[70]^1.0 - 0.015 *  x[71]^1.0 - 0.015 *  x[72]^1.0 - 0.015 *  x[73]^1.0 - 0.015 *  x[74]^1.0 - 0.015 *  x[75]^1.0 + 0.9475 * 1

2019-05-04-11-16-19   >>>>   End verify ranking function

verifying time = 194.552 ms


Not Found Ranking Fcuntion

Conterexample is 

[0, 0, 0, 0, 0, 0, 0, 0, 0, 0, 0, 0, 0, 0, 0, 0, 0, 0, 0, 0, 0, 0, 0, 0, 0, 0, 0, 0, 0, 0, 0, 0, 0, 0, 0, 0, 0, 0, 0, 0, 0, 0, 0, 0, 0, 0, 0, 0, 0, 0, 0, 0, 0, 0, 0, 0, 0, 0, 64, 0, 0, 0, 0, 0, 0, 0, 0, 0, 0, 0, 0, 0, 0, 0, 0, 0]

sampling time = 117.254 ms


       ########################################         

iteration 15 with 36 examples

2019-05-04-11-16-19   >>>>   Start train ranking function

2019-05-04-11-16-19   >>>>   End train ranking function

train_ranking_functioning time = 2.177 ms


2019-05-04-11-16-19   >>>>   Start verify ranking function

ranking function :  - 0.0152 *  x[1]^1.0 - 0.0152 *  x[2]^1.0 - 0.0152 *  x[3]^1.0 - 0.0152 *  x[4]^1.0 - 0.0152 *  x[5]^1.0 - 0.0152 *  x[6]^1.0 - 0.0152 *  x[7]^1.0 + 0.0007 *  x[8]^1.0 - 0.0152 *  x[9]^1.0 - 0.0152 *  x[10]^1.0 - 0.0152 *  x[11]^1.0 - 0.0152 *  x[12]^1.0 - 0.0152 *  x[13]^1.0 + 0.0008 *  x[14]^1.0 - 0.0152 *  x[15]^1.0 - 0.0152 *  x[16]^1.0 - 0.0152 *  x[17]^1.0 - 0.0152 *  x[18]^1.0 - 0.0152 *  x[19]^1.0 + 0.0008 *  x[20]^1.0 - 0.0152 *  x[21]^1.0 - 0.0152 *  x[22]^1.0 - 0.0152 *  x[23]^1.0 + 0.0007 *  x[24]^1.0 - 0.0152 *  x[25]^1.0 - 0.0152 *  x[26]^1.0 - 0.0152 *  x[27]^1.0 - 0.0152 *  x[28]^1.0 - 0.0152 *  x[29]^1.0 - 0.0152 *  x[30]^1.0 - 0.0152 *  x[31]^1.0 - 0.0152 *  x[32]^1.0 - 0.0152 *  x[33]^1.0 + 0.0008 *  x[34]^1.0 + 0.0008 *  x[35]^1.0 - 0.0152 *  x[36]^1.0 - 0.0152 *  x[37]^1.0 - 0.0152 *  x[38]^1.0 - 0.0152 *  x[39]^1.0 - 0.0152 *  x[40]^1.0 - 0.0152 *  x[41]^1.0 + 0.0008 *  x[42]^1.0 - 0.0152 *  x[43]^1.0 - 0.0152 *  x[44]^1.0 - 0.0152 *  x[45]^1.0 - 0.0152 *  x[46]^1.0 - 0.0152 *  x[47]^1.0 - 0.0152 *  x[48]^1.0 - 0.0152 *  x[49]^1.0 - 0.0152 *  x[50]^1.0 - 0.0152 *  x[51]^1.0 - 0.0152 *  x[52]^1.0 - 0.0152 *  x[53]^1.0 - 0.0152 *  x[54]^1.0 - 0.0152 *  x[55]^1.0 - 0.0152 *  x[56]^1.0 - 0.0152 *  x[57]^1.0 + 0.0008 *  x[58]^1.0 - 0.0152 *  x[59]^1.0 - 0.0152 *  x[60]^1.0 - 0.0152 *  x[61]^1.0 - 0.0152 *  x[62]^1.0 - 0.0152 *  x[63]^1.0 - 0.0152 *  x[64]^1.0 + 0.0007 *  x[65]^1.0 - 0.0152 *  x[66]^1.0 - 0.0152 *  x[67]^1.0 - 0.0152 *  x[68]^1.0 - 0.0152 *  x[69]^1.0 - 0.0152 *  x[70]^1.0 - 0.0152 *  x[71]^1.0 - 0.0152 *  x[72]^1.0 - 0.0152 *  x[73]^1.0 - 0.0152 *  x[74]^1.0 - 0.0152 *  x[75]^1.0 + 0.9475 * 1

2019-05-04-11-16-19   >>>>   End verify ranking function

verifying time = 194.169 ms


Not Found Ranking Fcuntion

Conterexample is 

[0, 0, 0, 0, 0, 0, 0, 0, 0, 0, 0, 0, 0, 0, 0, 0, 0, 0, 0, 0, 0, 0, 0, 0, 0, 0, 0, 0, 0, 0, 0, 0, 0, 0, 0, 0, 0, 0, 0, 0, 0, 0, 0, 0, 0, 0, 0, 0, 0, 63, 0, 0, 0, 0, 0, 0, 0, 0, 0, 0, 0, 0, 0, 0, 0, 0, 0, 0, 0, 0, 0, 0, 0, 0, 0, 0]

sampling time = 120.066 ms


       ########################################         

iteration 16 with 38 examples

2019-05-04-11-16-20   >>>>   Start train ranking function

2019-05-04-11-16-20   >>>>   End train ranking function

train_ranking_functioning time = 2.223 ms


2019-05-04-11-16-20   >>>>   Start verify ranking function

ranking function :  - 0.0155 *  x[1]^1.0 - 0.0155 *  x[2]^1.0 - 0.0155 *  x[3]^1.0 - 0.0155 *  x[4]^1.0 - 0.0155 *  x[5]^1.0 - 0.0155 *  x[6]^1.0 - 0.0155 *  x[7]^1.0 + 0.0007 *  x[8]^1.0 - 0.0155 *  x[9]^1.0 - 0.0155 *  x[10]^1.0 - 0.0155 *  x[11]^1.0 - 0.0155 *  x[12]^1.0 - 0.0155 *  x[13]^1.0 + 0.0008 *  x[14]^1.0 - 0.0155 *  x[15]^1.0 - 0.0155 *  x[16]^1.0 - 0.0155 *  x[17]^1.0 - 0.0155 *  x[18]^1.0 - 0.0155 *  x[19]^1.0 + 0.0008 *  x[20]^1.0 - 0.0155 *  x[21]^1.0 - 0.0155 *  x[22]^1.0 - 0.0155 *  x[23]^1.0 + 0.0007 *  x[24]^1.0 - 0.0155 *  x[25]^1.0 - 0.0155 *  x[26]^1.0 - 0.0155 *  x[27]^1.0 - 0.0155 *  x[28]^1.0 - 0.0155 *  x[29]^1.0 - 0.0155 *  x[30]^1.0 - 0.0155 *  x[31]^1.0 - 0.0155 *  x[32]^1.0 - 0.0155 *  x[33]^1.0 + 0.0008 *  x[34]^1.0 + 0.0008 *  x[35]^1.0 - 0.0155 *  x[36]^1.0 - 0.0155 *  x[37]^1.0 - 0.0155 *  x[38]^1.0 - 0.0155 *  x[39]^1.0 - 0.0155 *  x[40]^1.0 - 0.0155 *  x[41]^1.0 + 0.0008 *  x[42]^1.0 - 0.0155 *  x[43]^1.0 - 0.0155 *  x[44]^1.0 - 0.0155 *  x[45]^1.0 - 0.0155 *  x[46]^1.0 - 0.0155 *  x[47]^1.0 - 0.0155 *  x[48]^1.0 + 0.0008 *  x[49]^1.0 - 0.0155 *  x[50]^1.0 - 0.0155 *  x[51]^1.0 - 0.0155 *  x[52]^1.0 - 0.0155 *  x[53]^1.0 - 0.0155 *  x[54]^1.0 - 0.0155 *  x[55]^1.0 - 0.0155 *  x[56]^1.0 - 0.0155 *  x[57]^1.0 + 0.0008 *  x[58]^1.0 - 0.0155 *  x[59]^1.0 - 0.0155 *  x[60]^1.0 - 0.0155 *  x[61]^1.0 - 0.0155 *  x[62]^1.0 - 0.0155 *  x[63]^1.0 - 0.0155 *  x[64]^1.0 + 0.0007 *  x[65]^1.0 - 0.0155 *  x[66]^1.0 - 0.0155 *  x[67]^1.0 - 0.0155 *  x[68]^1.0 - 0.0155 *  x[69]^1.0 - 0.0155 *  x[70]^1.0 - 0.0155 *  x[71]^1.0 - 0.0155 *  x[72]^1.0 - 0.0155 *  x[73]^1.0 - 0.0155 *  x[74]^1.0 - 0.0155 *  x[75]^1.0 + 0.9475 * 1

2019-05-04-11-16-20   >>>>   End verify ranking function

verifying time = 194.339 ms


Not Found Ranking Fcuntion

Conterexample is 

[0, 0, 0, 0, 0, 0, 0, 0, 0, 0, 0, 0, 0, 62, 0, 0, 0, 0, 0, 0, 0, 0, 0, 0, 0, 0, 0, 0, 0, 0, 0, 0, 0, 0, 0, 0, 0, 0, 0, 0, 0, 0, 0, 0, 0, 0, 0, 0, 0, 0, 0, 0, 0, 0, 0, 0, 0, 0, 0, 0, 0, 0, 0, 0, 0, 0, 0, 0, 0, 0, 0, 0, 0, 0, 0, 0]

sampling time = 118.243 ms


       ########################################         

iteration 17 with 40 examples

2019-05-04-11-16-20   >>>>   Start train ranking function

2019-05-04-11-16-20   >>>>   End train ranking function

train_ranking_functioning time = 2.259 ms


2019-05-04-11-16-20   >>>>   Start verify ranking function

ranking function :  - 0.0157 *  x[1]^1.0 - 0.0157 *  x[2]^1.0 - 0.0157 *  x[3]^1.0 - 0.0157 *  x[4]^1.0 - 0.0157 *  x[5]^1.0 - 0.0157 *  x[6]^1.0 - 0.0157 *  x[7]^1.0 + 0.0007 *  x[8]^1.0 - 0.0157 *  x[9]^1.0 - 0.0157 *  x[10]^1.0 - 0.0157 *  x[11]^1.0 - 0.0157 *  x[12]^1.0 + 0.0008 *  x[13]^1.0 + 0.0008 *  x[14]^1.0 - 0.0157 *  x[15]^1.0 - 0.0157 *  x[16]^1.0 - 0.0157 *  x[17]^1.0 - 0.0157 *  x[18]^1.0 - 0.0157 *  x[19]^1.0 + 0.0008 *  x[20]^1.0 - 0.0157 *  x[21]^1.0 - 0.0157 *  x[22]^1.0 - 0.0157 *  x[23]^1.0 + 0.0007 *  x[24]^1.0 - 0.0157 *  x[25]^1.0 - 0.0157 *  x[26]^1.0 - 0.0157 *  x[27]^1.0 - 0.0157 *  x[28]^1.0 - 0.0157 *  x[29]^1.0 - 0.0157 *  x[30]^1.0 - 0.0157 *  x[31]^1.0 - 0.0157 *  x[32]^1.0 - 0.0157 *  x[33]^1.0 + 0.0008 *  x[34]^1.0 + 0.0008 *  x[35]^1.0 - 0.0157 *  x[36]^1.0 - 0.0157 *  x[37]^1.0 - 0.0157 *  x[38]^1.0 - 0.0157 *  x[39]^1.0 - 0.0157 *  x[40]^1.0 - 0.0157 *  x[41]^1.0 + 0.0008 *  x[42]^1.0 - 0.0157 *  x[43]^1.0 - 0.0157 *  x[44]^1.0 - 0.0157 *  x[45]^1.0 - 0.0157 *  x[46]^1.0 - 0.0157 *  x[47]^1.0 - 0.0157 *  x[48]^1.0 + 0.0008 *  x[49]^1.0 - 0.0157 *  x[50]^1.0 - 0.0157 *  x[51]^1.0 - 0.0157 *  x[52]^1.0 - 0.0157 *  x[53]^1.0 - 0.0157 *  x[54]^1.0 - 0.0157 *  x[55]^1.0 - 0.0157 *  x[56]^1.0 - 0.0157 *  x[57]^1.0 + 0.0008 *  x[58]^1.0 - 0.0157 *  x[59]^1.0 - 0.0157 *  x[60]^1.0 - 0.0157 *  x[61]^1.0 - 0.0157 *  x[62]^1.0 - 0.0157 *  x[63]^1.0 - 0.0157 *  x[64]^1.0 + 0.0007 *  x[65]^1.0 - 0.0157 *  x[66]^1.0 - 0.0157 *  x[67]^1.0 - 0.0157 *  x[68]^1.0 - 0.0157 *  x[69]^1.0 - 0.0157 *  x[70]^1.0 - 0.0157 *  x[71]^1.0 - 0.0157 *  x[72]^1.0 - 0.0157 *  x[73]^1.0 - 0.0157 *  x[74]^1.0 - 0.0157 *  x[75]^1.0 + 0.9475 * 1

2019-05-04-11-16-20   >>>>   End verify ranking function

verifying time = 195.680 ms


Not Found Ranking Fcuntion

Conterexample is 

[0, 0, 61, 0, 0, 0, 0, 0, 0, 0, 0, 0, 0, 0, 0, 0, 0, 0, 0, 0, 0, 0, 0, 0, 0, 0, 0, 0, 0, 0, 0, 0, 0, 0, 0, 0, 0, 0, 0, 0, 0, 0, 0, 0, 0, 0, 0, 0, 0, 0, 0, 0, 0, 0, 0, 0, 0, 0, 0, 0, 0, 0, 0, 0, 0, 0, 0, 0, 0, 0, 0, 0, 0, 0, 0, 0]

sampling time = 119.145 ms


       ########################################         

iteration 18 with 42 examples

2019-05-04-11-16-21   >>>>   Start train ranking function

2019-05-04-11-16-21   >>>>   End train ranking function

train_ranking_functioning time = 2.295 ms


2019-05-04-11-16-21   >>>>   Start verify ranking function

ranking function :  - 0.016 *  x[1]^1.0 + 0.0009 *  x[2]^1.0 - 0.016 *  x[3]^1.0 - 0.016 *  x[4]^1.0 - 0.016 *  x[5]^1.0 - 0.016 *  x[6]^1.0 - 0.016 *  x[7]^1.0 + 0.0007 *  x[8]^1.0 - 0.016 *  x[9]^1.0 - 0.016 *  x[10]^1.0 - 0.016 *  x[11]^1.0 - 0.016 *  x[12]^1.0 + 0.0008 *  x[13]^1.0 + 0.0008 *  x[14]^1.0 - 0.016 *  x[15]^1.0 - 0.016 *  x[16]^1.0 - 0.016 *  x[17]^1.0 - 0.016 *  x[18]^1.0 - 0.016 *  x[19]^1.0 + 0.0008 *  x[20]^1.0 - 0.016 *  x[21]^1.0 - 0.016 *  x[22]^1.0 - 0.016 *  x[23]^1.0 + 0.0007 *  x[24]^1.0 - 0.016 *  x[25]^1.0 - 0.016 *  x[26]^1.0 - 0.016 *  x[27]^1.0 - 0.016 *  x[28]^1.0 - 0.016 *  x[29]^1.0 - 0.016 *  x[30]^1.0 - 0.016 *  x[31]^1.0 - 0.016 *  x[32]^1.0 - 0.016 *  x[33]^1.0 + 0.0008 *  x[34]^1.0 + 0.0008 *  x[35]^1.0 - 0.016 *  x[36]^1.0 - 0.016 *  x[37]^1.0 - 0.016 *  x[38]^1.0 - 0.016 *  x[39]^1.0 - 0.016 *  x[40]^1.0 - 0.016 *  x[41]^1.0 + 0.0008 *  x[42]^1.0 - 0.016 *  x[43]^1.0 - 0.016 *  x[44]^1.0 - 0.016 *  x[45]^1.0 - 0.016 *  x[46]^1.0 - 0.016 *  x[47]^1.0 - 0.016 *  x[48]^1.0 + 0.0008 *  x[49]^1.0 - 0.016 *  x[50]^1.0 - 0.016 *  x[51]^1.0 - 0.016 *  x[52]^1.0 - 0.016 *  x[53]^1.0 - 0.016 *  x[54]^1.0 - 0.016 *  x[55]^1.0 - 0.016 *  x[56]^1.0 - 0.016 *  x[57]^1.0 + 0.0008 *  x[58]^1.0 - 0.016 *  x[59]^1.0 - 0.016 *  x[60]^1.0 - 0.016 *  x[61]^1.0 - 0.016 *  x[62]^1.0 - 0.016 *  x[63]^1.0 - 0.016 *  x[64]^1.0 + 0.0007 *  x[65]^1.0 - 0.016 *  x[66]^1.0 - 0.016 *  x[67]^1.0 - 0.016 *  x[68]^1.0 - 0.016 *  x[69]^1.0 - 0.016 *  x[70]^1.0 - 0.016 *  x[71]^1.0 - 0.016 *  x[72]^1.0 - 0.016 *  x[73]^1.0 - 0.016 *  x[74]^1.0 - 0.016 *  x[75]^1.0 + 0.9475 * 1

2019-05-04-11-16-21   >>>>   End verify ranking function

verifying time = 193.848 ms


Not Found Ranking Fcuntion

Conterexample is 

[0, 0, 0, 0, 0, 0, 0, 0, 0, 0, 0, 0, 0, 0, 0, 0, 0, 0, 0, 0, 0, 0, 0, 0, 0, 0, 0, 0, 0, 0, 0, 0, 0, 0, 0, 0, 0, 0, 60, 0, 0, 0, 0, 0, 0, 0, 0, 0, 0, 0, 0, 0, 0, 0, 0, 0, 0, 0, 0, 0, 0, 0, 0, 0, 0, 0, 0, 0, 0, 0, 0, 0, 0, 0, 0, 0]

sampling time = 118.537 ms


       ########################################         

iteration 19 with 44 examples

2019-05-04-11-16-21   >>>>   Start train ranking function

2019-05-04-11-16-21   >>>>   End train ranking function

train_ranking_functioning time = 2.118 ms


2019-05-04-11-16-21   >>>>   Start verify ranking function

ranking function :  - 0.0163 *  x[1]^1.0 + 0.0009 *  x[2]^1.0 - 0.0163 *  x[3]^1.0 - 0.0163 *  x[4]^1.0 - 0.0163 *  x[5]^1.0 - 0.0163 *  x[6]^1.0 - 0.0163 *  x[7]^1.0 + 0.0007 *  x[8]^1.0 - 0.0163 *  x[9]^1.0 - 0.0163 *  x[10]^1.0 - 0.0163 *  x[11]^1.0 - 0.0163 *  x[12]^1.0 + 0.0008 *  x[13]^1.0 + 0.0008 *  x[14]^1.0 - 0.0163 *  x[15]^1.0 - 0.0163 *  x[16]^1.0 - 0.0163 *  x[17]^1.0 - 0.0163 *  x[18]^1.0 - 0.0163 *  x[19]^1.0 + 0.0008 *  x[20]^1.0 - 0.0163 *  x[21]^1.0 - 0.0163 *  x[22]^1.0 - 0.0163 *  x[23]^1.0 + 0.0007 *  x[24]^1.0 - 0.0163 *  x[25]^1.0 - 0.0163 *  x[26]^1.0 - 0.0163 *  x[27]^1.0 - 0.0163 *  x[28]^1.0 - 0.0163 *  x[29]^1.0 - 0.0163 *  x[30]^1.0 - 0.0163 *  x[31]^1.0 - 0.0163 *  x[32]^1.0 - 0.0163 *  x[33]^1.0 + 0.0008 *  x[34]^1.0 + 0.0008 *  x[35]^1.0 - 0.0163 *  x[36]^1.0 - 0.0163 *  x[37]^1.0 + 0.0009 *  x[38]^1.0 - 0.0163 *  x[39]^1.0 - 0.0163 *  x[40]^1.0 - 0.0163 *  x[41]^1.0 + 0.0008 *  x[42]^1.0 - 0.0163 *  x[43]^1.0 - 0.0163 *  x[44]^1.0 - 0.0163 *  x[45]^1.0 - 0.0163 *  x[46]^1.0 - 0.0163 *  x[47]^1.0 - 0.0163 *  x[48]^1.0 + 0.0008 *  x[49]^1.0 - 0.0163 *  x[50]^1.0 - 0.0163 *  x[51]^1.0 - 0.0163 *  x[52]^1.0 - 0.0163 *  x[53]^1.0 - 0.0163 *  x[54]^1.0 - 0.0163 *  x[55]^1.0 - 0.0163 *  x[56]^1.0 - 0.0163 *  x[57]^1.0 + 0.0008 *  x[58]^1.0 - 0.0163 *  x[59]^1.0 - 0.0163 *  x[60]^1.0 - 0.0163 *  x[61]^1.0 - 0.0163 *  x[62]^1.0 - 0.0163 *  x[63]^1.0 - 0.0163 *  x[64]^1.0 + 0.0007 *  x[65]^1.0 - 0.0163 *  x[66]^1.0 - 0.0163 *  x[67]^1.0 - 0.0163 *  x[68]^1.0 - 0.0163 *  x[69]^1.0 - 0.0163 *  x[70]^1.0 - 0.0163 *  x[71]^1.0 - 0.0163 *  x[72]^1.0 - 0.0163 *  x[73]^1.0 - 0.0163 *  x[74]^1.0 - 0.0163 *  x[75]^1.0 + 0.9475 * 1

2019-05-04-11-16-21   >>>>   End verify ranking function

verifying time = 194.188 ms


Not Found Ranking Fcuntion

Conterexample is 

[0, 0, 0, 0, 0, 0, 0, 0, 0, 0, 0, 0, 0, 0, 0, 0, 0, 0, 0, 0, 0, 0, 0, 0, 0, 0, 0, 0, 0, 0, 0, 0, 0, 0, 0, 0, 0, 0, 0, 0, 0, 0, 0, 0, 0, 0, 0, 0, 0, 0, 0, 0, 0, 0, 0, 0, 59, 0, 0, 0, 0, 0, 0, 0, 0, 0, 0, 0, 0, 0, 0, 0, 0, 0, 0, 0]

sampling time = 120.094 ms


       ########################################         

iteration 20 with 46 examples

2019-05-04-11-16-22   >>>>   Start train ranking function

2019-05-04-11-16-22   >>>>   End train ranking function

train_ranking_functioning time = 2.583 ms


2019-05-04-11-16-22   >>>>   Start verify ranking function

ranking function :  - 0.0166 *  x[1]^1.0 + 0.0009 *  x[2]^1.0 - 0.0166 *  x[3]^1.0 - 0.0166 *  x[4]^1.0 - 0.0166 *  x[5]^1.0 - 0.0166 *  x[6]^1.0 - 0.0166 *  x[7]^1.0 + 0.0007 *  x[8]^1.0 - 0.0166 *  x[9]^1.0 - 0.0166 *  x[10]^1.0 - 0.0166 *  x[11]^1.0 - 0.0166 *  x[12]^1.0 + 0.0008 *  x[13]^1.0 + 0.0008 *  x[14]^1.0 - 0.0166 *  x[15]^1.0 - 0.0166 *  x[16]^1.0 - 0.0166 *  x[17]^1.0 - 0.0166 *  x[18]^1.0 - 0.0166 *  x[19]^1.0 + 0.0008 *  x[20]^1.0 - 0.0166 *  x[21]^1.0 - 0.0166 *  x[22]^1.0 - 0.0166 *  x[23]^1.0 + 0.0007 *  x[24]^1.0 - 0.0166 *  x[25]^1.0 - 0.0166 *  x[26]^1.0 - 0.0166 *  x[27]^1.0 - 0.0166 *  x[28]^1.0 - 0.0166 *  x[29]^1.0 - 0.0166 *  x[30]^1.0 - 0.0166 *  x[31]^1.0 - 0.0166 *  x[32]^1.0 - 0.0166 *  x[33]^1.0 + 0.0008 *  x[34]^1.0 + 0.0008 *  x[35]^1.0 - 0.0166 *  x[36]^1.0 - 0.0166 *  x[37]^1.0 + 0.0009 *  x[38]^1.0 - 0.0166 *  x[39]^1.0 - 0.0166 *  x[40]^1.0 - 0.0166 *  x[41]^1.0 + 0.0008 *  x[42]^1.0 - 0.0166 *  x[43]^1.0 - 0.0166 *  x[44]^1.0 - 0.0166 *  x[45]^1.0 - 0.0166 *  x[46]^1.0 - 0.0166 *  x[47]^1.0 - 0.0166 *  x[48]^1.0 + 0.0008 *  x[49]^1.0 - 0.0166 *  x[50]^1.0 - 0.0166 *  x[51]^1.0 - 0.0166 *  x[52]^1.0 - 0.0166 *  x[53]^1.0 - 0.0166 *  x[54]^1.0 - 0.0166 *  x[55]^1.0 + 0.0009 *  x[56]^1.0 - 0.0166 *  x[57]^1.0 + 0.0008 *  x[58]^1.0 - 0.0166 *  x[59]^1.0 - 0.0166 *  x[60]^1.0 - 0.0166 *  x[61]^1.0 - 0.0166 *  x[62]^1.0 - 0.0166 *  x[63]^1.0 - 0.0166 *  x[64]^1.0 + 0.0007 *  x[65]^1.0 - 0.0166 *  x[66]^1.0 - 0.0166 *  x[67]^1.0 - 0.0166 *  x[68]^1.0 - 0.0166 *  x[69]^1.0 - 0.0166 *  x[70]^1.0 - 0.0166 *  x[71]^1.0 - 0.0166 *  x[72]^1.0 - 0.0166 *  x[73]^1.0 - 0.0166 *  x[74]^1.0 - 0.0166 *  x[75]^1.0 + 0.9476 * 1

2019-05-04-11-16-22   >>>>   End verify ranking function

verifying time = 194.486 ms


Not Found Ranking Fcuntion

Conterexample is 

[0, 0, 0, 0, 0, 0, 0, 0, 0, 0, 0, 0, 0, 0, -1185, 0, 0, 0, 0, 0, 0, 0, 0, 0, 0, 0, 0, 0, 0, 0, 0, 0, 0, 0, 0, 0, 0, 0, 0, 0, 0, 0, 0, 0, 0, 0, 0, 0, 0, 0, 0, 0, 0, 0, 0, 0, 0, 0, 0, 0, 0, 0, 0, 0, 0, 0, 0, 0, 0, 0, 0, 0, 0, 0, 0, 0]

sampling time = 119.420 ms


       ########################################         

iteration 21 with 48 examples

2019-05-04-11-16-22   >>>>   Start train ranking function

2019-05-04-11-16-22   >>>>   End train ranking function

train_ranking_functioning time = 4.938 ms


2019-05-04-11-16-22   >>>>   Start verify ranking function

ranking function :  - 0.0166 *  x[1]^1.0 + 0.0008 *  x[2]^1.0 - 0.0166 *  x[3]^1.0 - 0.0166 *  x[4]^1.0 - 0.0166 *  x[5]^1.0 - 0.0166 *  x[6]^1.0 - 0.0166 *  x[7]^1.0 + 0.0007 *  x[8]^1.0 - 0.0166 *  x[9]^1.0 - 0.0166 *  x[10]^1.0 - 0.0166 *  x[11]^1.0 - 0.0166 *  x[12]^1.0 + 0.0008 *  x[13]^1.0 + 0.0007 *  x[14]^1.0 - 0.0166 *  x[15]^1.0 - 0.0166 *  x[16]^1.0 - 0.0166 *  x[17]^1.0 - 0.0166 *  x[18]^1.0 - 0.0166 *  x[19]^1.0 + 0.0008 *  x[20]^1.0 - 0.0166 *  x[21]^1.0 - 0.0166 *  x[22]^1.0 - 0.0166 *  x[23]^1.0 + 0.0007 *  x[24]^1.0 - 0.0166 *  x[25]^1.0 - 0.0166 *  x[26]^1.0 - 0.0166 *  x[27]^1.0 - 0.0166 *  x[28]^1.0 - 0.0166 *  x[29]^1.0 - 0.0166 *  x[30]^1.0 - 0.0166 *  x[31]^1.0 - 0.0166 *  x[32]^1.0 - 0.0166 *  x[33]^1.0 + 0.0008 *  x[34]^1.0 + 0.0008 *  x[35]^1.0 - 0.0166 *  x[36]^1.0 - 0.0166 *  x[37]^1.0 + 0.0009 *  x[38]^1.0 - 0.0166 *  x[39]^1.0 - 0.0166 *  x[40]^1.0 - 0.0166 *  x[41]^1.0 + 0.0008 *  x[42]^1.0 - 0.0166 *  x[43]^1.0 - 0.0166 *  x[44]^1.0 - 0.0166 *  x[45]^1.0 - 0.0166 *  x[46]^1.0 - 0.0166 *  x[47]^1.0 - 0.0166 *  x[48]^1.0 + 0.0008 *  x[49]^1.0 - 0.0166 *  x[50]^1.0 - 0.0166 *  x[51]^1.0 - 0.0166 *  x[52]^1.0 - 0.0166 *  x[53]^1.0 - 0.0166 *  x[54]^1.0 - 0.0166 *  x[55]^1.0 + 0.0009 *  x[56]^1.0 - 0.0166 *  x[57]^1.0 + 0.0008 *  x[58]^1.0 - 0.0166 *  x[59]^1.0 - 0.0166 *  x[60]^1.0 - 0.0166 *  x[61]^1.0 - 0.0166 *  x[62]^1.0 - 0.0166 *  x[63]^1.0 - 0.0166 *  x[64]^1.0 + 0.0007 *  x[65]^1.0 - 0.0166 *  x[66]^1.0 - 0.0166 *  x[67]^1.0 - 0.0166 *  x[68]^1.0 - 0.0166 *  x[69]^1.0 - 0.0166 *  x[70]^1.0 - 0.0166 *  x[71]^1.0 - 0.0166 *  x[72]^1.0 - 0.0166 *  x[73]^1.0 - 0.0166 *  x[74]^1.0 - 0.0166 *  x[75]^1.0 + 0.948 * 1

2019-05-04-11-16-22   >>>>   End verify ranking function

verifying time = 193.573 ms


Not Found Ranking Fcuntion

Conterexample is 

[0, 0, 0, 0, 0, 0, 0, 0, 0, 0, 0, 0, 0, 0, 0, 0, 0, 0, 0, 0, 0, 0, 0, 0, 0, 0, 0, 0, 0, 0, 0, 0, 0, 0, 0, 0, 0, 0, 0, 0, 0, 0, 0, 0, 0, 0, 0, 0, 0, 0, 0, 0, 0, 0, 0, 0, 0, 0, 0, 0, 0, 0, 0, 0, 0, 0, 0, 0, 0, 0, 0, 58, 0, 0, 0, 0]

sampling time = 118.921 ms


       ########################################         

iteration 22 with 50 examples

2019-05-04-11-16-22   >>>>   Start train ranking function

2019-05-04-11-16-22   >>>>   End train ranking function

train_ranking_functioning time = 5.554 ms


2019-05-04-11-16-22   >>>>   Start verify ranking function

ranking function :  - 0.0168 *  x[1]^1.0 + 0.0009 *  x[2]^1.0 - 0.0168 *  x[3]^1.0 - 0.0168 *  x[4]^1.0 - 0.0168 *  x[5]^1.0 - 0.0168 *  x[6]^1.0 - 0.0168 *  x[7]^1.0 + 0.0007 *  x[8]^1.0 - 0.0168 *  x[9]^1.0 - 0.0168 *  x[10]^1.0 - 0.0168 *  x[11]^1.0 - 0.0168 *  x[12]^1.0 + 0.0008 *  x[13]^1.0 + 0.0007 *  x[14]^1.0 - 0.0168 *  x[15]^1.0 - 0.0168 *  x[16]^1.0 - 0.0168 *  x[17]^1.0 - 0.0168 *  x[18]^1.0 - 0.0168 *  x[19]^1.0 + 0.0008 *  x[20]^1.0 - 0.0168 *  x[21]^1.0 - 0.0168 *  x[22]^1.0 - 0.0168 *  x[23]^1.0 + 0.0007 *  x[24]^1.0 - 0.0168 *  x[25]^1.0 - 0.0168 *  x[26]^1.0 - 0.0168 *  x[27]^1.0 - 0.0168 *  x[28]^1.0 - 0.0168 *  x[29]^1.0 - 0.0168 *  x[30]^1.0 - 0.0168 *  x[31]^1.0 - 0.0168 *  x[32]^1.0 - 0.0168 *  x[33]^1.0 + 0.0008 *  x[34]^1.0 + 0.0008 *  x[35]^1.0 - 0.0168 *  x[36]^1.0 - 0.0168 *  x[37]^1.0 + 0.0009 *  x[38]^1.0 - 0.0168 *  x[39]^1.0 - 0.0168 *  x[40]^1.0 - 0.0168 *  x[41]^1.0 + 0.0008 *  x[42]^1.0 - 0.0168 *  x[43]^1.0 - 0.0168 *  x[44]^1.0 - 0.0168 *  x[45]^1.0 - 0.0168 *  x[46]^1.0 - 0.0168 *  x[47]^1.0 - 0.0168 *  x[48]^1.0 + 0.0008 *  x[49]^1.0 - 0.0168 *  x[50]^1.0 - 0.0168 *  x[51]^1.0 - 0.0168 *  x[52]^1.0 - 0.0168 *  x[53]^1.0 - 0.0168 *  x[54]^1.0 - 0.0168 *  x[55]^1.0 + 0.0009 *  x[56]^1.0 - 0.0168 *  x[57]^1.0 + 0.0008 *  x[58]^1.0 - 0.0168 *  x[59]^1.0 - 0.0168 *  x[60]^1.0 - 0.0168 *  x[61]^1.0 - 0.0168 *  x[62]^1.0 - 0.0168 *  x[63]^1.0 - 0.0168 *  x[64]^1.0 + 0.0007 *  x[65]^1.0 - 0.0168 *  x[66]^1.0 - 0.0168 *  x[67]^1.0 - 0.0168 *  x[68]^1.0 - 0.0168 *  x[69]^1.0 - 0.0168 *  x[70]^1.0 + 0.0009 *  x[71]^1.0 - 0.0168 *  x[72]^1.0 - 0.0168 *  x[73]^1.0 - 0.0168 *  x[74]^1.0 - 0.0168 *  x[75]^1.0 + 0.948 * 1

2019-05-04-11-16-23   >>>>   End verify ranking function

verifying time = 195.058 ms


Not Found Ranking Fcuntion

Conterexample is 

[0, 0, 0, 0, 0, 0, 0, 0, 0, 0, 0, 0, 57, 0, 0, 0, 0, 0, 0, 0, 0, 0, 0, 0, 0, 0, 0, 0, 0, 0, 0, 0, 0, 0, 0, 0, 0, 0, 0, 0, 0, 0, 0, 0, 0, 0, 0, 0, 0, 0, 0, 0, 0, 0, 0, 0, 0, 0, 0, 0, 0, 0, 0, 0, 0, 0, 0, 0, 0, 0, 0, 0, 0, 0, 0, 0]

sampling time = 118.348 ms


       ########################################         

iteration 23 with 52 examples

2019-05-04-11-16-23   >>>>   Start train ranking function

2019-05-04-11-16-23   >>>>   End train ranking function

train_ranking_functioning time = 5.540 ms


2019-05-04-11-16-23   >>>>   Start verify ranking function

ranking function :  - 0.0172 *  x[1]^1.0 + 0.0008 *  x[2]^1.0 - 0.0172 *  x[3]^1.0 - 0.0172 *  x[4]^1.0 - 0.0172 *  x[5]^1.0 - 0.0172 *  x[6]^1.0 - 0.0172 *  x[7]^1.0 + 0.0007 *  x[8]^1.0 - 0.0172 *  x[9]^1.0 - 0.0172 *  x[10]^1.0 - 0.0172 *  x[11]^1.0 + 0.0009 *  x[12]^1.0 + 0.0008 *  x[13]^1.0 + 0.0007 *  x[14]^1.0 - 0.0172 *  x[15]^1.0 - 0.0172 *  x[16]^1.0 - 0.0172 *  x[17]^1.0 - 0.0172 *  x[18]^1.0 - 0.0172 *  x[19]^1.0 + 0.0008 *  x[20]^1.0 - 0.0172 *  x[21]^1.0 - 0.0172 *  x[22]^1.0 - 0.0172 *  x[23]^1.0 + 0.0007 *  x[24]^1.0 - 0.0172 *  x[25]^1.0 - 0.0172 *  x[26]^1.0 - 0.0172 *  x[27]^1.0 - 0.0172 *  x[28]^1.0 - 0.0172 *  x[29]^1.0 - 0.0172 *  x[30]^1.0 - 0.0172 *  x[31]^1.0 - 0.0172 *  x[32]^1.0 - 0.0172 *  x[33]^1.0 + 0.0008 *  x[34]^1.0 + 0.0008 *  x[35]^1.0 - 0.0172 *  x[36]^1.0 - 0.0172 *  x[37]^1.0 + 0.0009 *  x[38]^1.0 - 0.0172 *  x[39]^1.0 - 0.0172 *  x[40]^1.0 - 0.0172 *  x[41]^1.0 + 0.0008 *  x[42]^1.0 - 0.0172 *  x[43]^1.0 - 0.0172 *  x[44]^1.0 - 0.0172 *  x[45]^1.0 - 0.0172 *  x[46]^1.0 - 0.0172 *  x[47]^1.0 - 0.0172 *  x[48]^1.0 + 0.0008 *  x[49]^1.0 - 0.0172 *  x[50]^1.0 - 0.0172 *  x[51]^1.0 - 0.0172 *  x[52]^1.0 - 0.0172 *  x[53]^1.0 - 0.0172 *  x[54]^1.0 - 0.0172 *  x[55]^1.0 + 0.0009 *  x[56]^1.0 - 0.0172 *  x[57]^1.0 + 0.0008 *  x[58]^1.0 - 0.0172 *  x[59]^1.0 - 0.0172 *  x[60]^1.0 - 0.0172 *  x[61]^1.0 - 0.0172 *  x[62]^1.0 - 0.0172 *  x[63]^1.0 - 0.0172 *  x[64]^1.0 + 0.0007 *  x[65]^1.0 - 0.0172 *  x[66]^1.0 - 0.0172 *  x[67]^1.0 - 0.0172 *  x[68]^1.0 - 0.0172 *  x[69]^1.0 - 0.0172 *  x[70]^1.0 + 0.0009 *  x[71]^1.0 - 0.0172 *  x[72]^1.0 - 0.0172 *  x[73]^1.0 - 0.0172 *  x[74]^1.0 - 0.0172 *  x[75]^1.0 + 0.9481 * 1
