------Using Template 0 -----------
3 [3]
*****************************************************

2019-05-04-11-21-16   >>>>   End sampling point

sampling time = 63.565 ms,


       ########################################         

iteration 0 with 30 examples

2019-05-04-11-21-16   >>>>   Start train ranking function

2019-05-04-11-21-16   >>>>   End train ranking function

train_ranking_functioning time = 0.731 ms


2019-05-04-11-21-16   >>>>   Start verify ranking function

valid ranking function
ranking function :  - 0.6698 *  x[0]^1.0 + 0.7416 *  x[1]^1.0 + 1.462 * 1

2019-05-04-11-21-16   >>>>   End verify ranking function

verifying time = 15.951 ms


Found Ranking Fcuntion:  - 0.6698 *  x[0]^1.0 + 0.7416 *  x[1]^1.0 + 1.462 * 1

 - 0.6698 *  x[0]^1.0 + 0.7416 *  x[1]^1.0 + 1.462 * 1
FINITE
Time For Template 0 Is--->-283.759000 ms

Time For ../Program_non/148.bpl Is ---> 1052.040000 ms

