------Using Template 0 -----------
3 [3]
*****************************************************

2019-05-04-11-21-17   >>>>   End sampling point

sampling time = 19.439 ms,


       ########################################         

iteration 0 with 12 examples

2019-05-04-11-21-17   >>>>   Start train ranking function

2019-05-04-11-21-17   >>>>   End train ranking function

train_ranking_functioning time = 0.442 ms


2019-05-04-11-21-17   >>>>   Start verify ranking function

valid ranking function
ranking function :  - 0.1379 *  x[0]^1.0 + 0.6897 *  x[1]^1.0 + 0.6667 * 1

2019-05-04-11-21-17   >>>>   End verify ranking function

verifying time = 9.434 ms


Found Ranking Fcuntion:  - 0.1379 *  x[0]^1.0 + 0.6897 *  x[1]^1.0 + 0.6667 * 1

 - 0.1379 *  x[0]^1.0 + 0.6897 *  x[1]^1.0 + 0.6667 * 1
FINATE
Time For Template 0 Is--->-60.405000 ms

Time For ../Program_non/149.bpl Is ---> 242.627000 ms

