------Using Template 0 -----------
5 [5]
*****************************************************

2019-05-04-11-41-23   >>>>   End sampling point

sampling time = 81.223 ms,


       ########################################         

iteration 0 with 112 examples

2019-05-04-11-41-23   >>>>   Start train ranking function

2019-05-04-11-41-23   >>>>   End train ranking function

train_ranking_functioning time = 0.706 ms


2019-05-04-11-41-23   >>>>   Start verify ranking function

ranking function :  - 0.5 *  x[3]^1.0 + 1.4 * 1

2019-05-04-11-41-23   >>>>   End verify ranking function

verifying time = 10.186 ms


Not Found Ranking Fcuntion

Conterexample is 

[0, 0, 0, 4]

sampling time = 1.341 ms


       ########################################         

iteration 1 with 114 examples

2019-05-04-11-41-23   >>>>   Start train ranking function

2019-05-04-11-41-23   >>>>   End train ranking function

train_ranking_functioning time = 0.699 ms


2019-05-04-11-41-23   >>>>   Start verify ranking function

[xi_3 = -9, xi_1 = 0]
ranking function : 0.1 *  x[1]^1.0 - 0.1 *  x[2]^1.0 - 0.4 *  x[3]^1.0 + 1.9 * 1

2019-05-04-11-41-23   >>>>   End verify ranking function

verifying time = 8.585 ms


Not Found Ranking Fcuntion

Conterexample is 

[0, 0, 0, -9]

sampling time = 1.343 ms


       ########################################         

iteration 2 with 116 examples

2019-05-04-11-41-23   >>>>   Start train ranking function

2019-05-04-11-41-23   >>>>   End train ranking function

train_ranking_functioning time = 1.732 ms


2019-05-04-11-41-23   >>>>   Start verify ranking function

ranking function :  - 0.5 *  x[3]^1.0 + 1.9 * 1

2019-05-04-11-41-23   >>>>   End verify ranking function

verifying time = 10.151 ms


Not Found Ranking Fcuntion

Conterexample is 

[0, 0, 0, 4]

sampling time = 1.334 ms


       ########################################         

iteration 3 with 118 examples

2019-05-04-11-41-23   >>>>   Start train ranking function

2019-05-04-11-41-23   >>>>   End train ranking function

train_ranking_functioning time = 1.761 ms


2019-05-04-11-41-23   >>>>   Start verify ranking function

ranking function :  - 0.5 *  x[3]^1.0 + 2.3 * 1

2019-05-04-11-41-23   >>>>   End verify ranking function

verifying time = 10.030 ms


Not Found Ranking Fcuntion

Conterexample is 

[0, 0, 0, 5]

sampling time = 1.340 ms


       ########################################         

iteration 4 with 120 examples

2019-05-04-11-41-23   >>>>   Start train ranking function

2019-05-04-11-41-23   >>>>   End train ranking function

train_ranking_functioning time = 1.785 ms


2019-05-04-11-41-23   >>>>   Start verify ranking function

ranking function :  - 0.5 *  x[3]^1.0 + 2.6 * 1

2019-05-04-11-41-23   >>>>   End verify ranking function

verifying time = 9.961 ms


Not Found Ranking Fcuntion

Conterexample is 

[0, 0, 0, 7]

sampling time = 1.341 ms


       ########################################         

iteration 5 with 122 examples

2019-05-04-11-41-23   >>>>   Start train ranking function

2019-05-04-11-41-23   >>>>   End train ranking function

train_ranking_functioning time = 1.979 ms


2019-05-04-11-41-23   >>>>   Start verify ranking function

ranking function :  - 0.4 *  x[3]^1.0 + 2.9 * 1

2019-05-04-11-41-23   >>>>   End verify ranking function

verifying time = 10.020 ms


Not Found Ranking Fcuntion

Conterexample is 

[0, 0, 0, 8]

sampling time = 1.343 ms


       ########################################         

iteration 6 with 124 examples

2019-05-04-11-41-23   >>>>   Start train ranking function

2019-05-04-11-41-23   >>>>   End train ranking function

train_ranking_functioning time = 2.493 ms


2019-05-04-11-41-23   >>>>   Start verify ranking function

ranking function :  - 0.4 *  x[3]^1.0 + 3.3 * 1

2019-05-04-11-41-23   >>>>   End verify ranking function

verifying time = 9.993 ms


Not Found Ranking Fcuntion

Conterexample is 

[0, 0, 0, 9]

sampling time = 1.343 ms


       ########################################         

iteration 7 with 126 examples

2019-05-04-11-41-23   >>>>   Start train ranking function

2019-05-04-11-41-23   >>>>   End train ranking function

train_ranking_functioning time = 2.533 ms


2019-05-04-11-41-23   >>>>   Start verify ranking function

[xi_3 = -9, xi_1 = 0]
ranking function : 0.1 *  x[1]^1.0 - 0.1 *  x[2]^1.0 - 0.4 *  x[3]^1.0 + 3.6 * 1

2019-05-04-11-41-23   >>>>   End verify ranking function

verifying time = 8.561 ms


Not Found Ranking Fcuntion

Conterexample is 

[0, 0, 0, -9]

sampling time = 1.343 ms


       ########################################         

iteration 8 with 128 examples

2019-05-04-11-41-23   >>>>   Start train ranking function

2019-05-04-11-41-23   >>>>   End train ranking function

train_ranking_functioning time = 2.584 ms


2019-05-04-11-41-23   >>>>   Start verify ranking function

ranking function :  - 0.4 *  x[3]^1.0 + 3.7 * 1

2019-05-04-11-41-23   >>>>   End verify ranking function

verifying time = 9.997 ms


Not Found Ranking Fcuntion

Conterexample is 

[0, 0, 0, 10]

sampling time = 1.368 ms


       ########################################         

iteration 9 with 130 examples

2019-05-04-11-41-23   >>>>   Start train ranking function

2019-05-04-11-41-23   >>>>   End train ranking function

train_ranking_functioning time = 2.697 ms


2019-05-04-11-41-23   >>>>   Start verify ranking function

ranking function :  - 0.4 *  x[3]^1.0 + 4.0 * 1

2019-05-04-11-41-23   >>>>   End verify ranking function

verifying time = 10.014 ms


Not Found Ranking Fcuntion

Conterexample is 

[0, 0, 0, 11]

sampling time = 1.353 ms


       ########################################         

iteration 10 with 132 examples

2019-05-04-11-41-23   >>>>   Start train ranking function

2019-05-04-11-41-23   >>>>   End train ranking function

train_ranking_functioning time = 2.668 ms


2019-05-04-11-41-23   >>>>   Start verify ranking function

ranking function :  - 0.4 *  x[3]^1.0 + 4.2 * 1

2019-05-04-11-41-23   >>>>   End verify ranking function

verifying time = 10.011 ms


Not Found Ranking Fcuntion

Conterexample is 

[0, 0, 0, 11]

sampling time = 1.356 ms


       ########################################         

iteration 11 with 134 examples

2019-05-04-11-41-23   >>>>   Start train ranking function

2019-05-04-11-41-23   >>>>   End train ranking function

train_ranking_functioning time = 2.544 ms


2019-05-04-11-41-23   >>>>   Start verify ranking function

[xi_2 = -8, xi_1 = 0]
ranking function : 0.1 *  x[1]^1.0 - 0.4 *  x[3]^1.0 + 4.3 * 1

2019-05-04-11-41-23   >>>>   End verify ranking function

verifying time = 8.438 ms


Not Found Ranking Fcuntion

Conterexample is 

[0, 0, -8, 0]

sampling time = 1.333 ms


       ########################################         

iteration 12 with 136 examples

2019-05-04-11-41-23   >>>>   Start train ranking function

2019-05-04-11-41-23   >>>>   End train ranking function

train_ranking_functioning time = 2.737 ms


2019-05-04-11-41-23   >>>>   Start verify ranking function

ranking function :  - 0.4 *  x[3]^1.0 + 4.4 * 1

2019-05-04-11-41-23   >>>>   End verify ranking function

verifying time = 10.122 ms


Not Found Ranking Fcuntion

Conterexample is 

[0, 0, 0, 12]

sampling time = 1.341 ms


       ########################################         

iteration 13 with 138 examples

2019-05-04-11-41-23   >>>>   Start train ranking function

2019-05-04-11-41-23   >>>>   End train ranking function

train_ranking_functioning time = 2.718 ms


2019-05-04-11-41-23   >>>>   Start verify ranking function

ranking function :  - 0.4 *  x[3]^1.0 + 4.5 * 1

2019-05-04-11-41-23   >>>>   End verify ranking function

verifying time = 9.950 ms


Not Found Ranking Fcuntion

Conterexample is 

[0, 0, 0, 12]

sampling time = 1.354 ms


       ########################################         

iteration 14 with 140 examples

2019-05-04-11-41-23   >>>>   Start train ranking function

2019-05-04-11-41-23   >>>>   End train ranking function

train_ranking_functioning time = 2.757 ms


2019-05-04-11-41-23   >>>>   Start verify ranking function

ranking function :  - 0.4 *  x[3]^1.0 + 4.6 * 1

2019-05-04-11-41-23   >>>>   End verify ranking function

verifying time = 10.136 ms


Not Found Ranking Fcuntion

Conterexample is 

[0, 0, 0, 12]

sampling time = 1.544 ms


       ########################################         

iteration 15 with 142 examples

2019-05-04-11-41-23   >>>>   Start train ranking function

2019-05-04-11-41-23   >>>>   End train ranking function

train_ranking_functioning time = 3.095 ms


2019-05-04-11-41-23   >>>>   Start verify ranking function

[xi_2 = 9, xi_3 = 0, xi_1 = 0]
ranking function :  - 0.1 *  x[2]^1.0 - 0.4 *  x[3]^1.0 + 4.7 * 1

2019-05-04-11-41-23   >>>>   End verify ranking function

verifying time = 9.701 ms


Not Found Ranking Fcuntion

Conterexample is 

[0, 0, 9, 0]

sampling time = 1.364 ms


       ########################################         

iteration 16 with 144 examples

2019-05-04-11-41-23   >>>>   Start train ranking function

2019-05-04-11-41-23   >>>>   End train ranking function

train_ranking_functioning time = 2.883 ms


2019-05-04-11-41-23   >>>>   Start verify ranking function

[xi_3 = -9, xi_1 = 0]
ranking function : 0.1 *  x[1]^1.0 - 0.1 *  x[2]^1.0 - 0.4 *  x[3]^1.0 + 4.8 * 1

2019-05-04-11-41-23   >>>>   End verify ranking function

verifying time = 8.808 ms


Not Found Ranking Fcuntion

Conterexample is 

[0, 0, 0, -9]

sampling time = 1.399 ms


       ########################################         

iteration 17 with 146 examples

2019-05-04-11-41-23   >>>>   Start train ranking function

2019-05-04-11-41-23   >>>>   End train ranking function

train_ranking_functioning time = 2.950 ms


2019-05-04-11-41-23   >>>>   Start verify ranking function

ranking function :  - 0.4 *  x[3]^1.0 + 4.8 * 1

2019-05-04-11-41-23   >>>>   End verify ranking function

verifying time = 10.083 ms


Not Found Ranking Fcuntion

Conterexample is 

[0, 0, 0, 13]

sampling time = 1.362 ms


       ########################################         

iteration 18 with 148 examples

2019-05-04-11-41-23   >>>>   Start train ranking function

2019-05-04-11-41-23   >>>>   End train ranking function

train_ranking_functioning time = 2.935 ms


2019-05-04-11-41-23   >>>>   Start verify ranking function

ranking function :  - 0.4 *  x[3]^1.0 + 4.9 * 1

2019-05-04-11-41-23   >>>>   End verify ranking function

verifying time = 10.017 ms


Not Found Ranking Fcuntion

Conterexample is 

[0, 0, 0, 13]

sampling time = 1.375 ms


       ########################################         

iteration 19 with 150 examples

2019-05-04-11-41-23   >>>>   Start train ranking function

2019-05-04-11-41-23   >>>>   End train ranking function

train_ranking_functioning time = 3.096 ms


2019-05-04-11-41-23   >>>>   Start verify ranking function

ranking function :  - 0.4 *  x[3]^1.0 + 5.0 * 1

2019-05-04-11-41-23   >>>>   End verify ranking function

verifying time = 10.053 ms


Not Found Ranking Fcuntion

Conterexample is 

[0, 0, 0, 13]

sampling time = 1.358 ms


       ########################################         

iteration 20 with 152 examples

2019-05-04-11-41-23   >>>>   Start train ranking function

2019-05-04-11-41-23   >>>>   End train ranking function

train_ranking_functioning time = 2.934 ms


2019-05-04-11-41-23   >>>>   Start verify ranking function

ranking function :  - 0.4 *  x[3]^1.0 + 5.1 * 1

2019-05-04-11-41-23   >>>>   End verify ranking function

verifying time = 10.072 ms


Not Found Ranking Fcuntion

Conterexample is 

[0, 0, 0, 13]

sampling time = 1.369 ms


       ########################################         

iteration 21 with 154 examples

2019-05-04-11-41-23   >>>>   Start train ranking function

2019-05-04-11-41-23   >>>>   End train ranking function

train_ranking_functioning time = 3.002 ms


2019-05-04-11-41-23   >>>>   Start verify ranking function

ranking function :  - 0.4 *  x[3]^1.0 + 5.1 * 1

2019-05-04-11-41-23   >>>>   End verify ranking function

verifying time = 9.985 ms


Not Found Ranking Fcuntion

Conterexample is 

[0, 0, 0, 13]

sampling time = 1.369 ms


       ########################################         

iteration 22 with 156 examples

2019-05-04-11-41-23   >>>>   Start train ranking function

2019-05-04-11-41-23   >>>>   End train ranking function

train_ranking_functioning time = 3.103 ms


2019-05-04-11-41-23   >>>>   Start verify ranking function

ranking function :  - 0.4 *  x[3]^1.0 + 5.1 * 1

2019-05-04-11-41-23   >>>>   End verify ranking function

verifying time = 9.985 ms


Not Found Ranking Fcuntion

Conterexample is 

[0, 0, 0, 13]

sampling time = 1.348 ms


       ########################################         

iteration 23 with 158 examples

2019-05-04-11-41-23   >>>>   Start train ranking function

2019-05-04-11-41-23   >>>>   End train ranking function

train_ranking_functioning time = 3.063 ms


2019-05-04-11-41-23   >>>>   Start verify ranking function

ranking function :  - 0.4 *  x[3]^1.0 + 5.2 * 1

2019-05-04-11-41-23   >>>>   End verify ranking function

verifying time = 10.011 ms


Not Found Ranking Fcuntion

Conterexample is 

[0, 0, 0, 14]

sampling time = 1.385 ms


       ########################################         

iteration 24 with 160 examples

2019-05-04-11-41-23   >>>>   Start train ranking function

2019-05-04-11-41-23   >>>>   End train ranking function

train_ranking_functioning time = 3.091 ms


2019-05-04-11-41-23   >>>>   Start verify ranking function

ranking function :  - 0.3 *  x[3]^1.0 + 5.2 * 1

2019-05-04-11-41-23   >>>>   End verify ranking function

verifying time = 10.098 ms


Not Found Ranking Fcuntion

Conterexample is 

[0, 0, 0, 18]

sampling time = 1.344 ms


Failed to prove it is terminated

UNKNOWN
Time For Template 0 Is--->-477.909000 ms

------Using Template 1 -----------
5 [5]
*****************************************************

2019-05-04-11-41-23   >>>>   End sampling point

sampling time = 92.596 ms,


       ########################################         

iteration 0 with 112 examples

2019-05-04-11-41-23   >>>>   Start train ranking function

2019-05-04-11-41-23   >>>>   End train ranking function

train_ranking_functioning time = 0.785 ms


2019-05-04-11-41-23   >>>>   Start verify ranking function

[xi_1 = 1, xi_2 = 1, xi_3 = -1, xi_0 = 0]
ranking function :  - 0.2 *  x[0]^-2.0 *  x[1]^3.0 *  x[3]^-1.0 - 0.1 *  x[0]^0.5 *  x[2]^1.0 *  x[3]^3.0

2019-05-04-11-41-23   >>>>   End verify ranking function

verifying time = 36.225 ms


Not Found Ranking Fcuntion

Conterexample is 

[0, 1, 1, -1]

sampling time = 1.581 ms


       ########################################         

iteration 1 with 114 examples

2019-05-04-11-41-23   >>>>   Start train ranking function

2019-05-04-11-41-23   >>>>   End train ranking function

train_ranking_functioning time = 0.844 ms


2019-05-04-11-41-23   >>>>   Start verify ranking function

[xi_1 = 1, xi_2 = 1, xi_3 = -1, xi_0 = 0]
ranking function :  - 0.2 *  x[0]^-2.0 *  x[1]^3.0 *  x[3]^-1.0 - 0.1 *  x[0]^0.5 *  x[2]^1.0 *  x[3]^3.0

2019-05-04-11-41-23   >>>>   End verify ranking function

verifying time = 32.437 ms


Not Found Ranking Fcuntion

Conterexample is 

[0, 1, 1, -1]

sampling time = 1.512 ms


       ########################################         

iteration 2 with 116 examples

2019-05-04-11-41-23   >>>>   Start train ranking function

2019-05-04-11-41-23   >>>>   End train ranking function

train_ranking_functioning time = 0.754 ms


2019-05-04-11-41-23   >>>>   Start verify ranking function

[xi_1 = 1, xi_2 = 1, xi_3 = -1, xi_0 = 0]
ranking function :  - 0.2 *  x[0]^-2.0 *  x[1]^3.0 *  x[3]^-1.0 - 0.1 *  x[0]^0.5 *  x[2]^1.0 *  x[3]^3.0

2019-05-04-11-41-23   >>>>   End verify ranking function

verifying time = 32.095 ms


Not Found Ranking Fcuntion

Conterexample is 

[0, 1, 1, -1]

sampling time = 1.517 ms


       ########################################         

iteration 3 with 118 examples

2019-05-04-11-41-23   >>>>   Start train ranking function

2019-05-04-11-41-23   >>>>   End train ranking function

train_ranking_functioning time = 0.740 ms


2019-05-04-11-41-23   >>>>   Start verify ranking function

[xi_1 = 1, xi_2 = 1, xi_3 = -1, xi_0 = 0]
ranking function :  - 0.2 *  x[0]^-2.0 *  x[1]^3.0 *  x[3]^-1.0 - 0.1 *  x[0]^0.5 *  x[2]^1.0 *  x[3]^3.0

2019-05-04-11-41-23   >>>>   End verify ranking function

verifying time = 32.820 ms


Not Found Ranking Fcuntion

Conterexample is 

[0, 1, 1, -1]

sampling time = 1.754 ms


       ########################################         

iteration 4 with 120 examples

2019-05-04-11-41-23   >>>>   Start train ranking function

2019-05-04-11-41-23   >>>>   End train ranking function

train_ranking_functioning time = 0.851 ms


2019-05-04-11-41-23   >>>>   Start verify ranking function

[xi_1 = 1, xi_2 = 1, xi_3 = -1, xi_0 = 0]
ranking function :  - 0.2 *  x[0]^-2.0 *  x[1]^3.0 *  x[3]^-1.0 - 0.1 *  x[0]^0.5 *  x[2]^1.0 *  x[3]^3.0

2019-05-04-11-41-23   >>>>   End verify ranking function

verifying time = 33.720 ms


Not Found Ranking Fcuntion

Conterexample is 

[0, 1, 1, -1]

sampling time = 1.650 ms


       ########################################         

iteration 5 with 122 examples

2019-05-04-11-41-23   >>>>   Start train ranking function

5
2019-05-04-11-41-23   >>>>   End train ranking function

train_ranking_functioning time = 0.782 ms


2019-05-04-11-41-23   >>>>   Start verify ranking function

[xi_1 = 1, xi_2 = 1, xi_3 = -1, xi_0 = 0]
ranking function :  - 0.2 *  x[0]^-2.0 *  x[1]^3.0 *  x[3]^-1.0 - 0.1 *  x[0]^0.5 *  x[2]^1.0 *  x[3]^3.0

2019-05-04-11-41-23   >>>>   End verify ranking function

verifying time = 32.376 ms


Not Found Ranking Fcuntion

Conterexample is 

[0, 1, 1, -1]

sampling time = 1.591 ms


       ########################################         

iteration 6 with 124 examples

2019-05-04-11-41-23   >>>>   Start train ranking function

2019-05-04-11-41-23   >>>>   End train ranking function

train_ranking_functioning time = 0.739 ms


2019-05-04-11-41-23   >>>>   Start verify ranking function

[xi_1 = 0]
ranking function : 

2019-05-04-11-41-23   >>>>   End verify ranking function

verifying time = 16.390 ms


Not Found Ranking Fcuntion

Conterexample is 

[0, 0, 0, 0]

sampling time = 1.536 ms


       ########################################         

iteration 7 with 126 examples

2019-05-04-11-41-23   >>>>   Start train ranking function

2019-05-04-11-41-23   >>>>   End train ranking function

train_ranking_functioning time = 0.782 ms


2019-05-04-11-41-23   >>>>   Start verify ranking function

[xi_1 = 0]
ranking function : 

2019-05-04-11-41-23   >>>>   End verify ranking function

verifying time = 16.210 ms


Not Found Ranking Fcuntion

Conterexample is 

[0, 0, 0, 0]

sampling time = 1.506 ms


       ########################################         

iteration 8 with 128 examples

2019-05-04-11-41-23   >>>>   Start train ranking function

2019-05-04-11-41-23   >>>>   End train ranking function

train_ranking_functioning time = 0.828 ms


2019-05-04-11-41-23   >>>>   Start verify ranking function

[xi_1 = 0]
ranking function : 

2019-05-04-11-41-23   >>>>   End verify ranking function

verifying time = 16.219 ms


Not Found Ranking Fcuntion

Conterexample is 

[0, 0, 0, 0]

sampling time = 1.499 ms


       ########################################         

iteration 9 with 130 examples

2019-05-04-11-41-23   >>>>   Start train ranking function

2019-05-04-11-41-23   >>>>   End train ranking function

train_ranking_functioning time = 0.810 ms


2019-05-04-11-41-23   >>>>   Start verify ranking function

[xi_1 = 0]
ranking function : 

2019-05-04-11-41-24   >>>>   End verify ranking function

verifying time = 17.011 ms


Not Found Ranking Fcuntion

Conterexample is 

[0, 0, 0, 0]

sampling time = 1.662 ms


       ########################################         

iteration 10 with 132 examples

2019-05-04-11-41-24   >>>>   Start train ranking function

2019-05-04-11-41-24   >>>>   End train ranking function

train_ranking_functioning time = 0.881 ms


2019-05-04-11-41-24   >>>>   Start verify ranking function

[xi_1 = 0]
ranking function : 

2019-05-04-11-41-24   >>>>   End verify ranking function

verifying time = 16.509 ms


Not Found Ranking Fcuntion

Conterexample is 

[0, 0, 0, 0]

sampling time = 1.517 ms


       ########################################         

iteration 11 with 134 examples

2019-05-04-11-41-24   >>>>   Start train ranking function

5
2019-05-04-11-41-24   >>>>   End train ranking function

train_ranking_functioning time = 0.858 ms


2019-05-04-11-41-24   >>>>   Start verify ranking function

[xi_1 = 0]
ranking function : 

2019-05-04-11-41-24   >>>>   End verify ranking function

verifying time = 16.212 ms


Not Found Ranking Fcuntion

Conterexample is 

[0, 0, 0, 0]

sampling time = 1.508 ms


       ########################################         

iteration 12 with 136 examples

2019-05-04-11-41-24   >>>>   Start train ranking function

2019-05-04-11-41-24   >>>>   End train ranking function

train_ranking_functioning time = 0.847 ms


2019-05-04-11-41-24   >>>>   Start verify ranking function

time out
ranking function :  - 0.234 *  x[0]^-2.0 *  x[1]^3.0 *  x[3]^-1.0 - 0.135 *  x[0]^0.5 *  x[2]^1.0 *  x[3]^3.0 - 0.0132 *  x[0]^0.5 *  x[1]^1.0 *  x[2]^1.0 *  x[3]^-1.0

2019-05-04-11-41-26   >>>>   End verify ranking function

verifying time = 2591.752 ms


UNKNOWN
Time For Template 1 Is--->-3035.770000 ms

------Using Template 2 -----------
15 [5, 5, 5]
*****************************************************

2019-05-04-11-41-26   >>>>   End sampling point

sampling time = 228.089 ms,


       ########################################         

iteration 0 with 224 examples

2019-05-04-11-41-26   >>>>   Start train ranking function

2019-05-04-11-41-26   >>>>   End train ranking function

train_ranking_functioning time = 1.064 ms


2019-05-04-11-41-26   >>>>   Start verify ranking function

[xi_3 = 6, xi_1 = 0]
ranking function :  - 0.5 *  x[3]^1.0 + 0.4 * 1; 0.3 *  x[1]^1.0 - 0.3 *  x[2]^1.0 - 0.2 *  x[3]^1.0 + 0.7 * 1; 0.3 *  x[1]^1.0 - 0.1 *  x[2]^1.0 - 0.2 *  x[3]^1.0 + 1.1 * 1

2019-05-04-11-41-26   >>>>   End verify ranking function

verifying time = 13.669 ms


Not Found Ranking Fcuntion

Conterexample is 

[0, 0, 0, 6]

sampling time = 3.872 ms


       ########################################         

iteration 1 with 228 examples

2019-05-04-11-41-26   >>>>   Start train ranking function

2019-05-04-11-41-26   >>>>   End train ranking function

train_ranking_functioning time = 1.789 ms


2019-05-04-11-41-26   >>>>   Start verify ranking function

[xi_2 = 6, xi_1 = 0]
ranking function :  - 0.5 *  x[3]^1.0 + 0.4 * 1; 0.3 *  x[1]^1.0 - 0.5 *  x[2]^1.0 - 0.1 *  x[3]^1.0 + 0.8 * 1; 0.6 *  x[1]^1.0 - 0.1 *  x[2]^1.0 + 1.1 * 1

2019-05-04-11-41-26   >>>>   End verify ranking function

verifying time = 13.620 ms


Not Found Ranking Fcuntion

Conterexample is 

[0, 0, 6, 0]

sampling time = 3.880 ms


       ########################################         

iteration 2 with 232 examples

2019-05-04-11-41-26   >>>>   Start train ranking function

2019-05-04-11-41-26   >>>>   End train ranking function

train_ranking_functioning time = 3.613 ms


2019-05-04-11-41-26   >>>>   Start verify ranking function

valid ranking function
ranking function :  - 0.5 *  x[3]^1.0 + 0.5 * 1; 0.5 *  x[1]^1.0 - 0.5 *  x[2]^1.0 + 0.9 * 1; 0.5 *  x[1]^1.0 + 1.0 * 1

2019-05-04-11-41-26   >>>>   End verify ranking function

verifying time = 20.081 ms


Found Ranking Fcuntion:  - 0.5 *  x[3]^1.0 + 0.5 * 1; 0.5 *  x[1]^1.0 - 0.5 *  x[2]^1.0 + 0.9 * 1; 0.5 *  x[1]^1.0 + 1.0 * 1

 - 0.5 *  x[3]^1.0 + 0.5 * 1; 0.5 *  x[1]^1.0 - 0.5 *  x[2]^1.0 + 0.9 * 1; 0.5 *  x[1]^1.0 + 1.0 * 1
FINATE
Time For Template 2 Is--->-316.246000 ms

Time For ../Program_non/15.bpl Is ---> 3994.356000 ms

