------Using Template 0 -----------
3 [3]
*****************************************************

2019-05-04-11-21-18   >>>>   End sampling point

sampling time = 28.815 ms,


       ########################################         

iteration 0 with 44 examples

2019-05-04-11-21-18   >>>>   Start train ranking function

2019-05-04-11-21-18   >>>>   End train ranking function

train_ranking_functioning time = 0.551 ms


2019-05-04-11-21-18   >>>>   Start verify ranking function

valid ranking function
ranking function :  - 0.2777 *  x[0]^1.0 - 0.3802 *  x[1]^1.0 + 1.7337 * 1

2019-05-04-11-21-18   >>>>   End verify ranking function

verifying time = 13.596 ms


Found Ranking Fcuntion:  - 0.2777 *  x[0]^1.0 - 0.3802 *  x[1]^1.0 + 1.7337 * 1

 - 0.2777 *  x[0]^1.0 - 0.3802 *  x[1]^1.0 + 1.7337 * 1
FINITE
Time For Template 0 Is--->-70.380000 ms

Time For ../Program_non/151.bpl Is ---> 235.274000 ms

