------Using Template 0 -----------
4 [4]
*****************************************************

2019-05-04-11-26-19   >>>>   End sampling point

sampling time = 57.212 ms,


       ########################################         

iteration 0 with 80 examples

2019-05-04-11-26-19   >>>>   Start train ranking function

2019-05-04-11-26-19   >>>>   End train ranking function

train_ranking_functioning time = 0.475 ms


2019-05-04-11-26-19   >>>>   Start verify ranking function

[xr_0 = 4, xr_1 = -3, xr_2 = 1/8]
ranking function : 0.4068 *  x[0]^1.0 + 0.8774 *  x[1]^1.0 - 0.2777 *  x[2]^1.0 + 0.7316 * 1

2019-05-04-11-26-19   >>>>   End verify ranking function

verifying time = 14.142 ms


Not Found Ranking Fcuntion

Conterexample is 

[4, -3, 0.125]

sampling time = 1.011 ms


       ########################################         

iteration 1 with 82 examples

2019-05-04-11-26-19   >>>>   Start train ranking function

2019-05-04-11-26-19   >>>>   End train ranking function

train_ranking_functioning time = 0.420 ms


2019-05-04-11-26-19   >>>>   Start verify ranking function

[xr_0 = 19, xr_1 = -18, xr_2 = 1/8]
ranking function : 0.8568 *  x[0]^1.0 + 0.9114 *  x[1]^1.0 - 0.2804 *  x[2]^1.0 + 0.6667 * 1

2019-05-04-11-26-19   >>>>   End verify ranking function

verifying time = 14.071 ms


Not Found Ranking Fcuntion

Conterexample is 

[19, -18, 0.125]

sampling time = 0.999 ms


       ########################################         

iteration 2 with 84 examples

2019-05-04-11-26-19   >>>>   Start train ranking function

2019-05-04-11-26-19   >>>>   End train ranking function

train_ranking_functioning time = 1.209 ms


2019-05-04-11-26-19   >>>>   Start verify ranking function

valid ranking function
ranking function : 0.9363 *  x[0]^1.0 + 0.9363 *  x[1]^1.0 - 0.302 *  x[2]^1.0 + 0.6667 * 1

2019-05-04-11-26-19   >>>>   End verify ranking function

verifying time = 34.822 ms


Found Ranking Fcuntion: 0.9363 *  x[0]^1.0 + 0.9363 *  x[1]^1.0 - 0.302 *  x[2]^1.0 + 0.6667 * 1

0.9363 *  x[0]^1.0 + 0.9363 *  x[1]^1.0 - 0.302 *  x[2]^1.0 + 0.6667 * 1
FINITE
Time For Template 0 Is--->-158.000000 ms

Time For ../Program_non/153.bpl Is ---> 330.990000 ms

