------Using Template 0 -----------
3 [3]
*****************************************************

2019-05-04-11-26-19   >>>>   End sampling point

sampling time = 52.144 ms,


       ########################################         

iteration 0 with 136 examples

2019-05-04-11-26-19   >>>>   Start train ranking function

2019-05-04-11-26-19   >>>>   End train ranking function

train_ranking_functioning time = 2.758 ms


2019-05-04-11-26-19   >>>>   Start verify ranking function

ranking function : 0.0021 *  x[0]^1.0 + 0.4821 *  x[1]^1.0 + 2.1094 * 1

2019-05-04-11-26-19   >>>>   End verify ranking function

verifying time = 7.790 ms


Not Found Ranking Fcuntion

Conterexample is 

[-6.4217265592730275, -6.4217265592730275]

sampling time = 0.712 ms


       ########################################         

iteration 1 with 138 examples

2019-05-04-11-26-19   >>>>   Start train ranking function

2019-05-04-11-26-19   >>>>   End train ranking function

train_ranking_functioning time = 2.892 ms


2019-05-04-11-26-19   >>>>   Start verify ranking function

ranking function : 0.0036 *  x[0]^1.0 + 0.4518 *  x[1]^1.0 + 2.6158 * 1

2019-05-04-11-26-19   >>>>   End verify ranking function

verifying time = 7.705 ms


Not Found Ranking Fcuntion

Conterexample is 

[-7.9398331137461575, -7.9398331137461575]

sampling time = 0.719 ms


       ########################################         

iteration 2 with 140 examples

2019-05-04-11-26-19   >>>>   Start train ranking function

2019-05-04-11-26-19   >>>>   End train ranking function

train_ranking_functioning time = 2.970 ms


2019-05-04-11-26-19   >>>>   Start verify ranking function

ranking function : 0.0053 *  x[0]^1.0 + 0.4301 *  x[1]^1.0 + 3.2983 * 1

2019-05-04-11-26-19   >>>>   End verify ranking function

verifying time = 9.410 ms


Not Found Ranking Fcuntion

Conterexample is 

[-9.872071658245291, -9.872071658245291]

sampling time = 0.712 ms


       ########################################         

iteration 3 with 142 examples

2019-05-04-11-26-19   >>>>   Start train ranking function

2019-05-04-11-26-19   >>>>   End train ranking function

train_ranking_functioning time = 3.022 ms


2019-05-04-11-26-19   >>>>   Start verify ranking function

ranking function : 0.0068 *  x[0]^1.0 + 0.4031 *  x[1]^1.0 + 3.713 * 1

2019-05-04-11-26-19   >>>>   End verify ranking function

verifying time = 7.841 ms


Not Found Ranking Fcuntion

Conterexample is 

[-11.497926323493536, -11.497926323493536]

sampling time = 0.712 ms


       ########################################         

iteration 4 with 144 examples

2019-05-04-11-26-19   >>>>   Start train ranking function

2019-05-04-11-26-19   >>>>   End train ranking function

train_ranking_functioning time = 3.013 ms


2019-05-04-11-26-19   >>>>   Start verify ranking function

ranking function : 0.0088 *  x[0]^1.0 + 0.376 *  x[1]^1.0 + 4.0644 * 1

2019-05-04-11-26-19   >>>>   End verify ranking function

verifying time = 7.709 ms


Not Found Ranking Fcuntion

Conterexample is 

[-13.161122661122661, -13.161122661122661]

sampling time = 0.701 ms


       ########################################         

iteration 5 with 146 examples

2019-05-04-11-26-19   >>>>   Start train ranking function

2019-05-04-11-26-19   >>>>   End train ranking function

train_ranking_functioning time = 3.047 ms


2019-05-04-11-26-19   >>>>   Start verify ranking function

ranking function : 0.0113 *  x[0]^1.0 + 0.35 *  x[1]^1.0 + 4.3922 * 1

2019-05-04-11-26-19   >>>>   End verify ranking function

verifying time = 7.728 ms


Not Found Ranking Fcuntion

Conterexample is 

[-14.924439523941324, -14.924439523941324]

sampling time = 0.779 ms


       ########################################         

iteration 6 with 148 examples

2019-05-04-11-26-19   >>>>   Start train ranking function

2019-05-04-11-26-19   >>>>   End train ranking function

train_ranking_functioning time = 3.168 ms


2019-05-04-11-26-19   >>>>   Start verify ranking function

ranking function : 0.0133 *  x[0]^1.0 + 0.3221 *  x[1]^1.0 + 4.6149 * 1

2019-05-04-11-26-20   >>>>   End verify ranking function

verifying time = 8.524 ms


Not Found Ranking Fcuntion

Conterexample is 

[-16.740906380441263, -16.740906380441263]

sampling time = 0.759 ms


       ########################################         

iteration 7 with 150 examples

2019-05-04-11-26-20   >>>>   Start train ranking function

2019-05-04-11-26-20   >>>>   End train ranking function

train_ranking_functioning time = 3.366 ms


2019-05-04-11-26-20   >>>>   Start verify ranking function

ranking function : 0.0155 *  x[0]^1.0 + 0.2943 *  x[1]^1.0 + 4.7267 * 1

2019-05-04-11-26-20   >>>>   End verify ranking function

verifying time = 8.104 ms


Not Found Ranking Fcuntion

Conterexample is 

[-18.48515171078115, -18.48515171078115]

sampling time = 0.732 ms


       ########################################         

iteration 8 with 152 examples

2019-05-04-11-26-20   >>>>   Start train ranking function

2019-05-04-11-26-20   >>>>   End train ranking function

train_ranking_functioning time = 3.289 ms


2019-05-04-11-26-20   >>>>   Start verify ranking function

ranking function : 0.0175 *  x[0]^1.0 + 0.2701 *  x[1]^1.0 + 4.8723 * 1

2019-05-04-11-26-20   >>>>   End verify ranking function

verifying time = 7.808 ms


Not Found Ranking Fcuntion

Conterexample is 

[-20.418289290681503, -20.418289290681503]

sampling time = 0.710 ms


       ########################################         

iteration 9 with 154 examples

2019-05-04-11-26-20   >>>>   Start train ranking function

2019-05-04-11-26-20   >>>>   End train ranking function

train_ranking_functioning time = 3.262 ms


2019-05-04-11-26-20   >>>>   Start verify ranking function

ranking function : 0.0194 *  x[0]^1.0 + 0.2453 *  x[1]^1.0 + 4.9418 * 1

2019-05-04-11-26-20   >>>>   End verify ranking function

verifying time = 7.802 ms


Not Found Ranking Fcuntion

Conterexample is 

[-22.447298828862863, -22.447298828862863]

sampling time = 0.710 ms


       ########################################         

iteration 10 with 156 examples

2019-05-04-11-26-20   >>>>   Start train ranking function

2019-05-04-11-26-20   >>>>   End train ranking function

train_ranking_functioning time = 3.412 ms


2019-05-04-11-26-20   >>>>   Start verify ranking function

ranking function : 0.0194 *  x[0]^1.0 + 0.2236 *  x[1]^1.0 + 4.929 * 1

2019-05-04-11-26-20   >>>>   End verify ranking function

verifying time = 7.782 ms


Not Found Ranking Fcuntion

Conterexample is 

[-24.39917695473251, -24.39917695473251]

sampling time = 0.715 ms


       ########################################         

iteration 11 with 158 examples

2019-05-04-11-26-20   >>>>   Start train ranking function

2019-05-04-11-26-20   >>>>   End train ranking function

train_ranking_functioning time = 3.540 ms


2019-05-04-11-26-20   >>>>   Start verify ranking function

ranking function : 0.0214 *  x[0]^1.0 + 0.1999 *  x[1]^1.0 + 4.9456 * 1

2019-05-04-11-26-20   >>>>   End verify ranking function

verifying time = 7.875 ms


Not Found Ranking Fcuntion

Conterexample is 

[-26.866696791685495, -26.866696791685495]

sampling time = 0.710 ms


       ########################################         

iteration 12 with 160 examples

2019-05-04-11-26-20   >>>>   Start train ranking function

2019-05-04-11-26-20   >>>>   End train ranking function

train_ranking_functioning time = 3.539 ms


2019-05-04-11-26-20   >>>>   Start verify ranking function

ranking function : 0.0259 *  x[0]^1.0 + 0.166 *  x[1]^1.0 + 4.8701 * 1

2019-05-04-11-26-20   >>>>   End verify ranking function

verifying time = 7.744 ms


Not Found Ranking Fcuntion

Conterexample is 

[-30.589369463262116, -30.589369463262116]

sampling time = 0.713 ms


       ########################################         

iteration 13 with 162 examples

2019-05-04-11-26-20   >>>>   Start train ranking function

2019-05-04-11-26-20   >>>>   End train ranking function

train_ranking_functioning time = 3.534 ms


2019-05-04-11-26-20   >>>>   Start verify ranking function

ranking function : 0.0254 *  x[0]^1.0 + 0.1566 *  x[1]^1.0 + 4.7771 * 1

2019-05-04-11-26-20   >>>>   End verify ranking function
