------Using Template 0 -----------
3 [3]
*****************************************************

2019-05-04-11-36-19   >>>>   End sampling point

sampling time = 52.887 ms,


       ########################################         

iteration 0 with 136 examples

2019-05-04-11-36-19   >>>>   Start train ranking function

2019-05-04-11-36-19   >>>>   End train ranking function

train_ranking_functioning time = 1.003 ms


2019-05-04-11-36-19   >>>>   Start verify ranking function

[xr_1 = 9470/113, xr_0 = 0]
ranking function : 0.0113 *  x[0]^1.0 + 0.9367 *  x[1]^1.0 + 3.0715 * 1

2019-05-04-11-36-19   >>>>   End verify ranking function

verifying time = 6.788 ms


Not Found Ranking Fcuntion

Conterexample is 

[0, 83.80530973451327]

sampling time = 0.723 ms


       ########################################         

iteration 1 with 138 examples

2019-05-04-11-36-19   >>>>   Start train ranking function

2019-05-04-11-36-19   >>>>   End train ranking function

train_ranking_functioning time = 3.123 ms


2019-05-04-11-36-19   >>>>   Start verify ranking function

ranking function : 0.9368 *  x[1]^1.0 + 3.0848 * 1

2019-05-04-11-36-19   >>>>   End verify ranking function

verifying time = 7.456 ms


Not Found Ranking Fcuntion

Conterexample is 

[0, -4.292912040990607]

sampling time = 0.734 ms


       ########################################         

iteration 2 with 140 examples

2019-05-04-11-36-19   >>>>   Start train ranking function

2019-05-04-11-36-19   >>>>   End train ranking function

train_ranking_functioning time = 3.268 ms


2019-05-04-11-36-19   >>>>   Start verify ranking function

[xr_1 = -1787/2, xr_0 = 0]
ranking function :  - 0.001 *  x[0]^1.0 + 0.8935 *  x[1]^1.0 + 3.2327 * 1

2019-05-04-11-36-19   >>>>   End verify ranking function

verifying time = 6.652 ms


Not Found Ranking Fcuntion

Conterexample is 

[0, -893.5]

sampling time = 0.721 ms


       ########################################         

iteration 3 with 142 examples

2019-05-04-11-36-19   >>>>   Start train ranking function

2019-05-04-11-36-19   >>>>   End train ranking function

train_ranking_functioning time = 3.266 ms


2019-05-04-11-36-19   >>>>   Start verify ranking function

[xr_1 = -59/53, xr_0 = 0]
ranking function :  - 0.0053 *  x[0]^1.0 + 0.0016 *  x[1]^1.0 + 0.9509 * 1

2019-05-04-11-36-19   >>>>   End verify ranking function

verifying time = 6.634 ms


Not Found Ranking Fcuntion

Conterexample is 

[0, -1.1132075471698113]

sampling time = 0.724 ms


       ########################################         

iteration 4 with 144 examples

2019-05-04-11-36-19   >>>>   Start train ranking function

2019-05-04-11-36-19   >>>>   End train ranking function

train_ranking_functioning time = 3.235 ms


2019-05-04-11-36-19   >>>>   Start verify ranking function

[xr_1 = -17/15, xr_0 = 0]
ranking function :  - 0.006 *  x[0]^1.0 + 0.0018 *  x[1]^1.0 + 0.9456 * 1

2019-05-04-11-36-19   >>>>   End verify ranking function

verifying time = 6.695 ms


Not Found Ranking Fcuntion

Conterexample is 

[0, -1.1333333333333333]

sampling time = 0.731 ms


       ########################################         

iteration 5 with 146 examples

2019-05-04-11-36-19   >>>>   Start train ranking function

2019-05-04-11-36-20   >>>>   End train ranking function

train_ranking_functioning time = 3.558 ms


2019-05-04-11-36-20   >>>>   Start verify ranking function

[xr_1 = -65/56, xr_0 = 0]
ranking function :  - 0.0056 *  x[0]^1.0 + 0.0019 *  x[1]^1.0 + 0.9146 * 1

2019-05-04-11-36-20   >>>>   End verify ranking function

verifying time = 7.831 ms


Not Found Ranking Fcuntion

Conterexample is 

[0, -1.1607142857142858]

sampling time = 0.733 ms


       ########################################         

iteration 6 with 148 examples

2019-05-04-11-36-20   >>>>   Start train ranking function

2019-05-04-11-36-20   >>>>   End train ranking function

train_ranking_functioning time = 3.361 ms


2019-05-04-11-36-20   >>>>   Start verify ranking function

[xr_1 = -56/43, xr_0 = 0]
ranking function :  - 0.0043 *  x[0]^1.0 + 0.0023 *  x[1]^1.0 + 0.9326 * 1

2019-05-04-11-36-20   >>>>   End verify ranking function

verifying time = 6.908 ms


Not Found Ranking Fcuntion

Conterexample is 

[0, -1.302325581395349]

sampling time = 0.730 ms


       ########################################         

iteration 7 with 150 examples

2019-05-04-11-36-20   >>>>   Start train ranking function

2019-05-04-11-36-20   >>>>   End train ranking function

train_ranking_functioning time = 3.325 ms


2019-05-04-11-36-20   >>>>   Start verify ranking function

[xr_1 = 123/121, xr_0 = 0]
ranking function : 0.0484 *  x[0]^1.0 + 0.0018 *  x[1]^1.0 + 0.8792 * 1

2019-05-04-11-36-20   >>>>   End verify ranking function

verifying time = 6.694 ms


Not Found Ranking Fcuntion

Conterexample is 

[0, 1.0165289256198347]

sampling time = 0.758 ms


       ########################################         

iteration 8 with 152 examples

2019-05-04-11-36-20   >>>>   Start train ranking function

2019-05-04-11-36-20   >>>>   End train ranking function

train_ranking_functioning time = 3.384 ms


2019-05-04-11-36-20   >>>>   Start verify ranking function

[xr_1 = -29/21, xr_0 = 0]
ranking function :  - 0.0042 *  x[0]^1.0 + 0.0026 *  x[1]^1.0 + 0.9449 * 1

2019-05-04-11-36-20   >>>>   End verify ranking function

verifying time = 6.815 ms


Not Found Ranking Fcuntion

Conterexample is 

[0, -1.380952380952381]

sampling time = 0.729 ms


       ########################################         

iteration 9 with 154 examples

2019-05-04-11-36-20   >>>>   Start train ranking function

2019-05-04-11-36-20   >>>>   End train ranking function

train_ranking_functioning time = 3.460 ms


2019-05-04-11-36-20   >>>>   Start verify ranking function

[xr_1 = -106/101, xr_0 = 0]
ranking function :  - 0.0101 *  x[0]^1.0 + 0.0015 *  x[1]^1.0 + 0.9464 * 1

2019-05-04-11-36-20   >>>>   End verify ranking function

verifying time = 6.772 ms


Not Found Ranking Fcuntion

Conterexample is 

[0, -1.0495049504950495]

sampling time = 0.736 ms


       ########################################         

iteration 10 with 156 examples

2019-05-04-11-36-20   >>>>   Start train ranking function

2019-05-04-11-36-20   >>>>   End train ranking function

train_ranking_functioning time = 3.523 ms


2019-05-04-11-36-20   >>>>   Start verify ranking function

[xr_1 = -47/25, xr_0 = 0]
ranking function :  - 0.0025 *  x[0]^1.0 + 0.0032 *  x[1]^1.0 + 0.9467 * 1

2019-05-04-11-36-20   >>>>   End verify ranking function

verifying time = 6.821 ms


Not Found Ranking Fcuntion

Conterexample is 

[0, -1.88]

sampling time = 0.735 ms


       ########################################         

iteration 11 with 158 examples

2019-05-04-11-36-20   >>>>   Start train ranking function

2019-05-04-11-36-20   >>>>   End train ranking function

train_ranking_functioning time = 3.509 ms


2019-05-04-11-36-20   >>>>   Start verify ranking function

[xr_1 = -39/14, xr_0 = 0]
ranking function :  - 0.0014 *  x[0]^1.0 + 0.0035 *  x[1]^1.0 + 0.9337 * 1

2019-05-04-11-36-20   >>>>   End verify ranking function

verifying time = 6.629 ms


Not Found Ranking Fcuntion

Conterexample is 

[0, -2.7857142857142856]

sampling time = 0.731 ms


       ########################################         

iteration 12 with 160 examples

2019-05-04-11-36-20   >>>>   Start train ranking function

2019-05-04-11-36-20   >>>>   End train ranking function

train_ranking_functioning time = 3.468 ms


2019-05-04-11-36-20   >>>>   Start verify ranking function

[xr_1 = 47/17, xr_0 = 0]
ranking function : 0.0017 *  x[0]^1.0 + 0.004 *  x[1]^1.0 + 0.8924 * 1

2019-05-04-11-36-20   >>>>   End verify ranking function

verifying time = 6.684 ms


Not Found Ranking Fcuntion

Conterexample is 

[0, 2.764705882352941]

sampling time = 0.726 ms


       ########################################         

iteration 13 with 162 examples

2019-05-04-11-36-20   >>>>   Start train ranking function

2019-05-04-11-36-20   >>>>   End train ranking function

train_ranking_functioning time = 3.499 ms


2019-05-04-11-36-20   >>>>   Start verify ranking function

[xr_1 = -18, xr_0 = 0]
ranking function :  - 0.0002 *  x[0]^1.0 + 0.0044 *  x[1]^1.0 + 0.8449 * 1

2019-05-04-11-36-20   >>>>   End verify ranking function

verifying time = 6.708 ms


Not Found Ranking Fcuntion

Conterexample is 

[0, -18]

sampling time = 0.885 ms


       ########################################         

iteration 14 with 164 examples

2019-05-04-11-36-20   >>>>   Start train ranking function

2019-05-04-11-36-20   >>>>   End train ranking function

train_ranking_functioning time = 3.410 ms


2019-05-04-11-36-20   >>>>   Start verify ranking function

[xr_1 = -92/7, xr_0 = 0]
ranking function :  - 0.0021 *  x[0]^1.0 + 0.0265 *  x[1]^1.0 + 1.2528 * 1

2019-05-04-11-36-20   >>>>   End verify ranking function

verifying time = 6.928 ms


Not Found Ranking Fcuntion

Conterexample is 

[0, -13.142857142857142]

sampling time = 0.729 ms


       ########################################         

iteration 15 with 166 examples

2019-05-04-11-36-20   >>>>   Start train ranking function

2019-05-04-11-36-20   >>>>   End train ranking function

train_ranking_functioning time = 3.565 ms


2019-05-04-11-36-20   >>>>   Start verify ranking function

[xr_1 = 221/159, xr_0 = 0]
ranking function : 0.0636 *  x[0]^1.0 + 0.0258 *  x[1]^1.0 + 1.253 * 1

2019-05-04-11-36-20   >>>>   End verify ranking function

verifying time = 6.854 ms


Not Found Ranking Fcuntion

Conterexample is 

[0, 1.389937106918239]

sampling time = 0.737 ms


       ########################################         

iteration 16 with 168 examples

2019-05-04-11-36-20   >>>>   Start train ranking function

2019-05-04-11-36-20   >>>>   End train ranking function

train_ranking_functioning time = 3.743 ms


2019-05-04-11-36-20   >>>>   Start verify ranking function

[xr_1 = 46/31, xr_0 = 0]
ranking function : 0.0527 *  x[0]^1.0 + 0.0265 *  x[1]^1.0 + 1.2618 * 1

2019-05-04-11-36-20   >>>>   End verify ranking function

verifying time = 6.946 ms


Not Found Ranking Fcuntion

Conterexample is 

[0, 1.4838709677419355]

sampling time = 0.729 ms


       ########################################         

iteration 17 with 170 examples

2019-05-04-11-36-20   >>>>   Start train ranking function

2019-05-04-11-36-20   >>>>   End train ranking function

train_ranking_functioning time = 3.590 ms


2019-05-04-11-36-20   >>>>   Start verify ranking function

[xr_1 = 491/211, xr_0 = 0]
ranking function : 0.0211 *  x[0]^1.0 + 0.029 *  x[1]^1.0 + 1.2963 * 1

2019-05-04-11-36-20   >>>>   End verify ranking function

verifying time = 6.692 ms


Not Found Ranking Fcuntion

Conterexample is 

[0, 2.3270142180094786]

sampling time = 0.731 ms


       ########################################         

iteration 18 with 172 examples

2019-05-04-11-36-20   >>>>   Start train ranking function

2019-05-04-11-36-20   >>>>   End train ranking function

train_ranking_functioning time = 3.721 ms


2019-05-04-11-36-20   >>>>   Start verify ranking function

[xr_1 = 503/203, xr_0 = 0]
ranking function : 0.0203 *  x[0]^1.0 + 0.031 *  x[1]^1.0 + 1.3097 * 1

2019-05-04-11-36-20   >>>>   End verify ranking function

verifying time = 6.740 ms


Not Found Ranking Fcuntion

Conterexample is 

[0, 2.477832512315271]

sampling time = 0.733 ms


       ########################################         

iteration 19 with 174 examples

2019-05-04-11-36-20   >>>>   Start train ranking function

2019-05-04-11-36-20   >>>>   End train ranking function

train_ranking_functioning time = 3.667 ms


2019-05-04-11-36-20   >>>>   Start verify ranking function

[xr_1 = 382/91, xr_0 = 0]
ranking function : 0.0091 *  x[0]^1.0 + 0.0301 *  x[1]^1.0 + 1.3151 * 1

2019-05-04-11-36-20   >>>>   End verify ranking function

verifying time = 6.659 ms


Not Found Ranking Fcuntion

Conterexample is 

[0, 4.197802197802198]

sampling time = 0.737 ms


       ########################################         

iteration 20 with 176 examples

2019-05-04-11-36-20   >>>>   Start train ranking function

2019-05-04-11-36-20   >>>>   End train ranking function

train_ranking_functioning time = 3.732 ms


2019-05-04-11-36-20   >>>>   Start verify ranking function

[xr_1 = 93/32, xr_0 = 0]
ranking function : 0.016 *  x[0]^1.0 + 0.0315 *  x[1]^1.0 + 1.3265 * 1

2019-05-04-11-36-20   >>>>   End verify ranking function

verifying time = 6.665 ms


Not Found Ranking Fcuntion

Conterexample is 

[0, 2.90625]

sampling time = 0.745 ms


       ########################################         

iteration 21 with 178 examples

2019-05-04-11-36-20   >>>>   Start train ranking function

2019-05-04-11-36-20   >>>>   End train ranking function

train_ranking_functioning time = 3.699 ms


2019-05-04-11-36-20   >>>>   Start verify ranking function

[xr_1 = 655/372, xr_0 = 0]
ranking function : 0.0372 *  x[0]^1.0 + 0.0293 *  x[1]^1.0 + 1.3256 * 1

2019-05-04-11-36-20   >>>>   End verify ranking function

verifying time = 6.731 ms


Not Found Ranking Fcuntion

Conterexample is 

[0, 1.760752688172043]

sampling time = 0.740 ms


       ########################################         

iteration 22 with 180 examples

2019-05-04-11-36-20   >>>>   Start train ranking function

2019-05-04-11-36-20   >>>>   End train ranking function

train_ranking_functioning time = 3.843 ms


2019-05-04-11-36-20   >>>>   Start verify ranking function

[xr_1 = 23/7, xr_0 = 0]
ranking function : 0.0133 *  x[0]^1.0 + 0.0314 *  x[1]^1.0 + 1.347 * 1

2019-05-04-11-36-20   >>>>   End verify ranking function

verifying time = 6.715 ms


Not Found Ranking Fcuntion

Conterexample is 

[0, 3.2857142857142856]

sampling time = 0.734 ms


       ########################################         

iteration 23 with 182 examples

2019-05-04-11-36-20   >>>>   Start train ranking function

2019-05-04-11-36-20   >>>>   End train ranking function

train_ranking_functioning time = 3.906 ms


2019-05-04-11-36-20   >>>>   Start verify ranking function

[xr_1 = 219/53, xr_0 = 0]
ranking function : 0.0106 *  x[0]^1.0 + 0.0342 *  x[1]^1.0 + 1.3483 * 1

2019-05-04-11-36-20   >>>>   End verify ranking function

verifying time = 6.622 ms


Not Found Ranking Fcuntion

Conterexample is 

[0, 4.132075471698113]

sampling time = 0.727 ms


       ########################################         

iteration 24 with 184 examples

2019-05-04-11-36-20   >>>>   Start train ranking function

2019-05-04-11-36-20   >>>>   End train ranking function

train_ranking_functioning time = 3.858 ms


2019-05-04-11-36-20   >>>>   Start verify ranking function

[xr_1 = 354/43, xr_0 = 0]
ranking function : 0.0043 *  x[0]^1.0 + 0.0321 *  x[1]^1.0 + 1.3537 * 1

2019-05-04-11-36-20   >>>>   End verify ranking function

verifying time = 6.691 ms


Not Found Ranking Fcuntion

Conterexample is 

[0, 8.232558139534884]

sampling time = 0.731 ms


Failed to prove it is terminated

UNKNOWN
Time For Template 0 Is--->-371.501000 ms

------Using Template 1 -----------
1 [1]
*****************************************************

2019-05-04-11-36-20   >>>>   End sampling point

sampling time = 27.309 ms,


       ########################################         

iteration 0 with 136 examples

2019-05-04-11-36-20   >>>>   Start train ranking function

2019-05-04-11-36-20   >>>>   End train ranking function

train_ranking_functioning time = 4.779 ms


2019-05-04-11-36-20   >>>>   Start verify ranking function

[xr_0 = 1/2, xr_1 = 1/8]
ranking function :  - 0.0049 *  x[0]^2.0 *  x[1]^0.5

2019-05-04-11-36-20   >>>>   End verify ranking function

verifying time = 12.575 ms


Not Found Ranking Fcuntion

Conterexample is 

[0.5, 0.125]

sampling time = 0.349 ms


       ########################################         

iteration 1 with 138 examples

2019-05-04-11-36-20   >>>>   Start train ranking function

2019-05-04-11-36-20   >>>>   End train ranking function

train_ranking_functioning time = 4.929 ms


2019-05-04-11-36-20   >>>>   Start verify ranking function

[xr_0 = 1/2, xr_1 = 1/8]
ranking function :  - 0.0048 *  x[0]^2.0 *  x[1]^0.5

2019-05-04-11-36-20   >>>>   End verify ranking function

verifying time = 12.620 ms


Not Found Ranking Fcuntion

Conterexample is 

[0.5, 0.125]

sampling time = 0.350 ms


       ########################################         

iteration 2 with 140 examples

2019-05-04-11-36-20   >>>>   Start train ranking function

2019-05-04-11-36-20   >>>>   End train ranking function

train_ranking_functioning time = 5.383 ms


2019-05-04-11-36-20   >>>>   Start verify ranking function

[xr_0 = 1, xr_1 = 1/8]
ranking function :  - 0.0027 *  x[0]^2.0 *  x[1]^0.5

2019-05-04-11-36-20   >>>>   End verify ranking function

verifying time = 13.284 ms


Not Found Ranking Fcuntion

Conterexample is 

[1, 0.125]

sampling time = 0.361 ms


       ########################################         

iteration 3 with 142 examples

2019-05-04-11-36-20   >>>>   Start train ranking function

2019-05-04-11-36-20   >>>>   End train ranking function

train_ranking_functioning time = 5.025 ms


2019-05-04-11-36-20   >>>>   Start verify ranking function

[xr_0 = 0]
ranking function : 

2019-05-04-11-36-20   >>>>   End verify ranking function

verifying time = 7.004 ms


Not Found Ranking Fcuntion

Conterexample is 

[0, 0]

sampling time = 0.356 ms


       ########################################         

iteration 4 with 144 examples

2019-05-04-11-36-20   >>>>   Start train ranking function

2019-05-04-11-36-20   >>>>   End train ranking function

train_ranking_functioning time = 5.103 ms


2019-05-04-11-36-20   >>>>   Start verify ranking function

[xr_0 = 1, xr_1 = 1/8]
ranking function :  - 0.0006 *  x[0]^2.0 *  x[1]^0.5

2019-05-04-11-36-20   >>>>   End verify ranking function

verifying time = 12.400 ms


Not Found Ranking Fcuntion

Conterexample is 

[1, 0.125]

sampling time = 0.358 ms


       ########################################         

iteration 5 with 146 examples

2019-05-04-11-36-20   >>>>   Start train ranking function

2019-05-04-11-36-20   >>>>   End train ranking function

train_ranking_functioning time = 5.162 ms


2019-05-04-11-36-20   >>>>   Start verify ranking function

[xr_0 = 1, xr_1 = 1/8]
ranking function :  - 0.0003 *  x[0]^2.0 *  x[1]^0.5

2019-05-04-11-36-20   >>>>   End verify ranking function

verifying time = 12.474 ms


Not Found Ranking Fcuntion

Conterexample is 

[1, 0.125]

sampling time = 0.355 ms


       ########################################         

iteration 6 with 148 examples

2019-05-04-11-36-20   >>>>   Start train ranking function

2019-05-04-11-36-20   >>>>   End train ranking function

train_ranking_functioning time = 5.424 ms


2019-05-04-11-36-20   >>>>   Start verify ranking function

[xr_0 = 1/2, xr_1 = 1/8]
ranking function :  - 0.0042 *  x[0]^2.0 *  x[1]^0.5

2019-05-04-11-36-20   >>>>   End verify ranking function

verifying time = 12.845 ms


Not Found Ranking Fcuntion

Conterexample is 

[0.5, 0.125]

sampling time = 0.360 ms


       ########################################         

iteration 7 with 150 examples

2019-05-04-11-36-20   >>>>   Start train ranking function

2019-05-04-11-36-20   >>>>   End train ranking function

train_ranking_functioning time = 5.323 ms


2019-05-04-11-36-20   >>>>   Start verify ranking function

[xr_0 = 1, xr_1 = 1/8]
ranking function :  - 0.0002 *  x[0]^2.0 *  x[1]^0.5

2019-05-04-11-36-20   >>>>   End verify ranking function

verifying time = 12.509 ms


Not Found Ranking Fcuntion

Conterexample is 

[1, 0.125]

sampling time = 0.354 ms


       ########################################         

iteration 8 with 152 examples

2019-05-04-11-36-20   >>>>   Start train ranking function

2019-05-04-11-36-20   >>>>   End train ranking function

train_ranking_functioning time = 5.331 ms


2019-05-04-11-36-20   >>>>   Start verify ranking function

[xr_0 = 1, xr_1 = 1/8]
ranking function :  - 0.0021 *  x[0]^2.0 *  x[1]^0.5

2019-05-04-11-36-20   >>>>   End verify ranking function

verifying time = 12.394 ms


Not Found Ranking Fcuntion

Conterexample is 

[1, 0.125]

sampling time = 0.388 ms


       ########################################         

iteration 9 with 154 examples

2019-05-04-11-36-20   >>>>   Start train ranking function

2019-05-04-11-36-20   >>>>   End train ranking function

train_ranking_functioning time = 5.437 ms


2019-05-04-11-36-20   >>>>   Start verify ranking function

[xr_0 = 1, xr_1 = 1/8]
ranking function :  - 0.0007 *  x[0]^2.0 *  x[1]^0.5

2019-05-04-11-36-20   >>>>   End verify ranking function

verifying time = 12.447 ms


Not Found Ranking Fcuntion

Conterexample is 

[1, 0.125]

sampling time = 0.354 ms


       ########################################         

iteration 10 with 156 examples

2019-05-04-11-36-20   >>>>   Start train ranking function

2019-05-04-11-36-20   >>>>   End train ranking function

train_ranking_functioning time = 5.579 ms


2019-05-04-11-36-20   >>>>   Start verify ranking function

[xr_0 = 1, xr_1 = 1/8]
ranking function : 0.0064 *  x[0]^2.0 *  x[1]^0.5

2019-05-04-11-36-20   >>>>   End verify ranking function

verifying time = 12.862 ms


Not Found Ranking Fcuntion

Conterexample is 

[1, 0.125]

sampling time = 0.357 ms


       ########################################         

iteration 11 with 158 examples

2019-05-04-11-36-20   >>>>   Start train ranking function

2019-05-04-11-36-20   >>>>   End train ranking function

train_ranking_functioning time = 5.581 ms


2019-05-04-11-36-20   >>>>   Start verify ranking function

[xr_0 = 1, xr_1 = 1/8]
ranking function : 0.0012 *  x[0]^2.0 *  x[1]^0.5

2019-05-04-11-36-20   >>>>   End verify ranking function

verifying time = 12.406 ms


Not Found Ranking Fcuntion

Conterexample is 

[1, 0.125]

sampling time = 0.375 ms


       ########################################         

iteration 12 with 160 examples

2019-05-04-11-36-20   >>>>   Start train ranking function

2019-05-04-11-36-20   >>>>   End train ranking function

train_ranking_functioning time = 5.541 ms


2019-05-04-11-36-20   >>>>   Start verify ranking function

[xr_0 = 1/2, xr_1 = 1/8]
ranking function :  - 0.0056 *  x[0]^2.0 *  x[1]^0.5

2019-05-04-11-36-20   >>>>   End verify ranking function

verifying time = 12.527 ms


Not Found Ranking Fcuntion

Conterexample is 

[0.5, 0.125]

sampling time = 0.397 ms


       ########################################         

iteration 13 with 162 examples

2019-05-04-11-36-20   >>>>   Start train ranking function

2019-05-04-11-36-20   >>>>   End train ranking function

train_ranking_functioning time = 5.761 ms


2019-05-04-11-36-20   >>>>   Start verify ranking function

[xr_0 = 1, xr_1 = 1/8]
ranking function : 0.0015 *  x[0]^2.0 *  x[1]^0.5

2019-05-04-11-36-20   >>>>   End verify ranking function

verifying time = 12.371 ms


Not Found Ranking Fcuntion

Conterexample is 

[1, 0.125]

sampling time = 0.355 ms


       ########################################         

iteration 14 with 164 examples

2019-05-04-11-36-20   >>>>   Start train ranking function

2019-05-04-11-36-20   >>>>   End train ranking function

train_ranking_functioning time = 5.743 ms


2019-05-04-11-36-20   >>>>   Start verify ranking function

[xr_0 = 1/2, xr_1 = 1/8]
ranking function :  - 0.0053 *  x[0]^2.0 *  x[1]^0.5

2019-05-04-11-36-20   >>>>   End verify ranking function

verifying time = 12.377 ms


Not Found Ranking Fcuntion

Conterexample is 

[0.5, 0.125]

sampling time = 0.366 ms


       ########################################         

iteration 15 with 166 examples

2019-05-04-11-36-20   >>>>   Start train ranking function

2019-05-04-11-36-20   >>>>   End train ranking function

train_ranking_functioning time = 5.926 ms


2019-05-04-11-36-20   >>>>   Start verify ranking function

[xr_0 = 1, xr_1 = 1/8]
ranking function : 0.0016 *  x[0]^2.0 *  x[1]^0.5

2019-05-04-11-36-20   >>>>   End verify ranking function

verifying time = 12.478 ms


Not Found Ranking Fcuntion

Conterexample is 

[1, 0.125]

sampling time = 0.353 ms


       ########################################         

iteration 16 with 168 examples

2019-05-04-11-36-20   >>>>   Start train ranking function

2019-05-04-11-36-20   >>>>   End train ranking function

train_ranking_functioning time = 5.959 ms


2019-05-04-11-36-20   >>>>   Start verify ranking function

[xr_0 = 1, xr_1 = 1/8]
ranking function :  - 0.0002 *  x[0]^2.0 *  x[1]^0.5

2019-05-04-11-36-20   >>>>   End verify ranking function

verifying time = 12.297 ms


Not Found Ranking Fcuntion

Conterexample is 

[1, 0.125]

sampling time = 0.352 ms


       ########################################         

iteration 17 with 170 examples

2019-05-04-11-36-20   >>>>   Start train ranking function

2019-05-04-11-36-20   >>>>   End train ranking function

train_ranking_functioning time = 6.595 ms


2019-05-04-11-36-20   >>>>   Start verify ranking function

[xr_0 = 1, xr_1 = 1/8]
ranking function :  - 0.0001 *  x[0]^2.0 *  x[1]^0.5

2019-05-04-11-36-20   >>>>   End verify ranking function

verifying time = 13.343 ms


Not Found Ranking Fcuntion

Conterexample is 

[1, 0.125]

sampling time = 0.357 ms


       ########################################         

iteration 18 with 172 examples

2019-05-04-11-36-20   >>>>   Start train ranking function

2019-05-04-11-36-20   >>>>   End train ranking function

train_ranking_functioning time = 6.260 ms


2019-05-04-11-36-20   >>>>   Start verify ranking function

[xr_0 = 1, xr_1 = 1/8]
ranking function : 0.0024 *  x[0]^2.0 *  x[1]^0.5

2019-05-04-11-36-20   >>>>   End verify ranking function

verifying time = 12.485 ms


Not Found Ranking Fcuntion

Conterexample is 

[1, 0.125]

sampling time = 0.351 ms


       ########################################         

iteration 19 with 174 examples

2019-05-04-11-36-20   >>>>   Start train ranking function

2019-05-04-11-36-20   >>>>   End train ranking function

train_ranking_functioning time = 6.184 ms


2019-05-04-11-36-20   >>>>   Start verify ranking function

[xr_0 = 1, xr_1 = 1/8]
ranking function : 0.0028 *  x[0]^2.0 *  x[1]^0.5

2019-05-04-11-36-20   >>>>   End verify ranking function

verifying time = 12.374 ms


Not Found Ranking Fcuntion

Conterexample is 

[1, 0.125]

sampling time = 0.353 ms


       ########################################         

iteration 20 with 176 examples

2019-05-04-11-36-20   >>>>   Start train ranking function

2019-05-04-11-36-20   >>>>   End train ranking function

train_ranking_functioning time = 6.275 ms


2019-05-04-11-36-20   >>>>   Start verify ranking function

[xr_0 = 1, xr_1 = 1/8]
ranking function : 0.0027 *  x[0]^2.0 *  x[1]^0.5

2019-05-04-11-36-20   >>>>   End verify ranking function

verifying time = 12.438 ms


Not Found Ranking Fcuntion

Conterexample is 

[1, 0.125]

sampling time = 0.361 ms


       ########################################         

iteration 21 with 178 examples

2019-05-04-11-36-20   >>>>   Start train ranking function

2019-05-04-11-36-20   >>>>   End train ranking function

train_ranking_functioning time = 6.326 ms


2019-05-04-11-36-20   >>>>   Start verify ranking function

[xr_0 = 1, xr_1 = 1/8]
ranking function : 0.0032 *  x[0]^2.0 *  x[1]^0.5

2019-05-04-11-36-20   >>>>   End verify ranking function

verifying time = 12.339 ms


Not Found Ranking Fcuntion

Conterexample is 

[1, 0.125]

sampling time = 0.394 ms


       ########################################         

iteration 22 with 180 examples

2019-05-04-11-36-20   >>>>   Start train ranking function

2019-05-04-11-36-20   >>>>   End train ranking function

train_ranking_functioning time = 6.393 ms


2019-05-04-11-36-20   >>>>   Start verify ranking function

[xr_0 = 1, xr_1 = 1/8]
ranking function : 0.0033 *  x[0]^2.0 *  x[1]^0.5

2019-05-04-11-36-20   >>>>   End verify ranking function

verifying time = 12.653 ms


Not Found Ranking Fcuntion

Conterexample is 

[1, 0.125]

sampling time = 0.393 ms


       ########################################         

iteration 23 with 182 examples

2019-05-04-11-36-20   >>>>   Start train ranking function

2019-05-04-11-36-20   >>>>   End train ranking function

train_ranking_functioning time = 6.400 ms


2019-05-04-11-36-20   >>>>   Start verify ranking function

[xr_0 = 1, xr_1 = 1/8]
ranking function :  - 0.0012 *  x[0]^2.0 *  x[1]^0.5

2019-05-04-11-36-20   >>>>   End verify ranking function

verifying time = 12.372 ms


Not Found Ranking Fcuntion

Conterexample is 

[1, 0.125]

sampling time = 0.354 ms


       ########################################         

iteration 24 with 184 examples

2019-05-04-11-36-20   >>>>   Start train ranking function

2019-05-04-11-36-20   >>>>   End train ranking function

train_ranking_functioning time = 6.590 ms


2019-05-04-11-36-20   >>>>   Start verify ranking function

[xr_0 = 1, xr_1 = 1/8]
ranking function : 0.0039 *  x[0]^2.0 *  x[1]^0.5

2019-05-04-11-36-20   >>>>   End verify ranking function

verifying time = 12.271 ms


Not Found Ranking Fcuntion

Conterexample is 

[1, 0.125]

sampling time = 0.402 ms


Failed to prove it is terminated

UNKNOWN
Time For Template 1 Is--->-506.436000 ms

------Using Template 2 -----------
9 [3, 3, 3]
*****************************************************

2019-05-04-11-36-20   >>>>   End sampling point

sampling time = 144.772 ms,


       ########################################         

iteration 0 with 272 examples

2019-05-04-11-36-20   >>>>   Start train ranking function

2019-05-04-11-36-20   >>>>   End train ranking function

train_ranking_functioning time = 1.432 ms


2019-05-04-11-36-20   >>>>   Start verify ranking function

[xr_1 = 1973/4, xr_0 = 0]
ranking function : 0.002 *  x[0]^1.0 + 0.9855 *  x[1]^1.0 + 0.6608 * 1; 0.9813 *  x[0]^1.0 + 0.3334 *  x[1]^1.0 + 0.9461 * 1; 0.3274 *  x[0]^1.0 + 0.0176 *  x[1]^1.0 + 0.9635 * 1

2019-05-04-11-36-20   >>>>   End verify ranking function

verifying time = 6.950 ms


Not Found Ranking Fcuntion

Conterexample is 

[0, 493.25]

sampling time = 2.037 ms


       ########################################         

iteration 1 with 276 examples

2019-05-04-11-36-20   >>>>   Start train ranking function

2019-05-04-11-36-20   >>>>   End train ranking function

train_ranking_functioning time = 5.411 ms


2019-05-04-11-36-20   >>>>   Start verify ranking function

[xr_1 = 9846, xr_0 = 0]
ranking function : 0.0001 *  x[0]^1.0 + 0.9855 *  x[1]^1.0 + 0.662 * 1; 0.9816 *  x[0]^1.0 + 0.334 *  x[1]^1.0 + 0.9461 * 1; 0.328 *  x[0]^1.0 + 0.0176 *  x[1]^1.0 + 0.9635 * 1

2019-05-04-11-36-20   >>>>   End verify ranking function

verifying time = 6.804 ms


Not Found Ranking Fcuntion

Conterexample is 

[0, 9846]

sampling time = 2.019 ms


       ########################################         

iteration 2 with 280 examples

2019-05-04-11-36-20   >>>>   Start train ranking function

2019-05-04-11-36-20   >>>>   End train ranking function

train_ranking_functioning time = 5.430 ms


2019-05-04-11-36-20   >>>>   Start verify ranking function

[xr_1 = -9992/39, xr_0 = 0]
ranking function : 0.9855 *  x[1]^1.0 + 0.6622 * 1; 0.9816 *  x[0]^1.0 + 0.3341 *  x[1]^1.0 + 0.9461 * 1; 0.3281 *  x[0]^1.0 + 0.0176 *  x[1]^1.0 + 0.9635 * 1

2019-05-04-11-36-20   >>>>   End verify ranking function

verifying time = 9.110 ms


Not Found Ranking Fcuntion

Conterexample is 

[0, -256.20512820512823]

sampling time = 2.023 ms


       ########################################         

iteration 3 with 284 examples

2019-05-04-11-36-20   >>>>   Start train ranking function

2019-05-04-11-36-20   >>>>   End train ranking function

train_ranking_functioning time = 6.429 ms


2019-05-04-11-36-20   >>>>   Start verify ranking function

[xr_1 = -4973/2, xr_0 = 0]
ranking function : 0.9855 *  x[1]^1.0 + 0.6635 * 1; 0.9851 *  x[0]^1.0 + 0.3317 *  x[1]^1.0 + 0.9631 * 1; 0.3318 *  x[0]^1.0 - 0.0001 *  x[1]^1.0 + 0.9631 * 1

2019-05-04-11-36-20   >>>>   End verify ranking function

verifying time = 9.229 ms


Not Found Ranking Fcuntion

Conterexample is 

[0, -2486.5]

sampling time = 2.036 ms


       ########################################         

iteration 4 with 288 examples

2019-05-04-11-36-20   >>>>   Start train ranking function

2019-05-04-11-36-20   >>>>   End train ranking function

train_ranking_functioning time = 6.583 ms


2019-05-04-11-36-20   >>>>   Start verify ranking function

[xr_1 = -9943, xr_0 = 0]
ranking function : 0.9855 *  x[1]^1.0 + 0.6635 * 1; 0.9854 *  x[0]^1.0 + 0.3317 *  x[1]^1.0 + 0.9631 * 1; 0.3318 *  x[0]^1.0 - 0.0001 *  x[1]^1.0 + 0.963 * 1

2019-05-04-11-36-20   >>>>   End verify ranking function

verifying time = 9.155 ms


Not Found Ranking Fcuntion

Conterexample is 

[0, -9943]

sampling time = 2.010 ms


       ########################################         

iteration 5 with 292 examples

2019-05-04-11-36-20   >>>>   Start train ranking function

2019-05-04-11-36-20   >>>>   End train ranking function

train_ranking_functioning time = 7.286 ms


2019-05-04-11-36-20   >>>>   Start verify ranking function

ranking function : 0.9855 *  x[1]^1.0 + 0.6634 * 1; 0.9855 *  x[0]^1.0 + 0.3317 *  x[1]^1.0 + 0.963 * 1; 0.3317 *  x[0]^1.0 - 0.0001 *  x[1]^1.0 + 0.963 * 1

2019-05-04-11-36-21   >>>>   End verify ranking function

verifying time = 14.843 ms


Not Found Ranking Fcuntion

Conterexample is 

[0, 19630]

sampling time = 2.104 ms


       ########################################         

iteration 6 with 296 examples

2019-05-04-11-36-21   >>>>   Start train ranking function

2019-05-04-11-36-21   >>>>   End train ranking function

train_ranking_functioning time = 7.314 ms


2019-05-04-11-36-21   >>>>   Start verify ranking function

valid ranking function
ranking function : 0.9855 *  x[1]^1.0 + 0.6634 * 1; 0.9855 *  x[0]^1.0 + 0.3317 *  x[1]^1.0 + 0.963 * 1; 0.3317 *  x[0]^1.0 + 0.963 * 1

2019-05-04-11-36-21   >>>>   End verify ranking function

verifying time = 11.846 ms


Found Ranking Fcuntion: 0.9855 *  x[1]^1.0 + 0.6634 * 1; 0.9855 *  x[0]^1.0 + 0.3317 *  x[1]^1.0 + 0.963 * 1; 0.3317 *  x[0]^1.0 + 0.963 * 1

0.9855 *  x[1]^1.0 + 0.6634 * 1; 0.9855 *  x[0]^1.0 + 0.3317 *  x[1]^1.0 + 0.963 * 1; 0.3317 *  x[0]^1.0 + 0.963 * 1
FINITE
Time For Template 2 Is--->-292.708000 ms

Time For ../Program_non/156.bpl Is ---> 1330.517000 ms

