------Using Template 0 -----------
3 [3]
*****************************************************

2019-05-04-11-36-21   >>>>   End sampling point

sampling time = 28.515 ms,


       ########################################         

iteration 0 with 64 examples

2019-05-04-11-36-21   >>>>   Start train ranking function

2019-05-04-11-36-21   >>>>   End train ranking function

train_ranking_functioning time = 0.751 ms


2019-05-04-11-36-21   >>>>   Start verify ranking function

[xr_1 = -2496, xr_0 = 6232512]
ranking function : 0.1998 *  x[0]^1.0 + 0.1001 *  x[1]^1.0 + 0.8846 * 1

2019-05-04-11-36-21   >>>>   End verify ranking function

verifying time = 12.082 ms


Not Found Ranking Fcuntion

Conterexample is 

[6232512, -2496]

sampling time = 0.757 ms


       ########################################         

iteration 1 with 66 examples

2019-05-04-11-36-21   >>>>   Start train ranking function

2019-05-04-11-36-21   >>>>   End train ranking function

train_ranking_functioning time = 0.839 ms


2019-05-04-11-36-21   >>>>   Start verify ranking function

[xr_1 = 9986, xr_0 = 99710210]
ranking function : 0.1999 *  x[0]^1.0 + 0.0999 *  x[1]^1.0 + 0.8846 * 1

2019-05-04-11-36-21   >>>>   End verify ranking function

verifying time = 11.959 ms


Not Found Ranking Fcuntion

Conterexample is 

[99710210, 9986]

sampling time = 0.708 ms


       ########################################         

iteration 2 with 68 examples

2019-05-04-11-36-21   >>>>   Start train ranking function

2019-05-04-11-36-21   >>>>   End train ranking function

train_ranking_functioning time = 1.781 ms


2019-05-04-11-36-21   >>>>   Start verify ranking function

[xr_1 = 9986, xr_0 = 99710210]
ranking function : 0.1999 *  x[0]^1.0 + 0.0999 *  x[1]^1.0 + 0.8846 * 1

2019-05-04-11-36-21   >>>>   End verify ranking function

verifying time = 11.888 ms


Not Found Ranking Fcuntion

Conterexample is 

[99710210, 9986]

sampling time = 0.703 ms


       ########################################         

iteration 3 with 70 examples

2019-05-04-11-36-21   >>>>   Start train ranking function

2019-05-04-11-36-21   >>>>   End train ranking function

train_ranking_functioning time = 1.786 ms


2019-05-04-11-36-21   >>>>   Start verify ranking function

[xr_1 = 9986, xr_0 = 99710210]
ranking function : 0.1999 *  x[0]^1.0 + 0.0999 *  x[1]^1.0 + 0.8846 * 1

2019-05-04-11-36-21   >>>>   End verify ranking function

verifying time = 11.972 ms


Not Found Ranking Fcuntion

Conterexample is 

[99710210, 9986]

sampling time = 0.706 ms


       ########################################         

iteration 4 with 72 examples

2019-05-04-11-36-21   >>>>   Start train ranking function

2019-05-04-11-36-21   >>>>   End train ranking function

train_ranking_functioning time = 1.746 ms


2019-05-04-11-36-21   >>>>   Start verify ranking function

[xr_1 = 9986, xr_0 = 99710210]
ranking function : 0.1999 *  x[0]^1.0 + 0.0999 *  x[1]^1.0 + 0.8846 * 1

2019-05-04-11-36-21   >>>>   End verify ranking function

verifying time = 11.869 ms


Not Found Ranking Fcuntion

Conterexample is 

[99710210, 9986]

sampling time = 0.741 ms


       ########################################         

iteration 5 with 74 examples

2019-05-04-11-36-21   >>>>   Start train ranking function

2019-05-04-11-36-21   >>>>   End train ranking function

train_ranking_functioning time = 1.746 ms


2019-05-04-11-36-21   >>>>   Start verify ranking function

[xr_1 = 9986, xr_0 = 99710210]
ranking function : 0.1999 *  x[0]^1.0 + 0.0999 *  x[1]^1.0 + 0.8846 * 1

2019-05-04-11-36-21   >>>>   End verify ranking function

verifying time = 11.950 ms


Not Found Ranking Fcuntion

Conterexample is 

[99710210, 9986]

sampling time = 0.709 ms


       ########################################         

iteration 6 with 76 examples

2019-05-04-11-36-21   >>>>   Start train ranking function

5
2019-05-04-11-36-21   >>>>   End train ranking function

train_ranking_functioning time = 1.718 ms


2019-05-04-11-36-21   >>>>   Start verify ranking function

[xr_1 = 9986, xr_0 = 99710210]
ranking function : 0.1999 *  x[0]^1.0 + 0.0999 *  x[1]^1.0 + 0.8846 * 1

2019-05-04-11-36-21   >>>>   End verify ranking function

verifying time = 11.855 ms


Not Found Ranking Fcuntion

Conterexample is 

[99710210, 9986]

sampling time = 0.764 ms


       ########################################         

iteration 7 with 78 examples

2019-05-04-11-36-21   >>>>   Start train ranking function

2019-05-04-11-36-21   >>>>   End train ranking function

train_ranking_functioning time = 1.813 ms


2019-05-04-11-36-21   >>>>   Start verify ranking function

[xr_1 = 0, xr_0 = 0]
ranking function : 1.0 * 1

2019-05-04-11-36-21   >>>>   End verify ranking function

verifying time = 6.819 ms


Not Found Ranking Fcuntion

Conterexample is 

[0, 0]

sampling time = 0.740 ms


       ########################################         

iteration 8 with 80 examples

2019-05-04-11-36-21   >>>>   Start train ranking function

2019-05-04-11-36-21   >>>>   End train ranking function

train_ranking_functioning time = 1.954 ms


2019-05-04-11-36-21   >>>>   Start verify ranking function

[xr_1 = 0, xr_0 = 0]
ranking function : 1.0 * 1

2019-05-04-11-36-21   >>>>   End verify ranking function

verifying time = 6.831 ms


Not Found Ranking Fcuntion

Conterexample is 

[0, 0]

sampling time = 0.765 ms


       ########################################         

iteration 9 with 82 examples

2019-05-04-11-36-21   >>>>   Start train ranking function

2019-05-04-11-36-21   >>>>   End train ranking function

train_ranking_functioning time = 1.838 ms


2019-05-04-11-36-21   >>>>   Start verify ranking function

[xr_1 = 0, xr_0 = 0]
ranking function : 1.0 * 1

2019-05-04-11-36-21   >>>>   End verify ranking function

verifying time = 6.755 ms


Not Found Ranking Fcuntion

Conterexample is 

[0, 0]

sampling time = 0.709 ms


       ########################################         

iteration 10 with 84 examples

2019-05-04-11-36-21   >>>>   Start train ranking function

2019-05-04-11-36-21   >>>>   End train ranking function

train_ranking_functioning time = 1.940 ms


2019-05-04-11-36-21   >>>>   Start verify ranking function

[xr_1 = 0, xr_0 = 0]
ranking function : 1.0 * 1

2019-05-04-11-36-21   >>>>   End verify ranking function

verifying time = 6.826 ms


Not Found Ranking Fcuntion

Conterexample is 

[0, 0]

sampling time = 0.700 ms


       ########################################         

iteration 11 with 86 examples

2019-05-04-11-36-21   >>>>   Start train ranking function

2019-05-04-11-36-21   >>>>   End train ranking function

train_ranking_functioning time = 2.070 ms


2019-05-04-11-36-21   >>>>   Start verify ranking function

[xr_1 = 0, xr_0 = 0]
ranking function : 1.0 * 1

2019-05-04-11-36-21   >>>>   End verify ranking function

verifying time = 6.789 ms


Not Found Ranking Fcuntion

Conterexample is 

[0, 0]

sampling time = 0.705 ms


       ########################################         

iteration 12 with 88 examples

2019-05-04-11-36-21   >>>>   Start train ranking function

5
2019-05-04-11-36-21   >>>>   End train ranking function

train_ranking_functioning time = 2.022 ms


2019-05-04-11-36-21   >>>>   Start verify ranking function

[xr_1 = 0, xr_0 = 0]
ranking function : 1.0 * 1

2019-05-04-11-36-21   >>>>   End verify ranking function

verifying time = 6.719 ms


Not Found Ranking Fcuntion

Conterexample is 

[0, 0]

sampling time = 0.694 ms


       ########################################         

iteration 13 with 90 examples

2019-05-04-11-36-21   >>>>   Start train ranking function

2019-05-04-11-36-21   >>>>   End train ranking function

train_ranking_functioning time = 2.181 ms


2019-05-04-11-36-21   >>>>   Start verify ranking function

valid ranking function
ranking function : 0.2 *  x[0]^1.0 + 0.1 *  x[1]^1.0 + 0.9 * 1

2019-05-04-11-36-21   >>>>   End verify ranking function

verifying time = 6.657 ms


Found Ranking Fcuntion: 0.2 *  x[0]^1.0 + 0.1 *  x[1]^1.0 + 0.9 * 1

0.2 *  x[0]^1.0 + 0.1 *  x[1]^1.0 + 0.9 * 1
FINATE
Time For Template 0 Is--->-222.720000 ms

Time For ../Program_non/157.bpl Is ---> 379.961000 ms

