------Using Template 0 -----------
3 [3]
*****************************************************

2019-05-04-11-36-22   >>>>   End sampling point

sampling time = 15.557 ms,


       ########################################         

iteration 0 with 6 examples

2019-05-04-11-36-22   >>>>   Start train ranking function

2019-05-04-11-36-22   >>>>   End train ranking function

train_ranking_functioning time = 0.435 ms


2019-05-04-11-36-22   >>>>   Start verify ranking function

valid ranking function
ranking function : 0.6582 *  x[0]^1.0 + 0.8101 *  x[1]^1.0 + 0.3291 * 1

2019-05-04-11-36-22   >>>>   End verify ranking function

verifying time = 13.493 ms


Found Ranking Fcuntion: 0.6582 *  x[0]^1.0 + 0.8101 *  x[1]^1.0 + 0.3291 * 1

0.6582 *  x[0]^1.0 + 0.8101 *  x[1]^1.0 + 0.3291 * 1
FINITE
Time For Template 0 Is--->-56.691000 ms

Time For ../Program_non/158.bpl Is ---> 208.482000 ms

