------Using Template 0 -----------
3 [3]
*****************************************************

2019-05-04-11-41-27   >>>>   End sampling point

sampling time = 15.592 ms,


       ########################################         

iteration 0 with 4 examples

2019-05-04-11-41-27   >>>>   Start train ranking function

2019-05-04-11-41-27   >>>>   End train ranking function

train_ranking_functioning time = 0.451 ms


2019-05-04-11-41-27   >>>>   Start verify ranking function

valid ranking function
ranking function : 0.6667 *  x[1]^1.0 + 0.6667 * 1

2019-05-04-11-41-27   >>>>   End verify ranking function

verifying time = 14.107 ms


Found Ranking Fcuntion: 0.6667 *  x[1]^1.0 + 0.6667 * 1

0.6667 *  x[1]^1.0 + 0.6667 * 1
FINATE
Time For Template 0 Is--->-60.466000 ms

Time For ../Program_non/160.bpl Is ---> 225.565000 ms

