------Using Template 0 -----------
4 [4]
*****************************************************

2019-05-04-11-41-28   >>>>   End sampling point

sampling time = 97.028 ms,


       ########################################         

iteration 0 with 184 examples

2019-05-04-11-41-28   >>>>   Start train ranking function

2019-05-04-11-41-28   >>>>   End train ranking function

train_ranking_functioning time = 0.830 ms


2019-05-04-11-41-28   >>>>   Start verify ranking function

[xr_0 = 281, xr_1 = -280, xr_2 = 1/8]
ranking function : 0.9817 *  x[0]^1.0 + 0.9852 *  x[1]^1.0 - 0.0118 *  x[2]^1.0 + 0.8285 * 1

2019-05-04-11-41-28   >>>>   End verify ranking function

verifying time = 16.957 ms


Not Found Ranking Fcuntion

Conterexample is 

[281, -280, 0.125]

sampling time = 1.012 ms


       ########################################         

iteration 1 with 186 examples

2019-05-04-11-41-28   >>>>   Start train ranking function

2019-05-04-11-41-28   >>>>   End train ranking function

train_ranking_functioning time = 3.870 ms


2019-05-04-11-41-28   >>>>   Start verify ranking function

[xr_0 = 9824, xr_1 = -9823, xr_2 = 1/8]
ranking function : 0.9844 *  x[0]^1.0 + 0.9845 *  x[1]^1.0 - 0.0109 *  x[2]^1.0 + 0.8256 * 1

2019-05-04-11-41-28   >>>>   End verify ranking function

verifying time = 16.659 ms


Not Found Ranking Fcuntion

Conterexample is 

[9824, -9823, 0.125]

sampling time = 1.019 ms


       ########################################         

iteration 2 with 188 examples

2019-05-04-11-41-28   >>>>   Start train ranking function

2019-05-04-11-41-28   >>>>   End train ranking function

train_ranking_functioning time = 3.904 ms


2019-05-04-11-41-28   >>>>   Start verify ranking function

ranking function : 0.9844 *  x[0]^1.0 + 0.9844 *  x[1]^1.0 - 0.0108 *  x[2]^1.0 + 0.8256 * 1

2019-05-04-11-41-28   >>>>   End verify ranking function

verifying time = 16.354 ms


Not Found Ranking Fcuntion

Conterexample is 

[0, 0, 169.03703703703704]

sampling time = 1.010 ms


       ########################################         

iteration 3 with 190 examples

2019-05-04-11-41-28   >>>>   Start train ranking function

2019-05-04-11-41-28   >>>>   End train ranking function

train_ranking_functioning time = 4.782 ms


2019-05-04-11-41-28   >>>>   Start verify ranking function

[xr_2 = 32, xr_0 = 0, xr_1 = 0]
ranking function : 0.99 *  x[0]^1.0 + 0.99 *  x[1]^1.0 + 0.001 *  x[2]^1.0 + 0.8195 * 1

2019-05-04-11-41-28   >>>>   End verify ranking function

verifying time = 14.883 ms


Not Found Ranking Fcuntion

Conterexample is 

[0, 0, 32]

sampling time = 1.008 ms


       ########################################         

iteration 4 with 192 examples

2019-05-04-11-41-28   >>>>   Start train ranking function

2019-05-04-11-41-28   >>>>   End train ranking function

train_ranking_functioning time = 4.695 ms


2019-05-04-11-41-28   >>>>   Start verify ranking function

[xr_2 = 16, xr_0 = 0, xr_1 = 0]
ranking function : 0.9921 *  x[0]^1.0 + 0.9921 *  x[1]^1.0 + 0.0045 *  x[2]^1.0 + 0.8225 * 1

2019-05-04-11-41-28   >>>>   End verify ranking function

verifying time = 15.179 ms


Not Found Ranking Fcuntion

Conterexample is 

[0, 0, 16]

sampling time = 1.004 ms


       ########################################         

iteration 5 with 194 examples

2019-05-04-11-41-28   >>>>   Start train ranking function

2019-05-04-11-41-28   >>>>   End train ranking function

train_ranking_functioning time = 4.381 ms


2019-05-04-11-41-28   >>>>   Start verify ranking function

[xr_0 = 9928, xr_1 = -9927, xr_2 = 1/8]
ranking function : 0.993 *  x[0]^1.0 + 0.9931 *  x[1]^1.0 + 0.0061 *  x[2]^1.0 + 0.8286 * 1

2019-05-04-11-41-28   >>>>   End verify ranking function

verifying time = 14.777 ms


Not Found Ranking Fcuntion

Conterexample is 

[9928, -9927, 0.125]

sampling time = 1.011 ms


       ########################################         

iteration 6 with 196 examples

2019-05-04-11-41-28   >>>>   Start train ranking function

2019-05-04-11-41-28   >>>>   End train ranking function

train_ranking_functioning time = 4.646 ms


2019-05-04-11-41-28   >>>>   Start verify ranking function

[xr_2 = 14, xr_0 = 0, xr_1 = 0]
ranking function : 0.9929 *  x[0]^1.0 + 0.9929 *  x[1]^1.0 + 0.0063 *  x[2]^1.0 + 0.8284 * 1

2019-05-04-11-41-28   >>>>   End verify ranking function

verifying time = 14.735 ms


Not Found Ranking Fcuntion

Conterexample is 

[0, 0, 14]

sampling time = 1.013 ms


       ########################################         

iteration 7 with 198 examples

2019-05-04-11-41-28   >>>>   Start train ranking function

2019-05-04-11-41-28   >>>>   End train ranking function

train_ranking_functioning time = 4.531 ms


2019-05-04-11-41-28   >>>>   Start verify ranking function

[xr_2 = 32, xr_0 = 0, xr_1 = 0]
ranking function : 0.99 *  x[0]^1.0 + 0.99 *  x[1]^1.0 + 0.001 *  x[2]^1.0 + 0.8872 * 1

2019-05-04-11-41-28   >>>>   End verify ranking function

verifying time = 14.933 ms


Not Found Ranking Fcuntion

Conterexample is 

[0, 0, 32]

sampling time = 1.060 ms


       ########################################         

iteration 8 with 200 examples

2019-05-04-11-41-28   >>>>   Start train ranking function

2019-05-04-11-41-28   >>>>   End train ranking function

train_ranking_functioning time = 4.517 ms


2019-05-04-11-41-28   >>>>   Start verify ranking function

[xr_0 = 9892, xr_1 = -9891, xr_2 = 1/8]
ranking function : 0.9899 *  x[0]^1.0 + 0.99 *  x[1]^1.0 + 0.001 *  x[2]^1.0 + 0.8946 * 1

2019-05-04-11-41-28   >>>>   End verify ranking function

verifying time = 16.284 ms


Not Found Ranking Fcuntion

Conterexample is 

[9892, -9891, 0.125]

sampling time = 1.023 ms


       ########################################         

iteration 9 with 202 examples

2019-05-04-11-41-28   >>>>   Start train ranking function

2019-05-04-11-41-28   >>>>   End train ranking function

train_ranking_functioning time = 4.693 ms


2019-05-04-11-41-28   >>>>   Start verify ranking function

[xr_0 = 9892, xr_1 = -9891, xr_2 = 1/8]
ranking function : 0.9899 *  x[0]^1.0 + 0.99 *  x[1]^1.0 + 0.0009 *  x[2]^1.0 + 0.8944 * 1

2019-05-04-11-41-28   >>>>   End verify ranking function

verifying time = 15.014 ms


Not Found Ranking Fcuntion

Conterexample is 

[9892, -9891, 0.125]

sampling time = 1.085 ms


       ########################################         

iteration 10 with 204 examples

2019-05-04-11-41-28   >>>>   Start train ranking function

2019-05-04-11-41-28   >>>>   End train ranking function

train_ranking_functioning time = 4.611 ms


2019-05-04-11-41-28   >>>>   Start verify ranking function

[xr_0 = 4947, xr_1 = -4946, xr_2 = 1/8]
ranking function : 0.99 *  x[0]^1.0 + 0.9902 *  x[1]^1.0 + 0.8905 * 1

2019-05-04-11-41-28   >>>>   End verify ranking function

verifying time = 14.524 ms


Not Found Ranking Fcuntion

Conterexample is 

[4947, -4946, 0.125]

sampling time = 1.059 ms


       ########################################         

iteration 11 with 206 examples

2019-05-04-11-41-28   >>>>   Start train ranking function

2019-05-04-11-41-28   >>>>   End train ranking function

train_ranking_functioning time = 4.866 ms


2019-05-04-11-41-28   >>>>   Start verify ranking function

[xr_0 = 3298, xr_1 = -3297, xr_2 = 1/8]
ranking function : 0.9898 *  x[0]^1.0 + 0.9901 *  x[1]^1.0 + 0.8948 * 1

2019-05-04-11-41-28   >>>>   End verify ranking function

verifying time = 14.741 ms


Not Found Ranking Fcuntion

Conterexample is 

[3298, -3297, 0.125]

sampling time = 1.387 ms


       ########################################         

iteration 12 with 208 examples

2019-05-04-11-41-28   >>>>   Start train ranking function

2019-05-04-11-41-28   >>>>   End train ranking function

train_ranking_functioning time = 4.893 ms


2019-05-04-11-41-28   >>>>   Start verify ranking function

[xr_0 = 4947, xr_1 = -4946, xr_2 = 1/8]
ranking function : 0.9899 *  x[0]^1.0 + 0.9901 *  x[1]^1.0 + 0.0009 *  x[2]^1.0 + 0.8944 * 1

2019-05-04-11-41-28   >>>>   End verify ranking function

verifying time = 14.957 ms


Not Found Ranking Fcuntion

Conterexample is 

[4947, -4946, 0.125]

sampling time = 1.013 ms


       ########################################         

iteration 13 with 210 examples

2019-05-04-11-41-28   >>>>   Start train ranking function

2019-05-04-11-41-28   >>>>   End train ranking function

train_ranking_functioning time = 5.770 ms


2019-05-04-11-41-28   >>>>   Start verify ranking function

[xr_2 = 42, xr_0 = 0, xr_1 = 0]
ranking function : 0.9897 *  x[0]^1.0 + 0.9897 *  x[1]^1.0 + 0.0006 *  x[2]^1.0 + 0.898 * 1

2019-05-04-11-41-28   >>>>   End verify ranking function

verifying time = 15.948 ms


Not Found Ranking Fcuntion

Conterexample is 

[0, 0, 42]

sampling time = 1.124 ms


       ########################################         

iteration 14 with 212 examples

2019-05-04-11-41-28   >>>>   Start train ranking function

2019-05-04-11-41-28   >>>>   End train ranking function

train_ranking_functioning time = 4.986 ms


2019-05-04-11-41-28   >>>>   Start verify ranking function

[xr_0 = 2474, xr_1 = -2473, xr_2 = 1/8]
ranking function : 0.9897 *  x[0]^1.0 + 0.9901 *  x[1]^1.0 + 0.0019 *  x[2]^1.0 + 0.8994 * 1

2019-05-04-11-41-28   >>>>   End verify ranking function

verifying time = 15.068 ms


Not Found Ranking Fcuntion

Conterexample is 

[2474, -2473, 0.125]

sampling time = 1.020 ms


       ########################################         

iteration 15 with 214 examples

2019-05-04-11-41-28   >>>>   Start train ranking function

2019-05-04-11-41-28   >>>>   End train ranking function

train_ranking_functioning time = 5.257 ms


2019-05-04-11-41-28   >>>>   Start verify ranking function

[xr_0 = 9891, xr_1 = -9890, xr_2 = 1/8]
ranking function : 0.9899 *  x[0]^1.0 + 0.99 *  x[1]^1.0 + 0.8996 * 1

2019-05-04-11-41-28   >>>>   End verify ranking function

verifying time = 14.945 ms


Not Found Ranking Fcuntion

Conterexample is 

[9891, -9890, 0.125]

sampling time = 1.087 ms


       ########################################         

iteration 16 with 216 examples

2019-05-04-11-41-28   >>>>   Start train ranking function

2019-05-04-11-41-28   >>>>   End train ranking function

train_ranking_functioning time = 5.002 ms


2019-05-04-11-41-28   >>>>   Start verify ranking function

[xr_0 = 9892, xr_1 = -9891, xr_2 = 1/8]
ranking function : 0.9899 *  x[0]^1.0 + 0.99 *  x[1]^1.0 + 0.0008 *  x[2]^1.0 + 0.9019 * 1

2019-05-04-11-41-28   >>>>   End verify ranking function

verifying time = 16.634 ms


Not Found Ranking Fcuntion

Conterexample is 

[9892, -9891, 0.125]

sampling time = 1.070 ms


       ########################################         

iteration 17 with 218 examples

2019-05-04-11-41-28   >>>>   Start train ranking function

2019-05-04-11-41-28   >>>>   End train ranking function

train_ranking_functioning time = 5.597 ms


2019-05-04-11-41-28   >>>>   Start verify ranking function

[xr_0 = 1, xr_1 = 9894, xr_2 = 1/8]
ranking function : 0.9901 *  x[0]^1.0 + 0.99 *  x[1]^1.0 + 0.0015 *  x[2]^1.0 + 0.8993 * 1

2019-05-04-11-41-28   >>>>   End verify ranking function

verifying time = 14.587 ms


Not Found Ranking Fcuntion

Conterexample is 

[1, 9894, 0.125]

sampling time = 1.016 ms


       ########################################         

iteration 18 with 220 examples

2019-05-04-11-41-28   >>>>   Start train ranking function

2019-05-04-11-41-28   >>>>   End train ranking function

train_ranking_functioning time = 5.601 ms


2019-05-04-11-41-28   >>>>   Start verify ranking function

[xr_2 = 32, xr_0 = 0, xr_1 = 0]
ranking function : 0.99 *  x[0]^1.0 + 0.99 *  x[1]^1.0 + 0.001 *  x[2]^1.0 + 0.8959 * 1

2019-05-04-11-41-28   >>>>   End verify ranking function

verifying time = 14.904 ms


Not Found Ranking Fcuntion

Conterexample is 

[0, 0, 32]

sampling time = 1.022 ms


       ########################################         

iteration 19 with 222 examples

2019-05-04-11-41-28   >>>>   Start train ranking function

2019-05-04-11-41-28   >>>>   End train ranking function

train_ranking_functioning time = 6.105 ms


2019-05-04-11-41-28   >>>>   Start verify ranking function

[xr_0 = 4945, xr_1 = -4944, xr_2 = 1/8]
ranking function : 0.9897 *  x[0]^1.0 + 0.9899 *  x[1]^1.0 + 0.0005 *  x[2]^1.0 + 0.9061 * 1

2019-05-04-11-41-28   >>>>   End verify ranking function

verifying time = 14.988 ms


Not Found Ranking Fcuntion

Conterexample is 

[4945, -4944, 0.125]

sampling time = 1.032 ms


       ########################################         

iteration 20 with 224 examples

2019-05-04-11-41-28   >>>>   Start train ranking function

2019-05-04-11-41-28   >>>>   End train ranking function

train_ranking_functioning time = 5.677 ms


2019-05-04-11-41-28   >>>>   Start verify ranking function

[xr_0 = 9890, xr_1 = -9889, xr_2 = 1/8]
ranking function : 0.9896 *  x[0]^1.0 + 0.9897 *  x[1]^1.0 + 0.0019 *  x[2]^1.0 + 0.9086 * 1

2019-05-04-11-41-28   >>>>   End verify ranking function

verifying time = 16.410 ms


Not Found Ranking Fcuntion

Conterexample is 

[9890, -9889, 0.125]

sampling time = 1.038 ms


       ########################################         

iteration 21 with 226 examples

2019-05-04-11-41-28   >>>>   Start train ranking function

2019-05-04-11-41-28   >>>>   End train ranking function

train_ranking_functioning time = 5.672 ms


2019-05-04-11-41-28   >>>>   Start verify ranking function

[xr_0 = 9891, xr_1 = -9890, xr_2 = 1/8]
ranking function : 0.9898 *  x[0]^1.0 + 0.9899 *  x[1]^1.0 + 0.0009 *  x[2]^1.0 + 0.9062 * 1

2019-05-04-11-41-28   >>>>   End verify ranking function

verifying time = 16.415 ms


Not Found Ranking Fcuntion

Conterexample is 

[9891, -9890, 0.125]

sampling time = 1.031 ms


       ########################################         

iteration 22 with 228 examples

2019-05-04-11-41-28   >>>>   Start train ranking function

2019-05-04-11-41-28   >>>>   End train ranking function

train_ranking_functioning time = 5.146 ms


2019-05-04-11-41-28   >>>>   Start verify ranking function

[xr_0 = 1, xr_1 = 9889, xr_2 = 1/8]
ranking function : 0.9897 *  x[0]^1.0 + 0.9896 *  x[1]^1.0 + 0.0007 *  x[2]^1.0 + 0.9062 * 1

2019-05-04-11-41-28   >>>>   End verify ranking function

verifying time = 14.514 ms


Not Found Ranking Fcuntion

Conterexample is 

[1, 9889, 0.125]

sampling time = 1.047 ms


       ########################################         

iteration 23 with 230 examples

2019-05-04-11-41-28   >>>>   Start train ranking function

2019-05-04-11-41-28   >>>>   End train ranking function

train_ranking_functioning time = 5.659 ms


2019-05-04-11-41-28   >>>>   Start verify ranking function

[xr_2 = 45, xr_0 = 0, xr_1 = 0]
ranking function : 0.9897 *  x[0]^1.0 + 0.9897 *  x[1]^1.0 + 0.0005 *  x[2]^1.0 + 0.9086 * 1

2019-05-04-11-41-28   >>>>   End verify ranking function

verifying time = 14.702 ms


Not Found Ranking Fcuntion

Conterexample is 

[0, 0, 45]

sampling time = 1.054 ms


       ########################################         

iteration 24 with 232 examples

2019-05-04-11-41-28   >>>>   Start train ranking function

2019-05-04-11-41-28   >>>>   End train ranking function

train_ranking_functioning time = 5.341 ms


2019-05-04-11-41-28   >>>>   Start verify ranking function

[xr_0 = 1, xr_1 = 1979, xr_2 = 1/8]
ranking function : 0.9899 *  x[0]^1.0 + 0.9894 *  x[1]^1.0 + 0.0004 *  x[2]^1.0 + 0.9119 * 1

2019-05-04-11-41-28   >>>>   End verify ranking function

verifying time = 14.490 ms


Not Found Ranking Fcuntion

Conterexample is 

[1, 1979, 0.125]

sampling time = 1.072 ms


Failed to prove it is terminated

UNKNOWN
Time For Template 0 Is--->-680.793000 ms

------Using Template 1 -----------
2 [2]
*****************************************************

2019-05-04-11-41-28   >>>>   End sampling point

sampling time = 61.932 ms,


       ########################################         

iteration 0 with 184 examples

2019-05-04-11-41-28   >>>>   Start train ranking function

2019-05-04-11-41-28   >>>>   End train ranking function

train_ranking_functioning time = 6.716 ms


2019-05-04-11-41-28   >>>>   Start verify ranking function

unexpected EOF while parsing (<string>, line 1)
ranking function : 0.9968 *  x[2]^-0.5 - 0.0015 *  x[0]^-3.0 *  x[1]^-0.5 *  x[2]^1.0

2019-05-04-11-41-29   >>>>   End verify ranking function

verifying time = 165.916 ms


UNKNOWN
Time For Template 1 Is--->-242.357000 ms

------Using Template 2 -----------
12 [4, 4, 4]
*****************************************************

2019-05-04-11-41-29   >>>>   End sampling point

sampling time = 275.091 ms,


       ########################################         

iteration 0 with 368 examples

2019-05-04-11-41-29   >>>>   Start train ranking function

2019-05-04-11-41-29   >>>>   End train ranking function

train_ranking_functioning time = 0.907 ms


2019-05-04-11-41-29   >>>>   Start verify ranking function

[xr_0 = 290, xr_1 = -289, xr_2 = 1/8]
ranking function : 0.9829 *  x[0]^1.0 + 0.9863 *  x[1]^1.0 - 0.0082 *  x[2]^1.0 + 0.5345 * 1; 0.4066 *  x[0]^1.0 + 0.2237 *  x[1]^1.0 + 0.0651 *  x[2]^1.0 + 0.5422 * 1; 0.3928 *  x[0]^1.0 + 0.2135 *  x[1]^1.0 - 0.006 *  x[2]^1.0 + 0.8716 * 1

2019-05-04-11-41-29   >>>>   End verify ranking function

verifying time = 15.223 ms


Not Found Ranking Fcuntion

Conterexample is 

[290, -289, 0.125]

sampling time = 2.973 ms


       ########################################         

iteration 1 with 372 examples

2019-05-04-11-41-29   >>>>   Start train ranking function

2019-05-04-11-41-29   >>>>   End train ranking function

train_ranking_functioning time = 4.191 ms


2019-05-04-11-41-29   >>>>   Start verify ranking function

[xr_0 = 9840, xr_1 = -9839, xr_2 = 1/8]
ranking function : 0.9856 *  x[0]^1.0 + 0.9857 *  x[1]^1.0 - 0.0071 *  x[2]^1.0 + 0.5332 * 1; 0.4072 *  x[0]^1.0 + 0.2224 *  x[1]^1.0 + 0.065 *  x[2]^1.0 + 0.5421 * 1; 0.3926 *  x[0]^1.0 + 0.2137 *  x[1]^1.0 - 0.0059 *  x[2]^1.0 + 0.8716 * 1

2019-05-04-11-41-29   >>>>   End verify ranking function

verifying time = 16.780 ms


Not Found Ranking Fcuntion

Conterexample is 

[9840, -9839, 0.125]

sampling time = 2.949 ms


       ########################################         

iteration 2 with 376 examples

2019-05-04-11-41-29   >>>>   Start train ranking function

2019-05-04-11-41-29   >>>>   End train ranking function

train_ranking_functioning time = 4.295 ms


2019-05-04-11-41-29   >>>>   Start verify ranking function

[xr_0 = 1, xr_1 = 9841, xr_2 = 1/8]
ranking function : 0.9857 *  x[0]^1.0 + 0.9856 *  x[1]^1.0 - 0.0071 *  x[2]^1.0 + 0.5332 * 1; 0.4073 *  x[0]^1.0 + 0.2224 *  x[1]^1.0 + 0.065 *  x[2]^1.0 + 0.5421 * 1; 0.3926 *  x[0]^1.0 + 0.2137 *  x[1]^1.0 - 0.0059 *  x[2]^1.0 + 0.8716 * 1

2019-05-04-11-41-29   >>>>   End verify ranking function

verifying time = 14.563 ms


Not Found Ranking Fcuntion

Conterexample is 

[1, 9841, 0.125]

sampling time = 2.912 ms


       ########################################         

iteration 3 with 380 examples

2019-05-04-11-41-29   >>>>   Start train ranking function

2019-05-04-11-41-29   >>>>   End train ranking function

train_ranking_functioning time = 4.303 ms


2019-05-04-11-41-29   >>>>   Start verify ranking function

[xr_0 = 1, xr_1 = 9841, xr_2 = 1/8]
ranking function : 0.9857 *  x[0]^1.0 + 0.9856 *  x[1]^1.0 - 0.0071 *  x[2]^1.0 + 0.5332 * 1; 0.4073 *  x[0]^1.0 + 0.2224 *  x[1]^1.0 + 0.065 *  x[2]^1.0 + 0.5421 * 1; 0.3926 *  x[0]^1.0 + 0.2137 *  x[1]^1.0 - 0.0059 *  x[2]^1.0 + 0.8716 * 1

2019-05-04-11-41-29   >>>>   End verify ranking function

verifying time = 15.016 ms


Not Found Ranking Fcuntion

Conterexample is 

[1, 9841, 0.125]

sampling time = 3.029 ms


       ########################################         

iteration 4 with 384 examples

2019-05-04-11-41-29   >>>>   Start train ranking function

2019-05-04-11-41-29   >>>>   End train ranking function

train_ranking_functioning time = 4.224 ms


2019-05-04-11-41-29   >>>>   Start verify ranking function

[xr_0 = 1, xr_1 = 9841, xr_2 = 1/8]
ranking function : 0.9857 *  x[0]^1.0 + 0.9856 *  x[1]^1.0 - 0.0071 *  x[2]^1.0 + 0.5332 * 1; 0.4073 *  x[0]^1.0 + 0.2224 *  x[1]^1.0 + 0.065 *  x[2]^1.0 + 0.5421 * 1; 0.3926 *  x[0]^1.0 + 0.2137 *  x[1]^1.0 - 0.0059 *  x[2]^1.0 + 0.8716 * 1

2019-05-04-11-41-29   >>>>   End verify ranking function

verifying time = 15.121 ms


Not Found Ranking Fcuntion

Conterexample is 

[1, 9841, 0.125]

sampling time = 2.955 ms


       ########################################         

iteration 5 with 388 examples

2019-05-04-11-41-29   >>>>   Start train ranking function

2019-05-04-11-41-29   >>>>   End train ranking function

train_ranking_functioning time = 4.333 ms


2019-05-04-11-41-29   >>>>   Start verify ranking function

[xr_0 = 1, xr_1 = 9841, xr_2 = 1/8]
ranking function : 0.9857 *  x[0]^1.0 + 0.9856 *  x[1]^1.0 - 0.0071 *  x[2]^1.0 + 0.5332 * 1; 0.4073 *  x[0]^1.0 + 0.2224 *  x[1]^1.0 + 0.065 *  x[2]^1.0 + 0.5421 * 1; 0.3926 *  x[0]^1.0 + 0.2137 *  x[1]^1.0 - 0.0059 *  x[2]^1.0 + 0.8716 * 1

2019-05-04-11-41-29   >>>>   End verify ranking function

verifying time = 14.984 ms


Not Found Ranking Fcuntion

Conterexample is 

[1, 9841, 0.125]

sampling time = 2.951 ms


       ########################################         

iteration 6 with 392 examples

2019-05-04-11-41-29   >>>>   Start train ranking function

2019-05-04-11-41-29   >>>>   End train ranking function

train_ranking_functioning time = 4.890 ms


2019-05-04-11-41-29   >>>>   Start verify ranking function

[xr_0 = 1, xr_1 = 9841, xr_2 = 1/8]
ranking function : 0.9857 *  x[0]^1.0 + 0.9856 *  x[1]^1.0 - 0.0071 *  x[2]^1.0 + 0.5332 * 1; 0.4073 *  x[0]^1.0 + 0.2224 *  x[1]^1.0 + 0.065 *  x[2]^1.0 + 0.5421 * 1; 0.3926 *  x[0]^1.0 + 0.2137 *  x[1]^1.0 - 0.0059 *  x[2]^1.0 + 0.8716 * 1

2019-05-04-11-41-29   >>>>   End verify ranking function

verifying time = 14.679 ms


Not Found Ranking Fcuntion

Conterexample is 

[1, 9841, 0.125]

sampling time = 2.981 ms


       ########################################         

iteration 7 with 396 examples

2019-05-04-11-41-29   >>>>   Start train ranking function

5
2019-05-04-11-41-29   >>>>   End train ranking function

train_ranking_functioning time = 4.336 ms


2019-05-04-11-41-29   >>>>   Start verify ranking function

[xr_0 = 1, xr_1 = 9841, xr_2 = 1/8]
ranking function : 0.9857 *  x[0]^1.0 + 0.9856 *  x[1]^1.0 - 0.0071 *  x[2]^1.0 + 0.5332 * 1; 0.4073 *  x[0]^1.0 + 0.2224 *  x[1]^1.0 + 0.065 *  x[2]^1.0 + 0.5421 * 1; 0.3926 *  x[0]^1.0 + 0.2137 *  x[1]^1.0 - 0.0059 *  x[2]^1.0 + 0.8716 * 1

2019-05-04-11-41-29   >>>>   End verify ranking function

verifying time = 14.997 ms


Not Found Ranking Fcuntion

Conterexample is 

[1, 9841, 0.125]

sampling time = 2.961 ms


       ########################################         

iteration 8 with 400 examples

2019-05-04-11-41-29   >>>>   Start train ranking function

2019-05-04-11-41-29   >>>>   End train ranking function

train_ranking_functioning time = 5.869 ms


2019-05-04-11-41-29   >>>>   Start verify ranking function

valid ranking function
ranking function : 1.0 *  x[0]^1.0 + 1.0 *  x[1]^1.0 + 1.0 * 1; 1.0 * 1; 1.0 * 1

2019-05-04-11-41-29   >>>>   End verify ranking function

verifying time = 15.882 ms


Found Ranking Fcuntion: 1.0 *  x[0]^1.0 + 1.0 *  x[1]^1.0 + 1.0 * 1; 1.0 * 1; 1.0 * 1

1.0 *  x[0]^1.0 + 1.0 *  x[1]^1.0 + 1.0 * 1; 1.0 * 1; 1.0 * 1
FINITE
Time For Template 2 Is--->-518.915000 ms

Time For ../Program_non/161.bpl Is ---> 1601.667000 ms

