------Using Template 0 -----------
4 [4]
*****************************************************

2019-05-04-11-46-30   >>>>   End sampling point

sampling time = 9.913 ms,


       ########################################         

iteration 0 with 4 examples

2019-05-04-11-46-30   >>>>   Start train ranking function

2019-05-04-11-46-30   >>>>   End train ranking function

train_ranking_functioning time = 0.419 ms


2019-05-04-11-46-30   >>>>   Start verify ranking function

valid ranking function
ranking function : 0.1898 *  x[0]^1.0 + 0.1995 *  x[1]^1.0 + 0.073 *  x[2]^1.0 + 0.691 * 1

2019-05-04-11-46-30   >>>>   End verify ranking function

verifying time = 8.704 ms


Found Ranking Fcuntion: 0.1898 *  x[0]^1.0 + 0.1995 *  x[1]^1.0 + 0.073 *  x[2]^1.0 + 0.691 * 1

0.1898 *  x[0]^1.0 + 0.1995 *  x[1]^1.0 + 0.073 *  x[2]^1.0 + 0.691 * 1
FINATE
Time For Template 0 Is--->-41.953000 ms

Time For ../Program_non/163.bpl Is ---> 206.091000 ms

