------Using Template 0 -----------
4 [4]
*****************************************************

2019-05-04-11-46-30   >>>>   End sampling point

sampling time = 10.544 ms,


       ########################################         

iteration 0 with 6 examples

2019-05-04-11-46-30   >>>>   Start train ranking function

2019-05-04-11-46-30   >>>>   End train ranking function

train_ranking_functioning time = 0.435 ms


2019-05-04-11-46-30   >>>>   Start verify ranking function

ranking function :  - 0.6467 *  x[0]^1.0 - 0.1302 *  x[1]^1.0 + 0.7456 *  x[2]^1.0 + 0.8781 * 1

2019-05-04-11-46-30   >>>>   End verify ranking function

verifying time = 8.929 ms


Not Found Ranking Fcuntion

Conterexample is 

[3.855729086129581, 1, 1]

sampling time = 1.019 ms


       ########################################         

iteration 1 with 8 examples

2019-05-04-11-46-30   >>>>   Start train ranking function

2019-05-04-11-46-30   >>>>   End train ranking function

train_ranking_functioning time = 0.332 ms


2019-05-04-11-46-30   >>>>   Start verify ranking function

ranking function :  - 0.1235 *  x[0]^1.0 - 0.4464 *  x[1]^1.0 + 0.6849 *  x[2]^1.0 + 0.895 * 1

2019-05-04-11-46-30   >>>>   End verify ranking function

verifying time = 8.709 ms


Not Found Ranking Fcuntion

Conterexample is 

[17.275303643724698, 1, 1]

sampling time = 0.996 ms


       ########################################         

iteration 2 with 10 examples

2019-05-04-11-46-30   >>>>   Start train ranking function

2019-05-04-11-46-30   >>>>   End train ranking function

train_ranking_functioning time = 0.366 ms


2019-05-04-11-46-30   >>>>   Start verify ranking function

valid ranking function
ranking function : 0.0012 *  x[0]^1.0 - 0.5296 *  x[1]^1.0 + 0.5956 *  x[2]^1.0 + 0.8521 * 1

2019-05-04-11-46-31   >>>>   End verify ranking function

verifying time = 8.246 ms


Found Ranking Fcuntion: 0.0012 *  x[0]^1.0 - 0.5296 *  x[1]^1.0 + 0.5956 *  x[2]^1.0 + 0.8521 * 1

0.0012 *  x[0]^1.0 - 0.5296 *  x[1]^1.0 + 0.5956 *  x[2]^1.0 + 0.8521 * 1
FINITE
Time For Template 0 Is--->-61.845000 ms

Time For ../Program_non/164.bpl Is ---> 230.965000 ms

