------Using Template 0 -----------
3 [3]
*****************************************************

2019-05-04-11-46-31   >>>>   End sampling point

sampling time = 19.066 ms,


       ########################################         

iteration 0 with 36 examples

2019-05-04-11-46-31   >>>>   Start train ranking function

2019-05-04-11-46-31   >>>>   End train ranking function

train_ranking_functioning time = 0.445 ms


2019-05-04-11-46-31   >>>>   Start verify ranking function

valid ranking function
ranking function : 0.9091 *  x[0]^1.0 + 0.6667 * 1

2019-05-04-11-46-31   >>>>   End verify ranking function

verifying time = 6.436 ms


Found Ranking Fcuntion: 0.9091 *  x[0]^1.0 + 0.6667 * 1

0.9091 *  x[0]^1.0 + 0.6667 * 1
FINATE
Time For Template 0 Is--->-43.428000 ms

Time For ../Program_non/165.bpl Is ---> 212.285000 ms

