------Using Template 0 -----------
4 [4]
*****************************************************

2019-05-04-11-46-32   >>>>   End sampling point

sampling time = 12.605 ms,


       ########################################         

iteration 0 with 4 examples

2019-05-04-11-46-32   >>>>   Start train ranking function

2019-05-04-11-46-32   >>>>   End train ranking function

train_ranking_functioning time = 0.422 ms


2019-05-04-11-46-32   >>>>   Start verify ranking function

[xr_1 = 341/10000, xr_2 = 10, xr_0 = 341/10000]
ranking function : 0.6678 *  x[0]^1.0 - 0.0331 *  x[1]^1.0 + 0.6667 * 1

2019-05-04-11-46-32   >>>>   End verify ranking function

verifying time = 9.450 ms


Not Found Ranking Fcuntion

Conterexample is 

[0.0341, 0.0341, 10]

sampling time = 1.027 ms


       ########################################         

iteration 1 with 6 examples

2019-05-04-11-46-32   >>>>   Start train ranking function

2019-05-04-11-46-32   >>>>   End train ranking function

train_ranking_functioning time = 0.307 ms


2019-05-04-11-46-32   >>>>   Start verify ranking function

[xr_1 = 173/10000, xr_2 = 10, xr_0 = 173/10000]
ranking function : 0.735 *  x[0]^1.0 - 0.0163 *  x[1]^1.0 + 0.0306 *  x[2]^1.0 + 0.6677 * 1

2019-05-04-11-46-32   >>>>   End verify ranking function

verifying time = 9.295 ms


Not Found Ranking Fcuntion

Conterexample is 

[0.0173, 0.0173, 10]

sampling time = 1.060 ms


       ########################################         

iteration 2 with 8 examples

2019-05-04-11-46-32   >>>>   Start train ranking function

2019-05-04-11-46-32   >>>>   End train ranking function

train_ranking_functioning time = 0.335 ms


2019-05-04-11-46-32   >>>>   Start verify ranking function

[xr_1 = 1/1000, xr_2 = 10, xr_0 = 1/1000]
ranking function : 0.8 *  x[0]^1.0 + 0.0317 *  x[2]^1.0 + 0.6677 * 1

2019-05-04-11-46-32   >>>>   End verify ranking function

verifying time = 9.136 ms


Not Found Ranking Fcuntion

Conterexample is 

[0.001, 0.001, 10]

sampling time = 1.035 ms


       ########################################         

iteration 3 with 10 examples

2019-05-04-11-46-32   >>>>   Start train ranking function

2019-05-04-11-46-32   >>>>   End train ranking function

train_ranking_functioning time = 0.320 ms


2019-05-04-11-46-32   >>>>   Start verify ranking function

valid ranking function
ranking function : 0.863 *  x[0]^1.0 + 0.0158 *  x[1]^1.0 + 0.033 *  x[2]^1.0 + 0.6678 * 1

2019-05-04-11-46-32   >>>>   End verify ranking function

verifying time = 9.234 ms


Found Ranking Fcuntion: 0.863 *  x[0]^1.0 + 0.0158 *  x[1]^1.0 + 0.033 *  x[2]^1.0 + 0.6678 * 1

0.863 *  x[0]^1.0 + 0.0158 *  x[1]^1.0 + 0.033 *  x[2]^1.0 + 0.6678 * 1
FINATE
Time For Template 0 Is--->-88.128000 ms

Time For ../Program_non/166.bpl Is ---> 238.378000 ms

