------Using Template 0 -----------
3 [3]
*****************************************************

2019-05-04-11-46-32   >>>>   End sampling point

sampling time = 11.894 ms,


       ########################################         

iteration 0 with 12 examples

2019-05-04-11-46-32   >>>>   Start train ranking function

2019-05-04-11-46-32   >>>>   End train ranking function

train_ranking_functioning time = 0.429 ms


2019-05-04-11-46-32   >>>>   Start verify ranking function

valid ranking function
ranking function : 1.0975 *  x[1]^1.0 + 0.7561 * 1

2019-05-04-11-46-32   >>>>   End verify ranking function

verifying time = 12.739 ms


Found Ranking Fcuntion: 1.0975 *  x[1]^1.0 + 0.7561 * 1

1.0975 *  x[1]^1.0 + 0.7561 * 1
FINATE
Time For Template 0 Is--->-43.220000 ms

Time For ../Program_non/167.bpl Is ---> 195.285000 ms

