------Using Template 0 -----------
3 [3]
*****************************************************

2019-05-04-11-46-33   >>>>   End sampling point

sampling time = 47.403 ms,


       ########################################         

iteration 0 with 114 examples

2019-05-04-11-46-33   >>>>   Start train ranking function

2019-05-04-11-46-33   >>>>   End train ranking function

train_ranking_functioning time = 0.495 ms


2019-05-04-11-46-33   >>>>   Start verify ranking function

valid ranking function
ranking function : 0.9333 *  x[0]^1.0 + 0.8 * 1

2019-05-04-11-46-33   >>>>   End verify ranking function

verifying time = 7.373 ms


Found Ranking Fcuntion: 0.9333 *  x[0]^1.0 + 0.8 * 1

0.9333 *  x[0]^1.0 + 0.8 * 1
FINITE
Time For Template 0 Is--->-73.786000 ms

Time For ../Program_non/168.bpl Is ---> 226.547000 ms

