------Using Template 0 -----------
2 [2]
*****************************************************

2019-05-04-11-46-34   >>>>   End sampling point

sampling time = 49.788 ms,


       ########################################         

iteration 0 with 204 examples

2019-05-04-11-46-34   >>>>   Start train ranking function

2019-05-04-11-46-34   >>>>   End train ranking function

train_ranking_functioning time = 7.924 ms


2019-05-04-11-46-34   >>>>   Start verify ranking function

[xi_0 = 1]
ranking function : 1.0 * 1

2019-05-04-11-46-34   >>>>   End verify ranking function

verifying time = 6.828 ms


Not Found Ranking Fcuntion

Conterexample is 

[1]

sampling time = 0.458 ms


       ########################################         

iteration 1 with 206 examples

2019-05-04-11-46-34   >>>>   Start train ranking function

2019-05-04-11-46-34   >>>>   End train ranking function

train_ranking_functioning time = 7.861 ms


2019-05-04-11-46-34   >>>>   Start verify ranking function

[xi_0 = 1]
ranking function : 1.0 * 1

2019-05-04-11-46-34   >>>>   End verify ranking function

verifying time = 6.733 ms


Not Found Ranking Fcuntion

Conterexample is 

[1]

sampling time = 0.454 ms


       ########################################         

iteration 2 with 208 examples

2019-05-04-11-46-34   >>>>   Start train ranking function

2019-05-04-11-46-34   >>>>   End train ranking function

train_ranking_functioning time = 7.936 ms


2019-05-04-11-46-34   >>>>   Start verify ranking function

[xi_0 = 1]
ranking function : 1.0 * 1

2019-05-04-11-46-34   >>>>   End verify ranking function

verifying time = 6.686 ms


Not Found Ranking Fcuntion

Conterexample is 

[1]

sampling time = 0.453 ms


       ########################################         

iteration 3 with 210 examples

2019-05-04-11-46-34   >>>>   Start train ranking function

2019-05-04-11-46-34   >>>>   End train ranking function

train_ranking_functioning time = 8.010 ms


2019-05-04-11-46-34   >>>>   Start verify ranking function

[xi_0 = 1]
ranking function : 1.0 * 1

2019-05-04-11-46-34   >>>>   End verify ranking function

verifying time = 6.772 ms


Not Found Ranking Fcuntion

Conterexample is 

[1]

sampling time = 0.452 ms


       ########################################         

iteration 4 with 212 examples

2019-05-04-11-46-34   >>>>   Start train ranking function

2019-05-04-11-46-34   >>>>   End train ranking function

train_ranking_functioning time = 8.116 ms


2019-05-04-11-46-34   >>>>   Start verify ranking function

[xi_0 = 1]
ranking function : 1.0 * 1

2019-05-04-11-46-34   >>>>   End verify ranking function

verifying time = 6.731 ms


Not Found Ranking Fcuntion

Conterexample is 

[1]

sampling time = 0.462 ms


       ########################################         

iteration 5 with 214 examples

2019-05-04-11-46-34   >>>>   Start train ranking function

5
2019-05-04-11-46-34   >>>>   End train ranking function

train_ranking_functioning time = 8.143 ms


2019-05-04-11-46-34   >>>>   Start verify ranking function

[xi_0 = 1]
ranking function : 1.0 * 1

2019-05-04-11-46-34   >>>>   End verify ranking function

verifying time = 6.638 ms


Not Found Ranking Fcuntion

Conterexample is 

[1]

sampling time = 0.460 ms


       ########################################         

iteration 6 with 216 examples

2019-05-04-11-46-34   >>>>   Start train ranking function

2019-05-04-11-46-34   >>>>   End train ranking function

train_ranking_functioning time = 8.117 ms


2019-05-04-11-46-34   >>>>   Start verify ranking function

[xi_0 = 1]
ranking function : 1.0 * 1

2019-05-04-11-46-34   >>>>   End verify ranking function

verifying time = 6.772 ms


Not Found Ranking Fcuntion

Conterexample is 

[1]

sampling time = 0.452 ms


       ########################################         

iteration 7 with 218 examples

2019-05-04-11-46-34   >>>>   Start train ranking function

2019-05-04-11-46-34   >>>>   End train ranking function

train_ranking_functioning time = 8.249 ms


2019-05-04-11-46-34   >>>>   Start verify ranking function

[xi_0 = 1]
ranking function : 1.0 * 1

2019-05-04-11-46-34   >>>>   End verify ranking function

verifying time = 6.689 ms


Not Found Ranking Fcuntion

Conterexample is 

[1]

sampling time = 0.461 ms


       ########################################         

iteration 8 with 220 examples

2019-05-04-11-46-34   >>>>   Start train ranking function

2019-05-04-11-46-34   >>>>   End train ranking function

train_ranking_functioning time = 8.314 ms


2019-05-04-11-46-34   >>>>   Start verify ranking function

[xi_0 = 1]
ranking function : 1.0 * 1

2019-05-04-11-46-34   >>>>   End verify ranking function

verifying time = 6.760 ms


Not Found Ranking Fcuntion

Conterexample is 

[1]

sampling time = 0.459 ms


       ########################################         

iteration 9 with 222 examples

2019-05-04-11-46-34   >>>>   Start train ranking function

2019-05-04-11-46-34   >>>>   End train ranking function

train_ranking_functioning time = 8.350 ms


2019-05-04-11-46-34   >>>>   Start verify ranking function

[xi_0 = 1]
ranking function : 1.0 * 1

2019-05-04-11-46-34   >>>>   End verify ranking function

verifying time = 6.756 ms


Not Found Ranking Fcuntion

Conterexample is 

[1]

sampling time = 0.452 ms


       ########################################         

iteration 10 with 224 examples

2019-05-04-11-46-34   >>>>   Start train ranking function

5
2019-05-04-11-46-34   >>>>   End train ranking function

train_ranking_functioning time = 8.446 ms


2019-05-04-11-46-34   >>>>   Start verify ranking function

[xi_0 = 1]
ranking function : 1.0 * 1

2019-05-04-11-46-34   >>>>   End verify ranking function

verifying time = 6.679 ms


Not Found Ranking Fcuntion

Conterexample is 

[1]

sampling time = 0.459 ms


       ########################################         

iteration 11 with 226 examples

2019-05-04-11-46-34   >>>>   Start train ranking function

2019-05-04-11-46-34   >>>>   End train ranking function

train_ranking_functioning time = 8.678 ms


2019-05-04-11-46-34   >>>>   Start verify ranking function

[xi_0 = -1]
ranking function : 0.0002 *  x[0]^1.0 + 0.9927 * 1

2019-05-04-11-46-34   >>>>   End verify ranking function

verifying time = 6.829 ms


Not Found Ranking Fcuntion

Conterexample is 

[-1]

sampling time = 0.452 ms


       ########################################         

iteration 12 with 228 examples

2019-05-04-11-46-34   >>>>   Start train ranking function

2019-05-04-11-46-34   >>>>   End train ranking function

train_ranking_functioning time = 8.651 ms


2019-05-04-11-46-34   >>>>   Start verify ranking function

[xi_0 = 1]
ranking function :  - 0.011 *  x[0]^1.0 + 0.9935 * 1

2019-05-04-11-46-34   >>>>   End verify ranking function

verifying time = 6.933 ms


Not Found Ranking Fcuntion

Conterexample is 

[1]

sampling time = 0.458 ms


       ########################################         

iteration 13 with 230 examples

2019-05-04-11-46-34   >>>>   Start train ranking function

2019-05-04-11-46-34   >>>>   End train ranking function

train_ranking_functioning time = 8.726 ms


2019-05-04-11-46-34   >>>>   Start verify ranking function

[xi_0 = -1]
ranking function : 0.0004 *  x[0]^1.0 + 1.0123 * 1

2019-05-04-11-46-34   >>>>   End verify ranking function

verifying time = 6.849 ms


Not Found Ranking Fcuntion

Conterexample is 

[-1]

sampling time = 0.458 ms


       ########################################         

iteration 14 with 232 examples

2019-05-04-11-46-34   >>>>   Start train ranking function

2019-05-04-11-46-34   >>>>   End train ranking function

train_ranking_functioning time = 8.745 ms


2019-05-04-11-46-34   >>>>   Start verify ranking function

[xi_0 = -1]
ranking function : 0.0003 *  x[0]^1.0 + 0.9887 * 1

2019-05-04-11-46-34   >>>>   End verify ranking function

verifying time = 6.793 ms


Not Found Ranking Fcuntion

Conterexample is 

[-1]

sampling time = 0.459 ms


       ########################################         

iteration 15 with 234 examples

2019-05-04-11-46-34   >>>>   Start train ranking function

2019-05-04-11-46-34   >>>>   End train ranking function

train_ranking_functioning time = 8.882 ms


2019-05-04-11-46-34   >>>>   Start verify ranking function

[xi_0 = -1]
ranking function :  - 0.0001 *  x[0]^1.0 + 0.9971 * 1

2019-05-04-11-46-34   >>>>   End verify ranking function

verifying time = 7.379 ms


Not Found Ranking Fcuntion

Conterexample is 

[-1]

sampling time = 0.485 ms


       ########################################         

iteration 16 with 236 examples

2019-05-04-11-46-34   >>>>   Start train ranking function

2019-05-04-11-46-34   >>>>   End train ranking function

train_ranking_functioning time = 9.487 ms


2019-05-04-11-46-34   >>>>   Start verify ranking function

[xi_0 = -1]
ranking function : 0.0098 *  x[0]^1.0 + 0.9984 * 1

2019-05-04-11-46-34   >>>>   End verify ranking function

verifying time = 7.189 ms


Not Found Ranking Fcuntion

Conterexample is 

[-1]

sampling time = 0.453 ms


       ########################################         

iteration 17 with 238 examples

2019-05-04-11-46-34   >>>>   Start train ranking function

2019-05-04-11-46-34   >>>>   End train ranking function

train_ranking_functioning time = 9.218 ms


2019-05-04-11-46-34   >>>>   Start verify ranking function

[xi_0 = 1]
ranking function :  - 0.0042 *  x[0]^1.0 + 1.0044 * 1

2019-05-04-11-46-34   >>>>   End verify ranking function

verifying time = 6.990 ms


Not Found Ranking Fcuntion

Conterexample is 

[1]

sampling time = 0.450 ms


       ########################################         

iteration 18 with 240 examples

2019-05-04-11-46-34   >>>>   Start train ranking function

2019-05-04-11-46-34   >>>>   End train ranking function

train_ranking_functioning time = 9.262 ms


2019-05-04-11-46-34   >>>>   Start verify ranking function

[xi_0 = 1]
ranking function :  - 0.0011 *  x[0]^1.0 + 1.0052 * 1

2019-05-04-11-46-34   >>>>   End verify ranking function

verifying time = 7.123 ms


Not Found Ranking Fcuntion

Conterexample is 

[1]

sampling time = 0.447 ms


       ########################################         

iteration 19 with 242 examples

2019-05-04-11-46-34   >>>>   Start train ranking function

2019-05-04-11-46-34   >>>>   End train ranking function

train_ranking_functioning time = 9.108 ms


2019-05-04-11-46-34   >>>>   Start verify ranking function

[xi_0 = 1]
ranking function :  - 0.0107 *  x[0]^1.0 + 1.0016 * 1

2019-05-04-11-46-34   >>>>   End verify ranking function

verifying time = 6.843 ms


Not Found Ranking Fcuntion

Conterexample is 

[1]

sampling time = 0.457 ms


       ########################################         

iteration 20 with 244 examples

2019-05-04-11-46-34   >>>>   Start train ranking function

2019-05-04-11-46-34   >>>>   End train ranking function

train_ranking_functioning time = 9.156 ms


2019-05-04-11-46-34   >>>>   Start verify ranking function

[xi_0 = -1]
ranking function : 0.0066 *  x[0]^1.0 + 0.996 * 1

2019-05-04-11-46-34   >>>>   End verify ranking function

verifying time = 6.815 ms


Not Found Ranking Fcuntion

Conterexample is 

[-1]

sampling time = 0.463 ms


       ########################################         

iteration 21 with 246 examples

2019-05-04-11-46-34   >>>>   Start train ranking function

2019-05-04-11-46-34   >>>>   End train ranking function

train_ranking_functioning time = 9.267 ms


2019-05-04-11-46-34   >>>>   Start verify ranking function

[xi_0 = -1]
ranking function : 0.0003 *  x[0]^1.0 + 0.9984 * 1

2019-05-04-11-46-34   >>>>   End verify ranking function

verifying time = 6.841 ms


Not Found Ranking Fcuntion

Conterexample is 

[-1]

sampling time = 0.455 ms


       ########################################         

iteration 22 with 248 examples

2019-05-04-11-46-34   >>>>   Start train ranking function

2019-05-04-11-46-34   >>>>   End train ranking function

train_ranking_functioning time = 9.446 ms


2019-05-04-11-46-34   >>>>   Start verify ranking function

[xi_0 = -1]
ranking function : 0.0109 *  x[0]^1.0 + 0.9964 * 1

2019-05-04-11-46-34   >>>>   End verify ranking function

verifying time = 6.912 ms


Not Found Ranking Fcuntion

Conterexample is 

[-1]

sampling time = 0.470 ms


       ########################################         

iteration 23 with 250 examples

2019-05-04-11-46-34   >>>>   Start train ranking function

2019-05-04-11-46-34   >>>>   End train ranking function

train_ranking_functioning time = 9.446 ms


2019-05-04-11-46-34   >>>>   Start verify ranking function

[xi_0 = -1]
ranking function : 0.0048 *  x[0]^1.0 + 1.0016 * 1

2019-05-04-11-46-34   >>>>   End verify ranking function

verifying time = 6.810 ms


Not Found Ranking Fcuntion

Conterexample is 

[-1]

sampling time = 0.474 ms


       ########################################         

iteration 24 with 252 examples

2019-05-04-11-46-34   >>>>   Start train ranking function

2019-05-04-11-46-34   >>>>   End train ranking function

train_ranking_functioning time = 9.600 ms


2019-05-04-11-46-34   >>>>   Start verify ranking function

[xi_0 = 1]
ranking function :  - 0.0036 *  x[0]^1.0 + 0.9993 * 1

2019-05-04-11-46-34   >>>>   End verify ranking function

verifying time = 6.905 ms


Not Found Ranking Fcuntion

Conterexample is 

[1]

sampling time = 0.455 ms


Failed to prove it is terminated

UNKNOWN
Time For Template 0 Is--->-481.121000 ms

------Using Template 1 -----------
3 [3]
*****************************************************

2019-05-04-11-46-34   >>>>   End sampling point

sampling time = 79.138 ms,


       ########################################         

iteration 0 with 204 examples

2019-05-04-11-46-34   >>>>   Start train ranking function

2019-05-04-11-46-34   >>>>   End train ranking function

train_ranking_functioning time = 3.562 ms


2019-05-04-11-46-34   >>>>   Start verify ranking function

valid ranking function
ranking function : 0.3 *  x[0]^2.0

2019-05-04-11-46-34   >>>>   End verify ranking function

verifying time = 28.995 ms


Found Ranking Fcuntion: 0.3 *  x[0]^2.0

0.3 *  x[0]^2.0
FINITE
Time For Template 1 Is--->-119.369000 ms

Time For ../Program_non/169.bpl Is ---> 756.047000 ms

