------Using Template 0 -----------
3 [3]
*****************************************************

2019-05-04-11-51-35   >>>>   End sampling point

sampling time = 32.980 ms,


       ########################################         

iteration 0 with 76 examples

2019-05-04-11-51-35   >>>>   Start train ranking function

2019-05-04-11-51-35   >>>>   End train ranking function

train_ranking_functioning time = 0.592 ms


2019-05-04-11-51-35   >>>>   Start verify ranking function

valid ranking function
ranking function : 0.012 *  x[0]^1.0 + 0.932 *  x[1]^1.0 + 0.9306 * 1

2019-05-04-11-51-35   >>>>   End verify ranking function

verifying time = 7.182 ms


Found Ranking Fcuntion: 0.012 *  x[0]^1.0 + 0.932 *  x[1]^1.0 + 0.9306 * 1

0.012 *  x[0]^1.0 + 0.932 *  x[1]^1.0 + 0.9306 * 1
FINATE
Time For Template 0 Is--->-76.043000 ms

Time For ../Program_non/171.bpl Is ---> 244.374000 ms

