------Using Template 0 -----------
3 [3]
*****************************************************

2019-05-04-12-26-37   >>>>   End sampling point

sampling time = 52.262 ms,


       ########################################         

iteration 0 with 136 examples

2019-05-04-12-26-37   >>>>   Start train ranking function

2019-05-04-12-26-37   >>>>   End train ranking function

train_ranking_functioning time = 2.441 ms


2019-05-04-12-26-37   >>>>   Start verify ranking function

ranking function : 0.8 *  x[1]^1.0 + 4.7 * 1

2019-05-04-12-26-37   >>>>   End verify ranking function

verifying time = 7.752 ms


Not Found Ranking Fcuntion

Conterexample is 

[0, -6]

sampling time = 0.721 ms


       ########################################         

iteration 1 with 138 examples

2019-05-04-12-26-37   >>>>   Start train ranking function

2019-05-04-12-26-37   >>>>   End train ranking function

train_ranking_functioning time = 2.200 ms


2019-05-04-12-26-37   >>>>   Start verify ranking function

ranking function : 0.8 *  x[1]^1.0 + 4.8 * 1

2019-05-04-12-26-37   >>>>   End verify ranking function

verifying time = 7.734 ms


Not Found Ranking Fcuntion

Conterexample is 

[0, -7]

sampling time = 0.720 ms


       ########################################         

iteration 2 with 140 examples

2019-05-04-12-26-37   >>>>   Start train ranking function

2019-05-04-12-26-37   >>>>   End train ranking function

train_ranking_functioning time = 3.176 ms


2019-05-04-12-26-37   >>>>   Start verify ranking function

ranking function : 0.8 *  x[1]^1.0 + 4.8 * 1

2019-05-04-12-26-37   >>>>   End verify ranking function

verifying time = 7.683 ms


Not Found Ranking Fcuntion

Conterexample is 

[0, -7]

sampling time = 0.718 ms


       ########################################         

iteration 3 with 142 examples

2019-05-04-12-26-37   >>>>   Start train ranking function

2019-05-04-12-26-37   >>>>   End train ranking function

train_ranking_functioning time = 2.456 ms


2019-05-04-12-26-37   >>>>   Start verify ranking function

ranking function : 0.7 *  x[1]^1.0 + 5.1 * 1

2019-05-04-12-26-37   >>>>   End verify ranking function

verifying time = 7.587 ms


Not Found Ranking Fcuntion

Conterexample is 

[0, -8]

sampling time = 0.717 ms


       ########################################         

iteration 4 with 144 examples

2019-05-04-12-26-37   >>>>   Start train ranking function

2019-05-04-12-26-37   >>>>   End train ranking function

train_ranking_functioning time = 3.134 ms


2019-05-04-12-26-37   >>>>   Start verify ranking function

ranking function : 0.7 *  x[1]^1.0 + 5.3 * 1

2019-05-04-12-26-37   >>>>   End verify ranking function

verifying time = 7.595 ms


Not Found Ranking Fcuntion

Conterexample is 

[0, -8]

sampling time = 0.721 ms


       ########################################         

iteration 5 with 146 examples

2019-05-04-12-26-37   >>>>   Start train ranking function

2019-05-04-12-26-37   >>>>   End train ranking function

train_ranking_functioning time = 3.208 ms


2019-05-04-12-26-37   >>>>   Start verify ranking function

ranking function : 0.7 *  x[1]^1.0 + 5.5 * 1

2019-05-04-12-26-37   >>>>   End verify ranking function

verifying time = 7.597 ms


Not Found Ranking Fcuntion

Conterexample is 

[0, -8]

sampling time = 0.711 ms


       ########################################         

iteration 6 with 148 examples

2019-05-04-12-26-37   >>>>   Start train ranking function

2019-05-04-12-26-37   >>>>   End train ranking function

train_ranking_functioning time = 3.240 ms


2019-05-04-12-26-37   >>>>   Start verify ranking function

ranking function : 0.7 *  x[1]^1.0 + 5.6 * 1

2019-05-04-12-26-37   >>>>   End verify ranking function

verifying time = 7.531 ms


Not Found Ranking Fcuntion

Conterexample is 

[0, -9]

sampling time = 0.712 ms


       ########################################         

iteration 7 with 150 examples

2019-05-04-12-26-37   >>>>   Start train ranking function

2019-05-04-12-26-37   >>>>   End train ranking function

train_ranking_functioning time = 3.359 ms


2019-05-04-12-26-37   >>>>   Start verify ranking function

ranking function : 0.7 *  x[1]^1.0 + 5.7 * 1

2019-05-04-12-26-37   >>>>   End verify ranking function

verifying time = 7.661 ms


Not Found Ranking Fcuntion

Conterexample is 

[0, -9]

sampling time = 0.714 ms


       ########################################         

iteration 8 with 152 examples

2019-05-04-12-26-37   >>>>   Start train ranking function

2019-05-04-12-26-37   >>>>   End train ranking function

train_ranking_functioning time = 3.391 ms


2019-05-04-12-26-37   >>>>   Start verify ranking function

ranking function : 0.6 *  x[1]^1.0 + 5.8 * 1

2019-05-04-12-26-37   >>>>   End verify ranking function

verifying time = 7.643 ms


Not Found Ranking Fcuntion

Conterexample is 

[0, -10]

sampling time = 0.716 ms


       ########################################         

iteration 9 with 154 examples

2019-05-04-12-26-37   >>>>   Start train ranking function

2019-05-04-12-26-37   >>>>   End train ranking function

train_ranking_functioning time = 3.466 ms


2019-05-04-12-26-37   >>>>   Start verify ranking function

ranking function : 0.6 *  x[1]^1.0 + 5.9 * 1

2019-05-04-12-26-37   >>>>   End verify ranking function

verifying time = 7.714 ms


Not Found Ranking Fcuntion

Conterexample is 

[0, -10]

sampling time = 0.753 ms


       ########################################         

iteration 10 with 156 examples

2019-05-04-12-26-37   >>>>   Start train ranking function

2019-05-04-12-26-37   >>>>   End train ranking function

train_ranking_functioning time = 3.428 ms


2019-05-04-12-26-37   >>>>   Start verify ranking function

ranking function : 0.6 *  x[1]^1.0 + 6.0 * 1

2019-05-04-12-26-37   >>>>   End verify ranking function

verifying time = 7.647 ms


Not Found Ranking Fcuntion

Conterexample is 

[0, -11]

sampling time = 0.728 ms


       ########################################         

iteration 11 with 158 examples

2019-05-04-12-26-37   >>>>   Start train ranking function

2019-05-04-12-26-37   >>>>   End train ranking function

train_ranking_functioning time = 3.438 ms


2019-05-04-12-26-37   >>>>   Start verify ranking function

ranking function : 0.6 *  x[1]^1.0 + 6.0 * 1

2019-05-04-12-26-37   >>>>   End verify ranking function

verifying time = 7.987 ms


Not Found Ranking Fcuntion

Conterexample is 

[0, -11]

sampling time = 0.722 ms


       ########################################         

iteration 12 with 160 examples

2019-05-04-12-26-37   >>>>   Start train ranking function

2019-05-04-12-26-37   >>>>   End train ranking function

train_ranking_functioning time = 3.568 ms


2019-05-04-12-26-37   >>>>   Start verify ranking function

ranking function : 0.6 *  x[1]^1.0 + 6.1 * 1

2019-05-04-12-26-37   >>>>   End verify ranking function

verifying time = 7.678 ms


Not Found Ranking Fcuntion

Conterexample is 

[0, -11]

sampling time = 0.705 ms


       ########################################         

iteration 13 with 162 examples

2019-05-04-12-26-37   >>>>   Start train ranking function

2019-05-04-12-26-37   >>>>   End train ranking function

train_ranking_functioning time = 3.604 ms


2019-05-04-12-26-37   >>>>   Start verify ranking function

ranking function : 0.5 *  x[1]^1.0 + 6.1 * 1

2019-05-04-12-26-37   >>>>   End verify ranking function

verifying time = 7.616 ms


Not Found Ranking Fcuntion

Conterexample is 

[0, -13]

sampling time = 0.715 ms


       ########################################         

iteration 14 with 164 examples

2019-05-04-12-26-37   >>>>   Start train ranking function

2019-05-04-12-26-37   >>>>   End train ranking function

train_ranking_functioning time = 3.631 ms


2019-05-04-12-26-37   >>>>   Start verify ranking function

ranking function : 0.5 *  x[1]^1.0 + 6.0 * 1

2019-05-04-12-26-37   >>>>   End verify ranking function

verifying time = 7.622 ms


Not Found Ranking Fcuntion

Conterexample is 

[0, -13]

sampling time = 0.715 ms


       ########################################         

iteration 15 with 166 examples

2019-05-04-12-26-37   >>>>   Start train ranking function
