------Using Template 0 -----------
4 [4]
*****************************************************

2019-05-04-12-11-37   >>>>   End sampling point

sampling time = 220.581 ms,


       ########################################         

iteration 0 with 436 examples

2019-05-04-12-11-37   >>>>   Start train ranking function

2019-05-04-12-11-37   >>>>   End train ranking function

train_ranking_functioning time = 1.175 ms


2019-05-04-12-11-37   >>>>   Start verify ranking function

[xr_1 = 19283/2091, xr_2 = 0, xr_0 = 0]
ranking function : 0.9293 *  x[0]^1.0 + 1.4404 *  x[1]^1.0 + 2.7488 *  x[2]^1.0 + 5.7089 * 1

2019-05-04-12-11-37   >>>>   End verify ranking function

verifying time = 7.744 ms


Not Found Ranking Fcuntion

Conterexample is 

[0, 9.221903395504544, 0]

sampling time = 1.027 ms


       ########################################         

iteration 1 with 438 examples

2019-05-04-12-11-37   >>>>   Start train ranking function

2019-05-04-12-11-37   >>>>   End train ranking function

train_ranking_functioning time = 7.507 ms


2019-05-04-12-11-37   >>>>   Start verify ranking function

[xr_1 = 0, xr_2 = 18782/499, xr_0 = 0]
ranking function : 0.8792 *  x[0]^1.0 + 1.5472 *  x[1]^1.0 + 2.9946 *  x[2]^1.0 + 6.0274 * 1

2019-05-04-12-11-37   >>>>   End verify ranking function

verifying time = 7.655 ms


Not Found Ranking Fcuntion

Conterexample is 

[0, 0, 37.63927855711423]

sampling time = 1.076 ms


       ########################################         

iteration 2 with 440 examples

2019-05-04-12-11-37   >>>>   Start train ranking function

2019-05-04-12-11-37   >>>>   End train ranking function

train_ranking_functioning time = 7.310 ms


2019-05-04-12-11-37   >>>>   Start verify ranking function

[xr_1 = 18581/908, xr_2 = 0, xr_0 = 0]
ranking function : 0.8591 *  x[0]^1.0 + 1.5366 *  x[1]^1.0 + 3.0693 *  x[2]^1.0 + 6.0825 * 1

2019-05-04-12-11-37   >>>>   End verify ranking function

verifying time = 7.608 ms


Not Found Ranking Fcuntion

Conterexample is 

[0, 20.4636563876652, 0]

sampling time = 1.028 ms


       ########################################         

iteration 3 with 442 examples

2019-05-04-12-11-37   >>>>   Start train ranking function

2019-05-04-12-11-37   >>>>   End train ranking function

train_ranking_functioning time = 8.025 ms


2019-05-04-12-11-37   >>>>   Start verify ranking function

[xr_1 = 0, xr_2 = 18395/6, xr_0 = 0]
ranking function : 0.8405 *  x[0]^1.0 + 1.623 *  x[1]^1.0 + 3.2448 *  x[2]^1.0 + 6.3298 * 1

2019-05-04-12-11-37   >>>>   End verify ranking function

verifying time = 7.594 ms


Not Found Ranking Fcuntion

Conterexample is 

[0, 0, 3065.8333333333335]

sampling time = 1.024 ms


       ########################################         

iteration 4 with 444 examples

2019-05-04-12-11-37   >>>>   Start train ranking function

2019-05-04-12-11-37   >>>>   End train ranking function

train_ranking_functioning time = 8.477 ms


2019-05-04-12-11-37   >>>>   Start verify ranking function

[xr_1 = 0, xr_2 = -5276/3, xr_0 = 0]
ranking function : 0.8476 *  x[0]^1.0 + 1.6299 *  x[1]^1.0 + 3.2619 *  x[2]^1.0 + 6.3592 * 1

2019-05-04-12-11-37   >>>>   End verify ranking function

verifying time = 7.619 ms


Not Found Ranking Fcuntion

Conterexample is 

[0, 0, -1758.6666666666667]

sampling time = 1.023 ms


       ########################################         

iteration 5 with 446 examples

2019-05-04-12-11-37   >>>>   Start train ranking function

2019-05-04-12-11-37   >>>>   End train ranking function

train_ranking_functioning time = 7.847 ms


2019-05-04-12-11-37   >>>>   Start verify ranking function

[xr_1 = 124/17, xr_2 = 0, xr_0 = 0]
ranking function : 0.1604 *  x[0]^1.0 + 0.0029 *  x[1]^1.0 + 0.0019 *  x[2]^1.0 + 1.0729 * 1

2019-05-04-12-11-37   >>>>   End verify ranking function

verifying time = 7.605 ms


Not Found Ranking Fcuntion

Conterexample is 

[0, 7.294117647058823, 0]

sampling time = 1.026 ms


       ########################################         

iteration 6 with 448 examples

2019-05-04-12-11-37   >>>>   Start train ranking function

2019-05-04-12-11-37   >>>>   End train ranking function

train_ranking_functioning time = 8.002 ms


2019-05-04-12-11-37   >>>>   Start verify ranking function

[xr_1 = 23142/3133, xr_2 = 0, xr_0 = 0]
ranking function : 0.1581 *  x[0]^1.0 + 0.0029 *  x[1]^1.0 + 0.0027 *  x[2]^1.0 + 1.0901 * 1

2019-05-04-12-11-37   >>>>   End verify ranking function

verifying time = 7.608 ms


Not Found Ranking Fcuntion

Conterexample is 

[0, 7.386530481966167, 0]

sampling time = 1.010 ms


       ########################################         

iteration 7 with 450 examples

2019-05-04-12-11-37   >>>>   Start train ranking function

2019-05-04-12-11-37   >>>>   End train ranking function

train_ranking_functioning time = 8.283 ms


2019-05-04-12-11-37   >>>>   Start verify ranking function

[xr_1 = 11583/1577, xr_2 = 0, xr_0 = 0]
ranking function : 0.1593 *  x[0]^1.0 + 0.0032 *  x[1]^1.0 - 0.0001 *  x[2]^1.0 + 1.07 * 1

2019-05-04-12-11-37   >>>>   End verify ranking function

verifying time = 7.595 ms


Not Found Ranking Fcuntion

Conterexample is 

[0, 7.344958782498415, 0]

sampling time = 1.028 ms


       ########################################         

iteration 8 with 452 examples

2019-05-04-12-11-37   >>>>   Start train ranking function

2019-05-04-12-11-37   >>>>   End train ranking function

train_ranking_functioning time = 8.587 ms


2019-05-04-12-11-37   >>>>   Start verify ranking function

[xr_1 = 3868/521, xr_2 = 0, xr_0 = 0]
ranking function : 0.1614 *  x[0]^1.0 + 0.0102 *  x[1]^1.0 + 0.0082 *  x[2]^1.0 + 1.0526 * 1

2019-05-04-12-11-37   >>>>   End verify ranking function

verifying time = 7.740 ms


Not Found Ranking Fcuntion

Conterexample is 

[0, 7.424184261036468, 0]

sampling time = 1.059 ms


       ########################################         

iteration 9 with 454 examples

2019-05-04-12-11-37   >>>>   Start train ranking function

2019-05-04-12-11-37   >>>>   End train ranking function

train_ranking_functioning time = 8.529 ms


2019-05-04-12-11-37   >>>>   Start verify ranking function

[xr_1 = 2522/301, xr_2 = 0, xr_0 = 0]
ranking function : 0.1359 *  x[0]^1.0 + 0.0009 *  x[1]^1.0 + 0.0048 *  x[2]^1.0 + 1.026 * 1

2019-05-04-12-11-37   >>>>   End verify ranking function

verifying time = 7.703 ms


Not Found Ranking Fcuntion

Conterexample is 

[0, 8.378737541528238, 0]

sampling time = 1.033 ms


       ########################################         

iteration 10 with 456 examples

2019-05-04-12-11-37   >>>>   Start train ranking function

2019-05-04-12-11-37   >>>>   End train ranking function

train_ranking_functioning time = 8.695 ms


2019-05-04-12-11-37   >>>>   Start verify ranking function

[xr_1 = 22422/2387, xr_2 = 0, xr_0 = 0]
ranking function : 0.1221 *  x[0]^1.0 + 0.0055 *  x[1]^1.0 + 0.0018 *  x[2]^1.0 + 1.0464 * 1

2019-05-04-12-11-37   >>>>   End verify ranking function

verifying time = 7.620 ms


Not Found Ranking Fcuntion

Conterexample is 

[0, 9.393380812735652, 0]

sampling time = 1.043 ms


       ########################################         

iteration 11 with 458 examples

2019-05-04-12-11-37   >>>>   Start train ranking function

2019-05-04-12-11-37   >>>>   End train ranking function

train_ranking_functioning time = 8.863 ms


2019-05-04-12-11-37   >>>>   Start verify ranking function

[xr_1 = 11442/1153, xr_2 = 0, xr_0 = 0]
ranking function : 0.1452 *  x[0]^1.0 + 0.0598 *  x[1]^1.0 + 0.0093 *  x[2]^1.0 + 1.1055 * 1

2019-05-04-12-11-37   >>>>   End verify ranking function

verifying time = 7.620 ms


Not Found Ranking Fcuntion

Conterexample is 

[0, 9.923677363399827, 0]

sampling time = 1.060 ms


       ########################################         

iteration 12 with 460 examples

2019-05-04-12-11-37   >>>>   Start train ranking function

2019-05-04-12-11-37   >>>>   End train ranking function

train_ranking_functioning time = 9.274 ms


2019-05-04-12-11-37   >>>>   Start verify ranking function

[xr_1 = 179/17, xr_2 = 0, xr_0 = 0]
ranking function : 0.1108 *  x[0]^1.0 + 0.0108 *  x[1]^1.0 + 0.0019 *  x[2]^1.0 + 1.0421 * 1

2019-05-04-12-11-37   >>>>   End verify ranking function

verifying time = 7.786 ms


Not Found Ranking Fcuntion

Conterexample is 

[0, 10.529411764705882, 0]

sampling time = 1.194 ms


       ########################################         

iteration 13 with 462 examples

2019-05-04-12-11-37   >>>>   Start train ranking function

2019-05-04-12-11-37   >>>>   End train ranking function

train_ranking_functioning time = 10.010 ms


2019-05-04-12-11-37   >>>>   Start verify ranking function

[xr_1 = 10983/928, xr_2 = 0, xr_0 = 0]
ranking function : 0.0993 *  x[0]^1.0 + 0.013 *  x[1]^1.0 + 0.0019 *  x[2]^1.0 + 1.0248 * 1

2019-05-04-12-11-37   >>>>   End verify ranking function

verifying time = 8.105 ms


Not Found Ranking Fcuntion

Conterexample is 

[0, 11.835129310344827, 0]

sampling time = 1.078 ms


       ########################################         

iteration 14 with 464 examples

2019-05-04-12-11-37   >>>>   Start train ranking function

2019-05-04-12-11-37   >>>>   End train ranking function

train_ranking_functioning time = 9.824 ms


2019-05-04-12-11-37   >>>>   Start verify ranking function

[xr_1 = 21500/1289, xr_2 = 0, xr_0 = 0]
ranking function : 0.076 *  x[0]^1.0 + 0.0231 *  x[1]^1.0 + 0.003 *  x[2]^1.0 + 0.9845 * 1

2019-05-04-12-11-37   >>>>   End verify ranking function

verifying time = 7.787 ms


Not Found Ranking Fcuntion

Conterexample is 

[0, 16.679596586501162, 0]

sampling time = 1.044 ms


       ########################################         

iteration 15 with 466 examples

2019-05-04-12-11-37   >>>>   Start train ranking function

2019-05-04-12-11-37   >>>>   End train ranking function

train_ranking_functioning time = 9.264 ms


2019-05-04-12-11-37   >>>>   Start verify ranking function

[xr_1 = 3511/171, xr_2 = 0, xr_0 = 0]
ranking function : 0.0543 *  x[0]^1.0 + 0.006 *  x[1]^1.0 + 0.0045 *  x[2]^1.0 + 0.9568 * 1

2019-05-04-12-11-37   >>>>   End verify ranking function

verifying time = 7.655 ms


Not Found Ranking Fcuntion

Conterexample is 

[0, 20.53216374269006, 0]

sampling time = 1.056 ms


       ########################################         

iteration 16 with 468 examples

2019-05-04-12-11-37   >>>>   Start train ranking function

2019-05-04-12-11-37   >>>>   End train ranking function

train_ranking_functioning time = 9.710 ms


2019-05-04-12-11-37   >>>>   Start verify ranking function

[xr_1 = 10400/339, xr_2 = 0, xr_0 = 0]
ranking function : 0.041 *  x[0]^1.0 + 0.0142 *  x[1]^1.0 + 0.0031 *  x[2]^1.0 + 0.9866 * 1

2019-05-04-12-11-37   >>>>   End verify ranking function

verifying time = 7.659 ms


Not Found Ranking Fcuntion

Conterexample is 

[0, 30.678466076696164, 0]

sampling time = 1.045 ms


       ########################################         

iteration 17 with 470 examples

2019-05-04-12-11-37   >>>>   Start train ranking function

2019-05-04-12-11-37   >>>>   End train ranking function

train_ranking_functioning time = 9.521 ms


2019-05-04-12-11-37   >>>>   Start verify ranking function

[xr_1 = 10261/200, xr_2 = 0, xr_0 = 0]
ranking function : 0.0271 *  x[0]^1.0 + 0.0142 *  x[1]^1.0 + 0.0032 *  x[2]^1.0 + 0.9356 * 1

2019-05-04-12-11-37   >>>>   End verify ranking function

verifying time = 7.735 ms


Not Found Ranking Fcuntion

Conterexample is 

[0, 51.305, 0]

sampling time = 1.052 ms


       ########################################         

iteration 18 with 472 examples

2019-05-04-12-11-37   >>>>   Start train ranking function

2019-05-04-12-11-37   >>>>   End train ranking function

train_ranking_functioning time = 9.632 ms


2019-05-04-12-11-37   >>>>   Start verify ranking function

[xr_1 = 20282/157, xr_2 = 0, xr_0 = 0]
ranking function : 0.0151 *  x[0]^1.0 + 0.0145 *  x[1]^1.0 + 0.0018 *  x[2]^1.0 + 0.9401 * 1

2019-05-04-12-11-37   >>>>   End verify ranking function

verifying time = 7.567 ms


Not Found Ranking Fcuntion

Conterexample is 

[0, 129.18471337579618, 0]

sampling time = 1.058 ms


       ########################################         

iteration 19 with 474 examples

2019-05-04-12-11-37   >>>>   Start train ranking function

2019-05-04-12-11-37   >>>>   End train ranking function

train_ranking_functioning time = 9.644 ms


2019-05-04-12-11-37   >>>>   Start verify ranking function

[xr_1 = 10078/23, xr_2 = 0, xr_0 = 0]
ranking function : 0.0088 *  x[0]^1.0 + 0.013 *  x[1]^1.0 + 0.0015 *  x[2]^1.0 + 0.9185 * 1

2019-05-04-12-11-37   >>>>   End verify ranking function

verifying time = 7.548 ms


Not Found Ranking Fcuntion

Conterexample is 

[0, 438.17391304347825, 0]

sampling time = 1.040 ms


       ########################################         

iteration 20 with 476 examples

2019-05-04-12-11-37   >>>>   Start train ranking function

2019-05-04-12-11-37   >>>>   End train ranking function

train_ranking_functioning time = 10.629 ms


2019-05-04-12-11-37   >>>>   Start verify ranking function

[xr_1 = -20090/19, xr_2 = 0, xr_0 = 0]
ranking function : 0.0055 *  x[0]^1.0 + 0.0129 *  x[1]^1.0 + 0.0025 *  x[2]^1.0 + 0.9462 * 1

2019-05-04-12-11-37   >>>>   End verify ranking function

verifying time = 8.718 ms


Not Found Ranking Fcuntion

Conterexample is 

[0, -1057.3684210526317, 0]

sampling time = 1.141 ms


       ########################################         

iteration 21 with 478 examples

2019-05-04-12-11-37   >>>>   Start train ranking function

2019-05-04-12-11-37   >>>>   End train ranking function

train_ranking_functioning time = 10.481 ms


2019-05-04-12-11-37   >>>>   Start verify ranking function

[xr_1 = 0, xr_2 = 0, xr_0 = 0]
ranking function :  - 0.0026 *  x[0]^1.0 + 0.0001 *  x[1]^1.0 + 0.0028 *  x[2]^1.0 + 0.919 * 1

2019-05-04-12-11-37   >>>>   End verify ranking function

verifying time = 7.771 ms


Not Found Ranking Fcuntion

Conterexample is 

[0, 0, 0]

sampling time = 1.020 ms


       ########################################         

iteration 22 with 480 examples

2019-05-04-12-11-37   >>>>   Start train ranking function

2019-05-04-12-11-37   >>>>   End train ranking function

train_ranking_functioning time = 10.340 ms


2019-05-04-12-11-37   >>>>   Start verify ranking function

[xr_1 = 0, xr_2 = 0, xr_0 = 0]
ranking function :  - 0.0008 *  x[0]^1.0 - 0.0002 *  x[1]^1.0 + 0.0013 *  x[2]^1.0 + 0.9411 * 1

2019-05-04-12-11-37   >>>>   End verify ranking function

verifying time = 7.728 ms


Not Found Ranking Fcuntion

Conterexample is 

[0, 0, 0]

sampling time = 1.021 ms


       ########################################         

iteration 23 with 482 examples

2019-05-04-12-11-37   >>>>   Start train ranking function

2019-05-04-12-11-37   >>>>   End train ranking function

train_ranking_functioning time = 10.259 ms


2019-05-04-12-11-37   >>>>   Start verify ranking function

[xr_1 = 0, xr_2 = 0, xr_0 = 0]
ranking function :  - 0.0009 *  x[0]^1.0 - 0.0004 *  x[1]^1.0 + 0.0009 *  x[2]^1.0 + 0.9203 * 1

2019-05-04-12-11-37   >>>>   End verify ranking function

verifying time = 7.679 ms


Not Found Ranking Fcuntion

Conterexample is 

[0, 0, 0]

sampling time = 1.018 ms


       ########################################         

iteration 24 with 484 examples

2019-05-04-12-11-37   >>>>   Start train ranking function

2019-05-04-12-11-37   >>>>   End train ranking function

train_ranking_functioning time = 10.020 ms


2019-05-04-12-11-37   >>>>   Start verify ranking function

[xr_1 = 0, xr_2 = 0, xr_0 = 0]
ranking function :  - 0.0012 *  x[0]^1.0 - 0.0011 *  x[1]^1.0 + 0.001 *  x[2]^1.0 + 0.9321 * 1

2019-05-04-12-11-37   >>>>   End verify ranking function

verifying time = 7.577 ms


Not Found Ranking Fcuntion

Conterexample is 

[0, 0, 0]

sampling time = 1.016 ms


Failed to prove it is terminated

UNKNOWN
Time For Template 0 Is--->-722.176000 ms

------Using Template 1 -----------
4 [4]
*****************************************************

2019-05-04-12-11-37   >>>>   End sampling point

sampling time = 256.549 ms,


       ########################################         

iteration 0 with 436 examples

2019-05-04-12-11-37   >>>>   Start train ranking function

2019-05-04-12-11-37   >>>>   End train ranking function

train_ranking_functioning time = 17.712 ms


2019-05-04-12-11-37   >>>>   Start verify ranking function

[xr_0 = 54, xr_1 = 1/2, xr_2 = 1/8]
ranking function :  - 0.013 *  x[0]^3.0 *  x[1]^1.0 *  x[2]^-0.5 - 0.0036 *  x[0]^-3.0 *  x[1]^1.0 *  x[2]^-1.0 + 0.1099 *  x[1]^2.0 *  x[2]^3.0 - 0.0005 *  x[0]^1.0 *  x[1]^-0.5 *  x[2]^-1.0

2019-05-04-12-11-38   >>>>   End verify ranking function

verifying time = 870.136 ms


Not Found Ranking Fcuntion

Conterexample is 

[54, 0.5, 0.125]

sampling time = 1.280 ms


       ########################################         

iteration 1 with 438 examples

2019-05-04-12-11-38   >>>>   Start train ranking function

2019-05-04-12-11-38   >>>>   End train ranking function

train_ranking_functioning time = 18.200 ms


2019-05-04-12-11-38   >>>>   Start verify ranking function

time out
ranking function :  - 0.0156 *  x[0]^3.0 *  x[1]^1.0 *  x[2]^-0.5 + 0.0016 *  x[0]^-3.0 *  x[1]^1.0 *  x[2]^-1.0 + 0.1072 *  x[1]^2.0 *  x[2]^3.0 - 0.0043 *  x[0]^1.0 *  x[1]^-0.5 *  x[2]^-1.0

2019-05-04-12-11-40   >>>>   End verify ranking function

verifying time = 1487.067 ms


UNKNOWN
Time For Template 1 Is--->-2659.803000 ms

------Using Template 2 -----------
12 [4, 4, 4]
*****************************************************

2019-05-04-12-11-40   >>>>   End sampling point

sampling time = 641.145 ms,


       ########################################         

iteration 0 with 872 examples

2019-05-04-12-11-40   >>>>   Start train ranking function

2019-05-04-12-11-40   >>>>   End train ranking function

train_ranking_functioning time = 2.293 ms


2019-05-04-12-11-40   >>>>   Start verify ranking function

[xr_1 = 39142/2565, xr_2 = 0, xr_0 = 0]
ranking function : 0.9581 *  x[0]^1.0 + 1.6597 *  x[1]^1.0 + 3.2284 *  x[2]^1.0 + 2.5938 * 1; 1.8675 *  x[0]^1.0 + 0.9854 *  x[1]^1.0 - 0.0996 *  x[2]^1.0 + 2.2181 * 1; 0.9249 *  x[0]^1.0 - 0.0539 *  x[1]^1.0 + 0.0283 *  x[2]^1.0 + 2.063 * 1

2019-05-04-12-11-40   >>>>   End verify ranking function

verifying time = 7.739 ms


Not Found Ranking Fcuntion

Conterexample is 

[0, 15.260038986354775, 0]

sampling time = 2.919 ms


       ########################################         

iteration 1 with 876 examples

2019-05-04-12-11-40   >>>>   Start train ranking function

2019-05-04-12-11-40   >>>>   End train ranking function

train_ranking_functioning time = 9.542 ms


2019-05-04-12-11-40   >>>>   Start verify ranking function

[xr_1 = 0, xr_2 = 38284/545, xr_0 = 0]
ranking function : 0.9152 *  x[0]^1.0 + 1.7657 *  x[1]^1.0 + 3.4769 *  x[2]^1.0 + 2.6807 * 1; 1.9774 *  x[0]^1.0 + 1.0234 *  x[1]^1.0 - 0.1022 *  x[2]^1.0 + 2.3064 * 1; 0.9624 *  x[0]^1.0 - 0.0557 *  x[1]^1.0 + 0.0294 *  x[2]^1.0 + 2.1068 * 1

2019-05-04-12-11-40   >>>>   End verify ranking function

verifying time = 7.792 ms


Not Found Ranking Fcuntion

Conterexample is 

[0, 0, 70.24587155963303]

sampling time = 2.963 ms


       ########################################         

iteration 2 with 880 examples

2019-05-04-12-11-40   >>>>   Start train ranking function

2019-05-04-12-11-40   >>>>   End train ranking function

train_ranking_functioning time = 11.150 ms


2019-05-04-12-11-40   >>>>   Start verify ranking function

[xr_1 = 0, xr_2 = 19183/22, xr_0 = 0]
ranking function : 0.9193 *  x[0]^1.0 + 1.7646 *  x[1]^1.0 + 3.5248 *  x[2]^1.0 + 2.7068 * 1; 1.9893 *  x[0]^1.0 + 1.0359 *  x[1]^1.0 - 0.1044 *  x[2]^1.0 + 2.3097 * 1; 0.9733 *  x[0]^1.0 - 0.057 *  x[1]^1.0 + 0.0299 *  x[2]^1.0 + 2.12 * 1

2019-05-04-12-11-40   >>>>   End verify ranking function

verifying time = 7.835 ms


Not Found Ranking Fcuntion

Conterexample is 

[0, 0, 871.9545454545455]

sampling time = 2.949 ms


       ########################################         

iteration 3 with 884 examples

2019-05-04-12-11-40   >>>>   Start train ranking function

2019-05-04-12-11-40   >>>>   End train ranking function

train_ranking_functioning time = 10.147 ms


2019-05-04-12-11-40   >>>>   Start verify ranking function

[xr_1 = 19088/307, xr_2 = 0, xr_0 = 0]
ranking function : 0.9098 *  x[0]^1.0 + 1.7582 *  x[1]^1.0 + 3.5174 *  x[2]^1.0 + 2.708 * 1; 1.9873 *  x[0]^1.0 + 1.0302 *  x[1]^1.0 - 0.0779 *  x[2]^1.0 + 2.298 * 1; 0.9743 *  x[0]^1.0 - 0.0597 *  x[1]^1.0 + 0.0311 *  x[2]^1.0 + 2.123 * 1

2019-05-04-12-11-40   >>>>   End verify ranking function

verifying time = 7.811 ms


Not Found Ranking Fcuntion

Conterexample is 

[0, 62.17589576547231, 0]

sampling time = 2.942 ms


       ########################################         

iteration 4 with 888 examples

2019-05-04-12-11-40   >>>>   Start train ranking function

2019-05-04-12-11-40   >>>>   End train ranking function

train_ranking_functioning time = 11.241 ms


2019-05-04-12-11-40   >>>>   Start verify ranking function

[xr_1 = 0, xr_2 = -38164/9, xr_0 = 0]
ranking function : 0.9092 *  x[0]^1.0 + 1.8032 *  x[1]^1.0 + 3.6073 *  x[2]^1.0 + 2.7585 * 1; 2.0415 *  x[0]^1.0 + 1.0494 *  x[1]^1.0 - 0.0313 *  x[2]^1.0 + 2.3215 * 1; 1.0134 *  x[0]^1.0 - 0.0186 *  x[1]^1.0 + 0.02 *  x[2]^1.0 + 2.1474 * 1

2019-05-04-12-11-40   >>>>   End verify ranking function

verifying time = 7.813 ms


Not Found Ranking Fcuntion

Conterexample is 

[0, 0, -4240.444444444444]

sampling time = 3.012 ms


       ########################################         

iteration 5 with 892 examples

2019-05-04-12-11-40   >>>>   Start train ranking function

2019-05-04-12-11-40   >>>>   End train ranking function

train_ranking_functioning time = 10.484 ms


2019-05-04-12-11-40   >>>>   Start verify ranking function

[xr_1 = 18734/177, xr_2 = 0, xr_0 = 0]
ranking function : 0.8744 *  x[0]^1.0 + 1.7134 *  x[1]^1.0 + 3.4305 *  x[2]^1.0 + 2.1474 * 1; 1.6741 *  x[0]^1.0 + 3.4116 *  x[1]^1.0 - 0.0395 *  x[2]^1.0 + 2.5575 * 1; 1.9029 *  x[0]^1.0 - 0.0353 *  x[1]^1.0 + 0.0005 *  x[2]^1.0 + 3.168 * 1

2019-05-04-12-11-41   >>>>   End verify ranking function

verifying time = 8.453 ms


Not Found Ranking Fcuntion

Conterexample is 

[0, 105.84180790960453, 0]

sampling time = 2.979 ms


       ########################################         

iteration 6 with 896 examples

2019-05-04-12-11-41   >>>>   Start train ranking function

2019-05-04-12-11-41   >>>>   End train ranking function

train_ranking_functioning time = 11.092 ms


2019-05-04-12-11-41   >>>>   Start verify ranking function

[xr_1 = 0, xr_2 = -18697/3, xr_0 = 0]
ranking function : 0.8707 *  x[0]^1.0 + 1.7337 *  x[1]^1.0 + 3.468 *  x[2]^1.0 + 2.1759 * 1; 1.6985 *  x[0]^1.0 + 3.4548 *  x[1]^1.0 - 0.0253 *  x[2]^1.0 + 2.5896 * 1; 1.927 *  x[0]^1.0 - 0.0209 *  x[1]^1.0 + 0.0005 *  x[2]^1.0 + 3.1941 * 1

2019-05-04-12-11-41   >>>>   End verify ranking function

verifying time = 7.999 ms


Not Found Ranking Fcuntion

Conterexample is 

[0, 0, -6232.333333333333]

sampling time = 2.935 ms


       ########################################         

iteration 7 with 900 examples

2019-05-04-12-11-41   >>>>   Start train ranking function

2019-05-04-12-11-41   >>>>   End train ranking function

train_ranking_functioning time = 10.767 ms


2019-05-04-12-11-41   >>>>   Start verify ranking function

[xr_1 = 0, xr_2 = -37358/9, xr_0 = 0]
ranking function : 0.8689 *  x[0]^1.0 + 1.7308 *  x[1]^1.0 + 3.4625 *  x[2]^1.0 + 2.173 * 1; 1.696 *  x[0]^1.0 + 3.4492 *  x[1]^1.0 - 0.0251 *  x[2]^1.0 + 2.5866 * 1; 1.9242 *  x[0]^1.0 - 0.0209 *  x[1]^1.0 + 0.0004 *  x[2]^1.0 + 3.1909 * 1

2019-05-04-12-11-41   >>>>   End verify ranking function

verifying time = 7.763 ms


Not Found Ranking Fcuntion

Conterexample is 

[0, 0, -4150.888888888889]

sampling time = 2.970 ms


       ########################################         

iteration 8 with 904 examples

2019-05-04-12-11-41   >>>>   Start train ranking function

2019-05-04-12-11-41   >>>>   End train ranking function

train_ranking_functioning time = 10.604 ms


2019-05-04-12-11-41   >>>>   Start verify ranking function

[xr_1 = 37306/65, xr_2 = 0, xr_0 = 0]
ranking function : 0.8663 *  x[0]^1.0 + 1.7261 *  x[1]^1.0 + 3.4529 *  x[2]^1.0 + 2.1682 * 1; 1.6916 *  x[0]^1.0 + 3.4398 *  x[1]^1.0 - 0.0251 *  x[2]^1.0 + 2.5814 * 1; 1.9194 *  x[0]^1.0 - 0.0209 *  x[1]^1.0 + 0.0005 *  x[2]^1.0 + 3.1853 * 1

2019-05-04-12-11-41   >>>>   End verify ranking function

verifying time = 7.698 ms


Not Found Ranking Fcuntion

Conterexample is 

[0, 573.9384615384615, 0]

sampling time = 2.915 ms


       ########################################         

iteration 9 with 908 examples

2019-05-04-12-11-41   >>>>   Start train ranking function

2019-05-04-12-11-41   >>>>   End train ranking function

train_ranking_functioning time = 12.459 ms


2019-05-04-12-11-41   >>>>   Start verify ranking function

[xr_1 = 0, xr_2 = -18706, xr_0 = 0]
ranking function : 0.8716 *  x[0]^1.0 + 1.7404 *  x[1]^1.0 + 3.481 *  x[2]^1.0 + 2.189 * 1; 1.7017 *  x[0]^1.0 + 3.4761 *  x[1]^1.0 - 0.0082 *  x[2]^1.0 + 2.6113 * 1; 1.9339 *  x[0]^1.0 - 0.0038 *  x[1]^1.0 + 0.0005 *  x[2]^1.0 + 3.2 * 1

2019-05-04-12-11-41   >>>>   End verify ranking function

verifying time = 7.982 ms


Not Found Ranking Fcuntion

Conterexample is 

[0, 0, -18706]

sampling time = 3.174 ms


       ########################################         

iteration 10 with 912 examples

2019-05-04-12-11-41   >>>>   Start train ranking function

2019-05-04-12-11-41   >>>>   End train ranking function

train_ranking_functioning time = 11.503 ms


2019-05-04-12-11-41   >>>>   Start verify ranking function

[xr_1 = 0, xr_2 = -4668, xr_0 = 0]
ranking function : 0.8682 *  x[0]^1.0 + 1.7342 *  x[1]^1.0 + 3.4692 *  x[2]^1.0 + 2.183 * 1; 1.6964 *  x[0]^1.0 + 3.4645 *  x[1]^1.0 - 0.008 *  x[2]^1.0 + 2.6051 * 1; 1.9279 *  x[0]^1.0 - 0.0039 *  x[1]^1.0 + 0.0004 *  x[2]^1.0 + 3.1933 * 1

2019-05-04-12-11-41   >>>>   End verify ranking function

verifying time = 7.879 ms


Not Found Ranking Fcuntion

Conterexample is 

[0, 0, -4668]

sampling time = 3.033 ms


       ########################################         

iteration 11 with 916 examples

2019-05-04-12-11-41   >>>>   Start train ranking function

2019-05-04-12-11-41   >>>>   End train ranking function

train_ranking_functioning time = 11.461 ms


2019-05-04-12-11-41   >>>>   Start verify ranking function

[xr_1 = 0, xr_2 = -37402, xr_0 = 0]
ranking function : 0.8711 *  x[0]^1.0 + 1.7394 *  x[1]^1.0 + 3.4789 *  x[2]^1.0 + 2.1879 * 1; 1.7009 *  x[0]^1.0 + 3.4743 *  x[1]^1.0 - 0.0081 *  x[2]^1.0 + 2.6104 * 1; 1.9329 *  x[0]^1.0 - 0.0038 *  x[1]^1.0 + 0.0004 *  x[2]^1.0 + 3.199 * 1

2019-05-04-12-11-41   >>>>   End verify ranking function

verifying time = 7.775 ms


Not Found Ranking Fcuntion

Conterexample is 

[0, 0, -37402]

sampling time = 2.930 ms


       ########################################         

iteration 12 with 920 examples

2019-05-04-12-11-41   >>>>   Start train ranking function

2019-05-04-12-11-41   >>>>   End train ranking function

train_ranking_functioning time = 13.554 ms


2019-05-04-12-11-41   >>>>   Start verify ranking function

[xr_1 = 2181/4, xr_0 = 0]
ranking function : 0.8718 *  x[0]^1.0 + 1.7404 *  x[1]^1.0 + 3.4808 *  x[2]^1.0 + 2.1889 * 1; 1.7018 *  x[0]^1.0 + 3.4762 *  x[1]^1.0 - 0.0081 *  x[2]^1.0 + 2.6115 * 1; 1.9339 *  x[0]^1.0 - 0.0039 *  x[1]^1.0 + 0.0004 *  x[2]^1.0 + 3.2001 * 1

2019-05-04-12-11-41   >>>>   End verify ranking function

verifying time = 7.591 ms


Not Found Ranking Fcuntion

Conterexample is 

[0, 545.25, 0]

sampling time = 2.936 ms


       ########################################         

iteration 13 with 924 examples

2019-05-04-12-11-41   >>>>   Start train ranking function

2019-05-04-12-11-41   >>>>   End train ranking function

train_ranking_functioning time = 12.195 ms


2019-05-04-12-11-41   >>>>   Start verify ranking function

[xr_1 = 17411/9, xr_0 = 0]
ranking function : 0.8711 *  x[0]^1.0 + 1.7413 *  x[1]^1.0 + 3.4826 *  x[2]^1.0 + 2.1896 * 1; 1.7023 *  x[0]^1.0 + 3.4784 *  x[1]^1.0 - 0.0083 *  x[2]^1.0 + 2.6124 * 1; 1.9348 *  x[0]^1.0 - 0.004 *  x[1]^1.0 + 0.0001 *  x[2]^1.0 + 3.2011 * 1

2019-05-04-12-11-41   >>>>   End verify ranking function

verifying time = 7.676 ms


Not Found Ranking Fcuntion

Conterexample is 

[0, 1934.5555555555557, 0]

sampling time = 2.919 ms


       ########################################         

iteration 14 with 928 examples

2019-05-04-12-11-41   >>>>   Start train ranking function

2019-05-04-12-11-41   >>>>   End train ranking function

train_ranking_functioning time = 13.232 ms


2019-05-04-12-11-41   >>>>   Start verify ranking function

[xr_1 = -48917/17793, xr_2 = 0, xr_0 = 0]
ranking function : 0.8709 *  x[0]^1.0 + 1.7418 *  x[1]^1.0 + 3.4836 *  x[2]^1.0 + 2.1905 * 1; 1.7022 *  x[0]^1.0 + 3.4794 *  x[1]^1.0 - 0.0075 *  x[2]^1.0 + 2.6143 * 1; 1.934 *  x[0]^1.0 - 0.0017 *  x[1]^1.0 + 3.2011 * 1

2019-05-04-12-11-41   >>>>   End verify ranking function

verifying time = 11.306 ms


Not Found Ranking Fcuntion

Conterexample is 

[0, -2.749227224189288, 0]

sampling time = 2.911 ms


       ########################################         

iteration 15 with 932 examples

2019-05-04-12-11-41   >>>>   Start train ranking function

2019-05-04-12-11-41   >>>>   End train ranking function

train_ranking_functioning time = 15.807 ms


2019-05-04-12-11-41   >>>>   Start verify ranking function

[xr_1 = 0, xr_2 = -12414, xr_0 = 0]
ranking function : 0.8631 *  x[0]^1.0 + 1.7254 *  x[1]^1.0 + 3.4511 *  x[2]^1.0 + 1.4549 * 1; 2.2137 *  x[0]^1.0 + 3.4466 *  x[1]^1.0 - 0.0077 *  x[2]^1.0 + 2.7944 * 1; 2.1012 *  x[0]^1.0 - 0.0042 *  x[1]^1.0 + 0.0002 *  x[2]^1.0 + 3.392 * 1

2019-05-04-12-11-41   >>>>   End verify ranking function

verifying time = 7.755 ms


Not Found Ranking Fcuntion

Conterexample is 

[0, 0, -12414]

sampling time = 2.919 ms


       ########################################         

iteration 16 with 936 examples

2019-05-04-12-11-41   >>>>   Start train ranking function

2019-05-04-12-11-41   >>>>   End train ranking function

train_ranking_functioning time = 14.567 ms


2019-05-04-12-11-41   >>>>   Start verify ranking function

[xr_1 = 0, xr_2 = -18620, xr_0 = 0]
ranking function : 0.863 *  x[0]^1.0 + 1.7255 *  x[1]^1.0 + 3.4512 *  x[2]^1.0 + 1.4548 * 1; 2.2139 *  x[0]^1.0 + 3.4467 *  x[1]^1.0 - 0.0077 *  x[2]^1.0 + 2.7945 * 1; 2.1016 *  x[0]^1.0 - 0.0032 *  x[1]^1.0 + 0.0005 *  x[2]^1.0 + 3.3922 * 1

2019-05-04-12-11-41   >>>>   End verify ranking function

verifying time = 7.793 ms


Not Found Ranking Fcuntion

Conterexample is 

[0, 0, -18620]

sampling time = 3.022 ms


       ########################################         

iteration 17 with 940 examples

2019-05-04-12-11-41   >>>>   Start train ranking function

2019-05-04-12-11-41   >>>>   End train ranking function

train_ranking_functioning time = 17.920 ms


2019-05-04-12-11-41   >>>>   Start verify ranking function

[xr_1 = 37238/3, xr_2 = 0, xr_0 = 0]
ranking function : 0.8629 *  x[0]^1.0 + 1.7255 *  x[1]^1.0 + 3.4512 *  x[2]^1.0 + 1.4547 * 1; 2.2139 *  x[0]^1.0 + 3.4468 *  x[1]^1.0 - 0.0079 *  x[2]^1.0 + 2.7946 * 1; 2.1013 *  x[0]^1.0 - 0.004 *  x[1]^1.0 + 0.0002 *  x[2]^1.0 + 3.392 * 1

2019-05-04-12-11-41   >>>>   End verify ranking function

verifying time = 7.855 ms


Not Found Ranking Fcuntion

Conterexample is 

[0, 12412.666666666666, 0]

sampling time = 2.927 ms


       ########################################         

iteration 18 with 944 examples

2019-05-04-12-11-41   >>>>   Start train ranking function

2019-05-04-12-11-41   >>>>   End train ranking function

train_ranking_functioning time = 18.487 ms


2019-05-04-12-11-41   >>>>   Start verify ranking function

[xr_1 = 0, xr_2 = -18617, xr_0 = 0]
ranking function : 0.8627 *  x[0]^1.0 + 1.7255 *  x[1]^1.0 + 3.4512 *  x[2]^1.0 + 1.4554 * 1; 2.2141 *  x[0]^1.0 + 3.4482 *  x[1]^1.0 - 0.0055 *  x[2]^1.0 + 2.7966 * 1; 2.1021 *  x[0]^1.0 - 0.0003 *  x[1]^1.0 + 0.0005 *  x[2]^1.0 + 3.392 * 1

2019-05-04-12-11-41   >>>>   End verify ranking function

verifying time = 7.752 ms


Not Found Ranking Fcuntion

Conterexample is 

[0, 0, -18617]

sampling time = 2.956 ms


       ########################################         

iteration 19 with 948 examples

2019-05-04-12-11-41   >>>>   Start train ranking function

2019-05-04-12-11-41   >>>>   End train ranking function

train_ranking_functioning time = 18.864 ms


2019-05-04-12-11-41   >>>>   Start verify ranking function

[xr_1 = 0, xr_2 = -18617/2, xr_0 = 0]
ranking function : 0.8627 *  x[0]^1.0 + 1.7255 *  x[1]^1.0 + 3.4514 *  x[2]^1.0 + 1.4554 * 1; 2.2141 *  x[0]^1.0 + 3.4482 *  x[1]^1.0 - 0.0056 *  x[2]^1.0 + 2.7966 * 1; 2.102 *  x[0]^1.0 - 0.0008 *  x[1]^1.0 + 0.0003 *  x[2]^1.0 + 3.3922 * 1

2019-05-04-12-11-41   >>>>   End verify ranking function

verifying time = 7.788 ms


Not Found Ranking Fcuntion

Conterexample is 

[0, 0, -9308.5]

sampling time = 3.283 ms


       ########################################         

iteration 20 with 952 examples

2019-05-04-12-11-41   >>>>   Start train ranking function

2019-05-04-12-11-41   >>>>   End train ranking function

train_ranking_functioning time = 20.048 ms


2019-05-04-12-11-41   >>>>   Start verify ranking function

[xr_1 = -37234, xr_2 = 0, xr_0 = 0]
ranking function : 0.8627 *  x[0]^1.0 + 1.7255 *  x[1]^1.0 + 3.4512 *  x[2]^1.0 + 1.4554 * 1; 2.2141 *  x[0]^1.0 + 3.4481 *  x[1]^1.0 - 0.0052 *  x[2]^1.0 + 2.7966 * 1; 2.102 *  x[0]^1.0 - 0.0007 *  x[1]^1.0 + 0.0002 *  x[2]^1.0 + 3.3921 * 1

2019-05-04-12-11-41   >>>>   End verify ranking function

verifying time = 8.595 ms


Not Found Ranking Fcuntion

Conterexample is 

[0, -37234, 0]

sampling time = 2.962 ms


       ########################################         

iteration 21 with 956 examples

2019-05-04-12-11-41   >>>>   Start train ranking function

2019-05-04-12-11-41   >>>>   End train ranking function

train_ranking_functioning time = 25.866 ms


2019-05-04-12-11-41   >>>>   Start verify ranking function

[xr_2 = 16399/3, xr_0 = 0]
ranking function : 0.8208 *  x[0]^1.0 + 1.6416 *  x[1]^1.0 + 3.2829 *  x[2]^1.0 + 0.0017 * 1; 3.2812 *  x[0]^1.0 + 3.2798 *  x[1]^1.0 - 0.0062 *  x[2]^1.0 + 1.5083 * 1; 3.2787 *  x[0]^1.0 - 0.0013 *  x[1]^1.0 + 0.0002 *  x[2]^1.0 + 4.7389 * 1

2019-05-04-12-11-41   >>>>   End verify ranking function

verifying time = 9.788 ms


Not Found Ranking Fcuntion

Conterexample is 

[0, 0, 5466.333333333333]

sampling time = 3.377 ms


       ########################################         

iteration 22 with 960 examples

2019-05-04-12-11-41   >>>>   Start train ranking function

2019-05-04-12-11-41   >>>>   End train ranking function

train_ranking_functioning time = 24.421 ms


2019-05-04-12-11-41   >>>>   Start verify ranking function

[xr_2 = -1640, xr_0 = 0]
ranking function : 0.8205 *  x[0]^1.0 + 1.641 *  x[1]^1.0 + 3.283 *  x[2]^1.0 + 0.0016 * 1; 3.2812 *  x[0]^1.0 + 3.2807 *  x[1]^1.0 - 0.0039 *  x[2]^1.0 + 1.507 * 1; 3.28 *  x[0]^1.0 - 0.0011 *  x[1]^1.0 + 0.0003 *  x[2]^1.0 + 4.7403 * 1

2019-05-04-12-11-41   >>>>   End verify ranking function

verifying time = 7.892 ms


Not Found Ranking Fcuntion

Conterexample is 

[0, 0, -1640]

sampling time = 2.929 ms


       ########################################         

iteration 23 with 964 examples

2019-05-04-12-11-41   >>>>   Start train ranking function

2019-05-04-12-11-41   >>>>   End train ranking function

train_ranking_functioning time = 22.912 ms


2019-05-04-12-11-41   >>>>   Start verify ranking function

[xr_1 = 18197/5, xr_2 = 0, xr_0 = 0]
ranking function : 0.8207 *  x[0]^1.0 + 1.6404 *  x[1]^1.0 + 3.2832 *  x[2]^1.0 + 0.0019 * 1; 3.2814 *  x[0]^1.0 + 3.2807 *  x[1]^1.0 - 0.0038 *  x[2]^1.0 + 1.5071 * 1; 3.2801 *  x[0]^1.0 - 0.0011 *  x[1]^1.0 + 0.0008 *  x[2]^1.0 + 4.7403 * 1

2019-05-04-12-11-41   >>>>   End verify ranking function

verifying time = 7.791 ms


Not Found Ranking Fcuntion

Conterexample is 

[0, 3639.4, 0]

sampling time = 2.951 ms


       ########################################         

iteration 24 with 968 examples

2019-05-04-12-11-41   >>>>   Start train ranking function

2019-05-04-12-11-41   >>>>   End train ranking function

train_ranking_functioning time = 23.069 ms


2019-05-04-12-11-41   >>>>   Start verify ranking function

[xr_1 = -36386/5, xr_2 = 0, xr_0 = 0]
ranking function : 0.8203 *  x[0]^1.0 + 1.6411 *  x[1]^1.0 + 3.2835 *  x[2]^1.0 + 0.002 * 1; 3.2815 *  x[0]^1.0 + 3.2808 *  x[1]^1.0 - 0.0043 *  x[2]^1.0 + 1.5069 * 1; 3.2802 *  x[0]^1.0 - 0.0003 *  x[1]^1.0 + 0.0003 *  x[2]^1.0 + 4.7405 * 1

2019-05-04-12-11-41   >>>>   End verify ranking function

verifying time = 7.764 ms


Not Found Ranking Fcuntion

Conterexample is 

[0, -7277.2, 0]

sampling time = 2.934 ms


Failed to prove it is terminated

UNKNOWN
Time For Template 2 Is--->-1384.857000 ms

------Using Template 3 -----------
10 [5, 2, 3]
*****************************************************

2019-05-04-12-11-42   >>>>   End sampling point

sampling time = 616.432 ms,


       ########################################         

iteration 0 with 872 examples

2019-05-04-12-11-42   >>>>   Start train ranking function

2019-05-04-12-11-42   >>>>   End train ranking function

train_ranking_functioning time = 35.667 ms


2019-05-04-12-11-42   >>>>   Start verify ranking function

[xr_0 = 1/2, xr_1 = 1/2, xr_2 = 1/8]
ranking function : 1.2353 * 1 + 0.0101 *  x[0]^-1.0 *  x[1]^3.0 *  x[2]^-3.0 + 0.002 *  x[0]^3.0 *  x[1]^1.0 + 0.0178 *  x[0]^-1.0 *  x[1]^3.0 *  x[2]^3.0 + 0.0067 *  x[0]^-0.5 *  x[1]^-3.0 *  x[2]^1.0; 0.0373 *  x[0]^3.0 *  x[1]^0.5 *  x[2]^3.0 - 0.0073 *  x[0]^0.5 *  x[1]^-1.0 *  x[2]^-2.0;  - 0.0004 *  x[0]^1.0 *  x[1]^-1.0 *  x[2]^0.5 + 0.2383 *  x[0]^-0.5 *  x[1]^2.0 *  x[2]^0.5 - 0.068 *  x[0]^2.0 *  x[2]^-0.5

2019-05-04-12-11-42   >>>>   End verify ranking function

verifying time = 25.823 ms


Not Found Ranking Fcuntion

Conterexample is 

[0.5, 0.5, 0.125]

sampling time = 2.843 ms


       ########################################         

iteration 1 with 876 examples

2019-05-04-12-11-42   >>>>   Start train ranking function

2019-05-04-12-11-42   >>>>   End train ranking function

train_ranking_functioning time = 36.124 ms


2019-05-04-12-11-42   >>>>   Start verify ranking function

[xr_0 = 54, xr_1 = 1/2, xr_2 = 1/8]
ranking function : 1.2256 * 1 - 0.0017 *  x[0]^-1.0 *  x[1]^3.0 *  x[2]^-3.0 - 0.0147 *  x[0]^3.0 *  x[1]^1.0 + 0.0153 *  x[0]^-1.0 *  x[1]^3.0 *  x[2]^3.0 - 0.0101 *  x[0]^-0.5 *  x[1]^-3.0 *  x[2]^1.0; 0.0341 *  x[0]^3.0 *  x[1]^0.5 *  x[2]^3.0 + 0.012 *  x[0]^0.5 *  x[1]^-1.0 *  x[2]^-2.0;  - 0.0035 *  x[0]^1.0 *  x[1]^-1.0 *  x[2]^0.5 + 0.2412 *  x[0]^-0.5 *  x[1]^2.0 *  x[2]^0.5 - 0.0656 *  x[0]^2.0 *  x[2]^-0.5

2019-05-04-12-11-42   >>>>   End verify ranking function

verifying time = 20.154 ms


Not Found Ranking Fcuntion

Conterexample is 

[54, 0.5, 0.125]

sampling time = 2.851 ms


       ########################################         

iteration 2 with 880 examples

2019-05-04-12-11-42   >>>>   Start train ranking function

2019-05-04-12-11-42   >>>>   End train ranking function

train_ranking_functioning time = 35.966 ms


2019-05-04-12-11-42   >>>>   Start verify ranking function

[xr_0 = 54, xr_1 = 1/2, xr_2 = 1/8]
ranking function : 1.2516 * 1 + 0.0014 *  x[0]^-1.0 *  x[1]^3.0 *  x[2]^-3.0 - 0.0209 *  x[0]^3.0 *  x[1]^1.0 + 0.0077 *  x[0]^-1.0 *  x[1]^3.0 *  x[2]^3.0 + 0.0147 *  x[0]^-0.5 *  x[1]^-3.0 *  x[2]^1.0; 0.0346 *  x[0]^3.0 *  x[1]^0.5 *  x[2]^3.0 + 0.0034 *  x[0]^0.5 *  x[1]^-1.0 *  x[2]^-2.0;  - 0.001 *  x[0]^1.0 *  x[1]^-1.0 *  x[2]^0.5 + 0.2336 *  x[0]^-0.5 *  x[1]^2.0 *  x[2]^0.5 - 0.052 *  x[0]^2.0 *  x[2]^-0.5

2019-05-04-12-11-42   >>>>   End verify ranking function

verifying time = 20.271 ms


Not Found Ranking Fcuntion

Conterexample is 

[54, 0.5, 0.125]

sampling time = 2.947 ms


       ########################################         

iteration 3 with 884 examples

2019-05-04-12-11-42   >>>>   Start train ranking function

2019-05-04-12-11-42   >>>>   End train ranking function

train_ranking_functioning time = 36.210 ms


2019-05-04-12-11-42   >>>>   Start verify ranking function

[xr_0 = -1, xr_1 = 1/2, xr_2 = 1/8]
ranking function : 1.2275 * 1 - 0.0011 *  x[0]^-1.0 *  x[1]^3.0 *  x[2]^-3.0 + 0.0012 *  x[0]^3.0 *  x[1]^1.0 + 0.0118 *  x[0]^-1.0 *  x[1]^3.0 *  x[2]^3.0 - 0.0165 *  x[0]^-0.5 *  x[1]^-3.0 *  x[2]^1.0; 0.0319 *  x[0]^3.0 *  x[1]^0.5 *  x[2]^3.0 - 0.0049 *  x[0]^0.5 *  x[1]^-1.0 *  x[2]^-2.0; 0.0072 *  x[0]^1.0 *  x[1]^-1.0 *  x[2]^0.5 + 0.2265 *  x[0]^-0.5 *  x[1]^2.0 *  x[2]^0.5 - 0.0102 *  x[0]^2.0 *  x[2]^-0.5

2019-05-04-12-11-42   >>>>   End verify ranking function

verifying time = 23.447 ms


Not Found Ranking Fcuntion

Conterexample is 

[-1, 0.5, 0.125]

sampling time = 2.896 ms


       ########################################         

iteration 4 with 888 examples

2019-05-04-12-11-42   >>>>   Start train ranking function

2019-05-04-12-11-42   >>>>   End train ranking function

train_ranking_functioning time = 37.960 ms


2019-05-04-12-11-42   >>>>   Start verify ranking function

[xr_0 = -1, xr_1 = 1/2, xr_2 = 1/8]
ranking function : 1.2327 * 1 - 0.0013 *  x[0]^-1.0 *  x[1]^3.0 *  x[2]^-3.0 + 0.0163 *  x[0]^3.0 *  x[1]^1.0 + 0.0173 *  x[0]^-1.0 *  x[1]^3.0 *  x[2]^3.0 + 0.0056 *  x[0]^-0.5 *  x[1]^-3.0 *  x[2]^1.0; 0.0289 *  x[0]^3.0 *  x[1]^0.5 *  x[2]^3.0 - 0.0015 *  x[0]^0.5 *  x[1]^-1.0 *  x[2]^-2.0; 0.2287 *  x[0]^-0.5 *  x[1]^2.0 *  x[2]^0.5 - 0.0388 *  x[0]^2.0 *  x[2]^-0.5

2019-05-04-12-11-42   >>>>   End verify ranking function

verifying time = 24.417 ms


Not Found Ranking Fcuntion

Conterexample is 

[-1, 0.5, 0.125]

sampling time = 2.865 ms


       ########################################         

iteration 5 with 892 examples

2019-05-04-12-11-42   >>>>   Start train ranking function

2019-05-04-12-11-42   >>>>   End train ranking function

train_ranking_functioning time = 36.651 ms


2019-05-04-12-11-42   >>>>   Start verify ranking function

[xr_0 = 54, xr_1 = 1/2, xr_2 = 1/8]
ranking function : 1.2356 * 1 - 0.0023 *  x[0]^-1.0 *  x[1]^3.0 *  x[2]^-3.0 - 0.0268 *  x[0]^3.0 *  x[1]^1.0 - 0.0001 *  x[0]^-1.0 *  x[1]^3.0 *  x[2]^3.0 - 0.0195 *  x[0]^-0.5 *  x[1]^-3.0 *  x[2]^1.0; 0.0344 *  x[0]^3.0 *  x[1]^0.5 *  x[2]^3.0 - 0.0065 *  x[0]^0.5 *  x[1]^-1.0 *  x[2]^-2.0; 0.0023 *  x[0]^1.0 *  x[1]^-1.0 *  x[2]^0.5 + 0.232 *  x[0]^-0.5 *  x[1]^2.0 *  x[2]^0.5 - 0.0401 *  x[0]^2.0 *  x[2]^-0.5

2019-05-04-12-11-42   >>>>   End verify ranking function

verifying time = 20.168 ms


Not Found Ranking Fcuntion

Conterexample is 

[54, 0.5, 0.125]

sampling time = 2.867 ms


       ########################################         

iteration 6 with 896 examples

2019-05-04-12-11-42   >>>>   Start train ranking function

2019-05-04-12-11-42   >>>>   End train ranking function

train_ranking_functioning time = 36.783 ms


2019-05-04-12-11-42   >>>>   Start verify ranking function

[xr_0 = 54, xr_1 = 1/2, xr_2 = 1/8]
ranking function : 1.2132 * 1 + 0.0116 *  x[0]^-1.0 *  x[1]^3.0 *  x[2]^-3.0 - 0.0107 *  x[0]^3.0 *  x[1]^1.0 + 0.0278 *  x[0]^-1.0 *  x[1]^3.0 *  x[2]^3.0 - 0.0019 *  x[0]^-0.5 *  x[1]^-3.0 *  x[2]^1.0; 0.0305 *  x[0]^3.0 *  x[1]^0.5 *  x[2]^3.0 - 0.0075 *  x[0]^0.5 *  x[1]^-1.0 *  x[2]^-2.0;  - 0.0028 *  x[0]^1.0 *  x[1]^-1.0 *  x[2]^0.5 + 0.2249 *  x[0]^-0.5 *  x[1]^2.0 *  x[2]^0.5 - 0.0276 *  x[0]^2.0 *  x[2]^-0.5

2019-05-04-12-11-42   >>>>   End verify ranking function

verifying time = 20.076 ms


Not Found Ranking Fcuntion

Conterexample is 

[54, 0.5, 0.125]

sampling time = 2.850 ms


       ########################################         

iteration 7 with 900 examples

2019-05-04-12-11-42   >>>>   Start train ranking function

2019-05-04-12-11-42   >>>>   End train ranking function

train_ranking_functioning time = 36.836 ms


2019-05-04-12-11-42   >>>>   Start verify ranking function

[xr_0 = 54, xr_1 = 1/2, xr_2 = 1/8]
ranking function : 1.2307 * 1 + 0.0082 *  x[0]^-1.0 *  x[1]^3.0 *  x[2]^-3.0 - 0.0097 *  x[0]^3.0 *  x[1]^1.0 + 0.0141 *  x[0]^-1.0 *  x[1]^3.0 *  x[2]^3.0 + 0.0018 *  x[0]^-0.5 *  x[1]^-3.0 *  x[2]^1.0; 0.0265 *  x[0]^3.0 *  x[1]^0.5 *  x[2]^3.0 - 0.0144 *  x[0]^0.5 *  x[1]^-1.0 *  x[2]^-2.0;  - 0.004 *  x[0]^1.0 *  x[1]^-1.0 *  x[2]^0.5 + 0.2239 *  x[0]^-0.5 *  x[1]^2.0 *  x[2]^0.5 - 0.0218 *  x[0]^2.0 *  x[2]^-0.5

2019-05-04-12-11-42   >>>>   End verify ranking function

verifying time = 20.679 ms


Not Found Ranking Fcuntion

Conterexample is 

[54, 0.5, 0.125]

sampling time = 2.842 ms


       ########################################         

iteration 8 with 904 examples

2019-05-04-12-11-42   >>>>   Start train ranking function

2019-05-04-12-11-42   >>>>   End train ranking function

train_ranking_functioning time = 37.122 ms


2019-05-04-12-11-42   >>>>   Start verify ranking function

[xr_0 = 54, xr_1 = 1/2, xr_2 = 1/8]
ranking function : 1.2312 * 1 + 0.0077 *  x[0]^-1.0 *  x[1]^3.0 *  x[2]^-3.0 - 0.0027 *  x[0]^3.0 *  x[1]^1.0 + 0.0123 *  x[0]^-1.0 *  x[1]^3.0 *  x[2]^3.0 - 0.0064 *  x[0]^-0.5 *  x[1]^-3.0 *  x[2]^1.0; 0.0299 *  x[0]^3.0 *  x[1]^0.5 *  x[2]^3.0 - 0.0004 *  x[0]^0.5 *  x[1]^-1.0 *  x[2]^-2.0; 0.0012 *  x[0]^1.0 *  x[1]^-1.0 *  x[2]^0.5 + 0.2209 *  x[0]^-0.5 *  x[1]^2.0 *  x[2]^0.5 - 0.015 *  x[0]^2.0 *  x[2]^-0.5

2019-05-04-12-11-42   >>>>   End verify ranking function

verifying time = 20.122 ms


Not Found Ranking Fcuntion

Conterexample is 

[54, 0.5, 0.125]

sampling time = 2.869 ms


       ########################################         

iteration 9 with 908 examples

2019-05-04-12-11-42   >>>>   Start train ranking function

2019-05-04-12-11-42   >>>>   End train ranking function

train_ranking_functioning time = 37.618 ms


2019-05-04-12-11-42   >>>>   Start verify ranking function

[xr_0 = 54, xr_1 = 1/2, xr_2 = 1/8]
ranking function : 1.2198 * 1 - 0.0168 *  x[0]^-1.0 *  x[1]^3.0 *  x[2]^-3.0 - 0.0038 *  x[0]^3.0 *  x[1]^1.0 + 0.0095 *  x[0]^-1.0 *  x[1]^3.0 *  x[2]^3.0 - 0.0113 *  x[0]^-0.5 *  x[1]^-3.0 *  x[2]^1.0; 0.0279 *  x[0]^3.0 *  x[1]^0.5 *  x[2]^3.0 - 0.014 *  x[0]^0.5 *  x[1]^-1.0 *  x[2]^-2.0; 0.0039 *  x[0]^1.0 *  x[1]^-1.0 *  x[2]^0.5 + 0.2208 *  x[0]^-0.5 *  x[1]^2.0 *  x[2]^0.5 - 0.0167 *  x[0]^2.0 *  x[2]^-0.5

2019-05-04-12-11-42   >>>>   End verify ranking function

verifying time = 20.108 ms


Not Found Ranking Fcuntion

Conterexample is 

[54, 0.5, 0.125]

sampling time = 2.838 ms


       ########################################         

iteration 10 with 912 examples

2019-05-04-12-11-42   >>>>   Start train ranking function

2019-05-04-12-11-42   >>>>   End train ranking function

train_ranking_functioning time = 37.726 ms


2019-05-04-12-11-42   >>>>   Start verify ranking function

[xr_0 = 54, xr_1 = 1/2, xr_2 = 1/8]
ranking function : 1.2123 * 1 + 0.0034 *  x[0]^-1.0 *  x[1]^3.0 *  x[2]^-3.0 - 0.0314 *  x[0]^3.0 *  x[1]^1.0 + 0.015 *  x[0]^-1.0 *  x[1]^3.0 *  x[2]^3.0 + 0.0011 *  x[0]^-0.5 *  x[1]^-3.0 *  x[2]^1.0; 0.0293 *  x[0]^3.0 *  x[1]^0.5 *  x[2]^3.0 - 0.0004 *  x[0]^0.5 *  x[1]^-1.0 *  x[2]^-2.0; 0.0018 *  x[0]^1.0 *  x[1]^-1.0 *  x[2]^0.5 + 0.2202 *  x[0]^-0.5 *  x[1]^2.0 *  x[2]^0.5 - 0.014 *  x[0]^2.0 *  x[2]^-0.5

2019-05-04-12-11-42   >>>>   End verify ranking function

verifying time = 20.412 ms


Not Found Ranking Fcuntion

Conterexample is 

[54, 0.5, 0.125]

sampling time = 2.885 ms


       ########################################         

iteration 11 with 916 examples

2019-05-04-12-11-42   >>>>   Start train ranking function

2019-05-04-12-11-42   >>>>   End train ranking function

train_ranking_functioning time = 38.382 ms


2019-05-04-12-11-42   >>>>   Start verify ranking function

[xr_0 = 1/2, xr_1 = 1/2, xr_2 = 1/8]
ranking function : 1.2415 * 1 + 0.0101 *  x[0]^-1.0 *  x[1]^3.0 *  x[2]^-3.0 + 0.0001 *  x[0]^3.0 *  x[1]^1.0 + 0.0133 *  x[0]^-1.0 *  x[1]^3.0 *  x[2]^3.0 + 0.0039 *  x[0]^-0.5 *  x[1]^-3.0 *  x[2]^1.0; 0.0315 *  x[0]^3.0 *  x[1]^0.5 *  x[2]^3.0 + 0.0144 *  x[0]^0.5 *  x[1]^-1.0 *  x[2]^-2.0; 0.0009 *  x[0]^1.0 *  x[1]^-1.0 *  x[2]^0.5 + 0.2179 *  x[0]^-0.5 *  x[1]^2.0 *  x[2]^0.5 - 0.0108 *  x[0]^2.0 *  x[2]^-0.5

2019-05-04-12-11-43   >>>>   End verify ranking function

verifying time = 26.870 ms


Not Found Ranking Fcuntion

Conterexample is 

[0.5, 0.5, 0.125]

sampling time = 3.087 ms


       ########################################         

iteration 12 with 920 examples

2019-05-04-12-11-43   >>>>   Start train ranking function

2019-05-04-12-11-43   >>>>   End train ranking function

train_ranking_functioning time = 38.107 ms


2019-05-04-12-11-43   >>>>   Start verify ranking function

[xr_0 = 54, xr_1 = 1/2, xr_2 = 1/8]
ranking function : 1.216 * 1 + 0.0018 *  x[0]^-1.0 *  x[1]^3.0 *  x[2]^-3.0 - 0.0073 *  x[0]^3.0 *  x[1]^1.0 + 0.0085 *  x[0]^-1.0 *  x[1]^3.0 *  x[2]^3.0 + 0.022 *  x[0]^-0.5 *  x[1]^-3.0 *  x[2]^1.0; 0.0279 *  x[0]^3.0 *  x[1]^0.5 *  x[2]^3.0 + 0.0048 *  x[0]^0.5 *  x[1]^-1.0 *  x[2]^-2.0; 0.0018 *  x[0]^1.0 *  x[1]^-1.0 *  x[2]^0.5 + 0.2206 *  x[0]^-0.5 *  x[1]^2.0 *  x[2]^0.5 - 0.0129 *  x[0]^2.0 *  x[2]^-0.5

2019-05-04-12-11-43   >>>>   End verify ranking function

verifying time = 20.218 ms


Not Found Ranking Fcuntion

Conterexample is 

[54, 0.5, 0.125]

sampling time = 3.128 ms


       ########################################         

iteration 13 with 924 examples

2019-05-04-12-11-43   >>>>   Start train ranking function

2019-05-04-12-11-43   >>>>   End train ranking function

train_ranking_functioning time = 39.210 ms


2019-05-04-12-11-43   >>>>   Start verify ranking function

[xr_0 = 54, xr_1 = 1/2, xr_2 = 1/8]
ranking function : 1.2312 * 1 - 0.0073 *  x[0]^-1.0 *  x[1]^3.0 *  x[2]^-3.0 - 0.0153 *  x[0]^3.0 *  x[1]^1.0 + 0.0125 *  x[0]^-1.0 *  x[1]^3.0 *  x[2]^3.0 + 0.0134 *  x[0]^-0.5 *  x[1]^-3.0 *  x[2]^1.0; 0.028 *  x[0]^3.0 *  x[1]^0.5 *  x[2]^3.0 + 0.0006 *  x[0]^0.5 *  x[1]^-1.0 *  x[2]^-2.0; 0.003 *  x[0]^1.0 *  x[1]^-1.0 *  x[2]^0.5 + 0.2115 *  x[0]^-0.5 *  x[1]^2.0 *  x[2]^0.5 - 0.0037 *  x[0]^2.0 *  x[2]^-0.5

2019-05-04-12-11-43   >>>>   End verify ranking function

verifying time = 20.369 ms


Not Found Ranking Fcuntion

Conterexample is 

[54, 0.5, 0.125]

sampling time = 3.500 ms


       ########################################         

iteration 14 with 928 examples

2019-05-04-12-11-43   >>>>   Start train ranking function

2019-05-04-12-11-43   >>>>   End train ranking function

train_ranking_functioning time = 38.137 ms


2019-05-04-12-11-43   >>>>   Start verify ranking function

[xr_0 = 1/2, xr_1 = 1/2, xr_2 = 1/8]
ranking function : 1.236 * 1 + 0.028 *  x[0]^-1.0 *  x[1]^3.0 *  x[2]^-3.0 + 0.0013 *  x[0]^3.0 *  x[1]^1.0 + 0.0189 *  x[0]^-1.0 *  x[1]^3.0 *  x[2]^3.0 - 0.0094 *  x[0]^-0.5 *  x[1]^-3.0 *  x[2]^1.0; 0.0272 *  x[0]^3.0 *  x[1]^0.5 *  x[2]^3.0 + 0.0131 *  x[0]^0.5 *  x[1]^-1.0 *  x[2]^-2.0; 0.0036 *  x[0]^1.0 *  x[1]^-1.0 *  x[2]^0.5 + 0.2199 *  x[0]^-0.5 *  x[1]^2.0 *  x[2]^0.5 - 0.0105 *  x[0]^2.0 *  x[2]^-0.5

2019-05-04-12-11-43   >>>>   End verify ranking function

verifying time = 25.802 ms


Not Found Ranking Fcuntion

Conterexample is 

[0.5, 0.5, 0.125]

sampling time = 2.798 ms


       ########################################         

iteration 15 with 932 examples

2019-05-04-12-11-43   >>>>   Start train ranking function

2019-05-04-12-11-43   >>>>   End train ranking function

train_ranking_functioning time = 38.598 ms


2019-05-04-12-11-43   >>>>   Start verify ranking function

[xr_0 = 54, xr_1 = 1/2, xr_2 = 1/8]
ranking function : 1.2318 * 1 - 0.0031 *  x[0]^-1.0 *  x[1]^3.0 *  x[2]^-3.0 - 0.0002 *  x[0]^3.0 *  x[1]^1.0 + 0.0068 *  x[0]^-1.0 *  x[1]^3.0 *  x[2]^3.0 + 0.0013 *  x[0]^-0.5 *  x[1]^-3.0 *  x[2]^1.0; 0.0308 *  x[0]^3.0 *  x[1]^0.5 *  x[2]^3.0 - 0.007 *  x[0]^0.5 *  x[1]^-1.0 *  x[2]^-2.0; 0.0033 *  x[0]^1.0 *  x[1]^-1.0 *  x[2]^0.5 + 0.2216 *  x[0]^-0.5 *  x[1]^2.0 *  x[2]^0.5 - 0.0089 *  x[0]^2.0 *  x[2]^-0.5

2019-05-04-12-11-43   >>>>   End verify ranking function

verifying time = 20.298 ms


Not Found Ranking Fcuntion

Conterexample is 

[54, 0.5, 0.125]

sampling time = 2.839 ms


       ########################################         

iteration 16 with 936 examples

2019-05-04-12-11-43   >>>>   Start train ranking function

2019-05-04-12-11-43   >>>>   End train ranking function

train_ranking_functioning time = 38.668 ms


2019-05-04-12-11-43   >>>>   Start verify ranking function

[xr_0 = 54, xr_1 = 1/2, xr_2 = 1/8]
ranking function : 1.2258 * 1 + 0.0035 *  x[0]^-1.0 *  x[1]^3.0 *  x[2]^-3.0 - 0.0047 *  x[0]^3.0 *  x[1]^1.0 + 0.029 *  x[0]^-1.0 *  x[1]^3.0 *  x[2]^3.0; 0.0334 *  x[0]^3.0 *  x[1]^0.5 *  x[2]^3.0 - 0.0031 *  x[0]^0.5 *  x[1]^-1.0 *  x[2]^-2.0; 0.0023 *  x[0]^1.0 *  x[1]^-1.0 *  x[2]^0.5 + 0.2194 *  x[0]^-0.5 *  x[1]^2.0 *  x[2]^0.5 - 0.0061 *  x[0]^2.0 *  x[2]^-0.5

2019-05-04-12-11-43   >>>>   End verify ranking function

verifying time = 20.324 ms


Not Found Ranking Fcuntion

Conterexample is 

[54, 0.5, 0.125]

sampling time = 2.865 ms


       ########################################         

iteration 17 with 940 examples

2019-05-04-12-11-43   >>>>   Start train ranking function

2019-05-04-12-11-43   >>>>   End train ranking function

train_ranking_functioning time = 39.011 ms


2019-05-04-12-11-43   >>>>   Start verify ranking function

[xr_0 = 54, xr_1 = 1/2, xr_2 = 1/8]
ranking function : 1.2247 * 1 + 0.0188 *  x[0]^-1.0 *  x[1]^3.0 *  x[2]^-3.0 - 0.0285 *  x[0]^3.0 *  x[1]^1.0 + 0.0102 *  x[0]^-1.0 *  x[1]^3.0 *  x[2]^3.0 + 0.0037 *  x[0]^-0.5 *  x[1]^-3.0 *  x[2]^1.0; 0.0308 *  x[0]^3.0 *  x[1]^0.5 *  x[2]^3.0 - 0.0032 *  x[0]^0.5 *  x[1]^-1.0 *  x[2]^-2.0; 0.0019 *  x[0]^1.0 *  x[1]^-1.0 *  x[2]^0.5 + 0.2173 *  x[0]^-0.5 *  x[1]^2.0 *  x[2]^0.5 - 0.0028 *  x[0]^2.0 *  x[2]^-0.5

2019-05-04-12-11-43   >>>>   End verify ranking function

verifying time = 20.587 ms


Not Found Ranking Fcuntion

Conterexample is 

[54, 0.5, 0.125]

sampling time = 2.795 ms


       ########################################         

iteration 18 with 944 examples

2019-05-04-12-11-43   >>>>   Start train ranking function

2019-05-04-12-11-43   >>>>   End train ranking function

train_ranking_functioning time = 39.014 ms


2019-05-04-12-11-43   >>>>   Start verify ranking function

[xr_0 = -1, xr_1 = 1/2, xr_2 = 1/8]
ranking function : 1.2218 * 1 - 0.0006 *  x[0]^-1.0 *  x[1]^3.0 *  x[2]^-3.0 + 0.0034 *  x[0]^3.0 *  x[1]^1.0 + 0.0214 *  x[0]^-1.0 *  x[1]^3.0 *  x[2]^3.0 - 0.0068 *  x[0]^-0.5 *  x[1]^-3.0 *  x[2]^1.0; 0.0278 *  x[0]^3.0 *  x[1]^0.5 *  x[2]^3.0 - 0.0091 *  x[0]^0.5 *  x[1]^-1.0 *  x[2]^-2.0;  - 0.002 *  x[0]^1.0 *  x[1]^-1.0 *  x[2]^0.5 + 0.2188 *  x[0]^-0.5 *  x[1]^2.0 *  x[2]^0.5 - 0.0067 *  x[0]^2.0 *  x[2]^-0.5

2019-05-04-12-11-43   >>>>   End verify ranking function

verifying time = 25.134 ms


Not Found Ranking Fcuntion

Conterexample is 

[-1, 0.5, 0.125]

sampling time = 2.867 ms


       ########################################         

iteration 19 with 948 examples

2019-05-04-12-11-43   >>>>   Start train ranking function

2019-05-04-12-11-43   >>>>   End train ranking function

train_ranking_functioning time = 39.882 ms


2019-05-04-12-11-43   >>>>   Start verify ranking function

[xr_0 = 54, xr_1 = 1/2, xr_2 = 1/8]
ranking function : 1.2238 * 1 + 0.0164 *  x[0]^-1.0 *  x[1]^3.0 *  x[2]^-3.0 - 0.0002 *  x[0]^3.0 *  x[1]^1.0 + 0.0158 *  x[0]^-1.0 *  x[1]^3.0 *  x[2]^3.0; 0.0312 *  x[0]^3.0 *  x[1]^0.5 *  x[2]^3.0 + 0.0072 *  x[0]^0.5 *  x[1]^-1.0 *  x[2]^-2.0; 0.008 *  x[0]^1.0 *  x[1]^-1.0 *  x[2]^0.5 + 0.2186 *  x[0]^-0.5 *  x[1]^2.0 *  x[2]^0.5 - 0.007 *  x[0]^2.0 *  x[2]^-0.5

2019-05-04-12-11-43   >>>>   End verify ranking function

verifying time = 20.379 ms


Not Found Ranking Fcuntion

Conterexample is 

[54, 0.5, 0.125]

sampling time = 2.892 ms


       ########################################         

iteration 20 with 952 examples

2019-05-04-12-11-43   >>>>   Start train ranking function

2019-05-04-12-11-43   >>>>   End train ranking function

train_ranking_functioning time = 39.303 ms


2019-05-04-12-11-43   >>>>   Start verify ranking function

[xr_0 = 54, xr_1 = 1/2, xr_2 = 1/8]
ranking function : 1.2409 * 1 + 0.008 *  x[0]^-1.0 *  x[1]^3.0 *  x[2]^-3.0 + 0.0124 *  x[0]^-1.0 *  x[1]^3.0 *  x[2]^3.0 - 0.0095 *  x[0]^-0.5 *  x[1]^-3.0 *  x[2]^1.0; 0.0284 *  x[0]^3.0 *  x[1]^0.5 *  x[2]^3.0 + 0.0054 *  x[0]^0.5 *  x[1]^-1.0 *  x[2]^-2.0; 0.0002 *  x[0]^1.0 *  x[1]^-1.0 *  x[2]^0.5 + 0.2181 *  x[0]^-0.5 *  x[1]^2.0 *  x[2]^0.5 - 0.0018 *  x[0]^2.0 *  x[2]^-0.5

2019-05-04-12-11-43   >>>>   End verify ranking function

verifying time = 20.291 ms


Not Found Ranking Fcuntion

Conterexample is 

[54, 0.5, 0.125]

sampling time = 2.886 ms


       ########################################         

iteration 21 with 956 examples

2019-05-04-12-11-43   >>>>   Start train ranking function

2019-05-04-12-11-43   >>>>   End train ranking function

train_ranking_functioning time = 39.995 ms


2019-05-04-12-11-43   >>>>   Start verify ranking function

[xr_0 = 54, xr_1 = 1/2, xr_2 = 1/8]
ranking function : 1.2296 * 1 - 0.0049 *  x[0]^-1.0 *  x[1]^3.0 *  x[2]^-3.0 - 0.0208 *  x[0]^3.0 *  x[1]^1.0 + 0.0171 *  x[0]^-1.0 *  x[1]^3.0 *  x[2]^3.0 - 0.011 *  x[0]^-0.5 *  x[1]^-3.0 *  x[2]^1.0; 0.0323 *  x[0]^3.0 *  x[1]^0.5 *  x[2]^3.0 + 0.0157 *  x[0]^0.5 *  x[1]^-1.0 *  x[2]^-2.0; 0.0005 *  x[0]^1.0 *  x[1]^-1.0 *  x[2]^0.5 + 0.2171 *  x[0]^-0.5 *  x[1]^2.0 *  x[2]^0.5 - 0.0038 *  x[0]^2.0 *  x[2]^-0.5
