------Using Template 0 -----------
5 [5]
*****************************************************

2019-05-04-12-26-36   >>>>   End sampling point

sampling time = 55.933 ms,


       ########################################         

iteration 0 with 76 examples

2019-05-04-12-26-36   >>>>   Start train ranking function

2019-05-04-12-26-36   >>>>   End train ranking function

train_ranking_functioning time = 0.564 ms


2019-05-04-12-26-36   >>>>   Start verify ranking function

[xi_2 = 10, xi_1 = 0]
ranking function : 1.0 *  x[1]^1.0 + 0.9 *  x[2]^1.0 + 1.0 * 1

2019-05-04-12-26-36   >>>>   End verify ranking function

verifying time = 8.748 ms


Not Found Ranking Fcuntion

Conterexample is 

[0, 0, 10, 0]

sampling time = 1.355 ms


       ########################################         

iteration 1 with 78 examples

2019-05-04-12-26-36   >>>>   Start train ranking function

2019-05-04-12-26-36   >>>>   End train ranking function

train_ranking_functioning time = 1.383 ms


2019-05-04-12-26-36   >>>>   Start verify ranking function

valid ranking function
ranking function : 1.0 *  x[1]^1.0 + 1.0 *  x[2]^1.0 + 1.0 * 1

2019-05-04-12-26-37   >>>>   End verify ranking function

verifying time = 9.984 ms


Found Ranking Fcuntion: 1.0 *  x[1]^1.0 + 1.0 *  x[2]^1.0 + 1.0 * 1

1.0 *  x[1]^1.0 + 1.0 *  x[2]^1.0 + 1.0 * 1
FINATE
Time For Template 0 Is--->-103.200000 ms

Time For ../Program_non/29.bpl Is ---> 267.968000 ms

