------Using Template 0 -----------
4 [4]
*****************************************************

2019-05-04-12-31-37   >>>>   End sampling point

sampling time = 23.859 ms,


       ########################################         

iteration 0 with 34 examples

2019-05-04-12-31-37   >>>>   Start train ranking function

2019-05-04-12-31-37   >>>>   End train ranking function

train_ranking_functioning time = 0.550 ms


2019-05-04-12-31-37   >>>>   Start verify ranking function

valid ranking function
ranking function : 0.5 *  x[1]^1.0 - 0.5 *  x[2]^1.0 + 0.9 * 1

2019-05-04-12-31-37   >>>>   End verify ranking function

verifying time = 7.962 ms


Found Ranking Fcuntion: 0.5 *  x[1]^1.0 - 0.5 *  x[2]^1.0 + 0.9 * 1

0.5 *  x[1]^1.0 - 0.5 *  x[2]^1.0 + 0.9 * 1
FINATE
Time For Template 0 Is--->-55.307000 ms

Time For ../Program_non/30.bpl Is ---> 207.243000 ms

