------Using Template 0 -----------
6 [6]
*****************************************************

2019-05-04-12-31-39   >>>>   End sampling point

sampling time = 867.832 ms,


       ########################################         

iteration 0 with 1028 examples

2019-05-04-12-31-39   >>>>   Start train ranking function

2019-05-04-12-31-39   >>>>   End train ranking function

train_ranking_functioning time = 21.927 ms


2019-05-04-12-31-39   >>>>   Start verify ranking function

[xr_4 = 0, xr_1 = 0, xr_3 = -19978/3, xr_2 = 0, xr_0 = 1]
ranking function : 0.9988 *  x[0]^1.0 - 0.0311 *  x[1]^1.0 - 0.0781 *  x[2]^1.0 + 0.0032 *  x[3]^1.0 + 0.0061 *  x[4]^1.0 + 0.8 * 1

2019-05-04-12-31-39   >>>>   End verify ranking function

verifying time = 9.963 ms


Not Found Ranking Fcuntion

Conterexample is 

[1, 0, 0, -6659.333333333333, 0]

sampling time = 1.720 ms


       ########################################         

iteration 1 with 1030 examples

2019-05-04-12-31-39   >>>>   Start train ranking function

2019-05-04-12-31-39   >>>>   End train ranking function

train_ranking_functioning time = 20.421 ms


2019-05-04-12-31-39   >>>>   Start verify ranking function

[xr_4 = 9992/11, xr_3 = 0, xr_2 = 0, xr_0 = 1]
ranking function : 0.9994 *  x[0]^1.0 - 0.0311 *  x[1]^1.0 - 0.0781 *  x[2]^1.0 + 0.0025 *  x[3]^1.0 + 0.0061 *  x[4]^1.0 + 0.8001 * 1

2019-05-04-12-31-39   >>>>   End verify ranking function

verifying time = 9.951 ms


Not Found Ranking Fcuntion

Conterexample is 

[1, 0, 0, 0, 908.3636363636364]

sampling time = 1.727 ms


       ########################################         

iteration 2 with 1032 examples

2019-05-04-12-31-39   >>>>   Start train ranking function

2019-05-04-12-31-39   >>>>   End train ranking function

train_ranking_functioning time = 20.578 ms


2019-05-04-12-31-39   >>>>   Start verify ranking function

[xr_4 = 0, xr_1 = 0, xr_3 = 0, xr_2 = -4997/6, xr_0 = 1]
ranking function : 0.9998 *  x[0]^1.0 - 0.0308 *  x[1]^1.0 - 0.0782 *  x[2]^1.0 + 0.0022 *  x[3]^1.0 + 0.006 *  x[4]^1.0 + 0.8001 * 1

2019-05-04-12-31-39   >>>>   End verify ranking function

verifying time = 9.933 ms


Not Found Ranking Fcuntion

Conterexample is 

[1, 0, -832.8333333333334, 0, 0]

sampling time = 1.721 ms


       ########################################         

iteration 3 with 1034 examples

2019-05-04-12-31-39   >>>>   Start train ranking function

2019-05-04-12-31-39   >>>>   End train ranking function

train_ranking_functioning time = 20.216 ms


2019-05-04-12-31-39   >>>>   Start verify ranking function

[xr_4 = 9992/11, xr_3 = 0, xr_2 = 0, xr_0 = 1]
ranking function : 0.9994 *  x[0]^1.0 - 0.0311 *  x[1]^1.0 - 0.0781 *  x[2]^1.0 + 0.0025 *  x[3]^1.0 + 0.0061 *  x[4]^1.0 + 0.8001 * 1

2019-05-04-12-31-39   >>>>   End verify ranking function

verifying time = 9.941 ms


Not Found Ranking Fcuntion

Conterexample is 

[1, 0, 0, 0, 908.3636363636364]

sampling time = 1.730 ms


       ########################################         

iteration 4 with 1036 examples

2019-05-04-12-31-39   >>>>   Start train ranking function

2019-05-04-12-31-39   >>>>   End train ranking function

train_ranking_functioning time = 20.323 ms


2019-05-04-12-31-39   >>>>   Start verify ranking function

[xr_4 = 0, xr_1 = -19983, xr_3 = 0, xr_2 = 0, xr_0 = 1]
ranking function : 0.9993 *  x[0]^1.0 - 0.0311 *  x[1]^1.0 - 0.0781 *  x[2]^1.0 + 0.0025 *  x[3]^1.0 + 0.0061 *  x[4]^1.0 + 0.8001 * 1

2019-05-04-12-31-39   >>>>   End verify ranking function

verifying time = 9.853 ms


Not Found Ranking Fcuntion

Conterexample is 

[1, -19983, 0, 0, 0]

sampling time = 1.715 ms


       ########################################         

iteration 5 with 1038 examples

2019-05-04-12-31-39   >>>>   Start train ranking function

2019-05-04-12-31-39   >>>>   End train ranking function

train_ranking_functioning time = 20.613 ms


2019-05-04-12-31-39   >>>>   Start verify ranking function

[xr_4 = 6661/6, xr_1 = 0, xr_3 = 0, xr_2 = 0, xr_0 = 1]
ranking function : 0.9993 *  x[0]^1.0 - 0.0312 *  x[1]^1.0 - 0.0781 *  x[2]^1.0 + 0.0026 *  x[3]^1.0 + 0.0061 *  x[4]^1.0 + 0.8001 * 1

2019-05-04-12-31-39   >>>>   End verify ranking function

verifying time = 9.925 ms


Not Found Ranking Fcuntion

Conterexample is 

[1, 0, 0, 0, 1110.1666666666667]

sampling time = 1.792 ms


       ########################################         

iteration 6 with 1040 examples

2019-05-04-12-31-39   >>>>   Start train ranking function

2019-05-04-12-31-39   >>>>   End train ranking function

train_ranking_functioning time = 20.819 ms


2019-05-04-12-31-39   >>>>   Start verify ranking function

[xr_4 = 0, xr_1 = 9992/19, xr_3 = 0, xr_2 = 0, xr_0 = 1]
ranking function : 0.9994 *  x[0]^1.0 - 0.031 *  x[1]^1.0 - 0.0778 *  x[2]^1.0 + 0.0003 *  x[3]^1.0 + 0.0056 *  x[4]^1.0 + 0.8001 * 1

2019-05-04-12-31-39   >>>>   End verify ranking function

verifying time = 10.177 ms


Not Found Ranking Fcuntion

Conterexample is 

[1, 525.8947368421053, 0, 0, 0]

sampling time = 1.742 ms


       ########################################         

iteration 7 with 1042 examples

2019-05-04-12-31-39   >>>>   Start train ranking function

2019-05-04-12-31-39   >>>>   End train ranking function

train_ranking_functioning time = 8.911 ms


2019-05-04-12-31-39   >>>>   Start verify ranking function

[xr_4 = 5105/53, xr_1 = 0, xr_3 = 0, xr_2 = 0, xr_0 = 1]
ranking function : 1.043 *  x[0]^1.0 - 0.0194 *  x[1]^1.0 - 0.083 *  x[2]^1.0 - 0.0024 *  x[3]^1.0 + 0.0058 *  x[4]^1.0 + 0.8072 * 1

2019-05-04-12-31-39   >>>>   End verify ranking function

verifying time = 9.882 ms


Not Found Ranking Fcuntion

Conterexample is 

[1, 0, 0, 0, 96.32075471698113]

sampling time = 1.833 ms


       ########################################         

iteration 8 with 1044 examples

2019-05-04-12-31-39   >>>>   Start train ranking function

2019-05-04-12-31-39   >>>>   End train ranking function

train_ranking_functioning time = 9.293 ms


2019-05-04-12-31-39   >>>>   Start verify ranking function

[xr_4 = -20429/18, xr_1 = 0, xr_3 = 0, xr_2 = 0, xr_0 = 1]
ranking function : 1.0439 *  x[0]^1.0 - 0.0185 *  x[1]^1.0 - 0.0839 *  x[2]^1.0 + 0.0021 *  x[3]^1.0 + 0.0033 *  x[4]^1.0 + 0.8072 * 1

2019-05-04-12-31-39   >>>>   End verify ranking function

verifying time = 9.925 ms


Not Found Ranking Fcuntion

Conterexample is 

[1, 0, 0, 0, -1134.9444444444443]

sampling time = 1.732 ms


       ########################################         

iteration 9 with 1046 examples

2019-05-04-12-31-39   >>>>   Start train ranking function

2019-05-04-12-31-39   >>>>   End train ranking function

train_ranking_functioning time = 8.495 ms


2019-05-04-12-31-39   >>>>   Start verify ranking function

[xr_4 = 0, xr_1 = 20413/59, xr_3 = 0, xr_2 = 0, xr_0 = 1]
ranking function : 1.0423 *  x[0]^1.0 - 0.0178 *  x[1]^1.0 - 0.0834 *  x[2]^1.0 + 0.0012 *  x[3]^1.0 + 0.0019 *  x[4]^1.0 + 0.8075 * 1

2019-05-04-12-31-39   >>>>   End verify ranking function

verifying time = 10.003 ms


Not Found Ranking Fcuntion

Conterexample is 

[1, 345.9830508474576, 0, 0, 0]

sampling time = 1.719 ms


       ########################################         

iteration 10 with 1048 examples

2019-05-04-12-31-39   >>>>   Start train ranking function

2019-05-04-12-31-39   >>>>   End train ranking function

train_ranking_functioning time = 8.003 ms


2019-05-04-12-31-39   >>>>   Start verify ranking function

[xr_4 = -20597/2, xr_1 = 0, xr_3 = 0, xr_2 = 0, xr_0 = 1]
ranking function : 1.0607 *  x[0]^1.0 - 0.0126 *  x[1]^1.0 - 0.0858 *  x[2]^1.0 + 0.0009 *  x[3]^1.0 + 0.0017 *  x[4]^1.0 + 0.8123 * 1

2019-05-04-12-31-39   >>>>   End verify ranking function

verifying time = 9.876 ms


Not Found Ranking Fcuntion

Conterexample is 

[1, 0, 0, 0, -10298.5]

sampling time = 1.847 ms


       ########################################         

iteration 11 with 1050 examples

2019-05-04-12-31-39   >>>>   Start train ranking function

2019-05-04-12-31-39   >>>>   End train ranking function

train_ranking_functioning time = 8.477 ms


2019-05-04-12-31-39   >>>>   Start verify ranking function

[xr_4 = 0, xr_1 = 20613/103, xr_3 = 0, xr_2 = 0, xr_0 = 1]
ranking function : 1.0623 *  x[0]^1.0 - 0.0124 *  x[1]^1.0 - 0.0856 *  x[2]^1.0 + 0.0005 *  x[3]^1.0 + 0.0006 *  x[4]^1.0 + 0.8122 * 1

2019-05-04-12-31-39   >>>>   End verify ranking function

verifying time = 9.875 ms


Not Found Ranking Fcuntion

Conterexample is 

[1, 200.126213592233, 0, 0, 0]

sampling time = 1.957 ms


       ########################################         

iteration 12 with 1052 examples

2019-05-04-12-31-39   >>>>   Start train ranking function

2019-05-04-12-31-39   >>>>   End train ranking function

train_ranking_functioning time = 9.089 ms


2019-05-04-12-31-39   >>>>   Start verify ranking function

[xr_4 = 0, xr_1 = 333, xr_3 = 0, xr_2 = 0, xr_0 = 1]
ranking function : 1.0656 *  x[0]^1.0 - 0.0107 *  x[1]^1.0 - 0.0865 *  x[2]^1.0 + 0.0011 *  x[3]^1.0 + 0.0009 *  x[4]^1.0 + 0.8175 * 1

2019-05-04-12-31-39   >>>>   End verify ranking function

verifying time = 11.157 ms


Not Found Ranking Fcuntion

Conterexample is 

[1, 333, 0, 0, 0]

sampling time = 1.929 ms


       ########################################         

iteration 13 with 1054 examples

2019-05-04-12-31-39   >>>>   Start train ranking function

2019-05-04-12-31-39   >>>>   End train ranking function

train_ranking_functioning time = 9.292 ms


2019-05-04-12-31-39   >>>>   Start verify ranking function

[xr_4 = -20693/50, xr_1 = 0, xr_3 = 0, xr_2 = 0, xr_0 = 1]
ranking function : 1.0703 *  x[0]^1.0 - 0.0059 *  x[1]^1.0 - 0.0848 *  x[2]^1.0 + 0.0016 *  x[3]^1.0 + 0.0007 *  x[4]^1.0 + 0.8185 * 1

2019-05-04-12-31-39   >>>>   End verify ranking function

verifying time = 9.958 ms


Not Found Ranking Fcuntion

Conterexample is 

[1, 0, 0, 0, -413.86]

sampling time = 1.729 ms


       ########################################         

iteration 14 with 1056 examples

2019-05-04-12-31-39   >>>>   Start train ranking function

2019-05-04-12-31-39   >>>>   End train ranking function

train_ranking_functioning time = 11.947 ms


2019-05-04-12-31-39   >>>>   Start verify ranking function

[xr_4 = 0, xr_1 = 0, xr_3 = 0, xr_2 = -20731/1342, xr_0 = 1]
ranking function : 1.0741 *  x[0]^1.0 - 0.0084 *  x[1]^1.0 - 0.0881 *  x[2]^1.0 + 0.0004 *  x[3]^1.0 + 0.0017 *  x[4]^1.0 + 0.8185 * 1

2019-05-04-12-31-39   >>>>   End verify ranking function

verifying time = 9.875 ms


Not Found Ranking Fcuntion

Conterexample is 

[1, 0, -15.447839046199702, 0, 0]

sampling time = 1.740 ms


       ########################################         

iteration 15 with 1058 examples

2019-05-04-12-31-39   >>>>   Start train ranking function

2019-05-04-12-31-39   >>>>   End train ranking function

train_ranking_functioning time = 11.209 ms


2019-05-04-12-31-39   >>>>   Start verify ranking function

[xr_4 = 0, xr_1 = 0, xr_3 = 1286, xr_2 = 0, xr_0 = 1]
ranking function : 1.0586 *  x[0]^1.0 - 0.0126 *  x[1]^1.0 - 0.0863 *  x[2]^1.0 + 0.0025 *  x[3]^1.0 + 0.0023 *  x[4]^1.0 + 0.8278 * 1

2019-05-04-12-31-39   >>>>   End verify ranking function

verifying time = 10.009 ms


Not Found Ranking Fcuntion

Conterexample is 

[1, 0, 0, 1286, 0]

sampling time = 1.991 ms


       ########################################         

iteration 16 with 1060 examples

2019-05-04-12-31-39   >>>>   Start train ranking function

2019-05-04-12-31-39   >>>>   End train ranking function

train_ranking_functioning time = 12.891 ms


2019-05-04-12-31-39   >>>>   Start verify ranking function

[xr_4 = -10297/33, xr_1 = 0, xr_3 = 0, xr_2 = 0, xr_0 = 1]
ranking function : 1.0604 *  x[0]^1.0 - 0.0136 *  x[1]^1.0 - 0.0854 *  x[2]^1.0 + 0.0014 *  x[3]^1.0 - 0.0005 *  x[4]^1.0 + 0.828 * 1

2019-05-04-12-31-39   >>>>   End verify ranking function

verifying time = 10.825 ms


Not Found Ranking Fcuntion

Conterexample is 

[1, 0, 0, 0, -312.030303030303]

sampling time = 1.783 ms


       ########################################         

iteration 17 with 1062 examples

2019-05-04-12-31-39   >>>>   Start train ranking function

2019-05-04-12-31-39   >>>>   End train ranking function

train_ranking_functioning time = 12.020 ms


2019-05-04-12-31-39   >>>>   Start verify ranking function

[xr_4 = 0, xr_1 = -10277/257, xr_3 = 0, xr_2 = 0, xr_0 = 1]
ranking function : 1.0564 *  x[0]^1.0 - 0.0175 *  x[1]^1.0 - 0.0894 *  x[2]^1.0 + 0.0086 *  x[3]^1.0 + 0.0024 *  x[4]^1.0 + 0.8279 * 1

2019-05-04-12-31-39   >>>>   End verify ranking function

verifying time = 9.962 ms


Not Found Ranking Fcuntion

Conterexample is 

[1, -39.988326848249024, 0, 0, 0]

sampling time = 1.739 ms


       ########################################         

iteration 18 with 1064 examples

2019-05-04-12-31-39   >>>>   Start train ranking function

2019-05-04-12-31-39   >>>>   End train ranking function

train_ranking_functioning time = 14.154 ms


2019-05-04-12-31-39   >>>>   Start verify ranking function

[xr_4 = 0, xr_1 = 10268/53, xr_3 = 0, xr_2 = 0, xr_0 = 1]
ranking function : 1.0546 *  x[0]^1.0 - 0.0144 *  x[1]^1.0 - 0.0846 *  x[2]^1.0 + 0.0014 *  x[3]^1.0 - 0.001 *  x[4]^1.0 + 0.8279 * 1

2019-05-04-12-31-39   >>>>   End verify ranking function

verifying time = 9.910 ms


Not Found Ranking Fcuntion

Conterexample is 

[1, 193.73584905660377, 0, 0, 0]

sampling time = 1.921 ms


       ########################################         

iteration 19 with 1066 examples

2019-05-04-12-31-39   >>>>   Start train ranking function

2019-05-04-12-31-39   >>>>   End train ranking function

train_ranking_functioning time = 16.914 ms


2019-05-04-12-31-39   >>>>   Start verify ranking function

[xr_4 = 0, xr_1 = 0, xr_3 = 0, xr_2 = -5161/287, xr_0 = 1]
ranking function : 1.0654 *  x[0]^1.0 - 0.0112 *  x[1]^1.0 - 0.0854 *  x[2]^1.0 - 0.0006 *  x[3]^1.0 + 0.0006 *  x[4]^1.0 + 0.833 * 1

2019-05-04-12-31-39   >>>>   End verify ranking function

verifying time = 9.963 ms


Not Found Ranking Fcuntion

Conterexample is 

[1, 0, -17.982578397212542, 0, 0]

sampling time = 1.730 ms


       ########################################         

iteration 20 with 1068 examples

2019-05-04-12-31-39   >>>>   Start train ranking function

2019-05-04-12-31-39   >>>>   End train ranking function

train_ranking_functioning time = 18.258 ms


2019-05-04-12-31-39   >>>>   Start verify ranking function

[xr_4 = 0, xr_1 = 10277, xr_3 = 0, xr_2 = 0, xr_0 = 1]
ranking function : 1.0564 *  x[0]^1.0 - 0.0145 *  x[1]^1.0 - 0.0856 *  x[2]^1.0 + 0.0009 *  x[3]^1.0 + 0.0012 *  x[4]^1.0 + 0.8417 * 1

2019-05-04-12-31-39   >>>>   End verify ranking function

verifying time = 9.861 ms


Not Found Ranking Fcuntion

Conterexample is 

[1, 10277, 0, 0, 0]

sampling time = 1.731 ms


       ########################################         

iteration 21 with 1070 examples

2019-05-04-12-31-39   >>>>   Start train ranking function

2019-05-04-12-31-39   >>>>   End train ranking function

train_ranking_functioning time = 15.206 ms


2019-05-04-12-31-39   >>>>   Start verify ranking function

[xr_4 = 0, xr_1 = 10312/131, xr_3 = 0, xr_2 = 0, xr_0 = 1]
ranking function : 1.0634 *  x[0]^1.0 - 0.011 *  x[1]^1.0 - 0.0846 *  x[2]^1.0 + 0.0005 *  x[3]^1.0 + 0.0009 *  x[4]^1.0 + 0.8363 * 1

2019-05-04-12-31-39   >>>>   End verify ranking function

verifying time = 9.928 ms


Not Found Ranking Fcuntion

Conterexample is 

[1, 78.7175572519084, 0, 0, 0]

sampling time = 1.721 ms


       ########################################         

iteration 22 with 1072 examples

2019-05-04-12-31-39   >>>>   Start train ranking function

2019-05-04-12-31-39   >>>>   End train ranking function

train_ranking_functioning time = 20.136 ms


2019-05-04-12-31-39   >>>>   Start verify ranking function

[xr_4 = 0, xr_1 = 0, xr_3 = -20653/534, xr_2 = 0, xr_0 = 1]
ranking function : 1.0663 *  x[0]^1.0 - 0.0214 *  x[1]^1.0 - 0.0877 *  x[2]^1.0 - 0.009 *  x[3]^1.0 - 0.0035 *  x[4]^1.0 + 0.84 * 1

2019-05-04-12-31-39   >>>>   End verify ranking function

verifying time = 10.346 ms


Not Found Ranking Fcuntion

Conterexample is 

[1, 0, 0, -38.676029962546814, 0]

sampling time = 1.919 ms


       ########################################         

iteration 23 with 1074 examples

2019-05-04-12-31-39   >>>>   Start train ranking function

2019-05-04-12-31-39   >>>>   End train ranking function

train_ranking_functioning time = 17.919 ms


2019-05-04-12-31-39   >>>>   Start verify ranking function

[xr_4 = 20623/116, xr_1 = 0, xr_3 = 0, xr_2 = 0, xr_0 = 1]