------Using Template 0 -----------
2 [2]
*****************************************************

2019-05-04-12-46-38   >>>>   End sampling point

sampling time = 27.643 ms,


       ########################################         

iteration 0 with 104 examples

2019-05-04-12-46-38   >>>>   Start train ranking function

2019-05-04-12-46-38   >>>>   End train ranking function

train_ranking_functioning time = 0.471 ms


2019-05-04-12-46-38   >>>>   Start verify ranking function

valid ranking function
ranking function : 1.0 *  x[0]^1.0 + 0.7 * 1

2019-05-04-12-46-38   >>>>   End verify ranking function

verifying time = 6.040 ms


Found Ranking Fcuntion: 1.0 *  x[0]^1.0 + 0.7 * 1

1.0 *  x[0]^1.0 + 0.7 * 1
FINATE
Time For Template 0 Is--->-50.752000 ms

Time For ../Program_non/36.bpl Is ---> 201.436000 ms

