------Using Template 0 -----------
3 [3]
*****************************************************

2019-05-04-12-46-39   >>>>   End sampling point

sampling time = 16.333 ms,


       ########################################         

iteration 0 with 24 examples

2019-05-04-12-46-39   >>>>   Start train ranking function

2019-05-04-12-46-39   >>>>   End train ranking function

train_ranking_functioning time = 0.529 ms


2019-05-04-12-46-39   >>>>   Start verify ranking function

ranking function :  - 0.309 *  x[0]^1.0 + 0.1967 *  x[1]^1.0 + 1.9064 * 1

2019-05-04-12-46-39   >>>>   End verify ranking function

verifying time = 8.048 ms


Not Found Ranking Fcuntion

Conterexample is 

[5.747280996638323, -5.747280996638323]

sampling time = 0.707 ms


       ########################################         

iteration 1 with 26 examples

2019-05-04-12-46-39   >>>>   Start train ranking function

2019-05-04-12-46-39   >>>>   End train ranking function

train_ranking_functioning time = 0.691 ms


2019-05-04-12-46-39   >>>>   Start verify ranking function

ranking function :  - 0.522 *  x[0]^1.0 - 0.2124 *  x[1]^1.0 + 1.9596 * 1

2019-05-04-12-46-39   >>>>   End verify ranking function

verifying time = 8.016 ms


Not Found Ranking Fcuntion

Conterexample is 

[6, -1]

sampling time = 0.716 ms


       ########################################         

iteration 2 with 28 examples

2019-05-04-12-46-39   >>>>   Start train ranking function

2019-05-04-12-46-39   >>>>   End train ranking function

train_ranking_functioning time = 0.590 ms


2019-05-04-12-46-39   >>>>   Start verify ranking function

ranking function :  - 0.2377 *  x[0]^1.0 + 0.1239 *  x[1]^1.0 + 2.2514 * 1

2019-05-04-12-46-39   >>>>   End verify ranking function

verifying time = 7.980 ms


Not Found Ranking Fcuntion

Conterexample is 

[10.704922566371682, -5.704922566371682]

sampling time = 0.708 ms


       ########################################         

iteration 3 with 30 examples

2019-05-04-12-46-39   >>>>   Start train ranking function

2019-05-04-12-46-39   >>>>   End train ranking function

train_ranking_functioning time = 0.813 ms


2019-05-04-12-46-39   >>>>   Start verify ranking function

ranking function :  - 0.0795 *  x[0]^1.0 + 0.251 *  x[1]^1.0 + 2.4662 * 1

2019-05-04-12-46-39   >>>>   End verify ranking function

verifying time = 7.915 ms


Not Found Ranking Fcuntion

Conterexample is 

[14.28502269288956, -9.28502269288956]

sampling time = 0.721 ms


       ########################################         

iteration 4 with 32 examples

2019-05-04-12-46-39   >>>>   Start train ranking function

2019-05-04-12-46-39   >>>>   End train ranking function

train_ranking_functioning time = 0.912 ms


2019-05-04-12-46-39   >>>>   Start verify ranking function

ranking function :  - 0.054 *  x[0]^1.0 + 0.174 *  x[1]^1.0 + 2.366 * 1

2019-05-04-12-46-39   >>>>   End verify ranking function

verifying time = 7.898 ms


Not Found Ranking Fcuntion

Conterexample is 

[14.763157894736842, -14.763157894736842]

sampling time = 0.713 ms


       ########################################         

iteration 5 with 34 examples

2019-05-04-12-46-39   >>>>   Start train ranking function

2019-05-04-12-46-39   >>>>   End train ranking function

train_ranking_functioning time = 0.933 ms


2019-05-04-12-46-39   >>>>   Start verify ranking function

ranking function :  - 0.1639 *  x[0]^1.0 - 0.0494 *  x[1]^1.0 + 2.285 * 1

2019-05-04-12-46-39   >>>>   End verify ranking function

verifying time = 7.876 ms


Not Found Ranking Fcuntion

Conterexample is 

[26.532751091703055, -21.532751091703055]

sampling time = 0.714 ms


       ########################################         

iteration 6 with 36 examples

2019-05-04-12-46-39   >>>>   Start train ranking function

2019-05-04-12-46-39   >>>>   End train ranking function

train_ranking_functioning time = 0.933 ms


2019-05-04-12-46-39   >>>>   Start verify ranking function

ranking function :  - 0.1583 *  x[0]^1.0 - 0.118 *  x[1]^1.0 + 1.8937 * 1

2019-05-04-12-46-39   >>>>   End verify ranking function

verifying time = 8.074 ms


Not Found Ranking Fcuntion

Conterexample is 

[57.16377171215881, -52.16377171215881]

sampling time = 0.701 ms


       ########################################         

iteration 7 with 38 examples

2019-05-04-12-46-39   >>>>   Start train ranking function

2019-05-04-12-46-39   >>>>   End train ranking function

train_ranking_functioning time = 0.994 ms


2019-05-04-12-46-39   >>>>   Start verify ranking function

ranking function :  - 0.1796 *  x[0]^1.0 - 0.1755 *  x[1]^1.0 + 1.7567 * 1

2019-05-04-12-46-39   >>>>   End verify ranking function

verifying time = 7.939 ms


Not Found Ranking Fcuntion

Conterexample is 

[458.3414634146341, -453.3414634146341]

sampling time = 0.714 ms


       ########################################         

iteration 8 with 40 examples

2019-05-04-12-46-39   >>>>   Start train ranking function

2019-05-04-12-46-39   >>>>   End train ranking function

train_ranking_functioning time = 1.058 ms


2019-05-04-12-46-39   >>>>   Start verify ranking function

ranking function :  - 0.1808 *  x[0]^1.0 - 0.1783 *  x[1]^1.0 + 1.7489 * 1

2019-05-04-12-46-39   >>>>   End verify ranking function

verifying time = 8.031 ms


Not Found Ranking Fcuntion

Conterexample is 

[742.96, -737.96]

sampling time = 0.701 ms


       ########################################         

iteration 9 with 42 examples

2019-05-04-12-46-39   >>>>   Start train ranking function

2019-05-04-12-46-39   >>>>   End train ranking function

train_ranking_functioning time = 1.097 ms


2019-05-04-12-46-39   >>>>   Start verify ranking function

[xr_1 = -1, xr_0 = 1]
ranking function :  - 0.1832 *  x[0]^1.0 - 0.1836 *  x[1]^1.0 + 1.7288 * 1

2019-05-04-12-46-39   >>>>   End verify ranking function

verifying time = 7.273 ms


Not Found Ranking Fcuntion

Conterexample is 

[1, -1]

sampling time = 0.719 ms


       ########################################         

iteration 10 with 44 examples

2019-05-04-12-46-39   >>>>   Start train ranking function

2019-05-04-12-46-39   >>>>   End train ranking function

train_ranking_functioning time = 1.101 ms


2019-05-04-12-46-39   >>>>   Start verify ranking function

[xr_1 = -1, xr_0 = 1]
ranking function :  - 0.1578 *  x[0]^1.0 - 0.1577 *  x[1]^1.0 + 1.6208 * 1

2019-05-04-12-46-39   >>>>   End verify ranking function

verifying time = 7.291 ms


Not Found Ranking Fcuntion

Conterexample is 

[1, -1]

sampling time = 0.708 ms


       ########################################         

iteration 11 with 46 examples

2019-05-04-12-46-39   >>>>   Start train ranking function

2019-05-04-12-46-39   >>>>   End train ranking function

train_ranking_functioning time = 1.109 ms


2019-05-04-12-46-39   >>>>   Start verify ranking function

[xr_1 = -1, xr_0 = 1]
ranking function :  - 0.1621 *  x[0]^1.0 - 0.1635 *  x[1]^1.0 + 1.6135 * 1

2019-05-04-12-46-39   >>>>   End verify ranking function

verifying time = 7.316 ms


Not Found Ranking Fcuntion

Conterexample is 

[1, -1]

sampling time = 0.713 ms


       ########################################         

iteration 12 with 48 examples

2019-05-04-12-46-39   >>>>   Start train ranking function

2019-05-04-12-46-39   >>>>   End train ranking function

train_ranking_functioning time = 1.132 ms


2019-05-04-12-46-39   >>>>   Start verify ranking function

[xr_1 = -1, xr_0 = 1]
ranking function :  - 0.1609 *  x[0]^1.0 - 0.1619 *  x[1]^1.0 + 1.616 * 1

2019-05-04-12-46-39   >>>>   End verify ranking function

verifying time = 7.223 ms


Not Found Ranking Fcuntion

Conterexample is 

[1, -1]

sampling time = 0.719 ms


       ########################################         

iteration 13 with 50 examples

2019-05-04-12-46-39   >>>>   Start train ranking function

2019-05-04-12-46-39   >>>>   End train ranking function

train_ranking_functioning time = 1.171 ms


2019-05-04-12-46-39   >>>>   Start verify ranking function

[xr_1 = -1, xr_0 = 1]
ranking function :  - 0.1605 *  x[0]^1.0 - 0.1611 *  x[1]^1.0 + 1.6167 * 1

2019-05-04-12-46-39   >>>>   End verify ranking function

verifying time = 7.356 ms


Not Found Ranking Fcuntion

Conterexample is 

[1, -1]

sampling time = 0.899 ms


       ########################################         

iteration 14 with 52 examples

2019-05-04-12-46-39   >>>>   Start train ranking function

2019-05-04-12-46-39   >>>>   End train ranking function

train_ranking_functioning time = 1.327 ms


2019-05-04-12-46-39   >>>>   Start verify ranking function

[xr_1 = -1, xr_0 = 1]
ranking function :  - 0.1846 *  x[0]^1.0 - 0.1854 *  x[1]^1.0 + 1.7199 * 1

2019-05-04-12-46-39   >>>>   End verify ranking function

verifying time = 7.470 ms


Not Found Ranking Fcuntion

Conterexample is 

[1, -1]

sampling time = 0.982 ms


       ########################################         

iteration 15 with 54 examples

2019-05-04-12-46-39   >>>>   Start train ranking function

2019-05-04-12-46-39   >>>>   End train ranking function

train_ranking_functioning time = 1.306 ms


2019-05-04-12-46-39   >>>>   Start verify ranking function

[xr_1 = -1, xr_0 = 1]
ranking function :  - 0.1838 *  x[0]^1.0 - 0.1847 *  x[1]^1.0 + 1.7226 * 1

2019-05-04-12-46-39   >>>>   End verify ranking function

verifying time = 7.406 ms


Not Found Ranking Fcuntion

Conterexample is 

[1, -1]

sampling time = 0.717 ms


       ########################################         

iteration 16 with 56 examples

2019-05-04-12-46-39   >>>>   Start train ranking function

2019-05-04-12-46-39   >>>>   End train ranking function

train_ranking_functioning time = 1.390 ms


2019-05-04-12-46-39   >>>>   Start verify ranking function

[xr_1 = -1, xr_0 = 1]
ranking function :  - 0.1839 *  x[0]^1.0 - 0.1846 *  x[1]^1.0 + 1.724 * 1

2019-05-04-12-46-39   >>>>   End verify ranking function

verifying time = 7.780 ms


Not Found Ranking Fcuntion

Conterexample is 

[1, -1]

sampling time = 0.720 ms


       ########################################         

iteration 17 with 58 examples

2019-05-04-12-46-39   >>>>   Start train ranking function

2019-05-04-12-46-39   >>>>   End train ranking function

train_ranking_functioning time = 1.433 ms


2019-05-04-12-46-39   >>>>   Start verify ranking function

[xr_1 = -1, xr_0 = 1]
ranking function :  - 0.1832 *  x[0]^1.0 - 0.1836 *  x[1]^1.0 + 1.7306 * 1

2019-05-04-12-46-39   >>>>   End verify ranking function

verifying time = 7.227 ms


Not Found Ranking Fcuntion

Conterexample is 

[1, -1]

sampling time = 0.715 ms


       ########################################         

iteration 18 with 60 examples

2019-05-04-12-46-39   >>>>   Start train ranking function

2019-05-04-12-46-39   >>>>   End train ranking function

train_ranking_functioning time = 1.446 ms


2019-05-04-12-46-39   >>>>   Start verify ranking function

[xr_1 = -1, xr_0 = 1]
ranking function :  - 0.1829 *  x[0]^1.0 - 0.1827 *  x[1]^1.0 + 1.7345 * 1

2019-05-04-12-46-39   >>>>   End verify ranking function

verifying time = 7.474 ms


Not Found Ranking Fcuntion

Conterexample is 

[1, -1]

sampling time = 0.786 ms


       ########################################         

iteration 19 with 62 examples

2019-05-04-12-46-39   >>>>   Start train ranking function

2019-05-04-12-46-39   >>>>   End train ranking function

train_ranking_functioning time = 1.460 ms


2019-05-04-12-46-39   >>>>   Start verify ranking function

[xr_1 = -1, xr_0 = 1]
ranking function :  - 0.1826 *  x[0]^1.0 - 0.1826 *  x[1]^1.0 + 1.7364 * 1

2019-05-04-12-46-39   >>>>   End verify ranking function

verifying time = 7.305 ms


Not Found Ranking Fcuntion

Conterexample is 

[1, -1]

sampling time = 0.720 ms


       ########################################         

iteration 20 with 64 examples

2019-05-04-12-46-39   >>>>   Start train ranking function

2019-05-04-12-46-39   >>>>   End train ranking function

train_ranking_functioning time = 1.489 ms


2019-05-04-12-46-39   >>>>   Start verify ranking function

[xr_1 = -1, xr_0 = 1]
ranking function :  - 0.1823 *  x[0]^1.0 - 0.1822 *  x[1]^1.0 + 1.7384 * 1

2019-05-04-12-46-39   >>>>   End verify ranking function

verifying time = 7.577 ms


Not Found Ranking Fcuntion

Conterexample is 

[1, -1]

sampling time = 0.723 ms


       ########################################         

iteration 21 with 66 examples

2019-05-04-12-46-39   >>>>   Start train ranking function

2019-05-04-12-46-39   >>>>   End train ranking function

train_ranking_functioning time = 1.524 ms


2019-05-04-12-46-39   >>>>   Start verify ranking function

[xr_1 = -1, xr_0 = 1]
ranking function :  - 0.1819 *  x[0]^1.0 - 0.1811 *  x[1]^1.0 + 1.7432 * 1

2019-05-04-12-46-39   >>>>   End verify ranking function

verifying time = 7.335 ms


Not Found Ranking Fcuntion

Conterexample is 

[1, -1]

sampling time = 0.770 ms


       ########################################         

iteration 22 with 68 examples

2019-05-04-12-46-39   >>>>   Start train ranking function

2019-05-04-12-46-39   >>>>   End train ranking function

train_ranking_functioning time = 1.554 ms


2019-05-04-12-46-39   >>>>   Start verify ranking function

[xr_1 = -1, xr_0 = 1]
ranking function :  - 0.1817 *  x[0]^1.0 - 0.1811 *  x[1]^1.0 + 1.7468 * 1

2019-05-04-12-46-39   >>>>   End verify ranking function

verifying time = 7.243 ms


Not Found Ranking Fcuntion

Conterexample is 

[1, -1]

sampling time = 0.710 ms


       ########################################         

iteration 23 with 70 examples

2019-05-04-12-46-39   >>>>   Start train ranking function

2019-05-04-12-46-39   >>>>   End train ranking function

train_ranking_functioning time = 1.560 ms


2019-05-04-12-46-39   >>>>   Start verify ranking function

[xr_1 = -1, xr_0 = 1]
ranking function :  - 0.1865 *  x[0]^1.0 - 0.1872 *  x[1]^1.0 + 1.6933 * 1

2019-05-04-12-46-39   >>>>   End verify ranking function

verifying time = 7.227 ms


Not Found Ranking Fcuntion

Conterexample is 

[1, -1]

sampling time = 0.713 ms


       ########################################         

iteration 24 with 72 examples

2019-05-04-12-46-39   >>>>   Start train ranking function

2019-05-04-12-46-39   >>>>   End train ranking function

train_ranking_functioning time = 1.630 ms


2019-05-04-12-46-39   >>>>   Start verify ranking function

[xr_1 = -1, xr_0 = 1]
ranking function :  - 0.1858 *  x[0]^1.0 - 0.1865 *  x[1]^1.0 + 1.6979 * 1

2019-05-04-12-46-39   >>>>   End verify ranking function

verifying time = 7.190 ms


Not Found Ranking Fcuntion

Conterexample is 

[1, -1]

sampling time = 0.717 ms


Failed to prove it is terminated

UNKNOWN
Time For Template 0 Is--->-294.893000 ms

------Using Template 1 -----------
2 [2]
*****************************************************

2019-05-04-12-46-39   >>>>   End sampling point

sampling time = 14.715 ms,


       ########################################         

iteration 0 with 24 examples

2019-05-04-12-46-39   >>>>   Start train ranking function

2019-05-04-12-46-39   >>>>   End train ranking function

train_ranking_functioning time = 0.317 ms


2019-05-04-12-46-39   >>>>   Start verify ranking function

[xr_0 = 49, xr_1 = -48]
ranking function : 1.1838 *  x[0]^-2.0 *  x[1]^-0.5 + 1.5997 *  x[1]^-2.0

2019-05-04-12-46-39   >>>>   End verify ranking function

verifying time = 28.852 ms


Not Found Ranking Fcuntion

Conterexample is 

[49, -48]

sampling time = 0.586 ms


       ########################################         

iteration 1 with 26 examples

2019-05-04-12-46-39   >>>>   Start train ranking function

2019-05-04-12-46-39   >>>>   End train ranking function

train_ranking_functioning time = 0.313 ms


2019-05-04-12-46-39   >>>>   Start verify ranking function

[xr_0 = 49, xr_1 = -48]
ranking function : 1.1844 *  x[0]^-2.0 *  x[1]^-0.5 + 1.6 *  x[1]^-2.0

2019-05-04-12-46-39   >>>>   End verify ranking function

verifying time = 28.483 ms


Not Found Ranking Fcuntion

Conterexample is 

[49, -48]

sampling time = 0.589 ms


       ########################################         

iteration 2 with 28 examples

2019-05-04-12-46-39   >>>>   Start train ranking function

2019-05-04-12-46-39   >>>>   End train ranking function

train_ranking_functioning time = 0.319 ms


2019-05-04-12-46-39   >>>>   Start verify ranking function

[xr_0 = 49, xr_1 = -48]
ranking function : 1.1851 *  x[0]^-2.0 *  x[1]^-0.5 + 1.6004 *  x[1]^-2.0

2019-05-04-12-46-39   >>>>   End verify ranking function

verifying time = 30.096 ms


Not Found Ranking Fcuntion

Conterexample is 

[49, -48]

sampling time = 0.719 ms


       ########################################         

iteration 3 with 30 examples

2019-05-04-12-46-39   >>>>   Start train ranking function

2019-05-04-12-46-39   >>>>   End train ranking function

train_ranking_functioning time = 0.338 ms


2019-05-04-12-46-39   >>>>   Start verify ranking function

[xr_0 = 49, xr_1 = -48]
ranking function : 1.1857 *  x[0]^-2.0 *  x[1]^-0.5 + 1.6007 *  x[1]^-2.0

2019-05-04-12-46-40   >>>>   End verify ranking function

verifying time = 31.184 ms


Not Found Ranking Fcuntion

Conterexample is 

[49, -48]

sampling time = 0.588 ms


       ########################################         

iteration 4 with 32 examples

2019-05-04-12-46-40   >>>>   Start train ranking function

2019-05-04-12-46-40   >>>>   End train ranking function

train_ranking_functioning time = 0.323 ms


2019-05-04-12-46-40   >>>>   Start verify ranking function

[xr_0 = 49, xr_1 = -48]
ranking function : 1.1864 *  x[0]^-2.0 *  x[1]^-0.5 + 1.6011 *  x[1]^-2.0

2019-05-04-12-46-40   >>>>   End verify ranking function

verifying time = 30.976 ms


Not Found Ranking Fcuntion

Conterexample is 

[49, -48]

sampling time = 0.578 ms


       ########################################         

iteration 5 with 34 examples

2019-05-04-12-46-40   >>>>   Start train ranking function

2019-05-04-12-46-40   >>>>   End train ranking function

train_ranking_functioning time = 0.320 ms


2019-05-04-12-46-40   >>>>   Start verify ranking function

[xr_0 = 49, xr_1 = -48]
ranking function : 1.187 *  x[0]^-2.0 *  x[1]^-0.5 + 1.6014 *  x[1]^-2.0

2019-05-04-12-46-40   >>>>   End verify ranking function

verifying time = 38.242 ms


Not Found Ranking Fcuntion

Conterexample is 

[49, -48]

sampling time = 0.581 ms


       ########################################         

iteration 6 with 36 examples

2019-05-04-12-46-40   >>>>   Start train ranking function

2019-05-04-12-46-40   >>>>   End train ranking function

train_ranking_functioning time = 0.344 ms


2019-05-04-12-46-40   >>>>   Start verify ranking function

[xr_0 = 49, xr_1 = -48]
ranking function : 1.1876 *  x[0]^-2.0 *  x[1]^-0.5 + 1.6018 *  x[1]^-2.0

2019-05-04-12-46-40   >>>>   End verify ranking function

verifying time = 30.186 ms


Not Found Ranking Fcuntion

Conterexample is 

[49, -48]

sampling time = 0.582 ms


       ########################################         

iteration 7 with 38 examples

2019-05-04-12-46-40   >>>>   Start train ranking function

2019-05-04-12-46-40   >>>>   End train ranking function

train_ranking_functioning time = 0.325 ms


2019-05-04-12-46-40   >>>>   Start verify ranking function

[xr_0 = 49, xr_1 = -48]
ranking function : 1.1883 *  x[0]^-2.0 *  x[1]^-0.5 + 1.6021 *  x[1]^-2.0

2019-05-04-12-46-40   >>>>   End verify ranking function

verifying time = 30.610 ms


Not Found Ranking Fcuntion

Conterexample is 

[49, -48]

sampling time = 0.591 ms


       ########################################         

iteration 8 with 40 examples

2019-05-04-12-46-40   >>>>   Start train ranking function

2019-05-04-12-46-40   >>>>   End train ranking function

train_ranking_functioning time = 0.328 ms


2019-05-04-12-46-40   >>>>   Start verify ranking function

[xr_0 = 49, xr_1 = -48]
ranking function : 1.1889 *  x[0]^-2.0 *  x[1]^-0.5 + 1.6025 *  x[1]^-2.0

2019-05-04-12-46-40   >>>>   End verify ranking function

verifying time = 29.531 ms


Not Found Ranking Fcuntion

Conterexample is 

[49, -48]

sampling time = 0.577 ms


       ########################################         

iteration 9 with 42 examples

2019-05-04-12-46-40   >>>>   Start train ranking function

2019-05-04-12-46-40   >>>>   End train ranking function

train_ranking_functioning time = 0.328 ms


2019-05-04-12-46-40   >>>>   Start verify ranking function

[xr_0 = 49, xr_1 = -48]
ranking function : 1.1896 *  x[0]^-2.0 *  x[1]^-0.5 + 1.6028 *  x[1]^-2.0

2019-05-04-12-46-40   >>>>   End verify ranking function

verifying time = 28.526 ms


Not Found Ranking Fcuntion

Conterexample is 

[49, -48]

sampling time = 0.589 ms


       ########################################         

iteration 10 with 44 examples

2019-05-04-12-46-40   >>>>   Start train ranking function

2019-05-04-12-46-40   >>>>   End train ranking function

train_ranking_functioning time = 0.330 ms


2019-05-04-12-46-40   >>>>   Start verify ranking function

[xr_0 = 49, xr_1 = -48]
ranking function : 1.1902 *  x[0]^-2.0 *  x[1]^-0.5 + 1.6032 *  x[1]^-2.0

2019-05-04-12-46-40   >>>>   End verify ranking function

verifying time = 29.018 ms


Not Found Ranking Fcuntion

Conterexample is 

[49, -48]

sampling time = 0.592 ms


       ########################################         

iteration 11 with 46 examples

2019-05-04-12-46-40   >>>>   Start train ranking function

2019-05-04-12-46-40   >>>>   End train ranking function

train_ranking_functioning time = 0.331 ms


2019-05-04-12-46-40   >>>>   Start verify ranking function

[xr_0 = 49, xr_1 = -48]
ranking function : 1.1909 *  x[0]^-2.0 *  x[1]^-0.5 + 1.6035 *  x[1]^-2.0

2019-05-04-12-46-40   >>>>   End verify ranking function

verifying time = 30.123 ms


Not Found Ranking Fcuntion

Conterexample is 

[49, -48]

sampling time = 0.593 ms


       ########################################         

iteration 12 with 48 examples

2019-05-04-12-46-40   >>>>   Start train ranking function

2019-05-04-12-46-40   >>>>   End train ranking function

train_ranking_functioning time = 0.336 ms


2019-05-04-12-46-40   >>>>   Start verify ranking function

[xr_0 = 49, xr_1 = -48]
ranking function : 1.1915 *  x[0]^-2.0 *  x[1]^-0.5 + 1.6039 *  x[1]^-2.0

2019-05-04-12-46-40   >>>>   End verify ranking function

verifying time = 29.489 ms


Not Found Ranking Fcuntion

Conterexample is 

[49, -48]

sampling time = 0.581 ms


       ########################################         

iteration 13 with 50 examples

2019-05-04-12-46-40   >>>>   Start train ranking function

2019-05-04-12-46-40   >>>>   End train ranking function

train_ranking_functioning time = 0.346 ms


2019-05-04-12-46-40   >>>>   Start verify ranking function

[xr_0 = 49, xr_1 = -48]
ranking function : 1.1922 *  x[0]^-2.0 *  x[1]^-0.5 + 1.6042 *  x[1]^-2.0

2019-05-04-12-46-40   >>>>   End verify ranking function

verifying time = 30.115 ms


Not Found Ranking Fcuntion

Conterexample is 

[49, -48]

sampling time = 0.581 ms


       ########################################         

iteration 14 with 52 examples

2019-05-04-12-46-40   >>>>   Start train ranking function

2019-05-04-12-46-40   >>>>   End train ranking function

train_ranking_functioning time = 0.342 ms


2019-05-04-12-46-40   >>>>   Start verify ranking function

[xr_0 = 49, xr_1 = -48]
ranking function : 1.1928 *  x[0]^-2.0 *  x[1]^-0.5 + 1.6046 *  x[1]^-2.0

2019-05-04-12-46-40   >>>>   End verify ranking function

verifying time = 29.168 ms


Not Found Ranking Fcuntion

Conterexample is 

[49, -48]

sampling time = 0.590 ms


       ########################################         

iteration 15 with 54 examples

2019-05-04-12-46-40   >>>>   Start train ranking function

2019-05-04-12-46-40   >>>>   End train ranking function

train_ranking_functioning time = 0.384 ms


2019-05-04-12-46-40   >>>>   Start verify ranking function

[xr_0 = 49, xr_1 = -48]
ranking function : 1.1935 *  x[0]^-2.0 *  x[1]^-0.5 + 1.605 *  x[1]^-2.0

2019-05-04-12-46-40   >>>>   End verify ranking function

verifying time = 27.829 ms


Not Found Ranking Fcuntion

Conterexample is 

[49, -48]

sampling time = 0.593 ms


       ########################################         

iteration 16 with 56 examples

2019-05-04-12-46-40   >>>>   Start train ranking function

2019-05-04-12-46-40   >>>>   End train ranking function

train_ranking_functioning time = 0.362 ms


2019-05-04-12-46-40   >>>>   Start verify ranking function

[xr_0 = 49, xr_1 = -48]
ranking function : 1.1941 *  x[0]^-2.0 *  x[1]^-0.5 + 1.6053 *  x[1]^-2.0

2019-05-04-12-46-40   >>>>   End verify ranking function

verifying time = 29.129 ms


Not Found Ranking Fcuntion

Conterexample is 

[49, -48]

sampling time = 0.713 ms


       ########################################         

iteration 17 with 58 examples

2019-05-04-12-46-40   >>>>   Start train ranking function

2019-05-04-12-46-40   >>>>   End train ranking function

train_ranking_functioning time = 0.379 ms


2019-05-04-12-46-40   >>>>   Start verify ranking function

[xr_0 = 49, xr_1 = -48]
ranking function : 1.1947 *  x[0]^-2.0 *  x[1]^-0.5 + 1.6057 *  x[1]^-2.0

2019-05-04-12-46-40   >>>>   End verify ranking function

verifying time = 32.860 ms


Not Found Ranking Fcuntion

Conterexample is 

[49, -48]

sampling time = 0.599 ms


       ########################################         

iteration 18 with 60 examples

2019-05-04-12-46-40   >>>>   Start train ranking function

2019-05-04-12-46-40   >>>>   End train ranking function

train_ranking_functioning time = 0.345 ms


2019-05-04-12-46-40   >>>>   Start verify ranking function

[xr_0 = 49, xr_1 = -48]
ranking function : 1.1954 *  x[0]^-2.0 *  x[1]^-0.5 + 1.606 *  x[1]^-2.0

2019-05-04-12-46-40   >>>>   End verify ranking function

verifying time = 28.508 ms


Not Found Ranking Fcuntion

Conterexample is 

[49, -48]

sampling time = 0.635 ms


       ########################################         

iteration 19 with 62 examples

2019-05-04-12-46-40   >>>>   Start train ranking function

2019-05-04-12-46-40   >>>>   End train ranking function

train_ranking_functioning time = 0.387 ms


2019-05-04-12-46-40   >>>>   Start verify ranking function

[xr_0 = 49, xr_1 = -48]
ranking function : 1.196 *  x[0]^-2.0 *  x[1]^-0.5 + 1.6064 *  x[1]^-2.0

2019-05-04-12-46-40   >>>>   End verify ranking function

verifying time = 36.349 ms


Not Found Ranking Fcuntion

Conterexample is 

[49, -48]

sampling time = 0.593 ms


       ########################################         

iteration 20 with 64 examples

2019-05-04-12-46-40   >>>>   Start train ranking function

2019-05-04-12-46-40   >>>>   End train ranking function

train_ranking_functioning time = 0.347 ms


2019-05-04-12-46-40   >>>>   Start verify ranking function

[xr_0 = 49, xr_1 = -48]
ranking function : 1.1967 *  x[0]^-2.0 *  x[1]^-0.5 + 1.6067 *  x[1]^-2.0

2019-05-04-12-46-40   >>>>   End verify ranking function

verifying time = 39.860 ms


Not Found Ranking Fcuntion

Conterexample is 

[49, -48]

sampling time = 0.584 ms


       ########################################         

iteration 21 with 66 examples

2019-05-04-12-46-40   >>>>   Start train ranking function

2019-05-04-12-46-40   >>>>   End train ranking function

train_ranking_functioning time = 0.387 ms


2019-05-04-12-46-40   >>>>   Start verify ranking function

[xr_0 = 49, xr_1 = -48]
ranking function : 1.1973 *  x[0]^-2.0 *  x[1]^-0.5 + 1.6071 *  x[1]^-2.0

2019-05-04-12-46-40   >>>>   End verify ranking function

verifying time = 37.928 ms


Not Found Ranking Fcuntion

Conterexample is 

[49, -48]

sampling time = 0.587 ms


       ########################################         

iteration 22 with 68 examples

2019-05-04-12-46-40   >>>>   Start train ranking function

2019-05-04-12-46-40   >>>>   End train ranking function

train_ranking_functioning time = 0.352 ms


2019-05-04-12-46-40   >>>>   Start verify ranking function

[xr_0 = 49, xr_1 = -48]
ranking function : 1.198 *  x[0]^-2.0 *  x[1]^-0.5 + 1.6074 *  x[1]^-2.0

2019-05-04-12-46-40   >>>>   End verify ranking function

verifying time = 30.135 ms


Not Found Ranking Fcuntion

Conterexample is 

[49, -48]

sampling time = 0.592 ms


       ########################################         

iteration 23 with 70 examples

2019-05-04-12-46-40   >>>>   Start train ranking function

2019-05-04-12-46-40   >>>>   End train ranking function

train_ranking_functioning time = 0.349 ms


2019-05-04-12-46-40   >>>>   Start verify ranking function

[xr_0 = 49, xr_1 = -48]
ranking function : 1.1986 *  x[0]^-2.0 *  x[1]^-0.5 + 1.6078 *  x[1]^-2.0

2019-05-04-12-46-40   >>>>   End verify ranking function

verifying time = 28.612 ms


Not Found Ranking Fcuntion

Conterexample is 

[49, -48]

sampling time = 0.592 ms


       ########################################         

iteration 24 with 72 examples

2019-05-04-12-46-40   >>>>   Start train ranking function

2019-05-04-12-46-40   >>>>   End train ranking function

train_ranking_functioning time = 0.352 ms


2019-05-04-12-46-40   >>>>   Start verify ranking function

[xr_0 = 49, xr_1 = -48]
ranking function : 1.1993 *  x[0]^-2.0 *  x[1]^-0.5 + 1.6081 *  x[1]^-2.0

2019-05-04-12-46-40   >>>>   End verify ranking function

verifying time = 30.356 ms


Not Found Ranking Fcuntion

Conterexample is 

[49, -48]

sampling time = 0.583 ms


Failed to prove it is terminated

UNKNOWN
Time For Template 1 Is--->-842.440000 ms

------Using Template 2 -----------
9 [3, 3, 3]
*****************************************************

2019-05-04-12-46-40   >>>>   End sampling point

sampling time = 32.332 ms,


       ########################################         

iteration 0 with 48 examples

2019-05-04-12-46-40   >>>>   Start train ranking function

2019-05-04-12-46-40   >>>>   End train ranking function

train_ranking_functioning time = 0.694 ms


2019-05-04-12-46-40   >>>>   Start verify ranking function

[xr_1 = -4465/554, xr_0 = 7235/554]
ranking function :  - 0.2884 *  x[0]^1.0 + 0.2874 *  x[1]^1.0 + 1.3405 * 1;  - 0.1777 *  x[0]^1.0 + 0.1765 *  x[1]^1.0 + 1.2737 * 1;  - 0.0849 *  x[0]^1.0 + 0.084 *  x[1]^1.0 + 1.2444 * 1

2019-05-04-12-46-40   >>>>   End verify ranking function

verifying time = 9.906 ms


Not Found Ranking Fcuntion

Conterexample is 

[13.059566787003611, -8.059566787003611]

sampling time = 2.080 ms


       ########################################         

iteration 1 with 52 examples

2019-05-04-12-46-40   >>>>   Start train ranking function

2019-05-04-12-46-40   >>>>   End train ranking function

train_ranking_functioning time = 1.084 ms


2019-05-04-12-46-40   >>>>   Start verify ranking function

[xr_1 = -1, xr_0 = 6]
ranking function : 0.0849 *  x[0]^1.0 + 0.4403 *  x[1]^1.0 + 1.3394 * 1;  - 0.0203 *  x[0]^1.0 + 0.158 *  x[1]^1.0 + 1.2088 * 1;  - 0.0243 *  x[0]^1.0 + 0.0538 *  x[1]^1.0 + 1.1741 * 1

2019-05-04-12-46-40   >>>>   End verify ranking function

verifying time = 7.364 ms


Not Found Ranking Fcuntion

Conterexample is 

[6, -1]

sampling time = 2.021 ms


       ########################################         

iteration 2 with 56 examples

2019-05-04-12-46-40   >>>>   Start train ranking function

2019-05-04-12-46-40   >>>>   End train ranking function

train_ranking_functioning time = 1.155 ms


2019-05-04-12-46-40   >>>>   Start verify ranking function

[xr_1 = -23797/1878, xr_0 = 23797/1878]
ranking function : 0.0604 *  x[0]^1.0 + 0.444 *  x[1]^1.0 + 1.3807 * 1;  - 0.0355 *  x[0]^1.0 + 0.1603 *  x[1]^1.0 + 1.2611 * 1;  - 0.0313 *  x[0]^1.0 + 0.0581 *  x[1]^1.0 + 1.2407 * 1

2019-05-04-12-46-40   >>>>   End verify ranking function

verifying time = 9.779 ms


Not Found Ranking Fcuntion

Conterexample is 

[12.671458998935037, -12.671458998935037]

sampling time = 2.019 ms


       ########################################         

iteration 3 with 60 examples

2019-05-04-12-46-40   >>>>   Start train ranking function

2019-05-04-12-46-40   >>>>   End train ranking function

train_ranking_functioning time = 1.110 ms


2019-05-04-12-46-40   >>>>   Start verify ranking function

[xr_1 = -20411/613, xr_0 = 23476/613]
ranking function :  - 0.2522 *  x[0]^1.0 - 0.0689 *  x[1]^1.0 + 1.4981 * 1;  - 0.161 *  x[0]^1.0 - 0.039 *  x[1]^1.0 + 1.4765 * 1;  - 0.0744 *  x[0]^1.0 - 0.0131 *  x[1]^1.0 + 1.4559 * 1

2019-05-04-12-46-40   >>>>   End verify ranking function

verifying time = 10.344 ms


Not Found Ranking Fcuntion

Conterexample is 

[38.296900489396414, -33.296900489396414]

sampling time = 2.101 ms


       ########################################         

iteration 4 with 64 examples

2019-05-04-12-46-40   >>>>   Start train ranking function

2019-05-04-12-46-40   >>>>   End train ranking function

train_ranking_functioning time = 1.216 ms


2019-05-04-12-46-40   >>>>   Start verify ranking function

[xr_1 = -4723/80, xr_0 = 5123/80]
ranking function :  - 0.2276 *  x[0]^1.0 - 0.1688 *  x[1]^1.0 + 1.3392 * 1;  - 0.1378 *  x[0]^1.0 - 0.111 *  x[1]^1.0 + 1.3266 * 1;  - 0.0511 *  x[0]^1.0 - 0.0469 *  x[1]^1.0 + 1.1839 * 1

2019-05-04-12-46-40   >>>>   End verify ranking function

verifying time = 10.187 ms


Not Found Ranking Fcuntion

Conterexample is 

[64.0375, -59.0375]

sampling time = 2.258 ms


       ########################################         

iteration 5 with 68 examples

2019-05-04-12-46-40   >>>>   Start train ranking function

2019-05-04-12-46-40   >>>>   End train ranking function

train_ranking_functioning time = 1.471 ms


2019-05-04-12-46-40   >>>>   Start verify ranking function

[xr_1 = -9277/39, xr_0 = 9472/39]
ranking function :  - 0.1979 *  x[0]^1.0 - 0.1772 *  x[1]^1.0 + 1.2294 * 1;  - 0.1233 *  x[0]^1.0 - 0.1104 *  x[1]^1.0 + 1.2136 * 1;  - 0.0492 *  x[0]^1.0 - 0.0502 *  x[1]^1.0 + 1.103 * 1

2019-05-04-12-46-40   >>>>   End verify ranking function

verifying time = 10.774 ms


Not Found Ranking Fcuntion

Conterexample is 

[242.87179487179486, -237.87179487179486]

sampling time = 2.025 ms


       ########################################         

iteration 6 with 72 examples

2019-05-04-12-46-40   >>>>   Start train ranking function

2019-05-04-12-46-40   >>>>   End train ranking function

train_ranking_functioning time = 1.577 ms


2019-05-04-12-46-40   >>>>   Start verify ranking function

[xr_1 = -17957/7, xr_0 = 17992/7]
ranking function :  - 0.2767 *  x[0]^1.0 - 0.2717 *  x[1]^1.0 + 1.3227 * 1;  - 0.1715 *  x[0]^1.0 - 0.1672 *  x[1]^1.0 + 1.2549 * 1;  - 0.0826 *  x[0]^1.0 - 0.0834 *  x[1]^1.0 + 1.2217 * 1

2019-05-04-12-46-40   >>>>   End verify ranking function

verifying time = 10.424 ms


Not Found Ranking Fcuntion

Conterexample is 

[2570.285714285714, -2565.285714285714]

sampling time = 2.016 ms


       ########################################         

iteration 7 with 76 examples

2019-05-04-12-46-40   >>>>   Start train ranking function

2019-05-04-12-46-40   >>>>   End train ranking function

train_ranking_functioning time = 1.615 ms


2019-05-04-12-46-40   >>>>   Start verify ranking function

[xr_1 = -1, xr_0 = 1]
ranking function :  - 0.2902 *  x[0]^1.0 - 0.2938 *  x[1]^1.0 + 1.3117 * 1;  - 0.178 *  x[0]^1.0 - 0.1805 *  x[1]^1.0 + 1.24 * 1;  - 0.086 *  x[0]^1.0 - 0.0861 *  x[1]^1.0 + 1.2056 * 1

2019-05-04-12-46-40   >>>>   End verify ranking function

verifying time = 7.510 ms


Not Found Ranking Fcuntion

Conterexample is 

[1, -1]

sampling time = 2.030 ms


       ########################################         

iteration 8 with 80 examples

2019-05-04-12-46-40   >>>>   Start train ranking function

2019-05-04-12-46-40   >>>>   End train ranking function

train_ranking_functioning time = 1.635 ms


2019-05-04-12-46-40   >>>>   Start verify ranking function

[xr_1 = -1, xr_0 = 1]
ranking function :  - 0.2889 *  x[0]^1.0 - 0.2918 *  x[1]^1.0 + 1.3137 * 1;  - 0.1768 *  x[0]^1.0 - 0.1776 *  x[1]^1.0 + 1.2428 * 1;  - 0.0853 *  x[0]^1.0 - 0.0854 *  x[1]^1.0 + 1.2086 * 1

2019-05-04-12-46-40   >>>>   End verify ranking function

verifying time = 7.391 ms


Not Found Ranking Fcuntion

Conterexample is 

[1, -1]

sampling time = 2.078 ms


       ########################################         

iteration 9 with 84 examples

2019-05-04-12-46-40   >>>>   Start train ranking function

2019-05-04-12-46-40   >>>>   End train ranking function

train_ranking_functioning time = 1.701 ms


2019-05-04-12-46-40   >>>>   Start verify ranking function

[xr_1 = -1, xr_0 = 1]
ranking function :  - 0.2927 *  x[0]^1.0 - 0.2975 *  x[1]^1.0 + 1.3091 * 1;  - 0.1805 *  x[0]^1.0 - 0.1816 *  x[1]^1.0 + 1.2366 * 1;  - 0.0848 *  x[0]^1.0 - 0.0874 *  x[1]^1.0 + 1.2022 * 1

2019-05-04-12-46-40   >>>>   End verify ranking function

verifying time = 7.327 ms


Not Found Ranking Fcuntion

Conterexample is 

[1, -1]

sampling time = 2.040 ms


       ########################################         

iteration 10 with 88 examples

2019-05-04-12-46-40   >>>>   Start train ranking function

2019-05-04-12-46-40   >>>>   End train ranking function

train_ranking_functioning time = 1.680 ms


2019-05-04-12-46-40   >>>>   Start verify ranking function

[xr_1 = -1, xr_0 = 1]
ranking function :  - 0.2903 *  x[0]^1.0 - 0.2945 *  x[1]^1.0 + 1.3124 * 1;  - 0.1778 *  x[0]^1.0 - 0.1811 *  x[1]^1.0 + 1.2406 * 1;  - 0.084 *  x[0]^1.0 - 0.0867 *  x[1]^1.0 + 1.2064 * 1

2019-05-04-12-46-40   >>>>   End verify ranking function

verifying time = 7.381 ms


Not Found Ranking Fcuntion

Conterexample is 

[1, -1]

sampling time = 2.018 ms


       ########################################         

iteration 11 with 92 examples

2019-05-04-12-46-40   >>>>   Start train ranking function

2019-05-04-12-46-40   >>>>   End train ranking function

train_ranking_functioning time = 1.664 ms


2019-05-04-12-46-40   >>>>   Start verify ranking function

[xr_1 = -1, xr_0 = 1]
ranking function :  - 0.2505 *  x[0]^1.0 - 0.2564 *  x[1]^1.0 + 1.2353 * 1;  - 0.1525 *  x[0]^1.0 - 0.1574 *  x[1]^1.0 + 1.1733 * 1;  - 0.0723 *  x[0]^1.0 - 0.0742 *  x[1]^1.0 + 1.144 * 1

2019-05-04-12-46-40   >>>>   End verify ranking function

verifying time = 7.410 ms


Not Found Ranking Fcuntion

Conterexample is 

[1, -1]

sampling time = 2.060 ms


       ########################################         

iteration 12 with 96 examples

2019-05-04-12-46-40   >>>>   Start train ranking function

2019-05-04-12-46-40   >>>>   End train ranking function

train_ranking_functioning time = 1.813 ms


2019-05-04-12-46-40   >>>>   Start verify ranking function

[xr_1 = -1, xr_0 = 1]
ranking function :  - 0.242 *  x[0]^1.0 - 0.2436 *  x[1]^1.0 + 1.2444 * 1;  - 0.1488 *  x[0]^1.0 - 0.1506 *  x[1]^1.0 + 1.1845 * 1;  - 0.0701 *  x[0]^1.0 - 0.0724 *  x[1]^1.0 + 1.156 * 1

2019-05-04-12-46-40   >>>>   End verify ranking function

verifying time = 7.401 ms


Not Found Ranking Fcuntion

Conterexample is 

[1, -1]

sampling time = 1.993 ms


       ########################################         

iteration 13 with 100 examples

2019-05-04-12-46-40   >>>>   Start train ranking function

2019-05-04-12-46-40   >>>>   End train ranking function

train_ranking_functioning time = 1.747 ms


2019-05-04-12-46-40   >>>>   Start verify ranking function

[xr_1 = -1, xr_0 = 1]
ranking function :  - 0.2461 *  x[0]^1.0 - 0.2497 *  x[1]^1.0 + 1.2407 * 1;  - 0.1513 *  x[0]^1.0 - 0.1523 *  x[1]^1.0 + 1.1799 * 1;  - 0.0726 *  x[0]^1.0 - 0.0728 *  x[1]^1.0 + 1.1508 * 1

2019-05-04-12-46-40   >>>>   End verify ranking function

verifying time = 7.344 ms


Not Found Ranking Fcuntion

Conterexample is 

[1, -1]

sampling time = 2.006 ms


       ########################################         

iteration 14 with 104 examples

2019-05-04-12-46-40   >>>>   Start train ranking function

2019-05-04-12-46-40   >>>>   End train ranking function

train_ranking_functioning time = 1.866 ms


2019-05-04-12-46-40   >>>>   Start verify ranking function

[xr_1 = -1, xr_0 = 1]
ranking function :  - 0.2429 *  x[0]^1.0 - 0.2456 *  x[1]^1.0 + 1.2458 * 1;  - 0.149 *  x[0]^1.0 - 0.1494 *  x[1]^1.0 + 1.1861 * 1;  - 0.0716 *  x[0]^1.0 - 0.0713 *  x[1]^1.0 + 1.1575 * 1

2019-05-04-12-46-40   >>>>   End verify ranking function

verifying time = 7.407 ms


Not Found Ranking Fcuntion

Conterexample is 

[1, -1]

sampling time = 2.015 ms


       ########################################         

iteration 15 with 108 examples

2019-05-04-12-46-40   >>>>   Start train ranking function

2019-05-04-12-46-40   >>>>   End train ranking function

train_ranking_functioning time = 1.848 ms


2019-05-04-12-46-40   >>>>   Start verify ranking function

[xr_1 = -1, xr_0 = 1]
ranking function :  - 0.2403 *  x[0]^1.0 - 0.2409 *  x[1]^1.0 + 1.2476 * 1;  - 0.1475 *  x[0]^1.0 - 0.1477 *  x[1]^1.0 + 1.1886 * 1;  - 0.0721 *  x[0]^1.0 - 0.0716 *  x[1]^1.0 + 1.1599 * 1

2019-05-04-12-46-40   >>>>   End verify ranking function

verifying time = 7.403 ms


Not Found Ranking Fcuntion

Conterexample is 

[1, -1]

sampling time = 2.004 ms


       ########################################         

iteration 16 with 112 examples

2019-05-04-12-46-40   >>>>   Start train ranking function

2019-05-04-12-46-40   >>>>   End train ranking function
