------Using Template 0 -----------
5 [5]
*****************************************************

2019-05-04-12-51-42   >>>>   End sampling point

sampling time = 103.366 ms,


       ########################################         

iteration 0 with 148 examples

2019-05-04-12-51-42   >>>>   Start train ranking function

2019-05-04-12-51-42   >>>>   End train ranking function

train_ranking_functioning time = 0.874 ms


2019-05-04-12-51-42   >>>>   Start verify ranking function

ranking function : 0.5 *  x[2]^1.0 + 0.5 *  x[3]^1.0 + 1.5 * 1

2019-05-04-12-51-42   >>>>   End verify ranking function

verifying time = 10.489 ms


Not Found Ranking Fcuntion

Conterexample is 

[0, 0, 0, -4]

sampling time = 1.367 ms


       ########################################         

iteration 1 with 150 examples

2019-05-04-12-51-42   >>>>   Start train ranking function

2019-05-04-12-51-42   >>>>   End train ranking function

train_ranking_functioning time = 0.834 ms


2019-05-04-12-51-42   >>>>   Start verify ranking function

ranking function : 0.5 *  x[2]^1.0 + 0.5 *  x[3]^1.0 + 1.9 * 1

2019-05-04-12-51-42   >>>>   End verify ranking function

verifying time = 10.290 ms


Not Found Ranking Fcuntion

Conterexample is 

[0, 0, 0, -4]

sampling time = 1.324 ms


       ########################################         

iteration 2 with 152 examples

2019-05-04-12-51-42   >>>>   Start train ranking function

2019-05-04-12-51-42   >>>>   End train ranking function

train_ranking_functioning time = 1.038 ms


2019-05-04-12-51-42   >>>>   Start verify ranking function

ranking function : 0.5 *  x[2]^1.0 + 0.5 *  x[3]^1.0 + 2.3 * 1

2019-05-04-12-51-42   >>>>   End verify ranking function

verifying time = 10.316 ms


Not Found Ranking Fcuntion

Conterexample is 

[0, 0, 0, -5]

sampling time = 1.319 ms


       ########################################         

iteration 3 with 154 examples

2019-05-04-12-51-42   >>>>   Start train ranking function

2019-05-04-12-51-42   >>>>   End train ranking function

train_ranking_functioning time = 1.461 ms


2019-05-04-12-51-42   >>>>   Start verify ranking function

ranking function : 0.5 *  x[2]^1.0 + 0.5 *  x[3]^1.0 + 2.6 * 1

2019-05-04-12-51-42   >>>>   End verify ranking function

verifying time = 10.346 ms


Not Found Ranking Fcuntion

Conterexample is 

[0, 0, 0, -7]

sampling time = 1.327 ms


       ########################################         

iteration 4 with 156 examples

2019-05-04-12-51-42   >>>>   Start train ranking function

2019-05-04-12-51-42   >>>>   End train ranking function

train_ranking_functioning time = 1.908 ms


2019-05-04-12-51-42   >>>>   Start verify ranking function

[xi_2 = 0, xi_0 = 0, xi_1 = -9]
ranking function : 0.5 *  x[2]^1.0 + 0.4 *  x[3]^1.0 + 2.9 * 1

2019-05-04-12-51-42   >>>>   End verify ranking function

verifying time = 9.004 ms


Not Found Ranking Fcuntion

Conterexample is 

[0, -9, 0, 0]

sampling time = 1.332 ms


       ########################################         

iteration 5 with 158 examples

2019-05-04-12-51-42   >>>>   Start train ranking function

2019-05-04-12-51-42   >>>>   End train ranking function

train_ranking_functioning time = 2.961 ms


2019-05-04-12-51-42   >>>>   Start verify ranking function

ranking function : 0.5 *  x[2]^1.0 + 0.5 *  x[3]^1.0 + 3.0 * 1

2019-05-04-12-51-42   >>>>   End verify ranking function

verifying time = 10.359 ms


Not Found Ranking Fcuntion

Conterexample is 

[0, 0, 0, -7]

sampling time = 1.321 ms


       ########################################         

iteration 6 with 160 examples

2019-05-04-12-51-42   >>>>   Start train ranking function

2019-05-04-12-51-42   >>>>   End train ranking function

train_ranking_functioning time = 2.919 ms


2019-05-04-12-51-42   >>>>   Start verify ranking function

[xi_2 = 0, xi_0 = 0, xi_1 = -9]
ranking function : 0.5 *  x[2]^1.0 + 0.4 *  x[3]^1.0 + 3.3 * 1

2019-05-04-12-51-42   >>>>   End verify ranking function

verifying time = 8.828 ms


Not Found Ranking Fcuntion

Conterexample is 

[0, -9, 0, 0]

sampling time = 1.314 ms


       ########################################         

iteration 7 with 162 examples

2019-05-04-12-51-42   >>>>   Start train ranking function

2019-05-04-12-51-42   >>>>   End train ranking function

train_ranking_functioning time = 3.126 ms


2019-05-04-12-51-42   >>>>   Start verify ranking function

ranking function : 0.5 *  x[2]^1.0 + 0.5 *  x[3]^1.0 + 3.3 * 1

2019-05-04-12-51-42   >>>>   End verify ranking function

verifying time = 10.314 ms


Not Found Ranking Fcuntion

Conterexample is 

[0, 0, 0, -7]

sampling time = 1.318 ms


       ########################################         

iteration 8 with 164 examples

2019-05-04-12-51-42   >>>>   Start train ranking function

2019-05-04-12-51-42   >>>>   End train ranking function

train_ranking_functioning time = 3.201 ms


2019-05-04-12-51-42   >>>>   Start verify ranking function

ranking function : 0.5 *  x[2]^1.0 + 0.5 *  x[3]^1.0 + 3.6 * 1

2019-05-04-12-51-42   >>>>   End verify ranking function

verifying time = 10.282 ms


Not Found Ranking Fcuntion

Conterexample is 

[0, 0, 0, -10]

sampling time = 1.326 ms


       ########################################         

iteration 9 with 166 examples

2019-05-04-12-51-42   >>>>   Start train ranking function

2019-05-04-12-51-42   >>>>   End train ranking function

train_ranking_functioning time = 3.198 ms


2019-05-04-12-51-42   >>>>   Start verify ranking function

[xi_2 = 0, xi_0 = 0, xi_1 = -9]
ranking function : 0.5 *  x[2]^1.0 + 0.4 *  x[3]^1.0 + 3.9 * 1

2019-05-04-12-51-42   >>>>   End verify ranking function

verifying time = 8.987 ms


Not Found Ranking Fcuntion

Conterexample is 

[0, -9, 0, 0]

sampling time = 1.408 ms


       ########################################         

iteration 10 with 168 examples

2019-05-04-12-51-42   >>>>   Start train ranking function

2019-05-04-12-51-42   >>>>   End train ranking function

train_ranking_functioning time = 3.428 ms


2019-05-04-12-51-42   >>>>   Start verify ranking function

[xi_2 = 0, xi_0 = 0, xi_1 = -9]
ranking function : 0.5 *  x[2]^1.0 + 0.4 *  x[3]^1.0 + 3.9 * 1

2019-05-04-12-51-42   >>>>   End verify ranking function

verifying time = 8.808 ms


Not Found Ranking Fcuntion

Conterexample is 

[0, -9, 0, 0]

sampling time = 1.337 ms


       ########################################         

iteration 11 with 170 examples

2019-05-04-12-51-42   >>>>   Start train ranking function

2019-05-04-12-51-42   >>>>   End train ranking function

train_ranking_functioning time = 3.499 ms


2019-05-04-12-51-42   >>>>   Start verify ranking function

[xi_2 = 0, xi_0 = 0, xi_1 = -9]
ranking function : 0.5 *  x[2]^1.0 + 0.4 *  x[3]^1.0 + 3.9 * 1

2019-05-04-12-51-42   >>>>   End verify ranking function

verifying time = 9.245 ms


Not Found Ranking Fcuntion

Conterexample is 

[0, -9, 0, 0]

sampling time = 1.334 ms


       ########################################         

iteration 12 with 172 examples

2019-05-04-12-51-42   >>>>   Start train ranking function

2019-05-04-12-51-42   >>>>   End train ranking function

train_ranking_functioning time = 3.468 ms


2019-05-04-12-51-42   >>>>   Start verify ranking function

ranking function : 0.4 *  x[2]^1.0 + 0.4 *  x[3]^1.0 + 3.9 * 1

2019-05-04-12-51-42   >>>>   End verify ranking function

verifying time = 10.216 ms


Not Found Ranking Fcuntion

Conterexample is 

[0, 0, 0, -10]

sampling time = 1.339 ms


       ########################################         

iteration 13 with 174 examples

2019-05-04-12-51-42   >>>>   Start train ranking function

2019-05-04-12-51-42   >>>>   End train ranking function

train_ranking_functioning time = 3.538 ms


2019-05-04-12-51-42   >>>>   Start verify ranking function

ranking function : 0.4 *  x[2]^1.0 + 0.4 *  x[3]^1.0 + 4.3 * 1

2019-05-04-12-51-42   >>>>   End verify ranking function

verifying time = 10.294 ms


Not Found Ranking Fcuntion

Conterexample is 

[0, 0, 0, -11]

sampling time = 1.338 ms


       ########################################         

iteration 14 with 176 examples

2019-05-04-12-51-42   >>>>   Start train ranking function

2019-05-04-12-51-42   >>>>   End train ranking function

train_ranking_functioning time = 3.534 ms


2019-05-04-12-51-42   >>>>   Start verify ranking function

ranking function : 0.4 *  x[2]^1.0 + 0.4 *  x[3]^1.0 + 4.6 * 1

2019-05-04-12-51-42   >>>>   End verify ranking function

verifying time = 11.025 ms


Not Found Ranking Fcuntion

Conterexample is 

[0, 0, 0, -12]

sampling time = 1.355 ms


       ########################################         

iteration 15 with 178 examples

2019-05-04-12-51-42   >>>>   Start train ranking function

2019-05-04-12-51-42   >>>>   End train ranking function

train_ranking_functioning time = 3.670 ms


2019-05-04-12-51-42   >>>>   Start verify ranking function

ranking function : 0.4 *  x[2]^1.0 + 0.4 *  x[3]^1.0 + 4.9 * 1

2019-05-04-12-51-42   >>>>   End verify ranking function

verifying time = 10.717 ms


Not Found Ranking Fcuntion

Conterexample is 

[0, 0, 0, -13]

sampling time = 1.424 ms


       ########################################         

iteration 16 with 180 examples

2019-05-04-12-51-42   >>>>   Start train ranking function

2019-05-04-12-51-42   >>>>   End train ranking function

train_ranking_functioning time = 3.863 ms


2019-05-04-12-51-42   >>>>   Start verify ranking function

ranking function : 0.4 *  x[2]^1.0 + 0.4 *  x[3]^1.0 + 5.1 * 1

2019-05-04-12-51-42   >>>>   End verify ranking function

verifying time = 10.429 ms


Not Found Ranking Fcuntion

Conterexample is 

[0, 0, 0, -13]

sampling time = 1.326 ms


       ########################################         

iteration 17 with 182 examples

2019-05-04-12-51-42   >>>>   Start train ranking function

2019-05-04-12-51-42   >>>>   End train ranking function

train_ranking_functioning time = 3.837 ms


2019-05-04-12-51-42   >>>>   Start verify ranking function

ranking function : 0.4 *  x[2]^1.0 + 0.4 *  x[3]^1.0 + 5.3 * 1

2019-05-04-12-51-42   >>>>   End verify ranking function

verifying time = 10.354 ms


Not Found Ranking Fcuntion

Conterexample is 

[0, 0, 0, -14]

sampling time = 1.321 ms


       ########################################         

iteration 18 with 184 examples

2019-05-04-12-51-42   >>>>   Start train ranking function

2019-05-04-12-51-42   >>>>   End train ranking function

train_ranking_functioning time = 3.696 ms


2019-05-04-12-51-42   >>>>   Start verify ranking function

ranking function : 0.4 *  x[2]^1.0 + 0.4 *  x[3]^1.0 + 5.4 * 1

2019-05-04-12-51-42   >>>>   End verify ranking function

verifying time = 10.311 ms


Not Found Ranking Fcuntion

Conterexample is 

[0, 0, 0, -14]

sampling time = 1.369 ms


       ########################################         

iteration 19 with 186 examples

2019-05-04-12-51-42   >>>>   Start train ranking function

2019-05-04-12-51-42   >>>>   End train ranking function

train_ranking_functioning time = 3.755 ms


2019-05-04-12-51-42   >>>>   Start verify ranking function

ranking function : 0.4 *  x[2]^1.0 + 0.4 *  x[3]^1.0 + 5.6 * 1

2019-05-04-12-51-42   >>>>   End verify ranking function

verifying time = 10.344 ms


Not Found Ranking Fcuntion

Conterexample is 

[0, 0, 0, -15]

sampling time = 1.334 ms


       ########################################         

iteration 20 with 188 examples

2019-05-04-12-51-42   >>>>   Start train ranking function

2019-05-04-12-51-42   >>>>   End train ranking function

train_ranking_functioning time = 3.876 ms


2019-05-04-12-51-42   >>>>   Start verify ranking function

ranking function : 0.4 *  x[2]^1.0 + 0.4 *  x[3]^1.0 + 5.7 * 1

2019-05-04-12-51-42   >>>>   End verify ranking function

verifying time = 10.272 ms


Not Found Ranking Fcuntion

Conterexample is 

[0, 0, 0, -15]

sampling time = 1.338 ms


       ########################################         

iteration 21 with 190 examples

2019-05-04-12-51-42   >>>>   Start train ranking function

2019-05-04-12-51-42   >>>>   End train ranking function

train_ranking_functioning time = 3.827 ms


2019-05-04-12-51-42   >>>>   Start verify ranking function

ranking function : 0.4 *  x[2]^1.0 + 0.4 *  x[3]^1.0 + 5.8 * 1

2019-05-04-12-51-42   >>>>   End verify ranking function

verifying time = 10.293 ms


Not Found Ranking Fcuntion

Conterexample is 

[0, 0, 0, -15]

sampling time = 1.391 ms


       ########################################         

iteration 22 with 192 examples

2019-05-04-12-51-42   >>>>   Start train ranking function

2019-05-04-12-51-42   >>>>   End train ranking function

train_ranking_functioning time = 4.003 ms


2019-05-04-12-51-42   >>>>   Start verify ranking function

ranking function : 0.4 *  x[2]^1.0 + 0.4 *  x[3]^1.0 + 5.9 * 1

2019-05-04-12-51-42   >>>>   End verify ranking function

verifying time = 10.287 ms


Not Found Ranking Fcuntion

Conterexample is 

[0, 0, 0, -15]

sampling time = 1.408 ms


       ########################################         

iteration 23 with 194 examples

2019-05-04-12-51-42   >>>>   Start train ranking function

2019-05-04-12-51-42   >>>>   End train ranking function

train_ranking_functioning time = 4.014 ms


2019-05-04-12-51-42   >>>>   Start verify ranking function

ranking function : 0.4 *  x[2]^1.0 + 0.4 *  x[3]^1.0 + 6.0 * 1

2019-05-04-12-51-42   >>>>   End verify ranking function

verifying time = 10.301 ms


Not Found Ranking Fcuntion

Conterexample is 

[0, 0, 0, -16]

sampling time = 1.324 ms


       ########################################         

iteration 24 with 196 examples

2019-05-04-12-51-42   >>>>   Start train ranking function

2019-05-04-12-51-42   >>>>   End train ranking function

train_ranking_functioning time = 4.071 ms


2019-05-04-12-51-42   >>>>   Start verify ranking function

ranking function : 0.4 *  x[2]^1.0 + 0.4 *  x[3]^1.0 + 6.1 * 1

2019-05-04-12-51-42   >>>>   End verify ranking function

verifying time = 10.202 ms


Not Found Ranking Fcuntion

Conterexample is 

[0, 0, 0, -16]

sampling time = 1.352 ms


Failed to prove it is terminated

UNKNOWN
Time For Template 0 Is--->-520.169000 ms

------Using Template 1 -----------
2 [2]
*****************************************************

2019-05-04-12-51-42   >>>>   End sampling point

sampling time = 54.381 ms,


       ########################################         

iteration 0 with 148 examples

2019-05-04-12-51-42   >>>>   Start train ranking function

2019-05-04-12-51-42   >>>>   End train ranking function

train_ranking_functioning time = 4.262 ms


2019-05-04-12-51-42   >>>>   Start verify ranking function

time out
ranking function : 0.1 *  x[0]^2.0 *  x[1]^3.0 *  x[2]^-3.0 - 0.1 *  x[0]^0.5 *  x[2]^2.0 *  x[3]^0.5

2019-05-04-12-51-45   >>>>   End verify ranking function

verifying time = 3249.233 ms


UNKNOWN
Time For Template 1 Is--->-3314.472000 ms

------Using Template 2 -----------
15 [5, 5, 5]
*****************************************************

2019-05-04-12-51-46   >>>>   End sampling point

sampling time = 293.973 ms,


       ########################################         

iteration 0 with 296 examples

2019-05-04-12-51-46   >>>>   Start train ranking function

2019-05-04-12-51-46   >>>>   End train ranking function

train_ranking_functioning time = 1.203 ms


2019-05-04-12-51-46   >>>>   Start verify ranking function

[xi_2 = 0, xi_3 = -4]
ranking function : 0.5 *  x[2]^1.0 + 0.5 *  x[3]^1.0 + 0.8 * 1; 0.4 *  x[2]^1.0 + 0.4 *  x[3]^1.0 + 0.8 * 1; 0.2 *  x[2]^1.0 + 0.2 *  x[3]^1.0 + 1.2 * 1

2019-05-04-12-51-46   >>>>   End verify ranking function

verifying time = 13.739 ms


Not Found Ranking Fcuntion

Conterexample is 

[0, 0, 0, -4]

sampling time = 3.821 ms


       ########################################         

iteration 1 with 300 examples

2019-05-04-12-51-46   >>>>   Start train ranking function

2019-05-04-12-51-46   >>>>   End train ranking function

train_ranking_functioning time = 1.078 ms


2019-05-04-12-51-46   >>>>   Start verify ranking function

[xi_2 = 0, xi_3 = 0, xi_0 = 8, xi_1 = 0]
ranking function : 0.5 *  x[2]^1.0 + 0.5 *  x[3]^1.0 + 1.5 * 1; 0.1 *  x[0]^1.0 - 0.1 *  x[1]^1.0 + 0.5 *  x[2]^1.0 + 0.2 *  x[3]^1.0 + 1.2 * 1; 0.2 *  x[2]^1.0 + 0.1 *  x[3]^1.0 + 1.2 * 1

2019-05-04-12-51-46   >>>>   End verify ranking function

verifying time = 14.229 ms


Not Found Ranking Fcuntion

Conterexample is 

[8, 0, 0, 0]

sampling time = 4.325 ms


       ########################################         

iteration 2 with 304 examples

2019-05-04-12-51-46   >>>>   Start train ranking function

2019-05-04-12-51-46   >>>>   End train ranking function

train_ranking_functioning time = 4.035 ms


2019-05-04-12-51-46   >>>>   Start verify ranking function

[xi_2 = 0, xi_3 = 0, xi_0 = 0, xi_1 = -6]
ranking function : 0.5 *  x[2]^1.0 + 0.5 *  x[3]^1.0 + 1.5 * 1; 0.1 *  x[0]^1.0 - 0.1 *  x[1]^1.0 + 0.6 *  x[2]^1.0 + 0.2 *  x[3]^1.0 + 1.2 * 1; 0.2 *  x[2]^1.0 + 0.1 *  x[3]^1.0 + 1.2 * 1

2019-05-04-12-51-46   >>>>   End verify ranking function

verifying time = 15.184 ms


Not Found Ranking Fcuntion

Conterexample is 

[0, -6, 0, 0]

sampling time = 4.119 ms


       ########################################         

iteration 3 with 308 examples

2019-05-04-12-51-46   >>>>   Start train ranking function

2019-05-04-12-51-46   >>>>   End train ranking function

train_ranking_functioning time = 3.956 ms


2019-05-04-12-51-46   >>>>   Start verify ranking function

[xi_2 = 0, xi_3 = 0, xi_0 = 0, xi_1 = -6]
ranking function : 0.5 *  x[2]^1.0 + 0.5 *  x[3]^1.0 + 1.5 * 1; 0.1 *  x[0]^1.0 - 0.1 *  x[1]^1.0 + 0.6 *  x[2]^1.0 + 0.2 *  x[3]^1.0 + 1.2 * 1; 0.2 *  x[2]^1.0 + 0.1 *  x[3]^1.0 + 1.2 * 1

2019-05-04-12-51-46   >>>>   End verify ranking function

verifying time = 14.110 ms


Not Found Ranking Fcuntion

Conterexample is 

[0, -6, 0, 0]

sampling time = 3.849 ms


       ########################################         

iteration 4 with 312 examples

2019-05-04-12-51-46   >>>>   Start train ranking function

2019-05-04-12-51-46   >>>>   End train ranking function

train_ranking_functioning time = 3.977 ms


2019-05-04-12-51-46   >>>>   Start verify ranking function

[xi_2 = 0, xi_3 = 0, xi_0 = 6, xi_1 = 0]
ranking function : 0.5 *  x[2]^1.0 + 0.5 *  x[3]^1.0 + 1.5 * 1; 0.1 *  x[0]^1.0 - 0.1 *  x[1]^1.0 + 0.6 *  x[2]^1.0 + 0.2 *  x[3]^1.0 + 1.2 * 1; 0.2 *  x[2]^1.0 + 0.1 *  x[3]^1.0 + 1.2 * 1

2019-05-04-12-51-46   >>>>   End verify ranking function

verifying time = 14.252 ms


Not Found Ranking Fcuntion

Conterexample is 

[6, 0, 0, 0]

sampling time = 3.862 ms


       ########################################         

iteration 5 with 316 examples

2019-05-04-12-51-46   >>>>   Start train ranking function

2019-05-04-12-51-46   >>>>   End train ranking function

train_ranking_functioning time = 4.003 ms


2019-05-04-12-51-46   >>>>   Start verify ranking function

[xi_2 = 0, xi_3 = -5, xi_0 = 0, xi_1 = 0]
ranking function : 0.5 *  x[2]^1.0 + 0.5 *  x[3]^1.0 + 1.5 * 1; 0.1 *  x[0]^1.0 - 0.1 *  x[1]^1.0 + 0.6 *  x[2]^1.0 + 0.2 *  x[3]^1.0 + 1.2 * 1; 0.2 *  x[2]^1.0 + 0.1 *  x[3]^1.0 + 1.2 * 1

2019-05-04-12-51-46   >>>>   End verify ranking function

verifying time = 14.206 ms


Not Found Ranking Fcuntion

Conterexample is 

[0, 0, 0, -5]

sampling time = 3.867 ms


       ########################################         

iteration 6 with 320 examples

2019-05-04-12-51-46   >>>>   Start train ranking function

2019-05-04-12-51-46   >>>>   End train ranking function

train_ranking_functioning time = 4.042 ms


2019-05-04-12-51-46   >>>>   Start verify ranking function

[xi_2 = 0, xi_3 = 0, xi_0 = 0, xi_1 = -10]
ranking function :  - 0.2 *  x[1]^1.0 + 0.5 *  x[2]^1.0 + 0.5 *  x[3]^1.0 + 1.9 * 1; 0.1 *  x[0]^1.0 - 0.1 *  x[1]^1.0 + 0.7 *  x[2]^1.0 + 0.2 *  x[3]^1.0 + 1.4 * 1; 0.2 *  x[2]^1.0 + 0.1 *  x[3]^1.0 + 1.2 * 1

2019-05-04-12-51-46   >>>>   End verify ranking function

verifying time = 14.024 ms


Not Found Ranking Fcuntion

Conterexample is 

[0, -10, 0, 0]

sampling time = 3.846 ms


       ########################################         

iteration 7 with 324 examples

2019-05-04-12-51-46   >>>>   Start train ranking function

2019-05-04-12-51-46   >>>>   End train ranking function

train_ranking_functioning time = 4.168 ms


2019-05-04-12-51-46   >>>>   Start verify ranking function

[xi_2 = 0, xi_3 = 0, xi_0 = 0, xi_1 = -27]
ranking function : 0.2 *  x[0]^1.0 - 0.3 *  x[1]^1.0 + 0.5 *  x[2]^1.0 + 0.5 *  x[3]^1.0 + 1.9 * 1; 0.1 *  x[0]^1.0 - 0.1 *  x[1]^1.0 + 0.6 *  x[2]^1.0 + 0.2 *  x[3]^1.0 + 1.3 * 1; 0.2 *  x[2]^1.0 + 0.1 *  x[3]^1.0 + 1.2 * 1

2019-05-04-12-51-46   >>>>   End verify ranking function

verifying time = 14.120 ms


Not Found Ranking Fcuntion

Conterexample is 

[0, -27, 0, 0]

sampling time = 3.895 ms


       ########################################         

iteration 8 with 328 examples

2019-05-04-12-51-46   >>>>   Start train ranking function

2019-05-04-12-51-46   >>>>   End train ranking function

train_ranking_functioning time = 4.255 ms


2019-05-04-12-51-46   >>>>   Start verify ranking function

[xi_2 = 0, xi_3 = -6, xi_0 = 0, xi_1 = 0]
ranking function : 0.2 *  x[0]^1.0 - 0.4 *  x[1]^1.0 + 0.5 *  x[2]^1.0 + 0.5 *  x[3]^1.0 + 2.0 * 1; 0.1 *  x[0]^1.0 - 0.1 *  x[1]^1.0 + 0.6 *  x[2]^1.0 + 0.1 *  x[3]^1.0 + 1.3 * 1; 0.2 *  x[2]^1.0 + 0.1 *  x[3]^1.0 + 1.2 * 1

2019-05-04-12-51-46   >>>>   End verify ranking function

verifying time = 14.131 ms


Not Found Ranking Fcuntion

Conterexample is 

[0, 0, 0, -6]

sampling time = 3.868 ms


       ########################################         

iteration 9 with 332 examples

2019-05-04-12-51-46   >>>>   Start train ranking function

2019-05-04-12-51-46   >>>>   End train ranking function

train_ranking_functioning time = 4.827 ms


2019-05-04-12-51-46   >>>>   Start verify ranking function

[xi_2 = 0, xi_3 = -7, xi_0 = 0, xi_1 = 0]
ranking function : 0.3 *  x[0]^1.0 - 0.5 *  x[1]^1.0 + 0.5 *  x[2]^1.0 + 0.5 *  x[3]^1.0 + 2.3 * 1; 0.2 *  x[0]^1.0 - 0.2 *  x[1]^1.0 + 0.7 *  x[2]^1.0 + 0.1 *  x[3]^1.0 + 1.4 * 1; 0.2 *  x[2]^1.0 + 1.2 * 1

2019-05-04-12-51-46   >>>>   End verify ranking function

verifying time = 14.218 ms


Not Found Ranking Fcuntion

Conterexample is 

[0, 0, 0, -7]

sampling time = 3.809 ms


       ########################################         

iteration 10 with 336 examples

2019-05-04-12-51-46   >>>>   Start train ranking function

2019-05-04-12-51-46   >>>>   End train ranking function

train_ranking_functioning time = 4.760 ms


2019-05-04-12-51-46   >>>>   Start verify ranking function

[xi_2 = 0, xi_3 = 0, xi_0 = 9, xi_1 = 0]
ranking function : 0.3 *  x[0]^1.0 - 0.5 *  x[1]^1.0 + 0.5 *  x[2]^1.0 + 0.5 *  x[3]^1.0 + 2.6 * 1; 0.2 *  x[0]^1.0 - 0.2 *  x[1]^1.0 + 0.8 *  x[2]^1.0 + 0.1 *  x[3]^1.0 + 1.4 * 1; 0.2 *  x[2]^1.0 + 1.2 * 1

2019-05-04-12-51-46   >>>>   End verify ranking function

verifying time = 14.094 ms


Not Found Ranking Fcuntion

Conterexample is 

[9, 0, 0, 0]

sampling time = 3.823 ms


       ########################################         

iteration 11 with 340 examples

2019-05-04-12-51-46   >>>>   Start train ranking function

2019-05-04-12-51-46   >>>>   End train ranking function

train_ranking_functioning time = 4.786 ms


2019-05-04-12-51-46   >>>>   Start verify ranking function

[xi_2 = 0, xi_3 = 0, xi_0 = 0, xi_1 = -34]
ranking function : 0.3 *  x[0]^1.0 - 0.5 *  x[1]^1.0 + 0.5 *  x[2]^1.0 + 0.5 *  x[3]^1.0 + 2.6 * 1; 0.2 *  x[0]^1.0 - 0.2 *  x[1]^1.0 + 0.7 *  x[2]^1.0 + 0.1 *  x[3]^1.0 + 1.4 * 1; 0.2 *  x[2]^1.0 + 1.2 * 1

2019-05-04-12-51-46   >>>>   End verify ranking function

verifying time = 14.139 ms


Not Found Ranking Fcuntion

Conterexample is 

[0, -34, 0, 0]

sampling time = 3.870 ms


       ########################################         

iteration 12 with 344 examples

2019-05-04-12-51-46   >>>>   Start train ranking function

2019-05-04-12-51-46   >>>>   End train ranking function

train_ranking_functioning time = 4.798 ms


2019-05-04-12-51-46   >>>>   Start verify ranking function

[xi_2 = 0, xi_3 = -7, xi_0 = 0, xi_1 = 0]
ranking function : 0.3 *  x[0]^1.0 - 0.5 *  x[1]^1.0 + 0.5 *  x[2]^1.0 + 0.5 *  x[3]^1.0 + 2.6 * 1; 0.2 *  x[0]^1.0 - 0.2 *  x[1]^1.0 + 0.7 *  x[2]^1.0 + 0.1 *  x[3]^1.0 + 1.4 * 1; 0.2 *  x[2]^1.0 + 1.2 * 1

2019-05-04-12-51-46   >>>>   End verify ranking function

verifying time = 14.110 ms


Not Found Ranking Fcuntion

Conterexample is 

[0, 0, 0, -7]

sampling time = 3.856 ms


       ########################################         

iteration 13 with 348 examples

2019-05-04-12-51-46   >>>>   Start train ranking function

2019-05-04-12-51-46   >>>>   End train ranking function

train_ranking_functioning time = 5.535 ms


2019-05-04-12-51-46   >>>>   Start verify ranking function

[xi_2 = 0, xi_3 = -8, xi_0 = 0, xi_1 = 0]
ranking function : 0.4 *  x[0]^1.0 - 0.6 *  x[1]^1.0 + 0.5 *  x[2]^1.0 + 0.5 *  x[3]^1.0 + 2.8 * 1; 0.2 *  x[0]^1.0 - 0.2 *  x[1]^1.0 + 0.8 *  x[2]^1.0 + 0.1 *  x[3]^1.0 + 1.5 * 1; 0.2 *  x[2]^1.0 + 1.2 * 1

2019-05-04-12-51-46   >>>>   End verify ranking function

verifying time = 15.307 ms


Not Found Ranking Fcuntion

Conterexample is 

[0, 0, 0, -8]

sampling time = 4.187 ms


       ########################################         

iteration 14 with 352 examples

2019-05-04-12-51-46   >>>>   Start train ranking function

2019-05-04-12-51-46   >>>>   End train ranking function

train_ranking_functioning time = 5.253 ms


2019-05-04-12-51-46   >>>>   Start verify ranking function

[xi_2 = 0, xi_3 = -8, xi_0 = 0, xi_1 = 0]
ranking function : 0.4 *  x[0]^1.0 - 0.7 *  x[1]^1.0 + 0.5 *  x[2]^1.0 + 0.5 *  x[3]^1.0 + 3.0 * 1; 0.2 *  x[0]^1.0 - 0.2 *  x[1]^1.0 + 0.9 *  x[2]^1.0 + 0.1 *  x[3]^1.0 + 1.5 * 1; 0.2 *  x[2]^1.0 + 1.2 * 1

2019-05-04-12-51-46   >>>>   End verify ranking function

verifying time = 14.230 ms


Not Found Ranking Fcuntion

Conterexample is 

[0, 0, 0, -8]

sampling time = 3.868 ms


       ########################################         

iteration 15 with 356 examples

2019-05-04-12-51-46   >>>>   Start train ranking function

2019-05-04-12-51-46   >>>>   End train ranking function

train_ranking_functioning time = 5.138 ms


2019-05-04-12-51-46   >>>>   Start verify ranking function

[xi_2 = 0, xi_3 = -9, xi_0 = 0, xi_1 = 0]
ranking function : 0.4 *  x[0]^1.0 - 0.7 *  x[1]^1.0 + 0.5 *  x[2]^1.0 + 0.5 *  x[3]^1.0 + 3.1 * 1; 0.2 *  x[0]^1.0 - 0.2 *  x[1]^1.0 + 0.9 *  x[2]^1.0 + 0.1 *  x[3]^1.0 + 1.6 * 1; 0.2 *  x[2]^1.0 + 1.2 * 1

2019-05-04-12-51-46   >>>>   End verify ranking function

verifying time = 14.140 ms


Not Found Ranking Fcuntion

Conterexample is 

[0, 0, 0, -9]

sampling time = 3.857 ms


       ########################################         

iteration 16 with 360 examples

2019-05-04-12-51-46   >>>>   Start train ranking function

2019-05-04-12-51-46   >>>>   End train ranking function

train_ranking_functioning time = 5.211 ms


2019-05-04-12-51-46   >>>>   Start verify ranking function

[xi_2 = 0, xi_3 = 0, xi_0 = 0, xi_1 = -42]
ranking function : 0.5 *  x[0]^1.0 - 0.7 *  x[1]^1.0 + 0.5 *  x[2]^1.0 + 0.5 *  x[3]^1.0 + 3.2 * 1; 0.2 *  x[0]^1.0 - 0.2 *  x[1]^1.0 + 0.9 *  x[2]^1.0 + 0.1 *  x[3]^1.0 + 1.6 * 1; 0.3 *  x[2]^1.0 + 1.2 * 1

2019-05-04-12-51-46   >>>>   End verify ranking function

verifying time = 14.166 ms


Not Found Ranking Fcuntion

Conterexample is 

[0, -42, 0, 0]

sampling time = 3.861 ms


       ########################################         

iteration 17 with 364 examples

2019-05-04-12-51-46   >>>>   Start train ranking function

2019-05-04-12-51-46   >>>>   End train ranking function

train_ranking_functioning time = 5.307 ms


2019-05-04-12-51-46   >>>>   Start verify ranking function

[xi_2 = 0, xi_3 = 0, xi_0 = 0, xi_1 = -43]
ranking function : 0.5 *  x[0]^1.0 - 0.7 *  x[1]^1.0 + 0.5 *  x[2]^1.0 + 0.5 *  x[3]^1.0 + 3.3 * 1; 0.2 *  x[0]^1.0 - 0.2 *  x[1]^1.0 + 0.9 *  x[2]^1.0 + 0.1 *  x[3]^1.0 + 1.6 * 1; 0.2 *  x[2]^1.0 + 1.2 * 1

2019-05-04-12-51-46   >>>>   End verify ranking function

verifying time = 14.500 ms


Not Found Ranking Fcuntion

Conterexample is 

[0, -43, 0, 0]

sampling time = 3.897 ms


       ########################################         

iteration 18 with 368 examples

2019-05-04-12-51-46   >>>>   Start train ranking function

2019-05-04-12-51-46   >>>>   End train ranking function

train_ranking_functioning time = 5.382 ms


2019-05-04-12-51-46   >>>>   Start verify ranking function

[xi_2 = 0, xi_3 = 0, xi_0 = 15]
ranking function : 0.5 *  x[0]^1.0 - 0.8 *  x[1]^1.0 + 0.5 *  x[2]^1.0 + 0.5 *  x[3]^1.0 + 3.3 * 1; 0.2 *  x[0]^1.0 - 0.2 *  x[1]^1.0 + 0.9 *  x[2]^1.0 + 0.1 *  x[3]^1.0 + 1.6 * 1; 0.2 *  x[2]^1.0 + 1.2 * 1

2019-05-04-12-51-46   >>>>   End verify ranking function

verifying time = 14.065 ms


Not Found Ranking Fcuntion

Conterexample is 

[15, 0, 0, 0]

sampling time = 3.873 ms


       ########################################         

iteration 19 with 372 examples

2019-05-04-12-51-46   >>>>   Start train ranking function

2019-05-04-12-51-46   >>>>   End train ranking function

train_ranking_functioning time = 5.408 ms


2019-05-04-12-51-46   >>>>   Start verify ranking function

[xi_2 = 0, xi_3 = 0, xi_0 = 22, xi_1 = 0]
ranking function : 0.6 *  x[0]^1.0 - 0.7 *  x[1]^1.0 + 0.5 *  x[2]^1.0 + 0.5 *  x[3]^1.0 + 3.3 * 1; 0.2 *  x[0]^1.0 - 0.2 *  x[1]^1.0 + 0.9 *  x[2]^1.0 + 0.1 *  x[3]^1.0 + 1.6 * 1; 0.2 *  x[2]^1.0 + 1.2 * 1

2019-05-04-12-51-46   >>>>   End verify ranking function

verifying time = 14.143 ms


Not Found Ranking Fcuntion

Conterexample is 

[22, 0, 0, 0]

sampling time = 4.007 ms


       ########################################         

iteration 20 with 376 examples

2019-05-04-12-51-46   >>>>   Start train ranking function

2019-05-04-12-51-46   >>>>   End train ranking function

train_ranking_functioning time = 5.427 ms


2019-05-04-12-51-46   >>>>   Start verify ranking function

[xi_2 = 0, xi_3 = -9, xi_0 = 0, xi_1 = 0]
ranking function : 0.6 *  x[0]^1.0 - 0.7 *  x[1]^1.0 + 0.5 *  x[2]^1.0 + 0.5 *  x[3]^1.0 + 3.3 * 1; 0.2 *  x[0]^1.0 - 0.2 *  x[1]^1.0 + 0.9 *  x[2]^1.0 + 0.1 *  x[3]^1.0 + 1.6 * 1; 0.2 *  x[2]^1.0 + 1.2 * 1

2019-05-04-12-51-46   >>>>   End verify ranking function

verifying time = 14.109 ms


Not Found Ranking Fcuntion

Conterexample is 

[0, 0, 0, -9]

sampling time = 3.910 ms


       ########################################         

iteration 21 with 380 examples

2019-05-04-12-51-46   >>>>   Start train ranking function

2019-05-04-12-51-46   >>>>   End train ranking function

train_ranking_functioning time = 5.444 ms


2019-05-04-12-51-46   >>>>   Start verify ranking function

[xi_2 = 0, xi_3 = 0, xi_0 = 44, xi_1 = 0]
ranking function : 0.7 *  x[0]^1.0 - 0.7 *  x[1]^1.0 + 0.5 *  x[2]^1.0 + 0.5 *  x[3]^1.0 + 3.4 * 1; 0.2 *  x[0]^1.0 - 0.2 *  x[1]^1.0 + 0.9 *  x[2]^1.0 + 0.1 *  x[3]^1.0 + 1.6 * 1; 0.2 *  x[2]^1.0 + 1.2 * 1

2019-05-04-12-51-46   >>>>   End verify ranking function

verifying time = 14.419 ms


Not Found Ranking Fcuntion

Conterexample is 

[44, 0, 0, 0]

sampling time = 3.895 ms


       ########################################         

iteration 22 with 384 examples

2019-05-04-12-51-46   >>>>   Start train ranking function

2019-05-04-12-51-46   >>>>   End train ranking function

train_ranking_functioning time = 5.769 ms


2019-05-04-12-51-46   >>>>   Start verify ranking function

[xi_2 = 0, xi_3 = -9, xi_0 = 0, xi_1 = 0]
ranking function : 0.7 *  x[0]^1.0 - 0.7 *  x[1]^1.0 + 0.5 *  x[2]^1.0 + 0.5 *  x[3]^1.0 + 3.4 * 1; 0.2 *  x[0]^1.0 - 0.2 *  x[1]^1.0 + 0.9 *  x[2]^1.0 + 0.1 *  x[3]^1.0 + 1.6 * 1; 0.2 *  x[2]^1.0 + 1.2 * 1

2019-05-04-12-51-46   >>>>   End verify ranking function

verifying time = 14.298 ms


Not Found Ranking Fcuntion

Conterexample is 

[0, 0, 0, -9]

sampling time = 3.930 ms


       ########################################         

iteration 23 with 388 examples

2019-05-04-12-51-46   >>>>   Start train ranking function

2019-05-04-12-51-46   >>>>   End train ranking function

train_ranking_functioning time = 5.693 ms


2019-05-04-12-51-46   >>>>   Start verify ranking function

[xi_2 = 0, xi_3 = -9]
ranking function : 0.8 *  x[0]^1.0 - 0.8 *  x[1]^1.0 + 0.5 *  x[2]^1.0 + 0.5 *  x[3]^1.0 + 3.5 * 1; 0.2 *  x[0]^1.0 - 0.2 *  x[1]^1.0 + 0.9 *  x[2]^1.0 + 0.1 *  x[3]^1.0 + 1.6 * 1; 0.2 *  x[2]^1.0 + 1.2 * 1

2019-05-04-12-51-46   >>>>   End verify ranking function

verifying time = 13.956 ms


Not Found Ranking Fcuntion

Conterexample is 

[0, 0, 0, -9]

sampling time = 3.876 ms


       ########################################         

iteration 24 with 392 examples

2019-05-04-12-51-46   >>>>   Start train ranking function

2019-05-04-12-51-46   >>>>   End train ranking function

train_ranking_functioning time = 5.786 ms


2019-05-04-12-51-46   >>>>   Start verify ranking function

[xi_2 = 0, xi_3 = -10, xi_0 = 0, xi_1 = 0]
ranking function : 0.8 *  x[0]^1.0 - 0.8 *  x[1]^1.0 + 0.5 *  x[2]^1.0 + 0.5 *  x[3]^1.0 + 3.6 * 1; 0.2 *  x[0]^1.0 - 0.2 *  x[1]^1.0 + 1.0 *  x[2]^1.0 + 0.1 *  x[3]^1.0 + 1.6 * 1; 0.3 *  x[2]^1.0 + 1.2 * 1

2019-05-04-12-51-46   >>>>   End verify ranking function

verifying time = 14.820 ms


Not Found Ranking Fcuntion

Conterexample is 

[0, 0, 0, -10]

sampling time = 3.939 ms


Failed to prove it is terminated

UNKNOWN
Time For Template 2 Is--->-983.549000 ms

------Using Template 3 -----------
10 [2, 3, 5]
*****************************************************

2019-05-04-12-51-47   >>>>   End sampling point

sampling time = 235.574 ms,


       ########################################         

iteration 0 with 296 examples

2019-05-04-12-51-47   >>>>   Start train ranking function

2019-05-04-12-51-47   >>>>   End train ranking function

train_ranking_functioning time = 9.540 ms


2019-05-04-12-51-47   >>>>   Start verify ranking function

[xi_2 = 1, xi_3 = -1, xi_0 = 2, xi_1 = 1]
ranking function :  - 0.1 *  x[0]^1.0 *  x[1]^0.5 *  x[2]^-3.0 *  x[3]^0.5; 0.1 *  x[0]^-1.0 *  x[1]^3.0 *  x[2]^-2.0 *  x[3]^-2.0 + 0.1 *  x[0]^2.0 *  x[1]^3.0 *  x[2]^-2.0 *  x[3]^-0.5;  - 0.2 *  x[0]^1.0 *  x[1]^3.0 *  x[2]^-1.0 *  x[3]^-3.0 - 0.1 *  x[0]^3.0 *  x[2]^-2.0 *  x[3]^0.5

2019-05-04-12-51-47   >>>>   End verify ranking function

verifying time = 446.566 ms


Not Found Ranking Fcuntion

Conterexample is 

[2, 1, 1, -1]

sampling time = 3.116 ms


       ########################################         

iteration 1 with 300 examples

2019-05-04-12-51-47   >>>>   Start train ranking function

2019-05-04-12-51-47   >>>>   End train ranking function

train_ranking_functioning time = 9.788 ms


2019-05-04-12-51-47   >>>>   Start verify ranking function

[xi_2 = 0]
ranking function : ; 0.1 *  x[0]^-1.0 *  x[1]^3.0 *  x[2]^-2.0 *  x[3]^-2.0 + 0.1 *  x[0]^2.0 *  x[1]^3.0 *  x[2]^-2.0 *  x[3]^-0.5;  - 0.2 *  x[0]^1.0 *  x[1]^3.0 *  x[2]^-1.0 *  x[3]^-3.0

2019-05-04-12-51-47   >>>>   End verify ranking function

verifying time = 11.117 ms


Not Found Ranking Fcuntion

Conterexample is 

[0, 0, 0, 0]

sampling time = 2.995 ms


       ########################################         

iteration 2 with 304 examples

2019-05-04-12-51-47   >>>>   Start train ranking function

2019-05-04-12-51-47   >>>>   End train ranking function

train_ranking_functioning time = 9.752 ms


2019-05-04-12-51-47   >>>>   Start verify ranking function

[xi_2 = 0]
ranking function : ; 0.1 *  x[0]^-1.0 *  x[1]^3.0 *  x[2]^-2.0 *  x[3]^-2.0 + 0.1 *  x[0]^2.0 *  x[1]^3.0 *  x[2]^-2.0 *  x[3]^-0.5;  - 0.2 *  x[0]^1.0 *  x[1]^3.0 *  x[2]^-1.0 *  x[3]^-3.0

2019-05-04-12-51-47   >>>>   End verify ranking function

verifying time = 10.947 ms


Not Found Ranking Fcuntion

Conterexample is 

[0, 0, 0, 0]

sampling time = 3.028 ms


       ########################################         

iteration 3 with 308 examples

2019-05-04-12-51-47   >>>>   Start train ranking function

2019-05-04-12-51-47   >>>>   End train ranking function

train_ranking_functioning time = 9.901 ms


2019-05-04-12-51-47   >>>>   Start verify ranking function

[xi_2 = 0]
ranking function : ; 0.1 *  x[0]^-1.0 *  x[1]^3.0 *  x[2]^-2.0 *  x[3]^-2.0 + 0.1 *  x[0]^2.0 *  x[1]^3.0 *  x[2]^-2.0 *  x[3]^-0.5;  - 0.2 *  x[0]^1.0 *  x[1]^3.0 *  x[2]^-1.0 *  x[3]^-3.0

2019-05-04-12-51-47   >>>>   End verify ranking function

verifying time = 10.949 ms


Not Found Ranking Fcuntion

Conterexample is 

[0, 0, 0, 0]

sampling time = 2.964 ms


       ########################################         

iteration 4 with 312 examples

2019-05-04-12-51-47   >>>>   Start train ranking function

2019-05-04-12-51-47   >>>>   End train ranking function

train_ranking_functioning time = 10.053 ms


2019-05-04-12-51-47   >>>>   Start verify ranking function

[xi_2 = 0]
ranking function : ; 0.1 *  x[0]^-1.0 *  x[1]^3.0 *  x[2]^-2.0 *  x[3]^-2.0 + 0.1 *  x[0]^2.0 *  x[1]^3.0 *  x[2]^-2.0 *  x[3]^-0.5;  - 0.2 *  x[0]^1.0 *  x[1]^3.0 *  x[2]^-1.0 *  x[3]^-3.0

2019-05-04-12-51-47   >>>>   End verify ranking function

verifying time = 11.112 ms


Not Found Ranking Fcuntion

Conterexample is 

[0, 0, 0, 0]

sampling time = 2.996 ms


       ########################################         

iteration 5 with 316 examples

2019-05-04-12-51-47   >>>>   Start train ranking function

2019-05-04-12-51-47   >>>>   End train ranking function

train_ranking_functioning time = 10.196 ms


2019-05-04-12-51-47   >>>>   Start verify ranking function

[xi_2 = 0]
ranking function : ; 0.1 *  x[0]^-1.0 *  x[1]^3.0 *  x[2]^-2.0 *  x[3]^-2.0 + 0.1 *  x[0]^2.0 *  x[1]^3.0 *  x[2]^-2.0 *  x[3]^-0.5;  - 0.2 *  x[0]^1.0 *  x[1]^3.0 *  x[2]^-1.0 *  x[3]^-3.0

2019-05-04-12-51-47   >>>>   End verify ranking function

verifying time = 10.942 ms


Not Found Ranking Fcuntion

Conterexample is 

[0, 0, 0, 0]

sampling time = 2.893 ms


       ########################################         

iteration 6 with 320 examples

2019-05-04-12-51-47   >>>>   Start train ranking function

5
2019-05-04-12-51-47   >>>>   End train ranking function

train_ranking_functioning time = 10.209 ms


2019-05-04-12-51-47   >>>>   Start verify ranking function

[xi_2 = 0]
ranking function : ; 0.1 *  x[0]^-1.0 *  x[1]^3.0 *  x[2]^-2.0 *  x[3]^-2.0 + 0.1 *  x[0]^2.0 *  x[1]^3.0 *  x[2]^-2.0 *  x[3]^-0.5;  - 0.2 *  x[0]^1.0 *  x[1]^3.0 *  x[2]^-1.0 *  x[3]^-3.0

2019-05-04-12-51-47   >>>>   End verify ranking function

verifying time = 11.069 ms


Not Found Ranking Fcuntion

Conterexample is 

[0, 0, 0, 0]

sampling time = 2.910 ms


       ########################################         

iteration 7 with 324 examples

2019-05-04-12-51-47   >>>>   Start train ranking function

2019-05-04-12-51-47   >>>>   End train ranking function

train_ranking_functioning time = 10.371 ms


2019-05-04-12-51-47   >>>>   Start verify ranking function

[xi_2 = 0]
ranking function : ; ; 

2019-05-04-12-51-47   >>>>   End verify ranking function

verifying time = 10.908 ms


Not Found Ranking Fcuntion

Conterexample is 

[0, 0, 0, 0]

sampling time = 2.990 ms


       ########################################         

iteration 8 with 328 examples

2019-05-04-12-51-47   >>>>   Start train ranking function

2019-05-04-12-51-47   >>>>   End train ranking function

train_ranking_functioning time = 10.455 ms


2019-05-04-12-51-47   >>>>   Start verify ranking function

[xi_2 = 0]
ranking function : ; ; 

2019-05-04-12-51-47   >>>>   End verify ranking function

verifying time = 10.919 ms


Not Found Ranking Fcuntion

Conterexample is 

[0, 0, 0, 0]

sampling time = 2.905 ms


       ########################################         

iteration 9 with 332 examples

2019-05-04-12-51-47   >>>>   Start train ranking function

2019-05-04-12-51-47   >>>>   End train ranking function

train_ranking_functioning time = 10.789 ms


2019-05-04-12-51-47   >>>>   Start verify ranking function

[xi_2 = 0]
ranking function : ; ; 

2019-05-04-12-51-47   >>>>   End verify ranking function

verifying time = 11.180 ms


Not Found Ranking Fcuntion

Conterexample is 

[0, 0, 0, 0]

sampling time = 2.923 ms


       ########################################         

iteration 10 with 336 examples

2019-05-04-12-51-47   >>>>   Start train ranking function

2019-05-04-12-51-47   >>>>   End train ranking function

train_ranking_functioning time = 10.620 ms


2019-05-04-12-51-47   >>>>   Start verify ranking function

[xi_2 = 0]
ranking function : ; ; 

2019-05-04-12-51-47   >>>>   End verify ranking function

verifying time = 11.016 ms


Not Found Ranking Fcuntion

Conterexample is 

[0, 0, 0, 0]

sampling time = 2.910 ms


       ########################################         

iteration 11 with 340 examples

2019-05-04-12-51-47   >>>>   Start train ranking function

2019-05-04-12-51-47   >>>>   End train ranking function

train_ranking_functioning time = 10.781 ms


2019-05-04-12-51-47   >>>>   Start verify ranking function

[xi_2 = 0]
ranking function : ; ; 

2019-05-04-12-51-47   >>>>   End verify ranking function

verifying time = 11.220 ms


Not Found Ranking Fcuntion

Conterexample is 

[0, 0, 0, 0]

sampling time = 3.150 ms


       ########################################         

iteration 12 with 344 examples

2019-05-04-12-51-47   >>>>   Start train ranking function

5
2019-05-04-12-51-47   >>>>   End train ranking function

train_ranking_functioning time = 11.449 ms


2019-05-04-12-51-47   >>>>   Start verify ranking function

[xi_2 = 0]
ranking function : ; ; 

2019-05-04-12-51-47   >>>>   End verify ranking function

verifying time = 12.056 ms


Not Found Ranking Fcuntion

Conterexample is 

[0, 0, 0, 0]

sampling time = 3.005 ms


       ########################################         

iteration 13 with 348 examples

2019-05-04-12-51-47   >>>>   Start train ranking function

2019-05-04-12-51-47   >>>>   End train ranking function

train_ranking_functioning time = 11.016 ms


2019-05-04-12-51-47   >>>>   Start verify ranking function

[xi_2 = -1, xi_3 = 1, xi_0 = 1, xi_1 = 1]
ranking function : 0.0288 *  x[0]^2.0 *  x[1]^-0.5 *  x[2]^-1.0 *  x[3]^3.0 - 0.0107 *  x[0]^1.0 *  x[1]^0.5 *  x[2]^-3.0 *  x[3]^0.5; 0.0727 *  x[0]^-1.0 *  x[1]^3.0 *  x[2]^-2.0 *  x[3]^-2.0 + 0.0956 *  x[0]^2.0 *  x[1]^3.0 *  x[2]^-2.0 *  x[3]^-0.5;  - 0.0022 *  x[0]^1.0 *  x[1]^-3.0 *  x[2]^0.5 *  x[3]^2.0 + 0.0418 *  x[0]^-1.0 *  x[1]^0.5 *  x[3]^3.0 + 0.0418 *  x[0]^-1.0 *  x[1]^0.5 *  x[3]^3.0 - 0.2342 *  x[0]^1.0 *  x[1]^3.0 *  x[2]^-1.0 *  x[3]^-3.0 + 0.0042 *  x[0]^3.0 *  x[2]^-2.0 *  x[3]^0.5

2019-05-04-12-51-47   >>>>   End verify ranking function

verifying time = 33.870 ms


Not Found Ranking Fcuntion

Conterexample is 

[1, 1, -1, 1]

sampling time = 3.101 ms


       ########################################         

iteration 14 with 352 examples

2019-05-04-12-51-47   >>>>   Start train ranking function

2019-05-04-12-51-47   >>>>   End train ranking function

train_ranking_functioning time = 11.231 ms


2019-05-04-12-51-47   >>>>   Start verify ranking function

time out
ranking function : 0.0275 *  x[0]^2.0 *  x[1]^-0.5 *  x[2]^-1.0 *  x[3]^3.0 - 0.0634 *  x[0]^1.0 *  x[1]^0.5 *  x[2]^-3.0 *  x[3]^0.5; 0.1314 *  x[0]^-1.0 *  x[1]^3.0 *  x[2]^-2.0 *  x[3]^-2.0 + 0.1483 *  x[0]^2.0 *  x[1]^3.0 *  x[2]^-2.0 *  x[3]^-0.5 - 0.0001 *  x[2]^-3.0 *  x[3]^-0.5;  - 0.0041 *  x[0]^1.0 *  x[1]^-3.0 *  x[2]^0.5 *  x[3]^2.0 + 0.0431 *  x[0]^-1.0 *  x[1]^0.5 *  x[3]^3.0 + 0.0431 *  x[0]^-1.0 *  x[1]^0.5 *  x[3]^3.0 - 0.2605 *  x[0]^1.0 *  x[1]^3.0 *  x[2]^-1.0 *  x[3]^-3.0 + 0.0083 *  x[0]^3.0 *  x[2]^-2.0 *  x[3]^0.5

2019-05-04-12-51-51   >>>>   End verify ranking function

verifying time = 3033.058 ms


UNKNOWN
Time For Template 3 Is--->-4125.026000 ms

------Using Template 4 -----------
25 [5, 5, 5, 5, 5]
*****************************************************

2019-05-04-12-51-51   >>>>   End sampling point

sampling time = 482.785 ms,


       ########################################         

iteration 0 with 444 examples

2019-05-04-12-51-51   >>>>   Start train ranking function

2019-05-04-12-51-51   >>>>   End train ranking function

train_ranking_functioning time = 1.566 ms


2019-05-04-12-51-51   >>>>   Start verify ranking function

[xi_2 = 0, xi_3 = -3]
ranking function : 0.5 *  x[2]^1.0 + 0.5 *  x[3]^1.0 + 0.7 * 1; 0.4 *  x[2]^1.0 + 0.4 *  x[3]^1.0 + 0.7 * 1; 0.3 *  x[2]^1.0 + 0.3 *  x[3]^1.0 + 0.7 * 1; 0.3 *  x[2]^1.0 + 0.3 *  x[3]^1.0 + 0.8 * 1; 0.2 *  x[2]^1.0 + 0.2 *  x[3]^1.0 + 1.2 * 1

2019-05-04-12-51-51   >>>>   End verify ranking function

verifying time = 14.567 ms


Not Found Ranking Fcuntion

Conterexample is 

[0, 0, 0, -3]

sampling time = 6.366 ms


       ########################################         

iteration 1 with 450 examples

2019-05-04-12-51-51   >>>>   Start train ranking function

2019-05-04-12-51-51   >>>>   End train ranking function

train_ranking_functioning time = 1.444 ms


2019-05-04-12-51-51   >>>>   Start verify ranking function

[xi_2 = 0, xi_3 = 0, xi_0 = 10, xi_1 = 0]
ranking function : 0.1 *  x[0]^1.0 - 0.1 *  x[1]^1.0 + 0.5 *  x[2]^1.0 + 0.5 *  x[3]^1.0 + 1.2 * 1; 0.1 *  x[0]^1.0 - 0.1 *  x[1]^1.0 + 0.5 *  x[2]^1.0 + 0.2 *  x[3]^1.0 + 1.0 * 1; 0.1 *  x[0]^1.0 - 0.1 *  x[1]^1.0 + 0.3 *  x[2]^1.0 + 0.1 *  x[3]^1.0 + 0.9 * 1; 0.2 *  x[2]^1.0 + 0.1 *  x[3]^1.0 + 0.9 * 1; 0.1 *  x[2]^1.0 + 0.1 *  x[3]^1.0 + 1.1 * 1

2019-05-04-12-51-51   >>>>   End verify ranking function

verifying time = 14.826 ms


Not Found Ranking Fcuntion

Conterexample is 

[10, 0, 0, 0]

sampling time = 6.333 ms


       ########################################         

iteration 2 with 456 examples

2019-05-04-12-51-51   >>>>   Start train ranking function

2019-05-04-12-51-51   >>>>   End train ranking function

train_ranking_functioning time = 5.319 ms


2019-05-04-12-51-51   >>>>   Start verify ranking function

[xi_2 = 0, xi_3 = 0, xi_0 = 0, xi_1 = -10]
ranking function : 0.1 *  x[0]^1.0 - 0.1 *  x[1]^1.0 + 0.5 *  x[2]^1.0 + 0.5 *  x[3]^1.0 + 1.2 * 1; 0.1 *  x[0]^1.0 - 0.1 *  x[1]^1.0 + 0.5 *  x[2]^1.0 + 0.2 *  x[3]^1.0 + 1.0 * 1; 0.1 *  x[0]^1.0 - 0.1 *  x[1]^1.0 + 0.3 *  x[2]^1.0 + 0.1 *  x[3]^1.0 + 0.9 * 1; 0.2 *  x[2]^1.0 + 0.1 *  x[3]^1.0 + 0.9 * 1; 0.1 *  x[2]^1.0 + 0.1 *  x[3]^1.0 + 1.1 * 1

2019-05-04-12-51-51   >>>>   End verify ranking function

verifying time = 14.916 ms


Not Found Ranking Fcuntion

Conterexample is 

[0, -10, 0, 0]

sampling time = 6.402 ms


       ########################################         

iteration 3 with 462 examples

2019-05-04-12-51-51   >>>>   Start train ranking function

2019-05-04-12-51-51   >>>>   End train ranking function

train_ranking_functioning time = 5.304 ms


2019-05-04-12-51-51   >>>>   Start verify ranking function

[xi_2 = 0, xi_3 = -4, xi_0 = 0, xi_1 = 0]
ranking function : 0.1 *  x[0]^1.0 - 0.1 *  x[1]^1.0 + 0.5 *  x[2]^1.0 + 0.5 *  x[3]^1.0 + 1.2 * 1; 0.1 *  x[0]^1.0 - 0.1 *  x[1]^1.0 + 0.5 *  x[2]^1.0 + 0.2 *  x[3]^1.0 + 1.0 * 1; 0.1 *  x[0]^1.0 - 0.1 *  x[1]^1.0 + 0.3 *  x[2]^1.0 + 0.1 *  x[3]^1.0 + 0.9 * 1; 0.2 *  x[2]^1.0 + 0.1 *  x[3]^1.0 + 0.9 * 1; 0.1 *  x[2]^1.0 + 0.1 *  x[3]^1.0 + 1.1 * 1

2019-05-04-12-51-51   >>>>   End verify ranking function

verifying time = 14.843 ms


Not Found Ranking Fcuntion

Conterexample is 

[0, 0, 0, -4]

sampling time = 6.382 ms


       ########################################         

iteration 4 with 468 examples

2019-05-04-12-51-51   >>>>   Start train ranking function

2019-05-04-12-51-51   >>>>   End train ranking function

train_ranking_functioning time = 5.648 ms


2019-05-04-12-51-51   >>>>   Start verify ranking function

[xi_2 = 0, xi_3 = 0, xi_0 = 23, xi_1 = 0]
ranking function : 0.2 *  x[0]^1.0 - 0.2 *  x[1]^1.0 + 0.5 *  x[2]^1.0 + 0.5 *  x[3]^1.0 + 1.6 * 1; 0.1 *  x[0]^1.0 - 0.1 *  x[1]^1.0 + 0.5 *  x[2]^1.0 + 0.2 *  x[3]^1.0 + 1.2 * 1; 0.1 *  x[0]^1.0 - 0.1 *  x[1]^1.0 + 0.2 *  x[2]^1.0 + 0.1 *  x[3]^1.0 + 1.0 * 1; 0.1 *  x[0]^1.0 - 0.1 *  x[1]^1.0 + 0.2 *  x[2]^1.0 + 0.1 *  x[3]^1.0 + 1.0 * 1; 0.1 *  x[2]^1.0 + 1.1 * 1

2019-05-04-12-51-51   >>>>   End verify ranking function

verifying time = 14.905 ms


Not Found Ranking Fcuntion

Conterexample is 

[23, 0, 0, 0]

sampling time = 6.430 ms


       ########################################         

iteration 5 with 474 examples

2019-05-04-12-51-51   >>>>   Start train ranking function

2019-05-04-12-51-51   >>>>   End train ranking function

train_ranking_functioning time = 5.737 ms


2019-05-04-12-51-51   >>>>   Start verify ranking function

[xi_2 = 0, xi_3 = -5, xi_1 = 0]
ranking function : 0.3 *  x[0]^1.0 - 0.2 *  x[1]^1.0 + 0.5 *  x[2]^1.0 + 0.5 *  x[3]^1.0 + 1.6 * 1; 0.1 *  x[0]^1.0 - 0.1 *  x[1]^1.0 + 0.5 *  x[2]^1.0 + 0.2 *  x[3]^1.0 + 1.2 * 1; 0.1 *  x[0]^1.0 - 0.1 *  x[1]^1.0 + 0.2 *  x[2]^1.0 + 0.1 *  x[3]^1.0 + 1.0 * 1; 0.1 *  x[0]^1.0 - 0.1 *  x[1]^1.0 + 0.1 *  x[2]^1.0 + 0.1 *  x[3]^1.0 + 1.0 * 1; 0.1 *  x[2]^1.0 + 1.1 * 1

2019-05-04-12-51-51   >>>>   End verify ranking function

verifying time = 14.907 ms


Not Found Ranking Fcuntion

Conterexample is 

[0, 0, 0, -5]

sampling time = 6.432 ms


       ########################################         

iteration 6 with 480 examples

2019-05-04-12-51-51   >>>>   Start train ranking function

2019-05-04-12-51-51   >>>>   End train ranking function

train_ranking_functioning time = 6.301 ms


2019-05-04-12-51-51   >>>>   Start verify ranking function

[xi_2 = 0, xi_3 = 0, xi_0 = 27, xi_1 = 0]
ranking function : 0.4 *  x[0]^1.0 - 0.3 *  x[1]^1.0 + 0.5 *  x[2]^1.0 + 0.5 *  x[3]^1.0 + 2.0 * 1; 0.2 *  x[0]^1.0 - 0.2 *  x[1]^1.0 + 0.6 *  x[2]^1.0 + 0.1 *  x[3]^1.0 + 1.3 * 1; 0.1 *  x[0]^1.0 - 0.1 *  x[1]^1.0 + 0.2 *  x[2]^1.0 + 0.1 *  x[3]^1.0 + 1.0 * 1; 0.1 *  x[0]^1.0 - 0.1 *  x[1]^1.0 + 0.1 *  x[2]^1.0 + 1.0 * 1; 0.1 *  x[2]^1.0 + 1.1 * 1

2019-05-04-12-51-51   >>>>   End verify ranking function

verifying time = 16.326 ms


Not Found Ranking Fcuntion

Conterexample is 

[27, 0, 0, 0]

sampling time = 6.707 ms


       ########################################         

iteration 7 with 486 examples

2019-05-04-12-51-51   >>>>   Start train ranking function

2019-05-04-12-51-51   >>>>   End train ranking function

train_ranking_functioning time = 6.390 ms


2019-05-04-12-51-51   >>>>   Start verify ranking function

[xi_2 = 0, xi_3 = 0, xi_0 = 0, xi_1 = -14]
ranking function : 0.4 *  x[0]^1.0 - 0.3 *  x[1]^1.0 + 0.5 *  x[2]^1.0 + 0.5 *  x[3]^1.0 + 2.0 * 1; 0.2 *  x[0]^1.0 - 0.2 *  x[1]^1.0 + 0.6 *  x[2]^1.0 + 0.1 *  x[3]^1.0 + 1.3 * 1; 0.1 *  x[0]^1.0 - 0.1 *  x[1]^1.0 + 0.2 *  x[2]^1.0 + 0.1 *  x[3]^1.0 + 1.0 * 1; 0.1 *  x[0]^1.0 - 0.1 *  x[1]^1.0 + 0.1 *  x[2]^1.0 + 1.0 * 1; 0.1 *  x[2]^1.0 + 1.1 * 1

2019-05-04-12-51-51   >>>>   End verify ranking function

verifying time = 15.108 ms


Not Found Ranking Fcuntion

Conterexample is 

[0, -14, 0, 0]

sampling time = 6.474 ms


       ########################################         

iteration 8 with 492 examples

2019-05-04-12-51-51   >>>>   Start train ranking function

2019-05-04-12-51-51   >>>>   End train ranking function

train_ranking_functioning time = 6.408 ms


2019-05-04-12-51-51   >>>>   Start verify ranking function

[xi_2 = 0, xi_3 = 0, xi_0 = 27, xi_1 = 0]
ranking function : 0.4 *  x[0]^1.0 - 0.3 *  x[1]^1.0 + 0.5 *  x[2]^1.0 + 0.5 *  x[3]^1.0 + 2.0 * 1; 0.2 *  x[0]^1.0 - 0.2 *  x[1]^1.0 + 0.6 *  x[2]^1.0 + 0.1 *  x[3]^1.0 + 1.2 * 1; 0.1 *  x[0]^1.0 - 0.1 *  x[1]^1.0 + 0.2 *  x[2]^1.0 + 0.1 *  x[3]^1.0 + 1.0 * 1; 0.1 *  x[0]^1.0 - 0.1 *  x[1]^1.0 + 0.1 *  x[2]^1.0 + 1.0 * 1; 0.1 *  x[2]^1.0 + 1.1 * 1

2019-05-04-12-51-51   >>>>   End verify ranking function

verifying time = 14.820 ms


Not Found Ranking Fcuntion

Conterexample is 

[27, 0, 0, 0]

sampling time = 6.445 ms


       ########################################         

iteration 9 with 498 examples

2019-05-04-12-51-51   >>>>   Start train ranking function

2019-05-04-12-51-51   >>>>   End train ranking function

train_ranking_functioning time = 6.808 ms


2019-05-04-12-51-51   >>>>   Start verify ranking function

[xi_2 = 0, xi_3 = 0, xi_0 = 27, xi_1 = 0]
ranking function : 0.4 *  x[0]^1.0 - 0.3 *  x[1]^1.0 + 0.5 *  x[2]^1.0 + 0.5 *  x[3]^1.0 + 2.0 * 1; 0.2 *  x[0]^1.0 - 0.2 *  x[1]^1.0 + 0.6 *  x[2]^1.0 + 0.1 *  x[3]^1.0 + 1.2 * 1; 0.1 *  x[0]^1.0 - 0.1 *  x[1]^1.0 + 0.2 *  x[2]^1.0 + 0.1 *  x[3]^1.0 + 1.0 * 1; 0.1 *  x[0]^1.0 - 0.1 *  x[1]^1.0 + 0.1 *  x[2]^1.0 + 1.0 * 1; 0.1 *  x[2]^1.0 + 1.1 * 1

2019-05-04-12-51-51   >>>>   End verify ranking function

verifying time = 15.082 ms


Not Found Ranking Fcuntion

Conterexample is 

[27, 0, 0, 0]

sampling time = 6.404 ms


       ########################################         

iteration 10 with 504 examples

2019-05-04-12-51-51   >>>>   Start train ranking function

2019-05-04-12-51-51   >>>>   End train ranking function

train_ranking_functioning time = 6.712 ms


2019-05-04-12-51-51   >>>>   Start verify ranking function

[xi_2 = 0, xi_3 = 0, xi_0 = 27, xi_1 = 0]
ranking function : 0.4 *  x[0]^1.0 - 0.3 *  x[1]^1.0 + 0.5 *  x[2]^1.0 + 0.5 *  x[3]^1.0 + 2.0 * 1; 0.2 *  x[0]^1.0 - 0.2 *  x[1]^1.0 + 0.6 *  x[2]^1.0 + 0.1 *  x[3]^1.0 + 1.2 * 1; 0.1 *  x[0]^1.0 - 0.1 *  x[1]^1.0 + 0.2 *  x[2]^1.0 + 0.1 *  x[3]^1.0 + 1.0 * 1; 0.1 *  x[0]^1.0 - 0.1 *  x[1]^1.0 + 0.1 *  x[2]^1.0 + 1.0 * 1; 0.1 *  x[2]^1.0 + 1.1 * 1

2019-05-04-12-51-51   >>>>   End verify ranking function

verifying time = 15.042 ms


Not Found Ranking Fcuntion

Conterexample is 

[27, 0, 0, 0]

sampling time = 6.427 ms


       ########################################         

iteration 11 with 510 examples

2019-05-04-12-51-51   >>>>   Start train ranking function

2019-05-04-12-51-51   >>>>   End train ranking function

train_ranking_functioning time = 6.728 ms


2019-05-04-12-51-51   >>>>   Start verify ranking function

[xi_2 = 0, xi_3 = -6, xi_0 = 0, xi_1 = 0]
ranking function : 0.4 *  x[0]^1.0 - 0.3 *  x[1]^1.0 + 0.5 *  x[2]^1.0 + 0.5 *  x[3]^1.0 + 2.0 * 1; 0.2 *  x[0]^1.0 - 0.2 *  x[1]^1.0 + 0.6 *  x[2]^1.0 + 0.1 *  x[3]^1.0 + 1.2 * 1; 0.1 *  x[0]^1.0 - 0.1 *  x[1]^1.0 + 0.2 *  x[2]^1.0 + 0.1 *  x[3]^1.0 + 1.0 * 1; 0.1 *  x[0]^1.0 - 0.1 *  x[1]^1.0 + 0.1 *  x[2]^1.0 + 1.0 * 1; 0.1 *  x[2]^1.0 + 1.1 * 1

2019-05-04-12-51-51   >>>>   End verify ranking function

verifying time = 14.835 ms


Not Found Ranking Fcuntion

Conterexample is 

[0, 0, 0, -6]

sampling time = 6.418 ms


       ########################################         

iteration 12 with 516 examples

2019-05-04-12-51-51   >>>>   Start train ranking function

2019-05-04-12-51-51   >>>>   End train ranking function

train_ranking_functioning time = 7.246 ms


2019-05-04-12-51-51   >>>>   Start verify ranking function

[xi_2 = 0, xi_3 = -7, xi_0 = 0, xi_1 = 0]
ranking function : 0.4 *  x[0]^1.0 - 0.4 *  x[1]^1.0 + 0.5 *  x[2]^1.0 + 0.5 *  x[3]^1.0 + 2.3 * 1; 0.2 *  x[0]^1.0 - 0.2 *  x[1]^1.0 + 0.7 *  x[2]^1.0 + 0.1 *  x[3]^1.0 + 1.3 * 1; 0.1 *  x[0]^1.0 - 0.1 *  x[1]^1.0 + 0.2 *  x[2]^1.0 + 1.0 * 1; 0.1 *  x[0]^1.0 - 0.1 *  x[1]^1.0 + 0.1 *  x[2]^1.0 + 1.0 * 1; 0.1 *  x[2]^1.0 + 1.0 * 1

2019-05-04-12-51-51   >>>>   End verify ranking function

verifying time = 14.853 ms


Not Found Ranking Fcuntion

Conterexample is 

[0, 0, 0, -7]

sampling time = 6.449 ms


       ########################################         

iteration 13 with 522 examples

2019-05-04-12-51-51   >>>>   Start train ranking function

2019-05-04-12-51-51   >>>>   End train ranking function

train_ranking_functioning time = 7.858 ms


2019-05-04-12-51-51   >>>>   Start verify ranking function

[xi_2 = 0, xi_3 = 0, xi_0 = 0, xi_1 = -17]
ranking function : 0.5 *  x[0]^1.0 - 0.4 *  x[1]^1.0 + 0.5 *  x[2]^1.0 + 0.5 *  x[3]^1.0 + 2.6 * 1; 0.2 *  x[0]^1.0 - 0.2 *  x[1]^1.0 + 0.7 *  x[2]^1.0 + 0.1 *  x[3]^1.0 + 1.4 * 1; 0.1 *  x[0]^1.0 - 0.1 *  x[1]^1.0 + 0.2 *  x[2]^1.0 + 1.1 * 1; 0.1 *  x[0]^1.0 - 0.1 *  x[1]^1.0 + 0.1 *  x[2]^1.0 + 1.0 * 1; 0.1 *  x[2]^1.0 + 1.0 * 1

2019-05-04-12-51-51   >>>>   End verify ranking function

verifying time = 14.858 ms


Not Found Ranking Fcuntion

Conterexample is 

[0, -17, 0, 0]

sampling time = 6.791 ms


       ########################################         

iteration 14 with 528 examples

2019-05-04-12-51-52   >>>>   Start train ranking function

2019-05-04-12-51-52   >>>>   End train ranking function

train_ranking_functioning time = 8.456 ms


2019-05-04-12-51-52   >>>>   Start verify ranking function

[xi_2 = 0, xi_3 = 0, xi_0 = 34, xi_1 = 0]
ranking function : 0.5 *  x[0]^1.0 - 0.5 *  x[1]^1.0 + 0.5 *  x[2]^1.0 + 0.5 *  x[3]^1.0 + 2.6 * 1; 0.2 *  x[0]^1.0 - 0.2 *  x[1]^1.0 + 0.7 *  x[2]^1.0 + 0.1 *  x[3]^1.0 + 1.4 * 1; 0.1 *  x[0]^1.0 - 0.1 *  x[1]^1.0 + 0.2 *  x[2]^1.0 + 1.1 * 1; 0.1 *  x[0]^1.0 - 0.1 *  x[1]^1.0 + 0.1 *  x[2]^1.0 + 1.0 * 1; 0.1 *  x[2]^1.0 + 1.0 * 1

2019-05-04-12-51-52   >>>>   End verify ranking function

verifying time = 15.388 ms


Not Found Ranking Fcuntion

Conterexample is 

[34, 0, 0, 0]

sampling time = 6.422 ms


       ########################################         

iteration 15 with 534 examples

2019-05-04-12-51-52   >>>>   Start train ranking function

2019-05-04-12-51-52   >>>>   End train ranking function

train_ranking_functioning time = 7.718 ms


2019-05-04-12-51-52   >>>>   Start verify ranking function

[xi_2 = 0, xi_3 = 0, xi_0 = 34, xi_1 = 0]
ranking function : 0.5 *  x[0]^1.0 - 0.5 *  x[1]^1.0 + 0.5 *  x[2]^1.0 + 0.5 *  x[3]^1.0 + 2.6 * 1; 0.2 *  x[0]^1.0 - 0.2 *  x[1]^1.0 + 0.7 *  x[2]^1.0 + 0.1 *  x[3]^1.0 + 1.4 * 1; 0.1 *  x[0]^1.0 - 0.1 *  x[1]^1.0 + 0.2 *  x[2]^1.0 + 1.1 * 1; 0.1 *  x[0]^1.0 - 0.1 *  x[1]^1.0 + 0.1 *  x[2]^1.0 + 1.0 * 1; 0.1 *  x[2]^1.0 + 1.0 * 1

2019-05-04-12-51-52   >>>>   End verify ranking function

verifying time = 14.799 ms


Not Found Ranking Fcuntion

Conterexample is 

[34, 0, 0, 0]

sampling time = 7.078 ms


       ########################################         

iteration 16 with 540 examples

2019-05-04-12-51-52   >>>>   Start train ranking function

2019-05-04-12-51-52   >>>>   End train ranking function

train_ranking_functioning time = 9.024 ms


2019-05-04-12-51-52   >>>>   Start verify ranking function

[xi_2 = 0, xi_3 = 0, xi_0 = 34, xi_1 = 0]
ranking function : 0.5 *  x[0]^1.0 - 0.5 *  x[1]^1.0 + 0.5 *  x[2]^1.0 + 0.5 *  x[3]^1.0 + 2.6 * 1; 0.2 *  x[0]^1.0 - 0.2 *  x[1]^1.0 + 0.7 *  x[2]^1.0 + 0.1 *  x[3]^1.0 + 1.4 * 1; 0.1 *  x[0]^1.0 - 0.1 *  x[1]^1.0 + 0.2 *  x[2]^1.0 + 1.1 * 1; 0.1 *  x[0]^1.0 - 0.1 *  x[1]^1.0 + 0.1 *  x[2]^1.0 + 1.0 * 1; 0.1 *  x[2]^1.0 + 1.0 * 1

2019-05-04-12-51-52   >>>>   End verify ranking function

verifying time = 16.423 ms


Not Found Ranking Fcuntion

Conterexample is 

[34, 0, 0, 0]

sampling time = 6.445 ms


       ########################################         

iteration 17 with 546 examples

2019-05-04-12-51-52   >>>>   Start train ranking function

2019-05-04-12-51-52   >>>>   End train ranking function

train_ranking_functioning time = 8.166 ms


2019-05-04-12-51-52   >>>>   Start verify ranking function

[xi_2 = 0, xi_3 = 0, xi_0 = 0, xi_1 = -34]
ranking function : 0.5 *  x[0]^1.0 - 0.5 *  x[1]^1.0 + 0.5 *  x[2]^1.0 + 0.5 *  x[3]^1.0 + 2.6 * 1; 0.2 *  x[0]^1.0 - 0.2 *  x[1]^1.0 + 0.7 *  x[2]^1.0 + 0.1 *  x[3]^1.0 + 1.4 * 1; 0.1 *  x[0]^1.0 - 0.1 *  x[1]^1.0 + 0.2 *  x[2]^1.0 + 1.1 * 1; 0.1 *  x[0]^1.0 - 0.1 *  x[1]^1.0 + 0.1 *  x[2]^1.0 + 1.0 * 1; 0.1 *  x[2]^1.0 + 1.0 * 1

2019-05-04-12-51-52   >>>>   End verify ranking function

verifying time = 15.009 ms


Not Found Ranking Fcuntion

Conterexample is 

[0, -34, 0, 0]

sampling time = 6.502 ms


       ########################################         

iteration 18 with 552 examples

2019-05-04-12-51-52   >>>>   Start train ranking function

2019-05-04-12-51-52   >>>>   End train ranking function

train_ranking_functioning time = 8.209 ms


2019-05-04-12-51-52   >>>>   Start verify ranking function

[xi_2 = 0, xi_3 = 0, xi_0 = 34, xi_1 = 0]
ranking function : 0.5 *  x[0]^1.0 - 0.5 *  x[1]^1.0 + 0.5 *  x[2]^1.0 + 0.5 *  x[3]^1.0 + 2.6 * 1; 0.2 *  x[0]^1.0 - 0.2 *  x[1]^1.0 + 0.7 *  x[2]^1.0 + 0.1 *  x[3]^1.0 + 1.4 * 1; 0.1 *  x[0]^1.0 - 0.1 *  x[1]^1.0 + 0.2 *  x[2]^1.0 + 1.1 * 1; 0.1 *  x[0]^1.0 - 0.1 *  x[1]^1.0 + 0.1 *  x[2]^1.0 + 1.0 * 1; 0.1 *  x[2]^1.0 + 1.0 * 1

2019-05-04-12-51-52   >>>>   End verify ranking function

verifying time = 14.975 ms


Not Found Ranking Fcuntion

Conterexample is 

[34, 0, 0, 0]

sampling time = 6.419 ms


       ########################################         

iteration 19 with 558 examples

2019-05-04-12-51-52   >>>>   Start train ranking function

5
2019-05-04-12-51-52   >>>>   End train ranking function

train_ranking_functioning time = 8.383 ms


2019-05-04-12-51-52   >>>>   Start verify ranking function

[xi_2 = 0, xi_3 = 0, xi_0 = 0, xi_1 = -34]
ranking function : 0.5 *  x[0]^1.0 - 0.5 *  x[1]^1.0 + 0.5 *  x[2]^1.0 + 0.5 *  x[3]^1.0 + 2.6 * 1; 0.2 *  x[0]^1.0 - 0.2 *  x[1]^1.0 + 0.7 *  x[2]^1.0 + 0.1 *  x[3]^1.0 + 1.4 * 1; 0.1 *  x[0]^1.0 - 0.1 *  x[1]^1.0 + 0.2 *  x[2]^1.0 + 1.1 * 1; 0.1 *  x[0]^1.0 - 0.1 *  x[1]^1.0 + 0.1 *  x[2]^1.0 + 1.0 * 1; 0.1 *  x[2]^1.0 + 1.0 * 1

2019-05-04-12-51-52   >>>>   End verify ranking function

verifying time = 14.990 ms


Not Found Ranking Fcuntion

Conterexample is 

[0, -34, 0, 0]

sampling time = 6.483 ms


       ########################################         

iteration 20 with 564 examples

2019-05-04-12-51-52   >>>>   Start train ranking function

2019-05-04-12-51-52   >>>>   End train ranking function

train_ranking_functioning time = 8.467 ms


2019-05-04-12-51-52   >>>>   Start verify ranking function

[xi_2 = 0, xi_0 = 0, xi_1 = 630]
ranking function : 0.5152 *  x[0]^1.0 - 0.5151 *  x[1]^1.0 + 0.472 *  x[2]^1.0 + 0.4735 *  x[3]^1.0 + 2.604 * 1; 0.1795 *  x[0]^1.0 - 0.1795 *  x[1]^1.0 + 0.7085 *  x[2]^1.0 + 0.1217 *  x[3]^1.0 + 1.3868 * 1; 0.0881 *  x[0]^1.0 - 0.0881 *  x[1]^1.0 + 0.234 *  x[2]^1.0 + 0.0396 *  x[3]^1.0 + 1.0609 * 1; 0.0561 *  x[0]^1.0 - 0.0561 *  x[1]^1.0 + 0.1124 *  x[2]^1.0 + 0.0197 *  x[3]^1.0 + 0.9969 * 1; 0.0713 *  x[2]^1.0 + 0.0129 *  x[3]^1.0 + 1.0422 * 1

2019-05-04-12-51-52   >>>>   End verify ranking function

verifying time = 9.600 ms


Not Found Ranking Fcuntion

Conterexample is 

[0, 630, 0, 0]

sampling time = 6.488 ms


       ########################################         

iteration 21 with 570 examples

2019-05-04-12-51-52   >>>>   Start train ranking function

2019-05-04-12-51-52   >>>>   End train ranking function

train_ranking_functioning time = 9.086 ms


2019-05-04-12-51-52   >>>>   Start verify ranking function

[xi_2 = 0, xi_0 = -591, xi_1 = 0]
ranking function : 0.5152 *  x[0]^1.0 - 0.5152 *  x[1]^1.0 + 0.4719 *  x[2]^1.0 + 0.4735 *  x[3]^1.0 + 2.6041 * 1; 0.1795 *  x[0]^1.0 - 0.1795 *  x[1]^1.0 + 0.7085 *  x[2]^1.0 + 0.1217 *  x[3]^1.0 + 1.3869 * 1; 0.0881 *  x[0]^1.0 - 0.0881 *  x[1]^1.0 + 0.234 *  x[2]^1.0 + 0.0396 *  x[3]^1.0 + 1.0609 * 1; 0.0561 *  x[0]^1.0 - 0.0561 *  x[1]^1.0 + 0.1124 *  x[2]^1.0 + 0.0197 *  x[3]^1.0 + 0.9969 * 1; 0.0713 *  x[2]^1.0 + 0.0129 *  x[3]^1.0 + 1.0422 * 1

2019-05-04-12-51-52   >>>>   End verify ranking function

verifying time = 9.960 ms


Not Found Ranking Fcuntion

Conterexample is 

[-591, 0, 0, 0]

sampling time = 6.411 ms


       ########################################         

iteration 22 with 576 examples

2019-05-04-12-51-52   >>>>   Start train ranking function

2019-05-04-12-51-52   >>>>   End train ranking function

train_ranking_functioning time = 9.444 ms


2019-05-04-12-51-52   >>>>   Start verify ranking function

[xi_2 = 0, xi_0 = -630, xi_1 = 0]
ranking function : 0.5152 *  x[0]^1.0 - 0.5152 *  x[1]^1.0 + 0.472 *  x[2]^1.0 + 0.4735 *  x[3]^1.0 + 2.6041 * 1; 0.1795 *  x[0]^1.0 - 0.1795 *  x[1]^1.0 + 0.7085 *  x[2]^1.0 + 0.1217 *  x[3]^1.0 + 1.3869 * 1; 0.0881 *  x[0]^1.0 - 0.0881 *  x[1]^1.0 + 0.234 *  x[2]^1.0 + 0.0396 *  x[3]^1.0 + 1.0609 * 1; 0.0561 *  x[0]^1.0 - 0.0561 *  x[1]^1.0 + 0.1124 *  x[2]^1.0 + 0.0197 *  x[3]^1.0 + 0.9969 * 1; 0.0713 *  x[2]^1.0 + 0.0129 *  x[3]^1.0 + 1.0422 * 1

2019-05-04-12-51-52   >>>>   End verify ranking function

verifying time = 9.639 ms


Not Found Ranking Fcuntion

Conterexample is 

[-630, 0, 0, 0]

sampling time = 6.477 ms


       ########################################         

iteration 23 with 582 examples

2019-05-04-12-51-52   >>>>   Start train ranking function

2019-05-04-12-51-52   >>>>   End train ranking function

train_ranking_functioning time = 9.807 ms


2019-05-04-12-51-52   >>>>   Start verify ranking function

[xi_2 = 0, xi_0 = 0, xi_1 = 556]
ranking function : 0.5152 *  x[0]^1.0 - 0.5152 *  x[1]^1.0 + 0.4718 *  x[2]^1.0 + 0.4735 *  x[3]^1.0 + 2.6041 * 1; 0.1795 *  x[0]^1.0 - 0.1795 *  x[1]^1.0 + 0.7085 *  x[2]^1.0 + 0.1217 *  x[3]^1.0 + 1.3869 * 1; 0.0881 *  x[0]^1.0 - 0.0881 *  x[1]^1.0 + 0.234 *  x[2]^1.0 + 0.0396 *  x[3]^1.0 + 1.0609 * 1; 0.0561 *  x[0]^1.0 - 0.0561 *  x[1]^1.0 + 0.1124 *  x[2]^1.0 + 0.0197 *  x[3]^1.0 + 0.9969 * 1; 0.0713 *  x[2]^1.0 + 0.0129 *  x[3]^1.0 + 1.0422 * 1

2019-05-04-12-51-52   >>>>   End verify ranking function

verifying time = 10.032 ms


Not Found Ranking Fcuntion

Conterexample is 

[0, 556, 0, 0]

sampling time = 6.407 ms


       ########################################         

iteration 24 with 588 examples

2019-05-04-12-51-52   >>>>   Start train ranking function

2019-05-04-12-51-52   >>>>   End train ranking function

train_ranking_functioning time = 9.210 ms


2019-05-04-12-51-52   >>>>   Start verify ranking function

[xi_2 = 0, xi_0 = -591, xi_1 = 0]
ranking function : 0.5152 *  x[0]^1.0 - 0.5152 *  x[1]^1.0 + 0.4719 *  x[2]^1.0 + 0.4735 *  x[3]^1.0 + 2.6041 * 1; 0.1795 *  x[0]^1.0 - 0.1795 *  x[1]^1.0 + 0.7086 *  x[2]^1.0 + 0.1217 *  x[3]^1.0 + 1.3869 * 1; 0.0881 *  x[0]^1.0 - 0.0881 *  x[1]^1.0 + 0.2341 *  x[2]^1.0 + 0.0396 *  x[3]^1.0 + 1.0609 * 1; 0.0561 *  x[0]^1.0 - 0.0561 *  x[1]^1.0 + 0.1124 *  x[2]^1.0 + 0.0197 *  x[3]^1.0 + 0.9969 * 1; 0.0713 *  x[2]^1.0 + 0.0129 *  x[3]^1.0 + 1.0422 * 1

2019-05-04-12-51-52   >>>>   End verify ranking function

verifying time = 9.903 ms


Not Found Ranking Fcuntion

Conterexample is 

[-591, 0, 0, 0]

sampling time = 7.135 ms


Failed to prove it is terminated

UNKNOWN
Time For Template 4 Is--->-1367.003000 ms

------Using Template 5 -----------
22 [6, 3, 4, 6, 3]
*****************************************************

2019-05-04-12-51-52   >>>>   End sampling point

sampling time = 499.619 ms,


       ########################################         

iteration 0 with 444 examples

2019-05-04-12-51-52   >>>>   Start train ranking function

2019-05-04-12-51-52   >>>>   End train ranking function

train_ranking_functioning time = 14.909 ms


2019-05-04-12-51-52   >>>>   Start verify ranking function

time out
ranking function : 0.2 *  x[1]^-2.0 *  x[2]^0.5 + 0.3 *  x[0]^2.0 *  x[1]^2.0 *  x[2]^1.0 *  x[3]^0.5 + 0.5 *  x[0]^-0.5 *  x[1]^-0.5 *  x[2]^-2.0 + 0.3 *  x[0]^1.0 *  x[1]^2.0 *  x[2]^-3.0 *  x[3]^1.0 + 0.1 *  x[0]^-1.0 *  x[1]^3.0 *  x[2]^0.5 *  x[3]^-0.5 + 0.3 *  x[0]^2.0 *  x[1]^-3.0 *  x[2]^-1.0 *  x[3]^0.5;  - 0.1 *  x[0]^-3.0 *  x[1]^-0.5 *  x[2]^-1.0 *  x[3]^-1.0 + 0.1 *  x[0]^1.0 *  x[2]^-2.0 *  x[3]^-3.0 - 0.1 *  x[0]^-1.0 *  x[1]^-2.0 *  x[2]^3.0 *  x[3]^-2.0; 0.5 *  x[0]^0.5 *  x[3]^1.0 - 0.3 *  x[1]^1.0 *  x[2]^-0.5 *  x[3]^-3.0 + 0.4 *  x[0]^3.0 *  x[1]^-1.0 *  x[2]^-2.0 *  x[3]^1.0;  - 0.5 *  x[0]^3.0 *  x[1]^-3.0 *  x[2]^3.0 *  x[3]^-1.0 + 0.2 *  x[0]^3.0 *  x[1]^-3.0 *  x[2]^3.0 *  x[3]^0.5 + 0.4 *  x[0]^1.0 *  x[1]^-3.0 *  x[2]^-1.0 *  x[3]^-0.5 + 0.2 *  x[0]^-1.0 *  x[1]^0.5 *  x[2]^-3.0 *  x[3]^-1.0 + 0.1 *  x[0]^-0.5 *  x[1]^1.0 *  x[2]^3.0 + 0.1 *  x[0]^2.0 *  x[1]^1.0 *  x[2]^0.5 *  x[3]^0.5; 0.4 *  x[1]^2.0 *  x[2]^-1.0 - 0.4 *  x[1]^1.0 *  x[3]^1.0

2019-05-04-12-51-55   >>>>   End verify ranking function

verifying time = 3032.280 ms


UNKNOWN
Time For Template 5 Is--->-3563.140000 ms

------Using Template 6 -----------
35 [5, 5, 5, 5, 5, 5, 5]
*****************************************************

2019-05-04-12-51-56   >>>>   End sampling point

sampling time = 672.040 ms,


       ########################################         

iteration 0 with 592 examples

2019-05-04-12-51-56   >>>>   Start train ranking function

2019-05-04-12-51-56   >>>>   End train ranking function

train_ranking_functioning time = 1.971 ms


2019-05-04-12-51-56   >>>>   Start verify ranking function

[xi_2 = 0, xi_3 = -3]
ranking function : 0.5 *  x[2]^1.0 + 0.5 *  x[3]^1.0 + 0.7 * 1; 0.4 *  x[2]^1.0 + 0.4 *  x[3]^1.0 + 0.7 * 1; 0.3 *  x[2]^1.0 + 0.3 *  x[3]^1.0 + 0.7 * 1; 0.3 *  x[2]^1.0 + 0.3 *  x[3]^1.0 + 0.7 * 1; 0.3 *  x[2]^1.0 + 0.3 *  x[3]^1.0 + 0.7 * 1; 0.3 *  x[2]^1.0 + 0.3 *  x[3]^1.0 + 0.8 * 1; 0.2 *  x[2]^1.0 + 0.2 *  x[3]^1.0 + 1.2 * 1

2019-05-04-12-51-56   >>>>   End verify ranking function

verifying time = 15.177 ms


Not Found Ranking Fcuntion

Conterexample is 

[0, 0, 0, -3]

sampling time = 8.989 ms


       ########################################         

iteration 1 with 600 examples

2019-05-04-12-51-56   >>>>   Start train ranking function

2019-05-04-12-51-56   >>>>   End train ranking function

train_ranking_functioning time = 1.709 ms


2019-05-04-12-51-56   >>>>   Start verify ranking function

[xi_2 = 0, xi_3 = 0, xi_0 = 0, xi_1 = -10]
ranking function : 0.1 *  x[0]^1.0 - 0.1 *  x[1]^1.0 + 0.5 *  x[2]^1.0 + 0.5 *  x[3]^1.0 + 1.2 * 1; 0.1 *  x[0]^1.0 - 0.1 *  x[1]^1.0 + 0.5 *  x[2]^1.0 + 0.2 *  x[3]^1.0 + 1.0 * 1; 0.1 *  x[0]^1.0 - 0.1 *  x[1]^1.0 + 0.3 *  x[2]^1.0 + 0.1 *  x[3]^1.0 + 0.9 * 1; 0.1 *  x[0]^1.0 - 0.1 *  x[1]^1.0 + 0.2 *  x[2]^1.0 + 0.1 *  x[3]^1.0 + 0.9 * 1; 0.1 *  x[0]^1.0 - 0.1 *  x[1]^1.0 + 0.2 *  x[2]^1.0 + 0.1 *  x[3]^1.0 + 0.9 * 1; 0.2 *  x[2]^1.0 + 0.1 *  x[3]^1.0 + 0.9 * 1; 0.1 *  x[2]^1.0 + 0.1 *  x[3]^1.0 + 1.1 * 1

2019-05-04-12-51-56   >>>>   End verify ranking function

verifying time = 15.580 ms


Not Found Ranking Fcuntion

Conterexample is 

[0, -10, 0, 0]

sampling time = 9.077 ms


       ########################################         

iteration 2 with 608 examples

2019-05-04-12-51-56   >>>>   Start train ranking function

2019-05-04-12-51-56   >>>>   End train ranking function

train_ranking_functioning time = 6.279 ms


2019-05-04-12-51-56   >>>>   Start verify ranking function

[xi_2 = 0, xi_3 = 0, xi_0 = 0, xi_1 = -10]
ranking function : 0.1 *  x[0]^1.0 - 0.1 *  x[1]^1.0 + 0.5 *  x[2]^1.0 + 0.5 *  x[3]^1.0 + 1.2 * 1; 0.1 *  x[0]^1.0 - 0.1 *  x[1]^1.0 + 0.5 *  x[2]^1.0 + 0.2 *  x[3]^1.0 + 1.0 * 1; 0.1 *  x[0]^1.0 - 0.1 *  x[1]^1.0 + 0.3 *  x[2]^1.0 + 0.1 *  x[3]^1.0 + 0.9 * 1; 0.1 *  x[0]^1.0 - 0.1 *  x[1]^1.0 + 0.2 *  x[2]^1.0 + 0.1 *  x[3]^1.0 + 0.9 * 1; 0.1 *  x[0]^1.0 - 0.1 *  x[1]^1.0 + 0.2 *  x[2]^1.0 + 0.1 *  x[3]^1.0 + 0.9 * 1; 0.2 *  x[2]^1.0 + 0.1 *  x[3]^1.0 + 0.9 * 1; 0.1 *  x[2]^1.0 + 0.1 *  x[3]^1.0 + 1.1 * 1

2019-05-04-12-51-56   >>>>   End verify ranking function

verifying time = 15.645 ms


Not Found Ranking Fcuntion

Conterexample is 

[0, -10, 0, 0]

sampling time = 8.889 ms


       ########################################         

iteration 3 with 616 examples

2019-05-04-12-51-56   >>>>   Start train ranking function

2019-05-04-12-51-56   >>>>   End train ranking function

train_ranking_functioning time = 6.391 ms


2019-05-04-12-51-56   >>>>   Start verify ranking function

[xi_2 = 0, xi_3 = 0, xi_0 = 9]
ranking function :  - 0.2 *  x[1]^1.0 + 0.5 *  x[2]^1.0 + 0.5 *  x[3]^1.0 + 1.2 * 1; 0.1 *  x[0]^1.0 - 0.1 *  x[1]^1.0 + 0.4 *  x[2]^1.0 + 0.2 *  x[3]^1.0 + 1.0 * 1; 0.1 *  x[0]^1.0 - 0.1 *  x[1]^1.0 + 0.3 *  x[2]^1.0 + 0.1 *  x[3]^1.0 + 0.9 * 1; 0.1 *  x[0]^1.0 - 0.1 *  x[1]^1.0 + 0.2 *  x[2]^1.0 + 0.1 *  x[3]^1.0 + 0.9 * 1; 0.1 *  x[0]^1.0 - 0.1 *  x[1]^1.0 + 0.2 *  x[2]^1.0 + 0.1 *  x[3]^1.0 + 0.9 * 1; 0.2 *  x[2]^1.0 + 0.1 *  x[3]^1.0 + 0.9 * 1; 0.1 *  x[2]^1.0 + 0.1 *  x[3]^1.0 + 1.1 * 1

2019-05-04-12-51-56   >>>>   End verify ranking function

verifying time = 15.506 ms


Not Found Ranking Fcuntion

Conterexample is 

[9, 0, 0, 0]

sampling time = 8.983 ms


       ########################################         

iteration 4 with 624 examples

2019-05-04-12-51-56   >>>>   Start train ranking function

2019-05-04-12-51-56   >>>>   End train ranking function

train_ranking_functioning time = 6.561 ms


2019-05-04-12-51-56   >>>>   Start verify ranking function

[xi_2 = 0, xi_3 = 0, xi_0 = 0, xi_1 = -10]
ranking function : 0.1 *  x[0]^1.0 - 0.1 *  x[1]^1.0 + 0.5 *  x[2]^1.0 + 0.5 *  x[3]^1.0 + 1.2 * 1; 0.1 *  x[0]^1.0 - 0.1 *  x[1]^1.0 + 0.5 *  x[2]^1.0 + 0.2 *  x[3]^1.0 + 1.0 * 1; 0.1 *  x[0]^1.0 - 0.1 *  x[1]^1.0 + 0.3 *  x[2]^1.0 + 0.1 *  x[3]^1.0 + 0.9 * 1; 0.1 *  x[0]^1.0 - 0.1 *  x[1]^1.0 + 0.2 *  x[2]^1.0 + 0.1 *  x[3]^1.0 + 0.9 * 1; 0.1 *  x[0]^1.0 - 0.1 *  x[1]^1.0 + 0.2 *  x[2]^1.0 + 0.1 *  x[3]^1.0 + 0.9 * 1; 0.2 *  x[2]^1.0 + 0.1 *  x[3]^1.0 + 0.9 * 1; 0.1 *  x[2]^1.0 + 0.1 *  x[3]^1.0 + 1.1 * 1

2019-05-04-12-51-56   >>>>   End verify ranking function

verifying time = 15.864 ms


Not Found Ranking Fcuntion

Conterexample is 

[0, -10, 0, 0]

sampling time = 9.071 ms


       ########################################         

iteration 5 with 632 examples

2019-05-04-12-51-56   >>>>   Start train ranking function

2019-05-04-12-51-56   >>>>   End train ranking function

train_ranking_functioning time = 6.710 ms


2019-05-04-12-51-56   >>>>   Start verify ranking function

[xi_2 = 0, xi_3 = 0, xi_0 = 0, xi_1 = -10]
ranking function : 0.1 *  x[0]^1.0 - 0.1 *  x[1]^1.0 + 0.5 *  x[2]^1.0 + 0.5 *  x[3]^1.0 + 1.2 * 1; 0.1 *  x[0]^1.0 - 0.1 *  x[1]^1.0 + 0.5 *  x[2]^1.0 + 0.2 *  x[3]^1.0 + 1.0 * 1; 0.1 *  x[0]^1.0 - 0.1 *  x[1]^1.0 + 0.3 *  x[2]^1.0 + 0.1 *  x[3]^1.0 + 0.9 * 1; 0.1 *  x[0]^1.0 - 0.1 *  x[1]^1.0 + 0.2 *  x[2]^1.0 + 0.1 *  x[3]^1.0 + 0.9 * 1; 0.1 *  x[0]^1.0 - 0.1 *  x[1]^1.0 + 0.2 *  x[2]^1.0 + 0.1 *  x[3]^1.0 + 0.9 * 1; 0.2 *  x[2]^1.0 + 0.1 *  x[3]^1.0 + 0.9 * 1; 0.1 *  x[2]^1.0 + 0.1 *  x[3]^1.0 + 1.1 * 1

2019-05-04-12-51-56   >>>>   End verify ranking function

verifying time = 15.585 ms


Not Found Ranking Fcuntion

Conterexample is 

[0, -10, 0, 0]

sampling time = 9.380 ms


       ########################################         

iteration 6 with 640 examples

2019-05-04-12-51-56   >>>>   Start train ranking function

2019-05-04-12-51-56   >>>>   End train ranking function

train_ranking_functioning time = 7.367 ms


2019-05-04-12-51-56   >>>>   Start verify ranking function

[xi_2 = 0, xi_3 = 0, xi_0 = 0, xi_1 = -9]
ranking function : 0.1 *  x[0]^1.0 + 0.5 *  x[2]^1.0 + 0.5 *  x[3]^1.0 + 1.2 * 1; 0.1 *  x[0]^1.0 - 0.1 *  x[1]^1.0 + 0.4 *  x[2]^1.0 + 0.2 *  x[3]^1.0 + 1.0 * 1; 0.1 *  x[0]^1.0 - 0.1 *  x[1]^1.0 + 0.3 *  x[2]^1.0 + 0.1 *  x[3]^1.0 + 0.9 * 1; 0.1 *  x[0]^1.0 - 0.1 *  x[1]^1.0 + 0.2 *  x[2]^1.0 + 0.1 *  x[3]^1.0 + 0.9 * 1; 0.1 *  x[0]^1.0 - 0.1 *  x[1]^1.0 + 0.2 *  x[2]^1.0 + 0.1 *  x[3]^1.0 + 0.9 * 1; 0.2 *  x[2]^1.0 + 0.1 *  x[3]^1.0 + 0.9 * 1; 0.1 *  x[2]^1.0 + 0.1 *  x[3]^1.0 + 1.1 * 1

2019-05-04-12-51-56   >>>>   End verify ranking function

verifying time = 16.651 ms


Not Found Ranking Fcuntion

Conterexample is 

[0, -9, 0, 0]

sampling time = 9.019 ms


       ########################################         

iteration 7 with 648 examples

2019-05-04-12-51-56   >>>>   Start train ranking function

2019-05-04-12-51-56   >>>>   End train ranking function

train_ranking_functioning time = 6.659 ms


2019-05-04-12-51-56   >>>>   Start verify ranking function

[xi_2 = 0, xi_3 = 0, xi_0 = 0, xi_1 = -10]
ranking function : 0.1 *  x[0]^1.0 - 0.1 *  x[1]^1.0 + 0.5 *  x[2]^1.0 + 0.5 *  x[3]^1.0 + 1.2 * 1; 0.1 *  x[0]^1.0 - 0.1 *  x[1]^1.0 + 0.5 *  x[2]^1.0 + 0.2 *  x[3]^1.0 + 1.0 * 1; 0.1 *  x[0]^1.0 - 0.1 *  x[1]^1.0 + 0.3 *  x[2]^1.0 + 0.1 *  x[3]^1.0 + 0.9 * 1; 0.1 *  x[0]^1.0 - 0.1 *  x[1]^1.0 + 0.2 *  x[2]^1.0 + 0.1 *  x[3]^1.0 + 0.9 * 1; 0.1 *  x[0]^1.0 - 0.1 *  x[1]^1.0 + 0.2 *  x[2]^1.0 + 0.1 *  x[3]^1.0 + 0.9 * 1; 0.2 *  x[2]^1.0 + 0.1 *  x[3]^1.0 + 0.9 * 1; 0.1 *  x[2]^1.0 + 0.1 *  x[3]^1.0 + 1.1 * 1

2019-05-04-12-51-56   >>>>   End verify ranking function

verifying time = 15.982 ms


Not Found Ranking Fcuntion

Conterexample is 

[0, -10, 0, 0]

sampling time = 9.008 ms


       ########################################         

iteration 8 with 656 examples

2019-05-04-12-51-56   >>>>   Start train ranking function

2019-05-04-12-51-56   >>>>   End train ranking function

train_ranking_functioning time = 6.743 ms


2019-05-04-12-51-56   >>>>   Start verify ranking function

[xi_2 = 0, xi_3 = 0, xi_0 = 9]
ranking function :  - 0.2 *  x[1]^1.0 + 0.5 *  x[2]^1.0 + 0.5 *  x[3]^1.0 + 1.2 * 1; 0.1 *  x[0]^1.0 - 0.1 *  x[1]^1.0 + 0.4 *  x[2]^1.0 + 0.2 *  x[3]^1.0 + 1.0 * 1; 0.1 *  x[0]^1.0 - 0.1 *  x[1]^1.0 + 0.3 *  x[2]^1.0 + 0.1 *  x[3]^1.0 + 0.9 * 1; 0.1 *  x[0]^1.0 - 0.1 *  x[1]^1.0 + 0.2 *  x[2]^1.0 + 0.1 *  x[3]^1.0 + 0.9 * 1; 0.1 *  x[0]^1.0 - 0.1 *  x[1]^1.0 + 0.2 *  x[2]^1.0 + 0.1 *  x[3]^1.0 + 0.9 * 1; 0.2 *  x[2]^1.0 + 0.1 *  x[3]^1.0 + 0.9 * 1; 0.1 *  x[2]^1.0 + 0.1 *  x[3]^1.0 + 1.1 * 1

2019-05-04-12-51-56   >>>>   End verify ranking function

verifying time = 15.542 ms


Not Found Ranking Fcuntion

Conterexample is 

[9, 0, 0, 0]

sampling time = 9.535 ms


       ########################################         

iteration 9 with 664 examples

2019-05-04-12-51-57   >>>>   Start train ranking function

2019-05-04-12-51-57   >>>>   End train ranking function

train_ranking_functioning time = 7.217 ms


2019-05-04-12-51-57   >>>>   Start verify ranking function

[xi_2 = 0, xi_3 = -4, xi_0 = 0, xi_1 = 0]
ranking function : 0.1 *  x[0]^1.0 - 0.1 *  x[1]^1.0 + 0.5 *  x[2]^1.0 + 0.5 *  x[3]^1.0 + 1.2 * 1; 0.1 *  x[0]^1.0 - 0.1 *  x[1]^1.0 + 0.5 *  x[2]^1.0 + 0.2 *  x[3]^1.0 + 1.0 * 1; 0.1 *  x[0]^1.0 - 0.1 *  x[1]^1.0 + 0.3 *  x[2]^1.0 + 0.1 *  x[3]^1.0 + 0.9 * 1; 0.1 *  x[0]^1.0 - 0.1 *  x[1]^1.0 + 0.2 *  x[2]^1.0 + 0.1 *  x[3]^1.0 + 0.9 * 1; 0.1 *  x[0]^1.0 - 0.1 *  x[1]^1.0 + 0.2 *  x[2]^1.0 + 0.1 *  x[3]^1.0 + 0.9 * 1; 0.2 *  x[2]^1.0 + 0.1 *  x[3]^1.0 + 0.9 * 1; 0.1 *  x[2]^1.0 + 0.1 *  x[3]^1.0 + 1.1 * 1

2019-05-04-12-51-57   >>>>   End verify ranking function

verifying time = 15.825 ms


Not Found Ranking Fcuntion

Conterexample is 

[0, 0, 0, -4]

sampling time = 8.921 ms


       ########################################         

iteration 10 with 672 examples

2019-05-04-12-51-57   >>>>   Start train ranking function

2019-05-04-12-51-57   >>>>   End train ranking function

train_ranking_functioning time = 7.485 ms


2019-05-04-12-51-57   >>>>   Start verify ranking function

[xi_2 = 0, xi_3 = 0, xi_0 = 23, xi_1 = 0]
ranking function : 0.2 *  x[0]^1.0 - 0.2 *  x[1]^1.0 + 0.5 *  x[2]^1.0 + 0.5 *  x[3]^1.0 + 1.6 * 1; 0.1 *  x[0]^1.0 - 0.1 *  x[1]^1.0 + 0.5 *  x[2]^1.0 + 0.2 *  x[3]^1.0 + 1.2 * 1; 0.1 *  x[0]^1.0 - 0.1 *  x[1]^1.0 + 0.2 *  x[2]^1.0 + 0.1 *  x[3]^1.0 + 1.0 * 1; 0.1 *  x[0]^1.0 - 0.1 *  x[1]^1.0 + 0.2 *  x[2]^1.0 + 0.1 *  x[3]^1.0 + 0.9 * 1; 0.1 *  x[0]^1.0 - 0.1 *  x[1]^1.0 + 0.1 *  x[2]^1.0 + 0.9 * 1; 0.1 *  x[0]^1.0 - 0.1 *  x[1]^1.0 + 0.1 *  x[2]^1.0 + 1.0 * 1; 0.1 *  x[2]^1.0 + 1.1 * 1

2019-05-04-12-51-57   >>>>   End verify ranking function

verifying time = 15.512 ms


Not Found Ranking Fcuntion

Conterexample is 

[23, 0, 0, 0]

sampling time = 8.912 ms


       ########################################         

iteration 11 with 680 examples

2019-05-04-12-51-57   >>>>   Start train ranking function

2019-05-04-12-51-57   >>>>   End train ranking function

train_ranking_functioning time = 7.647 ms


2019-05-04-12-51-57   >>>>   Start verify ranking function

[xi_2 = 0, xi_3 = 0, xi_1 = -23]
ranking function : 0.3 *  x[0]^1.0 - 0.2 *  x[1]^1.0 + 0.5 *  x[2]^1.0 + 0.5 *  x[3]^1.0 + 1.6 * 1; 0.1 *  x[0]^1.0 - 0.1 *  x[1]^1.0 + 0.5 *  x[2]^1.0 + 0.2 *  x[3]^1.0 + 1.1 * 1; 0.1 *  x[0]^1.0 - 0.1 *  x[1]^1.0 + 0.2 *  x[2]^1.0 + 0.1 *  x[3]^1.0 + 1.0 * 1; 0.1 *  x[0]^1.0 - 0.1 *  x[1]^1.0 + 0.2 *  x[2]^1.0 + 0.1 *  x[3]^1.0 + 0.9 * 1; 0.1 *  x[0]^1.0 - 0.1 *  x[1]^1.0 + 0.1 *  x[2]^1.0 + 0.9 * 1; 0.1 *  x[0]^1.0 - 0.1 *  x[1]^1.0 + 0.1 *  x[2]^1.0 + 1.0 * 1; 0.1 *  x[2]^1.0 + 1.1 * 1

2019-05-04-12-51-57   >>>>   End verify ranking function

verifying time = 15.397 ms


Not Found Ranking Fcuntion

Conterexample is 

[0, -23, 0, 0]

sampling time = 8.996 ms


       ########################################         

iteration 12 with 688 examples

2019-05-04-12-51-57   >>>>   Start train ranking function

2019-05-04-12-51-57   >>>>   End train ranking function

train_ranking_functioning time = 7.681 ms


2019-05-04-12-51-57   >>>>   Start verify ranking function

[xi_2 = 0, xi_3 = -5]
ranking function : 0.3 *  x[0]^1.0 - 0.3 *  x[1]^1.0 + 0.5 *  x[2]^1.0 + 0.5 *  x[3]^1.0 + 1.6 * 1; 0.1 *  x[0]^1.0 - 0.1 *  x[1]^1.0 + 0.5 *  x[2]^1.0 + 0.2 *  x[3]^1.0 + 1.1 * 1; 0.1 *  x[0]^1.0 - 0.1 *  x[1]^1.0 + 0.2 *  x[2]^1.0 + 0.1 *  x[3]^1.0 + 1.0 * 1; 0.1 *  x[0]^1.0 - 0.1 *  x[1]^1.0 + 0.2 *  x[2]^1.0 + 0.1 *  x[3]^1.0 + 0.9 * 1; 0.1 *  x[0]^1.0 - 0.1 *  x[1]^1.0 + 0.1 *  x[2]^1.0 + 0.9 * 1; 0.1 *  x[0]^1.0 - 0.1 *  x[1]^1.0 + 0.1 *  x[2]^1.0 + 1.0 * 1; 0.1 *  x[2]^1.0 + 1.1 * 1

2019-05-04-12-51-57   >>>>   End verify ranking function

verifying time = 15.171 ms


Not Found Ranking Fcuntion

Conterexample is 

[0, 0, 0, -5]

sampling time = 9.133 ms


       ########################################         

iteration 13 with 696 examples

2019-05-04-12-51-57   >>>>   Start train ranking function

2019-05-04-12-51-57   >>>>   End train ranking function

train_ranking_functioning time = 8.927 ms


2019-05-04-12-51-57   >>>>   Start verify ranking function

[xi_2 = 0, xi_3 = 0, xi_0 = 0, xi_1 = -14]
ranking function : 0.3 *  x[0]^1.0 - 0.3 *  x[1]^1.0 + 0.5 *  x[2]^1.0 + 0.5 *  x[3]^1.0 + 2.0 * 1; 0.2 *  x[0]^1.0 - 0.2 *  x[1]^1.0 + 0.6 *  x[2]^1.0 + 0.1 *  x[3]^1.0 + 1.2 * 1; 0.1 *  x[0]^1.0 - 0.1 *  x[1]^1.0 + 0.2 *  x[2]^1.0 + 0.1 *  x[3]^1.0 + 1.0 * 1; 0.1 *  x[0]^1.0 - 0.1 *  x[1]^1.0 + 0.1 *  x[2]^1.0 + 1.0 * 1; 0.1 *  x[0]^1.0 - 0.1 *  x[1]^1.0 + 0.1 *  x[2]^1.0 + 0.9 * 1; 0.1 *  x[0]^1.0 - 0.1 *  x[1]^1.0 + 0.1 *  x[2]^1.0 + 1.0 * 1; 0.1 *  x[2]^1.0 + 1.0 * 1

2019-05-04-12-51-57   >>>>   End verify ranking function

verifying time = 15.796 ms


Not Found Ranking Fcuntion

Conterexample is 

[0, -14, 0, 0]

sampling time = 9.128 ms


       ########################################         

iteration 14 with 704 examples

2019-05-04-12-51-57   >>>>   Start train ranking function

2019-05-04-12-51-57   >>>>   End train ranking function

train_ranking_functioning time = 9.564 ms


2019-05-04-12-51-57   >>>>   Start verify ranking function

[xi_2 = 0, xi_3 = 0, xi_0 = 14, xi_1 = 0]
ranking function : 0.3 *  x[0]^1.0 - 0.3 *  x[1]^1.0 + 0.5 *  x[2]^1.0 + 0.5 *  x[3]^1.0 + 2.0 * 1; 0.2 *  x[0]^1.0 - 0.2 *  x[1]^1.0 + 0.6 *  x[2]^1.0 + 0.1 *  x[3]^1.0 + 1.2 * 1; 0.1 *  x[0]^1.0 - 0.1 *  x[1]^1.0 + 0.2 *  x[2]^1.0 + 0.1 *  x[3]^1.0 + 1.0 * 1; 0.1 *  x[0]^1.0 - 0.1 *  x[1]^1.0 + 0.1 *  x[2]^1.0 + 1.0 * 1; 0.1 *  x[0]^1.0 - 0.1 *  x[1]^1.0 + 0.1 *  x[2]^1.0 + 0.9 * 1; 0.1 *  x[0]^1.0 - 0.1 *  x[1]^1.0 + 0.1 *  x[2]^1.0 + 1.0 * 1; 0.1 *  x[2]^1.0 + 1.0 * 1

2019-05-04-12-51-57   >>>>   End verify ranking function

verifying time = 16.429 ms


Not Found Ranking Fcuntion

Conterexample is 

[14, 0, 0, 0]

sampling time = 9.021 ms


       ########################################         

iteration 15 with 712 examples

2019-05-04-12-51-57   >>>>   Start train ranking function

2019-05-04-12-51-57   >>>>   End train ranking function

train_ranking_functioning time = 9.297 ms


2019-05-04-12-51-57   >>>>   Start verify ranking function

[xi_2 = 0, xi_3 = -6, xi_0 = 0, xi_1 = 0]
ranking function : 0.3 *  x[0]^1.0 - 0.3 *  x[1]^1.0 + 0.5 *  x[2]^1.0 + 0.5 *  x[3]^1.0 + 2.0 * 1; 0.2 *  x[0]^1.0 - 0.2 *  x[1]^1.0 + 0.6 *  x[2]^1.0 + 0.1 *  x[3]^1.0 + 1.2 * 1; 0.1 *  x[0]^1.0 - 0.1 *  x[1]^1.0 + 0.2 *  x[2]^1.0 + 0.1 *  x[3]^1.0 + 1.0 * 1; 0.1 *  x[0]^1.0 - 0.1 *  x[1]^1.0 + 0.1 *  x[2]^1.0 + 1.0 * 1; 0.1 *  x[0]^1.0 - 0.1 *  x[1]^1.0 + 0.1 *  x[2]^1.0 + 0.9 * 1; 0.1 *  x[0]^1.0 - 0.1 *  x[1]^1.0 + 0.1 *  x[2]^1.0 + 1.0 * 1; 0.1 *  x[2]^1.0 + 1.0 * 1

2019-05-04-12-51-57   >>>>   End verify ranking function

verifying time = 15.714 ms


Not Found Ranking Fcuntion

Conterexample is 

[0, 0, 0, -6]

sampling time = 9.021 ms


       ########################################         

iteration 16 with 720 examples

2019-05-04-12-51-57   >>>>   Start train ranking function

2019-05-04-12-51-57   >>>>   End train ranking function

train_ranking_functioning time = 9.727 ms


2019-05-04-12-51-57   >>>>   Start verify ranking function

[xi_2 = 0, xi_3 = 0, xi_0 = 0, xi_1 = -30]
ranking function : 0.4 *  x[0]^1.0 - 0.4 *  x[1]^1.0 + 0.5 *  x[2]^1.0 + 0.5 *  x[3]^1.0 + 2.3 * 1; 0.2 *  x[0]^1.0 - 0.2 *  x[1]^1.0 + 0.6 *  x[2]^1.0 + 0.1 *  x[3]^1.0 + 1.3 * 1; 0.1 *  x[0]^1.0 - 0.1 *  x[1]^1.0 + 0.2 *  x[2]^1.0 + 1.0 * 1; 0.1 *  x[0]^1.0 - 0.1 *  x[1]^1.0 + 0.1 *  x[2]^1.0 + 1.0 * 1; 0.1 *  x[0]^1.0 - 0.1 *  x[1]^1.0 + 0.1 *  x[2]^1.0 + 1.0 * 1; 0.1 *  x[0]^1.0 - 0.1 *  x[1]^1.0 + 0.1 *  x[2]^1.0 + 1.0 * 1; 0.1 *  x[2]^1.0 + 1.0 * 1

2019-05-04-12-51-57   >>>>   End verify ranking function

verifying time = 15.557 ms


Not Found Ranking Fcuntion

Conterexample is 

[0, -30, 0, 0]

sampling time = 9.150 ms


       ########################################         

iteration 17 with 728 examples

2019-05-04-12-51-57   >>>>   Start train ranking function

2019-05-04-12-51-57   >>>>   End train ranking function

train_ranking_functioning time = 9.966 ms


2019-05-04-12-51-57   >>>>   Start verify ranking function

[xi_2 = 0, xi_3 = 0, xi_0 = 30, xi_1 = 0]
ranking function : 0.4 *  x[0]^1.0 - 0.4 *  x[1]^1.0 + 0.5 *  x[2]^1.0 + 0.5 *  x[3]^1.0 + 2.3 * 1; 0.2 *  x[0]^1.0 - 0.2 *  x[1]^1.0 + 0.6 *  x[2]^1.0 + 0.1 *  x[3]^1.0 + 1.3 * 1; 0.1 *  x[0]^1.0 - 0.1 *  x[1]^1.0 + 0.2 *  x[2]^1.0 + 1.0 * 1; 0.1 *  x[0]^1.0 - 0.1 *  x[1]^1.0 + 0.1 *  x[2]^1.0 + 1.0 * 1; 0.1 *  x[0]^1.0 - 0.1 *  x[1]^1.0 + 0.1 *  x[2]^1.0 + 1.0 * 1; 0.1 *  x[0]^1.0 - 0.1 *  x[1]^1.0 + 0.1 *  x[2]^1.0 + 1.0 * 1; 0.1 *  x[2]^1.0 + 1.0 * 1

2019-05-04-12-51-57   >>>>   End verify ranking function

verifying time = 15.581 ms


Not Found Ranking Fcuntion

Conterexample is 

[30, 0, 0, 0]

sampling time = 8.949 ms


       ########################################         

iteration 18 with 736 examples

2019-05-04-12-51-57   >>>>   Start train ranking function

2019-05-04-12-51-57   >>>>   End train ranking function

train_ranking_functioning time = 10.138 ms


2019-05-04-12-51-57   >>>>   Start verify ranking function

[xi_2 = 0, xi_3 = -6, xi_0 = 0, xi_1 = 0]
ranking function : 0.4 *  x[0]^1.0 - 0.4 *  x[1]^1.0 + 0.5 *  x[2]^1.0 + 0.5 *  x[3]^1.0 + 2.3 * 1; 0.2 *  x[0]^1.0 - 0.2 *  x[1]^1.0 + 0.6 *  x[2]^1.0 + 0.1 *  x[3]^1.0 + 1.3 * 1; 0.1 *  x[0]^1.0 - 0.1 *  x[1]^1.0 + 0.2 *  x[2]^1.0 + 1.0 * 1; 0.1 *  x[0]^1.0 - 0.1 *  x[1]^1.0 + 0.1 *  x[2]^1.0 + 1.0 * 1; 0.1 *  x[0]^1.0 - 0.1 *  x[1]^1.0 + 0.1 *  x[2]^1.0 + 1.0 * 1; 0.1 *  x[0]^1.0 - 0.1 *  x[1]^1.0 + 0.1 *  x[2]^1.0 + 1.0 * 1; 0.1 *  x[2]^1.0 + 1.0 * 1

2019-05-04-12-51-57   >>>>   End verify ranking function

verifying time = 15.476 ms


Not Found Ranking Fcuntion

Conterexample is 

[0, 0, 0, -6]

sampling time = 9.044 ms


       ########################################         

iteration 19 with 744 examples

2019-05-04-12-51-57   >>>>   Start train ranking function

2019-05-04-12-51-57   >>>>   End train ranking function

train_ranking_functioning time = 10.609 ms


2019-05-04-12-51-57   >>>>   Start verify ranking function

[xi_2 = 0, xi_3 = -7, xi_0 = 0, xi_1 = 0]
ranking function : 0.5 *  x[0]^1.0 - 0.5 *  x[1]^1.0 + 0.5 *  x[2]^1.0 + 0.5 *  x[3]^1.0 + 2.5 * 1; 0.2 *  x[0]^1.0 - 0.2 *  x[1]^1.0 + 0.7 *  x[2]^1.0 + 0.1 *  x[3]^1.0 + 1.4 * 1; 0.1 *  x[0]^1.0 - 0.1 *  x[1]^1.0 + 0.2 *  x[2]^1.0 + 1.1 * 1; 0.1 *  x[0]^1.0 - 0.1 *  x[1]^1.0 + 0.1 *  x[2]^1.0 + 1.0 * 1; 0.1 *  x[0]^1.0 - 0.1 *  x[1]^1.0 + 0.1 *  x[2]^1.0 + 1.0 * 1; 0.1 *  x[0]^1.0 - 0.1 *  x[1]^1.0 + 0.1 *  x[2]^1.0 + 1.0 * 1; 0.1 *  x[2]^1.0 + 1.0 * 1

2019-05-04-12-51-57   >>>>   End verify ranking function

verifying time = 15.964 ms


Not Found Ranking Fcuntion

Conterexample is 

[0, 0, 0, -7]

sampling time = 9.050 ms


       ########################################         

iteration 20 with 752 examples

2019-05-04-12-51-57   >>>>   Start train ranking function

2019-05-04-12-51-57   >>>>   End train ranking function

train_ranking_functioning time = 10.833 ms


2019-05-04-12-51-57   >>>>   Start verify ranking function

[xi_2 = 0, xi_3 = -7, xi_0 = 0, xi_1 = 0]
ranking function : 0.5 *  x[0]^1.0 - 0.5 *  x[1]^1.0 + 0.5 *  x[2]^1.0 + 0.5 *  x[3]^1.0 + 2.7 * 1; 0.2 *  x[0]^1.0 - 0.2 *  x[1]^1.0 + 0.7 *  x[2]^1.0 + 0.1 *  x[3]^1.0 + 1.4 * 1; 0.1 *  x[0]^1.0 - 0.1 *  x[1]^1.0 + 0.2 *  x[2]^1.0 + 1.1 * 1; 0.1 *  x[0]^1.0 - 0.1 *  x[1]^1.0 + 0.1 *  x[2]^1.0 + 1.0 * 1; 0.1 *  x[0]^1.0 - 0.1 *  x[1]^1.0 + 0.1 *  x[2]^1.0 + 1.0 * 1; 0.1 *  x[0]^1.0 - 0.1 *  x[1]^1.0 + 0.1 *  x[2]^1.0 + 1.0 * 1; 0.1 *  x[2]^1.0 + 1.0 * 1

2019-05-04-12-51-57   >>>>   End verify ranking function

verifying time = 15.513 ms


Not Found Ranking Fcuntion

Conterexample is 

[0, 0, 0, -7]

sampling time = 9.016 ms


       ########################################         

iteration 21 with 760 examples

2019-05-04-12-51-57   >>>>   Start train ranking function

2019-05-04-12-51-57   >>>>   End train ranking function

train_ranking_functioning time = 11.297 ms


2019-05-04-12-51-57   >>>>   Start verify ranking function

[xi_2 = 0, xi_3 = 0, xi_0 = 0, xi_1 = -37]
ranking function : 0.6 *  x[0]^1.0 - 0.6 *  x[1]^1.0 + 0.5 *  x[2]^1.0 + 0.5 *  x[3]^1.0 + 2.8 * 1; 0.2 *  x[0]^1.0 - 0.2 *  x[1]^1.0 + 0.8 *  x[2]^1.0 + 0.1 *  x[3]^1.0 + 1.4 * 1; 0.1 *  x[0]^1.0 - 0.1 *  x[1]^1.0 + 0.3 *  x[2]^1.0 + 1.1 * 1; 0.1 *  x[0]^1.0 - 0.1 *  x[1]^1.0 + 0.1 *  x[2]^1.0 + 1.0 * 1; 0.1 *  x[0]^1.0 - 0.1 *  x[1]^1.0 + 0.1 *  x[2]^1.0 + 1.0 * 1; 0.1 *  x[0]^1.0 - 0.1 *  x[1]^1.0 + 0.1 *  x[2]^1.0 + 1.0 * 1; 0.1 *  x[2]^1.0 + 1.0 * 1

2019-05-04-12-51-57   >>>>   End verify ranking function

verifying time = 15.529 ms


Not Found Ranking Fcuntion

Conterexample is 

[0, -37, 0, 0]

sampling time = 9.112 ms


       ########################################         

iteration 22 with 768 examples

2019-05-04-12-51-57   >>>>   Start train ranking function

2019-05-04-12-51-57   >>>>   End train ranking function

train_ranking_functioning time = 11.567 ms


2019-05-04-12-51-57   >>>>   Start verify ranking function

[xi_2 = 0, xi_3 = 0, xi_0 = 0, xi_1 = -37]
ranking function : 0.6 *  x[0]^1.0 - 0.6 *  x[1]^1.0 + 0.5 *  x[2]^1.0 + 0.5 *  x[3]^1.0 + 2.8 * 1; 0.2 *  x[0]^1.0 - 0.2 *  x[1]^1.0 + 0.8 *  x[2]^1.0 + 0.1 *  x[3]^1.0 + 1.4 * 1; 0.1 *  x[0]^1.0 - 0.1 *  x[1]^1.0 + 0.3 *  x[2]^1.0 + 1.1 * 1; 0.1 *  x[0]^1.0 - 0.1 *  x[1]^1.0 + 0.1 *  x[2]^1.0 + 1.0 * 1; 0.1 *  x[0]^1.0 - 0.1 *  x[1]^1.0 + 0.1 *  x[2]^1.0 + 1.0 * 1; 0.1 *  x[0]^1.0 - 0.1 *  x[1]^1.0 + 0.1 *  x[2]^1.0 + 1.0 * 1; 0.1 *  x[2]^1.0 + 1.0 * 1
