------Using Template 0 -----------
4 [4]
*****************************************************

2019-05-04-13-01-52   >>>>   End sampling point

sampling time = 46.243 ms,


       ########################################         

iteration 0 with 76 examples

2019-05-04-13-01-52   >>>>   Start train ranking function

2019-05-04-13-01-52   >>>>   End train ranking function

train_ranking_functioning time = 0.545 ms


2019-05-04-13-01-52   >>>>   Start verify ranking function

valid ranking function
ranking function : 0.5 *  x[0]^1.0 + 0.5 *  x[1]^1.0 + 0.5 *  x[2]^1.0 + 0.9 * 1

2019-05-04-13-01-52   >>>>   End verify ranking function

verifying time = 8.190 ms


Found Ranking Fcuntion: 0.5 *  x[0]^1.0 + 0.5 *  x[1]^1.0 + 0.5 *  x[2]^1.0 + 0.9 * 1

0.5 *  x[0]^1.0 + 0.5 *  x[1]^1.0 + 0.5 *  x[2]^1.0 + 0.9 * 1
FINITE
Time For Template 0 Is--->-83.618000 ms

Time For ../Program_non/55.bpl Is ---> 250.496000 ms

