------Using Template 0 -----------
4 [4]
*****************************************************

2019-05-04-13-01-53   >>>>   End sampling point

sampling time = 86.771 ms,


       ########################################         

iteration 0 with 154 examples

2019-05-04-13-01-53   >>>>   Start train ranking function

2019-05-04-13-01-53   >>>>   End train ranking function

train_ranking_functioning time = 0.907 ms


2019-05-04-13-01-53   >>>>   Start verify ranking function

valid ranking function
ranking function : 1.0 *  x[1]^1.0 + 1.0 * 1

2019-05-04-13-01-53   >>>>   End verify ranking function

verifying time = 8.881 ms


Found Ranking Fcuntion: 1.0 *  x[1]^1.0 + 1.0 * 1

1.0 *  x[1]^1.0 + 1.0 * 1
FINATE
Time For Template 0 Is--->-115.652000 ms

Time For ../Program_non/57.bpl Is ---> 282.200000 ms

