------Using Template 0 -----------
2 [2]
*****************************************************

'NoneType' object is not subscriptable
2019-05-04-13-01-53   >>>>   End sampling point

sampling time = 5.433 ms,


       ########################################         

iteration 0 with 3 examples

2019-05-04-13-01-53   >>>>   Start train ranking function

2019-05-04-13-01-53   >>>>   End train ranking function

train_ranking_functioning time = 0.071 ms


2019-05-04-13-01-53   >>>>   Start verify ranking function

valid ranking function
ranking function : 0.7 *  x[0]^1.0 + 0.1 * 1

2019-05-04-13-01-53   >>>>   End verify ranking function

verifying time = 6.388 ms


Found Ranking Fcuntion: 0.7 *  x[0]^1.0 + 0.1 * 1

0.7 *  x[0]^1.0 + 0.1 * 1
FINATE
Time For Template 0 Is--->-29.138000 ms

Time For ../Program_non/58.bpl Is ---> 184.095000 ms

