------Using Template 0 -----------
4 [4]
*****************************************************

2019-05-04-13-17-02   >>>>   End sampling point

sampling time = 113.624 ms,


       ########################################         

iteration 0 with 220 examples

2019-05-04-13-17-02   >>>>   Start train ranking function

2019-05-04-13-17-02   >>>>   End train ranking function

train_ranking_functioning time = 3.167 ms


2019-05-04-13-17-02   >>>>   Start verify ranking function

[xr_1 = 0, xr_2 = -9971/5, xr_0 = 1]
ranking function : 0.9952 *  x[0]^1.0 - 0.0992 *  x[1]^1.0 - 0.1989 *  x[2]^1.0 + 0.9227 * 1

2019-05-04-13-17-02   >>>>   End verify ranking function

verifying time = 8.230 ms


Not Found Ranking Fcuntion

Conterexample is 

[1, 0, -1994.2]

sampling time = 1.024 ms


       ########################################         

iteration 1 with 222 examples

2019-05-04-13-17-02   >>>>   Start train ranking function

2019-05-04-13-17-02   >>>>   End train ranking function

train_ranking_functioning time = 4.889 ms


2019-05-04-13-17-02   >>>>   Start verify ranking function

[xr_1 = 0, xr_2 = -9971/3, xr_0 = 1]
ranking function : 0.9952 *  x[0]^1.0 - 0.0993 *  x[1]^1.0 - 0.1989 *  x[2]^1.0 + 0.9227 * 1

2019-05-04-13-17-02   >>>>   End verify ranking function

verifying time = 7.919 ms


Not Found Ranking Fcuntion

Conterexample is 

[1, 0, -3323.6666666666665]

sampling time = 1.067 ms


       ########################################         

iteration 2 with 224 examples

2019-05-04-13-17-02   >>>>   Start train ranking function

2019-05-04-13-17-02   >>>>   End train ranking function

train_ranking_functioning time = 5.138 ms


2019-05-04-13-17-02   >>>>   Start verify ranking function

[xr_1 = 0, xr_2 = -9971/3, xr_0 = 1]
ranking function : 0.9952 *  x[0]^1.0 - 0.0993 *  x[1]^1.0 - 0.1989 *  x[2]^1.0 + 0.9227 * 1

2019-05-04-13-17-02   >>>>   End verify ranking function

verifying time = 7.973 ms


Not Found Ranking Fcuntion

Conterexample is 

[1, 0, -3323.6666666666665]

sampling time = 1.050 ms


       ########################################         

iteration 3 with 226 examples

2019-05-04-13-17-02   >>>>   Start train ranking function

2019-05-04-13-17-02   >>>>   End train ranking function

train_ranking_functioning time = 4.913 ms


2019-05-04-13-17-02   >>>>   Start verify ranking function

[xr_1 = 9971/5, xr_2 = 0, xr_0 = 1]
ranking function : 0.9952 *  x[0]^1.0 - 0.0993 *  x[1]^1.0 - 0.1989 *  x[2]^1.0 + 0.9227 * 1

2019-05-04-13-17-02   >>>>   End verify ranking function

verifying time = 7.810 ms


Not Found Ranking Fcuntion

Conterexample is 

[1, 1994.2, 0]

sampling time = 1.072 ms


       ########################################         

iteration 4 with 228 examples

2019-05-04-13-17-02   >>>>   Start train ranking function

2019-05-04-13-17-02   >>>>   End train ranking function

train_ranking_functioning time = 2.864 ms


2019-05-04-13-17-02   >>>>   Start verify ranking function

[xr_1 = 9819/277, xr_2 = 0, xr_0 = 1]
ranking function : 0.9648 *  x[0]^1.0 - 0.0777 *  x[1]^1.0 - 0.1885 *  x[2]^1.0 + 0.9105 * 1

2019-05-04-13-17-02   >>>>   End verify ranking function

verifying time = 7.872 ms


Not Found Ranking Fcuntion

Conterexample is 

[1, 35.44765342960289, 0]

sampling time = 1.024 ms


       ########################################         

iteration 5 with 230 examples

2019-05-04-13-17-02   >>>>   Start train ranking function

2019-05-04-13-17-02   >>>>   End train ranking function

train_ranking_functioning time = 2.239 ms


2019-05-04-13-17-02   >>>>   Start verify ranking function

[xr_1 = 0, xr_2 = -1799/62, xr_0 = 1]
ranking function : 0.9799 *  x[0]^1.0 - 0.0691 *  x[1]^1.0 - 0.1723 *  x[2]^1.0 + 1.0828 * 1

2019-05-04-13-17-02   >>>>   End verify ranking function

verifying time = 7.891 ms


Not Found Ranking Fcuntion

Conterexample is 

[1, 0, -29.016129032258064]

sampling time = 1.156 ms


       ########################################         

iteration 6 with 232 examples

2019-05-04-13-17-02   >>>>   Start train ranking function

2019-05-04-13-17-02   >>>>   End train ranking function

train_ranking_functioning time = 2.730 ms


2019-05-04-13-17-02   >>>>   Start verify ranking function

[xr_1 = 0, xr_2 = -9661/194, xr_0 = 1]
ranking function : 0.9332 *  x[0]^1.0 - 0.0792 *  x[1]^1.0 - 0.1778 *  x[2]^1.0 + 1.2354 * 1

2019-05-04-13-17-02   >>>>   End verify ranking function

verifying time = 8.055 ms


Not Found Ranking Fcuntion

Conterexample is 

[1, 0, -49.79896907216495]

sampling time = 1.018 ms


       ########################################         

iteration 7 with 234 examples

2019-05-04-13-17-02   >>>>   Start train ranking function

2019-05-04-13-17-02   >>>>   End train ranking function

train_ranking_functioning time = 2.908 ms


2019-05-04-13-17-02   >>>>   Start verify ranking function

[xr_1 = 0, xr_2 = -4817/879, xr_0 = 1]
ranking function : 0.9278 *  x[0]^1.0 - 0.0006 *  x[1]^1.0 - 0.177 *  x[2]^1.0 + 1.2599 * 1

2019-05-04-13-17-02   >>>>   End verify ranking function

verifying time = 7.824 ms


Not Found Ranking Fcuntion

Conterexample is 

[1, 0, -5.480091012514221]

sampling time = 1.020 ms


       ########################################         

iteration 8 with 236 examples

2019-05-04-13-17-02   >>>>   Start train ranking function

2019-05-04-13-17-02   >>>>   End train ranking function

train_ranking_functioning time = 2.919 ms


2019-05-04-13-17-02   >>>>   Start verify ranking function

[xr_1 = 0, xr_2 = -1775/68, xr_0 = 1]
ranking function : 0.9535 *  x[0]^1.0 - 0.0741 *  x[1]^1.0 - 0.1856 *  x[2]^1.0 + 1.2602 * 1

2019-05-04-13-17-02   >>>>   End verify ranking function

verifying time = 7.989 ms


Not Found Ranking Fcuntion

Conterexample is 

[1, 0, -26.102941176470587]

sampling time = 1.023 ms


       ########################################         

iteration 9 with 238 examples

2019-05-04-13-17-02   >>>>   Start train ranking function

2019-05-04-13-17-02   >>>>   End train ranking function

train_ranking_functioning time = 2.969 ms


2019-05-04-13-17-02   >>>>   Start verify ranking function

[xr_1 = 0, xr_2 = -9676/257, xr_0 = 1]
ranking function : 0.9362 *  x[0]^1.0 - 0.0775 *  x[1]^1.0 - 0.1807 *  x[2]^1.0 + 1.2947 * 1

2019-05-04-13-17-02   >>>>   End verify ranking function

verifying time = 7.787 ms


Not Found Ranking Fcuntion

Conterexample is 

[1, 0, -37.64980544747082]

sampling time = 1.056 ms


       ########################################         

iteration 10 with 240 examples

2019-05-04-13-17-02   >>>>   Start train ranking function

2019-05-04-13-17-02   >>>>   End train ranking function

train_ranking_functioning time = 3.149 ms


2019-05-04-13-17-02   >>>>   Start verify ranking function

[xr_1 = 0, xr_2 = -9661/186, xr_0 = 1]
ranking function : 0.9332 *  x[0]^1.0 - 0.0807 *  x[1]^1.0 - 0.18 *  x[2]^1.0 + 1.31 * 1

2019-05-04-13-17-02   >>>>   End verify ranking function

verifying time = 7.803 ms


Not Found Ranking Fcuntion

Conterexample is 

[1, 0, -51.94086021505376]

sampling time = 1.034 ms


       ########################################         

iteration 11 with 242 examples

2019-05-04-13-17-02   >>>>   Start train ranking function

2019-05-04-13-17-02   >>>>   End train ranking function

train_ranking_functioning time = 3.271 ms


2019-05-04-13-17-02   >>>>   Start verify ranking function

[xr_1 = 19309/619, xr_2 = 0, xr_0 = 1]
ranking function : 0.9319 *  x[0]^1.0 - 0.0828 *  x[1]^1.0 - 0.1761 *  x[2]^1.0 + 1.365 * 1

2019-05-04-13-17-02   >>>>   End verify ranking function

verifying time = 7.847 ms


Not Found Ranking Fcuntion

Conterexample is 

[1, 31.193861066235865, 0]

sampling time = 1.164 ms


       ########################################         

iteration 12 with 244 examples

2019-05-04-13-17-02   >>>>   Start train ranking function

2019-05-04-13-17-02   >>>>   End train ranking function

train_ranking_functioning time = 3.190 ms


2019-05-04-13-17-02   >>>>   Start verify ranking function

[xr_1 = 9559/291, xr_2 = 0, xr_0 = 1]
ranking function : 0.9128 *  x[0]^1.0 - 0.0823 *  x[1]^1.0 - 0.1725 *  x[2]^1.0 + 1.9533 * 1

2019-05-04-13-17-02   >>>>   End verify ranking function

verifying time = 7.722 ms


Not Found Ranking Fcuntion

Conterexample is 

[1, 32.84879725085911, 0]

sampling time = 1.202 ms


       ########################################         

iteration 13 with 246 examples

2019-05-04-13-17-02   >>>>   Start train ranking function

2019-05-04-13-17-02   >>>>   End train ranking function

train_ranking_functioning time = 3.298 ms


2019-05-04-13-17-02   >>>>   Start verify ranking function

[xr_1 = 0, xr_2 = -4755/82, xr_0 = 1]
ranking function : 0.903 *  x[0]^1.0 - 0.0812 *  x[1]^1.0 - 0.1788 *  x[2]^1.0 + 2.1935 * 1

2019-05-04-13-17-02   >>>>   End verify ranking function

verifying time = 8.726 ms


Not Found Ranking Fcuntion

Conterexample is 

[1, 0, -57.98780487804878]

sampling time = 1.123 ms


       ########################################         

iteration 14 with 248 examples

2019-05-04-13-17-02   >>>>   Start train ranking function

2019-05-04-13-17-02   >>>>   End train ranking function

train_ranking_functioning time = 3.777 ms


2019-05-04-13-17-02   >>>>   Start verify ranking function

[xr_1 = 0, xr_2 = -1739/28, xr_0 = 1]
ranking function : 0.9139 *  x[0]^1.0 - 0.0818 *  x[1]^1.0 - 0.179 *  x[2]^1.0 + 2.2797 * 1

2019-05-04-13-17-03   >>>>   End verify ranking function

verifying time = 8.783 ms


Not Found Ranking Fcuntion

Conterexample is 

[1, 0, -62.107142857142854]

sampling time = 1.180 ms


       ########################################         

iteration 15 with 250 examples

2019-05-04-13-17-03   >>>>   Start train ranking function

2019-05-04-13-17-03   >>>>   End train ranking function

train_ranking_functioning time = 3.735 ms


2019-05-04-13-17-03   >>>>   Start verify ranking function

[xr_1 = 0, xr_2 = -9491/92, xr_0 = 1]
ranking function : 0.8992 *  x[0]^1.0 - 0.0832 *  x[1]^1.0 - 0.1756 *  x[2]^1.0 + 2.2904 * 1

2019-05-04-13-17-03   >>>>   End verify ranking function

verifying time = 8.961 ms


Not Found Ranking Fcuntion

Conterexample is 

[1, 0, -103.16304347826087]

sampling time = 1.025 ms


       ########################################         

iteration 16 with 252 examples

2019-05-04-13-17-03   >>>>   Start train ranking function

2019-05-04-13-17-03   >>>>   End train ranking function

train_ranking_functioning time = 3.624 ms


2019-05-04-13-17-03   >>>>   Start verify ranking function

[xr_1 = 0, xr_2 = -18971/258, xr_0 = 1]
ranking function : 0.8981 *  x[0]^1.0 - 0.0819 *  x[1]^1.0 - 0.1767 *  x[2]^1.0 + 2.3025 * 1

2019-05-04-13-17-03   >>>>   End verify ranking function

verifying time = 7.880 ms


Not Found Ranking Fcuntion

Conterexample is 

[1, 0, -73.53100775193798]

sampling time = 1.034 ms


       ########################################         

iteration 17 with 254 examples

2019-05-04-13-17-03   >>>>   Start train ranking function

2019-05-04-13-17-03   >>>>   End train ranking function

train_ranking_functioning time = 3.836 ms


2019-05-04-13-17-03   >>>>   Start verify ranking function

[xr_1 = 0, xr_2 = -19011/142, xr_0 = 1]
ranking function : 0.9021 *  x[0]^1.0 - 0.084 *  x[1]^1.0 - 0.1751 *  x[2]^1.0 + 2.3177 * 1

2019-05-04-13-17-03   >>>>   End verify ranking function

verifying time = 7.885 ms


Not Found Ranking Fcuntion

Conterexample is 

[1, 0, -133.88028169014083]

sampling time = 1.053 ms


       ########################################         

iteration 18 with 256 examples

2019-05-04-13-17-03   >>>>   Start train ranking function

2019-05-04-13-17-03   >>>>   End train ranking function

train_ranking_functioning time = 3.757 ms


2019-05-04-13-17-03   >>>>   Start verify ranking function

[xr_1 = 0, xr_2 = -1459/52, xr_0 = 1]
ranking function : 0.8977 *  x[0]^1.0 - 0.0637 *  x[1]^1.0 - 0.1612 *  x[2]^1.0 + 2.3131 * 1

2019-05-04-13-17-03   >>>>   End verify ranking function

verifying time = 7.890 ms


Not Found Ranking Fcuntion

Conterexample is 

[1, 0, -28.057692307692307]

sampling time = 1.027 ms


       ########################################         

iteration 19 with 258 examples

2019-05-04-13-17-03   >>>>   Start train ranking function

2019-05-04-13-17-03   >>>>   End train ranking function

train_ranking_functioning time = 3.912 ms


2019-05-04-13-17-03   >>>>   Start verify ranking function

[xr_1 = 9539/131, xr_2 = 0, xr_0 = 1]
ranking function : 0.9088 *  x[0]^1.0 - 0.0867 *  x[1]^1.0 - 0.1773 *  x[2]^1.0 + 2.344 * 1

2019-05-04-13-17-03   >>>>   End verify ranking function

verifying time = 7.837 ms


Not Found Ranking Fcuntion

Conterexample is 

[1, 72.81679389312977, 0]

sampling time = 1.019 ms


       ########################################         

iteration 20 with 260 examples

2019-05-04-13-17-03   >>>>   Start train ranking function

2019-05-04-13-17-03   >>>>   End train ranking function

train_ranking_functioning time = 3.944 ms


2019-05-04-13-17-03   >>>>   Start verify ranking function

[xr_1 = 9403/113, xr_2 = 0, xr_0 = 1]
ranking function : 0.8816 *  x[0]^1.0 - 0.0803 *  x[1]^1.0 - 0.1746 *  x[2]^1.0 + 2.5521 * 1

2019-05-04-13-17-03   >>>>   End verify ranking function

verifying time = 7.807 ms


Not Found Ranking Fcuntion

Conterexample is 

[1, 83.21238938053098, 0]

sampling time = 1.057 ms


       ########################################         

iteration 21 with 262 examples

2019-05-04-13-17-03   >>>>   Start train ranking function

2019-05-04-13-17-03   >>>>   End train ranking function

train_ranking_functioning time = 3.955 ms


2019-05-04-13-17-03   >>>>   Start verify ranking function

[xr_1 = 0, xr_2 = 18533/6, xr_0 = 1]
ranking function : 0.8543 *  x[0]^1.0 - 0.0822 *  x[1]^1.0 - 0.1641 *  x[2]^1.0 + 2.6959 * 1

2019-05-04-13-17-03   >>>>   End verify ranking function

verifying time = 7.873 ms


Not Found Ranking Fcuntion

Conterexample is 

[1, 0, 3088.8333333333335]

sampling time = 1.024 ms


       ########################################         

iteration 22 with 264 examples

2019-05-04-13-17-03   >>>>   Start train ranking function

2019-05-04-13-17-03   >>>>   End train ranking function

train_ranking_functioning time = 5.317 ms


2019-05-04-13-17-03   >>>>   Start verify ranking function

[xr_1 = 0, xr_2 = 8846, xr_0 = 1]
ranking function : 0.7702 *  x[0]^1.0 - 0.0655 *  x[1]^1.0 - 0.1309 *  x[2]^1.0 + 2.4346 * 1

2019-05-04-13-17-03   >>>>   End verify ranking function

verifying time = 7.867 ms


Not Found Ranking Fcuntion

Conterexample is 

[1, 0, 8846]

sampling time = 1.055 ms


       ########################################         

iteration 23 with 266 examples

2019-05-04-13-17-03   >>>>   Start train ranking function

2019-05-04-13-17-03   >>>>   End train ranking function

train_ranking_functioning time = 5.719 ms


2019-05-04-13-17-03   >>>>   Start verify ranking function

[xr_1 = 0, xr_2 = -16715/1178, xr_0 = 1]
ranking function : 0.6725 *  x[0]^1.0 - 0.0114 *  x[1]^1.0 - 0.0817 *  x[2]^1.0 + 2.1983 * 1

2019-05-04-13-17-03   >>>>   End verify ranking function

verifying time = 7.901 ms


Not Found Ranking Fcuntion

Conterexample is 

[1, 0, -14.1893039049236]

sampling time = 1.022 ms


       ########################################         

iteration 24 with 268 examples

2019-05-04-13-17-03   >>>>   Start train ranking function

2019-05-04-13-17-03   >>>>   End train ranking function

train_ranking_functioning time = 5.535 ms


2019-05-04-13-17-03   >>>>   Start verify ranking function

[xr_1 = 0, xr_2 = -1509/10, xr_0 = 1]
ranking function : 0.6609 *  x[0]^1.0 - 0.0498 *  x[1]^1.0 - 0.1051 *  x[2]^1.0 + 2.2108 * 1

2019-05-04-13-17-03   >>>>   End verify ranking function

verifying time = 7.843 ms


Not Found Ranking Fcuntion

Conterexample is 

[1, 0, -150.9]

sampling time = 1.024 ms


Failed to prove it is terminated

UNKNOWN
Time For Template 0 Is--->-494.026000 ms

------Using Template 1 -----------
3 [3]
*****************************************************

2019-05-04-13-17-03   >>>>   End sampling point

sampling time = 100.563 ms,


       ########################################         

iteration 0 with 220 examples

2019-05-04-13-17-03   >>>>   Start train ranking function

2019-05-04-13-17-03   >>>>   End train ranking function

train_ranking_functioning time = 3.999 ms


2019-05-04-13-17-03   >>>>   Start verify ranking function

time out
ranking function : 0.7958 *  x[1]^-2.0 - 0.0578 *  x[0]^1.0 *  x[1]^1.0 *  x[2]^-0.5 + 0.0237 *  x[0]^2.0 *  x[1]^-3.0 *  x[2]^-1.0

2019-05-04-13-17-07   >>>>   End verify ranking function

verifying time = 3978.514 ms


UNKNOWN
Time For Template 1 Is--->-4089.936000 ms

------Using Template 2 -----------
12 [4, 4, 4]
*****************************************************

2019-05-04-13-17-07   >>>>   End sampling point

sampling time = 326.599 ms,


       ########################################         

iteration 0 with 440 examples

2019-05-04-13-17-07   >>>>   Start train ranking function

2019-05-04-13-17-07   >>>>   End train ranking function

train_ranking_functioning time = 3.501 ms


2019-05-04-13-17-07   >>>>   Start verify ranking function

[xr_1 = 0, xr_2 = -9971/4, xr_0 = 1]
ranking function : 0.9952 *  x[0]^1.0 - 0.0994 *  x[1]^1.0 - 0.1992 *  x[2]^1.0 + 0.4441 * 1; 0.4528 *  x[0]^1.0 + 0.0037 *  x[1]^1.0 - 0.0959 *  x[2]^1.0 + 0.461 * 1; 0.4616 *  x[0]^1.0 - 0.0201 *  x[1]^1.0 - 0.0878 *  x[2]^1.0 + 0.9198 * 1

2019-05-04-13-17-07   >>>>   End verify ranking function

verifying time = 7.956 ms


Not Found Ranking Fcuntion

Conterexample is 

[1, 0, -2492.75]

sampling time = 2.924 ms


       ########################################         

iteration 1 with 444 examples

2019-05-04-13-17-07   >>>>   Start train ranking function

2019-05-04-13-17-07   >>>>   End train ranking function

train_ranking_functioning time = 5.734 ms


2019-05-04-13-17-07   >>>>   Start verify ranking function

[xr_1 = 0, xr_2 = -9971, xr_0 = 1]
ranking function : 0.9952 *  x[0]^1.0 - 0.0995 *  x[1]^1.0 - 0.1991 *  x[2]^1.0 + 0.444 * 1; 0.453 *  x[0]^1.0 + 0.0024 *  x[1]^1.0 - 0.095 *  x[2]^1.0 + 0.4612 * 1; 0.4615 *  x[0]^1.0 - 0.0204 *  x[1]^1.0 - 0.088 *  x[2]^1.0 + 0.92 * 1

2019-05-04-13-17-07   >>>>   End verify ranking function

verifying time = 8.056 ms


Not Found Ranking Fcuntion

Conterexample is 

[1, 0, -9971]

sampling time = 2.945 ms


       ########################################         

iteration 2 with 448 examples

2019-05-04-13-17-07   >>>>   Start train ranking function

2019-05-04-13-17-07   >>>>   End train ranking function

train_ranking_functioning time = 5.706 ms


2019-05-04-13-17-07   >>>>   Start verify ranking function

[xr_1 = 0, xr_2 = -9971/2, xr_0 = 1]
ranking function : 0.9952 *  x[0]^1.0 - 0.0995 *  x[1]^1.0 - 0.1992 *  x[2]^1.0 + 0.444 * 1; 0.453 *  x[0]^1.0 + 0.0024 *  x[1]^1.0 - 0.095 *  x[2]^1.0 + 0.4612 * 1; 0.4615 *  x[0]^1.0 - 0.0204 *  x[1]^1.0 - 0.088 *  x[2]^1.0 + 0.92 * 1

2019-05-04-13-17-07   >>>>   End verify ranking function

verifying time = 7.966 ms


Not Found Ranking Fcuntion

Conterexample is 

[1, 0, -4985.5]

sampling time = 2.948 ms


       ########################################         

iteration 3 with 452 examples

2019-05-04-13-17-07   >>>>   Start train ranking function

2019-05-04-13-17-07   >>>>   End train ranking function

train_ranking_functioning time = 5.913 ms


2019-05-04-13-17-07   >>>>   Start verify ranking function

[xr_1 = 0, xr_2 = -19943/2, xr_0 = 1]
ranking function : 0.9953 *  x[0]^1.0 - 0.0995 *  x[1]^1.0 - 0.1991 *  x[2]^1.0 + 0.444 * 1; 0.453 *  x[0]^1.0 + 0.0023 *  x[1]^1.0 - 0.0949 *  x[2]^1.0 + 0.4612 * 1; 0.4615 *  x[0]^1.0 - 0.0204 *  x[1]^1.0 - 0.088 *  x[2]^1.0 + 0.92 * 1

2019-05-04-13-17-07   >>>>   End verify ranking function

verifying time = 7.996 ms


Not Found Ranking Fcuntion

Conterexample is 

[1, 0, -9971.5]

sampling time = 2.921 ms


       ########################################         

iteration 4 with 456 examples

2019-05-04-13-17-07   >>>>   Start train ranking function

2019-05-04-13-17-07   >>>>   End train ranking function

train_ranking_functioning time = 8.091 ms


2019-05-04-13-17-07   >>>>   Start verify ranking function

[xr_1 = -19943, xr_2 = 0, xr_0 = 1]
ranking function : 0.9953 *  x[0]^1.0 - 0.0995 *  x[1]^1.0 - 0.1991 *  x[2]^1.0 + 0.444 * 1; 0.453 *  x[0]^1.0 + 0.0023 *  x[1]^1.0 - 0.0949 *  x[2]^1.0 + 0.4612 * 1; 0.4615 *  x[0]^1.0 - 0.0204 *  x[1]^1.0 - 0.088 *  x[2]^1.0 + 0.92 * 1

2019-05-04-13-17-07   >>>>   End verify ranking function

verifying time = 7.859 ms


Not Found Ranking Fcuntion

Conterexample is 

[1, -19943, 0]

sampling time = 2.910 ms


       ########################################         

iteration 5 with 460 examples

2019-05-04-13-17-07   >>>>   Start train ranking function

2019-05-04-13-17-07   >>>>   End train ranking function

train_ranking_functioning time = 8.721 ms


2019-05-04-13-17-07   >>>>   Start verify ranking function

[xr_1 = -19943, xr_2 = 0, xr_0 = 1]
ranking function : 0.9953 *  x[0]^1.0 - 0.0995 *  x[1]^1.0 - 0.1991 *  x[2]^1.0 + 0.444 * 1; 0.453 *  x[0]^1.0 + 0.0023 *  x[1]^1.0 - 0.0949 *  x[2]^1.0 + 0.4612 * 1; 0.4615 *  x[0]^1.0 - 0.0204 *  x[1]^1.0 - 0.088 *  x[2]^1.0 + 0.92 * 1

2019-05-04-13-17-07   >>>>   End verify ranking function

verifying time = 7.911 ms


Not Found Ranking Fcuntion

Conterexample is 

[1, -19943, 0]

sampling time = 2.934 ms


       ########################################         

iteration 6 with 464 examples

2019-05-04-13-17-07   >>>>   Start train ranking function

2019-05-04-13-17-07   >>>>   End train ranking function

train_ranking_functioning time = 6.707 ms


2019-05-04-13-17-07   >>>>   Start verify ranking function

[xr_1 = -19943, xr_2 = 0, xr_0 = 1]
ranking function : 0.9953 *  x[0]^1.0 - 0.0995 *  x[1]^1.0 - 0.1991 *  x[2]^1.0 + 0.444 * 1; 0.453 *  x[0]^1.0 + 0.0023 *  x[1]^1.0 - 0.0949 *  x[2]^1.0 + 0.4612 * 1; 0.4615 *  x[0]^1.0 - 0.0204 *  x[1]^1.0 - 0.088 *  x[2]^1.0 + 0.92 * 1

2019-05-04-13-17-07   >>>>   End verify ranking function

verifying time = 7.936 ms


Not Found Ranking Fcuntion

Conterexample is 

[1, -19943, 0]

sampling time = 2.960 ms


       ########################################         

iteration 7 with 468 examples

2019-05-04-13-17-07   >>>>   Start train ranking function

2019-05-04-13-17-07   >>>>   End train ranking function

train_ranking_functioning time = 6.736 ms


2019-05-04-13-17-07   >>>>   Start verify ranking function

[xr_1 = 0, xr_2 = -19943/2, xr_0 = 1]
ranking function : 0.9953 *  x[0]^1.0 - 0.0995 *  x[1]^1.0 - 0.1991 *  x[2]^1.0 + 0.444 * 1; 0.453 *  x[0]^1.0 + 0.0023 *  x[1]^1.0 - 0.0949 *  x[2]^1.0 + 0.4612 * 1; 0.4615 *  x[0]^1.0 - 0.0204 *  x[1]^1.0 - 0.088 *  x[2]^1.0 + 0.92 * 1

2019-05-04-13-17-07   >>>>   End verify ranking function

verifying time = 7.902 ms


Not Found Ranking Fcuntion

Conterexample is 

[1, 0, -9971.5]

sampling time = 3.054 ms


       ########################################         

iteration 8 with 472 examples

2019-05-04-13-17-07   >>>>   Start train ranking function

5
2019-05-04-13-17-07   >>>>   End train ranking function

train_ranking_functioning time = 7.450 ms


2019-05-04-13-17-07   >>>>   Start verify ranking function

[xr_1 = 0, xr_2 = -19943/2, xr_0 = 1]
ranking function : 0.9953 *  x[0]^1.0 - 0.0995 *  x[1]^1.0 - 0.1991 *  x[2]^1.0 + 0.444 * 1; 0.453 *  x[0]^1.0 + 0.0023 *  x[1]^1.0 - 0.0949 *  x[2]^1.0 + 0.4612 * 1; 0.4615 *  x[0]^1.0 - 0.0204 *  x[1]^1.0 - 0.088 *  x[2]^1.0 + 0.92 * 1

2019-05-04-13-17-07   >>>>   End verify ranking function

verifying time = 7.909 ms


Not Found Ranking Fcuntion

Conterexample is 

[1, 0, -9971.5]

sampling time = 2.909 ms


       ########################################         

iteration 9 with 476 examples

2019-05-04-13-17-07   >>>>   Start train ranking function

2019-05-04-13-17-07   >>>>   End train ranking function

train_ranking_functioning time = 7.457 ms


2019-05-04-13-17-07   >>>>   Start verify ranking function

[xr_1 = 2899/200, xr_0 = 1]
ranking function : 1.0 *  x[0]^1.0 - 0.1 *  x[1]^1.0 - 0.2 *  x[2]^1.0 + 0.4 * 1; 0.5 *  x[0]^1.0 - 0.1 *  x[2]^1.0 + 0.5 * 1; 0.5 *  x[0]^1.0 - 0.1 *  x[2]^1.0 + 0.9 * 1

2019-05-04-13-17-07   >>>>   End verify ranking function

verifying time = 11.173 ms


Not Found Ranking Fcuntion

Conterexample is 

[1, 14.495, 0]

sampling time = 2.930 ms


       ########################################         

iteration 10 with 480 examples

2019-05-04-13-17-07   >>>>   Start train ranking function

2019-05-04-13-17-07   >>>>   End train ranking function

train_ranking_functioning time = 8.475 ms


2019-05-04-13-17-07   >>>>   Start verify ranking function

[xr_1 = 2899/100, xr_0 = 1]
ranking function : 1.0 *  x[0]^1.0 - 0.1 *  x[1]^1.0 - 0.2 *  x[2]^1.0 + 0.5 * 1; 0.4 *  x[0]^1.0 - 0.1 *  x[2]^1.0 + 0.4 * 1; 0.4 *  x[0]^1.0 - 0.1 *  x[2]^1.0 + 0.9 * 1

2019-05-04-13-17-07   >>>>   End verify ranking function

verifying time = 12.260 ms


Not Found Ranking Fcuntion

Conterexample is 

[1, 28.99, 0]

sampling time = 2.989 ms


       ########################################         

iteration 11 with 484 examples

2019-05-04-13-17-07   >>>>   Start train ranking function

2019-05-04-13-17-07   >>>>   End train ranking function

train_ranking_functioning time = 7.275 ms


2019-05-04-13-17-07   >>>>   Start verify ranking function

[xr_1 = 2899/200, xr_0 = 1]
ranking function : 1.0 *  x[0]^1.0 - 0.1 *  x[1]^1.0 - 0.2 *  x[2]^1.0 + 0.4 * 1; 0.5 *  x[0]^1.0 - 0.1 *  x[2]^1.0 + 0.5 * 1; 0.4 *  x[0]^1.0 - 0.1 *  x[2]^1.0 + 0.9 * 1

2019-05-04-13-17-07   >>>>   End verify ranking function

verifying time = 11.555 ms


Not Found Ranking Fcuntion

Conterexample is 

[1, 14.495, 0]

sampling time = 3.041 ms


       ########################################         

iteration 12 with 488 examples

2019-05-04-13-17-07   >>>>   Start train ranking function

2019-05-04-13-17-07   >>>>   End train ranking function

train_ranking_functioning time = 7.414 ms


2019-05-04-13-17-07   >>>>   Start verify ranking function

[xr_1 = 2899/200, xr_0 = 1]
ranking function : 1.0 *  x[0]^1.0 - 0.1 *  x[1]^1.0 - 0.2 *  x[2]^1.0 + 0.4 * 1; 0.5 *  x[0]^1.0 - 0.1 *  x[2]^1.0 + 0.5 * 1; 0.4 *  x[0]^1.0 - 0.1 *  x[2]^1.0 + 0.9 * 1

2019-05-04-13-17-07   >>>>   End verify ranking function

verifying time = 11.389 ms


Not Found Ranking Fcuntion

Conterexample is 

[1, 14.495, 0]

sampling time = 2.947 ms


       ########################################         

iteration 13 with 492 examples

2019-05-04-13-17-07   >>>>   Start train ranking function

2019-05-04-13-17-07   >>>>   End train ranking function

train_ranking_functioning time = 7.126 ms


2019-05-04-13-17-07   >>>>   Start verify ranking function

[xr_1 = 2899/200, xr_0 = 1]
ranking function : 1.0 *  x[0]^1.0 - 0.1 *  x[1]^1.0 - 0.2 *  x[2]^1.0 + 0.4 * 1; 0.5 *  x[0]^1.0 - 0.1 *  x[2]^1.0 + 0.5 * 1; 0.4 *  x[0]^1.0 - 0.1 *  x[2]^1.0 + 0.9 * 1

2019-05-04-13-17-07   >>>>   End verify ranking function

verifying time = 11.253 ms


Not Found Ranking Fcuntion

Conterexample is 

[1, 14.495, 0]

sampling time = 2.913 ms


       ########################################         

iteration 14 with 496 examples

2019-05-04-13-17-07   >>>>   Start train ranking function

2019-05-04-13-17-07   >>>>   End train ranking function

train_ranking_functioning time = 7.789 ms


2019-05-04-13-17-07   >>>>   Start verify ranking function

[xr_1 = 2899/200, xr_0 = 1]
ranking function : 1.0 *  x[0]^1.0 - 0.1 *  x[1]^1.0 - 0.2 *  x[2]^1.0 + 0.4 * 1; 0.5 *  x[0]^1.0 - 0.1 *  x[2]^1.0 + 0.5 * 1; 0.4 *  x[0]^1.0 - 0.1 *  x[2]^1.0 + 0.9 * 1

2019-05-04-13-17-07   >>>>   End verify ranking function

verifying time = 11.203 ms


Not Found Ranking Fcuntion

Conterexample is 

[1, 14.495, 0]

sampling time = 2.913 ms


       ########################################         

iteration 15 with 500 examples

2019-05-04-13-17-07   >>>>   Start train ranking function

2019-05-04-13-17-07   >>>>   End train ranking function

train_ranking_functioning time = 8.862 ms


2019-05-04-13-17-07   >>>>   Start verify ranking function

[xr_1 = 2899/200, xr_0 = 1]
ranking function : 1.0 *  x[0]^1.0 - 0.1 *  x[1]^1.0 - 0.2 *  x[2]^1.0 + 0.4 * 1; 0.5 *  x[0]^1.0 - 0.1 *  x[2]^1.0 + 0.5 * 1; 0.4 *  x[0]^1.0 - 0.1 *  x[2]^1.0 + 0.9 * 1

2019-05-04-13-17-07   >>>>   End verify ranking function

verifying time = 11.152 ms


Not Found Ranking Fcuntion

Conterexample is 

[1, 14.495, 0]

sampling time = 3.040 ms


       ########################################         

iteration 16 with 504 examples

2019-05-04-13-17-07   >>>>   Start train ranking function

5
2019-05-04-13-17-07   >>>>   End train ranking function

train_ranking_functioning time = 7.693 ms


2019-05-04-13-17-07   >>>>   Start verify ranking function

[xr_1 = 2899/200, xr_0 = 1]
ranking function : 1.0 *  x[0]^1.0 - 0.1 *  x[1]^1.0 - 0.2 *  x[2]^1.0 + 0.4 * 1; 0.5 *  x[0]^1.0 - 0.1 *  x[2]^1.0 + 0.5 * 1; 0.4 *  x[0]^1.0 - 0.1 *  x[2]^1.0 + 0.9 * 1

2019-05-04-13-17-07   >>>>   End verify ranking function

verifying time = 11.278 ms


Not Found Ranking Fcuntion

Conterexample is 

[1, 14.495, 0]

sampling time = 2.921 ms


       ########################################         

iteration 17 with 508 examples

2019-05-04-13-17-07   >>>>   Start train ranking function

2019-05-04-13-17-07   >>>>   End train ranking function

train_ranking_functioning time = 8.675 ms


2019-05-04-13-17-07   >>>>   Start verify ranking function

[xr_1 = 1999/1000, xr_0 = 1]
ranking function : 1.0 *  x[0]^1.0; ; 1.0 * 1

2019-05-04-13-17-07   >>>>   End verify ranking function

verifying time = 7.932 ms


Not Found Ranking Fcuntion

Conterexample is 

[1, 1.999, 0]

sampling time = 2.909 ms


       ########################################         

iteration 18 with 512 examples

2019-05-04-13-17-07   >>>>   Start train ranking function

2019-05-04-13-17-08   >>>>   End train ranking function

train_ranking_functioning time = 9.215 ms


2019-05-04-13-17-08   >>>>   Start verify ranking function

[xr_1 = 1999/1000, xr_0 = 1]
ranking function : 1.0 *  x[0]^1.0; ; 1.0 * 1

2019-05-04-13-17-08   >>>>   End verify ranking function

verifying time = 8.922 ms


Not Found Ranking Fcuntion

Conterexample is 

[1, 1.999, 0]

sampling time = 3.005 ms


       ########################################         

iteration 19 with 516 examples

2019-05-04-13-17-08   >>>>   Start train ranking function

2019-05-04-13-17-08   >>>>   End train ranking function

train_ranking_functioning time = 9.604 ms


2019-05-04-13-17-08   >>>>   Start verify ranking function

[xr_1 = 1999/1000, xr_0 = 1]
ranking function : 1.0 *  x[0]^1.0; ; 1.0 * 1

2019-05-04-13-17-08   >>>>   End verify ranking function

verifying time = 7.865 ms


Not Found Ranking Fcuntion

Conterexample is 

[1, 1.999, 0]

sampling time = 2.903 ms


       ########################################         

iteration 20 with 520 examples

2019-05-04-13-17-08   >>>>   Start train ranking function

2019-05-04-13-17-08   >>>>   End train ranking function

train_ranking_functioning time = 8.330 ms


2019-05-04-13-17-08   >>>>   Start verify ranking function

[xr_1 = 1999/1000, xr_0 = 1]
ranking function : 1.0 *  x[0]^1.0; ; 1.0 * 1

2019-05-04-13-17-08   >>>>   End verify ranking function

verifying time = 7.775 ms


Not Found Ranking Fcuntion

Conterexample is 

[1, 1.999, 0]

sampling time = 2.918 ms


       ########################################         

iteration 21 with 524 examples

2019-05-04-13-17-08   >>>>   Start train ranking function

2019-05-04-13-17-08   >>>>   End train ranking function

train_ranking_functioning time = 8.130 ms


2019-05-04-13-17-08   >>>>   Start verify ranking function

[xr_1 = 1999/1000, xr_0 = 1]
ranking function : 1.0 *  x[0]^1.0; ; 1.0 * 1

2019-05-04-13-17-08   >>>>   End verify ranking function

verifying time = 7.806 ms


Not Found Ranking Fcuntion

Conterexample is 

[1, 1.999, 0]

sampling time = 2.912 ms


       ########################################         

iteration 22 with 528 examples

2019-05-04-13-17-08   >>>>   Start train ranking function

5
the coefficient is convergent

Failed to prove it is terminated

UNKNOWN
Time For Template 2 Is--->-849.681000 ms

------Using Template 3 -----------
11 [5, 2, 4]
*****************************************************

2019-05-04-13-17-08   >>>>   End sampling point

sampling time = 346.512 ms,


       ########################################         

iteration 0 with 440 examples

2019-05-04-13-17-08   >>>>   Start train ranking function

2019-05-04-13-17-08   >>>>   End train ranking function

train_ranking_functioning time = 12.821 ms


2019-05-04-13-17-08   >>>>   Start verify ranking function

[xr_0 = 1, xr_1 = 1/8, xr_2 = -1/6]
ranking function : 0.1012 *  x[0]^2.0 *  x[1]^1.0 *  x[2]^-0.5 + 0.0105 *  x[0]^2.0 *  x[1]^-0.5 *  x[2]^-2.0 - 0.0338 *  x[0]^3.0 *  x[1]^2.0 + 1.2121 *  x[0]^1.0 *  x[2]^0.5 + 1.3365 *  x[1]^-0.5; 0.0128 *  x[0]^-2.0 *  x[1]^-0.5 *  x[2]^-2.0 + 0.0106 *  x[0]^2.0 *  x[1]^2.0 *  x[2]^-0.5;  - 0.0046 *  x[0]^1.0 *  x[1]^3.0 *  x[2]^1.0 + 0.2164 *  x[0]^3.0 *  x[1]^2.0 *  x[2]^-0.5 + 0.0175 *  x[0]^-2.0 *  x[2]^-1.0 - 0.0065 *  x[0]^-0.5 *  x[1]^3.0 *  x[2]^-0.5

2019-05-04-13-17-08   >>>>   End verify ranking function

verifying time = 310.385 ms


Not Found Ranking Fcuntion

Conterexample is 

[1, 0.125, -0.16666666666666666]

sampling time = 3.441 ms


       ########################################         

iteration 1 with 444 examples

2019-05-04-13-17-08   >>>>   Start train ranking function

2019-05-04-13-17-08   >>>>   End train ranking function

train_ranking_functioning time = 14.431 ms


2019-05-04-13-17-08   >>>>   Start verify ranking function

[xr_0 = 1, xr_1 = 1/8, xr_2 = -1/6]
ranking function : 0.1031 *  x[0]^2.0 *  x[1]^1.0 *  x[2]^-0.5 + 0.0206 *  x[0]^2.0 *  x[1]^-0.5 *  x[2]^-2.0 - 0.0241 *  x[0]^3.0 *  x[1]^2.0 + 1.2056 *  x[0]^1.0 *  x[2]^0.5 + 1.3262 *  x[1]^-0.5; 0.0206 *  x[0]^-2.0 *  x[1]^-0.5 *  x[2]^-2.0 + 0.0153 *  x[0]^2.0 *  x[1]^2.0 *  x[2]^-0.5; 0.0175 *  x[0]^1.0 *  x[1]^3.0 *  x[2]^1.0 + 0.2087 *  x[0]^3.0 *  x[1]^2.0 *  x[2]^-0.5 - 0.0253 *  x[0]^-2.0 *  x[2]^-1.0 - 0.0088 *  x[0]^-0.5 *  x[1]^3.0 *  x[2]^-0.5

2019-05-04-13-17-08   >>>>   End verify ranking function

verifying time = 33.624 ms


Not Found Ranking Fcuntion

Conterexample is 

[1, 0.125, -0.16666666666666666]

sampling time = 3.149 ms


       ########################################         

iteration 2 with 448 examples

2019-05-04-13-17-08   >>>>   Start train ranking function

2019-05-04-13-17-08   >>>>   End train ranking function

train_ranking_functioning time = 13.041 ms


2019-05-04-13-17-08   >>>>   Start verify ranking function

[xr_0 = 1, xr_1 = 1/8, xr_2 = -1/6]
ranking function : 0.1127 *  x[0]^2.0 *  x[1]^1.0 *  x[2]^-0.5 + 0.0323 *  x[0]^2.0 *  x[1]^-0.5 *  x[2]^-2.0 - 0.0365 *  x[0]^3.0 *  x[1]^2.0 + 1.2039 *  x[0]^1.0 *  x[2]^0.5 + 1.3517 *  x[1]^-0.5; 0.0348 *  x[0]^-2.0 *  x[1]^-0.5 *  x[2]^-2.0 + 0.0212 *  x[0]^2.0 *  x[1]^2.0 *  x[2]^-0.5;  - 0.0172 *  x[0]^1.0 *  x[1]^3.0 *  x[2]^1.0 + 0.2184 *  x[0]^3.0 *  x[1]^2.0 *  x[2]^-0.5 - 0.0056 *  x[0]^-2.0 *  x[2]^-1.0 - 0.003 *  x[0]^-0.5 *  x[1]^3.0 *  x[2]^-0.5

2019-05-04-13-17-08   >>>>   End verify ranking function

verifying time = 29.189 ms


Not Found Ranking Fcuntion

Conterexample is 

[1, 0.125, -0.16666666666666666]

sampling time = 3.176 ms


       ########################################         

iteration 3 with 452 examples

2019-05-04-13-17-08   >>>>   Start train ranking function

2019-05-04-13-17-08   >>>>   End train ranking function

train_ranking_functioning time = 13.162 ms


2019-05-04-13-17-08   >>>>   Start verify ranking function

[xr_0 = 1, xr_1 = 1/8, xr_2 = -1/6]
ranking function : 0.1003 *  x[0]^2.0 *  x[1]^1.0 *  x[2]^-0.5 + 0.0266 *  x[0]^2.0 *  x[1]^-0.5 *  x[2]^-2.0 - 0.0364 *  x[0]^3.0 *  x[1]^2.0 + 1.2139 *  x[0]^1.0 *  x[2]^0.5 + 1.3398 *  x[1]^-0.5; 0.0281 *  x[0]^-2.0 *  x[1]^-0.5 *  x[2]^-2.0 + 0.0111 *  x[0]^2.0 *  x[1]^2.0 *  x[2]^-0.5; 0.0179 *  x[0]^1.0 *  x[1]^3.0 *  x[2]^1.0 + 0.2138 *  x[0]^3.0 *  x[1]^2.0 *  x[2]^-0.5 - 0.0029 *  x[0]^-2.0 *  x[2]^-1.0 - 0.01 *  x[0]^-0.5 *  x[1]^3.0 *  x[2]^-0.5

2019-05-04-13-17-08   >>>>   End verify ranking function

verifying time = 27.919 ms


Not Found Ranking Fcuntion

Conterexample is 

[1, 0.125, -0.16666666666666666]

sampling time = 3.131 ms


       ########################################         

iteration 4 with 456 examples

2019-05-04-13-17-08   >>>>   Start train ranking function

2019-05-04-13-17-08   >>>>   End train ranking function

train_ranking_functioning time = 13.055 ms


2019-05-04-13-17-08   >>>>   Start verify ranking function

[xr_0 = 1, xr_1 = 1/8, xr_2 = -1/6]
ranking function : 0.1039 *  x[0]^2.0 *  x[1]^1.0 *  x[2]^-0.5 + 0.0241 *  x[0]^2.0 *  x[1]^-0.5 *  x[2]^-2.0 - 0.0148 *  x[0]^3.0 *  x[1]^2.0 + 1.2143 *  x[0]^1.0 *  x[2]^0.5 + 1.35 *  x[1]^-0.5; 0.0109 *  x[0]^-2.0 *  x[1]^-0.5 *  x[2]^-2.0 + 0.0009 *  x[0]^2.0 *  x[1]^2.0 *  x[2]^-0.5; 0.0143 *  x[0]^1.0 *  x[1]^3.0 *  x[2]^1.0 + 0.2149 *  x[0]^3.0 *  x[1]^2.0 *  x[2]^-0.5 - 0.0033 *  x[0]^-2.0 *  x[2]^-1.0 - 0.02 *  x[0]^-0.5 *  x[1]^3.0 *  x[2]^-0.5

2019-05-04-13-17-09   >>>>   End verify ranking function

verifying time = 66.078 ms


Not Found Ranking Fcuntion

Conterexample is 

[1, 0.125, -0.16666666666666666]

sampling time = 3.208 ms


       ########################################         

iteration 5 with 460 examples

2019-05-04-13-17-09   >>>>   Start train ranking function

2019-05-04-13-17-09   >>>>   End train ranking function

train_ranking_functioning time = 13.263 ms


2019-05-04-13-17-09   >>>>   Start verify ranking function

[xr_0 = 1, xr_1 = 1/8, xr_2 = -1/6]
ranking function : 0.103 *  x[0]^2.0 *  x[1]^1.0 *  x[2]^-0.5 + 0.0213 *  x[0]^2.0 *  x[1]^-0.5 *  x[2]^-2.0 - 0.0224 *  x[0]^3.0 *  x[1]^2.0 + 1.2019 *  x[0]^1.0 *  x[2]^0.5 + 1.3457 *  x[1]^-0.5; 0.0419 *  x[0]^-2.0 *  x[1]^-0.5 *  x[2]^-2.0 + 0.004 *  x[0]^2.0 *  x[1]^2.0 *  x[2]^-0.5; 0.0181 *  x[0]^1.0 *  x[1]^3.0 *  x[2]^1.0 + 0.2071 *  x[0]^3.0 *  x[1]^2.0 *  x[2]^-0.5 - 0.0017 *  x[0]^-2.0 *  x[2]^-1.0 - 0.0003 *  x[0]^-0.5 *  x[1]^3.0 *  x[2]^-0.5

2019-05-04-13-17-09   >>>>   End verify ranking function

verifying time = 52.639 ms


Not Found Ranking Fcuntion

Conterexample is 

[1, 0.125, -0.16666666666666666]

sampling time = 3.188 ms


       ########################################         

iteration 6 with 464 examples

2019-05-04-13-17-09   >>>>   Start train ranking function

2019-05-04-13-17-09   >>>>   End train ranking function

train_ranking_functioning time = 14.207 ms


2019-05-04-13-17-09   >>>>   Start verify ranking function

[xr_0 = 1, xr_1 = 1/8, xr_2 = -1/6]
ranking function : 0.1019 *  x[0]^2.0 *  x[1]^1.0 *  x[2]^-0.5 + 0.0201 *  x[0]^2.0 *  x[1]^-0.5 *  x[2]^-2.0 - 0.0349 *  x[0]^3.0 *  x[1]^2.0 + 1.2042 *  x[0]^1.0 *  x[2]^0.5 + 1.3523 *  x[1]^-0.5; 0.0288 *  x[0]^-2.0 *  x[1]^-0.5 *  x[2]^-2.0 + 0.0049 *  x[0]^2.0 *  x[1]^2.0 *  x[2]^-0.5;  - 0.0104 *  x[0]^1.0 *  x[1]^3.0 *  x[2]^1.0 + 0.2061 *  x[0]^3.0 *  x[1]^2.0 *  x[2]^-0.5 - 0.0034 *  x[0]^-2.0 *  x[2]^-1.0 - 0.0044 *  x[0]^-0.5 *  x[1]^3.0 *  x[2]^-0.5

2019-05-04-13-17-09   >>>>   End verify ranking function

verifying time = 32.138 ms


Not Found Ranking Fcuntion

Conterexample is 

[1, 0.125, -0.16666666666666666]

sampling time = 3.133 ms


       ########################################         

iteration 7 with 468 examples

2019-05-04-13-17-09   >>>>   Start train ranking function

2019-05-04-13-17-09   >>>>   End train ranking function

train_ranking_functioning time = 14.217 ms


2019-05-04-13-17-09   >>>>   Start verify ranking function

[xr_0 = 1, xr_1 = 1/8, xr_2 = -1/6]
ranking function : 0.102 *  x[0]^2.0 *  x[1]^1.0 *  x[2]^-0.5 + 0.0171 *  x[0]^2.0 *  x[1]^-0.5 *  x[2]^-2.0 - 0.0383 *  x[0]^3.0 *  x[1]^2.0 + 1.2156 *  x[0]^1.0 *  x[2]^0.5 + 1.3348 *  x[1]^-0.5; 0.0272 *  x[0]^-2.0 *  x[1]^-0.5 *  x[2]^-2.0 + 0.0124 *  x[0]^2.0 *  x[1]^2.0 *  x[2]^-0.5; 0.0144 *  x[0]^1.0 *  x[1]^3.0 *  x[2]^1.0 + 0.211 *  x[0]^3.0 *  x[1]^2.0 *  x[2]^-0.5 - 0.0105 *  x[0]^-2.0 *  x[2]^-1.0 - 0.0014 *  x[0]^-0.5 *  x[1]^3.0 *  x[2]^-0.5

2019-05-04-13-17-09   >>>>   End verify ranking function

verifying time = 28.797 ms


Not Found Ranking Fcuntion

Conterexample is 

[1, 0.125, -0.16666666666666666]

sampling time = 3.124 ms


       ########################################         

iteration 8 with 472 examples

2019-05-04-13-17-09   >>>>   Start train ranking function

2019-05-04-13-17-09   >>>>   End train ranking function

train_ranking_functioning time = 14.188 ms


2019-05-04-13-17-09   >>>>   Start verify ranking function

[xr_0 = 1, xr_1 = 1/8, xr_2 = -1/6]
ranking function : 0.1073 *  x[0]^2.0 *  x[1]^1.0 *  x[2]^-0.5 + 0.0176 *  x[0]^2.0 *  x[1]^-0.5 *  x[2]^-2.0 - 0.0341 *  x[0]^3.0 *  x[1]^2.0 + 1.2116 *  x[0]^1.0 *  x[2]^0.5 + 1.3491 *  x[1]^-0.5; 0.0291 *  x[0]^-2.0 *  x[1]^-0.5 *  x[2]^-2.0 + 0.0059 *  x[0]^2.0 *  x[1]^2.0 *  x[2]^-0.5;  - 0.0144 *  x[0]^1.0 *  x[1]^3.0 *  x[2]^1.0 + 0.2153 *  x[0]^3.0 *  x[1]^2.0 *  x[2]^-0.5 + 0.0012 *  x[0]^-2.0 *  x[2]^-1.0 - 0.0182 *  x[0]^-0.5 *  x[1]^3.0 *  x[2]^-0.5

2019-05-04-13-17-09   >>>>   End verify ranking function

verifying time = 31.880 ms


Not Found Ranking Fcuntion

Conterexample is 

[1, 0.125, -0.16666666666666666]

sampling time = 3.422 ms


       ########################################         

iteration 9 with 476 examples

2019-05-04-13-17-09   >>>>   Start train ranking function

2019-05-04-13-17-09   >>>>   End train ranking function

train_ranking_functioning time = 14.575 ms


2019-05-04-13-17-09   >>>>   Start verify ranking function

[xr_0 = 1, xr_1 = 1/8, xr_2 = -1/6]
ranking function : 0.1012 *  x[0]^2.0 *  x[1]^1.0 *  x[2]^-0.5 + 0.0235 *  x[0]^2.0 *  x[1]^-0.5 *  x[2]^-2.0 - 0.0205 *  x[0]^3.0 *  x[1]^2.0 + 1.2068 *  x[0]^1.0 *  x[2]^0.5 + 1.3475 *  x[1]^-0.5; 0.0018 *  x[0]^-2.0 *  x[1]^-0.5 *  x[2]^-2.0 + 0.0041 *  x[0]^2.0 *  x[1]^2.0 *  x[2]^-0.5;  - 0.0322 *  x[0]^1.0 *  x[1]^3.0 *  x[2]^1.0 + 0.2022 *  x[0]^3.0 *  x[1]^2.0 *  x[2]^-0.5 - 0.0124 *  x[0]^-2.0 *  x[2]^-1.0 - 0.0137 *  x[0]^-0.5 *  x[1]^3.0 *  x[2]^-0.5

2019-05-04-13-17-09   >>>>   End verify ranking function

verifying time = 69.653 ms


Not Found Ranking Fcuntion

Conterexample is 

[1, 0.125, -0.16666666666666666]

sampling time = 3.126 ms


       ########################################         

iteration 10 with 480 examples

2019-05-04-13-17-09   >>>>   Start train ranking function

2019-05-04-13-17-09   >>>>   End train ranking function

train_ranking_functioning time = 13.664 ms


2019-05-04-13-17-09   >>>>   Start verify ranking function

[xr_0 = 1, xr_1 = 1/8, xr_2 = -1/6]
ranking function : 0.1115 *  x[0]^2.0 *  x[1]^1.0 *  x[2]^-0.5 + 0.0219 *  x[0]^2.0 *  x[1]^-0.5 *  x[2]^-2.0 - 0.0325 *  x[0]^3.0 *  x[1]^2.0 + 1.207 *  x[0]^1.0 *  x[2]^0.5 + 1.3525 *  x[1]^-0.5; 0.0246 *  x[0]^-2.0 *  x[1]^-0.5 *  x[2]^-2.0 + 0.0102 *  x[0]^2.0 *  x[1]^2.0 *  x[2]^-0.5; 0.0015 *  x[0]^1.0 *  x[1]^3.0 *  x[2]^1.0 + 0.2118 *  x[0]^3.0 *  x[1]^2.0 *  x[2]^-0.5 - 0.0053 *  x[0]^-2.0 *  x[2]^-1.0 - 0.0107 *  x[0]^-0.5 *  x[1]^3.0 *  x[2]^-0.5

2019-05-04-13-17-09   >>>>   End verify ranking function

verifying time = 63.934 ms


Not Found Ranking Fcuntion

Conterexample is 

[1, 0.125, -0.16666666666666666]

sampling time = 3.135 ms


       ########################################         

iteration 11 with 484 examples

2019-05-04-13-17-09   >>>>   Start train ranking function

2019-05-04-13-17-09   >>>>   End train ranking function

train_ranking_functioning time = 14.097 ms


2019-05-04-13-17-09   >>>>   Start verify ranking function

[xr_0 = 1, xr_1 = 1/8, xr_2 = -1/6]
ranking function : 0.1029 *  x[0]^2.0 *  x[1]^1.0 *  x[2]^-0.5 + 0.0165 *  x[0]^2.0 *  x[1]^-0.5 *  x[2]^-2.0 - 0.0354 *  x[0]^3.0 *  x[1]^2.0 + 1.2141 *  x[0]^1.0 *  x[2]^0.5 + 1.3608 *  x[1]^-0.5; 0.0304 *  x[0]^-2.0 *  x[1]^-0.5 *  x[2]^-2.0 + 0.0074 *  x[0]^2.0 *  x[1]^2.0 *  x[2]^-0.5;  - 0.0124 *  x[0]^1.0 *  x[1]^3.0 *  x[2]^1.0 + 0.2165 *  x[0]^3.0 *  x[1]^2.0 *  x[2]^-0.5 - 0.0048 *  x[0]^-2.0 *  x[2]^-1.0 + 0.0181 *  x[0]^-0.5 *  x[1]^3.0 *  x[2]^-0.5

2019-05-04-13-17-09   >>>>   End verify ranking function

verifying time = 28.018 ms


Not Found Ranking Fcuntion

Conterexample is 

[1, 0.125, -0.16666666666666666]

sampling time = 3.140 ms


       ########################################         

iteration 12 with 488 examples

2019-05-04-13-17-09   >>>>   Start train ranking function

2019-05-04-13-17-09   >>>>   End train ranking function

train_ranking_functioning time = 14.048 ms


2019-05-04-13-17-09   >>>>   Start verify ranking function

[xr_0 = 1, xr_1 = 1/8, xr_2 = -1/6]
ranking function : 0.0995 *  x[0]^2.0 *  x[1]^1.0 *  x[2]^-0.5 + 0.0211 *  x[0]^2.0 *  x[1]^-0.5 *  x[2]^-2.0 - 0.0172 *  x[0]^3.0 *  x[1]^2.0 + 1.2174 *  x[0]^1.0 *  x[2]^0.5 + 1.3548 *  x[1]^-0.5; 0.0304 *  x[0]^-2.0 *  x[1]^-0.5 *  x[2]^-2.0 + 0.0002 *  x[0]^2.0 *  x[1]^2.0 *  x[2]^-0.5;  - 0.0292 *  x[0]^1.0 *  x[1]^3.0 *  x[2]^1.0 + 0.2066 *  x[0]^3.0 *  x[1]^2.0 *  x[2]^-0.5 + 0.0099 *  x[0]^-2.0 *  x[2]^-1.0 - 0.0031 *  x[0]^-0.5 *  x[1]^3.0 *  x[2]^-0.5

2019-05-04-13-17-09   >>>>   End verify ranking function

verifying time = 27.763 ms


Not Found Ranking Fcuntion

Conterexample is 

[1, 0.125, -0.16666666666666666]

sampling time = 3.110 ms


       ########################################         

iteration 13 with 492 examples

2019-05-04-13-17-09   >>>>   Start train ranking function

2019-05-04-13-17-09   >>>>   End train ranking function

train_ranking_functioning time = 14.459 ms


2019-05-04-13-17-09   >>>>   Start verify ranking function

[xr_0 = 1, xr_1 = 1/8, xr_2 = -1/6]
ranking function : 0.1091 *  x[0]^2.0 *  x[1]^1.0 *  x[2]^-0.5 + 0.0047 *  x[0]^2.0 *  x[1]^-0.5 *  x[2]^-2.0 - 0.0383 *  x[0]^3.0 *  x[1]^2.0 + 1.21 *  x[0]^1.0 *  x[2]^0.5 + 1.3683 *  x[1]^-0.5; 0.0256 *  x[0]^-2.0 *  x[1]^-0.5 *  x[2]^-2.0 + 0.0202 *  x[0]^2.0 *  x[1]^2.0 *  x[2]^-0.5;  - 0.0029 *  x[0]^1.0 *  x[1]^3.0 *  x[2]^1.0 + 0.2087 *  x[0]^3.0 *  x[1]^2.0 *  x[2]^-0.5 - 0.0119 *  x[0]^-2.0 *  x[2]^-1.0 - 0.0532 *  x[0]^-0.5 *  x[1]^3.0 *  x[2]^-0.5

2019-05-04-13-17-09   >>>>   End verify ranking function

verifying time = 29.012 ms


Not Found Ranking Fcuntion

Conterexample is 

[1, 0.125, -0.16666666666666666]

sampling time = 3.097 ms


       ########################################         

iteration 14 with 496 examples

2019-05-04-13-17-09   >>>>   Start train ranking function

2019-05-04-13-17-09   >>>>   End train ranking function

train_ranking_functioning time = 14.043 ms


2019-05-04-13-17-09   >>>>   Start verify ranking function

[xr_0 = 1, xr_1 = 1/8, xr_2 = -1/6]
ranking function : 0.1058 *  x[0]^2.0 *  x[1]^1.0 *  x[2]^-0.5 + 0.0218 *  x[0]^2.0 *  x[1]^-0.5 *  x[2]^-2.0 - 0.031 *  x[0]^3.0 *  x[1]^2.0 + 1.2113 *  x[0]^1.0 *  x[2]^0.5 + 1.3616 *  x[1]^-0.5; 0.0233 *  x[0]^-2.0 *  x[1]^-0.5 *  x[2]^-2.0 + 0.0111 *  x[0]^2.0 *  x[1]^2.0 *  x[2]^-0.5;  - 0.0024 *  x[0]^1.0 *  x[1]^3.0 *  x[2]^1.0 + 0.2101 *  x[0]^3.0 *  x[1]^2.0 *  x[2]^-0.5 - 0.0191 *  x[0]^-2.0 *  x[2]^-1.0 - 0.0222 *  x[0]^-0.5 *  x[1]^3.0 *  x[2]^-0.5

2019-05-04-13-17-09   >>>>   End verify ranking function

verifying time = 62.818 ms


Not Found Ranking Fcuntion

Conterexample is 

[1, 0.125, -0.16666666666666666]

sampling time = 3.121 ms


       ########################################         

iteration 15 with 500 examples

2019-05-04-13-17-09   >>>>   Start train ranking function

2019-05-04-13-17-09   >>>>   End train ranking function

train_ranking_functioning time = 15.040 ms


2019-05-04-13-17-09   >>>>   Start verify ranking function

[xr_0 = 1, xr_1 = 1/8, xr_2 = -1/6]
ranking function : 0.1053 *  x[0]^2.0 *  x[1]^1.0 *  x[2]^-0.5 + 0.019 *  x[0]^2.0 *  x[1]^-0.5 *  x[2]^-2.0 - 0.0253 *  x[0]^3.0 *  x[1]^2.0 + 1.211 *  x[0]^1.0 *  x[2]^0.5 + 1.3666 *  x[1]^-0.5; 0.0394 *  x[0]^-2.0 *  x[1]^-0.5 *  x[2]^-2.0 - 0.0002 *  x[0]^2.0 *  x[1]^2.0 *  x[2]^-0.5; 0.0072 *  x[0]^1.0 *  x[1]^3.0 *  x[2]^1.0 + 0.2166 *  x[0]^3.0 *  x[1]^2.0 *  x[2]^-0.5 + 0.0013 *  x[0]^-2.0 *  x[2]^-1.0 - 0.0257 *  x[0]^-0.5 *  x[1]^3.0 *  x[2]^-0.5

2019-05-04-13-17-09   >>>>   End verify ranking function

verifying time = 36.892 ms


Not Found Ranking Fcuntion

Conterexample is 

[1, 0.125, -0.16666666666666666]

sampling time = 3.241 ms


       ########################################         

iteration 16 with 504 examples

2019-05-04-13-17-09   >>>>   Start train ranking function

2019-05-04-13-17-09   >>>>   End train ranking function

train_ranking_functioning time = 14.469 ms


2019-05-04-13-17-09   >>>>   Start verify ranking function

[xr_0 = 1, xr_1 = 1/8, xr_2 = -1/6]
ranking function : 0.0997 *  x[0]^2.0 *  x[1]^1.0 *  x[2]^-0.5 + 0.0226 *  x[0]^2.0 *  x[1]^-0.5 *  x[2]^-2.0 - 0.0299 *  x[0]^3.0 *  x[1]^2.0 + 1.2119 *  x[0]^1.0 *  x[2]^0.5 + 1.3568 *  x[1]^-0.5; 0.027 *  x[0]^-2.0 *  x[1]^-0.5 *  x[2]^-2.0 + 0.0067 *  x[0]^2.0 *  x[1]^2.0 *  x[2]^-0.5;  - 0.006 *  x[0]^1.0 *  x[1]^3.0 *  x[2]^1.0 + 0.2076 *  x[0]^3.0 *  x[1]^2.0 *  x[2]^-0.5 - 0.0173 *  x[0]^-2.0 *  x[2]^-1.0 - 0.0035 *  x[0]^-0.5 *  x[1]^3.0 *  x[2]^-0.5

2019-05-04-13-17-09   >>>>   End verify ranking function

verifying time = 28.976 ms


Not Found Ranking Fcuntion

Conterexample is 

[1, 0.125, -0.16666666666666666]

sampling time = 3.421 ms


       ########################################         

iteration 17 with 508 examples

2019-05-04-13-17-09   >>>>   Start train ranking function

2019-05-04-13-17-09   >>>>   End train ranking function

train_ranking_functioning time = 15.660 ms


2019-05-04-13-17-09   >>>>   Start verify ranking function

[xr_0 = 1, xr_1 = 1/8, xr_2 = -1/6]
ranking function : 0.1081 *  x[0]^2.0 *  x[1]^1.0 *  x[2]^-0.5 + 0.0224 *  x[0]^2.0 *  x[1]^-0.5 *  x[2]^-2.0 - 0.0145 *  x[0]^3.0 *  x[1]^2.0 + 1.2097 *  x[0]^1.0 *  x[2]^0.5 + 1.3613 *  x[1]^-0.5; 0.0264 *  x[0]^-2.0 *  x[1]^-0.5 *  x[2]^-2.0 + 0.0043 *  x[0]^2.0 *  x[1]^2.0 *  x[2]^-0.5;  - 0.0188 *  x[0]^1.0 *  x[1]^3.0 *  x[2]^1.0 + 0.199 *  x[0]^3.0 *  x[1]^2.0 *  x[2]^-0.5 - 0.0097 *  x[0]^-2.0 *  x[2]^-1.0 - 0.05 *  x[0]^-0.5 *  x[1]^3.0 *  x[2]^-0.5

2019-05-04-13-17-09   >>>>   End verify ranking function

verifying time = 29.342 ms


Not Found Ranking Fcuntion

Conterexample is 

[1, 0.125, -0.16666666666666666]

sampling time = 3.139 ms


       ########################################         

iteration 18 with 512 examples

2019-05-04-13-17-09   >>>>   Start train ranking function

2019-05-04-13-17-09   >>>>   End train ranking function

train_ranking_functioning time = 14.998 ms


2019-05-04-13-17-09   >>>>   Start verify ranking function

[xr_0 = 1, xr_1 = 1/8, xr_2 = -1/6]
ranking function : 0.1142 *  x[0]^2.0 *  x[1]^1.0 *  x[2]^-0.5 + 0.0176 *  x[0]^2.0 *  x[1]^-0.5 *  x[2]^-2.0 - 0.0182 *  x[0]^3.0 *  x[1]^2.0 + 1.2085 *  x[0]^1.0 *  x[2]^0.5 + 1.3677 *  x[1]^-0.5; 0.0332 *  x[0]^-2.0 *  x[1]^-0.5 *  x[2]^-2.0 + 0.0116 *  x[0]^2.0 *  x[1]^2.0 *  x[2]^-0.5;  - 0.0036 *  x[0]^1.0 *  x[1]^3.0 *  x[2]^1.0 + 0.2187 *  x[0]^3.0 *  x[1]^2.0 *  x[2]^-0.5 - 0.0114 *  x[0]^-2.0 *  x[2]^-1.0 - 0.0037 *  x[0]^-0.5 *  x[1]^3.0 *  x[2]^-0.5

2019-05-04-13-17-09   >>>>   End verify ranking function

verifying time = 38.692 ms


Not Found Ranking Fcuntion

Conterexample is 

[1, 0.125, -0.16666666666666666]

sampling time = 3.132 ms


       ########################################         

iteration 19 with 516 examples

2019-05-04-13-17-09   >>>>   Start train ranking function

2019-05-04-13-17-09   >>>>   End train ranking function

train_ranking_functioning time = 14.952 ms


2019-05-04-13-17-09   >>>>   Start verify ranking function

[xr_0 = 1, xr_1 = 1/8, xr_2 = -1/6]
ranking function : 0.1015 *  x[0]^2.0 *  x[1]^1.0 *  x[2]^-0.5 + 0.0256 *  x[0]^2.0 *  x[1]^-0.5 *  x[2]^-2.0 - 0.0398 *  x[0]^3.0 *  x[1]^2.0 + 1.2001 *  x[0]^1.0 *  x[2]^0.5 + 1.3591 *  x[1]^-0.5; 0.0343 *  x[0]^-2.0 *  x[1]^-0.5 *  x[2]^-2.0 + 0.0121 *  x[0]^2.0 *  x[1]^2.0 *  x[2]^-0.5; 0.001 *  x[0]^1.0 *  x[1]^3.0 *  x[2]^1.0 + 0.2113 *  x[0]^3.0 *  x[1]^2.0 *  x[2]^-0.5 - 0.0052 *  x[0]^-2.0 *  x[2]^-1.0 - 0.0181 *  x[0]^-0.5 *  x[1]^3.0 *  x[2]^-0.5

2019-05-04-13-17-09   >>>>   End verify ranking function

verifying time = 31.625 ms


Not Found Ranking Fcuntion

Conterexample is 

[1, 0.125, -0.16666666666666666]

sampling time = 3.087 ms


       ########################################         

iteration 20 with 520 examples

2019-05-04-13-17-09   >>>>   Start train ranking function

2019-05-04-13-17-09   >>>>   End train ranking function

train_ranking_functioning time = 14.768 ms


2019-05-04-13-17-09   >>>>   Start verify ranking function

[xr_0 = 1, xr_1 = 1/8, xr_2 = -1/6]
ranking function : 0.1111 *  x[0]^2.0 *  x[1]^1.0 *  x[2]^-0.5 + 0.0052 *  x[0]^2.0 *  x[1]^-0.5 *  x[2]^-2.0 - 0.0203 *  x[0]^3.0 *  x[1]^2.0 + 1.2045 *  x[0]^1.0 *  x[2]^0.5 + 1.3532 *  x[1]^-0.5; 0.0099 *  x[0]^-2.0 *  x[1]^-0.5 *  x[2]^-2.0 + 0.0045 *  x[0]^2.0 *  x[1]^2.0 *  x[2]^-0.5;  - 0.0157 *  x[0]^1.0 *  x[1]^3.0 *  x[2]^1.0 + 0.2134 *  x[0]^3.0 *  x[1]^2.0 *  x[2]^-0.5 - 0.0157 *  x[0]^-2.0 *  x[2]^-1.0 - 0.0064 *  x[0]^-0.5 *  x[1]^3.0 *  x[2]^-0.5

2019-05-04-13-17-10   >>>>   End verify ranking function

verifying time = 364.847 ms


Not Found Ranking Fcuntion

Conterexample is 

[1, 0.125, -0.16666666666666666]

sampling time = 3.172 ms


       ########################################         

iteration 21 with 524 examples

2019-05-04-13-17-10   >>>>   Start train ranking function

2019-05-04-13-17-10   >>>>   End train ranking function

train_ranking_functioning time = 15.454 ms


2019-05-04-13-17-10   >>>>   Start verify ranking function

[xr_0 = 1, xr_1 = 1/8, xr_2 = -1/6]
ranking function : 0.1015 *  x[0]^2.0 *  x[1]^1.0 *  x[2]^-0.5 + 0.0201 *  x[0]^2.0 *  x[1]^-0.5 *  x[2]^-2.0 - 0.0175 *  x[0]^3.0 *  x[1]^2.0 + 1.2103 *  x[0]^1.0 *  x[2]^0.5 + 1.3582 *  x[1]^-0.5; 0.0335 *  x[0]^-2.0 *  x[1]^-0.5 *  x[2]^-2.0 + 0.0041 *  x[0]^2.0 *  x[1]^2.0 *  x[2]^-0.5;  - 0.019 *  x[0]^1.0 *  x[1]^3.0 *  x[2]^1.0 + 0.2086 *  x[0]^3.0 *  x[1]^2.0 *  x[2]^-0.5 - 0.0098 *  x[0]^-2.0 *  x[2]^-1.0 + 0.0007 *  x[0]^-0.5 *  x[1]^3.0 *  x[2]^-0.5

2019-05-04-13-17-10   >>>>   End verify ranking function

verifying time = 31.775 ms


Not Found Ranking Fcuntion

Conterexample is 

[1, 0.125, -0.16666666666666666]

sampling time = 3.177 ms


       ########################################         

iteration 22 with 528 examples

2019-05-04-13-17-10   >>>>   Start train ranking function

2019-05-04-13-17-10   >>>>   End train ranking function

train_ranking_functioning time = 15.235 ms


2019-05-04-13-17-10   >>>>   Start verify ranking function

[xr_0 = 1, xr_1 = 1/8, xr_2 = -1/6]
ranking function : 0.1011 *  x[0]^2.0 *  x[1]^1.0 *  x[2]^-0.5 + 0.0205 *  x[0]^2.0 *  x[1]^-0.5 *  x[2]^-2.0 - 0.0372 *  x[0]^3.0 *  x[1]^2.0 + 1.2155 *  x[0]^1.0 *  x[2]^0.5 + 1.36 *  x[1]^-0.5; 0.0112 *  x[0]^-2.0 *  x[1]^-0.5 *  x[2]^-2.0 + 0.0102 *  x[0]^2.0 *  x[1]^2.0 *  x[2]^-0.5; 0.0003 *  x[0]^1.0 *  x[1]^3.0 *  x[2]^1.0 + 0.2144 *  x[0]^3.0 *  x[1]^2.0 *  x[2]^-0.5 - 0.0097 *  x[0]^-2.0 *  x[2]^-1.0 + 0.0094 *  x[0]^-0.5 *  x[1]^3.0 *  x[2]^-0.5

2019-05-04-13-17-10   >>>>   End verify ranking function

verifying time = 31.370 ms


Not Found Ranking Fcuntion

Conterexample is 

[1, 0.125, -0.16666666666666666]

sampling time = 3.166 ms


       ########################################         

iteration 23 with 532 examples

2019-05-04-13-17-10   >>>>   Start train ranking function

2019-05-04-13-17-10   >>>>   End train ranking function

train_ranking_functioning time = 15.394 ms


2019-05-04-13-17-10   >>>>   Start verify ranking function

[xr_0 = 1, xr_1 = 1/8, xr_2 = -1/6]
ranking function : 0.1015 *  x[0]^2.0 *  x[1]^1.0 *  x[2]^-0.5 + 0.0221 *  x[0]^2.0 *  x[1]^-0.5 *  x[2]^-2.0 - 0.0311 *  x[0]^3.0 *  x[1]^2.0 + 1.1983 *  x[0]^1.0 *  x[2]^0.5 + 1.361 *  x[1]^-0.5; 0.0288 *  x[0]^-2.0 *  x[1]^-0.5 *  x[2]^-2.0 + 0.0089 *  x[0]^2.0 *  x[1]^2.0 *  x[2]^-0.5;  - 0.005 *  x[0]^1.0 *  x[1]^3.0 *  x[2]^1.0 + 0.211 *  x[0]^3.0 *  x[1]^2.0 *  x[2]^-0.5 - 0.0122 *  x[0]^-2.0 *  x[2]^-1.0 + 0.008 *  x[0]^-0.5 *  x[1]^3.0 *  x[2]^-0.5

2019-05-04-13-17-10   >>>>   End verify ranking function

verifying time = 28.497 ms


Not Found Ranking Fcuntion

Conterexample is 

[1, 0.125, -0.16666666666666666]

sampling time = 3.155 ms


       ########################################         

iteration 24 with 536 examples

2019-05-04-13-17-10   >>>>   Start train ranking function

2019-05-04-13-17-10   >>>>   End train ranking function

train_ranking_functioning time = 15.255 ms


2019-05-04-13-17-10   >>>>   Start verify ranking function

[xr_0 = 1, xr_1 = 1/8, xr_2 = -1/6]
ranking function : 0.1079 *  x[0]^2.0 *  x[1]^1.0 *  x[2]^-0.5 + 0.0207 *  x[0]^2.0 *  x[1]^-0.5 *  x[2]^-2.0 - 0.0327 *  x[0]^3.0 *  x[1]^2.0 + 1.2082 *  x[0]^1.0 *  x[2]^0.5 + 1.3574 *  x[1]^-0.5; 0.025 *  x[0]^-2.0 *  x[1]^-0.5 *  x[2]^-2.0 + 0.0051 *  x[0]^2.0 *  x[1]^2.0 *  x[2]^-0.5;  - 0.0063 *  x[0]^1.0 *  x[1]^3.0 *  x[2]^1.0 + 0.2186 *  x[0]^3.0 *  x[1]^2.0 *  x[2]^-0.5 - 0.0114 *  x[0]^-2.0 *  x[2]^-1.0 - 0.0188 *  x[0]^-0.5 *  x[1]^3.0 *  x[2]^-0.5

2019-05-04-13-17-10   >>>>   End verify ranking function

verifying time = 55.005 ms


Not Found Ranking Fcuntion

Conterexample is 

[1, 0.125, -0.16666666666666666]

sampling time = 3.109 ms


Failed to prove it is terminated

UNKNOWN
Time For Template 3 Is--->-2462.343000 ms

------Using Template 4 -----------
20 [4, 4, 4, 4, 4]
*****************************************************

2019-05-04-13-17-11   >>>>   End sampling point

sampling time = 553.690 ms,


       ########################################         

iteration 0 with 660 examples

2019-05-04-13-17-11   >>>>   Start train ranking function

2019-05-04-13-17-11   >>>>   End train ranking function

train_ranking_functioning time = 4.619 ms


2019-05-04-13-17-11   >>>>   Start verify ranking function

[xr_2 = -1658, xr_0 = 1]
ranking function : 0.9952 *  x[0]^1.0 - 0.0994 *  x[1]^1.0 - 0.1991 *  x[2]^1.0 + 0.4522 * 1; 0.4382 *  x[0]^1.0 + 0.0031 *  x[1]^1.0 - 0.0931 *  x[2]^1.0 + 0.4487 * 1; 0.4425 *  x[0]^1.0 - 0.022 *  x[1]^1.0 - 0.0912 *  x[2]^1.0 + 0.4451 * 1; 0.4523 *  x[0]^1.0 - 0.023 *  x[1]^1.0 - 0.0991 *  x[2]^1.0 + 0.4625 * 1; 0.4617 *  x[0]^1.0 - 0.0219 *  x[1]^1.0 - 0.0932 *  x[2]^1.0 + 0.9252 * 1

2019-05-04-13-17-11   >>>>   End verify ranking function

verifying time = 7.974 ms


Not Found Ranking Fcuntion

Conterexample is 

[1, 0, -1658]

sampling time = 4.831 ms


       ########################################         

iteration 1 with 666 examples

2019-05-04-13-17-11   >>>>   Start train ranking function

2019-05-04-13-17-11   >>>>   End train ranking function

train_ranking_functioning time = 6.668 ms


2019-05-04-13-17-11   >>>>   Start verify ranking function

[xr_1 = -9971, xr_2 = 0, xr_0 = 1]
ranking function : 0.9952 *  x[0]^1.0 - 0.0995 *  x[1]^1.0 - 0.1991 *  x[2]^1.0 + 0.4522 * 1; 0.4382 *  x[0]^1.0 + 0.0031 *  x[1]^1.0 - 0.0931 *  x[2]^1.0 + 0.4486 * 1; 0.4426 *  x[0]^1.0 - 0.0222 *  x[1]^1.0 - 0.0911 *  x[2]^1.0 + 0.4448 * 1; 0.4527 *  x[0]^1.0 - 0.0254 *  x[1]^1.0 - 0.0965 *  x[2]^1.0 + 0.4628 * 1; 0.4615 *  x[0]^1.0 - 0.0226 *  x[1]^1.0 - 0.0934 *  x[2]^1.0 + 0.9256 * 1

2019-05-04-13-17-11   >>>>   End verify ranking function

verifying time = 8.143 ms


Not Found Ranking Fcuntion

Conterexample is 

[1, -9971, 0]

sampling time = 4.851 ms


       ########################################         

iteration 2 with 672 examples

2019-05-04-13-17-11   >>>>   Start train ranking function

2019-05-04-13-17-11   >>>>   End train ranking function

train_ranking_functioning time = 7.460 ms


2019-05-04-13-17-11   >>>>   Start verify ranking function

[xr_1 = 0, xr_2 = -9971, xr_0 = 1]
ranking function : 0.9952 *  x[0]^1.0 - 0.0995 *  x[1]^1.0 - 0.1991 *  x[2]^1.0 + 0.4522 * 1; 0.4382 *  x[0]^1.0 + 0.0031 *  x[1]^1.0 - 0.0931 *  x[2]^1.0 + 0.4486 * 1; 0.4426 *  x[0]^1.0 - 0.0222 *  x[1]^1.0 - 0.0911 *  x[2]^1.0 + 0.4448 * 1; 0.4527 *  x[0]^1.0 - 0.0254 *  x[1]^1.0 - 0.0966 *  x[2]^1.0 + 0.4628 * 1; 0.4615 *  x[0]^1.0 - 0.0226 *  x[1]^1.0 - 0.0934 *  x[2]^1.0 + 0.9256 * 1

2019-05-04-13-17-11   >>>>   End verify ranking function

verifying time = 8.047 ms


Not Found Ranking Fcuntion

Conterexample is 

[1, 0, -9971]

sampling time = 4.845 ms


       ########################################         

iteration 3 with 678 examples

2019-05-04-13-17-11   >>>>   Start train ranking function

2019-05-04-13-17-11   >>>>   End train ranking function

train_ranking_functioning time = 10.566 ms


2019-05-04-13-17-11   >>>>   Start verify ranking function

[xr_1 = 0, xr_2 = -9971, xr_0 = 1]
ranking function : 0.9952 *  x[0]^1.0 - 0.0995 *  x[1]^1.0 - 0.1991 *  x[2]^1.0 + 0.4522 * 1; 0.4382 *  x[0]^1.0 + 0.0031 *  x[1]^1.0 - 0.0931 *  x[2]^1.0 + 0.4486 * 1; 0.4426 *  x[0]^1.0 - 0.0223 *  x[1]^1.0 - 0.0911 *  x[2]^1.0 + 0.4448 * 1; 0.4527 *  x[0]^1.0 - 0.0255 *  x[1]^1.0 - 0.0965 *  x[2]^1.0 + 0.4628 * 1; 0.4615 *  x[0]^1.0 - 0.0226 *  x[1]^1.0 - 0.0934 *  x[2]^1.0 + 0.9256 * 1

2019-05-04-13-17-11   >>>>   End verify ranking function

verifying time = 8.070 ms


Not Found Ranking Fcuntion

Conterexample is 

[1, 0, -9971]

sampling time = 4.862 ms


       ########################################         

iteration 4 with 684 examples

2019-05-04-13-17-11   >>>>   Start train ranking function

2019-05-04-13-17-11   >>>>   End train ranking function

train_ranking_functioning time = 8.685 ms


2019-05-04-13-17-11   >>>>   Start verify ranking function

[xr_1 = 0, xr_2 = -9971, xr_0 = 1]
ranking function : 0.9952 *  x[0]^1.0 - 0.0995 *  x[1]^1.0 - 0.1991 *  x[2]^1.0 + 0.4522 * 1; 0.4382 *  x[0]^1.0 + 0.0031 *  x[1]^1.0 - 0.0931 *  x[2]^1.0 + 0.4486 * 1; 0.4426 *  x[0]^1.0 - 0.0222 *  x[1]^1.0 - 0.0911 *  x[2]^1.0 + 0.4448 * 1; 0.4527 *  x[0]^1.0 - 0.0255 *  x[1]^1.0 - 0.0965 *  x[2]^1.0 + 0.4628 * 1; 0.4615 *  x[0]^1.0 - 0.0226 *  x[1]^1.0 - 0.0934 *  x[2]^1.0 + 0.9256 * 1

2019-05-04-13-17-11   >>>>   End verify ranking function

verifying time = 7.927 ms


Not Found Ranking Fcuntion

Conterexample is 

[1, 0, -9971]

sampling time = 5.291 ms


       ########################################         

iteration 5 with 690 examples

2019-05-04-13-17-11   >>>>   Start train ranking function

2019-05-04-13-17-11   >>>>   End train ranking function

train_ranking_functioning time = 8.416 ms


2019-05-04-13-17-11   >>>>   Start verify ranking function

[xr_1 = -9971, xr_2 = 0, xr_0 = 1]
ranking function : 0.9952 *  x[0]^1.0 - 0.0995 *  x[1]^1.0 - 0.1991 *  x[2]^1.0 + 0.4522 * 1; 0.4382 *  x[0]^1.0 + 0.0031 *  x[1]^1.0 - 0.0932 *  x[2]^1.0 + 0.4486 * 1; 0.4426 *  x[0]^1.0 - 0.0222 *  x[1]^1.0 - 0.0911 *  x[2]^1.0 + 0.4448 * 1; 0.4527 *  x[0]^1.0 - 0.0255 *  x[1]^1.0 - 0.0965 *  x[2]^1.0 + 0.4628 * 1; 0.4615 *  x[0]^1.0 - 0.0226 *  x[1]^1.0 - 0.0934 *  x[2]^1.0 + 0.9256 * 1

2019-05-04-13-17-11   >>>>   End verify ranking function

verifying time = 8.029 ms


Not Found Ranking Fcuntion

Conterexample is 

[1, -9971, 0]

sampling time = 4.809 ms


       ########################################         

iteration 6 with 696 examples

2019-05-04-13-17-11   >>>>   Start train ranking function

2019-05-04-13-17-11   >>>>   End train ranking function

train_ranking_functioning time = 10.472 ms


2019-05-04-13-17-11   >>>>   Start verify ranking function

[xr_1 = -9971, xr_2 = 0, xr_0 = 1]
ranking function : 0.9952 *  x[0]^1.0 - 0.0995 *  x[1]^1.0 - 0.1991 *  x[2]^1.0 + 0.4522 * 1; 0.4382 *  x[0]^1.0 + 0.0031 *  x[1]^1.0 - 0.0931 *  x[2]^1.0 + 0.4486 * 1; 0.4426 *  x[0]^1.0 - 0.0222 *  x[1]^1.0 - 0.0911 *  x[2]^1.0 + 0.4448 * 1; 0.4527 *  x[0]^1.0 - 0.0255 *  x[1]^1.0 - 0.0965 *  x[2]^1.0 + 0.4628 * 1; 0.4615 *  x[0]^1.0 - 0.0226 *  x[1]^1.0 - 0.0934 *  x[2]^1.0 + 0.9256 * 1

2019-05-04-13-17-11   >>>>   End verify ranking function

verifying time = 7.949 ms


Not Found Ranking Fcuntion

Conterexample is 

[1, -9971, 0]

sampling time = 4.821 ms


       ########################################         

iteration 7 with 702 examples

2019-05-04-13-17-11   >>>>   Start train ranking function

2019-05-04-13-17-11   >>>>   End train ranking function

train_ranking_functioning time = 12.532 ms


2019-05-04-13-17-11   >>>>   Start verify ranking function

[xr_1 = 0, xr_2 = -9971, xr_0 = 1]
ranking function : 0.9952 *  x[0]^1.0 - 0.0995 *  x[1]^1.0 - 0.1991 *  x[2]^1.0 + 0.4522 * 1; 0.4382 *  x[0]^1.0 + 0.0031 *  x[1]^1.0 - 0.0931 *  x[2]^1.0 + 0.4486 * 1; 0.4426 *  x[0]^1.0 - 0.0223 *  x[1]^1.0 - 0.0911 *  x[2]^1.0 + 0.4448 * 1; 0.4527 *  x[0]^1.0 - 0.0255 *  x[1]^1.0 - 0.0965 *  x[2]^1.0 + 0.4628 * 1; 0.4615 *  x[0]^1.0 - 0.0226 *  x[1]^1.0 - 0.0934 *  x[2]^1.0 + 0.9256 * 1

2019-05-04-13-17-11   >>>>   End verify ranking function

verifying time = 7.926 ms


Not Found Ranking Fcuntion

Conterexample is 

[1, 0, -9971]

sampling time = 4.859 ms


       ########################################         

iteration 8 with 708 examples

2019-05-04-13-17-11   >>>>   Start train ranking function

2019-05-04-13-17-11   >>>>   End train ranking function

train_ranking_functioning time = 10.263 ms


2019-05-04-13-17-11   >>>>   Start verify ranking function

[xr_1 = -9971, xr_2 = 0, xr_0 = 1]
ranking function : 0.9952 *  x[0]^1.0 - 0.0995 *  x[1]^1.0 - 0.1991 *  x[2]^1.0 + 0.4522 * 1; 0.4382 *  x[0]^1.0 + 0.0031 *  x[1]^1.0 - 0.0931 *  x[2]^1.0 + 0.4486 * 1; 0.4426 *  x[0]^1.0 - 0.0222 *  x[1]^1.0 - 0.0911 *  x[2]^1.0 + 0.4448 * 1; 0.4527 *  x[0]^1.0 - 0.0255 *  x[1]^1.0 - 0.0965 *  x[2]^1.0 + 0.4628 * 1; 0.4615 *  x[0]^1.0 - 0.0226 *  x[1]^1.0 - 0.0934 *  x[2]^1.0 + 0.9256 * 1

2019-05-04-13-17-11   >>>>   End verify ranking function

verifying time = 8.087 ms


Not Found Ranking Fcuntion

Conterexample is 

[1, -9971, 0]

sampling time = 5.521 ms


       ########################################         

iteration 9 with 714 examples

2019-05-04-13-17-11   >>>>   Start train ranking function

2019-05-04-13-17-11   >>>>   End train ranking function

train_ranking_functioning time = 13.715 ms


2019-05-04-13-17-11   >>>>   Start verify ranking function

[xr_1 = -9971, xr_2 = 0, xr_0 = 1]
ranking function : 0.9952 *  x[0]^1.0 - 0.0995 *  x[1]^1.0 - 0.1991 *  x[2]^1.0 + 0.4522 * 1; 0.4382 *  x[0]^1.0 + 0.0031 *  x[1]^1.0 - 0.0931 *  x[2]^1.0 + 0.4486 * 1; 0.4426 *  x[0]^1.0 - 0.0223 *  x[1]^1.0 - 0.0911 *  x[2]^1.0 + 0.4448 * 1; 0.4527 *  x[0]^1.0 - 0.0255 *  x[1]^1.0 - 0.0965 *  x[2]^1.0 + 0.4628 * 1; 0.4615 *  x[0]^1.0 - 0.0226 *  x[1]^1.0 - 0.0934 *  x[2]^1.0 + 0.9256 * 1

2019-05-04-13-17-11   >>>>   End verify ranking function

verifying time = 8.472 ms


Not Found Ranking Fcuntion

Conterexample is 

[1, -9971, 0]

sampling time = 4.882 ms


       ########################################         

iteration 10 with 720 examples

2019-05-04-13-17-11   >>>>   Start train ranking function

2019-05-04-13-17-11   >>>>   End train ranking function

train_ranking_functioning time = 11.831 ms


2019-05-04-13-17-11   >>>>   Start verify ranking function

[xr_1 = 0, xr_2 = -9971, xr_0 = 1]
ranking function : 0.9952 *  x[0]^1.0 - 0.0995 *  x[1]^1.0 - 0.1991 *  x[2]^1.0 + 0.4522 * 1; 0.4382 *  x[0]^1.0 + 0.0031 *  x[1]^1.0 - 0.0931 *  x[2]^1.0 + 0.4486 * 1; 0.4426 *  x[0]^1.0 - 0.0222 *  x[1]^1.0 - 0.0911 *  x[2]^1.0 + 0.4448 * 1; 0.4527 *  x[0]^1.0 - 0.0255 *  x[1]^1.0 - 0.0965 *  x[2]^1.0 + 0.4628 * 1; 0.4615 *  x[0]^1.0 - 0.0226 *  x[1]^1.0 - 0.0934 *  x[2]^1.0 + 0.9256 * 1

2019-05-04-13-17-11   >>>>   End verify ranking function

verifying time = 8.231 ms


Not Found Ranking Fcuntion

Conterexample is 

[1, 0, -9971]

sampling time = 5.549 ms


       ########################################         

iteration 11 with 726 examples

2019-05-04-13-17-11   >>>>   Start train ranking function

2019-05-04-13-17-11   >>>>   End train ranking function

train_ranking_functioning time = 12.378 ms


2019-05-04-13-17-11   >>>>   Start verify ranking function

[xr_1 = 0, xr_2 = -19943/2, xr_0 = 1]
ranking function : 0.9953 *  x[0]^1.0 - 0.0995 *  x[1]^1.0 - 0.1991 *  x[2]^1.0 + 0.4522 * 1; 0.4382 *  x[0]^1.0 + 0.0031 *  x[1]^1.0 - 0.0931 *  x[2]^1.0 + 0.4486 * 1; 0.4426 *  x[0]^1.0 - 0.0223 *  x[1]^1.0 - 0.0911 *  x[2]^1.0 + 0.4448 * 1; 0.4527 *  x[0]^1.0 - 0.0255 *  x[1]^1.0 - 0.0965 *  x[2]^1.0 + 0.4628 * 1; 0.4615 *  x[0]^1.0 - 0.0226 *  x[1]^1.0 - 0.0934 *  x[2]^1.0 + 0.9256 * 1

2019-05-04-13-17-11   >>>>   End verify ranking function

verifying time = 8.088 ms


Not Found Ranking Fcuntion

Conterexample is 

[1, 0, -9971.5]

sampling time = 4.957 ms


       ########################################         

iteration 12 with 732 examples

2019-05-04-13-17-11   >>>>   Start train ranking function

2019-05-04-13-17-11   >>>>   End train ranking function

train_ranking_functioning time = 13.417 ms


2019-05-04-13-17-11   >>>>   Start verify ranking function

[xr_1 = 0, xr_2 = -9971, xr_0 = 1]
ranking function : 0.9952 *  x[0]^1.0 - 0.0995 *  x[1]^1.0 - 0.1991 *  x[2]^1.0 + 0.4522 * 1; 0.4382 *  x[0]^1.0 + 0.0031 *  x[1]^1.0 - 0.0931 *  x[2]^1.0 + 0.4486 * 1; 0.4426 *  x[0]^1.0 - 0.0223 *  x[1]^1.0 - 0.0911 *  x[2]^1.0 + 0.4448 * 1; 0.4527 *  x[0]^1.0 - 0.0255 *  x[1]^1.0 - 0.0965 *  x[2]^1.0 + 0.4628 * 1; 0.4615 *  x[0]^1.0 - 0.0226 *  x[1]^1.0 - 0.0934 *  x[2]^1.0 + 0.9256 * 1

2019-05-04-13-17-11   >>>>   End verify ranking function

verifying time = 8.070 ms


Not Found Ranking Fcuntion

Conterexample is 

[1, 0, -9971]

sampling time = 4.890 ms


       ########################################         

iteration 13 with 738 examples

2019-05-04-13-17-11   >>>>   Start train ranking function

2019-05-04-13-17-11   >>>>   End train ranking function

train_ranking_functioning time = 11.614 ms


2019-05-04-13-17-11   >>>>   Start verify ranking function

[xr_1 = 0, xr_2 = -9971, xr_0 = 1]
ranking function : 0.9952 *  x[0]^1.0 - 0.0995 *  x[1]^1.0 - 0.1991 *  x[2]^1.0 + 0.4522 * 1; 0.4382 *  x[0]^1.0 + 0.0031 *  x[1]^1.0 - 0.0931 *  x[2]^1.0 + 0.4486 * 1; 0.4426 *  x[0]^1.0 - 0.0223 *  x[1]^1.0 - 0.0911 *  x[2]^1.0 + 0.4448 * 1; 0.4527 *  x[0]^1.0 - 0.0255 *  x[1]^1.0 - 0.0965 *  x[2]^1.0 + 0.4628 * 1; 0.4615 *  x[0]^1.0 - 0.0226 *  x[1]^1.0 - 0.0934 *  x[2]^1.0 + 0.9256 * 1

2019-05-04-13-17-11   >>>>   End verify ranking function

verifying time = 8.028 ms


Not Found Ranking Fcuntion

Conterexample is 

[1, 0, -9971]

sampling time = 4.870 ms


       ########################################         

iteration 14 with 744 examples

2019-05-04-13-17-11   >>>>   Start train ranking function

2019-05-04-13-17-11   >>>>   End train ranking function

train_ranking_functioning time = 16.461 ms


2019-05-04-13-17-11   >>>>   Start verify ranking function

[xr_1 = 0, xr_2 = -19943/2, xr_0 = 1]
ranking function : 0.9953 *  x[0]^1.0 - 0.0995 *  x[1]^1.0 - 0.1991 *  x[2]^1.0 + 0.4522 * 1; 0.4382 *  x[0]^1.0 + 0.0031 *  x[1]^1.0 - 0.0931 *  x[2]^1.0 + 0.4486 * 1; 0.4426 *  x[0]^1.0 - 0.0223 *  x[1]^1.0 - 0.0911 *  x[2]^1.0 + 0.4448 * 1; 0.4527 *  x[0]^1.0 - 0.0255 *  x[1]^1.0 - 0.0965 *  x[2]^1.0 + 0.4628 * 1; 0.4615 *  x[0]^1.0 - 0.0226 *  x[1]^1.0 - 0.0934 *  x[2]^1.0 + 0.9256 * 1

2019-05-04-13-17-11   >>>>   End verify ranking function

verifying time = 8.141 ms


Not Found Ranking Fcuntion

Conterexample is 

[1, 0, -9971.5]

sampling time = 4.922 ms


       ########################################         

iteration 15 with 750 examples

2019-05-04-13-17-11   >>>>   Start train ranking function

2019-05-04-13-17-11   >>>>   End train ranking function

train_ranking_functioning time = 14.117 ms


2019-05-04-13-17-11   >>>>   Start verify ranking function

[xr_1 = 0, xr_2 = -19943/2, xr_0 = 1]
ranking function : 0.9953 *  x[0]^1.0 - 0.0995 *  x[1]^1.0 - 0.1991 *  x[2]^1.0 + 0.4522 * 1; 0.4382 *  x[0]^1.0 + 0.0031 *  x[1]^1.0 - 0.0931 *  x[2]^1.0 + 0.4486 * 1; 0.4426 *  x[0]^1.0 - 0.0223 *  x[1]^1.0 - 0.0911 *  x[2]^1.0 + 0.4448 * 1; 0.4527 *  x[0]^1.0 - 0.0255 *  x[1]^1.0 - 0.0965 *  x[2]^1.0 + 0.4628 * 1; 0.4615 *  x[0]^1.0 - 0.0226 *  x[1]^1.0 - 0.0934 *  x[2]^1.0 + 0.9256 * 1

2019-05-04-13-17-11   >>>>   End verify ranking function

verifying time = 8.119 ms


Not Found Ranking Fcuntion

Conterexample is 

[1, 0, -9971.5]

sampling time = 5.590 ms


       ########################################         

iteration 16 with 756 examples

2019-05-04-13-17-11   >>>>   Start train ranking function

2019-05-04-13-17-11   >>>>   End train ranking function

train_ranking_functioning time = 21.778 ms


2019-05-04-13-17-11   >>>>   Start verify ranking function

[xr_1 = 9946/3, xr_0 = 1]
ranking function : 0.9953 *  x[0]^1.0 - 0.0995 *  x[1]^1.0 - 0.199 *  x[2]^1.0 + 0.4522 * 1; 0.4382 *  x[0]^1.0 + 0.0031 *  x[1]^1.0 - 0.0931 *  x[2]^1.0 + 0.4486 * 1; 0.4426 *  x[0]^1.0 - 0.0223 *  x[1]^1.0 - 0.0911 *  x[2]^1.0 + 0.4448 * 1; 0.4527 *  x[0]^1.0 - 0.0255 *  x[1]^1.0 - 0.0965 *  x[2]^1.0 + 0.4628 * 1; 0.4615 *  x[0]^1.0 - 0.0226 *  x[1]^1.0 - 0.0934 *  x[2]^1.0 + 0.9256 * 1

2019-05-04-13-17-11   >>>>   End verify ranking function

verifying time = 7.933 ms


Not Found Ranking Fcuntion

Conterexample is 

[1, 3315.3333333333335, 0]

sampling time = 4.967 ms


       ########################################         

iteration 17 with 762 examples

2019-05-04-13-17-11   >>>>   Start train ranking function

2019-05-04-13-17-11   >>>>   End train ranking function

train_ranking_functioning time = 21.750 ms


2019-05-04-13-17-11   >>>>   Start verify ranking function

[xr_1 = -9971, xr_2 = 0, xr_0 = 1]
ranking function : 0.9952 *  x[0]^1.0 - 0.0995 *  x[1]^1.0 - 0.1991 *  x[2]^1.0 + 0.453 * 1; 0.4347 *  x[0]^1.0 - 0.0473 *  x[1]^1.0 - 0.1098 *  x[2]^1.0 + 0.4286 * 1; 0.4686 *  x[0]^1.0 - 0.0336 *  x[1]^1.0 - 0.1222 *  x[2]^1.0 + 0.4211 * 1; 0.488 *  x[0]^1.0 - 0.034 *  x[1]^1.0 - 0.1291 *  x[2]^1.0 + 0.6183 * 1; 0.2271 *  x[0]^1.0 - 0.0002 *  x[1]^1.0 - 0.0651 *  x[2]^1.0 + 0.9605 * 1

2019-05-04-13-17-11   >>>>   End verify ranking function
