------Using Template 0 -----------
4 [4]
*****************************************************

2019-05-04-13-01-55   >>>>   End sampling point

sampling time = 82.887 ms,


       ########################################         

iteration 0 with 154 examples

2019-05-04-13-01-55   >>>>   Start train ranking function

2019-05-04-13-01-55   >>>>   End train ranking function

train_ranking_functioning time = 1.012 ms


2019-05-04-13-01-55   >>>>   Start verify ranking function

valid ranking function
ranking function : 0.2 *  x[0]^1.0 + 1.0 * 1

2019-05-04-13-01-55   >>>>   End verify ranking function

verifying time = 8.288 ms


Found Ranking Fcuntion: 0.2 *  x[0]^1.0 + 1.0 * 1

0.2 *  x[0]^1.0 + 1.0 * 1
FINITE
Time For Template 0 Is--->-110.905000 ms

Time For ../Program_non/61.bpl Is ---> 264.302000 ms

