------Using Template 0 -----------
3 [3]
*****************************************************

2019-05-04-13-06-57   >>>>   End sampling point

sampling time = 45.638 ms,


       ########################################         

iteration 0 with 114 examples

2019-05-04-13-06-57   >>>>   Start train ranking function

2019-05-04-13-06-57   >>>>   End train ranking function

train_ranking_functioning time = 1.344 ms


2019-05-04-13-06-57   >>>>   Start verify ranking function

[xr_1 = 470/3, xr_0 = 1]
ranking function : 0.9817 *  x[0]^1.0 + 0.4877 *  x[1]^1.0 + 1.2851 * 1

2019-05-04-13-06-57   >>>>   End verify ranking function

verifying time = 6.889 ms


Not Found Ranking Fcuntion

Conterexample is 

[1, 156.66666666666666]

sampling time = 0.716 ms


       ########################################         

iteration 1 with 116 examples

2019-05-04-13-06-57   >>>>   Start train ranking function

2019-05-04-13-06-57   >>>>   End train ranking function

train_ranking_functioning time = 2.419 ms


2019-05-04-13-06-57   >>>>   Start verify ranking function

[xr_1 = 4913/13, xr_0 = 1]
ranking function : 0.981 *  x[0]^1.0 + 0.4892 *  x[1]^1.0 + 1.2883 * 1

2019-05-04-13-06-57   >>>>   End verify ranking function

verifying time = 6.708 ms


Not Found Ranking Fcuntion

Conterexample is 

[1, 377.9230769230769]

sampling time = 0.713 ms


       ########################################         

iteration 2 with 118 examples

2019-05-04-13-06-57   >>>>   Start train ranking function

2019-05-04-13-06-57   >>>>   End train ranking function

train_ranking_functioning time = 2.485 ms


2019-05-04-13-06-57   >>>>   Start verify ranking function

[xr_1 = 892, xr_0 = 1]
ranking function : 0.9811 *  x[0]^1.0 + 0.49 *  x[1]^1.0 + 1.2895 * 1

2019-05-04-13-06-57   >>>>   End verify ranking function

verifying time = 6.763 ms


Not Found Ranking Fcuntion

Conterexample is 

[1, 892]

sampling time = 0.716 ms


       ########################################         

iteration 3 with 120 examples

2019-05-04-13-06-57   >>>>   Start train ranking function

2019-05-04-13-06-57   >>>>   End train ranking function

train_ranking_functioning time = 2.639 ms


2019-05-04-13-06-57   >>>>   Start verify ranking function

[xr_1 = 1635, xr_0 = 1]
ranking function : 0.9814 *  x[0]^1.0 + 0.4904 *  x[1]^1.0 + 1.2901 * 1

2019-05-04-13-06-57   >>>>   End verify ranking function

verifying time = 6.745 ms


Not Found Ranking Fcuntion

Conterexample is 

[1, 1635]

sampling time = 0.702 ms


       ########################################         

iteration 4 with 122 examples

2019-05-04-13-06-57   >>>>   Start train ranking function

2019-05-04-13-06-57   >>>>   End train ranking function

train_ranking_functioning time = 2.751 ms


2019-05-04-13-06-57   >>>>   Start verify ranking function

[xr_1 = 3270, xr_0 = 1]
ranking function : 0.9817 *  x[0]^1.0 + 0.4907 *  x[1]^1.0 + 1.2906 * 1

2019-05-04-13-06-57   >>>>   End verify ranking function

verifying time = 6.731 ms


Not Found Ranking Fcuntion

Conterexample is 

[1, 3270]

sampling time = 0.707 ms


       ########################################         

iteration 5 with 124 examples

2019-05-04-13-06-57   >>>>   Start train ranking function

2019-05-04-13-06-57   >>>>   End train ranking function

train_ranking_functioning time = 2.676 ms


2019-05-04-13-06-57   >>>>   Start verify ranking function

[xr_1 = 3270, xr_0 = 1]
ranking function : 0.9817 *  x[0]^1.0 + 0.4907 *  x[1]^1.0 + 1.2905 * 1

2019-05-04-13-06-57   >>>>   End verify ranking function

verifying time = 6.855 ms


Not Found Ranking Fcuntion

Conterexample is 

[1, 3270]

sampling time = 0.703 ms


       ########################################         

iteration 6 with 126 examples

2019-05-04-13-06-57   >>>>   Start train ranking function

2019-05-04-13-06-57   >>>>   End train ranking function

train_ranking_functioning time = 2.761 ms


2019-05-04-13-06-57   >>>>   Start verify ranking function

[xr_1 = 9808, xr_0 = 1]
ranking function : 0.9817 *  x[0]^1.0 + 0.4908 *  x[1]^1.0 + 1.2908 * 1

2019-05-04-13-06-57   >>>>   End verify ranking function

verifying time = 6.778 ms


Not Found Ranking Fcuntion

Conterexample is 

[1, 9808]

sampling time = 0.718 ms


       ########################################         

iteration 7 with 128 examples

2019-05-04-13-06-57   >>>>   Start train ranking function

2019-05-04-13-06-57   >>>>   End train ranking function

train_ranking_functioning time = 2.710 ms


2019-05-04-13-06-57   >>>>   Start verify ranking function

[xr_1 = 9808, xr_0 = 1]
ranking function : 0.9817 *  x[0]^1.0 + 0.4908 *  x[1]^1.0 + 1.2908 * 1

2019-05-04-13-06-57   >>>>   End verify ranking function

verifying time = 6.799 ms


Not Found Ranking Fcuntion

Conterexample is 

[1, 9808]

sampling time = 0.729 ms


       ########################################         

iteration 8 with 130 examples

2019-05-04-13-06-57   >>>>   Start train ranking function

2019-05-04-13-06-57   >>>>   End train ranking function

train_ranking_functioning time = 2.798 ms


2019-05-04-13-06-57   >>>>   Start verify ranking function

ranking function : 0.9816 *  x[0]^1.0 + 0.4908 *  x[1]^1.0 + 1.2908 * 1

2019-05-04-13-06-57   >>>>   End verify ranking function

verifying time = 7.589 ms


Not Found Ranking Fcuntion

Conterexample is 

[1, -6.667481662591687]

sampling time = 0.729 ms


       ########################################         

iteration 9 with 132 examples

2019-05-04-13-06-57   >>>>   Start train ranking function

2019-05-04-13-06-57   >>>>   End train ranking function

train_ranking_functioning time = 2.821 ms


2019-05-04-13-06-57   >>>>   Start verify ranking function

[xr_1 = 4727/2, xr_0 = 1]
ranking function : 0.946 *  x[0]^1.0 + 0.4728 *  x[1]^1.0 + 2.1377 * 1

2019-05-04-13-06-57   >>>>   End verify ranking function

verifying time = 6.719 ms


Not Found Ranking Fcuntion

Conterexample is 

[1, 2363.5]

sampling time = 0.713 ms


       ########################################         

iteration 10 with 134 examples

2019-05-04-13-06-57   >>>>   Start train ranking function

2019-05-04-13-06-57   >>>>   End train ranking function

train_ranking_functioning time = 2.818 ms


2019-05-04-13-06-57   >>>>   Start verify ranking function

[xr_1 = 9452/3, xr_0 = 1]
ranking function : 0.9459 *  x[0]^1.0 + 0.4728 *  x[1]^1.0 + 2.1377 * 1

2019-05-04-13-06-57   >>>>   End verify ranking function

verifying time = 6.653 ms


Not Found Ranking Fcuntion

Conterexample is 

[1, 3150.6666666666665]

sampling time = 0.722 ms


       ########################################         

iteration 11 with 136 examples

2019-05-04-13-06-57   >>>>   Start train ranking function

2019-05-04-13-06-57   >>>>   End train ranking function

train_ranking_functioning time = 2.838 ms


2019-05-04-13-06-57   >>>>   Start verify ranking function

[xr_1 = 9450, xr_0 = 1]
ranking function : 0.9459 *  x[0]^1.0 + 0.4729 *  x[1]^1.0 + 2.1382 * 1

2019-05-04-13-06-57   >>>>   End verify ranking function

verifying time = 6.715 ms


Not Found Ranking Fcuntion

Conterexample is 

[1, 9450]

sampling time = 0.717 ms


       ########################################         

iteration 12 with 138 examples

2019-05-04-13-06-57   >>>>   Start train ranking function

2019-05-04-13-06-57   >>>>   End train ranking function

train_ranking_functioning time = 2.843 ms


2019-05-04-13-06-57   >>>>   Start verify ranking function

[xr_1 = 9450, xr_0 = 1]
ranking function : 0.9459 *  x[0]^1.0 + 0.4729 *  x[1]^1.0 + 2.1381 * 1

2019-05-04-13-06-57   >>>>   End verify ranking function

verifying time = 6.715 ms


Not Found Ranking Fcuntion

Conterexample is 

[1, 9450]

sampling time = 0.715 ms


       ########################################         

iteration 13 with 140 examples

2019-05-04-13-06-57   >>>>   Start train ranking function

2019-05-04-13-06-57   >>>>   End train ranking function

train_ranking_functioning time = 2.939 ms


2019-05-04-13-06-57   >>>>   Start verify ranking function

[xr_1 = -9450, xr_0 = 1]
ranking function : 0.9459 *  x[0]^1.0 + 0.473 *  x[1]^1.0 + 2.1384 * 1

2019-05-04-13-06-57   >>>>   End verify ranking function

verifying time = 6.817 ms


Not Found Ranking Fcuntion

Conterexample is 

[1, -9450]

sampling time = 0.873 ms


       ########################################         

iteration 14 with 142 examples

2019-05-04-13-06-57   >>>>   Start train ranking function

2019-05-04-13-06-57   >>>>   End train ranking function

train_ranking_functioning time = 2.959 ms


2019-05-04-13-06-57   >>>>   Start verify ranking function

[xr_1 = 1606/139, xr_0 = 1]
ranking function : 0.1477 *  x[0]^1.0 + 0.0669 *  x[1]^1.0 + 0.8721 * 1

2019-05-04-13-06-57   >>>>   End verify ranking function

verifying time = 6.833 ms


Not Found Ranking Fcuntion

Conterexample is 

[1, 11.553956834532373]

sampling time = 0.754 ms


       ########################################         

iteration 15 with 144 examples

2019-05-04-13-06-57   >>>>   Start train ranking function

2019-05-04-13-06-57   >>>>   End train ranking function

train_ranking_functioning time = 3.233 ms


2019-05-04-13-06-57   >>>>   Start verify ranking function

[xr_1 = 1664/145, xr_0 = 1]
ranking function : 0.1529 *  x[0]^1.0 + 0.0692 *  x[1]^1.0 + 0.8785 * 1

2019-05-04-13-06-57   >>>>   End verify ranking function

verifying time = 6.864 ms


Not Found Ranking Fcuntion

Conterexample is 

[1, 11.475862068965517]

sampling time = 0.811 ms


       ########################################         

iteration 16 with 146 examples

2019-05-04-13-06-57   >>>>   Start train ranking function

2019-05-04-13-06-57   >>>>   End train ranking function

train_ranking_functioning time = 3.252 ms


2019-05-04-13-06-57   >>>>   Start verify ranking function

[xr_1 = -737/2, xr_0 = 1]
ranking function : 0.148 *  x[0]^1.0 + 0.0742 *  x[1]^1.0 + 0.8838 * 1

2019-05-04-13-06-57   >>>>   End verify ranking function

verifying time = 7.095 ms


Not Found Ranking Fcuntion

Conterexample is 

[1, -368.5]

sampling time = 0.719 ms


       ########################################         

iteration 17 with 148 examples

2019-05-04-13-06-57   >>>>   Start train ranking function

2019-05-04-13-06-57   >>>>   End train ranking function

train_ranking_functioning time = 3.190 ms


2019-05-04-13-06-57   >>>>   Start verify ranking function

[xr_1 = 378/37, xr_0 = 1]
ranking function : 0.0351 *  x[0]^1.0 + 0.0157 *  x[1]^1.0 + 0.8218 * 1

2019-05-04-13-06-57   >>>>   End verify ranking function

verifying time = 6.825 ms


Not Found Ranking Fcuntion

Conterexample is 

[1, 10.216216216216216]

sampling time = 0.718 ms


       ########################################         

iteration 18 with 150 examples

2019-05-04-13-06-57   >>>>   Start train ranking function

2019-05-04-13-06-57   >>>>   End train ranking function

train_ranking_functioning time = 3.231 ms


2019-05-04-13-06-57   >>>>   Start verify ranking function

[xr_1 = -374/3, xr_0 = 1]
ranking function : 0.0381 *  x[0]^1.0 + 0.0192 *  x[1]^1.0 + 0.8321 * 1

2019-05-04-13-06-57   >>>>   End verify ranking function

verifying time = 6.740 ms


Not Found Ranking Fcuntion

Conterexample is 

[1, -124.66666666666667]

sampling time = 0.724 ms


       ########################################         

iteration 19 with 152 examples

2019-05-04-13-06-57   >>>>   Start train ranking function

2019-05-04-13-06-57   >>>>   End train ranking function

train_ranking_functioning time = 3.293 ms


2019-05-04-13-06-57   >>>>   Start verify ranking function

ranking function : 0.0128 *  x[0]^1.0 + 0.0064 *  x[1]^1.0 + 0.968 * 1

2019-05-04-13-06-57   >>>>   End verify ranking function

verifying time = 7.406 ms


Not Found Ranking Fcuntion

Conterexample is 

[1, -309.5]

sampling time = 0.721 ms


       ########################################         

iteration 20 with 154 examples

2019-05-04-13-06-57   >>>>   Start train ranking function

2019-05-04-13-06-57   >>>>   End train ranking function

train_ranking_functioning time = 3.306 ms


2019-05-04-13-06-57   >>>>   Start verify ranking function

[xr_1 = 20/3, xr_0 = 1]
ranking function : 0.0095 *  x[0]^1.0 + 0.004 *  x[1]^1.0 + 0.9502 * 1

2019-05-04-13-06-57   >>>>   End verify ranking function

verifying time = 6.734 ms


Not Found Ranking Fcuntion

Conterexample is 

[1, 6.666666666666667]

sampling time = 0.719 ms


       ########################################         

iteration 21 with 156 examples

2019-05-04-13-06-57   >>>>   Start train ranking function

2019-05-04-13-06-57   >>>>   End train ranking function

train_ranking_functioning time = 3.367 ms


2019-05-04-13-06-57   >>>>   Start verify ranking function

[xr_1 = -11/3, xr_0 = 1]
ranking function : 0.0074 *  x[0]^1.0 + 0.0049 *  x[1]^1.0 + 0.9594 * 1

2019-05-04-13-06-57   >>>>   End verify ranking function

verifying time = 6.735 ms


Not Found Ranking Fcuntion

Conterexample is 

[1, -3.6666666666666665]

sampling time = 0.727 ms


       ########################################         

iteration 22 with 158 examples

2019-05-04-13-06-57   >>>>   Start train ranking function

2019-05-04-13-06-57   >>>>   End train ranking function

train_ranking_functioning time = 3.422 ms


2019-05-04-13-06-57   >>>>   Start verify ranking function

[xr_1 = -50/3, xr_0 = 1]
ranking function : 0.0104 *  x[0]^1.0 + 0.0055 *  x[1]^1.0 + 0.9673 * 1

2019-05-04-13-06-57   >>>>   End verify ranking function

verifying time = 6.715 ms


Not Found Ranking Fcuntion

Conterexample is 

[1, -16.666666666666668]

sampling time = 0.724 ms


       ########################################         

iteration 23 with 160 examples

2019-05-04-13-06-57   >>>>   Start train ranking function

2019-05-04-13-06-57   >>>>   End train ranking function

train_ranking_functioning time = 3.291 ms


2019-05-04-13-06-57   >>>>   Start verify ranking function

[xr_1 = -180, xr_0 = 1]
ranking function : 0.0189 *  x[0]^1.0 + 0.0095 *  x[1]^1.0 + 1.1035 * 1

2019-05-04-13-06-57   >>>>   End verify ranking function

verifying time = 6.714 ms


Not Found Ranking Fcuntion

Conterexample is 

[1, -180]

sampling time = 0.727 ms


       ########################################         

iteration 24 with 162 examples

2019-05-04-13-06-57   >>>>   Start train ranking function

2019-05-04-13-06-57   >>>>   End train ranking function

train_ranking_functioning time = 3.523 ms


2019-05-04-13-06-57   >>>>   Start verify ranking function

[xr_1 = -59/12, xr_0 = 1]
ranking function : 0.0104 *  x[0]^1.0 + 0.0064 *  x[1]^1.0 + 1.0966 * 1

2019-05-04-13-06-57   >>>>   End verify ranking function

verifying time = 6.689 ms


Not Found Ranking Fcuntion

Conterexample is 

[1, -4.916666666666667]

sampling time = 0.812 ms


Failed to prove it is terminated

UNKNOWN
Time For Template 0 Is--->-357.476000 ms

------Using Template 1 -----------
4 [4]
*****************************************************

2019-05-04-13-06-57   >>>>   End sampling point

sampling time = 67.445 ms,


       ########################################         

iteration 0 with 114 examples

2019-05-04-13-06-57   >>>>   Start train ranking function

2019-05-04-13-06-57   >>>>   End train ranking function

train_ranking_functioning time = 4.406 ms


2019-05-04-13-06-57   >>>>   Start verify ranking function

[xr_0 = 1, xr_1 = 1/8]
ranking function :  - 0.033 *  x[0]^-0.5 *  x[1]^-3.0 + 0.0949 *  x[0]^-0.5 *  x[1]^-1.0 - 0.0055 *  x[0]^2.0 *  x[1]^-3.0 + 0.0595 *  x[0]^2.0 *  x[1]^0.5

2019-05-04-13-06-57   >>>>   End verify ranking function

verifying time = 18.016 ms


Not Found Ranking Fcuntion

Conterexample is 

[1, 0.125]

sampling time = 1.169 ms


       ########################################         

iteration 1 with 116 examples

2019-05-04-13-06-57   >>>>   Start train ranking function

2019-05-04-13-06-57   >>>>   End train ranking function

train_ranking_functioning time = 4.511 ms


2019-05-04-13-06-57   >>>>   Start verify ranking function

[xr_0 = 1, xr_1 = 1/8]
ranking function :  - 0.0178 *  x[0]^-0.5 *  x[1]^-3.0 + 0.0594 *  x[0]^-0.5 *  x[1]^-1.0 - 0.0037 *  x[0]^2.0 *  x[1]^-3.0 + 0.0597 *  x[0]^2.0 *  x[1]^0.5

2019-05-04-13-06-57   >>>>   End verify ranking function

verifying time = 18.026 ms


Not Found Ranking Fcuntion

Conterexample is 

[1, 0.125]

sampling time = 1.070 ms


       ########################################         

iteration 2 with 118 examples

2019-05-04-13-06-57   >>>>   Start train ranking function

2019-05-04-13-06-57   >>>>   End train ranking function

train_ranking_functioning time = 5.147 ms


2019-05-04-13-06-57   >>>>   Start verify ranking function

[xr_0 = 1, xr_1 = 1/8]
ranking function :  - 0.0188 *  x[0]^-0.5 *  x[1]^-3.0 + 0.065 *  x[0]^-0.5 *  x[1]^-1.0 + 0.0107 *  x[0]^2.0 *  x[1]^-3.0 + 0.0559 *  x[0]^2.0 *  x[1]^0.5

2019-05-04-13-06-57   >>>>   End verify ranking function

verifying time = 19.232 ms


Not Found Ranking Fcuntion

Conterexample is 

[1, 0.125]

sampling time = 1.191 ms


       ########################################         

iteration 3 with 120 examples

2019-05-04-13-06-57   >>>>   Start train ranking function

2019-05-04-13-06-57   >>>>   End train ranking function

train_ranking_functioning time = 4.928 ms


2019-05-04-13-06-57   >>>>   Start verify ranking function

[xr_0 = 1, xr_1 = 1/8]
ranking function :  - 0.0108 *  x[0]^-0.5 *  x[1]^-3.0 + 0.0375 *  x[0]^-0.5 *  x[1]^-1.0 + 0.0034 *  x[0]^2.0 *  x[1]^-3.0 + 0.0579 *  x[0]^2.0 *  x[1]^0.5

2019-05-04-13-06-57   >>>>   End verify ranking function

verifying time = 17.935 ms


Not Found Ranking Fcuntion

Conterexample is 

[1, 0.125]

sampling time = 1.257 ms


       ########################################         

iteration 4 with 122 examples

2019-05-04-13-06-57   >>>>   Start train ranking function

2019-05-04-13-06-57   >>>>   End train ranking function

train_ranking_functioning time = 4.784 ms


2019-05-04-13-06-57   >>>>   Start verify ranking function

[xr_0 = 1, xr_1 = -1]
ranking function : 0.0017 *  x[0]^-0.5 *  x[1]^-3.0 + 0.0292 *  x[0]^-0.5 *  x[1]^-1.0 + 0.0096 *  x[0]^2.0 *  x[1]^-3.0 + 0.0636 *  x[0]^2.0 *  x[1]^0.5

2019-05-04-13-06-57   >>>>   End verify ranking function

verifying time = 19.063 ms


Not Found Ranking Fcuntion

Conterexample is 

[1, -1]

sampling time = 1.082 ms


       ########################################         

iteration 5 with 124 examples

2019-05-04-13-06-57   >>>>   Start train ranking function

2019-05-04-13-06-57   >>>>   End train ranking function

train_ranking_functioning time = 4.924 ms


2019-05-04-13-06-57   >>>>   Start verify ranking function

[xr_0 = 7/8, xr_1 = 1/8]
ranking function :  - 0.0057 *  x[0]^-0.5 *  x[1]^-3.0 + 0.0038 *  x[0]^-0.5 *  x[1]^-1.0 + 0.0132 *  x[0]^2.0 *  x[1]^-3.0 + 0.0569 *  x[0]^2.0 *  x[1]^0.5

2019-05-04-13-06-58   >>>>   End verify ranking function

verifying time = 18.424 ms


Not Found Ranking Fcuntion

Conterexample is 

[0.875, 0.125]

sampling time = 1.207 ms


       ########################################         

iteration 6 with 126 examples

2019-05-04-13-06-58   >>>>   Start train ranking function

2019-05-04-13-06-58   >>>>   End train ranking function

train_ranking_functioning time = 5.121 ms


2019-05-04-13-06-58   >>>>   Start verify ranking function

[xr_0 = 1, xr_1 = 1/8]
ranking function :  - 0.0255 *  x[0]^-0.5 *  x[1]^-3.0 + 0.0139 *  x[0]^-0.5 *  x[1]^-1.0 + 0.008 *  x[0]^2.0 *  x[1]^-3.0 + 0.058 *  x[0]^2.0 *  x[1]^0.5

2019-05-04-13-06-58   >>>>   End verify ranking function

verifying time = 18.368 ms


Not Found Ranking Fcuntion

Conterexample is 

[1, 0.125]

sampling time = 1.077 ms


       ########################################         

iteration 7 with 128 examples

2019-05-04-13-06-58   >>>>   Start train ranking function

2019-05-04-13-06-58   >>>>   End train ranking function

train_ranking_functioning time = 4.982 ms


2019-05-04-13-06-58   >>>>   Start verify ranking function

[xr_0 = 1, xr_1 = 1/8]
ranking function : 0.0004 *  x[0]^-0.5 *  x[1]^-3.0 + 0.0043 *  x[0]^-0.5 *  x[1]^-1.0 - 0.0024 *  x[0]^2.0 *  x[1]^-3.0 + 0.0587 *  x[0]^2.0 *  x[1]^0.5

2019-05-04-13-06-58   >>>>   End verify ranking function

verifying time = 17.809 ms


Not Found Ranking Fcuntion

Conterexample is 

[1, 0.125]

sampling time = 1.138 ms


       ########################################         

iteration 8 with 130 examples

2019-05-04-13-06-58   >>>>   Start train ranking function

2019-05-04-13-06-58   >>>>   End train ranking function

train_ranking_functioning time = 5.021 ms


2019-05-04-13-06-58   >>>>   Start verify ranking function

[xr_0 = 7/8, xr_1 = 1/8]
ranking function :  - 0.0046 *  x[0]^-0.5 *  x[1]^-3.0 - 0.0005 *  x[0]^-0.5 *  x[1]^-1.0 + 0.0109 *  x[0]^2.0 *  x[1]^-3.0 + 0.0583 *  x[0]^2.0 *  x[1]^0.5

2019-05-04-13-06-58   >>>>   End verify ranking function

verifying time = 18.279 ms


Not Found Ranking Fcuntion

Conterexample is 

[0.875, 0.125]

sampling time = 1.078 ms


       ########################################         

iteration 9 with 132 examples

2019-05-04-13-06-58   >>>>   Start train ranking function

2019-05-04-13-06-58   >>>>   End train ranking function

train_ranking_functioning time = 5.278 ms


2019-05-04-13-06-58   >>>>   Start verify ranking function

[xr_0 = 1, xr_1 = -1]
ranking function :  - 0.0004 *  x[0]^-0.5 *  x[1]^-3.0 - 0.0027 *  x[0]^-0.5 *  x[1]^-1.0 + 0.0044 *  x[0]^2.0 *  x[1]^-3.0 + 0.0582 *  x[0]^2.0 *  x[1]^0.5

2019-05-04-13-06-58   >>>>   End verify ranking function

verifying time = 18.700 ms


Not Found Ranking Fcuntion

Conterexample is 

[1, -1]

sampling time = 1.083 ms


       ########################################         

iteration 10 with 134 examples

2019-05-04-13-06-58   >>>>   Start train ranking function

2019-05-04-13-06-58   >>>>   End train ranking function

train_ranking_functioning time = 5.004 ms


2019-05-04-13-06-58   >>>>   Start verify ranking function

[xr_0 = 1, xr_1 = 1/8]
ranking function :  - 0.0008 *  x[0]^-0.5 *  x[1]^-3.0 - 0.0218 *  x[0]^-0.5 *  x[1]^-1.0 - 0.0011 *  x[0]^2.0 *  x[1]^-3.0 + 0.0553 *  x[0]^2.0 *  x[1]^0.5

2019-05-04-13-06-58   >>>>   End verify ranking function

verifying time = 17.763 ms


Not Found Ranking Fcuntion

Conterexample is 

[1, 0.125]

sampling time = 1.070 ms


       ########################################         

iteration 11 with 136 examples

2019-05-04-13-06-58   >>>>   Start train ranking function

2019-05-04-13-06-58   >>>>   End train ranking function

train_ranking_functioning time = 5.144 ms


2019-05-04-13-06-58   >>>>   Start verify ranking function

[xr_0 = 2, xr_1 = 1/8]
ranking function : 0.0059 *  x[0]^-0.5 *  x[1]^-3.0 - 0.0204 *  x[0]^-0.5 *  x[1]^-1.0 - 0.0091 *  x[0]^2.0 *  x[1]^-3.0 + 0.0583 *  x[0]^2.0 *  x[1]^0.5

2019-05-04-13-06-58   >>>>   End verify ranking function

verifying time = 18.329 ms


Not Found Ranking Fcuntion

Conterexample is 

[2, 0.125]

sampling time = 1.134 ms


       ########################################         

iteration 12 with 138 examples

2019-05-04-13-06-58   >>>>   Start train ranking function

2019-05-04-13-06-58   >>>>   End train ranking function

train_ranking_functioning time = 5.054 ms


2019-05-04-13-06-58   >>>>   Start verify ranking function

[xr_0 = 1, xr_1 = -1]
ranking function : 0.006 *  x[0]^-0.5 *  x[1]^-3.0 - 0.0186 *  x[0]^-0.5 *  x[1]^-1.0 + 0.0135 *  x[0]^2.0 *  x[1]^-3.0 + 0.0586 *  x[0]^2.0 *  x[1]^0.5

2019-05-04-13-06-58   >>>>   End verify ranking function

verifying time = 19.085 ms


Not Found Ranking Fcuntion

Conterexample is 

[1, -1]

sampling time = 1.089 ms


       ########################################         

iteration 13 with 140 examples

2019-05-04-13-06-58   >>>>   Start train ranking function

2019-05-04-13-06-58   >>>>   End train ranking function

train_ranking_functioning time = 5.151 ms


2019-05-04-13-06-58   >>>>   Start verify ranking function

[xr_0 = 7/8, xr_1 = 1/8]
ranking function :  - 0.0042 *  x[0]^-0.5 *  x[1]^-3.0 - 0.0442 *  x[0]^-0.5 *  x[1]^-1.0 + 0.0096 *  x[0]^2.0 *  x[1]^-3.0 + 0.0572 *  x[0]^2.0 *  x[1]^0.5

2019-05-04-13-06-58   >>>>   End verify ranking function

verifying time = 18.274 ms


Not Found Ranking Fcuntion

Conterexample is 

[0.875, 0.125]

sampling time = 1.121 ms


       ########################################         

iteration 14 with 142 examples

2019-05-04-13-06-58   >>>>   Start train ranking function

2019-05-04-13-06-58   >>>>   End train ranking function

train_ranking_functioning time = 5.127 ms


2019-05-04-13-06-58   >>>>   Start verify ranking function

[xr_0 = 1, xr_1 = 1/8]
ranking function :  - 0.0095 *  x[0]^-0.5 *  x[1]^-3.0 - 0.035 *  x[0]^-0.5 *  x[1]^-1.0 - 0.0062 *  x[0]^2.0 *  x[1]^-3.0 + 0.0597 *  x[0]^2.0 *  x[1]^0.5

2019-05-04-13-06-58   >>>>   End verify ranking function

verifying time = 19.242 ms


Not Found Ranking Fcuntion

Conterexample is 

[1, 0.125]

sampling time = 1.145 ms


       ########################################         

iteration 15 with 144 examples

2019-05-04-13-06-58   >>>>   Start train ranking function

2019-05-04-13-06-58   >>>>   End train ranking function

train_ranking_functioning time = 5.241 ms


2019-05-04-13-06-58   >>>>   Start verify ranking function

[xr_0 = 1, xr_1 = 1/8]
ranking function :  - 0.0049 *  x[0]^-0.5 *  x[1]^-3.0 - 0.0371 *  x[0]^-0.5 *  x[1]^-1.0 + 0.0032 *  x[0]^2.0 *  x[1]^-3.0 + 0.0587 *  x[0]^2.0 *  x[1]^0.5

2019-05-04-13-06-58   >>>>   End verify ranking function

verifying time = 17.832 ms


Not Found Ranking Fcuntion

Conterexample is 

[1, 0.125]

sampling time = 1.080 ms


       ########################################         

iteration 16 with 146 examples

2019-05-04-13-06-58   >>>>   Start train ranking function

2019-05-04-13-06-58   >>>>   End train ranking function

train_ranking_functioning time = 5.206 ms


2019-05-04-13-06-58   >>>>   Start verify ranking function

[xr_0 = 1/2, xr_1 = -1]
ranking function : 0.0021 *  x[0]^-0.5 *  x[1]^-3.0 - 0.0345 *  x[0]^-0.5 *  x[1]^-1.0 + 0.0005 *  x[0]^2.0 *  x[1]^-3.0 + 0.0575 *  x[0]^2.0 *  x[1]^0.5

2019-05-04-13-06-58   >>>>   End verify ranking function

verifying time = 19.477 ms


Not Found Ranking Fcuntion

Conterexample is 

[0.5, -1]

sampling time = 1.125 ms


       ########################################         

iteration 17 with 148 examples

2019-05-04-13-06-58   >>>>   Start train ranking function

2019-05-04-13-06-58   >>>>   End train ranking function

train_ranking_functioning time = 5.012 ms


2019-05-04-13-06-58   >>>>   Start verify ranking function

[xr_0 = 1, xr_1 = 1/8]
ranking function : 0.0006 *  x[0]^-0.5 *  x[1]^-3.0 - 0.0534 *  x[0]^-0.5 *  x[1]^-1.0 - 0.0064 *  x[0]^2.0 *  x[1]^-3.0 + 0.0555 *  x[0]^2.0 *  x[1]^0.5

2019-05-04-13-06-58   >>>>   End verify ranking function

verifying time = 17.807 ms


Not Found Ranking Fcuntion

Conterexample is 

[1, 0.125]

sampling time = 1.089 ms


       ########################################         

iteration 18 with 150 examples

2019-05-04-13-06-58   >>>>   Start train ranking function

2019-05-04-13-06-58   >>>>   End train ranking function

train_ranking_functioning time = 5.167 ms


2019-05-04-13-06-58   >>>>   Start verify ranking function

[xr_0 = 1, xr_1 = 1/8]
ranking function :  - 0.0114 *  x[0]^-0.5 *  x[1]^-3.0 - 0.0558 *  x[0]^-0.5 *  x[1]^-1.0 + 0.0231 *  x[0]^2.0 *  x[1]^-3.0 + 0.0574 *  x[0]^2.0 *  x[1]^0.5

2019-05-04-13-06-58   >>>>   End verify ranking function

verifying time = 17.717 ms


Not Found Ranking Fcuntion

Conterexample is 

[1, 0.125]

sampling time = 1.120 ms


       ########################################         

iteration 19 with 152 examples

2019-05-04-13-06-58   >>>>   Start train ranking function

2019-05-04-13-06-58   >>>>   End train ranking function

train_ranking_functioning time = 5.019 ms


2019-05-04-13-06-58   >>>>   Start verify ranking function

[xr_0 = 1/2, xr_1 = -1]
ranking function : 0.0029 *  x[0]^-0.5 *  x[1]^-3.0 - 0.0602 *  x[0]^-0.5 *  x[1]^-1.0 + 0.0101 *  x[0]^2.0 *  x[1]^-3.0 + 0.066 *  x[0]^2.0 *  x[1]^0.5

2019-05-04-13-06-58   >>>>   End verify ranking function

verifying time = 19.321 ms


Not Found Ranking Fcuntion

Conterexample is 

[0.5, -1]

sampling time = 1.074 ms


       ########################################         

iteration 20 with 154 examples

2019-05-04-13-06-58   >>>>   Start train ranking function

2019-05-04-13-06-58   >>>>   End train ranking function

train_ranking_functioning time = 5.109 ms


2019-05-04-13-06-58   >>>>   Start verify ranking function

[xr_0 = 1/4, xr_1 = -1]
ranking function : 0.003 *  x[0]^-0.5 *  x[1]^-3.0 - 0.0962 *  x[0]^-0.5 *  x[1]^-1.0 + 0.0169 *  x[0]^2.0 *  x[1]^-3.0 + 0.0516 *  x[0]^2.0 *  x[1]^0.5

2019-05-04-13-06-58   >>>>   End verify ranking function

verifying time = 19.571 ms


Not Found Ranking Fcuntion

Conterexample is 

[0.25, -1]

sampling time = 1.085 ms


       ########################################         

iteration 21 with 156 examples

2019-05-04-13-06-58   >>>>   Start train ranking function

2019-05-04-13-06-58   >>>>   End train ranking function

train_ranking_functioning time = 5.228 ms


2019-05-04-13-06-58   >>>>   Start verify ranking function

[xr_0 = 1, xr_1 = 1/8]
ranking function : 0.0041 *  x[0]^-0.5 *  x[1]^-3.0 - 0.1162 *  x[0]^-0.5 *  x[1]^-1.0 - 0.0056 *  x[0]^2.0 *  x[1]^-3.0 + 0.0573 *  x[0]^2.0 *  x[1]^0.5

2019-05-04-13-06-58   >>>>   End verify ranking function

verifying time = 18.213 ms


Not Found Ranking Fcuntion

Conterexample is 

[1, 0.125]

sampling time = 1.135 ms


       ########################################         

iteration 22 with 158 examples

2019-05-04-13-06-58   >>>>   Start train ranking function

2019-05-04-13-06-58   >>>>   End train ranking function

train_ranking_functioning time = 5.269 ms


2019-05-04-13-06-58   >>>>   Start verify ranking function

[xr_0 = 1/4, xr_1 = -1]
ranking function : 0.0154 *  x[0]^-0.5 *  x[1]^-3.0 - 0.1099 *  x[0]^-0.5 *  x[1]^-1.0 + 0.0162 *  x[0]^2.0 *  x[1]^-3.0 + 0.0539 *  x[0]^2.0 *  x[1]^0.5

2019-05-04-13-06-58   >>>>   End verify ranking function

verifying time = 20.033 ms


Not Found Ranking Fcuntion

Conterexample is 

[0.25, -1]

sampling time = 1.168 ms


       ########################################         

iteration 23 with 160 examples

2019-05-04-13-06-58   >>>>   Start train ranking function

2019-05-04-13-06-58   >>>>   End train ranking function

train_ranking_functioning time = 5.325 ms


2019-05-04-13-06-58   >>>>   Start verify ranking function

[xr_0 = 14, xr_1 = -1]
ranking function : 0.0098 *  x[0]^-0.5 *  x[1]^-3.0 - 0.1419 *  x[0]^-0.5 *  x[1]^-1.0 + 0.0076 *  x[0]^2.0 *  x[1]^-3.0 + 0.0442 *  x[0]^2.0 *  x[1]^0.5

2019-05-04-13-06-58   >>>>   End verify ranking function

verifying time = 18.955 ms


Not Found Ranking Fcuntion

Conterexample is 

[14, -1]

sampling time = 1.123 ms


       ########################################         

iteration 24 with 162 examples

2019-05-04-13-06-58   >>>>   Start train ranking function

2019-05-04-13-06-58   >>>>   End train ranking function

train_ranking_functioning time = 5.307 ms


2019-05-04-13-06-58   >>>>   Start verify ranking function

[xr_0 = 15, xr_1 = -1]
ranking function : 0.0122 *  x[0]^-0.5 *  x[1]^-3.0 - 0.1429 *  x[0]^-0.5 *  x[1]^-1.0 + 0.0083 *  x[0]^2.0 *  x[1]^-3.0 + 0.0493 *  x[0]^2.0 *  x[1]^0.5

2019-05-04-13-06-58   >>>>   End verify ranking function

verifying time = 19.309 ms


Not Found Ranking Fcuntion

Conterexample is 

[15, -1]

sampling time = 1.177 ms


Failed to prove it is terminated

UNKNOWN
Time For Template 1 Is--->-730.818000 ms

------Using Template 2 -----------
9 [3, 3, 3]
*****************************************************

2019-05-04-13-06-58   >>>>   End sampling point

sampling time = 120.155 ms,


       ########################################         

iteration 0 with 228 examples

2019-05-04-13-06-58   >>>>   Start train ranking function

2019-05-04-13-06-58   >>>>   End train ranking function

train_ranking_functioning time = 1.376 ms


2019-05-04-13-06-58   >>>>   Start verify ranking function

[xr_1 = 4945/6, xr_0 = 1]
ranking function : 0.9888 *  x[0]^1.0 + 0.4938 *  x[1]^1.0 + 0.3497 * 1; 0.577 *  x[0]^1.0 + 0.1314 *  x[1]^1.0 + 0.565 * 1; 0.3369 *  x[0]^1.0 + 0.0509 *  x[1]^1.0 + 0.8742 * 1

2019-05-04-13-06-58   >>>>   End verify ranking function

verifying time = 6.823 ms


Not Found Ranking Fcuntion

Conterexample is 

[1, 824.1666666666666]

sampling time = 1.998 ms


       ########################################         

iteration 1 with 232 examples

2019-05-04-13-06-58   >>>>   Start train ranking function

2019-05-04-13-06-58   >>>>   End train ranking function

train_ranking_functioning time = 2.830 ms


2019-05-04-13-06-58   >>>>   Start verify ranking function

[xr_1 = 1647, xr_0 = 1]
ranking function : 0.9886 *  x[0]^1.0 + 0.494 *  x[1]^1.0 + 0.3531 * 1; 0.5813 *  x[0]^1.0 + 0.1385 *  x[1]^1.0 + 0.5861 * 1; 0.2675 *  x[0]^1.0 + 0.0642 *  x[1]^1.0 + 0.9099 * 1

2019-05-04-13-06-58   >>>>   End verify ranking function

verifying time = 7.117 ms


Not Found Ranking Fcuntion

Conterexample is 

[1, 1647]

sampling time = 2.351 ms


       ########################################         

iteration 2 with 236 examples

2019-05-04-13-06-58   >>>>   Start train ranking function

2019-05-04-13-06-58   >>>>   End train ranking function

train_ranking_functioning time = 3.038 ms


2019-05-04-13-06-58   >>>>   Start verify ranking function

[xr_1 = 2470, xr_0 = 1]
ranking function : 0.9886 *  x[0]^1.0 + 0.4941 *  x[1]^1.0 + 0.3531 * 1; 0.5813 *  x[0]^1.0 + 0.1385 *  x[1]^1.0 + 0.5862 * 1; 0.2675 *  x[0]^1.0 + 0.0642 *  x[1]^1.0 + 0.91 * 1

2019-05-04-13-06-58   >>>>   End verify ranking function

verifying time = 6.980 ms


Not Found Ranking Fcuntion

Conterexample is 

[1, 2470]

sampling time = 2.116 ms


       ########################################         

iteration 3 with 240 examples

2019-05-04-13-06-58   >>>>   Start train ranking function

2019-05-04-13-06-58   >>>>   End train ranking function

train_ranking_functioning time = 3.077 ms


2019-05-04-13-06-58   >>>>   Start verify ranking function

[xr_1 = -9876, xr_0 = 1]
ranking function : 0.9885 *  x[0]^1.0 + 0.4943 *  x[1]^1.0 + 0.3532 * 1; 0.5813 *  x[0]^1.0 + 0.1384 *  x[1]^1.0 + 0.5862 * 1; 0.2674 *  x[0]^1.0 + 0.0643 *  x[1]^1.0 + 0.9101 * 1

2019-05-04-13-06-58   >>>>   End verify ranking function

verifying time = 7.142 ms


Not Found Ranking Fcuntion

Conterexample is 

[1, -9876]

sampling time = 2.024 ms


       ########################################         

iteration 4 with 244 examples

2019-05-04-13-06-58   >>>>   Start train ranking function

2019-05-04-13-06-58   >>>>   End train ranking function

train_ranking_functioning time = 3.249 ms


2019-05-04-13-06-58   >>>>   Start verify ranking function

[xr_1 = 9866/3, xr_0 = 1]
ranking function : 0.9873 *  x[0]^1.0 + 0.4935 *  x[1]^1.0 + 0.2555 * 1; 0.6806 *  x[0]^1.0 + 0.0936 *  x[1]^1.0 + 0.7249 * 1; 0.094 *  x[0]^1.0 + 0.9247 * 1

2019-05-04-13-06-58   >>>>   End verify ranking function

verifying time = 6.795 ms


Not Found Ranking Fcuntion

Conterexample is 

[1, 3288.6666666666665]

sampling time = 2.032 ms


       ########################################         

iteration 5 with 248 examples

2019-05-04-13-06-58   >>>>   Start train ranking function

2019-05-04-13-06-58   >>>>   End train ranking function

train_ranking_functioning time = 3.338 ms


2019-05-04-13-06-58   >>>>   Start verify ranking function

[xr_1 = 9866/3, xr_0 = 1]
ranking function : 0.9873 *  x[0]^1.0 + 0.4935 *  x[1]^1.0 + 0.2555 * 1; 0.6807 *  x[0]^1.0 + 0.0936 *  x[1]^1.0 + 0.725 * 1; 0.0939 *  x[0]^1.0 + 0.0001 *  x[1]^1.0 + 0.9247 * 1

2019-05-04-13-06-58   >>>>   End verify ranking function

verifying time = 6.951 ms


Not Found Ranking Fcuntion

Conterexample is 

[1, 3288.6666666666665]

sampling time = 2.026 ms


       ########################################         

iteration 6 with 252 examples

2019-05-04-13-06-58   >>>>   Start train ranking function

2019-05-04-13-06-58   >>>>   End train ranking function

train_ranking_functioning time = 3.379 ms


2019-05-04-13-06-58   >>>>   Start verify ranking function

[xr_1 = 9864, xr_0 = 1]
ranking function : 0.9873 *  x[0]^1.0 + 0.4936 *  x[1]^1.0 + 0.2555 * 1; 0.6807 *  x[0]^1.0 + 0.0936 *  x[1]^1.0 + 0.725 * 1; 0.0939 *  x[0]^1.0 + 0.9247 * 1

2019-05-04-13-06-58   >>>>   End verify ranking function

verifying time = 6.801 ms


Not Found Ranking Fcuntion

Conterexample is 

[1, 9864]

sampling time = 2.006 ms


       ########################################         

iteration 7 with 256 examples

2019-05-04-13-06-58   >>>>   Start train ranking function

2019-05-04-13-06-58   >>>>   End train ranking function

train_ranking_functioning time = 5.543 ms


2019-05-04-13-06-58   >>>>   Start verify ranking function

[xr_1 = 9864, xr_0 = 1]
ranking function : 0.9873 *  x[0]^1.0 + 0.4936 *  x[1]^1.0 + 0.2554 * 1; 0.6807 *  x[0]^1.0 + 0.0936 *  x[1]^1.0 + 0.725 * 1; 0.0938 *  x[0]^1.0 + 0.9248 * 1

2019-05-04-13-06-58   >>>>   End verify ranking function

verifying time = 7.300 ms


Not Found Ranking Fcuntion

Conterexample is 

[1, 9864]

sampling time = 2.359 ms


       ########################################         

iteration 8 with 260 examples

2019-05-04-13-06-58   >>>>   Start train ranking function

2019-05-04-13-06-58   >>>>   End train ranking function

train_ranking_functioning time = 5.209 ms


2019-05-04-13-06-58   >>>>   Start verify ranking function

[xr_1 = 9864, xr_0 = 1]
ranking function : 0.9873 *  x[0]^1.0 + 0.4936 *  x[1]^1.0 + 0.2555 * 1; 0.6807 *  x[0]^1.0 + 0.0936 *  x[1]^1.0 + 0.725 * 1; 0.0938 *  x[0]^1.0 + 0.9248 * 1

2019-05-04-13-06-58   >>>>   End verify ranking function

verifying time = 6.897 ms


Not Found Ranking Fcuntion

Conterexample is 

[1, 9864]

sampling time = 2.056 ms


       ########################################         

iteration 9 with 264 examples

2019-05-04-13-06-58   >>>>   Start train ranking function

2019-05-04-13-06-58   >>>>   End train ranking function

train_ranking_functioning time = 5.551 ms


2019-05-04-13-06-58   >>>>   Start verify ranking function

[xr_1 = 9864, xr_0 = 1]
ranking function : 0.9873 *  x[0]^1.0 + 0.4936 *  x[1]^1.0 + 0.2555 * 1; 0.6806 *  x[0]^1.0 + 0.0935 *  x[1]^1.0 + 0.7251 * 1; 0.0938 *  x[0]^1.0 + 0.9249 * 1

2019-05-04-13-06-58   >>>>   End verify ranking function

verifying time = 6.916 ms


Not Found Ranking Fcuntion

Conterexample is 

[1, 9864]

sampling time = 2.012 ms


       ########################################         

iteration 10 with 268 examples

2019-05-04-13-06-58   >>>>   Start train ranking function

2019-05-04-13-06-58   >>>>   End train ranking function

train_ranking_functioning time = 6.006 ms


2019-05-04-13-06-58   >>>>   Start verify ranking function

[xr_1 = -9864, xr_0 = 1]
ranking function : 0.9873 *  x[0]^1.0 + 0.4937 *  x[1]^1.0 + 0.2555 * 1; 0.6807 *  x[0]^1.0 + 0.0935 *  x[1]^1.0 + 0.7251 * 1; 0.0937 *  x[0]^1.0 + 0.9248 * 1

2019-05-04-13-06-58   >>>>   End verify ranking function

verifying time = 6.960 ms


Not Found Ranking Fcuntion

Conterexample is 

[1, -9864]

sampling time = 2.050 ms


       ########################################         

iteration 11 with 272 examples

2019-05-04-13-06-58   >>>>   Start train ranking function

2019-05-04-13-06-58   >>>>   End train ranking function

train_ranking_functioning time = 6.044 ms


2019-05-04-13-06-58   >>>>   Start verify ranking function

[xr_1 = -9864, xr_0 = 1]
ranking function : 0.9873 *  x[0]^1.0 + 0.4937 *  x[1]^1.0 + 0.2555 * 1; 0.6807 *  x[0]^1.0 + 0.0936 *  x[1]^1.0 + 0.7251 * 1; 0.0937 *  x[0]^1.0 + 0.9248 * 1

2019-05-04-13-06-58   >>>>   End verify ranking function

verifying time = 6.992 ms


Not Found Ranking Fcuntion

Conterexample is 

[1, -9864]

sampling time = 2.040 ms


       ########################################         

iteration 12 with 276 examples

2019-05-04-13-06-58   >>>>   Start train ranking function

2019-05-04-13-06-58   >>>>   End train ranking function

train_ranking_functioning time = 5.836 ms


2019-05-04-13-06-58   >>>>   Start verify ranking function

[xr_1 = -9864, xr_0 = 1]
ranking function : 0.9873 *  x[0]^1.0 + 0.4937 *  x[1]^1.0 + 0.2555 * 1; 0.6807 *  x[0]^1.0 + 0.0936 *  x[1]^1.0 + 0.7251 * 1; 0.0937 *  x[0]^1.0 + 0.0001 *  x[1]^1.0 + 0.9248 * 1

2019-05-04-13-06-58   >>>>   End verify ranking function

verifying time = 6.952 ms


Not Found Ranking Fcuntion

Conterexample is 

[1, -9864]

sampling time = 2.094 ms


       ########################################         

iteration 13 with 280 examples

2019-05-04-13-06-58   >>>>   Start train ranking function

2019-05-04-13-06-58   >>>>   End train ranking function

train_ranking_functioning time = 5.967 ms


2019-05-04-13-06-58   >>>>   Start verify ranking function

[xr_1 = -9864, xr_0 = 1]
ranking function : 0.9873 *  x[0]^1.0 + 0.4937 *  x[1]^1.0 + 0.2555 * 1; 0.6807 *  x[0]^1.0 + 0.0936 *  x[1]^1.0 + 0.7251 * 1; 0.0937 *  x[0]^1.0 + 0.0001 *  x[1]^1.0 + 0.9248 * 1

2019-05-04-13-06-58   >>>>   End verify ranking function

verifying time = 6.877 ms


Not Found Ranking Fcuntion

Conterexample is 

[1, -9864]

sampling time = 2.300 ms


       ########################################         

iteration 14 with 284 examples

2019-05-04-13-06-58   >>>>   Start train ranking function

2019-05-04-13-06-58   >>>>   End train ranking function

train_ranking_functioning time = 7.271 ms


2019-05-04-13-06-58   >>>>   Start verify ranking function

[xr_1 = -9864, xr_0 = 1]
ranking function : 0.9873 *  x[0]^1.0 + 0.4937 *  x[1]^1.0 + 0.2555 * 1; 0.6807 *  x[0]^1.0 + 0.0935 *  x[1]^1.0 + 0.7251 * 1; 0.0938 *  x[0]^1.0 + 0.9248 * 1

2019-05-04-13-06-58   >>>>   End verify ranking function

verifying time = 7.728 ms


Not Found Ranking Fcuntion

Conterexample is 

[1, -9864]

sampling time = 2.188 ms


       ########################################         

iteration 15 with 288 examples

2019-05-04-13-06-58   >>>>   Start train ranking function

2019-05-04-13-06-58   >>>>   End train ranking function

train_ranking_functioning time = 6.931 ms


2019-05-04-13-06-58   >>>>   Start verify ranking function

[xr_1 = -9864, xr_0 = 1]
ranking function : 0.9873 *  x[0]^1.0 + 0.4937 *  x[1]^1.0 + 0.2555 * 1; 0.6806 *  x[0]^1.0 + 0.0935 *  x[1]^1.0 + 0.7251 * 1; 0.0937 *  x[0]^1.0 + 0.9248 * 1

2019-05-04-13-06-58   >>>>   End verify ranking function

verifying time = 7.240 ms


Not Found Ranking Fcuntion

Conterexample is 

[1, -9864]

sampling time = 2.045 ms


       ########################################         

iteration 16 with 292 examples

2019-05-04-13-06-58   >>>>   Start train ranking function

2019-05-04-13-06-58   >>>>   End train ranking function

train_ranking_functioning time = 6.338 ms


2019-05-04-13-06-58   >>>>   Start verify ranking function

[xr_1 = -9864, xr_0 = 1]
ranking function : 0.9873 *  x[0]^1.0 + 0.4937 *  x[1]^1.0 + 0.2555 * 1; 0.6806 *  x[0]^1.0 + 0.0935 *  x[1]^1.0 + 0.7251 * 1; 0.0938 *  x[0]^1.0 + 0.9247 * 1

2019-05-04-13-06-58   >>>>   End verify ranking function

verifying time = 6.903 ms


Not Found Ranking Fcuntion

Conterexample is 

[1, -9864]

sampling time = 2.021 ms


       ########################################         

iteration 17 with 296 examples

2019-05-04-13-06-58   >>>>   Start train ranking function

2019-05-04-13-06-58   >>>>   End train ranking function

train_ranking_functioning time = 7.519 ms


2019-05-04-13-06-58   >>>>   Start verify ranking function

[xr_1 = -9864, xr_0 = 1]
ranking function : 0.9873 *  x[0]^1.0 + 0.4937 *  x[1]^1.0 + 0.2555 * 1; 0.6806 *  x[0]^1.0 + 0.0936 *  x[1]^1.0 + 0.7251 * 1; 0.0937 *  x[0]^1.0 + 0.9248 * 1

2019-05-04-13-06-58   >>>>   End verify ranking function

verifying time = 6.981 ms


Not Found Ranking Fcuntion

Conterexample is 

[1, -9864]

sampling time = 2.020 ms


       ########################################         

iteration 18 with 300 examples

2019-05-04-13-06-58   >>>>   Start train ranking function

2019-05-04-13-06-58   >>>>   End train ranking function

train_ranking_functioning time = 6.959 ms


2019-05-04-13-06-58   >>>>   Start verify ranking function

[xr_1 = -9864, xr_0 = 1]
ranking function : 0.9873 *  x[0]^1.0 + 0.4937 *  x[1]^1.0 + 0.2555 * 1; 0.6806 *  x[0]^1.0 + 0.0935 *  x[1]^1.0 + 0.725 * 1; 0.0938 *  x[0]^1.0 + 0.9248 * 1

2019-05-04-13-06-58   >>>>   End verify ranking function

verifying time = 6.878 ms


Not Found Ranking Fcuntion

Conterexample is 

[1, -9864]

sampling time = 2.007 ms


       ########################################         

iteration 19 with 304 examples

2019-05-04-13-06-58   >>>>   Start train ranking function

2019-05-04-13-06-58   >>>>   End train ranking function

train_ranking_functioning time = 7.182 ms


2019-05-04-13-06-58   >>>>   Start verify ranking function

[xr_1 = -9864, xr_0 = 1]
ranking function : 0.9873 *  x[0]^1.0 + 0.4937 *  x[1]^1.0 + 0.2555 * 1; 0.6806 *  x[0]^1.0 + 0.0936 *  x[1]^1.0 + 0.7251 * 1; 0.0937 *  x[0]^1.0 + 0.9248 * 1

2019-05-04-13-06-58   >>>>   End verify ranking function

verifying time = 6.899 ms


Not Found Ranking Fcuntion

Conterexample is 

[1, -9864]

sampling time = 2.047 ms


       ########################################         

iteration 20 with 308 examples

2019-05-04-13-06-58   >>>>   Start train ranking function

2019-05-04-13-06-58   >>>>   End train ranking function

train_ranking_functioning time = 7.057 ms


2019-05-04-13-06-58   >>>>   Start verify ranking function

[xr_1 = -9864, xr_0 = 1]
ranking function : 0.9873 *  x[0]^1.0 + 0.4937 *  x[1]^1.0 + 0.2555 * 1; 0.6807 *  x[0]^1.0 + 0.0936 *  x[1]^1.0 + 0.7251 * 1; 0.0937 *  x[0]^1.0 + 0.9248 * 1

2019-05-04-13-06-58   >>>>   End verify ranking function

verifying time = 6.836 ms


Not Found Ranking Fcuntion

Conterexample is 

[1, -9864]

sampling time = 2.000 ms


       ########################################         

iteration 21 with 312 examples

2019-05-04-13-06-58   >>>>   Start train ranking function

2019-05-04-13-06-58   >>>>   End train ranking function

train_ranking_functioning time = 7.269 ms


2019-05-04-13-06-58   >>>>   Start verify ranking function

[xr_1 = -9864, xr_0 = 1]
ranking function : 0.9873 *  x[0]^1.0 + 0.4937 *  x[1]^1.0 + 0.2555 * 1; 0.6807 *  x[0]^1.0 + 0.0936 *  x[1]^1.0 + 0.7251 * 1; 0.0937 *  x[0]^1.0 + 0.9248 * 1

2019-05-04-13-06-59   >>>>   End verify ranking function

verifying time = 6.837 ms


Not Found Ranking Fcuntion

Conterexample is 

[1, -9864]

sampling time = 2.141 ms


       ########################################         

iteration 22 with 316 examples

2019-05-04-13-06-59   >>>>   Start train ranking function

2019-05-04-13-06-59   >>>>   End train ranking function

train_ranking_functioning time = 8.022 ms


2019-05-04-13-06-59   >>>>   Start verify ranking function

[xr_1 = -9864, xr_0 = 1]
ranking function : 0.9873 *  x[0]^1.0 + 0.4937 *  x[1]^1.0 + 0.2555 * 1; 0.6807 *  x[0]^1.0 + 0.0936 *  x[1]^1.0 + 0.7251 * 1; 0.0937 *  x[0]^1.0 + 0.9248 * 1

2019-05-04-13-06-59   >>>>   End verify ranking function

verifying time = 7.155 ms


Not Found Ranking Fcuntion

Conterexample is 

[1, -9864]

sampling time = 2.010 ms


       ########################################         

iteration 23 with 320 examples

2019-05-04-13-06-59   >>>>   Start train ranking function

2019-05-04-13-06-59   >>>>   End train ranking function

train_ranking_functioning time = 8.178 ms


2019-05-04-13-06-59   >>>>   Start verify ranking function

[xr_1 = -9864, xr_0 = 1]
ranking function : 0.9873 *  x[0]^1.0 + 0.4937 *  x[1]^1.0 + 0.2555 * 1; 0.6807 *  x[0]^1.0 + 0.0936 *  x[1]^1.0 + 0.7251 * 1; 0.0937 *  x[0]^1.0 + 0.9248 * 1

2019-05-04-13-06-59   >>>>   End verify ranking function

verifying time = 6.823 ms


Not Found Ranking Fcuntion

Conterexample is 

[1, -9864]

sampling time = 2.005 ms


       ########################################         

iteration 24 with 324 examples

2019-05-04-13-06-59   >>>>   Start train ranking function

2019-05-04-13-06-59   >>>>   End train ranking function

train_ranking_functioning time = 7.816 ms


2019-05-04-13-06-59   >>>>   Start verify ranking function

[xr_1 = -9864, xr_0 = 1]
ranking function : 0.9873 *  x[0]^1.0 + 0.4937 *  x[1]^1.0 + 0.2555 * 1; 0.6807 *  x[0]^1.0 + 0.0936 *  x[1]^1.0 + 0.7251 * 1; 0.0937 *  x[0]^1.0 + 0.9248 * 1

2019-05-04-13-06-59   >>>>   End verify ranking function

verifying time = 6.927 ms


Not Found Ranking Fcuntion

Conterexample is 

[1, -9864]

sampling time = 2.024 ms


Failed to prove it is terminated

UNKNOWN
Time For Template 2 Is--->-557.870000 ms

------Using Template 3 -----------
6 [2, 2, 2]
*****************************************************

2019-05-04-13-06-59   >>>>   End sampling point

sampling time = 99.889 ms,


       ########################################         

iteration 0 with 228 examples

2019-05-04-13-06-59   >>>>   Start train ranking function

2019-05-04-13-06-59   >>>>   End train ranking function

train_ranking_functioning time = 5.756 ms


2019-05-04-13-06-59   >>>>   Start verify ranking function

[xr_0 = 1/2, xr_1 = 1/8]
ranking function : 0.1923 *  x[0]^2.0 *  x[1]^-2.0 - 0.0084 *  x[0]^-0.5 *  x[1]^-3.0; 0.0266 *  x[0]^3.0 *  x[1]^-0.5 - 0.0009 *  x[0]^-3.0 *  x[1]^3.0; 0.0643 *  x[0]^-1.0 *  x[1]^-1.0 + 0.2226 *  x[0]^-3.0 *  x[1]^2.0

2019-05-04-13-06-59   >>>>   End verify ranking function

verifying time = 14.896 ms


Not Found Ranking Fcuntion

Conterexample is 

[0.5, 0.125]

sampling time = 1.862 ms


       ########################################         

iteration 1 with 232 examples

2019-05-04-13-06-59   >>>>   Start train ranking function

2019-05-04-13-06-59   >>>>   End train ranking function

train_ranking_functioning time = 6.276 ms


2019-05-04-13-06-59   >>>>   Start verify ranking function

[xr_0 = 1/2, xr_1 = 1/8]
ranking function : 0.1869 *  x[0]^2.0 *  x[1]^-2.0 - 0.0071 *  x[0]^-0.5 *  x[1]^-3.0; 0.031 *  x[0]^3.0 *  x[1]^-0.5 + 0.0102 *  x[0]^-3.0 *  x[1]^3.0; 0.0467 *  x[0]^-1.0 *  x[1]^-1.0 + 0.2485 *  x[0]^-3.0 *  x[1]^2.0

2019-05-04-13-06-59   >>>>   End verify ranking function

verifying time = 74.878 ms


Not Found Ranking Fcuntion

Conterexample is 

[0.5, 0.125]

sampling time = 1.706 ms


       ########################################         

iteration 2 with 236 examples

2019-05-04-13-06-59   >>>>   Start train ranking function

2019-05-04-13-06-59   >>>>   End train ranking function

train_ranking_functioning time = 6.208 ms


2019-05-04-13-06-59   >>>>   Start verify ranking function

[xr_0 = 1/2, xr_1 = 1/8]
ranking function : 0.1936 *  x[0]^2.0 *  x[1]^-2.0 - 0.0077 *  x[0]^-0.5 *  x[1]^-3.0; 0.0187 *  x[0]^3.0 *  x[1]^-0.5 + 0.0155 *  x[0]^-3.0 *  x[1]^3.0; 0.0381 *  x[0]^-1.0 *  x[1]^-1.0 + 0.2592 *  x[0]^-3.0 *  x[1]^2.0

2019-05-04-13-06-59   >>>>   End verify ranking function

verifying time = 194.581 ms


Not Found Ranking Fcuntion

Conterexample is 

[0.5, 0.125]

sampling time = 1.777 ms


       ########################################         

iteration 3 with 240 examples

2019-05-04-13-06-59   >>>>   Start train ranking function

2019-05-04-13-06-59   >>>>   End train ranking function

train_ranking_functioning time = 6.157 ms


2019-05-04-13-06-59   >>>>   Start verify ranking function

[xr_0 = 1/2, xr_1 = 1/8]
ranking function : 0.1911 *  x[0]^2.0 *  x[1]^-2.0 - 0.0082 *  x[0]^-0.5 *  x[1]^-3.0; 0.0265 *  x[0]^3.0 *  x[1]^-0.5 + 0.0054 *  x[0]^-3.0 *  x[1]^3.0; 0.0421 *  x[0]^-1.0 *  x[1]^-1.0 + 0.2519 *  x[0]^-3.0 *  x[1]^2.0

2019-05-04-13-06-59   >>>>   End verify ranking function

verifying time = 81.037 ms


Not Found Ranking Fcuntion

Conterexample is 

[0.5, 0.125]

sampling time = 1.680 ms


       ########################################         

iteration 4 with 244 examples

2019-05-04-13-06-59   >>>>   Start train ranking function

2019-05-04-13-06-59   >>>>   End train ranking function

train_ranking_functioning time = 6.508 ms


2019-05-04-13-06-59   >>>>   Start verify ranking function

[xr_0 = 1/2, xr_1 = 1/8]
ranking function : 0.1954 *  x[0]^2.0 *  x[1]^-2.0 - 0.0027 *  x[0]^-0.5 *  x[1]^-3.0; 0.0337 *  x[0]^3.0 *  x[1]^-0.5 + 0.01 *  x[0]^-3.0 *  x[1]^3.0; 0.0381 *  x[0]^-1.0 *  x[1]^-1.0 + 0.2781 *  x[0]^-3.0 *  x[1]^2.0

2019-05-04-13-06-59   >>>>   End verify ranking function

verifying time = 187.083 ms


Not Found Ranking Fcuntion

Conterexample is 

[0.5, 0.125]

sampling time = 1.802 ms


       ########################################         

iteration 5 with 248 examples

2019-05-04-13-06-59   >>>>   Start train ranking function

2019-05-04-13-06-59   >>>>   End train ranking function

train_ranking_functioning time = 6.441 ms


2019-05-04-13-06-59   >>>>   Start verify ranking function

[xr_0 = 1/2, xr_1 = 1/8]
ranking function : 0.1918 *  x[0]^2.0 *  x[1]^-2.0 - 0.0076 *  x[0]^-0.5 *  x[1]^-3.0; 0.0344 *  x[0]^3.0 *  x[1]^-0.5 + 0.0166 *  x[0]^-3.0 *  x[1]^3.0; 0.0401 *  x[0]^-1.0 *  x[1]^-1.0 + 0.274 *  x[0]^-3.0 *  x[1]^2.0

2019-05-04-13-06-59   >>>>   End verify ranking function

verifying time = 76.750 ms


Not Found Ranking Fcuntion

Conterexample is 

[0.5, 0.125]

sampling time = 1.798 ms


       ########################################         

iteration 6 with 252 examples

2019-05-04-13-06-59   >>>>   Start train ranking function

2019-05-04-13-06-59   >>>>   End train ranking function

train_ranking_functioning time = 6.253 ms


2019-05-04-13-06-59   >>>>   Start verify ranking function

[xr_0 = 1/2, xr_1 = 1/8]
ranking function : 0.1908 *  x[0]^2.0 *  x[1]^-2.0 - 0.0086 *  x[0]^-0.5 *  x[1]^-3.0; 0.0249 *  x[0]^3.0 *  x[1]^-0.5 - 0.006 *  x[0]^-3.0 *  x[1]^3.0; 0.0395 *  x[0]^-1.0 *  x[1]^-1.0 + 0.2532 *  x[0]^-3.0 *  x[1]^2.0

2019-05-04-13-06-59   >>>>   End verify ranking function

verifying time = 74.784 ms


Not Found Ranking Fcuntion

Conterexample is 

[0.5, 0.125]

sampling time = 1.672 ms


       ########################################         

iteration 7 with 256 examples

2019-05-04-13-06-59   >>>>   Start train ranking function

2019-05-04-13-06-59   >>>>   End train ranking function

train_ranking_functioning time = 6.338 ms


2019-05-04-13-06-59   >>>>   Start verify ranking function

[xr_0 = 1/2, xr_1 = 1/8]
ranking function : 0.1879 *  x[0]^2.0 *  x[1]^-2.0 - 0.0036 *  x[0]^-0.5 *  x[1]^-3.0; 0.0151 *  x[0]^3.0 *  x[1]^-0.5 - 0.006 *  x[0]^-3.0 *  x[1]^3.0; 0.0401 *  x[0]^-1.0 *  x[1]^-1.0 + 0.2578 *  x[0]^-3.0 *  x[1]^2.0

2019-05-04-13-07-00   >>>>   End verify ranking function

verifying time = 193.117 ms


Not Found Ranking Fcuntion

Conterexample is 

[0.5, 0.125]

sampling time = 1.714 ms


       ########################################         

iteration 8 with 260 examples

2019-05-04-13-07-00   >>>>   Start train ranking function

2019-05-04-13-07-00   >>>>   End train ranking function

train_ranking_functioning time = 6.569 ms


2019-05-04-13-07-00   >>>>   Start verify ranking function

[xr_0 = 1/2, xr_1 = 1/8]
ranking function : 0.1861 *  x[0]^2.0 *  x[1]^-2.0 - 0.0066 *  x[0]^-0.5 *  x[1]^-3.0; 0.0263 *  x[0]^3.0 *  x[1]^-0.5 + 0.0146 *  x[0]^-3.0 *  x[1]^3.0; 0.0397 *  x[0]^-1.0 *  x[1]^-1.0 + 0.2782 *  x[0]^-3.0 *  x[1]^2.0

2019-05-04-13-07-00   >>>>   End verify ranking function

verifying time = 80.054 ms


Not Found Ranking Fcuntion

Conterexample is 

[0.5, 0.125]

sampling time = 1.667 ms


       ########################################         

iteration 9 with 264 examples

2019-05-04-13-07-00   >>>>   Start train ranking function

2019-05-04-13-07-00   >>>>   End train ranking function

train_ranking_functioning time = 6.802 ms


2019-05-04-13-07-00   >>>>   Start verify ranking function

[xr_0 = 1/2, xr_1 = 1/8]
ranking function : 0.1933 *  x[0]^2.0 *  x[1]^-2.0 - 0.007 *  x[0]^-0.5 *  x[1]^-3.0; 0.0263 *  x[0]^3.0 *  x[1]^-0.5 + 0.0126 *  x[0]^-3.0 *  x[1]^3.0; 0.0381 *  x[0]^-1.0 *  x[1]^-1.0 + 0.2708 *  x[0]^-3.0 *  x[1]^2.0

2019-05-04-13-07-00   >>>>   End verify ranking function

verifying time = 15.007 ms


Not Found Ranking Fcuntion

Conterexample is 

[0.5, 0.125]

sampling time = 1.702 ms


       ########################################         

iteration 10 with 268 examples

2019-05-04-13-07-00   >>>>   Start train ranking function

2019-05-04-13-07-00   >>>>   End train ranking function

train_ranking_functioning time = 6.766 ms


2019-05-04-13-07-00   >>>>   Start verify ranking function

[xr_0 = 1/2, xr_1 = 1/8]
ranking function : 0.1901 *  x[0]^2.0 *  x[1]^-2.0 - 0.0081 *  x[0]^-0.5 *  x[1]^-3.0; 0.0289 *  x[0]^3.0 *  x[1]^-0.5 + 0.0086 *  x[0]^-3.0 *  x[1]^3.0; 0.0404 *  x[0]^-1.0 *  x[1]^-1.0 + 0.2849 *  x[0]^-3.0 *  x[1]^2.0

2019-05-04-13-07-00   >>>>   End verify ranking function

verifying time = 14.937 ms


Not Found Ranking Fcuntion

Conterexample is 

[0.5, 0.125]

sampling time = 1.655 ms


       ########################################         

iteration 11 with 272 examples

2019-05-04-13-07-00   >>>>   Start train ranking function

2019-05-04-13-07-00   >>>>   End train ranking function

train_ranking_functioning time = 6.981 ms


2019-05-04-13-07-00   >>>>   Start verify ranking function

[xr_0 = 1/2, xr_1 = 1/8]
ranking function : 0.1902 *  x[0]^2.0 *  x[1]^-2.0 - 0.0037 *  x[0]^-0.5 *  x[1]^-3.0; 0.0297 *  x[0]^3.0 *  x[1]^-0.5 + 0.0151 *  x[0]^-3.0 *  x[1]^3.0; 0.0402 *  x[0]^-1.0 *  x[1]^-1.0 + 0.2785 *  x[0]^-3.0 *  x[1]^2.0

2019-05-04-13-07-00   >>>>   End verify ranking function

verifying time = 75.747 ms


Not Found Ranking Fcuntion

Conterexample is 

[0.5, 0.125]

sampling time = 1.691 ms


       ########################################         

iteration 12 with 276 examples

2019-05-04-13-07-00   >>>>   Start train ranking function

2019-05-04-13-07-00   >>>>   End train ranking function

train_ranking_functioning time = 7.043 ms


2019-05-04-13-07-00   >>>>   Start verify ranking function

[xr_0 = 1/2, xr_1 = 1/8]
ranking function : 0.1891 *  x[0]^2.0 *  x[1]^-2.0 - 0.0098 *  x[0]^-0.5 *  x[1]^-3.0; 0.0279 *  x[0]^3.0 *  x[1]^-0.5 + 0.0114 *  x[0]^-3.0 *  x[1]^3.0; 0.0381 *  x[0]^-1.0 *  x[1]^-1.0 + 0.2927 *  x[0]^-3.0 *  x[1]^2.0

2019-05-04-13-07-00   >>>>   End verify ranking function

verifying time = 15.718 ms


Not Found Ranking Fcuntion

Conterexample is 

[0.5, 0.125]

sampling time = 1.843 ms


       ########################################         

iteration 13 with 280 examples

2019-05-04-13-07-00   >>>>   Start train ranking function

2019-05-04-13-07-00   >>>>   End train ranking function

train_ranking_functioning time = 7.255 ms


2019-05-04-13-07-00   >>>>   Start verify ranking function

[xr_0 = 1/2, xr_1 = 1/8]
ranking function : 0.191 *  x[0]^2.0 *  x[1]^-2.0 - 0.0054 *  x[0]^-0.5 *  x[1]^-3.0; 0.0263 *  x[0]^3.0 *  x[1]^-0.5 + 0.0256 *  x[0]^-3.0 *  x[1]^3.0; 0.0332 *  x[0]^-1.0 *  x[1]^-1.0 + 0.296 *  x[0]^-3.0 *  x[1]^2.0

2019-05-04-13-07-00   >>>>   End verify ranking function

verifying time = 76.333 ms


Not Found Ranking Fcuntion

Conterexample is 

[0.5, 0.125]

sampling time = 1.664 ms


       ########################################         

iteration 14 with 284 examples

2019-05-04-13-07-00   >>>>   Start train ranking function

2019-05-04-13-07-00   >>>>   End train ranking function

train_ranking_functioning time = 7.078 ms


2019-05-04-13-07-00   >>>>   Start verify ranking function

[xr_0 = 1/2, xr_1 = 1/8]
ranking function : 0.1931 *  x[0]^2.0 *  x[1]^-2.0 - 0.0087 *  x[0]^-0.5 *  x[1]^-3.0; 0.0266 *  x[0]^3.0 *  x[1]^-0.5 + 0.0004 *  x[0]^-3.0 *  x[1]^3.0; 0.0391 *  x[0]^-1.0 *  x[1]^-1.0 + 0.2915 *  x[0]^-3.0 *  x[1]^2.0

2019-05-04-13-07-00   >>>>   End verify ranking function

verifying time = 14.908 ms


Not Found Ranking Fcuntion

Conterexample is 

[0.5, 0.125]

sampling time = 1.704 ms


       ########################################         

iteration 15 with 288 examples

2019-05-04-13-07-00   >>>>   Start train ranking function

2019-05-04-13-07-00   >>>>   End train ranking function

train_ranking_functioning time = 7.078 ms


2019-05-04-13-07-00   >>>>   Start verify ranking function

[xr_0 = 1, xr_1 = 1/8]
ranking function : 0.1865 *  x[0]^2.0 *  x[1]^-2.0 - 0.0191 *  x[0]^-0.5 *  x[1]^-3.0; 0.024 *  x[0]^3.0 *  x[1]^-0.5 + 0.0021 *  x[0]^-3.0 *  x[1]^3.0; 0.0386 *  x[0]^-1.0 *  x[1]^-1.0 + 0.2923 *  x[0]^-3.0 *  x[1]^2.0

2019-05-04-13-07-00   >>>>   End verify ranking function

verifying time = 78.710 ms


Not Found Ranking Fcuntion

Conterexample is 

[1, 0.125]

sampling time = 1.653 ms


       ########################################         

iteration 16 with 292 examples

2019-05-04-13-07-00   >>>>   Start train ranking function

2019-05-04-13-07-00   >>>>   End train ranking function

train_ranking_functioning time = 7.247 ms


2019-05-04-13-07-00   >>>>   Start verify ranking function

[xr_0 = 1, xr_1 = 1/8]
ranking function : 0.1942 *  x[0]^2.0 *  x[1]^-2.0 - 0.0132 *  x[0]^-0.5 *  x[1]^-3.0; 0.0426 *  x[0]^3.0 *  x[1]^-0.5 + 0.0129 *  x[0]^-3.0 *  x[1]^3.0; 0.0416 *  x[0]^-1.0 *  x[1]^-1.0 + 0.2868 *  x[0]^-3.0 *  x[1]^2.0

2019-05-04-13-07-00   >>>>   End verify ranking function

verifying time = 73.235 ms


Not Found Ranking Fcuntion

Conterexample is 

[1, 0.125]

sampling time = 1.669 ms


       ########################################         

iteration 17 with 296 examples

2019-05-04-13-07-00   >>>>   Start train ranking function

2019-05-04-13-07-00   >>>>   End train ranking function

train_ranking_functioning time = 7.090 ms


2019-05-04-13-07-00   >>>>   Start verify ranking function

[xr_0 = 1/2, xr_1 = 1/8]
ranking function : 0.1899 *  x[0]^2.0 *  x[1]^-2.0 - 0.0085 *  x[0]^-0.5 *  x[1]^-3.0; 0.0253 *  x[0]^3.0 *  x[1]^-0.5 + 0.0153 *  x[0]^-3.0 *  x[1]^3.0; 0.044 *  x[0]^-1.0 *  x[1]^-1.0 + 0.2697 *  x[0]^-3.0 *  x[1]^2.0

2019-05-04-13-07-00   >>>>   End verify ranking function

verifying time = 14.891 ms


Not Found Ranking Fcuntion

Conterexample is 

[0.5, 0.125]

sampling time = 1.728 ms


       ########################################         

iteration 18 with 300 examples

2019-05-04-13-07-00   >>>>   Start train ranking function

2019-05-04-13-07-00   >>>>   End train ranking function

train_ranking_functioning time = 7.361 ms


2019-05-04-13-07-00   >>>>   Start verify ranking function

[xr_0 = 1, xr_1 = 1/8]
ranking function : 0.1892 *  x[0]^2.0 *  x[1]^-2.0 - 0.012 *  x[0]^-0.5 *  x[1]^-3.0; 0.0267 *  x[0]^3.0 *  x[1]^-0.5 + 0.0131 *  x[0]^-3.0 *  x[1]^3.0; 0.0436 *  x[0]^-1.0 *  x[1]^-1.0 + 0.2826 *  x[0]^-3.0 *  x[1]^2.0

2019-05-04-13-07-00   >>>>   End verify ranking function

verifying time = 77.256 ms


Not Found Ranking Fcuntion

Conterexample is 

[1, 0.125]

sampling time = 1.839 ms


       ########################################         

iteration 19 with 304 examples

2019-05-04-13-07-00   >>>>   Start train ranking function

2019-05-04-13-07-00   >>>>   End train ranking function

train_ranking_functioning time = 7.553 ms


2019-05-04-13-07-00   >>>>   Start verify ranking function

[xr_0 = 1/2, xr_1 = 1/8]
ranking function : 0.1926 *  x[0]^2.0 *  x[1]^-2.0 - 0.008 *  x[0]^-0.5 *  x[1]^-3.0; 0.0329 *  x[0]^3.0 *  x[1]^-0.5 + 0.0078 *  x[0]^-3.0 *  x[1]^3.0; 0.0458 *  x[0]^-1.0 *  x[1]^-1.0 + 0.2869 *  x[0]^-3.0 *  x[1]^2.0

2019-05-04-13-07-00   >>>>   End verify ranking function

verifying time = 15.184 ms


Not Found Ranking Fcuntion

Conterexample is 

[0.5, 0.125]

sampling time = 1.695 ms


       ########################################         

iteration 20 with 308 examples

2019-05-04-13-07-00   >>>>   Start train ranking function

2019-05-04-13-07-00   >>>>   End train ranking function

train_ranking_functioning time = 7.502 ms


2019-05-04-13-07-00   >>>>   Start verify ranking function

[xr_0 = 1/2, xr_1 = 1/8]
ranking function : 0.1918 *  x[0]^2.0 *  x[1]^-2.0 - 0.0072 *  x[0]^-0.5 *  x[1]^-3.0; 0.0276 *  x[0]^3.0 *  x[1]^-0.5 + 0.0007 *  x[0]^-3.0 *  x[1]^3.0; 0.045 *  x[0]^-1.0 *  x[1]^-1.0 + 0.28 *  x[0]^-3.0 *  x[1]^2.0

2019-05-04-13-07-00   >>>>   End verify ranking function

verifying time = 14.927 ms


Not Found Ranking Fcuntion

Conterexample is 

[0.5, 0.125]

sampling time = 1.652 ms


       ########################################         

iteration 21 with 312 examples

2019-05-04-13-07-00   >>>>   Start train ranking function

2019-05-04-13-07-00   >>>>   End train ranking function

train_ranking_functioning time = 7.693 ms


2019-05-04-13-07-00   >>>>   Start verify ranking function

[xr_0 = 1, xr_1 = 1/8]
ranking function : 0.1886 *  x[0]^2.0 *  x[1]^-2.0 - 0.0163 *  x[0]^-0.5 *  x[1]^-3.0; 0.0289 *  x[0]^3.0 *  x[1]^-0.5 + 0.0344 *  x[0]^-3.0 *  x[1]^3.0; 0.0465 *  x[0]^-1.0 *  x[1]^-1.0 + 0.2889 *  x[0]^-3.0 *  x[1]^2.0

2019-05-04-13-07-01   >>>>   End verify ranking function

verifying time = 190.951 ms


Not Found Ranking Fcuntion

Conterexample is 

[1, 0.125]

sampling time = 1.808 ms


       ########################################         

iteration 22 with 316 examples

2019-05-04-13-07-01   >>>>   Start train ranking function

2019-05-04-13-07-01   >>>>   End train ranking function

train_ranking_functioning time = 7.624 ms


2019-05-04-13-07-01   >>>>   Start verify ranking function

[xr_0 = 1/2, xr_1 = 1/8]
ranking function : 0.1926 *  x[0]^2.0 *  x[1]^-2.0 - 0.0079 *  x[0]^-0.5 *  x[1]^-3.0; 0.0343 *  x[0]^3.0 *  x[1]^-0.5 + 0.0073 *  x[0]^-3.0 *  x[1]^3.0; 0.047 *  x[0]^-1.0 *  x[1]^-1.0 + 0.2815 *  x[0]^-3.0 *  x[1]^2.0

2019-05-04-13-07-01   >>>>   End verify ranking function

verifying time = 14.945 ms


Not Found Ranking Fcuntion

Conterexample is 

[0.5, 0.125]

sampling time = 1.725 ms


       ########################################         

iteration 23 with 320 examples

2019-05-04-13-07-01   >>>>   Start train ranking function

2019-05-04-13-07-01   >>>>   End train ranking function

train_ranking_functioning time = 7.732 ms


2019-05-04-13-07-01   >>>>   Start verify ranking function

[xr_0 = 1/2, xr_1 = 1/8]
ranking function : 0.1879 *  x[0]^2.0 *  x[1]^-2.0 - 0.008 *  x[0]^-0.5 *  x[1]^-3.0; 0.0306 *  x[0]^3.0 *  x[1]^-0.5 + 0.0235 *  x[0]^-3.0 *  x[1]^3.0; 0.0464 *  x[0]^-1.0 *  x[1]^-1.0 + 0.2822 *  x[0]^-3.0 *  x[1]^2.0

2019-05-04-13-07-01   >>>>   End verify ranking function

verifying time = 147.395 ms


Not Found Ranking Fcuntion

Conterexample is 

[0.5, 0.125]

sampling time = 1.685 ms


       ########################################         

iteration 24 with 324 examples

2019-05-04-13-07-01   >>>>   Start train ranking function

2019-05-04-13-07-01   >>>>   End train ranking function

train_ranking_functioning time = 7.650 ms


2019-05-04-13-07-01   >>>>   Start verify ranking function

[xr_0 = 1/2, xr_1 = 1/8]
ranking function : 0.1894 *  x[0]^2.0 *  x[1]^-2.0 - 0.0076 *  x[0]^-0.5 *  x[1]^-3.0; 0.0228 *  x[0]^3.0 *  x[1]^-0.5 + 0.0069 *  x[0]^-3.0 *  x[1]^3.0; 0.0468 *  x[0]^-1.0 *  x[1]^-1.0 + 0.2766 *  x[0]^-3.0 *  x[1]^2.0

2019-05-04-13-07-01   >>>>   End verify ranking function

verifying time = 77.688 ms


Not Found Ranking Fcuntion

Conterexample is 

[0.5, 0.125]

sampling time = 1.685 ms


Failed to prove it is terminated

UNKNOWN
Time For Template 3 Is--->-2270.621000 ms

------Using Template 4 -----------
15 [3, 3, 3, 3, 3]
*****************************************************

2019-05-04-13-07-01   >>>>   End sampling point

sampling time = 198.684 ms,


       ########################################         

iteration 0 with 342 examples

2019-05-04-13-07-01   >>>>   Start train ranking function

2019-05-04-13-07-01   >>>>   End train ranking function

train_ranking_functioning time = 1.469 ms


2019-05-04-13-07-01   >>>>   Start verify ranking function

[xr_1 = 9890/9, xr_0 = 1]
ranking function : 0.9891 *  x[0]^1.0 + 0.4941 *  x[1]^1.0 + 0.4299 * 1; 0.4641 *  x[0]^1.0 + 0.0634 *  x[1]^1.0 + 0.4863 * 1; 0.4016 *  x[0]^1.0 + 0.1414 *  x[1]^1.0 + 0.3981 * 1; 0.507 *  x[0]^1.0 + 0.2059 *  x[1]^1.0 + 0.5327 * 1; 0.3652 *  x[0]^1.0 + 0.0391 *  x[1]^1.0 + 0.8528 * 1

2019-05-04-13-07-01   >>>>   End verify ranking function

verifying time = 7.025 ms


Not Found Ranking Fcuntion

Conterexample is 

[1, 1098.888888888889]

sampling time = 3.475 ms


       ########################################         

iteration 1 with 348 examples

2019-05-04-13-07-01   >>>>   Start train ranking function

2019-05-04-13-07-01   >>>>   End train ranking function

train_ranking_functioning time = 3.123 ms


2019-05-04-13-07-01   >>>>   Start verify ranking function

[xr_1 = 9886/5, xr_0 = 1]
ranking function : 0.9891 *  x[0]^1.0 + 0.4943 *  x[1]^1.0 + 0.4296 * 1; 0.4668 *  x[0]^1.0 + 0.0659 *  x[1]^1.0 + 0.4958 * 1; 0.3803 *  x[0]^1.0 + 0.1571 *  x[1]^1.0 + 0.3951 * 1; 0.5184 *  x[0]^1.0 + 0.2063 *  x[1]^1.0 + 0.5533 * 1; 0.3085 *  x[0]^1.0 + 0.0509 *  x[1]^1.0 + 0.883 * 1

2019-05-04-13-07-01   >>>>   End verify ranking function

verifying time = 6.922 ms


Not Found Ranking Fcuntion

Conterexample is 

[1, 1977.2]

sampling time = 3.415 ms


       ########################################         

iteration 2 with 354 examples

2019-05-04-13-07-01   >>>>   Start train ranking function

2019-05-04-13-07-01   >>>>   End train ranking function

train_ranking_functioning time = 3.227 ms


2019-05-04-13-07-01   >>>>   Start verify ranking function

[xr_1 = 9884/3, xr_0 = 1]
ranking function : 0.9891 *  x[0]^1.0 + 0.4944 *  x[1]^1.0 + 0.4296 * 1; 0.4668 *  x[0]^1.0 + 0.0659 *  x[1]^1.0 + 0.4958 * 1; 0.3803 *  x[0]^1.0 + 0.1571 *  x[1]^1.0 + 0.3951 * 1; 0.5184 *  x[0]^1.0 + 0.2063 *  x[1]^1.0 + 0.5533 * 1; 0.3085 *  x[0]^1.0 + 0.0509 *  x[1]^1.0 + 0.883 * 1

2019-05-04-13-07-01   >>>>   End verify ranking function

verifying time = 6.924 ms


Not Found Ranking Fcuntion

Conterexample is 

[1, 3294.6666666666665]

sampling time = 3.336 ms


       ########################################         

iteration 3 with 360 examples

2019-05-04-13-07-01   >>>>   Start train ranking function

2019-05-04-13-07-01   >>>>   End train ranking function

train_ranking_functioning time = 3.558 ms


2019-05-04-13-07-01   >>>>   Start verify ranking function

[xr_1 = 9882, xr_0 = 1]
ranking function : 0.9891 *  x[0]^1.0 + 0.4945 *  x[1]^1.0 + 0.4296 * 1; 0.4668 *  x[0]^1.0 + 0.0658 *  x[1]^1.0 + 0.4958 * 1; 0.3803 *  x[0]^1.0 + 0.1571 *  x[1]^1.0 + 0.3951 * 1; 0.5184 *  x[0]^1.0 + 0.2063 *  x[1]^1.0 + 0.5533 * 1; 0.3084 *  x[0]^1.0 + 0.051 *  x[1]^1.0 + 0.8831 * 1

2019-05-04-13-07-01   >>>>   End verify ranking function

verifying time = 6.842 ms


Not Found Ranking Fcuntion

Conterexample is 

[1, 9882]

sampling time = 3.346 ms


       ########################################         

iteration 4 with 366 examples

2019-05-04-13-07-01   >>>>   Start train ranking function

2019-05-04-13-07-01   >>>>   End train ranking function

train_ranking_functioning time = 3.523 ms


2019-05-04-13-07-01   >>>>   Start verify ranking function

[xr_1 = 9882, xr_0 = 1]
ranking function : 0.9891 *  x[0]^1.0 + 0.4945 *  x[1]^1.0 + 0.4296 * 1; 0.4668 *  x[0]^1.0 + 0.0658 *  x[1]^1.0 + 0.4958 * 1; 0.3803 *  x[0]^1.0 + 0.1572 *  x[1]^1.0 + 0.3951 * 1; 0.5184 *  x[0]^1.0 + 0.2063 *  x[1]^1.0 + 0.5533 * 1; 0.3084 *  x[0]^1.0 + 0.051 *  x[1]^1.0 + 0.8831 * 1

2019-05-04-13-07-01   >>>>   End verify ranking function

verifying time = 6.852 ms


Not Found Ranking Fcuntion

Conterexample is 

[1, 9882]

sampling time = 3.329 ms


       ########################################         

iteration 5 with 372 examples

2019-05-04-13-07-01   >>>>   Start train ranking function

2019-05-04-13-07-01   >>>>   End train ranking function

train_ranking_functioning time = 4.486 ms


2019-05-04-13-07-01   >>>>   Start verify ranking function

[xr_1 = 9882, xr_0 = 1]
ranking function : 0.9891 *  x[0]^1.0 + 0.4945 *  x[1]^1.0 + 0.4296 * 1; 0.4668 *  x[0]^1.0 + 0.0658 *  x[1]^1.0 + 0.4958 * 1; 0.3802 *  x[0]^1.0 + 0.1572 *  x[1]^1.0 + 0.3951 * 1; 0.5184 *  x[0]^1.0 + 0.2063 *  x[1]^1.0 + 0.5533 * 1; 0.3084 *  x[0]^1.0 + 0.051 *  x[1]^1.0 + 0.8831 * 1

2019-05-04-13-07-01   >>>>   End verify ranking function

verifying time = 6.796 ms


Not Found Ranking Fcuntion

Conterexample is 

[1, 9882]

sampling time = 3.317 ms


       ########################################         

iteration 6 with 378 examples

2019-05-04-13-07-01   >>>>   Start train ranking function

2019-05-04-13-07-01   >>>>   End train ranking function

train_ranking_functioning time = 5.679 ms


2019-05-04-13-07-01   >>>>   Start verify ranking function

[xr_1 = 9882, xr_0 = 1]
ranking function : 0.9891 *  x[0]^1.0 + 0.4945 *  x[1]^1.0 + 0.4295 * 1; 0.4668 *  x[0]^1.0 + 0.0658 *  x[1]^1.0 + 0.4958 * 1; 0.3803 *  x[0]^1.0 + 0.1572 *  x[1]^1.0 + 0.3951 * 1; 0.5184 *  x[0]^1.0 + 0.2063 *  x[1]^1.0 + 0.5533 * 1; 0.3083 *  x[0]^1.0 + 0.051 *  x[1]^1.0 + 0.8831 * 1

2019-05-04-13-07-01   >>>>   End verify ranking function

verifying time = 6.878 ms


Not Found Ranking Fcuntion

Conterexample is 

[1, 9882]

sampling time = 3.319 ms


       ########################################         

iteration 7 with 384 examples

2019-05-04-13-07-01   >>>>   Start train ranking function

2019-05-04-13-07-01   >>>>   End train ranking function

train_ranking_functioning time = 5.288 ms


2019-05-04-13-07-01   >>>>   Start verify ranking function

[xr_1 = 9882, xr_0 = 1]
ranking function : 0.9891 *  x[0]^1.0 + 0.4945 *  x[1]^1.0 + 0.4295 * 1; 0.4668 *  x[0]^1.0 + 0.0658 *  x[1]^1.0 + 0.4958 * 1; 0.3802 *  x[0]^1.0 + 0.1572 *  x[1]^1.0 + 0.3951 * 1; 0.5184 *  x[0]^1.0 + 0.2063 *  x[1]^1.0 + 0.5533 * 1; 0.3083 *  x[0]^1.0 + 0.051 *  x[1]^1.0 + 0.8831 * 1

2019-05-04-13-07-01   >>>>   End verify ranking function

verifying time = 6.873 ms


Not Found Ranking Fcuntion

Conterexample is 

[1, 9882]

sampling time = 3.319 ms


       ########################################         

iteration 8 with 390 examples

2019-05-04-13-07-01   >>>>   Start train ranking function

2019-05-04-13-07-01   >>>>   End train ranking function

train_ranking_functioning time = 6.053 ms


2019-05-04-13-07-01   >>>>   Start verify ranking function

[xr_1 = 9882, xr_0 = 1]
ranking function : 0.9891 *  x[0]^1.0 + 0.4945 *  x[1]^1.0 + 0.4296 * 1; 0.4668 *  x[0]^1.0 + 0.0658 *  x[1]^1.0 + 0.4958 * 1; 0.3802 *  x[0]^1.0 + 0.1572 *  x[1]^1.0 + 0.3951 * 1; 0.5185 *  x[0]^1.0 + 0.2062 *  x[1]^1.0 + 0.5533 * 1; 0.3084 *  x[0]^1.0 + 0.051 *  x[1]^1.0 + 0.8831 * 1

2019-05-04-13-07-01   >>>>   End verify ranking function

verifying time = 7.677 ms


Not Found Ranking Fcuntion

Conterexample is 

[1, 9882]

sampling time = 3.606 ms


       ########################################         

iteration 9 with 396 examples

2019-05-04-13-07-01   >>>>   Start train ranking function

2019-05-04-13-07-01   >>>>   End train ranking function

train_ranking_functioning time = 6.298 ms


2019-05-04-13-07-01   >>>>   Start verify ranking function

[xr_1 = 9882, xr_0 = 1]
ranking function : 0.9891 *  x[0]^1.0 + 0.4945 *  x[1]^1.0 + 0.4295 * 1; 0.4668 *  x[0]^1.0 + 0.0658 *  x[1]^1.0 + 0.4958 * 1; 0.3802 *  x[0]^1.0 + 0.1572 *  x[1]^1.0 + 0.3951 * 1; 0.5184 *  x[0]^1.0 + 0.2063 *  x[1]^1.0 + 0.5534 * 1; 0.3083 *  x[0]^1.0 + 0.051 *  x[1]^1.0 + 0.8831 * 1

2019-05-04-13-07-01   >>>>   End verify ranking function

verifying time = 7.546 ms


Not Found Ranking Fcuntion

Conterexample is 

[1, 9882]

sampling time = 3.466 ms


       ########################################         

iteration 10 with 402 examples

2019-05-04-13-07-01   >>>>   Start train ranking function

2019-05-04-13-07-01   >>>>   End train ranking function

train_ranking_functioning time = 6.505 ms


2019-05-04-13-07-01   >>>>   Start verify ranking function

[xr_1 = 9882, xr_0 = 1]
ranking function : 0.9891 *  x[0]^1.0 + 0.4945 *  x[1]^1.0 + 0.4295 * 1; 0.4668 *  x[0]^1.0 + 0.0658 *  x[1]^1.0 + 0.4958 * 1; 0.3802 *  x[0]^1.0 + 0.1572 *  x[1]^1.0 + 0.3951 * 1; 0.5184 *  x[0]^1.0 + 0.2063 *  x[1]^1.0 + 0.5534 * 1; 0.3083 *  x[0]^1.0 + 0.051 *  x[1]^1.0 + 0.8831 * 1

2019-05-04-13-07-01   >>>>   End verify ranking function

verifying time = 7.088 ms


Not Found Ranking Fcuntion

Conterexample is 

[1, 9882]

sampling time = 3.401 ms


       ########################################         

iteration 11 with 408 examples

2019-05-04-13-07-01   >>>>   Start train ranking function

2019-05-04-13-07-01   >>>>   End train ranking function

train_ranking_functioning time = 6.645 ms


2019-05-04-13-07-01   >>>>   Start verify ranking function

[xr_1 = 9882, xr_0 = 1]
ranking function : 0.9891 *  x[0]^1.0 + 0.4945 *  x[1]^1.0 + 0.4295 * 1; 0.4668 *  x[0]^1.0 + 0.0658 *  x[1]^1.0 + 0.4958 * 1; 0.3802 *  x[0]^1.0 + 0.1572 *  x[1]^1.0 + 0.3951 * 1; 0.5184 *  x[0]^1.0 + 0.2063 *  x[1]^1.0 + 0.5534 * 1; 0.3083 *  x[0]^1.0 + 0.051 *  x[1]^1.0 + 0.8831 * 1

2019-05-04-13-07-01   >>>>   End verify ranking function

verifying time = 6.949 ms


Not Found Ranking Fcuntion

Conterexample is 

[1, 9882]

sampling time = 3.349 ms


       ########################################         

iteration 12 with 414 examples

2019-05-04-13-07-01   >>>>   Start train ranking function

2019-05-04-13-07-01   >>>>   End train ranking function

train_ranking_functioning time = 5.967 ms


2019-05-04-13-07-01   >>>>   Start verify ranking function

[xr_1 = 9882, xr_0 = 1]
ranking function : 0.9891 *  x[0]^1.0 + 0.4945 *  x[1]^1.0 + 0.4295 * 1; 0.4668 *  x[0]^1.0 + 0.0658 *  x[1]^1.0 + 0.4958 * 1; 0.3802 *  x[0]^1.0 + 0.1572 *  x[1]^1.0 + 0.3951 * 1; 0.5184 *  x[0]^1.0 + 0.2063 *  x[1]^1.0 + 0.5534 * 1; 0.3083 *  x[0]^1.0 + 0.051 *  x[1]^1.0 + 0.8831 * 1

2019-05-04-13-07-01   >>>>   End verify ranking function

verifying time = 6.904 ms


Not Found Ranking Fcuntion

Conterexample is 

[1, 9882]

sampling time = 3.431 ms


       ########################################         

iteration 13 with 420 examples

2019-05-04-13-07-01   >>>>   Start train ranking function

2019-05-04-13-07-01   >>>>   End train ranking function

train_ranking_functioning time = 7.028 ms


2019-05-04-13-07-01   >>>>   Start verify ranking function

[xr_1 = 9882, xr_0 = 1]
ranking function : 0.9891 *  x[0]^1.0 + 0.4945 *  x[1]^1.0 + 0.4295 * 1; 0.4668 *  x[0]^1.0 + 0.0658 *  x[1]^1.0 + 0.4958 * 1; 0.3802 *  x[0]^1.0 + 0.1572 *  x[1]^1.0 + 0.3951 * 1; 0.5184 *  x[0]^1.0 + 0.2063 *  x[1]^1.0 + 0.5534 * 1; 0.3083 *  x[0]^1.0 + 0.051 *  x[1]^1.0 + 0.8831 * 1

2019-05-04-13-07-01   >>>>   End verify ranking function

verifying time = 7.016 ms


Not Found Ranking Fcuntion

Conterexample is 

[1, 9882]

sampling time = 3.420 ms


       ########################################         

iteration 14 with 426 examples

2019-05-04-13-07-01   >>>>   Start train ranking function

5
2019-05-04-13-07-01   >>>>   End train ranking function

train_ranking_functioning time = 6.697 ms


2019-05-04-13-07-01   >>>>   Start verify ranking function

[xr_1 = 9882, xr_0 = 1]
ranking function : 0.9891 *  x[0]^1.0 + 0.4945 *  x[1]^1.0 + 0.4295 * 1; 0.4668 *  x[0]^1.0 + 0.0658 *  x[1]^1.0 + 0.4958 * 1; 0.3802 *  x[0]^1.0 + 0.1572 *  x[1]^1.0 + 0.3951 * 1; 0.5184 *  x[0]^1.0 + 0.2063 *  x[1]^1.0 + 0.5534 * 1; 0.3083 *  x[0]^1.0 + 0.051 *  x[1]^1.0 + 0.8831 * 1

2019-05-04-13-07-01   >>>>   End verify ranking function

verifying time = 7.202 ms


Not Found Ranking Fcuntion

Conterexample is 

[1, 9882]

sampling time = 3.392 ms


       ########################################         

iteration 15 with 432 examples

2019-05-04-13-07-01   >>>>   Start train ranking function

2019-05-04-13-07-01   >>>>   End train ranking function

train_ranking_functioning time = 8.436 ms


2019-05-04-13-07-01   >>>>   Start verify ranking function

[xr_1 = 1999/1000, xr_0 = 1]
ranking function : 1.0 *  x[0]^1.0; ; ; 1.0 *  x[0]^1.0 + 1.0 * 1; 1.0 * 1

2019-05-04-13-07-01   >>>>   End verify ranking function

verifying time = 6.845 ms


Not Found Ranking Fcuntion

Conterexample is 

[1, 1.999]

sampling time = 3.363 ms


       ########################################         

iteration 16 with 438 examples

2019-05-04-13-07-01   >>>>   Start train ranking function

2019-05-04-13-07-01   >>>>   End train ranking function

train_ranking_functioning time = 7.270 ms


2019-05-04-13-07-01   >>>>   Start verify ranking function

[xr_1 = 1999/1000, xr_0 = 1]
ranking function : 1.0 *  x[0]^1.0; ; ; 1.0 *  x[0]^1.0 + 1.0 * 1; 1.0 * 1

2019-05-04-13-07-01   >>>>   End verify ranking function

verifying time = 6.896 ms


Not Found Ranking Fcuntion

Conterexample is 

[1, 1.999]

sampling time = 3.370 ms


       ########################################         

iteration 17 with 444 examples

2019-05-04-13-07-01   >>>>   Start train ranking function

2019-05-04-13-07-01   >>>>   End train ranking function

train_ranking_functioning time = 7.389 ms


2019-05-04-13-07-01   >>>>   Start verify ranking function

[xr_1 = 1999/1000, xr_0 = 1]
ranking function : 1.0 *  x[0]^1.0; ; ; 1.0 *  x[0]^1.0 + 1.0 * 1; 1.0 * 1

2019-05-04-13-07-01   >>>>   End verify ranking function

verifying time = 7.052 ms


Not Found Ranking Fcuntion

Conterexample is 

[1, 1.999]

sampling time = 3.379 ms


       ########################################         

iteration 18 with 450 examples

2019-05-04-13-07-01   >>>>   Start train ranking function

2019-05-04-13-07-01   >>>>   End train ranking function

train_ranking_functioning time = 7.405 ms


2019-05-04-13-07-01   >>>>   Start verify ranking function

[xr_1 = 1999/1000, xr_0 = 1]
ranking function : 1.0 *  x[0]^1.0; ; ; 1.0 *  x[0]^1.0 + 1.0 * 1; 1.0 * 1

2019-05-04-13-07-01   >>>>   End verify ranking function

verifying time = 6.933 ms


Not Found Ranking Fcuntion

Conterexample is 

[1, 1.999]

sampling time = 3.375 ms


       ########################################         

iteration 19 with 456 examples

2019-05-04-13-07-01   >>>>   Start train ranking function

2019-05-04-13-07-01   >>>>   End train ranking function

train_ranking_functioning time = 7.784 ms


2019-05-04-13-07-01   >>>>   Start verify ranking function

[xr_1 = 1999/1000, xr_0 = 1]
ranking function : 1.0 *  x[0]^1.0; ; ; 1.0 *  x[0]^1.0 + 1.0 * 1; 1.0 * 1

2019-05-04-13-07-01   >>>>   End verify ranking function

verifying time = 6.940 ms


Not Found Ranking Fcuntion

Conterexample is 

[1, 1.999]

sampling time = 3.454 ms


       ########################################         

iteration 20 with 462 examples

2019-05-04-13-07-01   >>>>   Start train ranking function

5
2019-05-04-13-07-01   >>>>   End train ranking function

train_ranking_functioning time = 13.335 ms


2019-05-04-13-07-01   >>>>   Start verify ranking function

[xr_1 = 1999/1000, xr_0 = 1]
ranking function : 1.0 *  x[0]^1.0; ; ; 1.0 *  x[0]^1.0 + 1.0 * 1; 1.0 * 1

2019-05-04-13-07-01   >>>>   End verify ranking function

verifying time = 7.559 ms


Not Found Ranking Fcuntion

Conterexample is 

[1, 1.999]

sampling time = 3.851 ms


       ########################################         

iteration 21 with 468 examples

2019-05-04-13-07-01   >>>>   Start train ranking function

2019-05-04-13-07-01   >>>>   End train ranking function

train_ranking_functioning time = 10.711 ms


2019-05-04-13-07-01   >>>>   Start verify ranking function

[xr_1 = -2899/200, xr_0 = 1]
ranking function : 1.0 *  x[0]^1.0 + 0.5 *  x[1]^1.0 + 0.4 * 1; 0.5 *  x[0]^1.0 + 0.1 *  x[1]^1.0 + 0.5 * 1; 0.4 *  x[0]^1.0 + 0.2 *  x[1]^1.0 + 0.4 * 1; 0.5 *  x[0]^1.0 + 0.2 *  x[1]^1.0 + 0.6 * 1; 0.3 *  x[0]^1.0 + 0.1 *  x[1]^1.0 + 0.9 * 1

2019-05-04-13-07-01   >>>>   End verify ranking function

verifying time = 10.051 ms


Not Found Ranking Fcuntion

Conterexample is 

[1, -14.495]

sampling time = 3.380 ms


       ########################################         

iteration 22 with 474 examples

2019-05-04-13-07-01   >>>>   Start train ranking function

2019-05-04-13-07-02   >>>>   End train ranking function

train_ranking_functioning time = 8.878 ms


2019-05-04-13-07-02   >>>>   Start verify ranking function

valid ranking function
ranking function : 1.0 *  x[0]^1.0 + 0.5 *  x[1]^1.0 + 0.4 * 1; 0.5 *  x[0]^1.0 + 0.5 * 1; 0.4 *  x[0]^1.0 + 0.2 *  x[1]^1.0 + 0.4 * 1; 0.6 *  x[0]^1.0 + 0.2 *  x[1]^1.0 + 0.6 * 1; 0.2 *  x[0]^1.0 + 0.9 * 1

2019-05-04-13-07-02   >>>>   End verify ranking function

verifying time = 18.869 ms


Found Ranking Fcuntion: 1.0 *  x[0]^1.0 + 0.5 *  x[1]^1.0 + 0.4 * 1; 0.5 *  x[0]^1.0 + 0.5 * 1; 0.4 *  x[0]^1.0 + 0.2 *  x[1]^1.0 + 0.4 * 1; 0.6 *  x[0]^1.0 + 0.2 *  x[1]^1.0 + 0.6 * 1; 0.2 *  x[0]^1.0 + 0.9 * 1

1.0 *  x[0]^1.0 + 0.5 *  x[1]^1.0 + 0.4 * 1; 0.5 *  x[0]^1.0 + 0.5 * 1; 0.4 *  x[0]^1.0 + 0.2 *  x[1]^1.0 + 0.4 * 1; 0.6 *  x[0]^1.0 + 0.2 *  x[1]^1.0 + 0.6 * 1; 0.2 *  x[0]^1.0 + 0.9 * 1
FINATE
Time For Template 4 Is--->-700.455000 ms

Time For ../Program_non/66.bpl Is ---> 4775.069000 ms

