------Using Template 0 -----------
5 [5]
*****************************************************

2019-05-04-13-42-11   >>>>   End sampling point

sampling time = 110.984 ms,


       ########################################         

iteration 0 with 148 examples

2019-05-04-13-42-11   >>>>   Start train ranking function

2019-05-04-13-42-11   >>>>   End train ranking function

train_ranking_functioning time = 0.789 ms


2019-05-04-13-42-11   >>>>   Start verify ranking function

ranking function : 1.0 *  x[3]^1.0 + 1.9 * 1

2019-05-04-13-42-11   >>>>   End verify ranking function

verifying time = 10.311 ms


Not Found Ranking Fcuntion

Conterexample is 

[0, 0, 0, -2]

sampling time = 1.359 ms


       ########################################         

iteration 1 with 150 examples

2019-05-04-13-42-11   >>>>   Start train ranking function

2019-05-04-13-42-11   >>>>   End train ranking function

train_ranking_functioning time = 0.693 ms


2019-05-04-13-42-11   >>>>   Start verify ranking function

ranking function : 1.0 *  x[3]^1.0 + 2.0 * 1

2019-05-04-13-42-11   >>>>   End verify ranking function

verifying time = 10.377 ms


Not Found Ranking Fcuntion

Conterexample is 

[0, 0, 0, -3]

sampling time = 1.441 ms


       ########################################         

iteration 2 with 152 examples

2019-05-04-13-42-11   >>>>   Start train ranking function

2019-05-04-13-42-11   >>>>   End train ranking function

train_ranking_functioning time = 0.810 ms


2019-05-04-13-42-11   >>>>   Start verify ranking function

ranking function : 0.9 *  x[3]^1.0 + 2.7 * 1

2019-05-04-13-42-11   >>>>   End verify ranking function

verifying time = 10.268 ms


Not Found Ranking Fcuntion

Conterexample is 

[0, 0, 0, -4]

sampling time = 1.349 ms


       ########################################         

iteration 3 with 154 examples

2019-05-04-13-42-11   >>>>   Start train ranking function

2019-05-04-13-42-11   >>>>   End train ranking function

train_ranking_functioning time = 1.142 ms


2019-05-04-13-42-11   >>>>   Start verify ranking function

ranking function : 0.9 *  x[3]^1.0 + 3.3 * 1

2019-05-04-13-42-11   >>>>   End verify ranking function

verifying time = 10.220 ms


Not Found Ranking Fcuntion

Conterexample is 

[0, 0, 0, -4]

sampling time = 1.357 ms


       ########################################         

iteration 4 with 156 examples

2019-05-04-13-42-11   >>>>   Start train ranking function

2019-05-04-13-42-11   >>>>   End train ranking function

train_ranking_functioning time = 1.098 ms


2019-05-04-13-42-11   >>>>   Start verify ranking function

ranking function : 0.9 *  x[3]^1.0 + 3.7 * 1

2019-05-04-13-42-11   >>>>   End verify ranking function

verifying time = 10.213 ms


Not Found Ranking Fcuntion

Conterexample is 

[0, 0, 0, -5]

sampling time = 1.358 ms


       ########################################         

iteration 5 with 158 examples

2019-05-04-13-42-11   >>>>   Start train ranking function

2019-05-04-13-42-11   >>>>   End train ranking function

train_ranking_functioning time = 1.718 ms


2019-05-04-13-42-11   >>>>   Start verify ranking function

ranking function : 0.9 *  x[3]^1.0 + 4.1 * 1

2019-05-04-13-42-11   >>>>   End verify ranking function

verifying time = 10.230 ms


Not Found Ranking Fcuntion

Conterexample is 

[0, 0, 0, -5]

sampling time = 1.363 ms


       ########################################         

iteration 6 with 160 examples

2019-05-04-13-42-11   >>>>   Start train ranking function

2019-05-04-13-42-11   >>>>   End train ranking function

train_ranking_functioning time = 1.644 ms


2019-05-04-13-42-11   >>>>   Start verify ranking function

ranking function : 0.9 *  x[3]^1.0 + 4.3 * 1

2019-05-04-13-42-11   >>>>   End verify ranking function

verifying time = 10.624 ms


Not Found Ranking Fcuntion

Conterexample is 

[0, 0, 0, -5]

sampling time = 1.369 ms


       ########################################         

iteration 7 with 162 examples

2019-05-04-13-42-11   >>>>   Start train ranking function

2019-05-04-13-42-11   >>>>   End train ranking function

train_ranking_functioning time = 1.638 ms


2019-05-04-13-42-11   >>>>   Start verify ranking function

ranking function : 0.8 *  x[3]^1.0 + 4.5 * 1

2019-05-04-13-42-11   >>>>   End verify ranking function

verifying time = 10.299 ms


Not Found Ranking Fcuntion

Conterexample is 

[0, 0, 0, -6]

sampling time = 1.367 ms


       ########################################         

iteration 8 with 164 examples

2019-05-04-13-42-11   >>>>   Start train ranking function

2019-05-04-13-42-11   >>>>   End train ranking function

train_ranking_functioning time = 2.469 ms


2019-05-04-13-42-11   >>>>   Start verify ranking function

ranking function : 0.8 *  x[3]^1.0 + 4.7 * 1

2019-05-04-13-42-11   >>>>   End verify ranking function

verifying time = 10.310 ms


Not Found Ranking Fcuntion

Conterexample is 

[0, 0, 0, -6]

sampling time = 1.356 ms


       ########################################         

iteration 9 with 166 examples

2019-05-04-13-42-11   >>>>   Start train ranking function

2019-05-04-13-42-11   >>>>   End train ranking function

train_ranking_functioning time = 2.362 ms


2019-05-04-13-42-11   >>>>   Start verify ranking function

ranking function : 0.8 *  x[3]^1.0 + 4.9 * 1

2019-05-04-13-42-11   >>>>   End verify ranking function

verifying time = 10.193 ms


Not Found Ranking Fcuntion

Conterexample is 

[0, 0, 0, -7]

sampling time = 1.421 ms


       ########################################         

iteration 10 with 168 examples

2019-05-04-13-42-11   >>>>   Start train ranking function

2019-05-04-13-42-11   >>>>   End train ranking function

train_ranking_functioning time = 3.092 ms


2019-05-04-13-42-11   >>>>   Start verify ranking function

ranking function : 0.8 *  x[3]^1.0 + 5.1 * 1

2019-05-04-13-42-11   >>>>   End verify ranking function

verifying time = 10.329 ms


Not Found Ranking Fcuntion

Conterexample is 

[0, 0, 0, -7]

sampling time = 1.392 ms


       ########################################         

iteration 11 with 170 examples

2019-05-04-13-42-11   >>>>   Start train ranking function

2019-05-04-13-42-11   >>>>   End train ranking function

train_ranking_functioning time = 2.941 ms


2019-05-04-13-42-11   >>>>   Start verify ranking function

ranking function : 0.8 *  x[3]^1.0 + 5.3 * 1

2019-05-04-13-42-11   >>>>   End verify ranking function

verifying time = 10.296 ms


Not Found Ranking Fcuntion

Conterexample is 

[0, 0, 0, -7]

sampling time = 1.391 ms


       ########################################         

iteration 12 with 172 examples

2019-05-04-13-42-11   >>>>   Start train ranking function

2019-05-04-13-42-11   >>>>   End train ranking function

train_ranking_functioning time = 2.923 ms


2019-05-04-13-42-11   >>>>   Start verify ranking function

[xi_2 = -7, xi_0 = 0]
ranking function :  - 0.1 *  x[1]^1.0 + 0.7 *  x[3]^1.0 + 5.4 * 1

2019-05-04-13-42-11   >>>>   End verify ranking function

verifying time = 8.649 ms


Not Found Ranking Fcuntion

Conterexample is 

[0, 0, -7, 0]

sampling time = 1.387 ms


       ########################################         

iteration 13 with 174 examples

2019-05-04-13-42-11   >>>>   Start train ranking function

2019-05-04-13-42-11   >>>>   End train ranking function

train_ranking_functioning time = 2.996 ms


2019-05-04-13-42-11   >>>>   Start verify ranking function

ranking function : 0.8 *  x[3]^1.0 + 5.4 * 1

2019-05-04-13-42-11   >>>>   End verify ranking function

verifying time = 10.178 ms


Not Found Ranking Fcuntion

Conterexample is 

[0, 0, 0, -7]

sampling time = 1.380 ms


       ########################################         

iteration 14 with 176 examples

2019-05-04-13-42-11   >>>>   Start train ranking function

2019-05-04-13-42-11   >>>>   End train ranking function

train_ranking_functioning time = 2.537 ms


2019-05-04-13-42-11   >>>>   Start verify ranking function

ranking function : 0.7 *  x[3]^1.0 + 5.5 * 1

2019-05-04-13-42-11   >>>>   End verify ranking function

verifying time = 10.477 ms


Not Found Ranking Fcuntion

Conterexample is 

[0, 0, 0, -8]

sampling time = 1.407 ms


       ########################################         

iteration 15 with 178 examples

2019-05-04-13-42-11   >>>>   Start train ranking function

2019-05-04-13-42-11   >>>>   End train ranking function

train_ranking_functioning time = 4.206 ms


2019-05-04-13-42-11   >>>>   Start verify ranking function

ranking function : 0.7 *  x[3]^1.0 + 5.7 * 1

2019-05-04-13-42-11   >>>>   End verify ranking function

verifying time = 11.378 ms


Not Found Ranking Fcuntion

Conterexample is 

[0, 0, 0, -9]

sampling time = 1.465 ms


       ########################################         

iteration 16 with 180 examples

2019-05-04-13-42-11   >>>>   Start train ranking function

2019-05-04-13-42-11   >>>>   End train ranking function

train_ranking_functioning time = 3.848 ms


2019-05-04-13-42-11   >>>>   Start verify ranking function

[xi_0 = 0, xi_3 = 7]
ranking function : 0.1 *  x[2]^1.0 + 0.7 *  x[3]^1.0 + 5.7 * 1

2019-05-04-13-42-11   >>>>   End verify ranking function

verifying time = 8.960 ms


Not Found Ranking Fcuntion

Conterexample is 

[0, 0, 0, 7]

sampling time = 1.374 ms


       ########################################         

iteration 17 with 182 examples

2019-05-04-13-42-11   >>>>   Start train ranking function

2019-05-04-13-42-11   >>>>   End train ranking function

train_ranking_functioning time = 4.031 ms


2019-05-04-13-42-11   >>>>   Start verify ranking function

ranking function : 0.7 *  x[3]^1.0 + 5.8 * 1

2019-05-04-13-42-11   >>>>   End verify ranking function

verifying time = 10.234 ms


Not Found Ranking Fcuntion

Conterexample is 

[0, 0, 0, -9]

sampling time = 1.377 ms


       ########################################         

iteration 18 with 184 examples

2019-05-04-13-42-11   >>>>   Start train ranking function

2019-05-04-13-42-11   >>>>   End train ranking function

train_ranking_functioning time = 3.897 ms


2019-05-04-13-42-11   >>>>   Start verify ranking function

ranking function : 0.7 *  x[3]^1.0 + 5.9 * 1

2019-05-04-13-42-11   >>>>   End verify ranking function

verifying time = 10.245 ms


Not Found Ranking Fcuntion

Conterexample is 

[0, 0, 0, -9]

sampling time = 1.378 ms


       ########################################         

iteration 19 with 186 examples

2019-05-04-13-42-11   >>>>   Start train ranking function

2019-05-04-13-42-11   >>>>   End train ranking function

train_ranking_functioning time = 3.948 ms


2019-05-04-13-42-11   >>>>   Start verify ranking function

ranking function : 0.7 *  x[3]^1.0 + 6.1 * 1

2019-05-04-13-42-11   >>>>   End verify ranking function

verifying time = 10.271 ms


Not Found Ranking Fcuntion

Conterexample is 

[0, 0, 0, -9]

sampling time = 1.367 ms


       ########################################         

iteration 20 with 188 examples

2019-05-04-13-42-11   >>>>   Start train ranking function

2019-05-04-13-42-11   >>>>   End train ranking function

train_ranking_functioning time = 4.024 ms


2019-05-04-13-42-11   >>>>   Start verify ranking function

ranking function : 0.7 *  x[3]^1.0 + 6.2 * 1

2019-05-04-13-42-11   >>>>   End verify ranking function

verifying time = 10.335 ms


Not Found Ranking Fcuntion

Conterexample is 

[0, 0, 0, -9]

sampling time = 1.367 ms


       ########################################         

iteration 21 with 190 examples

2019-05-04-13-42-11   >>>>   Start train ranking function

2019-05-04-13-42-11   >>>>   End train ranking function

train_ranking_functioning time = 4.027 ms


2019-05-04-13-42-11   >>>>   Start verify ranking function

ranking function : 0.7 *  x[3]^1.0 + 6.2 * 1

2019-05-04-13-42-11   >>>>   End verify ranking function

verifying time = 10.257 ms


Not Found Ranking Fcuntion

Conterexample is 

[0, 0, 0, -9]

sampling time = 1.556 ms


       ########################################         

iteration 22 with 192 examples

2019-05-04-13-42-11   >>>>   Start train ranking function

2019-05-04-13-42-11   >>>>   End train ranking function

train_ranking_functioning time = 4.029 ms


2019-05-04-13-42-11   >>>>   Start verify ranking function

ranking function : 0.6 *  x[3]^1.0 + 6.3 * 1

2019-05-04-13-42-11   >>>>   End verify ranking function

verifying time = 10.295 ms


Not Found Ranking Fcuntion

Conterexample is 

[0, 0, 0, -11]

sampling time = 1.377 ms


       ########################################         

iteration 23 with 194 examples

2019-05-04-13-42-11   >>>>   Start train ranking function

2019-05-04-13-42-11   >>>>   End train ranking function

train_ranking_functioning time = 4.041 ms


2019-05-04-13-42-11   >>>>   Start verify ranking function

ranking function : 0.6 *  x[3]^1.0 + 6.3 * 1

2019-05-04-13-42-11   >>>>   End verify ranking function

verifying time = 10.210 ms


Not Found Ranking Fcuntion

Conterexample is 

[0, 0, 0, -11]

sampling time = 1.420 ms


       ########################################         

iteration 24 with 196 examples

2019-05-04-13-42-11   >>>>   Start train ranking function

2019-05-04-13-42-11   >>>>   End train ranking function

train_ranking_functioning time = 4.103 ms


2019-05-04-13-42-11   >>>>   Start verify ranking function

[xi_0 = 0, xi_3 = 6]
ranking function : 0.1 *  x[2]^1.0 + 0.6 *  x[3]^1.0 + 6.2 * 1

2019-05-04-13-42-11   >>>>   End verify ranking function

verifying time = 8.617 ms


Not Found Ranking Fcuntion

Conterexample is 

[0, 0, 0, 6]

sampling time = 1.389 ms


Failed to prove it is terminated

UNKNOWN
Time For Template 0 Is--->-542.938000 ms

------Using Template 1 -----------
6 [6]
*****************************************************

2019-05-04-13-42-11   >>>>   End sampling point

sampling time = 143.902 ms,


       ########################################         

iteration 0 with 148 examples

2019-05-04-13-42-11   >>>>   Start train ranking function

2019-05-04-13-42-11   >>>>   End train ranking function

train_ranking_functioning time = 4.649 ms


2019-05-04-13-42-11   >>>>   Start verify ranking function

[xi_0 = -1, xi_2 = 1, xi_1 = 1, xi_3 = -1]
ranking function : 0.2 *  x[0]^-2.0 *  x[1]^2.0 *  x[2]^0.5 *  x[3]^3.0 + 0.2 *  x[0]^-2.0 *  x[1]^2.0 *  x[2]^-0.5 *  x[3]^3.0 + 0.2 *  x[0]^2.0 *  x[1]^-0.5 *  x[2]^2.0 *  x[3]^-0.5

2019-05-04-13-42-11   >>>>   End verify ranking function

verifying time = 32.228 ms


Not Found Ranking Fcuntion

Conterexample is 

[-1, 1, 1, -1]

sampling time = 1.891 ms


       ########################################         

iteration 1 with 150 examples

2019-05-04-13-42-11   >>>>   Start train ranking function

2019-05-04-13-42-11   >>>>   End train ranking function

train_ranking_functioning time = 4.910 ms


2019-05-04-13-42-11   >>>>   Start verify ranking function

[xi_0 = -1, xi_2 = 1, xi_1 = 1, xi_3 = -1]
ranking function : 0.2 *  x[0]^-2.0 *  x[1]^2.0 *  x[2]^0.5 *  x[3]^3.0 + 0.2 *  x[0]^-2.0 *  x[1]^2.0 *  x[2]^-0.5 *  x[3]^3.0 + 0.2 *  x[0]^2.0 *  x[1]^-0.5 *  x[2]^2.0 *  x[3]^-0.5

2019-05-04-13-42-11   >>>>   End verify ranking function

verifying time = 33.592 ms


Not Found Ranking Fcuntion

Conterexample is 

[-1, 1, 1, -1]

sampling time = 1.845 ms


       ########################################         

iteration 2 with 152 examples

2019-05-04-13-42-11   >>>>   Start train ranking function

2019-05-04-13-42-11   >>>>   End train ranking function

train_ranking_functioning time = 4.932 ms


2019-05-04-13-42-11   >>>>   Start verify ranking function

[xi_0 = -1, xi_2 = 1, xi_1 = 1, xi_3 = -1]
ranking function : 0.2 *  x[0]^-2.0 *  x[1]^2.0 *  x[2]^0.5 *  x[3]^3.0 + 0.2 *  x[0]^-2.0 *  x[1]^2.0 *  x[2]^-0.5 *  x[3]^3.0 + 0.3 *  x[0]^2.0 *  x[1]^-0.5 *  x[2]^2.0 *  x[3]^-0.5

2019-05-04-13-42-11   >>>>   End verify ranking function

verifying time = 33.298 ms


Not Found Ranking Fcuntion

Conterexample is 

[-1, 1, 1, -1]

sampling time = 1.917 ms


       ########################################         

iteration 3 with 154 examples

2019-05-04-13-42-11   >>>>   Start train ranking function

2019-05-04-13-42-11   >>>>   End train ranking function

train_ranking_functioning time = 4.987 ms


2019-05-04-13-42-11   >>>>   Start verify ranking function

[xi_0 = -1, xi_2 = 1, xi_1 = 1, xi_3 = -1]
ranking function : 0.1 *  x[0]^-2.0 *  x[1]^2.0 *  x[2]^0.5 *  x[3]^3.0 + 0.1 *  x[0]^-2.0 *  x[1]^2.0 *  x[2]^-0.5 *  x[3]^3.0 + 0.3 *  x[0]^2.0 *  x[1]^-0.5 *  x[2]^2.0 *  x[3]^-0.5 - 0.1 *  x[0]^-2.0 *  x[1]^1.0 *  x[2]^-0.5 *  x[3]^3.0

2019-05-04-13-42-11   >>>>   End verify ranking function

verifying time = 33.006 ms


Not Found Ranking Fcuntion

Conterexample is 

[-1, 1, 1, -1]

sampling time = 2.015 ms


       ########################################         

iteration 4 with 156 examples

2019-05-04-13-42-11   >>>>   Start train ranking function

2019-05-04-13-42-11   >>>>   End train ranking function

train_ranking_functioning time = 5.097 ms


2019-05-04-13-42-11   >>>>   Start verify ranking function

[xi_0 = -1, xi_2 = 1, xi_1 = 1, xi_3 = -1]
ranking function : 0.1 *  x[0]^-2.0 *  x[1]^2.0 *  x[2]^0.5 *  x[3]^3.0 + 0.1 *  x[0]^-2.0 *  x[1]^2.0 *  x[2]^-0.5 *  x[3]^3.0 + 0.3 *  x[0]^2.0 *  x[1]^-0.5 *  x[2]^2.0 *  x[3]^-0.5 - 0.1 *  x[0]^-2.0 *  x[1]^1.0 *  x[2]^-0.5 *  x[3]^3.0

2019-05-04-13-42-11   >>>>   End verify ranking function

verifying time = 34.209 ms


Not Found Ranking Fcuntion

Conterexample is 

[-1, 1, 1, -1]

sampling time = 1.917 ms


       ########################################         

iteration 5 with 158 examples

2019-05-04-13-42-11   >>>>   Start train ranking function

2019-05-04-13-42-11   >>>>   End train ranking function

train_ranking_functioning time = 5.117 ms


2019-05-04-13-42-11   >>>>   Start verify ranking function

[xi_0 = -1, xi_2 = 1, xi_1 = 1, xi_3 = -1]
ranking function : 0.1 *  x[0]^-2.0 *  x[1]^2.0 *  x[2]^0.5 *  x[3]^3.0 + 0.1 *  x[0]^-2.0 *  x[1]^2.0 *  x[2]^-0.5 *  x[3]^3.0 + 0.3 *  x[0]^2.0 *  x[1]^-0.5 *  x[2]^2.0 *  x[3]^-0.5 - 0.1 *  x[0]^-2.0 *  x[1]^1.0 *  x[2]^-0.5 *  x[3]^3.0

2019-05-04-13-42-11   >>>>   End verify ranking function

verifying time = 35.000 ms


Not Found Ranking Fcuntion

Conterexample is 

[-1, 1, 1, -1]

sampling time = 1.983 ms


       ########################################         

iteration 6 with 160 examples

2019-05-04-13-42-11   >>>>   Start train ranking function

2019-05-04-13-42-11   >>>>   End train ranking function

train_ranking_functioning time = 5.167 ms


2019-05-04-13-42-11   >>>>   Start verify ranking function

[xi_0 = 1, xi_2 = -1, xi_1 = -1, xi_3 = 1]
ranking function : 0.1 *  x[0]^-2.0 *  x[1]^2.0 *  x[2]^0.5 *  x[3]^3.0 + 0.1 *  x[0]^-2.0 *  x[1]^2.0 *  x[2]^-0.5 *  x[3]^3.0 + 0.3 *  x[0]^2.0 *  x[1]^-0.5 *  x[2]^2.0 *  x[3]^-0.5 - 0.1 *  x[1]^2.0 *  x[2]^-1.0 *  x[3]^-1.0 - 0.1 *  x[0]^-2.0 *  x[1]^1.0 *  x[2]^-0.5 *  x[3]^3.0

2019-05-04-13-42-11   >>>>   End verify ranking function

verifying time = 30.737 ms


Not Found Ranking Fcuntion

Conterexample is 

[1, -1, -1, 1]

sampling time = 1.854 ms


       ########################################         

iteration 7 with 162 examples

2019-05-04-13-42-11   >>>>   Start train ranking function

2019-05-04-13-42-11   >>>>   End train ranking function

train_ranking_functioning time = 5.451 ms


2019-05-04-13-42-11   >>>>   Start verify ranking function

[xi_0 = 1, xi_2 = -1, xi_1 = -1, xi_3 = 1]
ranking function : 0.1 *  x[0]^-2.0 *  x[1]^2.0 *  x[2]^0.5 *  x[3]^3.0 + 0.1 *  x[0]^-2.0 *  x[1]^2.0 *  x[2]^-0.5 *  x[3]^3.0 + 0.3 *  x[0]^2.0 *  x[1]^-0.5 *  x[2]^2.0 *  x[3]^-0.5 - 0.1 *  x[1]^2.0 *  x[2]^-1.0 *  x[3]^-1.0 - 0.1 *  x[0]^-2.0 *  x[1]^1.0 *  x[2]^-0.5 *  x[3]^3.0

2019-05-04-13-42-11   >>>>   End verify ranking function

verifying time = 30.669 ms


Not Found Ranking Fcuntion

Conterexample is 

[1, -1, -1, 1]

sampling time = 1.866 ms


       ########################################         

iteration 8 with 164 examples

2019-05-04-13-42-11   >>>>   Start train ranking function

2019-05-04-13-42-11   >>>>   End train ranking function

train_ranking_functioning time = 5.390 ms


2019-05-04-13-42-11   >>>>   Start verify ranking function

[xi_0 = 1, xi_2 = -1, xi_1 = -1, xi_3 = 1]
ranking function : 0.2 *  x[0]^-2.0 *  x[1]^2.0 *  x[2]^0.5 *  x[3]^3.0 + 0.2 *  x[0]^-2.0 *  x[1]^2.0 *  x[2]^-0.5 *  x[3]^3.0 + 0.3 *  x[0]^2.0 *  x[1]^-0.5 *  x[2]^2.0 *  x[3]^-0.5 - 0.1 *  x[1]^2.0 *  x[2]^-1.0 *  x[3]^-1.0 - 0.2 *  x[0]^-2.0 *  x[1]^1.0 *  x[2]^-0.5 *  x[3]^3.0

2019-05-04-13-42-11   >>>>   End verify ranking function

verifying time = 30.344 ms


Not Found Ranking Fcuntion

Conterexample is 

[1, -1, -1, 1]

sampling time = 1.853 ms


       ########################################         

iteration 9 with 166 examples

2019-05-04-13-42-11   >>>>   Start train ranking function

2019-05-04-13-42-11   >>>>   End train ranking function

train_ranking_functioning time = 5.593 ms


2019-05-04-13-42-11   >>>>   Start verify ranking function

time out
ranking function : 0.2 *  x[0]^-2.0 *  x[1]^2.0 *  x[2]^0.5 *  x[3]^3.0 + 0.2 *  x[0]^-2.0 *  x[1]^2.0 *  x[2]^-0.5 *  x[3]^3.0 + 0.3 *  x[0]^2.0 *  x[1]^-0.5 *  x[2]^2.0 *  x[3]^-0.5 - 0.1 *  x[1]^2.0 *  x[2]^-1.0 *  x[3]^-1.0 - 0.2 *  x[0]^-2.0 *  x[1]^1.0 *  x[2]^-0.5 *  x[3]^3.0

2019-05-04-13-43-06   >>>>   End verify ranking function

verifying time = 54348.667 ms


UNKNOWN
Time For Template 1 Is--->-54881.600000 ms

------Using Template 2 -----------
15 [5, 5, 5]
*****************************************************

2019-05-04-13-43-06   >>>>   End sampling point

sampling time = 302.653 ms,


       ########################################         

iteration 0 with 296 examples

2019-05-04-13-43-06   >>>>   Start train ranking function

2019-05-04-13-43-06   >>>>   End train ranking function

train_ranking_functioning time = 1.124 ms


2019-05-04-13-43-06   >>>>   Start verify ranking function

[xi_0 = 0, xi_3 = -3]
ranking function : 1.0 *  x[3]^1.0 + 1.4 * 1; 0.3 *  x[2]^1.0 + 0.3 *  x[3]^1.0 + 1.1 * 1; 0.1 *  x[1]^1.0 + 0.1 *  x[2]^1.0 + 0.1 *  x[3]^1.0 + 1.2 * 1

2019-05-04-13-43-06   >>>>   End verify ranking function

verifying time = 13.835 ms


Not Found Ranking Fcuntion

Conterexample is 

[0, 0, 0, -3]

sampling time = 4.034 ms


       ########################################         

iteration 1 with 300 examples

2019-05-04-13-43-06   >>>>   Start train ranking function

2019-05-04-13-43-06   >>>>   End train ranking function

train_ranking_functioning time = 1.048 ms


2019-05-04-13-43-06   >>>>   Start verify ranking function

[xi_0 = 0, xi_3 = -6]
ranking function : 1.0 *  x[3]^1.0 + 1.0 * 1; 0.8 *  x[2]^1.0 + 0.1 *  x[3]^1.0 + 1.4 * 1; 0.2 *  x[1]^1.0 + 0.1 *  x[2]^1.0 + 0.1 *  x[3]^1.0 + 1.3 * 1

2019-05-04-13-43-06   >>>>   End verify ranking function

verifying time = 14.143 ms


Not Found Ranking Fcuntion

Conterexample is 

[0, 0, 0, -6]

sampling time = 3.995 ms


       ########################################         

iteration 2 with 304 examples

2019-05-04-13-43-06   >>>>   Start train ranking function

2019-05-04-13-43-06   >>>>   End train ranking function

train_ranking_functioning time = 2.535 ms


2019-05-04-13-43-06   >>>>   Start verify ranking function

[xi_0 = 0, xi_3 = -10]
ranking function : 1.0 *  x[3]^1.0 + 0.9 * 1; 0.9 *  x[2]^1.0 + 0.1 *  x[3]^1.0 + 1.5 * 1; 0.3 *  x[1]^1.0 + 0.1 *  x[2]^1.0 + 0.1 *  x[3]^1.0 + 1.3 * 1

2019-05-04-13-43-06   >>>>   End verify ranking function

verifying time = 13.812 ms


Not Found Ranking Fcuntion

Conterexample is 

[0, 0, 0, -10]

sampling time = 3.947 ms


       ########################################         

iteration 3 with 308 examples

2019-05-04-13-43-06   >>>>   Start train ranking function

2019-05-04-13-43-06   >>>>   End train ranking function

train_ranking_functioning time = 5.897 ms


2019-05-04-13-43-06   >>>>   Start verify ranking function

[xi_2 = -3, xi_0 = 0]
ranking function : 1.0 *  x[3]^1.0 + 0.9 * 1; 1.0 *  x[2]^1.0 + 0.1 *  x[3]^1.0 + 1.6 * 1; 0.3 *  x[1]^1.0 + 0.1 *  x[2]^1.0 + 1.3 * 1

2019-05-04-13-43-06   >>>>   End verify ranking function

verifying time = 18.880 ms


Not Found Ranking Fcuntion

Conterexample is 

[0, 0, -3, 0]

sampling time = 3.966 ms


       ########################################         

iteration 4 with 312 examples

2019-05-04-13-43-06   >>>>   Start train ranking function

2019-05-04-13-43-06   >>>>   End train ranking function

train_ranking_functioning time = 6.289 ms


2019-05-04-13-43-06   >>>>   Start verify ranking function

[xi_2 = -6, xi_0 = 0]
ranking function : 1.0 *  x[3]^1.0 + 0.9 * 1; 1.0 *  x[2]^1.0 + 0.1 *  x[3]^1.0 + 1.1 * 1; 0.8 *  x[1]^1.0 + 0.1 *  x[2]^1.0 + 0.1 *  x[3]^1.0 + 1.7 * 1

2019-05-04-13-43-06   >>>>   End verify ranking function

verifying time = 18.992 ms


Not Found Ranking Fcuntion

Conterexample is 

[0, 0, -6, 0]

sampling time = 4.406 ms


       ########################################         

iteration 5 with 316 examples

2019-05-04-13-43-06   >>>>   Start train ranking function

2019-05-04-13-43-06   >>>>   End train ranking function

train_ranking_functioning time = 7.474 ms


2019-05-04-13-43-06   >>>>   Start verify ranking function

[xi_2 = -10, xi_0 = 0]
ranking function : 1.0 *  x[3]^1.0 + 0.9 * 1; 1.0 *  x[2]^1.0 + 0.1 *  x[3]^1.0 + 1.0 * 1; 0.9 *  x[1]^1.0 + 0.1 *  x[2]^1.0 + 1.9 * 1

2019-05-04-13-43-06   >>>>   End verify ranking function

verifying time = 20.420 ms


Not Found Ranking Fcuntion

Conterexample is 

[0, 0, -10, 0]

sampling time = 4.058 ms


       ########################################         

iteration 6 with 320 examples

2019-05-04-13-43-06   >>>>   Start train ranking function

2019-05-04-13-43-06   >>>>   End train ranking function

train_ranking_functioning time = 8.411 ms


2019-05-04-13-43-06   >>>>   Start verify ranking function

[xi_2 = -10, xi_0 = 0]
ranking function : 1.0 *  x[3]^1.0 + 0.9 * 1; 1.0 *  x[2]^1.0 + 0.1 *  x[3]^1.0 + 1.0 * 1; 0.9 *  x[1]^1.0 + 0.1 *  x[2]^1.0 + 1.9 * 1

2019-05-04-13-43-06   >>>>   End verify ranking function

verifying time = 19.252 ms


Not Found Ranking Fcuntion

Conterexample is 

[0, 0, -10, 0]

sampling time = 3.996 ms


       ########################################         

iteration 7 with 324 examples

2019-05-04-13-43-06   >>>>   Start train ranking function

2019-05-04-13-43-06   >>>>   End train ranking function

train_ranking_functioning time = 8.673 ms


2019-05-04-13-43-06   >>>>   Start verify ranking function

ranking function : 1.0 *  x[3]^1.0 + 0.9 * 1; 1.0 *  x[2]^1.0 + 0.1 *  x[3]^1.0 + 1.0 * 1; 1.0 *  x[1]^1.0 + 0.1 *  x[2]^1.0 + 1.9 * 1

2019-05-04-13-43-06   >>>>   End verify ranking function

verifying time = 21.438 ms


Not Found Ranking Fcuntion

Conterexample is 

[0, 0, -20, 0]

sampling time = 3.944 ms


       ########################################         

iteration 8 with 328 examples

2019-05-04-13-43-06   >>>>   Start train ranking function

2019-05-04-13-43-06   >>>>   End train ranking function

train_ranking_functioning time = 9.410 ms


2019-05-04-13-43-06   >>>>   Start verify ranking function

ranking function : 1.0 *  x[3]^1.0 + 1.0 * 1; 1.0 *  x[2]^1.0 + 1.0 * 1; 1.0 *  x[1]^1.0 + 1.9 * 1

2019-05-04-13-43-06   >>>>   End verify ranking function

verifying time = 21.224 ms


Not Found Ranking Fcuntion

Conterexample is 

[0, -2, 0, 0]

sampling time = 3.973 ms


       ########################################         

iteration 9 with 332 examples

2019-05-04-13-43-06   >>>>   Start train ranking function

2019-05-04-13-43-06   >>>>   End train ranking function

train_ranking_functioning time = 7.785 ms


2019-05-04-13-43-06   >>>>   Start verify ranking function

[xi_0 = 0, xi_3 = -11]
ranking function : 1.0 *  x[3]^1.0 + 1.0 * 1; 0.9 *  x[2]^1.0 + 0.1 *  x[3]^1.0 + 0.9 * 1; 0.9 *  x[1]^1.0 + 0.1 *  x[2]^1.0 + 0.1 *  x[3]^1.0 + 2.0 * 1

2019-05-04-13-43-06   >>>>   End verify ranking function

verifying time = 13.807 ms


Not Found Ranking Fcuntion

Conterexample is 

[0, 0, 0, -11]

sampling time = 3.958 ms


       ########################################         

iteration 10 with 336 examples

2019-05-04-13-43-06   >>>>   Start train ranking function

2019-05-04-13-43-06   >>>>   End train ranking function

train_ranking_functioning time = 8.734 ms


2019-05-04-13-43-06   >>>>   Start verify ranking function

[xi_0 = 0, xi_3 = -10]
ranking function : 1.0 *  x[3]^1.0 + 0.9 * 1; 0.9 *  x[2]^1.0 + 0.1 *  x[3]^1.0 + 0.9 * 1; 0.9 *  x[1]^1.0 + 0.1 *  x[2]^1.0 + 0.1 *  x[3]^1.0 + 2.0 * 1

2019-05-04-13-43-06   >>>>   End verify ranking function

verifying time = 13.908 ms


Not Found Ranking Fcuntion

Conterexample is 

[0, 0, 0, -10]

sampling time = 3.954 ms


       ########################################         

iteration 11 with 340 examples

2019-05-04-13-43-06   >>>>   Start train ranking function

2019-05-04-13-43-06   >>>>   End train ranking function

train_ranking_functioning time = 9.269 ms


2019-05-04-13-43-06   >>>>   Start verify ranking function

[xi_2 = -10, xi_0 = 0]
ranking function : 1.0 *  x[3]^1.0 + 0.9 * 1; 1.0 *  x[2]^1.0 + 0.1 *  x[3]^1.0 + 0.9 * 1; 0.9 *  x[1]^1.0 + 0.1 *  x[2]^1.0 + 0.1 *  x[3]^1.0 + 2.0 * 1

2019-05-04-13-43-07   >>>>   End verify ranking function

verifying time = 19.426 ms


Not Found Ranking Fcuntion

Conterexample is 

[0, 0, -10, 0]

sampling time = 4.297 ms


       ########################################         

iteration 12 with 344 examples

2019-05-04-13-43-07   >>>>   Start train ranking function

2019-05-04-13-43-07   >>>>   End train ranking function

train_ranking_functioning time = 9.285 ms


2019-05-04-13-43-07   >>>>   Start verify ranking function

[xi_2 = -10, xi_0 = 0]
ranking function : 1.0 *  x[3]^1.0 + 0.9 * 1; 1.0 *  x[2]^1.0 + 0.1 *  x[3]^1.0 + 0.9 * 1; 0.9 *  x[1]^1.0 + 0.1 *  x[2]^1.0 + 0.1 *  x[3]^1.0 + 2.0 * 1

2019-05-04-13-43-07   >>>>   End verify ranking function

verifying time = 19.111 ms


Not Found Ranking Fcuntion

Conterexample is 

[0, 0, -10, 0]

sampling time = 4.002 ms


       ########################################         

iteration 13 with 348 examples

2019-05-04-13-43-07   >>>>   Start train ranking function

2019-05-04-13-43-07   >>>>   End train ranking function

train_ranking_functioning time = 9.492 ms


2019-05-04-13-43-07   >>>>   Start verify ranking function

[xi_2 = -10, xi_0 = 0]
ranking function : 1.0 *  x[3]^1.0 + 0.9 * 1; 1.0 *  x[2]^1.0 + 0.1 *  x[3]^1.0 + 0.9 * 1; 0.9 *  x[1]^1.0 + 0.1 *  x[2]^1.0 + 0.1 *  x[3]^1.0 + 2.0 * 1

2019-05-04-13-43-07   >>>>   End verify ranking function

verifying time = 18.960 ms


Not Found Ranking Fcuntion

Conterexample is 

[0, 0, -10, 0]

sampling time = 4.002 ms


       ########################################         

iteration 14 with 352 examples

2019-05-04-13-43-07   >>>>   Start train ranking function

2019-05-04-13-43-07   >>>>   End train ranking function

train_ranking_functioning time = 9.900 ms


2019-05-04-13-43-07   >>>>   Start verify ranking function

[xi_2 = -10, xi_0 = 0]
ranking function : 1.0 *  x[3]^1.0 + 0.9 * 1; 1.0 *  x[2]^1.0 + 0.1 *  x[3]^1.0 + 0.9 * 1; 0.9 *  x[1]^1.0 + 0.1 *  x[2]^1.0 + 0.1 *  x[3]^1.0 + 2.0 * 1

2019-05-04-13-43-07   >>>>   End verify ranking function

verifying time = 18.850 ms


Not Found Ranking Fcuntion

Conterexample is 

[0, 0, -10, 0]

sampling time = 3.995 ms


       ########################################         

iteration 15 with 356 examples

2019-05-04-13-43-07   >>>>   Start train ranking function

2019-05-04-13-43-07   >>>>   End train ranking function

train_ranking_functioning time = 9.790 ms


2019-05-04-13-43-07   >>>>   Start verify ranking function

[xi_2 = -10, xi_0 = 0]
ranking function : 1.0 *  x[3]^1.0 + 0.9 * 1; 1.0 *  x[2]^1.0 + 0.1 *  x[3]^1.0 + 0.9 * 1; 0.9 *  x[1]^1.0 + 0.1 *  x[2]^1.0 + 0.1 *  x[3]^1.0 + 2.0 * 1

2019-05-04-13-43-07   >>>>   End verify ranking function

verifying time = 18.880 ms


Not Found Ranking Fcuntion

Conterexample is 

[0, 0, -10, 0]

sampling time = 3.993 ms


       ########################################         

iteration 16 with 360 examples

2019-05-04-13-43-07   >>>>   Start train ranking function

5
2019-05-04-13-43-07   >>>>   End train ranking function

train_ranking_functioning time = 10.252 ms


2019-05-04-13-43-07   >>>>   Start verify ranking function

[xi_2 = -10, xi_0 = 0]
ranking function : 1.0 *  x[3]^1.0 + 0.9 * 1; 1.0 *  x[2]^1.0 + 0.1 *  x[3]^1.0 + 0.9 * 1; 0.9 *  x[1]^1.0 + 0.1 *  x[2]^1.0 + 0.1 *  x[3]^1.0 + 2.0 * 1

2019-05-04-13-43-07   >>>>   End verify ranking function

verifying time = 19.232 ms


Not Found Ranking Fcuntion

Conterexample is 

[0, 0, -10, 0]

sampling time = 3.995 ms


       ########################################         

iteration 17 with 364 examples

2019-05-04-13-43-07   >>>>   Start train ranking function

2019-05-04-13-43-07   >>>>   End train ranking function
