------Using Template 0 -----------
4 [4]
*****************************************************

2019-05-04-13-22-03   >>>>   End sampling point

sampling time = 25.039 ms,


       ########################################         

iteration 0 with 36 examples

2019-05-04-13-22-03   >>>>   Start train ranking function

2019-05-04-13-22-03   >>>>   End train ranking function

train_ranking_functioning time = 0.575 ms


2019-05-04-13-22-03   >>>>   Start verify ranking function

[xi_2 = 2, xi_0 = 1, xi_1 = 1]
ranking function : 0.1 *  x[0]^1.0 + 0.1 *  x[1]^1.0 + 0.8 * 1

2019-05-04-13-22-03   >>>>   End verify ranking function

verifying time = 8.232 ms


Not Found Ranking Fcuntion

Conterexample is 

[1, 1, 2]

sampling time = 1.011 ms


       ########################################         

iteration 1 with 38 examples

2019-05-04-13-22-03   >>>>   Start train ranking function

2019-05-04-13-22-03   >>>>   End train ranking function

train_ranking_functioning time = 0.478 ms


2019-05-04-13-22-03   >>>>   Start verify ranking function

[xi_2 = 2, xi_0 = 1, xi_1 = 1]
ranking function : 0.1 *  x[0]^1.0 + 0.1 *  x[1]^1.0 + 0.8 * 1

2019-05-04-13-22-03   >>>>   End verify ranking function

verifying time = 8.056 ms


Not Found Ranking Fcuntion

Conterexample is 

[1, 1, 2]

sampling time = 1.002 ms


       ########################################         

iteration 2 with 40 examples

2019-05-04-13-22-03   >>>>   Start train ranking function

2019-05-04-13-22-03   >>>>   End train ranking function

train_ranking_functioning time = 0.496 ms


2019-05-04-13-22-03   >>>>   Start verify ranking function

[xi_2 = -1, xi_0 = 1, xi_1 = 1]
ranking function : 0.1 *  x[0]^1.0 + 0.8 * 1

2019-05-04-13-22-03   >>>>   End verify ranking function

verifying time = 8.089 ms


Not Found Ranking Fcuntion

Conterexample is 

[1, 1, -1]

sampling time = 1.031 ms


       ########################################         

iteration 3 with 42 examples

2019-05-04-13-22-03   >>>>   Start train ranking function

2019-05-04-13-22-03   >>>>   End train ranking function

train_ranking_functioning time = 0.496 ms


2019-05-04-13-22-03   >>>>   Start verify ranking function

[xi_2 = 2, xi_0 = 1, xi_1 = 1]
ranking function : 0.1 *  x[0]^1.0 + 0.1 *  x[1]^1.0 + 0.8 * 1

2019-05-04-13-22-03   >>>>   End verify ranking function

verifying time = 7.928 ms


Not Found Ranking Fcuntion

Conterexample is 

[1, 1, 2]

sampling time = 1.022 ms


       ########################################         

iteration 4 with 44 examples

2019-05-04-13-22-03   >>>>   Start train ranking function

2019-05-04-13-22-03   >>>>   End train ranking function

train_ranking_functioning time = 0.515 ms


2019-05-04-13-22-03   >>>>   Start verify ranking function

[xi_2 = -1, xi_0 = 1, xi_1 = 1]
ranking function : 0.1 *  x[0]^1.0 + 0.8 * 1

2019-05-04-13-22-03   >>>>   End verify ranking function

verifying time = 7.983 ms


Not Found Ranking Fcuntion

Conterexample is 

[1, 1, -1]

sampling time = 1.001 ms


       ########################################         

iteration 5 with 46 examples

2019-05-04-13-22-03   >>>>   Start train ranking function

2019-05-04-13-22-03   >>>>   End train ranking function

train_ranking_functioning time = 0.529 ms


2019-05-04-13-22-03   >>>>   Start verify ranking function

[xi_2 = 2, xi_0 = 1, xi_1 = 1]
ranking function : 0.1 *  x[0]^1.0 + 0.1 *  x[1]^1.0 + 0.8 * 1

2019-05-04-13-22-03   >>>>   End verify ranking function

verifying time = 8.053 ms


Not Found Ranking Fcuntion

Conterexample is 

[1, 1, 2]

sampling time = 1.001 ms


       ########################################         

iteration 6 with 48 examples

2019-05-04-13-22-03   >>>>   Start train ranking function

2019-05-04-13-22-03   >>>>   End train ranking function

train_ranking_functioning time = 0.536 ms


2019-05-04-13-22-03   >>>>   Start verify ranking function

[xi_2 = -1, xi_0 = 1, xi_1 = 1]
ranking function : 0.1 *  x[0]^1.0 + 0.8 * 1

2019-05-04-13-22-03   >>>>   End verify ranking function

verifying time = 8.025 ms


Not Found Ranking Fcuntion

Conterexample is 

[1, 1, -1]

sampling time = 1.039 ms


       ########################################         

iteration 7 with 50 examples

2019-05-04-13-22-03   >>>>   Start train ranking function

2019-05-04-13-22-03   >>>>   End train ranking function

train_ranking_functioning time = 0.557 ms


2019-05-04-13-22-03   >>>>   Start verify ranking function

[xi_2 = -1, xi_0 = 1, xi_1 = 1]
ranking function : 0.1 *  x[0]^1.0 + 0.8 * 1

2019-05-04-13-22-03   >>>>   End verify ranking function

verifying time = 7.985 ms


Not Found Ranking Fcuntion

Conterexample is 

[1, 1, -1]

sampling time = 1.007 ms


       ########################################         

iteration 8 with 52 examples

2019-05-04-13-22-03   >>>>   Start train ranking function

2019-05-04-13-22-03   >>>>   End train ranking function

train_ranking_functioning time = 0.562 ms


2019-05-04-13-22-03   >>>>   Start verify ranking function

[xi_2 = 2, xi_0 = 1, xi_1 = 1]
ranking function : 0.1 *  x[0]^1.0 + 0.1 *  x[1]^1.0 + 0.8 * 1

2019-05-04-13-22-03   >>>>   End verify ranking function

verifying time = 7.936 ms


Not Found Ranking Fcuntion

Conterexample is 

[1, 1, 2]

sampling time = 0.998 ms


       ########################################         

iteration 9 with 54 examples

2019-05-04-13-22-03   >>>>   Start train ranking function

2019-05-04-13-22-03   >>>>   End train ranking function

train_ranking_functioning time = 0.595 ms


2019-05-04-13-22-03   >>>>   Start verify ranking function

[xi_2 = -1, xi_0 = 1, xi_1 = 1]
ranking function : 0.1 *  x[0]^1.0 + 0.8 * 1

2019-05-04-13-22-03   >>>>   End verify ranking function

verifying time = 8.018 ms


Not Found Ranking Fcuntion

Conterexample is 

[1, 1, -1]

sampling time = 0.997 ms


       ########################################         

iteration 10 with 56 examples

2019-05-04-13-22-03   >>>>   Start train ranking function

2019-05-04-13-22-03   >>>>   End train ranking function

train_ranking_functioning time = 0.602 ms


2019-05-04-13-22-03   >>>>   Start verify ranking function

[xi_2 = 2, xi_0 = 1, xi_1 = 1]
ranking function : 0.1 *  x[0]^1.0 + 0.1 *  x[1]^1.0 + 0.8 * 1

2019-05-04-13-22-03   >>>>   End verify ranking function

verifying time = 7.983 ms


Not Found Ranking Fcuntion

Conterexample is 

[1, 1, 2]

sampling time = 0.995 ms


       ########################################         

iteration 11 with 58 examples

2019-05-04-13-22-03   >>>>   Start train ranking function

2019-05-04-13-22-03   >>>>   End train ranking function

train_ranking_functioning time = 0.611 ms


2019-05-04-13-22-03   >>>>   Start verify ranking function

[xi_2 = -1, xi_0 = 1, xi_1 = 1]
ranking function : 0.1 *  x[0]^1.0 + 0.8 * 1

2019-05-04-13-22-03   >>>>   End verify ranking function

verifying time = 8.078 ms


Not Found Ranking Fcuntion

Conterexample is 

[1, 1, -1]

sampling time = 1.009 ms


       ########################################         

iteration 12 with 60 examples

2019-05-04-13-22-03   >>>>   Start train ranking function

2019-05-04-13-22-03   >>>>   End train ranking function

train_ranking_functioning time = 0.705 ms


2019-05-04-13-22-03   >>>>   Start verify ranking function

[xi_2 = -1, xi_0 = 1, xi_1 = 1]
ranking function : 0.1 *  x[0]^1.0 + 0.8 * 1

2019-05-04-13-22-03   >>>>   End verify ranking function

verifying time = 8.000 ms


Not Found Ranking Fcuntion

Conterexample is 

[1, 1, -1]

sampling time = 1.045 ms


       ########################################         

iteration 13 with 62 examples

2019-05-04-13-22-03   >>>>   Start train ranking function

2019-05-04-13-22-03   >>>>   End train ranking function

train_ranking_functioning time = 0.682 ms


2019-05-04-13-22-03   >>>>   Start verify ranking function

[xi_2 = 2, xi_0 = 1, xi_1 = 1]
ranking function : 0.1 *  x[0]^1.0 + 0.1 *  x[1]^1.0 + 0.8 * 1

2019-05-04-13-22-03   >>>>   End verify ranking function

verifying time = 7.909 ms


Not Found Ranking Fcuntion

Conterexample is 

[1, 1, 2]

sampling time = 1.037 ms


       ########################################         

iteration 14 with 64 examples

2019-05-04-13-22-03   >>>>   Start train ranking function

2019-05-04-13-22-03   >>>>   End train ranking function

train_ranking_functioning time = 0.814 ms


2019-05-04-13-22-03   >>>>   Start verify ranking function

[xi_2 = -1, xi_0 = 1, xi_1 = 1]
ranking function : 0.1 *  x[0]^1.0 + 0.8 * 1

2019-05-04-13-22-03   >>>>   End verify ranking function

verifying time = 8.773 ms


Not Found Ranking Fcuntion

Conterexample is 

[1, 1, -1]

sampling time = 1.309 ms


       ########################################         

iteration 15 with 66 examples

2019-05-04-13-22-03   >>>>   Start train ranking function

2019-05-04-13-22-03   >>>>   End train ranking function

train_ranking_functioning time = 0.738 ms


2019-05-04-13-22-03   >>>>   Start verify ranking function

[xi_2 = 2, xi_0 = 1, xi_1 = 1]
ranking function : 0.1 *  x[0]^1.0 + 0.1 *  x[1]^1.0 + 0.8 * 1

2019-05-04-13-22-03   >>>>   End verify ranking function

verifying time = 8.207 ms


Not Found Ranking Fcuntion

Conterexample is 

[1, 1, 2]

sampling time = 0.998 ms


       ########################################         

iteration 16 with 68 examples

2019-05-04-13-22-03   >>>>   Start train ranking function

2019-05-04-13-22-03   >>>>   End train ranking function

train_ranking_functioning time = 0.687 ms


2019-05-04-13-22-03   >>>>   Start verify ranking function

[xi_2 = -1, xi_0 = 1, xi_1 = 1]
ranking function : 0.1 *  x[0]^1.0 + 0.8 * 1

2019-05-04-13-22-03   >>>>   End verify ranking function

verifying time = 8.358 ms


Not Found Ranking Fcuntion

Conterexample is 

[1, 1, -1]

sampling time = 0.991 ms


       ########################################         

iteration 17 with 70 examples

2019-05-04-13-22-03   >>>>   Start train ranking function

2019-05-04-13-22-03   >>>>   End train ranking function

train_ranking_functioning time = 0.714 ms


2019-05-04-13-22-03   >>>>   Start verify ranking function

[xi_2 = -1, xi_0 = 1, xi_1 = 1]
ranking function : 0.1 *  x[0]^1.0 + 0.8 * 1

2019-05-04-13-22-03   >>>>   End verify ranking function

verifying time = 7.995 ms


Not Found Ranking Fcuntion

Conterexample is 

[1, 1, -1]

sampling time = 1.009 ms


       ########################################         

iteration 18 with 72 examples

2019-05-04-13-22-03   >>>>   Start train ranking function

2019-05-04-13-22-03   >>>>   End train ranking function

train_ranking_functioning time = 0.716 ms


2019-05-04-13-22-03   >>>>   Start verify ranking function

[xi_2 = 2, xi_0 = 1, xi_1 = 1]
ranking function : 0.1 *  x[0]^1.0 + 0.1 *  x[1]^1.0 + 0.8 * 1

2019-05-04-13-22-03   >>>>   End verify ranking function

verifying time = 7.939 ms


Not Found Ranking Fcuntion

Conterexample is 

[1, 1, 2]

sampling time = 1.041 ms


       ########################################         

iteration 19 with 74 examples

2019-05-04-13-22-03   >>>>   Start train ranking function

2019-05-04-13-22-03   >>>>   End train ranking function

train_ranking_functioning time = 0.728 ms


2019-05-04-13-22-03   >>>>   Start verify ranking function

[xi_2 = -1, xi_0 = 1, xi_1 = 1]
ranking function : 0.1 *  x[0]^1.0 + 0.8 * 1

2019-05-04-13-22-03   >>>>   End verify ranking function

verifying time = 8.262 ms


Not Found Ranking Fcuntion

Conterexample is 

[1, 1, -1]

sampling time = 0.995 ms


       ########################################         

iteration 20 with 76 examples

2019-05-04-13-22-03   >>>>   Start train ranking function

2019-05-04-13-22-03   >>>>   End train ranking function

train_ranking_functioning time = 0.742 ms


2019-05-04-13-22-03   >>>>   Start verify ranking function

[xi_2 = -1, xi_0 = 1, xi_1 = 1]
ranking function : 0.1 *  x[0]^1.0 + 0.8 * 1

2019-05-04-13-22-03   >>>>   End verify ranking function

verifying time = 8.187 ms


Not Found Ranking Fcuntion

Conterexample is 

[1, 1, -1]

sampling time = 1.046 ms


       ########################################         

iteration 21 with 78 examples

2019-05-04-13-22-03   >>>>   Start train ranking function

2019-05-04-13-22-03   >>>>   End train ranking function

train_ranking_functioning time = 0.766 ms


2019-05-04-13-22-03   >>>>   Start verify ranking function

[xi_2 = 2, xi_0 = 1, xi_1 = 1]
ranking function : 0.1 *  x[0]^1.0 + 0.1 *  x[1]^1.0 + 0.8 * 1

2019-05-04-13-22-03   >>>>   End verify ranking function

verifying time = 7.940 ms


Not Found Ranking Fcuntion

Conterexample is 

[1, 1, 2]

sampling time = 1.040 ms


       ########################################         

iteration 22 with 80 examples

2019-05-04-13-22-03   >>>>   Start train ranking function

2019-05-04-13-22-03   >>>>   End train ranking function

train_ranking_functioning time = 0.774 ms


2019-05-04-13-22-03   >>>>   Start verify ranking function

[xi_2 = -1, xi_0 = 1, xi_1 = 1]
ranking function : 0.1 *  x[0]^1.0 + 0.8 * 1

2019-05-04-13-22-03   >>>>   End verify ranking function

verifying time = 8.133 ms


Not Found Ranking Fcuntion

Conterexample is 

[1, 1, -1]

sampling time = 0.998 ms


       ########################################         

iteration 23 with 82 examples

2019-05-04-13-22-03   >>>>   Start train ranking function

2019-05-04-13-22-03   >>>>   End train ranking function

train_ranking_functioning time = 0.784 ms


2019-05-04-13-22-03   >>>>   Start verify ranking function

[xi_2 = 2, xi_0 = 1, xi_1 = 1]
ranking function : 0.1 *  x[0]^1.0 + 0.1 *  x[1]^1.0 + 0.8 * 1

2019-05-04-13-22-03   >>>>   End verify ranking function

verifying time = 7.994 ms


Not Found Ranking Fcuntion

Conterexample is 

[1, 1, 2]

sampling time = 1.004 ms


       ########################################         

iteration 24 with 84 examples

2019-05-04-13-22-03   >>>>   Start train ranking function

2019-05-04-13-22-03   >>>>   End train ranking function

train_ranking_functioning time = 0.801 ms


2019-05-04-13-22-03   >>>>   Start verify ranking function

[xi_2 = -1, xi_0 = 1, xi_1 = 1]
ranking function : 0.1 *  x[0]^1.0 + 0.8 * 1

2019-05-04-13-22-03   >>>>   End verify ranking function

verifying time = 7.997 ms


Not Found Ranking Fcuntion

Conterexample is 

[1, 1, -1]

sampling time = 0.996 ms


Failed to prove it is terminated

UNKNOWN
Time For Template 0 Is--->-322.255000 ms

------Using Template 1 -----------
4 [4]
*****************************************************

2019-05-04-13-22-03   >>>>   End sampling point

sampling time = 27.881 ms,


       ########################################         

iteration 0 with 36 examples

2019-05-04-13-22-03   >>>>   Start train ranking function

2019-05-04-13-22-03   >>>>   End train ranking function

train_ranking_functioning time = 0.954 ms


2019-05-04-13-22-03   >>>>   Start verify ranking function

[xi_0 = 1, xi_1 = 1, xi_2 = -1]
ranking function : 0.2 *  x[0]^-0.5 *  x[1]^-0.5 *  x[2]^1.0 + 1.0 *  x[1]^-1.0 *  x[2]^2.0

2019-05-04-13-22-03   >>>>   End verify ranking function

verifying time = 20.788 ms


Not Found Ranking Fcuntion

Conterexample is 

[1, 1, -1]

sampling time = 1.152 ms


       ########################################         

iteration 1 with 38 examples

2019-05-04-13-22-03   >>>>   Start train ranking function

2019-05-04-13-22-03   >>>>   End train ranking function

train_ranking_functioning time = 1.150 ms


2019-05-04-13-22-03   >>>>   Start verify ranking function

[xi_1 = 1, xi_2 = -1, xi_0 = 1]
ranking function : 0.9 *  x[1]^-1.0 *  x[2]^2.0

2019-05-04-13-22-03   >>>>   End verify ranking function

verifying time = 20.103 ms


Not Found Ranking Fcuntion

Conterexample is 

[1, 1, -1]

sampling time = 1.140 ms


       ########################################         

iteration 2 with 40 examples

2019-05-04-13-22-03   >>>>   Start train ranking function

2019-05-04-13-22-03   >>>>   End train ranking function

train_ranking_functioning time = 1.141 ms


2019-05-04-13-22-03   >>>>   Start verify ranking function

[xi_0 = 1, xi_1 = 1, xi_2 = -1]
ranking function : 0.1 *  x[0]^-0.5 *  x[1]^-0.5 *  x[2]^1.0 + 1.0 *  x[1]^-1.0 *  x[2]^2.0

2019-05-04-13-22-03   >>>>   End verify ranking function

verifying time = 20.680 ms


Not Found Ranking Fcuntion

Conterexample is 

[1, 1, -1]

sampling time = 1.148 ms


       ########################################         

iteration 3 with 42 examples

2019-05-04-13-22-03   >>>>   Start train ranking function

2019-05-04-13-22-03   >>>>   End train ranking function

train_ranking_functioning time = 1.473 ms


2019-05-04-13-22-03   >>>>   Start verify ranking function

[xi_1 = 1, xi_2 = -1, xi_0 = 1]
ranking function : 0.9 *  x[1]^-1.0 *  x[2]^2.0

2019-05-04-13-22-03   >>>>   End verify ranking function

verifying time = 21.077 ms


Not Found Ranking Fcuntion

Conterexample is 

[1, 1, -1]

sampling time = 1.199 ms


       ########################################         

iteration 4 with 44 examples

2019-05-04-13-22-03   >>>>   Start train ranking function

2019-05-04-13-22-03   >>>>   End train ranking function

train_ranking_functioning time = 1.356 ms


2019-05-04-13-22-03   >>>>   Start verify ranking function

[xi_1 = 1, xi_2 = -1, xi_0 = 1]
ranking function : 0.9 *  x[1]^-1.0 *  x[2]^2.0

2019-05-04-13-22-03   >>>>   End verify ranking function

verifying time = 20.547 ms


Not Found Ranking Fcuntion

Conterexample is 

[1, 1, -1]

sampling time = 1.209 ms


       ########################################         

iteration 5 with 46 examples

2019-05-04-13-22-03   >>>>   Start train ranking function

2019-05-04-13-22-03   >>>>   End train ranking function

train_ranking_functioning time = 1.341 ms


2019-05-04-13-22-03   >>>>   Start verify ranking function

[xi_0 = 1, xi_1 = 1, xi_2 = -1]
ranking function : 0.1 *  x[0]^-0.5 *  x[1]^-0.5 *  x[2]^1.0 + 1.0 *  x[1]^-1.0 *  x[2]^2.0

2019-05-04-13-22-03   >>>>   End verify ranking function

verifying time = 21.219 ms


Not Found Ranking Fcuntion

Conterexample is 

[1, 1, -1]

sampling time = 1.242 ms


       ########################################         

iteration 6 with 48 examples

2019-05-04-13-22-03   >>>>   Start train ranking function

2019-05-04-13-22-03   >>>>   End train ranking function

train_ranking_functioning time = 1.426 ms


2019-05-04-13-22-03   >>>>   Start verify ranking function

[xi_0 = 1, xi_1 = 1, xi_2 = -1]
ranking function : 0.1 *  x[0]^-0.5 *  x[1]^-0.5 *  x[2]^1.0 + 1.0 *  x[1]^-1.0 *  x[2]^2.0

2019-05-04-13-22-03   >>>>   End verify ranking function

verifying time = 20.869 ms


Not Found Ranking Fcuntion

Conterexample is 

[1, 1, -1]

sampling time = 1.240 ms


       ########################################         

iteration 7 with 50 examples

2019-05-04-13-22-03   >>>>   Start train ranking function

2019-05-04-13-22-03   >>>>   End train ranking function

train_ranking_functioning time = 1.541 ms


2019-05-04-13-22-03   >>>>   Start verify ranking function

[xi_0 = 1, xi_1 = 1, xi_2 = -1]
ranking function : 0.1 *  x[0]^-0.5 *  x[1]^-0.5 *  x[2]^1.0 + 1.0 *  x[1]^-1.0 *  x[2]^2.0

2019-05-04-13-22-03   >>>>   End verify ranking function

verifying time = 20.452 ms


Not Found Ranking Fcuntion

Conterexample is 

[1, 1, -1]

sampling time = 1.197 ms


       ########################################         

iteration 8 with 52 examples

2019-05-04-13-22-03   >>>>   Start train ranking function

2019-05-04-13-22-03   >>>>   End train ranking function

train_ranking_functioning time = 1.603 ms


2019-05-04-13-22-03   >>>>   Start verify ranking function

[xi_0 = 1, xi_1 = 1, xi_2 = -1]
ranking function :  - 0.1 *  x[0]^-1.0 *  x[1]^-0.5 *  x[2]^3.0 + 0.9 *  x[1]^-1.0 *  x[2]^2.0

2019-05-04-13-22-03   >>>>   End verify ranking function

verifying time = 128.551 ms


Not Found Ranking Fcuntion

Conterexample is 

[1, 1, -1]

sampling time = 1.148 ms


       ########################################         

iteration 9 with 54 examples

2019-05-04-13-22-03   >>>>   Start train ranking function

2019-05-04-13-22-03   >>>>   End train ranking function

train_ranking_functioning time = 1.713 ms


2019-05-04-13-22-03   >>>>   Start verify ranking function

[xi_0 = 1, xi_1 = 1, xi_2 = -1]
ranking function :  - 0.1 *  x[0]^-1.0 *  x[1]^-0.5 *  x[2]^3.0 + 0.9 *  x[1]^-1.0 *  x[2]^2.0

2019-05-04-13-22-04   >>>>   End verify ranking function

verifying time = 81.430 ms


Not Found Ranking Fcuntion

Conterexample is 

[1, 1, -1]

sampling time = 1.211 ms


       ########################################         

iteration 10 with 56 examples

2019-05-04-13-22-04   >>>>   Start train ranking function

2019-05-04-13-22-04   >>>>   End train ranking function

train_ranking_functioning time = 1.742 ms


2019-05-04-13-22-04   >>>>   Start verify ranking function

[xi_0 = 1, xi_1 = 1, xi_2 = -1]
ranking function : 0.1 *  x[0]^-0.5 *  x[1]^-0.5 *  x[2]^1.0 + 1.1 *  x[1]^-1.0 *  x[2]^2.0

2019-05-04-13-22-04   >>>>   End verify ranking function

verifying time = 20.570 ms


Not Found Ranking Fcuntion

Conterexample is 

[1, 1, -1]

sampling time = 1.149 ms


       ########################################         

iteration 11 with 58 examples

2019-05-04-13-22-04   >>>>   Start train ranking function

2019-05-04-13-22-04   >>>>   End train ranking function

train_ranking_functioning time = 1.821 ms


2019-05-04-13-22-04   >>>>   Start verify ranking function

[xi_0 = 1, xi_1 = 1, xi_2 = -1]
ranking function :  - 0.1 *  x[0]^-1.0 *  x[1]^-0.5 *  x[2]^3.0 + 0.9 *  x[1]^-1.0 *  x[2]^2.0

2019-05-04-13-22-04   >>>>   End verify ranking function

verifying time = 70.595 ms


Not Found Ranking Fcuntion

Conterexample is 

[1, 1, -1]

sampling time = 1.196 ms


       ########################################         

iteration 12 with 60 examples

2019-05-04-13-22-04   >>>>   Start train ranking function

2019-05-04-13-22-04   >>>>   End train ranking function

train_ranking_functioning time = 1.944 ms


2019-05-04-13-22-04   >>>>   Start verify ranking function

[xi_0 = 1, xi_1 = 1, xi_2 = -1]
ranking function : 0.2 *  x[0]^-0.5 *  x[1]^-0.5 *  x[2]^1.0 + 1.1 *  x[1]^-1.0 *  x[2]^2.0

2019-05-04-13-22-04   >>>>   End verify ranking function

verifying time = 20.686 ms


Not Found Ranking Fcuntion

Conterexample is 

[1, 1, -1]

sampling time = 1.155 ms


       ########################################         

iteration 13 with 62 examples

2019-05-04-13-22-04   >>>>   Start train ranking function

2019-05-04-13-22-04   >>>>   End train ranking function

train_ranking_functioning time = 1.975 ms


2019-05-04-13-22-04   >>>>   Start verify ranking function

[xi_0 = 1, xi_1 = 1, xi_2 = -1]
ranking function :  - 0.1 *  x[0]^-1.0 *  x[1]^-0.5 *  x[2]^3.0 + 1.0 *  x[1]^-1.0 *  x[2]^2.0

2019-05-04-13-22-04   >>>>   End verify ranking function

verifying time = 62.549 ms


Not Found Ranking Fcuntion

Conterexample is 

[1, 1, -1]

sampling time = 1.215 ms


       ########################################         

iteration 14 with 64 examples

2019-05-04-13-22-04   >>>>   Start train ranking function

2019-05-04-13-22-04   >>>>   End train ranking function

train_ranking_functioning time = 2.135 ms


2019-05-04-13-22-04   >>>>   Start verify ranking function

[xi_1 = 1, xi_2 = -1, xi_0 = 1]
ranking function : 1.0 *  x[1]^-1.0 *  x[2]^2.0

2019-05-04-13-22-04   >>>>   End verify ranking function

verifying time = 20.043 ms


Not Found Ranking Fcuntion

Conterexample is 

[1, 1, -1]

sampling time = 1.278 ms


       ########################################         

iteration 15 with 66 examples

2019-05-04-13-22-04   >>>>   Start train ranking function

2019-05-04-13-22-04   >>>>   End train ranking function

train_ranking_functioning time = 2.175 ms


2019-05-04-13-22-04   >>>>   Start verify ranking function

[xi_0 = 1, xi_1 = 1, xi_2 = -1]
ranking function : 0.1 *  x[0]^-0.5 *  x[1]^-0.5 *  x[2]^1.0 + 1.1 *  x[1]^-1.0 *  x[2]^2.0

2019-05-04-13-22-04   >>>>   End verify ranking function

verifying time = 20.543 ms


Not Found Ranking Fcuntion

Conterexample is 

[1, 1, -1]

sampling time = 1.187 ms


       ########################################         

iteration 16 with 68 examples

2019-05-04-13-22-04   >>>>   Start train ranking function

2019-05-04-13-22-04   >>>>   End train ranking function

train_ranking_functioning time = 2.271 ms


2019-05-04-13-22-04   >>>>   Start verify ranking function

[xi_0 = 1, xi_1 = 1, xi_2 = -1]
ranking function :  - 0.1 *  x[0]^-1.0 *  x[1]^-0.5 *  x[2]^3.0 + 0.9 *  x[1]^-1.0 *  x[2]^2.0

2019-05-04-13-22-04   >>>>   End verify ranking function

verifying time = 54.079 ms


Not Found Ranking Fcuntion

Conterexample is 

[1, 1, -1]

sampling time = 1.392 ms


       ########################################         

iteration 17 with 70 examples

2019-05-04-13-22-04   >>>>   Start train ranking function

2019-05-04-13-22-04   >>>>   End train ranking function

train_ranking_functioning time = 2.465 ms


2019-05-04-13-22-04   >>>>   Start verify ranking function

[xi_0 = 1, xi_1 = 1, xi_2 = -1]
ranking function :  - 0.1 *  x[0]^-1.0 *  x[1]^-0.5 *  x[2]^3.0 + 0.9 *  x[1]^-1.0 *  x[2]^2.0

2019-05-04-13-22-04   >>>>   End verify ranking function

verifying time = 88.878 ms


Not Found Ranking Fcuntion

Conterexample is 

[1, 1, -1]

sampling time = 1.165 ms


       ########################################         

iteration 18 with 72 examples

2019-05-04-13-22-04   >>>>   Start train ranking function

2019-05-04-13-22-04   >>>>   End train ranking function

train_ranking_functioning time = 2.440 ms


2019-05-04-13-22-04   >>>>   Start verify ranking function

[xi_0 = 1, xi_1 = 1, xi_2 = -1]
ranking function : 0.1 *  x[0]^-0.5 *  x[1]^-0.5 *  x[2]^1.0 + 1.0 *  x[1]^-1.0 *  x[2]^2.0

2019-05-04-13-22-04   >>>>   End verify ranking function

verifying time = 21.254 ms


Not Found Ranking Fcuntion

Conterexample is 

[1, 1, -1]

sampling time = 1.221 ms


       ########################################         

iteration 19 with 74 examples

2019-05-04-13-22-04   >>>>   Start train ranking function

2019-05-04-13-22-04   >>>>   End train ranking function

train_ranking_functioning time = 2.492 ms


2019-05-04-13-22-04   >>>>   Start verify ranking function

[xi_0 = 1, xi_1 = 1, xi_2 = -1]
ranking function : 0.1 *  x[0]^-0.5 *  x[1]^-0.5 *  x[2]^1.0 + 1.1 *  x[1]^-1.0 *  x[2]^2.0

2019-05-04-13-22-04   >>>>   End verify ranking function

verifying time = 20.623 ms


Not Found Ranking Fcuntion

Conterexample is 

[1, 1, -1]

sampling time = 1.152 ms


       ########################################         

iteration 20 with 76 examples

2019-05-04-13-22-04   >>>>   Start train ranking function

2019-05-04-13-22-04   >>>>   End train ranking function

train_ranking_functioning time = 2.606 ms


2019-05-04-13-22-04   >>>>   Start verify ranking function

[xi_0 = 1, xi_1 = 1, xi_2 = -1]
ranking function : 0.1 *  x[0]^-0.5 *  x[1]^-0.5 *  x[2]^1.0 + 1.1 *  x[1]^-1.0 *  x[2]^2.0

2019-05-04-13-22-04   >>>>   End verify ranking function

verifying time = 21.047 ms


Not Found Ranking Fcuntion

Conterexample is 

[1, 1, -1]

sampling time = 1.204 ms


       ########################################         

iteration 21 with 78 examples

2019-05-04-13-22-04   >>>>   Start train ranking function

2019-05-04-13-22-04   >>>>   End train ranking function

train_ranking_functioning time = 2.543 ms


2019-05-04-13-22-04   >>>>   Start verify ranking function

[xi_0 = 1, xi_1 = 1, xi_2 = -1]
ranking function :  - 0.1 *  x[0]^-1.0 *  x[1]^-0.5 *  x[2]^3.0 + 0.9 *  x[1]^-1.0 *  x[2]^2.0

2019-05-04-13-22-04   >>>>   End verify ranking function

verifying time = 79.770 ms


Not Found Ranking Fcuntion

Conterexample is 

[1, 1, -1]

sampling time = 1.156 ms


       ########################################         

iteration 22 with 80 examples

2019-05-04-13-22-04   >>>>   Start train ranking function

2019-05-04-13-22-04   >>>>   End train ranking function

train_ranking_functioning time = 2.792 ms


2019-05-04-13-22-04   >>>>   Start verify ranking function

[xi_0 = 1, xi_1 = 1, xi_2 = -1]
ranking function :  - 0.1 *  x[0]^-1.0 *  x[1]^-0.5 *  x[2]^3.0 + 0.9 *  x[1]^-1.0 *  x[2]^2.0

2019-05-04-13-22-04   >>>>   End verify ranking function

verifying time = 79.629 ms


Not Found Ranking Fcuntion

Conterexample is 

[1, 1, -1]

sampling time = 1.199 ms


       ########################################         

iteration 23 with 82 examples

2019-05-04-13-22-04   >>>>   Start train ranking function

2019-05-04-13-22-04   >>>>   End train ranking function

train_ranking_functioning time = 2.830 ms


2019-05-04-13-22-04   >>>>   Start verify ranking function

[xi_0 = 1, xi_1 = 1, xi_2 = -1]
ranking function : 0.1 *  x[0]^-0.5 *  x[1]^-0.5 *  x[2]^1.0 + 1.1 *  x[1]^-1.0 *  x[2]^2.0

2019-05-04-13-22-04   >>>>   End verify ranking function

verifying time = 20.444 ms


Not Found Ranking Fcuntion

Conterexample is 

[1, 1, -1]

sampling time = 1.209 ms


       ########################################         

iteration 24 with 84 examples

2019-05-04-13-22-04   >>>>   Start train ranking function

2019-05-04-13-22-04   >>>>   End train ranking function

train_ranking_functioning time = 2.854 ms


2019-05-04-13-22-04   >>>>   Start verify ranking function

[xi_0 = 1, xi_1 = 1, xi_2 = -1]
ranking function : 0.1 *  x[0]^-0.5 *  x[1]^-0.5 *  x[2]^1.0 + 1.0 *  x[1]^-1.0 *  x[2]^2.0

2019-05-04-13-22-04   >>>>   End verify ranking function

verifying time = 20.484 ms


Not Found Ranking Fcuntion

Conterexample is 

[1, 1, -1]

sampling time = 1.159 ms


Failed to prove it is terminated

UNKNOWN
Time For Template 1 Is--->-1140.160000 ms

------Using Template 2 -----------
12 [4, 4, 4]
*****************************************************

2019-05-04-13-22-04   >>>>   End sampling point

sampling time = 59.563 ms,


       ########################################         

iteration 0 with 72 examples

2019-05-04-13-22-04   >>>>   Start train ranking function

2019-05-04-13-22-04   >>>>   End train ranking function

train_ranking_functioning time = 0.643 ms


2019-05-04-13-22-04   >>>>   Start verify ranking function

[xi_2 = 2, xi_0 = 1, xi_1 = 1]
ranking function : 0.1 *  x[0]^1.0 + 0.1 *  x[1]^1.0 + 0.8 * 1; 0.1 *  x[0]^1.0 + 0.1 *  x[1]^1.0 + 0.8 * 1; 0.1 *  x[0]^1.0 + 0.1 *  x[1]^1.0 + 0.8 * 1

2019-05-04-13-22-04   >>>>   End verify ranking function

verifying time = 8.277 ms


Not Found Ranking Fcuntion

Conterexample is 

[1, 1, 2]

sampling time = 2.899 ms


       ########################################         

iteration 1 with 76 examples

2019-05-04-13-22-04   >>>>   Start train ranking function

2019-05-04-13-22-04   >>>>   End train ranking function

train_ranking_functioning time = 0.608 ms


2019-05-04-13-22-04   >>>>   Start verify ranking function

[xi_2 = 2, xi_0 = 1, xi_1 = 1]
ranking function : 0.1 *  x[0]^1.0 + 0.1 *  x[1]^1.0 + 0.8 * 1; 0.1 *  x[0]^1.0 + 0.1 *  x[1]^1.0 + 0.8 * 1; 0.1 *  x[0]^1.0 + 0.1 *  x[1]^1.0 + 0.8 * 1

2019-05-04-13-22-04   >>>>   End verify ranking function

verifying time = 8.183 ms


Not Found Ranking Fcuntion

Conterexample is 

[1, 1, 2]

sampling time = 2.902 ms


       ########################################         

iteration 2 with 80 examples

2019-05-04-13-22-04   >>>>   Start train ranking function

2019-05-04-13-22-04   >>>>   End train ranking function

train_ranking_functioning time = 0.634 ms


2019-05-04-13-22-04   >>>>   Start verify ranking function

[xi_2 = -1, xi_0 = 1, xi_1 = 1]
ranking function : 0.1 *  x[0]^1.0 + 0.8 * 1; 0.1 *  x[0]^1.0 + 0.1 *  x[1]^1.0 + 0.8 * 1; 0.1 *  x[0]^1.0 + 0.1 *  x[1]^1.0 + 0.8 * 1

2019-05-04-13-22-04   >>>>   End verify ranking function

verifying time = 8.357 ms


Not Found Ranking Fcuntion

Conterexample is 

[1, 1, -1]

sampling time = 2.896 ms


       ########################################         

iteration 3 with 84 examples

2019-05-04-13-22-04   >>>>   Start train ranking function

2019-05-04-13-22-04   >>>>   End train ranking function

train_ranking_functioning time = 0.712 ms


2019-05-04-13-22-04   >>>>   Start verify ranking function

[xi_2 = 2, xi_0 = 1, xi_1 = 1]
ranking function : 0.1 *  x[0]^1.0 + 0.1 *  x[1]^1.0 + 0.8 * 1; 0.1 *  x[0]^1.0 + 0.1 *  x[1]^1.0 + 0.8 * 1; 0.1 *  x[0]^1.0 + 0.1 *  x[1]^1.0 + 0.8 * 1

2019-05-04-13-22-04   >>>>   End verify ranking function

verifying time = 8.337 ms


Not Found Ranking Fcuntion

Conterexample is 

[1, 1, 2]

sampling time = 2.869 ms


       ########################################         

iteration 4 with 88 examples

2019-05-04-13-22-04   >>>>   Start train ranking function

2019-05-04-13-22-04   >>>>   End train ranking function

train_ranking_functioning time = 0.701 ms


2019-05-04-13-22-04   >>>>   Start verify ranking function

[xi_2 = -1, xi_0 = 1, xi_1 = 1]
ranking function : 0.1 *  x[0]^1.0 + 0.8 * 1; 0.1 *  x[0]^1.0 + 0.1 *  x[1]^1.0 + 0.8 * 1; 0.1 *  x[0]^1.0 + 0.1 *  x[1]^1.0 + 0.8 * 1

2019-05-04-13-22-04   >>>>   End verify ranking function

verifying time = 8.401 ms


Not Found Ranking Fcuntion

Conterexample is 

[1, 1, -1]

sampling time = 3.168 ms


       ########################################         

iteration 5 with 92 examples

2019-05-04-13-22-04   >>>>   Start train ranking function

2019-05-04-13-22-04   >>>>   End train ranking function

train_ranking_functioning time = 0.768 ms


2019-05-04-13-22-04   >>>>   Start verify ranking function

[xi_2 = 2, xi_0 = 1, xi_1 = 1]
ranking function : 0.1 *  x[0]^1.0 + 0.1 *  x[1]^1.0 + 0.8 * 1; 0.1 *  x[0]^1.0 + 0.1 *  x[1]^1.0 + 0.8 * 1; 0.1 *  x[0]^1.0 + 0.1 *  x[1]^1.0 + 0.8 * 1

2019-05-04-13-22-04   >>>>   End verify ranking function

verifying time = 9.013 ms


Not Found Ranking Fcuntion

Conterexample is 

[1, 1, 2]

sampling time = 2.914 ms


       ########################################         

iteration 6 with 96 examples

2019-05-04-13-22-04   >>>>   Start train ranking function

2019-05-04-13-22-04   >>>>   End train ranking function

train_ranking_functioning time = 0.819 ms


2019-05-04-13-22-04   >>>>   Start verify ranking function

[xi_2 = -1, xi_0 = 1, xi_1 = 1]
ranking function : 0.1 *  x[0]^1.0 + 0.8 * 1; 0.1 *  x[0]^1.0 + 0.1 *  x[1]^1.0 + 0.8 * 1; 0.1 *  x[0]^1.0 + 0.1 *  x[1]^1.0 + 0.8 * 1

2019-05-04-13-22-04   >>>>   End verify ranking function

verifying time = 8.587 ms


Not Found Ranking Fcuntion

Conterexample is 

[1, 1, -1]

sampling time = 2.910 ms


       ########################################         

iteration 7 with 100 examples

2019-05-04-13-22-04   >>>>   Start train ranking function

2019-05-04-13-22-04   >>>>   End train ranking function

train_ranking_functioning time = 0.833 ms


2019-05-04-13-22-04   >>>>   Start verify ranking function

[xi_2 = -1, xi_0 = 1, xi_1 = 1]
ranking function : 0.1 *  x[0]^1.0 + 0.8 * 1; 0.1 *  x[0]^1.0 + 0.1 *  x[1]^1.0 + 0.8 * 1; 0.1 *  x[0]^1.0 + 0.1 *  x[1]^1.0 + 0.8 * 1

2019-05-04-13-22-04   >>>>   End verify ranking function

verifying time = 8.358 ms


Not Found Ranking Fcuntion

Conterexample is 

[1, 1, -1]

sampling time = 2.910 ms


       ########################################         

iteration 8 with 104 examples

2019-05-04-13-22-04   >>>>   Start train ranking function

2019-05-04-13-22-04   >>>>   End train ranking function

train_ranking_functioning time = 0.811 ms


2019-05-04-13-22-04   >>>>   Start verify ranking function

[xi_2 = 2, xi_0 = 1, xi_1 = 1]
ranking function : 0.1 *  x[0]^1.0 + 0.1 *  x[1]^1.0 + 0.8 * 1; 0.1 *  x[0]^1.0 + 0.1 *  x[1]^1.0 + 0.8 * 1; 0.1 *  x[0]^1.0 + 0.1 *  x[1]^1.0 + 0.8 * 1

2019-05-04-13-22-04   >>>>   End verify ranking function

verifying time = 8.290 ms


Not Found Ranking Fcuntion

Conterexample is 

[1, 1, 2]

sampling time = 2.917 ms


       ########################################         

iteration 9 with 108 examples

2019-05-04-13-22-04   >>>>   Start train ranking function

2019-05-04-13-22-04   >>>>   End train ranking function

train_ranking_functioning time = 0.821 ms


2019-05-04-13-22-04   >>>>   Start verify ranking function

[xi_2 = -1, xi_0 = 1, xi_1 = 1]
ranking function : 0.1 *  x[0]^1.0 + 0.8 * 1; 0.1 *  x[0]^1.0 + 0.1 *  x[1]^1.0 + 0.8 * 1; 0.1 *  x[0]^1.0 + 0.1 *  x[1]^1.0 + 0.8 * 1

2019-05-04-13-22-04   >>>>   End verify ranking function

verifying time = 8.370 ms


Not Found Ranking Fcuntion

Conterexample is 

[1, 1, -1]

sampling time = 2.887 ms


       ########################################         

iteration 10 with 112 examples

2019-05-04-13-22-04   >>>>   Start train ranking function

2019-05-04-13-22-04   >>>>   End train ranking function

train_ranking_functioning time = 0.861 ms


2019-05-04-13-22-04   >>>>   Start verify ranking function

[xi_2 = 2, xi_0 = 1, xi_1 = 1]
ranking function : 0.1 *  x[0]^1.0 + 0.1 *  x[1]^1.0 + 0.8 * 1; 0.1 *  x[0]^1.0 + 0.1 *  x[1]^1.0 + 0.8 * 1; 0.1 *  x[0]^1.0 + 0.1 *  x[1]^1.0 + 0.8 * 1

2019-05-04-13-22-05   >>>>   End verify ranking function

verifying time = 8.417 ms


Not Found Ranking Fcuntion

Conterexample is 

[1, 1, 2]

sampling time = 3.094 ms


       ########################################         

iteration 11 with 116 examples

2019-05-04-13-22-05   >>>>   Start train ranking function

2019-05-04-13-22-05   >>>>   End train ranking function

train_ranking_functioning time = 0.962 ms


2019-05-04-13-22-05   >>>>   Start verify ranking function

[xi_2 = -1, xi_0 = 1, xi_1 = 1]
ranking function : 0.1 *  x[0]^1.0 + 0.8 * 1; 0.1 *  x[0]^1.0 + 0.1 *  x[1]^1.0 + 0.8 * 1; 0.1 *  x[0]^1.0 + 0.1 *  x[1]^1.0 + 0.8 * 1

2019-05-04-13-22-05   >>>>   End verify ranking function

verifying time = 8.999 ms


Not Found Ranking Fcuntion

Conterexample is 

[1, 1, -1]

sampling time = 2.911 ms


       ########################################         

iteration 12 with 120 examples

2019-05-04-13-22-05   >>>>   Start train ranking function

2019-05-04-13-22-05   >>>>   End train ranking function

train_ranking_functioning time = 0.917 ms


2019-05-04-13-22-05   >>>>   Start verify ranking function

[xi_2 = -1, xi_0 = 1, xi_1 = 1]
ranking function : 0.1 *  x[0]^1.0 + 0.8 * 1; 0.1 *  x[0]^1.0 + 0.1 *  x[1]^1.0 + 0.8 * 1; 0.1 *  x[0]^1.0 + 0.1 *  x[1]^1.0 + 0.8 * 1

2019-05-04-13-22-05   >>>>   End verify ranking function

verifying time = 8.362 ms


Not Found Ranking Fcuntion

Conterexample is 

[1, 1, -1]

sampling time = 2.906 ms


       ########################################         

iteration 13 with 124 examples

2019-05-04-13-22-05   >>>>   Start train ranking function

2019-05-04-13-22-05   >>>>   End train ranking function

train_ranking_functioning time = 0.919 ms


2019-05-04-13-22-05   >>>>   Start verify ranking function

[xi_2 = 2, xi_0 = 1, xi_1 = 1]
ranking function : 0.1 *  x[0]^1.0 + 0.1 *  x[1]^1.0 + 0.8 * 1; 0.1 *  x[0]^1.0 + 0.1 *  x[1]^1.0 + 0.8 * 1; 0.1 *  x[0]^1.0 + 0.1 *  x[1]^1.0 + 0.8 * 1

2019-05-04-13-22-05   >>>>   End verify ranking function

verifying time = 8.227 ms


Not Found Ranking Fcuntion

Conterexample is 

[1, 1, 2]

sampling time = 2.863 ms


       ########################################         

iteration 14 with 128 examples

2019-05-04-13-22-05   >>>>   Start train ranking function

2019-05-04-13-22-05   >>>>   End train ranking function

train_ranking_functioning time = 0.984 ms


2019-05-04-13-22-05   >>>>   Start verify ranking function

[xi_2 = -1, xi_0 = 1, xi_1 = 1]
ranking function : 0.1 *  x[0]^1.0 + 0.8 * 1; 0.1 *  x[0]^1.0 + 0.1 *  x[1]^1.0 + 0.8 * 1; 0.1 *  x[0]^1.0 + 0.1 *  x[1]^1.0 + 0.8 * 1

2019-05-04-13-22-05   >>>>   End verify ranking function

verifying time = 8.267 ms


Not Found Ranking Fcuntion

Conterexample is 

[1, 1, -1]

sampling time = 2.936 ms


       ########################################         

iteration 15 with 132 examples

2019-05-04-13-22-05   >>>>   Start train ranking function

2019-05-04-13-22-05   >>>>   End train ranking function

train_ranking_functioning time = 1.001 ms


2019-05-04-13-22-05   >>>>   Start verify ranking function

[xi_2 = 2, xi_0 = 1, xi_1 = 1]
ranking function : 0.1 *  x[0]^1.0 + 0.1 *  x[1]^1.0 + 0.8 * 1; 0.1 *  x[0]^1.0 + 0.1 *  x[1]^1.0 + 0.8 * 1; 0.1 *  x[0]^1.0 + 0.1 *  x[1]^1.0 + 0.8 * 1

2019-05-04-13-22-05   >>>>   End verify ranking function

verifying time = 8.591 ms


Not Found Ranking Fcuntion

Conterexample is 

[1, 1, 2]

sampling time = 2.919 ms


       ########################################         

iteration 16 with 136 examples

2019-05-04-13-22-05   >>>>   Start train ranking function

2019-05-04-13-22-05   >>>>   End train ranking function

train_ranking_functioning time = 1.100 ms


2019-05-04-13-22-05   >>>>   Start verify ranking function

[xi_2 = -1, xi_0 = 1, xi_1 = 1]
ranking function : 0.1 *  x[0]^1.0 + 0.8 * 1; 0.1 *  x[0]^1.0 + 0.1 *  x[1]^1.0 + 0.8 * 1; 0.1 *  x[0]^1.0 + 0.1 *  x[1]^1.0 + 0.8 * 1

2019-05-04-13-22-05   >>>>   End verify ranking function

verifying time = 8.380 ms


Not Found Ranking Fcuntion

Conterexample is 

[1, 1, -1]

sampling time = 2.871 ms


       ########################################         

iteration 17 with 140 examples

2019-05-04-13-22-05   >>>>   Start train ranking function
