------Using Template 0 -----------
3 [3]
*****************************************************

2019-05-04-13-27-03   >>>>   End sampling point

sampling time = 52.560 ms,


       ########################################         

iteration 0 with 136 examples

2019-05-04-13-27-03   >>>>   Start train ranking function

2019-05-04-13-27-03   >>>>   End train ranking function

train_ranking_functioning time = 2.698 ms


2019-05-04-13-27-03   >>>>   Start verify ranking function

ranking function :  - 0.8 *  x[1]^1.0 + 4.6 * 1

2019-05-04-13-27-03   >>>>   End verify ranking function

verifying time = 7.863 ms


Not Found Ranking Fcuntion

Conterexample is 

[0, 6]

sampling time = 0.716 ms


       ########################################         

iteration 1 with 138 examples

2019-05-04-13-27-03   >>>>   Start train ranking function

2019-05-04-13-27-03   >>>>   End train ranking function

train_ranking_functioning time = 2.326 ms


2019-05-04-13-27-03   >>>>   Start verify ranking function

ranking function :  - 0.8 *  x[1]^1.0 + 4.6 * 1

2019-05-04-13-27-03   >>>>   End verify ranking function

verifying time = 7.763 ms


Not Found Ranking Fcuntion

Conterexample is 

[0, 6]

sampling time = 0.710 ms


       ########################################         

iteration 2 with 140 examples

2019-05-04-13-27-03   >>>>   Start train ranking function

2019-05-04-13-27-03   >>>>   End train ranking function

train_ranking_functioning time = 2.232 ms


2019-05-04-13-27-03   >>>>   Start verify ranking function

ranking function :  - 0.7 *  x[1]^1.0 + 4.7 * 1

2019-05-04-13-27-03   >>>>   End verify ranking function

verifying time = 7.779 ms


Not Found Ranking Fcuntion

Conterexample is 

[0, 7]

sampling time = 0.708 ms


       ########################################         

iteration 3 with 142 examples

2019-05-04-13-27-03   >>>>   Start train ranking function

2019-05-04-13-27-03   >>>>   End train ranking function

train_ranking_functioning time = 2.842 ms


2019-05-04-13-27-03   >>>>   Start verify ranking function

[xi_0 = 7, xi_1 = -7]
ranking function : 0.1 *  x[0]^1.0 - 0.7 *  x[1]^1.0 + 4.6 * 1

2019-05-04-13-27-03   >>>>   End verify ranking function

verifying time = 6.997 ms


Not Found Ranking Fcuntion

Conterexample is 

[7, -7]

sampling time = 0.704 ms


       ########################################         

iteration 4 with 144 examples

2019-05-04-13-27-03   >>>>   Start train ranking function

2019-05-04-13-27-03   >>>>   End train ranking function

train_ranking_functioning time = 2.947 ms


2019-05-04-13-27-03   >>>>   Start verify ranking function

ranking function :  - 0.7 *  x[1]^1.0 + 4.7 * 1

2019-05-04-13-27-03   >>>>   End verify ranking function

verifying time = 7.999 ms


Not Found Ranking Fcuntion

Conterexample is 

[0, 7]

sampling time = 0.706 ms


       ########################################         

iteration 5 with 146 examples

2019-05-04-13-27-03   >>>>   Start train ranking function

2019-05-04-13-27-03   >>>>   End train ranking function

train_ranking_functioning time = 2.728 ms


2019-05-04-13-27-03   >>>>   Start verify ranking function

ranking function :  - 0.7 *  x[1]^1.0 + 4.9 * 1

2019-05-04-13-27-03   >>>>   End verify ranking function

verifying time = 7.834 ms


Not Found Ranking Fcuntion

Conterexample is 

[0, 8]

sampling time = 0.703 ms


       ########################################         

iteration 6 with 148 examples

2019-05-04-13-27-03   >>>>   Start train ranking function

2019-05-04-13-27-03   >>>>   End train ranking function

train_ranking_functioning time = 3.141 ms


2019-05-04-13-27-03   >>>>   Start verify ranking function

[xi_0 = 7, xi_1 = -7]
ranking function : 0.1 *  x[0]^1.0 - 0.7 *  x[1]^1.0 + 4.9 * 1

2019-05-04-13-27-03   >>>>   End verify ranking function

verifying time = 6.969 ms


Not Found Ranking Fcuntion

Conterexample is 

[7, -7]

sampling time = 0.703 ms


       ########################################         

iteration 7 with 150 examples

2019-05-04-13-27-03   >>>>   Start train ranking function

2019-05-04-13-27-03   >>>>   End train ranking function

train_ranking_functioning time = 3.282 ms


2019-05-04-13-27-03   >>>>   Start verify ranking function

ranking function :  - 0.7 *  x[1]^1.0 + 5.1 * 1

2019-05-04-13-27-03   >>>>   End verify ranking function

verifying time = 7.704 ms


Not Found Ranking Fcuntion

Conterexample is 

[0, 8]

sampling time = 0.711 ms


       ########################################         

iteration 8 with 152 examples

2019-05-04-13-27-03   >>>>   Start train ranking function

2019-05-04-13-27-03   >>>>   End train ranking function

train_ranking_functioning time = 3.306 ms


2019-05-04-13-27-03   >>>>   Start verify ranking function

ranking function :  - 0.6 *  x[1]^1.0 + 5.2 * 1

2019-05-04-13-27-03   >>>>   End verify ranking function

verifying time = 7.786 ms


Not Found Ranking Fcuntion

Conterexample is 

[0, 9]

sampling time = 0.698 ms


       ########################################         

iteration 9 with 154 examples

2019-05-04-13-27-03   >>>>   Start train ranking function

2019-05-04-13-27-03   >>>>   End train ranking function

train_ranking_functioning time = 3.306 ms


2019-05-04-13-27-03   >>>>   Start verify ranking function

[xi_0 = 6, xi_1 = -6]
ranking function : 0.1 *  x[0]^1.0 - 0.6 *  x[1]^1.0 + 5.2 * 1

2019-05-04-13-27-03   >>>>   End verify ranking function

verifying time = 7.062 ms


Not Found Ranking Fcuntion

Conterexample is 

[6, -6]

sampling time = 0.718 ms


       ########################################         

iteration 10 with 156 examples

2019-05-04-13-27-03   >>>>   Start train ranking function

2019-05-04-13-27-03   >>>>   End train ranking function

train_ranking_functioning time = 3.408 ms


2019-05-04-13-27-03   >>>>   Start verify ranking function

ranking function :  - 0.6 *  x[1]^1.0 + 5.3 * 1

2019-05-04-13-27-03   >>>>   End verify ranking function

verifying time = 7.858 ms


Not Found Ranking Fcuntion

Conterexample is 

[0, 9]

sampling time = 0.715 ms


       ########################################         

iteration 11 with 158 examples

2019-05-04-13-27-03   >>>>   Start train ranking function

2019-05-04-13-27-03   >>>>   End train ranking function

train_ranking_functioning time = 3.429 ms


2019-05-04-13-27-03   >>>>   Start verify ranking function

ranking function :  - 0.6 *  x[1]^1.0 + 5.5 * 1

2019-05-04-13-27-03   >>>>   End verify ranking function

verifying time = 7.776 ms


Not Found Ranking Fcuntion

Conterexample is 

[0, 10]

sampling time = 0.721 ms


       ########################################         

iteration 12 with 160 examples

2019-05-04-13-27-03   >>>>   Start train ranking function

2019-05-04-13-27-03   >>>>   End train ranking function

train_ranking_functioning time = 3.382 ms


2019-05-04-13-27-03   >>>>   Start verify ranking function

[xi_0 = 6, xi_1 = -6]
ranking function : 0.1 *  x[0]^1.0 - 0.6 *  x[1]^1.0 + 5.5 * 1

2019-05-04-13-27-03   >>>>   End verify ranking function

verifying time = 6.972 ms


Not Found Ranking Fcuntion

Conterexample is 

[6, -6]

sampling time = 0.747 ms


       ########################################         

iteration 13 with 162 examples

2019-05-04-13-27-03   >>>>   Start train ranking function

2019-05-04-13-27-03   >>>>   End train ranking function

train_ranking_functioning time = 3.500 ms


2019-05-04-13-27-03   >>>>   Start verify ranking function

ranking function :  - 0.6 *  x[1]^1.0 + 5.6 * 1

2019-05-04-13-27-03   >>>>   End verify ranking function

verifying time = 7.851 ms


Not Found Ranking Fcuntion

Conterexample is 

[0, 10]

sampling time = 0.726 ms


       ########################################         

iteration 14 with 164 examples

2019-05-04-13-27-03   >>>>   Start train ranking function

2019-05-04-13-27-03   >>>>   End train ranking function

train_ranking_functioning time = 3.528 ms


2019-05-04-13-27-03   >>>>   Start verify ranking function

ranking function :  - 0.6 *  x[1]^1.0 + 5.7 * 1

2019-05-04-13-27-03   >>>>   End verify ranking function

verifying time = 7.723 ms


Not Found Ranking Fcuntion

Conterexample is 

[0, 10]

sampling time = 0.874 ms


       ########################################         

iteration 15 with 166 examples

2019-05-04-13-27-03   >>>>   Start train ranking function

2019-05-04-13-27-03   >>>>   End train ranking function

train_ranking_functioning time = 3.888 ms


2019-05-04-13-27-03   >>>>   Start verify ranking function

ranking function :  - 0.6 *  x[1]^1.0 + 5.7 * 1

2019-05-04-13-27-03   >>>>   End verify ranking function

verifying time = 8.878 ms


Not Found Ranking Fcuntion

Conterexample is 

[0, 10]

sampling time = 0.815 ms


       ########################################         

iteration 16 with 168 examples

2019-05-04-13-27-03   >>>>   Start train ranking function

2019-05-04-13-27-03   >>>>   End train ranking function

train_ranking_functioning time = 3.854 ms


2019-05-04-13-27-03   >>>>   Start verify ranking function

[xi_0 = 5, xi_1 = -5]
ranking function : 0.1 *  x[0]^1.0 - 0.5 *  x[1]^1.0 + 5.8 * 1

2019-05-04-13-27-03   >>>>   End verify ranking function

verifying time = 7.603 ms


Not Found Ranking Fcuntion

Conterexample is 

[5, -5]

sampling time = 0.723 ms


       ########################################         

iteration 17 with 170 examples

2019-05-04-13-27-03   >>>>   Start train ranking function

2019-05-04-13-27-03   >>>>   End train ranking function

train_ranking_functioning time = 3.703 ms


2019-05-04-13-27-03   >>>>   Start verify ranking function

ranking function :  - 0.6 *  x[1]^1.0 + 5.9 * 1

2019-05-04-13-27-03   >>>>   End verify ranking function

verifying time = 7.899 ms


Not Found Ranking Fcuntion

Conterexample is 

[0, 10]

sampling time = 0.779 ms


       ########################################         

iteration 18 with 172 examples

2019-05-04-13-27-03   >>>>   Start train ranking function

2019-05-04-13-27-03   >>>>   End train ranking function

train_ranking_functioning time = 3.698 ms


2019-05-04-13-27-03   >>>>   Start verify ranking function

ranking function :  - 0.6 *  x[1]^1.0 + 5.9 * 1

2019-05-04-13-27-03   >>>>   End verify ranking function

verifying time = 7.830 ms


Not Found Ranking Fcuntion

Conterexample is 

[0, 10]

sampling time = 0.727 ms


       ########################################         

iteration 19 with 174 examples

2019-05-04-13-27-03   >>>>   Start train ranking function

2019-05-04-13-27-03   >>>>   End train ranking function

train_ranking_functioning time = 3.762 ms


2019-05-04-13-27-03   >>>>   Start verify ranking function

ranking function :  - 0.5 *  x[1]^1.0 + 6.0 * 1

2019-05-04-13-27-03   >>>>   End verify ranking function

verifying time = 7.752 ms


Not Found Ranking Fcuntion

Conterexample is 

[0, 13]

sampling time = 0.751 ms


       ########################################         

iteration 20 with 176 examples

2019-05-04-13-27-03   >>>>   Start train ranking function

2019-05-04-13-27-03   >>>>   End train ranking function

train_ranking_functioning time = 3.607 ms


2019-05-04-13-27-03   >>>>   Start verify ranking function

[xi_0 = 5, xi_1 = -5]
ranking function : 0.1 *  x[0]^1.0 - 0.5 *  x[1]^1.0 + 5.7 * 1

2019-05-04-13-27-03   >>>>   End verify ranking function

verifying time = 7.477 ms


Not Found Ranking Fcuntion

Conterexample is 

[5, -5]

sampling time = 0.702 ms


       ########################################         

iteration 21 with 178 examples

2019-05-04-13-27-03   >>>>   Start train ranking function

2019-05-04-13-27-03   >>>>   End train ranking function

train_ranking_functioning time = 3.874 ms


2019-05-04-13-27-03   >>>>   Start verify ranking function

ranking function :  - 0.5 *  x[1]^1.0 + 5.8 * 1

2019-05-04-13-27-03   >>>>   End verify ranking function

verifying time = 7.779 ms


Not Found Ranking Fcuntion

Conterexample is 

[0, 15]

sampling time = 0.717 ms


       ########################################         

iteration 22 with 180 examples

2019-05-04-13-27-03   >>>>   Start train ranking function

2019-05-04-13-27-03   >>>>   End train ranking function

train_ranking_functioning time = 3.798 ms


2019-05-04-13-27-03   >>>>   Start verify ranking function

[xi_0 = 4, xi_1 = -4]
ranking function : 0.1 *  x[0]^1.0 - 0.4 *  x[1]^1.0 + 5.5 * 1

2019-05-04-13-27-03   >>>>   End verify ranking function

verifying time = 6.930 ms


Not Found Ranking Fcuntion

Conterexample is 

[4, -4]

sampling time = 0.714 ms


       ########################################         

iteration 23 with 182 examples

2019-05-04-13-27-03   >>>>   Start train ranking function

2019-05-04-13-27-03   >>>>   End train ranking function

train_ranking_functioning time = 3.902 ms


2019-05-04-13-27-03   >>>>   Start verify ranking function

[xi_0 = 4, xi_1 = -4]
ranking function : 0.1 *  x[0]^1.0 - 0.4 *  x[1]^1.0 + 5.6 * 1

2019-05-04-13-27-03   >>>>   End verify ranking function

verifying time = 7.085 ms


Not Found Ranking Fcuntion

Conterexample is 

[4, -4]

sampling time = 0.745 ms


       ########################################         

iteration 24 with 184 examples

2019-05-04-13-27-03   >>>>   Start train ranking function

2019-05-04-13-27-03   >>>>   End train ranking function

train_ranking_functioning time = 3.944 ms


2019-05-04-13-27-03   >>>>   Start verify ranking function

[xi_0 = 4, xi_1 = -4]
ranking function : 0.1 *  x[0]^1.0 - 0.4 *  x[1]^1.0 + 5.7 * 1

2019-05-04-13-27-03   >>>>   End verify ranking function

verifying time = 7.017 ms


Not Found Ranking Fcuntion

Conterexample is 

[4, -4]

sampling time = 0.708 ms


Failed to prove it is terminated

UNKNOWN
Time For Template 0 Is--->-390.851000 ms

------Using Template 1 -----------
2 [2]
*****************************************************

2019-05-04-13-27-03   >>>>   End sampling point

sampling time = 44.709 ms,


       ########################################         

iteration 0 with 136 examples

2019-05-04-13-27-03   >>>>   Start train ranking function

2019-05-04-13-27-03   >>>>   End train ranking function

train_ranking_functioning time = 5.217 ms


2019-05-04-13-27-03   >>>>   Start verify ranking function

[xi_0 = 0, xi_1 = 0]
ranking function : 

2019-05-04-13-27-03   >>>>   End verify ranking function

verifying time = 8.233 ms


Not Found Ranking Fcuntion

Conterexample is 

[0, 0]

sampling time = 0.562 ms


       ########################################         

iteration 1 with 138 examples

2019-05-04-13-27-03   >>>>   Start train ranking function

2019-05-04-13-27-03   >>>>   End train ranking function

train_ranking_functioning time = 5.193 ms


2019-05-04-13-27-03   >>>>   Start verify ranking function

[xi_0 = 0, xi_1 = 0]
ranking function : 

2019-05-04-13-27-03   >>>>   End verify ranking function

verifying time = 8.120 ms


Not Found Ranking Fcuntion

Conterexample is 

[0, 0]

sampling time = 0.571 ms


       ########################################         

iteration 2 with 140 examples

2019-05-04-13-27-03   >>>>   Start train ranking function

2019-05-04-13-27-03   >>>>   End train ranking function

train_ranking_functioning time = 5.301 ms


2019-05-04-13-27-03   >>>>   Start verify ranking function

[xi_0 = 0, xi_1 = 0]
ranking function : 

2019-05-04-13-27-03   >>>>   End verify ranking function

verifying time = 8.087 ms


Not Found Ranking Fcuntion

Conterexample is 

[0, 0]

sampling time = 0.578 ms


       ########################################         

iteration 3 with 142 examples

2019-05-04-13-27-03   >>>>   Start train ranking function

2019-05-04-13-27-03   >>>>   End train ranking function

train_ranking_functioning time = 5.255 ms


2019-05-04-13-27-03   >>>>   Start verify ranking function

[xi_0 = 0, xi_1 = 0]
ranking function : 

2019-05-04-13-27-03   >>>>   End verify ranking function

verifying time = 8.455 ms


Not Found Ranking Fcuntion

Conterexample is 

[0, 0]

sampling time = 0.568 ms


       ########################################         

iteration 4 with 144 examples

2019-05-04-13-27-03   >>>>   Start train ranking function

2019-05-04-13-27-03   >>>>   End train ranking function

train_ranking_functioning time = 5.438 ms


2019-05-04-13-27-03   >>>>   Start verify ranking function

[xi_0 = 0, xi_1 = 0]
ranking function : 

2019-05-04-13-27-03   >>>>   End verify ranking function

verifying time = 8.230 ms


Not Found Ranking Fcuntion

Conterexample is 

[0, 0]

sampling time = 0.694 ms


       ########################################         

iteration 5 with 146 examples

2019-05-04-13-27-03   >>>>   Start train ranking function

5
2019-05-04-13-27-03   >>>>   End train ranking function

train_ranking_functioning time = 5.915 ms


2019-05-04-13-27-03   >>>>   Start verify ranking function

[xi_0 = 0, xi_1 = 0]
ranking function : 

2019-05-04-13-27-03   >>>>   End verify ranking function

verifying time = 8.993 ms


Not Found Ranking Fcuntion

Conterexample is 

[0, 0]

sampling time = 0.604 ms


       ########################################         

iteration 6 with 148 examples

2019-05-04-13-27-03   >>>>   Start train ranking function

2019-05-04-13-27-03   >>>>   End train ranking function

train_ranking_functioning time = 5.845 ms


2019-05-04-13-27-03   >>>>   Start verify ranking function

[xi_0 = 2, xi_1 = -1]
ranking function : 0.0227 *  x[0]^-0.5 *  x[1]^-3.0

2019-05-04-13-27-03   >>>>   End verify ranking function

verifying time = 19.232 ms


Not Found Ranking Fcuntion

Conterexample is 

[2, -1]

sampling time = 0.589 ms


       ########################################         

iteration 7 with 150 examples

2019-05-04-13-27-03   >>>>   Start train ranking function

2019-05-04-13-27-03   >>>>   End train ranking function

train_ranking_functioning time = 5.508 ms


2019-05-04-13-27-03   >>>>   Start verify ranking function

[xi_0 = 2, xi_1 = -1]
ranking function :  - 0.0399 *  x[0]^-0.5 *  x[1]^-3.0

2019-05-04-13-27-03   >>>>   End verify ranking function

verifying time = 15.380 ms


Not Found Ranking Fcuntion

Conterexample is 

[2, -1]

sampling time = 0.634 ms


       ########################################         

iteration 8 with 152 examples

2019-05-04-13-27-03   >>>>   Start train ranking function

2019-05-04-13-27-03   >>>>   End train ranking function

train_ranking_functioning time = 5.620 ms


2019-05-04-13-27-03   >>>>   Start verify ranking function

[xi_0 = 2, xi_1 = -1]
ranking function :  - 0.0953 *  x[0]^-0.5 *  x[1]^-3.0

2019-05-04-13-27-03   >>>>   End verify ranking function

verifying time = 15.253 ms


Not Found Ranking Fcuntion

Conterexample is 

[2, -1]

sampling time = 0.580 ms


       ########################################         

iteration 9 with 154 examples

2019-05-04-13-27-03   >>>>   Start train ranking function

2019-05-04-13-27-03   >>>>   End train ranking function

train_ranking_functioning time = 5.793 ms


2019-05-04-13-27-03   >>>>   Start verify ranking function

[xi_0 = 2, xi_1 = -1]
ranking function :  - 0.1446 *  x[0]^-0.5 *  x[1]^-3.0

2019-05-04-13-27-03   >>>>   End verify ranking function

verifying time = 15.124 ms


Not Found Ranking Fcuntion

Conterexample is 

[2, -1]

sampling time = 0.589 ms


       ########################################         

iteration 10 with 156 examples

2019-05-04-13-27-03   >>>>   Start train ranking function

2019-05-04-13-27-03   >>>>   End train ranking function

train_ranking_functioning time = 5.753 ms


2019-05-04-13-27-03   >>>>   Start verify ranking function

[xi_0 = 2, xi_1 = -1]
ranking function :  - 0.1888 *  x[0]^-0.5 *  x[1]^-3.0

2019-05-04-13-27-03   >>>>   End verify ranking function

verifying time = 15.268 ms


Not Found Ranking Fcuntion

Conterexample is 

[2, -1]

sampling time = 0.589 ms


       ########################################         

iteration 11 with 158 examples

2019-05-04-13-27-03   >>>>   Start train ranking function

2019-05-04-13-27-03   >>>>   End train ranking function

train_ranking_functioning time = 5.881 ms


2019-05-04-13-27-03   >>>>   Start verify ranking function

[xi_0 = 2, xi_1 = -1]
ranking function :  - 0.2287 *  x[0]^-0.5 *  x[1]^-3.0

2019-05-04-13-27-04   >>>>   End verify ranking function

verifying time = 18.251 ms


Not Found Ranking Fcuntion

Conterexample is 

[2, -1]

sampling time = 0.630 ms


       ########################################         

iteration 12 with 160 examples

2019-05-04-13-27-04   >>>>   Start train ranking function

2019-05-04-13-27-04   >>>>   End train ranking function

train_ranking_functioning time = 6.448 ms


2019-05-04-13-27-04   >>>>   Start verify ranking function

[xi_0 = 2, xi_1 = -1]
ranking function :  - 0.2648 *  x[0]^-0.5 *  x[1]^-3.0

2019-05-04-13-27-04   >>>>   End verify ranking function

verifying time = 15.482 ms


Not Found Ranking Fcuntion

Conterexample is 

[2, -1]

sampling time = 0.655 ms


       ########################################         

iteration 13 with 162 examples

2019-05-04-13-27-04   >>>>   Start train ranking function

2019-05-04-13-27-04   >>>>   End train ranking function

train_ranking_functioning time = 5.990 ms


2019-05-04-13-27-04   >>>>   Start verify ranking function

[xi_0 = 2, xi_1 = -1]
ranking function :  - 0.2977 *  x[0]^-0.5 *  x[1]^-3.0

2019-05-04-13-27-04   >>>>   End verify ranking function

verifying time = 15.351 ms


Not Found Ranking Fcuntion

Conterexample is 

[2, -1]

sampling time = 0.584 ms


       ########################################         

iteration 14 with 164 examples

2019-05-04-13-27-04   >>>>   Start train ranking function

2019-05-04-13-27-04   >>>>   End train ranking function

train_ranking_functioning time = 6.123 ms


2019-05-04-13-27-04   >>>>   Start verify ranking function

[xi_0 = 2, xi_1 = -1]
ranking function :  - 0.3278 *  x[0]^-0.5 *  x[1]^-3.0

2019-05-04-13-27-04   >>>>   End verify ranking function

verifying time = 15.287 ms


Not Found Ranking Fcuntion

Conterexample is 

[2, -1]

sampling time = 0.593 ms


       ########################################         

iteration 15 with 166 examples

2019-05-04-13-27-04   >>>>   Start train ranking function

2019-05-04-13-27-04   >>>>   End train ranking function

train_ranking_functioning time = 6.123 ms


2019-05-04-13-27-04   >>>>   Start verify ranking function

[xi_0 = 2, xi_1 = -1]
ranking function :  - 0.3554 *  x[0]^-0.5 *  x[1]^-3.0

2019-05-04-13-27-04   >>>>   End verify ranking function

verifying time = 15.138 ms


Not Found Ranking Fcuntion

Conterexample is 

[2, -1]

sampling time = 0.649 ms


       ########################################         

iteration 16 with 168 examples

2019-05-04-13-27-04   >>>>   Start train ranking function

2019-05-04-13-27-04   >>>>   End train ranking function

train_ranking_functioning time = 6.174 ms


2019-05-04-13-27-04   >>>>   Start verify ranking function

[xi_0 = 2, xi_1 = -1]
ranking function :  - 0.3826 *  x[0]^-0.5 *  x[1]^-3.0

2019-05-04-13-27-04   >>>>   End verify ranking function

verifying time = 15.436 ms


Not Found Ranking Fcuntion

Conterexample is 

[2, -1]

sampling time = 0.593 ms


       ########################################         

iteration 17 with 170 examples

2019-05-04-13-27-04   >>>>   Start train ranking function

2019-05-04-13-27-04   >>>>   End train ranking function

train_ranking_functioning time = 6.339 ms


2019-05-04-13-27-04   >>>>   Start verify ranking function

[xi_0 = 2, xi_1 = -1]
ranking function :  - 0.4043 *  x[0]^-0.5 *  x[1]^-3.0

2019-05-04-13-27-04   >>>>   End verify ranking function

verifying time = 15.220 ms


Not Found Ranking Fcuntion

Conterexample is 

[2, -1]

sampling time = 0.595 ms


       ########################################         

iteration 18 with 172 examples

2019-05-04-13-27-04   >>>>   Start train ranking function

2019-05-04-13-27-04   >>>>   End train ranking function

train_ranking_functioning time = 6.374 ms


2019-05-04-13-27-04   >>>>   Start verify ranking function

[xi_0 = 2, xi_1 = -1]
ranking function :  - 0.4261 *  x[0]^-0.5 *  x[1]^-3.0

2019-05-04-13-27-04   >>>>   End verify ranking function

verifying time = 22.154 ms


Not Found Ranking Fcuntion

Conterexample is 

[2, -1]

sampling time = 0.630 ms


       ########################################         

iteration 19 with 174 examples

2019-05-04-13-27-04   >>>>   Start train ranking function

2019-05-04-13-27-04   >>>>   End train ranking function

train_ranking_functioning time = 6.430 ms


2019-05-04-13-27-04   >>>>   Start verify ranking function

[xi_0 = 2, xi_1 = -1]
ranking function :  - 0.4464 *  x[0]^-0.5 *  x[1]^-3.0

2019-05-04-13-27-04   >>>>   End verify ranking function

verifying time = 18.921 ms


Not Found Ranking Fcuntion

Conterexample is 

[2, -1]

sampling time = 0.647 ms


       ########################################         

iteration 20 with 176 examples

2019-05-04-13-27-04   >>>>   Start train ranking function

2019-05-04-13-27-04   >>>>   End train ranking function

train_ranking_functioning time = 6.975 ms


2019-05-04-13-27-04   >>>>   Start verify ranking function

[xi_0 = 2, xi_1 = -1]
ranking function :  - 0.4652 *  x[0]^-0.5 *  x[1]^-3.0

2019-05-04-13-27-04   >>>>   End verify ranking function

verifying time = 15.798 ms


Not Found Ranking Fcuntion

Conterexample is 

[2, -1]

sampling time = 0.584 ms


       ########################################         

iteration 21 with 178 examples

2019-05-04-13-27-04   >>>>   Start train ranking function

2019-05-04-13-27-04   >>>>   End train ranking function

train_ranking_functioning time = 6.855 ms


2019-05-04-13-27-04   >>>>   Start verify ranking function

[xi_0 = 2, xi_1 = -1]
ranking function :  - 0.4829 *  x[0]^-0.5 *  x[1]^-3.0

2019-05-04-13-27-04   >>>>   End verify ranking function

verifying time = 15.350 ms


Not Found Ranking Fcuntion

Conterexample is 

[2, -1]

sampling time = 0.587 ms


       ########################################         

iteration 22 with 180 examples

2019-05-04-13-27-04   >>>>   Start train ranking function

2019-05-04-13-27-04   >>>>   End train ranking function

train_ranking_functioning time = 6.758 ms


2019-05-04-13-27-04   >>>>   Start verify ranking function

[xi_0 = 2, xi_1 = -1]
ranking function :  - 0.4994 *  x[0]^-0.5 *  x[1]^-3.0

2019-05-04-13-27-04   >>>>   End verify ranking function

verifying time = 15.418 ms


Not Found Ranking Fcuntion

Conterexample is 

[2, -1]

sampling time = 0.587 ms


       ########################################         

iteration 23 with 182 examples

2019-05-04-13-27-04   >>>>   Start train ranking function

2019-05-04-13-27-04   >>>>   End train ranking function

train_ranking_functioning time = 6.780 ms


2019-05-04-13-27-04   >>>>   Start verify ranking function

[xi_0 = 2, xi_1 = -1]
ranking function :  - 0.5148 *  x[0]^-0.5 *  x[1]^-3.0

2019-05-04-13-27-04   >>>>   End verify ranking function

verifying time = 15.194 ms


Not Found Ranking Fcuntion

Conterexample is 

[2, -1]

sampling time = 0.594 ms


       ########################################         

iteration 24 with 184 examples

2019-05-04-13-27-04   >>>>   Start train ranking function

2019-05-04-13-27-04   >>>>   End train ranking function

train_ranking_functioning time = 7.205 ms


2019-05-04-13-27-04   >>>>   Start verify ranking function

[xi_0 = 2, xi_1 = -1]
ranking function :  - 0.5294 *  x[0]^-0.5 *  x[1]^-3.0

2019-05-04-13-27-04   >>>>   End verify ranking function

verifying time = 15.481 ms


Not Found Ranking Fcuntion

Conterexample is 

[2, -1]

sampling time = 0.587 ms


Failed to prove it is terminated

UNKNOWN
Time For Template 1 Is--->-592.140000 ms

------Using Template 2 -----------
9 [3, 3, 3]
*****************************************************

2019-05-04-13-27-04   >>>>   End sampling point

sampling time = 142.192 ms,


       ########################################         

iteration 0 with 272 examples

2019-05-04-13-27-04   >>>>   Start train ranking function

2019-05-04-13-27-04   >>>>   End train ranking function

train_ranking_functioning time = 5.742 ms


2019-05-04-13-27-04   >>>>   Start verify ranking function

valid ranking function
ranking function :  - 1.0 *  x[1]^1.0 + 1.5 * 1; 1.0 *  x[0]^1.0 + 0.6 *  x[1]^1.0 + 1.3 * 1; 0.4 *  x[0]^1.0 + 0.4 *  x[1]^1.0 + 1.0 * 1

2019-05-04-13-27-04   >>>>   End verify ranking function

verifying time = 13.152 ms


Found Ranking Fcuntion:  - 1.0 *  x[1]^1.0 + 1.5 * 1; 1.0 *  x[0]^1.0 + 0.6 *  x[1]^1.0 + 1.3 * 1; 0.4 *  x[0]^1.0 + 0.4 *  x[1]^1.0 + 1.0 * 1

 - 1.0 *  x[1]^1.0 + 1.5 * 1; 1.0 *  x[0]^1.0 + 0.6 *  x[1]^1.0 + 1.3 * 1; 0.4 *  x[0]^1.0 + 0.4 *  x[1]^1.0 + 1.0 * 1
FINATE
Time For Template 2 Is--->-173.617000 ms

Time For ../Program_non/72.bpl Is ---> 1321.454000 ms

