------Using Template 0 -----------
6 [6]
*****************************************************

2019-05-04-14-22-13   >>>>   End sampling point

sampling time = 369.469 ms,


       ########################################         

iteration 0 with 436 examples

2019-05-04-14-22-13   >>>>   Start train ranking function

2019-05-04-14-22-13   >>>>   End train ranking function

train_ranking_functioning time = 1.603 ms


2019-05-04-14-22-13   >>>>   Start verify ranking function

ranking function : 1.0 *  x[4]^1.0 + 2.0 * 1

2019-05-04-14-22-13   >>>>   End verify ranking function

verifying time = 11.593 ms


Not Found Ranking Fcuntion

Conterexample is 

[0, 0, 0, 0, -3]

sampling time = 1.685 ms


       ########################################         

iteration 1 with 438 examples

2019-05-04-14-22-13   >>>>   Start train ranking function

2019-05-04-14-22-13   >>>>   End train ranking function

train_ranking_functioning time = 1.531 ms


2019-05-04-14-22-13   >>>>   Start verify ranking function

ranking function : 1.0 *  x[4]^1.0 + 2.6 * 1

2019-05-04-14-22-13   >>>>   End verify ranking function

verifying time = 11.423 ms


Not Found Ranking Fcuntion

Conterexample is 

[0, 0, 0, 0, -3]

sampling time = 1.707 ms


       ########################################         

iteration 2 with 440 examples

2019-05-04-14-22-13   >>>>   Start train ranking function

2019-05-04-14-22-13   >>>>   End train ranking function

train_ranking_functioning time = 1.724 ms


2019-05-04-14-22-13   >>>>   Start verify ranking function

ranking function : 1.0 *  x[4]^1.0 + 3.1 * 1

2019-05-04-14-22-13   >>>>   End verify ranking function

verifying time = 11.389 ms


Not Found Ranking Fcuntion

Conterexample is 

[0, 0, 0, 0, -4]

sampling time = 1.679 ms


       ########################################         

iteration 3 with 442 examples

2019-05-04-14-22-13   >>>>   Start train ranking function

2019-05-04-14-22-13   >>>>   End train ranking function

train_ranking_functioning time = 2.940 ms


2019-05-04-14-22-13   >>>>   Start verify ranking function

ranking function : 1.0 *  x[4]^1.0 + 3.6 * 1

2019-05-04-14-22-13   >>>>   End verify ranking function

verifying time = 11.474 ms


Not Found Ranking Fcuntion

Conterexample is 

[0, 0, 0, 0, -4]

sampling time = 1.679 ms


       ########################################         

iteration 4 with 444 examples

2019-05-04-14-22-13   >>>>   Start train ranking function

2019-05-04-14-22-13   >>>>   End train ranking function

train_ranking_functioning time = 2.825 ms


2019-05-04-14-22-13   >>>>   Start verify ranking function

ranking function : 1.0 *  x[4]^1.0 + 3.9 * 1

2019-05-04-14-22-13   >>>>   End verify ranking function

verifying time = 12.025 ms


Not Found Ranking Fcuntion

Conterexample is 

[0, 0, 0, 0, -4]

sampling time = 1.705 ms


       ########################################         

iteration 5 with 446 examples

2019-05-04-14-22-13   >>>>   Start train ranking function

2019-05-04-14-22-13   >>>>   End train ranking function

train_ranking_functioning time = 2.707 ms


2019-05-04-14-22-13   >>>>   Start verify ranking function

ranking function : 1.0 *  x[4]^1.0 + 4.1 * 1

2019-05-04-14-22-13   >>>>   End verify ranking function

verifying time = 11.783 ms


Not Found Ranking Fcuntion

Conterexample is 

[0, 0, 0, 0, -5]

sampling time = 1.815 ms


       ########################################         

iteration 6 with 448 examples

2019-05-04-14-22-13   >>>>   Start train ranking function

2019-05-04-14-22-13   >>>>   End train ranking function

train_ranking_functioning time = 4.467 ms


2019-05-04-14-22-13   >>>>   Start verify ranking function

ranking function : 1.0 *  x[4]^1.0 + 4.5 * 1

2019-05-04-14-22-13   >>>>   End verify ranking function

verifying time = 11.409 ms


Not Found Ranking Fcuntion

Conterexample is 

[0, 0, 0, 0, -5]

sampling time = 1.758 ms


       ########################################         

iteration 7 with 450 examples

2019-05-04-14-22-13   >>>>   Start train ranking function

2019-05-04-14-22-13   >>>>   End train ranking function

train_ranking_functioning time = 4.250 ms


2019-05-04-14-22-13   >>>>   Start verify ranking function

ranking function : 0.9 *  x[4]^1.0 + 4.7 * 1

2019-05-04-14-22-13   >>>>   End verify ranking function

verifying time = 11.696 ms


Not Found Ranking Fcuntion

Conterexample is 

[0, 0, 0, 0, -6]

sampling time = 1.809 ms


       ########################################         

iteration 8 with 452 examples

2019-05-04-14-22-13   >>>>   Start train ranking function

2019-05-04-14-22-13   >>>>   End train ranking function

train_ranking_functioning time = 6.219 ms


2019-05-04-14-22-13   >>>>   Start verify ranking function

ranking function : 0.9 *  x[4]^1.0 + 5.1 * 1

2019-05-04-14-22-13   >>>>   End verify ranking function

verifying time = 11.407 ms


Not Found Ranking Fcuntion

Conterexample is 

[0, 0, 0, 0, -6]

sampling time = 1.692 ms


       ########################################         

iteration 9 with 454 examples

2019-05-04-14-22-13   >>>>   Start train ranking function

2019-05-04-14-22-13   >>>>   End train ranking function

train_ranking_functioning time = 5.750 ms


2019-05-04-14-22-13   >>>>   Start verify ranking function

ranking function : 0.9 *  x[4]^1.0 + 5.4 * 1

2019-05-04-14-22-13   >>>>   End verify ranking function

verifying time = 11.472 ms


Not Found Ranking Fcuntion

Conterexample is 

[0, 0, 0, 0, -7]

sampling time = 1.698 ms


       ########################################         

iteration 10 with 456 examples

2019-05-04-14-22-13   >>>>   Start train ranking function

2019-05-04-14-22-13   >>>>   End train ranking function

train_ranking_functioning time = 8.325 ms


2019-05-04-14-22-13   >>>>   Start verify ranking function

ranking function : 0.9 *  x[4]^1.0 + 5.8 * 1

2019-05-04-14-22-13   >>>>   End verify ranking function

verifying time = 11.498 ms


Not Found Ranking Fcuntion

Conterexample is 

[0, 0, 0, 0, -7]

sampling time = 1.685 ms


       ########################################         

iteration 11 with 458 examples

2019-05-04-14-22-13   >>>>   Start train ranking function

2019-05-04-14-22-13   >>>>   End train ranking function

train_ranking_functioning time = 7.882 ms


2019-05-04-14-22-13   >>>>   Start verify ranking function

ranking function : 0.9 *  x[4]^1.0 + 6.1 * 1

2019-05-04-14-22-13   >>>>   End verify ranking function

verifying time = 11.475 ms


Not Found Ranking Fcuntion

Conterexample is 

[0, 0, 0, 0, -7]

sampling time = 1.772 ms


       ########################################         

iteration 12 with 460 examples

2019-05-04-14-22-13   >>>>   Start train ranking function

2019-05-04-14-22-13   >>>>   End train ranking function

train_ranking_functioning time = 7.767 ms


2019-05-04-14-22-13   >>>>   Start verify ranking function

ranking function : 0.9 *  x[4]^1.0 + 6.3 * 1

2019-05-04-14-22-13   >>>>   End verify ranking function

verifying time = 11.509 ms


Not Found Ranking Fcuntion

Conterexample is 

[0, 0, 0, 0, -8]

sampling time = 1.684 ms


       ########################################         

iteration 13 with 462 examples

2019-05-04-14-22-13   >>>>   Start train ranking function

2019-05-04-14-22-13   >>>>   End train ranking function

train_ranking_functioning time = 9.618 ms


2019-05-04-14-22-13   >>>>   Start verify ranking function

ranking function : 0.9 *  x[4]^1.0 + 6.6 * 1

2019-05-04-14-22-13   >>>>   End verify ranking function

verifying time = 11.353 ms


Not Found Ranking Fcuntion

Conterexample is 

[0, 0, 0, 0, -8]

sampling time = 1.693 ms


       ########################################         

iteration 14 with 464 examples

2019-05-04-14-22-13   >>>>   Start train ranking function

2019-05-04-14-22-13   >>>>   End train ranking function

train_ranking_functioning time = 9.663 ms


2019-05-04-14-22-13   >>>>   Start verify ranking function

ranking function : 0.9 *  x[4]^1.0 + 6.8 * 1

2019-05-04-14-22-13   >>>>   End verify ranking function

verifying time = 11.565 ms


Not Found Ranking Fcuntion

Conterexample is 

[0, 0, 0, 0, -8]

sampling time = 1.696 ms


       ########################################         

iteration 15 with 466 examples

2019-05-04-14-22-13   >>>>   Start train ranking function

2019-05-04-14-22-13   >>>>   End train ranking function

train_ranking_functioning time = 10.712 ms


2019-05-04-14-22-13   >>>>   Start verify ranking function

ranking function : 0.9 *  x[4]^1.0 + 7.0 * 1

2019-05-04-14-22-13   >>>>   End verify ranking function

verifying time = 12.536 ms


Not Found Ranking Fcuntion

Conterexample is 

[0, 0, 0, 0, -8]

sampling time = 1.934 ms


       ########################################         

iteration 16 with 468 examples

2019-05-04-14-22-13   >>>>   Start train ranking function

2019-05-04-14-22-13   >>>>   End train ranking function

train_ranking_functioning time = 9.966 ms


2019-05-04-14-22-13   >>>>   Start verify ranking function

ranking function : 0.9 *  x[4]^1.0 + 7.1 * 1

2019-05-04-14-22-13   >>>>   End verify ranking function

verifying time = 11.672 ms


Not Found Ranking Fcuntion

Conterexample is 

[0, 0, 0, 0, -8]

sampling time = 1.725 ms


       ########################################         

iteration 17 with 470 examples

2019-05-04-14-22-13   >>>>   Start train ranking function

2019-05-04-14-22-13   >>>>   End train ranking function

train_ranking_functioning time = 8.481 ms


2019-05-04-14-22-13   >>>>   Start verify ranking function

ranking function : 0.9 *  x[4]^1.0 + 7.2 * 1

2019-05-04-14-22-13   >>>>   End verify ranking function

verifying time = 11.392 ms


Not Found Ranking Fcuntion

Conterexample is 

[0, 0, 0, 0, -9]

sampling time = 1.764 ms


       ########################################         

iteration 18 with 472 examples

2019-05-04-14-22-13   >>>>   Start train ranking function

2019-05-04-14-22-13   >>>>   End train ranking function

train_ranking_functioning time = 9.757 ms


2019-05-04-14-22-13   >>>>   Start verify ranking function

ranking function : 0.9 *  x[4]^1.0 + 7.4 * 1

2019-05-04-14-22-13   >>>>   End verify ranking function

verifying time = 11.483 ms


Not Found Ranking Fcuntion

Conterexample is 

[0, 0, 0, 0, -9]

sampling time = 1.750 ms


       ########################################         

iteration 19 with 474 examples

2019-05-04-14-22-13   >>>>   Start train ranking function

2019-05-04-14-22-13   >>>>   End train ranking function

train_ranking_functioning time = 9.829 ms


2019-05-04-14-22-13   >>>>   Start verify ranking function

ranking function : 0.8 *  x[4]^1.0 + 7.5 * 1

2019-05-04-14-22-13   >>>>   End verify ranking function

verifying time = 11.558 ms


Not Found Ranking Fcuntion

Conterexample is 

[0, 0, 0, 0, -10]

sampling time = 1.836 ms


       ########################################         

iteration 20 with 476 examples

2019-05-04-14-22-13   >>>>   Start train ranking function

2019-05-04-14-22-13   >>>>   End train ranking function

train_ranking_functioning time = 9.954 ms


2019-05-04-14-22-13   >>>>   Start verify ranking function

ranking function : 0.8 *  x[4]^1.0 + 7.6 * 1

2019-05-04-14-22-13   >>>>   End verify ranking function

verifying time = 11.703 ms


Not Found Ranking Fcuntion

Conterexample is 

[0, 0, 0, 0, -10]

sampling time = 1.705 ms


       ########################################         

iteration 21 with 478 examples

2019-05-04-14-22-13   >>>>   Start train ranking function

2019-05-04-14-22-13   >>>>   End train ranking function

train_ranking_functioning time = 9.938 ms


2019-05-04-14-22-13   >>>>   Start verify ranking function

ranking function : 0.8 *  x[4]^1.0 + 7.8 * 1

2019-05-04-14-22-13   >>>>   End verify ranking function

verifying time = 11.462 ms


Not Found Ranking Fcuntion

Conterexample is 

[0, 0, 0, 0, -10]

sampling time = 1.696 ms


       ########################################         

iteration 22 with 480 examples

2019-05-04-14-22-13   >>>>   Start train ranking function

2019-05-04-14-22-13   >>>>   End train ranking function

train_ranking_functioning time = 9.923 ms


2019-05-04-14-22-13   >>>>   Start verify ranking function

ranking function : 0.8 *  x[4]^1.0 + 8.0 * 1

2019-05-04-14-22-13   >>>>   End verify ranking function

verifying time = 11.455 ms


Not Found Ranking Fcuntion

Conterexample is 

[0, 0, 0, 0, -11]

sampling time = 1.690 ms


       ########################################         

iteration 23 with 482 examples

2019-05-04-14-22-13   >>>>   Start train ranking function

2019-05-04-14-22-13   >>>>   End train ranking function

train_ranking_functioning time = 9.915 ms


2019-05-04-14-22-13   >>>>   Start verify ranking function

ranking function : 0.8 *  x[4]^1.0 + 8.2 * 1

2019-05-04-14-22-13   >>>>   End verify ranking function

verifying time = 11.542 ms


Not Found Ranking Fcuntion

Conterexample is 

[0, 0, 0, 0, -11]

sampling time = 1.698 ms


       ########################################         

iteration 24 with 484 examples

2019-05-04-14-22-13   >>>>   Start train ranking function

2019-05-04-14-22-13   >>>>   End train ranking function

train_ranking_functioning time = 9.852 ms


2019-05-04-14-22-13   >>>>   Start verify ranking function

ranking function : 0.8 *  x[4]^1.0 + 8.4 * 1

2019-05-04-14-22-13   >>>>   End verify ranking function

verifying time = 11.399 ms


Not Found Ranking Fcuntion

Conterexample is 

[0, 0, 0, 0, -11]

sampling time = 1.706 ms


Failed to prove it is terminated

UNKNOWN
Time For Template 0 Is--->-945.327000 ms

------Using Template 1 -----------
7 [7]
*****************************************************

2019-05-04-14-22-14   >>>>   End sampling point

sampling time = 507.613 ms,


       ########################################         

iteration 0 with 436 examples

2019-05-04-14-22-14   >>>>   Start train ranking function

2019-05-04-14-22-14   >>>>   End train ranking function

train_ranking_functioning time = 12.549 ms


2019-05-04-14-22-14   >>>>   Start verify ranking function

time out
ranking function : 0.1 *  x[0]^-2.0 *  x[1]^3.0 *  x[2]^0.5 *  x[3]^-3.0 *  x[4]^-1.0 - 0.1 *  x[0]^2.0 *  x[1]^3.0 *  x[2]^-3.0 *  x[3]^0.5 *  x[4]^-2.0

2019-05-04-14-22-52   >>>>   End verify ranking function

verifying time = 38185.281 ms


UNKNOWN
Time For Template 1 Is--->-38713.898000 ms

------Using Template 2 -----------
18 [6, 6, 6]
*****************************************************

2019-05-04-14-22-53   >>>>   End sampling point

sampling time = 1098.778 ms,


       ########################################         

iteration 0 with 872 examples

2019-05-04-14-22-53   >>>>   Start train ranking function

2019-05-04-14-22-53   >>>>   End train ranking function

train_ranking_functioning time = 2.968 ms


2019-05-04-14-22-53   >>>>   Start verify ranking function

[xi_4 = -3, xi_0 = 0]
ranking function : 1.0 *  x[4]^1.0 + 1.5 * 1; 0.3 *  x[3]^1.0 + 0.3 *  x[4]^1.0 + 1.2 * 1; 0.1 *  x[2]^1.0 + 0.1 *  x[3]^1.0 + 0.1 *  x[4]^1.0 + 1.2 * 1

2019-05-04-14-22-53   >>>>   End verify ranking function

verifying time = 16.010 ms


Not Found Ranking Fcuntion

Conterexample is 

[0, 0, 0, 0, -3]

sampling time = 4.956 ms


       ########################################         

iteration 1 with 876 examples

2019-05-04-14-22-53   >>>>   Start train ranking function

2019-05-04-14-22-53   >>>>   End train ranking function

train_ranking_functioning time = 2.883 ms


2019-05-04-14-22-53   >>>>   Start verify ranking function

[xi_4 = -6, xi_0 = 0]
ranking function : 1.0 *  x[4]^1.0 + 1.1 * 1; 0.8 *  x[3]^1.0 + 0.1 *  x[4]^1.0 + 1.5 * 1; 0.2 *  x[2]^1.0 + 0.1 *  x[3]^1.0 + 0.1 *  x[4]^1.0 + 1.3 * 1

2019-05-04-14-22-53   >>>>   End verify ranking function

verifying time = 15.993 ms


Not Found Ranking Fcuntion

Conterexample is 

[0, 0, 0, 0, -6]

sampling time = 5.164 ms


       ########################################         

iteration 2 with 880 examples

2019-05-04-14-22-53   >>>>   Start train ranking function

2019-05-04-14-22-53   >>>>   End train ranking function

train_ranking_functioning time = 7.123 ms


2019-05-04-14-22-53   >>>>   Start verify ranking function

[xi_0 = 0, xi_3 = -3]
ranking function : 1.0 *  x[4]^1.0 + 1.0 * 1; 1.0 *  x[3]^1.0 + 1.6 * 1; 0.3 *  x[2]^1.0 + 0.1 *  x[4]^1.0 + 1.3 * 1

2019-05-04-14-22-53   >>>>   End verify ranking function

verifying time = 22.451 ms


Not Found Ranking Fcuntion

Conterexample is 

[0, 0, 0, -3, 0]

sampling time = 5.120 ms


       ########################################         

iteration 3 with 884 examples

2019-05-04-14-22-53   >>>>   Start train ranking function

2019-05-04-14-22-53   >>>>   End train ranking function

train_ranking_functioning time = 6.844 ms


2019-05-04-14-22-53   >>>>   Start verify ranking function

[xi_4 = -11, xi_0 = 0]
ranking function : 1.0 *  x[4]^1.0 + 1.0 * 1; 0.9 *  x[3]^1.0 + 0.1 *  x[4]^1.0 + 1.2 * 1; 0.8 *  x[2]^1.0 + 1.7 * 1

2019-05-04-14-22-53   >>>>   End verify ranking function

verifying time = 16.359 ms


Not Found Ranking Fcuntion

Conterexample is 

[0, 0, 0, 0, -11]

sampling time = 4.997 ms


       ########################################         

iteration 4 with 888 examples

2019-05-04-14-22-53   >>>>   Start train ranking function

2019-05-04-14-22-53   >>>>   End train ranking function

train_ranking_functioning time = 17.475 ms


2019-05-04-14-22-53   >>>>   Start verify ranking function

[xi_0 = 0, xi_3 = -6]
ranking function : 1.0 *  x[4]^1.0 + 1.0 * 1; 1.0 *  x[3]^1.0 + 1.2 * 1; 0.8 *  x[2]^1.0 + 1.8 * 1

2019-05-04-14-22-53   >>>>   End verify ranking function

verifying time = 22.147 ms


Not Found Ranking Fcuntion

Conterexample is 

[0, 0, 0, -6, 0]

sampling time = 4.942 ms


       ########################################         

iteration 5 with 892 examples

2019-05-04-14-22-53   >>>>   Start train ranking function

2019-05-04-14-22-53   >>>>   End train ranking function

train_ranking_functioning time = 17.380 ms


2019-05-04-14-22-53   >>>>   Start verify ranking function

[xi_0 = 0, xi_3 = -10]
ranking function : 1.0 *  x[4]^1.0 + 1.0 * 1; 1.0 *  x[3]^1.0 + 1.0 * 1; 0.9 *  x[2]^1.0 + 1.9 * 1

2019-05-04-14-22-53   >>>>   End verify ranking function

verifying time = 22.008 ms


Not Found Ranking Fcuntion

Conterexample is 

[0, 0, 0, -10, 0]

sampling time = 5.035 ms


       ########################################         

iteration 6 with 896 examples

2019-05-04-14-22-53   >>>>   Start train ranking function

2019-05-04-14-22-53   >>>>   End train ranking function

train_ranking_functioning time = 18.882 ms


2019-05-04-14-22-53   >>>>   Start verify ranking function

ranking function : 1.0 *  x[4]^1.0 + 1.0 * 1; 1.0 *  x[3]^1.0 + 1.0 * 1; 1.0 *  x[2]^1.0 + 1.9 * 1

2019-05-04-14-22-54   >>>>   End verify ranking function

verifying time = 26.636 ms


Not Found Ranking Fcuntion

Conterexample is 

[0, 0, -2, 0, 0]

sampling time = 5.054 ms


       ########################################         

iteration 7 with 900 examples

2019-05-04-14-22-54   >>>>   Start train ranking function

2019-05-04-14-22-54   >>>>   End train ranking function

train_ranking_functioning time = 16.170 ms


2019-05-04-14-22-54   >>>>   Start verify ranking function

ranking function : 1.0 *  x[4]^1.0 + 0.9 * 1; 1.0 *  x[3]^1.0 + 0.1 *  x[4]^1.0 + 0.9 * 1; 1.0 *  x[2]^1.0 + 0.1 *  x[3]^1.0 + 0.1 *  x[4]^1.0 + 2.1 * 1

2019-05-04-14-22-54   >>>>   End verify ranking function

verifying time = 25.025 ms


Not Found Ranking Fcuntion

Conterexample is 

[0, 0, -3, 0, 0]

sampling time = 4.908 ms


       ########################################         

iteration 8 with 904 examples

2019-05-04-14-22-54   >>>>   Start train ranking function

2019-05-04-14-22-54   >>>>   End train ranking function

train_ranking_functioning time = 10.368 ms


2019-05-04-14-22-54   >>>>   Start verify ranking function

[xi_4 = -11, xi_0 = 0]
ranking function : 1.0 *  x[4]^1.0 + 0.9 * 1; 0.9 *  x[3]^1.0 + 0.2 *  x[4]^1.0 + 1.0 * 1; 0.9 *  x[2]^1.0 + 0.2 *  x[3]^1.0 + 0.1 *  x[4]^1.0 + 2.6 * 1

2019-05-04-14-22-54   >>>>   End verify ranking function

verifying time = 15.998 ms


Not Found Ranking Fcuntion

Conterexample is 

[0, 0, 0, 0, -11]

sampling time = 5.038 ms


       ########################################         

iteration 9 with 908 examples

2019-05-04-14-22-54   >>>>   Start train ranking function

2019-05-04-14-22-54   >>>>   End train ranking function

train_ranking_functioning time = 10.410 ms


2019-05-04-14-22-54   >>>>   Start verify ranking function

[xi_0 = 0, xi_3 = -12]
ranking function : 1.0 *  x[4]^1.0 + 0.9 * 1; 1.0 *  x[3]^1.0 + 0.2 *  x[4]^1.0 + 1.0 * 1; 0.9 *  x[2]^1.0 + 0.2 *  x[3]^1.0 + 0.2 *  x[4]^1.0 + 2.6 * 1

2019-05-04-14-22-54   >>>>   End verify ranking function

verifying time = 22.142 ms


Not Found Ranking Fcuntion

Conterexample is 

[0, 0, 0, -12, 0]

sampling time = 5.730 ms


       ########################################         

iteration 10 with 912 examples

2019-05-04-14-22-54   >>>>   Start train ranking function

2019-05-04-14-22-54   >>>>   End train ranking function

train_ranking_functioning time = 10.611 ms


2019-05-04-14-22-54   >>>>   Start verify ranking function

[xi_0 = 0, xi_3 = -11]
ranking function : 1.0 *  x[4]^1.0 + 0.9 * 1; 1.0 *  x[3]^1.0 + 0.1 *  x[4]^1.0 + 0.9 * 1; 0.9 *  x[2]^1.0 + 0.1 *  x[3]^1.0 + 0.2 *  x[4]^1.0 + 2.7 * 1

2019-05-04-14-22-54   >>>>   End verify ranking function

verifying time = 22.145 ms


Not Found Ranking Fcuntion

Conterexample is 

[0, 0, 0, -11, 0]

sampling time = 5.068 ms


       ########################################         

iteration 11 with 916 examples

2019-05-04-14-22-54   >>>>   Start train ranking function

2019-05-04-14-22-54   >>>>   End train ranking function

train_ranking_functioning time = 10.775 ms


2019-05-04-14-22-54   >>>>   Start verify ranking function

[xi_0 = 0, xi_3 = -11]
ranking function : 1.0 *  x[4]^1.0 + 0.9 * 1; 1.0 *  x[3]^1.0 + 0.1 *  x[4]^1.0 + 0.9 * 1; 0.9 *  x[2]^1.0 + 0.1 *  x[3]^1.0 + 0.2 *  x[4]^1.0 + 2.7 * 1

2019-05-04-14-22-54   >>>>   End verify ranking function

verifying time = 22.155 ms


Not Found Ranking Fcuntion

Conterexample is 

[0, 0, 0, -11, 0]

sampling time = 5.027 ms


       ########################################         

iteration 12 with 920 examples

2019-05-04-14-22-54   >>>>   Start train ranking function

2019-05-04-14-22-54   >>>>   End train ranking function

train_ranking_functioning time = 11.064 ms


2019-05-04-14-22-54   >>>>   Start verify ranking function

[xi_0 = 0, xi_3 = -11]
ranking function : 1.0 *  x[4]^1.0 + 0.9 * 1; 1.0 *  x[3]^1.0 + 0.1 *  x[4]^1.0 + 0.9 * 1; 0.9 *  x[2]^1.0 + 0.1 *  x[3]^1.0 + 0.2 *  x[4]^1.0 + 2.7 * 1

2019-05-04-14-22-54   >>>>   End verify ranking function

verifying time = 22.220 ms


Not Found Ranking Fcuntion

Conterexample is 

[0, 0, 0, -11, 0]

sampling time = 5.085 ms


       ########################################         

iteration 13 with 924 examples

2019-05-04-14-22-54   >>>>   Start train ranking function

2019-05-04-14-22-54   >>>>   End train ranking function

train_ranking_functioning time = 11.890 ms


2019-05-04-14-22-54   >>>>   Start verify ranking function

[xi_0 = 0, xi_3 = -11]
ranking function : 1.0 *  x[4]^1.0 + 0.9 * 1; 1.0 *  x[3]^1.0 + 0.1 *  x[4]^1.0 + 0.9 * 1; 0.9 *  x[2]^1.0 + 0.1 *  x[3]^1.0 + 0.2 *  x[4]^1.0 + 2.7 * 1

2019-05-04-14-22-54   >>>>   End verify ranking function

verifying time = 22.345 ms


Not Found Ranking Fcuntion

Conterexample is 

[0, 0, 0, -11, 0]

sampling time = 4.995 ms


       ########################################         

iteration 14 with 928 examples

2019-05-04-14-22-54   >>>>   Start train ranking function

2019-05-04-14-22-54   >>>>   End train ranking function

train_ranking_functioning time = 12.548 ms


2019-05-04-14-22-54   >>>>   Start verify ranking function

[xi_0 = 0, xi_3 = -11]
ranking function : 1.0 *  x[4]^1.0 + 0.9 * 1; 1.0 *  x[3]^1.0 + 0.1 *  x[4]^1.0 + 0.9 * 1; 0.9 *  x[2]^1.0 + 0.1 *  x[3]^1.0 + 0.2 *  x[4]^1.0 + 2.7 * 1

2019-05-04-14-22-54   >>>>   End verify ranking function

verifying time = 22.111 ms


Not Found Ranking Fcuntion

Conterexample is 

[0, 0, 0, -11, 0]

sampling time = 5.043 ms


       ########################################         

iteration 15 with 932 examples

2019-05-04-14-22-54   >>>>   Start train ranking function

5
2019-05-04-14-22-54   >>>>   End train ranking function

train_ranking_functioning time = 11.711 ms


2019-05-04-14-22-54   >>>>   Start verify ranking function

[xi_0 = 0, xi_3 = -11]
ranking function : 1.0 *  x[4]^1.0 + 0.9 * 1; 1.0 *  x[3]^1.0 + 0.1 *  x[4]^1.0 + 0.9 * 1; 0.9 *  x[2]^1.0 + 0.1 *  x[3]^1.0 + 0.2 *  x[4]^1.0 + 2.7 * 1

2019-05-04-14-22-54   >>>>   End verify ranking function

verifying time = 23.864 ms


Not Found Ranking Fcuntion

Conterexample is 

[0, 0, 0, -11, 0]

sampling time = 5.101 ms


       ########################################         

iteration 16 with 936 examples

2019-05-04-14-22-54   >>>>   Start train ranking function

2019-05-04-14-22-54   >>>>   End train ranking function

train_ranking_functioning time = 12.602 ms


2019-05-04-14-22-54   >>>>   Start verify ranking function

[xi_2 = 0, xi_0 = 0, xi_3 = 0, xi_4 = 574]
ranking function :  - 0.0035 *  x[1]^1.0 + 0.002 *  x[2]^1.0 + 0.0017 *  x[3]^1.0 + 0.9766 *  x[4]^1.0 + 0.9207 * 1; 0.9529 *  x[3]^1.0 + 0.1481 *  x[4]^1.0 + 0.856 * 1; 0.9473 *  x[2]^1.0 + 0.1454 *  x[3]^1.0 + 0.1576 *  x[4]^1.0 + 2.7179 * 1

2019-05-04-14-22-54   >>>>   End verify ranking function

verifying time = 10.468 ms


Not Found Ranking Fcuntion

Conterexample is 

[0, 0, 0, 0, 574]

sampling time = 5.024 ms


       ########################################         

iteration 17 with 940 examples

2019-05-04-14-22-54   >>>>   Start train ranking function

2019-05-04-14-22-54   >>>>   End train ranking function

train_ranking_functioning time = 13.169 ms


2019-05-04-14-22-54   >>>>   Start verify ranking function

[xi_2 = 0, xi_0 = 0, xi_4 = 0, xi_3 = 488]
ranking function :  - 0.0035 *  x[1]^1.0 + 0.002 *  x[2]^1.0 + 0.0017 *  x[3]^1.0 + 0.9766 *  x[4]^1.0 + 0.9207 * 1; 0.9528 *  x[3]^1.0 + 0.1481 *  x[4]^1.0 + 0.8561 * 1; 0.9474 *  x[2]^1.0 + 0.1453 *  x[3]^1.0 + 0.1576 *  x[4]^1.0 + 2.7179 * 1

2019-05-04-14-22-54   >>>>   End verify ranking function

verifying time = 10.310 ms


Not Found Ranking Fcuntion

Conterexample is 

[0, 0, 0, 488, 0]

sampling time = 5.082 ms


       ########################################         

iteration 18 with 944 examples

2019-05-04-14-22-54   >>>>   Start train ranking function

2019-05-04-14-22-54   >>>>   End train ranking function

train_ranking_functioning time = 13.591 ms


2019-05-04-14-22-54   >>>>   Start verify ranking function

[xi_2 = 0, xi_0 = 0, xi_3 = 0, xi_4 = 1953]
ranking function :  - 0.0034 *  x[1]^1.0 + 0.0012 *  x[2]^1.0 + 0.0005 *  x[3]^1.0 + 0.977 *  x[4]^1.0 + 0.9208 * 1; 0.9532 *  x[3]^1.0 + 0.1482 *  x[4]^1.0 + 0.8562 * 1; 0.9478 *  x[2]^1.0 + 0.1454 *  x[3]^1.0 + 0.1577 *  x[4]^1.0 + 2.7186 * 1

2019-05-04-14-22-54   >>>>   End verify ranking function

verifying time = 10.295 ms


Not Found Ranking Fcuntion

Conterexample is 

[0, 0, 0, 0, 1953]

sampling time = 5.015 ms


       ########################################         

iteration 19 with 948 examples

2019-05-04-14-22-54   >>>>   Start train ranking function

2019-05-04-14-22-54   >>>>   End train ranking function

train_ranking_functioning time = 14.126 ms


2019-05-04-14-22-54   >>>>   Start verify ranking function

[xi_2 = -288, xi_0 = 0, xi_3 = 0, xi_4 = 0]
ranking function :  - 0.0034 *  x[1]^1.0 + 0.0012 *  x[2]^1.0 + 0.0002 *  x[3]^1.0 + 0.977 *  x[4]^1.0 + 0.9209 * 1; 0.9533 *  x[3]^1.0 + 0.1482 *  x[4]^1.0 + 0.856 * 1; 0.9478 *  x[2]^1.0 + 0.1454 *  x[3]^1.0 + 0.1577 *  x[4]^1.0 + 2.7188 * 1

2019-05-04-14-22-54   >>>>   End verify ranking function

verifying time = 10.263 ms


Not Found Ranking Fcuntion

Conterexample is 

[0, 0, -288, 0, 0]

sampling time = 5.100 ms


       ########################################         

iteration 20 with 952 examples

2019-05-04-14-22-54   >>>>   Start train ranking function

2019-05-04-14-22-54   >>>>   End train ranking function

train_ranking_functioning time = 11.713 ms


2019-05-04-14-22-54   >>>>   Start verify ranking function

[xi_2 = 0, xi_0 = 0, xi_4 = 0, xi_3 = 138]
ranking function :  - 0.0002 *  x[1]^1.0 + 0.0064 *  x[2]^1.0 + 0.003 *  x[3]^1.0 + 0.8827 *  x[4]^1.0 + 4.7842 * 1; 0.3945 *  x[3]^1.0 + 0.3855 *  x[4]^1.0 + 5.0382 * 1;  - 0.0005 *  x[2]^1.0 + 0.0079 *  x[3]^1.0 + 0.0153 *  x[4]^1.0 + 1.0616 * 1

2019-05-04-14-22-54   >>>>   End verify ranking function

verifying time = 10.318 ms


Not Found Ranking Fcuntion

Conterexample is 

[0, 0, 0, 138, 0]

sampling time = 4.997 ms


       ########################################         

iteration 21 with 956 examples

2019-05-04-14-22-54   >>>>   Start train ranking function

2019-05-04-14-22-54   >>>>   End train ranking function

train_ranking_functioning time = 11.829 ms


2019-05-04-14-22-54   >>>>   Start verify ranking function

[xi_2 = 0, xi_0 = 0, xi_3 = 0, xi_4 = 0, xi_1 = -4410]
ranking function :  - 0.0002 *  x[0]^1.0 - 0.0004 *  x[1]^1.0 + 0.006 *  x[2]^1.0 + 0.0011 *  x[3]^1.0 + 0.8829 *  x[4]^1.0 + 4.7859 * 1; 0.3934 *  x[3]^1.0 + 0.3857 *  x[4]^1.0 + 5.0396 * 1; 0.0034 *  x[2]^1.0 + 0.0079 *  x[3]^1.0 + 0.0155 *  x[4]^1.0 + 1.0617 * 1

2019-05-04-14-22-54   >>>>   End verify ranking function

verifying time = 10.372 ms


Not Found Ranking Fcuntion

Conterexample is 

[0, -4410, 0, 0, 0]

sampling time = 5.063 ms


       ########################################         

iteration 22 with 960 examples

2019-05-04-14-22-54   >>>>   Start train ranking function

2019-05-04-14-22-54   >>>>   End train ranking function

train_ranking_functioning time = 12.312 ms


2019-05-04-14-22-54   >>>>   Start verify ranking function

[xi_2 = 0, xi_0 = 0, xi_4 = 0, xi_3 = 221]
ranking function : 0.0004 *  x[1]^1.0 + 0.004 *  x[2]^1.0 + 0.0012 *  x[3]^1.0 + 0.8834 *  x[4]^1.0 + 4.7917 * 1; 0.3959 *  x[3]^1.0 + 0.3839 *  x[4]^1.0 + 5.0453 * 1; 0.0008 *  x[2]^1.0 + 0.0057 *  x[3]^1.0 + 0.0138 *  x[4]^1.0 + 1.0372 * 1

2019-05-04-14-22-54   >>>>   End verify ranking function

verifying time = 10.258 ms


Not Found Ranking Fcuntion

Conterexample is 

[0, 0, 0, 221, 0]

sampling time = 5.059 ms


       ########################################         

iteration 23 with 964 examples

2019-05-04-14-22-54   >>>>   Start train ranking function

2019-05-04-14-22-54   >>>>   End train ranking function

train_ranking_functioning time = 12.067 ms


2019-05-04-14-22-54   >>>>   Start verify ranking function

[xi_2 = 0, xi_0 = 0, xi_3 = 0, xi_4 = 0, xi_1 = 4417]
ranking function : 0.0002 *  x[0]^1.0 - 0.0002 *  x[1]^1.0 + 0.0033 *  x[2]^1.0 + 0.0011 *  x[3]^1.0 + 0.8842 *  x[4]^1.0 + 4.7925 * 1; 0.3958 *  x[3]^1.0 + 0.384 *  x[4]^1.0 + 5.0475 * 1; 0.0009 *  x[2]^1.0 + 0.0056 *  x[3]^1.0 + 0.0136 *  x[4]^1.0 + 1.0375 * 1

2019-05-04-14-22-54   >>>>   End verify ranking function

verifying time = 10.367 ms


Not Found Ranking Fcuntion

Conterexample is 

[0, 4417, 0, 0, 0]

sampling time = 4.970 ms


       ########################################         

iteration 24 with 968 examples

2019-05-04-14-22-54   >>>>   Start train ranking function

2019-05-04-14-22-54   >>>>   End train ranking function

train_ranking_functioning time = 19.294 ms


2019-05-04-14-22-54   >>>>   Start verify ranking function

[xi_2 = 0, xi_0 = 0, xi_4 = 0, xi_3 = 239, xi_1 = 0]
ranking function : 0.0002 *  x[0]^1.0 + 0.0002 *  x[1]^1.0 + 0.0037 *  x[2]^1.0 + 0.0006 *  x[3]^1.0 + 0.8841 *  x[4]^1.0 + 4.7899 * 1; 0.3957 *  x[3]^1.0 + 0.3861 *  x[4]^1.0 + 5.0445 * 1; 0.0004 *  x[2]^1.0 + 0.0079 *  x[3]^1.0 + 0.0153 *  x[4]^1.0 + 1.0624 * 1

2019-05-04-14-22-54   >>>>   End verify ranking function

verifying time = 10.469 ms


Not Found Ranking Fcuntion

Conterexample is 

[0, 0, 0, 239, 0]

sampling time = 4.991 ms


Failed to prove it is terminated

UNKNOWN
Time For Template 2 Is--->-2093.355000 ms

------Using Template 3 -----------
9 [3, 3, 3]
*****************************************************

2019-05-04-14-22-55   >>>>   End sampling point

sampling time = 674.833 ms,


       ########################################         

iteration 0 with 872 examples

2019-05-04-14-22-55   >>>>   Start train ranking function

2019-05-04-14-22-55   >>>>   End train ranking function

train_ranking_functioning time = 23.308 ms


2019-05-04-14-22-55   >>>>   Start verify ranking function

[xi_0 = 1, xi_2 = -1, xi_3 = -1, xi_1 = 1, xi_4 = -1]
ranking function :  - 0.1 *  x[0]^-0.5 *  x[1]^3.0 *  x[3]^1.0 *  x[4]^-3.0;  - 0.1 *  x[0]^-1.0 *  x[1]^2.0 *  x[2]^-1.0 *  x[3]^1.0 *  x[4]^-1.0; 0.2 *  x[0]^-2.0 *  x[1]^2.0 *  x[2]^0.5 *  x[4]^3.0 + 0.2 *  x[0]^0.5 *  x[1]^2.0 *  x[2]^1.0 *  x[3]^3.0 *  x[4]^-3.0
