------Using Template 0 -----------
3 [3]
*****************************************************

2019-05-04-14-02-11   >>>>   End sampling point

sampling time = 68.047 ms,


       ########################################         

iteration 0 with 172 examples

2019-05-04-14-02-11   >>>>   Start train ranking function

2019-05-04-14-02-11   >>>>   End train ranking function

train_ranking_functioning time = 0.579 ms


2019-05-04-14-02-11   >>>>   Start verify ranking function

ranking function : 0.1335 *  x[0]^1.0 - 0.6368 *  x[1]^1.0 + 1.5013 * 1

2019-05-04-14-02-11   >>>>   End verify ranking function

verifying time = 8.377 ms


Not Found Ranking Fcuntion

Conterexample is 

[72.54863813229572, 19.13715953307393]

sampling time = 0.771 ms


       ########################################         

iteration 1 with 174 examples

2019-05-04-14-02-11   >>>>   Start train ranking function

2019-05-04-14-02-11   >>>>   End train ranking function

train_ranking_functioning time = 0.669 ms


2019-05-04-14-02-11   >>>>   Start verify ranking function

valid ranking function
ranking function : 0.1631 *  x[0]^1.0 - 0.6451 *  x[1]^1.0 + 1.5037 * 1

2019-05-04-14-02-11   >>>>   End verify ranking function

verifying time = 7.278 ms


Found Ranking Fcuntion: 0.1631 *  x[0]^1.0 - 0.6451 *  x[1]^1.0 + 1.5037 * 1

0.1631 *  x[0]^1.0 - 0.6451 *  x[1]^1.0 + 1.5037 * 1
FINATE
Time For Template 0 Is--->-116.656000 ms

Time For ../Program_non/83.bpl Is ---> 268.974000 ms

