------Using Template 0 -----------
3 [3]
*****************************************************

[0.         0.99999619 0.        ] 1
[-0.99999809 -0.99999905 -1.        ] -1
2019-09-11-10-18-29   >>>>   End sampling point

sampling time = 7.897 ms,


       ########################################         

iteration 0 with 2 examples

2019-09-11-10-18-29   >>>>   Start train ranking function

training done
2019-09-11-10-18-29   >>>>   End train ranking function

train_ranking_functioning time = 0.602 ms


2019-09-11-10-18-29   >>>>   Start verify ranking function

start alarm signal.
close alarm signal.
ranking function : 0.1 *  x[0]^1.0 + 0.7 *  x[1]^1.0 + 0.1 * 1

2019-09-11-10-18-29   >>>>   End verify ranking function

verifying time = 9.040 ms


Not Found Ranking Fcuntion

Conterexample is 

[8, -2]

sampling time = 0.628 ms


       ########################################         

iteration 1 with 4 examples

2019-09-11-10-18-29   >>>>   Start train ranking function

training done
2019-09-11-10-18-29   >>>>   End train ranking function

train_ranking_functioning time = 0.339 ms


2019-09-11-10-18-29   >>>>   Start verify ranking function

start alarm signal.
close alarm signal.
ranking function : 0.3 *  x[0]^1.0 + 0.7 *  x[1]^1.0 + 0.1 * 1

2019-09-11-10-18-29   >>>>   End verify ranking function

verifying time = 8.064 ms


Not Found Ranking Fcuntion

Conterexample is 

[8, -4]

sampling time = 0.625 ms


       ########################################         

iteration 2 with 6 examples

2019-09-11-10-18-29   >>>>   Start train ranking function

training done
2019-09-11-10-18-29   >>>>   End train ranking function

train_ranking_functioning time = 0.374 ms


2019-09-11-10-18-29   >>>>   Start verify ranking function

start alarm signal.
close alarm signal.
ranking function : 0.4 *  x[0]^1.0 + 0.6 *  x[1]^1.0 + 0.1 * 1

2019-09-11-10-18-29   >>>>   End verify ranking function

verifying time = 8.091 ms


Not Found Ranking Fcuntion

Conterexample is 

[4, -3]

sampling time = 0.629 ms


       ########################################         

iteration 3 with 8 examples

2019-09-11-10-18-29   >>>>   Start train ranking function

training done
2019-09-11-10-18-29   >>>>   End train ranking function

train_ranking_functioning time = 0.337 ms


2019-09-11-10-18-29   >>>>   Start verify ranking function

start alarm signal.
valid ranking function
close alarm signal.
ranking function : 0.6 *  x[0]^1.0 + 0.5 *  x[1]^1.0 + 0.1 * 1

2019-09-11-10-18-29   >>>>   End verify ranking function

verifying time = 7.300 ms


Found Ranking Fcuntion: 0.6 *  x[0]^1.0 + 0.5 *  x[1]^1.0 + 0.1 * 1

0.6 *  x[0]^1.0 + 0.5 *  x[1]^1.0 + 0.1 * 1
FINITE
Time For Template 0 Is--->-57.088000 ms

Time For ../experiment/1.bpl Is ---> 215.642000 ms

Program is terminating
