------Using Template 0 -----------
3 [3]
*****************************************************

[0.         0.99999619 0.        ] 1
[-0.99999809 -0.99999905 -1.        ] -1
2019-09-11-10-14-27   >>>>   End sampling point

sampling time = 7.990 ms,


       ########################################         

iteration 0 with 2 examples

2019-09-11-10-14-27   >>>>   Start train ranking function

training done
2019-09-11-10-14-27   >>>>   End train ranking function

train_ranking_functioning time = 0.501 ms


2019-09-11-10-14-27   >>>>   Start verify ranking function

start alarm signal.
close alarm signal.
ranking function : 0.1 *  x[0]^1.0 + 0.7 *  x[1]^1.0 + 0.1 * 1

2019-09-11-10-14-27   >>>>   End verify ranking function

verifying time = 8.251 ms


Not Found Ranking Fcuntion

Conterexample is 

[8, -2]

sampling time = 0.637 ms


       ########################################         

iteration 1 with 4 examples

2019-09-11-10-14-27   >>>>   Start train ranking function

training done
2019-09-11-10-14-27   >>>>   End train ranking function

train_ranking_functioning time = 0.327 ms


2019-09-11-10-14-27   >>>>   Start verify ranking function

start alarm signal.
close alarm signal.
ranking function : 0.3 *  x[0]^1.0 + 0.7 *  x[1]^1.0 + 0.1 * 1

2019-09-11-10-14-27   >>>>   End verify ranking function

verifying time = 8.088 ms


Not Found Ranking Fcuntion

Conterexample is 

[8, -4]

sampling time = 0.630 ms


       ########################################         

iteration 2 with 6 examples

2019-09-11-10-14-27   >>>>   Start train ranking function

training done
2019-09-11-10-14-27   >>>>   End train ranking function

train_ranking_functioning time = 0.409 ms


2019-09-11-10-14-27   >>>>   Start verify ranking function

start alarm signal.
close alarm signal.
ranking function : 0.4 *  x[0]^1.0 + 0.6 *  x[1]^1.0 + 0.1 * 1

2019-09-11-10-14-27   >>>>   End verify ranking function

verifying time = 8.349 ms


Not Found Ranking Fcuntion

Conterexample is 

[4, -3]

sampling time = 0.633 ms


       ########################################         

iteration 3 with 8 examples

2019-09-11-10-14-27   >>>>   Start train ranking function

training done
2019-09-11-10-14-27   >>>>   End train ranking function

train_ranking_functioning time = 0.342 ms


2019-09-11-10-14-27   >>>>   Start verify ranking function

start alarm signal.
valid ranking function
close alarm signal.
ranking function : 0.6 *  x[0]^1.0 + 0.5 *  x[1]^1.0 + 0.1 * 1

2019-09-11-10-14-27   >>>>   End verify ranking function

verifying time = 8.102 ms


Found Ranking Fcuntion: 0.6 *  x[0]^1.0 + 0.5 *  x[1]^1.0 + 0.1 * 1

0.6 *  x[0]^1.0 + 0.5 *  x[1]^1.0 + 0.1 * 1
FINITE
Time For Template 0 Is--->-57.176000 ms

Time For ../experiment/1.bpl Is ---> 211.260000 ms

