------Using Template 0 -----------
3 [3]
*****************************************************

2019-05-02-09-57-42   >>>>   End sampling point

sampling time = 45.369 ms,


       ########################################         

iteration 0 with 114 examples

2019-05-02-09-57-42   >>>>   Start train ranking function

2019-05-02-09-57-42   >>>>   End train ranking function

train_ranking_functioning time = 1.780 ms


2019-05-02-09-57-42   >>>>   Start verify ranking function

ranking function :  - 0.3 *  x[0]^1.0 - 0.3 *  x[1]^1.0 + 3.5 * 1

2019-05-02-09-57-42   >>>>   End verify ranking function

verifying time = 7.598 ms


Not Found Ranking Fcuntion

Conterexample is 

[1, 11]

sampling time = 0.710 ms


       ########################################         

iteration 1 with 116 examples

2019-05-02-09-57-42   >>>>   Start train ranking function

2019-05-02-09-57-42   >>>>   End train ranking function

train_ranking_functioning time = 1.846 ms


2019-05-02-09-57-42   >>>>   Start verify ranking function

ranking function :  - 0.3 *  x[0]^1.0 - 0.3 *  x[1]^1.0 + 3.6 * 1

2019-05-02-09-57-42   >>>>   End verify ranking function

verifying time = 7.506 ms


Not Found Ranking Fcuntion

Conterexample is 

[1, 12]

sampling time = 0.714 ms


       ########################################         

iteration 2 with 118 examples

2019-05-02-09-57-42   >>>>   Start train ranking function

2019-05-02-09-57-42   >>>>   End train ranking function

train_ranking_functioning time = 1.876 ms


2019-05-02-09-57-42   >>>>   Start verify ranking function

ranking function :  - 0.3 *  x[0]^1.0 - 0.3 *  x[1]^1.0 + 3.8 * 1

2019-05-02-09-57-42   >>>>   End verify ranking function

verifying time = 7.518 ms


Not Found Ranking Fcuntion

Conterexample is 

[1, 12]

sampling time = 0.714 ms


       ########################################         

iteration 3 with 120 examples

2019-05-02-09-57-42   >>>>   Start train ranking function

2019-05-02-09-57-42   >>>>   End train ranking function

train_ranking_functioning time = 1.925 ms


2019-05-02-09-57-42   >>>>   Start verify ranking function

ranking function :  - 0.3 *  x[0]^1.0 - 0.3 *  x[1]^1.0 + 3.9 * 1

2019-05-02-09-57-42   >>>>   End verify ranking function

verifying time = 7.518 ms


Not Found Ranking Fcuntion

Conterexample is 

[1, 13]

sampling time = 0.711 ms


       ########################################         

iteration 4 with 122 examples

2019-05-02-09-57-42   >>>>   Start train ranking function

2019-05-02-09-57-42   >>>>   End train ranking function

train_ranking_functioning time = 2.084 ms


2019-05-02-09-57-42   >>>>   Start verify ranking function

ranking function :  - 0.3 *  x[0]^1.0 - 0.3 *  x[1]^1.0 + 4.0 * 1

2019-05-02-09-57-42   >>>>   End verify ranking function

verifying time = 7.514 ms


Not Found Ranking Fcuntion

Conterexample is 

[1, 13]

sampling time = 0.727 ms


       ########################################         

iteration 5 with 124 examples

2019-05-02-09-57-42   >>>>   Start train ranking function

2019-05-02-09-57-42   >>>>   End train ranking function

train_ranking_functioning time = 2.194 ms


2019-05-02-09-57-42   >>>>   Start verify ranking function

ranking function :  - 0.3 *  x[0]^1.0 - 0.3 *  x[1]^1.0 + 4.1 * 1

2019-05-02-09-57-42   >>>>   End verify ranking function

verifying time = 7.595 ms


Not Found Ranking Fcuntion

Conterexample is 

[1, 13]

sampling time = 0.716 ms


       ########################################         

iteration 6 with 126 examples

2019-05-02-09-57-42   >>>>   Start train ranking function

2019-05-02-09-57-42   >>>>   End train ranking function

train_ranking_functioning time = 2.282 ms


2019-05-02-09-57-42   >>>>   Start verify ranking function

ranking function :  - 0.3 *  x[0]^1.0 - 0.3 *  x[1]^1.0 + 4.1 * 1

2019-05-02-09-57-42   >>>>   End verify ranking function

verifying time = 7.502 ms


Not Found Ranking Fcuntion

Conterexample is 

[1, 13]

sampling time = 0.718 ms


       ########################################         

iteration 7 with 128 examples

2019-05-02-09-57-42   >>>>   Start train ranking function

2019-05-02-09-57-42   >>>>   End train ranking function

train_ranking_functioning time = 2.370 ms


2019-05-02-09-57-42   >>>>   Start verify ranking function

ranking function :  - 0.3 *  x[0]^1.0 - 0.3 *  x[1]^1.0 + 4.3 * 1

2019-05-02-09-57-42   >>>>   End verify ranking function

verifying time = 7.649 ms


Not Found Ranking Fcuntion

Conterexample is 

[1, 14]

sampling time = 0.717 ms


       ########################################         

iteration 8 with 130 examples

2019-05-02-09-57-42   >>>>   Start train ranking function

2019-05-02-09-57-42   >>>>   End train ranking function

train_ranking_functioning time = 2.490 ms


2019-05-02-09-57-42   >>>>   Start verify ranking function

ranking function :  - 0.3 *  x[0]^1.0 - 0.3 *  x[1]^1.0 + 4.3 * 1

2019-05-02-09-57-42   >>>>   End verify ranking function

verifying time = 7.642 ms


Not Found Ranking Fcuntion

Conterexample is 

[1, 14]

sampling time = 0.796 ms


       ########################################         

iteration 9 with 132 examples

2019-05-02-09-57-42   >>>>   Start train ranking function

2019-05-02-09-57-42   >>>>   End train ranking function

train_ranking_functioning time = 2.554 ms


2019-05-02-09-57-42   >>>>   Start verify ranking function

ranking function :  - 0.3 *  x[0]^1.0 - 0.3 *  x[1]^1.0 + 4.3 * 1

2019-05-02-09-57-42   >>>>   End verify ranking function

verifying time = 7.608 ms


Not Found Ranking Fcuntion

Conterexample is 

[1, 14]

sampling time = 0.714 ms


Failed to prove it is terminated

UNKNOWN
------Using Template 1 -----------
1 [1]
*****************************************************

2019-05-02-09-57-42   >>>>   End sampling point

sampling time = 23.868 ms,


       ########################################         

iteration 0 with 114 examples

2019-05-02-09-57-42   >>>>   Start train ranking function

2019-05-02-09-57-42   >>>>   End train ranking function

train_ranking_functioning time = 0.484 ms


2019-05-02-09-57-42   >>>>   Start verify ranking function

[xi_0 = 2, xi_1 = 1]
ranking function :  - 0.6 *  x[0]^-2.0 *  x[1]^-3.0

2019-05-02-09-57-42   >>>>   End verify ranking function

verifying time = 25.997 ms


Not Found Ranking Fcuntion

Conterexample is 

[2, 1]

sampling time = 0.352 ms


       ########################################         

iteration 1 with 116 examples

2019-05-02-09-57-42   >>>>   Start train ranking function

2019-05-02-09-57-42   >>>>   End train ranking function

train_ranking_functioning time = 0.447 ms


2019-05-02-09-57-42   >>>>   Start verify ranking function

[xi_0 = 2, xi_1 = 1]
ranking function :  - 0.5 *  x[0]^-2.0 *  x[1]^-3.0

2019-05-02-09-57-42   >>>>   End verify ranking function

verifying time = 21.785 ms


Not Found Ranking Fcuntion

Conterexample is 

[2, 1]

sampling time = 0.358 ms


       ########################################         

iteration 2 with 118 examples

2019-05-02-09-57-42   >>>>   Start train ranking function

2019-05-02-09-57-42   >>>>   End train ranking function

train_ranking_functioning time = 0.452 ms


2019-05-02-09-57-42   >>>>   Start verify ranking function

[xi_0 = 2, xi_1 = 1]
ranking function :  - 0.4 *  x[0]^-2.0 *  x[1]^-3.0

2019-05-02-09-57-42   >>>>   End verify ranking function

verifying time = 22.833 ms


Not Found Ranking Fcuntion

Conterexample is 

[2, 1]

sampling time = 0.398 ms


       ########################################         

iteration 3 with 120 examples

2019-05-02-09-57-42   >>>>   Start train ranking function

2019-05-02-09-57-42   >>>>   End train ranking function

train_ranking_functioning time = 0.464 ms


2019-05-02-09-57-42   >>>>   Start verify ranking function

[xi_0 = 2, xi_1 = 1]
ranking function :  - 0.4 *  x[0]^-2.0 *  x[1]^-3.0

2019-05-02-09-57-42   >>>>   End verify ranking function

verifying time = 37.319 ms


Not Found Ranking Fcuntion

Conterexample is 

[2, 1]

sampling time = 0.356 ms


       ########################################         

iteration 4 with 122 examples

2019-05-02-09-57-42   >>>>   Start train ranking function

2019-05-02-09-57-42   >>>>   End train ranking function

train_ranking_functioning time = 0.598 ms


2019-05-02-09-57-42   >>>>   Start verify ranking function

[xi_0 = 2, xi_1 = 1]
ranking function :  - 0.3 *  x[0]^-2.0 *  x[1]^-3.0

2019-05-02-09-57-42   >>>>   End verify ranking function

verifying time = 22.987 ms


Not Found Ranking Fcuntion

Conterexample is 

[2, 1]

sampling time = 0.358 ms


       ########################################         

iteration 5 with 124 examples

2019-05-02-09-57-42   >>>>   Start train ranking function

2019-05-02-09-57-42   >>>>   End train ranking function

train_ranking_functioning time = 0.459 ms


2019-05-02-09-57-42   >>>>   Start verify ranking function

[xi_0 = 2, xi_1 = 1]
ranking function :  - 0.2 *  x[0]^-2.0 *  x[1]^-3.0

2019-05-02-09-57-42   >>>>   End verify ranking function

verifying time = 20.990 ms


Not Found Ranking Fcuntion

Conterexample is 

[2, 1]

sampling time = 0.419 ms


       ########################################         

iteration 6 with 126 examples

2019-05-02-09-57-42   >>>>   Start train ranking function

2019-05-02-09-57-42   >>>>   End train ranking function

train_ranking_functioning time = 0.459 ms


2019-05-02-09-57-42   >>>>   Start verify ranking function

[xi_0 = 2, xi_1 = 1]
ranking function :  - 0.2 *  x[0]^-2.0 *  x[1]^-3.0

2019-05-02-09-57-42   >>>>   End verify ranking function

verifying time = 23.654 ms


Not Found Ranking Fcuntion

Conterexample is 

[2, 1]

sampling time = 0.357 ms


       ########################################         

iteration 7 with 128 examples

2019-05-02-09-57-42   >>>>   Start train ranking function

2019-05-02-09-57-42   >>>>   End train ranking function

train_ranking_functioning time = 0.475 ms


2019-05-02-09-57-42   >>>>   Start verify ranking function

[xi_0 = 2, xi_1 = 1]
ranking function :  - 0.1 *  x[0]^-2.0 *  x[1]^-3.0

2019-05-02-09-57-42   >>>>   End verify ranking function

verifying time = 29.353 ms


Not Found Ranking Fcuntion

Conterexample is 

[2, 1]

sampling time = 0.358 ms


       ########################################         

iteration 8 with 130 examples

2019-05-02-09-57-42   >>>>   Start train ranking function

2019-05-02-09-57-42   >>>>   End train ranking function

train_ranking_functioning time = 0.525 ms


2019-05-02-09-57-42   >>>>   Start verify ranking function

[xi_0 = 2, xi_1 = 1]
ranking function :  - 0.1 *  x[0]^-2.0 *  x[1]^-3.0

2019-05-02-09-57-42   >>>>   End verify ranking function

verifying time = 21.209 ms


Not Found Ranking Fcuntion

Conterexample is 

[2, 1]

sampling time = 0.357 ms


       ########################################         

iteration 9 with 132 examples

2019-05-02-09-57-42   >>>>   Start train ranking function

2019-05-02-09-57-42   >>>>   End train ranking function

train_ranking_functioning time = 0.478 ms


2019-05-02-09-57-42   >>>>   Start verify ranking function

[xi_0 = 1]
ranking function : 

2019-05-02-09-57-42   >>>>   End verify ranking function

verifying time = 6.928 ms


Not Found Ranking Fcuntion

Conterexample is 

[1, 0]

sampling time = 0.362 ms


Failed to prove it is terminated

UNKNOWN
------Using Template 2 -----------
9 [3, 3, 3]
*****************************************************

2019-05-02-09-57-42   >>>>   End sampling point

sampling time = 121.587 ms,


       ########################################         

iteration 0 with 228 examples

2019-05-02-09-57-42   >>>>   Start train ranking function

2019-05-02-09-57-42   >>>>   End train ranking function

train_ranking_functioning time = 2.502 ms


2019-05-02-09-57-42   >>>>   Start verify ranking function

[xi_0 = 1, xi_1 = 25]
ranking function :  - 0.4 *  x[0]^1.0 - 0.4 *  x[1]^1.0 + 2.9 * 1;  - 0.3 *  x[0]^1.0 + 2.0 * 1;  - 0.1 *  x[1]^1.0 + 1.2 * 1

2019-05-02-09-57-42   >>>>   End verify ranking function

verifying time = 9.745 ms


Not Found Ranking Fcuntion

Conterexample is 

[1, 25]

sampling time = 2.018 ms


       ########################################         

iteration 1 with 232 examples

2019-05-02-09-57-42   >>>>   Start train ranking function

2019-05-02-09-57-42   >>>>   End train ranking function

train_ranking_functioning time = 2.976 ms


2019-05-02-09-57-42   >>>>   Start verify ranking function

[xi_0 = 1, xi_1 = 24]
ranking function :  - 0.4 *  x[0]^1.0 - 0.4 *  x[1]^1.0 + 2.8 * 1;  - 0.3 *  x[0]^1.0 + 2.4 * 1; 1.0 * 1

2019-05-02-09-57-42   >>>>   End verify ranking function

verifying time = 9.644 ms


Not Found Ranking Fcuntion

Conterexample is 

[1, 24]

sampling time = 2.031 ms


       ########################################         

iteration 2 with 236 examples

2019-05-02-09-57-42   >>>>   Start train ranking function

2019-05-02-09-57-42   >>>>   End train ranking function

train_ranking_functioning time = 3.370 ms


2019-05-02-09-57-42   >>>>   Start verify ranking function

[xi_0 = 1, xi_1 = 25]
ranking function :  - 0.4 *  x[0]^1.0 - 0.4 *  x[1]^1.0 + 2.9 * 1;  - 0.3 *  x[0]^1.0 + 2.4 * 1; 1.0 * 1

2019-05-02-09-57-42   >>>>   End verify ranking function

verifying time = 9.652 ms


Not Found Ranking Fcuntion

Conterexample is 

[1, 25]

sampling time = 1.993 ms


       ########################################         

iteration 3 with 240 examples

2019-05-02-09-57-42   >>>>   Start train ranking function

2019-05-02-09-57-42   >>>>   End train ranking function

train_ranking_functioning time = 3.648 ms


2019-05-02-09-57-42   >>>>   Start verify ranking function

[xi_0 = 1, xi_1 = 25]
ranking function :  - 0.4 *  x[0]^1.0 - 0.4 *  x[1]^1.0 + 2.9 * 1;  - 0.3 *  x[0]^1.0 + 2.4 * 1; 1.0 * 1

2019-05-02-09-57-42   >>>>   End verify ranking function

verifying time = 9.542 ms


Not Found Ranking Fcuntion

Conterexample is 

[1, 25]

sampling time = 2.103 ms


       ########################################         

iteration 4 with 244 examples

2019-05-02-09-57-42   >>>>   Start train ranking function

2019-05-02-09-57-42   >>>>   End train ranking function

train_ranking_functioning time = 4.035 ms


2019-05-02-09-57-42   >>>>   Start verify ranking function

[xi_0 = 1, xi_1 = 25]
ranking function :  - 0.4 *  x[0]^1.0 - 0.4 *  x[1]^1.0 + 2.9 * 1;  - 0.3 *  x[0]^1.0 + 2.4 * 1; 1.0 * 1

2019-05-02-09-57-42   >>>>   End verify ranking function

verifying time = 9.573 ms


Not Found Ranking Fcuntion

Conterexample is 

[1, 25]

sampling time = 2.003 ms


       ########################################         

iteration 5 with 248 examples

2019-05-02-09-57-42   >>>>   Start train ranking function

2019-05-02-09-57-42   >>>>   End train ranking function

train_ranking_functioning time = 4.322 ms


2019-05-02-09-57-42   >>>>   Start verify ranking function

[xi_0 = 1, xi_1 = 25]
ranking function :  - 0.4 *  x[0]^1.0 - 0.4 *  x[1]^1.0 + 2.9 * 1;  - 0.3 *  x[0]^1.0 + 2.4 * 1; 1.0 * 1

2019-05-02-09-57-42   >>>>   End verify ranking function

verifying time = 9.662 ms


Not Found Ranking Fcuntion

Conterexample is 

[1, 25]

sampling time = 2.038 ms


       ########################################         

iteration 6 with 252 examples

2019-05-02-09-57-42   >>>>   Start train ranking function

2019-05-02-09-57-42   >>>>   End train ranking function

train_ranking_functioning time = 4.476 ms


2019-05-02-09-57-42   >>>>   Start verify ranking function

[xi_0 = 1, xi_1 = 25]
ranking function :  - 0.4 *  x[0]^1.0 - 0.4 *  x[1]^1.0 + 2.9 * 1;  - 0.3 *  x[0]^1.0 + 2.4 * 1; 1.0 * 1

2019-05-02-09-57-42   >>>>   End verify ranking function

verifying time = 9.863 ms


Not Found Ranking Fcuntion

Conterexample is 

[1, 25]

sampling time = 2.297 ms


       ########################################         

iteration 7 with 256 examples

2019-05-02-09-57-42   >>>>   Start train ranking function

2019-05-02-09-57-42   >>>>   End train ranking function

train_ranking_functioning time = 5.227 ms


2019-05-02-09-57-42   >>>>   Start verify ranking function

[xi_0 = 1, xi_1 = 25]
ranking function :  - 0.4 *  x[0]^1.0 - 0.4 *  x[1]^1.0 + 2.9 * 1;  - 0.3 *  x[0]^1.0 + 2.5 * 1; 1.0 * 1

2019-05-02-09-57-42   >>>>   End verify ranking function

verifying time = 10.634 ms


Not Found Ranking Fcuntion

Conterexample is 

[1, 25]

sampling time = 2.301 ms


       ########################################         

iteration 8 with 260 examples

2019-05-02-09-57-42   >>>>   Start train ranking function

2019-05-02-09-57-42   >>>>   End train ranking function

train_ranking_functioning time = 5.264 ms


2019-05-02-09-57-42   >>>>   Start verify ranking function

[xi_0 = 1, xi_1 = 25]
ranking function :  - 0.4 *  x[0]^1.0 - 0.4 *  x[1]^1.0 + 2.9 * 1;  - 0.3 *  x[0]^1.0 + 2.5 * 1; 1.0 * 1

2019-05-02-09-57-42   >>>>   End verify ranking function

verifying time = 11.364 ms


Not Found Ranking Fcuntion

Conterexample is 

[1, 25]

sampling time = 2.268 ms


       ########################################         

iteration 9 with 264 examples

2019-05-02-09-57-42   >>>>   Start train ranking function

2019-05-02-09-57-42   >>>>   End train ranking function

train_ranking_functioning time = 5.646 ms


2019-05-02-09-57-42   >>>>   Start verify ranking function

[xi_0 = 1, xi_1 = 25]
ranking function :  - 0.4 *  x[0]^1.0 - 0.4 *  x[1]^1.0 + 2.9 * 1;  - 0.3 *  x[0]^1.0 + 2.5 * 1; 1.0 * 1

2019-05-02-09-57-42   >>>>   End verify ranking function

verifying time = 10.574 ms


Not Found Ranking Fcuntion

Conterexample is 

[1, 25]

sampling time = 2.123 ms


Failed to prove it is terminated

UNKNOWN
------Using Template 3 -----------
9 [4, 2, 3]
*****************************************************

2019-05-02-09-57-42   >>>>   End sampling point

sampling time = 143.177 ms,


       ########################################         

iteration 0 with 228 examples

2019-05-02-09-57-42   >>>>   Start train ranking function

2019-05-02-09-57-42   >>>>   End train ranking function

train_ranking_functioning time = 7.198 ms


2019-05-02-09-57-42   >>>>   Start verify ranking function

[xi_0 = 2, xi_1 = 1]
ranking function :  - 0.6 *  x[0]^-0.5 *  x[1]^-2.0 + 1.0 *  x[0]^-0.5 *  x[1]^-0.5 - 0.2 *  x[0]^1.0 *  x[1]^-1.0;  - 0.1 *  x[0]^-1.0 *  x[1]^1.0 + 1.7 *  x[0]^-3.0; 0.1 *  x[0]^-3.0 *  x[1]^-2.0 + 0.8 *  x[0]^0.5 *  x[1]^-0.5

2019-05-02-09-57-42   >>>>   End verify ranking function

verifying time = 20.301 ms


Not Found Ranking Fcuntion

Conterexample is 

[2, 1]

sampling time = 2.367 ms


       ########################################         

iteration 1 with 232 examples

2019-05-02-09-57-42   >>>>   Start train ranking function

2019-05-02-09-57-42   >>>>   End train ranking function

train_ranking_functioning time = 7.095 ms


2019-05-02-09-57-42   >>>>   Start verify ranking function

[xi_0 = 2, xi_1 = 1]
ranking function :  - 0.5 *  x[0]^-0.5 *  x[1]^-2.0 + 1.0 *  x[0]^-0.5 *  x[1]^-0.5 - 0.1 *  x[0]^1.0 *  x[1]^-1.0;  - 0.1 *  x[0]^-1.0 *  x[1]^1.0 + 1.7 *  x[0]^-3.0; 0.2 *  x[0]^-3.0 *  x[1]^-2.0 + 0.8 *  x[0]^0.5 *  x[1]^-0.5

2019-05-02-09-57-43   >>>>   End verify ranking function

verifying time = 30.592 ms


Not Found Ranking Fcuntion

Conterexample is 

[2, 1]

sampling time = 2.358 ms


       ########################################         

iteration 2 with 236 examples

2019-05-02-09-57-43   >>>>   Start train ranking function

2019-05-02-09-57-43   >>>>   End train ranking function

train_ranking_functioning time = 7.100 ms


2019-05-02-09-57-43   >>>>   Start verify ranking function

[xi_0 = 2, xi_1 = 1]
ranking function :  - 0.4 *  x[0]^-0.5 *  x[1]^-2.0 + 1.0 *  x[0]^-0.5 *  x[1]^-0.5 - 0.1 *  x[0]^1.0 *  x[1]^-1.0;  - 0.1 *  x[0]^-1.0 *  x[1]^1.0 + 1.8 *  x[0]^-3.0; 0.3 *  x[0]^-3.0 *  x[1]^-2.0 + 0.8 *  x[0]^0.5 *  x[1]^-0.5

2019-05-02-09-57-43   >>>>   End verify ranking function

verifying time = 32.323 ms


Not Found Ranking Fcuntion

Conterexample is 

[2, 1]

sampling time = 2.329 ms


       ########################################         

iteration 3 with 240 examples

2019-05-02-09-57-43   >>>>   Start train ranking function

2019-05-02-09-57-43   >>>>   End train ranking function

train_ranking_functioning time = 7.069 ms


2019-05-02-09-57-43   >>>>   Start verify ranking function

[xi_0 = 2, xi_1 = 1]
ranking function :  - 0.4 *  x[0]^-0.5 *  x[1]^-2.0 + 1.0 *  x[0]^-0.5 *  x[1]^-0.5 - 0.1 *  x[0]^1.0 *  x[1]^-1.0;  - 0.1 *  x[0]^-1.0 *  x[1]^1.0 + 1.9 *  x[0]^-3.0; 0.4 *  x[0]^-3.0 *  x[1]^-2.0 + 0.8 *  x[0]^0.5 *  x[1]^-0.5

2019-05-02-09-57-43   >>>>   End verify ranking function

verifying time = 52.281 ms


Not Found Ranking Fcuntion

Conterexample is 

[2, 1]

sampling time = 2.389 ms


       ########################################         

iteration 4 with 244 examples

2019-05-02-09-57-43   >>>>   Start train ranking function

2019-05-02-09-57-43   >>>>   End train ranking function

train_ranking_functioning time = 6.836 ms


2019-05-02-09-57-43   >>>>   Start verify ranking function

[xi_0 = 2, xi_1 = 1]
ranking function :  - 0.3 *  x[0]^-0.5 *  x[1]^-2.0 + 1.0 *  x[0]^-0.5 *  x[1]^-0.5 - 0.1 *  x[0]^1.0 *  x[1]^-1.0;  - 0.1 *  x[0]^-1.0 *  x[1]^1.0 + 2.0 *  x[0]^-3.0; 0.5 *  x[0]^-3.0 *  x[1]^-2.0 + 0.8 *  x[0]^0.5 *  x[1]^-0.5

2019-05-02-09-57-43   >>>>   End verify ranking function

verifying time = 18.905 ms


Not Found Ranking Fcuntion

Conterexample is 

[2, 1]

sampling time = 2.330 ms


       ########################################         

iteration 5 with 248 examples

2019-05-02-09-57-43   >>>>   Start train ranking function

2019-05-02-09-57-43   >>>>   End train ranking function

train_ranking_functioning time = 6.909 ms


2019-05-02-09-57-43   >>>>   Start verify ranking function

[xi_0 = 2, xi_1 = 1]
ranking function :  - 0.3 *  x[0]^-0.5 *  x[1]^-2.0 + 1.0 *  x[0]^-0.5 *  x[1]^-0.5 - 0.1 *  x[0]^1.0 *  x[1]^-1.0;  - 0.1 *  x[0]^-1.0 *  x[1]^1.0 + 2.1 *  x[0]^-3.0; 0.5 *  x[0]^-3.0 *  x[1]^-2.0 + 0.8 *  x[0]^0.5 *  x[1]^-0.5

2019-05-02-09-57-43   >>>>   End verify ranking function

verifying time = 22.780 ms


Not Found Ranking Fcuntion

Conterexample is 

[2, 1]

sampling time = 2.398 ms


       ########################################         

iteration 6 with 252 examples

2019-05-02-09-57-43   >>>>   Start train ranking function

2019-05-02-09-57-43   >>>>   End train ranking function

train_ranking_functioning time = 7.094 ms


2019-05-02-09-57-43   >>>>   Start verify ranking function

[xi_0 = 2, xi_1 = 1]
ranking function :  - 0.3 *  x[0]^-0.5 *  x[1]^-2.0 + 1.0 *  x[0]^-0.5 *  x[1]^-0.5; 2.1 *  x[0]^-3.0; 0.6 *  x[0]^-3.0 *  x[1]^-2.0 + 0.8 *  x[0]^0.5 *  x[1]^-0.5

2019-05-02-09-57-43   >>>>   End verify ranking function

verifying time = 17.491 ms


Not Found Ranking Fcuntion

Conterexample is 

[2, 1]

sampling time = 2.337 ms


       ########################################         

iteration 7 with 256 examples

2019-05-02-09-57-43   >>>>   Start train ranking function

2019-05-02-09-57-43   >>>>   End train ranking function

train_ranking_functioning time = 7.195 ms


2019-05-02-09-57-43   >>>>   Start verify ranking function

[xi_0 = 2, xi_1 = 1]
ranking function :  - 0.3 *  x[0]^-0.5 *  x[1]^-2.0 + 1.0 *  x[0]^-0.5 *  x[1]^-0.5; 2.2 *  x[0]^-3.0; 0.7 *  x[0]^-3.0 *  x[1]^-2.0 + 0.8 *  x[0]^0.5 *  x[1]^-0.5

2019-05-02-09-57-43   >>>>   End verify ranking function

verifying time = 17.420 ms


Not Found Ranking Fcuntion

Conterexample is 

[2, 1]

sampling time = 2.376 ms


       ########################################         

iteration 8 with 260 examples

2019-05-02-09-57-43   >>>>   Start train ranking function

2019-05-02-09-57-43   >>>>   End train ranking function

train_ranking_functioning time = 7.300 ms


2019-05-02-09-57-43   >>>>   Start verify ranking function

[xi_0 = 2, xi_1 = 1]
ranking function :  - 0.2 *  x[0]^-0.5 *  x[1]^-2.0 + 1.0 *  x[0]^-0.5 *  x[1]^-0.5; 2.2 *  x[0]^-3.0; 0.8 *  x[0]^-3.0 *  x[1]^-2.0 + 0.8 *  x[0]^0.5 *  x[1]^-0.5

2019-05-02-09-57-43   >>>>   End verify ranking function

verifying time = 17.415 ms


Not Found Ranking Fcuntion

Conterexample is 

[2, 1]

sampling time = 2.390 ms


       ########################################         

iteration 9 with 264 examples

2019-05-02-09-57-43   >>>>   Start train ranking function

2019-05-02-09-57-43   >>>>   End train ranking function

train_ranking_functioning time = 7.354 ms


2019-05-02-09-57-43   >>>>   Start verify ranking function

[xi_0 = 2, xi_1 = 1]
ranking function :  - 0.2 *  x[0]^-0.5 *  x[1]^-2.0 + 1.0 *  x[0]^-0.5 *  x[1]^-0.5; 2.3 *  x[0]^-3.0; 0.8 *  x[0]^-3.0 *  x[1]^-2.0 + 0.8 *  x[0]^0.5 *  x[1]^-0.5

2019-05-02-09-57-43   >>>>   End verify ranking function

verifying time = 17.496 ms


Not Found Ranking Fcuntion

Conterexample is 

[2, 1]

sampling time = 2.655 ms


Failed to prove it is terminated

UNKNOWN
------Using Template 4 -----------
15 [3, 3, 3, 3, 3]
*****************************************************

2019-05-02-09-57-43   >>>>   End sampling point

sampling time = 200.045 ms,


       ########################################         

iteration 0 with 342 examples

2019-05-02-09-57-43   >>>>   Start train ranking function

2019-05-02-09-57-43   >>>>   End train ranking function

train_ranking_functioning time = 5.413 ms


2019-05-02-09-57-43   >>>>   Start verify ranking function

[xi_0 = 6]
ranking function :  - 0.4 *  x[0]^1.0 - 0.4 *  x[1]^1.0 + 2.9 * 1;  - 0.3 *  x[0]^1.0 + 0.1 *  x[1]^1.0 + 1.9 * 1;  - 0.1 *  x[1]^1.0 + 1.1 * 1; 1.0 * 1; 1.0 * 1

2019-05-02-09-57-43   >>>>   End verify ranking function

verifying time = 9.813 ms


Not Found Ranking Fcuntion

Conterexample is 

[6, 0]

sampling time = 3.429 ms


       ########################################         

iteration 1 with 348 examples

2019-05-02-09-57-43   >>>>   Start train ranking function

2019-05-02-09-57-43   >>>>   End train ranking function

train_ranking_functioning time = 5.468 ms


2019-05-02-09-57-43   >>>>   Start verify ranking function

[xi_0 = 1, xi_1 = 4]
ranking function :  - 0.3 *  x[0]^1.0 - 0.4 *  x[1]^1.0 + 3.0 * 1;  - 0.2 *  x[0]^1.0 + 1.9 * 1;  - 0.1 *  x[1]^1.0 + 1.2 * 1; 1.0 * 1; 1.0 * 1

2019-05-02-09-57-43   >>>>   End verify ranking function

verifying time = 7.229 ms


Not Found Ranking Fcuntion

Conterexample is 

[1, 4]

sampling time = 3.336 ms


       ########################################         

iteration 2 with 354 examples

2019-05-02-09-57-43   >>>>   Start train ranking function

2019-05-02-09-57-43   >>>>   End train ranking function

train_ranking_functioning time = 5.353 ms


2019-05-02-09-57-43   >>>>   Start verify ranking function

[xi_0 = 1, xi_1 = 26]
ranking function :  - 0.4 *  x[0]^1.0 - 0.4 *  x[1]^1.0 + 3.0 * 1;  - 0.3 *  x[0]^1.0 + 1.9 * 1;  - 0.1 *  x[1]^1.0 + 1.2 * 1; 1.0 * 1; 1.0 * 1

2019-05-02-09-57-43   >>>>   End verify ranking function

verifying time = 9.929 ms


Not Found Ranking Fcuntion

Conterexample is 

[1, 26]

sampling time = 3.330 ms


       ########################################         

iteration 3 with 360 examples

2019-05-02-09-57-43   >>>>   Start train ranking function

2019-05-02-09-57-43   >>>>   End train ranking function

train_ranking_functioning time = 5.421 ms


2019-05-02-09-57-43   >>>>   Start verify ranking function

[xi_0 = 1, xi_1 = 27]
ranking function :  - 0.4 *  x[0]^1.0 - 0.4 *  x[1]^1.0 + 3.1 * 1;  - 0.3 *  x[0]^1.0 + 2.0 * 1;  - 0.1 *  x[1]^1.0 + 1.2 * 1; 1.0 * 1; 0.9 * 1

2019-05-02-09-57-43   >>>>   End verify ranking function

verifying time = 9.996 ms


Not Found Ranking Fcuntion

Conterexample is 

[1, 27]

sampling time = 3.337 ms


       ########################################         

iteration 4 with 366 examples

2019-05-02-09-57-43   >>>>   Start train ranking function

2019-05-02-09-57-43   >>>>   End train ranking function

train_ranking_functioning time = 5.782 ms


2019-05-02-09-57-43   >>>>   Start verify ranking function

[xi_0 = 1, xi_1 = 27]
ranking function :  - 0.4 *  x[0]^1.0 - 0.4 *  x[1]^1.0 + 3.1 * 1;  - 0.3 *  x[0]^1.0 + 2.0 * 1;  - 0.1 *  x[1]^1.0 + 1.2 * 1; 1.0 * 1; 0.9 * 1

2019-05-02-09-57-43   >>>>   End verify ranking function

verifying time = 9.957 ms


Not Found Ranking Fcuntion

Conterexample is 

[1, 27]

sampling time = 3.355 ms


       ########################################         

iteration 5 with 372 examples

2019-05-02-09-57-43   >>>>   Start train ranking function

2019-05-02-09-57-43   >>>>   End train ranking function

train_ranking_functioning time = 6.213 ms


2019-05-02-09-57-43   >>>>   Start verify ranking function

[xi_0 = 1, xi_1 = 27]
ranking function :  - 0.4 *  x[0]^1.0 - 0.4 *  x[1]^1.0 + 3.1 * 1;  - 0.3 *  x[0]^1.0 + 2.0 * 1;  - 0.1 *  x[1]^1.0 + 1.2 * 1; 1.0 * 1; 0.9 * 1

2019-05-02-09-57-43   >>>>   End verify ranking function

verifying time = 10.003 ms


Not Found Ranking Fcuntion

Conterexample is 

[1, 27]

sampling time = 3.348 ms


       ########################################         

iteration 6 with 378 examples

2019-05-02-09-57-43   >>>>   Start train ranking function

2019-05-02-09-57-43   >>>>   End train ranking function

train_ranking_functioning time = 6.704 ms


2019-05-02-09-57-43   >>>>   Start verify ranking function

[xi_0 = 1, xi_1 = 27]
ranking function :  - 0.4 *  x[0]^1.0 - 0.4 *  x[1]^1.0 + 3.1 * 1;  - 0.3 *  x[0]^1.0 + 2.0 * 1;  - 0.1 *  x[1]^1.0 + 1.2 * 1; 1.0 * 1; 0.9 * 1

2019-05-02-09-57-43   >>>>   End verify ranking function

verifying time = 9.961 ms


Not Found Ranking Fcuntion

Conterexample is 

[1, 27]

sampling time = 3.355 ms


       ########################################         

iteration 7 with 384 examples

2019-05-02-09-57-43   >>>>   Start train ranking function

2019-05-02-09-57-43   >>>>   End train ranking function

train_ranking_functioning time = 6.844 ms


2019-05-02-09-57-43   >>>>   Start verify ranking function

[xi_0 = 1, xi_1 = 27]
ranking function :  - 0.4 *  x[0]^1.0 - 0.4 *  x[1]^1.0 + 3.1 * 1;  - 0.3 *  x[0]^1.0 + 2.0 * 1;  - 0.1 *  x[1]^1.0 + 1.2 * 1; 1.0 * 1; 0.9 * 1

2019-05-02-09-57-43   >>>>   End verify ranking function

verifying time = 9.931 ms


Not Found Ranking Fcuntion

Conterexample is 

[1, 27]

sampling time = 3.367 ms


       ########################################         

iteration 8 with 390 examples

2019-05-02-09-57-43   >>>>   Start train ranking function

2019-05-02-09-57-43   >>>>   End train ranking function

train_ranking_functioning time = 7.112 ms


2019-05-02-09-57-43   >>>>   Start verify ranking function

[xi_0 = 1, xi_1 = 28]
ranking function :  - 0.4 *  x[0]^1.0 - 0.4 *  x[1]^1.0 + 3.2 * 1;  - 0.3 *  x[0]^1.0 + 2.0 * 1;  - 0.1 *  x[1]^1.0 + 1.2 * 1; 1.0 * 1; 0.9 * 1

2019-05-02-09-57-43   >>>>   End verify ranking function

verifying time = 10.015 ms


Not Found Ranking Fcuntion

Conterexample is 

[1, 28]

sampling time = 3.380 ms


       ########################################         

iteration 9 with 396 examples

2019-05-02-09-57-43   >>>>   Start train ranking function

2019-05-02-09-57-43   >>>>   End train ranking function

train_ranking_functioning time = 7.470 ms


2019-05-02-09-57-43   >>>>   Start verify ranking function

[xi_0 = 1, xi_1 = 28]
ranking function :  - 0.4 *  x[0]^1.0 - 0.4 *  x[1]^1.0 + 3.2 * 1;  - 0.3 *  x[0]^1.0 + 2.0 * 1;  - 0.1 *  x[1]^1.0 + 1.2 * 1; 1.0 * 1; 0.9 * 1

2019-05-02-09-57-43   >>>>   End verify ranking function

verifying time = 9.977 ms


Not Found Ranking Fcuntion

Conterexample is 

[1, 28]

sampling time = 3.407 ms


Failed to prove it is terminated

UNKNOWN
------Using Template 5 -----------
8 [2, 1, 1, 1, 3]
*****************************************************

2019-05-02-09-57-43   >>>>   End sampling point

sampling time = 133.988 ms,


       ########################################         

iteration 0 with 342 examples

2019-05-02-09-57-43   >>>>   Start train ranking function

2019-05-02-09-57-43   >>>>   End train ranking function

train_ranking_functioning time = 10.644 ms


2019-05-02-09-57-43   >>>>   Start verify ranking function

[xi_0 = 2, xi_1 = 0]
ranking function : 0.4 *  x[1]^-2.0; 0.1 *  x[0]^1.0 *  x[1]^0.5; 0.6 *  x[0]^-3.0 *  x[1]^-2.0; 0.1 *  x[0]^-2.0 *  x[1]^-2.0;  - 1.8 *  x[0]^-3.0 *  x[1]^-0.5 + 3.1 *  x[0]^-1.0 - 0.9 *  x[0]^-1.0 *  x[1]^-1.0

2019-05-02-09-57-43   >>>>   End verify ranking function

verifying time = 15.016 ms


Not Found Ranking Fcuntion

Conterexample is 

[2, 0]

sampling time = 2.251 ms


       ########################################         

iteration 1 with 348 examples

2019-05-02-09-57-43   >>>>   Start train ranking function

2019-05-02-09-57-43   >>>>   End train ranking function

train_ranking_functioning time = 11.183 ms


2019-05-02-09-57-43   >>>>   Start verify ranking function

[xi_0 = 2, xi_1 = 0]
ranking function : 0.4 *  x[1]^-2.0; 0.1 *  x[0]^1.0 *  x[1]^0.5; 0.6 *  x[0]^-3.0 *  x[1]^-2.0; 0.1 *  x[0]^-2.0 *  x[1]^-2.0;  - 1.8 *  x[0]^-3.0 *  x[1]^-0.5 + 3.2 *  x[0]^-1.0 - 0.9 *  x[0]^-1.0 *  x[1]^-1.0

2019-05-02-09-57-43   >>>>   End verify ranking function

verifying time = 14.883 ms


Not Found Ranking Fcuntion

Conterexample is 

[2, 0]

sampling time = 2.533 ms


       ########################################         

iteration 2 with 354 examples

2019-05-02-09-57-43   >>>>   Start train ranking function

2019-05-02-09-57-43   >>>>   End train ranking function

train_ranking_functioning time = 12.328 ms


2019-05-02-09-57-43   >>>>   Start verify ranking function

[xi_0 = 2, xi_1 = 0]
ranking function : 0.4 *  x[1]^-2.0; 0.1 *  x[0]^1.0 *  x[1]^0.5; 0.6 *  x[0]^-3.0 *  x[1]^-2.0; 0.1 *  x[0]^-2.0 *  x[1]^-2.0;  - 1.8 *  x[0]^-3.0 *  x[1]^-0.5 + 3.2 *  x[0]^-1.0 - 0.9 *  x[0]^-1.0 *  x[1]^-1.0

2019-05-02-09-57-43   >>>>   End verify ranking function

verifying time = 15.965 ms


Not Found Ranking Fcuntion

Conterexample is 

[2, 0]

sampling time = 2.209 ms


       ########################################         

iteration 3 with 360 examples

2019-05-02-09-57-43   >>>>   Start train ranking function

2019-05-02-09-57-43   >>>>   End train ranking function

train_ranking_functioning time = 11.486 ms


2019-05-02-09-57-43   >>>>   Start verify ranking function

[xi_0 = 2, xi_1 = 0]
ranking function : 0.4 *  x[1]^-2.0; 0.1 *  x[0]^1.0 *  x[1]^0.5; 0.6 *  x[0]^-3.0 *  x[1]^-2.0; 0.1 *  x[0]^-2.0 *  x[1]^-2.0;  - 1.8 *  x[0]^-3.0 *  x[1]^-0.5 + 3.2 *  x[0]^-1.0 - 1.0 *  x[0]^-1.0 *  x[1]^-1.0

2019-05-02-09-57-44   >>>>   End verify ranking function

verifying time = 16.323 ms


Not Found Ranking Fcuntion

Conterexample is 

[2, 0]

sampling time = 2.287 ms


       ########################################         

iteration 4 with 366 examples

2019-05-02-09-57-44   >>>>   Start train ranking function

2019-05-02-09-57-44   >>>>   End train ranking function

train_ranking_functioning time = 11.731 ms


2019-05-02-09-57-44   >>>>   Start verify ranking function

[xi_0 = 2, xi_1 = 0]
ranking function : 0.4 *  x[1]^-2.0; 0.1 *  x[0]^1.0 *  x[1]^0.5; 0.6 *  x[0]^-3.0 *  x[1]^-2.0; 0.1 *  x[0]^-2.0 *  x[1]^-2.0;  - 1.8 *  x[0]^-3.0 *  x[1]^-0.5 + 3.2 *  x[0]^-1.0 - 1.0 *  x[0]^-1.0 *  x[1]^-1.0

2019-05-02-09-57-44   >>>>   End verify ranking function

verifying time = 14.980 ms


Not Found Ranking Fcuntion

Conterexample is 

[2, 0]

sampling time = 2.262 ms


       ########################################         

iteration 5 with 372 examples

2019-05-02-09-57-44   >>>>   Start train ranking function

2019-05-02-09-57-44   >>>>   End train ranking function

train_ranking_functioning time = 11.808 ms


2019-05-02-09-57-44   >>>>   Start verify ranking function

[xi_0 = 2, xi_1 = 0]
ranking function : 0.4 *  x[1]^-2.0; 0.1 *  x[0]^1.0 *  x[1]^0.5; 0.6 *  x[0]^-3.0 *  x[1]^-2.0; 0.1 *  x[0]^-2.0 *  x[1]^-2.0;  - 1.8 *  x[0]^-3.0 *  x[1]^-0.5 + 3.3 *  x[0]^-1.0 - 1.1 *  x[0]^-1.0 *  x[1]^-1.0

2019-05-02-09-57-44   >>>>   End verify ranking function

verifying time = 14.928 ms


Not Found Ranking Fcuntion

Conterexample is 

[2, 0]

sampling time = 2.208 ms


       ########################################         

iteration 6 with 378 examples

2019-05-02-09-57-44   >>>>   Start train ranking function

2019-05-02-09-57-44   >>>>   End train ranking function

train_ranking_functioning time = 11.979 ms


2019-05-02-09-57-44   >>>>   Start verify ranking function

[xi_0 = 2, xi_1 = 0]
ranking function : 0.4 *  x[1]^-2.0; 0.1 *  x[0]^1.0 *  x[1]^0.5; 0.6 *  x[0]^-3.0 *  x[1]^-2.0; 0.1 *  x[0]^-2.0 *  x[1]^-2.0;  - 1.8 *  x[0]^-3.0 *  x[1]^-0.5 + 3.3 *  x[0]^-1.0 - 1.1 *  x[0]^-1.0 *  x[1]^-1.0

2019-05-02-09-57-44   >>>>   End verify ranking function

verifying time = 14.857 ms


Not Found Ranking Fcuntion

Conterexample is 

[2, 0]

sampling time = 2.244 ms


       ########################################         

iteration 7 with 384 examples

2019-05-02-09-57-44   >>>>   Start train ranking function

2019-05-02-09-57-44   >>>>   End train ranking function

train_ranking_functioning time = 11.942 ms


2019-05-02-09-57-44   >>>>   Start verify ranking function

[xi_0 = 2, xi_1 = 0]
ranking function : 0.3 *  x[1]^-2.0; 0.1 *  x[0]^1.0 *  x[1]^0.5; 0.6 *  x[0]^-3.0 *  x[1]^-2.0; ;  - 1.8 *  x[0]^-3.0 *  x[1]^-0.5 + 3.3 *  x[0]^-1.0 - 1.1 *  x[0]^-1.0 *  x[1]^-1.0

2019-05-02-09-57-44   >>>>   End verify ranking function

verifying time = 14.902 ms


Not Found Ranking Fcuntion

Conterexample is 

[2, 0]

sampling time = 2.260 ms


       ########################################         

iteration 8 with 390 examples

2019-05-02-09-57-44   >>>>   Start train ranking function

2019-05-02-09-57-44   >>>>   End train ranking function

train_ranking_functioning time = 12.208 ms


2019-05-02-09-57-44   >>>>   Start verify ranking function

[xi_0 = 2, xi_1 = 0]
ranking function : 0.4 *  x[1]^-2.0; 0.1 *  x[0]^1.0 *  x[1]^0.5; 0.6 *  x[0]^-3.0 *  x[1]^-2.0; ;  - 1.8 *  x[0]^-3.0 *  x[1]^-0.5 + 3.3 *  x[0]^-1.0 - 1.2 *  x[0]^-1.0 *  x[1]^-1.0

2019-05-02-09-57-44   >>>>   End verify ranking function

verifying time = 14.891 ms


Not Found Ranking Fcuntion

Conterexample is 

[2, 0]

sampling time = 2.271 ms


       ########################################         

iteration 9 with 396 examples

2019-05-02-09-57-44   >>>>   Start train ranking function

2019-05-02-09-57-44   >>>>   End train ranking function

train_ranking_functioning time = 12.417 ms


2019-05-02-09-57-44   >>>>   Start verify ranking function

[xi_0 = 2, xi_1 = 0]
ranking function : 0.3 *  x[1]^-2.0; 0.1 *  x[0]^1.0 *  x[1]^0.5; 0.6 *  x[0]^-3.0 *  x[1]^-2.0; ;  - 1.8 *  x[0]^-3.0 *  x[1]^-0.5 + 3.4 *  x[0]^-1.0 - 1.2 *  x[0]^-1.0 *  x[1]^-1.0

2019-05-02-09-57-44   >>>>   End verify ranking function

verifying time = 15.139 ms


Not Found Ranking Fcuntion

Conterexample is 

[2, 0]

sampling time = 2.276 ms


Failed to prove it is terminated

UNKNOWN
------Using Template 6 -----------
21 [3, 3, 3, 3, 3, 3, 3]
*****************************************************

2019-05-02-09-57-44   >>>>   End sampling point

sampling time = 278.693 ms,


       ########################################         

iteration 0 with 456 examples

2019-05-02-09-57-44   >>>>   Start train ranking function

2019-05-02-09-57-44   >>>>   End train ranking function

train_ranking_functioning time = 9.177 ms


2019-05-02-09-57-44   >>>>   Start verify ranking function

[xi_0 = 6]
ranking function :  - 0.4 *  x[0]^1.0 - 0.4 *  x[1]^1.0 + 3.0 * 1;  - 0.3 *  x[0]^1.0 + 0.1 *  x[1]^1.0 + 1.8 * 1;  - 0.1 *  x[1]^1.0 + 1.2 * 1; 1.0 * 1; 1.0 * 1; 1.0 * 1; 0.9 * 1

2019-05-02-09-57-44   >>>>   End verify ranking function

verifying time = 10.244 ms


Not Found Ranking Fcuntion

Conterexample is 

[6, 0]

sampling time = 4.741 ms


       ########################################         

iteration 1 with 464 examples

2019-05-02-09-57-44   >>>>   Start train ranking function

2019-05-02-09-57-44   >>>>   End train ranking function

train_ranking_functioning time = 9.187 ms


2019-05-02-09-57-44   >>>>   Start verify ranking function

[xi_0 = 1, xi_1 = 4]
ranking function :  - 0.3 *  x[0]^1.0 - 0.4 *  x[1]^1.0 + 3.0 * 1;  - 0.2 *  x[0]^1.0 + 1.8 * 1;  - 0.1 *  x[1]^1.0 + 1.2 * 1; 1.0 * 1; 1.0 * 1; 1.0 * 1; 0.9 * 1

2019-05-02-09-57-44   >>>>   End verify ranking function

verifying time = 7.353 ms


Not Found Ranking Fcuntion

Conterexample is 

[1, 4]

sampling time = 4.769 ms


       ########################################         

iteration 2 with 472 examples

2019-05-02-09-57-44   >>>>   Start train ranking function

2019-05-02-09-57-44   >>>>   End train ranking function

train_ranking_functioning time = 9.447 ms


2019-05-02-09-57-44   >>>>   Start verify ranking function

[xi_0 = 1, xi_1 = 26]
ranking function :  - 0.4 *  x[0]^1.0 - 0.4 *  x[1]^1.0 + 3.0 * 1;  - 0.3 *  x[0]^1.0 + 1.9 * 1;  - 0.1 *  x[1]^1.0 + 1.2 * 1; 1.0 * 1; 1.0 * 1; 1.0 * 1; 0.9 * 1

2019-05-02-09-57-44   >>>>   End verify ranking function

verifying time = 10.413 ms


Not Found Ranking Fcuntion

Conterexample is 

[1, 26]

sampling time = 4.689 ms


       ########################################         

iteration 3 with 480 examples

2019-05-02-09-57-44   >>>>   Start train ranking function

2019-05-02-09-57-44   >>>>   End train ranking function
