------Using Template 0 -----------
4 [4]
*****************************************************

2019-05-02-10-27-43   >>>>   End sampling point

sampling time = 106.289 ms,


       ########################################         

iteration 0 with 202 examples

2019-05-02-10-27-43   >>>>   Start train ranking function

2019-05-02-10-27-43   >>>>   End train ranking function

train_ranking_functioning time = 2.857 ms


2019-05-02-10-27-43   >>>>   Start verify ranking function

[xr_1 = -5000000000000000000/4575043814432989689947,
 xr_2 = 0,
 xr_0 = 0]
ranking function : 0.0172 *  x[0]^1.0 + 0.149 *  x[1]^1.0 - 0.1242 *  x[2]^1.0 + 1.1183 * 1

2019-05-02-10-27-43   >>>>   End verify ranking function

verifying time = 8.585 ms


Not Found Ranking Fcuntion

Conterexample is 

[0, -0.001092885708378659, 0]

sampling time = 1.003 ms


       ########################################         

iteration 1 with 204 examples

2019-05-02-10-27-43   >>>>   Start train ranking function

2019-05-02-10-27-43   >>>>   End train ranking function

train_ranking_functioning time = 2.989 ms


2019-05-02-10-27-43   >>>>   Start verify ranking function

[xr_1 = 0,
 xr_2 = 0,
 xr_0 = 50000000000000000/64247953608247422517]
ranking function : 0.0086 *  x[0]^1.0 + 0.1554 *  x[1]^1.0 - 0.131 *  x[2]^1.0 + 1.1213 * 1

2019-05-02-10-27-43   >>>>   End verify ranking function

verifying time = 8.448 ms


Not Found Ranking Fcuntion

Conterexample is 

[0.0007782349038675307, 0, 0]

sampling time = 1.019 ms


       ########################################         

iteration 2 with 206 examples

2019-05-02-10-27-43   >>>>   Start train ranking function

2019-05-02-10-27-43   >>>>   End train ranking function

train_ranking_functioning time = 3.115 ms


2019-05-02-10-27-43   >>>>   Start verify ranking function

[xr_1 = -1000000000000000000/1193527164948453608089,
 xr_2 = 0,
 xr_0 = 0]
ranking function :  - 0.0132 *  x[0]^1.0 + 0.1503 *  x[1]^1.0 - 0.127 *  x[2]^1.0 + 1.1206 * 1

2019-05-02-10-27-43   >>>>   End verify ranking function

verifying time = 8.533 ms


Not Found Ranking Fcuntion

Conterexample is 

[0, -0.0008378527354617758, 0]

sampling time = 1.014 ms


       ########################################         

iteration 3 with 208 examples

2019-05-02-10-27-43   >>>>   Start train ranking function

2019-05-02-10-27-43   >>>>   End train ranking function

train_ranking_functioning time = 3.231 ms


2019-05-02-10-27-43   >>>>   Start verify ranking function

[xr_1 = 0,
 xr_2 = -250000000000000000/1209667139175257731107,
 xr_0 = 0]
ranking function : 0.0251 *  x[0]^1.0 + 0.1478 *  x[1]^1.0 - 0.1276 *  x[2]^1.0 + 1.1176 * 1

2019-05-02-10-27-43   >>>>   End verify ranking function

verifying time = 8.448 ms


Not Found Ranking Fcuntion

Conterexample is 

[0, 0, -0.00020666842299316173]

sampling time = 1.012 ms


       ########################################         

iteration 4 with 210 examples

2019-05-02-10-27-43   >>>>   Start train ranking function

2019-05-02-10-27-43   >>>>   End train ranking function

train_ranking_functioning time = 3.141 ms


2019-05-02-10-27-43   >>>>   Start verify ranking function

[xr_1 = 0,
 xr_2 = 0,
 xr_0 = 250000000000000000/335293363402061854873]
ranking function : 0.0114 *  x[0]^1.0 + 0.1515 *  x[1]^1.0 - 0.1278 *  x[2]^1.0 + 1.1209 * 1

2019-05-02-10-27-43   >>>>   End verify ranking function

verifying time = 8.439 ms


Not Found Ranking Fcuntion

Conterexample is 

[0.0007456157123522197, 0, 0]

sampling time = 1.011 ms


       ########################################         

iteration 5 with 212 examples

2019-05-02-10-27-43   >>>>   Start train ranking function

2019-05-02-10-27-43   >>>>   End train ranking function

train_ranking_functioning time = 2.818 ms


2019-05-02-10-27-43   >>>>   Start verify ranking function

[xr_1 = 0,
 xr_2 = -200000000000000000/1053220618556701030279,
 xr_0 = 0]
ranking function : 0.0316 *  x[0]^1.0 + 0.138 *  x[1]^1.0 - 0.1215 *  x[2]^1.0 + 1.1288 * 1

2019-05-02-10-27-43   >>>>   End verify ranking function

verifying time = 8.454 ms


Not Found Ranking Fcuntion

Conterexample is 

[0, 0, -0.00018989373781352044]

sampling time = 1.017 ms


       ########################################         

iteration 6 with 214 examples

2019-05-02-10-27-43   >>>>   Start train ranking function

2019-05-02-10-27-43   >>>>   End train ranking function

train_ranking_functioning time = 3.251 ms


2019-05-02-10-27-43   >>>>   Start verify ranking function

[xr_1 = 0,
 xr_2 = 0,
 xr_0 = 125000000000000000/195957068298969071777]
ranking function : 0.0222 *  x[0]^1.0 + 0.1543 *  x[1]^1.0 - 0.1244 *  x[2]^1.0 + 1.1212 * 1

2019-05-02-10-27-43   >>>>   End verify ranking function

verifying time = 8.434 ms


Not Found Ranking Fcuntion

Conterexample is 

[0.000637894826071235, 0, 0]

sampling time = 1.031 ms


       ########################################         

iteration 7 with 216 examples

2019-05-02-10-27-43   >>>>   Start train ranking function

2019-05-02-10-27-43   >>>>   End train ranking function

train_ranking_functioning time = 3.171 ms


2019-05-02-10-27-43   >>>>   Start verify ranking function

[xr_1 = -2000000000000000000/1656237835051546391427,
 xr_2 = 0,
 xr_0 = 0]
ranking function : 0.0291 *  x[0]^1.0 + 0.1543 *  x[1]^1.0 - 0.1305 *  x[2]^1.0 + 1.1103 * 1

2019-05-02-10-27-44   >>>>   End verify ranking function

verifying time = 9.372 ms


Not Found Ranking Fcuntion

Conterexample is 

[0, -0.001207556039158926, 0]

sampling time = 1.233 ms


       ########################################         

iteration 8 with 218 examples

2019-05-02-10-27-44   >>>>   Start train ranking function

2019-05-02-10-27-44   >>>>   End train ranking function

train_ranking_functioning time = 3.549 ms


2019-05-02-10-27-44   >>>>   Start verify ranking function

[xr_1 = 0,
 xr_2 = 0,
 xr_0 = 500000000000000000/765120154639175256139]
ranking function : 0.0203 *  x[0]^1.0 + 0.1578 *  x[1]^1.0 - 0.1277 *  x[2]^1.0 + 1.1203 * 1

2019-05-02-10-27-44   >>>>   End verify ranking function

verifying time = 8.779 ms


Not Found Ranking Fcuntion

Conterexample is 

[0.0006534921305736563, 0, 0]

sampling time = 1.023 ms


       ########################################         

iteration 9 with 220 examples

2019-05-02-10-27-44   >>>>   Start train ranking function

2019-05-02-10-27-44   >>>>   End train ranking function

train_ranking_functioning time = 3.531 ms


2019-05-02-10-27-44   >>>>   Start verify ranking function

[xr_1 = -10000000000000000000/9382385051546391750917,
 xr_2 = 0,
 xr_0 = 0]
ranking function : 0.016 *  x[0]^1.0 + 0.1523 *  x[1]^1.0 - 0.1331 *  x[2]^1.0 + 1.1207 * 1

2019-05-02-10-27-44   >>>>   End verify ranking function

verifying time = 8.536 ms


Not Found Ranking Fcuntion

Conterexample is 

[0, -0.0010658270732932468, 0]

sampling time = 1.016 ms


Failed to prove it is terminated

UNKNOWN
------Using Template 1 -----------
4 [4]
*****************************************************

2019-05-02-10-27-44   >>>>   End sampling point

sampling time = 121.941 ms,


       ########################################         

iteration 0 with 202 examples

2019-05-02-10-27-44   >>>>   Start train ranking function

2019-05-02-10-27-44   >>>>   End train ranking function

train_ranking_functioning time = 1.996 ms


2019-05-02-10-27-44   >>>>   Start verify ranking function

[xr_0 = 1/8, xr_1 = 1/2, xr_2 = -1/4]
ranking function : 2.7842 *  x[0]^0.5 *  x[1]^0.5 + 0.7527 *  x[0]^1.0 *  x[2]^3.0 + 0.449 *  x[0]^-1.0 *  x[1]^-0.5 *  x[2]^1.0 + 0.0162 *  x[0]^0.5 *  x[1]^-3.0

2019-05-02-10-27-47   >>>>   End verify ranking function

verifying time = 3101.410 ms


Not Found Ranking Fcuntion

Conterexample is 

[0.125, 0.5, -0.25]

sampling time = 1.165 ms


       ########################################         

iteration 1 with 204 examples

2019-05-02-10-27-47   >>>>   Start train ranking function

2019-05-02-10-27-47   >>>>   End train ranking function

train_ranking_functioning time = 2.134 ms


2019-05-02-10-27-47   >>>>   Start verify ranking function

[xr_0 = 1/8, xr_1 = 1/2, xr_2 = -1/4]
ranking function : 2.3975 *  x[0]^0.5 *  x[1]^0.5 + 0.6653 *  x[0]^1.0 *  x[2]^3.0 + 0.311 *  x[0]^-1.0 *  x[1]^-0.5 *  x[2]^1.0 + 0.0088 *  x[0]^0.5 *  x[1]^-3.0
