------Using Template 0 -----------
3 [3]
*****************************************************

2019-05-02-10-37-48   >>>>   End sampling point

sampling time = 52.759 ms,


       ########################################         

iteration 0 with 136 examples

2019-05-02-10-37-48   >>>>   Start train ranking function

2019-05-02-10-37-48   >>>>   End train ranking function

train_ranking_functioning time = 3.059 ms


2019-05-02-10-37-48   >>>>   Start verify ranking function

ranking function : 2.4 *  x[0]^1.0 + 0.8 *  x[1]^1.0 + 3.7 * 1

2019-05-02-10-37-48   >>>>   End verify ranking function

verifying time = 7.881 ms


Not Found Ranking Fcuntion

Conterexample is 

[0, -5]

sampling time = 0.727 ms


       ########################################         

iteration 1 with 138 examples

2019-05-02-10-37-48   >>>>   Start train ranking function

2019-05-02-10-37-48   >>>>   End train ranking function

train_ranking_functioning time = 2.969 ms


2019-05-02-10-37-48   >>>>   Start verify ranking function

ranking function : 2.4 *  x[0]^1.0 + 0.8 *  x[1]^1.0 + 4.0 * 1

2019-05-02-10-37-48   >>>>   End verify ranking function

verifying time = 7.784 ms


Not Found Ranking Fcuntion

Conterexample is 

[0, -6]

sampling time = 0.713 ms


       ########################################         

iteration 2 with 140 examples

2019-05-02-10-37-48   >>>>   Start train ranking function

2019-05-02-10-37-48   >>>>   End train ranking function

train_ranking_functioning time = 3.003 ms


2019-05-02-10-37-48   >>>>   Start verify ranking function

[xi_0 = 0, xi_1 = -8]
ranking function : 2.3 *  x[0]^1.0 + 0.8 *  x[1]^1.0 + 4.4 * 1

2019-05-02-10-37-48   >>>>   End verify ranking function

verifying time = 6.954 ms


Not Found Ranking Fcuntion

Conterexample is 

[0, -8]

sampling time = 0.722 ms


       ########################################         

iteration 3 with 142 examples

2019-05-02-10-37-48   >>>>   Start train ranking function

2019-05-02-10-37-48   >>>>   End train ranking function

train_ranking_functioning time = 3.062 ms


2019-05-02-10-37-48   >>>>   Start verify ranking function

ranking function : 2.1 *  x[0]^1.0 + 0.7 *  x[1]^1.0 + 4.7 * 1

2019-05-02-10-37-48   >>>>   End verify ranking function

verifying time = 7.912 ms


Not Found Ranking Fcuntion

Conterexample is 

[0, -7]

sampling time = 0.719 ms


       ########################################         

iteration 4 with 144 examples

2019-05-02-10-37-48   >>>>   Start train ranking function

2019-05-02-10-37-48   >>>>   End train ranking function

train_ranking_functioning time = 3.131 ms


2019-05-02-10-37-48   >>>>   Start verify ranking function

ranking function : 2.1 *  x[0]^1.0 + 0.7 *  x[1]^1.0 + 5.0 * 1

2019-05-02-10-37-48   >>>>   End verify ranking function

verifying time = 7.981 ms


Not Found Ranking Fcuntion

Conterexample is 

[0, -8]

sampling time = 0.715 ms


       ########################################         

iteration 5 with 146 examples

2019-05-02-10-37-48   >>>>   Start train ranking function

2019-05-02-10-37-48   >>>>   End train ranking function

train_ranking_functioning time = 3.224 ms


2019-05-02-10-37-48   >>>>   Start verify ranking function

[xi_0 = 0, xi_1 = -7]
ranking function : 2.0 *  x[0]^1.0 + 0.7 *  x[1]^1.0 + 5.2 * 1

2019-05-02-10-37-48   >>>>   End verify ranking function

verifying time = 6.985 ms


Not Found Ranking Fcuntion

Conterexample is 

[0, -7]

sampling time = 0.718 ms


       ########################################         

iteration 6 with 148 examples

2019-05-02-10-37-48   >>>>   Start train ranking function

2019-05-02-10-37-48   >>>>   End train ranking function

train_ranking_functioning time = 3.246 ms


2019-05-02-10-37-48   >>>>   Start verify ranking function

[xi_0 = 0, xi_1 = -7]
ranking function : 2.0 *  x[0]^1.0 + 0.7 *  x[1]^1.0 + 5.3 * 1

2019-05-02-10-37-48   >>>>   End verify ranking function

verifying time = 7.156 ms


Not Found Ranking Fcuntion

Conterexample is 

[0, -7]

sampling time = 0.722 ms


       ########################################         

iteration 7 with 150 examples

2019-05-02-10-37-48   >>>>   Start train ranking function

2019-05-02-10-37-48   >>>>   End train ranking function

train_ranking_functioning time = 3.281 ms


2019-05-02-10-37-48   >>>>   Start verify ranking function

[xi_0 = 0, xi_1 = -7]
ranking function : 2.0 *  x[0]^1.0 + 0.7 *  x[1]^1.0 + 5.4 * 1

2019-05-02-10-37-48   >>>>   End verify ranking function

verifying time = 6.878 ms


Not Found Ranking Fcuntion

Conterexample is 

[0, -7]

sampling time = 0.720 ms


       ########################################         

iteration 8 with 152 examples

2019-05-02-10-37-48   >>>>   Start train ranking function

2019-05-02-10-37-48   >>>>   End train ranking function

train_ranking_functioning time = 3.316 ms


2019-05-02-10-37-48   >>>>   Start verify ranking function

[xi_0 = 0, xi_1 = -7]
ranking function : 2.0 *  x[0]^1.0 + 0.7 *  x[1]^1.0 + 5.4 * 1

2019-05-02-10-37-48   >>>>   End verify ranking function

verifying time = 7.048 ms


Not Found Ranking Fcuntion

Conterexample is 

[0, -7]

sampling time = 0.719 ms


       ########################################         

iteration 9 with 154 examples

2019-05-02-10-37-48   >>>>   Start train ranking function

2019-05-02-10-37-48   >>>>   End train ranking function

train_ranking_functioning time = 3.464 ms


2019-05-02-10-37-48   >>>>   Start verify ranking function

[xi_0 = 0, xi_1 = -7]
ranking function : 2.0 *  x[0]^1.0 + 0.7 *  x[1]^1.0 + 5.4 * 1

2019-05-02-10-37-48   >>>>   End verify ranking function

verifying time = 6.897 ms


Not Found Ranking Fcuntion

Conterexample is 

[0, -7]

sampling time = 0.801 ms


Failed to prove it is terminated

UNKNOWN
------Using Template 1 -----------
1 [1]
*****************************************************

2019-05-02-10-37-48   >>>>   End sampling point

sampling time = 26.430 ms,


       ########################################         

iteration 0 with 136 examples

2019-05-02-10-37-48   >>>>   Start train ranking function

2019-05-02-10-37-48   >>>>   End train ranking function

train_ranking_functioning time = 4.963 ms


2019-05-02-10-37-48   >>>>   Start verify ranking function

[xi_0 = 0]
ranking function : 

2019-05-02-10-37-48   >>>>   End verify ranking function

verifying time = 6.289 ms


Not Found Ranking Fcuntion

Conterexample is 

[0, 0]

sampling time = 0.346 ms


       ########################################         

iteration 1 with 138 examples

2019-05-02-10-37-48   >>>>   Start train ranking function

2019-05-02-10-37-48   >>>>   End train ranking function

train_ranking_functioning time = 5.002 ms


2019-05-02-10-37-48   >>>>   Start verify ranking function

[xi_0 = 0]
ranking function : 

2019-05-02-10-37-48   >>>>   End verify ranking function

verifying time = 6.307 ms


Not Found Ranking Fcuntion

Conterexample is 

[0, 0]

sampling time = 0.338 ms


       ########################################         

iteration 2 with 140 examples

2019-05-02-10-37-48   >>>>   Start train ranking function

2019-05-02-10-37-48   >>>>   End train ranking function

train_ranking_functioning time = 5.263 ms


2019-05-02-10-37-48   >>>>   Start verify ranking function

[xi_0 = 0]
ranking function : 

2019-05-02-10-37-48   >>>>   End verify ranking function

verifying time = 6.440 ms


Not Found Ranking Fcuntion

Conterexample is 

[0, 0]

sampling time = 0.341 ms


       ########################################         

iteration 3 with 142 examples

2019-05-02-10-37-48   >>>>   Start train ranking function

2019-05-02-10-37-48   >>>>   End train ranking function

train_ranking_functioning time = 5.229 ms


2019-05-02-10-37-48   >>>>   Start verify ranking function

[xi_0 = 0]
ranking function : 

2019-05-02-10-37-48   >>>>   End verify ranking function

verifying time = 6.477 ms


Not Found Ranking Fcuntion

Conterexample is 

[0, 0]

sampling time = 0.342 ms


       ########################################         

iteration 4 with 144 examples

2019-05-02-10-37-48   >>>>   Start train ranking function

2019-05-02-10-37-48   >>>>   End train ranking function

train_ranking_functioning time = 5.226 ms


2019-05-02-10-37-48   >>>>   Start verify ranking function

[xi_0 = 0]
ranking function : 

2019-05-02-10-37-48   >>>>   End verify ranking function

verifying time = 6.884 ms


Not Found Ranking Fcuntion

Conterexample is 

[0, 0]

sampling time = 0.360 ms


       ########################################         

iteration 5 with 146 examples

2019-05-02-10-37-48   >>>>   Start train ranking function

5
2019-05-02-10-37-48   >>>>   End train ranking function

train_ranking_functioning time = 5.925 ms


2019-05-02-10-37-48   >>>>   Start verify ranking function

[xi_0 = 0]
ranking function : 

2019-05-02-10-37-48   >>>>   End verify ranking function

verifying time = 7.378 ms


Not Found Ranking Fcuntion

Conterexample is 

[0, 0]

sampling time = 0.348 ms


       ########################################         

iteration 6 with 148 examples

2019-05-02-10-37-48   >>>>   Start train ranking function

2019-05-02-10-37-48   >>>>   End train ranking function

train_ranking_functioning time = 5.795 ms


2019-05-02-10-37-48   >>>>   Start verify ranking function

[xi_0 = 0]
ranking function : 

2019-05-02-10-37-48   >>>>   End verify ranking function

verifying time = 6.601 ms


Not Found Ranking Fcuntion

Conterexample is 

[0, 0]

sampling time = 0.340 ms


       ########################################         

iteration 7 with 150 examples

2019-05-02-10-37-48   >>>>   Start train ranking function

2019-05-02-10-37-48   >>>>   End train ranking function

train_ranking_functioning time = 5.513 ms


2019-05-02-10-37-48   >>>>   Start verify ranking function

[xi_0 = 0]
ranking function : 

2019-05-02-10-37-48   >>>>   End verify ranking function

verifying time = 6.335 ms


Not Found Ranking Fcuntion

Conterexample is 

[0, 0]

sampling time = 0.340 ms


       ########################################         

iteration 8 with 152 examples

2019-05-02-10-37-48   >>>>   Start train ranking function

2019-05-02-10-37-48   >>>>   End train ranking function

train_ranking_functioning time = 5.216 ms


2019-05-02-10-37-48   >>>>   Start verify ranking function

[xi_0 = 0]
ranking function : 

2019-05-02-10-37-48   >>>>   End verify ranking function

verifying time = 6.373 ms


Not Found Ranking Fcuntion

Conterexample is 

[0, 0]

sampling time = 0.333 ms


       ########################################         

iteration 9 with 154 examples

2019-05-02-10-37-48   >>>>   Start train ranking function

2019-05-02-10-37-48   >>>>   End train ranking function

train_ranking_functioning time = 5.408 ms


2019-05-02-10-37-48   >>>>   Start verify ranking function

[xi_0 = 0]
ranking function : 

2019-05-02-10-37-48   >>>>   End verify ranking function

verifying time = 6.366 ms


Not Found Ranking Fcuntion

Conterexample is 

[0, 0]

sampling time = 0.337 ms


Failed to prove it is terminated

UNKNOWN
------Using Template 2 -----------
9 [3, 3, 3]
*****************************************************

2019-05-02-10-37-49   >>>>   End sampling point

sampling time = 143.830 ms,


       ########################################         

iteration 0 with 272 examples

2019-05-02-10-37-49   >>>>   Start train ranking function

2019-05-02-10-37-49   >>>>   End train ranking function

train_ranking_functioning time = 4.174 ms


2019-05-02-10-37-49   >>>>   Start verify ranking function

[xi_0 = 0, xi_1 = 9]
ranking function : 2.8 *  x[0]^1.0 + 0.9 *  x[1]^1.0 + 1.0 * 1; 0.8 *  x[0]^1.0 - 0.1 *  x[1]^1.0 + 0.9 * 1; 1.0 * 1

2019-05-02-10-37-49   >>>>   End verify ranking function

verifying time = 7.133 ms


Not Found Ranking Fcuntion

Conterexample is 

[0, 9]

sampling time = 2.009 ms


       ########################################         

iteration 1 with 276 examples

2019-05-02-10-37-49   >>>>   Start train ranking function

2019-05-02-10-37-49   >>>>   End train ranking function

train_ranking_functioning time = 4.322 ms


2019-05-02-10-37-49   >>>>   Start verify ranking function

[xi_0 = 0, xi_1 = 9]
ranking function : 2.8 *  x[0]^1.0 + 0.9 *  x[1]^1.0 + 1.0 * 1; 0.8 *  x[0]^1.0 - 0.1 *  x[1]^1.0 + 0.9 * 1; 1.0 * 1

2019-05-02-10-37-49   >>>>   End verify ranking function

verifying time = 7.113 ms


Not Found Ranking Fcuntion

Conterexample is 

[0, 9]

sampling time = 2.034 ms


       ########################################         

iteration 2 with 280 examples

2019-05-02-10-37-49   >>>>   Start train ranking function

2019-05-02-10-37-49   >>>>   End train ranking function

train_ranking_functioning time = 4.382 ms


2019-05-02-10-37-49   >>>>   Start verify ranking function

[xi_0 = 0, xi_1 = 9]
ranking function : 2.8 *  x[0]^1.0 + 0.9 *  x[1]^1.0 + 1.0 * 1; 0.8 *  x[0]^1.0 - 0.1 *  x[1]^1.0 + 0.9 * 1; 1.0 * 1

2019-05-02-10-37-49   >>>>   End verify ranking function

verifying time = 7.155 ms


Not Found Ranking Fcuntion

Conterexample is 

[0, 9]

sampling time = 2.033 ms


       ########################################         

iteration 3 with 284 examples

2019-05-02-10-37-49   >>>>   Start train ranking function

2019-05-02-10-37-49   >>>>   End train ranking function

train_ranking_functioning time = 4.557 ms


2019-05-02-10-37-49   >>>>   Start verify ranking function

[xi_0 = 0, xi_1 = 9]
ranking function : 2.8 *  x[0]^1.0 + 0.9 *  x[1]^1.0 + 1.0 * 1; 0.8 *  x[0]^1.0 - 0.1 *  x[1]^1.0 + 0.9 * 1; 1.0 * 1

2019-05-02-10-37-49   >>>>   End verify ranking function

verifying time = 7.238 ms


Not Found Ranking Fcuntion

Conterexample is 

[0, 9]

sampling time = 2.034 ms


       ########################################         

iteration 4 with 288 examples

2019-05-02-10-37-49   >>>>   Start train ranking function

2019-05-02-10-37-49   >>>>   End train ranking function

train_ranking_functioning time = 4.670 ms


2019-05-02-10-37-49   >>>>   Start verify ranking function

[xi_0 = 0, xi_1 = 9]
ranking function : 2.8 *  x[0]^1.0 + 0.9 *  x[1]^1.0 + 1.0 * 1; 0.8 *  x[0]^1.0 - 0.1 *  x[1]^1.0 + 0.9 * 1; 1.0 * 1

2019-05-02-10-37-49   >>>>   End verify ranking function

verifying time = 7.183 ms


Not Found Ranking Fcuntion

Conterexample is 

[0, 9]

sampling time = 2.015 ms


       ########################################         

iteration 5 with 292 examples

2019-05-02-10-37-49   >>>>   Start train ranking function

5
2019-05-02-10-37-49   >>>>   End train ranking function

train_ranking_functioning time = 4.713 ms


2019-05-02-10-37-49   >>>>   Start verify ranking function

[xi_0 = 0, xi_1 = 9]
ranking function : 2.8 *  x[0]^1.0 + 0.9 *  x[1]^1.0 + 1.0 * 1; 0.8 *  x[0]^1.0 - 0.1 *  x[1]^1.0 + 0.9 * 1; 1.0 * 1

2019-05-02-10-37-49   >>>>   End verify ranking function

verifying time = 7.103 ms


Not Found Ranking Fcuntion

Conterexample is 

[0, 9]

sampling time = 2.034 ms


       ########################################         

iteration 6 with 296 examples

2019-05-02-10-37-49   >>>>   Start train ranking function

2019-05-02-10-37-49   >>>>   End train ranking function

train_ranking_functioning time = 4.847 ms


2019-05-02-10-37-49   >>>>   Start verify ranking function

valid ranking function
ranking function : 3.0 *  x[0]^1.0 + 1.0 *  x[1]^1.0 + 1.0 * 1; 1.0 *  x[0]^1.0 + 1.0 * 1; 1.0 * 1

2019-05-02-10-37-49   >>>>   End verify ranking function

verifying time = 12.917 ms


Found Ranking Fcuntion: 3.0 *  x[0]^1.0 + 1.0 *  x[1]^1.0 + 1.0 * 1; 1.0 *  x[0]^1.0 + 1.0 * 1; 1.0 * 1

3.0 *  x[0]^1.0 + 1.0 *  x[1]^1.0 + 1.0 * 1; 1.0 *  x[0]^1.0 + 1.0 * 1; 1.0 * 1
FINITE
Time For ../Program_non/126.bpl Is ---> 776.864000 ms

