------Using Template 0 -----------
5 [5]
*****************************************************

2019-05-02-10-42-53   >>>>   End sampling point

sampling time = 80.785 ms,


       ########################################         

iteration 0 with 112 examples

2019-05-02-10-42-53   >>>>   Start train ranking function

2019-05-02-10-42-53   >>>>   End train ranking function

train_ranking_functioning time = 0.935 ms


2019-05-02-10-42-53   >>>>   Start verify ranking function

ranking function : 0.4 *  x[0]^1.0 + 0.2 *  x[1]^1.0 + 1.1 * 1

2019-05-02-10-42-53   >>>>   End verify ranking function

verifying time = 9.937 ms


Not Found Ranking Fcuntion

Conterexample is 

[0, -6, 0, 0]

sampling time = 1.358 ms


       ########################################         

iteration 1 with 114 examples

2019-05-02-10-42-53   >>>>   Start train ranking function

2019-05-02-10-42-53   >>>>   End train ranking function

train_ranking_functioning time = 1.137 ms


2019-05-02-10-42-53   >>>>   Start verify ranking function

valid ranking function
ranking function : 0.9 *  x[0]^1.0 + 1.0 * 1

2019-05-02-10-42-53   >>>>   End verify ranking function

verifying time = 8.845 ms


Found Ranking Fcuntion: 0.9 *  x[0]^1.0 + 1.0 * 1

0.9 *  x[0]^1.0 + 1.0 * 1
FINATE
Time For ../Program_non/132.bpl Is ---> 277.243000 ms

