------Using Template 0 -----------
6 [6]
*****************************************************

2019-05-02-10-42-54   >>>>   End sampling point

sampling time = 92.984 ms,


       ########################################         

iteration 0 with 100 examples

2019-05-02-10-42-54   >>>>   Start train ranking function

2019-05-02-10-42-54   >>>>   End train ranking function

train_ranking_functioning time = 0.559 ms


2019-05-02-10-42-54   >>>>   Start verify ranking function

ranking function : 1.0 *  x[0]^1.0 + 0.1 *  x[1]^1.0 + 0.1 *  x[2]^1.0 + 0.1 *  x[3]^1.0 + 0.9 * 1

2019-05-02-10-42-54   >>>>   End verify ranking function

verifying time = 11.715 ms


Not Found Ranking Fcuntion

Conterexample is 

[0, -10, 0, 0, 0]

sampling time = 1.767 ms


       ########################################         

iteration 1 with 102 examples

2019-05-02-10-42-54   >>>>   Start train ranking function

2019-05-02-10-42-54   >>>>   End train ranking function

train_ranking_functioning time = 0.621 ms


2019-05-02-10-42-54   >>>>   Start verify ranking function

valid ranking function
ranking function : 1.0 *  x[0]^1.0 + 1.0 * 1

2019-05-02-10-42-54   >>>>   End verify ranking function

verifying time = 10.476 ms


Found Ranking Fcuntion: 1.0 *  x[0]^1.0 + 1.0 * 1

1.0 *  x[0]^1.0 + 1.0 * 1
FINATE
Time For ../Program_non/133.bpl Is ---> 292.878000 ms

