------Using Template 0 -----------
5 [5]
*****************************************************

2019-05-02-10-47-57   >>>>   End sampling point

sampling time = 302.426 ms,


       ########################################         

iteration 0 with 454 examples

2019-05-02-10-47-57   >>>>   Start train ranking function

2019-05-02-10-47-57   >>>>   End train ranking function

train_ranking_functioning time = 1.059 ms


2019-05-02-10-47-57   >>>>   Start verify ranking function

[xr_1 = 0, xr_3 = -6652/75, xr_2 = 0, xr_0 = 0]
ranking function : 0.0225 *  x[0]^1.0 - 0.4983 *  x[1]^1.0 + 0.0225 *  x[2]^1.0 - 0.4983 *  x[3]^1.0 + 2.0589 * 1

2019-05-02-10-47-57   >>>>   End verify ranking function

verifying time = 8.452 ms


Not Found Ranking Fcuntion

Conterexample is 

[0, 0, 0, -88.69333333333333]

sampling time = 1.349 ms


       ########################################         

iteration 1 with 456 examples

2019-05-02-10-47-57   >>>>   Start train ranking function

2019-05-02-10-47-57   >>>>   End train ranking function

train_ranking_functioning time = 6.453 ms


2019-05-02-10-47-57   >>>>   Start verify ranking function

[xr_1 = -2005/23, xr_2 = 0, xr_0 = 0]
ranking function : 0.0115 *  x[0]^1.0 - 0.496 *  x[1]^1.0 - 0.496 *  x[3]^1.0 + 2.0762 * 1

2019-05-02-10-47-57   >>>>   End verify ranking function

verifying time = 8.433 ms


Not Found Ranking Fcuntion

Conterexample is 

[0, -87.17391304347827, 0, 0]

sampling time = 1.353 ms


       ########################################         

iteration 2 with 458 examples

2019-05-02-10-47-57   >>>>   Start train ranking function

2019-05-02-10-47-57   >>>>   End train ranking function

train_ranking_functioning time = 9.520 ms


2019-05-02-10-47-57   >>>>   Start verify ranking function

[xr_1 = -19922, xr_3 = 0, xr_2 = 0, xr_0 = 0]
ranking function : 0.0001 *  x[0]^1.0 - 0.4966 *  x[1]^1.0 + 0.0001 *  x[2]^1.0 - 0.4966 *  x[3]^1.0 + 2.0852 * 1

2019-05-02-10-47-57   >>>>   End verify ranking function

verifying time = 8.377 ms


Not Found Ranking Fcuntion

Conterexample is 

[0, -19922, 0, 0]

sampling time = 1.344 ms


       ########################################         

iteration 3 with 460 examples

2019-05-02-10-47-57   >>>>   Start train ranking function

2019-05-02-10-47-57   >>>>   End train ranking function

train_ranking_functioning time = 9.580 ms


2019-05-02-10-47-57   >>>>   Start verify ranking function

[xr_3 = -9923, xr_2 = 0, xr_0 = 0]
ranking function :  - 0.4966 *  x[1]^1.0 + 0.0001 *  x[2]^1.0 - 0.4966 *  x[3]^1.0 + 2.0852 * 1

2019-05-02-10-47-57   >>>>   End verify ranking function

verifying time = 8.392 ms


Not Found Ranking Fcuntion

Conterexample is 

[0, 0, 0, -9923]

sampling time = 1.376 ms


       ########################################         

iteration 4 with 462 examples

2019-05-02-10-47-57   >>>>   Start train ranking function

2019-05-02-10-47-57   >>>>   End train ranking function

train_ranking_functioning time = 9.798 ms


2019-05-02-10-47-57   >>>>   Start verify ranking function

ranking function :  - 0.4966 *  x[1]^1.0 - 0.4966 *  x[3]^1.0 + 2.0854 * 1

2019-05-02-10-47-57   >>>>   End verify ranking function

verifying time = 9.658 ms


Not Found Ranking Fcuntion

Conterexample is 

[0, 0, 0, 6.2130487313733385]

sampling time = 1.337 ms


       ########################################         

iteration 5 with 464 examples

2019-05-02-10-47-57   >>>>   Start train ranking function

2019-05-02-10-47-57   >>>>   End train ranking function

train_ranking_functioning time = 10.434 ms


2019-05-02-10-47-57   >>>>   Start verify ranking function

ranking function :  - 0.807 *  x[1]^1.0 - 0.186 *  x[3]^1.0 + 2.0993 * 1

2019-05-02-10-47-57   >>>>   End verify ranking function

verifying time = 9.764 ms


Not Found Ranking Fcuntion

Conterexample is 

[0, 3.8405204460966544, 0, 0]

sampling time = 1.352 ms


       ########################################         

iteration 6 with 466 examples

2019-05-02-10-47-57   >>>>   Start train ranking function

2019-05-02-10-47-57   >>>>   End train ranking function

train_ranking_functioning time = 9.928 ms


2019-05-02-10-47-57   >>>>   Start verify ranking function

[xr_1 = 9843, xr_2 = 0, xr_0 = 0]
ranking function :  - 0.0001 *  x[0]^1.0 - 0.637 *  x[1]^1.0 - 0.3482 *  x[3]^1.0 + 2.6439 * 1

2019-05-02-10-47-57   >>>>   End verify ranking function

verifying time = 8.301 ms


Not Found Ranking Fcuntion

Conterexample is 

[0, 9843, 0, 0]

sampling time = 1.344 ms


       ########################################         

iteration 7 with 468 examples

2019-05-02-10-47-57   >>>>   Start train ranking function

2019-05-02-10-47-57   >>>>   End train ranking function

train_ranking_functioning time = 10.035 ms


2019-05-02-10-47-57   >>>>   Start verify ranking function

[xr_1 = 0, xr_3 = 19354/3, xr_2 = 0, xr_0 = 0]
ranking function :  - 0.0002 *  x[0]^1.0 - 0.0004 *  x[1]^1.0 - 0.0003 *  x[2]^1.0 - 0.936 *  x[3]^1.0 + 4.5445 * 1

2019-05-02-10-47-57   >>>>   End verify ranking function

verifying time = 8.399 ms


Not Found Ranking Fcuntion

Conterexample is 

[0, 0, 0, 6451.333333333333]

sampling time = 1.353 ms


       ########################################         

iteration 8 with 470 examples

2019-05-02-10-47-57   >>>>   Start train ranking function

2019-05-02-10-47-57   >>>>   End train ranking function

train_ranking_functioning time = 9.882 ms


2019-05-02-10-47-57   >>>>   Start verify ranking function

[xr_1 = -12575/184, xr_3 = 0, xr_2 = 0, xr_0 = 0]
ranking function : 0.0184 *  x[0]^1.0 - 0.1778 *  x[1]^1.0 + 0.0187 *  x[2]^1.0 - 0.0807 *  x[3]^1.0 + 1.2945 * 1

2019-05-02-10-47-57   >>>>   End verify ranking function

verifying time = 8.470 ms


Not Found Ranking Fcuntion

Conterexample is 

[0, -68.34239130434783, 0, 0]

sampling time = 1.347 ms


       ########################################         

iteration 9 with 472 examples

2019-05-02-10-47-57   >>>>   Start train ranking function

2019-05-02-10-47-57   >>>>   End train ranking function

train_ranking_functioning time = 9.854 ms


2019-05-02-10-47-57   >>>>   Start verify ranking function

[xr_1 = -12804/91, xr_3 = 0, xr_2 = 0, xr_0 = 0]
ranking function : 0.0091 *  x[0]^1.0 - 0.1095 *  x[1]^1.0 + 0.0127 *  x[2]^1.0 - 0.1719 *  x[3]^1.0 + 1.3904 * 1

2019-05-02-10-47-57   >>>>   End verify ranking function

verifying time = 8.373 ms


Not Found Ranking Fcuntion

Conterexample is 

[0, -140.7032967032967, 0, 0]

sampling time = 1.339 ms


Failed to prove it is terminated

UNKNOWN
------Using Template 1 -----------
3 [3]
*****************************************************

2019-05-02-10-47-57   >>>>   End sampling point

sampling time = 222.576 ms,


       ########################################         

iteration 0 with 454 examples

2019-05-02-10-47-57   >>>>   Start train ranking function

2019-05-02-10-47-57   >>>>   End train ranking function

train_ranking_functioning time = 17.097 ms


2019-05-02-10-47-57   >>>>   Start verify ranking function

[xr_0 = 1, xr_2 = 1, xr_1 = 1, xr_3 = -1/2]
ranking function : 0.007 *  x[0]^-1.0 *  x[1]^-1.0 *  x[3]^0.5 - 0.006 *  x[0]^-3.0 *  x[1]^-1.0 - 0.1827 *  x[0]^-0.5 *  x[1]^1.0 *  x[2]^0.5 *  x[3]^0.5

2019-05-02-10-47-57   >>>>   End verify ranking function

verifying time = 25.267 ms


Not Found Ranking Fcuntion

Conterexample is 

[1, 1, 1, -0.5]

sampling time = 0.952 ms


       ########################################         

iteration 1 with 456 examples

2019-05-02-10-47-57   >>>>   Start train ranking function

2019-05-02-10-47-57   >>>>   End train ranking function

train_ranking_functioning time = 17.137 ms


2019-05-02-10-47-57   >>>>   Start verify ranking function

[xr_0 = 1, xr_2 = 1, xr_1 = 1, xr_3 = -1/2]
ranking function : 0.0113 *  x[0]^-1.0 *  x[1]^-1.0 *  x[3]^0.5 + 0.0006 *  x[0]^-3.0 *  x[1]^-1.0 - 0.1696 *  x[0]^-0.5 *  x[1]^1.0 *  x[2]^0.5 *  x[3]^0.5

2019-05-02-10-47-57   >>>>   End verify ranking function

verifying time = 24.965 ms


Not Found Ranking Fcuntion

Conterexample is 

[1, 1, 1, -0.5]

sampling time = 1.012 ms


       ########################################         

iteration 2 with 458 examples

2019-05-02-10-47-57   >>>>   Start train ranking function
