------Using Template 0 -----------
77 [77]
*****************************************************

2019-05-02-10-58-01   >>>>   End sampling point

sampling time = 358.383 ms,


       ########################################         

iteration 0 with 6 examples

2019-05-02-10-58-01   >>>>   Start train ranking function

2019-05-02-10-58-01   >>>>   End train ranking function

train_ranking_functioning time = 0.943 ms


2019-05-02-10-58-01   >>>>   Start verify ranking function

[xi_0 = 0]
ranking function : 0.9 * 1

2019-05-02-10-58-01   >>>>   End verify ranking function

verifying time = 126.805 ms


Not Found Ranking Fcuntion

Conterexample is 

[0, 0, 0, 0, 0, 0, 0, 0, 0, 0, 0, 0, 0, 0, 0, 0, 0, 0, 0, 0, 0, 0, 0, 0, 0, 0, 0, 0, 0, 0, 0, 0, 0, 0, 0, 0, 0, 0, 0, 0, 0, 0, 0, 0, 0, 0, 0, 0, 0, 0, 0, 0, 0, 0, 0, 0, 0, 0, 0, 0, 0, 0, 0, 0, 0, 0, 0, 0, 0, 0, 0, 0, 0, 0, 0, 0]

sampling time = 115.839 ms


       ########################################         

iteration 1 with 8 examples

2019-05-02-10-58-01   >>>>   Start train ranking function

2019-05-02-10-58-01   >>>>   End train ranking function

train_ranking_functioning time = 0.982 ms


2019-05-02-10-58-01   >>>>   Start verify ranking function

[xi_0 = 0]
ranking function : 0.9 * 1

2019-05-02-10-58-01   >>>>   End verify ranking function

verifying time = 128.020 ms


Not Found Ranking Fcuntion

Conterexample is 

[0, 0, 0, 0, 0, 0, 0, 0, 0, 0, 0, 0, 0, 0, 0, 0, 0, 0, 0, 0, 0, 0, 0, 0, 0, 0, 0, 0, 0, 0, 0, 0, 0, 0, 0, 0, 0, 0, 0, 0, 0, 0, 0, 0, 0, 0, 0, 0, 0, 0, 0, 0, 0, 0, 0, 0, 0, 0, 0, 0, 0, 0, 0, 0, 0, 0, 0, 0, 0, 0, 0, 0, 0, 0, 0, 0]

sampling time = 117.642 ms


       ########################################         

iteration 2 with 10 examples

2019-05-02-10-58-02   >>>>   Start train ranking function

2019-05-02-10-58-02   >>>>   End train ranking function

train_ranking_functioning time = 1.117 ms


2019-05-02-10-58-02   >>>>   Start verify ranking function

[xi_0 = 0]
ranking function : 0.9 * 1

2019-05-02-10-58-02   >>>>   End verify ranking function

verifying time = 127.077 ms


Not Found Ranking Fcuntion

Conterexample is 

[0, 0, 0, 0, 0, 0, 0, 0, 0, 0, 0, 0, 0, 0, 0, 0, 0, 0, 0, 0, 0, 0, 0, 0, 0, 0, 0, 0, 0, 0, 0, 0, 0, 0, 0, 0, 0, 0, 0, 0, 0, 0, 0, 0, 0, 0, 0, 0, 0, 0, 0, 0, 0, 0, 0, 0, 0, 0, 0, 0, 0, 0, 0, 0, 0, 0, 0, 0, 0, 0, 0, 0, 0, 0, 0, 0]

sampling time = 114.597 ms


       ########################################         

iteration 3 with 12 examples

2019-05-02-10-58-02   >>>>   Start train ranking function

2019-05-02-10-58-02   >>>>   End train ranking function

train_ranking_functioning time = 1.266 ms


2019-05-02-10-58-02   >>>>   Start verify ranking function

[xi_0 = 0]
ranking function : 0.9 * 1

2019-05-02-10-58-02   >>>>   End verify ranking function

verifying time = 126.713 ms


Not Found Ranking Fcuntion

Conterexample is 

[0, 0, 0, 0, 0, 0, 0, 0, 0, 0, 0, 0, 0, 0, 0, 0, 0, 0, 0, 0, 0, 0, 0, 0, 0, 0, 0, 0, 0, 0, 0, 0, 0, 0, 0, 0, 0, 0, 0, 0, 0, 0, 0, 0, 0, 0, 0, 0, 0, 0, 0, 0, 0, 0, 0, 0, 0, 0, 0, 0, 0, 0, 0, 0, 0, 0, 0, 0, 0, 0, 0, 0, 0, 0, 0, 0]

sampling time = 114.712 ms


       ########################################         

iteration 4 with 14 examples

2019-05-02-10-58-02   >>>>   Start train ranking function

2019-05-02-10-58-02   >>>>   End train ranking function

train_ranking_functioning time = 1.386 ms


2019-05-02-10-58-02   >>>>   Start verify ranking function

[xi_0 = 0]
ranking function : 0.9 * 1

2019-05-02-10-58-02   >>>>   End verify ranking function

verifying time = 127.856 ms


Not Found Ranking Fcuntion

Conterexample is 

[0, 0, 0, 0, 0, 0, 0, 0, 0, 0, 0, 0, 0, 0, 0, 0, 0, 0, 0, 0, 0, 0, 0, 0, 0, 0, 0, 0, 0, 0, 0, 0, 0, 0, 0, 0, 0, 0, 0, 0, 0, 0, 0, 0, 0, 0, 0, 0, 0, 0, 0, 0, 0, 0, 0, 0, 0, 0, 0, 0, 0, 0, 0, 0, 0, 0, 0, 0, 0, 0, 0, 0, 0, 0, 0, 0]

sampling time = 115.085 ms


       ########################################         

iteration 5 with 16 examples

2019-05-02-10-58-02   >>>>   Start train ranking function

5
2019-05-02-10-58-02   >>>>   End train ranking function

train_ranking_functioning time = 1.554 ms


2019-05-02-10-58-02   >>>>   Start verify ranking function

[xi_0 = 0]
ranking function : 0.9 * 1

2019-05-02-10-58-03   >>>>   End verify ranking function

verifying time = 129.845 ms


Not Found Ranking Fcuntion

Conterexample is 

[0, 0, 0, 0, 0, 0, 0, 0, 0, 0, 0, 0, 0, 0, 0, 0, 0, 0, 0, 0, 0, 0, 0, 0, 0, 0, 0, 0, 0, 0, 0, 0, 0, 0, 0, 0, 0, 0, 0, 0, 0, 0, 0, 0, 0, 0, 0, 0, 0, 0, 0, 0, 0, 0, 0, 0, 0, 0, 0, 0, 0, 0, 0, 0, 0, 0, 0, 0, 0, 0, 0, 0, 0, 0, 0, 0]

sampling time = 117.665 ms


       ########################################         

iteration 6 with 18 examples

2019-05-02-10-58-03   >>>>   Start train ranking function

2019-05-02-10-58-03   >>>>   End train ranking function

train_ranking_functioning time = 1.644 ms


2019-05-02-10-58-03   >>>>   Start verify ranking function

ranking function :  - 0.0133 *  x[1]^1.0 - 0.0133 *  x[2]^1.0 - 0.0133 *  x[3]^1.0 - 0.0133 *  x[4]^1.0 - 0.0133 *  x[5]^1.0 - 0.0133 *  x[6]^1.0 - 0.0133 *  x[7]^1.0 - 0.0133 *  x[8]^1.0 - 0.0133 *  x[9]^1.0 - 0.0133 *  x[10]^1.0 - 0.0133 *  x[11]^1.0 - 0.0133 *  x[12]^1.0 - 0.0133 *  x[13]^1.0 - 0.0133 *  x[14]^1.0 - 0.0133 *  x[15]^1.0 - 0.0133 *  x[16]^1.0 - 0.0133 *  x[17]^1.0 - 0.0133 *  x[18]^1.0 - 0.0133 *  x[19]^1.0 - 0.0133 *  x[20]^1.0 - 0.0133 *  x[21]^1.0 - 0.0133 *  x[22]^1.0 - 0.0133 *  x[23]^1.0 - 0.0133 *  x[24]^1.0 - 0.0133 *  x[25]^1.0 - 0.0133 *  x[26]^1.0 - 0.0133 *  x[27]^1.0 - 0.0133 *  x[28]^1.0 - 0.0133 *  x[29]^1.0 - 0.0133 *  x[30]^1.0 - 0.0133 *  x[31]^1.0 - 0.0133 *  x[32]^1.0 - 0.0133 *  x[33]^1.0 - 0.0133 *  x[34]^1.0 - 0.0133 *  x[35]^1.0 - 0.0133 *  x[36]^1.0 - 0.0133 *  x[37]^1.0 - 0.0133 *  x[38]^1.0 - 0.0133 *  x[39]^1.0 - 0.0133 *  x[40]^1.0 - 0.0133 *  x[41]^1.0 - 0.0133 *  x[42]^1.0 - 0.0133 *  x[43]^1.0 - 0.0133 *  x[44]^1.0 - 0.0133 *  x[45]^1.0 - 0.0133 *  x[46]^1.0 - 0.0133 *  x[47]^1.0 - 0.0133 *  x[48]^1.0 - 0.0133 *  x[49]^1.0 - 0.0133 *  x[50]^1.0 - 0.0133 *  x[51]^1.0 - 0.0133 *  x[52]^1.0 - 0.0133 *  x[53]^1.0 - 0.0133 *  x[54]^1.0 - 0.0133 *  x[55]^1.0 - 0.0133 *  x[56]^1.0 - 0.0133 *  x[57]^1.0 - 0.0133 *  x[58]^1.0 - 0.0133 *  x[59]^1.0 - 0.0133 *  x[60]^1.0 - 0.0133 *  x[61]^1.0 - 0.0133 *  x[62]^1.0 - 0.0133 *  x[63]^1.0 - 0.0133 *  x[64]^1.0 - 0.0133 *  x[65]^1.0 - 0.0133 *  x[66]^1.0 - 0.0133 *  x[67]^1.0 - 0.0133 *  x[68]^1.0 - 0.0133 *  x[69]^1.0 - 0.0133 *  x[70]^1.0 - 0.0133 *  x[71]^1.0 - 0.0133 *  x[72]^1.0 - 0.0133 *  x[73]^1.0 - 0.0133 *  x[74]^1.0 - 0.0133 *  x[75]^1.0 + 0.9474 * 1

2019-05-02-10-58-03   >>>>   End verify ranking function

verifying time = 189.360 ms


Not Found Ranking Fcuntion

Conterexample is 

[0, 0, 0, 0, 0, 0, 0, 0, 72, 0, 0, 0, 0, 0, 0, 0, 0, 0, 0, 0, 0, 0, 0, 0, 0, 0, 0, 0, 0, 0, 0, 0, 0, 0, 0, 0, 0, 0, 0, 0, 0, 0, 0, 0, 0, 0, 0, 0, 0, 0, 0, 0, 0, 0, 0, 0, 0, 0, 0, 0, 0, 0, 0, 0, 0, 0, 0, 0, 0, 0, 0, 0, 0, 0, 0, 0]

sampling time = 116.285 ms


       ########################################         

iteration 7 with 20 examples

2019-05-02-10-58-03   >>>>   Start train ranking function

2019-05-02-10-58-03   >>>>   End train ranking function

train_ranking_functioning time = 1.814 ms


2019-05-02-10-58-03   >>>>   Start verify ranking function

ranking function :  - 0.0135 *  x[1]^1.0 - 0.0135 *  x[2]^1.0 - 0.0135 *  x[3]^1.0 - 0.0135 *  x[4]^1.0 - 0.0135 *  x[5]^1.0 - 0.0135 *  x[6]^1.0 - 0.0135 *  x[7]^1.0 + 0.0007 *  x[8]^1.0 - 0.0135 *  x[9]^1.0 - 0.0135 *  x[10]^1.0 - 0.0135 *  x[11]^1.0 - 0.0135 *  x[12]^1.0 - 0.0135 *  x[13]^1.0 - 0.0135 *  x[14]^1.0 - 0.0135 *  x[15]^1.0 - 0.0135 *  x[16]^1.0 - 0.0135 *  x[17]^1.0 - 0.0135 *  x[18]^1.0 - 0.0135 *  x[19]^1.0 - 0.0135 *  x[20]^1.0 - 0.0135 *  x[21]^1.0 - 0.0135 *  x[22]^1.0 - 0.0135 *  x[23]^1.0 - 0.0135 *  x[24]^1.0 - 0.0135 *  x[25]^1.0 - 0.0135 *  x[26]^1.0 - 0.0135 *  x[27]^1.0 - 0.0135 *  x[28]^1.0 - 0.0135 *  x[29]^1.0 - 0.0135 *  x[30]^1.0 - 0.0135 *  x[31]^1.0 - 0.0135 *  x[32]^1.0 - 0.0135 *  x[33]^1.0 - 0.0135 *  x[34]^1.0 - 0.0135 *  x[35]^1.0 - 0.0135 *  x[36]^1.0 - 0.0135 *  x[37]^1.0 - 0.0135 *  x[38]^1.0 - 0.0135 *  x[39]^1.0 - 0.0135 *  x[40]^1.0 - 0.0135 *  x[41]^1.0 - 0.0135 *  x[42]^1.0 - 0.0135 *  x[43]^1.0 - 0.0135 *  x[44]^1.0 - 0.0135 *  x[45]^1.0 - 0.0135 *  x[46]^1.0 - 0.0135 *  x[47]^1.0 - 0.0135 *  x[48]^1.0 - 0.0135 *  x[49]^1.0 - 0.0135 *  x[50]^1.0 - 0.0135 *  x[51]^1.0 - 0.0135 *  x[52]^1.0 - 0.0135 *  x[53]^1.0 - 0.0135 *  x[54]^1.0 - 0.0135 *  x[55]^1.0 - 0.0135 *  x[56]^1.0 - 0.0135 *  x[57]^1.0 - 0.0135 *  x[58]^1.0 - 0.0135 *  x[59]^1.0 - 0.0135 *  x[60]^1.0 - 0.0135 *  x[61]^1.0 - 0.0135 *  x[62]^1.0 - 0.0135 *  x[63]^1.0 - 0.0135 *  x[64]^1.0 - 0.0135 *  x[65]^1.0 - 0.0135 *  x[66]^1.0 - 0.0135 *  x[67]^1.0 - 0.0135 *  x[68]^1.0 - 0.0135 *  x[69]^1.0 - 0.0135 *  x[70]^1.0 - 0.0135 *  x[71]^1.0 - 0.0135 *  x[72]^1.0 - 0.0135 *  x[73]^1.0 - 0.0135 *  x[74]^1.0 - 0.0135 *  x[75]^1.0 + 0.9474 * 1
