------Using Template 0 -----------
3 [3]
*****************************************************

2019-05-02-11-03-04   >>>>   End sampling point

sampling time = 22.784 ms,


       ########################################         

iteration 0 with 36 examples

2019-05-02-11-03-04   >>>>   Start train ranking function

2019-05-02-11-03-04   >>>>   End train ranking function

train_ranking_functioning time = 0.462 ms


2019-05-02-11-03-04   >>>>   Start verify ranking function

ranking function : 0.4267 *  x[0]^1.0 + 0.5819 *  x[1]^1.0 + 0.7241 * 1

2019-05-02-11-03-04   >>>>   End verify ranking function

verifying time = 7.825 ms


Not Found Ranking Fcuntion

Conterexample is 

[10, -9]

sampling time = 0.724 ms


       ########################################         

iteration 1 with 38 examples

2019-05-02-11-03-04   >>>>   Start train ranking function

2019-05-02-11-03-04   >>>>   End train ranking function

train_ranking_functioning time = 0.332 ms


2019-05-02-11-03-04   >>>>   Start verify ranking function

valid ranking function
ranking function : 0.4954 *  x[0]^1.0 + 0.518 *  x[1]^1.0 + 0.6832 * 1

2019-05-02-11-03-04   >>>>   End verify ranking function

verifying time = 6.800 ms


Found Ranking Fcuntion: 0.4954 *  x[0]^1.0 + 0.518 *  x[1]^1.0 + 0.6832 * 1

0.4954 *  x[0]^1.0 + 0.518 *  x[1]^1.0 + 0.6832 * 1
FINATE
Time For ../Program_non/150.bpl Is ---> 284.628000 ms

