------Using Template 0 -----------
3 [3]
*****************************************************

2019-05-02-11-03-05   >>>>   End sampling point

sampling time = 12.930 ms,


       ########################################         

iteration 0 with 16 examples

2019-05-02-11-03-05   >>>>   Start train ranking function

2019-05-02-11-03-05   >>>>   End train ranking function

train_ranking_functioning time = 0.444 ms


2019-05-02-11-03-05   >>>>   Start verify ranking function

[xr_0 = 1, xr_1 = 7]
ranking function :  - 0.0544 *  x[0]^1.0 + 0.6559 *  x[1]^1.0 + 0.6667 * 1

2019-05-02-11-03-05   >>>>   End verify ranking function

verifying time = 13.344 ms


Not Found Ranking Fcuntion

Conterexample is 

[1, 7]

sampling time = 0.762 ms


       ########################################         

iteration 1 with 18 examples

2019-05-02-11-03-05   >>>>   Start train ranking function

2019-05-02-11-03-05   >>>>   End train ranking function

train_ranking_functioning time = 0.329 ms


2019-05-02-11-03-05   >>>>   Start verify ranking function

[xr_0 = 1, xr_1 = 8]
ranking function :  - 0.0445 *  x[0]^1.0 + 0.6513 *  x[1]^1.0 + 0.6667 * 1

2019-05-02-11-03-05   >>>>   End verify ranking function

verifying time = 13.051 ms


Not Found Ranking Fcuntion

Conterexample is 

[1, 8]

sampling time = 0.713 ms


       ########################################         

iteration 2 with 20 examples

2019-05-02-11-03-05   >>>>   Start train ranking function

2019-05-02-11-03-05   >>>>   End train ranking function

train_ranking_functioning time = 0.327 ms


2019-05-02-11-03-05   >>>>   Start verify ranking function

[xr_0 = 1, xr_1 = 9]
ranking function :  - 0.0393 *  x[0]^1.0 + 0.6531 *  x[1]^1.0 + 0.6667 * 1

2019-05-02-11-03-05   >>>>   End verify ranking function

verifying time = 12.979 ms


Not Found Ranking Fcuntion

Conterexample is 

[1, 9]

sampling time = 0.721 ms


       ########################################         

iteration 3 with 22 examples

2019-05-02-11-03-05   >>>>   Start train ranking function

2019-05-02-11-03-05   >>>>   End train ranking function

train_ranking_functioning time = 0.388 ms


2019-05-02-11-03-05   >>>>   Start verify ranking function

[xr_0 = 1, xr_1 = 10]
ranking function :  - 0.0352 *  x[0]^1.0 + 0.6546 *  x[1]^1.0 + 0.6667 * 1

2019-05-02-11-03-05   >>>>   End verify ranking function

verifying time = 12.803 ms


Not Found Ranking Fcuntion

Conterexample is 

[1, 10]

sampling time = 0.719 ms


       ########################################         

iteration 4 with 24 examples

2019-05-02-11-03-05   >>>>   Start train ranking function

2019-05-02-11-03-05   >>>>   End train ranking function

train_ranking_functioning time = 0.341 ms


2019-05-02-11-03-05   >>>>   Start verify ranking function

[xr_0 = 1, xr_1 = 11]
ranking function :  - 0.0319 *  x[0]^1.0 + 0.6558 *  x[1]^1.0 + 0.6667 * 1

2019-05-02-11-03-05   >>>>   End verify ranking function

verifying time = 12.887 ms


Not Found Ranking Fcuntion

Conterexample is 

[1, 11]

sampling time = 0.753 ms


       ########################################         

iteration 5 with 26 examples

2019-05-02-11-03-05   >>>>   Start train ranking function

2019-05-02-11-03-05   >>>>   End train ranking function

train_ranking_functioning time = 0.357 ms


2019-05-02-11-03-05   >>>>   Start verify ranking function

[xr_0 = 1, xr_1 = 12]
ranking function :  - 0.0291 *  x[0]^1.0 + 0.6567 *  x[1]^1.0 + 0.6667 * 1

2019-05-02-11-03-05   >>>>   End verify ranking function

verifying time = 12.806 ms


Not Found Ranking Fcuntion

Conterexample is 

[1, 12]

sampling time = 0.718 ms


       ########################################         

iteration 6 with 28 examples

2019-05-02-11-03-05   >>>>   Start train ranking function

2019-05-02-11-03-05   >>>>   End train ranking function

train_ranking_functioning time = 0.360 ms


2019-05-02-11-03-05   >>>>   Start verify ranking function

[xr_0 = 1, xr_1 = 13]
ranking function :  - 0.0268 *  x[0]^1.0 + 0.6576 *  x[1]^1.0 + 0.6667 * 1

2019-05-02-11-03-05   >>>>   End verify ranking function

verifying time = 12.899 ms


Not Found Ranking Fcuntion

Conterexample is 

[1, 13]

sampling time = 0.712 ms


       ########################################         

iteration 7 with 30 examples

2019-05-02-11-03-05   >>>>   Start train ranking function

2019-05-02-11-03-05   >>>>   End train ranking function

train_ranking_functioning time = 0.388 ms


2019-05-02-11-03-05   >>>>   Start verify ranking function

[xr_0 = 1, xr_1 = 14]
ranking function :  - 0.0248 *  x[0]^1.0 + 0.6582 *  x[1]^1.0 + 0.6667 * 1

2019-05-02-11-03-05   >>>>   End verify ranking function

verifying time = 13.019 ms


Not Found Ranking Fcuntion

Conterexample is 

[1, 14]

sampling time = 0.746 ms


       ########################################         

iteration 8 with 32 examples

2019-05-02-11-03-05   >>>>   Start train ranking function

2019-05-02-11-03-05   >>>>   End train ranking function

train_ranking_functioning time = 0.390 ms


2019-05-02-11-03-05   >>>>   Start verify ranking function

[xr_0 = 1, xr_1 = 15]
ranking function :  - 0.0231 *  x[0]^1.0 + 0.6588 *  x[1]^1.0 + 0.6667 * 1

2019-05-02-11-03-05   >>>>   End verify ranking function

verifying time = 12.873 ms


Not Found Ranking Fcuntion

Conterexample is 

[1, 15]

sampling time = 0.744 ms


       ########################################         

iteration 9 with 34 examples

2019-05-02-11-03-05   >>>>   Start train ranking function

2019-05-02-11-03-05   >>>>   End train ranking function

train_ranking_functioning time = 0.402 ms


2019-05-02-11-03-05   >>>>   Start verify ranking function

[xr_0 = 1, xr_1 = 16]
ranking function :  - 0.0216 *  x[0]^1.0 + 0.6594 *  x[1]^1.0 + 0.6667 * 1

2019-05-02-11-03-05   >>>>   End verify ranking function

verifying time = 12.860 ms


Not Found Ranking Fcuntion

Conterexample is 

[1, 16]

sampling time = 0.715 ms


Failed to prove it is terminated

UNKNOWN
------Using Template 1 -----------
4 [4]
*****************************************************

2019-05-02-11-03-05   >>>>   End sampling point

sampling time = 15.724 ms,


       ########################################         

iteration 0 with 16 examples

2019-05-02-11-03-05   >>>>   Start train ranking function

2019-05-02-11-03-05   >>>>   End train ranking function

train_ranking_functioning time = 0.324 ms


2019-05-02-11-03-05   >>>>   Start verify ranking function

[xr_0 = 0, xr_1 = 2]
ranking function : 0.191 *  x[0]^1.0 *  x[1]^-1.0 + 0.273 *  x[0]^2.0 *  x[1]^1.0 + 0.2786 *  x[0]^1.0 *  x[1]^3.0 - 0.1553 *  x[0]^-1.0 *  x[1]^0.5

2019-05-02-11-03-05   >>>>   End verify ranking function

verifying time = 357.370 ms


Not Found Ranking Fcuntion

Conterexample is 

[0, 2]

sampling time = 1.270 ms


       ########################################         

iteration 1 with 18 examples

2019-05-02-11-03-05   >>>>   Start train ranking function

2019-05-02-11-03-05   >>>>   End train ranking function

train_ranking_functioning time = 0.337 ms


2019-05-02-11-03-05   >>>>   Start verify ranking function

[xr_0 = 0, xr_1 = 2]
ranking function : 0.1909 *  x[0]^1.0 *  x[1]^-1.0 + 0.273 *  x[0]^2.0 *  x[1]^1.0 + 0.2786 *  x[0]^1.0 *  x[1]^3.0 - 0.1553 *  x[0]^-1.0 *  x[1]^0.5

2019-05-02-11-03-05   >>>>   End verify ranking function

verifying time = 30.281 ms


Not Found Ranking Fcuntion

Conterexample is 

[0, 2]

sampling time = 1.174 ms


       ########################################         

iteration 2 with 20 examples

2019-05-02-11-03-05   >>>>   Start train ranking function

2019-05-02-11-03-05   >>>>   End train ranking function

train_ranking_functioning time = 0.332 ms


2019-05-02-11-03-05   >>>>   Start verify ranking function

[xr_0 = 0, xr_1 = 2]
ranking function : 0.191 *  x[0]^1.0 *  x[1]^-1.0 + 0.273 *  x[0]^2.0 *  x[1]^1.0 + 0.2786 *  x[0]^1.0 *  x[1]^3.0 - 0.1553 *  x[0]^-1.0 *  x[1]^0.5

2019-05-02-11-03-06   >>>>   End verify ranking function

verifying time = 22.051 ms


Not Found Ranking Fcuntion

Conterexample is 

[0, 2]

sampling time = 1.225 ms


       ########################################         

iteration 3 with 22 examples

2019-05-02-11-03-06   >>>>   Start train ranking function

2019-05-02-11-03-06   >>>>   End train ranking function

train_ranking_functioning time = 0.493 ms


2019-05-02-11-03-06   >>>>   Start verify ranking function

[xr_0 = 0, xr_1 = 2]
ranking function : 0.191 *  x[0]^1.0 *  x[1]^-1.0 + 0.273 *  x[0]^2.0 *  x[1]^1.0 + 0.2786 *  x[0]^1.0 *  x[1]^3.0 - 0.1553 *  x[0]^-1.0 *  x[1]^0.5

2019-05-02-11-03-06   >>>>   End verify ranking function

verifying time = 335.597 ms


Not Found Ranking Fcuntion

Conterexample is 

[0, 2]

sampling time = 1.085 ms


       ########################################         

iteration 4 with 24 examples

2019-05-02-11-03-06   >>>>   Start train ranking function

2019-05-02-11-03-06   >>>>   End train ranking function

train_ranking_functioning time = 0.326 ms


2019-05-02-11-03-06   >>>>   Start verify ranking function

[xr_0 = 0, xr_1 = 2]
ranking function : 0.191 *  x[0]^1.0 *  x[1]^-1.0 + 0.273 *  x[0]^2.0 *  x[1]^1.0 + 0.2786 *  x[0]^1.0 *  x[1]^3.0 - 0.1553 *  x[0]^-1.0 *  x[1]^0.5

2019-05-02-11-03-06   >>>>   End verify ranking function

verifying time = 299.705 ms


Not Found Ranking Fcuntion

Conterexample is 

[0, 2]

sampling time = 1.054 ms


       ########################################         

iteration 5 with 26 examples

2019-05-02-11-03-06   >>>>   Start train ranking function

2019-05-02-11-03-06   >>>>   End train ranking function

train_ranking_functioning time = 0.325 ms


2019-05-02-11-03-06   >>>>   Start verify ranking function

[xr_0 = 0, xr_1 = 2]
ranking function : 0.191 *  x[0]^1.0 *  x[1]^-1.0 + 0.273 *  x[0]^2.0 *  x[1]^1.0 + 0.2786 *  x[0]^1.0 *  x[1]^3.0 - 0.1553 *  x[0]^-1.0 *  x[1]^0.5

2019-05-02-11-03-06   >>>>   End verify ranking function

verifying time = 29.989 ms


Not Found Ranking Fcuntion

Conterexample is 

[0, 2]

sampling time = 1.061 ms


       ########################################         

iteration 6 with 28 examples

2019-05-02-11-03-06   >>>>   Start train ranking function

2019-05-02-11-03-06   >>>>   End train ranking function

train_ranking_functioning time = 0.340 ms


2019-05-02-11-03-06   >>>>   Start verify ranking function

[xr_0 = 0, xr_1 = 2]
ranking function : 0.191 *  x[0]^1.0 *  x[1]^-1.0 + 0.273 *  x[0]^2.0 *  x[1]^1.0 + 0.2787 *  x[0]^1.0 *  x[1]^3.0 - 0.1553 *  x[0]^-1.0 *  x[1]^0.5

2019-05-02-11-03-07   >>>>   End verify ranking function

verifying time = 380.339 ms


Not Found Ranking Fcuntion

Conterexample is 

[0, 2]

sampling time = 1.043 ms


       ########################################         

iteration 7 with 30 examples

2019-05-02-11-03-07   >>>>   Start train ranking function

2019-05-02-11-03-07   >>>>   End train ranking function

train_ranking_functioning time = 0.335 ms


2019-05-02-11-03-07   >>>>   Start verify ranking function

[xr_0 = 0, xr_1 = 2]
ranking function : 0.191 *  x[0]^1.0 *  x[1]^-1.0 + 0.273 *  x[0]^2.0 *  x[1]^1.0 + 0.2786 *  x[0]^1.0 *  x[1]^3.0 - 0.1553 *  x[0]^-1.0 *  x[1]^0.5

2019-05-02-11-03-07   >>>>   End verify ranking function

verifying time = 30.466 ms


Not Found Ranking Fcuntion

Conterexample is 

[0, 2]

sampling time = 1.060 ms


       ########################################         

iteration 8 with 32 examples

2019-05-02-11-03-07   >>>>   Start train ranking function

2019-05-02-11-03-07   >>>>   End train ranking function

train_ranking_functioning time = 0.328 ms


2019-05-02-11-03-07   >>>>   Start verify ranking function

[xr_0 = 0, xr_1 = 2]
ranking function : 0.191 *  x[0]^1.0 *  x[1]^-1.0 + 0.273 *  x[0]^2.0 *  x[1]^1.0 + 0.2786 *  x[0]^1.0 *  x[1]^3.0 - 0.1553 *  x[0]^-1.0 *  x[1]^0.5

2019-05-02-11-03-07   >>>>   End verify ranking function

verifying time = 20.978 ms


Not Found Ranking Fcuntion

Conterexample is 

[0, 2]

sampling time = 1.064 ms


       ########################################         

iteration 9 with 34 examples

2019-05-02-11-03-07   >>>>   Start train ranking function

2019-05-02-11-03-07   >>>>   End train ranking function

train_ranking_functioning time = 0.327 ms


2019-05-02-11-03-07   >>>>   Start verify ranking function

[xr_0 = 0, xr_1 = 2]
ranking function : 0.191 *  x[0]^1.0 *  x[1]^-1.0 + 0.273 *  x[0]^2.0 *  x[1]^1.0 + 0.2787 *  x[0]^1.0 *  x[1]^3.0 - 0.1553 *  x[0]^-1.0 *  x[1]^0.5

2019-05-02-11-03-07   >>>>   End verify ranking function

verifying time = 357.243 ms


Not Found Ranking Fcuntion

Conterexample is 

[0, 2]

sampling time = 1.047 ms


Failed to prove it is terminated

UNKNOWN
------Using Template 2 -----------
9 [3, 3, 3]
*****************************************************

2019-05-02-11-03-07   >>>>   End sampling point

sampling time = 23.282 ms,


       ########################################         

iteration 0 with 32 examples

2019-05-02-11-03-07   >>>>   Start train ranking function

2019-05-02-11-03-07   >>>>   End train ranking function

train_ranking_functioning time = 0.376 ms


2019-05-02-11-03-07   >>>>   Start verify ranking function

[xr_0 = 1, xr_1 = 7]
ranking function :  - 0.0554 *  x[0]^1.0 + 0.6625 *  x[1]^1.0 + 0.341 * 1;  - 0.0992 *  x[0]^1.0 + 0.3942 *  x[1]^1.0 + 0.362 * 1;  - 0.0717 *  x[0]^1.0 + 0.391 *  x[1]^1.0 + 0.6667 * 1

2019-05-02-11-03-07   >>>>   End verify ranking function

verifying time = 12.942 ms


Not Found Ranking Fcuntion

Conterexample is 

[1, 7]

sampling time = 2.032 ms


       ########################################         

iteration 1 with 36 examples

2019-05-02-11-03-07   >>>>   Start train ranking function

2019-05-02-11-03-07   >>>>   End train ranking function

train_ranking_functioning time = 0.371 ms


2019-05-02-11-03-07   >>>>   Start verify ranking function

[xr_0 = 1, xr_1 = 8]
ranking function :  - 0.0448 *  x[0]^1.0 + 0.6546 *  x[1]^1.0 + 0.3666 * 1;  - 0.0503 *  x[0]^1.0 + 0.4006 *  x[1]^1.0 + 0.3745 * 1;  - 0.0411 *  x[0]^1.0 + 0.398 *  x[1]^1.0 + 0.6667 * 1

2019-05-02-11-03-07   >>>>   End verify ranking function

verifying time = 13.103 ms


Not Found Ranking Fcuntion

Conterexample is 

[1, 8]

sampling time = 2.053 ms


       ########################################         

iteration 2 with 40 examples

2019-05-02-11-03-07   >>>>   Start train ranking function

2019-05-02-11-03-07   >>>>   End train ranking function

train_ranking_functioning time = 0.412 ms


2019-05-02-11-03-07   >>>>   Start verify ranking function

[xr_0 = 1, xr_1 = 9]
ranking function :  - 0.0395 *  x[0]^1.0 + 0.6562 *  x[1]^1.0 + 0.3702 * 1;  - 0.0443 *  x[0]^1.0 + 0.4009 *  x[1]^1.0 + 0.3773 * 1;  - 0.0362 *  x[0]^1.0 + 0.3985 *  x[1]^1.0 + 0.6667 * 1

2019-05-02-11-03-07   >>>>   End verify ranking function

verifying time = 13.030 ms


Not Found Ranking Fcuntion

Conterexample is 

[1, 9]

sampling time = 2.008 ms


       ########################################         

iteration 3 with 44 examples

2019-05-02-11-03-07   >>>>   Start train ranking function

2019-05-02-11-03-07   >>>>   End train ranking function

train_ranking_functioning time = 0.410 ms


2019-05-02-11-03-07   >>>>   Start verify ranking function

[xr_0 = 1, xr_1 = 10]
ranking function :  - 0.0354 *  x[0]^1.0 + 0.6574 *  x[1]^1.0 + 0.3732 * 1;  - 0.0396 *  x[0]^1.0 + 0.4011 *  x[1]^1.0 + 0.3796 * 1;  - 0.0324 *  x[0]^1.0 + 0.3988 *  x[1]^1.0 + 0.6667 * 1

2019-05-02-11-03-07   >>>>   End verify ranking function

verifying time = 13.088 ms


Not Found Ranking Fcuntion

Conterexample is 

[1, 10]

sampling time = 2.069 ms


       ########################################         

iteration 4 with 48 examples

2019-05-02-11-03-07   >>>>   Start train ranking function

2019-05-02-11-03-07   >>>>   End train ranking function

train_ranking_functioning time = 0.462 ms


2019-05-02-11-03-07   >>>>   Start verify ranking function

[xr_0 = 1, xr_1 = 11]
ranking function :  - 0.032 *  x[0]^1.0 + 0.6584 *  x[1]^1.0 + 0.3756 * 1;  - 0.0358 *  x[0]^1.0 + 0.4012 *  x[1]^1.0 + 0.3815 * 1;  - 0.0293 *  x[0]^1.0 + 0.399 *  x[1]^1.0 + 0.6667 * 1

2019-05-02-11-03-07   >>>>   End verify ranking function

verifying time = 12.989 ms


Not Found Ranking Fcuntion

Conterexample is 

[1, 11]

sampling time = 2.027 ms


       ########################################         

iteration 5 with 52 examples

2019-05-02-11-03-07   >>>>   Start train ranking function

2019-05-02-11-03-07   >>>>   End train ranking function

train_ranking_functioning time = 0.687 ms


2019-05-02-11-03-07   >>>>   Start verify ranking function

[xr_0 = 1, xr_1 = 12]
ranking function :  - 0.0292 *  x[0]^1.0 + 0.6592 *  x[1]^1.0 + 0.3776 * 1;  - 0.0326 *  x[0]^1.0 + 0.4013 *  x[1]^1.0 + 0.383 * 1;  - 0.0267 *  x[0]^1.0 + 0.3991 *  x[1]^1.0 + 0.6667 * 1

2019-05-02-11-03-07   >>>>   End verify ranking function

verifying time = 13.817 ms


Not Found Ranking Fcuntion

Conterexample is 

[1, 12]

sampling time = 2.039 ms


       ########################################         

iteration 6 with 56 examples

2019-05-02-11-03-07   >>>>   Start train ranking function

2019-05-02-11-03-07   >>>>   End train ranking function

train_ranking_functioning time = 0.459 ms


2019-05-02-11-03-07   >>>>   Start verify ranking function

[xr_0 = 1, xr_1 = 13]
ranking function :  - 0.0269 *  x[0]^1.0 + 0.6598 *  x[1]^1.0 + 0.3793 * 1;  - 0.03 *  x[0]^1.0 + 0.4013 *  x[1]^1.0 + 0.3843 * 1;  - 0.0245 *  x[0]^1.0 + 0.3993 *  x[1]^1.0 + 0.6667 * 1

2019-05-02-11-03-07   >>>>   End verify ranking function

verifying time = 13.673 ms


Not Found Ranking Fcuntion

Conterexample is 

[1, 13]

sampling time = 2.149 ms


       ########################################         

iteration 7 with 60 examples

2019-05-02-11-03-07   >>>>   Start train ranking function

2019-05-02-11-03-07   >>>>   End train ranking function

train_ranking_functioning time = 0.527 ms


2019-05-02-11-03-07   >>>>   Start verify ranking function

[xr_0 = 1, xr_1 = 14]
ranking function :  - 0.0249 *  x[0]^1.0 + 0.6604 *  x[1]^1.0 + 0.3808 * 1;  - 0.0277 *  x[0]^1.0 + 0.4013 *  x[1]^1.0 + 0.3855 * 1;  - 0.0227 *  x[0]^1.0 + 0.3994 *  x[1]^1.0 + 0.6667 * 1

2019-05-02-11-03-07   >>>>   End verify ranking function

verifying time = 13.714 ms


Not Found Ranking Fcuntion

Conterexample is 

[1, 14]

sampling time = 2.105 ms


       ########################################         

iteration 8 with 64 examples

2019-05-02-11-03-07   >>>>   Start train ranking function

2019-05-02-11-03-07   >>>>   End train ranking function

train_ranking_functioning time = 0.565 ms


2019-05-02-11-03-07   >>>>   Start verify ranking function

[xr_0 = 1, xr_1 = 15]
ranking function :  - 0.0231 *  x[0]^1.0 + 0.6608 *  x[1]^1.0 + 0.3821 * 1;  - 0.0258 *  x[0]^1.0 + 0.4013 *  x[1]^1.0 + 0.3864 * 1;  - 0.0211 *  x[0]^1.0 + 0.3995 *  x[1]^1.0 + 0.6667 * 1

2019-05-02-11-03-07   >>>>   End verify ranking function

verifying time = 13.177 ms


Not Found Ranking Fcuntion

Conterexample is 

[1, 15]

sampling time = 2.009 ms


       ########################################         

iteration 9 with 68 examples

2019-05-02-11-03-07   >>>>   Start train ranking function

2019-05-02-11-03-07   >>>>   End train ranking function

train_ranking_functioning time = 0.624 ms


2019-05-02-11-03-07   >>>>   Start verify ranking function

[xr_0 = 1, xr_1 = 16]
ranking function :  - 0.0216 *  x[0]^1.0 + 0.6612 *  x[1]^1.0 + 0.3832 * 1;  - 0.0241 *  x[0]^1.0 + 0.4013 *  x[1]^1.0 + 0.3873 * 1;  - 0.0197 *  x[0]^1.0 + 0.3995 *  x[1]^1.0 + 0.6667 * 1

2019-05-02-11-03-07   >>>>   End verify ranking function

verifying time = 13.039 ms


Not Found Ranking Fcuntion

Conterexample is 

[1, 16]

sampling time = 2.070 ms


Failed to prove it is terminated

UNKNOWN
------Using Template 3 -----------
4 [2, 1, 1]
*****************************************************

2019-05-02-11-03-07   >>>>   End sampling point

sampling time = 16.350 ms,


       ########################################         

iteration 0 with 32 examples

2019-05-02-11-03-07   >>>>   Start train ranking function

2019-05-02-11-03-07   >>>>   End train ranking function

train_ranking_functioning time = 0.408 ms


2019-05-02-11-03-07   >>>>   Start verify ranking function

[xr_0 = 0, xr_1 = 2]
ranking function : 0.6406 *  x[1]^-1.0 + 0.2398 *  x[0]^-2.0 *  x[1]^1.0; 0.6667 *  x[0]^2.0 *  x[1]^-1.0;  - 0.2321 *  x[0]^1.0 *  x[1]^-1.0

2019-05-02-11-03-08   >>>>   End verify ranking function

verifying time = 631.547 ms


Not Found Ranking Fcuntion

Conterexample is 

[0, 2]

sampling time = 1.151 ms


       ########################################         

iteration 1 with 36 examples

2019-05-02-11-03-08   >>>>   Start train ranking function

2019-05-02-11-03-08   >>>>   End train ranking function

train_ranking_functioning time = 0.380 ms


2019-05-02-11-03-08   >>>>   Start verify ranking function

[xr_0 = 0, xr_1 = 2]
ranking function : 0.6485 *  x[1]^-1.0 + 0.2346 *  x[0]^-2.0 *  x[1]^1.0; 0.6667 *  x[0]^2.0 *  x[1]^-1.0;  - 0.2321 *  x[0]^1.0 *  x[1]^-1.0

2019-05-02-11-03-08   >>>>   End verify ranking function

verifying time = 591.950 ms


Not Found Ranking Fcuntion

Conterexample is 

[0, 2]

sampling time = 1.150 ms


       ########################################         

iteration 2 with 40 examples

2019-05-02-11-03-08   >>>>   Start train ranking function

2019-05-02-11-03-08   >>>>   End train ranking function

train_ranking_functioning time = 0.390 ms


2019-05-02-11-03-08   >>>>   Start verify ranking function

[xr_0 = 0, xr_1 = 2]
ranking function : 0.6526 *  x[1]^-1.0 + 0.2319 *  x[0]^-2.0 *  x[1]^1.0; 0.6667 *  x[0]^2.0 *  x[1]^-1.0;  - 0.2321 *  x[0]^1.0 *  x[1]^-1.0

2019-05-02-11-03-09   >>>>   End verify ranking function

verifying time = 612.271 ms


Not Found Ranking Fcuntion

Conterexample is 

[0, 2]

sampling time = 1.209 ms


       ########################################         

iteration 3 with 44 examples

2019-05-02-11-03-09   >>>>   Start train ranking function

2019-05-02-11-03-09   >>>>   End train ranking function

train_ranking_functioning time = 0.404 ms


2019-05-02-11-03-09   >>>>   Start verify ranking function

[xr_0 = 0, xr_1 = 2]
ranking function : 0.6551 *  x[1]^-1.0 + 0.2302 *  x[0]^-2.0 *  x[1]^1.0; 0.6667 *  x[0]^2.0 *  x[1]^-1.0;  - 0.2321 *  x[0]^1.0 *  x[1]^-1.0

2019-05-02-11-03-10   >>>>   End verify ranking function

verifying time = 617.636 ms


Not Found Ranking Fcuntion

Conterexample is 

[0, 2]

sampling time = 1.137 ms


       ########################################         

iteration 4 with 48 examples

2019-05-02-11-03-10   >>>>   Start train ranking function

2019-05-02-11-03-10   >>>>   End train ranking function

train_ranking_functioning time = 0.412 ms


2019-05-02-11-03-10   >>>>   Start verify ranking function

[xr_0 = 0, xr_1 = 2]
ranking function : 0.6569 *  x[1]^-1.0 + 0.229 *  x[0]^-2.0 *  x[1]^1.0; 0.6667 *  x[0]^2.0 *  x[1]^-1.0;  - 0.2321 *  x[0]^1.0 *  x[1]^-1.0

2019-05-02-11-03-10   >>>>   End verify ranking function

verifying time = 464.777 ms


Not Found Ranking Fcuntion

Conterexample is 

[0, 2]

sampling time = 1.185 ms


       ########################################         

iteration 5 with 52 examples

2019-05-02-11-03-10   >>>>   Start train ranking function

2019-05-02-11-03-10   >>>>   End train ranking function

train_ranking_functioning time = 0.404 ms


2019-05-02-11-03-10   >>>>   Start verify ranking function

[xr_0 = 0, xr_1 = 2]
ranking function : 0.6581 *  x[1]^-1.0 + 0.2282 *  x[0]^-2.0 *  x[1]^1.0; 0.6667 *  x[0]^2.0 *  x[1]^-1.0;  - 0.2321 *  x[0]^1.0 *  x[1]^-1.0

2019-05-02-11-03-11   >>>>   End verify ranking function

verifying time = 613.092 ms


Not Found Ranking Fcuntion

Conterexample is 

[0, 2]

sampling time = 1.140 ms


       ########################################         

iteration 6 with 56 examples

2019-05-02-11-03-11   >>>>   Start train ranking function

2019-05-02-11-03-11   >>>>   End train ranking function

train_ranking_functioning time = 0.424 ms


2019-05-02-11-03-11   >>>>   Start verify ranking function

[xr_0 = 0, xr_1 = 2]
ranking function : 0.6591 *  x[1]^-1.0 + 0.2276 *  x[0]^-2.0 *  x[1]^1.0; 0.6667 *  x[0]^2.0 *  x[1]^-1.0;  - 0.2321 *  x[0]^1.0 *  x[1]^-1.0

2019-05-02-11-03-11   >>>>   End verify ranking function

verifying time = 592.495 ms


Not Found Ranking Fcuntion

Conterexample is 

[0, 2]

sampling time = 1.133 ms


       ########################################         

iteration 7 with 60 examples

2019-05-02-11-03-11   >>>>   Start train ranking function

2019-05-02-11-03-11   >>>>   End train ranking function

train_ranking_functioning time = 0.424 ms


2019-05-02-11-03-11   >>>>   Start verify ranking function

[xr_0 = 0, xr_1 = 2]
ranking function : 0.6598 *  x[1]^-1.0 + 0.2271 *  x[0]^-2.0 *  x[1]^1.0; 0.6667 *  x[0]^2.0 *  x[1]^-1.0;  - 0.2321 *  x[0]^1.0 *  x[1]^-1.0

2019-05-02-11-03-12   >>>>   End verify ranking function

verifying time = 599.524 ms


Not Found Ranking Fcuntion

Conterexample is 

[0, 2]

sampling time = 1.215 ms


       ########################################         

iteration 8 with 64 examples

2019-05-02-11-03-12   >>>>   Start train ranking function

2019-05-02-11-03-12   >>>>   End train ranking function

train_ranking_functioning time = 0.424 ms


2019-05-02-11-03-12   >>>>   Start verify ranking function

[xr_0 = 0, xr_1 = 2]
ranking function : 0.6604 *  x[1]^-1.0 + 0.2267 *  x[0]^-2.0 *  x[1]^1.0; 0.6667 *  x[0]^2.0 *  x[1]^-1.0;  - 0.2321 *  x[0]^1.0 *  x[1]^-1.0

2019-05-02-11-03-13   >>>>   End verify ranking function

verifying time = 621.726 ms


Not Found Ranking Fcuntion

Conterexample is 

[0, 2]

sampling time = 1.182 ms


       ########################################         

iteration 9 with 68 examples

2019-05-02-11-03-13   >>>>   Start train ranking function

2019-05-02-11-03-13   >>>>   End train ranking function

train_ranking_functioning time = 0.433 ms


2019-05-02-11-03-13   >>>>   Start verify ranking function

[xr_0 = 0, xr_1 = 2]
ranking function : 0.6609 *  x[1]^-1.0 + 0.2264 *  x[0]^-2.0 *  x[1]^1.0; 0.6667 *  x[0]^2.0 *  x[1]^-1.0;  - 0.2321 *  x[0]^1.0 *  x[1]^-1.0

2019-05-02-11-03-13   >>>>   End verify ranking function

verifying time = 595.616 ms


Not Found Ranking Fcuntion

Conterexample is 

[0, 2]

sampling time = 1.159 ms


Failed to prove it is terminated

UNKNOWN
------Using Template 4 -----------
15 [3, 3, 3, 3, 3]
*****************************************************

2019-05-02-11-03-13   >>>>   End sampling point

sampling time = 34.065 ms,


       ########################################         

iteration 0 with 48 examples

2019-05-02-11-03-13   >>>>   Start train ranking function

2019-05-02-11-03-13   >>>>   End train ranking function

train_ranking_functioning time = 0.419 ms


2019-05-02-11-03-13   >>>>   Start verify ranking function

[xr_0 = 1, xr_1 = 7]
ranking function :  - 0.0554 *  x[0]^1.0 + 0.6625 *  x[1]^1.0 + 0.3415 * 1;  - 0.0992 *  x[0]^1.0 + 0.3935 *  x[1]^1.0 + 0.3508 * 1;  - 0.0734 *  x[0]^1.0 + 0.406 *  x[1]^1.0 + 0.3498 * 1;  - 0.0747 *  x[0]^1.0 + 0.4062 *  x[1]^1.0 + 0.3616 * 1;  - 0.0729 *  x[0]^1.0 + 0.3905 *  x[1]^1.0 + 0.6667 * 1

2019-05-02-11-03-13   >>>>   End verify ranking function

verifying time = 12.865 ms


Not Found Ranking Fcuntion

Conterexample is 

[1, 7]

sampling time = 3.354 ms


       ########################################         

iteration 1 with 54 examples

2019-05-02-11-03-13   >>>>   Start train ranking function

2019-05-02-11-03-13   >>>>   End train ranking function

train_ranking_functioning time = 0.412 ms


2019-05-02-11-03-13   >>>>   Start verify ranking function

[xr_0 = 1, xr_1 = 8]
ranking function :  - 0.0448 *  x[0]^1.0 + 0.6546 *  x[1]^1.0 + 0.3667 * 1;  - 0.0503 *  x[0]^1.0 + 0.4005 *  x[1]^1.0 + 0.3698 * 1;  - 0.0416 *  x[0]^1.0 + 0.4045 *  x[1]^1.0 + 0.3697 * 1;  - 0.0418 *  x[0]^1.0 + 0.4045 *  x[1]^1.0 + 0.3744 * 1;  - 0.0413 *  x[0]^1.0 + 0.398 *  x[1]^1.0 + 0.6667 * 1

2019-05-02-11-03-13   >>>>   End verify ranking function

verifying time = 13.044 ms


Not Found Ranking Fcuntion

Conterexample is 

[1, 8]

sampling time = 3.325 ms


       ########################################         

iteration 2 with 60 examples

2019-05-02-11-03-13   >>>>   Start train ranking function

2019-05-02-11-03-13   >>>>   End train ranking function

train_ranking_functioning time = 0.453 ms


2019-05-02-11-03-13   >>>>   Start verify ranking function

[xr_0 = 1, xr_1 = 9]
ranking function :  - 0.0395 *  x[0]^1.0 + 0.6562 *  x[1]^1.0 + 0.3703 * 1;  - 0.0443 *  x[0]^1.0 + 0.4008 *  x[1]^1.0 + 0.3731 * 1;  - 0.0366 *  x[0]^1.0 + 0.4043 *  x[1]^1.0 + 0.373 * 1;  - 0.0368 *  x[0]^1.0 + 0.4044 *  x[1]^1.0 + 0.3773 * 1;  - 0.0364 *  x[0]^1.0 + 0.3984 *  x[1]^1.0 + 0.6667 * 1

2019-05-02-11-03-13   >>>>   End verify ranking function

verifying time = 12.989 ms


Not Found Ranking Fcuntion

Conterexample is 

[1, 9]

sampling time = 3.329 ms


       ########################################         

iteration 3 with 66 examples

2019-05-02-11-03-13   >>>>   Start train ranking function

2019-05-02-11-03-13   >>>>   End train ranking function

train_ranking_functioning time = 0.483 ms


2019-05-02-11-03-13   >>>>   Start verify ranking function

[xr_0 = 1, xr_1 = 10]
ranking function :  - 0.0354 *  x[0]^1.0 + 0.6574 *  x[1]^1.0 + 0.3732 * 1;  - 0.0396 *  x[0]^1.0 + 0.401 *  x[1]^1.0 + 0.3758 * 1;  - 0.0327 *  x[0]^1.0 + 0.4041 *  x[1]^1.0 + 0.3757 * 1;  - 0.0328 *  x[0]^1.0 + 0.4042 *  x[1]^1.0 + 0.3796 * 1;  - 0.0325 *  x[0]^1.0 + 0.3987 *  x[1]^1.0 + 0.6667 * 1

2019-05-02-11-03-13   >>>>   End verify ranking function

verifying time = 13.040 ms


Not Found Ranking Fcuntion

Conterexample is 

[1, 10]

sampling time = 3.379 ms


       ########################################         

iteration 4 with 72 examples

2019-05-02-11-03-13   >>>>   Start train ranking function

2019-05-02-11-03-13   >>>>   End train ranking function

train_ranking_functioning time = 0.611 ms


2019-05-02-11-03-13   >>>>   Start verify ranking function

[xr_0 = 1, xr_1 = 11]
ranking function :  - 0.032 *  x[0]^1.0 + 0.6584 *  x[1]^1.0 + 0.3756 * 1;  - 0.0358 *  x[0]^1.0 + 0.4012 *  x[1]^1.0 + 0.378 * 1;  - 0.0295 *  x[0]^1.0 + 0.4039 *  x[1]^1.0 + 0.3779 * 1;  - 0.0296 *  x[0]^1.0 + 0.404 *  x[1]^1.0 + 0.3814 * 1;  - 0.0294 *  x[0]^1.0 + 0.3989 *  x[1]^1.0 + 0.6667 * 1

2019-05-02-11-03-13   >>>>   End verify ranking function

verifying time = 13.290 ms


Not Found Ranking Fcuntion

Conterexample is 

[1, 11]

sampling time = 3.350 ms


       ########################################         

iteration 5 with 78 examples

2019-05-02-11-03-13   >>>>   Start train ranking function

2019-05-02-11-03-13   >>>>   End train ranking function

train_ranking_functioning time = 0.559 ms


2019-05-02-11-03-13   >>>>   Start verify ranking function

[xr_0 = 1, xr_1 = 12]
ranking function :  - 0.0292 *  x[0]^1.0 + 0.6592 *  x[1]^1.0 + 0.3777 * 1;  - 0.0326 *  x[0]^1.0 + 0.4012 *  x[1]^1.0 + 0.3798 * 1;  - 0.0269 *  x[0]^1.0 + 0.4037 *  x[1]^1.0 + 0.3798 * 1;  - 0.027 *  x[0]^1.0 + 0.4038 *  x[1]^1.0 + 0.383 * 1;  - 0.0268 *  x[0]^1.0 + 0.3991 *  x[1]^1.0 + 0.6667 * 1

2019-05-02-11-03-13   >>>>   End verify ranking function

verifying time = 13.016 ms


Not Found Ranking Fcuntion

Conterexample is 

[1, 12]

sampling time = 3.363 ms


       ########################################         

iteration 6 with 84 examples

2019-05-02-11-03-13   >>>>   Start train ranking function

2019-05-02-11-03-13   >>>>   End train ranking function

train_ranking_functioning time = 0.659 ms


2019-05-02-11-03-13   >>>>   Start verify ranking function

[xr_0 = 1, xr_1 = 13]
ranking function :  - 0.0269 *  x[0]^1.0 + 0.6598 *  x[1]^1.0 + 0.3794 * 1;  - 0.03 *  x[0]^1.0 + 0.4013 *  x[1]^1.0 + 0.3814 * 1;  - 0.0247 *  x[0]^1.0 + 0.4035 *  x[1]^1.0 + 0.3813 * 1;  - 0.0248 *  x[0]^1.0 + 0.4036 *  x[1]^1.0 + 0.3843 * 1;  - 0.0246 *  x[0]^1.0 + 0.3993 *  x[1]^1.0 + 0.6667 * 1

2019-05-02-11-03-13   >>>>   End verify ranking function

verifying time = 13.087 ms


Not Found Ranking Fcuntion

Conterexample is 

[1, 13]

sampling time = 3.356 ms


       ########################################         

iteration 7 with 90 examples

2019-05-02-11-03-13   >>>>   Start train ranking function

2019-05-02-11-03-13   >>>>   End train ranking function

train_ranking_functioning time = 0.656 ms


2019-05-02-11-03-13   >>>>   Start verify ranking function

[xr_0 = 1, xr_1 = 14]
ranking function :  - 0.0249 *  x[0]^1.0 + 0.6604 *  x[1]^1.0 + 0.3808 * 1;  - 0.0277 *  x[0]^1.0 + 0.4013 *  x[1]^1.0 + 0.3827 * 1;  - 0.0228 *  x[0]^1.0 + 0.4034 *  x[1]^1.0 + 0.3827 * 1;  - 0.0229 *  x[0]^1.0 + 0.4034 *  x[1]^1.0 + 0.3855 * 1;  - 0.0227 *  x[0]^1.0 + 0.3994 *  x[1]^1.0 + 0.6667 * 1

2019-05-02-11-03-13   >>>>   End verify ranking function

verifying time = 13.021 ms


Not Found Ranking Fcuntion

Conterexample is 

[1, 14]

sampling time = 3.729 ms


       ########################################         

iteration 8 with 96 examples

2019-05-02-11-03-13   >>>>   Start train ranking function

2019-05-02-11-03-13   >>>>   End train ranking function

train_ranking_functioning time = 0.775 ms


2019-05-02-11-03-13   >>>>   Start verify ranking function

[xr_0 = 1, xr_1 = 15]
ranking function :  - 0.0231 *  x[0]^1.0 + 0.6608 *  x[1]^1.0 + 0.3821 * 1;  - 0.0258 *  x[0]^1.0 + 0.4013 *  x[1]^1.0 + 0.3839 * 1;  - 0.0212 *  x[0]^1.0 + 0.4032 *  x[1]^1.0 + 0.3838 * 1;  - 0.0213 *  x[0]^1.0 + 0.4032 *  x[1]^1.0 + 0.3864 * 1;  - 0.0211 *  x[0]^1.0 + 0.3994 *  x[1]^1.0 + 0.6667 * 1

2019-05-02-11-03-13   >>>>   End verify ranking function

verifying time = 14.176 ms


Not Found Ranking Fcuntion

Conterexample is 

[1, 15]

sampling time = 3.471 ms


       ########################################         

iteration 9 with 102 examples

2019-05-02-11-03-13   >>>>   Start train ranking function

2019-05-02-11-03-13   >>>>   End train ranking function

train_ranking_functioning time = 0.886 ms


2019-05-02-11-03-13   >>>>   Start verify ranking function

[xr_0 = 1, xr_1 = 16]
ranking function :  - 0.0216 *  x[0]^1.0 + 0.6612 *  x[1]^1.0 + 0.3832 * 1;  - 0.0241 *  x[0]^1.0 + 0.4012 *  x[1]^1.0 + 0.3849 * 1;  - 0.0198 *  x[0]^1.0 + 0.4031 *  x[1]^1.0 + 0.3848 * 1;  - 0.0199 *  x[0]^1.0 + 0.4031 *  x[1]^1.0 + 0.3873 * 1;  - 0.0198 *  x[0]^1.0 + 0.3995 *  x[1]^1.0 + 0.6667 * 1

2019-05-02-11-03-13   >>>>   End verify ranking function

verifying time = 13.485 ms


Not Found Ranking Fcuntion

Conterexample is 

[1, 16]

sampling time = 3.395 ms


Failed to prove it is terminated

UNKNOWN
------Using Template 5 -----------
17 [4, 4, 3, 4, 2]
*****************************************************

2019-05-02-11-03-13   >>>>   End sampling point

sampling time = 41.536 ms,


       ########################################         

iteration 0 with 48 examples

2019-05-02-11-03-13   >>>>   Start train ranking function

2019-05-02-11-03-13   >>>>   End train ranking function

train_ranking_functioning time = 0.630 ms


2019-05-02-11-03-13   >>>>   Start verify ranking function

[xr_0 = 0, xr_1 = 2]
ranking function : 0.2857 *  x[0]^0.5 *  x[1]^-3.0 - 0.2857 *  x[0]^2.0 *  x[1]^0.5 + 0.3203 * 1 + 0.2857 *  x[0]^-2.0 *  x[1]^1.0; 0.3203 *  x[0]^-0.5 *  x[1]^3.0 + 0.1231 *  x[0]^1.0 - 0.2053 *  x[0]^-3.0 *  x[1]^2.0 + 0.1725 *  x[0]^-1.0 *  x[1]^3.0;  - 0.1757 *  x[0]^-1.0 *  x[1]^2.0 + 0.4858 *  x[1]^3.0 + 0.2303 *  x[0]^-2.0 *  x[1]^3.0;  - 0.2986 *  x[0]^0.5 + 0.2693 *  x[0]^-1.0 *  x[1]^-3.0 - 0.2937 *  x[0]^-0.5 *  x[1]^2.0; 1.399 *  x[1]^-1.0 - 0.0043 *  x[0]^2.0 *  x[1]^0.5

2019-05-02-11-03-25   >>>>   End verify ranking function

verifying time = 11458.385 ms


Not Found Ranking Fcuntion

Conterexample is 

[0, 2]

sampling time = 4.223 ms


       ########################################         

iteration 1 with 54 examples

2019-05-02-11-03-25   >>>>   Start train ranking function

2019-05-02-11-03-25   >>>>   End train ranking function

train_ranking_functioning time = 0.492 ms


2019-05-02-11-03-25   >>>>   Start verify ranking function

[xr_0 = 0, xr_1 = 2]
ranking function : 0.2857 *  x[0]^0.5 *  x[1]^-3.0 - 0.2857 *  x[0]^2.0 *  x[1]^0.5 + 0.3203 * 1 + 0.2857 *  x[0]^-2.0 *  x[1]^1.0; 0.3203 *  x[0]^-0.5 *  x[1]^3.0 + 0.1231 *  x[0]^1.0 - 0.2053 *  x[0]^-3.0 *  x[1]^2.0 + 0.1725 *  x[0]^-1.0 *  x[1]^3.0;  - 0.1756 *  x[0]^-1.0 *  x[1]^2.0 + 0.4857 *  x[1]^3.0 + 0.2303 *  x[0]^-2.0 *  x[1]^3.0;  - 0.2984 *  x[0]^0.5 + 0.2693 *  x[0]^-1.0 *  x[1]^-3.0 - 0.294 *  x[0]^-0.5 *  x[1]^2.0; 1.4735 *  x[1]^-1.0 - 0.004 *  x[0]^2.0 *  x[1]^0.5

2019-05-02-11-03-54   >>>>   End verify ranking function

verifying time = 28968.862 ms


Not Found Ranking Fcuntion

Conterexample is 

[0, 2]

sampling time = 4.165 ms


       ########################################         

iteration 2 with 60 examples

2019-05-02-11-03-54   >>>>   Start train ranking function

2019-05-02-11-03-54   >>>>   End train ranking function

train_ranking_functioning time = 0.679 ms


2019-05-02-11-03-54   >>>>   Start verify ranking function

[xr_0 = 0, xr_1 = 2]
ranking function : 0.2857 *  x[0]^0.5 *  x[1]^-3.0 - 0.2857 *  x[0]^2.0 *  x[1]^0.5 + 0.3203 * 1 + 0.2857 *  x[0]^-2.0 *  x[1]^1.0; 0.3203 *  x[0]^-0.5 *  x[1]^3.0 + 0.1231 *  x[0]^1.0 - 0.2053 *  x[0]^-3.0 *  x[1]^2.0 + 0.1725 *  x[0]^-1.0 *  x[1]^3.0;  - 0.1756 *  x[0]^-1.0 *  x[1]^2.0 + 0.4857 *  x[1]^3.0 + 0.2303 *  x[0]^-2.0 *  x[1]^3.0;  - 0.2983 *  x[0]^0.5 + 0.2692 *  x[0]^-1.0 *  x[1]^-3.0 - 0.2942 *  x[0]^-0.5 *  x[1]^2.0; 1.5393 *  x[1]^-1.0 - 0.0037 *  x[0]^2.0 *  x[1]^0.5

2019-05-02-11-04-12   >>>>   End verify ranking function

verifying time = 17891.450 ms


Not Found Ranking Fcuntion

Conterexample is 

[0, 2]

sampling time = 4.262 ms


       ########################################         

iteration 3 with 66 examples

2019-05-02-11-04-12   >>>>   Start train ranking function

2019-05-02-11-04-12   >>>>   End train ranking function

train_ranking_functioning time = 0.751 ms


2019-05-02-11-04-12   >>>>   Start verify ranking function

[xr_0 = 0, xr_1 = 2]
ranking function : 0.2857 *  x[0]^0.5 *  x[1]^-3.0 - 0.2857 *  x[0]^2.0 *  x[1]^0.5 + 0.3203 * 1 + 0.2857 *  x[0]^-2.0 *  x[1]^1.0; 0.3203 *  x[0]^-0.5 *  x[1]^3.0 + 0.1231 *  x[0]^1.0 - 0.2053 *  x[0]^-3.0 *  x[1]^2.0 + 0.1725 *  x[0]^-1.0 *  x[1]^3.0;  - 0.1756 *  x[0]^-1.0 *  x[1]^2.0 + 0.4857 *  x[1]^3.0 + 0.2303 *  x[0]^-2.0 *  x[1]^3.0;  - 0.2981 *  x[0]^0.5 + 0.2692 *  x[0]^-1.0 *  x[1]^-3.0 - 0.2944 *  x[0]^-0.5 *  x[1]^2.0; 1.5949 *  x[1]^-1.0 - 0.0035 *  x[0]^2.0 *  x[1]^0.5

2019-05-02-11-04-19   >>>>   End verify ranking function

verifying time = 7024.444 ms


Not Found Ranking Fcuntion

Conterexample is 

[0, 2]

sampling time = 4.284 ms


       ########################################         

iteration 4 with 72 examples

2019-05-02-11-04-19   >>>>   Start train ranking function

2019-05-02-11-04-19   >>>>   End train ranking function

train_ranking_functioning time = 0.776 ms


2019-05-02-11-04-19   >>>>   Start verify ranking function

[xr_0 = 0, xr_1 = 2]
ranking function : 0.2857 *  x[0]^0.5 *  x[1]^-3.0 - 0.2857 *  x[0]^2.0 *  x[1]^0.5 + 0.3203 * 1 + 0.2857 *  x[0]^-2.0 *  x[1]^1.0; 0.3203 *  x[0]^-0.5 *  x[1]^3.0 + 0.1231 *  x[0]^1.0 - 0.2053 *  x[0]^-3.0 *  x[1]^2.0 + 0.1725 *  x[0]^-1.0 *  x[1]^3.0;  - 0.1756 *  x[0]^-1.0 *  x[1]^2.0 + 0.4857 *  x[1]^3.0 + 0.2304 *  x[0]^-2.0 *  x[1]^3.0;  - 0.298 *  x[0]^0.5 + 0.2691 *  x[0]^-1.0 *  x[1]^-3.0 - 0.2946 *  x[0]^-0.5 *  x[1]^2.0; 1.6385 *  x[1]^-1.0 - 0.0033 *  x[0]^2.0 *  x[1]^0.5

2019-05-02-11-04-39   >>>>   End verify ranking function

verifying time = 19927.806 ms


Not Found Ranking Fcuntion

Conterexample is 

[0, 2]

sampling time = 4.167 ms


       ########################################         

iteration 5 with 78 examples

2019-05-02-11-04-39   >>>>   Start train ranking function

2019-05-02-11-04-39   >>>>   End train ranking function

train_ranking_functioning time = 0.722 ms


2019-05-02-11-04-39   >>>>   Start verify ranking function

[xr_0 = 0, xr_1 = 2]
ranking function : 0.2857 *  x[0]^0.5 *  x[1]^-3.0 - 0.2857 *  x[0]^2.0 *  x[1]^0.5 + 0.3203 * 1 + 0.2857 *  x[0]^-2.0 *  x[1]^1.0; 0.3203 *  x[0]^-0.5 *  x[1]^3.0 + 0.1231 *  x[0]^1.0 - 0.2053 *  x[0]^-3.0 *  x[1]^2.0 + 0.1725 *  x[0]^-1.0 *  x[1]^3.0;  - 0.1756 *  x[0]^-1.0 *  x[1]^2.0 + 0.4857 *  x[1]^3.0 + 0.2304 *  x[0]^-2.0 *  x[1]^3.0;  - 0.298 *  x[0]^0.5 + 0.2691 *  x[0]^-1.0 *  x[1]^-3.0 - 0.2947 *  x[0]^-0.5 *  x[1]^2.0; 1.6736 *  x[1]^-1.0 - 0.0032 *  x[0]^2.0 *  x[1]^0.5

2019-05-02-11-04-44   >>>>   End verify ranking function

verifying time = 5070.673 ms


Not Found Ranking Fcuntion

Conterexample is 

[0, 2]

sampling time = 4.211 ms


       ########################################         

iteration 6 with 84 examples

2019-05-02-11-04-44   >>>>   Start train ranking function

2019-05-02-11-04-44   >>>>   End train ranking function

train_ranking_functioning time = 1.153 ms


2019-05-02-11-04-44   >>>>   Start verify ranking function

[xr_0 = 0, xr_1 = 2]
ranking function : 0.2857 *  x[0]^0.5 *  x[1]^-3.0 - 0.2857 *  x[0]^2.0 *  x[1]^0.5 + 0.3203 * 1 + 0.2857 *  x[0]^-2.0 *  x[1]^1.0; 0.3203 *  x[0]^-0.5 *  x[1]^3.0 + 0.1231 *  x[0]^1.0 - 0.2053 *  x[0]^-3.0 *  x[1]^2.0 + 0.1725 *  x[0]^-1.0 *  x[1]^3.0;  - 0.1756 *  x[0]^-1.0 *  x[1]^2.0 + 0.4857 *  x[1]^3.0 + 0.2304 *  x[0]^-2.0 *  x[1]^3.0;  - 0.2979 *  x[0]^0.5 + 0.2691 *  x[0]^-1.0 *  x[1]^-3.0 - 0.2948 *  x[0]^-0.5 *  x[1]^2.0; 1.7026 *  x[1]^-1.0 - 0.003 *  x[0]^2.0 *  x[1]^0.5

2019-05-02-11-04-50   >>>>   End verify ranking function

verifying time = 5692.945 ms


Not Found Ranking Fcuntion

Conterexample is 

[0, 2]

sampling time = 4.217 ms


       ########################################         

iteration 7 with 90 examples

2019-05-02-11-04-50   >>>>   Start train ranking function

2019-05-02-11-04-50   >>>>   End train ranking function

train_ranking_functioning time = 1.188 ms


2019-05-02-11-04-50   >>>>   Start verify ranking function

[xr_0 = 0, xr_1 = 2]
ranking function : 0.2857 *  x[0]^0.5 *  x[1]^-3.0 - 0.2857 *  x[0]^2.0 *  x[1]^0.5 + 0.3203 * 1 + 0.2857 *  x[0]^-2.0 *  x[1]^1.0; 0.3203 *  x[0]^-0.5 *  x[1]^3.0 + 0.1231 *  x[0]^1.0 - 0.2053 *  x[0]^-3.0 *  x[1]^2.0 + 0.1725 *  x[0]^-1.0 *  x[1]^3.0;  - 0.1756 *  x[0]^-1.0 *  x[1]^2.0 + 0.4856 *  x[1]^3.0 + 0.2304 *  x[0]^-2.0 *  x[1]^3.0;  - 0.2978 *  x[0]^0.5 + 0.269 *  x[0]^-1.0 *  x[1]^-3.0 - 0.295 *  x[0]^-0.5 *  x[1]^2.0; 1.7267 *  x[1]^-1.0 - 0.0029 *  x[0]^2.0 *  x[1]^0.5

2019-05-02-11-05-08   >>>>   End verify ranking function

verifying time = 18858.865 ms


Not Found Ranking Fcuntion

Conterexample is 

[0, 2]

sampling time = 4.212 ms


       ########################################         

iteration 8 with 96 examples

2019-05-02-11-05-08   >>>>   Start train ranking function

2019-05-02-11-05-08   >>>>   End train ranking function

train_ranking_functioning time = 1.221 ms


2019-05-02-11-05-08   >>>>   Start verify ranking function

[xr_0 = 0, xr_1 = 2]
ranking function : 0.2857 *  x[0]^0.5 *  x[1]^-3.0 - 0.2857 *  x[0]^2.0 *  x[1]^0.5 + 0.3203 * 1 + 0.2857 *  x[0]^-2.0 *  x[1]^1.0; 0.3203 *  x[0]^-0.5 *  x[1]^3.0 + 0.1231 *  x[0]^1.0 - 0.2053 *  x[0]^-3.0 *  x[1]^2.0 + 0.1725 *  x[0]^-1.0 *  x[1]^3.0;  - 0.1756 *  x[0]^-1.0 *  x[1]^2.0 + 0.4856 *  x[1]^3.0 + 0.2304 *  x[0]^-2.0 *  x[1]^3.0;  - 0.2977 *  x[0]^0.5 + 0.2689 *  x[0]^-1.0 *  x[1]^-3.0 - 0.2953 *  x[0]^-0.5 *  x[1]^2.0; 1.7473 *  x[1]^-1.0 - 0.0028 *  x[0]^2.0 *  x[1]^0.5

2019-05-02-11-05-13   >>>>   End verify ranking function

verifying time = 4626.836 ms


Not Found Ranking Fcuntion

Conterexample is 

[0, 2]

sampling time = 4.241 ms


       ########################################         

iteration 9 with 102 examples

2019-05-02-11-05-13   >>>>   Start train ranking function

2019-05-02-11-05-13   >>>>   End train ranking function

train_ranking_functioning time = 1.297 ms


2019-05-02-11-05-13   >>>>   Start verify ranking function

[xr_0 = 0, xr_1 = 2]
ranking function : 0.2857 *  x[0]^0.5 *  x[1]^-3.0 - 0.2857 *  x[0]^2.0 *  x[1]^0.5 + 0.3203 * 1 + 0.2857 *  x[0]^-2.0 *  x[1]^1.0; 0.3203 *  x[0]^-0.5 *  x[1]^3.0 + 0.1231 *  x[0]^1.0 - 0.2053 *  x[0]^-3.0 *  x[1]^2.0 + 0.1725 *  x[0]^-1.0 *  x[1]^3.0;  - 0.1756 *  x[0]^-1.0 *  x[1]^2.0 + 0.4856 *  x[1]^3.0 + 0.2304 *  x[0]^-2.0 *  x[1]^3.0;  - 0.2977 *  x[0]^0.5 + 0.2689 *  x[0]^-1.0 *  x[1]^-3.0 - 0.2953 *  x[0]^-0.5 *  x[1]^2.0; 1.765 *  x[1]^-1.0 - 0.0028 *  x[0]^2.0 *  x[1]^0.5

2019-05-02-11-05-22   >>>>   End verify ranking function

verifying time = 8472.920 ms


Not Found Ranking Fcuntion

Conterexample is 

[0, 2]

sampling time = 4.224 ms


Failed to prove it is terminated

UNKNOWN
------Using Template 6 -----------
21 [3, 3, 3, 3, 3, 3, 3]
*****************************************************

2019-05-02-11-05-22   >>>>   End sampling point

sampling time = 44.891 ms,


       ########################################         

iteration 0 with 64 examples

2019-05-02-11-05-22   >>>>   Start train ranking function

2019-05-02-11-05-22   >>>>   End train ranking function

train_ranking_functioning time = 0.509 ms


2019-05-02-11-05-22   >>>>   Start verify ranking function

[xr_0 = 1, xr_1 = 7]
ranking function :  - 0.0554 *  x[0]^1.0 + 0.6625 *  x[1]^1.0 + 0.3415 * 1;  - 0.0992 *  x[0]^1.0 + 0.3935 *  x[1]^1.0 + 0.3507 * 1;  - 0.0734 *  x[0]^1.0 + 0.4061 *  x[1]^1.0 + 0.3503 * 1;  - 0.0746 *  x[0]^1.0 + 0.4055 *  x[1]^1.0 + 0.3504 * 1;  - 0.0745 *  x[0]^1.0 + 0.4055 *  x[1]^1.0 + 0.3498 * 1;  - 0.0746 *  x[0]^1.0 + 0.4062 *  x[1]^1.0 + 0.3616 * 1;  - 0.0729 *  x[0]^1.0 + 0.3905 *  x[1]^1.0 + 0.6667 * 1

2019-05-02-11-05-22   >>>>   End verify ranking function

verifying time = 13.203 ms


Not Found Ranking Fcuntion

Conterexample is 

[1, 7]

sampling time = 4.683 ms


       ########################################         

iteration 1 with 72 examples

2019-05-02-11-05-22   >>>>   Start train ranking function

2019-05-02-11-05-22   >>>>   End train ranking function

train_ranking_functioning time = 0.494 ms


2019-05-02-11-05-22   >>>>   Start verify ranking function

[xr_0 = 1, xr_1 = 8]
ranking function :  - 0.0448 *  x[0]^1.0 + 0.6546 *  x[1]^1.0 + 0.3667 * 1;  - 0.0503 *  x[0]^1.0 + 0.4005 *  x[1]^1.0 + 0.3698 * 1;  - 0.0416 *  x[0]^1.0 + 0.4045 *  x[1]^1.0 + 0.3698 * 1;  - 0.0418 *  x[0]^1.0 + 0.4044 *  x[1]^1.0 + 0.3698 * 1;  - 0.0418 *  x[0]^1.0 + 0.4044 *  x[1]^1.0 + 0.3697 * 1;  - 0.0418 *  x[0]^1.0 + 0.4045 *  x[1]^1.0 + 0.3744 * 1;  - 0.0413 *  x[0]^1.0 + 0.398 *  x[1]^1.0 + 0.6667 * 1

2019-05-02-11-05-22   >>>>   End verify ranking function

verifying time = 13.188 ms


Not Found Ranking Fcuntion

Conterexample is 

[1, 8]

sampling time = 4.712 ms


       ########################################         

iteration 2 with 80 examples

2019-05-02-11-05-22   >>>>   Start train ranking function

2019-05-02-11-05-22   >>>>   End train ranking function

train_ranking_functioning time = 0.552 ms


2019-05-02-11-05-22   >>>>   Start verify ranking function

[xr_0 = 1, xr_1 = 9]
ranking function :  - 0.0395 *  x[0]^1.0 + 0.6562 *  x[1]^1.0 + 0.3703 * 1;  - 0.0443 *  x[0]^1.0 + 0.4008 *  x[1]^1.0 + 0.3731 * 1;  - 0.0366 *  x[0]^1.0 + 0.4043 *  x[1]^1.0 + 0.3731 * 1;  - 0.0367 *  x[0]^1.0 + 0.4043 *  x[1]^1.0 + 0.3731 * 1;  - 0.0367 *  x[0]^1.0 + 0.4043 *  x[1]^1.0 + 0.373 * 1;  - 0.0368 *  x[0]^1.0 + 0.4044 *  x[1]^1.0 + 0.3773 * 1;  - 0.0364 *  x[0]^1.0 + 0.3984 *  x[1]^1.0 + 0.6667 * 1

2019-05-02-11-05-22   >>>>   End verify ranking function

verifying time = 13.216 ms


Not Found Ranking Fcuntion

Conterexample is 

[1, 9]

sampling time = 4.723 ms


       ########################################         

iteration 3 with 88 examples

2019-05-02-11-05-22   >>>>   Start train ranking function

2019-05-02-11-05-22   >>>>   End train ranking function

train_ranking_functioning time = 0.619 ms


2019-05-02-11-05-22   >>>>   Start verify ranking function

[xr_0 = 1, xr_1 = 10]
ranking function :  - 0.0354 *  x[0]^1.0 + 0.6574 *  x[1]^1.0 + 0.3732 * 1;  - 0.0396 *  x[0]^1.0 + 0.401 *  x[1]^1.0 + 0.3758 * 1;  - 0.0327 *  x[0]^1.0 + 0.4041 *  x[1]^1.0 + 0.3758 * 1;  - 0.0328 *  x[0]^1.0 + 0.4041 *  x[1]^1.0 + 0.3758 * 1;  - 0.0328 *  x[0]^1.0 + 0.4041 *  x[1]^1.0 + 0.3757 * 1;  - 0.0328 *  x[0]^1.0 + 0.4042 *  x[1]^1.0 + 0.3796 * 1;  - 0.0325 *  x[0]^1.0 + 0.3987 *  x[1]^1.0 + 0.6667 * 1

2019-05-02-11-05-22   >>>>   End verify ranking function

verifying time = 13.223 ms


Not Found Ranking Fcuntion

Conterexample is 

[1, 10]

sampling time = 4.716 ms


       ########################################         

iteration 4 with 96 examples

2019-05-02-11-05-22   >>>>   Start train ranking function

2019-05-02-11-05-22   >>>>   End train ranking function

train_ranking_functioning time = 0.607 ms


2019-05-02-11-05-22   >>>>   Start verify ranking function

[xr_0 = 1, xr_1 = 11]
ranking function :  - 0.032 *  x[0]^1.0 + 0.6584 *  x[1]^1.0 + 0.3756 * 1;  - 0.0358 *  x[0]^1.0 + 0.4012 *  x[1]^1.0 + 0.378 * 1;  - 0.0295 *  x[0]^1.0 + 0.4039 *  x[1]^1.0 + 0.378 * 1;  - 0.0296 *  x[0]^1.0 + 0.4039 *  x[1]^1.0 + 0.378 * 1;  - 0.0296 *  x[0]^1.0 + 0.4039 *  x[1]^1.0 + 0.3779 * 1;  - 0.0296 *  x[0]^1.0 + 0.404 *  x[1]^1.0 + 0.3814 * 1;  - 0.0294 *  x[0]^1.0 + 0.3989 *  x[1]^1.0 + 0.6667 * 1

2019-05-02-11-05-22   >>>>   End verify ranking function

verifying time = 13.312 ms


Not Found Ranking Fcuntion

Conterexample is 

[1, 11]

sampling time = 5.142 ms


       ########################################         

iteration 5 with 104 examples

2019-05-02-11-05-22   >>>>   Start train ranking function

2019-05-02-11-05-22   >>>>   End train ranking function

train_ranking_functioning time = 0.791 ms


2019-05-02-11-05-22   >>>>   Start verify ranking function

[xr_0 = 1, xr_1 = 12]
ranking function :  - 0.0292 *  x[0]^1.0 + 0.6592 *  x[1]^1.0 + 0.3777 * 1;  - 0.0326 *  x[0]^1.0 + 0.4012 *  x[1]^1.0 + 0.3798 * 1;  - 0.0269 *  x[0]^1.0 + 0.4037 *  x[1]^1.0 + 0.3798 * 1;  - 0.027 *  x[0]^1.0 + 0.4037 *  x[1]^1.0 + 0.3798 * 1;  - 0.027 *  x[0]^1.0 + 0.4037 *  x[1]^1.0 + 0.3798 * 1;  - 0.027 *  x[0]^1.0 + 0.4038 *  x[1]^1.0 + 0.383 * 1;  - 0.0268 *  x[0]^1.0 + 0.3991 *  x[1]^1.0 + 0.6667 * 1

2019-05-02-11-05-22   >>>>   End verify ranking function

verifying time = 14.475 ms


Not Found Ranking Fcuntion

Conterexample is 

[1, 12]

sampling time = 5.148 ms


       ########################################         

iteration 6 with 112 examples

2019-05-02-11-05-22   >>>>   Start train ranking function

2019-05-02-11-05-22   >>>>   End train ranking function

train_ranking_functioning time = 0.808 ms


2019-05-02-11-05-22   >>>>   Start verify ranking function

[xr_0 = 1, xr_1 = 13]
ranking function :  - 0.0269 *  x[0]^1.0 + 0.6598 *  x[1]^1.0 + 0.3794 * 1;  - 0.03 *  x[0]^1.0 + 0.4013 *  x[1]^1.0 + 0.3814 * 1;  - 0.0247 *  x[0]^1.0 + 0.4035 *  x[1]^1.0 + 0.3813 * 1;  - 0.0248 *  x[0]^1.0 + 0.4035 *  x[1]^1.0 + 0.3814 * 1;  - 0.0248 *  x[0]^1.0 + 0.4035 *  x[1]^1.0 + 0.3813 * 1;  - 0.0248 *  x[0]^1.0 + 0.4036 *  x[1]^1.0 + 0.3843 * 1;  - 0.0246 *  x[0]^1.0 + 0.3993 *  x[1]^1.0 + 0.6667 * 1

2019-05-02-11-05-22   >>>>   End verify ranking function

verifying time = 13.319 ms


Not Found Ranking Fcuntion

Conterexample is 

[1, 13]

sampling time = 4.724 ms


       ########################################         

iteration 7 with 120 examples

2019-05-02-11-05-22   >>>>   Start train ranking function

2019-05-02-11-05-22   >>>>   End train ranking function

train_ranking_functioning time = 0.867 ms


2019-05-02-11-05-22   >>>>   Start verify ranking function

[xr_0 = 1, xr_1 = 14]
ranking function :  - 0.0249 *  x[0]^1.0 + 0.6604 *  x[1]^1.0 + 0.3808 * 1;  - 0.0277 *  x[0]^1.0 + 0.4013 *  x[1]^1.0 + 0.3827 * 1;  - 0.0228 *  x[0]^1.0 + 0.4034 *  x[1]^1.0 + 0.3827 * 1;  - 0.0229 *  x[0]^1.0 + 0.4034 *  x[1]^1.0 + 0.3827 * 1;  - 0.0229 *  x[0]^1.0 + 0.4034 *  x[1]^1.0 + 0.3827 * 1;  - 0.0229 *  x[0]^1.0 + 0.4034 *  x[1]^1.0 + 0.3855 * 1;  - 0.0227 *  x[0]^1.0 + 0.3994 *  x[1]^1.0 + 0.6667 * 1

2019-05-02-11-05-22   >>>>   End verify ranking function

verifying time = 13.284 ms


Not Found Ranking Fcuntion

Conterexample is 

[1, 14]

sampling time = 4.734 ms


       ########################################         

iteration 8 with 128 examples

2019-05-02-11-05-22   >>>>   Start train ranking function

2019-05-02-11-05-22   >>>>   End train ranking function

train_ranking_functioning time = 0.952 ms


2019-05-02-11-05-22   >>>>   Start verify ranking function

[xr_0 = 1, xr_1 = 15]
ranking function :  - 0.0231 *  x[0]^1.0 + 0.6608 *  x[1]^1.0 + 0.3821 * 1;  - 0.0258 *  x[0]^1.0 + 0.4013 *  x[1]^1.0 + 0.3839 * 1;  - 0.0212 *  x[0]^1.0 + 0.4032 *  x[1]^1.0 + 0.3838 * 1;  - 0.0213 *  x[0]^1.0 + 0.4032 *  x[1]^1.0 + 0.3838 * 1;  - 0.0213 *  x[0]^1.0 + 0.4032 *  x[1]^1.0 + 0.3838 * 1;  - 0.0213 *  x[0]^1.0 + 0.4032 *  x[1]^1.0 + 0.3864 * 1;  - 0.0211 *  x[0]^1.0 + 0.3994 *  x[1]^1.0 + 0.6667 * 1

2019-05-02-11-05-22   >>>>   End verify ranking function

verifying time = 13.308 ms


Not Found Ranking Fcuntion

Conterexample is 

[1, 15]

sampling time = 4.724 ms


       ########################################         

iteration 9 with 136 examples

2019-05-02-11-05-22   >>>>   Start train ranking function

2019-05-02-11-05-22   >>>>   End train ranking function

train_ranking_functioning time = 1.003 ms


2019-05-02-11-05-22   >>>>   Start verify ranking function

[xr_0 = 1, xr_1 = 16]
ranking function :  - 0.0216 *  x[0]^1.0 + 0.6612 *  x[1]^1.0 + 0.3832 * 1;  - 0.0241 *  x[0]^1.0 + 0.4012 *  x[1]^1.0 + 0.3849 * 1;  - 0.0198 *  x[0]^1.0 + 0.4031 *  x[1]^1.0 + 0.3849 * 1;  - 0.0199 *  x[0]^1.0 + 0.403 *  x[1]^1.0 + 0.3849 * 1;  - 0.0199 *  x[0]^1.0 + 0.403 *  x[1]^1.0 + 0.3848 * 1;  - 0.0199 *  x[0]^1.0 + 0.4031 *  x[1]^1.0 + 0.3873 * 1;  - 0.0198 *  x[0]^1.0 + 0.3995 *  x[1]^1.0 + 0.6667 * 1

2019-05-02-11-05-22   >>>>   End verify ranking function

verifying time = 13.419 ms


Not Found Ranking Fcuntion

Conterexample is 

[1, 16]

sampling time = 4.766 ms


Failed to prove it is terminated

UNKNOWN
------Using Template 7 -----------
18 [2, 4, 4, 2, 1, 3, 2]
*****************************************************

2019-05-02-11-05-22   >>>>   End sampling point

sampling time = 45.559 ms,


       ########################################         

iteration 0 with 64 examples

2019-05-02-11-05-22   >>>>   Start train ranking function

2019-05-02-11-05-22   >>>>   End train ranking function

train_ranking_functioning time = 1.295 ms


2019-05-02-11-05-22   >>>>   Start verify ranking function

[xr_0 = 0, xr_1 = 2]
ranking function :  - 0.9584 *  x[0]^0.5 + 0.2392 *  x[0]^-2.0 *  x[1]^0.5;  - 0.3075 *  x[0]^1.0 *  x[1]^-2.0 - 0.3499 *  x[0]^-1.0 - 0.2392 *  x[0]^-2.0 *  x[1]^0.5 + 0.0742 *  x[0]^3.0 *  x[1]^2.0; 0.4195 *  x[1]^3.0 + 0.0294 *  x[0]^1.0 *  x[1]^-0.5 + 0.2499 *  x[0]^-2.0 *  x[1]^-1.0 - 0.24 *  x[1]^-0.5;  - 0.4 *  x[0]^2.0 *  x[1]^0.5 + 0.4 *  x[0]^1.0 *  x[1]^-3.0; 0.0363 *  x[0]^3.0 *  x[1]^-0.5; 0.0067 *  x[0]^3.0 *  x[1]^0.5 + 0.4056 *  x[0]^0.5 *  x[1]^-3.0 + 0.4056 *  x[0]^0.5 *  x[1]^-3.0; 0.7901 *  x[0]^-0.5 - 1.037 *  x[0]^2.0 *  x[1]^0.5

2019-05-02-11-05-22   >>>>   End verify ranking function

verifying time = 17.135 ms


Not Found Ranking Fcuntion

Conterexample is 

[0, 2]

sampling time = 4.650 ms


       ########################################         

iteration 1 with 72 examples

2019-05-02-11-05-22   >>>>   Start train ranking function

2019-05-02-11-05-22   >>>>   End train ranking function

train_ranking_functioning time = 1.339 ms


2019-05-02-11-05-22   >>>>   Start verify ranking function

[xr_0 = 0, xr_1 = 2]
ranking function :  - 0.965 *  x[0]^0.5 + 0.2394 *  x[0]^-2.0 *  x[1]^0.5;  - 0.3074 *  x[0]^1.0 *  x[1]^-2.0 - 0.3498 *  x[0]^-1.0 - 0.2394 *  x[0]^-2.0 *  x[1]^0.5 + 0.0742 *  x[0]^3.0 *  x[1]^2.0; 0.4195 *  x[1]^3.0 + 0.0294 *  x[0]^1.0 *  x[1]^-0.5 + 0.2499 *  x[0]^-2.0 *  x[1]^-1.0 - 0.24 *  x[1]^-0.5;  - 0.4 *  x[0]^2.0 *  x[1]^0.5 + 0.4 *  x[0]^1.0 *  x[1]^-3.0; 0.0363 *  x[0]^3.0 *  x[1]^-0.5; 0.0067 *  x[0]^3.0 *  x[1]^0.5 + 0.4056 *  x[0]^0.5 *  x[1]^-3.0 + 0.4056 *  x[0]^0.5 *  x[1]^-3.0; 0.7901 *  x[0]^-0.5 - 1.037 *  x[0]^2.0 *  x[1]^0.5

2019-05-02-11-05-22   >>>>   End verify ranking function

verifying time = 16.867 ms


Not Found Ranking Fcuntion

Conterexample is 

[0, 2]

sampling time = 4.654 ms


       ########################################         

iteration 2 with 80 examples

2019-05-02-11-05-22   >>>>   Start train ranking function

2019-05-02-11-05-22   >>>>   End train ranking function

train_ranking_functioning time = 1.440 ms


2019-05-02-11-05-22   >>>>   Start verify ranking function

[xr_0 = 0, xr_1 = 2]
ranking function :  - 0.9698 *  x[0]^0.5 + 0.2396 *  x[0]^-2.0 *  x[1]^0.5;  - 0.3074 *  x[0]^1.0 *  x[1]^-2.0 - 0.3497 *  x[0]^-1.0 - 0.2396 *  x[0]^-2.0 *  x[1]^0.5 + 0.0742 *  x[0]^3.0 *  x[1]^2.0; 0.4195 *  x[1]^3.0 + 0.0294 *  x[0]^1.0 *  x[1]^-0.5 + 0.2499 *  x[0]^-2.0 *  x[1]^-1.0 - 0.24 *  x[1]^-0.5;  - 0.4 *  x[0]^2.0 *  x[1]^0.5 + 0.4 *  x[0]^1.0 *  x[1]^-3.0; 0.0363 *  x[0]^3.0 *  x[1]^-0.5; 0.0067 *  x[0]^3.0 *  x[1]^0.5 + 0.4056 *  x[0]^0.5 *  x[1]^-3.0 + 0.4056 *  x[0]^0.5 *  x[1]^-3.0; 0.7901 *  x[0]^-0.5 - 1.037 *  x[0]^2.0 *  x[1]^0.5

2019-05-02-11-05-22   >>>>   End verify ranking function

verifying time = 17.411 ms


Not Found Ranking Fcuntion

Conterexample is 

[0, 2]

sampling time = 4.640 ms


       ########################################         

iteration 3 with 88 examples

2019-05-02-11-05-22   >>>>   Start train ranking function

2019-05-02-11-05-22   >>>>   End train ranking function

train_ranking_functioning time = 1.703 ms


2019-05-02-11-05-22   >>>>   Start verify ranking function

[xr_0 = 0, xr_1 = 2]
ranking function :  - 0.9735 *  x[0]^0.5 + 0.2397 *  x[0]^-2.0 *  x[1]^0.5;  - 0.3073 *  x[0]^1.0 *  x[1]^-2.0 - 0.3497 *  x[0]^-1.0 - 0.2397 *  x[0]^-2.0 *  x[1]^0.5 + 0.0742 *  x[0]^3.0 *  x[1]^2.0; 0.4195 *  x[1]^3.0 + 0.0294 *  x[0]^1.0 *  x[1]^-0.5 + 0.2499 *  x[0]^-2.0 *  x[1]^-1.0 - 0.24 *  x[1]^-0.5;  - 0.4 *  x[0]^2.0 *  x[1]^0.5 + 0.4 *  x[0]^1.0 *  x[1]^-3.0; 0.0362 *  x[0]^3.0 *  x[1]^-0.5; 0.0067 *  x[0]^3.0 *  x[1]^0.5 + 0.4056 *  x[0]^0.5 *  x[1]^-3.0 + 0.4056 *  x[0]^0.5 *  x[1]^-3.0; 0.7901 *  x[0]^-0.5 - 1.037 *  x[0]^2.0 *  x[1]^0.5

2019-05-02-11-05-22   >>>>   End verify ranking function

verifying time = 18.244 ms


Not Found Ranking Fcuntion

Conterexample is 

[0, 2]

sampling time = 5.052 ms


       ########################################         

iteration 4 with 96 examples

2019-05-02-11-05-22   >>>>   Start train ranking function

2019-05-02-11-05-22   >>>>   End train ranking function

train_ranking_functioning time = 1.669 ms


2019-05-02-11-05-22   >>>>   Start verify ranking function

[xr_0 = 0, xr_1 = 2]
ranking function :  - 0.9764 *  x[0]^0.5 + 0.2398 *  x[0]^-2.0 *  x[1]^0.5;  - 0.3073 *  x[0]^1.0 *  x[1]^-2.0 - 0.3497 *  x[0]^-1.0 - 0.2398 *  x[0]^-2.0 *  x[1]^0.5 + 0.0742 *  x[0]^3.0 *  x[1]^2.0; 0.4195 *  x[1]^3.0 + 0.0294 *  x[0]^1.0 *  x[1]^-0.5 + 0.2499 *  x[0]^-2.0 *  x[1]^-1.0 - 0.24 *  x[1]^-0.5;  - 0.4 *  x[0]^2.0 *  x[1]^0.5 + 0.4 *  x[0]^1.0 *  x[1]^-3.0; 0.0363 *  x[0]^3.0 *  x[1]^-0.5; 0.0067 *  x[0]^3.0 *  x[1]^0.5 + 0.4056 *  x[0]^0.5 *  x[1]^-3.0 + 0.4056 *  x[0]^0.5 *  x[1]^-3.0; 0.7901 *  x[0]^-0.5 - 1.037 *  x[0]^2.0 *  x[1]^0.5

2019-05-02-11-05-22   >>>>   End verify ranking function

verifying time = 17.363 ms


Not Found Ranking Fcuntion

Conterexample is 

[0, 2]

sampling time = 5.250 ms


       ########################################         

iteration 5 with 104 examples

2019-05-02-11-05-22   >>>>   Start train ranking function

2019-05-02-11-05-22   >>>>   End train ranking function

train_ranking_functioning time = 1.640 ms


2019-05-02-11-05-22   >>>>   Start verify ranking function

[xr_0 = 0, xr_1 = 2]
ranking function :  - 0.9788 *  x[0]^0.5 + 0.2399 *  x[0]^-2.0 *  x[1]^0.5;  - 0.3072 *  x[0]^1.0 *  x[1]^-2.0 - 0.3496 *  x[0]^-1.0 - 0.2399 *  x[0]^-2.0 *  x[1]^0.5 + 0.0742 *  x[0]^3.0 *  x[1]^2.0; 0.4195 *  x[1]^3.0 + 0.0294 *  x[0]^1.0 *  x[1]^-0.5 + 0.2499 *  x[0]^-2.0 *  x[1]^-1.0 - 0.24 *  x[1]^-0.5;  - 0.4 *  x[0]^2.0 *  x[1]^0.5 + 0.4 *  x[0]^1.0 *  x[1]^-3.0; 0.0364 *  x[0]^3.0 *  x[1]^-0.5; 0.0067 *  x[0]^3.0 *  x[1]^0.5 + 0.4056 *  x[0]^0.5 *  x[1]^-3.0 + 0.4056 *  x[0]^0.5 *  x[1]^-3.0; 0.7901 *  x[0]^-0.5 - 1.037 *  x[0]^2.0 *  x[1]^0.5

2019-05-02-11-05-22   >>>>   End verify ranking function

verifying time = 16.442 ms


Not Found Ranking Fcuntion

Conterexample is 

[0, 2]

sampling time = 4.716 ms


       ########################################         

iteration 6 with 112 examples

2019-05-02-11-05-22   >>>>   Start train ranking function

2019-05-02-11-05-22   >>>>   End train ranking function

train_ranking_functioning time = 1.693 ms


2019-05-02-11-05-22   >>>>   Start verify ranking function

[xr_0 = 0, xr_1 = 2]
ranking function :  - 0.9807 *  x[0]^0.5 + 0.24 *  x[0]^-2.0 *  x[1]^0.5;  - 0.3072 *  x[0]^1.0 *  x[1]^-2.0 - 0.3496 *  x[0]^-1.0 - 0.24 *  x[0]^-2.0 *  x[1]^0.5 + 0.0742 *  x[0]^3.0 *  x[1]^2.0; 0.4195 *  x[1]^3.0 + 0.0294 *  x[0]^1.0 *  x[1]^-0.5 + 0.2499 *  x[0]^-2.0 *  x[1]^-1.0 - 0.24 *  x[1]^-0.5;  - 0.4 *  x[0]^2.0 *  x[1]^0.5 + 0.4 *  x[0]^1.0 *  x[1]^-3.0; 0.0363 *  x[0]^3.0 *  x[1]^-0.5; 0.0067 *  x[0]^3.0 *  x[1]^0.5 + 0.4056 *  x[0]^0.5 *  x[1]^-3.0 + 0.4056 *  x[0]^0.5 *  x[1]^-3.0; 0.7901 *  x[0]^-0.5 - 1.037 *  x[0]^2.0 *  x[1]^0.5

2019-05-02-11-05-22   >>>>   End verify ranking function

verifying time = 16.909 ms


Not Found Ranking Fcuntion

Conterexample is 

[0, 2]

sampling time = 4.653 ms


       ########################################         

iteration 7 with 120 examples

2019-05-02-11-05-22   >>>>   Start train ranking function

2019-05-02-11-05-22   >>>>   End train ranking function

train_ranking_functioning time = 1.763 ms


2019-05-02-11-05-22   >>>>   Start verify ranking function

[xr_0 = 0, xr_1 = 2]
ranking function :  - 0.9823 *  x[0]^0.5 + 0.24 *  x[0]^-2.0 *  x[1]^0.5;  - 0.3072 *  x[0]^1.0 *  x[1]^-2.0 - 0.3496 *  x[0]^-1.0 - 0.24 *  x[0]^-2.0 *  x[1]^0.5 + 0.0742 *  x[0]^3.0 *  x[1]^2.0; 0.4195 *  x[1]^3.0 + 0.0294 *  x[0]^1.0 *  x[1]^-0.5 + 0.2499 *  x[0]^-2.0 *  x[1]^-1.0 - 0.24 *  x[1]^-0.5;  - 0.4 *  x[0]^2.0 *  x[1]^0.5 + 0.4 *  x[0]^1.0 *  x[1]^-3.0; 0.0363 *  x[0]^3.0 *  x[1]^-0.5; 0.0067 *  x[0]^3.0 *  x[1]^0.5 + 0.4056 *  x[0]^0.5 *  x[1]^-3.0 + 0.4056 *  x[0]^0.5 *  x[1]^-3.0; 0.7901 *  x[0]^-0.5 - 1.037 *  x[0]^2.0 *  x[1]^0.5

2019-05-02-11-05-22   >>>>   End verify ranking function

verifying time = 17.248 ms


Not Found Ranking Fcuntion

Conterexample is 

[0, 2]

sampling time = 4.691 ms


       ########################################         

iteration 8 with 128 examples

2019-05-02-11-05-22   >>>>   Start train ranking function

2019-05-02-11-05-22   >>>>   End train ranking function

train_ranking_functioning time = 1.885 ms


2019-05-02-11-05-22   >>>>   Start verify ranking function

[xr_0 = 0, xr_1 = 2]
ranking function :  - 0.9837 *  x[0]^0.5 + 0.2401 *  x[0]^-2.0 *  x[1]^0.5;  - 0.3072 *  x[0]^1.0 *  x[1]^-2.0 - 0.3496 *  x[0]^-1.0 - 0.2401 *  x[0]^-2.0 *  x[1]^0.5 + 0.0742 *  x[0]^3.0 *  x[1]^2.0; 0.4195 *  x[1]^3.0 + 0.0294 *  x[0]^1.0 *  x[1]^-0.5 + 0.2499 *  x[0]^-2.0 *  x[1]^-1.0 - 0.24 *  x[1]^-0.5;  - 0.4 *  x[0]^2.0 *  x[1]^0.5 + 0.4 *  x[0]^1.0 *  x[1]^-3.0; 0.0363 *  x[0]^3.0 *  x[1]^-0.5; 0.0067 *  x[0]^3.0 *  x[1]^0.5 + 0.4056 *  x[0]^0.5 *  x[1]^-3.0 + 0.4056 *  x[0]^0.5 *  x[1]^-3.0; 0.7901 *  x[0]^-0.5 - 1.037 *  x[0]^2.0 *  x[1]^0.5

2019-05-02-11-05-22   >>>>   End verify ranking function

verifying time = 17.833 ms


Not Found Ranking Fcuntion

Conterexample is 

[0, 2]

sampling time = 4.699 ms


       ########################################         

iteration 9 with 136 examples

2019-05-02-11-05-22   >>>>   Start train ranking function

2019-05-02-11-05-22   >>>>   End train ranking function

train_ranking_functioning time = 1.930 ms


2019-05-02-11-05-22   >>>>   Start verify ranking function

[xr_0 = 0, xr_1 = 2]
ranking function :  - 0.9849 *  x[0]^0.5 + 0.2401 *  x[0]^-2.0 *  x[1]^0.5;  - 0.3072 *  x[0]^1.0 *  x[1]^-2.0 - 0.3495 *  x[0]^-1.0 - 0.2401 *  x[0]^-2.0 *  x[1]^0.5 + 0.0742 *  x[0]^3.0 *  x[1]^2.0; 0.4195 *  x[1]^3.0 + 0.0294 *  x[0]^1.0 *  x[1]^-0.5 + 0.2499 *  x[0]^-2.0 *  x[1]^-1.0 - 0.24 *  x[1]^-0.5;  - 0.4 *  x[0]^2.0 *  x[1]^0.5 + 0.4 *  x[0]^1.0 *  x[1]^-3.0; 0.0363 *  x[0]^3.0 *  x[1]^-0.5; 0.0067 *  x[0]^3.0 *  x[1]^0.5 + 0.4056 *  x[0]^0.5 *  x[1]^-3.0 + 0.4056 *  x[0]^0.5 *  x[1]^-3.0; 0.7901 *  x[0]^-0.5 - 1.037 *  x[0]^2.0 *  x[1]^0.5

2019-05-02-11-05-22   >>>>   End verify ranking function

verifying time = 16.900 ms


Not Found Ranking Fcuntion

Conterexample is 

[0, 2]

sampling time = 4.769 ms


Failed to prove it is terminated

UNKNOWN
------Using Template 0 -----------
3 [3]
*****************************************************

2019-05-02-11-05-22   >>>>   End sampling point

sampling time = 12.922 ms,


       ########################################         

iteration 0 with 16 examples

2019-05-02-11-05-22   >>>>   Start train ranking function

2019-05-02-11-05-22   >>>>   End train ranking function

train_ranking_functioning time = 0.327 ms


2019-05-02-11-05-22   >>>>   Start verify ranking function

[xr_0 = 1, xr_1 = 7]
ranking function :  - 0.0544 *  x[0]^1.0 + 0.6559 *  x[1]^1.0 + 0.6667 * 1

2019-05-02-11-05-22   >>>>   End verify ranking function

verifying time = 13.225 ms


Not Found Ranking Fcuntion

Conterexample is 

[1, 7]

sampling time = 0.721 ms


       ########################################         

iteration 1 with 18 examples
