------Using Template 0 -----------
4 [4]
*****************************************************

2019-05-02-11-08-06   >>>>   End sampling point

sampling time = 58.490 ms,


       ########################################         

iteration 0 with 80 examples

2019-05-02-11-08-06   >>>>   Start train ranking function

2019-05-02-11-08-06   >>>>   End train ranking function

train_ranking_functioning time = 0.481 ms


2019-05-02-11-08-06   >>>>   Start verify ranking function

[xr_0 = 4, xr_1 = -3, xr_2 = 1/8]
ranking function : 0.4068 *  x[0]^1.0 + 0.8774 *  x[1]^1.0 - 0.2777 *  x[2]^1.0 + 0.7316 * 1

2019-05-02-11-08-06   >>>>   End verify ranking function

verifying time = 13.874 ms


Not Found Ranking Fcuntion

Conterexample is 

[4, -3, 0.125]

sampling time = 1.037 ms


       ########################################         

iteration 1 with 82 examples

2019-05-02-11-08-06   >>>>   Start train ranking function

2019-05-02-11-08-06   >>>>   End train ranking function

train_ranking_functioning time = 0.432 ms


2019-05-02-11-08-06   >>>>   Start verify ranking function

[xr_0 = 19, xr_1 = -18, xr_2 = 1/8]
ranking function : 0.8568 *  x[0]^1.0 + 0.9114 *  x[1]^1.0 - 0.2804 *  x[2]^1.0 + 0.6667 * 1

2019-05-02-11-08-06   >>>>   End verify ranking function

verifying time = 13.623 ms


Not Found Ranking Fcuntion

Conterexample is 

[19, -18, 0.125]

sampling time = 1.022 ms


       ########################################         

iteration 2 with 84 examples

2019-05-02-11-08-06   >>>>   Start train ranking function

2019-05-02-11-08-06   >>>>   End train ranking function

train_ranking_functioning time = 0.960 ms


2019-05-02-11-08-06   >>>>   Start verify ranking function

valid ranking function
ranking function : 0.9363 *  x[0]^1.0 + 0.9363 *  x[1]^1.0 - 0.302 *  x[2]^1.0 + 0.6667 * 1

2019-05-02-11-08-06   >>>>   End verify ranking function

verifying time = 34.498 ms


Found Ranking Fcuntion: 0.9363 *  x[0]^1.0 + 0.9363 *  x[1]^1.0 - 0.302 *  x[2]^1.0 + 0.6667 * 1

0.9363 *  x[0]^1.0 + 0.9363 *  x[1]^1.0 - 0.302 *  x[2]^1.0 + 0.6667 * 1
FINITE
Time For ../Program_non/153.bpl Is ---> 881.775000 ms

