------Using Template 0 -----------
3 [3]
*****************************************************

2019-05-02-11-08-06   >>>>   End sampling point

sampling time = 52.869 ms,


       ########################################         

iteration 0 with 136 examples

2019-05-02-11-08-06   >>>>   Start train ranking function

2019-05-02-11-08-06   >>>>   End train ranking function

train_ranking_functioning time = 2.779 ms


2019-05-02-11-08-06   >>>>   Start verify ranking function

ranking function : 0.0022 *  x[0]^1.0 + 0.4821 *  x[1]^1.0 + 2.1094 * 1

2019-05-02-11-08-06   >>>>   End verify ranking function

verifying time = 7.773 ms


Not Found Ranking Fcuntion

Conterexample is 

[-6.4204005781540365, -6.4204005781540365]

sampling time = 0.724 ms


       ########################################         

iteration 1 with 138 examples

2019-05-02-11-08-06   >>>>   Start train ranking function

2019-05-02-11-08-06   >>>>   End train ranking function

train_ranking_functioning time = 2.900 ms


2019-05-02-11-08-06   >>>>   Start verify ranking function

ranking function : 0.0035 *  x[0]^1.0 + 0.452 *  x[1]^1.0 + 2.6155 * 1

2019-05-02-11-08-06   >>>>   End verify ranking function

verifying time = 7.840 ms


Not Found Ranking Fcuntion

Conterexample is 

[-7.937431394072448, -7.937431394072448]

sampling time = 0.756 ms


       ########################################         

iteration 2 with 140 examples

2019-05-02-11-08-06   >>>>   Start train ranking function

2019-05-02-11-08-06   >>>>   End train ranking function

train_ranking_functioning time = 2.893 ms


2019-05-02-11-08-06   >>>>   Start verify ranking function

ranking function : 0.0051 *  x[0]^1.0 + 0.4301 *  x[1]^1.0 + 3.2975 * 1

2019-05-02-11-08-06   >>>>   End verify ranking function

verifying time = 7.864 ms


Not Found Ranking Fcuntion

Conterexample is 

[-9.874770220588236, -9.874770220588236]

sampling time = 0.780 ms


       ########################################         

iteration 3 with 142 examples

2019-05-02-11-08-06   >>>>   Start train ranking function

2019-05-02-11-08-06   >>>>   End train ranking function

train_ranking_functioning time = 3.027 ms


2019-05-02-11-08-06   >>>>   Start verify ranking function

ranking function : 0.006 *  x[0]^1.0 + 0.4026 *  x[1]^1.0 + 3.7134 * 1

2019-05-02-11-08-06   >>>>   End verify ranking function

verifying time = 7.755 ms


Not Found Ranking Fcuntion

Conterexample is 

[-11.5354870288791, -11.5354870288791]

sampling time = 0.721 ms


       ########################################         

iteration 4 with 144 examples

2019-05-02-11-08-06   >>>>   Start train ranking function

2019-05-02-11-08-06   >>>>   End train ranking function

train_ranking_functioning time = 3.043 ms


2019-05-02-11-08-06   >>>>   Start verify ranking function

ranking function : 0.0103 *  x[0]^1.0 + 0.3782 *  x[1]^1.0 + 4.0666 * 1

2019-05-02-11-08-06   >>>>   End verify ranking function

verifying time = 7.694 ms


Not Found Ranking Fcuntion

Conterexample is 

[-13.04144144144144, -13.04144144144144]

sampling time = 0.722 ms


       ########################################         

iteration 5 with 146 examples

2019-05-02-11-08-06   >>>>   Start train ranking function

2019-05-02-11-08-06   >>>>   End train ranking function

train_ranking_functioning time = 3.016 ms


2019-05-02-11-08-06   >>>>   Start verify ranking function

ranking function : 0.0108 *  x[0]^1.0 + 0.3507 *  x[1]^1.0 + 4.3921 * 1

2019-05-02-11-08-06   >>>>   End verify ranking function

verifying time = 7.743 ms


Not Found Ranking Fcuntion

Conterexample is 

[-14.915905947441217, -14.915905947441217]

sampling time = 0.724 ms


       ########################################         

iteration 6 with 148 examples

2019-05-02-11-08-06   >>>>   Start train ranking function

2019-05-02-11-08-06   >>>>   End train ranking function

train_ranking_functioning time = 3.299 ms


2019-05-02-11-08-06   >>>>   Start verify ranking function

ranking function : 0.0131 *  x[0]^1.0 + 0.3219 *  x[1]^1.0 + 4.6114 * 1

2019-05-02-11-08-06   >>>>   End verify ranking function

verifying time = 8.414 ms


Not Found Ranking Fcuntion

Conterexample is 

[-16.750447761194028, -16.750447761194028]

sampling time = 0.729 ms


       ########################################         

iteration 7 with 150 examples

2019-05-02-11-08-06   >>>>   Start train ranking function

2019-05-02-11-08-06   >>>>   End train ranking function

train_ranking_functioning time = 3.310 ms


2019-05-02-11-08-06   >>>>   Start verify ranking function

ranking function : 0.0151 *  x[0]^1.0 + 0.2968 *  x[1]^1.0 + 4.7245 * 1

2019-05-02-11-08-06   >>>>   End verify ranking function

verifying time = 7.754 ms


Not Found Ranking Fcuntion

Conterexample is 

[-18.35363898685476, -18.35363898685476]

sampling time = 0.765 ms


       ########################################         

iteration 8 with 152 examples

2019-05-02-11-08-06   >>>>   Start train ranking function

2019-05-02-11-08-06   >>>>   End train ranking function

train_ranking_functioning time = 3.265 ms


2019-05-02-11-08-06   >>>>   Start verify ranking function

ranking function : 0.0162 *  x[0]^1.0 + 0.2704 *  x[1]^1.0 + 4.8614 * 1

2019-05-02-11-08-06   >>>>   End verify ranking function

verifying time = 7.706 ms


Not Found Ranking Fcuntion

Conterexample is 

[-20.45150034891835, -20.45150034891835]

sampling time = 0.721 ms


       ########################################         

iteration 9 with 154 examples

2019-05-02-11-08-06   >>>>   Start train ranking function

2019-05-02-11-08-06   >>>>   End train ranking function

train_ranking_functioning time = 3.501 ms


2019-05-02-11-08-06   >>>>   Start verify ranking function

ranking function : 0.019 *  x[0]^1.0 + 0.2453 *  x[1]^1.0 + 4.9452 * 1

2019-05-02-11-08-06   >>>>   End verify ranking function

verifying time = 7.663 ms


Not Found Ranking Fcuntion

Conterexample is 

[-22.494135452137723, -22.494135452137723]

sampling time = 0.735 ms


Failed to prove it is terminated

UNKNOWN
------Using Template 1 -----------
3 [3]
*****************************************************

2019-05-02-11-08-07   >>>>   End sampling point

sampling time = 61.399 ms,


       ########################################         

iteration 0 with 136 examples

2019-05-02-11-08-07   >>>>   Start train ranking function

2019-05-02-11-08-07   >>>>   End train ranking function

train_ranking_functioning time = 5.459 ms


2019-05-02-11-08-07   >>>>   Start verify ranking function

[xr_0 = 1, xr_1 = 1/8]
ranking function : 0.1189 *  x[1]^-1.0 - 0.1324 *  x[0]^-2.0 *  x[1]^-1.0 - 0.012 *  x[0]^1.0 *  x[1]^1.0

2019-05-02-11-08-08   >>>>   End verify ranking function

verifying time = 1285.714 ms


Not Found Ranking Fcuntion

Conterexample is 

[1, 0.125]

sampling time = 0.857 ms


       ########################################         

iteration 1 with 138 examples

2019-05-02-11-08-08   >>>>   Start train ranking function

2019-05-02-11-08-08   >>>>   End train ranking function

train_ranking_functioning time = 5.428 ms


2019-05-02-11-08-08   >>>>   Start verify ranking function

[xr_0 = 1/2, xr_1 = 1/8]
ranking function : 0.1801 *  x[1]^-1.0 - 0.1297 *  x[0]^-2.0 *  x[1]^-1.0 - 0.012 *  x[0]^1.0 *  x[1]^1.0

2019-05-02-11-08-09   >>>>   End verify ranking function

verifying time = 1442.099 ms


Not Found Ranking Fcuntion

Conterexample is 

[0.5, 0.125]

sampling time = 0.832 ms


       ########################################         

iteration 2 with 140 examples

2019-05-02-11-08-09   >>>>   Start train ranking function

2019-05-02-11-08-09   >>>>   End train ranking function

train_ranking_functioning time = 5.508 ms


2019-05-02-11-08-09   >>>>   Start verify ranking function

[xr_0 = 1/2, xr_1 = 1/8]
ranking function : 0.1217 *  x[1]^-1.0 - 0.0315 *  x[0]^-2.0 *  x[1]^-1.0 - 0.0067 *  x[0]^1.0 *  x[1]^1.0

2019-05-02-11-08-11   >>>>   End verify ranking function

verifying time = 1371.866 ms


Not Found Ranking Fcuntion

Conterexample is 

[0.5, 0.125]

sampling time = 0.843 ms


       ########################################         

iteration 3 with 142 examples

2019-05-02-11-08-11   >>>>   Start train ranking function

2019-05-02-11-08-11   >>>>   End train ranking function

train_ranking_functioning time = 6.274 ms


2019-05-02-11-08-11   >>>>   Start verify ranking function

[xr_0 = 1/4, xr_1 = 1/8]
ranking function : 0.1115 *  x[1]^-1.0 - 0.0116 *  x[0]^-2.0 *  x[1]^-1.0 - 0.0136 *  x[0]^1.0 *  x[1]^1.0

2019-05-02-11-08-12   >>>>   End verify ranking function

verifying time = 1097.730 ms


Not Found Ranking Fcuntion

Conterexample is 

[0.25, 0.125]

sampling time = 0.864 ms


       ########################################         

iteration 4 with 144 examples

2019-05-02-11-08-12   >>>>   Start train ranking function

2019-05-02-11-08-12   >>>>   End train ranking function

train_ranking_functioning time = 5.805 ms


2019-05-02-11-08-12   >>>>   Start verify ranking function

[xr_0 = 9/64, xr_1 = 1/8]
ranking function : 0.0887 *  x[1]^-1.0 - 0.0018 *  x[0]^-2.0 *  x[1]^-1.0 - 0.0201 *  x[0]^1.0 *  x[1]^1.0

2019-05-02-11-08-12   >>>>   End verify ranking function

verifying time = 154.809 ms


Not Found Ranking Fcuntion

Conterexample is 

[0.140625, 0.125]

sampling time = 0.823 ms


       ########################################         

iteration 5 with 146 examples

2019-05-02-11-08-12   >>>>   Start train ranking function

2019-05-02-11-08-12   >>>>   End train ranking function

train_ranking_functioning time = 5.713 ms


2019-05-02-11-08-12   >>>>   Start verify ranking function

[xr_0 = 9/64, xr_1 = 1/8]
ranking function : 0.0891 *  x[1]^-1.0 - 0.0016 *  x[0]^-2.0 *  x[1]^-1.0 - 0.0191 *  x[0]^1.0 *  x[1]^1.0

2019-05-02-11-08-13   >>>>   End verify ranking function

verifying time = 1165.495 ms


Not Found Ranking Fcuntion

Conterexample is 

[0.140625, 0.125]

sampling time = 0.824 ms


       ########################################         

iteration 6 with 148 examples

2019-05-02-11-08-13   >>>>   Start train ranking function

2019-05-02-11-08-13   >>>>   End train ranking function

train_ranking_functioning time = 5.884 ms


2019-05-02-11-08-13   >>>>   Start verify ranking function

[xr_0 = 23, xr_1 = 1/8]
ranking function : 0.0794 *  x[1]^-1.0 + 0.0024 *  x[0]^-2.0 *  x[1]^-1.0 - 0.0131 *  x[0]^1.0 *  x[1]^1.0

2019-05-02-11-08-14   >>>>   End verify ranking function

verifying time = 1187.873 ms


Not Found Ranking Fcuntion

Conterexample is 

[23, 0.125]

sampling time = 0.860 ms


       ########################################         

iteration 7 with 150 examples

2019-05-02-11-08-14   >>>>   Start train ranking function

2019-05-02-11-08-14   >>>>   End train ranking function

train_ranking_functioning time = 5.929 ms


2019-05-02-11-08-14   >>>>   Start verify ranking function

[xr_0 = 52, xr_1 = 1/8]
ranking function : 0.0909 *  x[1]^-1.0 + 0.0015 *  x[0]^-2.0 *  x[1]^-1.0 - 0.0071 *  x[0]^1.0 *  x[1]^1.0

2019-05-02-11-08-14   >>>>   End verify ranking function

verifying time = 140.655 ms


Not Found Ranking Fcuntion

Conterexample is 

[52, 0.125]

sampling time = 0.842 ms


       ########################################         

iteration 8 with 152 examples

2019-05-02-11-08-14   >>>>   Start train ranking function

2019-05-02-11-08-14   >>>>   End train ranking function

train_ranking_functioning time = 6.003 ms


2019-05-02-11-08-14   >>>>   Start verify ranking function

[xr_0 = 31, xr_1 = 1/8]
ranking function : 0.0964 *  x[1]^-1.0 + 0.0006 *  x[0]^-2.0 *  x[1]^-1.0 - 0.0121 *  x[0]^1.0 *  x[1]^1.0

2019-05-02-11-08-15   >>>>   End verify ranking function

verifying time = 146.886 ms


Not Found Ranking Fcuntion

Conterexample is 

[31, 0.125]

sampling time = 0.879 ms


       ########################################         

iteration 9 with 154 examples

2019-05-02-11-08-15   >>>>   Start train ranking function

2019-05-02-11-08-15   >>>>   End train ranking function

train_ranking_functioning time = 6.025 ms


2019-05-02-11-08-15   >>>>   Start verify ranking function

[xr_0 = 36, xr_1 = 1/8]
ranking function : 0.1035 *  x[1]^-1.0 - 0.0009 *  x[0]^-2.0 *  x[1]^-1.0 - 0.0115 *  x[0]^1.0 *  x[1]^1.0

2019-05-02-11-08-16   >>>>   End verify ranking function

verifying time = 1022.892 ms


Not Found Ranking Fcuntion

Conterexample is 

[36, 0.125]

sampling time = 0.908 ms


Failed to prove it is terminated

UNKNOWN
------Using Template 2 -----------
9 [3, 3, 3]
*****************************************************

2019-05-02-11-08-16   >>>>   End sampling point

sampling time = 143.485 ms,


       ########################################         

iteration 0 with 272 examples

2019-05-02-11-08-16   >>>>   Start train ranking function

2019-05-02-11-08-16   >>>>   End train ranking function

train_ranking_functioning time = 3.051 ms


2019-05-02-11-08-16   >>>>   Start verify ranking function

ranking function : 0.0005 *  x[0]^1.0 + 0.4974 *  x[1]^1.0 + 0.5178 * 1; 0.0554 *  x[0]^1.0 + 0.349 *  x[1]^1.0 + 1.0899 * 1; 0.042 *  x[0]^1.0 + 0.0046 *  x[1]^1.0 + 1.0234 * 1

2019-05-02-11-08-16   >>>>   End verify ranking function

verifying time = 13.376 ms


Not Found Ranking Fcuntion

Conterexample is 

[-43.4206008583691, -43.4206008583691]

sampling time = 2.034 ms


       ########################################         

iteration 1 with 276 examples

2019-05-02-11-08-16   >>>>   Start train ranking function

2019-05-02-11-08-16   >>>>   End train ranking function

train_ranking_functioning time = 3.709 ms


2019-05-02-11-08-16   >>>>   Start verify ranking function

ranking function : 0.0005 *  x[0]^1.0 + 0.4973 *  x[1]^1.0 + 0.5527 * 1; 0.0556 *  x[0]^1.0 + 0.3307 *  x[1]^1.0 + 1.1687 * 1; 0.0392 *  x[0]^1.0 - 0.0394 *  x[1]^1.0 + 0.9673 * 1

2019-05-02-11-08-16   >>>>   End verify ranking function

verifying time = 13.217 ms


Not Found Ranking Fcuntion

Conterexample is 

[9836.5, 9836.5]

sampling time = 2.034 ms


       ########################################         

iteration 2 with 280 examples

2019-05-02-11-08-16   >>>>   Start train ranking function

2019-05-02-11-08-16   >>>>   End train ranking function

train_ranking_functioning time = 3.897 ms


2019-05-02-11-08-16   >>>>   Start verify ranking function

ranking function : 0.0005 *  x[0]^1.0 + 0.4973 *  x[1]^1.0 + 0.5527 * 1; 0.0556 *  x[0]^1.0 + 0.3307 *  x[1]^1.0 + 1.1687 * 1; 0.0392 *  x[0]^1.0 - 0.0394 *  x[1]^1.0 + 0.9673 * 1

2019-05-02-11-08-16   >>>>   End verify ranking function

verifying time = 13.383 ms


Not Found Ranking Fcuntion

Conterexample is 

[9836.5, 9836.5]

sampling time = 2.046 ms


       ########################################         

iteration 3 with 284 examples

2019-05-02-11-08-16   >>>>   Start train ranking function

2019-05-02-11-08-16   >>>>   End train ranking function

train_ranking_functioning time = 3.702 ms


2019-05-02-11-08-16   >>>>   Start verify ranking function

ranking function : 0.0005 *  x[0]^1.0 + 0.4973 *  x[1]^1.0 + 0.5534 * 1; 0.0556 *  x[0]^1.0 + 0.3304 *  x[1]^1.0 + 1.1683 * 1; 0.0391 *  x[0]^1.0 - 0.0393 *  x[1]^1.0 + 0.9685 * 1

2019-05-02-11-08-16   >>>>   End verify ranking function

verifying time = 13.293 ms


Not Found Ranking Fcuntion

Conterexample is 

[9842.5, 9842.5]

sampling time = 2.035 ms


       ########################################         

iteration 4 with 288 examples

2019-05-02-11-08-16   >>>>   Start train ranking function

2019-05-02-11-08-16   >>>>   End train ranking function

train_ranking_functioning time = 3.758 ms


2019-05-02-11-08-16   >>>>   Start verify ranking function

ranking function : 0.0005 *  x[0]^1.0 + 0.4973 *  x[1]^1.0 + 0.553 * 1; 0.0556 *  x[0]^1.0 + 0.3306 *  x[1]^1.0 + 1.1687 * 1; 0.0392 *  x[0]^1.0 - 0.0394 *  x[1]^1.0 + 0.9666 * 1

2019-05-02-11-08-16   >>>>   End verify ranking function

verifying time = 13.675 ms


Not Found Ranking Fcuntion

Conterexample is 

[9833, 9833]

sampling time = 2.135 ms


       ########################################         

iteration 5 with 292 examples

2019-05-02-11-08-16   >>>>   Start train ranking function

2019-05-02-11-08-16   >>>>   End train ranking function

train_ranking_functioning time = 3.747 ms


2019-05-02-11-08-16   >>>>   Start verify ranking function

ranking function : 0.0005 *  x[0]^1.0 + 0.4973 *  x[1]^1.0 + 0.5534 * 1; 0.0556 *  x[0]^1.0 + 0.3304 *  x[1]^1.0 + 1.1683 * 1; 0.0391 *  x[0]^1.0 - 0.0393 *  x[1]^1.0 + 0.9685 * 1

2019-05-02-11-08-16   >>>>   End verify ranking function

verifying time = 13.425 ms


Not Found Ranking Fcuntion

Conterexample is 

[9842.5, 9842.5]

sampling time = 2.313 ms


       ########################################         

iteration 6 with 296 examples

2019-05-02-11-08-16   >>>>   Start train ranking function

2019-05-02-11-08-16   >>>>   End train ranking function

train_ranking_functioning time = 4.164 ms


2019-05-02-11-08-16   >>>>   Start verify ranking function

valid ranking function
ranking function : 0.0005 *  x[0]^1.0 + 0.4973 *  x[1]^1.0 + 0.5535 * 1; 0.0556 *  x[0]^1.0 + 0.3303 *  x[1]^1.0 + 1.168 * 1; 0.0391 *  x[0]^1.0 - 0.0391 *  x[1]^1.0 + 0.9707 * 1

2019-05-02-11-08-16   >>>>   End verify ranking function

verifying time = 13.398 ms


Found Ranking Fcuntion: 0.0005 *  x[0]^1.0 + 0.4973 *  x[1]^1.0 + 0.5535 * 1; 0.0556 *  x[0]^1.0 + 0.3303 *  x[1]^1.0 + 1.168 * 1; 0.0391 *  x[0]^1.0 - 0.0391 *  x[1]^1.0 + 0.9707 * 1

0.0005 *  x[0]^1.0 + 0.4973 *  x[1]^1.0 + 0.5535 * 1; 0.0556 *  x[0]^1.0 + 0.3303 *  x[1]^1.0 + 1.168 * 1; 0.0391 *  x[0]^1.0 - 0.0391 *  x[1]^1.0 + 0.9707 * 1
FINITE
Time For ../Program_non/154.bpl Is ---> 9863.056000 ms

