------Using Template 0 -----------
3 [3]
*****************************************************

2019-05-02-11-13-19   >>>>   End sampling point

sampling time = 52.640 ms,


       ########################################         

iteration 0 with 136 examples

2019-05-02-11-13-19   >>>>   Start train ranking function

2019-05-02-11-13-19   >>>>   End train ranking function

train_ranking_functioning time = 0.944 ms


2019-05-02-11-13-19   >>>>   Start verify ranking function

[xr_1 = 9470/113, xr_0 = 0]
ranking function : 0.0113 *  x[0]^1.0 + 0.9367 *  x[1]^1.0 + 3.0715 * 1

2019-05-02-11-13-19   >>>>   End verify ranking function

verifying time = 6.698 ms


Not Found Ranking Fcuntion

Conterexample is 

[0, 83.80530973451327]

sampling time = 0.729 ms


       ########################################         

iteration 1 with 138 examples

2019-05-02-11-13-19   >>>>   Start train ranking function

2019-05-02-11-13-19   >>>>   End train ranking function

train_ranking_functioning time = 3.109 ms


2019-05-02-11-13-19   >>>>   Start verify ranking function

[xr_1 = 9358, xr_0 = 0]
ranking function : 0.0001 *  x[0]^1.0 + 0.9367 *  x[1]^1.0 + 3.0847 * 1

2019-05-02-11-13-19   >>>>   End verify ranking function

verifying time = 6.558 ms


Not Found Ranking Fcuntion

Conterexample is 

[0, 9358]

sampling time = 0.717 ms


       ########################################         

iteration 2 with 140 examples

2019-05-02-11-13-19   >>>>   Start train ranking function

2019-05-02-11-13-19   >>>>   End train ranking function

train_ranking_functioning time = 3.149 ms


2019-05-02-11-13-19   >>>>   Start verify ranking function

[xr_1 = -9359/3, xr_0 = 0]
ranking function :  - 0.0003 *  x[0]^1.0 + 0.9366 *  x[1]^1.0 + 3.0848 * 1

2019-05-02-11-13-19   >>>>   End verify ranking function

verifying time = 6.690 ms


Not Found Ranking Fcuntion

Conterexample is 

[0, -3119.6666666666665]

sampling time = 0.704 ms


       ########################################         

iteration 3 with 142 examples

2019-05-02-11-13-19   >>>>   Start train ranking function

2019-05-02-11-13-19   >>>>   End train ranking function

train_ranking_functioning time = 3.260 ms


2019-05-02-11-13-19   >>>>   Start verify ranking function

[xr_1 = 0, xr_0 = 0]
ranking function :  - 0.0106 *  x[0]^1.0 + 0.0009 *  x[1]^1.0 + 0.9406 * 1

2019-05-02-11-13-19   >>>>   End verify ranking function

verifying time = 6.658 ms


Not Found Ranking Fcuntion

Conterexample is 

[0, 0]

sampling time = 0.719 ms


       ########################################         

iteration 4 with 144 examples

2019-05-02-11-13-19   >>>>   Start train ranking function

2019-05-02-11-13-19   >>>>   End train ranking function

train_ranking_functioning time = 3.276 ms


2019-05-02-11-13-19   >>>>   Start verify ranking function

[xr_1 = 0, xr_0 = 0]
ranking function :  - 0.0057 *  x[0]^1.0 + 0.0008 *  x[1]^1.0 + 0.9364 * 1

2019-05-02-11-13-19   >>>>   End verify ranking function

verifying time = 6.616 ms


Not Found Ranking Fcuntion

Conterexample is 

[0, 0]

sampling time = 0.709 ms


       ########################################         

iteration 5 with 146 examples

2019-05-02-11-13-19   >>>>   Start train ranking function

2019-05-02-11-13-19   >>>>   End train ranking function

train_ranking_functioning time = 3.243 ms


2019-05-02-11-13-19   >>>>   Start verify ranking function

[xr_1 = -106/105, xr_0 = 0]
ranking function :  - 0.0105 *  x[0]^1.0 + 0.0011 *  x[1]^1.0 + 0.9413 * 1

2019-05-02-11-13-19   >>>>   End verify ranking function

verifying time = 6.571 ms


Not Found Ranking Fcuntion

Conterexample is 

[0, -1.0095238095238095]

sampling time = 0.731 ms


       ########################################         

iteration 6 with 148 examples

2019-05-02-11-13-19   >>>>   Start train ranking function

2019-05-02-11-13-19   >>>>   End train ranking function

train_ranking_functioning time = 3.232 ms


2019-05-02-11-13-19   >>>>   Start verify ranking function

[xr_1 = 1, xr_0 = 0]
ranking function : 0.0091 *  x[0]^1.0 + 0.001 *  x[1]^1.0 + 0.9188 * 1

2019-05-02-11-13-19   >>>>   End verify ranking function

verifying time = 6.692 ms


Not Found Ranking Fcuntion

Conterexample is 

[0, 1]

sampling time = 0.719 ms


       ########################################         

iteration 7 with 150 examples

2019-05-02-11-13-19   >>>>   Start train ranking function

2019-05-02-11-13-19   >>>>   End train ranking function

train_ranking_functioning time = 3.324 ms


2019-05-02-11-13-19   >>>>   Start verify ranking function

[xr_1 = -109/106, xr_0 = 0]
ranking function :  - 0.0106 *  x[0]^1.0 + 0.0013 *  x[1]^1.0 + 0.9419 * 1

2019-05-02-11-13-19   >>>>   End verify ranking function

verifying time = 6.706 ms


Not Found Ranking Fcuntion

Conterexample is 

[0, -1.028301886792453]

sampling time = 0.722 ms


       ########################################         

iteration 8 with 152 examples

2019-05-02-11-13-19   >>>>   Start train ranking function

2019-05-02-11-13-19   >>>>   End train ranking function

train_ranking_functioning time = 3.397 ms


2019-05-02-11-13-19   >>>>   Start verify ranking function

[xr_1 = -50/47, xr_0 = 0]
ranking function :  - 0.0094 *  x[0]^1.0 + 0.0016 *  x[1]^1.0 + 0.9409 * 1

2019-05-02-11-13-19   >>>>   End verify ranking function

verifying time = 6.669 ms


Not Found Ranking Fcuntion

Conterexample is 

[0, -1.0638297872340425]

sampling time = 0.713 ms


       ########################################         

iteration 9 with 154 examples

2019-05-02-11-13-19   >>>>   Start train ranking function

2019-05-02-11-13-19   >>>>   End train ranking function

train_ranking_functioning time = 3.410 ms


2019-05-02-11-13-19   >>>>   Start verify ranking function

[xr_1 = -11/10, xr_0 = 0]
ranking function :  - 0.008 *  x[0]^1.0 + 0.0018 *  x[1]^1.0 + 0.9396 * 1

2019-05-02-11-13-19   >>>>   End verify ranking function

verifying time = 6.596 ms


Not Found Ranking Fcuntion

Conterexample is 

[0, -1.1]

sampling time = 0.729 ms


Failed to prove it is terminated

UNKNOWN
------Using Template 1 -----------
1 [1]
*****************************************************

2019-05-02-11-13-19   >>>>   End sampling point

sampling time = 26.506 ms,


       ########################################         

iteration 0 with 136 examples

2019-05-02-11-13-19   >>>>   Start train ranking function

2019-05-02-11-13-19   >>>>   End train ranking function

train_ranking_functioning time = 4.848 ms


2019-05-02-11-13-19   >>>>   Start verify ranking function

[xr_0 = 1, xr_1 = 0]
ranking function : 0.0111 *  x[0]^3.0

2019-05-02-11-13-19   >>>>   End verify ranking function

verifying time = 12.035 ms


Not Found Ranking Fcuntion

Conterexample is 

[1, 0]

sampling time = 0.329 ms


       ########################################         

iteration 1 with 138 examples

2019-05-02-11-13-19   >>>>   Start train ranking function

2019-05-02-11-13-19   >>>>   End train ranking function

train_ranking_functioning time = 4.899 ms


2019-05-02-11-13-19   >>>>   Start verify ranking function

[xr_0 = 1, xr_1 = 0]
ranking function : 0.0081 *  x[0]^3.0

2019-05-02-11-13-19   >>>>   End verify ranking function

verifying time = 11.663 ms


Not Found Ranking Fcuntion

Conterexample is 

[1, 0]

sampling time = 0.328 ms


       ########################################         

iteration 2 with 140 examples

2019-05-02-11-13-19   >>>>   Start train ranking function

2019-05-02-11-13-19   >>>>   End train ranking function

train_ranking_functioning time = 4.623 ms


2019-05-02-11-13-19   >>>>   Start verify ranking function

[xr_0 = 1, xr_1 = 0]
ranking function :  - 0.0145 *  x[0]^3.0

2019-05-02-11-13-19   >>>>   End verify ranking function

verifying time = 11.645 ms


Not Found Ranking Fcuntion

Conterexample is 

[1, 0]

sampling time = 0.329 ms


       ########################################         

iteration 3 with 142 examples

2019-05-02-11-13-19   >>>>   Start train ranking function

2019-05-02-11-13-19   >>>>   End train ranking function

train_ranking_functioning time = 4.890 ms


2019-05-02-11-13-19   >>>>   Start verify ranking function

[xr_0 = 1, xr_1 = 0]
ranking function : 0.0052 *  x[0]^3.0

2019-05-02-11-13-19   >>>>   End verify ranking function

verifying time = 11.784 ms


Not Found Ranking Fcuntion

Conterexample is 

[1, 0]

sampling time = 0.363 ms


       ########################################         

iteration 4 with 144 examples

2019-05-02-11-13-19   >>>>   Start train ranking function

2019-05-02-11-13-19   >>>>   End train ranking function

train_ranking_functioning time = 5.357 ms


2019-05-02-11-13-19   >>>>   Start verify ranking function

[xr_0 = 1, xr_1 = 0]
ranking function : 0.0036 *  x[0]^3.0

2019-05-02-11-13-19   >>>>   End verify ranking function

verifying time = 12.888 ms


Not Found Ranking Fcuntion

Conterexample is 

[1, 0]

sampling time = 0.340 ms


       ########################################         

iteration 5 with 146 examples

2019-05-02-11-13-19   >>>>   Start train ranking function

2019-05-02-11-13-19   >>>>   End train ranking function

train_ranking_functioning time = 5.052 ms


2019-05-02-11-13-19   >>>>   Start verify ranking function

[xr_0 = 1, xr_1 = 0]
ranking function : 0.0074 *  x[0]^3.0

2019-05-02-11-13-19   >>>>   End verify ranking function

verifying time = 12.029 ms


Not Found Ranking Fcuntion

Conterexample is 

[1, 0]

sampling time = 0.337 ms


       ########################################         

iteration 6 with 148 examples

2019-05-02-11-13-19   >>>>   Start train ranking function

2019-05-02-11-13-19   >>>>   End train ranking function

train_ranking_functioning time = 5.163 ms


2019-05-02-11-13-19   >>>>   Start verify ranking function

[xr_0 = 1, xr_1 = 0]
ranking function : 0.0185 *  x[0]^3.0

2019-05-02-11-13-19   >>>>   End verify ranking function

verifying time = 11.585 ms


Not Found Ranking Fcuntion

Conterexample is 

[1, 0]

sampling time = 0.332 ms


       ########################################         

iteration 7 with 150 examples

2019-05-02-11-13-19   >>>>   Start train ranking function

2019-05-02-11-13-19   >>>>   End train ranking function

train_ranking_functioning time = 5.184 ms


2019-05-02-11-13-19   >>>>   Start verify ranking function

[xr_0 = 1, xr_1 = 0]
ranking function : 0.0042 *  x[0]^3.0

2019-05-02-11-13-19   >>>>   End verify ranking function

verifying time = 11.737 ms


Not Found Ranking Fcuntion

Conterexample is 

[1, 0]

sampling time = 0.334 ms


       ########################################         

iteration 8 with 152 examples

2019-05-02-11-13-19   >>>>   Start train ranking function

2019-05-02-11-13-19   >>>>   End train ranking function

train_ranking_functioning time = 5.304 ms


2019-05-02-11-13-19   >>>>   Start verify ranking function

[xr_0 = 1, xr_1 = 0]
ranking function : 0.0067 *  x[0]^3.0

2019-05-02-11-13-19   >>>>   End verify ranking function

verifying time = 11.581 ms


Not Found Ranking Fcuntion

Conterexample is 

[1, 0]

sampling time = 0.330 ms


       ########################################         

iteration 9 with 154 examples

2019-05-02-11-13-19   >>>>   Start train ranking function

2019-05-02-11-13-19   >>>>   End train ranking function

train_ranking_functioning time = 5.090 ms


2019-05-02-11-13-19   >>>>   Start verify ranking function

[xr_0 = 1, xr_1 = 0]
ranking function : 0.0037 *  x[0]^3.0

2019-05-02-11-13-19   >>>>   End verify ranking function

verifying time = 11.598 ms


Not Found Ranking Fcuntion

Conterexample is 

[1, 0]

sampling time = 0.335 ms


Failed to prove it is terminated

UNKNOWN
------Using Template 2 -----------
9 [3, 3, 3]
*****************************************************

2019-05-02-11-13-19   >>>>   End sampling point

sampling time = 143.390 ms,


       ########################################         

iteration 0 with 272 examples

2019-05-02-11-13-19   >>>>   Start train ranking function

2019-05-02-11-13-19   >>>>   End train ranking function

train_ranking_functioning time = 1.550 ms


2019-05-02-11-13-19   >>>>   Start verify ranking function

[xr_1 = 1973/4, xr_0 = 0]
ranking function : 0.002 *  x[0]^1.0 + 0.9855 *  x[1]^1.0 + 0.6608 * 1; 0.9813 *  x[0]^1.0 + 0.3334 *  x[1]^1.0 + 0.9461 * 1; 0.3274 *  x[0]^1.0 + 0.0176 *  x[1]^1.0 + 0.9635 * 1

2019-05-02-11-13-19   >>>>   End verify ranking function

verifying time = 6.700 ms


Not Found Ranking Fcuntion

Conterexample is 

[0, 493.25]

sampling time = 2.024 ms


       ########################################         

iteration 1 with 276 examples

2019-05-02-11-13-19   >>>>   Start train ranking function

2019-05-02-11-13-19   >>>>   End train ranking function

train_ranking_functioning time = 5.486 ms


2019-05-02-11-13-19   >>>>   Start verify ranking function

[xr_1 = 9846, xr_0 = 0]
ranking function : 0.0001 *  x[0]^1.0 + 0.9855 *  x[1]^1.0 + 0.662 * 1; 0.9816 *  x[0]^1.0 + 0.334 *  x[1]^1.0 + 0.9461 * 1; 0.328 *  x[0]^1.0 + 0.0176 *  x[1]^1.0 + 0.9635 * 1

2019-05-02-11-13-19   >>>>   End verify ranking function

verifying time = 6.692 ms


Not Found Ranking Fcuntion

Conterexample is 

[0, 9846]

sampling time = 2.019 ms


       ########################################         

iteration 2 with 280 examples

2019-05-02-11-13-19   >>>>   Start train ranking function

2019-05-02-11-13-19   >>>>   End train ranking function

train_ranking_functioning time = 5.419 ms


2019-05-02-11-13-19   >>>>   Start verify ranking function

[xr_1 = -9992/39, xr_0 = 0]
ranking function : 0.9855 *  x[1]^1.0 + 0.6622 * 1; 0.9816 *  x[0]^1.0 + 0.3341 *  x[1]^1.0 + 0.9461 * 1; 0.3281 *  x[0]^1.0 + 0.0176 *  x[1]^1.0 + 0.9635 * 1

2019-05-02-11-13-19   >>>>   End verify ranking function

verifying time = 9.028 ms


Not Found Ranking Fcuntion

Conterexample is 

[0, -256.20512820512823]

sampling time = 2.041 ms


       ########################################         

iteration 3 with 284 examples

2019-05-02-11-13-19   >>>>   Start train ranking function

2019-05-02-11-13-19   >>>>   End train ranking function

train_ranking_functioning time = 6.370 ms


2019-05-02-11-13-19   >>>>   Start verify ranking function

[xr_1 = -1989, xr_0 = 0]
ranking function : 0.9855 *  x[1]^1.0 + 0.6634 * 1; 0.985 *  x[0]^1.0 + 0.3316 *  x[1]^1.0 + 0.9632 * 1; 0.3318 *  x[0]^1.0 - 0.0001 *  x[1]^1.0 + 0.9631 * 1

2019-05-02-11-13-19   >>>>   End verify ranking function

verifying time = 9.268 ms


Not Found Ranking Fcuntion

Conterexample is 

[0, -1989]

sampling time = 2.178 ms


       ########################################         

iteration 4 with 288 examples

2019-05-02-11-13-19   >>>>   Start train ranking function

2019-05-02-11-13-19   >>>>   End train ranking function

train_ranking_functioning time = 6.662 ms


2019-05-02-11-13-19   >>>>   Start verify ranking function

[xr_1 = -9943, xr_0 = 0]
ranking function : 0.9855 *  x[1]^1.0 + 0.6635 * 1; 0.9854 *  x[0]^1.0 + 0.3317 *  x[1]^1.0 + 0.9631 * 1; 0.3318 *  x[0]^1.0 - 0.0001 *  x[1]^1.0 + 0.963 * 1

2019-05-02-11-13-19   >>>>   End verify ranking function

verifying time = 9.208 ms


Not Found Ranking Fcuntion

Conterexample is 

[0, -9943]

sampling time = 2.062 ms


       ########################################         

iteration 5 with 292 examples

2019-05-02-11-13-19   >>>>   Start train ranking function

2019-05-02-11-13-19   >>>>   End train ranking function

train_ranking_functioning time = 6.886 ms


2019-05-02-11-13-19   >>>>   Start verify ranking function

[xr_1 = 19620, xr_0 = 0]
ranking function : 0.9855 *  x[1]^1.0 + 0.6634 * 1; 0.9855 *  x[0]^1.0 + 0.3317 *  x[1]^1.0 + 0.963 * 1; 0.3318 *  x[0]^1.0 + 0.963 * 1

2019-05-02-11-13-19   >>>>   End verify ranking function

verifying time = 11.644 ms


Not Found Ranking Fcuntion

Conterexample is 

[0, 19620]

sampling time = 2.019 ms


       ########################################         

iteration 6 with 296 examples

2019-05-02-11-13-19   >>>>   Start train ranking function

2019-05-02-11-13-19   >>>>   End train ranking function

train_ranking_functioning time = 6.913 ms


2019-05-02-11-13-19   >>>>   Start verify ranking function

[xr_1 = 19619, xr_0 = 0]
ranking function : 0.9855 *  x[1]^1.0 + 0.6634 * 1; 0.9855 *  x[0]^1.0 + 0.3317 *  x[1]^1.0 + 0.963 * 1; 0.3318 *  x[0]^1.0 - 0.0001 *  x[1]^1.0 + 0.963 * 1

2019-05-02-11-13-19   >>>>   End verify ranking function

verifying time = 11.691 ms


Not Found Ranking Fcuntion

Conterexample is 

[0, 19619]

sampling time = 2.291 ms


       ########################################         

iteration 7 with 300 examples

2019-05-02-11-13-19   >>>>   Start train ranking function

2019-05-02-11-13-19   >>>>   End train ranking function

train_ranking_functioning time = 7.713 ms


2019-05-02-11-13-19   >>>>   Start verify ranking function

ranking function : 0.9855 *  x[1]^1.0 + 0.6634 * 1; 0.9855 *  x[0]^1.0 + 0.3317 *  x[1]^1.0 + 0.9631 * 1; 0.3317 *  x[0]^1.0 - 0.0001 *  x[1]^1.0 + 0.963 * 1

2019-05-02-11-13-19   >>>>   End verify ranking function

verifying time = 13.750 ms


Not Found Ranking Fcuntion

Conterexample is 

[0, 19630]

sampling time = 2.287 ms


       ########################################         

iteration 8 with 304 examples

2019-05-02-11-13-19   >>>>   Start train ranking function

2019-05-02-11-13-19   >>>>   End train ranking function

train_ranking_functioning time = 7.053 ms


2019-05-02-11-13-19   >>>>   Start verify ranking function

ranking function : 0.9855 *  x[1]^1.0 + 0.6634 * 1; 0.9855 *  x[0]^1.0 + 0.3317 *  x[1]^1.0 + 0.963 * 1; 0.3317 *  x[0]^1.0 - 0.0001 *  x[1]^1.0 + 0.963 * 1

2019-05-02-11-13-19   >>>>   End verify ranking function

verifying time = 13.027 ms


Not Found Ranking Fcuntion

Conterexample is 

[0, 19630]

sampling time = 2.073 ms


       ########################################         

iteration 9 with 308 examples

2019-05-02-11-13-19   >>>>   Start train ranking function

2019-05-02-11-13-19   >>>>   End train ranking function

train_ranking_functioning time = 7.075 ms


2019-05-02-11-13-19   >>>>   Start verify ranking function

[xr_1 = 19619, xr_0 = 0]
ranking function : 0.9855 *  x[1]^1.0 + 0.6635 * 1; 0.9855 *  x[0]^1.0 + 0.3317 *  x[1]^1.0 + 0.963 * 1; 0.3318 *  x[0]^1.0 - 0.0001 *  x[1]^1.0 + 0.9631 * 1

2019-05-02-11-13-19   >>>>   End verify ranking function

verifying time = 11.641 ms


Not Found Ranking Fcuntion

Conterexample is 

[0, 19619]

sampling time = 2.019 ms


Failed to prove it is terminated

UNKNOWN
------Using Template 3 -----------
6 [1, 3, 2]
*****************************************************

2019-05-02-11-13-20   >>>>   End sampling point

sampling time = 117.880 ms,


       ########################################         

iteration 0 with 272 examples

2019-05-02-11-13-20   >>>>   Start train ranking function

2019-05-02-11-13-20   >>>>   End train ranking function

train_ranking_functioning time = 8.801 ms


2019-05-02-11-13-20   >>>>   Start verify ranking function

[xr_1 = 0, xr_0 = 0]
ranking function : 0.0349 *  x[1]^-1.0;  - 0.0417 *  x[0]^2.0 *  x[1]^-1.0 + 0.0376 *  x[0]^-1.0 *  x[1]^-3.0 + 0.0577 *  x[0]^-3.0 *  x[1]^0.5; 0.036 *  x[0]^-0.5 *  x[1]^3.0 + 0.5585 *  x[0]^-1.0 *  x[1]^-0.5

2019-05-02-11-13-20   >>>>   End verify ranking function

verifying time = 6.570 ms


Not Found Ranking Fcuntion

Conterexample is 

[0, 0]

sampling time = 1.608 ms


       ########################################         

iteration 1 with 276 examples

2019-05-02-11-13-20   >>>>   Start train ranking function

2019-05-02-11-13-20   >>>>   End train ranking function

train_ranking_functioning time = 8.697 ms


2019-05-02-11-13-20   >>>>   Start verify ranking function

[xr_1 = 2, xr_0 = 0]
ranking function : 0.0398 *  x[1]^-1.0;  - 0.0427 *  x[0]^2.0 *  x[1]^-1.0 + 0.0354 *  x[0]^-1.0 *  x[1]^-3.0 + 0.0591 *  x[0]^-3.0 *  x[1]^0.5; 0.0276 *  x[0]^-0.5 *  x[1]^3.0 + 0.5581 *  x[0]^-1.0 *  x[1]^-0.5

2019-05-02-11-13-20   >>>>   End verify ranking function

verifying time = 12.117 ms


Not Found Ranking Fcuntion

Conterexample is 

[0, 2]

sampling time = 1.614 ms


       ########################################         

iteration 2 with 280 examples

2019-05-02-11-13-20   >>>>   Start train ranking function

2019-05-02-11-13-20   >>>>   End train ranking function

train_ranking_functioning time = 8.894 ms


2019-05-02-11-13-20   >>>>   Start verify ranking function

[xr_1 = 2, xr_0 = 0]
ranking function : 0.0397 *  x[1]^-1.0;  - 0.042 *  x[0]^2.0 *  x[1]^-1.0 + 0.0299 *  x[0]^-1.0 *  x[1]^-3.0 + 0.06 *  x[0]^-3.0 *  x[1]^0.5; 0.0355 *  x[0]^-0.5 *  x[1]^3.0 + 0.5458 *  x[0]^-1.0 *  x[1]^-0.5

2019-05-02-11-13-20   >>>>   End verify ranking function

verifying time = 12.152 ms


Not Found Ranking Fcuntion

Conterexample is 

[0, 2]

sampling time = 1.686 ms


       ########################################         

iteration 3 with 284 examples

2019-05-02-11-13-20   >>>>   Start train ranking function

2019-05-02-11-13-20   >>>>   End train ranking function

train_ranking_functioning time = 9.036 ms


2019-05-02-11-13-20   >>>>   Start verify ranking function

[xr_1 = 2, xr_0 = 0]
ranking function : 0.0397 *  x[1]^-1.0;  - 0.044 *  x[0]^2.0 *  x[1]^-1.0 + 0.0319 *  x[0]^-1.0 *  x[1]^-3.0 + 0.0589 *  x[0]^-3.0 *  x[1]^0.5; 0.0354 *  x[0]^-0.5 *  x[1]^3.0 + 0.535 *  x[0]^-1.0 *  x[1]^-0.5

2019-05-02-11-13-20   >>>>   End verify ranking function

verifying time = 12.103 ms


Not Found Ranking Fcuntion

Conterexample is 

[0, 2]

sampling time = 1.659 ms


       ########################################         

iteration 4 with 288 examples

2019-05-02-11-13-20   >>>>   Start train ranking function

2019-05-02-11-13-20   >>>>   End train ranking function

train_ranking_functioning time = 9.326 ms


2019-05-02-11-13-20   >>>>   Start verify ranking function

[xr_1 = 2, xr_0 = 0]
ranking function : 0.0396 *  x[1]^-1.0;  - 0.0442 *  x[0]^2.0 *  x[1]^-1.0 + 0.0212 *  x[0]^-1.0 *  x[1]^-3.0 + 0.0591 *  x[0]^-3.0 *  x[1]^0.5; 0.0362 *  x[0]^-0.5 *  x[1]^3.0 + 0.5239 *  x[0]^-1.0 *  x[1]^-0.5

2019-05-02-11-13-20   >>>>   End verify ranking function

verifying time = 12.097 ms


Not Found Ranking Fcuntion

Conterexample is 

[0, 2]

sampling time = 1.610 ms


       ########################################         

iteration 5 with 292 examples

2019-05-02-11-13-20   >>>>   Start train ranking function

2019-05-02-11-13-20   >>>>   End train ranking function

train_ranking_functioning time = 9.409 ms


2019-05-02-11-13-20   >>>>   Start verify ranking function

[xr_1 = 2, xr_0 = 0]
ranking function : 0.0378 *  x[1]^-1.0;  - 0.0432 *  x[0]^2.0 *  x[1]^-1.0 + 0.0313 *  x[0]^-1.0 *  x[1]^-3.0 + 0.0611 *  x[0]^-3.0 *  x[1]^0.5; 0.0345 *  x[0]^-0.5 *  x[1]^3.0 + 0.5126 *  x[0]^-1.0 *  x[1]^-0.5

2019-05-02-11-13-20   >>>>   End verify ranking function

verifying time = 12.065 ms


Not Found Ranking Fcuntion

Conterexample is 

[0, 2]

sampling time = 1.611 ms


       ########################################         

iteration 6 with 296 examples

2019-05-02-11-13-20   >>>>   Start train ranking function

2019-05-02-11-13-20   >>>>   End train ranking function

train_ranking_functioning time = 9.570 ms


2019-05-02-11-13-20   >>>>   Start verify ranking function

[xr_1 = 2, xr_0 = 0]
ranking function : 0.038 *  x[1]^-1.0;  - 0.0442 *  x[0]^2.0 *  x[1]^-1.0 + 0.0345 *  x[0]^-1.0 *  x[1]^-3.0 + 0.0597 *  x[0]^-3.0 *  x[1]^0.5; 0.0337 *  x[0]^-0.5 *  x[1]^3.0 + 0.5023 *  x[0]^-1.0 *  x[1]^-0.5

2019-05-02-11-13-20   >>>>   End verify ranking function

verifying time = 12.212 ms


Not Found Ranking Fcuntion

Conterexample is 

[0, 2]

sampling time = 1.663 ms


       ########################################         

iteration 7 with 300 examples

2019-05-02-11-13-20   >>>>   Start train ranking function

2019-05-02-11-13-20   >>>>   End train ranking function

train_ranking_functioning time = 9.554 ms


2019-05-02-11-13-20   >>>>   Start verify ranking function

[xr_1 = 2, xr_0 = 0]
ranking function : 0.0381 *  x[1]^-1.0;  - 0.045 *  x[0]^2.0 *  x[1]^-1.0 + 0.0331 *  x[0]^-1.0 *  x[1]^-3.0 + 0.0593 *  x[0]^-3.0 *  x[1]^0.5; 0.0319 *  x[0]^-0.5 *  x[1]^3.0 + 0.4904 *  x[0]^-1.0 *  x[1]^-0.5

2019-05-02-11-13-20   >>>>   End verify ranking function

verifying time = 12.152 ms


Not Found Ranking Fcuntion

Conterexample is 

[0, 2]

sampling time = 1.614 ms


       ########################################         

iteration 8 with 304 examples

2019-05-02-11-13-20   >>>>   Start train ranking function

2019-05-02-11-13-20   >>>>   End train ranking function

train_ranking_functioning time = 10.056 ms


2019-05-02-11-13-20   >>>>   Start verify ranking function

[xr_1 = 2, xr_0 = 0]
ranking function : 0.0367 *  x[1]^-1.0;  - 0.0501 *  x[0]^2.0 *  x[1]^-1.0 + 0.0343 *  x[0]^-1.0 *  x[1]^-3.0 + 0.0617 *  x[0]^-3.0 *  x[1]^0.5; 0.0247 *  x[0]^-0.5 *  x[1]^3.0 + 0.4838 *  x[0]^-1.0 *  x[1]^-0.5

2019-05-02-11-13-20   >>>>   End verify ranking function

verifying time = 13.356 ms


Not Found Ranking Fcuntion

Conterexample is 

[0, 2]

sampling time = 1.662 ms


       ########################################         

iteration 9 with 308 examples

2019-05-02-11-13-20   >>>>   Start train ranking function

2019-05-02-11-13-20   >>>>   End train ranking function

train_ranking_functioning time = 10.338 ms


2019-05-02-11-13-20   >>>>   Start verify ranking function

[xr_1 = 2, xr_0 = 0]
ranking function : 0.0358 *  x[1]^-1.0;  - 0.0476 *  x[0]^2.0 *  x[1]^-1.0 + 0.0416 *  x[0]^-1.0 *  x[1]^-3.0 + 0.062 *  x[0]^-3.0 *  x[1]^0.5; 0.0329 *  x[0]^-0.5 *  x[1]^3.0 + 0.4742 *  x[0]^-1.0 *  x[1]^-0.5

2019-05-02-11-13-20   >>>>   End verify ranking function

verifying time = 12.309 ms


Not Found Ranking Fcuntion

Conterexample is 

[0, 2]

sampling time = 1.672 ms


Failed to prove it is terminated

UNKNOWN
------Using Template 4 -----------
15 [3, 3, 3, 3, 3]
*****************************************************

2019-05-02-11-13-20   >>>>   End sampling point

sampling time = 236.311 ms,


       ########################################         

iteration 0 with 408 examples

2019-05-02-11-13-20   >>>>   Start train ranking function

2019-05-02-11-13-20   >>>>   End train ranking function

train_ranking_functioning time = 1.822 ms


2019-05-02-11-13-20   >>>>   Start verify ranking function

[xr_1 = 1973/4, xr_0 = 0]
ranking function : 0.002 *  x[0]^1.0 + 0.9855 *  x[1]^1.0 + 0.6608 * 1; 0.9813 *  x[0]^1.0 + 0.3334 *  x[1]^1.0 + 0.6481 * 1; 0.3274 *  x[0]^1.0 + 0.327 *  x[1]^1.0 + 0.6481 * 1; 0.3211 *  x[0]^1.0 + 0.327 *  x[1]^1.0 + 0.9461 * 1; 0.3211 *  x[0]^1.0 + 0.0176 *  x[1]^1.0 + 0.9635 * 1

2019-05-02-11-13-20   >>>>   End verify ranking function

verifying time = 6.733 ms


Not Found Ranking Fcuntion

Conterexample is 

[0, 493.25]

sampling time = 3.372 ms


       ########################################         

iteration 1 with 414 examples

2019-05-02-11-13-20   >>>>   Start train ranking function

2019-05-02-11-13-20   >>>>   End train ranking function

train_ranking_functioning time = 6.482 ms


2019-05-02-11-13-20   >>>>   Start verify ranking function

[xr_1 = 9846, xr_0 = 0]
ranking function : 0.0001 *  x[0]^1.0 + 0.9855 *  x[1]^1.0 + 0.6621 * 1; 0.9816 *  x[0]^1.0 + 0.334 *  x[1]^1.0 + 0.6481 * 1; 0.3281 *  x[0]^1.0 + 0.327 *  x[1]^1.0 + 0.6481 * 1; 0.3211 *  x[0]^1.0 + 0.327 *  x[1]^1.0 + 0.9461 * 1; 0.3211 *  x[0]^1.0 + 0.0176 *  x[1]^1.0 + 0.9635 * 1

2019-05-02-11-13-20   >>>>   End verify ranking function

verifying time = 6.738 ms


Not Found Ranking Fcuntion

Conterexample is 

[0, 9846]

sampling time = 3.359 ms


       ########################################         

iteration 2 with 420 examples

2019-05-02-11-13-20   >>>>   Start train ranking function

2019-05-02-11-13-20   >>>>   End train ranking function

train_ranking_functioning time = 6.417 ms


2019-05-02-11-13-20   >>>>   Start verify ranking function

[xr_1 = -9992/39, xr_0 = 0]
ranking function : 0.9855 *  x[1]^1.0 + 0.6622 * 1; 0.9816 *  x[0]^1.0 + 0.3341 *  x[1]^1.0 + 0.6481 * 1; 0.3281 *  x[0]^1.0 + 0.327 *  x[1]^1.0 + 0.6481 * 1; 0.3211 *  x[0]^1.0 + 0.327 *  x[1]^1.0 + 0.9461 * 1; 0.3211 *  x[0]^1.0 + 0.0176 *  x[1]^1.0 + 0.9635 * 1

2019-05-02-11-13-20   >>>>   End verify ranking function

verifying time = 9.163 ms


Not Found Ranking Fcuntion

Conterexample is 

[0, -256.20512820512823]

sampling time = 3.410 ms


       ########################################         

iteration 3 with 426 examples

2019-05-02-11-13-20   >>>>   Start train ranking function

2019-05-02-11-13-20   >>>>   End train ranking function

train_ranking_functioning time = 7.635 ms


2019-05-02-11-13-20   >>>>   Start verify ranking function

[xr_1 = -9946/5, xr_0 = 0]
ranking function : 0.9855 *  x[1]^1.0 + 0.6634 * 1; 0.985 *  x[0]^1.0 + 0.3317 *  x[1]^1.0 + 0.6501 * 1; 0.3318 *  x[0]^1.0 + 0.325 *  x[1]^1.0 + 0.6501 * 1; 0.3251 *  x[0]^1.0 + 0.325 *  x[1]^1.0 + 0.9631 * 1; 0.3251 *  x[0]^1.0 - 0.0001 *  x[1]^1.0 + 0.9631 * 1

2019-05-02-11-13-20   >>>>   End verify ranking function

verifying time = 9.138 ms


Not Found Ranking Fcuntion

Conterexample is 

[0, -1989.2]

sampling time = 3.362 ms


       ########################################         

iteration 4 with 432 examples

2019-05-02-11-13-20   >>>>   Start train ranking function

2019-05-02-11-13-20   >>>>   End train ranking function

train_ranking_functioning time = 7.816 ms


2019-05-02-11-13-20   >>>>   Start verify ranking function

[xr_1 = -9942, xr_0 = 0]
ranking function : 0.9855 *  x[1]^1.0 + 0.6634 * 1; 0.9854 *  x[0]^1.0 + 0.3317 *  x[1]^1.0 + 0.65 * 1; 0.3317 *  x[0]^1.0 + 0.325 *  x[1]^1.0 + 0.65 * 1; 0.325 *  x[0]^1.0 + 0.325 *  x[1]^1.0 + 0.9631 * 1; 0.3251 *  x[0]^1.0 + 0.963 * 1

2019-05-02-11-13-20   >>>>   End verify ranking function

verifying time = 9.065 ms


Not Found Ranking Fcuntion

Conterexample is 

[0, -9942]

sampling time = 3.416 ms


       ########################################         

iteration 5 with 438 examples

2019-05-02-11-13-20   >>>>   Start train ranking function

2019-05-02-11-13-20   >>>>   End train ranking function

train_ranking_functioning time = 8.334 ms


2019-05-02-11-13-20   >>>>   Start verify ranking function

valid ranking function
ranking function : 0.9855 *  x[1]^1.0 + 0.6634 * 1; 0.9855 *  x[0]^1.0 + 0.3317 *  x[1]^1.0 + 0.65 * 1; 0.3317 *  x[0]^1.0 + 0.325 *  x[1]^1.0 + 0.65 * 1; 0.325 *  x[0]^1.0 + 0.325 *  x[1]^1.0 + 0.963 * 1; 0.325 *  x[0]^1.0 + 0.963 * 1

2019-05-02-11-13-20   >>>>   End verify ranking function

verifying time = 17.695 ms


Found Ranking Fcuntion: 0.9855 *  x[1]^1.0 + 0.6634 * 1; 0.9855 *  x[0]^1.0 + 0.3317 *  x[1]^1.0 + 0.65 * 1; 0.3317 *  x[0]^1.0 + 0.325 *  x[1]^1.0 + 0.65 * 1; 0.325 *  x[0]^1.0 + 0.325 *  x[1]^1.0 + 0.963 * 1; 0.325 *  x[0]^1.0 + 0.963 * 1

0.9855 *  x[1]^1.0 + 0.6634 * 1; 0.9855 *  x[0]^1.0 + 0.3317 *  x[1]^1.0 + 0.65 * 1; 0.3317 *  x[0]^1.0 + 0.325 *  x[1]^1.0 + 0.65 * 1; 0.325 *  x[0]^1.0 + 0.325 *  x[1]^1.0 + 0.963 * 1; 0.325 *  x[0]^1.0 + 0.963 * 1
FINITE
Time For ../Program_non/156.bpl Is ---> 3833.561000 ms

