------Using Template 0 -----------
3 [3]
*****************************************************

2019-05-02-11-13-21   >>>>   End sampling point

sampling time = 28.608 ms,


       ########################################         

iteration 0 with 64 examples

2019-05-02-11-13-21   >>>>   Start train ranking function

2019-05-02-11-13-21   >>>>   End train ranking function

train_ranking_functioning time = 0.756 ms


2019-05-02-11-13-21   >>>>   Start verify ranking function

[xr_1 = -2496, xr_0 = 6232512]
ranking function : 0.1998 *  x[0]^1.0 + 0.1001 *  x[1]^1.0 + 0.8846 * 1

2019-05-02-11-13-21   >>>>   End verify ranking function

verifying time = 12.022 ms


Not Found Ranking Fcuntion

Conterexample is 

[6232512, -2496]

sampling time = 0.727 ms


       ########################################         

iteration 1 with 66 examples

2019-05-02-11-13-21   >>>>   Start train ranking function

2019-05-02-11-13-21   >>>>   End train ranking function

train_ranking_functioning time = 1.748 ms


2019-05-02-11-13-21   >>>>   Start verify ranking function

[xr_1 = 9986, xr_0 = 99710210]
ranking function : 0.1999 *  x[0]^1.0 + 0.0999 *  x[1]^1.0 + 0.8846 * 1

2019-05-02-11-13-21   >>>>   End verify ranking function

verifying time = 11.874 ms


Not Found Ranking Fcuntion

Conterexample is 

[99710210, 9986]

sampling time = 0.721 ms


       ########################################         

iteration 2 with 68 examples

2019-05-02-11-13-21   >>>>   Start train ranking function

2019-05-02-11-13-21   >>>>   End train ranking function

train_ranking_functioning time = 1.767 ms


2019-05-02-11-13-21   >>>>   Start verify ranking function

[xr_1 = 9986, xr_0 = 99710210]
ranking function : 0.1999 *  x[0]^1.0 + 0.0999 *  x[1]^1.0 + 0.8846 * 1

2019-05-02-11-13-21   >>>>   End verify ranking function

verifying time = 11.817 ms


Not Found Ranking Fcuntion

Conterexample is 

[99710210, 9986]

sampling time = 0.744 ms


       ########################################         

iteration 3 with 70 examples

2019-05-02-11-13-21   >>>>   Start train ranking function

2019-05-02-11-13-21   >>>>   End train ranking function

train_ranking_functioning time = 1.732 ms


2019-05-02-11-13-21   >>>>   Start verify ranking function

[xr_1 = 9986, xr_0 = 99710210]
ranking function : 0.1999 *  x[0]^1.0 + 0.0999 *  x[1]^1.0 + 0.8846 * 1

2019-05-02-11-13-21   >>>>   End verify ranking function

verifying time = 11.806 ms


Not Found Ranking Fcuntion

Conterexample is 

[99710210, 9986]

sampling time = 0.817 ms


       ########################################         

iteration 4 with 72 examples

2019-05-02-11-13-21   >>>>   Start train ranking function

2019-05-02-11-13-21   >>>>   End train ranking function

train_ranking_functioning time = 1.862 ms


2019-05-02-11-13-21   >>>>   Start verify ranking function

[xr_1 = 9986, xr_0 = 99710210]
ranking function : 0.1999 *  x[0]^1.0 + 0.0999 *  x[1]^1.0 + 0.8846 * 1

2019-05-02-11-13-21   >>>>   End verify ranking function

verifying time = 11.959 ms


Not Found Ranking Fcuntion

Conterexample is 

[99710210, 9986]

sampling time = 0.714 ms


       ########################################         

iteration 5 with 74 examples

2019-05-02-11-13-21   >>>>   Start train ranking function

2019-05-02-11-13-21   >>>>   End train ranking function

train_ranking_functioning time = 1.751 ms


2019-05-02-11-13-21   >>>>   Start verify ranking function

[xr_1 = 9986, xr_0 = 99710210]
ranking function : 0.1999 *  x[0]^1.0 + 0.0999 *  x[1]^1.0 + 0.8846 * 1

2019-05-02-11-13-21   >>>>   End verify ranking function

verifying time = 11.911 ms


Not Found Ranking Fcuntion

Conterexample is 

[99710210, 9986]

sampling time = 0.766 ms


       ########################################         

iteration 6 with 76 examples

2019-05-02-11-13-21   >>>>   Start train ranking function

5
2019-05-02-11-13-21   >>>>   End train ranking function

train_ranking_functioning time = 1.756 ms


2019-05-02-11-13-21   >>>>   Start verify ranking function

[xr_1 = 9986, xr_0 = 99710210]
ranking function : 0.1999 *  x[0]^1.0 + 0.0999 *  x[1]^1.0 + 0.8846 * 1

2019-05-02-11-13-21   >>>>   End verify ranking function

verifying time = 13.012 ms


Not Found Ranking Fcuntion

Conterexample is 

[99710210, 9986]

sampling time = 0.795 ms


       ########################################         

iteration 7 with 78 examples

2019-05-02-11-13-21   >>>>   Start train ranking function

2019-05-02-11-13-21   >>>>   End train ranking function

train_ranking_functioning time = 1.943 ms


2019-05-02-11-13-21   >>>>   Start verify ranking function

[xr_1 = 0, xr_0 = 0]
ranking function : 1.0 * 1

2019-05-02-11-13-21   >>>>   End verify ranking function

verifying time = 8.020 ms


Not Found Ranking Fcuntion

Conterexample is 

[0, 0]

sampling time = 0.822 ms


       ########################################         

iteration 8 with 80 examples

2019-05-02-11-13-21   >>>>   Start train ranking function

2019-05-02-11-13-21   >>>>   End train ranking function

train_ranking_functioning time = 2.022 ms


2019-05-02-11-13-21   >>>>   Start verify ranking function

[xr_1 = 0, xr_0 = 0]
ranking function : 1.0 * 1

2019-05-02-11-13-21   >>>>   End verify ranking function

verifying time = 7.629 ms


Not Found Ranking Fcuntion

Conterexample is 

[0, 0]

sampling time = 0.774 ms


       ########################################         

iteration 9 with 82 examples

2019-05-02-11-13-21   >>>>   Start train ranking function

2019-05-02-11-13-21   >>>>   End train ranking function

train_ranking_functioning time = 2.193 ms


2019-05-02-11-13-21   >>>>   Start verify ranking function

[xr_1 = 0, xr_0 = 0]
ranking function : 1.0 * 1

2019-05-02-11-13-21   >>>>   End verify ranking function

verifying time = 7.728 ms


Not Found Ranking Fcuntion

Conterexample is 

[0, 0]

sampling time = 0.781 ms


Failed to prove it is terminated

UNKNOWN
------Using Template 1 -----------
3 [3]
*****************************************************

2019-05-02-11-13-21   >>>>   End sampling point

sampling time = 32.681 ms,


       ########################################         

iteration 0 with 64 examples

2019-05-02-11-13-21   >>>>   Start train ranking function

2019-05-02-11-13-21   >>>>   End train ranking function

train_ranking_functioning time = 0.902 ms


2019-05-02-11-13-21   >>>>   Start verify ranking function

[xr_1 = 1/8, xr_0 = 6]
ranking function : 0.2258 *  x[0]^-2.0 + 0.1924 *  x[0]^-0.5 *  x[1]^0.5 + 1.5584 *  x[1]^2.0

2019-05-02-11-13-21   >>>>   End verify ranking function

verifying time = 15.867 ms


Not Found Ranking Fcuntion

Conterexample is 

[6, 0.125]

sampling time = 0.799 ms


       ########################################         

iteration 1 with 66 examples

2019-05-02-11-13-21   >>>>   Start train ranking function

2019-05-02-11-13-21   >>>>   End train ranking function

train_ranking_functioning time = 0.946 ms


2019-05-02-11-13-21   >>>>   Start verify ranking function

[xr_1 = 1/8, xr_0 = 6]
ranking function : 0.2133 *  x[0]^-2.0 + 0.294 *  x[0]^-0.5 *  x[1]^0.5 + 1.388 *  x[1]^2.0

2019-05-02-11-13-21   >>>>   End verify ranking function

verifying time = 15.617 ms


Not Found Ranking Fcuntion

Conterexample is 

[6, 0.125]

sampling time = 0.804 ms


       ########################################         

iteration 2 with 68 examples

2019-05-02-11-13-21   >>>>   Start train ranking function

2019-05-02-11-13-21   >>>>   End train ranking function

train_ranking_functioning time = 1.244 ms


2019-05-02-11-13-21   >>>>   Start verify ranking function

[xr_1 = 1/8, xr_0 = 6]
ranking function : 0.2014 *  x[0]^-2.0 + 0.3733 *  x[0]^-0.5 *  x[1]^0.5 + 1.2569 *  x[1]^2.0

2019-05-02-11-13-21   >>>>   End verify ranking function

verifying time = 15.795 ms


Not Found Ranking Fcuntion

Conterexample is 

[6, 0.125]

sampling time = 0.808 ms


       ########################################         

iteration 3 with 70 examples

2019-05-02-11-13-21   >>>>   Start train ranking function

2019-05-02-11-13-21   >>>>   End train ranking function

train_ranking_functioning time = 0.852 ms


2019-05-02-11-13-21   >>>>   Start verify ranking function

[xr_1 = 1/8, xr_0 = 6]
ranking function : 0.1901 *  x[0]^-2.0 + 0.4368 *  x[0]^-0.5 *  x[1]^0.5 + 1.1533 *  x[1]^2.0

2019-05-02-11-13-21   >>>>   End verify ranking function

verifying time = 17.272 ms


Not Found Ranking Fcuntion

Conterexample is 

[6, 0.125]

sampling time = 0.800 ms


       ########################################         

iteration 4 with 72 examples

2019-05-02-11-13-21   >>>>   Start train ranking function

2019-05-02-11-13-21   >>>>   End train ranking function

train_ranking_functioning time = 0.873 ms


2019-05-02-11-13-21   >>>>   Start verify ranking function

[xr_1 = 1/8, xr_0 = 6]
ranking function : 0.1792 *  x[0]^-2.0 + 0.4889 *  x[0]^-0.5 *  x[1]^0.5 + 1.0698 *  x[1]^2.0

2019-05-02-11-13-21   >>>>   End verify ranking function

verifying time = 16.224 ms


Not Found Ranking Fcuntion

Conterexample is 

[6, 0.125]

sampling time = 0.804 ms


       ########################################         

iteration 5 with 74 examples

2019-05-02-11-13-21   >>>>   Start train ranking function

2019-05-02-11-13-21   >>>>   End train ranking function

train_ranking_functioning time = 0.914 ms


2019-05-02-11-13-21   >>>>   Start verify ranking function

[xr_1 = 1/8, xr_0 = 6]
ranking function : 0.1685 *  x[0]^-2.0 + 0.5324 *  x[0]^-0.5 *  x[1]^0.5 + 1.0013 *  x[1]^2.0

2019-05-02-11-13-21   >>>>   End verify ranking function

verifying time = 15.949 ms


Not Found Ranking Fcuntion

Conterexample is 

[6, 0.125]

sampling time = 0.877 ms


       ########################################         

iteration 6 with 76 examples

2019-05-02-11-13-21   >>>>   Start train ranking function

2019-05-02-11-13-21   >>>>   End train ranking function

train_ranking_functioning time = 0.929 ms


2019-05-02-11-13-21   >>>>   Start verify ranking function

[xr_1 = 1/8, xr_0 = 6]
ranking function : 0.1581 *  x[0]^-2.0 + 0.5653 *  x[0]^-0.5 *  x[1]^0.5 + 0.9754 *  x[1]^2.0

2019-05-02-11-13-21   >>>>   End verify ranking function

verifying time = 15.833 ms


Not Found Ranking Fcuntion

Conterexample is 

[6, 0.125]

sampling time = 0.810 ms


       ########################################         

iteration 7 with 78 examples

2019-05-02-11-13-21   >>>>   Start train ranking function

2019-05-02-11-13-21   >>>>   End train ranking function

train_ranking_functioning time = 0.991 ms


2019-05-02-11-13-21   >>>>   Start verify ranking function

[xr_1 = 1/8, xr_0 = 6]
ranking function : 0.1478 *  x[0]^-2.0 + 0.594 *  x[0]^-0.5 *  x[1]^0.5 + 0.9539 *  x[1]^2.0

2019-05-02-11-13-21   >>>>   End verify ranking function

verifying time = 15.789 ms


Not Found Ranking Fcuntion

Conterexample is 

[6, 0.125]

sampling time = 0.801 ms


       ########################################         

iteration 8 with 80 examples

2019-05-02-11-13-21   >>>>   Start train ranking function

2019-05-02-11-13-21   >>>>   End train ranking function

train_ranking_functioning time = 0.978 ms


2019-05-02-11-13-21   >>>>   Start verify ranking function

[xr_1 = 1/8, xr_0 = 6]
ranking function : 0.1379 *  x[0]^-2.0 + 0.6192 *  x[0]^-0.5 *  x[1]^0.5 + 0.9353 *  x[1]^2.0

2019-05-02-11-13-21   >>>>   End verify ranking function

verifying time = 15.675 ms


Not Found Ranking Fcuntion

Conterexample is 

[6, 0.125]

sampling time = 0.841 ms


       ########################################         

iteration 9 with 82 examples

2019-05-02-11-13-21   >>>>   Start train ranking function

2019-05-02-11-13-21   >>>>   End train ranking function

train_ranking_functioning time = 1.007 ms


2019-05-02-11-13-21   >>>>   Start verify ranking function

[xr_1 = 1/8, xr_0 = 6]
ranking function : 0.1281 *  x[0]^-2.0 + 0.6416 *  x[0]^-0.5 *  x[1]^0.5 + 0.9193 *  x[1]^2.0

2019-05-02-11-13-21   >>>>   End verify ranking function

verifying time = 15.784 ms


Not Found Ranking Fcuntion

Conterexample is 

[6, 0.125]

sampling time = 0.805 ms


Failed to prove it is terminated

UNKNOWN
------Using Template 2 -----------
9 [3, 3, 3]
*****************************************************

2019-05-02-11-13-21   >>>>   End sampling point

sampling time = 70.849 ms,


       ########################################         

iteration 0 with 128 examples

2019-05-02-11-13-21   >>>>   Start train ranking function

2019-05-02-11-13-21   >>>>   End train ranking function

train_ranking_functioning time = 0.837 ms


2019-05-02-11-13-21   >>>>   Start verify ranking function

[xr_1 = 1998, xr_0 = 3990006]
ranking function : 0.1999 *  x[0]^1.0 + 0.0997 *  x[1]^1.0 + 0.0425 * 1; 0.191 *  x[0]^1.0 + 0.0429 *  x[1]^1.0 + 0.0347 * 1; 0.1919 *  x[0]^1.0 + 0.098 *  x[1]^1.0 + 0.8857 * 1

2019-05-02-11-13-21   >>>>   End verify ranking function

verifying time = 12.401 ms


Not Found Ranking Fcuntion

Conterexample is 

[3990006, 1998]

sampling time = 2.042 ms


       ########################################         

iteration 1 with 132 examples

2019-05-02-11-13-21   >>>>   Start train ranking function

2019-05-02-11-13-21   >>>>   End train ranking function

train_ranking_functioning time = 1.927 ms


2019-05-02-11-13-21   >>>>   Start verify ranking function

[xr_1 = 9986, xr_0 = 99710210]
ranking function : 0.1999 *  x[0]^1.0 + 0.0999 *  x[1]^1.0 + 0.0425 * 1; 0.191 *  x[0]^1.0 + 0.0428 *  x[1]^1.0 + 0.0347 * 1; 0.1919 *  x[0]^1.0 + 0.098 *  x[1]^1.0 + 0.8857 * 1

2019-05-02-11-13-21   >>>>   End verify ranking function

verifying time = 12.025 ms


Not Found Ranking Fcuntion

Conterexample is 

[99710210, 9986]

sampling time = 2.089 ms


       ########################################         

iteration 2 with 136 examples

2019-05-02-11-13-21   >>>>   Start train ranking function

2019-05-02-11-13-21   >>>>   End train ranking function

train_ranking_functioning time = 1.982 ms


2019-05-02-11-13-21   >>>>   Start verify ranking function

[xr_1 = 9986, xr_0 = 99710210]
ranking function : 0.1999 *  x[0]^1.0 + 0.0999 *  x[1]^1.0 + 0.0425 * 1; 0.191 *  x[0]^1.0 + 0.0428 *  x[1]^1.0 + 0.0347 * 1; 0.1919 *  x[0]^1.0 + 0.098 *  x[1]^1.0 + 0.8857 * 1

2019-05-02-11-13-21   >>>>   End verify ranking function

verifying time = 11.928 ms


Not Found Ranking Fcuntion

Conterexample is 

[99710210, 9986]

sampling time = 1.985 ms


       ########################################         

iteration 3 with 140 examples

2019-05-02-11-13-21   >>>>   Start train ranking function

2019-05-02-11-13-21   >>>>   End train ranking function

train_ranking_functioning time = 2.002 ms


2019-05-02-11-13-21   >>>>   Start verify ranking function

[xr_1 = 9986, xr_0 = 99710210]
ranking function : 0.1999 *  x[0]^1.0 + 0.0999 *  x[1]^1.0 + 0.0425 * 1; 0.191 *  x[0]^1.0 + 0.0428 *  x[1]^1.0 + 0.0347 * 1; 0.1919 *  x[0]^1.0 + 0.098 *  x[1]^1.0 + 0.8857 * 1

2019-05-02-11-13-21   >>>>   End verify ranking function

verifying time = 11.946 ms


Not Found Ranking Fcuntion

Conterexample is 

[99710210, 9986]

sampling time = 2.026 ms


       ########################################         

iteration 4 with 144 examples

2019-05-02-11-13-21   >>>>   Start train ranking function

2019-05-02-11-13-21   >>>>   End train ranking function

train_ranking_functioning time = 1.951 ms


2019-05-02-11-13-21   >>>>   Start verify ranking function

[xr_1 = 9986, xr_0 = 99710210]
ranking function : 0.1999 *  x[0]^1.0 + 0.0999 *  x[1]^1.0 + 0.0425 * 1; 0.191 *  x[0]^1.0 + 0.0428 *  x[1]^1.0 + 0.0347 * 1; 0.1919 *  x[0]^1.0 + 0.098 *  x[1]^1.0 + 0.8857 * 1

2019-05-02-11-13-21   >>>>   End verify ranking function

verifying time = 11.935 ms


Not Found Ranking Fcuntion

Conterexample is 

[99710210, 9986]

sampling time = 1.973 ms


       ########################################         

iteration 5 with 148 examples

2019-05-02-11-13-21   >>>>   Start train ranking function

2019-05-02-11-13-21   >>>>   End train ranking function

train_ranking_functioning time = 2.023 ms


2019-05-02-11-13-21   >>>>   Start verify ranking function

[xr_1 = 9986, xr_0 = 99710210]
ranking function : 0.1999 *  x[0]^1.0 + 0.0999 *  x[1]^1.0 + 0.0425 * 1; 0.191 *  x[0]^1.0 + 0.0428 *  x[1]^1.0 + 0.0347 * 1; 0.1919 *  x[0]^1.0 + 0.098 *  x[1]^1.0 + 0.8857 * 1

2019-05-02-11-13-21   >>>>   End verify ranking function

verifying time = 11.948 ms


Not Found Ranking Fcuntion

Conterexample is 

[99710210, 9986]

sampling time = 2.204 ms


       ########################################         

iteration 6 with 152 examples

2019-05-02-11-13-21   >>>>   Start train ranking function

5
2019-05-02-11-13-21   >>>>   End train ranking function

train_ranking_functioning time = 2.170 ms


2019-05-02-11-13-21   >>>>   Start verify ranking function

[xr_1 = 9986, xr_0 = 99710210]
ranking function : 0.1999 *  x[0]^1.0 + 0.0999 *  x[1]^1.0 + 0.0425 * 1; 0.191 *  x[0]^1.0 + 0.0428 *  x[1]^1.0 + 0.0347 * 1; 0.1919 *  x[0]^1.0 + 0.098 *  x[1]^1.0 + 0.8857 * 1

2019-05-02-11-13-21   >>>>   End verify ranking function

verifying time = 13.060 ms


Not Found Ranking Fcuntion

Conterexample is 

[99710210, 9986]

sampling time = 2.002 ms


       ########################################         

iteration 7 with 156 examples

2019-05-02-11-13-21   >>>>   Start train ranking function

2019-05-02-11-13-21   >>>>   End train ranking function

train_ranking_functioning time = 2.008 ms


2019-05-02-11-13-21   >>>>   Start verify ranking function

[xr_1 = 0, xr_0 = 0]
ranking function : ; ; 1.0 * 1

2019-05-02-11-13-21   >>>>   End verify ranking function

verifying time = 7.435 ms


Not Found Ranking Fcuntion

Conterexample is 

[0, 0]

sampling time = 2.009 ms


       ########################################         

iteration 8 with 160 examples

2019-05-02-11-13-21   >>>>   Start train ranking function

2019-05-02-11-13-21   >>>>   End train ranking function

train_ranking_functioning time = 2.145 ms


2019-05-02-11-13-21   >>>>   Start verify ranking function

[xr_1 = 0, xr_0 = 0]
ranking function : ; ; 1.0 * 1

2019-05-02-11-13-21   >>>>   End verify ranking function

verifying time = 6.926 ms


Not Found Ranking Fcuntion

Conterexample is 

[0, 0]

sampling time = 2.023 ms


       ########################################         

iteration 9 with 164 examples

2019-05-02-11-13-21   >>>>   Start train ranking function

2019-05-02-11-13-21   >>>>   End train ranking function

train_ranking_functioning time = 2.379 ms


2019-05-02-11-13-21   >>>>   Start verify ranking function

[xr_1 = 0, xr_0 = 0]
ranking function : ; ; 1.0 * 1

2019-05-02-11-13-21   >>>>   End verify ranking function

verifying time = 6.890 ms


Not Found Ranking Fcuntion

Conterexample is 

[0, 0]

sampling time = 2.054 ms


Failed to prove it is terminated

UNKNOWN
------Using Template 3 -----------
10 [2, 4, 4]
*****************************************************

2019-05-02-11-13-22   >>>>   End sampling point

sampling time = 89.875 ms,


       ########################################         

iteration 0 with 128 examples

2019-05-02-11-13-22   >>>>   Start train ranking function

2019-05-02-11-13-22   >>>>   End train ranking function

train_ranking_functioning time = 2.180 ms


2019-05-02-11-13-22   >>>>   Start verify ranking function

[xr_1 = 1/8, xr_0 = 3]
ranking function : 0.0378 *  x[0]^2.0 *  x[1]^2.0 - 0.005 *  x[0]^3.0 *  x[1]^-1.0;  - 0.1344 *  x[0]^2.0 *  x[1]^0.5 + 0.084 *  x[0]^1.0 *  x[1]^3.0; 0.7428 *  x[0]^3.0 + 0.0539 *  x[0]^-2.0 *  x[1]^3.0 + 0.0135 *  x[0]^0.5 *  x[1]^-0.5 + 0.6712 *  x[1]^-2.0

2019-05-02-11-13-22   >>>>   End verify ranking function

verifying time = 14.596 ms


Not Found Ranking Fcuntion

Conterexample is 

[3, 0.125]

sampling time = 2.539 ms


       ########################################         

iteration 1 with 132 examples

2019-05-02-11-13-22   >>>>   Start train ranking function

2019-05-02-11-13-22   >>>>   End train ranking function

train_ranking_functioning time = 2.392 ms


2019-05-02-11-13-22   >>>>   Start verify ranking function

[xr_1 = 1/8, xr_0 = 1]
ranking function : 0.0316 *  x[0]^2.0 *  x[1]^2.0 + 0.0061 *  x[0]^3.0 *  x[1]^-1.0;  - 0.1442 *  x[0]^2.0 *  x[1]^0.5 + 0.108 *  x[0]^1.0 *  x[1]^3.0; 0.7428 *  x[0]^3.0 + 0.0539 *  x[0]^-2.0 *  x[1]^3.0 + 0.0135 *  x[0]^0.5 *  x[1]^-0.5 + 0.6712 *  x[1]^-2.0

2019-05-02-11-13-22   >>>>   End verify ranking function

verifying time = 14.497 ms


Not Found Ranking Fcuntion

Conterexample is 

[1, 0.125]

sampling time = 2.614 ms


       ########################################         

iteration 2 with 136 examples

2019-05-02-11-13-22   >>>>   Start train ranking function

2019-05-02-11-13-22   >>>>   End train ranking function

train_ranking_functioning time = 2.264 ms


2019-05-02-11-13-22   >>>>   Start verify ranking function

[xr_1 = 1/8, xr_0 = 1]
ranking function : 0.0229 *  x[0]^2.0 *  x[1]^2.0 + 0.0061 *  x[0]^3.0 *  x[1]^-1.0;  - 0.1198 *  x[0]^2.0 *  x[1]^0.5 + 0.079 *  x[0]^1.0 *  x[1]^3.0; 0.7428 *  x[0]^3.0 + 0.0539 *  x[0]^-2.0 *  x[1]^3.0 + 0.0135 *  x[0]^0.5 *  x[1]^-0.5 + 0.6712 *  x[1]^-2.0

2019-05-02-11-13-22   >>>>   End verify ranking function

verifying time = 14.775 ms


Not Found Ranking Fcuntion

Conterexample is 

[1, 0.125]

sampling time = 2.617 ms


       ########################################         

iteration 3 with 140 examples

2019-05-02-11-13-22   >>>>   Start train ranking function

2019-05-02-11-13-22   >>>>   End train ranking function

train_ranking_functioning time = 2.392 ms


2019-05-02-11-13-22   >>>>   Start verify ranking function

[xr_1 = 1/8, xr_0 = 3]
ranking function : 0.0357 *  x[0]^2.0 *  x[1]^2.0 - 0.0165 *  x[0]^3.0 *  x[1]^-1.0;  - 0.1251 *  x[0]^2.0 *  x[1]^0.5 + 0.0816 *  x[0]^1.0 *  x[1]^3.0; 0.7428 *  x[0]^3.0 + 0.0539 *  x[0]^-2.0 *  x[1]^3.0 + 0.0135 *  x[0]^0.5 *  x[1]^-0.5 + 0.6712 *  x[1]^-2.0

2019-05-02-11-13-22   >>>>   End verify ranking function

verifying time = 14.801 ms


Not Found Ranking Fcuntion

Conterexample is 

[3, 0.125]

sampling time = 2.611 ms


       ########################################         

iteration 4 with 144 examples

2019-05-02-11-13-22   >>>>   Start train ranking function

2019-05-02-11-13-22   >>>>   End train ranking function

train_ranking_functioning time = 2.568 ms


2019-05-02-11-13-22   >>>>   Start verify ranking function

[xr_1 = 1/8, xr_0 = 3]
ranking function : 0.0419 *  x[0]^2.0 *  x[1]^2.0 - 0.0013 *  x[0]^3.0 *  x[1]^-1.0;  - 0.1378 *  x[0]^2.0 *  x[1]^0.5 + 0.0973 *  x[0]^1.0 *  x[1]^3.0; 0.7428 *  x[0]^3.0 + 0.0539 *  x[0]^-2.0 *  x[1]^3.0 + 0.0135 *  x[0]^0.5 *  x[1]^-0.5 + 0.6712 *  x[1]^-2.0

2019-05-02-11-13-22   >>>>   End verify ranking function

verifying time = 14.823 ms


Not Found Ranking Fcuntion

Conterexample is 

[3, 0.125]

sampling time = 2.588 ms


       ########################################         

iteration 5 with 148 examples

2019-05-02-11-13-22   >>>>   Start train ranking function

2019-05-02-11-13-22   >>>>   End train ranking function

train_ranking_functioning time = 2.576 ms


2019-05-02-11-13-22   >>>>   Start verify ranking function

[xr_1 = 1/8, xr_0 = 1]
ranking function : 0.0309 *  x[0]^2.0 *  x[1]^2.0 + 0.021 *  x[0]^3.0 *  x[1]^-1.0;  - 0.1312 *  x[0]^2.0 *  x[1]^0.5 + 0.0957 *  x[0]^1.0 *  x[1]^3.0; 0.7428 *  x[0]^3.0 + 0.0539 *  x[0]^-2.0 *  x[1]^3.0 + 0.0135 *  x[0]^0.5 *  x[1]^-0.5 + 0.6712 *  x[1]^-2.0

2019-05-02-11-13-22   >>>>   End verify ranking function

verifying time = 14.494 ms


Not Found Ranking Fcuntion

Conterexample is 

[1, 0.125]

sampling time = 2.577 ms


       ########################################         

iteration 6 with 152 examples

2019-05-02-11-13-22   >>>>   Start train ranking function

2019-05-02-11-13-22   >>>>   End train ranking function

train_ranking_functioning time = 2.717 ms


2019-05-02-11-13-22   >>>>   Start verify ranking function

[xr_1 = 1/8, xr_0 = 1]
ranking function : 0.0373 *  x[0]^2.0 *  x[1]^2.0 + 0.0136 *  x[0]^3.0 *  x[1]^-1.0;  - 0.1373 *  x[0]^2.0 *  x[1]^0.5 + 0.0992 *  x[0]^1.0 *  x[1]^3.0; 0.7428 *  x[0]^3.0 + 0.0539 *  x[0]^-2.0 *  x[1]^3.0 + 0.0135 *  x[0]^0.5 *  x[1]^-0.5 + 0.6712 *  x[1]^-2.0

2019-05-02-11-13-22   >>>>   End verify ranking function

verifying time = 14.653 ms


Not Found Ranking Fcuntion

Conterexample is 

[1, 0.125]

sampling time = 2.543 ms


       ########################################         

iteration 7 with 156 examples

2019-05-02-11-13-22   >>>>   Start train ranking function

2019-05-02-11-13-22   >>>>   End train ranking function

train_ranking_functioning time = 2.908 ms


2019-05-02-11-13-22   >>>>   Start verify ranking function

[xr_1 = 1/8, xr_0 = 1]
ranking function : 0.0365 *  x[0]^2.0 *  x[1]^2.0 + 0.0106 *  x[0]^3.0 *  x[1]^-1.0;  - 0.1347 *  x[0]^2.0 *  x[1]^0.5 + 0.0943 *  x[0]^1.0 *  x[1]^3.0; 0.7428 *  x[0]^3.0 + 0.0539 *  x[0]^-2.0 *  x[1]^3.0 + 0.0135 *  x[0]^0.5 *  x[1]^-0.5 + 0.6712 *  x[1]^-2.0

2019-05-02-11-13-22   >>>>   End verify ranking function

verifying time = 15.948 ms


Not Found Ranking Fcuntion

Conterexample is 

[1, 0.125]

sampling time = 2.575 ms


       ########################################         

iteration 8 with 160 examples

2019-05-02-11-13-22   >>>>   Start train ranking function

2019-05-02-11-13-22   >>>>   End train ranking function

train_ranking_functioning time = 2.860 ms


2019-05-02-11-13-22   >>>>   Start verify ranking function

[xr_1 = 1/8, xr_0 = 1]
ranking function : 0.0331 *  x[0]^2.0 *  x[1]^2.0 + 0.009 *  x[0]^3.0 *  x[1]^-1.0;  - 0.136 *  x[0]^2.0 *  x[1]^0.5 + 0.0882 *  x[0]^1.0 *  x[1]^3.0; 0.7428 *  x[0]^3.0 + 0.0539 *  x[0]^-2.0 *  x[1]^3.0 + 0.0135 *  x[0]^0.5 *  x[1]^-0.5 + 0.6712 *  x[1]^-2.0

2019-05-02-11-13-22   >>>>   End verify ranking function

verifying time = 14.850 ms


Not Found Ranking Fcuntion

Conterexample is 

[1, 0.125]

sampling time = 2.607 ms


       ########################################         

iteration 9 with 164 examples

2019-05-02-11-13-22   >>>>   Start train ranking function

2019-05-02-11-13-22   >>>>   End train ranking function

train_ranking_functioning time = 3.053 ms


2019-05-02-11-13-22   >>>>   Start verify ranking function

[xr_1 = 1/8, xr_0 = 3]
ranking function : 0.0377 *  x[0]^2.0 *  x[1]^2.0 - 0.0107 *  x[0]^3.0 *  x[1]^-1.0;  - 0.1464 *  x[0]^2.0 *  x[1]^0.5 + 0.0895 *  x[0]^1.0 *  x[1]^3.0; 0.7428 *  x[0]^3.0 + 0.0539 *  x[0]^-2.0 *  x[1]^3.0 + 0.0135 *  x[0]^0.5 *  x[1]^-0.5 + 0.6712 *  x[1]^-2.0

2019-05-02-11-13-22   >>>>   End verify ranking function

verifying time = 14.721 ms


Not Found Ranking Fcuntion

Conterexample is 

[3, 0.125]

sampling time = 2.607 ms


Failed to prove it is terminated

UNKNOWN
------Using Template 4 -----------
15 [3, 3, 3, 3, 3]
*****************************************************

2019-05-02-11-13-22   >>>>   End sampling point

sampling time = 113.749 ms,


       ########################################         

iteration 0 with 192 examples

2019-05-02-11-13-22   >>>>   Start train ranking function

2019-05-02-11-13-22   >>>>   End train ranking function

train_ranking_functioning time = 1.007 ms


2019-05-02-11-13-22   >>>>   Start verify ranking function

[xr_1 = 1998, xr_0 = 3990006]
ranking function : 0.1999 *  x[0]^1.0 + 0.0997 *  x[1]^1.0 + 0.0407 * 1; 0.1911 *  x[0]^1.0 + 0.0457 *  x[1]^1.0 + 0.0424 * 1; 0.191 *  x[0]^1.0 + 0.0701 *  x[1]^1.0 + 0.0438 * 1; 0.1909 *  x[0]^1.0 + 0.0558 *  x[1]^1.0 + 0.0347 * 1; 0.1919 *  x[0]^1.0 + 0.098 *  x[1]^1.0 + 0.8857 * 1

2019-05-02-11-13-22   >>>>   End verify ranking function

verifying time = 12.037 ms


Not Found Ranking Fcuntion

Conterexample is 

[3990006, 1998]

sampling time = 3.338 ms


       ########################################         

iteration 1 with 198 examples

2019-05-02-11-13-22   >>>>   Start train ranking function

2019-05-02-11-13-22   >>>>   End train ranking function

train_ranking_functioning time = 2.316 ms


2019-05-02-11-13-22   >>>>   Start verify ranking function

valid ranking function
ranking function : 0.1998 *  x[0]^1.0 + 0.0999 *  x[1]^1.0 + 0.0407 * 1; 0.1911 *  x[0]^1.0 + 0.0456 *  x[1]^1.0 + 0.0424 * 1; 0.191 *  x[0]^1.0 + 0.0701 *  x[1]^1.0 + 0.0438 * 1; 0.1909 *  x[0]^1.0 + 0.0558 *  x[1]^1.0 + 0.0347 * 1; 0.1919 *  x[0]^1.0 + 0.098 *  x[1]^1.0 + 0.8857 * 1

2019-05-02-11-13-22   >>>>   End verify ranking function

verifying time = 18.191 ms


Found Ranking Fcuntion: 0.1998 *  x[0]^1.0 + 0.0999 *  x[1]^1.0 + 0.0407 * 1; 0.1911 *  x[0]^1.0 + 0.0456 *  x[1]^1.0 + 0.0424 * 1; 0.191 *  x[0]^1.0 + 0.0701 *  x[1]^1.0 + 0.0438 * 1; 0.1909 *  x[0]^1.0 + 0.0558 *  x[1]^1.0 + 0.0347 * 1; 0.1919 *  x[0]^1.0 + 0.098 *  x[1]^1.0 + 0.8857 * 1

0.1998 *  x[0]^1.0 + 0.0999 *  x[1]^1.0 + 0.0407 * 1; 0.1911 *  x[0]^1.0 + 0.0456 *  x[1]^1.0 + 0.0424 * 1; 0.191 *  x[0]^1.0 + 0.0701 *  x[1]^1.0 + 0.0438 * 1; 0.1909 *  x[0]^1.0 + 0.0558 *  x[1]^1.0 + 0.0347 * 1; 0.1919 *  x[0]^1.0 + 0.098 *  x[1]^1.0 + 0.8857 * 1
FINATE
Time For ../Program_non/157.bpl Is ---> 1321.592000 ms

