------Using Template 0 -----------
4 [4]
*****************************************************

2019-05-02-11-30-07   >>>>   End sampling point

sampling time = 10.421 ms,


       ########################################         

iteration 0 with 6 examples

2019-05-02-11-30-07   >>>>   Start train ranking function

2019-05-02-11-30-07   >>>>   End train ranking function

train_ranking_functioning time = 0.435 ms


2019-05-02-11-30-07   >>>>   Start verify ranking function

ranking function :  - 0.6467 *  x[0]^1.0 - 0.1302 *  x[1]^1.0 + 0.7455 *  x[2]^1.0 + 0.8781 * 1

2019-05-02-11-30-07   >>>>   End verify ranking function

verifying time = 8.957 ms


Not Found Ranking Fcuntion

Conterexample is 

[3.8555744549250037, 1, 1]

sampling time = 1.009 ms


       ########################################         

iteration 1 with 8 examples

2019-05-02-11-30-07   >>>>   Start train ranking function

2019-05-02-11-30-07   >>>>   End train ranking function

train_ranking_functioning time = 0.313 ms


2019-05-02-11-30-07   >>>>   Start verify ranking function

ranking function :  - 0.1235 *  x[0]^1.0 - 0.4464 *  x[1]^1.0 + 0.685 *  x[2]^1.0 + 0.895 * 1

2019-05-02-11-30-07   >>>>   End verify ranking function

verifying time = 8.812 ms


Not Found Ranking Fcuntion

Conterexample is 

[17.276113360323887, 1, 1]

sampling time = 1.017 ms


       ########################################         

iteration 2 with 10 examples

2019-05-02-11-30-07   >>>>   Start train ranking function

2019-05-02-11-30-07   >>>>   End train ranking function

train_ranking_functioning time = 0.367 ms


2019-05-02-11-30-07   >>>>   Start verify ranking function

valid ranking function
ranking function : 0.0012 *  x[0]^1.0 - 0.5296 *  x[1]^1.0 + 0.5956 *  x[2]^1.0 + 0.8521 * 1

2019-05-02-11-30-07   >>>>   End verify ranking function

verifying time = 7.757 ms


Found Ranking Fcuntion: 0.0012 *  x[0]^1.0 - 0.5296 *  x[1]^1.0 + 0.5956 *  x[2]^1.0 + 0.8521 * 1

0.0012 *  x[0]^1.0 - 0.5296 *  x[1]^1.0 + 0.5956 *  x[2]^1.0 + 0.8521 * 1
FINITE
Time For ../Program_non/164.bpl Is ---> 267.603000 ms

