------Using Template 0 -----------
2 [2]
*****************************************************

2019-05-02-11-30-10   >>>>   End sampling point

sampling time = 50.132 ms,


       ########################################         

iteration 0 with 204 examples

2019-05-02-11-30-10   >>>>   Start train ranking function

2019-05-02-11-30-10   >>>>   End train ranking function

train_ranking_functioning time = 7.902 ms


2019-05-02-11-30-10   >>>>   Start verify ranking function

[xi_0 = 1]
ranking function : 1.0 * 1

2019-05-02-11-30-10   >>>>   End verify ranking function

verifying time = 8.117 ms


Not Found Ranking Fcuntion

Conterexample is 

[1]

sampling time = 0.520 ms


       ########################################         

iteration 1 with 206 examples

2019-05-02-11-30-10   >>>>   Start train ranking function

2019-05-02-11-30-10   >>>>   End train ranking function

train_ranking_functioning time = 8.590 ms


2019-05-02-11-30-10   >>>>   Start verify ranking function

[xi_0 = 1]
ranking function : 1.0 * 1

2019-05-02-11-30-10   >>>>   End verify ranking function

verifying time = 7.832 ms


Not Found Ranking Fcuntion

Conterexample is 

[1]

sampling time = 0.554 ms


       ########################################         

iteration 2 with 208 examples

2019-05-02-11-30-10   >>>>   Start train ranking function

2019-05-02-11-30-10   >>>>   End train ranking function

train_ranking_functioning time = 8.813 ms


2019-05-02-11-30-10   >>>>   Start verify ranking function

[xi_0 = 1]
ranking function : 1.0 * 1

2019-05-02-11-30-10   >>>>   End verify ranking function

verifying time = 7.492 ms


Not Found Ranking Fcuntion

Conterexample is 

[1]

sampling time = 0.485 ms


       ########################################         

iteration 3 with 210 examples

2019-05-02-11-30-10   >>>>   Start train ranking function

2019-05-02-11-30-10   >>>>   End train ranking function

train_ranking_functioning time = 8.568 ms


2019-05-02-11-30-10   >>>>   Start verify ranking function

[xi_0 = 1]
ranking function : 1.0 * 1

2019-05-02-11-30-10   >>>>   End verify ranking function

verifying time = 6.732 ms


Not Found Ranking Fcuntion

Conterexample is 

[1]

sampling time = 0.475 ms


       ########################################         

iteration 4 with 212 examples

2019-05-02-11-30-10   >>>>   Start train ranking function

2019-05-02-11-30-10   >>>>   End train ranking function

train_ranking_functioning time = 8.115 ms


2019-05-02-11-30-10   >>>>   Start verify ranking function

[xi_0 = 1]
ranking function : 1.0 * 1

2019-05-02-11-30-10   >>>>   End verify ranking function

verifying time = 6.645 ms


Not Found Ranking Fcuntion

Conterexample is 

[1]

sampling time = 0.456 ms


       ########################################         

iteration 5 with 214 examples

2019-05-02-11-30-10   >>>>   Start train ranking function

5
2019-05-02-11-30-10   >>>>   End train ranking function

train_ranking_functioning time = 8.073 ms


2019-05-02-11-30-10   >>>>   Start verify ranking function

[xi_0 = 1]
ranking function : 1.0 * 1

2019-05-02-11-30-10   >>>>   End verify ranking function

verifying time = 6.576 ms


Not Found Ranking Fcuntion

Conterexample is 

[1]

sampling time = 0.459 ms


       ########################################         

iteration 6 with 216 examples

2019-05-02-11-30-10   >>>>   Start train ranking function

2019-05-02-11-30-10   >>>>   End train ranking function

train_ranking_functioning time = 8.127 ms


2019-05-02-11-30-10   >>>>   Start verify ranking function

[xi_0 = 1]
ranking function : 1.0 * 1

2019-05-02-11-30-10   >>>>   End verify ranking function

verifying time = 6.573 ms


Not Found Ranking Fcuntion

Conterexample is 

[1]

sampling time = 0.458 ms


       ########################################         

iteration 7 with 218 examples

2019-05-02-11-30-10   >>>>   Start train ranking function

2019-05-02-11-30-10   >>>>   End train ranking function

train_ranking_functioning time = 8.407 ms


2019-05-02-11-30-10   >>>>   Start verify ranking function

[xi_0 = 1]
ranking function : 1.0 * 1

2019-05-02-11-30-10   >>>>   End verify ranking function

verifying time = 6.631 ms


Not Found Ranking Fcuntion

Conterexample is 

[1]

sampling time = 0.472 ms


       ########################################         

iteration 8 with 220 examples

2019-05-02-11-30-10   >>>>   Start train ranking function

2019-05-02-11-30-10   >>>>   End train ranking function

train_ranking_functioning time = 8.294 ms


2019-05-02-11-30-10   >>>>   Start verify ranking function

[xi_0 = 1]
ranking function : 1.0 * 1

2019-05-02-11-30-10   >>>>   End verify ranking function

verifying time = 6.587 ms


Not Found Ranking Fcuntion

Conterexample is 

[1]

sampling time = 0.466 ms


       ########################################         

iteration 9 with 222 examples

2019-05-02-11-30-10   >>>>   Start train ranking function

2019-05-02-11-30-10   >>>>   End train ranking function

train_ranking_functioning time = 8.405 ms


2019-05-02-11-30-10   >>>>   Start verify ranking function

[xi_0 = 1]
ranking function : 1.0 * 1

2019-05-02-11-30-10   >>>>   End verify ranking function

verifying time = 6.698 ms


Not Found Ranking Fcuntion

Conterexample is 

[1]

sampling time = 0.460 ms


Failed to prove it is terminated

UNKNOWN
------Using Template 1 -----------
2 [2]
*****************************************************

2019-05-02-11-30-10   >>>>   End sampling point

sampling time = 57.792 ms,


       ########################################         

iteration 0 with 204 examples

2019-05-02-11-30-10   >>>>   Start train ranking function

2019-05-02-11-30-10   >>>>   End train ranking function

train_ranking_functioning time = 0.702 ms


2019-05-02-11-30-10   >>>>   Start verify ranking function

[xi_0 = -1]
ranking function : 0.2 *  x[0]^-2.0 + 0.2 *  x[0]^-2.0

2019-05-02-11-30-10   >>>>   End verify ranking function

verifying time = 19.947 ms


Not Found Ranking Fcuntion

Conterexample is 

[-1]

sampling time = 0.582 ms


       ########################################         

iteration 1 with 206 examples

2019-05-02-11-30-10   >>>>   Start train ranking function

2019-05-02-11-30-10   >>>>   End train ranking function

train_ranking_functioning time = 0.720 ms


2019-05-02-11-30-10   >>>>   Start verify ranking function

[xi_0 = -1]
ranking function : 0.2 *  x[0]^-2.0 + 0.2 *  x[0]^-2.0

2019-05-02-11-30-10   >>>>   End verify ranking function

verifying time = 25.034 ms


Not Found Ranking Fcuntion

Conterexample is 

[-1]

sampling time = 0.521 ms


       ########################################         

iteration 2 with 208 examples

2019-05-02-11-30-10   >>>>   Start train ranking function

2019-05-02-11-30-10   >>>>   End train ranking function

train_ranking_functioning time = 0.755 ms


2019-05-02-11-30-10   >>>>   Start verify ranking function

[xi_0 = -1]
ranking function : 0.3 *  x[0]^-2.0 + 0.3 *  x[0]^-2.0

2019-05-02-11-30-10   >>>>   End verify ranking function

verifying time = 16.551 ms


Not Found Ranking Fcuntion

Conterexample is 

[-1]

sampling time = 0.591 ms


       ########################################         

iteration 3 with 210 examples

2019-05-02-11-30-10   >>>>   Start train ranking function

2019-05-02-11-30-10   >>>>   End train ranking function

train_ranking_functioning time = 0.767 ms


2019-05-02-11-30-10   >>>>   Start verify ranking function

[xi_0 = -1]
ranking function : 0.3 *  x[0]^-2.0 + 0.3 *  x[0]^-2.0

2019-05-02-11-30-10   >>>>   End verify ranking function

verifying time = 18.882 ms


Not Found Ranking Fcuntion

Conterexample is 

[-1]

sampling time = 0.535 ms


       ########################################         

iteration 4 with 212 examples

2019-05-02-11-30-10   >>>>   Start train ranking function

2019-05-02-11-30-10   >>>>   End train ranking function

train_ranking_functioning time = 0.773 ms


2019-05-02-11-30-10   >>>>   Start verify ranking function

[xi_0 = -1]
ranking function : 0.4 *  x[0]^-2.0 + 0.4 *  x[0]^-2.0

2019-05-02-11-30-10   >>>>   End verify ranking function

verifying time = 17.020 ms


Not Found Ranking Fcuntion

Conterexample is 

[-1]

sampling time = 0.647 ms


       ########################################         

iteration 5 with 214 examples

2019-05-02-11-30-10   >>>>   Start train ranking function

2019-05-02-11-30-10   >>>>   End train ranking function

train_ranking_functioning time = 0.852 ms


2019-05-02-11-30-10   >>>>   Start verify ranking function

[xi_0 = -1]
ranking function : 0.4 *  x[0]^-2.0 + 0.4 *  x[0]^-2.0

2019-05-02-11-30-10   >>>>   End verify ranking function

verifying time = 20.222 ms


Not Found Ranking Fcuntion

Conterexample is 

[-1]

sampling time = 0.534 ms


       ########################################         

iteration 6 with 216 examples

2019-05-02-11-30-10   >>>>   Start train ranking function

2019-05-02-11-30-10   >>>>   End train ranking function

train_ranking_functioning time = 0.814 ms


2019-05-02-11-30-10   >>>>   Start verify ranking function

[xi_0 = -1]
ranking function : 0.4 *  x[0]^-2.0 + 0.4 *  x[0]^-2.0

2019-05-02-11-30-10   >>>>   End verify ranking function

verifying time = 16.875 ms


Not Found Ranking Fcuntion

Conterexample is 

[-1]

sampling time = 0.530 ms


       ########################################         

iteration 7 with 218 examples

2019-05-02-11-30-10   >>>>   Start train ranking function

2019-05-02-11-30-10   >>>>   End train ranking function

train_ranking_functioning time = 0.778 ms


2019-05-02-11-30-10   >>>>   Start verify ranking function

[xi_0 = -1]
ranking function : 0.4 *  x[0]^-2.0 + 0.4 *  x[0]^-2.0

2019-05-02-11-30-10   >>>>   End verify ranking function

verifying time = 16.268 ms


Not Found Ranking Fcuntion

Conterexample is 

[-1]

sampling time = 0.525 ms


       ########################################         

iteration 8 with 220 examples

2019-05-02-11-30-10   >>>>   Start train ranking function

2019-05-02-11-30-10   >>>>   End train ranking function

train_ranking_functioning time = 0.818 ms


2019-05-02-11-30-10   >>>>   Start verify ranking function

[xi_0 = -1]
ranking function : 0.4 *  x[0]^-2.0 + 0.4 *  x[0]^-2.0

2019-05-02-11-30-10   >>>>   End verify ranking function

verifying time = 19.172 ms


Not Found Ranking Fcuntion

Conterexample is 

[-1]

sampling time = 0.524 ms


       ########################################         

iteration 9 with 222 examples

2019-05-02-11-30-10   >>>>   Start train ranking function

5
2019-05-02-11-30-10   >>>>   End train ranking function

train_ranking_functioning time = 0.901 ms


2019-05-02-11-30-10   >>>>   Start verify ranking function

[xi_0 = -1]
ranking function : 0.4 *  x[0]^-2.0 + 0.4 *  x[0]^-2.0

2019-05-02-11-30-10   >>>>   End verify ranking function

verifying time = 19.680 ms


Not Found Ranking Fcuntion

Conterexample is 

[-1]

sampling time = 0.526 ms


Failed to prove it is terminated

UNKNOWN
------Using Template 2 -----------
6 [2, 2, 2]
*****************************************************

2019-05-02-11-30-11   >>>>   End sampling point

sampling time = 129.870 ms,


       ########################################         

iteration 0 with 408 examples

2019-05-02-11-30-11   >>>>   Start train ranking function

2019-05-02-11-30-11   >>>>   End train ranking function

train_ranking_functioning time = 14.460 ms


2019-05-02-11-30-11   >>>>   Start verify ranking function

[xi_0 = 1]
ranking function : 1.0 * 1; 1.0 * 1; 1.0 * 1

2019-05-02-11-30-11   >>>>   End verify ranking function

verifying time = 7.049 ms


Not Found Ranking Fcuntion

Conterexample is 

[1]

sampling time = 1.227 ms


       ########################################         

iteration 1 with 412 examples

2019-05-02-11-30-11   >>>>   Start train ranking function

2019-05-02-11-30-11   >>>>   End train ranking function

train_ranking_functioning time = 14.128 ms


2019-05-02-11-30-11   >>>>   Start verify ranking function

[xi_0 = 1]
ranking function : 1.0 * 1; 1.0 * 1; 1.0 * 1

2019-05-02-11-30-11   >>>>   End verify ranking function

verifying time = 6.931 ms


Not Found Ranking Fcuntion

Conterexample is 

[1]

sampling time = 1.225 ms


       ########################################         

iteration 2 with 416 examples

2019-05-02-11-30-11   >>>>   Start train ranking function

2019-05-02-11-30-11   >>>>   End train ranking function

train_ranking_functioning time = 14.233 ms


2019-05-02-11-30-11   >>>>   Start verify ranking function

[xi_0 = 1]
ranking function : 1.0 * 1; 1.0 * 1; 1.0 * 1

2019-05-02-11-30-11   >>>>   End verify ranking function

verifying time = 6.776 ms


Not Found Ranking Fcuntion

Conterexample is 

[1]

sampling time = 1.223 ms


       ########################################         

iteration 3 with 420 examples

2019-05-02-11-30-11   >>>>   Start train ranking function

2019-05-02-11-30-11   >>>>   End train ranking function

train_ranking_functioning time = 14.594 ms


2019-05-02-11-30-11   >>>>   Start verify ranking function

[xi_0 = 1]
ranking function : 1.0 * 1; 1.0 * 1; 1.0 * 1

2019-05-02-11-30-11   >>>>   End verify ranking function

verifying time = 6.947 ms


Not Found Ranking Fcuntion

Conterexample is 

[1]

sampling time = 1.228 ms


       ########################################         

iteration 4 with 424 examples

2019-05-02-11-30-11   >>>>   Start train ranking function

2019-05-02-11-30-11   >>>>   End train ranking function

train_ranking_functioning time = 14.476 ms


2019-05-02-11-30-11   >>>>   Start verify ranking function

[xi_0 = 1]
ranking function : 1.0 * 1; 1.0 * 1; 1.0 * 1

2019-05-02-11-30-11   >>>>   End verify ranking function

verifying time = 6.806 ms


Not Found Ranking Fcuntion

Conterexample is 

[1]

sampling time = 1.240 ms


       ########################################         

iteration 5 with 428 examples

2019-05-02-11-30-11   >>>>   Start train ranking function

5
2019-05-02-11-30-11   >>>>   End train ranking function

train_ranking_functioning time = 14.608 ms


2019-05-02-11-30-11   >>>>   Start verify ranking function

[xi_0 = 1]
ranking function : 1.0 * 1; 1.0 * 1; 1.0 * 1

2019-05-02-11-30-11   >>>>   End verify ranking function

verifying time = 6.799 ms


Not Found Ranking Fcuntion

Conterexample is 

[1]

sampling time = 1.228 ms


       ########################################         

iteration 6 with 432 examples

2019-05-02-11-30-11   >>>>   Start train ranking function

2019-05-02-11-30-11   >>>>   End train ranking function

train_ranking_functioning time = 14.873 ms


2019-05-02-11-30-11   >>>>   Start verify ranking function

[xi_0 = 1]
ranking function : 1.0 * 1; 1.0 * 1; 1.0 * 1

2019-05-02-11-30-11   >>>>   End verify ranking function

verifying time = 6.834 ms


Not Found Ranking Fcuntion

Conterexample is 

[1]

sampling time = 1.228 ms


       ########################################         

iteration 7 with 436 examples

2019-05-02-11-30-11   >>>>   Start train ranking function

2019-05-02-11-30-11   >>>>   End train ranking function

train_ranking_functioning time = 14.831 ms


2019-05-02-11-30-11   >>>>   Start verify ranking function

[xi_0 = 1]
ranking function : 1.0 * 1; 1.0 * 1; 1.0 * 1

2019-05-02-11-30-11   >>>>   End verify ranking function

verifying time = 6.749 ms


Not Found Ranking Fcuntion

Conterexample is 

[1]

sampling time = 1.245 ms


       ########################################         

iteration 8 with 440 examples

2019-05-02-11-30-11   >>>>   Start train ranking function

2019-05-02-11-30-11   >>>>   End train ranking function

train_ranking_functioning time = 14.908 ms


2019-05-02-11-30-11   >>>>   Start verify ranking function

[xi_0 = 1]
ranking function : 1.0 * 1; 1.0 * 1; 1.0 * 1

2019-05-02-11-30-11   >>>>   End verify ranking function

verifying time = 6.761 ms


Not Found Ranking Fcuntion

Conterexample is 

[1]

sampling time = 1.227 ms


       ########################################         

iteration 9 with 444 examples

2019-05-02-11-30-11   >>>>   Start train ranking function

2019-05-02-11-30-11   >>>>   End train ranking function

train_ranking_functioning time = 15.040 ms


2019-05-02-11-30-11   >>>>   Start verify ranking function

[xi_0 = 1]
ranking function : 1.0 * 1; 1.0 * 1; 1.0 * 1

2019-05-02-11-30-11   >>>>   End verify ranking function

verifying time = 6.867 ms


Not Found Ranking Fcuntion

Conterexample is 

[1]

sampling time = 1.411 ms


Failed to prove it is terminated

UNKNOWN
------Using Template 3 -----------
7 [3, 1, 3]
*****************************************************

2019-05-02-11-30-11   >>>>   End sampling point

sampling time = 171.396 ms,


       ########################################         

iteration 0 with 408 examples

2019-05-02-11-30-11   >>>>   Start train ranking function

2019-05-02-11-30-11   >>>>   End train ranking function

train_ranking_functioning time = 4.514 ms


2019-05-02-11-30-11   >>>>   Start verify ranking function

[xi_0 = 1]
ranking function : 0.3 *  x[0]^2.0; 1.0 *  x[0]^-0.5; 0.5 *  x[0]^0.5 + 0.3 *  x[0]^-1.0 + 0.5 *  x[0]^-0.5

2019-05-02-11-30-11   >>>>   End verify ranking function

verifying time = 46.320 ms


Not Found Ranking Fcuntion

Conterexample is 

[1]

sampling time = 1.598 ms


       ########################################         

iteration 1 with 412 examples

2019-05-02-11-30-11   >>>>   Start train ranking function

2019-05-02-11-30-11   >>>>   End train ranking function

train_ranking_functioning time = 1.406 ms


2019-05-02-11-30-11   >>>>   Start verify ranking function

[xi_0 = 1]
ranking function : 0.3 *  x[0]^2.0 + 0.1 *  x[0]^0.5; 1.0 *  x[0]^-0.5; 0.5 *  x[0]^0.5 + 0.3 *  x[0]^-1.0 + 0.5 *  x[0]^-0.5

2019-05-02-11-30-11   >>>>   End verify ranking function

verifying time = 37.060 ms


Not Found Ranking Fcuntion

Conterexample is 

[1]

sampling time = 1.651 ms


       ########################################         

iteration 2 with 416 examples

2019-05-02-11-30-11   >>>>   Start train ranking function

2019-05-02-11-30-11   >>>>   End train ranking function

train_ranking_functioning time = 1.003 ms


2019-05-02-11-30-11   >>>>   Start verify ranking function

[xi_0 = 1]
ranking function : 0.4 *  x[0]^2.0 + 0.1 *  x[0]^0.5 + 0.1 *  x[0]^-2.0; 1.0 *  x[0]^-0.5; 0.5 *  x[0]^0.5 + 0.3 *  x[0]^-1.0 + 0.5 *  x[0]^-0.5

2019-05-02-11-30-11   >>>>   End verify ranking function

verifying time = 17.245 ms


Not Found Ranking Fcuntion

Conterexample is 

[1]

sampling time = 1.618 ms


       ########################################         

iteration 3 with 420 examples

2019-05-02-11-30-11   >>>>   Start train ranking function

2019-05-02-11-30-11   >>>>   End train ranking function

train_ranking_functioning time = 1.460 ms


2019-05-02-11-30-11   >>>>   Start verify ranking function

[xi_0 = 1]
ranking function : 0.4 *  x[0]^2.0 + 0.2 *  x[0]^0.5 + 0.1 *  x[0]^-2.0; 1.0 *  x[0]^-0.5; 0.5 *  x[0]^0.5 + 0.3 *  x[0]^-1.0 + 0.5 *  x[0]^-0.5

2019-05-02-11-30-11   >>>>   End verify ranking function

verifying time = 350.268 ms


Not Found Ranking Fcuntion

Conterexample is 

[1]

sampling time = 1.589 ms


       ########################################         

iteration 4 with 424 examples

2019-05-02-11-30-11   >>>>   Start train ranking function

2019-05-02-11-30-11   >>>>   End train ranking function

train_ranking_functioning time = 1.176 ms


2019-05-02-11-30-11   >>>>   Start verify ranking function

[xi_0 = 1]
ranking function : 0.4 *  x[0]^2.0 + 0.2 *  x[0]^0.5 + 0.1 *  x[0]^-2.0; 1.0 *  x[0]^-0.5; 0.5 *  x[0]^0.5 + 0.3 *  x[0]^-1.0 + 0.5 *  x[0]^-0.5

2019-05-02-11-30-11   >>>>   End verify ranking function

verifying time = 16.899 ms


Not Found Ranking Fcuntion

Conterexample is 

[1]

sampling time = 1.654 ms


       ########################################         

iteration 5 with 428 examples

2019-05-02-11-30-11   >>>>   Start train ranking function

2019-05-02-11-30-11   >>>>   End train ranking function

train_ranking_functioning time = 1.047 ms


2019-05-02-11-30-11   >>>>   Start verify ranking function

[xi_0 = 1]
ranking function : 0.4 *  x[0]^2.0 + 0.2 *  x[0]^0.5 + 0.2 *  x[0]^-2.0; 1.0 *  x[0]^-0.5; 0.5 *  x[0]^0.5 + 0.3 *  x[0]^-1.0 + 0.5 *  x[0]^-0.5

2019-05-02-11-30-12   >>>>   End verify ranking function

verifying time = 194.893 ms


Not Found Ranking Fcuntion

Conterexample is 

[1]

sampling time = 1.601 ms


       ########################################         

iteration 6 with 432 examples

2019-05-02-11-30-12   >>>>   Start train ranking function

2019-05-02-11-30-12   >>>>   End train ranking function

train_ranking_functioning time = 1.021 ms


2019-05-02-11-30-12   >>>>   Start verify ranking function

[xi_0 = 1]
ranking function : 0.4 *  x[0]^2.0 + 0.2 *  x[0]^0.5 + 0.2 *  x[0]^-2.0; 1.0 *  x[0]^-0.5; 0.5 *  x[0]^0.5 + 0.3 *  x[0]^-1.0 + 0.5 *  x[0]^-0.5

2019-05-02-11-30-12   >>>>   End verify ranking function

verifying time = 17.217 ms


Not Found Ranking Fcuntion

Conterexample is 

[1]

sampling time = 1.606 ms


       ########################################         

iteration 7 with 436 examples

2019-05-02-11-30-12   >>>>   Start train ranking function

2019-05-02-11-30-12   >>>>   End train ranking function

train_ranking_functioning time = 1.439 ms


2019-05-02-11-30-12   >>>>   Start verify ranking function

[xi_0 = 1]
ranking function : 0.4 *  x[0]^2.0 + 0.2 *  x[0]^0.5 + 0.2 *  x[0]^-2.0; 1.0 *  x[0]^-0.5; 0.5 *  x[0]^0.5 + 0.3 *  x[0]^-1.0 + 0.5 *  x[0]^-0.5

2019-05-02-11-30-12   >>>>   End verify ranking function

verifying time = 16.926 ms


Not Found Ranking Fcuntion

Conterexample is 

[1]

sampling time = 1.630 ms


       ########################################         

iteration 8 with 440 examples

2019-05-02-11-30-12   >>>>   Start train ranking function

2019-05-02-11-30-12   >>>>   End train ranking function

train_ranking_functioning time = 1.169 ms


2019-05-02-11-30-12   >>>>   Start verify ranking function

[xi_0 = 1]
ranking function : 0.4 *  x[0]^2.0 + 0.2 *  x[0]^0.5 + 0.2 *  x[0]^-2.0; 1.0 *  x[0]^-0.5; 0.5 *  x[0]^0.5 + 0.3 *  x[0]^-1.0 + 0.5 *  x[0]^-0.5

2019-05-02-11-30-12   >>>>   End verify ranking function

verifying time = 17.311 ms


Not Found Ranking Fcuntion

Conterexample is 

[1]

sampling time = 1.603 ms


       ########################################         

iteration 9 with 444 examples

2019-05-02-11-30-12   >>>>   Start train ranking function

2019-05-02-11-30-12   >>>>   End train ranking function

train_ranking_functioning time = 1.149 ms


2019-05-02-11-30-12   >>>>   Start verify ranking function

[xi_0 = 1]
ranking function : 0.4 *  x[0]^2.0 + 0.2 *  x[0]^0.5 + 0.2 *  x[0]^-2.0; 1.0 *  x[0]^-0.5; 0.5 *  x[0]^0.5 + 0.3 *  x[0]^-1.0 + 0.5 *  x[0]^-0.5

2019-05-02-11-30-12   >>>>   End verify ranking function

verifying time = 16.947 ms


Not Found Ranking Fcuntion

Conterexample is 

[1]

sampling time = 1.595 ms


Failed to prove it is terminated

UNKNOWN
------Using Template 4 -----------
10 [2, 2, 2, 2, 2]
*****************************************************

2019-05-02-11-30-12   >>>>   End sampling point

sampling time = 209.653 ms,


       ########################################         

iteration 0 with 612 examples

2019-05-02-11-30-12   >>>>   Start train ranking function

2019-05-02-11-30-12   >>>>   End train ranking function

train_ranking_functioning time = 20.459 ms


2019-05-02-11-30-12   >>>>   Start verify ranking function

[xi_0 = 1]
ranking function : 1.0 * 1; 1.0 * 1; 1.0 * 1; 1.0 * 1; 1.0 * 1

2019-05-02-11-30-12   >>>>   End verify ranking function

verifying time = 6.969 ms


Not Found Ranking Fcuntion

Conterexample is 

[1]

sampling time = 2.072 ms


       ########################################         

iteration 1 with 618 examples

2019-05-02-11-30-12   >>>>   Start train ranking function

2019-05-02-11-30-12   >>>>   End train ranking function

train_ranking_functioning time = 20.571 ms


2019-05-02-11-30-12   >>>>   Start verify ranking function

[xi_0 = 1]
ranking function : 1.0 * 1; 1.0 * 1; 1.0 * 1; 1.0 * 1; 1.0 * 1

2019-05-02-11-30-12   >>>>   End verify ranking function

verifying time = 6.983 ms


Not Found Ranking Fcuntion

Conterexample is 

[1]

sampling time = 2.024 ms


       ########################################         

iteration 2 with 624 examples

2019-05-02-11-30-12   >>>>   Start train ranking function

2019-05-02-11-30-12   >>>>   End train ranking function

train_ranking_functioning time = 20.599 ms


2019-05-02-11-30-12   >>>>   Start verify ranking function

[xi_0 = 1]
ranking function : 1.0 * 1; 1.0 * 1; 1.0 * 1; 1.0 * 1; 1.0 * 1

2019-05-02-11-30-12   >>>>   End verify ranking function

verifying time = 7.191 ms


Not Found Ranking Fcuntion

Conterexample is 

[1]

sampling time = 2.063 ms


       ########################################         

iteration 3 with 630 examples

2019-05-02-11-30-12   >>>>   Start train ranking function

2019-05-02-11-30-12   >>>>   End train ranking function

train_ranking_functioning time = 21.467 ms


2019-05-02-11-30-12   >>>>   Start verify ranking function

[xi_0 = 1]
ranking function : 1.0 * 1; 1.0 * 1; 1.0 * 1; 1.0 * 1; 1.0 * 1

2019-05-02-11-30-12   >>>>   End verify ranking function

verifying time = 7.119 ms


Not Found Ranking Fcuntion

Conterexample is 

[1]

sampling time = 2.018 ms


       ########################################         

iteration 4 with 636 examples

2019-05-02-11-30-12   >>>>   Start train ranking function

2019-05-02-11-30-12   >>>>   End train ranking function

train_ranking_functioning time = 21.325 ms


2019-05-02-11-30-12   >>>>   Start verify ranking function

[xi_0 = 1]
ranking function : 1.0 * 1; 1.0 * 1; 1.0 * 1; 1.0 * 1; 1.0 * 1

2019-05-02-11-30-12   >>>>   End verify ranking function

verifying time = 6.920 ms


Not Found Ranking Fcuntion

Conterexample is 

[1]

sampling time = 2.003 ms


       ########################################         

iteration 5 with 642 examples

2019-05-02-11-30-12   >>>>   Start train ranking function

5
2019-05-02-11-30-12   >>>>   End train ranking function

train_ranking_functioning time = 21.785 ms


2019-05-02-11-30-12   >>>>   Start verify ranking function

[xi_0 = 1]
ranking function : 1.0 * 1; 1.0 * 1; 1.0 * 1; 1.0 * 1; 1.0 * 1

2019-05-02-11-30-12   >>>>   End verify ranking function

verifying time = 6.971 ms


Not Found Ranking Fcuntion

Conterexample is 

[1]

sampling time = 2.015 ms


       ########################################         

iteration 6 with 648 examples

2019-05-02-11-30-12   >>>>   Start train ranking function

2019-05-02-11-30-12   >>>>   End train ranking function

train_ranking_functioning time = 21.885 ms


2019-05-02-11-30-12   >>>>   Start verify ranking function

[xi_0 = -1]
ranking function : 0.0122 *  x[0]^1.0 + 0.9917 * 1; 0.0053 *  x[0]^1.0 + 0.9911 * 1;  - 0.0025 *  x[0]^1.0 + 0.9899 * 1; 0.0008 *  x[0]^1.0 + 0.9898 * 1; 0.0001 *  x[0]^1.0 + 0.9941 * 1

2019-05-02-11-30-12   >>>>   End verify ranking function

verifying time = 7.172 ms


Not Found Ranking Fcuntion

Conterexample is 

[-1]

sampling time = 2.036 ms


       ########################################         

iteration 7 with 654 examples

2019-05-02-11-30-12   >>>>   Start train ranking function

2019-05-02-11-30-12   >>>>   End train ranking function

train_ranking_functioning time = 21.729 ms


2019-05-02-11-30-12   >>>>   Start verify ranking function

[xi_0 = 1]
ranking function :  - 0.0153 *  x[0]^1.0 + 0.9865 * 1;  - 0.0036 *  x[0]^1.0 + 0.9911 * 1; 0.0017 *  x[0]^1.0 + 0.9904 * 1; 0.9898 * 1; 0.0001 *  x[0]^1.0 + 0.9939 * 1

2019-05-02-11-30-12   >>>>   End verify ranking function

verifying time = 7.105 ms


Not Found Ranking Fcuntion

Conterexample is 

[1]

sampling time = 2.055 ms


       ########################################         

iteration 8 with 660 examples

2019-05-02-11-30-12   >>>>   Start train ranking function

2019-05-02-11-30-12   >>>>   End train ranking function

train_ranking_functioning time = 21.827 ms


2019-05-02-11-30-12   >>>>   Start verify ranking function

[xi_0 = -1]
ranking function : 0.0079 *  x[0]^1.0 + 0.9916 * 1;  - 0.0039 *  x[0]^1.0 + 0.9927 * 1;  - 0.0008 *  x[0]^1.0 + 0.9897 * 1; 0.0003 *  x[0]^1.0 + 0.9902 * 1;  - 0.0003 *  x[0]^1.0 + 0.9938 * 1

2019-05-02-11-30-12   >>>>   End verify ranking function

verifying time = 7.132 ms


Not Found Ranking Fcuntion

Conterexample is 

[-1]

sampling time = 2.011 ms


       ########################################         

iteration 9 with 666 examples

2019-05-02-11-30-12   >>>>   Start train ranking function

2019-05-02-11-30-12   >>>>   End train ranking function

train_ranking_functioning time = 22.079 ms


2019-05-02-11-30-12   >>>>   Start verify ranking function

[xi_0 = 1]
ranking function :  - 0.0111 *  x[0]^1.0 + 0.9895 * 1; 0.0058 *  x[0]^1.0 + 0.9901 * 1;  - 0.0024 *  x[0]^1.0 + 0.9907 * 1; 0.0009 *  x[0]^1.0 + 0.9899 * 1;  - 0.0002 *  x[0]^1.0 + 0.9939 * 1

2019-05-02-11-30-12   >>>>   End verify ranking function

verifying time = 7.226 ms


Not Found Ranking Fcuntion

Conterexample is 

[1]

sampling time = 2.042 ms


Failed to prove it is terminated

UNKNOWN
------Using Template 5 -----------
7 [2, 1, 2, 1, 1]
*****************************************************

2019-05-02-11-30-12   >>>>   End sampling point

sampling time = 162.186 ms,


       ########################################         

iteration 0 with 612 examples

2019-05-02-11-30-12   >>>>   Start train ranking function

2019-05-02-11-30-12   >>>>   End train ranking function

train_ranking_functioning time = 13.778 ms


2019-05-02-11-30-12   >>>>   Start verify ranking function

valid ranking function
ranking function : 0.2 *  x[0]^2.0 + 0.4 *  x[0]^-0.5; 1.0 * 1; 1.0 * 1; 1.0 * 1; 

2019-05-02-11-30-12   >>>>   End verify ranking function

verifying time = 26.906 ms


Found Ranking Fcuntion: 0.2 *  x[0]^2.0 + 0.4 *  x[0]^-0.5; 1.0 * 1; 1.0 * 1; 1.0 * 1; 

0.2 *  x[0]^2.0 + 0.4 *  x[0]^-0.5; 1.0 * 1; 1.0 * 1; 1.0 * 1; 
FINATE
Time For ../Program_non/169.bpl Is ---> 2748.203000 ms

