------Using Template 0 -----------
3 [3]
*****************************************************

2019-05-02-12-10-18   >>>>   End sampling point

sampling time = 52.763 ms,


       ########################################         

iteration 0 with 136 examples

2019-05-02-12-10-18   >>>>   Start train ranking function

2019-05-02-12-10-18   >>>>   End train ranking function

train_ranking_functioning time = 2.400 ms


2019-05-02-12-10-18   >>>>   Start verify ranking function

ranking function : 0.8 *  x[1]^1.0 + 4.7 * 1

2019-05-02-12-10-18   >>>>   End verify ranking function

verifying time = 7.858 ms


Not Found Ranking Fcuntion

Conterexample is 

[0, -6]

sampling time = 0.714 ms


       ########################################         

iteration 1 with 138 examples

2019-05-02-12-10-18   >>>>   Start train ranking function

2019-05-02-12-10-18   >>>>   End train ranking function

train_ranking_functioning time = 2.298 ms


2019-05-02-12-10-18   >>>>   Start verify ranking function

ranking function : 0.8 *  x[1]^1.0 + 4.8 * 1

2019-05-02-12-10-18   >>>>   End verify ranking function

verifying time = 7.680 ms


Not Found Ranking Fcuntion

Conterexample is 

[0, -7]

sampling time = 0.704 ms


       ########################################         

iteration 2 with 140 examples

2019-05-02-12-10-18   >>>>   Start train ranking function

2019-05-02-12-10-18   >>>>   End train ranking function

train_ranking_functioning time = 3.045 ms


2019-05-02-12-10-18   >>>>   Start verify ranking function

ranking function : 0.8 *  x[1]^1.0 + 4.8 * 1

2019-05-02-12-10-18   >>>>   End verify ranking function

verifying time = 7.721 ms


Not Found Ranking Fcuntion

Conterexample is 

[0, -7]

sampling time = 0.764 ms


       ########################################         

iteration 3 with 142 examples

2019-05-02-12-10-18   >>>>   Start train ranking function

2019-05-02-12-10-18   >>>>   End train ranking function

train_ranking_functioning time = 2.507 ms


2019-05-02-12-10-18   >>>>   Start verify ranking function

ranking function : 0.7 *  x[1]^1.0 + 5.1 * 1

2019-05-02-12-10-18   >>>>   End verify ranking function

verifying time = 7.661 ms


Not Found Ranking Fcuntion

Conterexample is 

[0, -8]

sampling time = 0.701 ms


       ########################################         

iteration 4 with 144 examples

2019-05-02-12-10-18   >>>>   Start train ranking function

2019-05-02-12-10-18   >>>>   End train ranking function

train_ranking_functioning time = 3.141 ms


2019-05-02-12-10-18   >>>>   Start verify ranking function

ranking function : 0.7 *  x[1]^1.0 + 5.3 * 1

2019-05-02-12-10-18   >>>>   End verify ranking function

verifying time = 7.770 ms


Not Found Ranking Fcuntion

Conterexample is 

[0, -8]

sampling time = 0.718 ms


       ########################################         

iteration 5 with 146 examples

2019-05-02-12-10-18   >>>>   Start train ranking function

2019-05-02-12-10-18   >>>>   End train ranking function

train_ranking_functioning time = 3.208 ms


2019-05-02-12-10-18   >>>>   Start verify ranking function

ranking function : 0.7 *  x[1]^1.0 + 5.5 * 1

2019-05-02-12-10-18   >>>>   End verify ranking function

verifying time = 7.530 ms


Not Found Ranking Fcuntion

Conterexample is 

[0, -8]

sampling time = 0.708 ms


       ########################################         

iteration 6 with 148 examples

2019-05-02-12-10-18   >>>>   Start train ranking function

2019-05-02-12-10-18   >>>>   End train ranking function

train_ranking_functioning time = 3.256 ms


2019-05-02-12-10-18   >>>>   Start verify ranking function

ranking function : 0.7 *  x[1]^1.0 + 5.6 * 1

2019-05-02-12-10-18   >>>>   End verify ranking function

verifying time = 7.626 ms


Not Found Ranking Fcuntion

Conterexample is 

[0, -9]

sampling time = 0.719 ms


       ########################################         

iteration 7 with 150 examples

2019-05-02-12-10-18   >>>>   Start train ranking function

2019-05-02-12-10-18   >>>>   End train ranking function

train_ranking_functioning time = 3.288 ms


2019-05-02-12-10-18   >>>>   Start verify ranking function

ranking function : 0.7 *  x[1]^1.0 + 5.7 * 1

2019-05-02-12-10-18   >>>>   End verify ranking function

verifying time = 7.555 ms


Not Found Ranking Fcuntion

Conterexample is 

[0, -9]

sampling time = 0.712 ms


       ########################################         

iteration 8 with 152 examples

2019-05-02-12-10-18   >>>>   Start train ranking function

2019-05-02-12-10-18   >>>>   End train ranking function

train_ranking_functioning time = 3.350 ms


2019-05-02-12-10-18   >>>>   Start verify ranking function

ranking function : 0.6 *  x[1]^1.0 + 5.8 * 1

2019-05-02-12-10-18   >>>>   End verify ranking function

verifying time = 7.572 ms


Not Found Ranking Fcuntion

Conterexample is 

[0, -10]

sampling time = 0.709 ms


       ########################################         

iteration 9 with 154 examples

2019-05-02-12-10-18   >>>>   Start train ranking function

2019-05-02-12-10-18   >>>>   End train ranking function

train_ranking_functioning time = 3.424 ms


2019-05-02-12-10-18   >>>>   Start verify ranking function

ranking function : 0.6 *  x[1]^1.0 + 5.9 * 1

2019-05-02-12-10-18   >>>>   End verify ranking function

verifying time = 7.528 ms


Not Found Ranking Fcuntion

Conterexample is 

[0, -10]

sampling time = 0.712 ms


Failed to prove it is terminated

UNKNOWN
------Using Template 1 -----------
1 [1]
*****************************************************

2019-05-02-12-10-18   >>>>   End sampling point

sampling time = 26.763 ms,


       ########################################         

iteration 0 with 136 examples

2019-05-02-12-10-18   >>>>   Start train ranking function

2019-05-02-12-10-18   >>>>   End train ranking function

train_ranking_functioning time = 0.473 ms


2019-05-02-12-10-18   >>>>   Start verify ranking function

[xi_0 = 1, xi_1 = 1]
ranking function : 0.6 *  x[0]^-0.5 *  x[1]^-0.5

2019-05-02-12-10-18   >>>>   End verify ranking function

verifying time = 12.874 ms


Not Found Ranking Fcuntion

Conterexample is 

[1, 1]

sampling time = 0.338 ms


       ########################################         

iteration 1 with 138 examples

2019-05-02-12-10-18   >>>>   Start train ranking function

2019-05-02-12-10-18   >>>>   End train ranking function

train_ranking_functioning time = 0.479 ms


2019-05-02-12-10-18   >>>>   Start verify ranking function

[xi_0 = 1, xi_1 = 1]
ranking function : 0.6 *  x[0]^-0.5 *  x[1]^-0.5

2019-05-02-12-10-18   >>>>   End verify ranking function

verifying time = 12.712 ms


Not Found Ranking Fcuntion

Conterexample is 

[1, 1]

sampling time = 0.368 ms


       ########################################         

iteration 2 with 140 examples

2019-05-02-12-10-18   >>>>   Start train ranking function

2019-05-02-12-10-18   >>>>   End train ranking function

train_ranking_functioning time = 0.477 ms


2019-05-02-12-10-18   >>>>   Start verify ranking function

[xi_0 = 1, xi_1 = 1]
ranking function : 0.6 *  x[0]^-0.5 *  x[1]^-0.5

2019-05-02-12-10-18   >>>>   End verify ranking function

verifying time = 12.698 ms


Not Found Ranking Fcuntion

Conterexample is 

[1, 1]

sampling time = 0.342 ms


       ########################################         

iteration 3 with 142 examples

2019-05-02-12-10-18   >>>>   Start train ranking function

2019-05-02-12-10-18   >>>>   End train ranking function

train_ranking_functioning time = 0.488 ms


2019-05-02-12-10-18   >>>>   Start verify ranking function

[xi_0 = 1, xi_1 = 1]
ranking function : 0.6 *  x[0]^-0.5 *  x[1]^-0.5

2019-05-02-12-10-18   >>>>   End verify ranking function

verifying time = 12.791 ms


Not Found Ranking Fcuntion

Conterexample is 

[1, 1]

sampling time = 0.348 ms


       ########################################         

iteration 4 with 144 examples

2019-05-02-12-10-18   >>>>   Start train ranking function

2019-05-02-12-10-18   >>>>   End train ranking function

train_ranking_functioning time = 0.516 ms


2019-05-02-12-10-18   >>>>   Start verify ranking function

[xi_0 = 1, xi_1 = 1]
ranking function : 0.6 *  x[0]^-0.5 *  x[1]^-0.5

2019-05-02-12-10-18   >>>>   End verify ranking function

verifying time = 12.688 ms


Not Found Ranking Fcuntion

Conterexample is 

[1, 1]

sampling time = 0.431 ms


       ########################################         

iteration 5 with 146 examples

2019-05-02-12-10-18   >>>>   Start train ranking function

5
2019-05-02-12-10-18   >>>>   End train ranking function

train_ranking_functioning time = 0.572 ms


2019-05-02-12-10-18   >>>>   Start verify ranking function

[xi_0 = 1, xi_1 = 1]
ranking function : 0.6 *  x[0]^-0.5 *  x[1]^-0.5

2019-05-02-12-10-18   >>>>   End verify ranking function

verifying time = 13.901 ms


Not Found Ranking Fcuntion

Conterexample is 

[1, 1]

sampling time = 0.348 ms


       ########################################         

iteration 6 with 148 examples

2019-05-02-12-10-18   >>>>   Start train ranking function

2019-05-02-12-10-18   >>>>   End train ranking function

train_ranking_functioning time = 0.491 ms


2019-05-02-12-10-18   >>>>   Start verify ranking function

[xi_0 = 1, xi_1 = 1]
ranking function : 0.6514 *  x[0]^-0.5 *  x[1]^-0.5

2019-05-02-12-10-18   >>>>   End verify ranking function

verifying time = 13.037 ms


Not Found Ranking Fcuntion

Conterexample is 

[1, 1]

sampling time = 0.350 ms


       ########################################         

iteration 7 with 150 examples

2019-05-02-12-10-18   >>>>   Start train ranking function

2019-05-02-12-10-18   >>>>   End train ranking function

train_ranking_functioning time = 0.532 ms


2019-05-02-12-10-18   >>>>   Start verify ranking function

[xi_0 = 1, xi_1 = 1]
ranking function : 0.6592 *  x[0]^-0.5 *  x[1]^-0.5

2019-05-02-12-10-18   >>>>   End verify ranking function

verifying time = 12.725 ms


Not Found Ranking Fcuntion

Conterexample is 

[1, 1]

sampling time = 0.342 ms


       ########################################         

iteration 8 with 152 examples

2019-05-02-12-10-18   >>>>   Start train ranking function

2019-05-02-12-10-18   >>>>   End train ranking function

train_ranking_functioning time = 0.555 ms


2019-05-02-12-10-18   >>>>   Start verify ranking function

[xi_0 = 1, xi_1 = 1]
ranking function : 0.6667 *  x[0]^-0.5 *  x[1]^-0.5

2019-05-02-12-10-18   >>>>   End verify ranking function

verifying time = 12.915 ms


Not Found Ranking Fcuntion

Conterexample is 

[1, 1]

sampling time = 0.348 ms


       ########################################         

iteration 9 with 154 examples

2019-05-02-12-10-18   >>>>   Start train ranking function

2019-05-02-12-10-18   >>>>   End train ranking function

train_ranking_functioning time = 0.496 ms


2019-05-02-12-10-18   >>>>   Start verify ranking function

[xi_0 = 1, xi_1 = 1]
ranking function : 0.6738 *  x[0]^-0.5 *  x[1]^-0.5

2019-05-02-12-10-18   >>>>   End verify ranking function

verifying time = 12.717 ms


Not Found Ranking Fcuntion

Conterexample is 

[1, 1]

sampling time = 0.418 ms


Failed to prove it is terminated

UNKNOWN
------Using Template 2 -----------
9 [3, 3, 3]
*****************************************************

2019-05-02-12-10-18   >>>>   End sampling point

sampling time = 147.885 ms,


       ########################################         

iteration 0 with 272 examples

2019-05-02-12-10-18   >>>>   Start train ranking function

2019-05-02-12-10-18   >>>>   End train ranking function

train_ranking_functioning time = 4.383 ms


2019-05-02-12-10-18   >>>>   Start verify ranking function

valid ranking function
ranking function : 1.0 *  x[1]^1.0 + 0.7 * 1; 1.0 *  x[0]^1.0 + 0.3 *  x[1]^1.0 + 1.0 * 1; 0.3 *  x[0]^1.0 + 1.0 * 1

2019-05-02-12-10-18   >>>>   End verify ranking function

verifying time = 12.757 ms


Found Ranking Fcuntion: 1.0 *  x[1]^1.0 + 0.7 * 1; 1.0 *  x[0]^1.0 + 0.3 *  x[1]^1.0 + 1.0 * 1; 0.3 *  x[0]^1.0 + 1.0 * 1

1.0 *  x[1]^1.0 + 0.7 * 1; 1.0 *  x[0]^1.0 + 0.3 *  x[1]^1.0 + 1.0 * 1; 0.3 *  x[0]^1.0 + 1.0 * 1
FINITE
Time For ../Program_non/2.bpl Is ---> 723.910000 ms

