------Using Template 0 -----------
5 [5]
*****************************************************

2019-05-02-12-10-17   >>>>   End sampling point

sampling time = 57.293 ms,


       ########################################         

iteration 0 with 76 examples

2019-05-02-12-10-17   >>>>   Start train ranking function

2019-05-02-12-10-17   >>>>   End train ranking function

train_ranking_functioning time = 0.556 ms


2019-05-02-12-10-17   >>>>   Start verify ranking function

[xi_2 = 10, xi_1 = 0]
ranking function : 1.0 *  x[1]^1.0 + 0.9 *  x[2]^1.0 + 1.0 * 1

2019-05-02-12-10-17   >>>>   End verify ranking function

verifying time = 8.542 ms


Not Found Ranking Fcuntion

Conterexample is 

[0, 0, 10, 0]

sampling time = 1.359 ms


       ########################################         

iteration 1 with 78 examples

2019-05-02-12-10-17   >>>>   Start train ranking function

2019-05-02-12-10-17   >>>>   End train ranking function

train_ranking_functioning time = 1.371 ms


2019-05-02-12-10-17   >>>>   Start verify ranking function

valid ranking function
ranking function : 1.0 *  x[1]^1.0 + 1.0 *  x[2]^1.0 + 1.0 * 1

2019-05-02-12-10-17   >>>>   End verify ranking function

verifying time = 8.930 ms


Found Ranking Fcuntion: 1.0 *  x[1]^1.0 + 1.0 *  x[2]^1.0 + 1.0 * 1

1.0 *  x[1]^1.0 + 1.0 *  x[2]^1.0 + 1.0 * 1
FINATE
Time For ../Program_non/29.bpl Is ---> 695.557000 ms

