------Using Template 0 -----------
6 [6]
*****************************************************

2019-05-02-12-10-21   >>>>   End sampling point

sampling time = 851.068 ms,


       ########################################         

iteration 0 with 1028 examples

2019-05-02-12-10-21   >>>>   Start train ranking function

2019-05-02-12-10-21   >>>>   End train ranking function

train_ranking_functioning time = 21.553 ms


2019-05-02-12-10-21   >>>>   Start verify ranking function

[xr_4 = 0, xr_1 = 0, xr_3 = -9989/2, xr_2 = 0, xr_0 = 1]
ranking function : 0.9988 *  x[0]^1.0 - 0.0312 *  x[1]^1.0 - 0.0781 *  x[2]^1.0 + 0.0032 *  x[3]^1.0 + 0.0061 *  x[4]^1.0 + 0.8 * 1

2019-05-02-12-10-21   >>>>   End verify ranking function

verifying time = 9.789 ms


Not Found Ranking Fcuntion

Conterexample is 

[1, 0, 0, -4994.5, 0]

sampling time = 1.747 ms


       ########################################         

iteration 1 with 1030 examples

2019-05-02-12-10-21   >>>>   Start train ranking function

2019-05-02-12-10-21   >>>>   End train ranking function

train_ranking_functioning time = 19.937 ms


2019-05-02-12-10-21   >>>>   Start verify ranking function

[xr_4 = 0, xr_1 = 0, xr_3 = 0, xr_2 = -19984/9, xr_0 = 1]
ranking function : 0.9994 *  x[0]^1.0 - 0.0311 *  x[1]^1.0 - 0.0782 *  x[2]^1.0 + 0.0024 *  x[3]^1.0 + 0.006 *  x[4]^1.0 + 0.8001 * 1

2019-05-02-12-10-21   >>>>   End verify ranking function

verifying time = 9.863 ms


Not Found Ranking Fcuntion

Conterexample is 

[1, 0, -2220.4444444444443, 0, 0]

sampling time = 1.696 ms


       ########################################         

iteration 2 with 1032 examples

2019-05-02-12-10-21   >>>>   Start train ranking function

2019-05-02-12-10-21   >>>>   End train ranking function

train_ranking_functioning time = 20.209 ms


2019-05-02-12-10-21   >>>>   Start verify ranking function

[xr_4 = 0, xr_1 = 0, xr_3 = 0, xr_2 = -19986/7, xr_0 = 1]
ranking function : 0.9996 *  x[0]^1.0 - 0.0311 *  x[1]^1.0 - 0.0781 *  x[2]^1.0 + 0.0024 *  x[3]^1.0 + 0.0061 *  x[4]^1.0 + 0.8001 * 1

2019-05-02-12-10-21   >>>>   End verify ranking function

verifying time = 9.811 ms


Not Found Ranking Fcuntion

Conterexample is 

[1, 0, -2855.1428571428573, 0, 0]

sampling time = 1.749 ms


       ########################################         

iteration 3 with 1034 examples

2019-05-02-12-10-21   >>>>   Start train ranking function

2019-05-02-12-10-21   >>>>   End train ranking function

train_ranking_functioning time = 20.275 ms


2019-05-02-12-10-21   >>>>   Start verify ranking function

[xr_4 = 0, xr_1 = 4997/11, xr_3 = 0, xr_2 = 0, xr_0 = 1]
ranking function : 0.9998 *  x[0]^1.0 - 0.0303 *  x[1]^1.0 - 0.0779 *  x[2]^1.0 + 0.0021 *  x[3]^1.0 + 0.0061 *  x[4]^1.0 + 0.8001 * 1

2019-05-02-12-10-21   >>>>   End verify ranking function

verifying time = 9.745 ms


Not Found Ranking Fcuntion

Conterexample is 

[1, 454.27272727272725, 0, 0, 0]

sampling time = 1.714 ms


       ########################################         

iteration 4 with 1036 examples

2019-05-02-12-10-21   >>>>   Start train ranking function

2019-05-02-12-10-21   >>>>   End train ranking function

train_ranking_functioning time = 8.850 ms


2019-05-02-12-10-21   >>>>   Start verify ranking function

[xr_4 = 0, xr_1 = 2530/7, xr_3 = 0, xr_2 = 0, xr_0 = 1]
ranking function : 1.025 *  x[0]^1.0 - 0.0225 *  x[1]^1.0 - 0.0812 *  x[2]^1.0 + 0.0015 *  x[3]^1.0 + 0.0042 *  x[4]^1.0 + 0.8101 * 1

2019-05-02-12-10-21   >>>>   End verify ranking function

verifying time = 9.745 ms


Not Found Ranking Fcuntion

Conterexample is 

[1, 361.42857142857144, 0, 0, 0]

sampling time = 1.763 ms


       ########################################         

iteration 5 with 1038 examples

2019-05-02-12-10-21   >>>>   Start train ranking function

2019-05-02-12-10-21   >>>>   End train ranking function

train_ranking_functioning time = 8.436 ms


2019-05-02-12-10-21   >>>>   Start verify ranking function

[xr_4 = 20469/2, xr_1 = 0, xr_3 = 0, xr_2 = 0, xr_0 = 1]
ranking function : 1.0479 *  x[0]^1.0 - 0.0164 *  x[1]^1.0 - 0.0834 *  x[2]^1.0 + 0.0014 *  x[3]^1.0 + 0.0029 *  x[4]^1.0 + 0.8175 * 1

2019-05-02-12-10-21   >>>>   End verify ranking function

verifying time = 9.771 ms


Not Found Ranking Fcuntion

Conterexample is 

[1, 0, 0, 0, 10234.5]

sampling time = 1.706 ms


       ########################################         

iteration 6 with 1040 examples

2019-05-02-12-10-21   >>>>   Start train ranking function

2019-05-02-12-10-21   >>>>   End train ranking function

train_ranking_functioning time = 8.018 ms


2019-05-02-12-10-21   >>>>   Start verify ranking function

[xr_4 = 0, xr_1 = 20463/5, xr_3 = 0, xr_2 = 0, xr_0 = 1]
ranking function : 1.0473 *  x[0]^1.0 - 0.02 *  x[1]^1.0 - 0.0839 *  x[2]^1.0 - 0.0003 *  x[3]^1.0 + 0.0079 *  x[4]^1.0 + 0.8174 * 1

2019-05-02-12-10-21   >>>>   End verify ranking function

verifying time = 9.627 ms


Not Found Ranking Fcuntion

Conterexample is 

[1, 4092.6, 0, 0, 0]

sampling time = 1.708 ms


       ########################################         

iteration 7 with 1042 examples

2019-05-02-12-10-21   >>>>   Start train ranking function

2019-05-02-12-10-21   >>>>   End train ranking function

train_ranking_functioning time = 8.799 ms


2019-05-02-12-10-21   >>>>   Start verify ranking function

[xr_4 = 10239, xr_1 = 0, xr_3 = 0, xr_2 = 0, xr_0 = 1]
ranking function : 1.0488 *  x[0]^1.0 - 0.0149 *  x[1]^1.0 - 0.0836 *  x[2]^1.0 + 0.0012 *  x[3]^1.0 + 0.0025 *  x[4]^1.0 + 0.8147 * 1

2019-05-02-12-10-21   >>>>   End verify ranking function

verifying time = 9.672 ms


Not Found Ranking Fcuntion

Conterexample is 

[1, 0, 0, 0, 10239]

sampling time = 1.695 ms


       ########################################         

iteration 8 with 1044 examples

2019-05-02-12-10-21   >>>>   Start train ranking function

2019-05-02-12-10-21   >>>>   End train ranking function

train_ranking_functioning time = 8.219 ms


2019-05-02-12-10-21   >>>>   Start verify ranking function

[xr_4 = -20455/2, xr_1 = 0, xr_3 = 0, xr_2 = 0, xr_0 = 1]
ranking function : 1.0465 *  x[0]^1.0 - 0.0002 *  x[1]^1.0 - 0.0831 *  x[2]^1.0 + 0.0012 *  x[3]^1.0 + 0.0023 *  x[4]^1.0 + 0.8146 * 1

2019-05-02-12-10-21   >>>>   End verify ranking function

verifying time = 9.703 ms


Not Found Ranking Fcuntion

Conterexample is 

[1, 0, 0, 0, -10227.5]

sampling time = 1.722 ms


       ########################################         

iteration 9 with 1046 examples

2019-05-02-12-10-21   >>>>   Start train ranking function

2019-05-02-12-10-21   >>>>   End train ranking function

train_ranking_functioning time = 7.904 ms


2019-05-02-12-10-21   >>>>   Start verify ranking function

[xr_1 = 10265/108, xr_3 = 0, xr_2 = 0, xr_0 = 1]
ranking function : 1.054 *  x[0]^1.0 - 0.0146 *  x[1]^1.0 - 0.0836 *  x[2]^1.0 + 0.0004 *  x[3]^1.0 + 0.0008 *  x[4]^1.0 + 0.8144 * 1

2019-05-02-12-10-21   >>>>   End verify ranking function

verifying time = 9.643 ms


Not Found Ranking Fcuntion

Conterexample is 

[1, 95.04629629629629, 0, 0, 0]

sampling time = 1.718 ms


Failed to prove it is terminated

UNKNOWN
------Using Template 1 -----------
6 [6]
*****************************************************

2019-05-02-12-10-22   >>>>   End sampling point

sampling time = 998.178 ms,


       ########################################         

iteration 0 with 1028 examples

2019-05-02-12-10-22   >>>>   Start train ranking function

2019-05-02-12-10-22   >>>>   End train ranking function

train_ranking_functioning time = 43.199 ms


2019-05-02-12-10-22   >>>>   Start verify ranking function

[xr_0 = 1, xr_1 = 1/2, xr_2 = -1/2, xr_3 = 1/8, xr_4 = -1/2]
ranking function :  - 0.0125 *  x[0]^1.0 *  x[1]^-2.0 *  x[2]^-1.0 - 0.0048 *  x[0]^-3.0 *  x[1]^1.0 *  x[2]^-0.5 *  x[3]^-0.5 + 0.0063 *  x[0]^-2.0 *  x[1]^-2.0 *  x[2]^0.5 *  x[3]^-2.0 *  x[4]^-3.0 + 0.0017 *  x[0]^-1.0 *  x[1]^1.0 *  x[2]^0.5 *  x[3]^3.0 *  x[4]^-3.0 + 0.0048 *  x[2]^1.0 *  x[3]^-2.0 - 0.0024 *  x[0]^1.0 *  x[1]^-2.0 *  x[2]^-0.5 *  x[3]^-2.0 *  x[4]^-3.0

2019-05-02-12-10-22   >>>>   End verify ranking function

verifying time = 157.176 ms


Not Found Ranking Fcuntion

Conterexample is 

[1, 0.5, -0.5, 0.125, -0.5]
