------Using Template 0 -----------
3 [3]
*****************************************************

2019-05-02-12-25-21   >>>>   End sampling point

sampling time = 16.360 ms,


       ########################################         

iteration 0 with 24 examples

2019-05-02-12-25-21   >>>>   Start train ranking function

2019-05-02-12-25-21   >>>>   End train ranking function

train_ranking_functioning time = 0.545 ms


2019-05-02-12-25-21   >>>>   Start verify ranking function

ranking function :  - 0.309 *  x[0]^1.0 + 0.1967 *  x[1]^1.0 + 1.9064 * 1

2019-05-02-12-25-21   >>>>   End verify ranking function

verifying time = 7.882 ms


Not Found Ranking Fcuntion

Conterexample is 

[5.747280996638323, -5.747280996638323]

sampling time = 0.725 ms


       ########################################         

iteration 1 with 26 examples

2019-05-02-12-25-21   >>>>   Start train ranking function

2019-05-02-12-25-21   >>>>   End train ranking function

train_ranking_functioning time = 0.698 ms


2019-05-02-12-25-21   >>>>   Start verify ranking function

ranking function :  - 0.522 *  x[0]^1.0 - 0.2124 *  x[1]^1.0 + 1.9596 * 1

2019-05-02-12-25-21   >>>>   End verify ranking function

verifying time = 7.809 ms


Not Found Ranking Fcuntion

Conterexample is 

[6, -1]

sampling time = 0.733 ms


       ########################################         

iteration 2 with 28 examples

2019-05-02-12-25-21   >>>>   Start train ranking function

2019-05-02-12-25-21   >>>>   End train ranking function

train_ranking_functioning time = 0.581 ms


2019-05-02-12-25-21   >>>>   Start verify ranking function

ranking function :  - 0.2377 *  x[0]^1.0 + 0.1239 *  x[1]^1.0 + 2.2513 * 1

2019-05-02-12-25-21   >>>>   End verify ranking function

verifying time = 7.827 ms


Not Found Ranking Fcuntion

Conterexample is 

[10.704646017699115, -5.704646017699115]

sampling time = 0.724 ms


       ########################################         

iteration 3 with 30 examples

2019-05-02-12-25-21   >>>>   Start train ranking function

2019-05-02-12-25-21   >>>>   End train ranking function

train_ranking_functioning time = 0.830 ms


2019-05-02-12-25-21   >>>>   Start verify ranking function

ranking function :  - 0.0793 *  x[0]^1.0 + 0.2505 *  x[1]^1.0 + 2.4653 * 1

2019-05-02-12-25-21   >>>>   End verify ranking function

verifying time = 7.816 ms


Not Found Ranking Fcuntion

Conterexample is 

[14.305033353547605, -9.305033353547605]

sampling time = 0.723 ms


       ########################################         

iteration 4 with 32 examples

2019-05-02-12-25-21   >>>>   Start train ranking function

2019-05-02-12-25-21   >>>>   End train ranking function

train_ranking_functioning time = 0.876 ms


2019-05-02-12-25-21   >>>>   Start verify ranking function

ranking function :  - 0.0542 *  x[0]^1.0 + 0.1718 *  x[1]^1.0 + 2.3638 * 1

2019-05-02-12-25-21   >>>>   End verify ranking function

verifying time = 7.802 ms


Not Found Ranking Fcuntion

Conterexample is 

[14.884070796460177, -14.884070796460177]

sampling time = 0.731 ms


       ########################################         

iteration 5 with 34 examples

2019-05-02-12-25-21   >>>>   Start train ranking function

2019-05-02-12-25-21   >>>>   End train ranking function

train_ranking_functioning time = 0.865 ms


2019-05-02-12-25-21   >>>>   Start verify ranking function

ranking function :  - 0.1507 *  x[0]^1.0 - 0.0397 *  x[1]^1.0 + 2.2353 * 1

2019-05-02-12-25-21   >>>>   End verify ranking function

verifying time = 7.904 ms


Not Found Ranking Fcuntion

Conterexample is 

[27.35855855855856, -22.35855855855856]

sampling time = 0.728 ms


       ########################################         

iteration 6 with 36 examples

2019-05-02-12-25-21   >>>>   Start train ranking function

2019-05-02-12-25-21   >>>>   End train ranking function

train_ranking_functioning time = 0.926 ms


2019-05-02-12-25-21   >>>>   Start verify ranking function

ranking function :  - 0.1628 *  x[0]^1.0 - 0.1213 *  x[1]^1.0 + 1.8746 * 1

2019-05-02-12-25-21   >>>>   End verify ranking function

verifying time = 7.948 ms


Not Found Ranking Fcuntion

Conterexample is 

[54.65301204819277, -49.65301204819277]

sampling time = 0.727 ms


       ########################################         

iteration 7 with 38 examples

2019-05-02-12-25-21   >>>>   Start train ranking function

2019-05-02-12-25-21   >>>>   End train ranking function

train_ranking_functioning time = 0.991 ms


2019-05-02-12-25-21   >>>>   Start verify ranking function

ranking function :  - 0.1799 *  x[0]^1.0 - 0.176 *  x[1]^1.0 + 1.758 * 1

2019-05-02-12-25-21   >>>>   End verify ranking function

verifying time = 8.023 ms


Not Found Ranking Fcuntion

Conterexample is 

[481.53846153846155, -476.53846153846155]

sampling time = 0.722 ms


       ########################################         

iteration 8 with 40 examples

2019-05-02-12-25-21   >>>>   Start train ranking function

2019-05-02-12-25-21   >>>>   End train ranking function

train_ranking_functioning time = 1.029 ms


2019-05-02-12-25-21   >>>>   Start verify ranking function

[xr_1 = -1, xr_0 = 1]
ranking function :  - 0.1852 *  x[0]^1.0 - 0.1852 *  x[1]^1.0 + 1.7181 * 1

2019-05-02-12-25-21   >>>>   End verify ranking function

verifying time = 7.143 ms


Not Found Ranking Fcuntion

Conterexample is 

[1, -1]

sampling time = 0.718 ms


       ########################################         

iteration 9 with 42 examples

2019-05-02-12-25-21   >>>>   Start train ranking function

2019-05-02-12-25-21   >>>>   End train ranking function

train_ranking_functioning time = 1.050 ms


2019-05-02-12-25-21   >>>>   Start verify ranking function

[xr_1 = -1, xr_0 = 1]
ranking function :  - 0.1842 *  x[0]^1.0 - 0.1851 *  x[1]^1.0 + 1.7219 * 1

2019-05-02-12-25-21   >>>>   End verify ranking function

verifying time = 7.066 ms


Not Found Ranking Fcuntion

Conterexample is 

[1, -1]

sampling time = 0.777 ms


Failed to prove it is terminated

UNKNOWN
------Using Template 1 -----------
2 [2]
*****************************************************

2019-05-02-12-25-21   >>>>   End sampling point

sampling time = 14.761 ms,


       ########################################         

iteration 0 with 24 examples

2019-05-02-12-25-21   >>>>   Start train ranking function

2019-05-02-12-25-21   >>>>   End train ranking function

train_ranking_functioning time = 0.334 ms


2019-05-02-12-25-21   >>>>   Start verify ranking function

[xr_0 = 39, xr_1 = -38]
ranking function : 1.9854 *  x[0]^-2.0 + 0.6065 *  x[0]^0.5

2019-05-02-12-25-21   >>>>   End verify ranking function

verifying time = 13.792 ms


Not Found Ranking Fcuntion

Conterexample is 

[39, -38]

sampling time = 0.569 ms


       ########################################         

iteration 1 with 26 examples

2019-05-02-12-25-21   >>>>   Start train ranking function

2019-05-02-12-25-21   >>>>   End train ranking function

train_ranking_functioning time = 0.322 ms


2019-05-02-12-25-21   >>>>   Start verify ranking function

[xr_0 = 39, xr_1 = -38]
ranking function : 1.9362 *  x[0]^-2.0 + 0.6836 *  x[0]^0.5

2019-05-02-12-25-21   >>>>   End verify ranking function

verifying time = 13.702 ms


Not Found Ranking Fcuntion

Conterexample is 

[39, -38]

sampling time = 0.566 ms


       ########################################         

iteration 2 with 28 examples

2019-05-02-12-25-21   >>>>   Start train ranking function

2019-05-02-12-25-21   >>>>   End train ranking function

train_ranking_functioning time = 0.331 ms


2019-05-02-12-25-21   >>>>   Start verify ranking function

[xr_0 = 39, xr_1 = -38]
ranking function : 1.932 *  x[0]^-2.0 + 0.799 *  x[0]^0.5

2019-05-02-12-25-21   >>>>   End verify ranking function

verifying time = 13.862 ms


Not Found Ranking Fcuntion

Conterexample is 

[39, -38]

sampling time = 0.569 ms


       ########################################         

iteration 3 with 30 examples

2019-05-02-12-25-21   >>>>   Start train ranking function

2019-05-02-12-25-21   >>>>   End train ranking function

train_ranking_functioning time = 0.326 ms


2019-05-02-12-25-21   >>>>   Start verify ranking function

[xr_0 = 39, xr_1 = -38]
ranking function : 1.9326 *  x[0]^-2.0 + 0.856 *  x[0]^0.5

2019-05-02-12-25-21   >>>>   End verify ranking function

verifying time = 14.206 ms


Not Found Ranking Fcuntion

Conterexample is 

[39, -38]

sampling time = 0.614 ms


       ########################################         

iteration 4 with 32 examples

2019-05-02-12-25-21   >>>>   Start train ranking function

2019-05-02-12-25-21   >>>>   End train ranking function

train_ranking_functioning time = 0.356 ms


2019-05-02-12-25-21   >>>>   Start verify ranking function

[xr_0 = 39, xr_1 = -38]
ranking function : 1.9332 *  x[0]^-2.0 + 0.8878 *  x[0]^0.5

2019-05-02-12-25-21   >>>>   End verify ranking function

verifying time = 15.507 ms


Not Found Ranking Fcuntion

Conterexample is 

[39, -38]

sampling time = 0.573 ms


       ########################################         

iteration 5 with 34 examples

2019-05-02-12-25-21   >>>>   Start train ranking function

2019-05-02-12-25-21   >>>>   End train ranking function

train_ranking_functioning time = 0.333 ms


2019-05-02-12-25-21   >>>>   Start verify ranking function

[xr_0 = 39, xr_1 = -38]
ranking function : 1.9337 *  x[0]^-2.0 + 0.9079 *  x[0]^0.5

2019-05-02-12-25-21   >>>>   End verify ranking function

verifying time = 13.924 ms


Not Found Ranking Fcuntion

Conterexample is 

[39, -38]

sampling time = 0.576 ms


       ########################################         

iteration 6 with 36 examples

2019-05-02-12-25-21   >>>>   Start train ranking function

2019-05-02-12-25-21   >>>>   End train ranking function

train_ranking_functioning time = 0.342 ms


2019-05-02-12-25-21   >>>>   Start verify ranking function

[xr_0 = 39, xr_1 = -38]
ranking function : 1.9343 *  x[0]^-2.0 + 0.9219 *  x[0]^0.5

2019-05-02-12-25-21   >>>>   End verify ranking function

verifying time = 13.678 ms


Not Found Ranking Fcuntion

Conterexample is 

[39, -38]

sampling time = 0.569 ms


       ########################################         

iteration 7 with 38 examples

2019-05-02-12-25-21   >>>>   Start train ranking function

2019-05-02-12-25-21   >>>>   End train ranking function

train_ranking_functioning time = 0.338 ms


2019-05-02-12-25-21   >>>>   Start verify ranking function

[xr_0 = 39, xr_1 = -38]
ranking function : 1.9349 *  x[0]^-2.0 + 0.9321 *  x[0]^0.5

2019-05-02-12-25-21   >>>>   End verify ranking function

verifying time = 13.647 ms


Not Found Ranking Fcuntion

Conterexample is 

[39, -38]

sampling time = 0.578 ms


       ########################################         

iteration 8 with 40 examples

2019-05-02-12-25-21   >>>>   Start train ranking function

2019-05-02-12-25-21   >>>>   End train ranking function

train_ranking_functioning time = 0.341 ms


2019-05-02-12-25-21   >>>>   Start verify ranking function

[xr_0 = 39, xr_1 = -38]
ranking function : 1.9354 *  x[0]^-2.0 + 0.94 *  x[0]^0.5

2019-05-02-12-25-21   >>>>   End verify ranking function

verifying time = 13.580 ms


Not Found Ranking Fcuntion

Conterexample is 

[39, -38]

sampling time = 0.566 ms


       ########################################         

iteration 9 with 42 examples

2019-05-02-12-25-21   >>>>   Start train ranking function

2019-05-02-12-25-21   >>>>   End train ranking function

train_ranking_functioning time = 0.350 ms


2019-05-02-12-25-21   >>>>   Start verify ranking function

[xr_0 = 39, xr_1 = -38]
ranking function : 1.936 *  x[0]^-2.0 + 0.9462 *  x[0]^0.5

2019-05-02-12-25-21   >>>>   End verify ranking function

verifying time = 14.818 ms


Not Found Ranking Fcuntion

Conterexample is 

[39, -38]

sampling time = 0.572 ms


Failed to prove it is terminated

UNKNOWN
------Using Template 2 -----------
9 [3, 3, 3]
*****************************************************

2019-05-02-12-25-21   >>>>   End sampling point

sampling time = 32.462 ms,


       ########################################         

iteration 0 with 48 examples

2019-05-02-12-25-21   >>>>   Start train ranking function

2019-05-02-12-25-21   >>>>   End train ranking function

train_ranking_functioning time = 0.706 ms


2019-05-02-12-25-21   >>>>   Start verify ranking function

[xr_1 = -23395/2216, xr_0 = 23395/2216]
ranking function :  - 0.2884 *  x[0]^1.0 + 0.2874 *  x[1]^1.0 + 1.3405 * 1;  - 0.1777 *  x[0]^1.0 + 0.1765 *  x[1]^1.0 + 1.2737 * 1;  - 0.0849 *  x[0]^1.0 + 0.084 *  x[1]^1.0 + 1.2444 * 1

2019-05-02-12-25-21   >>>>   End verify ranking function

verifying time = 9.624 ms


Not Found Ranking Fcuntion

Conterexample is 

[10.55731046931408, -10.55731046931408]

sampling time = 2.028 ms


       ########################################         

iteration 1 with 52 examples

2019-05-02-12-25-21   >>>>   Start train ranking function

2019-05-02-12-25-21   >>>>   End train ranking function

train_ranking_functioning time = 1.231 ms


2019-05-02-12-25-21   >>>>   Start verify ranking function

[xr_1 = -1, xr_0 = 6]
ranking function :  - 0.5361 *  x[0]^1.0 - 0.3592 *  x[1]^1.0 + 1.3592 * 1;  - 0.2185 *  x[0]^1.0 - 0.1132 *  x[1]^1.0 + 1.1675 * 1;  - 0.0834 *  x[0]^1.0 - 0.033 *  x[1]^1.0 + 1.118 * 1

2019-05-02-12-25-21   >>>>   End verify ranking function

verifying time = 9.588 ms


Not Found Ranking Fcuntion

Conterexample is 

[6, -1]

sampling time = 2.022 ms


       ########################################         

iteration 2 with 56 examples

2019-05-02-12-25-21   >>>>   Start train ranking function

2019-05-02-12-25-21   >>>>   End train ranking function

train_ranking_functioning time = 0.998 ms


2019-05-02-12-25-21   >>>>   Start verify ranking function

[xr_1 = -20771/261, xr_0 = 22076/261]
ranking function :  - 0.325 *  x[0]^1.0 - 0.0667 *  x[1]^1.0 + 1.4451 * 1;  - 0.2516 *  x[0]^1.0 - 0.0194 *  x[1]^1.0 + 1.3944 * 1;  - 0.1143 *  x[0]^1.0 - 0.0182 *  x[1]^1.0 + 1.3721 * 1

2019-05-02-12-25-21   >>>>   End verify ranking function

verifying time = 9.662 ms


Not Found Ranking Fcuntion

Conterexample is 

[84.5823754789272, -79.5823754789272]

sampling time = 2.037 ms


       ########################################         

iteration 3 with 60 examples

2019-05-02-12-25-21   >>>>   Start train ranking function

2019-05-02-12-25-21   >>>>   End train ranking function

train_ranking_functioning time = 1.152 ms


2019-05-02-12-25-21   >>>>   Start verify ranking function

[xr_1 = -4063/31, xr_0 = 4218/31]
ranking function :  - 0.3107 *  x[0]^1.0 - 0.2688 *  x[1]^1.0 + 1.2207 * 1;  - 0.1918 *  x[0]^1.0 - 0.1623 *  x[1]^1.0 + 1.1995 * 1;  - 0.0813 *  x[0]^1.0 - 0.0694 *  x[1]^1.0 + 1.0296 * 1

2019-05-02-12-25-21   >>>>   End verify ranking function

verifying time = 10.393 ms


Not Found Ranking Fcuntion

Conterexample is 

[136.06451612903226, -131.06451612903226]

sampling time = 2.042 ms


       ########################################         

iteration 4 with 64 examples

2019-05-02-12-25-21   >>>>   Start train ranking function

2019-05-02-12-25-21   >>>>   End train ranking function

train_ranking_functioning time = 1.308 ms


2019-05-02-12-25-21   >>>>   Start verify ranking function

[xr_1 = -15733/121, xr_0 = 16338/121]
ranking function :  - 0.3415 *  x[0]^1.0 - 0.3314 *  x[1]^1.0 + 1.1759 * 1;  - 0.2149 *  x[0]^1.0 - 0.2034 *  x[1]^1.0 + 1.1453 * 1;  - 0.1007 *  x[0]^1.0 - 0.1013 *  x[1]^1.0 + 1.1003 * 1

2019-05-02-12-25-21   >>>>   End verify ranking function

verifying time = 12.234 ms


Not Found Ranking Fcuntion

Conterexample is 

[135.02479338842974, -130.02479338842974]

sampling time = 2.060 ms


       ########################################         

iteration 5 with 68 examples

2019-05-02-12-25-21   >>>>   Start train ranking function

2019-05-02-12-25-21   >>>>   End train ranking function

train_ranking_functioning time = 1.484 ms


2019-05-02-12-25-21   >>>>   Start verify ranking function

[xr_1 = -1, xr_0 = 1]
ranking function :  - 0.3399 *  x[0]^1.0 - 0.3413 *  x[1]^1.0 + 1.1815 * 1;  - 0.2119 *  x[0]^1.0 - 0.2101 *  x[1]^1.0 + 1.1277 * 1;  - 0.1003 *  x[0]^1.0 - 0.1018 *  x[1]^1.0 + 1.1104 * 1

2019-05-02-12-25-21   >>>>   End verify ranking function

verifying time = 7.180 ms


Not Found Ranking Fcuntion

Conterexample is 

[1, -1]

sampling time = 2.032 ms


       ########################################         

iteration 6 with 72 examples

2019-05-02-12-25-21   >>>>   Start train ranking function

2019-05-02-12-25-21   >>>>   End train ranking function

train_ranking_functioning time = 1.859 ms


2019-05-02-12-25-21   >>>>   Start verify ranking function

[xr_1 = -1, xr_0 = 1]
ranking function :  - 0.3089 *  x[0]^1.0 - 0.3132 *  x[1]^1.0 + 1.1426 * 1;  - 0.1894 *  x[0]^1.0 - 0.1919 *  x[1]^1.0 + 1.1031 * 1;  - 0.0921 *  x[0]^1.0 - 0.0919 *  x[1]^1.0 + 1.08 * 1

2019-05-02-12-25-21   >>>>   End verify ranking function

verifying time = 7.889 ms


Not Found Ranking Fcuntion

Conterexample is 

[1, -1]

sampling time = 2.246 ms


       ########################################         

iteration 7 with 76 examples

2019-05-02-12-25-21   >>>>   Start train ranking function

2019-05-02-12-25-21   >>>>   End train ranking function

train_ranking_functioning time = 1.701 ms


2019-05-02-12-25-21   >>>>   Start verify ranking function

[xr_1 = -1, xr_0 = 1]
ranking function :  - 0.3058 *  x[0]^1.0 - 0.308 *  x[1]^1.0 + 1.142 * 1;  - 0.1874 *  x[0]^1.0 - 0.1895 *  x[1]^1.0 + 1.1136 * 1;  - 0.0896 *  x[0]^1.0 - 0.0918 *  x[1]^1.0 + 1.0809 * 1

2019-05-02-12-25-21   >>>>   End verify ranking function

verifying time = 7.825 ms


Not Found Ranking Fcuntion

Conterexample is 

[1, -1]

sampling time = 2.257 ms


       ########################################         

iteration 8 with 80 examples

2019-05-02-12-25-21   >>>>   Start train ranking function

2019-05-02-12-25-21   >>>>   End train ranking function

train_ranking_functioning time = 1.691 ms


2019-05-02-12-25-21   >>>>   Start verify ranking function

[xr_1 = -1, xr_0 = 1]
ranking function :  - 0.3392 *  x[0]^1.0 - 0.3402 *  x[1]^1.0 + 1.1856 * 1;  - 0.21 *  x[0]^1.0 - 0.2078 *  x[1]^1.0 + 1.1252 * 1;  - 0.1002 *  x[0]^1.0 - 0.1029 *  x[1]^1.0 + 1.1123 * 1

2019-05-02-12-25-21   >>>>   End verify ranking function

verifying time = 7.375 ms


Not Found Ranking Fcuntion

Conterexample is 

[1, -1]

sampling time = 2.084 ms


       ########################################         

iteration 9 with 84 examples

2019-05-02-12-25-21   >>>>   Start train ranking function

2019-05-02-12-25-21   >>>>   End train ranking function

train_ranking_functioning time = 1.587 ms


2019-05-02-12-25-21   >>>>   Start verify ranking function

[xr_1 = -1, xr_0 = 1]
ranking function :  - 0.306 *  x[0]^1.0 - 0.31 *  x[1]^1.0 + 1.1434 * 1;  - 0.1886 *  x[0]^1.0 - 0.1895 *  x[1]^1.0 + 1.1051 * 1;  - 0.0918 *  x[0]^1.0 - 0.0902 *  x[1]^1.0 + 1.0783 * 1

2019-05-02-12-25-21   >>>>   End verify ranking function

verifying time = 7.369 ms


Not Found Ranking Fcuntion

Conterexample is 

[1, -1]

sampling time = 2.050 ms


Failed to prove it is terminated

UNKNOWN
------Using Template 3 -----------
7 [2, 3, 2]
*****************************************************

2019-05-02-12-25-22   >>>>   End sampling point

sampling time = 32.073 ms,


       ########################################         

iteration 0 with 48 examples

2019-05-02-12-25-22   >>>>   Start train ranking function

2019-05-02-12-25-22   >>>>   End train ranking function

train_ranking_functioning time = 1.198 ms


2019-05-02-12-25-22   >>>>   Start verify ranking function

[xr_0 = 3, xr_1 = -2]
ranking function : 1.1926 *  x[0]^-2.0 *  x[1]^0.5 + 0.7502 *  x[0]^-2.0 *  x[1]^3.0;  - 0.0109 *  x[0]^3.0 *  x[1]^-1.0 - 0.0058 *  x[0]^2.0 *  x[1]^3.0 - 0.5542 *  x[0]^-2.0 *  x[1]^-3.0; 1.3941 *  x[0]^-2.0 *  x[1]^-0.5 + 1.3941 *  x[0]^-2.0 *  x[1]^-0.5

2019-05-02-12-25-25   >>>>   End verify ranking function

verifying time = 3813.351 ms


Not Found Ranking Fcuntion

Conterexample is 

[3, -2]

sampling time = 1.961 ms


       ########################################         

iteration 1 with 52 examples

2019-05-02-12-25-25   >>>>   Start train ranking function

2019-05-02-12-25-25   >>>>   End train ranking function

train_ranking_functioning time = 1.210 ms


2019-05-02-12-25-25   >>>>   Start verify ranking function

[xr_0 = 3, xr_1 = -2]
ranking function : 1.2251 *  x[0]^-2.0 *  x[1]^0.5 + 0.8373 *  x[0]^-2.0 *  x[1]^3.0;  - 0.0072 *  x[0]^3.0 *  x[1]^-1.0 - 0.0094 *  x[0]^2.0 *  x[1]^3.0 - 0.6115 *  x[0]^-2.0 *  x[1]^-3.0; 1.4545 *  x[0]^-2.0 *  x[1]^-0.5 + 1.4545 *  x[0]^-2.0 *  x[1]^-0.5

2019-05-02-12-25-26   >>>>   End verify ranking function

verifying time = 926.445 ms


Not Found Ranking Fcuntion

Conterexample is 

[3, -2]

sampling time = 1.946 ms


       ########################################         

iteration 2 with 56 examples

2019-05-02-12-25-26   >>>>   Start train ranking function

2019-05-02-12-25-26   >>>>   End train ranking function

train_ranking_functioning time = 1.267 ms


2019-05-02-12-25-26   >>>>   Start verify ranking function

[xr_0 = 3, xr_1 = -2]
ranking function : 1.2202 *  x[0]^-2.0 *  x[1]^0.5 + 0.7307 *  x[0]^-2.0 *  x[1]^3.0;  - 0.0134 *  x[0]^3.0 *  x[1]^-1.0 - 0.0034 *  x[0]^2.0 *  x[1]^3.0 - 0.5673 *  x[0]^-2.0 *  x[1]^-3.0; 1.5137 *  x[0]^-2.0 *  x[1]^-0.5 + 1.5137 *  x[0]^-2.0 *  x[1]^-0.5

2019-05-02-12-25-33   >>>>   End verify ranking function

verifying time = 6569.469 ms


Not Found Ranking Fcuntion

Conterexample is 

[3, -2]

sampling time = 1.939 ms


       ########################################         

iteration 3 with 60 examples

2019-05-02-12-25-33   >>>>   Start train ranking function

2019-05-02-12-25-33   >>>>   End train ranking function

train_ranking_functioning time = 1.456 ms


2019-05-02-12-25-33   >>>>   Start verify ranking function

[xr_0 = 3, xr_1 = -2]
ranking function : 1.2512 *  x[0]^-2.0 *  x[1]^0.5 + 0.9051 *  x[0]^-2.0 *  x[1]^3.0;  - 0.014 *  x[0]^3.0 *  x[1]^-1.0 - 0.0023 *  x[0]^2.0 *  x[1]^3.0 - 0.6525 *  x[0]^-2.0 *  x[1]^-3.0; 1.5725 *  x[0]^-2.0 *  x[1]^-0.5 + 1.5725 *  x[0]^-2.0 *  x[1]^-0.5

2019-05-02-12-25-42   >>>>   End verify ranking function

verifying time = 9464.064 ms


Not Found Ranking Fcuntion

Conterexample is 

[3, -2]

sampling time = 1.975 ms


       ########################################         

iteration 4 with 64 examples

2019-05-02-12-25-42   >>>>   Start train ranking function

2019-05-02-12-25-42   >>>>   End train ranking function

train_ranking_functioning time = 1.540 ms


2019-05-02-12-25-42   >>>>   Start verify ranking function

[xr_0 = 3, xr_1 = -2]
ranking function : 1.26 *  x[0]^-2.0 *  x[1]^0.5 + 0.9212 *  x[0]^-2.0 *  x[1]^3.0;  - 0.0224 *  x[0]^3.0 *  x[1]^-1.0 - 0.0015 *  x[0]^2.0 *  x[1]^3.0 - 0.6627 *  x[0]^-2.0 *  x[1]^-3.0; 1.6281 *  x[0]^-2.0 *  x[1]^-0.5 + 1.6281 *  x[0]^-2.0 *  x[1]^-0.5

2019-05-02-12-25-47   >>>>   End verify ranking function

verifying time = 4862.368 ms


Not Found Ranking Fcuntion

Conterexample is 

[3, -2]

sampling time = 1.978 ms


       ########################################         

iteration 5 with 68 examples

2019-05-02-12-25-47   >>>>   Start train ranking function

2019-05-02-12-25-47   >>>>   End train ranking function

train_ranking_functioning time = 1.612 ms


2019-05-02-12-25-47   >>>>   Start verify ranking function

[xr_0 = 3, xr_1 = -2]
ranking function : 1.2677 *  x[0]^-2.0 *  x[1]^0.5 + 0.9324 *  x[0]^-2.0 *  x[1]^3.0;  - 0.0196 *  x[0]^3.0 *  x[1]^-1.0 - 0.0057 *  x[0]^2.0 *  x[1]^3.0 - 0.6717 *  x[0]^-2.0 *  x[1]^-3.0; 1.6831 *  x[0]^-2.0 *  x[1]^-0.5 + 1.6831 *  x[0]^-2.0 *  x[1]^-0.5

2019-05-02-12-25-50   >>>>   End verify ranking function

verifying time = 2325.416 ms


Not Found Ranking Fcuntion

Conterexample is 

[3, -2]

sampling time = 2.081 ms


       ########################################         

iteration 6 with 72 examples

2019-05-02-12-25-50   >>>>   Start train ranking function

2019-05-02-12-25-50   >>>>   End train ranking function

train_ranking_functioning time = 1.897 ms


2019-05-02-12-25-50   >>>>   Start verify ranking function

[xr_0 = 3, xr_1 = -2]
ranking function : 1.271 *  x[0]^-2.0 *  x[1]^0.5 + 0.9414 *  x[0]^-2.0 *  x[1]^3.0;  - 0.0242 *  x[0]^3.0 *  x[1]^-1.0 - 0.0047 *  x[0]^2.0 *  x[1]^3.0 - 0.6748 *  x[0]^-2.0 *  x[1]^-3.0; 1.7353 *  x[0]^-2.0 *  x[1]^-0.5 + 1.7353 *  x[0]^-2.0 *  x[1]^-0.5

2019-05-02-12-26-05   >>>>   End verify ranking function

verifying time = 15470.661 ms


Not Found Ranking Fcuntion

Conterexample is 
