------Using Template 0 -----------
5 [5]
*****************************************************

2019-05-02-12-30-26   >>>>   End sampling point

sampling time = 104.939 ms,


       ########################################         

iteration 0 with 148 examples

2019-05-02-12-30-26   >>>>   Start train ranking function

2019-05-02-12-30-26   >>>>   End train ranking function

train_ranking_functioning time = 0.917 ms


2019-05-02-12-30-26   >>>>   Start verify ranking function

ranking function : 0.5 *  x[2]^1.0 + 0.5 *  x[3]^1.0 + 1.5 * 1

2019-05-02-12-30-26   >>>>   End verify ranking function

verifying time = 10.461 ms


Not Found Ranking Fcuntion

Conterexample is 

[0, 0, 0, -4]

sampling time = 1.353 ms


       ########################################         

iteration 1 with 150 examples

2019-05-02-12-30-26   >>>>   Start train ranking function

2019-05-02-12-30-26   >>>>   End train ranking function

train_ranking_functioning time = 0.842 ms


2019-05-02-12-30-26   >>>>   Start verify ranking function

ranking function : 0.5 *  x[2]^1.0 + 0.5 *  x[3]^1.0 + 1.9 * 1

2019-05-02-12-30-26   >>>>   End verify ranking function

verifying time = 10.151 ms


Not Found Ranking Fcuntion

Conterexample is 

[0, 0, 0, -4]

sampling time = 1.362 ms


       ########################################         

iteration 2 with 152 examples

2019-05-02-12-30-26   >>>>   Start train ranking function

2019-05-02-12-30-26   >>>>   End train ranking function

train_ranking_functioning time = 0.959 ms


2019-05-02-12-30-26   >>>>   Start verify ranking function

ranking function : 0.5 *  x[2]^1.0 + 0.5 *  x[3]^1.0 + 2.3 * 1

2019-05-02-12-30-26   >>>>   End verify ranking function

verifying time = 10.147 ms


Not Found Ranking Fcuntion

Conterexample is 

[0, 0, 0, -5]

sampling time = 1.358 ms


       ########################################         

iteration 3 with 154 examples

2019-05-02-12-30-26   >>>>   Start train ranking function

2019-05-02-12-30-26   >>>>   End train ranking function

train_ranking_functioning time = 1.422 ms


2019-05-02-12-30-26   >>>>   Start verify ranking function

ranking function : 0.5 *  x[2]^1.0 + 0.5 *  x[3]^1.0 + 2.6 * 1

2019-05-02-12-30-26   >>>>   End verify ranking function

verifying time = 10.578 ms


Not Found Ranking Fcuntion

Conterexample is 

[0, 0, 0, -7]

sampling time = 1.360 ms


       ########################################         

iteration 4 with 156 examples

2019-05-02-12-30-26   >>>>   Start train ranking function

2019-05-02-12-30-26   >>>>   End train ranking function

train_ranking_functioning time = 1.903 ms


2019-05-02-12-30-26   >>>>   Start verify ranking function

[xi_2 = 0, xi_0 = 0, xi_1 = -9]
ranking function : 0.5 *  x[2]^1.0 + 0.4 *  x[3]^1.0 + 2.9 * 1

2019-05-02-12-30-26   >>>>   End verify ranking function

verifying time = 8.826 ms


Not Found Ranking Fcuntion

Conterexample is 

[0, -9, 0, 0]

sampling time = 1.349 ms


       ########################################         

iteration 5 with 158 examples

2019-05-02-12-30-26   >>>>   Start train ranking function

2019-05-02-12-30-26   >>>>   End train ranking function

train_ranking_functioning time = 2.883 ms


2019-05-02-12-30-26   >>>>   Start verify ranking function

ranking function : 0.5 *  x[2]^1.0 + 0.5 *  x[3]^1.0 + 3.0 * 1

2019-05-02-12-30-26   >>>>   End verify ranking function

verifying time = 10.151 ms


Not Found Ranking Fcuntion

Conterexample is 

[0, 0, 0, -7]

sampling time = 1.393 ms


       ########################################         

iteration 6 with 160 examples

2019-05-02-12-30-26   >>>>   Start train ranking function

2019-05-02-12-30-26   >>>>   End train ranking function

train_ranking_functioning time = 2.858 ms


2019-05-02-12-30-26   >>>>   Start verify ranking function

[xi_2 = 0, xi_0 = 0, xi_1 = -9]
ranking function : 0.5 *  x[2]^1.0 + 0.4 *  x[3]^1.0 + 3.3 * 1

2019-05-02-12-30-26   >>>>   End verify ranking function

verifying time = 8.736 ms


Not Found Ranking Fcuntion

Conterexample is 

[0, -9, 0, 0]

sampling time = 1.359 ms


       ########################################         

iteration 7 with 162 examples

2019-05-02-12-30-26   >>>>   Start train ranking function

2019-05-02-12-30-26   >>>>   End train ranking function

train_ranking_functioning time = 3.243 ms


2019-05-02-12-30-26   >>>>   Start verify ranking function

ranking function : 0.5 *  x[2]^1.0 + 0.5 *  x[3]^1.0 + 3.3 * 1

2019-05-02-12-30-26   >>>>   End verify ranking function

verifying time = 10.207 ms


Not Found Ranking Fcuntion

Conterexample is 

[0, 0, 0, -7]

sampling time = 1.352 ms


       ########################################         

iteration 8 with 164 examples

2019-05-02-12-30-26   >>>>   Start train ranking function

2019-05-02-12-30-26   >>>>   End train ranking function

train_ranking_functioning time = 3.129 ms


2019-05-02-12-30-26   >>>>   Start verify ranking function

ranking function : 0.5 *  x[2]^1.0 + 0.5 *  x[3]^1.0 + 3.6 * 1

2019-05-02-12-30-26   >>>>   End verify ranking function

verifying time = 10.185 ms


Not Found Ranking Fcuntion

Conterexample is 

[0, 0, 0, -10]

sampling time = 1.354 ms


       ########################################         

iteration 9 with 166 examples

2019-05-02-12-30-26   >>>>   Start train ranking function

2019-05-02-12-30-26   >>>>   End train ranking function

train_ranking_functioning time = 3.163 ms


2019-05-02-12-30-26   >>>>   Start verify ranking function

[xi_2 = 0, xi_0 = 0, xi_1 = -9]
ranking function : 0.5 *  x[2]^1.0 + 0.4 *  x[3]^1.0 + 3.9 * 1

2019-05-02-12-30-26   >>>>   End verify ranking function

verifying time = 8.808 ms


Not Found Ranking Fcuntion

Conterexample is 

[0, -9, 0, 0]

sampling time = 1.367 ms


Failed to prove it is terminated

UNKNOWN
------Using Template 1 -----------
3 [3]
*****************************************************

2019-05-02-12-30-26   >>>>   End sampling point

sampling time = 77.980 ms,


       ########################################         

iteration 0 with 148 examples

2019-05-02-12-30-26   >>>>   Start train ranking function

2019-05-02-12-30-26   >>>>   End train ranking function

train_ranking_functioning time = 3.652 ms


2019-05-02-12-30-26   >>>>   Start verify ranking function

ranking function : 0.3 *  x[0]^2.0 *  x[2]^0.5 *  x[3]^3.0 - 0.2 *  x[0]^-2.0 *  x[1]^-1.0 *  x[2]^2.0 *  x[3]^2.0

2019-05-02-12-30-29   >>>>   End verify ranking function

verifying time = 3023.976 ms


       ########################################         

iteration 1 with 148 examples

2019-05-02-12-30-29   >>>>   Start train ranking function

2019-05-02-12-30-29   >>>>   End train ranking function

train_ranking_functioning time = 3.734 ms


2019-05-02-12-30-29   >>>>   Start verify ranking function

ranking function : 0.3 *  x[0]^2.0 *  x[2]^0.5 *  x[3]^3.0 - 0.2 *  x[0]^-2.0 *  x[1]^-1.0 *  x[2]^2.0 *  x[3]^2.0

2019-05-02-12-30-32   >>>>   End verify ranking function

verifying time = 3025.253 ms


       ########################################         

iteration 2 with 148 examples

2019-05-02-12-30-32   >>>>   Start train ranking function

2019-05-02-12-30-32   >>>>   End train ranking function

train_ranking_functioning time = 3.698 ms


2019-05-02-12-30-32   >>>>   Start verify ranking function

ranking function : 0.3 *  x[0]^2.0 *  x[2]^0.5 *  x[3]^3.0 - 0.2 *  x[0]^-2.0 *  x[1]^-1.0 *  x[2]^2.0 *  x[3]^2.0

2019-05-02-12-30-35   >>>>   End verify ranking function

verifying time = 3024.531 ms


       ########################################         

iteration 3 with 148 examples

2019-05-02-12-30-35   >>>>   Start train ranking function

2019-05-02-12-30-35   >>>>   End train ranking function

train_ranking_functioning time = 3.657 ms


2019-05-02-12-30-35   >>>>   Start verify ranking function

ranking function : 0.3 *  x[0]^2.0 *  x[2]^0.5 *  x[3]^3.0 - 0.2 *  x[0]^-2.0 *  x[1]^-1.0 *  x[2]^2.0 *  x[3]^2.0

2019-05-02-12-30-38   >>>>   End verify ranking function

verifying time = 3024.410 ms


       ########################################         

iteration 4 with 148 examples

2019-05-02-12-30-38   >>>>   Start train ranking function

2019-05-02-12-30-38   >>>>   End train ranking function

train_ranking_functioning time = 3.713 ms


2019-05-02-12-30-38   >>>>   Start verify ranking function

ranking function : 0.3 *  x[0]^2.0 *  x[2]^0.5 *  x[3]^3.0 - 0.2 *  x[0]^-2.0 *  x[1]^-1.0 *  x[2]^2.0 *  x[3]^2.0

2019-05-02-12-30-41   >>>>   End verify ranking function

verifying time = 3025.814 ms


       ########################################         

iteration 5 with 148 examples

2019-05-02-12-30-41   >>>>   Start train ranking function

5
2019-05-02-12-30-41   >>>>   End train ranking function

train_ranking_functioning time = 3.683 ms


2019-05-02-12-30-41   >>>>   Start verify ranking function

ranking function : 0.3 *  x[0]^2.0 *  x[2]^0.5 *  x[3]^3.0 - 0.2 *  x[0]^-2.0 *  x[1]^-1.0 *  x[2]^2.0 *  x[3]^2.0

2019-05-02-12-30-44   >>>>   End verify ranking function

verifying time = 3024.281 ms


       ########################################         

iteration 6 with 148 examples

2019-05-02-12-30-44   >>>>   Start train ranking function

2019-05-02-12-30-44   >>>>   End train ranking function

train_ranking_functioning time = 3.794 ms


2019-05-02-12-30-44   >>>>   Start verify ranking function

[xi_2 = 1, xi_3 = -1, xi_0 = -1, xi_1 = 1]
ranking function : 0.2878 *  x[0]^2.0 *  x[2]^0.5 *  x[3]^3.0 - 0.1703 *  x[0]^-2.0 *  x[1]^-1.0 *  x[2]^2.0 *  x[3]^2.0 + 0.0137 *  x[0]^-1.0 *  x[1]^-2.0 *  x[2]^-1.0 *  x[3]^1.0

2019-05-02-12-30-44   >>>>   End verify ranking function

verifying time = 26.194 ms


Not Found Ranking Fcuntion

Conterexample is 

[-1, 1, 1, -1]

sampling time = 1.010 ms


       ########################################         

iteration 7 with 150 examples

2019-05-02-12-30-44   >>>>   Start train ranking function

2019-05-02-12-30-44   >>>>   End train ranking function

train_ranking_functioning time = 3.746 ms


2019-05-02-12-30-44   >>>>   Start verify ranking function

[xi_2 = 1, xi_3 = -1, xi_0 = -1, xi_1 = 1]
ranking function : 0.2236 *  x[0]^2.0 *  x[2]^0.5 *  x[3]^3.0 - 0.1506 *  x[0]^-2.0 *  x[1]^-1.0 *  x[2]^2.0 *  x[3]^2.0 + 0.1087 *  x[0]^-1.0 *  x[1]^-2.0 *  x[2]^-1.0 *  x[3]^1.0

2019-05-02-12-30-44   >>>>   End verify ranking function

verifying time = 25.717 ms


Not Found Ranking Fcuntion

Conterexample is 

[-1, 1, 1, -1]

sampling time = 0.995 ms


       ########################################         

iteration 8 with 152 examples

2019-05-02-12-30-44   >>>>   Start train ranking function

2019-05-02-12-30-44   >>>>   End train ranking function

train_ranking_functioning time = 4.223 ms


2019-05-02-12-30-44   >>>>   Start verify ranking function

[xi_2 = 1, xi_3 = -1, xi_0 = -1, xi_1 = 1]
ranking function : 0.2135 *  x[0]^2.0 *  x[2]^0.5 *  x[3]^3.0 - 0.1269 *  x[0]^-2.0 *  x[1]^-1.0 *  x[2]^2.0 *  x[3]^2.0 + 0.196 *  x[0]^-1.0 *  x[1]^-2.0 *  x[2]^-1.0 *  x[3]^1.0

2019-05-02-12-30-44   >>>>   End verify ranking function

verifying time = 42.280 ms


Not Found Ranking Fcuntion

Conterexample is 

[-1, 1, 1, -1]

sampling time = 0.996 ms


       ########################################         

iteration 9 with 154 examples

2019-05-02-12-30-44   >>>>   Start train ranking function

2019-05-02-12-30-44   >>>>   End train ranking function

train_ranking_functioning time = 3.955 ms


2019-05-02-12-30-44   >>>>   Start verify ranking function

[xi_2 = 1, xi_3 = -1, xi_0 = -1, xi_1 = 1]
ranking function : 0.1778 *  x[0]^2.0 *  x[2]^0.5 *  x[3]^3.0 - 0.1162 *  x[0]^-2.0 *  x[1]^-1.0 *  x[2]^2.0 *  x[3]^2.0 + 0.2599 *  x[0]^-1.0 *  x[1]^-2.0 *  x[2]^-1.0 *  x[3]^1.0

2019-05-02-12-30-44   >>>>   End verify ranking function

verifying time = 25.922 ms


Not Found Ranking Fcuntion

Conterexample is 

[-1, 1, 1, -1]

sampling time = 0.978 ms


Failed to prove it is terminated

UNKNOWN
------Using Template 2 -----------
15 [5, 5, 5]
*****************************************************

2019-05-02-12-30-45   >>>>   End sampling point

sampling time = 305.624 ms,


       ########################################         

iteration 0 with 296 examples

2019-05-02-12-30-45   >>>>   Start train ranking function

2019-05-02-12-30-45   >>>>   End train ranking function

train_ranking_functioning time = 1.294 ms


2019-05-02-12-30-45   >>>>   Start verify ranking function

[xi_2 = 0, xi_3 = -4]
ranking function : 0.5 *  x[2]^1.0 + 0.5 *  x[3]^1.0 + 0.8 * 1; 0.4 *  x[2]^1.0 + 0.4 *  x[3]^1.0 + 0.8 * 1; 0.2 *  x[2]^1.0 + 0.2 *  x[3]^1.0 + 1.2 * 1

2019-05-02-12-30-45   >>>>   End verify ranking function

verifying time = 13.788 ms


Not Found Ranking Fcuntion

Conterexample is 

[0, 0, 0, -4]

sampling time = 3.898 ms


       ########################################         

iteration 1 with 300 examples

2019-05-02-12-30-45   >>>>   Start train ranking function

2019-05-02-12-30-45   >>>>   End train ranking function

train_ranking_functioning time = 1.060 ms


2019-05-02-12-30-45   >>>>   Start verify ranking function

[xi_2 = 0, xi_3 = 0, xi_0 = 8, xi_1 = 0]
ranking function : 0.5 *  x[2]^1.0 + 0.5 *  x[3]^1.0 + 1.5 * 1; 0.1 *  x[0]^1.0 - 0.1 *  x[1]^1.0 + 0.5 *  x[2]^1.0 + 0.2 *  x[3]^1.0 + 1.2 * 1; 0.2 *  x[2]^1.0 + 0.1 *  x[3]^1.0 + 1.2 * 1

2019-05-02-12-30-45   >>>>   End verify ranking function

verifying time = 14.027 ms


Not Found Ranking Fcuntion

Conterexample is 

[8, 0, 0, 0]

sampling time = 3.972 ms


       ########################################         

iteration 2 with 304 examples

2019-05-02-12-30-45   >>>>   Start train ranking function

2019-05-02-12-30-45   >>>>   End train ranking function

train_ranking_functioning time = 3.694 ms


2019-05-02-12-30-45   >>>>   Start verify ranking function

[xi_2 = 0, xi_3 = 0, xi_0 = 6, xi_1 = 0]
ranking function : 0.5 *  x[2]^1.0 + 0.5 *  x[3]^1.0 + 1.5 * 1; 0.1 *  x[0]^1.0 - 0.1 *  x[1]^1.0 + 0.6 *  x[2]^1.0 + 0.2 *  x[3]^1.0 + 1.2 * 1; 0.2 *  x[2]^1.0 + 0.1 *  x[3]^1.0 + 1.2 * 1

2019-05-02-12-30-45   >>>>   End verify ranking function

verifying time = 14.210 ms


Not Found Ranking Fcuntion

Conterexample is 

[6, 0, 0, 0]

sampling time = 3.904 ms


       ########################################         

iteration 3 with 308 examples

2019-05-02-12-30-45   >>>>   Start train ranking function

2019-05-02-12-30-45   >>>>   End train ranking function

train_ranking_functioning time = 3.842 ms


2019-05-02-12-30-45   >>>>   Start verify ranking function

[xi_2 = 0, xi_3 = 0, xi_0 = 0, xi_1 = -6]
ranking function : 0.5 *  x[2]^1.0 + 0.5 *  x[3]^1.0 + 1.5 * 1; 0.1 *  x[0]^1.0 - 0.1 *  x[1]^1.0 + 0.6 *  x[2]^1.0 + 0.2 *  x[3]^1.0 + 1.2 * 1; 0.2 *  x[2]^1.0 + 0.1 *  x[3]^1.0 + 1.2 * 1

2019-05-02-12-30-45   >>>>   End verify ranking function

verifying time = 14.100 ms


Not Found Ranking Fcuntion

Conterexample is 

[0, -6, 0, 0]

sampling time = 3.928 ms


       ########################################         

iteration 4 with 312 examples

2019-05-02-12-30-45   >>>>   Start train ranking function

2019-05-02-12-30-45   >>>>   End train ranking function

train_ranking_functioning time = 3.926 ms


2019-05-02-12-30-45   >>>>   Start verify ranking function

[xi_2 = 0, xi_3 = 0, xi_0 = 6, xi_1 = 0]
ranking function : 0.5 *  x[2]^1.0 + 0.5 *  x[3]^1.0 + 1.5 * 1; 0.1 *  x[0]^1.0 - 0.1 *  x[1]^1.0 + 0.6 *  x[2]^1.0 + 0.2 *  x[3]^1.0 + 1.2 * 1; 0.2 *  x[2]^1.0 + 0.1 *  x[3]^1.0 + 1.2 * 1

2019-05-02-12-30-45   >>>>   End verify ranking function

verifying time = 14.167 ms


Not Found Ranking Fcuntion

Conterexample is 

[6, 0, 0, 0]

sampling time = 3.964 ms


       ########################################         

iteration 5 with 316 examples

2019-05-02-12-30-45   >>>>   Start train ranking function

2019-05-02-12-30-45   >>>>   End train ranking function

train_ranking_functioning time = 4.051 ms


2019-05-02-12-30-45   >>>>   Start verify ranking function

[xi_2 = 0, xi_3 = -5, xi_0 = 0, xi_1 = 0]
ranking function : 0.5 *  x[2]^1.0 + 0.5 *  x[3]^1.0 + 1.5 * 1; 0.1 *  x[0]^1.0 - 0.1 *  x[1]^1.0 + 0.6 *  x[2]^1.0 + 0.2 *  x[3]^1.0 + 1.2 * 1; 0.2 *  x[2]^1.0 + 0.1 *  x[3]^1.0 + 1.2 * 1

2019-05-02-12-30-45   >>>>   End verify ranking function

verifying time = 14.061 ms


Not Found Ranking Fcuntion

Conterexample is 

[0, 0, 0, -5]

sampling time = 3.933 ms


       ########################################         

iteration 6 with 320 examples
