------Using Template 0 -----------
3 [3]
*****************************************************

2019-05-02-12-40-40   >>>>   End sampling point

sampling time = 45.785 ms,


       ########################################         

iteration 0 with 114 examples

2019-05-02-12-40-40   >>>>   Start train ranking function

2019-05-02-12-40-40   >>>>   End train ranking function

train_ranking_functioning time = 2.159 ms


2019-05-02-12-40-40   >>>>   Start verify ranking function

ranking function : 0.9 *  x[0]^1.0 - 0.9 *  x[1]^1.0 + 3.4 * 1

2019-05-02-12-40-40   >>>>   End verify ranking function

verifying time = 7.628 ms


Not Found Ranking Fcuntion

Conterexample is 

[1, 5]

sampling time = 0.715 ms


       ########################################         

iteration 1 with 116 examples

2019-05-02-12-40-40   >>>>   Start train ranking function

2019-05-02-12-40-40   >>>>   End train ranking function

train_ranking_functioning time = 2.261 ms


2019-05-02-12-40-40   >>>>   Start verify ranking function

ranking function : 0.9 *  x[0]^1.0 - 0.9 *  x[1]^1.0 + 3.6 * 1

2019-05-02-12-40-40   >>>>   End verify ranking function

verifying time = 7.432 ms


Not Found Ranking Fcuntion

Conterexample is 

[1, 6]

sampling time = 0.721 ms


       ########################################         

iteration 2 with 118 examples

2019-05-02-12-40-40   >>>>   Start train ranking function

2019-05-02-12-40-40   >>>>   End train ranking function

train_ranking_functioning time = 2.422 ms


2019-05-02-12-40-40   >>>>   Start verify ranking function

ranking function : 0.8 *  x[0]^1.0 - 0.8 *  x[1]^1.0 + 3.9 * 1

2019-05-02-12-40-40   >>>>   End verify ranking function

verifying time = 7.431 ms


Not Found Ranking Fcuntion

Conterexample is 

[1, 6]

sampling time = 0.718 ms


       ########################################         

iteration 3 with 120 examples

2019-05-02-12-40-40   >>>>   Start train ranking function

2019-05-02-12-40-40   >>>>   End train ranking function

train_ranking_functioning time = 2.631 ms


2019-05-02-12-40-40   >>>>   Start verify ranking function

ranking function : 0.8 *  x[0]^1.0 - 0.8 *  x[1]^1.0 + 4.1 * 1

2019-05-02-12-40-40   >>>>   End verify ranking function

verifying time = 7.452 ms


Not Found Ranking Fcuntion

Conterexample is 

[1, 7]

sampling time = 0.724 ms


       ########################################         

iteration 4 with 122 examples

2019-05-02-12-40-40   >>>>   Start train ranking function

2019-05-02-12-40-40   >>>>   End train ranking function

train_ranking_functioning time = 2.656 ms


2019-05-02-12-40-40   >>>>   Start verify ranking function

ranking function : 0.8 *  x[0]^1.0 - 0.8 *  x[1]^1.0 + 4.4 * 1

2019-05-02-12-40-40   >>>>   End verify ranking function

verifying time = 7.485 ms


Not Found Ranking Fcuntion

Conterexample is 

[1, 7]

sampling time = 0.825 ms


       ########################################         

iteration 5 with 124 examples

2019-05-02-12-40-40   >>>>   Start train ranking function

2019-05-02-12-40-40   >>>>   End train ranking function

train_ranking_functioning time = 2.764 ms


2019-05-02-12-40-40   >>>>   Start verify ranking function

ranking function : 0.8 *  x[0]^1.0 - 0.8 *  x[1]^1.0 + 4.6 * 1

2019-05-02-12-40-40   >>>>   End verify ranking function

verifying time = 7.480 ms


Not Found Ranking Fcuntion

Conterexample is 

[1, 7]

sampling time = 0.721 ms


       ########################################         

iteration 6 with 126 examples

2019-05-02-12-40-40   >>>>   Start train ranking function

2019-05-02-12-40-40   >>>>   End train ranking function

train_ranking_functioning time = 2.842 ms


2019-05-02-12-40-40   >>>>   Start verify ranking function

ranking function : 0.8 *  x[0]^1.0 - 0.8 *  x[1]^1.0 + 4.7 * 1

2019-05-02-12-40-40   >>>>   End verify ranking function

verifying time = 7.566 ms


Not Found Ranking Fcuntion

Conterexample is 

[1, 7]

sampling time = 0.722 ms


       ########################################         

iteration 7 with 128 examples

2019-05-02-12-40-40   >>>>   Start train ranking function

2019-05-02-12-40-40   >>>>   End train ranking function

train_ranking_functioning time = 2.815 ms


2019-05-02-12-40-40   >>>>   Start verify ranking function

[xi_0 = 1, xi_1 = -7]
ranking function : 0.8 *  x[0]^1.0 - 0.7 *  x[1]^1.0 + 4.9 * 1

2019-05-02-12-40-40   >>>>   End verify ranking function

verifying time = 6.662 ms


Not Found Ranking Fcuntion

Conterexample is 

[1, -7]

sampling time = 0.713 ms


       ########################################         

iteration 8 with 130 examples

2019-05-02-12-40-40   >>>>   Start train ranking function

2019-05-02-12-40-40   >>>>   End train ranking function

train_ranking_functioning time = 2.991 ms


2019-05-02-12-40-40   >>>>   Start verify ranking function

ranking function : 0.8 *  x[0]^1.0 - 0.8 *  x[1]^1.0 + 4.9 * 1

2019-05-02-12-40-40   >>>>   End verify ranking function

verifying time = 7.486 ms


Not Found Ranking Fcuntion

Conterexample is 

[1, 8]

sampling time = 0.724 ms


       ########################################         

iteration 9 with 132 examples

2019-05-02-12-40-40   >>>>   Start train ranking function

2019-05-02-12-40-40   >>>>   End train ranking function

train_ranking_functioning time = 2.965 ms


2019-05-02-12-40-40   >>>>   Start verify ranking function

ranking function : 0.7 *  x[0]^1.0 - 0.7 *  x[1]^1.0 + 5.0 * 1

2019-05-02-12-40-40   >>>>   End verify ranking function

verifying time = 7.427 ms


Not Found Ranking Fcuntion

Conterexample is 

[1, 9]

sampling time = 0.724 ms


Failed to prove it is terminated

UNKNOWN
------Using Template 1 -----------
4 [4]
*****************************************************

2019-05-02-12-40-40   >>>>   End sampling point

sampling time = 67.970 ms,


       ########################################         

iteration 0 with 114 examples

2019-05-02-12-40-40   >>>>   Start train ranking function

2019-05-02-12-40-40   >>>>   End train ranking function

train_ranking_functioning time = 4.333 ms


2019-05-02-12-40-40   >>>>   Start verify ranking function

[xi_0 = 1, xi_1 = 1]
ranking function :  - 0.1 *  x[0]^1.0 *  x[1]^-3.0 + 0.8 *  x[0]^-1.0 *  x[1]^0.5

2019-05-02-12-40-40   >>>>   End verify ranking function

verifying time = 28.560 ms


Not Found Ranking Fcuntion

Conterexample is 

[1, 1]

sampling time = 1.118 ms


       ########################################         

iteration 1 with 116 examples

2019-05-02-12-40-40   >>>>   Start train ranking function

2019-05-02-12-40-40   >>>>   End train ranking function

train_ranking_functioning time = 4.500 ms


2019-05-02-12-40-40   >>>>   Start verify ranking function

[xi_0 = 1, xi_1 = 1]
ranking function :  - 0.1 *  x[0]^1.0 *  x[1]^-3.0 + 0.9 *  x[0]^-1.0 *  x[1]^0.5

2019-05-02-12-40-40   >>>>   End verify ranking function

verifying time = 31.075 ms


Not Found Ranking Fcuntion

Conterexample is 

[1, 1]

sampling time = 1.132 ms


       ########################################         

iteration 2 with 118 examples

2019-05-02-12-40-40   >>>>   Start train ranking function

2019-05-02-12-40-40   >>>>   End train ranking function

train_ranking_functioning time = 4.485 ms


2019-05-02-12-40-40   >>>>   Start verify ranking function

[xi_0 = 1, xi_1 = 1]
ranking function :  - 0.1 *  x[0]^1.0 *  x[1]^-3.0 + 0.9 *  x[0]^-1.0 *  x[1]^0.5

2019-05-02-12-40-40   >>>>   End verify ranking function

verifying time = 30.443 ms


Not Found Ranking Fcuntion

Conterexample is 

[1, 1]

sampling time = 1.076 ms


       ########################################         

iteration 3 with 120 examples

2019-05-02-12-40-40   >>>>   Start train ranking function

2019-05-02-12-40-40   >>>>   End train ranking function

train_ranking_functioning time = 4.451 ms


2019-05-02-12-40-40   >>>>   Start verify ranking function

[xi_0 = 1, xi_1 = 1]
ranking function :  - 0.1 *  x[0]^1.0 *  x[1]^-3.0 + 0.9 *  x[0]^-1.0 *  x[1]^0.5

2019-05-02-12-40-40   >>>>   End verify ranking function

verifying time = 31.154 ms


Not Found Ranking Fcuntion

Conterexample is 

[1, 1]

sampling time = 1.086 ms


       ########################################         

iteration 4 with 122 examples

2019-05-02-12-40-40   >>>>   Start train ranking function

2019-05-02-12-40-40   >>>>   End train ranking function

train_ranking_functioning time = 4.720 ms


2019-05-02-12-40-40   >>>>   Start verify ranking function

[xi_0 = 1, xi_1 = 1]
ranking function :  - 0.1 *  x[0]^1.0 *  x[1]^-3.0 + 0.9 *  x[0]^-1.0 *  x[1]^0.5

2019-05-02-12-40-40   >>>>   End verify ranking function

verifying time = 32.666 ms


Not Found Ranking Fcuntion

Conterexample is 

[1, 1]

sampling time = 1.095 ms


       ########################################         

iteration 5 with 124 examples

2019-05-02-12-40-40   >>>>   Start train ranking function

2019-05-02-12-40-40   >>>>   End train ranking function

train_ranking_functioning time = 4.752 ms


2019-05-02-12-40-40   >>>>   Start verify ranking function

[xi_0 = 1, xi_1 = 1]
ranking function :  - 0.1 *  x[0]^1.0 *  x[1]^-3.0 + 1.0 *  x[0]^-1.0 *  x[1]^0.5

2019-05-02-12-40-40   >>>>   End verify ranking function

verifying time = 24.947 ms


Not Found Ranking Fcuntion

Conterexample is 

[1, 1]

sampling time = 1.088 ms


       ########################################         

iteration 6 with 126 examples

2019-05-02-12-40-40   >>>>   Start train ranking function

2019-05-02-12-40-40   >>>>   End train ranking function

train_ranking_functioning time = 4.780 ms


2019-05-02-12-40-40   >>>>   Start verify ranking function

[xi_0 = 1, xi_1 = 1]
ranking function :  - 0.1 *  x[0]^1.0 *  x[1]^-3.0 + 1.0 *  x[0]^-1.0 *  x[1]^0.5

2019-05-02-12-40-40   >>>>   End verify ranking function

verifying time = 29.642 ms


Not Found Ranking Fcuntion

Conterexample is 

[1, 1]

sampling time = 1.142 ms


       ########################################         

iteration 7 with 128 examples

2019-05-02-12-40-40   >>>>   Start train ranking function

2019-05-02-12-40-40   >>>>   End train ranking function

train_ranking_functioning time = 4.798 ms


2019-05-02-12-40-40   >>>>   Start verify ranking function

[xi_0 = 1, xi_1 = 1]
ranking function :  - 0.1 *  x[0]^1.0 *  x[1]^-3.0 + 1.0 *  x[0]^-1.0 *  x[1]^0.5

2019-05-02-12-40-40   >>>>   End verify ranking function

verifying time = 25.732 ms


Not Found Ranking Fcuntion

Conterexample is 

[1, 1]

sampling time = 1.105 ms


       ########################################         

iteration 8 with 130 examples

2019-05-02-12-40-40   >>>>   Start train ranking function

2019-05-02-12-40-40   >>>>   End train ranking function

train_ranking_functioning time = 4.788 ms


2019-05-02-12-40-40   >>>>   Start verify ranking function

[xi_0 = 1, xi_1 = 1]
ranking function :  - 0.1 *  x[0]^1.0 *  x[1]^-3.0 + 1.0 *  x[0]^-1.0 *  x[1]^0.5

2019-05-02-12-40-40   >>>>   End verify ranking function

verifying time = 25.783 ms


Not Found Ranking Fcuntion

Conterexample is 

[1, 1]

sampling time = 1.096 ms


       ########################################         

iteration 9 with 132 examples

2019-05-02-12-40-40   >>>>   Start train ranking function

2019-05-02-12-40-40   >>>>   End train ranking function

train_ranking_functioning time = 5.226 ms


2019-05-02-12-40-40   >>>>   Start verify ranking function

[xi_0 = 1, xi_1 = 1]
ranking function :  - 0.1 *  x[0]^1.0 *  x[1]^-3.0 + 1.0 *  x[0]^-1.0 *  x[1]^0.5

2019-05-02-12-40-40   >>>>   End verify ranking function

verifying time = 24.876 ms


Not Found Ranking Fcuntion

Conterexample is 

[1, 1]

sampling time = 1.092 ms


Failed to prove it is terminated

UNKNOWN
------Using Template 2 -----------
9 [3, 3, 3]
*****************************************************

2019-05-02-12-40-40   >>>>   End sampling point

sampling time = 121.270 ms,


       ########################################         

iteration 0 with 228 examples

2019-05-02-12-40-40   >>>>   Start train ranking function

2019-05-02-12-40-40   >>>>   End train ranking function

train_ranking_functioning time = 2.008 ms


2019-05-02-12-40-40   >>>>   Start verify ranking function

[xi_0 = 1, xi_1 = 9]
ranking function : 1.0 *  x[0]^1.0 - 1.0 *  x[1]^1.0 + 0.8 * 1; 0.8 *  x[0]^1.0 + 0.8 * 1; 0.2 *  x[0]^1.0 + 0.8 * 1

2019-05-02-12-40-40   >>>>   End verify ranking function

verifying time = 9.570 ms


Not Found Ranking Fcuntion

Conterexample is 

[1, 9]

sampling time = 2.038 ms


       ########################################         

iteration 1 with 232 examples

2019-05-02-12-40-40   >>>>   Start train ranking function

2019-05-02-12-40-40   >>>>   End train ranking function

train_ranking_functioning time = 3.011 ms


2019-05-02-12-40-40   >>>>   Start verify ranking function

[xi_0 = 1, xi_1 = 18]
ranking function : 1.0 *  x[0]^1.0 - 1.0 *  x[1]^1.0 + 0.8 * 1; 0.9 *  x[0]^1.0 + 0.8 * 1; 0.1 *  x[0]^1.0 + 0.8 * 1

2019-05-02-12-40-40   >>>>   End verify ranking function

verifying time = 9.452 ms


Not Found Ranking Fcuntion

Conterexample is 

[1, 18]

sampling time = 2.014 ms


       ########################################         

iteration 2 with 236 examples

2019-05-02-12-40-40   >>>>   Start train ranking function

2019-05-02-12-40-40   >>>>   End train ranking function

train_ranking_functioning time = 3.080 ms


2019-05-02-12-40-40   >>>>   Start verify ranking function

[xi_0 = 1, xi_1 = 18]
ranking function : 1.0 *  x[0]^1.0 - 1.0 *  x[1]^1.0 + 0.8 * 1; 0.9 *  x[0]^1.0 + 0.8 * 1; 0.1 *  x[0]^1.0 + 0.8 * 1

2019-05-02-12-40-40   >>>>   End verify ranking function

verifying time = 9.350 ms


Not Found Ranking Fcuntion

Conterexample is 

[1, 18]

sampling time = 2.023 ms


       ########################################         

iteration 3 with 240 examples

2019-05-02-12-40-40   >>>>   Start train ranking function

2019-05-02-12-40-40   >>>>   End train ranking function

train_ranking_functioning time = 3.181 ms


2019-05-02-12-40-40   >>>>   Start verify ranking function

[xi_0 = 1, xi_1 = 18]
ranking function : 1.0 *  x[0]^1.0 - 1.0 *  x[1]^1.0 + 0.8 * 1; 0.9 *  x[0]^1.0 + 0.8 * 1; 0.1 *  x[0]^1.0 + 0.8 * 1

2019-05-02-12-40-40   >>>>   End verify ranking function

verifying time = 9.430 ms


Not Found Ranking Fcuntion

Conterexample is 

[1, 18]

sampling time = 2.073 ms


       ########################################         

iteration 4 with 244 examples

2019-05-02-12-40-40   >>>>   Start train ranking function

2019-05-02-12-40-40   >>>>   End train ranking function

train_ranking_functioning time = 3.277 ms


2019-05-02-12-40-40   >>>>   Start verify ranking function

[xi_0 = 1, xi_1 = 18]
ranking function : 1.0 *  x[0]^1.0 - 1.0 *  x[1]^1.0 + 0.8 * 1; 0.9 *  x[0]^1.0 + 0.8 * 1; 0.1 *  x[0]^1.0 + 0.8 * 1

2019-05-02-12-40-40   >>>>   End verify ranking function

verifying time = 9.530 ms


Not Found Ranking Fcuntion

Conterexample is 

[1, 18]

sampling time = 2.054 ms


       ########################################         

iteration 5 with 248 examples

2019-05-02-12-40-40   >>>>   Start train ranking function

2019-05-02-12-40-40   >>>>   End train ranking function

train_ranking_functioning time = 3.344 ms


2019-05-02-12-40-40   >>>>   Start verify ranking function

[xi_0 = 1, xi_1 = 18]
ranking function : 1.0 *  x[0]^1.0 - 1.0 *  x[1]^1.0 + 0.8 * 1; 0.9 *  x[0]^1.0 + 0.8 * 1; 0.1 *  x[0]^1.0 + 0.8 * 1

2019-05-02-12-40-40   >>>>   End verify ranking function

verifying time = 9.362 ms


Not Found Ranking Fcuntion

Conterexample is 

[1, 18]

sampling time = 2.017 ms


       ########################################         

iteration 6 with 252 examples

2019-05-02-12-40-40   >>>>   Start train ranking function

5
2019-05-02-12-40-40   >>>>   End train ranking function

train_ranking_functioning time = 3.491 ms


2019-05-02-12-40-40   >>>>   Start verify ranking function

[xi_0 = 1, xi_1 = 18]
ranking function : 1.0 *  x[0]^1.0 - 1.0 *  x[1]^1.0 + 0.8 * 1; 0.9 *  x[0]^1.0 + 0.8 * 1; 0.1 *  x[0]^1.0 + 0.8 * 1

2019-05-02-12-40-40   >>>>   End verify ranking function

verifying time = 9.470 ms


Not Found Ranking Fcuntion

Conterexample is 

[1, 18]

sampling time = 2.030 ms


       ########################################         

iteration 7 with 256 examples

2019-05-02-12-40-40   >>>>   Start train ranking function

2019-05-02-12-40-40   >>>>   End train ranking function

train_ranking_functioning time = 3.607 ms


2019-05-02-12-40-40   >>>>   Start verify ranking function

[xi_0 = 1, xi_1 = -1220]
ranking function : 0.9772 *  x[0]^1.0 - 0.9764 *  x[1]^1.0 + 0.8131 * 1; 0.9287 *  x[0]^1.0 + 0.0037 *  x[1]^1.0 + 0.8039 * 1; 0.1444 *  x[0]^1.0 + 0.0002 *  x[1]^1.0 + 0.8475 * 1

2019-05-02-12-40-40   >>>>   End verify ranking function

verifying time = 7.621 ms


Not Found Ranking Fcuntion

Conterexample is 

[1, -1220]

sampling time = 2.343 ms


       ########################################         

iteration 8 with 260 examples

2019-05-02-12-40-40   >>>>   Start train ranking function

2019-05-02-12-40-40   >>>>   End train ranking function

train_ranking_functioning time = 3.828 ms


2019-05-02-12-40-40   >>>>   Start verify ranking function

[xi_0 = 1, xi_1 = -1219]
ranking function : 0.9763 *  x[0]^1.0 - 0.9755 *  x[1]^1.0 + 0.739 * 1; 1.0208 *  x[0]^1.0 - 0.0904 *  x[1]^1.0 + 0.8006 * 1; 0.0904 *  x[0]^1.0 + 0.0007 *  x[1]^1.0 + 0.8924 * 1

2019-05-02-12-40-40   >>>>   End verify ranking function

verifying time = 7.359 ms


Not Found Ranking Fcuntion

Conterexample is 

[1, -1219]

sampling time = 2.076 ms


       ########################################         

iteration 9 with 264 examples

2019-05-02-12-40-40   >>>>   Start train ranking function

2019-05-02-12-40-40   >>>>   End train ranking function

train_ranking_functioning time = 3.824 ms


2019-05-02-12-40-40   >>>>   Start verify ranking function

[xi_0 = 1, xi_1 = -1625]
ranking function : 0.9763 *  x[0]^1.0 - 0.9757 *  x[1]^1.0 + 0.7384 * 1; 1.0218 *  x[0]^1.0 - 0.0911 *  x[1]^1.0 + 0.8002 * 1; 0.0915 *  x[0]^1.0 + 0.0003 *  x[1]^1.0 + 0.8931 * 1

2019-05-02-12-40-40   >>>>   End verify ranking function

verifying time = 6.955 ms


Not Found Ranking Fcuntion

Conterexample is 

[1, -1625]

sampling time = 2.040 ms


Failed to prove it is terminated

UNKNOWN
------Using Template 3 -----------
6 [1, 2, 3]
*****************************************************

2019-05-02-12-40-41   >>>>   End sampling point

sampling time = 98.612 ms,


       ########################################         

iteration 0 with 228 examples

2019-05-02-12-40-41   >>>>   Start train ranking function

2019-05-02-12-40-41   >>>>   End train ranking function

train_ranking_functioning time = 7.528 ms


2019-05-02-12-40-41   >>>>   Start verify ranking function

[xi_0 = 1]
ranking function : ; 1.5 *  x[0]^-2.0 - 0.9 *  x[0]^-2.0 *  x[1]^-0.5; 0.8 *  x[1]^0.5

2019-05-02-12-40-41   >>>>   End verify ranking function

verifying time = 6.659 ms


Not Found Ranking Fcuntion

Conterexample is 

[1, 0]

sampling time = 1.620 ms


       ########################################         

iteration 1 with 232 examples

2019-05-02-12-40-41   >>>>   Start train ranking function

2019-05-02-12-40-41   >>>>   End train ranking function

train_ranking_functioning time = 7.611 ms


2019-05-02-12-40-41   >>>>   Start verify ranking function

[xi_0 = 1]
ranking function : ; 1.6 *  x[0]^-2.0 - 1.0 *  x[0]^-2.0 *  x[1]^-0.5; 0.8 *  x[1]^0.5

2019-05-02-12-40-41   >>>>   End verify ranking function

verifying time = 6.691 ms


Not Found Ranking Fcuntion

Conterexample is 

[1, 0]

sampling time = 1.617 ms


       ########################################         

iteration 2 with 236 examples

2019-05-02-12-40-41   >>>>   Start train ranking function

2019-05-02-12-40-41   >>>>   End train ranking function

train_ranking_functioning time = 7.788 ms


2019-05-02-12-40-41   >>>>   Start verify ranking function

[xi_0 = 1]
ranking function : ; 1.6 *  x[0]^-2.0 - 1.1 *  x[0]^-2.0 *  x[1]^-0.5; 0.8 *  x[1]^0.5

2019-05-02-12-40-41   >>>>   End verify ranking function

verifying time = 6.743 ms


Not Found Ranking Fcuntion

Conterexample is 

[1, 0]

sampling time = 1.669 ms


       ########################################         

iteration 3 with 240 examples

2019-05-02-12-40-41   >>>>   Start train ranking function

2019-05-02-12-40-41   >>>>   End train ranking function

train_ranking_functioning time = 8.073 ms


2019-05-02-12-40-41   >>>>   Start verify ranking function

[xi_0 = 1]
ranking function : ; 1.7 *  x[0]^-2.0 - 1.1 *  x[0]^-2.0 *  x[1]^-0.5; 0.8 *  x[1]^0.5

2019-05-02-12-40-41   >>>>   End verify ranking function

verifying time = 6.700 ms


Not Found Ranking Fcuntion

Conterexample is 

[1, 0]

sampling time = 1.614 ms


       ########################################         

iteration 4 with 244 examples

2019-05-02-12-40-41   >>>>   Start train ranking function

2019-05-02-12-40-41   >>>>   End train ranking function

train_ranking_functioning time = 7.943 ms


2019-05-02-12-40-41   >>>>   Start verify ranking function

[xi_0 = 1]
ranking function : ; 1.7 *  x[0]^-2.0 - 1.1 *  x[0]^-2.0 *  x[1]^-0.5; 0.8 *  x[1]^0.5

2019-05-02-12-40-41   >>>>   End verify ranking function

verifying time = 6.713 ms


Not Found Ranking Fcuntion

Conterexample is 

[1, 0]

sampling time = 1.762 ms


       ########################################         

iteration 5 with 248 examples

2019-05-02-12-40-41   >>>>   Start train ranking function

2019-05-02-12-40-41   >>>>   End train ranking function

train_ranking_functioning time = 8.450 ms


2019-05-02-12-40-41   >>>>   Start verify ranking function

[xi_0 = 1]
ranking function : ; 1.7 *  x[0]^-2.0 - 1.1 *  x[0]^-2.0 *  x[1]^-0.5; 0.8 *  x[1]^0.5

2019-05-02-12-40-41   >>>>   End verify ranking function

verifying time = 6.768 ms


Not Found Ranking Fcuntion

Conterexample is 

[1, 0]

sampling time = 1.600 ms


       ########################################         

iteration 6 with 252 examples

2019-05-02-12-40-41   >>>>   Start train ranking function

2019-05-02-12-40-41   >>>>   End train ranking function

train_ranking_functioning time = 8.277 ms


2019-05-02-12-40-41   >>>>   Start verify ranking function

[xi_0 = 1]
ranking function : ; 1.7 *  x[0]^-2.0 - 1.1 *  x[0]^-2.0 *  x[1]^-0.5; 0.8 *  x[1]^0.5

2019-05-02-12-40-41   >>>>   End verify ranking function

verifying time = 6.647 ms


Not Found Ranking Fcuntion

Conterexample is 

[1, 0]

sampling time = 1.608 ms


       ########################################         

iteration 7 with 256 examples

2019-05-02-12-40-41   >>>>   Start train ranking function

2019-05-02-12-40-41   >>>>   End train ranking function

train_ranking_functioning time = 8.335 ms


2019-05-02-12-40-41   >>>>   Start verify ranking function

[xi_0 = 1]
ranking function : ; 1.7 *  x[0]^-2.0 - 1.1 *  x[0]^-2.0 *  x[1]^-0.5; 0.8 *  x[1]^0.5

2019-05-02-12-40-41   >>>>   End verify ranking function

verifying time = 6.667 ms


Not Found Ranking Fcuntion

Conterexample is 

[1, 0]

sampling time = 1.617 ms


       ########################################         

iteration 8 with 260 examples

2019-05-02-12-40-41   >>>>   Start train ranking function

5
2019-05-02-12-40-41   >>>>   End train ranking function

train_ranking_functioning time = 8.509 ms


2019-05-02-12-40-41   >>>>   Start verify ranking function

[xi_0 = 1]
ranking function : ; 1.7 *  x[0]^-2.0 - 1.1 *  x[0]^-2.0 *  x[1]^-0.5; 0.8 *  x[1]^0.5

2019-05-02-12-40-41   >>>>   End verify ranking function

verifying time = 6.803 ms


Not Found Ranking Fcuntion

Conterexample is 

[1, 0]

sampling time = 1.609 ms


       ########################################         

iteration 9 with 264 examples

2019-05-02-12-40-41   >>>>   Start train ranking function

2019-05-02-12-40-41   >>>>   End train ranking function

train_ranking_functioning time = 8.518 ms


2019-05-02-12-40-41   >>>>   Start verify ranking function

[xi_0 = 1]
ranking function : ; 2.0 *  x[0]^-2.0 - 1.0 *  x[0]^-2.0 *  x[1]^-0.5; 1.0 *  x[1]^0.5

2019-05-02-12-40-41   >>>>   End verify ranking function

verifying time = 6.673 ms


Not Found Ranking Fcuntion

Conterexample is 

[1, 0]

sampling time = 1.647 ms


Failed to prove it is terminated

UNKNOWN
------Using Template 4 -----------
15 [3, 3, 3, 3, 3]
*****************************************************

2019-05-02-12-40-41   >>>>   End sampling point

sampling time = 197.452 ms,


       ########################################         

iteration 0 with 342 examples

2019-05-02-12-40-41   >>>>   Start train ranking function

2019-05-02-12-40-41   >>>>   End train ranking function

train_ranking_functioning time = 2.479 ms


2019-05-02-12-40-41   >>>>   Start verify ranking function

[xi_0 = 1, xi_1 = 9]
ranking function : 1.0 *  x[0]^1.0 - 1.0 *  x[1]^1.0 + 0.8 * 1; 0.8 *  x[0]^1.0 + 0.6 * 1; 0.1 *  x[0]^1.0 - 0.2 *  x[1]^1.0 + 0.6 * 1; 0.4 *  x[0]^1.0 - 0.2 *  x[1]^1.0 + 0.8 * 1; 0.2 *  x[0]^1.0 + 0.8 * 1

2019-05-02-12-40-41   >>>>   End verify ranking function

verifying time = 10.826 ms


Not Found Ranking Fcuntion

Conterexample is 

[1, 9]

sampling time = 3.800 ms


       ########################################         

iteration 1 with 348 examples

2019-05-02-12-40-41   >>>>   Start train ranking function

2019-05-02-12-40-41   >>>>   End train ranking function

train_ranking_functioning time = 3.929 ms


2019-05-02-12-40-41   >>>>   Start verify ranking function

[xi_0 = 1, xi_1 = 18]
ranking function : 1.0 *  x[0]^1.0 - 1.0 *  x[1]^1.0 + 0.8 * 1; 0.9 *  x[0]^1.0 + 0.6 * 1; 0.1 *  x[0]^1.0 - 0.2 *  x[1]^1.0 + 0.7 * 1; 0.4 *  x[0]^1.0 - 0.2 *  x[1]^1.0 + 0.8 * 1; 0.2 *  x[0]^1.0 + 0.8 * 1

2019-05-02-12-40-41   >>>>   End verify ranking function

verifying time = 11.278 ms


Not Found Ranking Fcuntion

Conterexample is 

[1, 18]

sampling time = 3.768 ms


       ########################################         

iteration 2 with 354 examples

2019-05-02-12-40-41   >>>>   Start train ranking function

2019-05-02-12-40-41   >>>>   End train ranking function

train_ranking_functioning time = 4.187 ms


2019-05-02-12-40-41   >>>>   Start verify ranking function

[xi_0 = 1, xi_1 = 18]
ranking function : 1.0 *  x[0]^1.0 - 1.0 *  x[1]^1.0 + 0.8 * 1; 0.9 *  x[0]^1.0 + 0.6 * 1; 0.1 *  x[0]^1.0 - 0.2 *  x[1]^1.0 + 0.7 * 1; 0.4 *  x[0]^1.0 - 0.2 *  x[1]^1.0 + 0.8 * 1; 0.2 *  x[0]^1.0 + 0.8 * 1

2019-05-02-12-40-41   >>>>   End verify ranking function

verifying time = 11.237 ms


Not Found Ranking Fcuntion

Conterexample is 

[1, 18]

sampling time = 3.742 ms


       ########################################         

iteration 3 with 360 examples

2019-05-02-12-40-41   >>>>   Start train ranking function

2019-05-02-12-40-41   >>>>   End train ranking function

train_ranking_functioning time = 4.282 ms


2019-05-02-12-40-41   >>>>   Start verify ranking function

[xi_0 = 1, xi_1 = 18]
ranking function : 1.0 *  x[0]^1.0 - 1.0 *  x[1]^1.0 + 0.8 * 1; 0.9 *  x[0]^1.0 + 0.6 * 1; 0.1 *  x[0]^1.0 - 0.2 *  x[1]^1.0 + 0.7 * 1; 0.4 *  x[0]^1.0 - 0.2 *  x[1]^1.0 + 0.8 * 1; 0.2 *  x[0]^1.0 + 0.8 * 1

2019-05-02-12-40-41   >>>>   End verify ranking function

verifying time = 10.180 ms


Not Found Ranking Fcuntion

Conterexample is 

[1, 18]

sampling time = 3.360 ms


       ########################################         

iteration 4 with 366 examples

2019-05-02-12-40-41   >>>>   Start train ranking function

2019-05-02-12-40-41   >>>>   End train ranking function

train_ranking_functioning time = 4.180 ms


2019-05-02-12-40-41   >>>>   Start verify ranking function

[xi_0 = 1, xi_1 = 18]
ranking function : 1.0 *  x[0]^1.0 - 1.0 *  x[1]^1.0 + 0.8 * 1; 0.9 *  x[0]^1.0 + 0.6 * 1; 0.1 *  x[0]^1.0 - 0.2 *  x[1]^1.0 + 0.7 * 1; 0.4 *  x[0]^1.0 - 0.2 *  x[1]^1.0 + 0.8 * 1; 0.2 *  x[0]^1.0 + 0.8 * 1

2019-05-02-12-40-41   >>>>   End verify ranking function

verifying time = 9.982 ms


Not Found Ranking Fcuntion

Conterexample is 

[1, 18]

sampling time = 3.417 ms


       ########################################         

iteration 5 with 372 examples

2019-05-02-12-40-41   >>>>   Start train ranking function

2019-05-02-12-40-41   >>>>   End train ranking function

train_ranking_functioning time = 4.439 ms


2019-05-02-12-40-41   >>>>   Start verify ranking function

[xi_0 = 1, xi_1 = 18]
ranking function : 1.0 *  x[0]^1.0 - 1.0 *  x[1]^1.0 + 0.8 * 1; 0.9 *  x[0]^1.0 + 0.6 * 1; 0.1 *  x[0]^1.0 - 0.2 *  x[1]^1.0 + 0.7 * 1; 0.4 *  x[0]^1.0 - 0.2 *  x[1]^1.0 + 0.8 * 1; 0.2 *  x[0]^1.0 + 0.8 * 1

2019-05-02-12-40-41   >>>>   End verify ranking function

verifying time = 9.832 ms


Not Found Ranking Fcuntion

Conterexample is 

[1, 18]

sampling time = 3.395 ms


       ########################################         

iteration 6 with 378 examples

2019-05-02-12-40-41   >>>>   Start train ranking function

5
2019-05-02-12-40-41   >>>>   End train ranking function

train_ranking_functioning time = 4.645 ms


2019-05-02-12-40-41   >>>>   Start verify ranking function

[xi_0 = 1, xi_1 = 18]
ranking function : 1.0 *  x[0]^1.0 - 1.0 *  x[1]^1.0 + 0.8 * 1; 0.9 *  x[0]^1.0 + 0.6 * 1; 0.1 *  x[0]^1.0 - 0.2 *  x[1]^1.0 + 0.7 * 1; 0.4 *  x[0]^1.0 - 0.2 *  x[1]^1.0 + 0.8 * 1; 0.2 *  x[0]^1.0 + 0.8 * 1

2019-05-02-12-40-41   >>>>   End verify ranking function

verifying time = 9.776 ms


Not Found Ranking Fcuntion

Conterexample is 

[1, 18]

sampling time = 3.384 ms


       ########################################         

iteration 7 with 384 examples

2019-05-02-12-40-41   >>>>   Start train ranking function

2019-05-02-12-40-41   >>>>   End train ranking function

train_ranking_functioning time = 4.616 ms


2019-05-02-12-40-41   >>>>   Start verify ranking function

valid ranking function
ranking function : 1.0 *  x[0]^1.0 - 1.0 *  x[1]^1.0 + 1.0 * 1; 1.0 *  x[0]^1.0 + 1.0 * 1; 1.0 * 1; 1.0 * 1; 1.0 * 1

2019-05-02-12-40-41   >>>>   End verify ranking function

verifying time = 19.714 ms


Found Ranking Fcuntion: 1.0 *  x[0]^1.0 - 1.0 *  x[1]^1.0 + 1.0 * 1; 1.0 *  x[0]^1.0 + 1.0 * 1; 1.0 * 1; 1.0 * 1; 1.0 * 1

1.0 *  x[0]^1.0 - 1.0 *  x[1]^1.0 + 1.0 * 1; 1.0 *  x[0]^1.0 + 1.0 * 1; 1.0 * 1; 1.0 * 1; 1.0 * 1
FINITE
Time For ../Program_non/51.bpl Is ---> 1727.919000 ms

