------Using Template 0 -----------
4 [4]
*****************************************************

2019-05-02-13-00-51   >>>>   End sampling point

sampling time = 112.628 ms,


       ########################################         

iteration 0 with 220 examples

2019-05-02-13-00-51   >>>>   Start train ranking function

2019-05-02-13-00-51   >>>>   End train ranking function

train_ranking_functioning time = 4.296 ms


2019-05-02-13-00-51   >>>>   Start verify ranking function

[xr_1 = 0, xr_2 = -9971/5, xr_0 = 1]
ranking function : 0.9952 *  x[0]^1.0 - 0.0992 *  x[1]^1.0 - 0.1989 *  x[2]^1.0 + 0.9227 * 1

2019-05-02-13-00-51   >>>>   End verify ranking function

verifying time = 7.882 ms


Not Found Ranking Fcuntion

Conterexample is 

[1, 0, -1994.2]

sampling time = 1.025 ms


       ########################################         

iteration 1 with 222 examples

2019-05-02-13-00-51   >>>>   Start train ranking function

2019-05-02-13-00-51   >>>>   End train ranking function

train_ranking_functioning time = 5.038 ms


2019-05-02-13-00-51   >>>>   Start verify ranking function

[xr_1 = 0, xr_2 = -9971/2, xr_0 = 1]
ranking function : 0.9952 *  x[0]^1.0 - 0.0993 *  x[1]^1.0 - 0.1988 *  x[2]^1.0 + 0.9227 * 1

2019-05-02-13-00-51   >>>>   End verify ranking function

verifying time = 7.834 ms


Not Found Ranking Fcuntion

Conterexample is 

[1, 0, -4985.5]

sampling time = 1.065 ms


       ########################################         

iteration 2 with 224 examples

2019-05-02-13-00-51   >>>>   Start train ranking function

2019-05-02-13-00-51   >>>>   End train ranking function

train_ranking_functioning time = 4.942 ms


2019-05-02-13-00-51   >>>>   Start verify ranking function

[xr_1 = 0, xr_2 = -9971/3, xr_0 = 1]
ranking function : 0.9952 *  x[0]^1.0 - 0.0993 *  x[1]^1.0 - 0.1989 *  x[2]^1.0 + 0.9227 * 1

2019-05-02-13-00-51   >>>>   End verify ranking function

verifying time = 7.831 ms


Not Found Ranking Fcuntion

Conterexample is 

[1, 0, -3323.6666666666665]

sampling time = 1.010 ms


       ########################################         

iteration 3 with 226 examples

2019-05-02-13-00-51   >>>>   Start train ranking function

2019-05-02-13-00-51   >>>>   End train ranking function

train_ranking_functioning time = 5.052 ms


2019-05-02-13-00-51   >>>>   Start verify ranking function

[xr_1 = 9971/5, xr_2 = 0, xr_0 = 1]
ranking function : 0.9952 *  x[0]^1.0 - 0.0993 *  x[1]^1.0 - 0.1989 *  x[2]^1.0 + 0.9227 * 1

2019-05-02-13-00-51   >>>>   End verify ranking function

verifying time = 7.749 ms


Not Found Ranking Fcuntion

Conterexample is 

[1, 1994.2, 0]

sampling time = 1.007 ms


       ########################################         

iteration 4 with 228 examples

2019-05-02-13-00-51   >>>>   Start train ranking function

2019-05-02-13-00-51   >>>>   End train ranking function

train_ranking_functioning time = 2.280 ms


2019-05-02-13-00-51   >>>>   Start verify ranking function

[xr_1 = 20215/713, xr_2 = 0, xr_0 = 1]
ranking function : 1.0225 *  x[0]^1.0 - 0.0668 *  x[1]^1.0 - 0.2044 *  x[2]^1.0 + 0.9095 * 1

2019-05-02-13-00-51   >>>>   End verify ranking function

verifying time = 7.635 ms


Not Found Ranking Fcuntion

Conterexample is 

[1, 28.35203366058906, 0]

sampling time = 1.017 ms


       ########################################         

iteration 5 with 230 examples

2019-05-02-13-00-51   >>>>   Start train ranking function

2019-05-02-13-00-51   >>>>   End train ranking function

train_ranking_functioning time = 2.421 ms


2019-05-02-13-00-51   >>>>   Start verify ranking function

[xr_1 = 0, xr_2 = -19637/1088, xr_0 = 1]
ranking function : 0.9647 *  x[0]^1.0 - 0.0694 *  x[1]^1.0 - 0.1932 *  x[2]^1.0 + 1.0714 * 1

2019-05-02-13-00-51   >>>>   End verify ranking function

verifying time = 7.670 ms


Not Found Ranking Fcuntion

Conterexample is 

[1, 0, -18.048713235294116]

sampling time = 1.011 ms


       ########################################         

iteration 6 with 232 examples

2019-05-02-13-00-51   >>>>   Start train ranking function

2019-05-02-13-00-51   >>>>   End train ranking function

train_ranking_functioning time = 2.653 ms


2019-05-02-13-00-51   >>>>   Start verify ranking function

[xr_1 = 0, xr_2 = -3925/68, xr_0 = 1]
ranking function : 0.9635 *  x[0]^1.0 - 0.0847 *  x[1]^1.0 - 0.1864 *  x[2]^1.0 + 1.1725 * 1

2019-05-02-13-00-51   >>>>   End verify ranking function

verifying time = 7.713 ms


Not Found Ranking Fcuntion

Conterexample is 

[1, 0, -57.720588235294116]

sampling time = 1.015 ms


       ########################################         

iteration 7 with 234 examples

2019-05-02-13-00-51   >>>>   Start train ranking function

2019-05-02-13-00-51   >>>>   End train ranking function

train_ranking_functioning time = 2.779 ms


2019-05-02-13-00-51   >>>>   Start verify ranking function

[xr_1 = 0, xr_2 = -9755/484, xr_0 = 1]
ranking function : 0.952 *  x[0]^1.0 - 0.078 *  x[1]^1.0 - 0.2044 *  x[2]^1.0 + 1.2168 * 1

2019-05-02-13-00-51   >>>>   End verify ranking function

verifying time = 7.786 ms


Not Found Ranking Fcuntion

Conterexample is 

[1, 0, -20.15495867768595]

sampling time = 1.004 ms


       ########################################         

iteration 8 with 236 examples

2019-05-02-13-00-51   >>>>   Start train ranking function

2019-05-02-13-00-51   >>>>   End train ranking function

train_ranking_functioning time = 2.863 ms


2019-05-02-13-00-51   >>>>   Start verify ranking function

[xr_1 = 0, xr_2 = -9631/211, xr_0 = 1]
ranking function : 0.9272 *  x[0]^1.0 - 0.0787 *  x[1]^1.0 - 0.1785 *  x[2]^1.0 + 1.2456 * 1

2019-05-02-13-00-51   >>>>   End verify ranking function

verifying time = 7.714 ms


Not Found Ranking Fcuntion

Conterexample is 

[1, 0, -45.644549763033176]

sampling time = 1.016 ms


       ########################################         

iteration 9 with 238 examples

2019-05-02-13-00-51   >>>>   Start train ranking function

2019-05-02-13-00-51   >>>>   End train ranking function

train_ranking_functioning time = 3.170 ms


2019-05-02-13-00-51   >>>>   Start verify ranking function

[xr_1 = 0, xr_2 = -19349/376, xr_0 = 1]
ranking function : 0.9359 *  x[0]^1.0 - 0.0816 *  x[1]^1.0 - 0.182 *  x[2]^1.0 + 1.2975 * 1

2019-05-02-13-00-51   >>>>   End verify ranking function

verifying time = 7.993 ms


Not Found Ranking Fcuntion

Conterexample is 

[1, 0, -51.46010638297872]

sampling time = 1.021 ms


Failed to prove it is terminated

UNKNOWN
------Using Template 1 -----------
1 [1]
*****************************************************

2019-05-02-13-00-51   >>>>   End sampling point

sampling time = 42.364 ms,


       ########################################         

iteration 0 with 220 examples

2019-05-02-13-00-51   >>>>   Start train ranking function

2019-05-02-13-00-51   >>>>   End train ranking function

train_ranking_functioning time = 0.560 ms


2019-05-02-13-00-51   >>>>   Start verify ranking function

[xr_0 = 1, xr_2 = 1/8, xr_1 = 1/2]
ranking function : 0.9954 *  x[0]^-0.5 *  x[2]^-0.5

2019-05-02-13-00-51   >>>>   End verify ranking function

verifying time = 12.943 ms


Not Found Ranking Fcuntion

Conterexample is 

[1, 0.5, 0.125]

sampling time = 0.374 ms


       ########################################         

iteration 1 with 222 examples

2019-05-02-13-00-51   >>>>   Start train ranking function

2019-05-02-13-00-51   >>>>   End train ranking function

train_ranking_functioning time = 0.530 ms


2019-05-02-13-00-51   >>>>   Start verify ranking function

[xr_0 = 1, xr_2 = 1/8, xr_1 = 1/2]
ranking function : 0.9954 *  x[0]^-0.5 *  x[2]^-0.5

2019-05-02-13-00-51   >>>>   End verify ranking function

verifying time = 12.572 ms


Not Found Ranking Fcuntion

Conterexample is 

[1, 0.5, 0.125]

sampling time = 0.374 ms


       ########################################         

iteration 2 with 224 examples

2019-05-02-13-00-51   >>>>   Start train ranking function

2019-05-02-13-00-51   >>>>   End train ranking function

train_ranking_functioning time = 0.584 ms


2019-05-02-13-00-51   >>>>   Start verify ranking function

[xr_0 = 1, xr_2 = 1/8, xr_1 = 1/2]
ranking function : 0.9955 *  x[0]^-0.5 *  x[2]^-0.5

2019-05-02-13-00-51   >>>>   End verify ranking function

verifying time = 12.671 ms


Not Found Ranking Fcuntion

Conterexample is 

[1, 0.5, 0.125]

sampling time = 0.494 ms


       ########################################         

iteration 3 with 226 examples

2019-05-02-13-00-51   >>>>   Start train ranking function

2019-05-02-13-00-51   >>>>   End train ranking function

train_ranking_functioning time = 0.566 ms


2019-05-02-13-00-51   >>>>   Start verify ranking function

[xr_0 = 1, xr_2 = 1/8, xr_1 = 1/2]
ranking function : 0.9955 *  x[0]^-0.5 *  x[2]^-0.5

2019-05-02-13-00-51   >>>>   End verify ranking function

verifying time = 13.601 ms


Not Found Ranking Fcuntion

Conterexample is 

[1, 0.5, 0.125]

sampling time = 0.372 ms


       ########################################         

iteration 4 with 228 examples

2019-05-02-13-00-51   >>>>   Start train ranking function

2019-05-02-13-00-51   >>>>   End train ranking function

train_ranking_functioning time = 0.540 ms


2019-05-02-13-00-51   >>>>   Start verify ranking function

[xr_0 = 1, xr_2 = 1/8, xr_1 = 1/2]
ranking function : 0.9956 *  x[0]^-0.5 *  x[2]^-0.5

2019-05-02-13-00-51   >>>>   End verify ranking function

verifying time = 12.960 ms


Not Found Ranking Fcuntion

Conterexample is 

[1, 0.5, 0.125]

sampling time = 0.374 ms


       ########################################         

iteration 5 with 230 examples

2019-05-02-13-00-51   >>>>   Start train ranking function

2019-05-02-13-00-51   >>>>   End train ranking function

train_ranking_functioning time = 0.592 ms


2019-05-02-13-00-51   >>>>   Start verify ranking function

[xr_0 = 1, xr_2 = 1/8, xr_1 = 1/2]
ranking function : 0.9956 *  x[0]^-0.5 *  x[2]^-0.5

2019-05-02-13-00-51   >>>>   End verify ranking function

verifying time = 14.302 ms


Not Found Ranking Fcuntion

Conterexample is 

[1, 0.5, 0.125]

sampling time = 0.468 ms


       ########################################         

iteration 6 with 232 examples

2019-05-02-13-00-51   >>>>   Start train ranking function

2019-05-02-13-00-51   >>>>   End train ranking function

train_ranking_functioning time = 0.619 ms


2019-05-02-13-00-51   >>>>   Start verify ranking function

[xr_0 = 1, xr_2 = 1/8, xr_1 = 1/2]
ranking function : 0.9956 *  x[0]^-0.5 *  x[2]^-0.5

2019-05-02-13-00-51   >>>>   End verify ranking function

verifying time = 13.987 ms


Not Found Ranking Fcuntion

Conterexample is 

[1, 0.5, 0.125]

sampling time = 0.405 ms


       ########################################         

iteration 7 with 234 examples

2019-05-02-13-00-51   >>>>   Start train ranking function

2019-05-02-13-00-51   >>>>   End train ranking function

train_ranking_functioning time = 0.642 ms


2019-05-02-13-00-51   >>>>   Start verify ranking function

[xr_0 = 1, xr_2 = 1/8, xr_1 = 1/2]
ranking function : 0.9957 *  x[0]^-0.5 *  x[2]^-0.5

2019-05-02-13-00-51   >>>>   End verify ranking function

verifying time = 14.162 ms


Not Found Ranking Fcuntion

Conterexample is 

[1, 0.5, 0.125]

sampling time = 0.427 ms


       ########################################         

iteration 8 with 236 examples

2019-05-02-13-00-51   >>>>   Start train ranking function

2019-05-02-13-00-51   >>>>   End train ranking function

train_ranking_functioning time = 0.656 ms


2019-05-02-13-00-51   >>>>   Start verify ranking function

[xr_0 = 1, xr_2 = 1/8, xr_1 = 1/2]
ranking function : 0.9957 *  x[0]^-0.5 *  x[2]^-0.5

2019-05-02-13-00-51   >>>>   End verify ranking function

verifying time = 13.541 ms


Not Found Ranking Fcuntion

Conterexample is 

[1, 0.5, 0.125]

sampling time = 0.401 ms


       ########################################         

iteration 9 with 238 examples

2019-05-02-13-00-51   >>>>   Start train ranking function

2019-05-02-13-00-51   >>>>   End train ranking function

train_ranking_functioning time = 0.558 ms


2019-05-02-13-00-51   >>>>   Start verify ranking function

[xr_0 = 1, xr_2 = 1/8, xr_1 = 1/2]
ranking function : 0.9957 *  x[0]^-0.5 *  x[2]^-0.5

2019-05-02-13-00-51   >>>>   End verify ranking function

verifying time = 12.494 ms


Not Found Ranking Fcuntion

Conterexample is 

[1, 0.5, 0.125]

sampling time = 0.374 ms


Failed to prove it is terminated

UNKNOWN
------Using Template 2 -----------
12 [4, 4, 4]
*****************************************************

2019-05-02-13-00-51   >>>>   End sampling point

sampling time = 320.295 ms,


       ########################################         

iteration 0 with 440 examples

2019-05-02-13-00-51   >>>>   Start train ranking function

2019-05-02-13-00-51   >>>>   End train ranking function

train_ranking_functioning time = 4.264 ms


2019-05-02-13-00-51   >>>>   Start verify ranking function

[xr_1 = -9971/2, xr_2 = 0, xr_0 = 1]
ranking function : 0.9952 *  x[0]^1.0 - 0.0994 *  x[1]^1.0 - 0.1992 *  x[2]^1.0 + 0.4441 * 1; 0.4528 *  x[0]^1.0 + 0.0037 *  x[1]^1.0 - 0.0959 *  x[2]^1.0 + 0.461 * 1; 0.4616 *  x[0]^1.0 - 0.0201 *  x[1]^1.0 - 0.0878 *  x[2]^1.0 + 0.9198 * 1

2019-05-02-13-00-51   >>>>   End verify ranking function

verifying time = 7.843 ms


Not Found Ranking Fcuntion

Conterexample is 

[1, -4985.5, 0]

sampling time = 2.882 ms


       ########################################         

iteration 1 with 444 examples

2019-05-02-13-00-51   >>>>   Start train ranking function

2019-05-02-13-00-51   >>>>   End train ranking function

train_ranking_functioning time = 5.482 ms


2019-05-02-13-00-51   >>>>   Start verify ranking function

[xr_2 = -1658, xr_0 = 1]
ranking function : 0.9952 *  x[0]^1.0 - 0.0994 *  x[1]^1.0 - 0.1991 *  x[2]^1.0 + 0.4441 * 1; 0.4528 *  x[0]^1.0 + 0.0036 *  x[1]^1.0 - 0.0959 *  x[2]^1.0 + 0.461 * 1; 0.4616 *  x[0]^1.0 - 0.0201 *  x[1]^1.0 - 0.0878 *  x[2]^1.0 + 0.9198 * 1

2019-05-02-13-00-51   >>>>   End verify ranking function

verifying time = 7.631 ms


Not Found Ranking Fcuntion

Conterexample is 

[1, 0, -1658]

sampling time = 2.953 ms


       ########################################         

iteration 2 with 448 examples

2019-05-02-13-00-52   >>>>   Start train ranking function

2019-05-02-13-00-52   >>>>   End train ranking function

train_ranking_functioning time = 6.390 ms


2019-05-02-13-00-52   >>>>   Start verify ranking function

[xr_1 = 19943, xr_2 = 0, xr_0 = 1]
ranking function : 0.9953 *  x[0]^1.0 - 0.0994 *  x[1]^1.0 - 0.1991 *  x[2]^1.0 + 0.444 * 1; 0.453 *  x[0]^1.0 + 0.0024 *  x[1]^1.0 - 0.095 *  x[2]^1.0 + 0.4612 * 1; 0.4615 *  x[0]^1.0 - 0.0204 *  x[1]^1.0 - 0.088 *  x[2]^1.0 + 0.92 * 1

2019-05-02-13-00-52   >>>>   End verify ranking function

verifying time = 8.699 ms


Not Found Ranking Fcuntion

Conterexample is 

[1, 19943, 0]

sampling time = 2.871 ms


       ########################################         

iteration 3 with 452 examples

2019-05-02-13-00-52   >>>>   Start train ranking function

2019-05-02-13-00-52   >>>>   End train ranking function

train_ranking_functioning time = 5.600 ms


2019-05-02-13-00-52   >>>>   Start verify ranking function

[xr_1 = 0, xr_2 = -19943/4, xr_0 = 1]
ranking function : 0.9953 *  x[0]^1.0 - 0.0995 *  x[1]^1.0 - 0.1992 *  x[2]^1.0 + 0.4443 * 1; 0.4446 *  x[0]^1.0 - 0.0396 *  x[1]^1.0 - 0.1791 *  x[2]^1.0 + 0.5448 * 1; 0.3191 *  x[0]^1.0 - 0.0897 *  x[2]^1.0 + 0.9567 * 1

2019-05-02-13-00-52   >>>>   End verify ranking function

verifying time = 7.773 ms


Not Found Ranking Fcuntion

Conterexample is 

[1, 0, -4985.75]

sampling time = 2.883 ms


       ########################################         

iteration 4 with 456 examples

2019-05-02-13-00-52   >>>>   Start train ranking function

2019-05-02-13-00-52   >>>>   End train ranking function

train_ranking_functioning time = 6.079 ms


2019-05-02-13-00-52   >>>>   Start verify ranking function

[xr_1 = -19943, xr_2 = 0, xr_0 = 1]
ranking function : 0.9953 *  x[0]^1.0 - 0.0995 *  x[1]^1.0 - 0.1991 *  x[2]^1.0 + 0.4444 * 1; 0.4446 *  x[0]^1.0 - 0.0397 *  x[1]^1.0 - 0.1792 *  x[2]^1.0 + 0.5448 * 1; 0.319 *  x[0]^1.0 - 0.0897 *  x[2]^1.0 + 0.9567 * 1

2019-05-02-13-00-52   >>>>   End verify ranking function

verifying time = 7.712 ms


Not Found Ranking Fcuntion

Conterexample is 

[1, -19943, 0]

sampling time = 2.881 ms


       ########################################         

iteration 5 with 460 examples

2019-05-02-13-00-52   >>>>   Start train ranking function

2019-05-02-13-00-52   >>>>   End train ranking function

train_ranking_functioning time = 6.476 ms


2019-05-02-13-00-52   >>>>   Start verify ranking function

[xr_1 = -19943, xr_2 = 0, xr_0 = 1]
ranking function : 0.9953 *  x[0]^1.0 - 0.0995 *  x[1]^1.0 - 0.1991 *  x[2]^1.0 + 0.4444 * 1; 0.4445 *  x[0]^1.0 - 0.0397 *  x[1]^1.0 - 0.1792 *  x[2]^1.0 + 0.5448 * 1; 0.319 *  x[0]^1.0 - 0.0897 *  x[2]^1.0 + 0.9567 * 1

2019-05-02-13-00-52   >>>>   End verify ranking function

verifying time = 8.767 ms


Not Found Ranking Fcuntion

Conterexample is 

[1, -19943, 0]

sampling time = 3.138 ms


       ########################################         

iteration 6 with 464 examples

2019-05-02-13-00-52   >>>>   Start train ranking function

2019-05-02-13-00-52   >>>>   End train ranking function

train_ranking_functioning time = 7.165 ms


2019-05-02-13-00-52   >>>>   Start verify ranking function

[xr_1 = 0, xr_2 = -19943/2, xr_0 = 1]
ranking function : 0.9953 *  x[0]^1.0 - 0.0995 *  x[1]^1.0 - 0.1991 *  x[2]^1.0 + 0.4443 * 1; 0.4446 *  x[0]^1.0 - 0.0396 *  x[1]^1.0 - 0.1791 *  x[2]^1.0 + 0.5448 * 1; 0.3191 *  x[0]^1.0 - 0.0897 *  x[2]^1.0 + 0.9567 * 1

2019-05-02-13-00-52   >>>>   End verify ranking function

verifying time = 8.023 ms


Not Found Ranking Fcuntion

Conterexample is 

[1, 0, -9971.5]

sampling time = 2.902 ms


       ########################################         

iteration 7 with 468 examples

2019-05-02-13-00-52   >>>>   Start train ranking function

2019-05-02-13-00-52   >>>>   End train ranking function

train_ranking_functioning time = 5.971 ms


2019-05-02-13-00-52   >>>>   Start verify ranking function

[xr_1 = -19943, xr_2 = 0, xr_0 = 1]
ranking function : 0.9953 *  x[0]^1.0 - 0.0995 *  x[1]^1.0 - 0.1991 *  x[2]^1.0 + 0.4444 * 1; 0.4445 *  x[0]^1.0 - 0.0397 *  x[1]^1.0 - 0.1792 *  x[2]^1.0 + 0.5448 * 1; 0.319 *  x[0]^1.0 - 0.0897 *  x[2]^1.0 + 0.9567 * 1

2019-05-02-13-00-52   >>>>   End verify ranking function

verifying time = 7.820 ms


Not Found Ranking Fcuntion

Conterexample is 

[1, -19943, 0]

sampling time = 2.886 ms


       ########################################         

iteration 8 with 472 examples

2019-05-02-13-00-52   >>>>   Start train ranking function

2019-05-02-13-00-52   >>>>   End train ranking function

train_ranking_functioning time = 8.313 ms


2019-05-02-13-00-52   >>>>   Start verify ranking function

[xr_2 = -4973, xr_0 = 1]
ranking function : 0.9954 *  x[0]^1.0 - 0.0995 *  x[1]^1.0 - 0.1991 *  x[2]^1.0 + 0.422 * 1; 0.4726 *  x[0]^1.0 - 0.0173 *  x[1]^1.0 - 0.1344 *  x[2]^1.0 + 0.5947 * 1; 0.2567 *  x[0]^1.0 - 0.0682 *  x[2]^1.0 + 0.9549 * 1

2019-05-02-13-00-52   >>>>   End verify ranking function

verifying time = 7.609 ms


Not Found Ranking Fcuntion

Conterexample is 

[1, 0, -4973]

sampling time = 2.889 ms


       ########################################         

iteration 9 with 476 examples

2019-05-02-13-00-52   >>>>   Start train ranking function

2019-05-02-13-00-52   >>>>   End train ranking function

train_ranking_functioning time = 9.666 ms


2019-05-02-13-00-52   >>>>   Start verify ranking function

[xr_2 = -4973, xr_0 = 1]
ranking function : 0.9954 *  x[0]^1.0 - 0.0995 *  x[1]^1.0 - 0.1991 *  x[2]^1.0 + 0.4216 * 1; 0.473 *  x[0]^1.0 - 0.0174 *  x[1]^1.0 - 0.1345 *  x[2]^1.0 + 0.596 * 1; 0.2551 *  x[0]^1.0 - 0.0679 *  x[2]^1.0 + 0.9551 * 1

2019-05-02-13-00-52   >>>>   End verify ranking function

verifying time = 7.890 ms


Not Found Ranking Fcuntion

Conterexample is 

[1, 0, -4973]

sampling time = 2.906 ms


Failed to prove it is terminated

UNKNOWN
------Using Template 3 -----------
5 [2, 2, 1]
*****************************************************

2019-05-02-13-00-52   >>>>   End sampling point

sampling time = 169.921 ms,


       ########################################         

iteration 0 with 440 examples

2019-05-02-13-00-52   >>>>   Start train ranking function

2019-05-02-13-00-52   >>>>   End train ranking function

train_ranking_functioning time = 12.648 ms


2019-05-02-13-00-52   >>>>   Start verify ranking function

[xr_0 = 1/2, xr_1 = 1/8, xr_2 = 1/2]
ranking function : 0.0063 *  x[0]^1.0 *  x[1]^3.0 *  x[2]^2.0; 1.0135 *  x[0]^0.5 *  x[1]^0.5 *  x[2]^0.5 - 0.0122 *  x[0]^-1.0 *  x[2]^3.0; 0.9954 *  x[0]^0.5 *  x[1]^-0.5 *  x[2]^-0.5

2019-05-02-13-00-52   >>>>   End verify ranking function

verifying time = 14.867 ms


Not Found Ranking Fcuntion

Conterexample is 

[0.5, 0.125, 0.5]

sampling time = 1.560 ms


       ########################################         

iteration 1 with 444 examples

2019-05-02-13-00-52   >>>>   Start train ranking function

2019-05-02-13-00-52   >>>>   End train ranking function

train_ranking_functioning time = 12.868 ms


2019-05-02-13-00-52   >>>>   Start verify ranking function

[xr_0 = 3, xr_1 = 1/8, xr_2 = 1/2]
ranking function :  - 0.0201 *  x[0]^1.0 *  x[1]^3.0 *  x[2]^2.0 + 0.0174 *  x[0]^-0.5 *  x[1]^3.0; 1.0224 *  x[0]^0.5 *  x[1]^0.5 *  x[2]^0.5 - 0.0123 *  x[0]^-1.0 *  x[2]^3.0; 0.9954 *  x[0]^0.5 *  x[1]^-0.5 *  x[2]^-0.5

2019-05-02-13-00-52   >>>>   End verify ranking function

verifying time = 15.154 ms


Not Found Ranking Fcuntion

Conterexample is 

[3, 0.125, 0.5]

sampling time = 1.511 ms


       ########################################         

iteration 2 with 448 examples

2019-05-02-13-00-52   >>>>   Start train ranking function

2019-05-02-13-00-52   >>>>   End train ranking function

train_ranking_functioning time = 13.516 ms


2019-05-02-13-00-52   >>>>   Start verify ranking function

[xr_0 = 1, xr_1 = 1/8, xr_2 = 1/2]
ranking function :  - 0.0115 *  x[0]^1.0 *  x[1]^3.0 *  x[2]^2.0 - 0.0138 *  x[0]^-0.5 *  x[1]^3.0; 1.0186 *  x[0]^0.5 *  x[1]^0.5 *  x[2]^0.5 - 0.0103 *  x[0]^-1.0 *  x[2]^3.0; 0.9955 *  x[0]^0.5 *  x[1]^-0.5 *  x[2]^-0.5

2019-05-02-13-00-52   >>>>   End verify ranking function

verifying time = 15.216 ms


Not Found Ranking Fcuntion

Conterexample is 

[1, 0.125, 0.5]

sampling time = 1.561 ms


       ########################################         

iteration 3 with 452 examples

2019-05-02-13-00-52   >>>>   Start train ranking function

2019-05-02-13-00-52   >>>>   End train ranking function

train_ranking_functioning time = 13.200 ms


2019-05-02-13-00-52   >>>>   Start verify ranking function

[xr_0 = 1/2, xr_1 = 1/8, xr_2 = 1/2]
ranking function : 0.0155 *  x[0]^1.0 *  x[1]^3.0 *  x[2]^2.0 - 0.0008 *  x[0]^-0.5 *  x[1]^3.0; 1.0211 *  x[0]^0.5 *  x[1]^0.5 *  x[2]^0.5 - 0.0112 *  x[0]^-1.0 *  x[2]^3.0; 0.9955 *  x[0]^0.5 *  x[1]^-0.5 *  x[2]^-0.5

2019-05-02-13-00-52   >>>>   End verify ranking function

verifying time = 15.670 ms


Not Found Ranking Fcuntion

Conterexample is 

[0.5, 0.125, 0.5]

sampling time = 1.551 ms


       ########################################         

iteration 4 with 456 examples

2019-05-02-13-00-52   >>>>   Start train ranking function

2019-05-02-13-00-52   >>>>   End train ranking function

train_ranking_functioning time = 13.189 ms


2019-05-02-13-00-52   >>>>   Start verify ranking function

[xr_0 = 1, xr_1 = 1/8, xr_2 = 1/2]
ranking function :  - 0.0113 *  x[0]^1.0 *  x[1]^3.0 *  x[2]^2.0 - 0.0091 *  x[0]^-0.5 *  x[1]^3.0; 1.0182 *  x[0]^0.5 *  x[1]^0.5 *  x[2]^0.5 - 0.0218 *  x[0]^-1.0 *  x[2]^3.0; 0.9956 *  x[0]^0.5 *  x[1]^-0.5 *  x[2]^-0.5

2019-05-02-13-00-52   >>>>   End verify ranking function

verifying time = 14.893 ms


Not Found Ranking Fcuntion

Conterexample is 

[1, 0.125, 0.5]

sampling time = 1.714 ms


       ########################################         

iteration 5 with 460 examples

2019-05-02-13-00-52   >>>>   Start train ranking function

2019-05-02-13-00-52   >>>>   End train ranking function

train_ranking_functioning time = 13.473 ms


2019-05-02-13-00-52   >>>>   Start verify ranking function

[xr_0 = 1, xr_1 = 1/8, xr_2 = 1/2]
ranking function :  - 0.0174 *  x[0]^1.0 *  x[1]^3.0 *  x[2]^2.0 + 0.0064 *  x[0]^-0.5 *  x[1]^3.0; 1.0076 *  x[0]^0.5 *  x[1]^0.5 *  x[2]^0.5 - 0.012 *  x[0]^-1.0 *  x[2]^3.0; 0.9956 *  x[0]^0.5 *  x[1]^-0.5 *  x[2]^-0.5

2019-05-02-13-00-52   >>>>   End verify ranking function

verifying time = 14.890 ms


Not Found Ranking Fcuntion

Conterexample is 

[1, 0.125, 0.5]

sampling time = 1.775 ms


       ########################################         

iteration 6 with 464 examples

2019-05-02-13-00-52   >>>>   Start train ranking function

2019-05-02-13-00-52   >>>>   End train ranking function

train_ranking_functioning time = 14.971 ms


2019-05-02-13-00-52   >>>>   Start verify ranking function

[xr_0 = 1, xr_1 = 1/8, xr_2 = 1/2]
ranking function :  - 0.0113 *  x[0]^1.0 *  x[1]^3.0 *  x[2]^2.0 + 0.0041 *  x[0]^-0.5 *  x[1]^3.0; 1.016 *  x[0]^0.5 *  x[1]^0.5 *  x[2]^0.5 - 0.0108 *  x[0]^-1.0 *  x[2]^3.0; 0.9956 *  x[0]^0.5 *  x[1]^-0.5 *  x[2]^-0.5

2019-05-02-13-00-52   >>>>   End verify ranking function

verifying time = 16.517 ms


Not Found Ranking Fcuntion

Conterexample is 

[1, 0.125, 0.5]

sampling time = 1.527 ms


       ########################################         

iteration 7 with 468 examples

2019-05-02-13-00-52   >>>>   Start train ranking function

2019-05-02-13-00-52   >>>>   End train ranking function

train_ranking_functioning time = 13.736 ms


2019-05-02-13-00-52   >>>>   Start verify ranking function

[xr_0 = 1, xr_1 = 1/8, xr_2 = 1/2]
ranking function :  - 0.0041 *  x[0]^1.0 *  x[1]^3.0 *  x[2]^2.0 + 0.0017 *  x[0]^-0.5 *  x[1]^3.0; 1.014 *  x[0]^0.5 *  x[1]^0.5 *  x[2]^0.5 - 0.0108 *  x[0]^-1.0 *  x[2]^3.0; 0.9957 *  x[0]^0.5 *  x[1]^-0.5 *  x[2]^-0.5

2019-05-02-13-00-52   >>>>   End verify ranking function

verifying time = 15.010 ms


Not Found Ranking Fcuntion

Conterexample is 

[1, 0.125, 0.5]

sampling time = 1.519 ms


       ########################################         

iteration 8 with 472 examples

2019-05-02-13-00-52   >>>>   Start train ranking function

2019-05-02-13-00-52   >>>>   End train ranking function

train_ranking_functioning time = 14.096 ms


2019-05-02-13-00-52   >>>>   Start verify ranking function

[xr_0 = 1, xr_1 = 1/8, xr_2 = 1/2]
ranking function :  - 0.0027 *  x[0]^1.0 *  x[1]^3.0 *  x[2]^2.0 + 0.0006 *  x[0]^-0.5 *  x[1]^3.0; 1.0073 *  x[0]^0.5 *  x[1]^0.5 *  x[2]^0.5 - 0.0116 *  x[0]^-1.0 *  x[2]^3.0; 0.9957 *  x[0]^0.5 *  x[1]^-0.5 *  x[2]^-0.5

2019-05-02-13-00-52   >>>>   End verify ranking function

verifying time = 14.938 ms


Not Found Ranking Fcuntion

Conterexample is 

[1, 0.125, 0.5]

sampling time = 1.558 ms


       ########################################         

iteration 9 with 476 examples

2019-05-02-13-00-52   >>>>   Start train ranking function

2019-05-02-13-00-52   >>>>   End train ranking function

train_ranking_functioning time = 14.045 ms


2019-05-02-13-00-52   >>>>   Start verify ranking function

[xr_0 = 1, xr_1 = 1/8, xr_2 = 1/2]
ranking function :  - 0.0137 *  x[0]^1.0 *  x[1]^3.0 *  x[2]^2.0 - 0.0038 *  x[0]^-0.5 *  x[1]^3.0; 1.0183 *  x[0]^0.5 *  x[1]^0.5 *  x[2]^0.5 + 0.0146 *  x[0]^-1.0 *  x[2]^3.0; 0.9957 *  x[0]^0.5 *  x[1]^-0.5 *  x[2]^-0.5

2019-05-02-13-00-52   >>>>   End verify ranking function

verifying time = 15.063 ms


Not Found Ranking Fcuntion

Conterexample is 

[1, 0.125, 0.5]

sampling time = 1.556 ms


Failed to prove it is terminated

UNKNOWN
------Using Template 4 -----------
20 [4, 4, 4, 4, 4]
*****************************************************

2019-05-02-13-00-53   >>>>   End sampling point

sampling time = 540.479 ms,


       ########################################         

iteration 0 with 660 examples

2019-05-02-13-00-53   >>>>   Start train ranking function

2019-05-02-13-00-53   >>>>   End train ranking function

train_ranking_functioning time = 3.772 ms


2019-05-02-13-00-53   >>>>   Start verify ranking function

[xr_2 = -1658, xr_0 = 1]
ranking function : 0.9952 *  x[0]^1.0 - 0.0994 *  x[1]^1.0 - 0.1991 *  x[2]^1.0 + 0.4522 * 1; 0.4382 *  x[0]^1.0 + 0.0031 *  x[1]^1.0 - 0.0931 *  x[2]^1.0 + 0.4487 * 1; 0.4425 *  x[0]^1.0 - 0.022 *  x[1]^1.0 - 0.0912 *  x[2]^1.0 + 0.4451 * 1; 0.4523 *  x[0]^1.0 - 0.023 *  x[1]^1.0 - 0.0991 *  x[2]^1.0 + 0.4625 * 1; 0.4617 *  x[0]^1.0 - 0.0219 *  x[1]^1.0 - 0.0932 *  x[2]^1.0 + 0.9252 * 1

2019-05-02-13-00-53   >>>>   End verify ranking function

verifying time = 7.711 ms


Not Found Ranking Fcuntion

Conterexample is 

[1, 0, -1658]

sampling time = 4.794 ms


       ########################################         

iteration 1 with 666 examples

2019-05-02-13-00-53   >>>>   Start train ranking function

2019-05-02-13-00-53   >>>>   End train ranking function

train_ranking_functioning time = 7.156 ms


2019-05-02-13-00-53   >>>>   Start verify ranking function

[xr_1 = -9971, xr_2 = 0, xr_0 = 1]
ranking function : 0.9952 *  x[0]^1.0 - 0.0995 *  x[1]^1.0 - 0.1991 *  x[2]^1.0 + 0.4522 * 1; 0.4382 *  x[0]^1.0 + 0.0031 *  x[1]^1.0 - 0.0931 *  x[2]^1.0 + 0.4486 * 1; 0.4426 *  x[0]^1.0 - 0.0222 *  x[1]^1.0 - 0.0911 *  x[2]^1.0 + 0.4448 * 1; 0.4527 *  x[0]^1.0 - 0.0254 *  x[1]^1.0 - 0.0966 *  x[2]^1.0 + 0.4628 * 1; 0.4615 *  x[0]^1.0 - 0.0226 *  x[1]^1.0 - 0.0934 *  x[2]^1.0 + 0.9256 * 1

2019-05-02-13-00-53   >>>>   End verify ranking function

verifying time = 7.972 ms


Not Found Ranking Fcuntion

Conterexample is 

[1, -9971, 0]

sampling time = 4.785 ms


       ########################################         

iteration 2 with 672 examples

2019-05-02-13-00-53   >>>>   Start train ranking function

2019-05-02-13-00-53   >>>>   End train ranking function

train_ranking_functioning time = 6.940 ms


2019-05-02-13-00-53   >>>>   Start verify ranking function

[xr_2 = -1658, xr_0 = 1]
ranking function : 0.9952 *  x[0]^1.0 - 0.0994 *  x[1]^1.0 - 0.1991 *  x[2]^1.0 + 0.4522 * 1; 0.4382 *  x[0]^1.0 + 0.0031 *  x[1]^1.0 - 0.0931 *  x[2]^1.0 + 0.4486 * 1; 0.4426 *  x[0]^1.0 - 0.0222 *  x[1]^1.0 - 0.0911 *  x[2]^1.0 + 0.4448 * 1; 0.4527 *  x[0]^1.0 - 0.0254 *  x[1]^1.0 - 0.0965 *  x[2]^1.0 + 0.4628 * 1; 0.4615 *  x[0]^1.0 - 0.0226 *  x[1]^1.0 - 0.0934 *  x[2]^1.0 + 0.9256 * 1

2019-05-02-13-00-53   >>>>   End verify ranking function

verifying time = 7.671 ms


Not Found Ranking Fcuntion

Conterexample is 

[1, 0, -1658]

sampling time = 4.784 ms


       ########################################         

iteration 3 with 678 examples

2019-05-02-13-00-53   >>>>   Start train ranking function

2019-05-02-13-00-53   >>>>   End train ranking function

train_ranking_functioning time = 7.854 ms


2019-05-02-13-00-53   >>>>   Start verify ranking function

[xr_1 = -9971, xr_2 = 0, xr_0 = 1]
ranking function : 0.9952 *  x[0]^1.0 - 0.0995 *  x[1]^1.0 - 0.1991 *  x[2]^1.0 + 0.4522 * 1; 0.4382 *  x[0]^1.0 + 0.0031 *  x[1]^1.0 - 0.0931 *  x[2]^1.0 + 0.4486 * 1; 0.4426 *  x[0]^1.0 - 0.0222 *  x[1]^1.0 - 0.0911 *  x[2]^1.0 + 0.4448 * 1; 0.4527 *  x[0]^1.0 - 0.0254 *  x[1]^1.0 - 0.0965 *  x[2]^1.0 + 0.4628 * 1; 0.4615 *  x[0]^1.0 - 0.0226 *  x[1]^1.0 - 0.0934 *  x[2]^1.0 + 0.9256 * 1

2019-05-02-13-00-53   >>>>   End verify ranking function

verifying time = 7.820 ms


Not Found Ranking Fcuntion

Conterexample is 

[1, -9971, 0]

sampling time = 4.879 ms


       ########################################         

iteration 4 with 684 examples

2019-05-02-13-00-53   >>>>   Start train ranking function

2019-05-02-13-00-53   >>>>   End train ranking function

train_ranking_functioning time = 8.464 ms


2019-05-02-13-00-53   >>>>   Start verify ranking function

[xr_1 = -9971, xr_2 = 0, xr_0 = 1]
ranking function : 0.9952 *  x[0]^1.0 - 0.0995 *  x[1]^1.0 - 0.1991 *  x[2]^1.0 + 0.4522 * 1; 0.4382 *  x[0]^1.0 + 0.0031 *  x[1]^1.0 - 0.0931 *  x[2]^1.0 + 0.4486 * 1; 0.4426 *  x[0]^1.0 - 0.0222 *  x[1]^1.0 - 0.0911 *  x[2]^1.0 + 0.4448 * 1; 0.4527 *  x[0]^1.0 - 0.0254 *  x[1]^1.0 - 0.0965 *  x[2]^1.0 + 0.4628 * 1; 0.4615 *  x[0]^1.0 - 0.0226 *  x[1]^1.0 - 0.0934 *  x[2]^1.0 + 0.9256 * 1

2019-05-02-13-00-53   >>>>   End verify ranking function

verifying time = 7.931 ms


Not Found Ranking Fcuntion

Conterexample is 

[1, -9971, 0]

sampling time = 4.845 ms


       ########################################         

iteration 5 with 690 examples

2019-05-02-13-00-53   >>>>   Start train ranking function

2019-05-02-13-00-53   >>>>   End train ranking function

train_ranking_functioning time = 8.629 ms


2019-05-02-13-00-53   >>>>   Start verify ranking function

[xr_1 = 0, xr_2 = -9971, xr_0 = 1]
ranking function : 0.9952 *  x[0]^1.0 - 0.0995 *  x[1]^1.0 - 0.1991 *  x[2]^1.0 + 0.4522 * 1; 0.4382 *  x[0]^1.0 + 0.0031 *  x[1]^1.0 - 0.0931 *  x[2]^1.0 + 0.4486 * 1; 0.4426 *  x[0]^1.0 - 0.0222 *  x[1]^1.0 - 0.0911 *  x[2]^1.0 + 0.4448 * 1; 0.4527 *  x[0]^1.0 - 0.0254 *  x[1]^1.0 - 0.0965 *  x[2]^1.0 + 0.4628 * 1; 0.4615 *  x[0]^1.0 - 0.0226 *  x[1]^1.0 - 0.0934 *  x[2]^1.0 + 0.9256 * 1

2019-05-02-13-00-53   >>>>   End verify ranking function

verifying time = 8.006 ms


Not Found Ranking Fcuntion

Conterexample is 

[1, 0, -9971]

sampling time = 5.544 ms


       ########################################         

iteration 6 with 696 examples

2019-05-02-13-00-53   >>>>   Start train ranking function

2019-05-02-13-00-53   >>>>   End train ranking function

train_ranking_functioning time = 10.670 ms


2019-05-02-13-00-53   >>>>   Start verify ranking function

[xr_1 = 0, xr_2 = -9971, xr_0 = 1]
ranking function : 0.9952 *  x[0]^1.0 - 0.0995 *  x[1]^1.0 - 0.1991 *  x[2]^1.0 + 0.4522 * 1; 0.4382 *  x[0]^1.0 + 0.0031 *  x[1]^1.0 - 0.0931 *  x[2]^1.0 + 0.4486 * 1; 0.4426 *  x[0]^1.0 - 0.0222 *  x[1]^1.0 - 0.0911 *  x[2]^1.0 + 0.4448 * 1; 0.4527 *  x[0]^1.0 - 0.0255 *  x[1]^1.0 - 0.0966 *  x[2]^1.0 + 0.4628 * 1; 0.4615 *  x[0]^1.0 - 0.0226 *  x[1]^1.0 - 0.0934 *  x[2]^1.0 + 0.9256 * 1

2019-05-02-13-00-53   >>>>   End verify ranking function

verifying time = 8.305 ms


Not Found Ranking Fcuntion

Conterexample is 

[1, 0, -9971]

sampling time = 4.866 ms


       ########################################         

iteration 7 with 702 examples

2019-05-02-13-00-53   >>>>   Start train ranking function

2019-05-02-13-00-53   >>>>   End train ranking function

train_ranking_functioning time = 13.756 ms


2019-05-02-13-00-53   >>>>   Start verify ranking function

[xr_1 = 0, xr_2 = -9971, xr_0 = 1]
ranking function : 0.9952 *  x[0]^1.0 - 0.0995 *  x[1]^1.0 - 0.1991 *  x[2]^1.0 + 0.4522 * 1; 0.4382 *  x[0]^1.0 + 0.0031 *  x[1]^1.0 - 0.0931 *  x[2]^1.0 + 0.4486 * 1; 0.4426 *  x[0]^1.0 - 0.0223 *  x[1]^1.0 - 0.0911 *  x[2]^1.0 + 0.4448 * 1; 0.4527 *  x[0]^1.0 - 0.0255 *  x[1]^1.0 - 0.0965 *  x[2]^1.0 + 0.4628 * 1; 0.4615 *  x[0]^1.0 - 0.0226 *  x[1]^1.0 - 0.0934 *  x[2]^1.0 + 0.9256 * 1

2019-05-02-13-00-53   >>>>   End verify ranking function

verifying time = 7.897 ms


Not Found Ranking Fcuntion

Conterexample is 

[1, 0, -9971]

sampling time = 4.899 ms


       ########################################         

iteration 8 with 708 examples

2019-05-02-13-00-53   >>>>   Start train ranking function

2019-05-02-13-00-53   >>>>   End train ranking function

train_ranking_functioning time = 11.161 ms


2019-05-02-13-00-53   >>>>   Start verify ranking function

[xr_1 = 0, xr_2 = -9971, xr_0 = 1]
ranking function : 0.9952 *  x[0]^1.0 - 0.0995 *  x[1]^1.0 - 0.1991 *  x[2]^1.0 + 0.4522 * 1; 0.4382 *  x[0]^1.0 + 0.0031 *  x[1]^1.0 - 0.0931 *  x[2]^1.0 + 0.4486 * 1; 0.4426 *  x[0]^1.0 - 0.0223 *  x[1]^1.0 - 0.0911 *  x[2]^1.0 + 0.4448 * 1; 0.4527 *  x[0]^1.0 - 0.0255 *  x[1]^1.0 - 0.0965 *  x[2]^1.0 + 0.4628 * 1; 0.4615 *  x[0]^1.0 - 0.0226 *  x[1]^1.0 - 0.0934 *  x[2]^1.0 + 0.9256 * 1

2019-05-02-13-00-53   >>>>   End verify ranking function

verifying time = 7.988 ms


Not Found Ranking Fcuntion

Conterexample is 

[1, 0, -9971]

sampling time = 4.898 ms


       ########################################         

iteration 9 with 714 examples

2019-05-02-13-00-53   >>>>   Start train ranking function

2019-05-02-13-00-53   >>>>   End train ranking function

train_ranking_functioning time = 11.416 ms


2019-05-02-13-00-53   >>>>   Start verify ranking function

[xr_1 = 0, xr_2 = -9971, xr_0 = 1]
ranking function : 0.9952 *  x[0]^1.0 - 0.0995 *  x[1]^1.0 - 0.1991 *  x[2]^1.0 + 0.4522 * 1; 0.4382 *  x[0]^1.0 + 0.0031 *  x[1]^1.0 - 0.0931 *  x[2]^1.0 + 0.4486 * 1; 0.4426 *  x[0]^1.0 - 0.0222 *  x[1]^1.0 - 0.0911 *  x[2]^1.0 + 0.4448 * 1; 0.4527 *  x[0]^1.0 - 0.0255 *  x[1]^1.0 - 0.0965 *  x[2]^1.0 + 0.4628 * 1; 0.4615 *  x[0]^1.0 - 0.0226 *  x[1]^1.0 - 0.0934 *  x[2]^1.0 + 0.9256 * 1

2019-05-02-13-00-53   >>>>   End verify ranking function

verifying time = 7.839 ms


Not Found Ranking Fcuntion

Conterexample is 

[1, 0, -9971]

sampling time = 4.854 ms


Failed to prove it is terminated

UNKNOWN
------Using Template 5 -----------
15 [5, 5, 1, 1, 3]
*****************************************************

2019-05-02-13-00-53   >>>>   End sampling point

sampling time = 481.706 ms,


       ########################################         

iteration 0 with 660 examples

2019-05-02-13-00-53   >>>>   Start train ranking function

2019-05-02-13-00-54   >>>>   End train ranking function

train_ranking_functioning time = 28.940 ms


2019-05-02-13-00-54   >>>>   Start verify ranking function

[xr_0 = 1, xr_2 = 3/32, xr_1 = 1/8]
ranking function : 0.0001 *  x[0]^-1.0 *  x[2]^3.0 - 0.1524 *  x[0]^0.5 *  x[2]^2.0 + 0.2027 *  x[0]^3.0 *  x[1]^-0.5 *  x[2]^-2.0 - 0.0133 *  x[0]^2.0 *  x[1]^2.0 *  x[2]^-1.0 + 0.0018 *  x[0]^-3.0 *  x[1]^-1.0 *  x[2]^-2.0;  - 0.0038 *  x[0]^1.0 *  x[1]^-3.0 *  x[2]^1.0 + 0.0407 *  x[0]^2.0 *  x[1]^1.0 + 0.0066 *  x[0]^1.0 *  x[1]^2.0 *  x[2]^2.0 + 0.983 *  x[1]^-0.5 *  x[2]^-0.5; ;  - 0.0033 *  x[0]^-1.0 *  x[2]^-3.0; 0.0209 *  x[0]^1.0 *  x[1]^0.5 *  x[2]^-3.0 - 0.0031 *  x[0]^-0.5 *  x[1]^-2.0 *  x[2]^3.0 + 0.0233 *  x[0]^-2.0 *  x[1]^0.5 *  x[2]^0.5

2019-05-02-13-00-54   >>>>   End verify ranking function

verifying time = 58.263 ms


Not Found Ranking Fcuntion

Conterexample is 

[1, 0.125, 0.09375]

sampling time = 4.296 ms


       ########################################         

iteration 1 with 666 examples

2019-05-02-13-00-54   >>>>   Start train ranking function

2019-05-02-13-00-54   >>>>   End train ranking function

train_ranking_functioning time = 27.482 ms


2019-05-02-13-00-54   >>>>   Start verify ranking function

[xr_0 = 1, xr_2 = 3/32, xr_1 = 1/8]
ranking function : 0.0091 *  x[0]^-1.0 *  x[2]^3.0 - 0.1508 *  x[0]^0.5 *  x[2]^2.0 + 0.2111 *  x[0]^3.0 *  x[1]^-0.5 *  x[2]^-2.0 - 0.0015 *  x[0]^2.0 *  x[1]^2.0 *  x[2]^-1.0 + 0.0006 *  x[0]^-3.0 *  x[1]^-1.0 *  x[2]^-2.0;  - 0.0044 *  x[0]^1.0 *  x[1]^-3.0 *  x[2]^1.0 + 0.0394 *  x[0]^2.0 *  x[1]^1.0 + 0.9864 *  x[1]^-0.5 *  x[2]^-0.5 + 0.0082 *  x[1]^3.0 *  x[2]^-1.0; 0.0002 *  x[0]^-2.0 *  x[1]^2.0 *  x[2]^3.0; 0.0008 *  x[0]^-1.0 *  x[2]^-3.0; 0.0057 *  x[0]^1.0 *  x[1]^0.5 *  x[2]^-3.0 + 0.0171 *  x[0]^-0.5 *  x[1]^-2.0 *  x[2]^3.0 + 0.0276 *  x[0]^-2.0 *  x[1]^0.5 *  x[2]^0.5

2019-05-02-13-00-54   >>>>   End verify ranking function

verifying time = 80.605 ms


Not Found Ranking Fcuntion

Conterexample is 

[1, 0.125, 0.09375]

sampling time = 4.355 ms


       ########################################         

iteration 2 with 672 examples

2019-05-02-13-00-54   >>>>   Start train ranking function

2019-05-02-13-00-54   >>>>   End train ranking function

train_ranking_functioning time = 27.726 ms


2019-05-02-13-00-54   >>>>   Start verify ranking function

[xr_0 = 1, xr_2 = 1/2, xr_1 = 1/8]
ranking function : 0.0053 *  x[0]^-1.0 *  x[2]^3.0 - 0.1464 *  x[0]^0.5 *  x[2]^2.0 + 0.1969 *  x[0]^3.0 *  x[1]^-0.5 *  x[2]^-2.0 + 0.0259 *  x[0]^2.0 *  x[1]^2.0 *  x[2]^-1.0 - 0.0113 *  x[0]^-3.0 *  x[1]^-1.0 *  x[2]^-2.0;  - 0.0016 *  x[0]^1.0 *  x[1]^-3.0 *  x[2]^1.0 + 0.052 *  x[0]^2.0 *  x[1]^1.0 + 0.0103 *  x[0]^1.0 *  x[1]^2.0 *  x[2]^2.0 + 0.986 *  x[1]^-0.5 *  x[2]^-0.5 + 0.0012 *  x[1]^3.0 *  x[2]^-1.0; 0.003 *  x[0]^-2.0 *  x[1]^2.0 *  x[2]^3.0;  - 0.0047 *  x[0]^-1.0 *  x[2]^-3.0;  - 0.0027 *  x[0]^1.0 *  x[1]^0.5 *  x[2]^-3.0 + 0.0165 *  x[0]^-0.5 *  x[1]^-2.0 *  x[2]^3.0 + 0.0277 *  x[0]^-2.0 *  x[1]^0.5 *  x[2]^0.5

2019-05-02-13-00-54   >>>>   End verify ranking function

verifying time = 25.544 ms


Not Found Ranking Fcuntion

Conterexample is 

[1, 0.125, 0.5]

sampling time = 4.310 ms


       ########################################         

iteration 3 with 678 examples

2019-05-02-13-00-54   >>>>   Start train ranking function

2019-05-02-13-00-54   >>>>   End train ranking function

train_ranking_functioning time = 27.629 ms


2019-05-02-13-00-54   >>>>   Start verify ranking function

[xr_0 = 1, xr_2 = 3/32, xr_1 = 1/8]
ranking function : 0.0042 *  x[0]^-1.0 *  x[2]^3.0 - 0.1491 *  x[0]^0.5 *  x[2]^2.0 + 0.1927 *  x[0]^3.0 *  x[1]^-0.5 *  x[2]^-2.0 + 0.0097 *  x[0]^2.0 *  x[1]^2.0 *  x[2]^-1.0 - 0.0005 *  x[0]^-3.0 *  x[1]^-1.0 *  x[2]^-2.0;  - 0.0049 *  x[0]^1.0 *  x[1]^-3.0 *  x[2]^1.0 + 0.0428 *  x[0]^2.0 *  x[1]^1.0 + 0.0032 *  x[0]^1.0 *  x[1]^2.0 *  x[2]^2.0 + 0.9879 *  x[1]^-0.5 *  x[2]^-0.5 + 0.0029 *  x[1]^3.0 *  x[2]^-1.0;  - 0.0004 *  x[0]^-2.0 *  x[1]^2.0 *  x[2]^3.0; 0.0114 *  x[0]^-1.0 *  x[2]^-3.0; 0.0162 *  x[0]^1.0 *  x[1]^0.5 *  x[2]^-3.0 + 0.0086 *  x[0]^-0.5 *  x[1]^-2.0 *  x[2]^3.0 + 0.0154 *  x[0]^-2.0 *  x[1]^0.5 *  x[2]^0.5

2019-05-02-13-01-07   >>>>   End verify ranking function

verifying time = 13035.224 ms


Not Found Ranking Fcuntion

Conterexample is 

[1, 0.125, 0.09375]

sampling time = 4.766 ms


       ########################################         

iteration 4 with 684 examples

2019-05-02-13-01-07   >>>>   Start train ranking function

2019-05-02-13-01-07   >>>>   End train ranking function

train_ranking_functioning time = 29.420 ms


2019-05-02-13-01-07   >>>>   Start verify ranking function

[xr_0 = 1, xr_2 = 3/32, xr_1 = 1/8]
ranking function :  - 0.0061 *  x[0]^-1.0 *  x[2]^3.0 - 0.1575 *  x[0]^0.5 *  x[2]^2.0 + 0.2064 *  x[0]^3.0 *  x[1]^-0.5 *  x[2]^-2.0 + 0.0032 *  x[0]^2.0 *  x[1]^2.0 *  x[2]^-1.0 - 0.0006 *  x[0]^-3.0 *  x[1]^-1.0 *  x[2]^-2.0;  - 0.0038 *  x[0]^1.0 *  x[1]^-3.0 *  x[2]^1.0 + 0.0431 *  x[0]^2.0 *  x[1]^1.0 + 0.004 *  x[0]^1.0 *  x[1]^2.0 *  x[2]^2.0 + 0.9872 *  x[1]^-0.5 *  x[2]^-0.5 - 0.0007 *  x[1]^3.0 *  x[2]^-1.0; 0.0199 *  x[0]^-2.0 *  x[1]^2.0 *  x[2]^3.0; 0.0131 *  x[0]^-1.0 *  x[2]^-3.0; 0.0048 *  x[0]^1.0 *  x[1]^0.5 *  x[2]^-3.0 + 0.0029 *  x[0]^-0.5 *  x[1]^-2.0 *  x[2]^3.0 + 0.0302 *  x[0]^-2.0 *  x[1]^0.5 *  x[2]^0.5

2019-05-02-13-01-07   >>>>   End verify ranking function

verifying time = 55.615 ms


Not Found Ranking Fcuntion

Conterexample is 

[1, 0.125, 0.09375]

sampling time = 4.368 ms


       ########################################         

iteration 5 with 690 examples

2019-05-02-13-01-07   >>>>   Start train ranking function

2019-05-02-13-01-07   >>>>   End train ranking function

train_ranking_functioning time = 28.462 ms


2019-05-02-13-01-07   >>>>   Start verify ranking function

[xr_0 = 1, xr_2 = 3/32, xr_1 = 1/8]
ranking function : 0.0058 *  x[0]^-1.0 *  x[2]^3.0 - 0.1471 *  x[0]^0.5 *  x[2]^2.0 + 0.1901 *  x[0]^3.0 *  x[1]^-0.5 *  x[2]^-2.0 + 0.0272 *  x[0]^2.0 *  x[1]^2.0 *  x[2]^-1.0 + 0.0085 *  x[0]^-3.0 *  x[1]^-1.0 *  x[2]^-2.0; 0.001 *  x[0]^1.0 *  x[1]^-3.0 *  x[2]^1.0 + 0.0408 *  x[0]^2.0 *  x[1]^1.0 + 0.0081 *  x[0]^1.0 *  x[1]^2.0 *  x[2]^2.0 + 0.9818 *  x[1]^-0.5 *  x[2]^-0.5 + 0.0053 *  x[1]^3.0 *  x[2]^-1.0;  - 0.0001 *  x[0]^-2.0 *  x[1]^2.0 *  x[2]^3.0; 0.0041 *  x[0]^-1.0 *  x[2]^-3.0; 0.0208 *  x[0]^1.0 *  x[1]^0.5 *  x[2]^-3.0 + 0.0025 *  x[0]^-0.5 *  x[1]^-2.0 *  x[2]^3.0 + 0.0094 *  x[0]^-2.0 *  x[1]^0.5 *  x[2]^0.5

2019-05-02-13-01-07   >>>>   End verify ranking function

verifying time = 212.001 ms


Not Found Ranking Fcuntion

Conterexample is 

[1, 0.125, 0.09375]

sampling time = 4.296 ms


       ########################################         

iteration 6 with 696 examples

2019-05-02-13-01-07   >>>>   Start train ranking function

2019-05-02-13-01-07   >>>>   End train ranking function

train_ranking_functioning time = 27.824 ms


2019-05-02-13-01-07   >>>>   Start verify ranking function

[xr_0 = 1, xr_2 = 3/32, xr_1 = 1/8]
ranking function : 0.0101 *  x[0]^-1.0 *  x[2]^3.0 - 0.152 *  x[0]^0.5 *  x[2]^2.0 + 0.2083 *  x[0]^3.0 *  x[1]^-0.5 *  x[2]^-2.0 + 0.0013 *  x[0]^2.0 *  x[1]^2.0 *  x[2]^-1.0 - 0.0061 *  x[0]^-3.0 *  x[1]^-1.0 *  x[2]^-2.0; 0.0012 *  x[0]^1.0 *  x[1]^-3.0 *  x[2]^1.0 + 0.036 *  x[0]^2.0 *  x[1]^1.0 - 0.0037 *  x[0]^1.0 *  x[1]^2.0 *  x[2]^2.0 + 0.9855 *  x[1]^-0.5 *  x[2]^-0.5 - 0.0001 *  x[1]^3.0 *  x[2]^-1.0; 0.0027 *  x[0]^-2.0 *  x[1]^2.0 *  x[2]^3.0; 0.0049 *  x[0]^-1.0 *  x[2]^-3.0; 0.0077 *  x[0]^1.0 *  x[1]^0.5 *  x[2]^-3.0 - 0.0003 *  x[0]^-0.5 *  x[1]^-2.0 *  x[2]^3.0 + 0.0208 *  x[0]^-2.0 *  x[1]^0.5 *  x[2]^0.5

2019-05-02-13-01-07   >>>>   End verify ranking function

verifying time = 122.892 ms


Not Found Ranking Fcuntion

Conterexample is 

[1, 0.125, 0.09375]

sampling time = 4.349 ms


       ########################################         

iteration 7 with 702 examples

2019-05-02-13-01-07   >>>>   Start train ranking function

2019-05-02-13-01-07   >>>>   End train ranking function

train_ranking_functioning time = 28.600 ms


2019-05-02-13-01-07   >>>>   Start verify ranking function

[xr_0 = 1, xr_2 = 3/32, xr_1 = 1/8]
ranking function : 0.0078 *  x[0]^-1.0 *  x[2]^3.0 - 0.1525 *  x[0]^0.5 *  x[2]^2.0 + 0.2062 *  x[0]^3.0 *  x[1]^-0.5 *  x[2]^-2.0 - 0.0104 *  x[0]^2.0 *  x[1]^2.0 *  x[2]^-1.0 + 0.0012 *  x[0]^-3.0 *  x[1]^-1.0 *  x[2]^-2.0; 0.0047 *  x[0]^1.0 *  x[1]^-3.0 *  x[2]^1.0 + 0.042 *  x[0]^2.0 *  x[1]^1.0 - 0.0113 *  x[0]^1.0 *  x[1]^2.0 *  x[2]^2.0 + 0.9813 *  x[1]^-0.5 *  x[2]^-0.5 + 0.0007 *  x[1]^3.0 *  x[2]^-1.0;  - 0.0001 *  x[0]^-2.0 *  x[1]^2.0 *  x[2]^3.0; 0.0081 *  x[0]^-1.0 *  x[2]^-3.0;  - 0.0002 *  x[0]^1.0 *  x[1]^0.5 *  x[2]^-3.0 + 0.0101 *  x[0]^-0.5 *  x[1]^-2.0 *  x[2]^3.0 - 0.0016 *  x[0]^-2.0 *  x[1]^0.5 *  x[2]^0.5

2019-05-02-13-01-07   >>>>   End verify ranking function

verifying time = 56.161 ms


Not Found Ranking Fcuntion

Conterexample is 

[1, 0.125, 0.09375]

sampling time = 4.319 ms


       ########################################         

iteration 8 with 708 examples

2019-05-02-13-01-07   >>>>   Start train ranking function

2019-05-02-13-01-07   >>>>   End train ranking function

train_ranking_functioning time = 29.192 ms


2019-05-02-13-01-07   >>>>   Start verify ranking function

[xr_0 = 1, xr_2 = 3/32, xr_1 = 1/8]
ranking function : 0.0093 *  x[0]^-1.0 *  x[2]^3.0 - 0.1595 *  x[0]^0.5 *  x[2]^2.0 + 0.2081 *  x[0]^3.0 *  x[1]^-0.5 *  x[2]^-2.0 - 0.0005 *  x[0]^2.0 *  x[1]^2.0 *  x[2]^-1.0 - 0.0012 *  x[0]^-3.0 *  x[1]^-1.0 *  x[2]^-2.0; 0.0032 *  x[0]^1.0 *  x[1]^-3.0 *  x[2]^1.0 + 0.0414 *  x[0]^2.0 *  x[1]^1.0 - 0.0009 *  x[0]^1.0 *  x[1]^2.0 *  x[2]^2.0 + 0.9813 *  x[1]^-0.5 *  x[2]^-0.5 + 0.0009 *  x[1]^3.0 *  x[2]^-1.0; 0.0005 *  x[0]^-2.0 *  x[1]^2.0 *  x[2]^3.0; 0.002 *  x[0]^-1.0 *  x[2]^-3.0; 0.0205 *  x[0]^1.0 *  x[1]^0.5 *  x[2]^-3.0 - 0.0048 *  x[0]^-0.5 *  x[1]^-2.0 *  x[2]^3.0 + 0.0215 *  x[0]^-2.0 *  x[1]^0.5 *  x[2]^0.5

2019-05-02-13-01-08   >>>>   End verify ranking function

verifying time = 129.938 ms


Not Found Ranking Fcuntion

Conterexample is 

[1, 0.125, 0.09375]

sampling time = 4.347 ms


       ########################################         

iteration 9 with 714 examples

2019-05-02-13-01-08   >>>>   Start train ranking function

2019-05-02-13-01-08   >>>>   End train ranking function

train_ranking_functioning time = 28.843 ms


2019-05-02-13-01-08   >>>>   Start verify ranking function

[xr_0 = 1, xr_2 = 3/32, xr_1 = 1/8]
ranking function : 0.0051 *  x[0]^-1.0 *  x[2]^3.0 - 0.1569 *  x[0]^0.5 *  x[2]^2.0 + 0.2021 *  x[0]^3.0 *  x[1]^-0.5 *  x[2]^-2.0 + 0.005 *  x[0]^2.0 *  x[1]^2.0 *  x[2]^-1.0 - 0.0001 *  x[0]^-3.0 *  x[1]^-1.0 *  x[2]^-2.0; 0.0002 *  x[0]^1.0 *  x[1]^-3.0 *  x[2]^1.0 + 0.0329 *  x[0]^2.0 *  x[1]^1.0 + 0.0093 *  x[0]^1.0 *  x[1]^2.0 *  x[2]^2.0 + 0.9814 *  x[1]^-0.5 *  x[2]^-0.5 + 0.0027 *  x[1]^3.0 *  x[2]^-1.0; 0.003 *  x[0]^-2.0 *  x[1]^2.0 *  x[2]^3.0;  - 0.0014 *  x[0]^-1.0 *  x[2]^-3.0; 0.0045 *  x[0]^1.0 *  x[1]^0.5 *  x[2]^-3.0 - 0.0009 *  x[0]^-0.5 *  x[1]^-2.0 *  x[2]^3.0 + 0.0307 *  x[0]^-2.0 *  x[1]^0.5 *  x[2]^0.5

2019-05-02-13-01-08   >>>>   End verify ranking function

verifying time = 55.892 ms


Not Found Ranking Fcuntion

Conterexample is 

[1, 0.125, 0.09375]

sampling time = 4.346 ms


Failed to prove it is terminated

UNKNOWN
------Using Template 6 -----------
28 [4, 4, 4, 4, 4, 4, 4]
*****************************************************

2019-05-02-13-01-08   >>>>   End sampling point

sampling time = 761.523 ms,


       ########################################         

iteration 0 with 880 examples

2019-05-02-13-01-08   >>>>   Start train ranking function

2019-05-02-13-01-08   >>>>   End train ranking function

train_ranking_functioning time = 5.563 ms


2019-05-02-13-01-08   >>>>   Start verify ranking function

[xr_2 = -1658, xr_0 = 1]
ranking function : 0.9952 *  x[0]^1.0 - 0.0994 *  x[1]^1.0 - 0.1991 *  x[2]^1.0 + 0.4528 * 1; 0.4379 *  x[0]^1.0 + 0.0032 *  x[1]^1.0 - 0.093 *  x[2]^1.0 + 0.4538 * 1; 0.437 *  x[0]^1.0 - 0.0217 *  x[1]^1.0 - 0.09 *  x[2]^1.0 + 0.4537 * 1; 0.4369 *  x[0]^1.0 - 0.0248 *  x[1]^1.0 - 0.0947 *  x[2]^1.0 + 0.4494 * 1; 0.4419 *  x[0]^1.0 - 0.0244 *  x[1]^1.0 - 0.0968 *  x[2]^1.0 + 0.4452 * 1; 0.4522 *  x[0]^1.0 - 0.0223 *  x[1]^1.0 - 0.0998 *  x[2]^1.0 + 0.4624 * 1; 0.4618 *  x[0]^1.0 - 0.0217 *  x[1]^1.0 - 0.0932 *  x[2]^1.0 + 0.9251 * 1

2019-05-02-13-01-08   >>>>   End verify ranking function

verifying time = 7.799 ms


Not Found Ranking Fcuntion

Conterexample is 

[1, 0, -1658]

sampling time = 7.306 ms


       ########################################         

iteration 1 with 888 examples

2019-05-02-13-01-08   >>>>   Start train ranking function

2019-05-02-13-01-09   >>>>   End train ranking function

train_ranking_functioning time = 12.183 ms


2019-05-02-13-01-09   >>>>   Start verify ranking function

[xr_1 = -9971, xr_2 = 0, xr_0 = 1]
ranking function : 0.9952 *  x[0]^1.0 - 0.0995 *  x[1]^1.0 - 0.1991 *  x[2]^1.0 + 0.4528 * 1; 0.4379 *  x[0]^1.0 + 0.0032 *  x[1]^1.0 - 0.093 *  x[2]^1.0 + 0.4538 * 1; 0.437 *  x[0]^1.0 - 0.0217 *  x[1]^1.0 - 0.09 *  x[2]^1.0 + 0.4537 * 1; 0.4369 *  x[0]^1.0 - 0.0248 *  x[1]^1.0 - 0.0947 *  x[2]^1.0 + 0.4493 * 1; 0.4419 *  x[0]^1.0 - 0.0246 *  x[1]^1.0 - 0.0967 *  x[2]^1.0 + 0.4449 * 1; 0.4526 *  x[0]^1.0 - 0.0246 *  x[1]^1.0 - 0.0976 *  x[2]^1.0 + 0.4627 * 1; 0.4616 *  x[0]^1.0 - 0.0223 *  x[1]^1.0 - 0.0933 *  x[2]^1.0 + 0.9255 * 1

2019-05-02-13-01-09   >>>>   End verify ranking function

verifying time = 9.143 ms


Not Found Ranking Fcuntion

Conterexample is 

[1, -9971, 0]

sampling time = 6.802 ms


       ########################################         

iteration 2 with 896 examples

2019-05-02-13-01-09   >>>>   Start train ranking function

2019-05-02-13-01-09   >>>>   End train ranking function

train_ranking_functioning time = 11.208 ms


2019-05-02-13-01-09   >>>>   Start verify ranking function

[xr_1 = -9971, xr_2 = 0, xr_0 = 1]
ranking function : 0.9952 *  x[0]^1.0 - 0.0995 *  x[1]^1.0 - 0.1991 *  x[2]^1.0 + 0.4528 * 1; 0.4379 *  x[0]^1.0 + 0.0032 *  x[1]^1.0 - 0.093 *  x[2]^1.0 + 0.4538 * 1; 0.437 *  x[0]^1.0 - 0.0217 *  x[1]^1.0 - 0.09 *  x[2]^1.0 + 0.4537 * 1; 0.4369 *  x[0]^1.0 - 0.0248 *  x[1]^1.0 - 0.0947 *  x[2]^1.0 + 0.4493 * 1; 0.4419 *  x[0]^1.0 - 0.0246 *  x[1]^1.0 - 0.0967 *  x[2]^1.0 + 0.4449 * 1; 0.4526 *  x[0]^1.0 - 0.0246 *  x[1]^1.0 - 0.0976 *  x[2]^1.0 + 0.4627 * 1; 0.4616 *  x[0]^1.0 - 0.0223 *  x[1]^1.0 - 0.0933 *  x[2]^1.0 + 0.9255 * 1

2019-05-02-13-01-09   >>>>   End verify ranking function

verifying time = 8.021 ms


Not Found Ranking Fcuntion

Conterexample is 

[1, -9971, 0]

sampling time = 6.865 ms


       ########################################         

iteration 3 with 904 examples

2019-05-02-13-01-09   >>>>   Start train ranking function

2019-05-02-13-01-09   >>>>   End train ranking function

train_ranking_functioning time = 15.586 ms


2019-05-02-13-01-09   >>>>   Start verify ranking function

[xr_2 = -1658, xr_0 = 1]
ranking function : 0.9952 *  x[0]^1.0 - 0.0994 *  x[1]^1.0 - 0.1991 *  x[2]^1.0 + 0.4528 * 1; 0.4379 *  x[0]^1.0 + 0.0032 *  x[1]^1.0 - 0.093 *  x[2]^1.0 + 0.4538 * 1; 0.437 *  x[0]^1.0 - 0.0217 *  x[1]^1.0 - 0.09 *  x[2]^1.0 + 0.4537 * 1; 0.4369 *  x[0]^1.0 - 0.0248 *  x[1]^1.0 - 0.0947 *  x[2]^1.0 + 0.4493 * 1; 0.4419 *  x[0]^1.0 - 0.0246 *  x[1]^1.0 - 0.0967 *  x[2]^1.0 + 0.4449 * 1; 0.4526 *  x[0]^1.0 - 0.0246 *  x[1]^1.0 - 0.0976 *  x[2]^1.0 + 0.4627 * 1; 0.4616 *  x[0]^1.0 - 0.0223 *  x[1]^1.0 - 0.0933 *  x[2]^1.0 + 0.9255 * 1

2019-05-02-13-01-09   >>>>   End verify ranking function

verifying time = 7.877 ms


Not Found Ranking Fcuntion

Conterexample is 

[1, 0, -1658]

sampling time = 6.813 ms


       ########################################         

iteration 4 with 912 examples

2019-05-02-13-01-09   >>>>   Start train ranking function

2019-05-02-13-01-09   >>>>   End train ranking function

train_ranking_functioning time = 10.832 ms


2019-05-02-13-01-09   >>>>   Start verify ranking function

[xr_2 = -1658, xr_0 = 1]
ranking function : 0.9952 *  x[0]^1.0 - 0.0994 *  x[1]^1.0 - 0.1991 *  x[2]^1.0 + 0.4528 * 1; 0.4379 *  x[0]^1.0 + 0.0032 *  x[1]^1.0 - 0.093 *  x[2]^1.0 + 0.4538 * 1; 0.437 *  x[0]^1.0 - 0.0217 *  x[1]^1.0 - 0.09 *  x[2]^1.0 + 0.4537 * 1; 0.4369 *  x[0]^1.0 - 0.0248 *  x[1]^1.0 - 0.0947 *  x[2]^1.0 + 0.4493 * 1; 0.4419 *  x[0]^1.0 - 0.0246 *  x[1]^1.0 - 0.0967 *  x[2]^1.0 + 0.4449 * 1; 0.4526 *  x[0]^1.0 - 0.0246 *  x[1]^1.0 - 0.0976 *  x[2]^1.0 + 0.4627 * 1; 0.4616 *  x[0]^1.0 - 0.0223 *  x[1]^1.0 - 0.0933 *  x[2]^1.0 + 0.9255 * 1

2019-05-02-13-01-09   >>>>   End verify ranking function

verifying time = 7.767 ms


Not Found Ranking Fcuntion

Conterexample is 

[1, 0, -1658]

sampling time = 6.772 ms


       ########################################         

iteration 5 with 920 examples

2019-05-02-13-01-09   >>>>   Start train ranking function

2019-05-02-13-01-09   >>>>   End train ranking function

train_ranking_functioning time = 14.128 ms


2019-05-02-13-01-09   >>>>   Start verify ranking function

[xr_1 = 0, xr_2 = -9971, xr_0 = 1]
ranking function : 0.9952 *  x[0]^1.0 - 0.0995 *  x[1]^1.0 - 0.1991 *  x[2]^1.0 + 0.4528 * 1; 0.4379 *  x[0]^1.0 + 0.0031 *  x[1]^1.0 - 0.093 *  x[2]^1.0 + 0.4538 * 1; 0.437 *  x[0]^1.0 - 0.0217 *  x[1]^1.0 - 0.09 *  x[2]^1.0 + 0.4537 * 1; 0.4369 *  x[0]^1.0 - 0.0248 *  x[1]^1.0 - 0.0947 *  x[2]^1.0 + 0.4493 * 1; 0.4419 *  x[0]^1.0 - 0.0246 *  x[1]^1.0 - 0.0967 *  x[2]^1.0 + 0.4449 * 1; 0.4526 *  x[0]^1.0 - 0.0246 *  x[1]^1.0 - 0.0976 *  x[2]^1.0 + 0.4627 * 1; 0.4616 *  x[0]^1.0 - 0.0223 *  x[1]^1.0 - 0.0933 *  x[2]^1.0 + 0.9255 * 1

2019-05-02-13-01-09   >>>>   End verify ranking function

verifying time = 7.935 ms


Not Found Ranking Fcuntion

Conterexample is 

[1, 0, -9971]

sampling time = 6.763 ms


       ########################################         

iteration 6 with 928 examples

2019-05-02-13-01-09   >>>>   Start train ranking function

2019-05-02-13-01-09   >>>>   End train ranking function

train_ranking_functioning time = 16.418 ms


2019-05-02-13-01-09   >>>>   Start verify ranking function

[xr_1 = 0, xr_2 = -9971, xr_0 = 1]
ranking function : 0.9952 *  x[0]^1.0 - 0.0995 *  x[1]^1.0 - 0.1991 *  x[2]^1.0 + 0.4528 * 1; 0.4379 *  x[0]^1.0 + 0.0031 *  x[1]^1.0 - 0.093 *  x[2]^1.0 + 0.4538 * 1; 0.437 *  x[0]^1.0 - 0.0217 *  x[1]^1.0 - 0.09 *  x[2]^1.0 + 0.4537 * 1; 0.4369 *  x[0]^1.0 - 0.0248 *  x[1]^1.0 - 0.0947 *  x[2]^1.0 + 0.4493 * 1; 0.4419 *  x[0]^1.0 - 0.0247 *  x[1]^1.0 - 0.0967 *  x[2]^1.0 + 0.4449 * 1; 0.4526 *  x[0]^1.0 - 0.0246 *  x[1]^1.0 - 0.0976 *  x[2]^1.0 + 0.4627 * 1; 0.4616 *  x[0]^1.0 - 0.0223 *  x[1]^1.0 - 0.0933 *  x[2]^1.0 + 0.9255 * 1

2019-05-02-13-01-09   >>>>   End verify ranking function

verifying time = 7.998 ms


Not Found Ranking Fcuntion

Conterexample is 

[1, 0, -9971]

sampling time = 6.844 ms


       ########################################         

iteration 7 with 936 examples

2019-05-02-13-01-09   >>>>   Start train ranking function

2019-05-02-13-01-09   >>>>   End train ranking function

train_ranking_functioning time = 19.952 ms


2019-05-02-13-01-09   >>>>   Start verify ranking function

[xr_1 = 0, xr_2 = -9971, xr_0 = 1]
ranking function : 0.9952 *  x[0]^1.0 - 0.0995 *  x[1]^1.0 - 0.1991 *  x[2]^1.0 + 0.4528 * 1; 0.4379 *  x[0]^1.0 + 0.0031 *  x[1]^1.0 - 0.093 *  x[2]^1.0 + 0.4538 * 1; 0.437 *  x[0]^1.0 - 0.0217 *  x[1]^1.0 - 0.09 *  x[2]^1.0 + 0.4537 * 1; 0.4369 *  x[0]^1.0 - 0.0248 *  x[1]^1.0 - 0.0947 *  x[2]^1.0 + 0.4493 * 1; 0.4419 *  x[0]^1.0 - 0.0247 *  x[1]^1.0 - 0.0967 *  x[2]^1.0 + 0.4449 * 1; 0.4526 *  x[0]^1.0 - 0.0246 *  x[1]^1.0 - 0.0976 *  x[2]^1.0 + 0.4627 * 1; 0.4616 *  x[0]^1.0 - 0.0223 *  x[1]^1.0 - 0.0933 *  x[2]^1.0 + 0.9255 * 1

2019-05-02-13-01-09   >>>>   End verify ranking function

verifying time = 8.070 ms


Not Found Ranking Fcuntion

Conterexample is 

[1, 0, -9971]

sampling time = 6.783 ms


       ########################################         

iteration 8 with 944 examples

2019-05-02-13-01-09   >>>>   Start train ranking function

2019-05-02-13-01-09   >>>>   End train ranking function

train_ranking_functioning time = 18.142 ms


2019-05-02-13-01-09   >>>>   Start verify ranking function

[xr_1 = 0, xr_2 = -9971, xr_0 = 1]
ranking function : 0.9952 *  x[0]^1.0 - 0.0995 *  x[1]^1.0 - 0.1991 *  x[2]^1.0 + 0.4528 * 1; 0.4379 *  x[0]^1.0 + 0.0031 *  x[1]^1.0 - 0.093 *  x[2]^1.0 + 0.4538 * 1; 0.437 *  x[0]^1.0 - 0.0217 *  x[1]^1.0 - 0.09 *  x[2]^1.0 + 0.4537 * 1; 0.4369 *  x[0]^1.0 - 0.0248 *  x[1]^1.0 - 0.0947 *  x[2]^1.0 + 0.4493 * 1; 0.4419 *  x[0]^1.0 - 0.0247 *  x[1]^1.0 - 0.0967 *  x[2]^1.0 + 0.4449 * 1; 0.4526 *  x[0]^1.0 - 0.0246 *  x[1]^1.0 - 0.0976 *  x[2]^1.0 + 0.4627 * 1; 0.4616 *  x[0]^1.0 - 0.0223 *  x[1]^1.0 - 0.0933 *  x[2]^1.0 + 0.9255 * 1
