------Using Template 0 -----------
2 [2]
*****************************************************

2019-05-02-12-40-47   >>>>   End sampling point

sampling time = 30.271 ms,


       ########################################         

iteration 0 with 106 examples

2019-05-02-12-40-47   >>>>   Start train ranking function

2019-05-02-12-40-47   >>>>   End train ranking function

train_ranking_functioning time = 2.831 ms


2019-05-02-12-40-47   >>>>   Start verify ranking function

[xi_0 = 0]
ranking function : 2.3 * 1

2019-05-02-12-40-47   >>>>   End verify ranking function

verifying time = 6.277 ms


Not Found Ranking Fcuntion

Conterexample is 

[0]

sampling time = 0.452 ms


       ########################################         

iteration 1 with 108 examples

2019-05-02-12-40-47   >>>>   Start train ranking function

2019-05-02-12-40-47   >>>>   End train ranking function

train_ranking_functioning time = 2.787 ms


2019-05-02-12-40-47   >>>>   Start verify ranking function

[xi_0 = 0]
ranking function : 2.4 * 1

2019-05-02-12-40-47   >>>>   End verify ranking function

verifying time = 6.202 ms


Not Found Ranking Fcuntion

Conterexample is 

[0]

sampling time = 0.444 ms


       ########################################         

iteration 2 with 110 examples

2019-05-02-12-40-47   >>>>   Start train ranking function

2019-05-02-12-40-47   >>>>   End train ranking function

train_ranking_functioning time = 2.825 ms


2019-05-02-12-40-47   >>>>   Start verify ranking function

[xi_0 = 0]
ranking function : 2.4 * 1

2019-05-02-12-40-47   >>>>   End verify ranking function

verifying time = 6.046 ms


Not Found Ranking Fcuntion

Conterexample is 

[0]

sampling time = 0.439 ms


       ########################################         

iteration 3 with 112 examples

2019-05-02-12-40-47   >>>>   Start train ranking function

2019-05-02-12-40-47   >>>>   End train ranking function

train_ranking_functioning time = 2.819 ms


2019-05-02-12-40-47   >>>>   Start verify ranking function

[xi_0 = 0]
ranking function : 2.5 * 1

2019-05-02-12-40-47   >>>>   End verify ranking function

verifying time = 5.969 ms


Not Found Ranking Fcuntion

Conterexample is 

[0]

sampling time = 0.453 ms


       ########################################         

iteration 4 with 114 examples

2019-05-02-12-40-47   >>>>   Start train ranking function

2019-05-02-12-40-47   >>>>   End train ranking function

train_ranking_functioning time = 2.882 ms


2019-05-02-12-40-47   >>>>   Start verify ranking function

[xi_0 = 0]
ranking function : 2.5 * 1

2019-05-02-12-40-47   >>>>   End verify ranking function

verifying time = 6.080 ms


Not Found Ranking Fcuntion

Conterexample is 

[0]

sampling time = 0.443 ms


       ########################################         

iteration 5 with 116 examples

2019-05-02-12-40-47   >>>>   Start train ranking function

2019-05-02-12-40-47   >>>>   End train ranking function

train_ranking_functioning time = 2.889 ms


2019-05-02-12-40-47   >>>>   Start verify ranking function

[xi_0 = 0]
ranking function : 2.5 * 1

2019-05-02-12-40-47   >>>>   End verify ranking function

verifying time = 6.237 ms


Not Found Ranking Fcuntion

Conterexample is 

[0]

sampling time = 0.474 ms


       ########################################         

iteration 6 with 118 examples

2019-05-02-12-40-47   >>>>   Start train ranking function

2019-05-02-12-40-47   >>>>   End train ranking function

train_ranking_functioning time = 2.938 ms


2019-05-02-12-40-47   >>>>   Start verify ranking function

[xi_0 = 0]
ranking function : 2.6 * 1

2019-05-02-12-40-47   >>>>   End verify ranking function

verifying time = 6.096 ms


Not Found Ranking Fcuntion

Conterexample is 

[0]

sampling time = 0.447 ms


       ########################################         

iteration 7 with 120 examples

2019-05-02-12-40-47   >>>>   Start train ranking function

2019-05-02-12-40-47   >>>>   End train ranking function

train_ranking_functioning time = 3.033 ms


2019-05-02-12-40-47   >>>>   Start verify ranking function

[xi_0 = 0]
ranking function : 2.6 * 1

2019-05-02-12-40-47   >>>>   End verify ranking function

verifying time = 6.018 ms


Not Found Ranking Fcuntion

Conterexample is 

[0]

sampling time = 0.470 ms


       ########################################         

iteration 8 with 122 examples

2019-05-02-12-40-47   >>>>   Start train ranking function

2019-05-02-12-40-47   >>>>   End train ranking function

train_ranking_functioning time = 3.004 ms


2019-05-02-12-40-47   >>>>   Start verify ranking function

[xi_0 = 0]
ranking function : 2.7 * 1

2019-05-02-12-40-47   >>>>   End verify ranking function

verifying time = 6.216 ms


Not Found Ranking Fcuntion

Conterexample is 

[0]

sampling time = 0.477 ms


       ########################################         

iteration 9 with 124 examples

2019-05-02-12-40-47   >>>>   Start train ranking function

2019-05-02-12-40-47   >>>>   End train ranking function

train_ranking_functioning time = 3.073 ms


2019-05-02-12-40-47   >>>>   Start verify ranking function

[xi_0 = 0]
ranking function : 2.7 * 1

2019-05-02-12-40-47   >>>>   End verify ranking function

verifying time = 5.985 ms


Not Found Ranking Fcuntion

Conterexample is 

[0]

sampling time = 0.459 ms


Failed to prove it is terminated

UNKNOWN
------Using Template 1 -----------
2 [2]
*****************************************************

2019-05-02-12-40-47   >>>>   End sampling point

sampling time = 31.518 ms,


       ########################################         

iteration 0 with 106 examples

2019-05-02-12-40-47   >>>>   Start train ranking function

2019-05-02-12-40-47   >>>>   End train ranking function

train_ranking_functioning time = 3.313 ms


2019-05-02-12-40-47   >>>>   Start verify ranking function

[xi_0 = 2]
ranking function : 0.7 *  x[0]^-0.5

2019-05-02-12-40-47   >>>>   End verify ranking function

verifying time = 12.894 ms


Not Found Ranking Fcuntion

Conterexample is 

[2]

sampling time = 0.509 ms


       ########################################         

iteration 1 with 108 examples

2019-05-02-12-40-47   >>>>   Start train ranking function

2019-05-02-12-40-47   >>>>   End train ranking function

train_ranking_functioning time = 3.391 ms


2019-05-02-12-40-47   >>>>   Start verify ranking function

[xi_0 = 2]
ranking function : 0.8 *  x[0]^-0.5

2019-05-02-12-40-47   >>>>   End verify ranking function

verifying time = 12.734 ms


Not Found Ranking Fcuntion

Conterexample is 

[2]

sampling time = 0.507 ms


       ########################################         

iteration 2 with 110 examples

2019-05-02-12-40-47   >>>>   Start train ranking function

2019-05-02-12-40-47   >>>>   End train ranking function

train_ranking_functioning time = 3.436 ms


2019-05-02-12-40-47   >>>>   Start verify ranking function

[xi_0 = 2]
ranking function : 0.7 *  x[0]^-0.5

2019-05-02-12-40-47   >>>>   End verify ranking function

verifying time = 12.832 ms


Not Found Ranking Fcuntion

Conterexample is 

[2]

sampling time = 0.565 ms


       ########################################         

iteration 3 with 112 examples

2019-05-02-12-40-47   >>>>   Start train ranking function

2019-05-02-12-40-47   >>>>   End train ranking function

train_ranking_functioning time = 3.411 ms


2019-05-02-12-40-47   >>>>   Start verify ranking function

[xi_0 = 2]
ranking function : 0.8 *  x[0]^-0.5

2019-05-02-12-40-47   >>>>   End verify ranking function

verifying time = 12.779 ms


Not Found Ranking Fcuntion

Conterexample is 

[2]

sampling time = 0.507 ms


       ########################################         

iteration 4 with 114 examples

2019-05-02-12-40-47   >>>>   Start train ranking function

2019-05-02-12-40-47   >>>>   End train ranking function

train_ranking_functioning time = 3.640 ms


2019-05-02-12-40-47   >>>>   Start verify ranking function

[xi_0 = 2]
ranking function : 0.8 *  x[0]^-0.5

2019-05-02-12-40-47   >>>>   End verify ranking function

verifying time = 12.779 ms


Not Found Ranking Fcuntion

Conterexample is 

[2]

sampling time = 0.510 ms


       ########################################         

iteration 5 with 116 examples

2019-05-02-12-40-47   >>>>   Start train ranking function

2019-05-02-12-40-47   >>>>   End train ranking function

train_ranking_functioning time = 3.972 ms


2019-05-02-12-40-47   >>>>   Start verify ranking function

[xi_0 = 2]
ranking function : 0.8 *  x[0]^-0.5

2019-05-02-12-40-47   >>>>   End verify ranking function

verifying time = 13.701 ms


Not Found Ranking Fcuntion

Conterexample is 

[2]

sampling time = 0.512 ms


       ########################################         

iteration 6 with 118 examples

2019-05-02-12-40-47   >>>>   Start train ranking function

2019-05-02-12-40-47   >>>>   End train ranking function

train_ranking_functioning time = 3.814 ms


2019-05-02-12-40-47   >>>>   Start verify ranking function

[xi_0 = 2]
ranking function : 0.9 *  x[0]^-0.5

2019-05-02-12-40-47   >>>>   End verify ranking function

verifying time = 13.092 ms


Not Found Ranking Fcuntion

Conterexample is 

[2]

sampling time = 0.569 ms


       ########################################         

iteration 7 with 120 examples

2019-05-02-12-40-47   >>>>   Start train ranking function

2019-05-02-12-40-47   >>>>   End train ranking function

train_ranking_functioning time = 4.224 ms


2019-05-02-12-40-47   >>>>   Start verify ranking function

[xi_0 = 2]
ranking function : 0.9 *  x[0]^-0.5

2019-05-02-12-40-47   >>>>   End verify ranking function

verifying time = 12.844 ms


Not Found Ranking Fcuntion

Conterexample is 

[2]

sampling time = 0.505 ms


       ########################################         

iteration 8 with 122 examples

2019-05-02-12-40-47   >>>>   Start train ranking function

2019-05-02-12-40-47   >>>>   End train ranking function

train_ranking_functioning time = 3.801 ms


2019-05-02-12-40-47   >>>>   Start verify ranking function

[xi_0 = 2]
ranking function : 0.8 *  x[0]^-0.5

2019-05-02-12-40-47   >>>>   End verify ranking function

verifying time = 12.811 ms


Not Found Ranking Fcuntion

Conterexample is 

[2]

sampling time = 0.562 ms


       ########################################         

iteration 9 with 124 examples

2019-05-02-12-40-47   >>>>   Start train ranking function

2019-05-02-12-40-47   >>>>   End train ranking function

train_ranking_functioning time = 3.638 ms


2019-05-02-12-40-47   >>>>   Start verify ranking function

[xi_0 = 2]
ranking function : 0.8 *  x[0]^-0.5

2019-05-02-12-40-47   >>>>   End verify ranking function

verifying time = 12.813 ms


Not Found Ranking Fcuntion

Conterexample is 

[2]

sampling time = 0.508 ms


Failed to prove it is terminated

UNKNOWN
------Using Template 2 -----------
6 [2, 2, 2]
*****************************************************

2019-05-02-12-40-47   >>>>   End sampling point

sampling time = 69.293 ms,


       ########################################         

iteration 0 with 212 examples

2019-05-02-12-40-47   >>>>   Start train ranking function

2019-05-02-12-40-47   >>>>   End train ranking function

train_ranking_functioning time = 5.918 ms


2019-05-02-12-40-47   >>>>   Start verify ranking function

[xi_0 = 0]
ranking function : 2.3 * 1; 1.0 * 1; 1.0 * 1

2019-05-02-12-40-47   >>>>   End verify ranking function

verifying time = 6.195 ms


Not Found Ranking Fcuntion

Conterexample is 

[0]

sampling time = 1.217 ms


       ########################################         

iteration 1 with 216 examples

2019-05-02-12-40-47   >>>>   Start train ranking function

2019-05-02-12-40-47   >>>>   End train ranking function

train_ranking_functioning time = 6.045 ms


2019-05-02-12-40-47   >>>>   Start verify ranking function

[xi_0 = 0]
ranking function : 2.4 * 1; 1.0 * 1; 1.0 * 1

2019-05-02-12-40-47   >>>>   End verify ranking function

verifying time = 6.117 ms


Not Found Ranking Fcuntion

Conterexample is 

[0]

sampling time = 1.208 ms


       ########################################         

iteration 2 with 220 examples

2019-05-02-12-40-47   >>>>   Start train ranking function

2019-05-02-12-40-47   >>>>   End train ranking function

train_ranking_functioning time = 6.149 ms


2019-05-02-12-40-47   >>>>   Start verify ranking function

[xi_0 = 0]
ranking function : 2.4 * 1; 1.0 * 1; 1.0 * 1

2019-05-02-12-40-47   >>>>   End verify ranking function

verifying time = 6.165 ms


Not Found Ranking Fcuntion

Conterexample is 

[0]

sampling time = 1.202 ms


       ########################################         

iteration 3 with 224 examples

2019-05-02-12-40-47   >>>>   Start train ranking function

2019-05-02-12-40-47   >>>>   End train ranking function

train_ranking_functioning time = 6.193 ms


2019-05-02-12-40-47   >>>>   Start verify ranking function

[xi_0 = 0]
ranking function : 2.5 * 1; 1.0 * 1; 1.0 * 1

2019-05-02-12-40-47   >>>>   End verify ranking function

verifying time = 6.149 ms


Not Found Ranking Fcuntion

Conterexample is 

[0]

sampling time = 1.218 ms


       ########################################         

iteration 4 with 228 examples

2019-05-02-12-40-47   >>>>   Start train ranking function

2019-05-02-12-40-47   >>>>   End train ranking function

train_ranking_functioning time = 6.307 ms


2019-05-02-12-40-47   >>>>   Start verify ranking function

[xi_0 = 0]
ranking function : 2.5 * 1; 1.0 * 1; 1.0 * 1

2019-05-02-12-40-47   >>>>   End verify ranking function

verifying time = 6.117 ms


Not Found Ranking Fcuntion

Conterexample is 

[0]

sampling time = 1.221 ms


       ########################################         

iteration 5 with 232 examples

2019-05-02-12-40-47   >>>>   Start train ranking function

2019-05-02-12-40-47   >>>>   End train ranking function

train_ranking_functioning time = 6.402 ms


2019-05-02-12-40-47   >>>>   Start verify ranking function

[xi_0 = 0]
ranking function : 2.6 * 1; 1.0 * 1; 1.0 * 1

2019-05-02-12-40-47   >>>>   End verify ranking function

verifying time = 6.191 ms


Not Found Ranking Fcuntion

Conterexample is 

[0]

sampling time = 1.215 ms


       ########################################         

iteration 6 with 236 examples

2019-05-02-12-40-47   >>>>   Start train ranking function

2019-05-02-12-40-47   >>>>   End train ranking function

train_ranking_functioning time = 6.519 ms


2019-05-02-12-40-47   >>>>   Start verify ranking function

[xi_0 = 0]
ranking function : 2.6 * 1; 1.0 * 1; 1.0 * 1

2019-05-02-12-40-47   >>>>   End verify ranking function

verifying time = 6.197 ms


Not Found Ranking Fcuntion

Conterexample is 

[0]

sampling time = 1.331 ms


       ########################################         

iteration 7 with 240 examples

2019-05-02-12-40-48   >>>>   Start train ranking function

2019-05-02-12-40-48   >>>>   End train ranking function

train_ranking_functioning time = 7.164 ms


2019-05-02-12-40-48   >>>>   Start verify ranking function

[xi_0 = 0]
ranking function : 2.6 * 1; 1.0 * 1; 1.0 * 1

2019-05-02-12-40-48   >>>>   End verify ranking function

verifying time = 6.613 ms


Not Found Ranking Fcuntion

Conterexample is 

[0]

sampling time = 1.319 ms


       ########################################         

iteration 8 with 244 examples

2019-05-02-12-40-48   >>>>   Start train ranking function

2019-05-02-12-40-48   >>>>   End train ranking function

train_ranking_functioning time = 6.782 ms


2019-05-02-12-40-48   >>>>   Start verify ranking function

[xi_0 = 0]
ranking function : 2.7 * 1; 1.0 * 1; 1.0 * 1

2019-05-02-12-40-48   >>>>   End verify ranking function

verifying time = 6.295 ms


Not Found Ranking Fcuntion

Conterexample is 

[0]

sampling time = 1.226 ms


       ########################################         

iteration 9 with 248 examples

2019-05-02-12-40-48   >>>>   Start train ranking function

2019-05-02-12-40-48   >>>>   End train ranking function

train_ranking_functioning time = 6.833 ms


2019-05-02-12-40-48   >>>>   Start verify ranking function

[xi_0 = 0]
ranking function : 2.7 * 1; 1.0 * 1; 1.0 * 1

2019-05-02-12-40-48   >>>>   End verify ranking function

verifying time = 6.168 ms


Not Found Ranking Fcuntion

Conterexample is 

[0]

sampling time = 1.227 ms


Failed to prove it is terminated

UNKNOWN
------Using Template 3 -----------
7 [3, 2, 2]
*****************************************************
