------Using Template 0 -----------
4 [4]
*****************************************************

2019-05-02-12-55-53   >>>>   End sampling point

sampling time = 117.093 ms,


       ########################################         

iteration 0 with 220 examples

2019-05-02-12-55-53   >>>>   Start train ranking function

2019-05-02-12-55-53   >>>>   End train ranking function

train_ranking_functioning time = 0.792 ms


2019-05-02-12-55-53   >>>>   Start verify ranking function

[xr_1 = 49705/986, xr_2 = 0, xr_0 = 1]
ranking function : 0.9892 *  x[0]^1.0 + 0.4736 *  x[1]^1.0 - 0.9504 *  x[2]^1.0 + 1.9552 * 1

2019-05-02-12-55-53   >>>>   End verify ranking function

verifying time = 8.071 ms


Not Found Ranking Fcuntion

Conterexample is 

[1, 50.410750507099394, 0]

sampling time = 1.048 ms


       ########################################         

iteration 1 with 222 examples

2019-05-02-12-55-53   >>>>   Start train ranking function

2019-05-02-12-55-53   >>>>   End train ranking function

train_ranking_functioning time = 4.150 ms


2019-05-02-12-55-53   >>>>   Start verify ranking function

[xr_1 = 0, xr_2 = 19721/12, xr_0 = 1]
ranking function : 0.9731 *  x[0]^1.0 + 0.4853 *  x[1]^1.0 - 0.9736 *  x[2]^1.0 + 1.9969 * 1

2019-05-02-12-55-53   >>>>   End verify ranking function

verifying time = 8.034 ms


Not Found Ranking Fcuntion

Conterexample is 

[1, 0, 1643.4166666666667]

sampling time = 1.050 ms


       ########################################         

iteration 2 with 224 examples

2019-05-02-12-55-53   >>>>   Start train ranking function

2019-05-02-12-55-53   >>>>   End train ranking function

train_ranking_functioning time = 3.315 ms


2019-05-02-12-55-53   >>>>   Start verify ranking function

[xr_1 = 0, xr_2 = -30590/10907, xr_0 = 1]
ranking function : 0.2246 *  x[0]^1.0 + 0.5474 *  x[1]^1.0 - 0.0041 *  x[2]^1.0 + 1.2718 * 1

2019-05-02-12-55-53   >>>>   End verify ranking function

verifying time = 8.074 ms


Not Found Ranking Fcuntion

Conterexample is 

[1, 0, -2.8046208856697534]

sampling time = 1.074 ms


       ########################################         

iteration 3 with 226 examples

2019-05-02-12-55-53   >>>>   Start train ranking function

2019-05-02-12-55-53   >>>>   End train ranking function

train_ranking_functioning time = 3.339 ms


2019-05-02-12-55-53   >>>>   Start verify ranking function

[xr_1 = 59765/337, xr_2 = 0, xr_0 = 1]
ranking function : 0.1963 *  x[0]^1.0 + 0.4603 *  x[1]^1.0 - 0.0068 *  x[2]^1.0 + 1.2099 * 1

2019-05-02-12-55-53   >>>>   End verify ranking function

verifying time = 7.887 ms


Not Found Ranking Fcuntion

Conterexample is 

[1, 177.34421364985164, 0]

sampling time = 1.039 ms


       ########################################         

iteration 4 with 228 examples

2019-05-02-12-55-53   >>>>   Start train ranking function

2019-05-02-12-55-53   >>>>   End train ranking function

train_ranking_functioning time = 3.658 ms


2019-05-02-12-55-53   >>>>   Start verify ranking function

[xr_1 = -15015/23, xr_2 = 0, xr_0 = 1]
ranking function : 0.2022 *  x[0]^1.0 + 0.5013 *  x[1]^1.0 - 0.0044 *  x[2]^1.0 + 1.2411 * 1

2019-05-02-12-55-53   >>>>   End verify ranking function

verifying time = 7.843 ms


Not Found Ranking Fcuntion

Conterexample is 

[1, -652.8260869565217, 0]

sampling time = 1.058 ms


       ########################################         

iteration 5 with 230 examples

2019-05-02-12-55-53   >>>>   Start train ranking function

2019-05-02-12-55-53   >>>>   End train ranking function

train_ranking_functioning time = 4.296 ms


2019-05-02-12-55-53   >>>>   Start verify ranking function

[xr_1 = 0, xr_2 = -12665/24, xr_0 = 1]
ranking function : 0.0142 *  x[0]^1.0 + 0.0068 *  x[1]^1.0 - 0.0088 *  x[2]^1.0 + 0.9218 * 1

2019-05-02-12-55-53   >>>>   End verify ranking function

verifying time = 7.923 ms


Not Found Ranking Fcuntion

Conterexample is 

[1, 0, -527.7083333333334]

sampling time = 1.048 ms


       ########################################         

iteration 6 with 232 examples

2019-05-02-12-55-53   >>>>   Start train ranking function

2019-05-02-12-55-53   >>>>   End train ranking function

train_ranking_functioning time = 4.525 ms


2019-05-02-12-55-53   >>>>   Start verify ranking function

[xr_1 = 0, xr_2 = 51365/14, xr_0 = 1]
ranking function : 0.0283 *  x[0]^1.0 + 0.0075 *  x[1]^1.0 - 0.0157 *  x[2]^1.0 + 0.924 * 1

2019-05-02-12-55-53   >>>>   End verify ranking function

verifying time = 8.023 ms


Not Found Ranking Fcuntion

Conterexample is 

[1, 0, 3668.9285714285716]

sampling time = 1.032 ms


       ########################################         

iteration 7 with 234 examples

2019-05-02-12-55-53   >>>>   Start train ranking function

2019-05-02-12-55-53   >>>>   End train ranking function

train_ranking_functioning time = 4.197 ms


2019-05-02-12-55-53   >>>>   Start verify ranking function

[xr_1 = 0, xr_2 = 0, xr_0 = 19/5000]
ranking function :  - 0.0028 *  x[0]^1.0 - 0.0001 *  x[1]^1.0 + 0.9073 * 1

2019-05-02-12-55-53   >>>>   End verify ranking function

verifying time = 8.048 ms


Not Found Ranking Fcuntion

Conterexample is 

[0.0038, 0, 0]

sampling time = 1.037 ms


       ########################################         

iteration 8 with 236 examples

2019-05-02-12-55-53   >>>>   Start train ranking function

2019-05-02-12-55-53   >>>>   End train ranking function

train_ranking_functioning time = 4.334 ms


2019-05-02-12-55-53   >>>>   Start verify ranking function

[xr_1 = 0, xr_2 = 0, xr_0 = 7/2500]
ranking function :  - 0.0018 *  x[0]^1.0 + 0.0001 *  x[1]^1.0 - 0.0021 *  x[2]^1.0 + 0.9374 * 1

2019-05-02-12-55-53   >>>>   End verify ranking function

verifying time = 7.984 ms


Not Found Ranking Fcuntion

Conterexample is 

[0.0028, 0, 0]

sampling time = 1.038 ms


       ########################################         

iteration 9 with 238 examples

2019-05-02-12-55-53   >>>>   Start train ranking function

2019-05-02-12-55-53   >>>>   End train ranking function

train_ranking_functioning time = 4.227 ms


2019-05-02-12-55-53   >>>>   Start verify ranking function

[xr_1 = 0, xr_2 = 0, xr_0 = 1/625]
ranking function :  - 0.0006 *  x[0]^1.0 + 0.0015 *  x[1]^1.0 - 0.0017 *  x[2]^1.0 + 0.9104 * 1

2019-05-02-12-55-53   >>>>   End verify ranking function

verifying time = 8.057 ms


Not Found Ranking Fcuntion

Conterexample is 

[0.0016, 0, 0]

sampling time = 1.037 ms


Failed to prove it is terminated

UNKNOWN
------Using Template 1 -----------
4 [4]
*****************************************************

2019-05-02-12-55-53   >>>>   End sampling point

sampling time = 134.402 ms,


       ########################################         

iteration 0 with 220 examples

2019-05-02-12-55-53   >>>>   Start train ranking function

2019-05-02-12-55-53   >>>>   End train ranking function

train_ranking_functioning time = 8.057 ms


2019-05-02-12-55-53   >>>>   Start verify ranking function

[xr_0 = 1, xr_2 = 1/2, xr_1 = 1/8]
ranking function :  - 0.004 *  x[1]^-3.0 *  x[2]^3.0 + 1.0007 *  x[1]^0.5 *  x[2]^0.5 + 0.0031 *  x[0]^2.0 *  x[1]^-2.0 *  x[2]^3.0 + 0.0032 *  x[0]^2.0 *  x[1]^1.0 *  x[2]^-2.0

2019-05-02-12-55-53   >>>>   End verify ranking function

verifying time = 35.206 ms


Not Found Ranking Fcuntion

Conterexample is 

[1, 0.125, 0.5]

sampling time = 1.229 ms


       ########################################         

iteration 1 with 222 examples

2019-05-02-12-55-53   >>>>   Start train ranking function

2019-05-02-12-55-53   >>>>   End train ranking function

train_ranking_functioning time = 8.257 ms


2019-05-02-12-55-53   >>>>   Start verify ranking function

[xr_0 = 1, xr_2 = 1/2, xr_1 = 1/8]
ranking function :  - 0.0115 *  x[1]^-3.0 *  x[2]^3.0 + 1.0112 *  x[1]^0.5 *  x[2]^0.5 - 0.0129 *  x[0]^2.0 *  x[1]^-2.0 *  x[2]^3.0 + 0.0032 *  x[0]^2.0 *  x[1]^1.0 *  x[2]^-2.0

2019-05-02-12-55-53   >>>>   End verify ranking function

verifying time = 34.739 ms


Not Found Ranking Fcuntion

Conterexample is 

[1, 0.125, 0.5]

sampling time = 1.187 ms


       ########################################         

iteration 2 with 224 examples

2019-05-02-12-55-53   >>>>   Start train ranking function

2019-05-02-12-55-53   >>>>   End train ranking function

train_ranking_functioning time = 8.370 ms


2019-05-02-12-55-53   >>>>   Start verify ranking function

[xr_0 = 1, xr_2 = -2, xr_1 = 1/8]
ranking function : 0.0023 *  x[1]^-3.0 *  x[2]^3.0 + 0.9966 *  x[1]^0.5 *  x[2]^0.5 + 0.0201 *  x[0]^2.0 *  x[1]^-2.0 *  x[2]^3.0 - 0.0005 *  x[0]^2.0 *  x[1]^1.0 *  x[2]^-2.0

2019-05-02-12-56-59   >>>>   End verify ranking function

verifying time = 66403.070 ms


Not Found Ranking Fcuntion

Conterexample is 

[1, 0.125, -2]

sampling time = 1.352 ms


       ########################################         

iteration 3 with 226 examples

2019-05-02-12-56-59   >>>>   Start train ranking function

2019-05-02-12-56-59   >>>>   End train ranking function

train_ranking_functioning time = 8.404 ms


2019-05-02-12-56-59   >>>>   Start verify ranking function

[xr_0 = 1, xr_1 = 1/8, xr_2 = 1/2]
ranking function : 0.9991 *  x[1]^0.5 *  x[2]^0.5 + 0.0001 *  x[0]^2.0 *  x[1]^1.0 *  x[2]^-2.0

2019-05-02-12-56-59   >>>>   End verify ranking function

verifying time = 20.204 ms


Not Found Ranking Fcuntion

Conterexample is 

[1, 0.125, 0.5]

sampling time = 1.181 ms


       ########################################         

iteration 4 with 228 examples

2019-05-02-12-56-59   >>>>   Start train ranking function

2019-05-02-12-56-59   >>>>   End train ranking function

train_ranking_functioning time = 8.699 ms


2019-05-02-12-56-59   >>>>   Start verify ranking function

[xr_0 = 1, xr_2 = -2, xr_1 = 1/8]
ranking function : 0.0001 *  x[1]^-3.0 *  x[2]^3.0 + 1.0026 *  x[1]^0.5 *  x[2]^0.5 + 0.0009 *  x[0]^2.0 *  x[1]^-2.0 *  x[2]^3.0 + 0.0028 *  x[0]^2.0 *  x[1]^1.0 *  x[2]^-2.0

2019-05-02-12-57-52   >>>>   End verify ranking function

verifying time = 52226.805 ms


Not Found Ranking Fcuntion

Conterexample is 

[1, 0.125, -2]

sampling time = 1.231 ms


       ########################################         

iteration 5 with 230 examples

2019-05-02-12-57-52   >>>>   Start train ranking function

2019-05-02-12-57-52   >>>>   End train ranking function

train_ranking_functioning time = 8.317 ms


2019-05-02-12-57-52   >>>>   Start verify ranking function

[xr_0 = 1, xr_2 = -2, xr_1 = 1/8]
ranking function : 0.0043 *  x[1]^-3.0 *  x[2]^3.0 + 1.0037 *  x[1]^0.5 *  x[2]^0.5 + 0.013 *  x[0]^2.0 *  x[1]^-2.0 *  x[2]^3.0 - 0.006 *  x[0]^2.0 *  x[1]^1.0 *  x[2]^-2.0

2019-05-02-12-58-51   >>>>   End verify ranking function

verifying time = 58837.744 ms


Not Found Ranking Fcuntion

Conterexample is 

[1, 0.125, -2]

sampling time = 1.229 ms


       ########################################         

iteration 6 with 232 examples

2019-05-02-12-58-51   >>>>   Start train ranking function

2019-05-02-12-58-51   >>>>   End train ranking function

train_ranking_functioning time = 8.641 ms


2019-05-02-12-58-51   >>>>   Start verify ranking function

[xr_0 = 2, xr_2 = 1/2, xr_1 = 1/8]
ranking function : 0.0007 *  x[1]^-3.0 *  x[2]^3.0 + 1.0107 *  x[1]^0.5 *  x[2]^0.5 - 0.005 *  x[0]^2.0 *  x[1]^-2.0 *  x[2]^3.0 + 0.0025 *  x[0]^2.0 *  x[1]^1.0 *  x[2]^-2.0

2019-05-02-12-58-51   >>>>   End verify ranking function

verifying time = 38.764 ms


Not Found Ranking Fcuntion

Conterexample is 

[2, 0.125, 0.5]

sampling time = 1.173 ms


       ########################################         

iteration 7 with 234 examples

2019-05-02-12-58-51   >>>>   Start train ranking function

2019-05-02-12-58-51   >>>>   End train ranking function

train_ranking_functioning time = 8.616 ms


2019-05-02-12-58-51   >>>>   Start verify ranking function

[xr_0 = 1, xr_2 = 1/2, xr_1 = 1/8]
ranking function :  - 0.0055 *  x[1]^-3.0 *  x[2]^3.0 + 1.0006 *  x[1]^0.5 *  x[2]^0.5 + 0.0017 *  x[0]^2.0 *  x[1]^-2.0 *  x[2]^3.0 - 0.0015 *  x[0]^2.0 *  x[1]^1.0 *  x[2]^-2.0

2019-05-02-12-58-51   >>>>   End verify ranking function

verifying time = 33.840 ms


Not Found Ranking Fcuntion

Conterexample is 

[1, 0.125, 0.5]

sampling time = 1.207 ms


       ########################################         

iteration 8 with 236 examples

2019-05-02-12-58-51   >>>>   Start train ranking function

2019-05-02-12-58-51   >>>>   End train ranking function

train_ranking_functioning time = 8.760 ms


2019-05-02-12-58-51   >>>>   Start verify ranking function

[xr_0 = 1, xr_2 = -2, xr_1 = 1/8]
ranking function : 0.0024 *  x[1]^-3.0 *  x[2]^3.0 + 1.0073 *  x[1]^0.5 *  x[2]^0.5 + 0.0075 *  x[0]^2.0 *  x[1]^-2.0 *  x[2]^3.0 + 0.0041 *  x[0]^2.0 *  x[1]^1.0 *  x[2]^-2.0

2019-05-02-12-59-47   >>>>   End verify ranking function

verifying time = 56372.047 ms


Not Found Ranking Fcuntion

Conterexample is 

[1, 0.125, -2]

sampling time = 1.190 ms


       ########################################         

iteration 9 with 238 examples

2019-05-02-12-59-47   >>>>   Start train ranking function

2019-05-02-12-59-47   >>>>   End train ranking function

train_ranking_functioning time = 8.917 ms


2019-05-02-12-59-47   >>>>   Start verify ranking function

[xr_0 = 2, xr_2 = 1/2, xr_1 = 1/8]
ranking function : 0.0016 *  x[1]^-3.0 *  x[2]^3.0 + 1.0078 *  x[1]^0.5 *  x[2]^0.5 - 0.0049 *  x[0]^2.0 *  x[1]^-2.0 *  x[2]^3.0 + 0.0029 *  x[0]^2.0 *  x[1]^1.0 *  x[2]^-2.0

2019-05-02-12-59-47   >>>>   End verify ranking function

verifying time = 39.373 ms


Not Found Ranking Fcuntion

Conterexample is 

[2, 0.125, 0.5]

sampling time = 1.203 ms


Failed to prove it is terminated

UNKNOWN
------Using Template 2 -----------
12 [4, 4, 4]
*****************************************************

2019-05-02-12-59-47   >>>>   End sampling point

sampling time = 327.490 ms,


       ########################################         

iteration 0 with 440 examples

2019-05-02-12-59-47   >>>>   Start train ranking function

2019-05-02-12-59-47   >>>>   End train ranking function

train_ranking_functioning time = 1.053 ms


2019-05-02-12-59-47   >>>>   Start verify ranking function

[xr_1 = 16565/106, xr_2 = 0, xr_0 = 1]
ranking function : 0.9888 *  x[0]^1.0 + 0.4936 *  x[1]^1.0 - 0.9733 *  x[2]^1.0 + 0.6174 * 1; 0.6115 *  x[0]^1.0 + 0.5725 *  x[1]^1.0 + 0.1382 *  x[2]^1.0 + 0.3919 * 1; 0.5429 *  x[0]^1.0 - 0.013 *  x[1]^1.0 + 0.0022 *  x[2]^1.0 + 0.8245 * 1

2019-05-02-12-59-47   >>>>   End verify ranking function

verifying time = 7.961 ms


Not Found Ranking Fcuntion

Conterexample is 

[1, 156.27358490566039, 0]

sampling time = 2.938 ms


       ########################################         

iteration 1 with 444 examples

2019-05-02-12-59-47   >>>>   Start train ranking function

2019-05-02-12-59-47   >>>>   End train ranking function

train_ranking_functioning time = 5.633 ms


2019-05-02-12-59-47   >>>>   Start verify ranking function

[xr_1 = 0, xr_2 = -49635/97, xr_0 = 1]
ranking function : 0.9864 *  x[0]^1.0 + 0.497 *  x[1]^1.0 - 0.9843 *  x[2]^1.0 + 0.6268 * 1; 0.6205 *  x[0]^1.0 + 0.5726 *  x[1]^1.0 + 0.1316 *  x[2]^1.0 + 0.3943 * 1; 0.542 *  x[0]^1.0 - 0.0023 *  x[1]^1.0 + 0.0013 *  x[2]^1.0 + 0.8158 * 1

2019-05-02-12-59-47   >>>>   End verify ranking function

verifying time = 8.150 ms


Not Found Ranking Fcuntion

Conterexample is 

[1, 0, -511.70103092783506]

sampling time = 2.990 ms


       ########################################         

iteration 2 with 448 examples

2019-05-02-12-59-47   >>>>   Start train ranking function

2019-05-02-12-59-47   >>>>   End train ranking function

train_ranking_functioning time = 5.746 ms


2019-05-02-12-59-47   >>>>   Start verify ranking function

[xr_1 = 0, xr_2 = 99285/2, xr_0 = 1]
ranking function : 0.9867 *  x[0]^1.0 + 0.4932 *  x[1]^1.0 - 0.9865 *  x[2]^1.0 + 0.5932 * 1; 0.7069 *  x[0]^1.0 + 0.5905 *  x[1]^1.0 + 0.0044 *  x[2]^1.0 + 0.4168 * 1; 0.4792 *  x[0]^1.0 - 0.002 *  x[1]^1.0 - 0.004 *  x[2]^1.0 + 0.8362 * 1

2019-05-02-12-59-47   >>>>   End verify ranking function

verifying time = 7.980 ms


Not Found Ranking Fcuntion

Conterexample is 

[1, 0, 49642.5]

sampling time = 2.959 ms


       ########################################         

iteration 3 with 452 examples

2019-05-02-12-59-47   >>>>   Start train ranking function

2019-05-02-12-59-47   >>>>   End train ranking function

train_ranking_functioning time = 5.613 ms


2019-05-02-12-59-47   >>>>   Start verify ranking function

[xr_1 = 98945/31, xr_2 = 0, xr_0 = 1]
ranking function : 0.9799 *  x[0]^1.0 + 0.4896 *  x[1]^1.0 - 0.9793 *  x[2]^1.0 + 0.2957 * 1; 0.6866 *  x[0]^1.0 + 1.2217 *  x[1]^1.0 + 0.0049 *  x[2]^1.0 + 0.378 * 1; 0.8208 *  x[0]^1.0 - 0.004 *  x[1]^1.0 + 0.8013 * 1

2019-05-02-12-59-47   >>>>   End verify ranking function

verifying time = 8.152 ms


Not Found Ranking Fcuntion

Conterexample is 

[1, 3191.7741935483873, 0]

sampling time = 3.237 ms


       ########################################         

iteration 4 with 456 examples

2019-05-02-12-59-47   >>>>   Start train ranking function

2019-05-02-12-59-47   >>>>   End train ranking function

train_ranking_functioning time = 6.262 ms


2019-05-02-12-59-47   >>>>   Start verify ranking function

[xr_1 = 0, xr_2 = 98935/4, xr_0 = 1]
ranking function : 0.9797 *  x[0]^1.0 + 0.4898 *  x[1]^1.0 - 0.9798 *  x[2]^1.0 + 0.2942 * 1; 0.6891 *  x[0]^1.0 + 1.2238 *  x[1]^1.0 + 0.0019 *  x[2]^1.0 + 0.3809 * 1; 0.8208 *  x[0]^1.0 - 0.0002 *  x[1]^1.0 + 0.8001 * 1

2019-05-02-12-59-47   >>>>   End verify ranking function

verifying time = 9.007 ms


Not Found Ranking Fcuntion

Conterexample is 

[1, 0, 24733.75]

sampling time = 2.970 ms


       ########################################         

iteration 5 with 460 examples

2019-05-02-12-59-47   >>>>   Start train ranking function

2019-05-02-12-59-47   >>>>   End train ranking function

train_ranking_functioning time = 5.673 ms


2019-05-02-12-59-47   >>>>   Start verify ranking function

[xr_1 = -9788, xr_0 = 1]
ranking function : 0.9797 *  x[0]^1.0 + 0.4899 *  x[1]^1.0 - 0.9798 *  x[2]^1.0 + 0.2942 * 1; 0.6891 *  x[0]^1.0 + 1.2237 *  x[1]^1.0 + 0.0019 *  x[2]^1.0 + 0.3809 * 1; 0.8208 *  x[0]^1.0 - 0.0002 *  x[1]^1.0 + 0.8001 * 1

2019-05-02-12-59-48   >>>>   End verify ranking function

verifying time = 8.830 ms


Not Found Ranking Fcuntion

Conterexample is 

[1, -9788, 0]

sampling time = 3.047 ms


       ########################################         

iteration 6 with 464 examples

2019-05-02-12-59-48   >>>>   Start train ranking function

2019-05-02-12-59-48   >>>>   End train ranking function

train_ranking_functioning time = 5.298 ms


2019-05-02-12-59-48   >>>>   Start verify ranking function

[xr_1 = 0, xr_2 = 98515/4, xr_0 = 1]
ranking function : 0.9713 *  x[0]^1.0 + 0.4856 *  x[1]^1.0 - 0.9714 *  x[2]^1.0 + 0.0245 * 1; 0.9694 *  x[0]^1.0 + 1.2133 *  x[1]^1.0 + 0.0018 *  x[2]^1.0 + 0.0043 * 1; 1.2115 *  x[0]^1.0 - 0.0003 *  x[1]^1.0 + 0.002 *  x[2]^1.0 + 0.8002 * 1

2019-05-02-12-59-48   >>>>   End verify ranking function

verifying time = 8.248 ms


Not Found Ranking Fcuntion

Conterexample is 

[1, 0, 24628.75]

sampling time = 2.935 ms


       ########################################         

iteration 7 with 468 examples

2019-05-02-12-59-48   >>>>   Start train ranking function

2019-05-02-12-59-48   >>>>   End train ranking function

train_ranking_functioning time = 5.278 ms


2019-05-02-12-59-48   >>>>   Start verify ranking function

[xr_1 = 0, xr_2 = 98555/4, xr_0 = 1]
ranking function : 0.9721 *  x[0]^1.0 + 0.486 *  x[1]^1.0 - 0.9722 *  x[2]^1.0 + 0.0239 * 1; 0.9702 *  x[0]^1.0 + 1.2143 *  x[1]^1.0 + 0.0018 *  x[2]^1.0 + 0.0043 * 1; 1.2124 *  x[0]^1.0 - 0.0003 *  x[1]^1.0 + 0.002 *  x[2]^1.0 + 0.8002 * 1

2019-05-02-12-59-48   >>>>   End verify ranking function

verifying time = 8.075 ms


Not Found Ranking Fcuntion

Conterexample is 

[1, 0, 24638.75]

sampling time = 2.923 ms


       ########################################         

iteration 8 with 472 examples

2019-05-02-12-59-48   >>>>   Start train ranking function

2019-05-02-12-59-48   >>>>   End train ranking function

train_ranking_functioning time = 6.576 ms


2019-05-02-12-59-48   >>>>   Start verify ranking function

[xr_1 = -98555/3, xr_2 = 0, xr_0 = 1]
ranking function : 0.9721 *  x[0]^1.0 + 0.486 *  x[1]^1.0 - 0.9722 *  x[2]^1.0 + 0.0239 * 1; 0.9702 *  x[0]^1.0 + 1.2143 *  x[1]^1.0 + 0.0018 *  x[2]^1.0 + 0.0043 * 1; 1.2124 *  x[0]^1.0 - 0.0003 *  x[1]^1.0 + 0.002 *  x[2]^1.0 + 0.8002 * 1

2019-05-02-12-59-48   >>>>   End verify ranking function

verifying time = 8.042 ms


Not Found Ranking Fcuntion

Conterexample is 

[1, -32851.666666666664, 0]

sampling time = 2.957 ms


       ########################################         

iteration 9 with 476 examples

2019-05-02-12-59-48   >>>>   Start train ranking function

2019-05-02-12-59-48   >>>>   End train ranking function

train_ranking_functioning time = 6.108 ms


2019-05-02-12-59-48   >>>>   Start verify ranking function

[xr_1 = 0, xr_2 = 98555/4, xr_0 = 1]
ranking function : 0.9721 *  x[0]^1.0 + 0.486 *  x[1]^1.0 - 0.9722 *  x[2]^1.0 + 0.0238 * 1; 0.9702 *  x[0]^1.0 + 1.2142 *  x[1]^1.0 + 0.0018 *  x[2]^1.0 + 0.0043 * 1; 1.2125 *  x[0]^1.0 - 0.0003 *  x[1]^1.0 + 0.002 *  x[2]^1.0 + 0.8002 * 1

2019-05-02-12-59-48   >>>>   End verify ranking function

verifying time = 8.018 ms


Not Found Ranking Fcuntion

Conterexample is 

[1, 0, 24638.75]

sampling time = 2.950 ms


Failed to prove it is terminated

UNKNOWN
------Using Template 3 -----------
10 [5, 1, 4]
*****************************************************

2019-05-02-12-59-48   >>>>   End sampling point

sampling time = 318.538 ms,


       ########################################         

iteration 0 with 440 examples

2019-05-02-12-59-48   >>>>   Start train ranking function

2019-05-02-12-59-48   >>>>   End train ranking function

train_ranking_functioning time = 16.247 ms


2019-05-02-12-59-48   >>>>   Start verify ranking function

[xr_0 = 7/8, xr_1 = 1/8, xr_2 = 1/2]
ranking function : 1.3095 *  x[0]^-0.5 *  x[1]^2.0 *  x[2]^2.0 + 0.0269 *  x[1]^-2.0 *  x[2]^-2.0 - 0.0005 *  x[0]^-3.0 *  x[1]^1.0 *  x[2]^-3.0 - 0.042 *  x[0]^3.0 *  x[1]^3.0 *  x[2]^1.0 + 0.2519 *  x[2]^2.0; 0.0093 *  x[0]^-3.0 *  x[1]^2.0 *  x[2]^-0.5;  - 0.0082 *  x[0]^-3.0 *  x[1]^-1.0 *  x[2]^-0.5 + 0.0255 *  x[1]^-2.0 *  x[2]^-2.0 - 0.0126 *  x[1]^-3.0 + 0.0848 *  x[0]^-1.0 *  x[1]^-2.0 *  x[2]^0.5

2019-05-02-12-59-48   >>>>   End verify ranking function

verifying time = 68.994 ms


Not Found Ranking Fcuntion

Conterexample is 

[0.875, 0.125, 0.5]

sampling time = 3.113 ms


       ########################################         

iteration 1 with 444 examples

2019-05-02-12-59-48   >>>>   Start train ranking function

2019-05-02-12-59-48   >>>>   End train ranking function

train_ranking_functioning time = 17.648 ms


2019-05-02-12-59-48   >>>>   Start verify ranking function

[xr_0 = 7/8, xr_1 = 1/8, xr_2 = 1/2]
ranking function : 1.3083 *  x[0]^-0.5 *  x[1]^2.0 *  x[2]^2.0 + 0.0141 *  x[1]^-2.0 *  x[2]^-2.0 + 0.0014 *  x[0]^-3.0 *  x[1]^1.0 *  x[2]^-3.0 - 0.0442 *  x[0]^3.0 *  x[1]^3.0 *  x[2]^1.0 + 0.2526 *  x[2]^2.0; 0.0036 *  x[0]^-3.0 *  x[1]^2.0 *  x[2]^-0.5;  - 0.0017 *  x[0]^-3.0 *  x[1]^-1.0 *  x[2]^-0.5 - 0.0002 *  x[1]^-2.0 *  x[2]^-2.0 + 0.0068 *  x[1]^-3.0 + 0.0875 *  x[0]^-1.0 *  x[1]^-2.0 *  x[2]^0.5

2019-05-02-12-59-48   >>>>   End verify ranking function

verifying time = 121.680 ms


Not Found Ranking Fcuntion

Conterexample is 

[0.875, 0.125, 0.5]

sampling time = 2.942 ms


       ########################################         

iteration 2 with 448 examples

2019-05-02-12-59-48   >>>>   Start train ranking function

2019-05-02-12-59-48   >>>>   End train ranking function

train_ranking_functioning time = 16.753 ms


2019-05-02-12-59-48   >>>>   Start verify ranking function

[xr_0 = 7/8, xr_1 = 1/8, xr_2 = 1/2]
ranking function : 1.3007 *  x[0]^-0.5 *  x[1]^2.0 *  x[2]^2.0 + 0.0177 *  x[1]^-2.0 *  x[2]^-2.0 + 0.0017 *  x[0]^-3.0 *  x[1]^1.0 *  x[2]^-3.0 - 0.0347 *  x[0]^3.0 *  x[1]^3.0 *  x[2]^1.0 + 0.2521 *  x[2]^2.0; 0.0003 *  x[0]^-3.0 *  x[1]^2.0 *  x[2]^-0.5; 0.0158 *  x[0]^-3.0 *  x[1]^-1.0 *  x[2]^-0.5 + 0.0181 *  x[1]^-2.0 *  x[2]^-2.0 - 0.0024 *  x[1]^-3.0 + 0.105 *  x[0]^-1.0 *  x[1]^-2.0 *  x[2]^0.5

2019-05-02-12-59-48   >>>>   End verify ranking function

verifying time = 71.039 ms


Not Found Ranking Fcuntion

Conterexample is 

[0.875, 0.125, 0.5]

sampling time = 2.886 ms


       ########################################         

iteration 3 with 452 examples

2019-05-02-12-59-48   >>>>   Start train ranking function

2019-05-02-12-59-48   >>>>   End train ranking function

train_ranking_functioning time = 16.348 ms


2019-05-02-12-59-48   >>>>   Start verify ranking function

[xr_0 = 1, xr_1 = 1/8, xr_2 = 1/2]
ranking function : 1.3023 *  x[0]^-0.5 *  x[1]^2.0 *  x[2]^2.0 - 0.005 *  x[1]^-2.0 *  x[2]^-2.0 - 0.0028 *  x[0]^-3.0 *  x[1]^1.0 *  x[2]^-3.0 - 0.0437 *  x[0]^3.0 *  x[1]^3.0 *  x[2]^1.0 + 0.2474 *  x[2]^2.0; 0.0018 *  x[0]^-3.0 *  x[1]^2.0 *  x[2]^-0.5; 0.0132 *  x[0]^-3.0 *  x[1]^-1.0 *  x[2]^-0.5 + 0.0195 *  x[1]^-2.0 *  x[2]^-2.0 + 0.0162 *  x[1]^-3.0 + 0.1021 *  x[0]^-1.0 *  x[1]^-2.0 *  x[2]^0.5

2019-05-02-12-59-48   >>>>   End verify ranking function

verifying time = 70.226 ms


Not Found Ranking Fcuntion

Conterexample is 

[1, 0.125, 0.5]

sampling time = 2.864 ms


       ########################################         

iteration 4 with 456 examples

2019-05-02-12-59-48   >>>>   Start train ranking function

2019-05-02-12-59-48   >>>>   End train ranking function

train_ranking_functioning time = 17.116 ms


2019-05-02-12-59-48   >>>>   Start verify ranking function

[xr_0 = 1, xr_1 = 1/8, xr_2 = 1/2]
ranking function : 1.3048 *  x[0]^-0.5 *  x[1]^2.0 *  x[2]^2.0 - 0.0055 *  x[1]^-2.0 *  x[2]^-2.0 - 0.0111 *  x[0]^-3.0 *  x[1]^1.0 *  x[2]^-3.0 - 0.0394 *  x[0]^3.0 *  x[1]^3.0 *  x[2]^1.0 + 0.2573 *  x[2]^2.0; 0.0078 *  x[0]^-3.0 *  x[1]^2.0 *  x[2]^-0.5;  - 0.0045 *  x[0]^-3.0 *  x[1]^-1.0 *  x[2]^-0.5 + 0.0047 *  x[1]^-2.0 *  x[2]^-2.0 - 0.0003 *  x[1]^-3.0 + 0.0806 *  x[0]^-1.0 *  x[1]^-2.0 *  x[2]^0.5

2019-05-02-12-59-48   >>>>   End verify ranking function

verifying time = 23.848 ms


Not Found Ranking Fcuntion

Conterexample is 

[1, 0.125, 0.5]

sampling time = 2.898 ms


       ########################################         

iteration 5 with 460 examples

2019-05-02-12-59-48   >>>>   Start train ranking function

2019-05-02-12-59-48   >>>>   End train ranking function

train_ranking_functioning time = 17.020 ms


2019-05-02-12-59-48   >>>>   Start verify ranking function

[xr_0 = 7/8, xr_1 = 1/8, xr_2 = 1/2]
ranking function : 1.307 *  x[0]^-0.5 *  x[1]^2.0 *  x[2]^2.0 + 0.0045 *  x[1]^-2.0 *  x[2]^-2.0 + 0.0002 *  x[0]^-3.0 *  x[1]^1.0 *  x[2]^-3.0 - 0.0416 *  x[0]^3.0 *  x[1]^3.0 *  x[2]^1.0 + 0.256 *  x[2]^2.0; 0.0032 *  x[0]^-3.0 *  x[1]^2.0 *  x[2]^-0.5; 0.0169 *  x[0]^-3.0 *  x[1]^-1.0 *  x[2]^-0.5 + 0.0189 *  x[1]^-2.0 *  x[2]^-2.0 + 0.0107 *  x[1]^-3.0 + 0.0977 *  x[0]^-1.0 *  x[1]^-2.0 *  x[2]^0.5

2019-05-02-12-59-49   >>>>   End verify ranking function

verifying time = 149.598 ms


Not Found Ranking Fcuntion

Conterexample is 

[0.875, 0.125, 0.5]

sampling time = 2.899 ms


       ########################################         

iteration 6 with 464 examples

2019-05-02-12-59-49   >>>>   Start train ranking function

2019-05-02-12-59-49   >>>>   End train ranking function

train_ranking_functioning time = 16.877 ms


2019-05-02-12-59-49   >>>>   Start verify ranking function

[xr_0 = 1, xr_1 = 1/8, xr_2 = 1/2]
ranking function : 1.3169 *  x[0]^-0.5 *  x[1]^2.0 *  x[2]^2.0 + 0.0121 *  x[1]^-2.0 *  x[2]^-2.0 - 0.001 *  x[0]^-3.0 *  x[1]^1.0 *  x[2]^-3.0 - 0.0382 *  x[0]^3.0 *  x[1]^3.0 *  x[2]^1.0 + 0.2427 *  x[2]^2.0; 0.0075 *  x[0]^-3.0 *  x[1]^2.0 *  x[2]^-0.5; 0.0151 *  x[0]^-3.0 *  x[1]^-1.0 *  x[2]^-0.5 - 0.0027 *  x[1]^-2.0 *  x[2]^-2.0 - 0.0205 *  x[1]^-3.0 + 0.104 *  x[0]^-1.0 *  x[1]^-2.0 *  x[2]^0.5

2019-05-02-12-59-49   >>>>   End verify ranking function

verifying time = 121.540 ms


Not Found Ranking Fcuntion

Conterexample is 

[1, 0.125, 0.5]

sampling time = 2.883 ms


       ########################################         

iteration 7 with 468 examples

2019-05-02-12-59-49   >>>>   Start train ranking function

2019-05-02-12-59-49   >>>>   End train ranking function

train_ranking_functioning time = 17.264 ms


2019-05-02-12-59-49   >>>>   Start verify ranking function

[xr_0 = 7/8, xr_1 = 1/8, xr_2 = 1/2]
ranking function : 1.3063 *  x[0]^-0.5 *  x[1]^2.0 *  x[2]^2.0 + 0.0175 *  x[1]^-2.0 *  x[2]^-2.0 - 0.0009 *  x[0]^-3.0 *  x[1]^1.0 *  x[2]^-3.0 - 0.0452 *  x[0]^3.0 *  x[1]^3.0 *  x[2]^1.0 + 0.2532 *  x[2]^2.0; 0.0016 *  x[0]^-3.0 *  x[1]^2.0 *  x[2]^-0.5;  - 0.0173 *  x[0]^-3.0 *  x[1]^-1.0 *  x[2]^-0.5 + 0.0121 *  x[1]^-2.0 *  x[2]^-2.0 - 0.0089 *  x[1]^-3.0 + 0.0817 *  x[0]^-1.0 *  x[1]^-2.0 *  x[2]^0.5

2019-05-02-12-59-49   >>>>   End verify ranking function

verifying time = 133.022 ms


Not Found Ranking Fcuntion

Conterexample is 

[0.875, 0.125, 0.5]

sampling time = 2.871 ms


       ########################################         

iteration 8 with 472 examples

2019-05-02-12-59-49   >>>>   Start train ranking function

2019-05-02-12-59-49   >>>>   End train ranking function

train_ranking_functioning time = 17.344 ms


2019-05-02-12-59-49   >>>>   Start verify ranking function

[xr_0 = 7/8, xr_1 = 1/8, xr_2 = 1/2]
ranking function : 1.3071 *  x[0]^-0.5 *  x[1]^2.0 *  x[2]^2.0 + 0.0098 *  x[1]^-2.0 *  x[2]^-2.0 + 0.0001 *  x[0]^-3.0 *  x[1]^1.0 *  x[2]^-3.0 - 0.0416 *  x[0]^3.0 *  x[1]^3.0 *  x[2]^1.0 + 0.2522 *  x[2]^2.0;  - 0.001 *  x[0]^-3.0 *  x[1]^2.0 *  x[2]^-0.5;  - 0.0116 *  x[0]^-3.0 *  x[1]^-1.0 *  x[2]^-0.5 + 0.0256 *  x[1]^-2.0 *  x[2]^-2.0 + 0.0121 *  x[1]^-3.0 + 0.0918 *  x[0]^-1.0 *  x[1]^-2.0 *  x[2]^0.5

2019-05-02-12-59-49   >>>>   End verify ranking function

verifying time = 323.462 ms


Not Found Ranking Fcuntion

Conterexample is 

[0.875, 0.125, 0.5]

sampling time = 2.878 ms


       ########################################         

iteration 9 with 476 examples

2019-05-02-12-59-49   >>>>   Start train ranking function

2019-05-02-12-59-49   >>>>   End train ranking function

train_ranking_functioning time = 17.607 ms


2019-05-02-12-59-49   >>>>   Start verify ranking function

[xr_0 = 1, xr_1 = 1/8, xr_2 = 1/2]
ranking function : 1.3045 *  x[0]^-0.5 *  x[1]^2.0 *  x[2]^2.0 - 0.0025 *  x[1]^-2.0 *  x[2]^-2.0 - 0.0003 *  x[0]^-3.0 *  x[1]^1.0 *  x[2]^-3.0 - 0.041 *  x[0]^3.0 *  x[1]^3.0 *  x[2]^1.0 + 0.2536 *  x[2]^2.0;  - 0.0021 *  x[0]^-3.0 *  x[1]^2.0 *  x[2]^-0.5; 0.0193 *  x[0]^-3.0 *  x[1]^-1.0 *  x[2]^-0.5 + 0.0238 *  x[1]^-2.0 *  x[2]^-2.0 + 0.0132 *  x[1]^-3.0 + 0.0971 *  x[0]^-1.0 *  x[1]^-2.0 *  x[2]^0.5

2019-05-02-12-59-59   >>>>   End verify ranking function

verifying time = 10251.962 ms


Not Found Ranking Fcuntion

Conterexample is 

[1, 0.125, 0.5]

sampling time = 2.889 ms


Failed to prove it is terminated

UNKNOWN
------Using Template 4 -----------
20 [4, 4, 4, 4, 4]
*****************************************************

2019-05-02-13-00-00   >>>>   End sampling point

sampling time = 551.032 ms,


       ########################################         

iteration 0 with 660 examples

2019-05-02-13-00-00   >>>>   Start train ranking function

2019-05-02-13-00-00   >>>>   End train ranking function

train_ranking_functioning time = 1.591 ms


2019-05-02-13-00-00   >>>>   Start verify ranking function

[xr_1 = 0, xr_2 = -99395/298, xr_0 = 1]
ranking function : 0.9889 *  x[0]^1.0 + 0.4938 *  x[1]^1.0 - 0.9727 *  x[2]^1.0 + 0.6496 * 1; 0.6343 *  x[0]^1.0 + 0.5392 *  x[1]^1.0 + 0.0963 *  x[2]^1.0 + 0.3423 * 1; 0.6155 *  x[0]^1.0 + 0.0973 *  x[1]^1.0 - 0.1667 *  x[2]^1.0 + 0.5714 * 1; 0.3495 *  x[0]^1.0 + 0.2989 *  x[1]^1.0 - 0.0437 *  x[2]^1.0 + 0.5769 * 1; 0.3554 *  x[0]^1.0 + 0.019 *  x[1]^1.0 - 0.0053 *  x[2]^1.0 + 0.8814 * 1

2019-05-02-13-00-00   >>>>   End verify ranking function

verifying time = 8.430 ms


Not Found Ranking Fcuntion

Conterexample is 

[1, 0, -333.5402684563758]

sampling time = 4.956 ms


       ########################################         

iteration 1 with 666 examples

2019-05-02-13-00-00   >>>>   Start train ranking function

2019-05-02-13-00-00   >>>>   End train ranking function

train_ranking_functioning time = 6.200 ms


2019-05-02-13-00-00   >>>>   Start verify ranking function

[xr_1 = 10002/125, xr_0 = 1]
ranking function : 0.9887 *  x[0]^1.0 + 0.4881 *  x[1]^1.0 - 0.9762 *  x[2]^1.0 + 0.6429 * 1; 0.6694 *  x[0]^1.0 + 0.545 *  x[1]^1.0 + 0.0403 *  x[2]^1.0 + 0.3512 * 1; 0.5939 *  x[0]^1.0 + 0.065 *  x[1]^1.0 - 0.2261 *  x[2]^1.0 + 0.5861 * 1; 0.3341 *  x[0]^1.0 + 0.3083 *  x[1]^1.0 - 0.0476 *  x[2]^1.0 + 0.5734 * 1; 0.3605 *  x[0]^1.0 + 0.021 *  x[1]^1.0 - 0.0049 *  x[2]^1.0 + 0.8812 * 1
