------Using Template 0 -----------
4 [4]
*****************************************************

2019-05-02-13-05-53   >>>>   End sampling point

sampling time = 25.312 ms,


       ########################################         

iteration 0 with 36 examples

2019-05-02-13-05-53   >>>>   Start train ranking function

2019-05-02-13-05-53   >>>>   End train ranking function

train_ranking_functioning time = 0.624 ms


2019-05-02-13-05-53   >>>>   Start verify ranking function

[xi_2 = 2, xi_0 = 1, xi_1 = 1]
ranking function : 0.1 *  x[0]^1.0 + 0.1 *  x[1]^1.0 + 0.8 * 1

2019-05-02-13-05-53   >>>>   End verify ranking function

verifying time = 8.101 ms


Not Found Ranking Fcuntion

Conterexample is 

[1, 1, 2]

sampling time = 1.018 ms


       ########################################         

iteration 1 with 38 examples

2019-05-02-13-05-53   >>>>   Start train ranking function

2019-05-02-13-05-53   >>>>   End train ranking function

train_ranking_functioning time = 0.478 ms


2019-05-02-13-05-53   >>>>   Start verify ranking function

[xi_2 = 2, xi_0 = 1, xi_1 = 1]
ranking function : 0.1 *  x[0]^1.0 + 0.1 *  x[1]^1.0 + 0.8 * 1

2019-05-02-13-05-53   >>>>   End verify ranking function

verifying time = 8.034 ms


Not Found Ranking Fcuntion

Conterexample is 

[1, 1, 2]

sampling time = 0.995 ms


       ########################################         

iteration 2 with 40 examples

2019-05-02-13-05-53   >>>>   Start train ranking function

2019-05-02-13-05-53   >>>>   End train ranking function

train_ranking_functioning time = 0.482 ms


2019-05-02-13-05-53   >>>>   Start verify ranking function

[xi_2 = -1, xi_0 = 1, xi_1 = 1]
ranking function : 0.1 *  x[0]^1.0 + 0.8 * 1

2019-05-02-13-05-53   >>>>   End verify ranking function

verifying time = 7.959 ms


Not Found Ranking Fcuntion

Conterexample is 

[1, 1, -1]

sampling time = 1.008 ms


       ########################################         

iteration 3 with 42 examples

2019-05-02-13-05-53   >>>>   Start train ranking function

2019-05-02-13-05-53   >>>>   End train ranking function

train_ranking_functioning time = 0.499 ms


2019-05-02-13-05-53   >>>>   Start verify ranking function

[xi_2 = 2, xi_0 = 1, xi_1 = 1]
ranking function : 0.1 *  x[0]^1.0 + 0.1 *  x[1]^1.0 + 0.8 * 1

2019-05-02-13-05-53   >>>>   End verify ranking function

verifying time = 7.830 ms


Not Found Ranking Fcuntion

Conterexample is 

[1, 1, 2]

sampling time = 1.073 ms


       ########################################         

iteration 4 with 44 examples

2019-05-02-13-05-53   >>>>   Start train ranking function

2019-05-02-13-05-53   >>>>   End train ranking function

train_ranking_functioning time = 0.509 ms


2019-05-02-13-05-53   >>>>   Start verify ranking function

[xi_2 = -1, xi_0 = 1, xi_1 = 1]
ranking function : 0.1 *  x[0]^1.0 + 0.8 * 1

2019-05-02-13-05-53   >>>>   End verify ranking function

verifying time = 7.948 ms


Not Found Ranking Fcuntion

Conterexample is 

[1, 1, -1]

sampling time = 1.173 ms


       ########################################         

iteration 5 with 46 examples

2019-05-02-13-05-53   >>>>   Start train ranking function

2019-05-02-13-05-53   >>>>   End train ranking function

train_ranking_functioning time = 0.558 ms


2019-05-02-13-05-53   >>>>   Start verify ranking function

[xi_2 = 2, xi_0 = 1, xi_1 = 1]
ranking function : 0.1 *  x[0]^1.0 + 0.1 *  x[1]^1.0 + 0.8 * 1

2019-05-02-13-05-53   >>>>   End verify ranking function

verifying time = 7.951 ms


Not Found Ranking Fcuntion

Conterexample is 

[1, 1, 2]

sampling time = 1.014 ms


       ########################################         

iteration 6 with 48 examples

2019-05-02-13-05-53   >>>>   Start train ranking function

2019-05-02-13-05-53   >>>>   End train ranking function

train_ranking_functioning time = 0.548 ms


2019-05-02-13-05-53   >>>>   Start verify ranking function

[xi_2 = -1, xi_0 = 1, xi_1 = 1]
ranking function : 0.1 *  x[0]^1.0 + 0.8 * 1

2019-05-02-13-05-53   >>>>   End verify ranking function

verifying time = 7.959 ms


Not Found Ranking Fcuntion

Conterexample is 

[1, 1, -1]

sampling time = 0.995 ms


       ########################################         

iteration 7 with 50 examples

2019-05-02-13-05-53   >>>>   Start train ranking function

2019-05-02-13-05-53   >>>>   End train ranking function

train_ranking_functioning time = 0.564 ms


2019-05-02-13-05-53   >>>>   Start verify ranking function

[xi_2 = -1, xi_0 = 1, xi_1 = 1]
ranking function : 0.1 *  x[0]^1.0 + 0.8 * 1

2019-05-02-13-05-53   >>>>   End verify ranking function

verifying time = 7.884 ms


Not Found Ranking Fcuntion

Conterexample is 

[1, 1, -1]

sampling time = 1.009 ms


       ########################################         

iteration 8 with 52 examples

2019-05-02-13-05-53   >>>>   Start train ranking function

2019-05-02-13-05-53   >>>>   End train ranking function

train_ranking_functioning time = 0.562 ms


2019-05-02-13-05-53   >>>>   Start verify ranking function

[xi_2 = 2, xi_0 = 1, xi_1 = 1]
ranking function : 0.1 *  x[0]^1.0 + 0.1 *  x[1]^1.0 + 0.8 * 1

2019-05-02-13-05-53   >>>>   End verify ranking function

verifying time = 7.930 ms


Not Found Ranking Fcuntion

Conterexample is 

[1, 1, 2]

sampling time = 1.010 ms


       ########################################         

iteration 9 with 54 examples

2019-05-02-13-05-53   >>>>   Start train ranking function

2019-05-02-13-05-53   >>>>   End train ranking function

train_ranking_functioning time = 0.604 ms


2019-05-02-13-05-53   >>>>   Start verify ranking function

[xi_2 = -1, xi_0 = 1, xi_1 = 1]
ranking function : 0.1 *  x[0]^1.0 + 0.8 * 1

2019-05-02-13-05-53   >>>>   End verify ranking function

verifying time = 7.921 ms


Not Found Ranking Fcuntion

Conterexample is 

[1, 1, -1]

sampling time = 1.003 ms


Failed to prove it is terminated

UNKNOWN
------Using Template 1 -----------
2 [2]
*****************************************************

2019-05-02-13-05-53   >>>>   End sampling point

sampling time = 18.376 ms,


       ########################################         

iteration 0 with 36 examples

2019-05-02-13-05-53   >>>>   Start train ranking function

2019-05-02-13-05-53   >>>>   End train ranking function

train_ranking_functioning time = 0.917 ms


2019-05-02-13-05-53   >>>>   Start verify ranking function

[xi_0 = 1, xi_1 = 1, xi_2 = 1]
ranking function : 0.8 *  x[0]^0.5 *  x[1]^0.5 *  x[2]^-0.5

2019-05-02-13-05-53   >>>>   End verify ranking function

verifying time = 15.857 ms


Not Found Ranking Fcuntion

Conterexample is 

[1, 1, 1]

sampling time = 0.699 ms


       ########################################         

iteration 1 with 38 examples

2019-05-02-13-05-53   >>>>   Start train ranking function

2019-05-02-13-05-53   >>>>   End train ranking function

train_ranking_functioning time = 0.972 ms


2019-05-02-13-05-53   >>>>   Start verify ranking function

[xi_0 = 1, xi_1 = 1, xi_2 = 1]
ranking function : 0.9 *  x[0]^0.5 *  x[1]^0.5 *  x[2]^-0.5

2019-05-02-13-05-53   >>>>   End verify ranking function

verifying time = 15.638 ms


Not Found Ranking Fcuntion

Conterexample is 

[1, 1, 1]

sampling time = 0.638 ms


       ########################################         

iteration 2 with 40 examples

2019-05-02-13-05-53   >>>>   Start train ranking function

2019-05-02-13-05-53   >>>>   End train ranking function

train_ranking_functioning time = 0.918 ms


2019-05-02-13-05-53   >>>>   Start verify ranking function

[xi_0 = 1, xi_1 = 1, xi_2 = 1]
ranking function : 0.8 *  x[0]^0.5 *  x[1]^0.5 *  x[2]^-0.5

2019-05-02-13-05-53   >>>>   End verify ranking function

verifying time = 15.750 ms


Not Found Ranking Fcuntion

Conterexample is 

[1, 1, 1]

sampling time = 0.701 ms


       ########################################         

iteration 3 with 42 examples

2019-05-02-13-05-53   >>>>   Start train ranking function

2019-05-02-13-05-53   >>>>   End train ranking function

train_ranking_functioning time = 1.134 ms


2019-05-02-13-05-53   >>>>   Start verify ranking function

[xi_0 = 1, xi_1 = 1, xi_2 = 1]
ranking function : 0.9 *  x[0]^0.5 *  x[1]^0.5 *  x[2]^-0.5

2019-05-02-13-05-53   >>>>   End verify ranking function

verifying time = 15.607 ms


Not Found Ranking Fcuntion

Conterexample is 

[1, 1, 1]

sampling time = 0.778 ms


       ########################################         

iteration 4 with 44 examples

2019-05-02-13-05-53   >>>>   Start train ranking function

2019-05-02-13-05-53   >>>>   End train ranking function

train_ranking_functioning time = 1.258 ms


2019-05-02-13-05-53   >>>>   Start verify ranking function

[xi_0 = 1, xi_1 = 1, xi_2 = 1]
ranking function : 0.9 *  x[0]^0.5 *  x[1]^0.5 *  x[2]^-0.5

2019-05-02-13-05-53   >>>>   End verify ranking function

verifying time = 16.717 ms


Not Found Ranking Fcuntion

Conterexample is 

[1, 1, 1]

sampling time = 0.649 ms


       ########################################         

iteration 5 with 46 examples

2019-05-02-13-05-53   >>>>   Start train ranking function

2019-05-02-13-05-53   >>>>   End train ranking function

train_ranking_functioning time = 0.949 ms


2019-05-02-13-05-53   >>>>   Start verify ranking function

[xi_0 = 1, xi_1 = 1, xi_2 = 1]
ranking function : 0.9 *  x[0]^0.5 *  x[1]^0.5 *  x[2]^-0.5

2019-05-02-13-05-53   >>>>   End verify ranking function

verifying time = 16.082 ms


Not Found Ranking Fcuntion

Conterexample is 

[1, 1, 1]

sampling time = 0.696 ms


       ########################################         

iteration 6 with 48 examples

2019-05-02-13-05-53   >>>>   Start train ranking function

2019-05-02-13-05-53   >>>>   End train ranking function

train_ranking_functioning time = 1.098 ms


2019-05-02-13-05-53   >>>>   Start verify ranking function

[xi_0 = 1, xi_1 = 1, xi_2 = 1]
ranking function : 0.9 *  x[0]^0.5 *  x[1]^0.5 *  x[2]^-0.5

2019-05-02-13-05-53   >>>>   End verify ranking function

verifying time = 15.632 ms


Not Found Ranking Fcuntion

Conterexample is 

[1, 1, 1]

sampling time = 0.639 ms


       ########################################         

iteration 7 with 50 examples

2019-05-02-13-05-53   >>>>   Start train ranking function

2019-05-02-13-05-53   >>>>   End train ranking function

train_ranking_functioning time = 1.220 ms


2019-05-02-13-05-53   >>>>   Start verify ranking function

[xi_0 = 1, xi_1 = 1, xi_2 = 1]
ranking function : 0.9 *  x[0]^0.5 *  x[1]^0.5 *  x[2]^-0.5

2019-05-02-13-05-53   >>>>   End verify ranking function

verifying time = 15.732 ms


Not Found Ranking Fcuntion

Conterexample is 

[1, 1, 1]

sampling time = 0.643 ms


       ########################################         

iteration 8 with 52 examples

2019-05-02-13-05-53   >>>>   Start train ranking function

2019-05-02-13-05-53   >>>>   End train ranking function

train_ranking_functioning time = 0.998 ms


2019-05-02-13-05-53   >>>>   Start verify ranking function

[xi_0 = 1, xi_1 = 1, xi_2 = 1]
ranking function : 0.8 *  x[0]^0.5 *  x[1]^0.5 *  x[2]^-0.5

2019-05-02-13-05-53   >>>>   End verify ranking function

verifying time = 15.620 ms


Not Found Ranking Fcuntion

Conterexample is 

[1, 1, 1]

sampling time = 0.634 ms


       ########################################         

iteration 9 with 54 examples

2019-05-02-13-05-53   >>>>   Start train ranking function

2019-05-02-13-05-53   >>>>   End train ranking function

train_ranking_functioning time = 1.585 ms


2019-05-02-13-05-53   >>>>   Start verify ranking function

[xi_0 = 1, xi_1 = 1, xi_2 = 1]
ranking function : 1.0 *  x[0]^0.5 *  x[1]^0.5 *  x[2]^-0.5

2019-05-02-13-05-53   >>>>   End verify ranking function

verifying time = 15.745 ms


Not Found Ranking Fcuntion

Conterexample is 

[1, 1, 1]

sampling time = 0.639 ms


Failed to prove it is terminated

UNKNOWN
------Using Template 2 -----------
12 [4, 4, 4]
*****************************************************

2019-05-02-13-05-54   >>>>   End sampling point

sampling time = 60.953 ms,


       ########################################         

iteration 0 with 72 examples

2019-05-02-13-05-54   >>>>   Start train ranking function

2019-05-02-13-05-54   >>>>   End train ranking function

train_ranking_functioning time = 0.647 ms


2019-05-02-13-05-54   >>>>   Start verify ranking function

[xi_2 = 2, xi_0 = 1, xi_1 = 1]
ranking function : 0.1 *  x[0]^1.0 + 0.1 *  x[1]^1.0 + 0.8 * 1; 0.1 *  x[0]^1.0 + 0.1 *  x[1]^1.0 + 0.8 * 1; 0.1 *  x[0]^1.0 + 0.1 *  x[1]^1.0 + 0.8 * 1

2019-05-02-13-05-54   >>>>   End verify ranking function

verifying time = 8.386 ms


Not Found Ranking Fcuntion

Conterexample is 

[1, 1, 2]

sampling time = 2.898 ms


       ########################################         

iteration 1 with 76 examples

2019-05-02-13-05-54   >>>>   Start train ranking function

2019-05-02-13-05-54   >>>>   End train ranking function

train_ranking_functioning time = 0.630 ms


2019-05-02-13-05-54   >>>>   Start verify ranking function

[xi_2 = 2, xi_0 = 1, xi_1 = 1]
ranking function : 0.1 *  x[0]^1.0 + 0.1 *  x[1]^1.0 + 0.8 * 1; 0.1 *  x[0]^1.0 + 0.1 *  x[1]^1.0 + 0.8 * 1; 0.1 *  x[0]^1.0 + 0.1 *  x[1]^1.0 + 0.8 * 1

2019-05-02-13-05-54   >>>>   End verify ranking function

verifying time = 8.095 ms


Not Found Ranking Fcuntion

Conterexample is 

[1, 1, 2]

sampling time = 2.891 ms


       ########################################         

iteration 2 with 80 examples

2019-05-02-13-05-54   >>>>   Start train ranking function

2019-05-02-13-05-54   >>>>   End train ranking function

train_ranking_functioning time = 0.637 ms


2019-05-02-13-05-54   >>>>   Start verify ranking function

[xi_2 = -1, xi_0 = 1, xi_1 = 1]
ranking function : 0.1 *  x[0]^1.0 + 0.8 * 1; 0.1 *  x[0]^1.0 + 0.1 *  x[1]^1.0 + 0.8 * 1; 0.1 *  x[0]^1.0 + 0.1 *  x[1]^1.0 + 0.8 * 1

2019-05-02-13-05-54   >>>>   End verify ranking function

verifying time = 8.159 ms


Not Found Ranking Fcuntion

Conterexample is 

[1, 1, -1]

sampling time = 2.961 ms


       ########################################         

iteration 3 with 84 examples

2019-05-02-13-05-54   >>>>   Start train ranking function

2019-05-02-13-05-54   >>>>   End train ranking function

train_ranking_functioning time = 0.679 ms


2019-05-02-13-05-54   >>>>   Start verify ranking function

[xi_2 = 2, xi_0 = 1, xi_1 = 1]
ranking function : 0.1 *  x[0]^1.0 + 0.1 *  x[1]^1.0 + 0.8 * 1; 0.1 *  x[0]^1.0 + 0.1 *  x[1]^1.0 + 0.8 * 1; 0.1 *  x[0]^1.0 + 0.1 *  x[1]^1.0 + 0.8 * 1

2019-05-02-13-05-54   >>>>   End verify ranking function

verifying time = 8.204 ms


Not Found Ranking Fcuntion

Conterexample is 

[1, 1, 2]

sampling time = 2.919 ms


       ########################################         

iteration 4 with 88 examples

2019-05-02-13-05-54   >>>>   Start train ranking function

2019-05-02-13-05-54   >>>>   End train ranking function

train_ranking_functioning time = 0.690 ms


2019-05-02-13-05-54   >>>>   Start verify ranking function

[xi_2 = -1, xi_0 = 1, xi_1 = 1]
ranking function : 0.1 *  x[0]^1.0 + 0.8 * 1; 0.1 *  x[0]^1.0 + 0.1 *  x[1]^1.0 + 0.8 * 1; 0.1 *  x[0]^1.0 + 0.1 *  x[1]^1.0 + 0.8 * 1

2019-05-02-13-05-54   >>>>   End verify ranking function

verifying time = 8.175 ms


Not Found Ranking Fcuntion

Conterexample is 

[1, 1, -1]

sampling time = 2.903 ms


       ########################################         

iteration 5 with 92 examples

2019-05-02-13-05-54   >>>>   Start train ranking function

2019-05-02-13-05-54   >>>>   End train ranking function

train_ranking_functioning time = 0.712 ms


2019-05-02-13-05-54   >>>>   Start verify ranking function

[xi_2 = 2, xi_0 = 1, xi_1 = 1]
ranking function : 0.1 *  x[0]^1.0 + 0.1 *  x[1]^1.0 + 0.8 * 1; 0.1 *  x[0]^1.0 + 0.1 *  x[1]^1.0 + 0.8 * 1; 0.1 *  x[0]^1.0 + 0.1 *  x[1]^1.0 + 0.8 * 1

2019-05-02-13-05-54   >>>>   End verify ranking function

verifying time = 8.192 ms


Not Found Ranking Fcuntion

Conterexample is 

[1, 1, 2]

sampling time = 2.867 ms


       ########################################         

iteration 6 with 96 examples

2019-05-02-13-05-54   >>>>   Start train ranking function

2019-05-02-13-05-54   >>>>   End train ranking function

train_ranking_functioning time = 0.738 ms


2019-05-02-13-05-54   >>>>   Start verify ranking function

[xi_2 = -1, xi_0 = 1, xi_1 = 1]
ranking function : 0.1 *  x[0]^1.0 + 0.8 * 1; 0.1 *  x[0]^1.0 + 0.1 *  x[1]^1.0 + 0.8 * 1; 0.1 *  x[0]^1.0 + 0.1 *  x[1]^1.0 + 0.8 * 1

2019-05-02-13-05-54   >>>>   End verify ranking function

verifying time = 8.243 ms


Not Found Ranking Fcuntion

Conterexample is 

[1, 1, -1]

sampling time = 3.051 ms


       ########################################         

iteration 7 with 100 examples

2019-05-02-13-05-54   >>>>   Start train ranking function

2019-05-02-13-05-54   >>>>   End train ranking function

train_ranking_functioning time = 0.775 ms


2019-05-02-13-05-54   >>>>   Start verify ranking function

[xi_2 = -1, xi_0 = 1, xi_1 = 1]
ranking function : 0.1 *  x[0]^1.0 + 0.8 * 1; 0.1 *  x[0]^1.0 + 0.1 *  x[1]^1.0 + 0.8 * 1; 0.1 *  x[0]^1.0 + 0.1 *  x[1]^1.0 + 0.8 * 1

2019-05-02-13-05-54   >>>>   End verify ranking function

verifying time = 8.685 ms


Not Found Ranking Fcuntion

Conterexample is 

[1, 1, -1]

sampling time = 2.968 ms


       ########################################         

iteration 8 with 104 examples

2019-05-02-13-05-54   >>>>   Start train ranking function

2019-05-02-13-05-54   >>>>   End train ranking function

train_ranking_functioning time = 0.825 ms


2019-05-02-13-05-54   >>>>   Start verify ranking function

[xi_2 = 2, xi_0 = 1, xi_1 = 1]
ranking function : 0.1 *  x[0]^1.0 + 0.1 *  x[1]^1.0 + 0.8 * 1; 0.1 *  x[0]^1.0 + 0.1 *  x[1]^1.0 + 0.8 * 1; 0.1 *  x[0]^1.0 + 0.1 *  x[1]^1.0 + 0.8 * 1

2019-05-02-13-05-54   >>>>   End verify ranking function

verifying time = 8.541 ms


Not Found Ranking Fcuntion

Conterexample is 

[1, 1, 2]

sampling time = 2.910 ms


       ########################################         

iteration 9 with 108 examples

2019-05-02-13-05-54   >>>>   Start train ranking function

2019-05-02-13-05-54   >>>>   End train ranking function

train_ranking_functioning time = 0.841 ms


2019-05-02-13-05-54   >>>>   Start verify ranking function

[xi_2 = -1, xi_0 = 1, xi_1 = 1]
ranking function : 0.1 *  x[0]^1.0 + 0.8 * 1; 0.1 *  x[0]^1.0 + 0.1 *  x[1]^1.0 + 0.8 * 1; 0.1 *  x[0]^1.0 + 0.1 *  x[1]^1.0 + 0.8 * 1

2019-05-02-13-05-54   >>>>   End verify ranking function

verifying time = 8.373 ms


Not Found Ranking Fcuntion

Conterexample is 

[1, 1, -1]

sampling time = 2.914 ms


Failed to prove it is terminated

UNKNOWN
------Using Template 3 -----------
4 [2, 1, 1]
*****************************************************

2019-05-02-13-05-54   >>>>   End sampling point

sampling time = 30.034 ms,


       ########################################         

iteration 0 with 72 examples

2019-05-02-13-05-54   >>>>   Start train ranking function

2019-05-02-13-05-54   >>>>   End train ranking function

train_ranking_functioning time = 1.625 ms


2019-05-02-13-05-54   >>>>   Start verify ranking function

[xi_0 = 1, xi_1 = 1, xi_2 = -1]
ranking function : 1.3 *  x[0]^0.5 *  x[1]^-1.0; ; 2.0 *  x[0]^-0.5 *  x[2]^-2.0

2019-05-02-13-05-54   >>>>   End verify ranking function

verifying time = 16.539 ms


Not Found Ranking Fcuntion

Conterexample is 

[1, 1, -1]

sampling time = 1.259 ms


       ########################################         

iteration 1 with 76 examples

2019-05-02-13-05-54   >>>>   Start train ranking function

2019-05-02-13-05-54   >>>>   End train ranking function

train_ranking_functioning time = 1.840 ms


2019-05-02-13-05-54   >>>>   Start verify ranking function

[xi_0 = 1, xi_1 = 1, xi_2 = -1]
ranking function : 1.5 *  x[0]^0.5 *  x[1]^-1.0; ; 2.0 *  x[0]^-0.5 *  x[2]^-2.0

2019-05-02-13-05-54   >>>>   End verify ranking function

verifying time = 16.505 ms


Not Found Ranking Fcuntion

Conterexample is 

[1, 1, -1]

sampling time = 1.256 ms


       ########################################         

iteration 2 with 80 examples

2019-05-02-13-05-54   >>>>   Start train ranking function

2019-05-02-13-05-54   >>>>   End train ranking function

train_ranking_functioning time = 1.605 ms


2019-05-02-13-05-54   >>>>   Start verify ranking function

[xi_0 = 1, xi_1 = 1, xi_2 = -1]
ranking function : 1.2 *  x[0]^0.5 *  x[1]^-1.0; ; 2.0 *  x[0]^-0.5 *  x[2]^-2.0

2019-05-02-13-05-54   >>>>   End verify ranking function

verifying time = 16.663 ms


Not Found Ranking Fcuntion

Conterexample is 

[1, 1, -1]

sampling time = 1.242 ms


       ########################################         

iteration 3 with 84 examples

2019-05-02-13-05-54   >>>>   Start train ranking function

2019-05-02-13-05-54   >>>>   End train ranking function

train_ranking_functioning time = 1.886 ms


2019-05-02-13-05-54   >>>>   Start verify ranking function

[xi_0 = 1, xi_1 = 1, xi_2 = -1]
ranking function : 1.4 *  x[0]^0.5 *  x[1]^-1.0; ; 2.0 *  x[0]^-0.5 *  x[2]^-2.0

2019-05-02-13-05-54   >>>>   End verify ranking function

verifying time = 16.622 ms


Not Found Ranking Fcuntion

Conterexample is 

[1, 1, -1]

sampling time = 1.302 ms


       ########################################         

iteration 4 with 88 examples

2019-05-02-13-05-54   >>>>   Start train ranking function

2019-05-02-13-05-54   >>>>   End train ranking function

train_ranking_functioning time = 1.807 ms


2019-05-02-13-05-54   >>>>   Start verify ranking function

[xi_0 = 1, xi_1 = 1, xi_2 = -1]
ranking function : 1.4 *  x[0]^0.5 *  x[1]^-1.0; ; 2.0 *  x[0]^-0.5 *  x[2]^-2.0

2019-05-02-13-05-54   >>>>   End verify ranking function

verifying time = 16.641 ms


Not Found Ranking Fcuntion

Conterexample is 

[1, 1, -1]

sampling time = 1.354 ms


       ########################################         

iteration 5 with 92 examples

2019-05-02-13-05-54   >>>>   Start train ranking function

2019-05-02-13-05-54   >>>>   End train ranking function

train_ranking_functioning time = 1.910 ms


2019-05-02-13-05-54   >>>>   Start verify ranking function

[xi_0 = 1, xi_1 = 1, xi_2 = -1]
ranking function : 1.5 *  x[0]^0.5 *  x[1]^-1.0; ; 2.0 *  x[0]^-0.5 *  x[2]^-2.0

2019-05-02-13-05-54   >>>>   End verify ranking function

verifying time = 16.576 ms


Not Found Ranking Fcuntion

Conterexample is 

[1, 1, -1]

sampling time = 1.250 ms


       ########################################         

iteration 6 with 96 examples

2019-05-02-13-05-54   >>>>   Start train ranking function

2019-05-02-13-05-54   >>>>   End train ranking function

train_ranking_functioning time = 1.931 ms


2019-05-02-13-05-54   >>>>   Start verify ranking function

[xi_0 = 1, xi_1 = 1, xi_2 = -1]
ranking function : 1.4 *  x[0]^0.5 *  x[1]^-1.0; ; 2.0 *  x[0]^-0.5 *  x[2]^-2.0

2019-05-02-13-05-54   >>>>   End verify ranking function

verifying time = 16.734 ms


Not Found Ranking Fcuntion

Conterexample is 

[1, 1, -1]

sampling time = 1.240 ms


       ########################################         

iteration 7 with 100 examples

2019-05-02-13-05-54   >>>>   Start train ranking function

2019-05-02-13-05-54   >>>>   End train ranking function

train_ranking_functioning time = 1.923 ms


2019-05-02-13-05-54   >>>>   Start verify ranking function

[xi_0 = 1, xi_1 = 1, xi_2 = -1]
ranking function : 1.3 *  x[0]^0.5 *  x[1]^-1.0; ; 2.0 *  x[0]^-0.5 *  x[2]^-2.0

2019-05-02-13-05-54   >>>>   End verify ranking function

verifying time = 16.975 ms


Not Found Ranking Fcuntion

Conterexample is 

[1, 1, -1]

sampling time = 1.296 ms


       ########################################         

iteration 8 with 104 examples

2019-05-02-13-05-54   >>>>   Start train ranking function

2019-05-02-13-05-54   >>>>   End train ranking function

train_ranking_functioning time = 1.840 ms


2019-05-02-13-05-54   >>>>   Start verify ranking function

[xi_0 = 1, xi_1 = 1, xi_2 = -1]
ranking function : 1.3 *  x[0]^0.5 *  x[1]^-1.0; ; 2.0 *  x[0]^-0.5 *  x[2]^-2.0

2019-05-02-13-05-54   >>>>   End verify ranking function

verifying time = 16.821 ms


Not Found Ranking Fcuntion

Conterexample is 

[1, 1, -1]

sampling time = 1.248 ms


       ########################################         

iteration 9 with 108 examples

2019-05-02-13-05-54   >>>>   Start train ranking function

2019-05-02-13-05-54   >>>>   End train ranking function

train_ranking_functioning time = 2.131 ms


2019-05-02-13-05-54   >>>>   Start verify ranking function

[xi_0 = 1, xi_1 = 1, xi_2 = -1]
ranking function : 1.4 *  x[0]^0.5 *  x[1]^-1.0; ; 2.0 *  x[0]^-0.5 *  x[2]^-2.0

2019-05-02-13-05-54   >>>>   End verify ranking function

verifying time = 16.850 ms


Not Found Ranking Fcuntion

Conterexample is 

[1, 1, -1]

sampling time = 1.439 ms


Failed to prove it is terminated

UNKNOWN
------Using Template 4 -----------
20 [4, 4, 4, 4, 4]
*****************************************************

2019-05-02-13-05-54   >>>>   End sampling point

sampling time = 97.302 ms,


       ########################################         

iteration 0 with 108 examples

2019-05-02-13-05-54   >>>>   Start train ranking function

2019-05-02-13-05-54   >>>>   End train ranking function

train_ranking_functioning time = 0.747 ms


2019-05-02-13-05-54   >>>>   Start verify ranking function

[xi_2 = 2, xi_0 = 1, xi_1 = 1]
ranking function : 0.1 *  x[0]^1.0 + 0.1 *  x[1]^1.0 + 0.8 * 1; 0.1 *  x[0]^1.0 + 0.1 *  x[1]^1.0 + 0.8 * 1; 0.1 *  x[0]^1.0 + 0.1 *  x[1]^1.0 + 0.8 * 1; 0.1 *  x[0]^1.0 + 0.1 *  x[1]^1.0 + 0.8 * 1; 0.1 *  x[0]^1.0 + 0.1 *  x[1]^1.0 + 0.8 * 1

2019-05-02-13-05-54   >>>>   End verify ranking function

verifying time = 8.413 ms


Not Found Ranking Fcuntion

Conterexample is 

[1, 1, 2]

sampling time = 4.773 ms


       ########################################         

iteration 1 with 114 examples

2019-05-02-13-05-54   >>>>   Start train ranking function

2019-05-02-13-05-54   >>>>   End train ranking function

train_ranking_functioning time = 0.771 ms


2019-05-02-13-05-54   >>>>   Start verify ranking function

[xi_2 = 2, xi_0 = 1, xi_1 = 1]
ranking function : 0.1 *  x[0]^1.0 + 0.1 *  x[1]^1.0 + 0.8 * 1; 0.1 *  x[0]^1.0 + 0.1 *  x[1]^1.0 + 0.8 * 1; 0.1 *  x[0]^1.0 + 0.1 *  x[1]^1.0 + 0.8 * 1; 0.1 *  x[0]^1.0 + 0.1 *  x[1]^1.0 + 0.8 * 1; 0.1 *  x[0]^1.0 + 0.1 *  x[1]^1.0 + 0.8 * 1

2019-05-02-13-05-54   >>>>   End verify ranking function

verifying time = 8.396 ms


Not Found Ranking Fcuntion

Conterexample is 

[1, 1, 2]

sampling time = 4.878 ms


       ########################################         

iteration 2 with 120 examples

2019-05-02-13-05-54   >>>>   Start train ranking function

2019-05-02-13-05-54   >>>>   End train ranking function

train_ranking_functioning time = 0.812 ms


2019-05-02-13-05-54   >>>>   Start verify ranking function

[xi_2 = -1, xi_0 = 1, xi_1 = 1]
ranking function : 0.1 *  x[0]^1.0 + 0.8 * 1; 0.1 *  x[0]^1.0 + 0.1 *  x[1]^1.0 + 0.8 * 1; 0.1 *  x[0]^1.0 + 0.1 *  x[1]^1.0 + 0.8 * 1; 0.1 *  x[0]^1.0 + 0.1 *  x[1]^1.0 + 0.8 * 1; 0.1 *  x[0]^1.0 + 0.1 *  x[1]^1.0 + 0.8 * 1

2019-05-02-13-05-54   >>>>   End verify ranking function

verifying time = 8.563 ms


Not Found Ranking Fcuntion

Conterexample is 

[1, 1, -1]

sampling time = 4.814 ms


       ########################################         

iteration 3 with 126 examples

2019-05-02-13-05-54   >>>>   Start train ranking function

2019-05-02-13-05-54   >>>>   End train ranking function

train_ranking_functioning time = 1.099 ms


2019-05-02-13-05-54   >>>>   Start verify ranking function

[xi_2 = 2, xi_0 = 1, xi_1 = 1]
ranking function : 0.1 *  x[0]^1.0 + 0.1 *  x[1]^1.0 + 0.8 * 1; 0.1 *  x[0]^1.0 + 0.1 *  x[1]^1.0 + 0.8 * 1; 0.1 *  x[0]^1.0 + 0.1 *  x[1]^1.0 + 0.8 * 1; 0.1 *  x[0]^1.0 + 0.1 *  x[1]^1.0 + 0.8 * 1; 0.1 *  x[0]^1.0 + 0.1 *  x[1]^1.0 + 0.8 * 1

2019-05-02-13-05-54   >>>>   End verify ranking function

verifying time = 8.437 ms


Not Found Ranking Fcuntion

Conterexample is 

[1, 1, 2]

sampling time = 4.822 ms


       ########################################         

iteration 4 with 132 examples

2019-05-02-13-05-54   >>>>   Start train ranking function

2019-05-02-13-05-54   >>>>   End train ranking function

train_ranking_functioning time = 0.872 ms


2019-05-02-13-05-54   >>>>   Start verify ranking function

[xi_2 = -1, xi_0 = 1, xi_1 = 1]
ranking function : 0.1 *  x[0]^1.0 + 0.8 * 1; 0.1 *  x[0]^1.0 + 0.1 *  x[1]^1.0 + 0.8 * 1; 0.1 *  x[0]^1.0 + 0.1 *  x[1]^1.0 + 0.8 * 1; 0.1 *  x[0]^1.0 + 0.1 *  x[1]^1.0 + 0.8 * 1; 0.1 *  x[0]^1.0 + 0.1 *  x[1]^1.0 + 0.8 * 1

2019-05-02-13-05-54   >>>>   End verify ranking function

verifying time = 8.535 ms


Not Found Ranking Fcuntion

Conterexample is 

[1, 1, -1]

sampling time = 4.841 ms


       ########################################         

iteration 5 with 138 examples

2019-05-02-13-05-54   >>>>   Start train ranking function

2019-05-02-13-05-54   >>>>   End train ranking function

train_ranking_functioning time = 0.901 ms


2019-05-02-13-05-54   >>>>   Start verify ranking function

[xi_2 = 2, xi_0 = 1, xi_1 = 1]
ranking function : 0.1 *  x[0]^1.0 + 0.1 *  x[1]^1.0 + 0.8 * 1; 0.1 *  x[0]^1.0 + 0.1 *  x[1]^1.0 + 0.8 * 1; 0.1 *  x[0]^1.0 + 0.1 *  x[1]^1.0 + 0.8 * 1; 0.1 *  x[0]^1.0 + 0.1 *  x[1]^1.0 + 0.8 * 1; 0.1 *  x[0]^1.0 + 0.1 *  x[1]^1.0 + 0.8 * 1

2019-05-02-13-05-54   >>>>   End verify ranking function

verifying time = 8.492 ms


Not Found Ranking Fcuntion

Conterexample is 

[1, 1, 2]

sampling time = 4.811 ms


       ########################################         

iteration 6 with 144 examples

2019-05-02-13-05-54   >>>>   Start train ranking function

2019-05-02-13-05-54   >>>>   End train ranking function

train_ranking_functioning time = 0.987 ms


2019-05-02-13-05-54   >>>>   Start verify ranking function

[xi_2 = -1, xi_0 = 1, xi_1 = 1]
ranking function : 0.1 *  x[0]^1.0 + 0.8 * 1; 0.1 *  x[0]^1.0 + 0.1 *  x[1]^1.0 + 0.8 * 1; 0.1 *  x[0]^1.0 + 0.1 *  x[1]^1.0 + 0.8 * 1; 0.1 *  x[0]^1.0 + 0.1 *  x[1]^1.0 + 0.8 * 1; 0.1 *  x[0]^1.0 + 0.1 *  x[1]^1.0 + 0.8 * 1

2019-05-02-13-05-54   >>>>   End verify ranking function

verifying time = 8.539 ms


Not Found Ranking Fcuntion

Conterexample is 

[1, 1, -1]

sampling time = 4.860 ms


       ########################################         

iteration 7 with 150 examples

2019-05-02-13-05-54   >>>>   Start train ranking function

2019-05-02-13-05-54   >>>>   End train ranking function

train_ranking_functioning time = 1.061 ms


2019-05-02-13-05-54   >>>>   Start verify ranking function

[xi_2 = -1, xi_0 = 1, xi_1 = 1]
ranking function : 0.1 *  x[0]^1.0 + 0.8 * 1; 0.1 *  x[0]^1.0 + 0.1 *  x[1]^1.0 + 0.8 * 1; 0.1 *  x[0]^1.0 + 0.1 *  x[1]^1.0 + 0.8 * 1; 0.1 *  x[0]^1.0 + 0.1 *  x[1]^1.0 + 0.8 * 1; 0.1 *  x[0]^1.0 + 0.1 *  x[1]^1.0 + 0.8 * 1

2019-05-02-13-05-54   >>>>   End verify ranking function

verifying time = 8.490 ms


Not Found Ranking Fcuntion

Conterexample is 

[1, 1, -1]

sampling time = 4.876 ms


       ########################################         

iteration 8 with 156 examples

2019-05-02-13-05-54   >>>>   Start train ranking function

2019-05-02-13-05-54   >>>>   End train ranking function

train_ranking_functioning time = 1.036 ms


2019-05-02-13-05-54   >>>>   Start verify ranking function

[xi_2 = 2, xi_0 = 1, xi_1 = 1]
ranking function : 0.1 *  x[0]^1.0 + 0.1 *  x[1]^1.0 + 0.8 * 1; 0.1 *  x[0]^1.0 + 0.1 *  x[1]^1.0 + 0.8 * 1; 0.1 *  x[0]^1.0 + 0.1 *  x[1]^1.0 + 0.8 * 1; 0.1 *  x[0]^1.0 + 0.1 *  x[1]^1.0 + 0.8 * 1; 0.1 *  x[0]^1.0 + 0.1 *  x[1]^1.0 + 0.8 * 1

2019-05-02-13-05-54   >>>>   End verify ranking function

verifying time = 8.458 ms


Not Found Ranking Fcuntion

Conterexample is 

[1, 1, 2]

sampling time = 4.814 ms


       ########################################         

iteration 9 with 162 examples

2019-05-02-13-05-54   >>>>   Start train ranking function

2019-05-02-13-05-54   >>>>   End train ranking function

train_ranking_functioning time = 1.071 ms


2019-05-02-13-05-54   >>>>   Start verify ranking function

[xi_2 = -1, xi_0 = 1, xi_1 = 1]
ranking function : 0.1 *  x[0]^1.0 + 0.8 * 1; 0.1 *  x[0]^1.0 + 0.1 *  x[1]^1.0 + 0.8 * 1; 0.1 *  x[0]^1.0 + 0.1 *  x[1]^1.0 + 0.8 * 1; 0.1 *  x[0]^1.0 + 0.1 *  x[1]^1.0 + 0.8 * 1; 0.1 *  x[0]^1.0 + 0.1 *  x[1]^1.0 + 0.8 * 1

2019-05-02-13-05-54   >>>>   End verify ranking function

verifying time = 8.471 ms


Not Found Ranking Fcuntion

Conterexample is 

[1, 1, -1]

sampling time = 4.806 ms


Failed to prove it is terminated

UNKNOWN
------Using Template 5 -----------
12 [5, 3, 2, 1, 1]
*****************************************************

2019-05-02-13-05-54   >>>>   End sampling point

sampling time = 71.667 ms,


       ########################################         

iteration 0 with 108 examples

2019-05-02-13-05-54   >>>>   Start train ranking function

2019-05-02-13-05-54   >>>>   End train ranking function
