------Using Template 0 -----------
3 [3]
*****************************************************

2019-05-02-13-10-55   >>>>   End sampling point

sampling time = 52.909 ms,


       ########################################         

iteration 0 with 136 examples

2019-05-02-13-10-55   >>>>   Start train ranking function

2019-05-02-13-10-55   >>>>   End train ranking function

train_ranking_functioning time = 2.679 ms


2019-05-02-13-10-55   >>>>   Start verify ranking function

ranking function :  - 0.8 *  x[1]^1.0 + 4.6 * 1

2019-05-02-13-10-55   >>>>   End verify ranking function

verifying time = 7.951 ms


Not Found Ranking Fcuntion

Conterexample is 

[0, 6]

sampling time = 0.717 ms


       ########################################         

iteration 1 with 138 examples

2019-05-02-13-10-55   >>>>   Start train ranking function

2019-05-02-13-10-55   >>>>   End train ranking function

train_ranking_functioning time = 2.309 ms


2019-05-02-13-10-55   >>>>   Start verify ranking function

ranking function :  - 0.8 *  x[1]^1.0 + 4.6 * 1

2019-05-02-13-10-55   >>>>   End verify ranking function

verifying time = 7.740 ms


Not Found Ranking Fcuntion

Conterexample is 

[0, 6]

sampling time = 0.744 ms


       ########################################         

iteration 2 with 140 examples

2019-05-02-13-10-55   >>>>   Start train ranking function

2019-05-02-13-10-55   >>>>   End train ranking function

train_ranking_functioning time = 2.152 ms


2019-05-02-13-10-55   >>>>   Start verify ranking function

ranking function :  - 0.7 *  x[1]^1.0 + 4.7 * 1

2019-05-02-13-10-55   >>>>   End verify ranking function

verifying time = 7.648 ms


Not Found Ranking Fcuntion

Conterexample is 

[0, 7]

sampling time = 0.724 ms


       ########################################         

iteration 3 with 142 examples

2019-05-02-13-10-55   >>>>   Start train ranking function

2019-05-02-13-10-55   >>>>   End train ranking function

train_ranking_functioning time = 2.762 ms


2019-05-02-13-10-55   >>>>   Start verify ranking function

[xi_0 = 7, xi_1 = -7]
ranking function : 0.1 *  x[0]^1.0 - 0.7 *  x[1]^1.0 + 4.6 * 1

2019-05-02-13-10-55   >>>>   End verify ranking function

verifying time = 6.984 ms


Not Found Ranking Fcuntion

Conterexample is 

[7, -7]

sampling time = 0.706 ms


       ########################################         

iteration 4 with 144 examples

2019-05-02-13-10-55   >>>>   Start train ranking function

2019-05-02-13-10-55   >>>>   End train ranking function

train_ranking_functioning time = 3.028 ms


2019-05-02-13-10-55   >>>>   Start verify ranking function

ranking function :  - 0.7 *  x[1]^1.0 + 4.7 * 1

2019-05-02-13-10-55   >>>>   End verify ranking function

verifying time = 7.705 ms


Not Found Ranking Fcuntion

Conterexample is 

[0, 7]

sampling time = 0.713 ms


       ########################################         

iteration 5 with 146 examples

2019-05-02-13-10-55   >>>>   Start train ranking function

2019-05-02-13-10-55   >>>>   End train ranking function

train_ranking_functioning time = 2.773 ms


2019-05-02-13-10-55   >>>>   Start verify ranking function

ranking function :  - 0.7 *  x[1]^1.0 + 4.9 * 1

2019-05-02-13-10-55   >>>>   End verify ranking function

verifying time = 7.697 ms


Not Found Ranking Fcuntion

Conterexample is 

[0, 8]

sampling time = 0.708 ms


       ########################################         

iteration 6 with 148 examples

2019-05-02-13-10-55   >>>>   Start train ranking function

2019-05-02-13-10-55   >>>>   End train ranking function

train_ranking_functioning time = 3.235 ms


2019-05-02-13-10-55   >>>>   Start verify ranking function

[xi_0 = 7, xi_1 = -7]
ranking function : 0.1 *  x[0]^1.0 - 0.7 *  x[1]^1.0 + 4.9 * 1

2019-05-02-13-10-55   >>>>   End verify ranking function

verifying time = 6.875 ms


Not Found Ranking Fcuntion

Conterexample is 

[7, -7]

sampling time = 0.711 ms


       ########################################         

iteration 7 with 150 examples

2019-05-02-13-10-55   >>>>   Start train ranking function

2019-05-02-13-10-55   >>>>   End train ranking function

train_ranking_functioning time = 3.247 ms


2019-05-02-13-10-55   >>>>   Start verify ranking function

ranking function :  - 0.7 *  x[1]^1.0 + 5.1 * 1

2019-05-02-13-10-56   >>>>   End verify ranking function

verifying time = 9.177 ms


Not Found Ranking Fcuntion

Conterexample is 

[0, 8]

sampling time = 0.760 ms


       ########################################         

iteration 8 with 152 examples

2019-05-02-13-10-56   >>>>   Start train ranking function

2019-05-02-13-10-56   >>>>   End train ranking function

train_ranking_functioning time = 3.578 ms


2019-05-02-13-10-56   >>>>   Start verify ranking function

ranking function :  - 0.6 *  x[1]^1.0 + 5.2 * 1

2019-05-02-13-10-56   >>>>   End verify ranking function

verifying time = 8.069 ms


Not Found Ranking Fcuntion

Conterexample is 

[0, 9]

sampling time = 0.721 ms


       ########################################         

iteration 9 with 154 examples

2019-05-02-13-10-56   >>>>   Start train ranking function

2019-05-02-13-10-56   >>>>   End train ranking function

train_ranking_functioning time = 3.357 ms


2019-05-02-13-10-56   >>>>   Start verify ranking function

[xi_0 = 6, xi_1 = -6]
ranking function : 0.1 *  x[0]^1.0 - 0.6 *  x[1]^1.0 + 5.2 * 1

2019-05-02-13-10-56   >>>>   End verify ranking function

verifying time = 6.924 ms


Not Found Ranking Fcuntion

Conterexample is 

[6, -6]

sampling time = 0.711 ms


Failed to prove it is terminated

UNKNOWN
------Using Template 1 -----------
2 [2]
*****************************************************

2019-05-02-13-10-56   >>>>   End sampling point

sampling time = 45.743 ms,


       ########################################         

iteration 0 with 136 examples

2019-05-02-13-10-56   >>>>   Start train ranking function

2019-05-02-13-10-56   >>>>   End train ranking function

train_ranking_functioning time = 5.019 ms


2019-05-02-13-10-56   >>>>   Start verify ranking function

[xi_0 = 0, xi_1 = 0]
ranking function : 

2019-05-02-13-10-56   >>>>   End verify ranking function

verifying time = 8.667 ms


Not Found Ranking Fcuntion

Conterexample is 

[0, 0]

sampling time = 0.589 ms


       ########################################         

iteration 1 with 138 examples

2019-05-02-13-10-56   >>>>   Start train ranking function

2019-05-02-13-10-56   >>>>   End train ranking function

train_ranking_functioning time = 5.020 ms


2019-05-02-13-10-56   >>>>   Start verify ranking function

[xi_0 = 0, xi_1 = 0]
ranking function : 

2019-05-02-13-10-56   >>>>   End verify ranking function

verifying time = 8.638 ms


Not Found Ranking Fcuntion

Conterexample is 

[0, 0]

sampling time = 0.578 ms


       ########################################         

iteration 2 with 140 examples

2019-05-02-13-10-56   >>>>   Start train ranking function

2019-05-02-13-10-56   >>>>   End train ranking function

train_ranking_functioning time = 4.985 ms


2019-05-02-13-10-56   >>>>   Start verify ranking function

[xi_0 = 0, xi_1 = 0]
ranking function : 

2019-05-02-13-10-56   >>>>   End verify ranking function

verifying time = 8.535 ms


Not Found Ranking Fcuntion

Conterexample is 

[0, 0]

sampling time = 0.573 ms


       ########################################         

iteration 3 with 142 examples

2019-05-02-13-10-56   >>>>   Start train ranking function

2019-05-02-13-10-56   >>>>   End train ranking function

train_ranking_functioning time = 5.014 ms


2019-05-02-13-10-56   >>>>   Start verify ranking function

[xi_0 = 0, xi_1 = 0]
ranking function : 

2019-05-02-13-10-56   >>>>   End verify ranking function

verifying time = 8.503 ms


Not Found Ranking Fcuntion

Conterexample is 

[0, 0]

sampling time = 0.581 ms


       ########################################         

iteration 4 with 144 examples

2019-05-02-13-10-56   >>>>   Start train ranking function

2019-05-02-13-10-56   >>>>   End train ranking function

train_ranking_functioning time = 5.085 ms


2019-05-02-13-10-56   >>>>   Start verify ranking function

[xi_0 = 0, xi_1 = 0]
ranking function : 

2019-05-02-13-10-56   >>>>   End verify ranking function

verifying time = 8.555 ms


Not Found Ranking Fcuntion

Conterexample is 

[0, 0]

sampling time = 0.724 ms


       ########################################         

iteration 5 with 146 examples

2019-05-02-13-10-56   >>>>   Start train ranking function

5
2019-05-02-13-10-56   >>>>   End train ranking function

train_ranking_functioning time = 5.529 ms


2019-05-02-13-10-56   >>>>   Start verify ranking function

[xi_0 = 0, xi_1 = 0]
ranking function : 

2019-05-02-13-10-56   >>>>   End verify ranking function

verifying time = 9.125 ms


Not Found Ranking Fcuntion

Conterexample is 

[0, 0]

sampling time = 0.578 ms


       ########################################         

iteration 6 with 148 examples

2019-05-02-13-10-56   >>>>   Start train ranking function

2019-05-02-13-10-56   >>>>   End train ranking function

train_ranking_functioning time = 5.153 ms


2019-05-02-13-10-56   >>>>   Start verify ranking function

[xi_0 = 0, xi_1 = 0]
ranking function : 

2019-05-02-13-10-56   >>>>   End verify ranking function

verifying time = 8.910 ms


Not Found Ranking Fcuntion

Conterexample is 

[0, 0]

sampling time = 0.579 ms


       ########################################         

iteration 7 with 150 examples

2019-05-02-13-10-56   >>>>   Start train ranking function

2019-05-02-13-10-56   >>>>   End train ranking function

train_ranking_functioning time = 5.195 ms


2019-05-02-13-10-56   >>>>   Start verify ranking function

[xi_0 = 0, xi_1 = 0]
ranking function : 

2019-05-02-13-10-56   >>>>   End verify ranking function

verifying time = 8.560 ms


Not Found Ranking Fcuntion

Conterexample is 

[0, 0]

sampling time = 0.577 ms


       ########################################         

iteration 8 with 152 examples

2019-05-02-13-10-56   >>>>   Start train ranking function

2019-05-02-13-10-56   >>>>   End train ranking function

train_ranking_functioning time = 5.264 ms


2019-05-02-13-10-56   >>>>   Start verify ranking function

[xi_0 = 0, xi_1 = 0]
ranking function : 

2019-05-02-13-10-56   >>>>   End verify ranking function

verifying time = 8.672 ms


Not Found Ranking Fcuntion

Conterexample is 

[0, 0]

sampling time = 0.572 ms


       ########################################         

iteration 9 with 154 examples

2019-05-02-13-10-56   >>>>   Start train ranking function

2019-05-02-13-10-56   >>>>   End train ranking function

train_ranking_functioning time = 5.194 ms


2019-05-02-13-10-56   >>>>   Start verify ranking function

[xi_0 = 0, xi_1 = 0]
ranking function : 

2019-05-02-13-10-56   >>>>   End verify ranking function

verifying time = 8.549 ms


Not Found Ranking Fcuntion

Conterexample is 

[0, 0]

sampling time = 0.578 ms


Failed to prove it is terminated

UNKNOWN
------Using Template 2 -----------
9 [3, 3, 3]
*****************************************************

2019-05-02-13-10-56   >>>>   End sampling point

sampling time = 143.310 ms,


       ########################################         

iteration 0 with 272 examples

2019-05-02-13-10-56   >>>>   Start train ranking function

2019-05-02-13-10-56   >>>>   End train ranking function

train_ranking_functioning time = 5.625 ms


2019-05-02-13-10-56   >>>>   Start verify ranking function

valid ranking function
ranking function :  - 1.0 *  x[1]^1.0 + 1.5 * 1; 1.0 *  x[0]^1.0 + 0.6 *  x[1]^1.0 + 1.3 * 1; 0.4 *  x[0]^1.0 + 0.4 *  x[1]^1.0 + 1.0 * 1

2019-05-02-13-10-56   >>>>   End verify ranking function

verifying time = 12.858 ms


Found Ranking Fcuntion:  - 1.0 *  x[1]^1.0 + 1.5 * 1; 1.0 *  x[0]^1.0 + 0.6 *  x[1]^1.0 + 1.3 * 1; 0.4 *  x[0]^1.0 + 0.4 *  x[1]^1.0 + 1.0 * 1

 - 1.0 *  x[1]^1.0 + 1.5 * 1; 1.0 *  x[0]^1.0 + 0.6 *  x[1]^1.0 + 1.3 * 1; 0.4 *  x[0]^1.0 + 0.4 *  x[1]^1.0 + 1.0 * 1
FINITE
Time For ../Program_non/72.bpl Is ---> 2901.368000 ms

