------Using Template 0 -----------
5 [5]
*****************************************************

2019-05-02-13-10-57   >>>>   End sampling point

sampling time = 81.436 ms,


       ########################################         

iteration 0 with 112 examples

2019-05-02-13-10-57   >>>>   Start train ranking function

2019-05-02-13-10-57   >>>>   End train ranking function

train_ranking_functioning time = 0.697 ms


2019-05-02-13-10-57   >>>>   Start verify ranking function

ranking function :  - 0.5 *  x[3]^1.0 + 1.4 * 1

2019-05-02-13-10-57   >>>>   End verify ranking function

verifying time = 10.046 ms


Not Found Ranking Fcuntion

Conterexample is 

[0, 0, 0, 4]

sampling time = 1.348 ms


       ########################################         

iteration 1 with 114 examples

2019-05-02-13-10-57   >>>>   Start train ranking function

2019-05-02-13-10-57   >>>>   End train ranking function

train_ranking_functioning time = 0.656 ms


2019-05-02-13-10-57   >>>>   Start verify ranking function

ranking function :  - 0.5 *  x[3]^1.0 + 2.0 * 1

2019-05-02-13-10-57   >>>>   End verify ranking function

verifying time = 10.019 ms


Not Found Ranking Fcuntion

Conterexample is 

[0, 0, 0, 5]

sampling time = 1.355 ms


       ########################################         

iteration 2 with 116 examples

2019-05-02-13-10-57   >>>>   Start train ranking function

2019-05-02-13-10-57   >>>>   End train ranking function

train_ranking_functioning time = 1.206 ms


2019-05-02-13-10-57   >>>>   Start verify ranking function

ranking function :  - 0.5 *  x[3]^1.0 + 2.5 * 1

2019-05-02-13-10-57   >>>>   End verify ranking function

verifying time = 10.137 ms


Not Found Ranking Fcuntion

Conterexample is 

[0, 0, 0, 6]

sampling time = 1.339 ms


       ########################################         

iteration 3 with 118 examples

2019-05-02-13-10-57   >>>>   Start train ranking function

2019-05-02-13-10-57   >>>>   End train ranking function

train_ranking_functioning time = 1.689 ms


2019-05-02-13-10-57   >>>>   Start verify ranking function

ranking function :  - 0.5 *  x[3]^1.0 + 2.8 * 1

2019-05-02-13-10-57   >>>>   End verify ranking function

verifying time = 9.893 ms


Not Found Ranking Fcuntion

Conterexample is 

[0, 0, 0, 8]

sampling time = 1.548 ms


       ########################################         

iteration 4 with 120 examples

2019-05-02-13-10-57   >>>>   Start train ranking function

2019-05-02-13-10-57   >>>>   End train ranking function

train_ranking_functioning time = 2.591 ms


2019-05-02-13-10-57   >>>>   Start verify ranking function

ranking function :  - 0.4 *  x[3]^1.0 + 3.3 * 1

2019-05-02-13-10-57   >>>>   End verify ranking function

verifying time = 10.025 ms


Not Found Ranking Fcuntion

Conterexample is 

[0, 0, 0, 9]

sampling time = 1.354 ms


       ########################################         

iteration 5 with 122 examples

2019-05-02-13-10-57   >>>>   Start train ranking function

2019-05-02-13-10-57   >>>>   End train ranking function

train_ranking_functioning time = 2.607 ms


2019-05-02-13-10-57   >>>>   Start verify ranking function

ranking function :  - 0.4 *  x[3]^1.0 + 3.7 * 1

2019-05-02-13-10-57   >>>>   End verify ranking function

verifying time = 9.908 ms


Not Found Ranking Fcuntion

Conterexample is 

[0, 0, 0, 10]

sampling time = 1.352 ms


       ########################################         

iteration 6 with 124 examples

2019-05-02-13-10-57   >>>>   Start train ranking function

2019-05-02-13-10-57   >>>>   End train ranking function

train_ranking_functioning time = 2.699 ms


2019-05-02-13-10-57   >>>>   Start verify ranking function

ranking function :  - 0.4 *  x[3]^1.0 + 4.1 * 1

2019-05-02-13-10-57   >>>>   End verify ranking function

verifying time = 10.027 ms


Not Found Ranking Fcuntion

Conterexample is 

[0, 0, 0, 11]

sampling time = 1.347 ms


       ########################################         

iteration 7 with 126 examples

2019-05-02-13-10-57   >>>>   Start train ranking function

2019-05-02-13-10-57   >>>>   End train ranking function

train_ranking_functioning time = 2.665 ms


2019-05-02-13-10-57   >>>>   Start verify ranking function

ranking function :  - 0.4 *  x[3]^1.0 + 4.3 * 1

2019-05-02-13-10-57   >>>>   End verify ranking function

verifying time = 10.053 ms


Not Found Ranking Fcuntion

Conterexample is 

[0, 0, 0, 11]

sampling time = 1.422 ms


       ########################################         

iteration 8 with 128 examples

2019-05-02-13-10-57   >>>>   Start train ranking function

2019-05-02-13-10-57   >>>>   End train ranking function

train_ranking_functioning time = 2.768 ms


2019-05-02-13-10-57   >>>>   Start verify ranking function

ranking function :  - 0.4 *  x[3]^1.0 + 4.5 * 1

2019-05-02-13-10-57   >>>>   End verify ranking function

verifying time = 9.940 ms


Not Found Ranking Fcuntion

Conterexample is 

[0, 0, 0, 12]

sampling time = 1.352 ms


       ########################################         

iteration 9 with 130 examples

2019-05-02-13-10-57   >>>>   Start train ranking function

2019-05-02-13-10-57   >>>>   End train ranking function

train_ranking_functioning time = 2.703 ms


2019-05-02-13-10-57   >>>>   Start verify ranking function

ranking function :  - 0.4 *  x[3]^1.0 + 4.6 * 1

2019-05-02-13-10-57   >>>>   End verify ranking function

verifying time = 9.916 ms


Not Found Ranking Fcuntion

Conterexample is 

[0, 0, 0, 12]

sampling time = 1.350 ms


Failed to prove it is terminated

UNKNOWN
------Using Template 1 -----------
4 [4]
*****************************************************

2019-05-02-13-10-57   >>>>   End sampling point

sampling time = 77.449 ms,


       ########################################         

iteration 0 with 112 examples

2019-05-02-13-10-57   >>>>   Start train ranking function

2019-05-02-13-10-57   >>>>   End train ranking function

train_ranking_functioning time = 3.169 ms


2019-05-02-13-10-57   >>>>   Start verify ranking function

[xi_1 = -1, xi_2 = -2, xi_0 = 1, xi_3 = -1]
ranking function : 0.3 *  x[0]^2.0 *  x[1]^0.5 *  x[2]^0.5 *  x[3]^0.5 - 0.1 *  x[0]^2.0 *  x[1]^3.0 *  x[2]^-2.0 *  x[3]^-1.0

2019-05-02-13-10-57   >>>>   End verify ranking function

verifying time = 22.918 ms


Not Found Ranking Fcuntion

Conterexample is 

[1, -1, -2, -1]

sampling time = 1.366 ms


       ########################################         

iteration 1 with 114 examples

2019-05-02-13-10-57   >>>>   Start train ranking function

2019-05-02-13-10-57   >>>>   End train ranking function

train_ranking_functioning time = 3.289 ms


2019-05-02-13-10-57   >>>>   Start verify ranking function

[xi_1 = -1, xi_2 = -2, xi_0 = 1, xi_3 = -1]
ranking function : 0.4 *  x[0]^2.0 *  x[1]^0.5 *  x[2]^0.5 *  x[3]^0.5 - 0.1 *  x[0]^2.0 *  x[1]^3.0 *  x[2]^-2.0 *  x[3]^-1.0

2019-05-02-13-10-57   >>>>   End verify ranking function

verifying time = 22.824 ms


Not Found Ranking Fcuntion

Conterexample is 

[1, -1, -2, -1]

sampling time = 1.265 ms


       ########################################         

iteration 2 with 116 examples

2019-05-02-13-10-57   >>>>   Start train ranking function

2019-05-02-13-10-57   >>>>   End train ranking function

train_ranking_functioning time = 3.573 ms


2019-05-02-13-10-57   >>>>   Start verify ranking function

[xi_1 = -1, xi_2 = -2, xi_0 = 1, xi_3 = -1]
ranking function : 0.4 *  x[0]^2.0 *  x[1]^0.5 *  x[2]^0.5 *  x[3]^0.5 - 0.1 *  x[0]^2.0 *  x[1]^3.0 *  x[2]^-2.0 *  x[3]^-1.0 - 0.1 *  x[0]^1.0 *  x[2]^1.0 *  x[3]^-0.5

2019-05-02-13-10-57   >>>>   End verify ranking function

verifying time = 22.808 ms


Not Found Ranking Fcuntion

Conterexample is 

[1, -1, -2, -1]

sampling time = 1.330 ms


       ########################################         

iteration 3 with 118 examples

2019-05-02-13-10-57   >>>>   Start train ranking function

2019-05-02-13-10-57   >>>>   End train ranking function

train_ranking_functioning time = 3.644 ms


2019-05-02-13-10-57   >>>>   Start verify ranking function

[xi_1 = -1, xi_2 = -2, xi_0 = 1, xi_3 = -1]
ranking function : 0.4 *  x[0]^2.0 *  x[1]^0.5 *  x[2]^0.5 *  x[3]^0.5 - 0.1 *  x[0]^2.0 *  x[1]^3.0 *  x[2]^-2.0 *  x[3]^-1.0 - 0.1 *  x[0]^1.0 *  x[2]^1.0 *  x[3]^-0.5

2019-05-02-13-10-57   >>>>   End verify ranking function

verifying time = 23.008 ms


Not Found Ranking Fcuntion

Conterexample is 

[1, -1, -2, -1]

sampling time = 1.482 ms


       ########################################         

iteration 4 with 120 examples

2019-05-02-13-10-57   >>>>   Start train ranking function

2019-05-02-13-10-57   >>>>   End train ranking function

train_ranking_functioning time = 3.915 ms


2019-05-02-13-10-57   >>>>   Start verify ranking function

[xi_1 = -1, xi_2 = -2, xi_0 = 1, xi_3 = -1]
ranking function : 0.4 *  x[0]^2.0 *  x[1]^0.5 *  x[2]^0.5 *  x[3]^0.5 - 0.1 *  x[0]^2.0 *  x[1]^3.0 *  x[2]^-2.0 *  x[3]^-1.0 - 0.1 *  x[0]^1.0 *  x[2]^1.0 *  x[3]^-0.5

2019-05-02-13-10-57   >>>>   End verify ranking function

verifying time = 24.558 ms


Not Found Ranking Fcuntion

Conterexample is 

[1, -1, -2, -1]

sampling time = 1.320 ms


       ########################################         

iteration 5 with 122 examples

2019-05-02-13-10-57   >>>>   Start train ranking function

2019-05-02-13-10-57   >>>>   End train ranking function

train_ranking_functioning time = 2.988 ms


2019-05-02-13-10-57   >>>>   Start verify ranking function

[xi_1 = -1, xi_2 = -2, xi_0 = 1, xi_3 = -1]
ranking function : 0.5 *  x[0]^2.0 *  x[1]^0.5 *  x[2]^0.5 *  x[3]^0.5 - 0.1 *  x[0]^2.0 *  x[1]^3.0 *  x[2]^-2.0 *  x[3]^-1.0 - 0.1 *  x[0]^1.0 *  x[2]^1.0 *  x[3]^-0.5

2019-05-02-13-10-57   >>>>   End verify ranking function

verifying time = 22.661 ms


Not Found Ranking Fcuntion

Conterexample is 

[1, -1, -2, -1]

sampling time = 1.340 ms


       ########################################         

iteration 6 with 124 examples

2019-05-02-13-10-57   >>>>   Start train ranking function

2019-05-02-13-10-57   >>>>   End train ranking function

train_ranking_functioning time = 3.901 ms


2019-05-02-13-10-57   >>>>   Start verify ranking function

[xi_1 = -1, xi_2 = -2, xi_0 = 1, xi_3 = -1]
ranking function : 0.5 *  x[0]^2.0 *  x[1]^0.5 *  x[2]^0.5 *  x[3]^0.5 - 0.1 *  x[0]^2.0 *  x[1]^3.0 *  x[2]^-2.0 *  x[3]^-1.0 - 0.1 *  x[0]^1.0 *  x[2]^1.0 *  x[3]^-0.5

2019-05-02-13-10-57   >>>>   End verify ranking function

verifying time = 23.201 ms


Not Found Ranking Fcuntion

Conterexample is 

[1, -1, -2, -1]

sampling time = 1.255 ms


       ########################################         

iteration 7 with 126 examples

2019-05-02-13-10-57   >>>>   Start train ranking function

2019-05-02-13-10-57   >>>>   End train ranking function

train_ranking_functioning time = 2.876 ms


2019-05-02-13-10-57   >>>>   Start verify ranking function

[xi_1 = -1, xi_2 = -2, xi_0 = 1, xi_3 = -1]
ranking function : 0.5 *  x[0]^2.0 *  x[1]^0.5 *  x[2]^0.5 *  x[3]^0.5 - 0.1 *  x[0]^2.0 *  x[1]^3.0 *  x[2]^-2.0 *  x[3]^-1.0 - 0.1 *  x[0]^1.0 *  x[2]^1.0 *  x[3]^-0.5

2019-05-02-13-10-57   >>>>   End verify ranking function

verifying time = 22.709 ms


Not Found Ranking Fcuntion

Conterexample is 

[1, -1, -2, -1]

sampling time = 1.277 ms


       ########################################         

iteration 8 with 128 examples

2019-05-02-13-10-57   >>>>   Start train ranking function

2019-05-02-13-10-57   >>>>   End train ranking function

train_ranking_functioning time = 4.073 ms


2019-05-02-13-10-57   >>>>   Start verify ranking function

[xi_1 = -1, xi_2 = -2, xi_0 = 1, xi_3 = -1]
ranking function : 0.5 *  x[0]^2.0 *  x[1]^0.5 *  x[2]^0.5 *  x[3]^0.5 - 0.1 *  x[0]^2.0 *  x[1]^3.0 *  x[2]^-2.0 *  x[3]^-1.0 - 0.1 *  x[0]^1.0 *  x[2]^1.0 *  x[3]^-0.5

2019-05-02-13-10-57   >>>>   End verify ranking function

verifying time = 22.685 ms


Not Found Ranking Fcuntion

Conterexample is 

[1, -1, -2, -1]

sampling time = 1.328 ms


       ########################################         

iteration 9 with 130 examples

2019-05-02-13-10-57   >>>>   Start train ranking function

2019-05-02-13-10-57   >>>>   End train ranking function

train_ranking_functioning time = 4.151 ms


2019-05-02-13-10-57   >>>>   Start verify ranking function

[xi_1 = -1, xi_2 = -2, xi_0 = 1, xi_3 = -1]
ranking function : 0.5 *  x[0]^2.0 *  x[1]^0.5 *  x[2]^0.5 *  x[3]^0.5 - 0.1 *  x[0]^2.0 *  x[1]^3.0 *  x[2]^-2.0 *  x[3]^-1.0 - 0.1 *  x[0]^1.0 *  x[2]^1.0 *  x[3]^-0.5

2019-05-02-13-10-57   >>>>   End verify ranking function

verifying time = 22.817 ms


Not Found Ranking Fcuntion

Conterexample is 

[1, -1, -2, -1]

sampling time = 1.283 ms


Failed to prove it is terminated

UNKNOWN
------Using Template 2 -----------
15 [5, 5, 5]
*****************************************************

2019-05-02-13-10-57   >>>>   End sampling point

sampling time = 227.676 ms,


       ########################################         

iteration 0 with 224 examples

2019-05-02-13-10-57   >>>>   Start train ranking function

2019-05-02-13-10-57   >>>>   End train ranking function

train_ranking_functioning time = 0.888 ms


2019-05-02-13-10-57   >>>>   Start verify ranking function

[xi_2 = 0, xi_3 = 7, xi_1 = 0]
ranking function :  - 0.5 *  x[3]^1.0 + 0.5 * 1; 0.3 *  x[1]^1.0 - 0.2 *  x[2]^1.0 - 0.4 *  x[3]^1.0 + 0.6 * 1; 0.3 *  x[1]^1.0 - 0.3 *  x[2]^1.0 - 0.2 *  x[3]^1.0 + 1.1 * 1

2019-05-02-13-10-57   >>>>   End verify ranking function

verifying time = 13.606 ms


Not Found Ranking Fcuntion

Conterexample is 

[0, 0, 0, 7]

sampling time = 3.892 ms


       ########################################         

iteration 1 with 228 examples

2019-05-02-13-10-57   >>>>   Start train ranking function

2019-05-02-13-10-57   >>>>   End train ranking function

train_ranking_functioning time = 2.721 ms


2019-05-02-13-10-57   >>>>   Start verify ranking function

valid ranking function
ranking function :  - 0.5 *  x[3]^1.0 + 0.4 * 1; 0.5 *  x[1]^1.0 - 0.5 *  x[2]^1.0 - 0.3 *  x[3]^1.0 + 1.0 * 1; 0.3 *  x[1]^1.0 - 0.3 *  x[2]^1.0 + 1.0 * 1

2019-05-02-13-10-57   >>>>   End verify ranking function

verifying time = 19.885 ms


Found Ranking Fcuntion:  - 0.5 *  x[3]^1.0 + 0.4 * 1; 0.5 *  x[1]^1.0 - 0.5 *  x[2]^1.0 - 0.3 *  x[3]^1.0 + 1.0 * 1; 0.3 *  x[1]^1.0 - 0.3 *  x[2]^1.0 + 1.0 * 1

 - 0.5 *  x[3]^1.0 + 0.4 * 1; 0.5 *  x[1]^1.0 - 0.5 *  x[2]^1.0 - 0.3 *  x[3]^1.0 + 1.0 * 1; 0.3 *  x[1]^1.0 - 0.3 *  x[2]^1.0 + 1.0 * 1
FINATE
Time For ../Program_non/73.bpl Is ---> 1064.225000 ms

