------Using Template 0 -----------
6 [6]
*****************************************************

2019-05-02-14-06-06   >>>>   End sampling point

sampling time = 364.036 ms,


       ########################################         

iteration 0 with 436 examples

2019-05-02-14-06-06   >>>>   Start train ranking function

2019-05-02-14-06-06   >>>>   End train ranking function

train_ranking_functioning time = 1.695 ms


2019-05-02-14-06-06   >>>>   Start verify ranking function

ranking function : 1.0 *  x[4]^1.0 + 2.0 * 1

2019-05-02-14-06-06   >>>>   End verify ranking function

verifying time = 11.297 ms


Not Found Ranking Fcuntion

Conterexample is 

[0, 0, 0, 0, -3]

sampling time = 1.664 ms


       ########################################         

iteration 1 with 438 examples

2019-05-02-14-06-06   >>>>   Start train ranking function

2019-05-02-14-06-06   >>>>   End train ranking function

train_ranking_functioning time = 1.901 ms


2019-05-02-14-06-06   >>>>   Start verify ranking function

ranking function : 1.0 *  x[4]^1.0 + 2.6 * 1

2019-05-02-14-06-06   >>>>   End verify ranking function

verifying time = 11.152 ms


Not Found Ranking Fcuntion

Conterexample is 

[0, 0, 0, 0, -3]

sampling time = 1.846 ms


       ########################################         

iteration 2 with 440 examples

2019-05-02-14-06-06   >>>>   Start train ranking function

2019-05-02-14-06-06   >>>>   End train ranking function

train_ranking_functioning time = 1.628 ms


2019-05-02-14-06-06   >>>>   Start verify ranking function

ranking function : 1.0 *  x[4]^1.0 + 3.1 * 1

2019-05-02-14-06-06   >>>>   End verify ranking function

verifying time = 11.321 ms


Not Found Ranking Fcuntion

Conterexample is 

[0, 0, 0, 0, -4]

sampling time = 1.670 ms


       ########################################         

iteration 3 with 442 examples

2019-05-02-14-06-06   >>>>   Start train ranking function

2019-05-02-14-06-06   >>>>   End train ranking function

train_ranking_functioning time = 2.906 ms


2019-05-02-14-06-06   >>>>   Start verify ranking function

ranking function : 1.0 *  x[4]^1.0 + 3.6 * 1

2019-05-02-14-06-06   >>>>   End verify ranking function

verifying time = 11.287 ms


Not Found Ranking Fcuntion

Conterexample is 

[0, 0, 0, 0, -4]

sampling time = 1.665 ms


       ########################################         

iteration 4 with 444 examples

2019-05-02-14-06-06   >>>>   Start train ranking function

2019-05-02-14-06-06   >>>>   End train ranking function

train_ranking_functioning time = 2.864 ms


2019-05-02-14-06-06   >>>>   Start verify ranking function

ranking function : 1.0 *  x[4]^1.0 + 3.9 * 1

2019-05-02-14-06-06   >>>>   End verify ranking function

verifying time = 11.165 ms


Not Found Ranking Fcuntion

Conterexample is 

[0, 0, 0, 0, -4]

sampling time = 1.679 ms


       ########################################         

iteration 5 with 446 examples

2019-05-02-14-06-06   >>>>   Start train ranking function

2019-05-02-14-06-06   >>>>   End train ranking function

train_ranking_functioning time = 2.431 ms


2019-05-02-14-06-06   >>>>   Start verify ranking function

ranking function : 1.0 *  x[4]^1.0 + 4.1 * 1

2019-05-02-14-06-06   >>>>   End verify ranking function

verifying time = 11.407 ms


Not Found Ranking Fcuntion

Conterexample is 

[0, 0, 0, 0, -5]

sampling time = 1.733 ms


       ########################################         

iteration 6 with 448 examples

2019-05-02-14-06-06   >>>>   Start train ranking function

2019-05-02-14-06-06   >>>>   End train ranking function

train_ranking_functioning time = 4.429 ms


2019-05-02-14-06-06   >>>>   Start verify ranking function

ranking function : 1.0 *  x[4]^1.0 + 4.5 * 1

2019-05-02-14-06-06   >>>>   End verify ranking function

verifying time = 11.196 ms


Not Found Ranking Fcuntion

Conterexample is 

[0, 0, 0, 0, -5]

sampling time = 1.669 ms


       ########################################         

iteration 7 with 450 examples

2019-05-02-14-06-06   >>>>   Start train ranking function

2019-05-02-14-06-06   >>>>   End train ranking function

train_ranking_functioning time = 4.228 ms


2019-05-02-14-06-06   >>>>   Start verify ranking function

ranking function : 0.9 *  x[4]^1.0 + 4.7 * 1

2019-05-02-14-06-06   >>>>   End verify ranking function

verifying time = 11.262 ms


Not Found Ranking Fcuntion

Conterexample is 

[0, 0, 0, 0, -6]

sampling time = 1.675 ms


       ########################################         

iteration 8 with 452 examples

2019-05-02-14-06-06   >>>>   Start train ranking function

2019-05-02-14-06-06   >>>>   End train ranking function

train_ranking_functioning time = 8.857 ms


2019-05-02-14-06-06   >>>>   Start verify ranking function

ranking function : 0.9 *  x[4]^1.0 + 5.1 * 1

2019-05-02-14-06-06   >>>>   End verify ranking function

verifying time = 11.191 ms


Not Found Ranking Fcuntion

Conterexample is 

[0, 0, 0, 0, -6]

sampling time = 1.749 ms


       ########################################         

iteration 9 with 454 examples

2019-05-02-14-06-06   >>>>   Start train ranking function

2019-05-02-14-06-06   >>>>   End train ranking function

train_ranking_functioning time = 5.801 ms


2019-05-02-14-06-06   >>>>   Start verify ranking function

ranking function : 0.9 *  x[4]^1.0 + 5.4 * 1

2019-05-02-14-06-06   >>>>   End verify ranking function

verifying time = 11.149 ms


Not Found Ranking Fcuntion

Conterexample is 

[0, 0, 0, 0, -7]

sampling time = 1.694 ms


Failed to prove it is terminated

UNKNOWN
------Using Template 1 -----------
4 [4]
*****************************************************

2019-05-02-14-06-07   >>>>   End sampling point

sampling time = 296.406 ms,


       ########################################         

iteration 0 with 436 examples

2019-05-02-14-06-07   >>>>   Start train ranking function

2019-05-02-14-06-07   >>>>   End train ranking function

train_ranking_functioning time = 11.061 ms


2019-05-02-14-06-07   >>>>   Start verify ranking function

[xi_0 = 1, xi_2 = -1, xi_1 = 1, xi_4 = -1, xi_3 = -1]
ranking function : 0.1 *  x[0]^0.5 *  x[1]^1.0 *  x[2]^1.0 *  x[3]^-1.0 *  x[4]^2.0 - 0.2 *  x[0]^1.0 *  x[1]^-0.5 *  x[2]^1.0 *  x[3]^0.5

2019-05-02-14-06-07   >>>>   End verify ranking function

verifying time = 24.452 ms


Not Found Ranking Fcuntion

Conterexample is 

[1, 1, -1, -1, -1]

sampling time = 1.324 ms


       ########################################         

iteration 1 with 438 examples

2019-05-02-14-06-07   >>>>   Start train ranking function

2019-05-02-14-06-07   >>>>   End train ranking function

train_ranking_functioning time = 11.202 ms


2019-05-02-14-06-07   >>>>   Start verify ranking function

[xi_0 = 1, xi_2 = -1, xi_1 = 1, xi_4 = -1, xi_3 = -1]
ranking function : 0.1 *  x[0]^0.5 *  x[1]^1.0 *  x[2]^1.0 *  x[3]^-1.0 *  x[4]^2.0 - 0.2 *  x[0]^1.0 *  x[1]^-0.5 *  x[2]^1.0 *  x[3]^0.5

2019-05-02-14-06-07   >>>>   End verify ranking function

verifying time = 24.036 ms


Not Found Ranking Fcuntion

Conterexample is 

[1, 1, -1, -1, -1]

sampling time = 1.309 ms


       ########################################         

iteration 2 with 440 examples

2019-05-02-14-06-07   >>>>   Start train ranking function

2019-05-02-14-06-07   >>>>   End train ranking function

train_ranking_functioning time = 11.495 ms


2019-05-02-14-06-07   >>>>   Start verify ranking function

[xi_0 = 1, xi_2 = -1, xi_1 = 1, xi_4 = -1, xi_3 = -1]
ranking function : 0.1 *  x[0]^0.5 *  x[1]^1.0 *  x[2]^1.0 *  x[3]^-1.0 *  x[4]^2.0 - 0.2 *  x[0]^1.0 *  x[1]^-0.5 *  x[2]^1.0 *  x[3]^0.5

2019-05-02-14-06-07   >>>>   End verify ranking function

verifying time = 26.836 ms


Not Found Ranking Fcuntion

Conterexample is 

[1, 1, -1, -1, -1]

sampling time = 1.472 ms


       ########################################         

iteration 3 with 442 examples

2019-05-02-14-06-07   >>>>   Start train ranking function

2019-05-02-14-06-07   >>>>   End train ranking function

train_ranking_functioning time = 12.710 ms


2019-05-02-14-06-07   >>>>   Start verify ranking function

[xi_0 = 1, xi_2 = -1, xi_1 = 1, xi_4 = -1, xi_3 = -1]
ranking function : 0.1 *  x[0]^0.5 *  x[1]^1.0 *  x[2]^1.0 *  x[3]^-1.0 *  x[4]^2.0 - 0.2 *  x[0]^1.0 *  x[1]^-0.5 *  x[2]^1.0 *  x[3]^0.5

2019-05-02-14-06-07   >>>>   End verify ranking function

verifying time = 25.178 ms


Not Found Ranking Fcuntion

Conterexample is 

[1, 1, -1, -1, -1]

sampling time = 1.544 ms


       ########################################         

iteration 4 with 444 examples

2019-05-02-14-06-07   >>>>   Start train ranking function

2019-05-02-14-06-07   >>>>   End train ranking function

train_ranking_functioning time = 12.436 ms


2019-05-02-14-06-07   >>>>   Start verify ranking function

[xi_0 = 1, xi_2 = -1, xi_1 = 1, xi_4 = -1, xi_3 = -1]
ranking function : 0.1 *  x[0]^0.5 *  x[1]^1.0 *  x[2]^1.0 *  x[3]^-1.0 *  x[4]^2.0 - 0.2 *  x[0]^1.0 *  x[1]^-0.5 *  x[2]^1.0 *  x[3]^0.5

2019-05-02-14-06-07   >>>>   End verify ranking function

verifying time = 25.539 ms


Not Found Ranking Fcuntion

Conterexample is 

[1, 1, -1, -1, -1]

sampling time = 1.309 ms


       ########################################         

iteration 5 with 446 examples

2019-05-02-14-06-07   >>>>   Start train ranking function

5
2019-05-02-14-06-07   >>>>   End train ranking function

train_ranking_functioning time = 11.636 ms


2019-05-02-14-06-07   >>>>   Start verify ranking function

[xi_0 = 1, xi_2 = -1, xi_1 = 1, xi_4 = -1, xi_3 = -1]
ranking function : 0.1 *  x[0]^0.5 *  x[1]^1.0 *  x[2]^1.0 *  x[3]^-1.0 *  x[4]^2.0 - 0.2 *  x[0]^1.0 *  x[1]^-0.5 *  x[2]^1.0 *  x[3]^0.5

2019-05-02-14-06-07   >>>>   End verify ranking function

verifying time = 24.660 ms


Not Found Ranking Fcuntion

Conterexample is 

[1, 1, -1, -1, -1]

sampling time = 1.315 ms


       ########################################         

iteration 6 with 448 examples

2019-05-02-14-06-07   >>>>   Start train ranking function

2019-05-02-14-06-07   >>>>   End train ranking function

train_ranking_functioning time = 11.497 ms


2019-05-02-14-06-07   >>>>   Start verify ranking function

ranking function : 0.094 *  x[0]^0.5 *  x[1]^1.0 *  x[2]^1.0 *  x[3]^-1.0 *  x[4]^2.0 - 0.0403 *  x[0]^-3.0 *  x[1]^2.0 *  x[2]^-0.5 *  x[3]^0.5 *  x[4]^-1.0 - 0.2475 *  x[0]^1.0 *  x[1]^-0.5 *  x[2]^1.0 *  x[3]^0.5 - 0.0055 *  x[0]^1.0 *  x[1]^0.5 *  x[2]^-0.5 *  x[3]^-0.5 *  x[4]^2.0

2019-05-02-14-06-10   >>>>   End verify ranking function

verifying time = 3024.381 ms


       ########################################         

iteration 7 with 448 examples

2019-05-02-14-06-10   >>>>   Start train ranking function

2019-05-02-14-06-10   >>>>   End train ranking function

train_ranking_functioning time = 11.705 ms


2019-05-02-14-06-10   >>>>   Start verify ranking function

ranking function : 0.097 *  x[0]^0.5 *  x[1]^1.0 *  x[2]^1.0 *  x[3]^-1.0 *  x[4]^2.0 - 0.0361 *  x[0]^-3.0 *  x[1]^2.0 *  x[2]^-0.5 *  x[3]^0.5 *  x[4]^-1.0 - 0.2512 *  x[0]^1.0 *  x[1]^-0.5 *  x[2]^1.0 *  x[3]^0.5 - 0.0051 *  x[0]^1.0 *  x[1]^0.5 *  x[2]^-0.5 *  x[3]^-0.5 *  x[4]^2.0

2019-05-02-14-06-13   >>>>   End verify ranking function

verifying time = 3059.176 ms


       ########################################         

iteration 8 with 448 examples

2019-05-02-14-06-13   >>>>   Start train ranking function

2019-05-02-14-06-13   >>>>   End train ranking function

train_ranking_functioning time = 11.712 ms


2019-05-02-14-06-13   >>>>   Start verify ranking function

ranking function : 0.097 *  x[0]^0.5 *  x[1]^1.0 *  x[2]^1.0 *  x[3]^-1.0 *  x[4]^2.0 - 0.0361 *  x[0]^-3.0 *  x[1]^2.0 *  x[2]^-0.5 *  x[3]^0.5 *  x[4]^-1.0 - 0.2512 *  x[0]^1.0 *  x[1]^-0.5 *  x[2]^1.0 *  x[3]^0.5 - 0.0051 *  x[0]^1.0 *  x[1]^0.5 *  x[2]^-0.5 *  x[3]^-0.5 *  x[4]^2.0

2019-05-02-14-06-16   >>>>   End verify ranking function

verifying time = 3080.212 ms


       ########################################         

iteration 9 with 448 examples

2019-05-02-14-06-16   >>>>   Start train ranking function

2019-05-02-14-06-16   >>>>   End train ranking function

train_ranking_functioning time = 11.607 ms


2019-05-02-14-06-16   >>>>   Start verify ranking function

ranking function : 0.1147 *  x[0]^0.5 *  x[1]^1.0 *  x[2]^1.0 *  x[3]^-1.0 *  x[4]^2.0 - 0.0056 *  x[0]^-3.0 *  x[1]^2.0 *  x[2]^-0.5 *  x[3]^0.5 *  x[4]^-1.0 - 0.2615 *  x[0]^1.0 *  x[1]^-0.5 *  x[2]^1.0 *  x[3]^0.5 - 0.0049 *  x[0]^1.0 *  x[1]^0.5 *  x[2]^-0.5 *  x[3]^-0.5 *  x[4]^2.0

2019-05-02-14-06-19   >>>>   End verify ranking function

verifying time = 3027.152 ms


Failed to prove it is terminated

UNKNOWN
------Using Template 2 -----------
18 [6, 6, 6]
*****************************************************

2019-05-02-14-06-20   >>>>   End sampling point

sampling time = 1085.782 ms,


       ########################################         

iteration 0 with 872 examples

2019-05-02-14-06-20   >>>>   Start train ranking function

2019-05-02-14-06-20   >>>>   End train ranking function

train_ranking_functioning time = 2.965 ms


2019-05-02-14-06-20   >>>>   Start verify ranking function

[xi_4 = -3, xi_0 = 0]
ranking function : 1.0 *  x[4]^1.0 + 1.5 * 1; 0.3 *  x[3]^1.0 + 0.3 *  x[4]^1.0 + 1.2 * 1; 0.1 *  x[2]^1.0 + 0.1 *  x[3]^1.0 + 0.1 *  x[4]^1.0 + 1.2 * 1

2019-05-02-14-06-20   >>>>   End verify ranking function

verifying time = 15.523 ms


Not Found Ranking Fcuntion

Conterexample is 

[0, 0, 0, 0, -3]

sampling time = 5.074 ms


       ########################################         

iteration 1 with 876 examples

2019-05-02-14-06-20   >>>>   Start train ranking function

2019-05-02-14-06-20   >>>>   End train ranking function

train_ranking_functioning time = 3.581 ms


2019-05-02-14-06-20   >>>>   Start verify ranking function

[xi_4 = -6, xi_0 = 0]
ranking function : 1.0 *  x[4]^1.0 + 1.1 * 1; 0.8 *  x[3]^1.0 + 0.1 *  x[4]^1.0 + 1.5 * 1; 0.2 *  x[2]^1.0 + 0.1 *  x[3]^1.0 + 0.1 *  x[4]^1.0 + 1.3 * 1

2019-05-02-14-06-20   >>>>   End verify ranking function

verifying time = 15.655 ms


Not Found Ranking Fcuntion

Conterexample is 

[0, 0, 0, 0, -6]

sampling time = 4.871 ms


       ########################################         

iteration 2 with 880 examples

2019-05-02-14-06-20   >>>>   Start train ranking function

2019-05-02-14-06-20   >>>>   End train ranking function

train_ranking_functioning time = 7.136 ms


2019-05-02-14-06-20   >>>>   Start verify ranking function

[xi_0 = 0, xi_3 = -3]
ranking function : 1.0 *  x[4]^1.0 + 1.0 * 1; 1.0 *  x[3]^1.0 + 1.6 * 1; 0.3 *  x[2]^1.0 + 0.1 *  x[4]^1.0 + 1.3 * 1

2019-05-02-14-06-20   >>>>   End verify ranking function

verifying time = 21.675 ms


Not Found Ranking Fcuntion

Conterexample is 

[0, 0, 0, -3, 0]

sampling time = 4.888 ms


       ########################################         

iteration 3 with 884 examples

2019-05-02-14-06-20   >>>>   Start train ranking function

2019-05-02-14-06-20   >>>>   End train ranking function

train_ranking_functioning time = 6.387 ms


2019-05-02-14-06-20   >>>>   Start verify ranking function

[xi_4 = -11, xi_0 = 0]
ranking function : 1.0 *  x[4]^1.0 + 1.0 * 1; 0.9 *  x[3]^1.0 + 0.1 *  x[4]^1.0 + 1.2 * 1; 0.8 *  x[2]^1.0 + 1.7 * 1

2019-05-02-14-06-20   >>>>   End verify ranking function

verifying time = 15.503 ms


Not Found Ranking Fcuntion

Conterexample is 

[0, 0, 0, 0, -11]

sampling time = 4.992 ms


       ########################################         

iteration 4 with 888 examples

2019-05-02-14-06-20   >>>>   Start train ranking function

2019-05-02-14-06-20   >>>>   End train ranking function

train_ranking_functioning time = 16.628 ms


2019-05-02-14-06-20   >>>>   Start verify ranking function

[xi_0 = 0, xi_3 = -6]
ranking function : 1.0 *  x[4]^1.0 + 1.0 * 1; 1.0 *  x[3]^1.0 + 1.2 * 1; 0.8 *  x[2]^1.0 + 1.8 * 1

2019-05-02-14-06-20   >>>>   End verify ranking function

verifying time = 21.729 ms


Not Found Ranking Fcuntion

Conterexample is 

[0, 0, 0, -6, 0]

sampling time = 4.927 ms


       ########################################         

iteration 5 with 892 examples

2019-05-02-14-06-20   >>>>   Start train ranking function

2019-05-02-14-06-20   >>>>   End train ranking function

train_ranking_functioning time = 17.363 ms


2019-05-02-14-06-20   >>>>   Start verify ranking function

[xi_0 = 0, xi_3 = -10]
ranking function : 1.0 *  x[4]^1.0 + 1.0 * 1; 1.0 *  x[3]^1.0 + 1.0 * 1; 0.9 *  x[2]^1.0 + 1.9 * 1

2019-05-02-14-06-21   >>>>   End verify ranking function

verifying time = 22.595 ms


Not Found Ranking Fcuntion

Conterexample is 

[0, 0, 0, -10, 0]

sampling time = 5.486 ms


       ########################################         

iteration 6 with 896 examples

2019-05-02-14-06-21   >>>>   Start train ranking function

2019-05-02-14-06-21   >>>>   End train ranking function

train_ranking_functioning time = 19.355 ms


2019-05-02-14-06-21   >>>>   Start verify ranking function

ranking function : 1.0 *  x[4]^1.0 + 1.0 * 1; 1.0 *  x[3]^1.0 + 1.0 * 1; 1.0 *  x[2]^1.0 + 1.9 * 1

2019-05-02-14-06-21   >>>>   End verify ranking function

verifying time = 25.202 ms


Not Found Ranking Fcuntion

Conterexample is 

[0, 0, -2, 0, 0]

sampling time = 4.934 ms


       ########################################         

iteration 7 with 900 examples

2019-05-02-14-06-21   >>>>   Start train ranking function

2019-05-02-14-06-21   >>>>   End train ranking function

train_ranking_functioning time = 16.363 ms


2019-05-02-14-06-21   >>>>   Start verify ranking function

ranking function : 1.0 *  x[4]^1.0 + 0.9 * 1; 1.0 *  x[3]^1.0 + 0.1 *  x[4]^1.0 + 0.9 * 1; 1.0 *  x[2]^1.0 + 0.1 *  x[3]^1.0 + 0.1 *  x[4]^1.0 + 2.1 * 1

2019-05-02-14-06-21   >>>>   End verify ranking function

verifying time = 24.647 ms


Not Found Ranking Fcuntion

Conterexample is 

[0, 0, 0, 0, -22]

sampling time = 4.971 ms


       ########################################         

iteration 8 with 904 examples

2019-05-02-14-06-21   >>>>   Start train ranking function

2019-05-02-14-06-21   >>>>   End train ranking function

train_ranking_functioning time = 21.080 ms


2019-05-02-14-06-21   >>>>   Start verify ranking function

ranking function : 1.0 *  x[4]^1.0 + 0.9 * 1; 1.0 *  x[3]^1.0 + 0.1 *  x[4]^1.0 + 1.0 * 1; 1.0 *  x[2]^1.0 + 0.1 *  x[3]^1.0 + 0.1 *  x[4]^1.0 + 2.1 * 1

2019-05-02-14-06-21   >>>>   End verify ranking function

verifying time = 24.566 ms


Not Found Ranking Fcuntion

Conterexample is 

[0, 0, 0, -22, 0]

sampling time = 4.875 ms


       ########################################         

iteration 9 with 908 examples

2019-05-02-14-06-21   >>>>   Start train ranking function

2019-05-02-14-06-21   >>>>   End train ranking function

train_ranking_functioning time = 22.038 ms


2019-05-02-14-06-21   >>>>   Start verify ranking function

ranking function : 1.0 *  x[4]^1.0 + 1.0 * 1; 1.0 *  x[3]^1.0 + 1.0 * 1; 1.0 *  x[2]^1.0 + 2.1 * 1

2019-05-02-14-06-21   >>>>   End verify ranking function

verifying time = 24.827 ms


Not Found Ranking Fcuntion

Conterexample is 

[0, 0, -3, 0, 0]

sampling time = 4.958 ms


Failed to prove it is terminated

UNKNOWN
------Using Template 3 -----------
10 [3, 4, 3]
*****************************************************

2019-05-02-14-06-21   >>>>   End sampling point

sampling time = 721.518 ms,


       ########################################         

iteration 0 with 872 examples

2019-05-02-14-06-21   >>>>   Start train ranking function

2019-05-02-14-06-21   >>>>   End train ranking function

train_ranking_functioning time = 28.512 ms


2019-05-02-14-06-21   >>>>   Start verify ranking function

[xi_0 = 1, xi_2 = -1, xi_1 = 1, xi_3 = -1, xi_4 = 0]
ranking function : 0.2 *  x[1]^2.0 *  x[2]^-2.0 *  x[3]^0.5 *  x[4]^-0.5 + 0.1 *  x[0]^2.0 *  x[1]^-2.0 *  x[2]^0.5 *  x[3]^1.0 *  x[4]^-0.5;  - 0.1 *  x[0]^3.0 *  x[1]^1.0 *  x[2]^-2.0 *  x[3]^-0.5 *  x[4]^-0.5; 0.2 *  x[0]^2.0 *  x[1]^1.0 *  x[2]^-1.0 *  x[4]^-1.0 - 0.2 *  x[0]^3.0 *  x[1]^-3.0 *  x[2]^-3.0 *  x[3]^1.0 *  x[4]^-2.0 + 0.2 *  x[0]^-1.0 *  x[1]^-0.5 *  x[2]^0.5 *  x[3]^2.0 *  x[4]^-2.0

2019-05-02-14-06-22   >>>>   End verify ranking function

verifying time = 33.600 ms


Not Found Ranking Fcuntion

Conterexample is 

[1, 1, -1, -1, 0]

sampling time = 3.278 ms


       ########################################         

iteration 1 with 876 examples

2019-05-02-14-06-22   >>>>   Start train ranking function

2019-05-02-14-06-22   >>>>   End train ranking function

train_ranking_functioning time = 28.717 ms


2019-05-02-14-06-22   >>>>   Start verify ranking function

[xi_0 = 1, xi_2 = -1, xi_1 = 1, xi_3 = -1, xi_4 = 0]
ranking function : 0.2 *  x[1]^2.0 *  x[2]^-2.0 *  x[3]^0.5 *  x[4]^-0.5 + 0.1 *  x[0]^2.0 *  x[1]^-2.0 *  x[2]^0.5 *  x[3]^1.0 *  x[4]^-0.5;  - 0.1 *  x[0]^3.0 *  x[1]^1.0 *  x[2]^-2.0 *  x[3]^-0.5 *  x[4]^-0.5; 0.2 *  x[0]^2.0 *  x[1]^1.0 *  x[2]^-1.0 *  x[4]^-1.0 - 0.2 *  x[0]^3.0 *  x[1]^-3.0 *  x[2]^-3.0 *  x[3]^1.0 *  x[4]^-2.0 + 0.2 *  x[0]^-1.0 *  x[1]^-0.5 *  x[2]^0.5 *  x[3]^2.0 *  x[4]^-2.0

2019-05-02-14-06-22   >>>>   End verify ranking function

verifying time = 168.822 ms


Not Found Ranking Fcuntion

Conterexample is 

[1, 1, -1, -1, 0]

sampling time = 3.303 ms


       ########################################         

iteration 2 with 880 examples

2019-05-02-14-06-22   >>>>   Start train ranking function

2019-05-02-14-06-22   >>>>   End train ranking function

train_ranking_functioning time = 28.831 ms


2019-05-02-14-06-22   >>>>   Start verify ranking function

[xi_0 = 1, xi_2 = -1, xi_1 = 1, xi_3 = -1, xi_4 = 0]
ranking function : 0.2 *  x[1]^2.0 *  x[2]^-2.0 *  x[3]^0.5 *  x[4]^-0.5 + 0.1 *  x[0]^2.0 *  x[1]^-2.0 *  x[2]^0.5 *  x[3]^1.0 *  x[4]^-0.5;  - 0.1 *  x[0]^3.0 *  x[1]^1.0 *  x[2]^-2.0 *  x[3]^-0.5 *  x[4]^-0.5; 0.2 *  x[0]^2.0 *  x[1]^1.0 *  x[2]^-1.0 *  x[4]^-1.0 - 0.2 *  x[0]^3.0 *  x[1]^-3.0 *  x[2]^-3.0 *  x[3]^1.0 *  x[4]^-2.0 + 0.2 *  x[0]^-1.0 *  x[1]^-0.5 *  x[2]^0.5 *  x[3]^2.0 *  x[4]^-2.0

2019-05-02-14-06-22   >>>>   End verify ranking function

verifying time = 24.613 ms


Not Found Ranking Fcuntion

Conterexample is 

[1, 1, -1, -1, 0]

sampling time = 3.285 ms


       ########################################         

iteration 3 with 884 examples

2019-05-02-14-06-22   >>>>   Start train ranking function

2019-05-02-14-06-22   >>>>   End train ranking function

train_ranking_functioning time = 30.003 ms


2019-05-02-14-06-22   >>>>   Start verify ranking function

[xi_0 = 1, xi_2 = -1, xi_1 = 1, xi_3 = -1, xi_4 = 0]
ranking function : 0.2 *  x[1]^2.0 *  x[2]^-2.0 *  x[3]^0.5 *  x[4]^-0.5 + 0.1 *  x[0]^2.0 *  x[1]^-2.0 *  x[2]^0.5 *  x[3]^1.0 *  x[4]^-0.5;  - 0.1 *  x[0]^3.0 *  x[1]^1.0 *  x[2]^-2.0 *  x[3]^-0.5 *  x[4]^-0.5; 0.2 *  x[0]^2.0 *  x[1]^1.0 *  x[2]^-1.0 *  x[4]^-1.0 - 0.2 *  x[0]^3.0 *  x[1]^-3.0 *  x[2]^-3.0 *  x[3]^1.0 *  x[4]^-2.0 + 0.2 *  x[0]^-1.0 *  x[1]^-0.5 *  x[2]^0.5 *  x[3]^2.0 *  x[4]^-2.0

2019-05-02-14-06-22   >>>>   End verify ranking function

verifying time = 26.309 ms


Not Found Ranking Fcuntion

Conterexample is 

[1, 1, -1, -1, 0]

sampling time = 3.260 ms


       ########################################         

iteration 4 with 888 examples

2019-05-02-14-06-22   >>>>   Start train ranking function

2019-05-02-14-06-22   >>>>   End train ranking function

train_ranking_functioning time = 29.227 ms


2019-05-02-14-06-22   >>>>   Start verify ranking function

[xi_0 = 1, xi_2 = -1, xi_1 = 1, xi_3 = -1, xi_4 = 0]
ranking function : 0.2 *  x[1]^2.0 *  x[2]^-2.0 *  x[3]^0.5 *  x[4]^-0.5 + 0.1 *  x[0]^2.0 *  x[1]^-2.0 *  x[2]^0.5 *  x[3]^1.0 *  x[4]^-0.5;  - 0.2 *  x[0]^3.0 *  x[1]^1.0 *  x[2]^-2.0 *  x[3]^-0.5 *  x[4]^-0.5; 0.2 *  x[0]^2.0 *  x[1]^1.0 *  x[2]^-1.0 *  x[4]^-1.0 - 0.2 *  x[0]^3.0 *  x[1]^-3.0 *  x[2]^-3.0 *  x[3]^1.0 *  x[4]^-2.0 + 0.2 *  x[0]^-1.0 *  x[1]^-0.5 *  x[2]^0.5 *  x[3]^2.0 *  x[4]^-2.0

2019-05-02-14-06-22   >>>>   End verify ranking function

verifying time = 24.022 ms


Not Found Ranking Fcuntion

Conterexample is 

[1, 1, -1, -1, 0]

sampling time = 3.251 ms


       ########################################         

iteration 5 with 892 examples

2019-05-02-14-06-22   >>>>   Start train ranking function

2019-05-02-14-06-22   >>>>   End train ranking function

train_ranking_functioning time = 29.829 ms


2019-05-02-14-06-22   >>>>   Start verify ranking function

[xi_0 = 1, xi_2 = -1, xi_1 = 1, xi_3 = -1, xi_4 = 0]
ranking function : 0.2 *  x[1]^2.0 *  x[2]^-2.0 *  x[3]^0.5 *  x[4]^-0.5 + 0.1 *  x[0]^2.0 *  x[1]^-2.0 *  x[2]^0.5 *  x[3]^1.0 *  x[4]^-0.5;  - 0.2 *  x[0]^3.0 *  x[1]^1.0 *  x[2]^-2.0 *  x[3]^-0.5 *  x[4]^-0.5; 0.2 *  x[0]^2.0 *  x[1]^1.0 *  x[2]^-1.0 *  x[4]^-1.0 - 0.2 *  x[0]^3.0 *  x[1]^-3.0 *  x[2]^-3.0 *  x[3]^1.0 *  x[4]^-2.0 + 0.2 *  x[0]^-1.0 *  x[1]^-0.5 *  x[2]^0.5 *  x[3]^2.0 *  x[4]^-2.0

2019-05-02-14-06-22   >>>>   End verify ranking function

verifying time = 24.617 ms


Not Found Ranking Fcuntion

Conterexample is 

[1, 1, -1, -1, 0]

sampling time = 3.607 ms


       ########################################         

iteration 6 with 896 examples

2019-05-02-14-06-22   >>>>   Start train ranking function

2019-05-02-14-06-22   >>>>   End train ranking function

train_ranking_functioning time = 30.663 ms


2019-05-02-14-06-22   >>>>   Start verify ranking function

[xi_0 = 1, xi_2 = -1, xi_1 = -1, xi_4 = 1, xi_3 = -1]
ranking function : 0.2 *  x[1]^2.0 *  x[2]^-2.0 *  x[3]^0.5 *  x[4]^-0.5 + 0.1 *  x[0]^1.0 *  x[3]^-1.0 *  x[4]^2.0 + 0.1 *  x[0]^2.0 *  x[1]^-2.0 *  x[2]^0.5 *  x[3]^1.0 *  x[4]^-0.5;  - 0.2 *  x[0]^3.0 *  x[1]^1.0 *  x[2]^-2.0 *  x[3]^-0.5 *  x[4]^-0.5; 0.2 *  x[0]^2.0 *  x[1]^1.0 *  x[2]^-1.0 *  x[4]^-1.0 - 0.2 *  x[0]^3.0 *  x[1]^-3.0 *  x[2]^-3.0 *  x[3]^1.0 *  x[4]^-2.0 + 0.2 *  x[0]^-1.0 *  x[1]^-0.5 *  x[2]^0.5 *  x[3]^2.0 *  x[4]^-2.0

2019-05-02-14-06-22   >>>>   End verify ranking function

verifying time = 24.128 ms


Not Found Ranking Fcuntion

Conterexample is 

[1, -1, -1, -1, 1]

sampling time = 3.303 ms


       ########################################         

iteration 7 with 900 examples

2019-05-02-14-06-22   >>>>   Start train ranking function

2019-05-02-14-06-22   >>>>   End train ranking function

train_ranking_functioning time = 29.722 ms


2019-05-02-14-06-22   >>>>   Start verify ranking function

[xi_0 = 1, xi_2 = -1, xi_1 = 1, xi_3 = -1, xi_4 = 0]
ranking function : 0.2 *  x[1]^2.0 *  x[2]^-2.0 *  x[3]^0.5 *  x[4]^-0.5 + 0.1 *  x[0]^2.0 *  x[1]^-2.0 *  x[2]^0.5 *  x[3]^1.0 *  x[4]^-0.5;  - 0.2 *  x[0]^3.0 *  x[1]^1.0 *  x[2]^-2.0 *  x[3]^-0.5 *  x[4]^-0.5; 0.2 *  x[0]^2.0 *  x[1]^1.0 *  x[2]^-1.0 *  x[4]^-1.0 - 0.2 *  x[0]^3.0 *  x[1]^-3.0 *  x[2]^-3.0 *  x[3]^1.0 *  x[4]^-2.0 + 0.2 *  x[0]^-1.0 *  x[1]^-0.5 *  x[2]^0.5 *  x[3]^2.0 *  x[4]^-2.0

2019-05-02-14-06-22   >>>>   End verify ranking function

verifying time = 26.549 ms


Not Found Ranking Fcuntion

Conterexample is 

[1, 1, -1, -1, 0]

sampling time = 3.285 ms


       ########################################         

iteration 8 with 904 examples

2019-05-02-14-06-22   >>>>   Start train ranking function

2019-05-02-14-06-22   >>>>   End train ranking function

train_ranking_functioning time = 29.763 ms


2019-05-02-14-06-22   >>>>   Start verify ranking function

[xi_0 = 1, xi_2 = -1, xi_1 = 1, xi_3 = -1, xi_4 = 0]
ranking function : 0.2 *  x[1]^2.0 *  x[2]^-2.0 *  x[3]^0.5 *  x[4]^-0.5 + 0.1 *  x[0]^2.0 *  x[1]^-2.0 *  x[2]^0.5 *  x[3]^1.0 *  x[4]^-0.5;  - 0.2 *  x[0]^3.0 *  x[1]^1.0 *  x[2]^-2.0 *  x[3]^-0.5 *  x[4]^-0.5; 0.2 *  x[0]^2.0 *  x[1]^1.0 *  x[2]^-1.0 *  x[4]^-1.0 - 0.2 *  x[0]^3.0 *  x[1]^-3.0 *  x[2]^-3.0 *  x[3]^1.0 *  x[4]^-2.0 + 0.2 *  x[0]^-1.0 *  x[1]^-0.5 *  x[2]^0.5 *  x[3]^2.0 *  x[4]^-2.0

2019-05-02-14-06-22   >>>>   End verify ranking function

verifying time = 24.268 ms


Not Found Ranking Fcuntion

Conterexample is 

[1, 1, -1, -1, 0]

sampling time = 3.270 ms


       ########################################         

iteration 9 with 908 examples

2019-05-02-14-06-22   >>>>   Start train ranking function

2019-05-02-14-06-22   >>>>   End train ranking function

train_ranking_functioning time = 29.954 ms


2019-05-02-14-06-22   >>>>   Start verify ranking function

[xi_0 = 1, xi_2 = -1, xi_1 = 1, xi_3 = -1, xi_4 = 0]
ranking function : 0.2 *  x[1]^2.0 *  x[2]^-2.0 *  x[3]^0.5 *  x[4]^-0.5 + 0.1 *  x[0]^2.0 *  x[1]^-2.0 *  x[2]^0.5 *  x[3]^1.0 *  x[4]^-0.5;  - 0.2 *  x[0]^3.0 *  x[1]^1.0 *  x[2]^-2.0 *  x[3]^-0.5 *  x[4]^-0.5; 0.2 *  x[0]^2.0 *  x[1]^1.0 *  x[2]^-1.0 *  x[4]^-1.0 - 0.2 *  x[0]^3.0 *  x[1]^-3.0 *  x[2]^-3.0 *  x[3]^1.0 *  x[4]^-2.0 + 0.2 *  x[0]^-1.0 *  x[1]^-0.5 *  x[2]^0.5 *  x[3]^2.0 *  x[4]^-2.0

2019-05-02-14-06-22   >>>>   End verify ranking function

verifying time = 23.943 ms


Not Found Ranking Fcuntion

Conterexample is 

[1, 1, -1, -1, 0]

sampling time = 3.370 ms


Failed to prove it is terminated

UNKNOWN
------Using Template 4 -----------
30 [6, 6, 6, 6, 6]
*****************************************************

2019-05-02-14-06-24   >>>>   End sampling point

sampling time = 1800.044 ms,


       ########################################         

iteration 0 with 1308 examples

2019-05-02-14-06-24   >>>>   Start train ranking function

2019-05-02-14-06-24   >>>>   End train ranking function

train_ranking_functioning time = 3.763 ms


2019-05-02-14-06-24   >>>>   Start verify ranking function

[xi_4 = -3, xi_0 = 0]
ranking function : 1.0 *  x[4]^1.0 + 1.4 * 1; 0.3 *  x[3]^1.0 + 0.3 *  x[4]^1.0 + 1.1 * 1; 0.2 *  x[2]^1.0 + 0.1 *  x[3]^1.0 + 0.2 *  x[4]^1.0 + 1.0 * 1; 0.2 *  x[1]^1.0 + 0.1 *  x[2]^1.0 + 0.2 *  x[3]^1.0 + 0.1 *  x[4]^1.0 + 1.0 * 1; 0.1 *  x[0]^1.0 + 0.1 *  x[2]^1.0 + 0.1 *  x[4]^1.0 + 1.2 * 1

2019-05-02-14-06-24   >>>>   End verify ranking function

verifying time = 16.370 ms


Not Found Ranking Fcuntion

Conterexample is 

[0, 0, 0, 0, -3]

sampling time = 8.235 ms


       ########################################         

iteration 1 with 1314 examples

2019-05-02-14-06-24   >>>>   Start train ranking function

2019-05-02-14-06-24   >>>>   End train ranking function

train_ranking_functioning time = 4.143 ms


2019-05-02-14-06-24   >>>>   Start verify ranking function

[xi_4 = -11, xi_0 = 0]
ranking function : 1.0 *  x[4]^1.0 + 1.0 * 1; 0.9 *  x[3]^1.0 + 0.1 *  x[4]^1.0 + 1.3 * 1; 0.3 *  x[2]^1.0 + 0.1 *  x[3]^1.0 + 0.3 *  x[4]^1.0 + 1.0 * 1; 0.2 *  x[1]^1.0 + 0.1 *  x[2]^1.0 + 0.2 *  x[3]^1.0 + 0.1 *  x[4]^1.0 + 1.0 * 1; 0.2 *  x[0]^1.0 + 0.2 *  x[2]^1.0 + 1.2 * 1

2019-05-02-14-06-24   >>>>   End verify ranking function

verifying time = 16.567 ms


Not Found Ranking Fcuntion

Conterexample is 

[0, 0, 0, 0, -11]

sampling time = 8.134 ms


       ########################################         

iteration 2 with 1320 examples

2019-05-02-14-06-24   >>>>   Start train ranking function

2019-05-02-14-06-24   >>>>   End train ranking function

train_ranking_functioning time = 14.436 ms


2019-05-02-14-06-24   >>>>   Start verify ranking function

[xi_0 = 0, xi_3 = -3]
ranking function : 1.0 *  x[4]^1.0 + 0.9 * 1; 1.0 *  x[3]^1.0 + 0.1 *  x[4]^1.0 + 1.4 * 1; 0.4 *  x[2]^1.0 + 0.1 *  x[3]^1.0 + 0.3 *  x[4]^1.0 + 1.1 * 1; 0.2 *  x[1]^1.0 + 0.1 *  x[2]^1.0 + 0.2 *  x[3]^1.0 + 1.0 * 1; 0.2 *  x[0]^1.0 + 0.2 *  x[2]^1.0 + 1.2 * 1

2019-05-02-14-06-24   >>>>   End verify ranking function

verifying time = 23.003 ms


Not Found Ranking Fcuntion

Conterexample is 

[0, 0, 0, -3, 0]

sampling time = 8.477 ms


       ########################################         

iteration 3 with 1326 examples

2019-05-02-14-06-24   >>>>   Start train ranking function

2019-05-02-14-06-24   >>>>   End train ranking function

train_ranking_functioning time = 11.360 ms


2019-05-02-14-06-24   >>>>   Start verify ranking function

[xi_0 = 0, xi_3 = -6]
ranking function : 1.0 *  x[4]^1.0 + 0.9 * 1; 1.0 *  x[3]^1.0 + 0.1 *  x[4]^1.0 + 1.0 * 1; 0.8 *  x[2]^1.0 + 0.1 *  x[3]^1.0 + 0.2 *  x[4]^1.0 + 1.4 * 1; 0.3 *  x[1]^1.0 + 0.1 *  x[2]^1.0 + 0.2 *  x[3]^1.0 + 0.1 *  x[4]^1.0 + 1.1 * 1; 0.2 *  x[0]^1.0 + 0.2 *  x[2]^1.0 + 0.1 *  x[3]^1.0 + 1.3 * 1

2019-05-02-14-06-24   >>>>   End verify ranking function

verifying time = 23.087 ms


Not Found Ranking Fcuntion

Conterexample is 

[0, 0, 0, -6, 0]

sampling time = 8.179 ms


       ########################################         

iteration 4 with 1332 examples

2019-05-02-14-06-24   >>>>   Start train ranking function

2019-05-02-14-06-24   >>>>   End train ranking function

train_ranking_functioning time = 11.469 ms


2019-05-02-14-06-24   >>>>   Start verify ranking function

[xi_0 = 0, xi_3 = -10]
ranking function : 1.0 *  x[4]^1.0 + 0.9 * 1; 1.0 *  x[3]^1.0 + 0.1 *  x[4]^1.0 + 0.8 * 1; 0.9 *  x[2]^1.0 + 0.1 *  x[3]^1.0 + 0.2 *  x[4]^1.0 + 1.5 * 1; 0.4 *  x[1]^1.0 + 0.1 *  x[2]^1.0 + 0.2 *  x[3]^1.0 + 0.1 *  x[4]^1.0 + 1.1 * 1; 0.2 *  x[0]^1.0 + 0.2 *  x[2]^1.0 + 1.2 * 1

2019-05-02-14-06-24   >>>>   End verify ranking function

verifying time = 22.957 ms


Not Found Ranking Fcuntion

Conterexample is 

[0, 0, 0, -10, 0]

sampling time = 9.062 ms


       ########################################         

iteration 5 with 1338 examples

2019-05-02-14-06-24   >>>>   Start train ranking function

2019-05-02-14-06-24   >>>>   End train ranking function

train_ranking_functioning time = 24.595 ms


2019-05-02-14-06-24   >>>>   Start verify ranking function

[xi_2 = -3, xi_0 = 0]
ranking function : 1.0 *  x[4]^1.0 + 0.9 * 1; 1.0 *  x[3]^1.0 + 0.1 *  x[4]^1.0 + 0.8 * 1; 1.0 *  x[2]^1.0 + 0.1 *  x[3]^1.0 + 0.2 *  x[4]^1.0 + 1.5 * 1; 0.4 *  x[1]^1.0 + 0.1 *  x[2]^1.0 + 0.2 *  x[3]^1.0 + 1.2 * 1; 0.2 *  x[0]^1.0 + 0.2 *  x[2]^1.0 + 1.2 * 1

2019-05-02-14-06-24   >>>>   End verify ranking function

verifying time = 29.918 ms


Not Found Ranking Fcuntion

Conterexample is 

[0, 0, -3, 0, 0]

sampling time = 8.350 ms


       ########################################         

iteration 6 with 1344 examples

2019-05-02-14-06-24   >>>>   Start train ranking function

2019-05-02-14-06-24   >>>>   End train ranking function

train_ranking_functioning time = 22.542 ms


2019-05-02-14-06-24   >>>>   Start verify ranking function

[xi_2 = 0, xi_0 = 0, xi_4 = -12]
ranking function : 1.0 *  x[4]^1.0 + 0.9 * 1; 1.0 *  x[3]^1.0 + 0.1 *  x[4]^1.0 + 0.8 * 1; 1.0 *  x[2]^1.0 + 0.1 *  x[3]^1.0 + 0.2 *  x[4]^1.0 + 1.1 * 1; 0.8 *  x[1]^1.0 + 0.1 *  x[2]^1.0 + 0.1 *  x[3]^1.0 + 0.1 *  x[4]^1.0 + 1.4 * 1; 0.3 *  x[0]^1.0 + 0.1 *  x[2]^1.0 + 1.3 * 1

2019-05-02-14-06-24   >>>>   End verify ranking function

verifying time = 30.030 ms


Not Found Ranking Fcuntion

Conterexample is 

[0, 0, 0, 0, -12]

sampling time = 8.207 ms


       ########################################         

iteration 7 with 1350 examples

2019-05-02-14-06-24   >>>>   Start train ranking function

2019-05-02-14-06-24   >>>>   End train ranking function

train_ranking_functioning time = 24.561 ms


2019-05-02-14-06-24   >>>>   Start verify ranking function

[xi_2 = 0, xi_0 = 0, xi_4 = -12]
ranking function : 1.0 *  x[4]^1.0 + 0.9 * 1; 1.0 *  x[3]^1.0 + 0.1 *  x[4]^1.0 + 0.8 * 1; 1.0 *  x[2]^1.0 + 0.1 *  x[3]^1.0 + 0.2 *  x[4]^1.0 + 1.1 * 1; 0.8 *  x[1]^1.0 + 0.1 *  x[2]^1.0 + 0.1 *  x[3]^1.0 + 0.1 *  x[4]^1.0 + 1.4 * 1; 0.3 *  x[0]^1.0 + 0.1 *  x[2]^1.0 + 1.3 * 1

2019-05-02-14-06-24   >>>>   End verify ranking function

verifying time = 29.789 ms


Not Found Ranking Fcuntion

Conterexample is 

[0, 0, 0, 0, -12]

sampling time = 8.278 ms


       ########################################         

iteration 8 with 1356 examples

2019-05-02-14-06-24   >>>>   Start train ranking function

2019-05-02-14-06-25   >>>>   End train ranking function

train_ranking_functioning time = 26.690 ms


2019-05-02-14-06-25   >>>>   Start verify ranking function

[xi_2 = -6, xi_0 = 0, xi_4 = 0]
ranking function : 1.0 *  x[4]^1.0 + 0.9 * 1; 1.0 *  x[3]^1.0 + 0.1 *  x[4]^1.0 + 0.8 * 1; 1.0 *  x[2]^1.0 + 0.1 *  x[3]^1.0 + 0.2 *  x[4]^1.0 + 1.1 * 1; 0.8 *  x[1]^1.0 + 0.1 *  x[2]^1.0 + 0.1 *  x[3]^1.0 + 0.1 *  x[4]^1.0 + 1.4 * 1; 0.3 *  x[0]^1.0 + 0.1 *  x[2]^1.0 + 1.3 * 1

2019-05-02-14-06-25   >>>>   End verify ranking function

verifying time = 31.555 ms


Not Found Ranking Fcuntion

Conterexample is 

[0, 0, -6, 0, 0]

sampling time = 8.251 ms


       ########################################         

iteration 9 with 1362 examples

2019-05-02-14-06-25   >>>>   Start train ranking function

2019-05-02-14-06-25   >>>>   End train ranking function

train_ranking_functioning time = 27.286 ms


2019-05-02-14-06-25   >>>>   Start verify ranking function

[xi_2 = -11, xi_0 = 0]
ranking function : 1.0 *  x[4]^1.0 + 0.9 * 1; 1.0 *  x[3]^1.0 + 0.1 *  x[4]^1.0 + 0.9 * 1; 1.0 *  x[2]^1.0 + 0.1 *  x[3]^1.0 + 0.1 *  x[4]^1.0 + 1.0 * 1; 0.9 *  x[1]^1.0 + 0.1 *  x[2]^1.0 + 0.1 *  x[3]^1.0 + 0.1 *  x[4]^1.0 + 1.5 * 1; 0.4 *  x[0]^1.0 + 0.1 *  x[2]^1.0 + 1.4 * 1

2019-05-02-14-06-25   >>>>   End verify ranking function

verifying time = 29.824 ms


Not Found Ranking Fcuntion

Conterexample is 

[0, 0, -11, 0, 0]

sampling time = 8.175 ms


Failed to prove it is terminated

UNKNOWN
------Using Template 5 -----------
26 [4, 5, 3, 7, 7]
*****************************************************

2019-05-02-14-06-26   >>>>   End sampling point

sampling time = 1848.045 ms,


       ########################################         

iteration 0 with 1308 examples

2019-05-02-14-06-26   >>>>   Start train ranking function

2019-05-02-14-06-27   >>>>   End train ranking function

train_ranking_functioning time = 46.242 ms


2019-05-02-14-06-27   >>>>   Start verify ranking function

[xi_0 = 1, xi_2 = -1, xi_3 = -1, xi_4 = -1, xi_1 = -1]
ranking function :  - 0.1 *  x[0]^-0.5 *  x[1]^-3.0 *  x[2]^3.0 *  x[3]^-2.0 *  x[4]^0.5;  - 0.1 *  x[0]^-2.0 *  x[1]^1.0 *  x[2]^3.0 *  x[3]^1.0 *  x[4]^-2.0; 0.3 *  x[0]^-2.0 *  x[1]^-0.5 *  x[2]^-3.0 *  x[3]^-0.5 *  x[4]^-0.5 + 0.2 *  x[0]^-2.0 *  x[1]^2.0 *  x[3]^0.5 *  x[4]^-0.5;  - 0.1 *  x[0]^2.0 *  x[1]^0.5 *  x[3]^3.0 *  x[4]^1.0 - 0.2 *  x[0]^0.5 *  x[1]^2.0 *  x[2]^-1.0 *  x[3]^-1.0 + 0.1 *  x[0]^-1.0 *  x[1]^0.5 *  x[2]^-3.0 *  x[3]^1.0 *  x[4]^2.0 - 0.1 *  x[1]^2.0 *  x[2]^-0.5 *  x[3]^-1.0 *  x[4]^3.0 + 0.1 *  x[0]^2.0 *  x[1]^-3.0 *  x[2]^3.0 *  x[3]^0.5 *  x[4]^3.0 + 0.2 *  x[0]^0.5 *  x[1]^2.0 *  x[2]^0.5 *  x[3]^-0.5 *  x[4]^3.0; 0.1 *  x[0]^-0.5 *  x[1]^-2.0 *  x[2]^-0.5 *  x[3]^-1.0 *  x[4]^0.5

2019-05-02-14-06-27   >>>>   End verify ranking function

verifying time = 29.660 ms


Not Found Ranking Fcuntion

Conterexample is 

[1, -1, -1, -1, -1]

sampling time = 8.213 ms


       ########################################         

iteration 1 with 1314 examples

2019-05-02-14-06-27   >>>>   Start train ranking function

2019-05-02-14-06-27   >>>>   End train ranking function

train_ranking_functioning time = 46.085 ms


2019-05-02-14-06-27   >>>>   Start verify ranking function

[xi_0 = 1, xi_2 = -1, xi_3 = -1, xi_4 = -1, xi_1 = -1]
ranking function :  - 0.1 *  x[0]^-0.5 *  x[1]^-3.0 *  x[2]^3.0 *  x[3]^-2.0 *  x[4]^0.5; 0.1 *  x[0]^-1.0 *  x[1]^0.5 *  x[2]^2.0 *  x[3]^-0.5 *  x[4]^-2.0; 0.2 *  x[0]^-2.0 *  x[1]^-0.5 *  x[2]^-3.0 *  x[3]^-0.5 *  x[4]^-0.5 + 0.2 *  x[0]^-2.0 *  x[1]^2.0 *  x[3]^0.5 *  x[4]^-0.5;  - 0.1 *  x[0]^2.0 *  x[1]^0.5 *  x[3]^3.0 *  x[4]^1.0 - 0.2 *  x[0]^0.5 *  x[1]^2.0 *  x[2]^-1.0 *  x[3]^-1.0 + 0.1 *  x[0]^-1.0 *  x[1]^0.5 *  x[2]^-3.0 *  x[3]^1.0 *  x[4]^2.0 - 0.1 *  x[1]^2.0 *  x[2]^-0.5 *  x[3]^-1.0 *  x[4]^3.0 + 0.1 *  x[0]^2.0 *  x[1]^-3.0 *  x[2]^3.0 *  x[3]^0.5 *  x[4]^3.0 + 0.2 *  x[0]^0.5 *  x[1]^2.0 *  x[2]^0.5 *  x[3]^-0.5 *  x[4]^3.0; 0.1 *  x[0]^0.5 *  x[1]^0.5 *  x[2]^-1.0 *  x[3]^-2.0 *  x[4]^1.0 + 0.1 *  x[0]^-0.5 *  x[1]^-2.0 *  x[2]^-0.5 *  x[3]^-1.0 *  x[4]^0.5

2019-05-02-14-06-27   >>>>   End verify ranking function

verifying time = 36.603 ms


Not Found Ranking Fcuntion

Conterexample is 

[1, -1, -1, -1, -1]

sampling time = 8.222 ms


       ########################################         

iteration 2 with 1320 examples

2019-05-02-14-06-27   >>>>   Start train ranking function

2019-05-02-14-06-27   >>>>   End train ranking function

train_ranking_functioning time = 46.136 ms


2019-05-02-14-06-27   >>>>   Start verify ranking function

[xi_0 = 1, xi_2 = -1, xi_3 = -1, xi_4 = -1, xi_1 = -1]
ranking function :  - 0.1 *  x[0]^-0.5 *  x[1]^-3.0 *  x[2]^3.0 *  x[3]^-2.0 *  x[4]^0.5; 0.1 *  x[0]^-1.0 *  x[1]^0.5 *  x[2]^2.0 *  x[3]^-0.5 *  x[4]^-2.0; 0.2 *  x[0]^-2.0 *  x[1]^-0.5 *  x[2]^-3.0 *  x[3]^-0.5 *  x[4]^-0.5 + 0.2 *  x[0]^-2.0 *  x[1]^2.0 *  x[3]^0.5 *  x[4]^-0.5;  - 0.1 *  x[0]^2.0 *  x[1]^0.5 *  x[3]^3.0 *  x[4]^1.0 - 0.2 *  x[0]^0.5 *  x[1]^2.0 *  x[2]^-1.0 *  x[3]^-1.0 + 0.1 *  x[0]^-1.0 *  x[1]^0.5 *  x[2]^-3.0 *  x[3]^1.0 *  x[4]^2.0 - 0.1 *  x[1]^2.0 *  x[2]^-0.5 *  x[3]^-1.0 *  x[4]^3.0 + 0.1 *  x[0]^2.0 *  x[1]^-3.0 *  x[2]^3.0 *  x[3]^0.5 *  x[4]^3.0 + 0.2 *  x[0]^0.5 *  x[1]^2.0 *  x[2]^0.5 *  x[3]^-0.5 *  x[4]^3.0 - 0.1 *  x[0]^0.5 *  x[1]^-1.0 *  x[2]^0.5 *  x[3]^-2.0 *  x[4]^-2.0; 0.1 *  x[0]^0.5 *  x[1]^0.5 *  x[2]^-1.0 *  x[3]^-2.0 *  x[4]^1.0 + 0.1 *  x[0]^-0.5 *  x[1]^-2.0 *  x[2]^-0.5 *  x[3]^-1.0 *  x[4]^0.5

2019-05-02-14-06-27   >>>>   End verify ranking function

verifying time = 37.147 ms


Not Found Ranking Fcuntion

Conterexample is 

[1, -1, -1, -1, -1]

sampling time = 9.177 ms


       ########################################         

iteration 3 with 1326 examples

2019-05-02-14-06-27   >>>>   Start train ranking function

2019-05-02-14-06-27   >>>>   End train ranking function

train_ranking_functioning time = 48.293 ms


2019-05-02-14-06-27   >>>>   Start verify ranking function

[xi_0 = 1, xi_2 = -1, xi_3 = -1, xi_4 = -1, xi_1 = -1]
ranking function :  - 0.1 *  x[0]^-0.5 *  x[1]^-3.0 *  x[2]^3.0 *  x[3]^-2.0 *  x[4]^0.5; 0.1 *  x[0]^-1.0 *  x[1]^0.5 *  x[2]^2.0 *  x[3]^-0.5 *  x[4]^-2.0 - 0.1 *  x[0]^-1.0 *  x[1]^1.0 *  x[3]^-1.0 *  x[4]^-1.0; 0.2 *  x[0]^-2.0 *  x[1]^-0.5 *  x[2]^-3.0 *  x[3]^-0.5 *  x[4]^-0.5 + 0.2 *  x[0]^-2.0 *  x[1]^2.0 *  x[3]^0.5 *  x[4]^-0.5;  - 0.1 *  x[0]^2.0 *  x[1]^0.5 *  x[3]^3.0 *  x[4]^1.0 - 0.2 *  x[0]^0.5 *  x[1]^2.0 *  x[2]^-1.0 *  x[3]^-1.0 + 0.1 *  x[0]^-1.0 *  x[1]^0.5 *  x[2]^-3.0 *  x[3]^1.0 *  x[4]^2.0 - 0.1 *  x[1]^2.0 *  x[2]^-0.5 *  x[3]^-1.0 *  x[4]^3.0 + 0.1 *  x[0]^2.0 *  x[1]^-3.0 *  x[2]^3.0 *  x[3]^0.5 *  x[4]^3.0 + 0.2 *  x[0]^0.5 *  x[1]^2.0 *  x[2]^0.5 *  x[3]^-0.5 *  x[4]^3.0 - 0.1 *  x[0]^0.5 *  x[1]^-1.0 *  x[2]^0.5 *  x[3]^-2.0 *  x[4]^-2.0; 0.1 *  x[0]^0.5 *  x[1]^0.5 *  x[2]^-1.0 *  x[3]^-2.0 *  x[4]^1.0

2019-05-02-14-06-27   >>>>   End verify ranking function

verifying time = 27.573 ms


Not Found Ranking Fcuntion

Conterexample is 

[1, -1, -1, -1, -1]

sampling time = 8.327 ms


       ########################################         

iteration 4 with 1332 examples

2019-05-02-14-06-27   >>>>   Start train ranking function

2019-05-02-14-06-27   >>>>   End train ranking function

train_ranking_functioning time = 47.019 ms


2019-05-02-14-06-27   >>>>   Start verify ranking function

[xi_0 = 1, xi_2 = -1, xi_3 = -1, xi_4 = -1, xi_1 = -1]
ranking function :  - 0.1 *  x[0]^-0.5 *  x[1]^-3.0 *  x[2]^3.0 *  x[3]^-2.0 *  x[4]^0.5; 0.1 *  x[0]^-1.0 *  x[1]^0.5 *  x[2]^2.0 *  x[3]^-0.5 *  x[4]^-2.0 - 0.1 *  x[0]^-1.0 *  x[1]^1.0 *  x[3]^-1.0 *  x[4]^-1.0 - 0.1 *  x[0]^-2.0 *  x[1]^1.0 *  x[2]^3.0 *  x[3]^1.0 *  x[4]^-2.0; 0.2 *  x[0]^-2.0 *  x[1]^-0.5 *  x[2]^-3.0 *  x[3]^-0.5 *  x[4]^-0.5 + 0.2 *  x[0]^-2.0 *  x[1]^2.0 *  x[3]^0.5 *  x[4]^-0.5;  - 0.1 *  x[0]^2.0 *  x[1]^0.5 *  x[3]^3.0 *  x[4]^1.0 - 0.2 *  x[0]^0.5 *  x[1]^2.0 *  x[2]^-1.0 *  x[3]^-1.0 + 0.1 *  x[0]^-1.0 *  x[1]^0.5 *  x[2]^-3.0 *  x[3]^1.0 *  x[4]^2.0 - 0.1 *  x[1]^2.0 *  x[2]^-0.5 *  x[3]^-1.0 *  x[4]^3.0 + 0.1 *  x[0]^2.0 *  x[1]^-3.0 *  x[2]^3.0 *  x[3]^0.5 *  x[4]^3.0 + 0.1 *  x[0]^0.5 *  x[1]^2.0 *  x[2]^0.5 *  x[3]^-0.5 *  x[4]^3.0 - 0.1 *  x[0]^0.5 *  x[1]^-1.0 *  x[2]^0.5 *  x[3]^-2.0 *  x[4]^-2.0; 0.1 *  x[0]^0.5 *  x[1]^0.5 *  x[2]^-1.0 *  x[3]^-2.0 *  x[4]^1.0 + 0.1 *  x[1]^-1.0 *  x[2]^-3.0 *  x[3]^0.5 *  x[4]^-2.0

2019-05-02-14-06-27   >>>>   End verify ranking function

verifying time = 29.717 ms


Not Found Ranking Fcuntion

Conterexample is 

[1, -1, -1, -1, -1]

sampling time = 8.291 ms


       ########################################         

iteration 5 with 1338 examples

2019-05-02-14-06-27   >>>>   Start train ranking function

2019-05-02-14-06-27   >>>>   End train ranking function

train_ranking_functioning time = 47.723 ms


2019-05-02-14-06-27   >>>>   Start verify ranking function

[xi_0 = 1, xi_2 = -1, xi_3 = -1, xi_4 = -1, xi_1 = -1]
ranking function :  - 0.1 *  x[0]^-0.5 *  x[1]^-3.0 *  x[2]^3.0 *  x[3]^-2.0 *  x[4]^0.5; 0.1 *  x[0]^-1.0 *  x[1]^0.5 *  x[2]^2.0 *  x[3]^-0.5 *  x[4]^-2.0 - 0.1 *  x[0]^-1.0 *  x[1]^1.0 *  x[3]^-1.0 *  x[4]^-1.0 - 0.1 *  x[0]^-2.0 *  x[1]^1.0 *  x[2]^3.0 *  x[3]^1.0 *  x[4]^-2.0; 0.2 *  x[0]^-2.0 *  x[1]^-0.5 *  x[2]^-3.0 *  x[3]^-0.5 *  x[4]^-0.5 + 0.3 *  x[0]^-2.0 *  x[1]^2.0 *  x[3]^0.5 *  x[4]^-0.5;  - 0.1 *  x[0]^2.0 *  x[1]^0.5 *  x[3]^3.0 *  x[4]^1.0 - 0.1 *  x[0]^0.5 *  x[1]^2.0 *  x[2]^-1.0 *  x[3]^-1.0 + 0.1 *  x[0]^-1.0 *  x[1]^0.5 *  x[2]^-3.0 *  x[3]^1.0 *  x[4]^2.0 - 0.1 *  x[1]^2.0 *  x[2]^-0.5 *  x[3]^-1.0 *  x[4]^3.0 + 0.1 *  x[0]^2.0 *  x[1]^-3.0 *  x[2]^3.0 *  x[3]^0.5 *  x[4]^3.0 + 0.1 *  x[0]^0.5 *  x[1]^2.0 *  x[2]^0.5 *  x[3]^-0.5 *  x[4]^3.0 - 0.1 *  x[0]^0.5 *  x[1]^-1.0 *  x[2]^0.5 *  x[3]^-2.0 *  x[4]^-2.0; 0.1 *  x[0]^0.5 *  x[1]^0.5 *  x[2]^-1.0 *  x[3]^-2.0 *  x[4]^1.0 + 0.1 *  x[1]^-1.0 *  x[2]^-3.0 *  x[3]^0.5 *  x[4]^-2.0

2019-05-02-14-06-27   >>>>   End verify ranking function

verifying time = 29.120 ms


Not Found Ranking Fcuntion

Conterexample is 

[1, -1, -1, -1, -1]

sampling time = 8.300 ms


       ########################################         

iteration 6 with 1344 examples

2019-05-02-14-06-27   >>>>   Start train ranking function

2019-05-02-14-06-27   >>>>   End train ranking function

train_ranking_functioning time = 48.434 ms


2019-05-02-14-06-27   >>>>   Start verify ranking function

[xi_0 = 1, xi_2 = -1, xi_3 = -1, xi_4 = -1, xi_1 = -1]
ranking function :  - 0.1 *  x[0]^-0.5 *  x[1]^-3.0 *  x[2]^3.0 *  x[3]^-2.0 *  x[4]^0.5; 0.1 *  x[0]^-1.0 *  x[1]^0.5 *  x[2]^2.0 *  x[3]^-0.5 *  x[4]^-2.0 - 0.1 *  x[0]^-1.0 *  x[1]^1.0 *  x[3]^-1.0 *  x[4]^-1.0 - 0.1 *  x[0]^-2.0 *  x[1]^1.0 *  x[2]^3.0 *  x[3]^1.0 *  x[4]^-2.0; 0.2 *  x[0]^-2.0 *  x[1]^-0.5 *  x[2]^-3.0 *  x[3]^-0.5 *  x[4]^-0.5 + 0.2 *  x[0]^-2.0 *  x[1]^2.0 *  x[3]^0.5 *  x[4]^-0.5;  - 0.1 *  x[0]^2.0 *  x[1]^0.5 *  x[3]^3.0 *  x[4]^1.0 - 0.1 *  x[0]^0.5 *  x[1]^2.0 *  x[2]^-1.0 *  x[3]^-1.0 + 0.1 *  x[0]^-1.0 *  x[1]^0.5 *  x[2]^-3.0 *  x[3]^1.0 *  x[4]^2.0 - 0.1 *  x[1]^2.0 *  x[2]^-0.5 *  x[3]^-1.0 *  x[4]^3.0 + 0.1 *  x[0]^2.0 *  x[1]^-3.0 *  x[2]^3.0 *  x[3]^0.5 *  x[4]^3.0 + 0.1 *  x[0]^0.5 *  x[1]^2.0 *  x[2]^0.5 *  x[3]^-0.5 *  x[4]^3.0 - 0.1 *  x[0]^0.5 *  x[1]^-1.0 *  x[2]^0.5 *  x[3]^-2.0 *  x[4]^-2.0; 0.1 *  x[0]^0.5 *  x[1]^0.5 *  x[2]^-1.0 *  x[3]^-2.0 *  x[4]^1.0 + 0.1 *  x[1]^-1.0 *  x[2]^-3.0 *  x[3]^0.5 *  x[4]^-2.0

2019-05-02-14-06-27   >>>>   End verify ranking function

verifying time = 29.576 ms


Not Found Ranking Fcuntion

Conterexample is 

[1, -1, -1, -1, -1]

sampling time = 8.242 ms


       ########################################         

iteration 7 with 1350 examples

2019-05-02-14-06-27   >>>>   Start train ranking function

2019-05-02-14-06-27   >>>>   End train ranking function

train_ranking_functioning time = 48.366 ms


2019-05-02-14-06-27   >>>>   Start verify ranking function

[xi_0 = 1, xi_2 = -1, xi_3 = -1, xi_4 = -1, xi_1 = -1]
ranking function :  - 0.1 *  x[0]^-0.5 *  x[1]^-3.0 *  x[2]^3.0 *  x[3]^-2.0 *  x[4]^0.5; 0.1 *  x[0]^-1.0 *  x[1]^0.5 *  x[2]^2.0 *  x[3]^-0.5 *  x[4]^-2.0 - 0.1 *  x[0]^-1.0 *  x[1]^1.0 *  x[3]^-1.0 *  x[4]^-1.0 - 0.1 *  x[0]^-2.0 *  x[1]^1.0 *  x[2]^3.0 *  x[3]^1.0 *  x[4]^-2.0; 0.2 *  x[0]^-2.0 *  x[1]^-0.5 *  x[2]^-3.0 *  x[3]^-0.5 *  x[4]^-0.5 + 0.2 *  x[0]^-2.0 *  x[1]^2.0 *  x[3]^0.5 *  x[4]^-0.5;  - 0.1 *  x[0]^2.0 *  x[1]^0.5 *  x[3]^3.0 *  x[4]^1.0 - 0.1 *  x[0]^0.5 *  x[1]^2.0 *  x[2]^-1.0 *  x[3]^-1.0 + 0.1 *  x[0]^-1.0 *  x[1]^0.5 *  x[2]^-3.0 *  x[3]^1.0 *  x[4]^2.0 - 0.1 *  x[1]^2.0 *  x[2]^-0.5 *  x[3]^-1.0 *  x[4]^3.0 + 0.1 *  x[0]^2.0 *  x[1]^-3.0 *  x[2]^3.0 *  x[3]^0.5 *  x[4]^3.0 + 0.1 *  x[0]^0.5 *  x[1]^2.0 *  x[2]^0.5 *  x[3]^-0.5 *  x[4]^3.0 - 0.2 *  x[0]^0.5 *  x[1]^-1.0 *  x[2]^0.5 *  x[3]^-2.0 *  x[4]^-2.0; 0.1 *  x[0]^0.5 *  x[1]^0.5 *  x[2]^-1.0 *  x[3]^-2.0 *  x[4]^1.0 + 0.1 *  x[1]^-1.0 *  x[2]^-3.0 *  x[3]^0.5 *  x[4]^-2.0

2019-05-02-14-06-27   >>>>   End verify ranking function

verifying time = 28.988 ms


Not Found Ranking Fcuntion

Conterexample is 

[1, -1, -1, -1, -1]

sampling time = 8.379 ms


       ########################################         

iteration 8 with 1356 examples

2019-05-02-14-06-27   >>>>   Start train ranking function

2019-05-02-14-06-27   >>>>   End train ranking function

train_ranking_functioning time = 48.951 ms


2019-05-02-14-06-27   >>>>   Start verify ranking function

[xi_0 = 1, xi_2 = -1, xi_3 = -1, xi_4 = -1, xi_1 = -1]
ranking function :  - 0.1 *  x[0]^-0.5 *  x[1]^-3.0 *  x[2]^3.0 *  x[3]^-2.0 *  x[4]^0.5; 0.1 *  x[0]^-1.0 *  x[1]^0.5 *  x[2]^2.0 *  x[3]^-0.5 *  x[4]^-2.0 - 0.1 *  x[0]^-1.0 *  x[1]^1.0 *  x[3]^-1.0 *  x[4]^-1.0 - 0.1 *  x[0]^-2.0 *  x[1]^1.0 *  x[2]^3.0 *  x[3]^1.0 *  x[4]^-2.0; 0.2 *  x[0]^-2.0 *  x[1]^-0.5 *  x[2]^-3.0 *  x[3]^-0.5 *  x[4]^-0.5 + 0.3 *  x[0]^-2.0 *  x[1]^2.0 *  x[3]^0.5 *  x[4]^-0.5;  - 0.1 *  x[0]^2.0 *  x[1]^0.5 *  x[3]^3.0 *  x[4]^1.0 - 0.1 *  x[0]^0.5 *  x[1]^2.0 *  x[2]^-1.0 *  x[3]^-1.0 + 0.2 *  x[0]^-1.0 *  x[1]^0.5 *  x[2]^-3.0 *  x[3]^1.0 *  x[4]^2.0 - 0.1 *  x[1]^2.0 *  x[2]^-0.5 *  x[3]^-1.0 *  x[4]^3.0 + 0.1 *  x[0]^2.0 *  x[1]^-3.0 *  x[2]^3.0 *  x[3]^0.5 *  x[4]^3.0 + 0.1 *  x[0]^0.5 *  x[1]^2.0 *  x[2]^0.5 *  x[3]^-0.5 *  x[4]^3.0 - 0.2 *  x[0]^0.5 *  x[1]^-1.0 *  x[2]^0.5 *  x[3]^-2.0 *  x[4]^-2.0; 0.2 *  x[0]^0.5 *  x[1]^0.5 *  x[2]^-1.0 *  x[3]^-2.0 *  x[4]^1.0 + 0.1 *  x[1]^-1.0 *  x[2]^-3.0 *  x[3]^0.5 *  x[4]^-2.0

2019-05-02-14-06-27   >>>>   End verify ranking function

verifying time = 36.444 ms


Not Found Ranking Fcuntion

Conterexample is 

[1, -1, -1, -1, -1]

sampling time = 8.619 ms


       ########################################         

iteration 9 with 1362 examples

2019-05-02-14-06-27   >>>>   Start train ranking function

2019-05-02-14-06-27   >>>>   End train ranking function

train_ranking_functioning time = 50.117 ms


2019-05-02-14-06-27   >>>>   Start verify ranking function

[xi_0 = 1, xi_2 = -1, xi_3 = -1, xi_4 = -1, xi_1 = -1]
ranking function :  - 0.1 *  x[0]^-0.5 *  x[1]^-3.0 *  x[2]^3.0 *  x[3]^-2.0 *  x[4]^0.5; 0.1 *  x[0]^-1.0 *  x[1]^0.5 *  x[2]^2.0 *  x[3]^-0.5 *  x[4]^-2.0 - 0.1 *  x[0]^-1.0 *  x[1]^1.0 *  x[3]^-1.0 *  x[4]^-1.0 - 0.1 *  x[0]^-2.0 *  x[1]^1.0 *  x[2]^3.0 *  x[3]^1.0 *  x[4]^-2.0; 0.2 *  x[0]^-2.0 *  x[1]^-0.5 *  x[2]^-3.0 *  x[3]^-0.5 *  x[4]^-0.5 + 0.3 *  x[0]^-2.0 *  x[1]^2.0 *  x[3]^0.5 *  x[4]^-0.5;  - 0.1 *  x[0]^2.0 *  x[1]^0.5 *  x[3]^3.0 *  x[4]^1.0 - 0.1 *  x[0]^0.5 *  x[1]^2.0 *  x[2]^-1.0 *  x[3]^-1.0 + 0.2 *  x[0]^-1.0 *  x[1]^0.5 *  x[2]^-3.0 *  x[3]^1.0 *  x[4]^2.0 - 0.1 *  x[1]^2.0 *  x[2]^-0.5 *  x[3]^-1.0 *  x[4]^3.0 + 0.1 *  x[0]^0.5 *  x[1]^2.0 *  x[2]^0.5 *  x[3]^-0.5 *  x[4]^3.0 - 0.2 *  x[0]^0.5 *  x[1]^-1.0 *  x[2]^0.5 *  x[3]^-2.0 *  x[4]^-2.0; 0.2 *  x[0]^0.5 *  x[1]^0.5 *  x[2]^-1.0 *  x[3]^-2.0 *  x[4]^1.0 + 0.1 *  x[1]^-1.0 *  x[2]^-3.0 *  x[3]^0.5 *  x[4]^-2.0

2019-05-02-14-06-27   >>>>   End verify ranking function

verifying time = 37.089 ms


Not Found Ranking Fcuntion

Conterexample is 

[1, -1, -1, -1, -1]

sampling time = 8.248 ms


Failed to prove it is terminated

UNKNOWN
------Using Template 6 -----------
42 [6, 6, 6, 6, 6, 6, 6]
*****************************************************

2019-05-02-14-06-30   >>>>   End sampling point

sampling time = 2527.711 ms,


       ########################################         

iteration 0 with 1744 examples

2019-05-02-14-06-30   >>>>   Start train ranking function

2019-05-02-14-06-30   >>>>   End train ranking function

train_ranking_functioning time = 4.891 ms


2019-05-02-14-06-30   >>>>   Start verify ranking function

[xi_4 = -3, xi_0 = 0]
ranking function : 1.0 *  x[4]^1.0 + 1.3 * 1; 0.3 *  x[3]^1.0 + 0.3 *  x[4]^1.0 + 1.0 * 1; 0.2 *  x[2]^1.0 + 0.2 *  x[3]^1.0 + 0.2 *  x[4]^1.0 + 0.9 * 1; 0.1 *  x[1]^1.0 + 0.1 *  x[2]^1.0 + 0.2 *  x[3]^1.0 + 0.2 *  x[4]^1.0 + 0.9 * 1; 0.1 *  x[0]^1.0 + 0.1 *  x[1]^1.0 + 0.2 *  x[2]^1.0 + 0.1 *  x[3]^1.0 + 0.1 *  x[4]^1.0 + 1.0 * 1; 0.1 *  x[0]^1.0 + 0.1 *  x[1]^1.0 + 0.1 *  x[2]^1.0 + 0.1 *  x[3]^1.0 + 0.1 *  x[4]^1.0 + 1.1 * 1; 0.1 *  x[0]^1.0 + 0.1 *  x[2]^1.0 + 0.1 *  x[4]^1.0 + 1.1 * 1

2019-05-02-14-06-30   >>>>   End verify ranking function

verifying time = 17.223 ms


Not Found Ranking Fcuntion

Conterexample is 

[0, 0, 0, 0, -3]

sampling time = 11.347 ms


       ########################################         

iteration 1 with 1752 examples

2019-05-02-14-06-30   >>>>   Start train ranking function

2019-05-02-14-06-30   >>>>   End train ranking function

train_ranking_functioning time = 5.544 ms


2019-05-02-14-06-30   >>>>   Start verify ranking function

[xi_4 = -12, xi_0 = 0]
ranking function : 1.0 *  x[4]^1.0 + 1.0 * 1; 0.9 *  x[3]^1.0 + 0.2 *  x[4]^1.0 + 1.2 * 1; 0.3 *  x[2]^1.0 + 0.1 *  x[3]^1.0 + 0.3 *  x[4]^1.0 + 1.0 * 1; 0.2 *  x[1]^1.0 + 0.1 *  x[2]^1.0 + 0.3 *  x[3]^1.0 + 0.2 *  x[4]^1.0 + 0.9 * 1; 0.2 *  x[0]^1.0 + 0.1 *  x[1]^1.0 + 0.2 *  x[2]^1.0 + 0.1 *  x[3]^1.0 + 0.1 *  x[4]^1.0 + 1.1 * 1; 0.1 *  x[0]^1.0 + 0.1 *  x[1]^1.0 + 0.1 *  x[2]^1.0 + 0.1 *  x[3]^1.0 + 0.1 *  x[4]^1.0 + 1.0 * 1; 0.1 *  x[0]^1.0 + 0.1 *  x[2]^1.0 + 0.1 *  x[3]^1.0 + 1.1 * 1

2019-05-02-14-06-30   >>>>   End verify ranking function

verifying time = 17.398 ms


Not Found Ranking Fcuntion

Conterexample is 

[0, 0, 0, 0, -12]

sampling time = 11.399 ms


       ########################################         

iteration 2 with 1760 examples

2019-05-02-14-06-30   >>>>   Start train ranking function

2019-05-02-14-06-30   >>>>   End train ranking function

train_ranking_functioning time = 20.097 ms


2019-05-02-14-06-30   >>>>   Start verify ranking function

[xi_0 = 0, xi_3 = -3]
ranking function : 1.0 *  x[4]^1.0 + 0.9 * 1; 1.0 *  x[3]^1.0 + 0.1 *  x[4]^1.0 + 1.3 * 1; 0.4 *  x[2]^1.0 + 0.1 *  x[3]^1.0 + 0.3 *  x[4]^1.0 + 1.0 * 1; 0.2 *  x[1]^1.0 + 0.1 *  x[2]^1.0 + 0.3 *  x[3]^1.0 + 0.1 *  x[4]^1.0 + 0.9 * 1; 0.2 *  x[0]^1.0 + 0.1 *  x[1]^1.0 + 0.3 *  x[2]^1.0 + 0.1 *  x[3]^1.0 + 0.1 *  x[4]^1.0 + 1.1 * 1; 0.1 *  x[0]^1.0 + 0.1 *  x[1]^1.0 + 0.1 *  x[2]^1.0 + 0.1 *  x[3]^1.0 + 0.1 *  x[4]^1.0 + 1.1 * 1; 0.1 *  x[0]^1.0 + 0.1 *  x[2]^1.0 + 0.1 *  x[3]^1.0 + 1.1 * 1

2019-05-02-14-06-30   >>>>   End verify ranking function

verifying time = 24.050 ms


Not Found Ranking Fcuntion

Conterexample is 

[0, 0, 0, -3, 0]

sampling time = 11.508 ms


       ########################################         

iteration 3 with 1768 examples

2019-05-02-14-06-30   >>>>   Start train ranking function

2019-05-02-14-06-30   >>>>   End train ranking function

train_ranking_functioning time = 14.482 ms


2019-05-02-14-06-30   >>>>   Start verify ranking function

[xi_0 = 0, xi_3 = -6]
ranking function : 1.0 *  x[4]^1.0 + 0.9 * 1; 1.0 *  x[3]^1.0 + 0.1 *  x[4]^1.0 + 0.9 * 1; 0.8 *  x[2]^1.0 + 0.1 *  x[3]^1.0 + 0.2 *  x[4]^1.0 + 1.3 * 1; 0.3 *  x[1]^1.0 + 0.1 *  x[2]^1.0 + 0.2 *  x[3]^1.0 + 0.2 *  x[4]^1.0 + 1.0 * 1; 0.2 *  x[0]^1.0 + 0.1 *  x[1]^1.0 + 0.2 *  x[2]^1.0 + 0.2 *  x[3]^1.0 + 0.1 *  x[4]^1.0 + 1.1 * 1; 0.1 *  x[0]^1.0 + 0.1 *  x[1]^1.0 + 0.1 *  x[2]^1.0 + 0.1 *  x[3]^1.0 + 0.1 *  x[4]^1.0 + 1.1 * 1; 0.1 *  x[0]^1.0 + 0.1 *  x[2]^1.0 + 1.1 * 1

2019-05-02-14-06-30   >>>>   End verify ranking function

verifying time = 23.970 ms


Not Found Ranking Fcuntion

Conterexample is 

[0, 0, 0, -6, 0]

sampling time = 11.414 ms


       ########################################         

iteration 4 with 1776 examples

2019-05-02-14-06-30   >>>>   Start train ranking function

2019-05-02-14-06-30   >>>>   End train ranking function

train_ranking_functioning time = 16.838 ms


2019-05-02-14-06-30   >>>>   Start verify ranking function

[xi_2 = -3, xi_0 = 0]
ranking function : 1.0 *  x[4]^1.0 + 0.9 * 1; 1.0 *  x[3]^1.0 + 0.1 *  x[4]^1.0 + 0.8 * 1; 1.0 *  x[2]^1.0 + 0.1 *  x[3]^1.0 + 0.2 *  x[4]^1.0 + 1.4 * 1; 0.4 *  x[1]^1.0 + 0.1 *  x[2]^1.0 + 0.2 *  x[3]^1.0 + 0.2 *  x[4]^1.0 + 1.1 * 1; 0.2 *  x[0]^1.0 + 0.1 *  x[1]^1.0 + 0.2 *  x[2]^1.0 + 0.2 *  x[3]^1.0 + 0.1 *  x[4]^1.0 + 1.1 * 1; 0.1 *  x[0]^1.0 + 0.1 *  x[1]^1.0 + 0.2 *  x[2]^1.0 + 0.1 *  x[3]^1.0 + 1.1 * 1; 0.1 *  x[2]^1.0 + 1.1 * 1

2019-05-02-14-06-30   >>>>   End verify ranking function

verifying time = 31.373 ms


Not Found Ranking Fcuntion

Conterexample is 

[0, 0, -3, 0, 0]

sampling time = 11.407 ms


       ########################################         

iteration 5 with 1784 examples

2019-05-02-14-06-30   >>>>   Start train ranking function

2019-05-02-14-06-30   >>>>   End train ranking function

train_ranking_functioning time = 14.598 ms


2019-05-02-14-06-30   >>>>   Start verify ranking function

[xi_0 = 0, xi_3 = -10]
ranking function : 1.0 *  x[4]^1.0 + 0.9 * 1; 1.0 *  x[3]^1.0 + 0.1 *  x[4]^1.0 + 0.8 * 1; 0.9 *  x[2]^1.0 + 0.1 *  x[3]^1.0 + 0.2 *  x[4]^1.0 + 1.0 * 1; 0.8 *  x[1]^1.0 + 0.1 *  x[2]^1.0 + 0.2 *  x[3]^1.0 + 0.1 *  x[4]^1.0 + 1.4 * 1; 0.3 *  x[0]^1.0 + 0.1 *  x[1]^1.0 + 0.2 *  x[2]^1.0 + 0.1 *  x[3]^1.0 + 0.1 *  x[4]^1.0 + 1.3 * 1; 0.1 *  x[1]^1.0 + 0.1 *  x[2]^1.0 + 0.1 *  x[3]^1.0 + 1.0 * 1; 0.1 *  x[2]^1.0 + 1.1 * 1

2019-05-02-14-06-30   >>>>   End verify ranking function

verifying time = 24.172 ms


Not Found Ranking Fcuntion

Conterexample is 

[0, 0, 0, -10, 0]

sampling time = 11.592 ms


       ########################################         

iteration 6 with 1792 examples

2019-05-02-14-06-30   >>>>   Start train ranking function

2019-05-02-14-06-30   >>>>   End train ranking function

train_ranking_functioning time = 27.855 ms


2019-05-02-14-06-30   >>>>   Start verify ranking function

[xi_2 = -6, xi_0 = 0]
ranking function : 1.0 *  x[4]^1.0 + 0.9 * 1; 1.0 *  x[3]^1.0 + 0.1 *  x[4]^1.0 + 0.8 * 1; 1.0 *  x[2]^1.0 + 0.1 *  x[3]^1.0 + 0.2 *  x[4]^1.0 + 1.0 * 1; 0.8 *  x[1]^1.0 + 0.1 *  x[2]^1.0 + 0.2 *  x[3]^1.0 + 0.1 *  x[4]^1.0 + 1.4 * 1; 0.3 *  x[0]^1.0 + 0.1 *  x[1]^1.0 + 0.2 *  x[2]^1.0 + 0.1 *  x[3]^1.0 + 0.1 *  x[4]^1.0 + 1.3 * 1; 0.1 *  x[1]^1.0 + 0.1 *  x[2]^1.0 + 0.1 *  x[3]^1.0 + 1.0 * 1; 0.1 *  x[2]^1.0 + 1.1 * 1

2019-05-02-14-06-30   >>>>   End verify ranking function

verifying time = 31.409 ms


Not Found Ranking Fcuntion

Conterexample is 

[0, 0, -6, 0, 0]

sampling time = 12.771 ms


       ########################################         

iteration 7 with 1800 examples

2019-05-02-14-06-30   >>>>   Start train ranking function

2019-05-02-14-06-30   >>>>   End train ranking function

train_ranking_functioning time = 30.202 ms


2019-05-02-14-06-30   >>>>   Start verify ranking function

[xi_2 = -10, xi_0 = 0]
ranking function : 1.0 *  x[4]^1.0 + 0.9 * 1; 1.0 *  x[3]^1.0 + 0.1 *  x[4]^1.0 + 0.9 * 1; 1.0 *  x[2]^1.0 + 0.1 *  x[3]^1.0 + 0.1 *  x[4]^1.0 + 0.9 * 1; 0.9 *  x[1]^1.0 + 0.1 *  x[2]^1.0 + 0.1 *  x[3]^1.0 + 0.1 *  x[4]^1.0 + 1.5 * 1; 0.3 *  x[0]^1.0 + 0.1 *  x[1]^1.0 + 0.1 *  x[2]^1.0 + 0.1 *  x[3]^1.0 + 0.1 *  x[4]^1.0 + 1.3 * 1; 0.1 *  x[2]^1.0 + 1.0 * 1; 1.1 * 1

2019-05-02-14-06-30   >>>>   End verify ranking function

verifying time = 31.455 ms


Not Found Ranking Fcuntion

Conterexample is 

[0, 0, -10, 0, 0]

sampling time = 11.835 ms


       ########################################         

iteration 8 with 1808 examples

2019-05-02-14-06-31   >>>>   Start train ranking function

2019-05-02-14-06-31   >>>>   End train ranking function

train_ranking_functioning time = 34.406 ms


2019-05-02-14-06-31   >>>>   Start verify ranking function

[xi_0 = 0, xi_1 = -3]
ranking function : 1.0 *  x[4]^1.0 + 0.9 * 1; 1.0 *  x[3]^1.0 + 0.1 *  x[4]^1.0 + 0.9 * 1; 1.0 *  x[2]^1.0 + 0.1 *  x[3]^1.0 + 0.1 *  x[4]^1.0 + 0.9 * 1; 1.0 *  x[1]^1.0 + 0.1 *  x[2]^1.0 + 0.1 *  x[3]^1.0 + 0.1 *  x[4]^1.0 + 1.5 * 1; 0.4 *  x[0]^1.0 + 0.1 *  x[1]^1.0 + 0.1 *  x[2]^1.0 + 0.1 *  x[3]^1.0 + 1.3 * 1; 1.0 * 1; 1.0 * 1

2019-05-02-14-06-31   >>>>   End verify ranking function

verifying time = 38.826 ms


Not Found Ranking Fcuntion

Conterexample is 

[0, -3, 0, 0, 0]

sampling time = 11.504 ms


       ########################################         

iteration 9 with 1816 examples

2019-05-02-14-06-31   >>>>   Start train ranking function

2019-05-02-14-06-31   >>>>   End train ranking function

train_ranking_functioning time = 32.072 ms


2019-05-02-14-06-31   >>>>   Start verify ranking function

[xi_2 = -10, xi_0 = 0]
ranking function : 1.0 *  x[4]^1.0 + 0.9 * 1; 1.0 *  x[3]^1.0 + 0.1 *  x[4]^1.0 + 0.9 * 1; 1.0 *  x[2]^1.0 + 0.1 *  x[3]^1.0 + 0.1 *  x[4]^1.0 + 0.9 * 1; 0.9 *  x[1]^1.0 + 0.1 *  x[2]^1.0 + 0.1 *  x[3]^1.0 + 0.1 *  x[4]^1.0 + 1.2 * 1; 0.8 *  x[0]^1.0 + 0.1 *  x[2]^1.0 + 0.1 *  x[3]^1.0 + 0.1 *  x[4]^1.0 + 1.7 * 1; 1.0 * 1; 1.0 * 1

2019-05-02-14-06-31   >>>>   End verify ranking function

verifying time = 31.410 ms


Not Found Ranking Fcuntion

Conterexample is 

[0, 0, -10, 0, 0]

sampling time = 11.512 ms


Failed to prove it is terminated

UNKNOWN
------Using Template 7 -----------
30 [4, 3, 4, 7, 3, 5, 4]
*****************************************************

2019-05-02-14-06-33   >>>>   End sampling point

sampling time = 2124.731 ms,


       ########################################         

iteration 0 with 1744 examples

2019-05-02-14-06-33   >>>>   Start train ranking function

2019-05-02-14-06-33   >>>>   End train ranking function

train_ranking_functioning time = 62.697 ms


2019-05-02-14-06-33   >>>>   Start verify ranking function

[xi_0 = -1, xi_2 = 1, xi_4 = -1, xi_1 = -1, xi_3 = -1]
ranking function : 0.2 *  x[0]^1.0 *  x[1]^-1.0 *  x[2]^-0.5 *  x[3]^-0.5 *  x[4]^1.0 + 0.7 *  x[1]^-2.0 *  x[3]^-0.5 *  x[4]^-2.0; 0.1 *  x[0]^0.5 *  x[1]^-3.0 *  x[2]^3.0 *  x[3]^0.5 *  x[4]^-1.0;  - 0.2 *  x[0]^-1.0 *  x[1]^1.0 *  x[2]^-1.0 *  x[3]^3.0 *  x[4]^-2.0 + 0.2 *  x[0]^-0.5 *  x[1]^-3.0 *  x[2]^3.0 *  x[4]^-1.0 + 0.1 *  x[0]^0.5 *  x[2]^-0.5 *  x[3]^-1.0 *  x[4]^0.5;  - 0.1 *  x[0]^2.0 *  x[1]^1.0 *  x[2]^1.0 *  x[4]^-2.0 + 0.1 *  x[0]^-3.0 *  x[2]^0.5 *  x[3]^0.5 *  x[4]^-1.0 + 0.1 *  x[0]^0.5 *  x[2]^3.0 *  x[3]^-1.0 *  x[4]^-3.0 - 0.2 *  x[0]^-1.0 *  x[1]^3.0 *  x[2]^-0.5 *  x[4]^0.5; 0.1 *  x[0]^3.0 *  x[1]^1.0 *  x[2]^2.0 *  x[3]^-2.0 *  x[4]^-1.0; 0.2 *  x[0]^-2.0 *  x[1]^0.5 *  x[2]^-2.0 *  x[3]^1.0 *  x[4]^2.0 - 0.1 *  x[0]^-2.0 *  x[1]^-1.0 *  x[2]^0.5 *  x[3]^-1.0 *  x[4]^-2.0;  - 0.1 *  x[1]^-2.0 *  x[2]^-3.0 *  x[3]^-3.0 *  x[4]^0.5 - 0.1 *  x[0]^-2.0 *  x[2]^-0.5 *  x[3]^-1.0 *  x[4]^-1.0

2019-05-02-14-06-33   >>>>   End verify ranking function

verifying time = 25.771 ms


Not Found Ranking Fcuntion

Conterexample is 

[-1, -1, 1, -1, -1]

sampling time = 9.591 ms


       ########################################         

iteration 1 with 1752 examples

2019-05-02-14-06-33   >>>>   Start train ranking function

2019-05-02-14-06-33   >>>>   End train ranking function

train_ranking_functioning time = 62.659 ms


2019-05-02-14-06-33   >>>>   Start verify ranking function

[xi_0 = -1, xi_2 = 1, xi_4 = -1, xi_1 = -1, xi_3 = -1]
ranking function : 0.2 *  x[0]^1.0 *  x[1]^-1.0 *  x[2]^-0.5 *  x[3]^-0.5 *  x[4]^1.0 + 0.7 *  x[1]^-2.0 *  x[3]^-0.5 *  x[4]^-2.0; 0.1 *  x[0]^0.5 *  x[1]^-3.0 *  x[2]^3.0 *  x[3]^0.5 *  x[4]^-1.0;  - 0.2 *  x[0]^-1.0 *  x[1]^1.0 *  x[2]^-1.0 *  x[3]^3.0 *  x[4]^-2.0 + 0.2 *  x[0]^-0.5 *  x[1]^-3.0 *  x[2]^3.0 *  x[4]^-1.0 + 0.1 *  x[0]^0.5 *  x[2]^-0.5 *  x[3]^-1.0 *  x[4]^0.5;  - 0.1 *  x[0]^2.0 *  x[1]^1.0 *  x[2]^1.0 *  x[4]^-2.0 + 0.1 *  x[0]^-3.0 *  x[2]^0.5 *  x[3]^0.5 *  x[4]^-1.0 + 0.2 *  x[0]^0.5 *  x[2]^3.0 *  x[3]^-1.0 *  x[4]^-3.0 - 0.2 *  x[0]^-1.0 *  x[1]^3.0 *  x[2]^-0.5 *  x[4]^0.5; 0.1 *  x[0]^3.0 *  x[1]^1.0 *  x[2]^2.0 *  x[3]^-2.0 *  x[4]^-1.0; 0.2 *  x[0]^-2.0 *  x[1]^0.5 *  x[2]^-2.0 *  x[3]^1.0 *  x[4]^2.0;  - 0.2 *  x[1]^-2.0 *  x[2]^-3.0 *  x[3]^-3.0 *  x[4]^0.5

2019-05-02-14-06-33   >>>>   End verify ranking function

verifying time = 57.395 ms


Not Found Ranking Fcuntion

Conterexample is 

[-1, -1, 1, -1, -1]

sampling time = 9.567 ms


       ########################################         

iteration 2 with 1760 examples

2019-05-02-14-06-33   >>>>   Start train ranking function

2019-05-02-14-06-33   >>>>   End train ranking function

train_ranking_functioning time = 62.982 ms


2019-05-02-14-06-33   >>>>   Start verify ranking function

[xi_0 = -1, xi_2 = 1, xi_4 = -1, xi_1 = -1, xi_3 = -1]
ranking function : 0.2 *  x[0]^1.0 *  x[1]^-1.0 *  x[2]^-0.5 *  x[3]^-0.5 *  x[4]^1.0 + 0.7 *  x[1]^-2.0 *  x[3]^-0.5 *  x[4]^-2.0; 0.1 *  x[0]^0.5 *  x[1]^-3.0 *  x[2]^3.0 *  x[3]^0.5 *  x[4]^-1.0;  - 0.2 *  x[0]^-1.0 *  x[1]^1.0 *  x[2]^-1.0 *  x[3]^3.0 *  x[4]^-2.0 + 0.2 *  x[0]^-0.5 *  x[1]^-3.0 *  x[2]^3.0 *  x[4]^-1.0 + 0.1 *  x[0]^0.5 *  x[2]^-0.5 *  x[3]^-1.0 *  x[4]^0.5;  - 0.1 *  x[0]^2.0 *  x[1]^1.0 *  x[2]^1.0 *  x[4]^-2.0 + 0.1 *  x[0]^-3.0 *  x[2]^0.5 *  x[3]^0.5 *  x[4]^-1.0 + 0.2 *  x[0]^0.5 *  x[2]^3.0 *  x[3]^-1.0 *  x[4]^-3.0 - 0.2 *  x[0]^-1.0 *  x[1]^3.0 *  x[2]^-0.5 *  x[4]^0.5; 0.1 *  x[0]^3.0 *  x[1]^1.0 *  x[2]^2.0 *  x[3]^-2.0 *  x[4]^-1.0; 0.1 *  x[0]^-2.0 *  x[1]^0.5 *  x[2]^-2.0 *  x[3]^1.0 *  x[4]^2.0;  - 0.2 *  x[1]^-2.0 *  x[2]^-3.0 *  x[3]^-3.0 *  x[4]^0.5

2019-05-02-14-06-33   >>>>   End verify ranking function

verifying time = 26.523 ms


Not Found Ranking Fcuntion

Conterexample is 

[-1, -1, 1, -1, -1]

sampling time = 9.746 ms


       ########################################         

iteration 3 with 1768 examples

2019-05-02-14-06-33   >>>>   Start train ranking function

2019-05-02-14-06-33   >>>>   End train ranking function

train_ranking_functioning time = 63.106 ms


2019-05-02-14-06-33   >>>>   Start verify ranking function

[xi_0 = -1, xi_2 = 1, xi_4 = -1, xi_1 = -1, xi_3 = -1]
ranking function : 0.2 *  x[0]^1.0 *  x[1]^-1.0 *  x[2]^-0.5 *  x[3]^-0.5 *  x[4]^1.0 + 0.7 *  x[1]^-2.0 *  x[3]^-0.5 *  x[4]^-2.0; 0.1 *  x[0]^0.5 *  x[1]^-3.0 *  x[2]^3.0 *  x[3]^0.5 *  x[4]^-1.0;  - 0.2 *  x[0]^-1.0 *  x[1]^1.0 *  x[2]^-1.0 *  x[3]^3.0 *  x[4]^-2.0 + 0.2 *  x[0]^-0.5 *  x[1]^-3.0 *  x[2]^3.0 *  x[4]^-1.0 + 0.1 *  x[0]^0.5 *  x[2]^-0.5 *  x[3]^-1.0 *  x[4]^0.5;  - 0.2 *  x[0]^2.0 *  x[1]^1.0 *  x[2]^1.0 *  x[4]^-2.0 + 0.1 *  x[0]^-3.0 *  x[2]^0.5 *  x[3]^0.5 *  x[4]^-1.0 + 0.2 *  x[0]^0.5 *  x[2]^3.0 *  x[3]^-1.0 *  x[4]^-3.0 - 0.2 *  x[0]^-1.0 *  x[1]^3.0 *  x[2]^-0.5 *  x[4]^0.5; 0.1 *  x[0]^3.0 *  x[1]^1.0 *  x[2]^2.0 *  x[3]^-2.0 *  x[4]^-1.0; 0.1 *  x[0]^-2.0 *  x[1]^0.5 *  x[2]^-2.0 *  x[3]^1.0 *  x[4]^2.0;  - 0.1 *  x[0]^-3.0 *  x[1]^0.5 *  x[2]^-0.5 *  x[3]^3.0 *  x[4]^-3.0 - 0.2 *  x[1]^-2.0 *  x[2]^-3.0 *  x[3]^-3.0 *  x[4]^0.5

2019-05-02-14-06-55   >>>>   End verify ranking function

verifying time = 22159.859 ms


Not Found Ranking Fcuntion

Conterexample is 

[-1, -1, 1, -1, -1]

sampling time = 10.532 ms


       ########################################         

iteration 4 with 1776 examples

2019-05-02-14-06-55   >>>>   Start train ranking function

2019-05-02-14-06-55   >>>>   End train ranking function

train_ranking_functioning time = 64.704 ms


2019-05-02-14-06-55   >>>>   Start verify ranking function

[xi_0 = -1, xi_2 = 1, xi_4 = -1, xi_1 = -1, xi_3 = -1]
ranking function : 0.2 *  x[0]^1.0 *  x[1]^-1.0 *  x[2]^-0.5 *  x[3]^-0.5 *  x[4]^1.0 + 0.7 *  x[1]^-2.0 *  x[3]^-0.5 *  x[4]^-2.0 - 0.1 *  x[0]^-3.0 *  x[2]^-2.0 *  x[3]^-3.0 *  x[4]^-3.0; 0.1 *  x[0]^0.5 *  x[1]^-3.0 *  x[2]^3.0 *  x[3]^0.5 *  x[4]^-1.0;  - 0.3 *  x[0]^-1.0 *  x[1]^1.0 *  x[2]^-1.0 *  x[3]^3.0 *  x[4]^-2.0 + 0.2 *  x[0]^-0.5 *  x[1]^-3.0 *  x[2]^3.0 *  x[4]^-1.0 + 0.1 *  x[0]^0.5 *  x[2]^-0.5 *  x[3]^-1.0 *  x[4]^0.5;  - 0.1 *  x[0]^2.0 *  x[1]^1.0 *  x[2]^1.0 *  x[4]^-2.0 + 0.1 *  x[0]^-3.0 *  x[2]^0.5 *  x[3]^0.5 *  x[4]^-1.0 + 0.2 *  x[0]^0.5 *  x[2]^3.0 *  x[3]^-1.0 *  x[4]^-3.0 - 0.2 *  x[0]^-1.0 *  x[1]^3.0 *  x[2]^-0.5 *  x[4]^0.5; 0.1 *  x[0]^3.0 *  x[1]^1.0 *  x[2]^2.0 *  x[3]^-2.0 *  x[4]^-1.0; 0.1 *  x[0]^-2.0 *  x[1]^0.5 *  x[2]^-2.0 *  x[3]^1.0 *  x[4]^2.0 + 0.1 *  x[0]^-2.0 *  x[1]^-1.0 *  x[2]^0.5 *  x[3]^-1.0 *  x[4]^-2.0;  - 0.1 *  x[0]^-3.0 *  x[1]^0.5 *  x[2]^-0.5 *  x[3]^3.0 *  x[4]^-3.0 - 0.2 *  x[1]^-2.0 *  x[2]^-3.0 *  x[3]^-3.0 *  x[4]^0.5

2019-05-02-14-06-58   >>>>   End verify ranking function

verifying time = 2056.395 ms


Not Found Ranking Fcuntion

Conterexample is 

[-1, -1, 1, -1, -1]

sampling time = 9.701 ms


       ########################################         

iteration 5 with 1784 examples

2019-05-02-14-06-58   >>>>   Start train ranking function

2019-05-02-14-06-58   >>>>   End train ranking function

train_ranking_functioning time = 64.382 ms


2019-05-02-14-06-58   >>>>   Start verify ranking function

[xi_0 = -1, xi_2 = 1, xi_4 = -1, xi_1 = -1, xi_3 = -1]
ranking function : 0.2 *  x[0]^1.0 *  x[1]^-1.0 *  x[2]^-0.5 *  x[3]^-0.5 *  x[4]^1.0 + 0.7 *  x[1]^-2.0 *  x[3]^-0.5 *  x[4]^-2.0 - 0.1 *  x[0]^-3.0 *  x[2]^-2.0 *  x[3]^-3.0 *  x[4]^-3.0; 0.1 *  x[0]^0.5 *  x[1]^-3.0 *  x[2]^3.0 *  x[3]^0.5 *  x[4]^-1.0;  - 0.3 *  x[0]^-1.0 *  x[1]^1.0 *  x[2]^-1.0 *  x[3]^3.0 *  x[4]^-2.0 + 0.2 *  x[0]^-0.5 *  x[1]^-3.0 *  x[2]^3.0 *  x[4]^-1.0 + 0.1 *  x[0]^0.5 *  x[2]^-0.5 *  x[3]^-1.0 *  x[4]^0.5;  - 0.2 *  x[0]^2.0 *  x[1]^1.0 *  x[2]^1.0 *  x[4]^-2.0 + 0.1 *  x[0]^-3.0 *  x[2]^0.5 *  x[3]^0.5 *  x[4]^-1.0 + 0.2 *  x[0]^0.5 *  x[2]^3.0 *  x[3]^-1.0 *  x[4]^-3.0 - 0.2 *  x[0]^-1.0 *  x[1]^3.0 *  x[2]^-0.5 *  x[4]^0.5; 0.1 *  x[0]^3.0 *  x[1]^1.0 *  x[2]^2.0 *  x[3]^-2.0 *  x[4]^-1.0;  - 0.1 *  x[0]^-2.0 *  x[1]^0.5 *  x[2]^1.0 *  x[3]^0.5 *  x[4]^1.0 + 0.1 *  x[0]^-2.0 *  x[1]^0.5 *  x[2]^-2.0 *  x[3]^1.0 *  x[4]^2.0 + 0.1 *  x[0]^-2.0 *  x[1]^-1.0 *  x[2]^0.5 *  x[3]^-1.0 *  x[4]^-2.0;  - 0.1 *  x[0]^-3.0 *  x[1]^0.5 *  x[2]^-0.5 *  x[3]^3.0 *  x[4]^-3.0 - 0.2 *  x[1]^-2.0 *  x[2]^-3.0 *  x[3]^-3.0 *  x[4]^0.5

2019-05-02-14-06-58   >>>>   End verify ranking function

verifying time = 251.916 ms


Not Found Ranking Fcuntion

Conterexample is 

[-1, -1, 1, -1, -1]

sampling time = 9.777 ms


       ########################################         

iteration 6 with 1792 examples

2019-05-02-14-06-58   >>>>   Start train ranking function

2019-05-02-14-06-58   >>>>   End train ranking function

train_ranking_functioning time = 65.202 ms


2019-05-02-14-06-58   >>>>   Start verify ranking function

[xi_0 = -1, xi_2 = 1, xi_4 = -1, xi_1 = -1, xi_3 = -1]
ranking function : 0.2 *  x[0]^1.0 *  x[1]^-1.0 *  x[2]^-0.5 *  x[3]^-0.5 *  x[4]^1.0 + 0.7 *  x[1]^-2.0 *  x[3]^-0.5 *  x[4]^-2.0 - 0.1 *  x[0]^-3.0 *  x[2]^-2.0 *  x[3]^-3.0 *  x[4]^-3.0; 0.1 *  x[0]^0.5 *  x[1]^-3.0 *  x[2]^3.0 *  x[3]^0.5 *  x[4]^-1.0;  - 0.3 *  x[0]^-1.0 *  x[1]^1.0 *  x[2]^-1.0 *  x[3]^3.0 *  x[4]^-2.0 + 0.2 *  x[0]^-0.5 *  x[1]^-3.0 *  x[2]^3.0 *  x[4]^-1.0 + 0.1 *  x[0]^0.5 *  x[2]^-0.5 *  x[3]^-1.0 *  x[4]^0.5;  - 0.2 *  x[0]^2.0 *  x[1]^1.0 *  x[2]^1.0 *  x[4]^-2.0 + 0.1 *  x[0]^-3.0 *  x[2]^0.5 *  x[3]^0.5 *  x[4]^-1.0 - 0.1 *  x[0]^-0.5 *  x[1]^1.0 *  x[2]^0.5 *  x[4]^-0.5 + 0.2 *  x[0]^0.5 *  x[2]^3.0 *  x[3]^-1.0 *  x[4]^-3.0 - 0.2 *  x[0]^-1.0 *  x[1]^3.0 *  x[2]^-0.5 *  x[4]^0.5; 0.1 *  x[0]^3.0 *  x[1]^1.0 *  x[2]^2.0 *  x[3]^-2.0 *  x[4]^-1.0 - 0.1 *  x[0]^1.0 *  x[1]^-0.5 *  x[2]^1.0 *  x[3]^-0.5 *  x[4]^2.0;  - 0.1 *  x[0]^-2.0 *  x[1]^0.5 *  x[2]^1.0 *  x[3]^0.5 *  x[4]^1.0 + 0.1 *  x[0]^-2.0 *  x[1]^0.5 *  x[2]^-2.0 *  x[3]^1.0 *  x[4]^2.0 + 0.1 *  x[0]^-2.0 *  x[1]^-1.0 *  x[2]^0.5 *  x[3]^-1.0 *  x[4]^-2.0;  - 0.1 *  x[0]^-3.0 *  x[1]^0.5 *  x[2]^-0.5 *  x[3]^3.0 *  x[4]^-3.0 - 0.2 *  x[1]^-2.0 *  x[2]^-3.0 *  x[3]^-3.0 *  x[4]^0.5

2019-05-02-14-06-58   >>>>   End verify ranking function

verifying time = 36.814 ms


Not Found Ranking Fcuntion

Conterexample is 

[-1, -1, 1, -1, -1]

sampling time = 9.650 ms


       ########################################         

iteration 7 with 1800 examples

2019-05-02-14-06-58   >>>>   Start train ranking function

2019-05-02-14-06-58   >>>>   End train ranking function

train_ranking_functioning time = 64.990 ms


2019-05-02-14-06-58   >>>>   Start verify ranking function

[xi_0 = -1, xi_2 = 1, xi_4 = -1, xi_1 = -1, xi_3 = -1]
ranking function : 0.2 *  x[0]^1.0 *  x[1]^-1.0 *  x[2]^-0.5 *  x[3]^-0.5 *  x[4]^1.0 + 0.7 *  x[1]^-2.0 *  x[3]^-0.5 *  x[4]^-2.0 - 0.1 *  x[0]^-3.0 *  x[2]^-2.0 *  x[3]^-3.0 *  x[4]^-3.0; 0.1 *  x[0]^0.5 *  x[1]^-3.0 *  x[2]^3.0 *  x[3]^0.5 *  x[4]^-1.0;  - 0.3 *  x[0]^-1.0 *  x[1]^1.0 *  x[2]^-1.0 *  x[3]^3.0 *  x[4]^-2.0 + 0.2 *  x[0]^-0.5 *  x[1]^-3.0 *  x[2]^3.0 *  x[4]^-1.0 + 0.1 *  x[0]^0.5 *  x[2]^-0.5 *  x[3]^-1.0 *  x[4]^0.5;  - 0.2 *  x[0]^2.0 *  x[1]^1.0 *  x[2]^1.0 *  x[4]^-2.0 + 0.1 *  x[0]^-3.0 *  x[2]^0.5 *  x[3]^0.5 *  x[4]^-1.0 - 0.1 *  x[0]^-0.5 *  x[1]^1.0 *  x[2]^0.5 *  x[4]^-0.5 + 0.2 *  x[0]^0.5 *  x[2]^3.0 *  x[3]^-1.0 *  x[4]^-3.0 - 0.2 *  x[0]^-1.0 *  x[1]^3.0 *  x[2]^-0.5 *  x[4]^0.5; 0.1 *  x[0]^3.0 *  x[1]^1.0 *  x[2]^2.0 *  x[3]^-2.0 *  x[4]^-1.0 - 0.1 *  x[0]^1.0 *  x[1]^-0.5 *  x[2]^1.0 *  x[3]^-0.5 *  x[4]^2.0;  - 0.1 *  x[0]^-2.0 *  x[1]^0.5 *  x[2]^1.0 *  x[3]^0.5 *  x[4]^1.0 + 0.1 *  x[0]^-2.0 *  x[1]^0.5 *  x[2]^-2.0 *  x[3]^1.0 *  x[4]^2.0 + 0.1 *  x[0]^-2.0 *  x[1]^-1.0 *  x[2]^0.5 *  x[3]^-1.0 *  x[4]^-2.0;  - 0.1 *  x[0]^-3.0 *  x[1]^0.5 *  x[2]^-0.5 *  x[3]^3.0 *  x[4]^-3.0 - 0.2 *  x[1]^-2.0 *  x[2]^-3.0 *  x[3]^-3.0 *  x[4]^0.5 + 0.1 *  x[0]^-2.0 *  x[2]^-0.5 *  x[3]^-1.0 *  x[4]^-1.0

2019-05-02-14-06-58   >>>>   End verify ranking function

verifying time = 43.603 ms


Not Found Ranking Fcuntion

Conterexample is 

[-1, -1, 1, -1, -1]

sampling time = 9.627 ms


       ########################################         

iteration 8 with 1808 examples

2019-05-02-14-06-58   >>>>   Start train ranking function

2019-05-02-14-06-58   >>>>   End train ranking function

train_ranking_functioning time = 65.539 ms


2019-05-02-14-06-58   >>>>   Start verify ranking function

[xi_0 = -1, xi_2 = 1, xi_4 = -1, xi_1 = -1, xi_3 = -1]
ranking function : 0.2 *  x[0]^1.0 *  x[1]^-1.0 *  x[2]^-0.5 *  x[3]^-0.5 *  x[4]^1.0 + 0.7 *  x[1]^-2.0 *  x[3]^-0.5 *  x[4]^-2.0 - 0.1 *  x[0]^-3.0 *  x[2]^-2.0 *  x[3]^-3.0 *  x[4]^-3.0; 0.1 *  x[0]^0.5 *  x[1]^-3.0 *  x[2]^3.0 *  x[3]^0.5 *  x[4]^-1.0;  - 0.3 *  x[0]^-1.0 *  x[1]^1.0 *  x[2]^-1.0 *  x[3]^3.0 *  x[4]^-2.0 + 0.2 *  x[0]^-0.5 *  x[1]^-3.0 *  x[2]^3.0 *  x[4]^-1.0 + 0.1 *  x[0]^0.5 *  x[2]^-0.5 *  x[3]^-1.0 *  x[4]^0.5;  - 0.2 *  x[0]^2.0 *  x[1]^1.0 *  x[2]^1.0 *  x[4]^-2.0 + 0.1 *  x[0]^-3.0 *  x[2]^0.5 *  x[3]^0.5 *  x[4]^-1.0 - 0.1 *  x[0]^-0.5 *  x[1]^1.0 *  x[2]^0.5 *  x[4]^-0.5 + 0.2 *  x[0]^0.5 *  x[2]^3.0 *  x[3]^-1.0 *  x[4]^-3.0 - 0.1 *  x[0]^-1.0 *  x[1]^3.0 *  x[2]^-0.5 *  x[4]^0.5; 0.1 *  x[0]^3.0 *  x[1]^1.0 *  x[2]^2.0 *  x[3]^-2.0 *  x[4]^-1.0 - 0.1 *  x[0]^1.0 *  x[1]^-0.5 *  x[2]^1.0 *  x[3]^-0.5 *  x[4]^2.0;  - 0.1 *  x[0]^-2.0 *  x[1]^0.5 *  x[2]^1.0 *  x[3]^0.5 *  x[4]^1.0 + 0.1 *  x[0]^-2.0 *  x[1]^0.5 *  x[2]^-2.0 *  x[3]^1.0 *  x[4]^2.0 + 0.1 *  x[0]^-2.0 *  x[1]^-1.0 *  x[2]^0.5 *  x[3]^-1.0 *  x[4]^-2.0;  - 0.1 *  x[0]^-3.0 *  x[1]^0.5 *  x[2]^-0.5 *  x[3]^3.0 *  x[4]^-3.0 - 0.2 *  x[1]^-2.0 *  x[2]^-3.0 *  x[3]^-3.0 *  x[4]^0.5 + 0.1 *  x[0]^-2.0 *  x[2]^-0.5 *  x[3]^-1.0 *  x[4]^-1.0

2019-05-02-14-07-01   >>>>   End verify ranking function

verifying time = 3175.553 ms


Not Found Ranking Fcuntion

Conterexample is 

[-1, -1, 1, -1, -1]

sampling time = 10.237 ms


       ########################################         

iteration 9 with 1816 examples

2019-05-02-14-07-01   >>>>   Start train ranking function

2019-05-02-14-07-01   >>>>   End train ranking function

train_ranking_functioning time = 67.728 ms


2019-05-02-14-07-01   >>>>   Start verify ranking function

[xi_0 = -1, xi_2 = 1, xi_4 = -1, xi_1 = -1, xi_3 = -1]
ranking function : 0.2 *  x[0]^1.0 *  x[1]^-1.0 *  x[2]^-0.5 *  x[3]^-0.5 *  x[4]^1.0 + 0.7 *  x[1]^-2.0 *  x[3]^-0.5 *  x[4]^-2.0 - 0.1 *  x[0]^-3.0 *  x[2]^-2.0 *  x[3]^-3.0 *  x[4]^-3.0; 0.1 *  x[0]^0.5 *  x[1]^-3.0 *  x[2]^3.0 *  x[3]^0.5 *  x[4]^-1.0;  - 0.3 *  x[0]^-1.0 *  x[1]^1.0 *  x[2]^-1.0 *  x[3]^3.0 *  x[4]^-2.0 + 0.2 *  x[0]^-0.5 *  x[1]^-3.0 *  x[2]^3.0 *  x[4]^-1.0 + 0.1 *  x[0]^0.5 *  x[2]^-0.5 *  x[3]^-1.0 *  x[4]^0.5;  - 0.2 *  x[0]^2.0 *  x[1]^1.0 *  x[2]^1.0 *  x[4]^-2.0 + 0.1 *  x[0]^-3.0 *  x[2]^0.5 *  x[3]^0.5 *  x[4]^-1.0 - 0.1 *  x[0]^-0.5 *  x[1]^1.0 *  x[2]^0.5 *  x[4]^-0.5 + 0.2 *  x[0]^0.5 *  x[2]^3.0 *  x[3]^-1.0 *  x[4]^-3.0 - 0.2 *  x[0]^-1.0 *  x[1]^3.0 *  x[2]^-0.5 *  x[4]^0.5; 0.1 *  x[0]^3.0 *  x[1]^1.0 *  x[2]^2.0 *  x[3]^-2.0 *  x[4]^-1.0 + 0.1 *  x[0]^-3.0 *  x[1]^-3.0 *  x[2]^-1.0 *  x[3]^-1.0 *  x[4]^3.0 - 0.1 *  x[0]^1.0 *  x[1]^-0.5 *  x[2]^1.0 *  x[3]^-0.5 *  x[4]^2.0;  - 0.1 *  x[0]^-2.0 *  x[1]^0.5 *  x[2]^1.0 *  x[3]^0.5 *  x[4]^1.0 + 0.1 *  x[0]^-2.0 *  x[1]^0.5 *  x[2]^-2.0 *  x[3]^1.0 *  x[4]^2.0 + 0.1 *  x[0]^-2.0 *  x[1]^-1.0 *  x[2]^0.5 *  x[3]^-1.0 *  x[4]^-2.0;  - 0.1 *  x[0]^-3.0 *  x[1]^0.5 *  x[2]^-0.5 *  x[3]^3.0 *  x[4]^-3.0 - 0.2 *  x[1]^-2.0 *  x[2]^-3.0 *  x[3]^-3.0 *  x[4]^0.5 + 0.1 *  x[0]^-2.0 *  x[2]^-0.5 *  x[3]^-1.0 *  x[4]^-1.0

2019-05-02-14-07-02   >>>>   End verify ranking function

verifying time = 36.882 ms


Not Found Ranking Fcuntion

Conterexample is 

[-1, -1, 1, -1, -1]

sampling time = 9.786 ms


Failed to prove it is terminated

UNKNOWN
------Using Template 0 -----------
6 [6]
*****************************************************

2019-05-02-14-07-02   >>>>   End sampling point

sampling time = 369.075 ms,


       ########################################         

iteration 0 with 436 examples

2019-05-02-14-07-02   >>>>   Start train ranking function

2019-05-02-14-07-02   >>>>   End train ranking function

train_ranking_functioning time = 1.484 ms


2019-05-02-14-07-02   >>>>   Start verify ranking function

ranking function : 1.0 *  x[4]^1.0 + 2.0 * 1

2019-05-02-14-07-02   >>>>   End verify ranking function

verifying time = 11.434 ms


Not Found Ranking Fcuntion

Conterexample is 

[0, 0, 0, 0, -3]

sampling time = 1.714 ms


       ########################################         

iteration 1 with 438 examples

2019-05-02-14-07-02   >>>>   Start train ranking function

2019-05-02-14-07-02   >>>>   End train ranking function

train_ranking_functioning time = 1.715 ms


2019-05-02-14-07-02   >>>>   Start verify ranking function

ranking function : 1.0 *  x[4]^1.0 + 2.6 * 1

2019-05-02-14-07-02   >>>>   End verify ranking function

verifying time = 11.642 ms


Not Found Ranking Fcuntion

Conterexample is 

[0, 0, 0, 0, -3]

sampling time = 1.870 ms


       ########################################         

iteration 2 with 440 examples

2019-05-02-14-07-02   >>>>   Start train ranking function

2019-05-02-14-07-02   >>>>   End train ranking function

train_ranking_functioning time = 1.631 ms


2019-05-02-14-07-02   >>>>   Start verify ranking function

ranking function : 1.0 *  x[4]^1.0 + 3.1 * 1

2019-05-02-14-07-02   >>>>   End verify ranking function

verifying time = 11.544 ms


Not Found Ranking Fcuntion

Conterexample is 

[0, 0, 0, 0, -4]

sampling time = 1.685 ms


       ########################################         

iteration 3 with 442 examples

2019-05-02-14-07-02   >>>>   Start train ranking function

2019-05-02-14-07-02   >>>>   End train ranking function

train_ranking_functioning time = 3.001 ms


2019-05-02-14-07-02   >>>>   Start verify ranking function

ranking function : 1.0 *  x[4]^1.0 + 3.6 * 1

2019-05-02-14-07-02   >>>>   End verify ranking function

verifying time = 11.351 ms


Not Found Ranking Fcuntion

Conterexample is 

[0, 0, 0, 0, -4]

sampling time = 1.681 ms


       ########################################         

iteration 4 with 444 examples

2019-05-02-14-07-02   >>>>   Start train ranking function

2019-05-02-14-07-02   >>>>   End train ranking function

train_ranking_functioning time = 2.815 ms


2019-05-02-14-07-02   >>>>   Start verify ranking function

ranking function : 1.0 *  x[4]^1.0 + 3.9 * 1

2019-05-02-14-07-02   >>>>   End verify ranking function

verifying time = 11.489 ms


Not Found Ranking Fcuntion

Conterexample is 

[0, 0, 0, 0, -4]

sampling time = 1.751 ms


       ########################################         

iteration 5 with 446 examples

2019-05-02-14-07-02   >>>>   Start train ranking function

2019-05-02-14-07-02   >>>>   End train ranking function

train_ranking_functioning time = 2.434 ms


2019-05-02-14-07-02   >>>>   Start verify ranking function

ranking function : 1.0 *  x[4]^1.0 + 4.1 * 1

2019-05-02-14-07-02   >>>>   End verify ranking function

verifying time = 11.404 ms


Not Found Ranking Fcuntion

Conterexample is 

[0, 0, 0, 0, -5]

sampling time = 1.679 ms


       ########################################         

iteration 6 with 448 examples

2019-05-02-14-07-02   >>>>   Start train ranking function

2019-05-02-14-07-02   >>>>   End train ranking function

train_ranking_functioning time = 4.443 ms


2019-05-02-14-07-02   >>>>   Start verify ranking function

ranking function : 1.0 *  x[4]^1.0 + 4.5 * 1

2019-05-02-14-07-02   >>>>   End verify ranking function

verifying time = 11.271 ms


Not Found Ranking Fcuntion

Conterexample is 

[0, 0, 0, 0, -5]

sampling time = 1.684 ms


       ########################################         

iteration 7 with 450 examples

2019-05-02-14-07-02   >>>>   Start train ranking function

2019-05-02-14-07-02   >>>>   End train ranking function

train_ranking_functioning time = 4.342 ms


2019-05-02-14-07-02   >>>>   Start verify ranking function

ranking function : 0.9 *  x[4]^1.0 + 4.7 * 1

2019-05-02-14-07-02   >>>>   End verify ranking function

verifying time = 11.324 ms


Not Found Ranking Fcuntion

Conterexample is 

[0, 0, 0, 0, -6]

sampling time = 1.688 ms


       ########################################         

iteration 8 with 452 examples

2019-05-02-14-07-02   >>>>   Start train ranking function

2019-05-02-14-07-02   >>>>   End train ranking function

train_ranking_functioning time = 6.102 ms


2019-05-02-14-07-02   >>>>   Start verify ranking function

ranking function : 0.9 *  x[4]^1.0 + 5.1 * 1

2019-05-02-14-07-02   >>>>   End verify ranking function

verifying time = 11.364 ms


Not Found Ranking Fcuntion

Conterexample is 

[0, 0, 0, 0, -6]

sampling time = 1.695 ms


       ########################################         

iteration 9 with 454 examples

2019-05-02-14-07-02   >>>>   Start train ranking function

2019-05-02-14-07-02   >>>>   End train ranking function

train_ranking_functioning time = 5.822 ms


2019-05-02-14-07-02   >>>>   Start verify ranking function

ranking function : 0.9 *  x[4]^1.0 + 5.4 * 1

2019-05-02-14-07-02   >>>>   End verify ranking function

verifying time = 11.297 ms


Not Found Ranking Fcuntion

Conterexample is 

[0, 0, 0, 0, -7]

sampling time = 1.752 ms


Failed to prove it is terminated

UNKNOWN
------Using Template 1 -----------
6 [6]
*****************************************************

2019-05-02-14-07-03   >>>>   End sampling point

sampling time = 438.575 ms,


       ########################################         

iteration 0 with 436 examples

2019-05-02-14-07-03   >>>>   Start train ranking function

2019-05-02-14-07-03   >>>>   End train ranking function

train_ranking_functioning time = 13.576 ms


2019-05-02-14-07-03   >>>>   Start verify ranking function

[xi_0 = -1, xi_2 = 1, xi_3 = -1, xi_4 = -1, xi_1 = -1]
