------Using Template 0 -----------
3 [3]
*****************************************************

2019-05-02-13-36-01   >>>>   End sampling point

sampling time = 52.826 ms,


       ########################################         

iteration 0 with 136 examples

2019-05-02-13-36-01   >>>>   Start train ranking function

2019-05-02-13-36-01   >>>>   End train ranking function

train_ranking_functioning time = 4.133 ms


2019-05-02-13-36-01   >>>>   Start verify ranking function

[xi_1 = 0]
ranking function : 1.1 * 1

2019-05-02-13-36-01   >>>>   End verify ranking function

verifying time = 7.347 ms


Not Found Ranking Fcuntion

Conterexample is 

[0, 0]

sampling time = 0.730 ms


       ########################################         

iteration 1 with 138 examples

2019-05-02-13-36-01   >>>>   Start train ranking function

2019-05-02-13-36-01   >>>>   End train ranking function

train_ranking_functioning time = 4.017 ms


2019-05-02-13-36-01   >>>>   Start verify ranking function

[xi_1 = 0]
ranking function : 1.1 * 1

2019-05-02-13-36-01   >>>>   End verify ranking function

verifying time = 6.904 ms


Not Found Ranking Fcuntion

Conterexample is 

[0, 0]

sampling time = 0.769 ms


       ########################################         

iteration 2 with 140 examples

2019-05-02-13-36-01   >>>>   Start train ranking function

2019-05-02-13-36-01   >>>>   End train ranking function

train_ranking_functioning time = 4.028 ms


2019-05-02-13-36-01   >>>>   Start verify ranking function

[xi_1 = 0]
ranking function : 1.1 * 1

2019-05-02-13-36-01   >>>>   End verify ranking function

verifying time = 6.727 ms


Not Found Ranking Fcuntion

Conterexample is 

[0, 0]

sampling time = 0.723 ms


       ########################################         

iteration 3 with 142 examples

2019-05-02-13-36-01   >>>>   Start train ranking function

2019-05-02-13-36-01   >>>>   End train ranking function

train_ranking_functioning time = 4.259 ms


2019-05-02-13-36-01   >>>>   Start verify ranking function

[xi_1 = 0]
ranking function : 1.1 * 1

2019-05-02-13-36-01   >>>>   End verify ranking function

verifying time = 6.695 ms


Not Found Ranking Fcuntion

Conterexample is 

[0, 0]

sampling time = 0.716 ms


       ########################################         

iteration 4 with 144 examples

2019-05-02-13-36-01   >>>>   Start train ranking function

2019-05-02-13-36-01   >>>>   End train ranking function

train_ranking_functioning time = 4.129 ms


2019-05-02-13-36-01   >>>>   Start verify ranking function

[xi_1 = 0]
ranking function : 1.1 * 1

2019-05-02-13-36-01   >>>>   End verify ranking function

verifying time = 6.761 ms


Not Found Ranking Fcuntion

Conterexample is 

[0, 0]

sampling time = 0.725 ms


       ########################################         

iteration 5 with 146 examples

2019-05-02-13-36-01   >>>>   Start train ranking function

5
2019-05-02-13-36-01   >>>>   End train ranking function

train_ranking_functioning time = 4.135 ms


2019-05-02-13-36-01   >>>>   Start verify ranking function

[xi_1 = 0]
ranking function : 1.1 * 1

2019-05-02-13-36-01   >>>>   End verify ranking function

verifying time = 6.816 ms


Not Found Ranking Fcuntion

Conterexample is 

[0, 0]

sampling time = 0.718 ms


       ########################################         

iteration 6 with 148 examples

2019-05-02-13-36-01   >>>>   Start train ranking function

2019-05-02-13-36-01   >>>>   End train ranking function

train_ranking_functioning time = 4.077 ms


2019-05-02-13-36-01   >>>>   Start verify ranking function

[xi_0 = 1, xi_1 = 0]
ranking function :  - 0.0014 *  x[0]^1.0 - 0.0263 *  x[1]^1.0 + 1.0865 * 1

2019-05-02-13-36-01   >>>>   End verify ranking function

verifying time = 6.889 ms


Not Found Ranking Fcuntion

Conterexample is 

[1, 0]

sampling time = 0.705 ms


       ########################################         

iteration 7 with 150 examples

2019-05-02-13-36-01   >>>>   Start train ranking function

2019-05-02-13-36-01   >>>>   End train ranking function

train_ranking_functioning time = 4.200 ms


2019-05-02-13-36-01   >>>>   Start verify ranking function

[xi_0 = 1, xi_1 = 0]
ranking function :  - 0.0003 *  x[0]^1.0 - 0.0258 *  x[1]^1.0 + 1.0866 * 1

2019-05-02-13-36-01   >>>>   End verify ranking function

verifying time = 6.896 ms


Not Found Ranking Fcuntion

Conterexample is 

[1, 0]

sampling time = 0.712 ms


       ########################################         

iteration 8 with 152 examples

2019-05-02-13-36-01   >>>>   Start train ranking function

2019-05-02-13-36-01   >>>>   End train ranking function

train_ranking_functioning time = 4.355 ms


2019-05-02-13-36-01   >>>>   Start verify ranking function

[xi_0 = 1, xi_1 = 0]
ranking function :  - 0.0013 *  x[0]^1.0 - 0.0255 *  x[1]^1.0 + 1.0846 * 1

2019-05-02-13-36-01   >>>>   End verify ranking function

verifying time = 6.881 ms


Not Found Ranking Fcuntion

Conterexample is 

[1, 0]

sampling time = 0.717 ms


       ########################################         

iteration 9 with 154 examples

2019-05-02-13-36-01   >>>>   Start train ranking function

2019-05-02-13-36-01   >>>>   End train ranking function

train_ranking_functioning time = 4.227 ms


2019-05-02-13-36-01   >>>>   Start verify ranking function

[xi_0 = 1, xi_1 = 0]
ranking function : 0.0002 *  x[0]^1.0 - 0.0251 *  x[1]^1.0 + 1.0817 * 1

2019-05-02-13-36-01   >>>>   End verify ranking function

verifying time = 6.968 ms


Not Found Ranking Fcuntion

Conterexample is 

[1, 0]

sampling time = 0.719 ms


Failed to prove it is terminated

UNKNOWN
------Using Template 1 -----------
3 [3]
*****************************************************

2019-05-02-13-36-02   >>>>   End sampling point

sampling time = 62.686 ms,


       ########################################         

iteration 0 with 136 examples

2019-05-02-13-36-02   >>>>   Start train ranking function

2019-05-02-13-36-02   >>>>   End train ranking function

train_ranking_functioning time = 3.016 ms


2019-05-02-13-36-02   >>>>   Start verify ranking function

[xi_1 = 1, xi_0 = 1]
ranking function : 0.9 *  x[0]^0.5 *  x[1]^-0.5

2019-05-02-13-36-02   >>>>   End verify ranking function

verifying time = 15.774 ms


Not Found Ranking Fcuntion

Conterexample is 

[1, 1]

sampling time = 0.822 ms


       ########################################         

iteration 1 with 138 examples

2019-05-02-13-36-02   >>>>   Start train ranking function

2019-05-02-13-36-02   >>>>   End train ranking function

train_ranking_functioning time = 3.004 ms


2019-05-02-13-36-02   >>>>   Start verify ranking function

[xi_1 = 1, xi_0 = 1]
ranking function : 0.9 *  x[0]^0.5 *  x[1]^-0.5

2019-05-02-13-36-02   >>>>   End verify ranking function

verifying time = 15.650 ms


Not Found Ranking Fcuntion

Conterexample is 

[1, 1]

sampling time = 0.821 ms


       ########################################         

iteration 2 with 140 examples

2019-05-02-13-36-02   >>>>   Start train ranking function

2019-05-02-13-36-02   >>>>   End train ranking function

train_ranking_functioning time = 3.036 ms


2019-05-02-13-36-02   >>>>   Start verify ranking function

[xi_1 = 1, xi_0 = 1]
ranking function : 0.9 *  x[0]^0.5 *  x[1]^-0.5

2019-05-02-13-36-02   >>>>   End verify ranking function

verifying time = 15.611 ms


Not Found Ranking Fcuntion

Conterexample is 

[1, 1]

sampling time = 0.840 ms


       ########################################         

iteration 3 with 142 examples

2019-05-02-13-36-02   >>>>   Start train ranking function

2019-05-02-13-36-02   >>>>   End train ranking function

train_ranking_functioning time = 3.249 ms


2019-05-02-13-36-02   >>>>   Start verify ranking function

[xi_1 = 1, xi_0 = 1]
ranking function : 0.9 *  x[0]^0.5 *  x[1]^-0.5

2019-05-02-13-36-02   >>>>   End verify ranking function

verifying time = 15.593 ms


Not Found Ranking Fcuntion

Conterexample is 

[1, 1]

sampling time = 0.838 ms


       ########################################         

iteration 4 with 144 examples

2019-05-02-13-36-02   >>>>   Start train ranking function

2019-05-02-13-36-02   >>>>   End train ranking function

train_ranking_functioning time = 3.164 ms


2019-05-02-13-36-02   >>>>   Start verify ranking function

[xi_1 = 1, xi_0 = 1]
ranking function : 0.9 *  x[0]^0.5 *  x[1]^-0.5

2019-05-02-13-36-02   >>>>   End verify ranking function

verifying time = 17.336 ms


Not Found Ranking Fcuntion

Conterexample is 

[1, 1]

sampling time = 0.941 ms


       ########################################         

iteration 5 with 146 examples

2019-05-02-13-36-02   >>>>   Start train ranking function

5
2019-05-02-13-36-02   >>>>   End train ranking function

train_ranking_functioning time = 3.431 ms


2019-05-02-13-36-02   >>>>   Start verify ranking function

[xi_1 = 1, xi_0 = 1]
ranking function : 0.9 *  x[0]^0.5 *  x[1]^-0.5

2019-05-02-13-36-02   >>>>   End verify ranking function

verifying time = 16.033 ms


Not Found Ranking Fcuntion

Conterexample is 

[1, 1]

sampling time = 0.839 ms


       ########################################         

iteration 6 with 148 examples

2019-05-02-13-36-02   >>>>   Start train ranking function

2019-05-02-13-36-02   >>>>   End train ranking function

train_ranking_functioning time = 3.388 ms


2019-05-02-13-36-02   >>>>   Start verify ranking function

[xi_1 = 0, xi_0 = 0]
ranking function : 0.9191 *  x[0]^0.5 *  x[1]^-0.5 + 0.0171 *  x[0]^-3.0 *  x[1]^3.0 + 0.0035 *  x[0]^1.0 *  x[1]^3.0

2019-05-02-13-36-02   >>>>   End verify ranking function

verifying time = 61.255 ms


Not Found Ranking Fcuntion

Conterexample is 

[0, 0]

sampling time = 0.855 ms


       ########################################         

iteration 7 with 150 examples

2019-05-02-13-36-02   >>>>   Start train ranking function

2019-05-02-13-36-02   >>>>   End train ranking function

train_ranking_functioning time = 3.327 ms


2019-05-02-13-36-02   >>>>   Start verify ranking function

[xi_1 = 1, xi_0 = 0]
ranking function : 0.9296 *  x[0]^0.5 *  x[1]^-0.5 + 0.0061 *  x[0]^-3.0 *  x[1]^3.0 + 0.0075 *  x[0]^1.0 *  x[1]^3.0

2019-05-02-13-36-02   >>>>   End verify ranking function

verifying time = 40.164 ms


Not Found Ranking Fcuntion

Conterexample is 

[0, 1]

sampling time = 0.807 ms


       ########################################         

iteration 8 with 152 examples

2019-05-02-13-36-02   >>>>   Start train ranking function

2019-05-02-13-36-02   >>>>   End train ranking function

train_ranking_functioning time = 3.461 ms


2019-05-02-13-36-02   >>>>   Start verify ranking function

[xi_1 = 1, xi_0 = 0]
ranking function : 0.9163 *  x[0]^0.5 *  x[1]^-0.5 + 0.0299 *  x[0]^-3.0 *  x[1]^3.0 + 0.0048 *  x[0]^1.0 *  x[1]^3.0

2019-05-02-13-36-02   >>>>   End verify ranking function

verifying time = 46.920 ms


Not Found Ranking Fcuntion

Conterexample is 

[0, 1]

sampling time = 0.817 ms


       ########################################         

iteration 9 with 154 examples

2019-05-02-13-36-02   >>>>   Start train ranking function

2019-05-02-13-36-02   >>>>   End train ranking function

train_ranking_functioning time = 3.524 ms


2019-05-02-13-36-02   >>>>   Start verify ranking function

[xi_1 = 1, xi_0 = 0]
ranking function : 0.9216 *  x[0]^0.5 *  x[1]^-0.5 + 0.0208 *  x[0]^-3.0 *  x[1]^3.0 - 0.0003 *  x[0]^1.0 *  x[1]^3.0

2019-05-02-13-36-02   >>>>   End verify ranking function

verifying time = 25.945 ms


Not Found Ranking Fcuntion

Conterexample is 

[0, 1]

sampling time = 0.835 ms


Failed to prove it is terminated

UNKNOWN
------Using Template 2 -----------
9 [3, 3, 3]
*****************************************************

2019-05-02-13-36-02   >>>>   End sampling point

sampling time = 143.241 ms,


       ########################################         

iteration 0 with 272 examples

2019-05-02-13-36-02   >>>>   Start train ranking function

2019-05-02-13-36-02   >>>>   End train ranking function

train_ranking_functioning time = 8.465 ms


2019-05-02-13-36-02   >>>>   Start verify ranking function

[xi_1 = 0]
ranking function : 1.1 * 1; 1.0 * 1; 1.0 * 1

2019-05-02-13-36-02   >>>>   End verify ranking function

verifying time = 6.977 ms


Not Found Ranking Fcuntion

Conterexample is 

[0, 0]

sampling time = 2.020 ms


       ########################################         

iteration 1 with 276 examples

2019-05-02-13-36-02   >>>>   Start train ranking function

2019-05-02-13-36-02   >>>>   End train ranking function

train_ranking_functioning time = 8.584 ms


2019-05-02-13-36-02   >>>>   Start verify ranking function

[xi_1 = 0]
ranking function : 1.1 * 1; 1.0 * 1; 1.0 * 1

2019-05-02-13-36-02   >>>>   End verify ranking function

verifying time = 6.994 ms


Not Found Ranking Fcuntion

Conterexample is 

[0, 0]

sampling time = 1.993 ms


       ########################################         

iteration 2 with 280 examples

2019-05-02-13-36-02   >>>>   Start train ranking function

2019-05-02-13-36-02   >>>>   End train ranking function

train_ranking_functioning time = 8.628 ms


2019-05-02-13-36-02   >>>>   Start verify ranking function

[xi_1 = 0]
ranking function : 1.1 * 1; 1.0 * 1; 1.0 * 1

2019-05-02-13-36-02   >>>>   End verify ranking function

verifying time = 6.918 ms


Not Found Ranking Fcuntion

Conterexample is 

[0, 0]

sampling time = 2.042 ms


       ########################################         

iteration 3 with 284 examples

2019-05-02-13-36-02   >>>>   Start train ranking function

2019-05-02-13-36-02   >>>>   End train ranking function

train_ranking_functioning time = 8.833 ms


2019-05-02-13-36-02   >>>>   Start verify ranking function

[xi_1 = 0]
ranking function : 1.1 * 1; 1.0 * 1; 1.0 * 1

2019-05-02-13-36-02   >>>>   End verify ranking function

verifying time = 6.908 ms


Not Found Ranking Fcuntion

Conterexample is 

[0, 0]

sampling time = 2.088 ms


       ########################################         

iteration 4 with 288 examples

2019-05-02-13-36-02   >>>>   Start train ranking function

2019-05-02-13-36-02   >>>>   End train ranking function

train_ranking_functioning time = 8.927 ms


2019-05-02-13-36-02   >>>>   Start verify ranking function

[xi_1 = 0]
ranking function : 1.1 * 1; 1.0 * 1; 1.0 * 1

2019-05-02-13-36-02   >>>>   End verify ranking function

verifying time = 6.990 ms


Not Found Ranking Fcuntion

Conterexample is 

[0, 0]

sampling time = 1.990 ms


       ########################################         

iteration 5 with 292 examples

2019-05-02-13-36-02   >>>>   Start train ranking function

5
2019-05-02-13-36-02   >>>>   End train ranking function

train_ranking_functioning time = 10.088 ms


2019-05-02-13-36-02   >>>>   Start verify ranking function

[xi_1 = 0]
ranking function : 1.1 * 1; 1.0 * 1; 1.0 * 1

2019-05-02-13-36-02   >>>>   End verify ranking function

verifying time = 7.847 ms


Not Found Ranking Fcuntion

Conterexample is 

[0, 0]

sampling time = 2.205 ms


       ########################################         

iteration 6 with 296 examples

2019-05-02-13-36-02   >>>>   Start train ranking function

2019-05-02-13-36-02   >>>>   End train ranking function

train_ranking_functioning time = 9.943 ms


2019-05-02-13-36-02   >>>>   Start verify ranking function

[xi_1 = 0]
ranking function : 1.0 * 1; 1.0 * 1; 1.0 * 1

2019-05-02-13-36-02   >>>>   End verify ranking function

verifying time = 8.197 ms


Not Found Ranking Fcuntion

Conterexample is 

[0, 0]

sampling time = 2.371 ms


       ########################################         

iteration 7 with 300 examples

2019-05-02-13-36-02   >>>>   Start train ranking function

2019-05-02-13-36-02   >>>>   End train ranking function

train_ranking_functioning time = 9.962 ms


2019-05-02-13-36-02   >>>>   Start verify ranking function

[xi_1 = 0]
ranking function : 1.0 * 1; 1.0 * 1; 1.0 * 1

2019-05-02-13-36-02   >>>>   End verify ranking function

verifying time = 7.406 ms


Not Found Ranking Fcuntion

Conterexample is 

[0, 0]

sampling time = 2.026 ms


       ########################################         

iteration 8 with 304 examples

2019-05-02-13-36-02   >>>>   Start train ranking function

2019-05-02-13-36-02   >>>>   End train ranking function

train_ranking_functioning time = 9.439 ms


2019-05-02-13-36-02   >>>>   Start verify ranking function

[xi_1 = 0]
ranking function : 1.0 * 1; 1.0 * 1; 1.0 * 1

2019-05-02-13-36-02   >>>>   End verify ranking function

verifying time = 7.051 ms


Not Found Ranking Fcuntion

Conterexample is 

[0, 0]

sampling time = 2.177 ms


       ########################################         

iteration 9 with 308 examples

2019-05-02-13-36-02   >>>>   Start train ranking function

2019-05-02-13-36-02   >>>>   End train ranking function

train_ranking_functioning time = 9.476 ms


2019-05-02-13-36-02   >>>>   Start verify ranking function

[xi_1 = 0]
ranking function : 1.0 * 1; 1.0 * 1; 1.0 * 1

2019-05-02-13-36-02   >>>>   End verify ranking function

verifying time = 7.428 ms


Not Found Ranking Fcuntion

Conterexample is 

[0, 0]

sampling time = 2.025 ms


Failed to prove it is terminated

UNKNOWN
------Using Template 3 -----------
8 [3, 3, 2]
*****************************************************

2019-05-02-13-36-02   >>>>   End sampling point

sampling time = 149.188 ms,


       ########################################         

iteration 0 with 272 examples

2019-05-02-13-36-02   >>>>   Start train ranking function

2019-05-02-13-36-02   >>>>   End train ranking function

train_ranking_functioning time = 7.395 ms


2019-05-02-13-36-02   >>>>   Start verify ranking function

[xi_1 = 0]
ranking function : 3.2 *  x[0]^-0.5; 0.2 *  x[1]^1.0; 0.1 *  x[0]^-3.0 *  x[1]^-3.0 + 0.1 *  x[0]^-3.0 *  x[1]^1.0

2019-05-02-13-36-02   >>>>   End verify ranking function

verifying time = 9.701 ms


Not Found Ranking Fcuntion

Conterexample is 

[0, 0]

sampling time = 2.030 ms


       ########################################         

iteration 1 with 276 examples

2019-05-02-13-36-02   >>>>   Start train ranking function

2019-05-02-13-36-02   >>>>   End train ranking function

train_ranking_functioning time = 7.562 ms


2019-05-02-13-36-02   >>>>   Start verify ranking function

[xi_1 = 0]
ranking function : 3.2 *  x[0]^-0.5; 0.2 *  x[1]^1.0; 0.1 *  x[0]^-3.0 *  x[1]^-3.0 + 0.1 *  x[0]^-3.0 *  x[1]^1.0

2019-05-02-13-36-02   >>>>   End verify ranking function

verifying time = 9.897 ms


Not Found Ranking Fcuntion

Conterexample is 

[0, 0]

sampling time = 2.033 ms


       ########################################         

iteration 2 with 280 examples

2019-05-02-13-36-02   >>>>   Start train ranking function

2019-05-02-13-36-02   >>>>   End train ranking function

train_ranking_functioning time = 7.653 ms


2019-05-02-13-36-02   >>>>   Start verify ranking function

[xi_1 = 0]
ranking function : 3.1 *  x[0]^-0.5; 0.2 *  x[1]^1.0; 0.1 *  x[0]^-3.0 *  x[1]^-3.0 + 0.1 *  x[0]^-3.0 *  x[1]^1.0

2019-05-02-13-36-02   >>>>   End verify ranking function

verifying time = 9.764 ms


Not Found Ranking Fcuntion

Conterexample is 

[0, 0]

sampling time = 2.068 ms


       ########################################         

iteration 3 with 284 examples

2019-05-02-13-36-02   >>>>   Start train ranking function

2019-05-02-13-36-02   >>>>   End train ranking function

train_ranking_functioning time = 7.824 ms


2019-05-02-13-36-02   >>>>   Start verify ranking function

[xi_1 = 0]
ranking function : 3.1 *  x[0]^-0.5; 0.2 *  x[1]^1.0 + 0.1 *  x[0]^-1.0 *  x[1]^-2.0; 0.1 *  x[0]^-3.0 *  x[1]^-3.0 + 0.1 *  x[0]^-3.0 *  x[1]^1.0

2019-05-02-13-36-02   >>>>   End verify ranking function

verifying time = 9.772 ms


Not Found Ranking Fcuntion

Conterexample is 

[0, 0]

sampling time = 2.081 ms


       ########################################         

iteration 4 with 288 examples

2019-05-02-13-36-02   >>>>   Start train ranking function

2019-05-02-13-36-02   >>>>   End train ranking function

train_ranking_functioning time = 7.900 ms


2019-05-02-13-36-02   >>>>   Start verify ranking function

[xi_1 = 0]
ranking function : 3.1 *  x[0]^-0.5; 0.2 *  x[1]^1.0 + 0.1 *  x[0]^-1.0 *  x[1]^-2.0; 0.1 *  x[0]^-3.0 *  x[1]^-3.0 + 0.1 *  x[0]^-3.0 *  x[1]^1.0

2019-05-02-13-36-02   >>>>   End verify ranking function

verifying time = 9.865 ms


Not Found Ranking Fcuntion

Conterexample is 

[0, 0]

sampling time = 2.077 ms


       ########################################         

iteration 5 with 292 examples

2019-05-02-13-36-02   >>>>   Start train ranking function

2019-05-02-13-36-02   >>>>   End train ranking function

train_ranking_functioning time = 8.213 ms


2019-05-02-13-36-02   >>>>   Start verify ranking function

[xi_1 = 0]
ranking function : 3.0 *  x[0]^-0.5; 0.2 *  x[1]^1.0 + 0.1 *  x[0]^-1.0 *  x[1]^-2.0; 0.1 *  x[0]^-3.0 *  x[1]^-3.0 + 0.1 *  x[0]^-3.0 *  x[1]^1.0

2019-05-02-13-36-02   >>>>   End verify ranking function

verifying time = 9.892 ms


Not Found Ranking Fcuntion

Conterexample is 

[0, 0]

sampling time = 2.025 ms


       ########################################         

iteration 6 with 296 examples

2019-05-02-13-36-02   >>>>   Start train ranking function

2019-05-02-13-36-02   >>>>   End train ranking function

train_ranking_functioning time = 8.388 ms


2019-05-02-13-36-02   >>>>   Start verify ranking function

[xi_1 = 0]
ranking function : 3.0 *  x[0]^-0.5; 0.2 *  x[1]^1.0 + 0.1 *  x[0]^-1.0 *  x[1]^-2.0; 0.1 *  x[0]^-3.0 *  x[1]^-3.0 + 0.1 *  x[0]^-3.0 *  x[1]^1.0

2019-05-02-13-36-02   >>>>   End verify ranking function

verifying time = 9.704 ms


Not Found Ranking Fcuntion

Conterexample is 

[0, 0]

sampling time = 2.116 ms


       ########################################         

iteration 7 with 300 examples

2019-05-02-13-36-02   >>>>   Start train ranking function

2019-05-02-13-36-03   >>>>   End train ranking function

train_ranking_functioning time = 8.727 ms


2019-05-02-13-36-03   >>>>   Start verify ranking function

[xi_1 = 0]
ranking function : 3.0 *  x[0]^-0.5; 0.2 *  x[1]^1.0 + 0.1 *  x[0]^-1.0 *  x[1]^-2.0; 0.1 *  x[0]^-3.0 *  x[1]^-3.0 + 0.1 *  x[0]^-3.0 *  x[1]^1.0

2019-05-02-13-36-03   >>>>   End verify ranking function

verifying time = 10.881 ms


Not Found Ranking Fcuntion

Conterexample is 

[0, 0]

sampling time = 2.041 ms


       ########################################         

iteration 8 with 304 examples

2019-05-02-13-36-03   >>>>   Start train ranking function

2019-05-02-13-36-03   >>>>   End train ranking function

train_ranking_functioning time = 8.487 ms


2019-05-02-13-36-03   >>>>   Start verify ranking function

[xi_1 = 0]
ranking function : 2.9 *  x[0]^-0.5; 0.2 *  x[1]^1.0 + 0.1 *  x[0]^-1.0 *  x[1]^-2.0; 0.1 *  x[0]^-3.0 *  x[1]^-3.0 + 0.1 *  x[0]^-3.0 *  x[1]^1.0

2019-05-02-13-36-03   >>>>   End verify ranking function

verifying time = 9.819 ms


Not Found Ranking Fcuntion

Conterexample is 

[0, 0]

sampling time = 2.032 ms


       ########################################         

iteration 9 with 308 examples

2019-05-02-13-36-03   >>>>   Start train ranking function

2019-05-02-13-36-03   >>>>   End train ranking function

train_ranking_functioning time = 8.777 ms


2019-05-02-13-36-03   >>>>   Start verify ranking function

[xi_1 = 0]
ranking function : 2.9 *  x[0]^-0.5; 0.2 *  x[1]^1.0 + 0.1 *  x[0]^-1.0 *  x[1]^-2.0; 0.1 *  x[0]^-3.0 *  x[1]^-3.0 + 0.1 *  x[0]^-3.0 *  x[1]^1.0

2019-05-02-13-36-03   >>>>   End verify ranking function

verifying time = 9.677 ms


Not Found Ranking Fcuntion

Conterexample is 

[0, 0]

sampling time = 2.060 ms


Failed to prove it is terminated

UNKNOWN
------Using Template 4 -----------
15 [3, 3, 3, 3, 3]
*****************************************************

2019-05-02-13-36-03   >>>>   End sampling point

sampling time = 235.770 ms,


       ########################################         

iteration 0 with 408 examples

2019-05-02-13-36-03   >>>>   Start train ranking function

2019-05-02-13-36-03   >>>>   End train ranking function

train_ranking_functioning time = 13.124 ms


2019-05-02-13-36-03   >>>>   Start verify ranking function

[xi_1 = 0]
ranking function : 1.1 * 1; 1.0 * 1; 1.0 * 1; 1.0 * 1; 1.0 * 1

2019-05-02-13-36-03   >>>>   End verify ranking function

verifying time = 7.249 ms


Not Found Ranking Fcuntion

Conterexample is 

[0, 0]

sampling time = 3.376 ms


       ########################################         

iteration 1 with 414 examples

2019-05-02-13-36-03   >>>>   Start train ranking function

2019-05-02-13-36-03   >>>>   End train ranking function

train_ranking_functioning time = 13.476 ms


2019-05-02-13-36-03   >>>>   Start verify ranking function

[xi_1 = 0]
ranking function : 1.1 * 1; 1.0 * 1; 1.0 * 1; 1.0 * 1; 1.0 * 1

2019-05-02-13-36-03   >>>>   End verify ranking function

verifying time = 7.955 ms


Not Found Ranking Fcuntion

Conterexample is 

[0, 0]

sampling time = 3.744 ms


       ########################################         

iteration 2 with 420 examples

2019-05-02-13-36-03   >>>>   Start train ranking function

2019-05-02-13-36-03   >>>>   End train ranking function

train_ranking_functioning time = 14.299 ms


2019-05-02-13-36-03   >>>>   Start verify ranking function

[xi_1 = 0]
ranking function : 1.1 * 1; 1.0 * 1; 1.0 * 1; 1.0 * 1; 1.0 * 1

2019-05-02-13-36-03   >>>>   End verify ranking function

verifying time = 7.404 ms


Not Found Ranking Fcuntion

Conterexample is 

[0, 0]

sampling time = 3.360 ms


       ########################################         

iteration 3 with 426 examples

2019-05-02-13-36-03   >>>>   Start train ranking function

2019-05-02-13-36-03   >>>>   End train ranking function

train_ranking_functioning time = 13.943 ms


2019-05-02-13-36-03   >>>>   Start verify ranking function

[xi_1 = 0]
ranking function : 1.1 * 1; 1.0 * 1; 1.0 * 1; 1.0 * 1; 1.0 * 1

2019-05-02-13-36-03   >>>>   End verify ranking function

verifying time = 7.199 ms


Not Found Ranking Fcuntion

Conterexample is 

[0, 0]

sampling time = 3.367 ms


       ########################################         

iteration 4 with 432 examples

2019-05-02-13-36-03   >>>>   Start train ranking function

2019-05-02-13-36-03   >>>>   End train ranking function

train_ranking_functioning time = 13.903 ms


2019-05-02-13-36-03   >>>>   Start verify ranking function

[xi_1 = 0]
ranking function : 1.1 * 1; 1.0 * 1; 1.0 * 1; 1.0 * 1; 1.0 * 1

2019-05-02-13-36-03   >>>>   End verify ranking function

verifying time = 7.459 ms


Not Found Ranking Fcuntion

Conterexample is 

[0, 0]

sampling time = 3.441 ms


       ########################################         

iteration 5 with 438 examples

2019-05-02-13-36-03   >>>>   Start train ranking function

5
2019-05-02-13-36-03   >>>>   End train ranking function

train_ranking_functioning time = 14.265 ms


2019-05-02-13-36-03   >>>>   Start verify ranking function

[xi_1 = 0]
ranking function : 1.1 * 1; 1.0 * 1; 1.0 * 1; 1.0 * 1; 1.0 * 1

2019-05-02-13-36-03   >>>>   End verify ranking function

verifying time = 7.338 ms


Not Found Ranking Fcuntion

Conterexample is 

[0, 0]

sampling time = 3.355 ms


       ########################################         

iteration 6 with 444 examples

2019-05-02-13-36-03   >>>>   Start train ranking function

2019-05-02-13-36-03   >>>>   End train ranking function

train_ranking_functioning time = 14.364 ms


2019-05-02-13-36-03   >>>>   Start verify ranking function

[xi_0 = 1, xi_1 = 0]
ranking function :  - 0.0051 *  x[0]^1.0 - 0.0262 *  x[1]^1.0 + 1.0921 * 1;  - 0.0052 *  x[0]^1.0 + 0.0023 *  x[1]^1.0 + 0.9907 * 1;  - 0.0053 *  x[0]^1.0 + 0.0026 *  x[1]^1.0 + 0.9902 * 1;  - 0.0052 *  x[0]^1.0 + 0.0026 *  x[1]^1.0 + 0.9902 * 1; 0.0026 *  x[1]^1.0 + 0.9876 * 1

2019-05-02-13-36-03   >>>>   End verify ranking function

verifying time = 7.384 ms


Not Found Ranking Fcuntion

Conterexample is 

[1, 0]

sampling time = 3.357 ms


       ########################################         

iteration 7 with 450 examples

2019-05-02-13-36-03   >>>>   Start train ranking function

2019-05-02-13-36-03   >>>>   End train ranking function

train_ranking_functioning time = 14.527 ms


2019-05-02-13-36-03   >>>>   Start verify ranking function

[xi_0 = 1, xi_1 = 0]
ranking function :  - 0.0046 *  x[0]^1.0 - 0.0258 *  x[1]^1.0 + 1.0909 * 1;  - 0.005 *  x[0]^1.0 + 0.0023 *  x[1]^1.0 + 0.991 * 1;  - 0.0049 *  x[0]^1.0 + 0.0025 *  x[1]^1.0 + 0.9905 * 1;  - 0.0049 *  x[0]^1.0 + 0.0025 *  x[1]^1.0 + 0.9905 * 1; 0.0025 *  x[1]^1.0 + 0.988 * 1

2019-05-02-13-36-03   >>>>   End verify ranking function

verifying time = 7.885 ms


Not Found Ranking Fcuntion

Conterexample is 

[1, 0]

sampling time = 3.353 ms


       ########################################         

iteration 8 with 456 examples

2019-05-02-13-36-03   >>>>   Start train ranking function

2019-05-02-13-36-03   >>>>   End train ranking function

train_ranking_functioning time = 14.726 ms


2019-05-02-13-36-03   >>>>   Start verify ranking function

[xi_0 = 1, xi_1 = 0]
ranking function :  - 0.0048 *  x[0]^1.0 - 0.0255 *  x[1]^1.0 + 1.0882 * 1;  - 0.0046 *  x[0]^1.0 + 0.002 *  x[1]^1.0 + 0.9912 * 1;  - 0.0047 *  x[0]^1.0 + 0.0023 *  x[1]^1.0 + 0.9907 * 1;  - 0.0046 *  x[0]^1.0 + 0.0024 *  x[1]^1.0 + 0.9907 * 1; 0.0023 *  x[1]^1.0 + 0.9884 * 1

2019-05-02-13-36-03   >>>>   End verify ranking function

verifying time = 7.349 ms


Not Found Ranking Fcuntion

Conterexample is 

[1, 0]

sampling time = 3.367 ms


       ########################################         

iteration 9 with 462 examples

2019-05-02-13-36-03   >>>>   Start train ranking function

2019-05-02-13-36-03   >>>>   End train ranking function

train_ranking_functioning time = 14.973 ms


2019-05-02-13-36-03   >>>>   Start verify ranking function

[xi_0 = 1, xi_1 = 0]
ranking function :  - 0.0023 *  x[0]^1.0 - 0.0257 *  x[1]^1.0 + 1.0853 * 1;  - 0.0044 *  x[0]^1.0 + 0.0021 *  x[1]^1.0 + 0.9914 * 1;  - 0.0044 *  x[0]^1.0 + 0.0022 *  x[1]^1.0 + 0.991 * 1;  - 0.0044 *  x[0]^1.0 + 0.0022 *  x[1]^1.0 + 0.991 * 1; 0.0001 *  x[0]^1.0 + 0.0022 *  x[1]^1.0 + 0.9888 * 1

2019-05-02-13-36-03   >>>>   End verify ranking function

verifying time = 7.372 ms


Not Found Ranking Fcuntion

Conterexample is 

[1, 0]

sampling time = 3.363 ms


Failed to prove it is terminated

UNKNOWN
------Using Template 5 -----------
13 [3, 4, 1, 2, 3]
*****************************************************

2019-05-02-13-36-03   >>>>   End sampling point

sampling time = 241.781 ms,


       ########################################         

iteration 0 with 408 examples

2019-05-02-13-36-03   >>>>   Start train ranking function

2019-05-02-13-36-03   >>>>   End train ranking function

train_ranking_functioning time = 13.330 ms


2019-05-02-13-36-03   >>>>   Start verify ranking function

[xi_1 = 1, xi_0 = 1]
ranking function : 0.4 *  x[0]^2.0 *  x[1]^-3.0 + 0.1 *  x[0]^1.0 *  x[1]^-0.5; 0.1 *  x[0]^2.0 *  x[1]^-1.0 + 0.5 *  x[1]^0.5 + 0.2 *  x[0]^-0.5 *  x[1]^1.0; 1.0 *  x[0]^0.5; 0.5 *  x[0]^-3.0 *  x[1]^-0.5; 0.8 *  x[0]^-0.5 *  x[1]^-0.5

2019-05-02-13-36-03   >>>>   End verify ranking function

verifying time = 36.036 ms


Not Found Ranking Fcuntion

Conterexample is 

[1, 1]

sampling time = 3.411 ms


       ########################################         

iteration 1 with 414 examples

2019-05-02-13-36-03   >>>>   Start train ranking function

2019-05-02-13-36-03   >>>>   End train ranking function

train_ranking_functioning time = 13.359 ms


2019-05-02-13-36-03   >>>>   Start verify ranking function

[xi_1 = 1, xi_0 = 1]
ranking function : 0.4 *  x[0]^2.0 *  x[1]^-3.0 + 0.1 *  x[0]^1.0 *  x[1]^-0.5; 0.1 *  x[0]^2.0 *  x[1]^-1.0 + 0.5 *  x[1]^0.5 + 0.2 *  x[0]^-0.5 *  x[1]^1.0; 1.0 *  x[0]^0.5; 0.5 *  x[0]^-3.0 *  x[1]^-0.5; 0.8 *  x[0]^-0.5 *  x[1]^-0.5

2019-05-02-13-36-03   >>>>   End verify ranking function

verifying time = 33.695 ms


Not Found Ranking Fcuntion

Conterexample is 

[1, 1]

sampling time = 3.413 ms


       ########################################         

iteration 2 with 420 examples

2019-05-02-13-36-03   >>>>   Start train ranking function

2019-05-02-13-36-03   >>>>   End train ranking function

train_ranking_functioning time = 13.934 ms


2019-05-02-13-36-03   >>>>   Start verify ranking function

[xi_1 = 1, xi_0 = 1]
ranking function : 0.4 *  x[0]^2.0 *  x[1]^-3.0 + 0.1 *  x[1]^-3.0 + 0.1 *  x[0]^1.0 *  x[1]^-0.5; 0.1 *  x[0]^2.0 *  x[1]^-1.0 + 0.5 *  x[1]^0.5 + 0.2 *  x[0]^-0.5 *  x[1]^1.0; 1.0 *  x[0]^0.5; 0.5 *  x[0]^-3.0 *  x[1]^-0.5; 0.8 *  x[0]^-0.5 *  x[1]^-0.5

2019-05-02-13-36-04   >>>>   End verify ranking function

verifying time = 86.332 ms


Not Found Ranking Fcuntion

Conterexample is 

[1, 1]

sampling time = 3.445 ms


       ########################################         

iteration 3 with 426 examples

2019-05-02-13-36-04   >>>>   Start train ranking function

2019-05-02-13-36-04   >>>>   End train ranking function

train_ranking_functioning time = 15.379 ms


2019-05-02-13-36-04   >>>>   Start verify ranking function

[xi_1 = 1, xi_0 = 1]
ranking function : 0.4 *  x[0]^2.0 *  x[1]^-3.0 + 0.1 *  x[1]^-3.0 + 0.1 *  x[0]^1.0 *  x[1]^-0.5; 0.1 *  x[0]^2.0 *  x[1]^-1.0 + 0.5 *  x[1]^0.5 + 0.2 *  x[0]^-0.5 *  x[1]^1.0; 1.0 *  x[0]^0.5; 0.5 *  x[0]^-3.0 *  x[1]^-0.5; 0.8 *  x[0]^-0.5 *  x[1]^-0.5

2019-05-02-13-36-04   >>>>   End verify ranking function

verifying time = 48.595 ms


Not Found Ranking Fcuntion

Conterexample is 

[1, 1]

sampling time = 3.463 ms


       ########################################         

iteration 4 with 432 examples

2019-05-02-13-36-04   >>>>   Start train ranking function

2019-05-02-13-36-04   >>>>   End train ranking function

train_ranking_functioning time = 13.902 ms


2019-05-02-13-36-04   >>>>   Start verify ranking function

[xi_1 = 1, xi_0 = 1]
ranking function : 0.4 *  x[0]^2.0 *  x[1]^-3.0 + 0.1 *  x[1]^-3.0 + 0.1 *  x[0]^1.0 *  x[1]^-0.5; 0.1 *  x[0]^2.0 *  x[1]^-1.0 + 0.5 *  x[1]^0.5 + 0.2 *  x[0]^-0.5 *  x[1]^1.0; 1.0 *  x[0]^0.5; 0.5 *  x[0]^-3.0 *  x[1]^-0.5; 0.8 *  x[0]^-0.5 *  x[1]^-0.5

2019-05-02-13-36-04   >>>>   End verify ranking function

verifying time = 55.440 ms


Not Found Ranking Fcuntion

Conterexample is 

[1, 1]

sampling time = 3.434 ms


       ########################################         

iteration 5 with 438 examples

2019-05-02-13-36-04   >>>>   Start train ranking function

2019-05-02-13-36-04   >>>>   End train ranking function

train_ranking_functioning time = 14.729 ms


2019-05-02-13-36-04   >>>>   Start verify ranking function

[xi_1 = 1, xi_0 = 1]
ranking function : 0.4 *  x[0]^2.0 *  x[1]^-3.0 + 0.1 *  x[1]^-3.0 + 0.1 *  x[0]^1.0 *  x[1]^-0.5; 0.1 *  x[0]^2.0 *  x[1]^-1.0 + 0.5 *  x[1]^0.5 + 0.2 *  x[0]^-0.5 *  x[1]^1.0; 1.0 *  x[0]^0.5; 0.5 *  x[0]^-3.0 *  x[1]^-0.5; 0.8 *  x[0]^-0.5 *  x[1]^-0.5

2019-05-02-13-36-04   >>>>   End verify ranking function

verifying time = 84.305 ms


Not Found Ranking Fcuntion

Conterexample is 

[1, 1]

sampling time = 3.688 ms


       ########################################         

iteration 6 with 444 examples

2019-05-02-13-36-04   >>>>   Start train ranking function

2019-05-02-13-36-04   >>>>   End train ranking function

train_ranking_functioning time = 14.949 ms


2019-05-02-13-36-04   >>>>   Start verify ranking function

[xi_1 = 1, xi_0 = 1]
ranking function : 0.4 *  x[0]^2.0 *  x[1]^-3.0 + 0.2 *  x[1]^-3.0 + 0.1 *  x[0]^1.0 *  x[1]^-0.5; 0.1 *  x[0]^2.0 *  x[1]^-1.0 + 0.5 *  x[1]^0.5 + 0.2 *  x[0]^-0.5 *  x[1]^1.0; 1.0 *  x[0]^0.5; 0.5 *  x[0]^-3.0 *  x[1]^-0.5; 0.8 *  x[0]^-0.5 *  x[1]^-0.5

2019-05-02-13-36-04   >>>>   End verify ranking function

verifying time = 65.648 ms


Not Found Ranking Fcuntion

Conterexample is 

[1, 1]

sampling time = 3.416 ms


       ########################################         

iteration 7 with 450 examples

2019-05-02-13-36-04   >>>>   Start train ranking function

2019-05-02-13-36-04   >>>>   End train ranking function

train_ranking_functioning time = 14.732 ms


2019-05-02-13-36-04   >>>>   Start verify ranking function

[xi_1 = 1, xi_0 = 1]
ranking function : 0.4 *  x[0]^2.0 *  x[1]^-3.0 + 0.2 *  x[1]^-3.0 + 0.1 *  x[0]^1.0 *  x[1]^-0.5; 0.1 *  x[0]^2.0 *  x[1]^-1.0 + 0.5 *  x[1]^0.5 + 0.2 *  x[0]^-0.5 *  x[1]^1.0; 1.0 *  x[0]^0.5; 0.5 *  x[0]^-3.0 *  x[1]^-0.5; 0.8 *  x[0]^-0.5 *  x[1]^-0.5

2019-05-02-13-36-04   >>>>   End verify ranking function

verifying time = 281.724 ms


Not Found Ranking Fcuntion

Conterexample is 

[1, 1]

sampling time = 3.426 ms


       ########################################         

iteration 8 with 456 examples

2019-05-02-13-36-04   >>>>   Start train ranking function

2019-05-02-13-36-04   >>>>   End train ranking function

train_ranking_functioning time = 15.434 ms


2019-05-02-13-36-04   >>>>   Start verify ranking function

[xi_1 = 1, xi_0 = 1]
ranking function : 0.4 *  x[0]^2.0 *  x[1]^-3.0 + 0.2 *  x[1]^-3.0 + 0.1 *  x[0]^1.0 *  x[1]^-0.5; 0.1 *  x[0]^2.0 *  x[1]^-1.0 + 0.5 *  x[1]^0.5 + 0.3 *  x[0]^-0.5 *  x[1]^1.0; 1.0 *  x[0]^0.5; 0.5 *  x[0]^-3.0 *  x[1]^-0.5; 0.8 *  x[0]^-0.5 *  x[1]^-0.5

2019-05-02-13-36-04   >>>>   End verify ranking function

verifying time = 55.585 ms


Not Found Ranking Fcuntion

Conterexample is 

[1, 1]

sampling time = 3.436 ms


       ########################################         

iteration 9 with 462 examples

2019-05-02-13-36-04   >>>>   Start train ranking function

2019-05-02-13-36-04   >>>>   End train ranking function

train_ranking_functioning time = 15.111 ms


2019-05-02-13-36-04   >>>>   Start verify ranking function

[xi_1 = 1, xi_0 = 1]
ranking function : 0.4 *  x[0]^2.0 *  x[1]^-3.0 + 0.2 *  x[1]^-3.0 + 0.1 *  x[0]^1.0 *  x[1]^-0.5; 0.1 *  x[0]^2.0 *  x[1]^-1.0 + 0.5 *  x[1]^0.5 + 0.2 *  x[0]^-0.5 *  x[1]^1.0; 1.0 *  x[0]^0.5; 0.5 *  x[0]^-3.0 *  x[1]^-0.5; 0.8 *  x[0]^-0.5 *  x[1]^-0.5

2019-05-02-13-36-04   >>>>   End verify ranking function

verifying time = 82.413 ms


Not Found Ranking Fcuntion

Conterexample is 

[1, 1]

sampling time = 3.461 ms


Failed to prove it is terminated

UNKNOWN
------Using Template 6 -----------
21 [3, 3, 3, 3, 3, 3, 3]
*****************************************************

2019-05-02-13-36-05   >>>>   End sampling point

sampling time = 328.872 ms,


       ########################################         

iteration 0 with 544 examples

2019-05-02-13-36-05   >>>>   Start train ranking function

2019-05-02-13-36-05   >>>>   End train ranking function

train_ranking_functioning time = 17.992 ms


2019-05-02-13-36-05   >>>>   Start verify ranking function

[xi_1 = 0]
ranking function : 1.1 * 1; 1.0 * 1; 1.0 * 1; 1.0 * 1; 1.0 * 1; 1.0 * 1; 1.0 * 1

2019-05-02-13-36-05   >>>>   End verify ranking function

verifying time = 7.407 ms


Not Found Ranking Fcuntion

Conterexample is 

[0, 0]

sampling time = 4.704 ms


       ########################################         

iteration 1 with 552 examples

2019-05-02-13-36-05   >>>>   Start train ranking function

2019-05-02-13-36-05   >>>>   End train ranking function

train_ranking_functioning time = 18.195 ms


2019-05-02-13-36-05   >>>>   Start verify ranking function

[xi_1 = 0]
ranking function : 1.1 * 1; 1.0 * 1; 1.0 * 1; 1.0 * 1; 1.0 * 1; 1.0 * 1; 1.0 * 1

2019-05-02-13-36-05   >>>>   End verify ranking function

verifying time = 7.382 ms


Not Found Ranking Fcuntion

Conterexample is 

[0, 0]

sampling time = 4.685 ms


       ########################################         

iteration 2 with 560 examples

2019-05-02-13-36-05   >>>>   Start train ranking function

2019-05-02-13-36-05   >>>>   End train ranking function

train_ranking_functioning time = 18.734 ms


2019-05-02-13-36-05   >>>>   Start verify ranking function

[xi_1 = 0]
ranking function : 1.1 * 1; 1.0 * 1; 1.0 * 1; 1.0 * 1; 1.0 * 1; 1.0 * 1; 1.0 * 1

2019-05-02-13-36-05   >>>>   End verify ranking function

verifying time = 7.373 ms


Not Found Ranking Fcuntion

Conterexample is 

[0, 0]

sampling time = 4.712 ms


       ########################################         

iteration 3 with 568 examples

2019-05-02-13-36-05   >>>>   Start train ranking function

2019-05-02-13-36-05   >>>>   End train ranking function

train_ranking_functioning time = 19.085 ms


2019-05-02-13-36-05   >>>>   Start verify ranking function

[xi_1 = 0]
ranking function : 1.1 * 1; 1.0 * 1; 1.0 * 1; 1.0 * 1; 1.0 * 1; 1.0 * 1; 1.0 * 1

2019-05-02-13-36-05   >>>>   End verify ranking function

verifying time = 7.447 ms


Not Found Ranking Fcuntion

Conterexample is 

[0, 0]

sampling time = 5.107 ms


       ########################################         

iteration 4 with 576 examples

2019-05-02-13-36-05   >>>>   Start train ranking function

2019-05-02-13-36-05   >>>>   End train ranking function

train_ranking_functioning time = 19.373 ms


2019-05-02-13-36-05   >>>>   Start verify ranking function

[xi_1 = 0]
ranking function : 1.1 * 1; 1.0 * 1; 1.0 * 1; 1.0 * 1; 1.0 * 1; 1.0 * 1; 1.0 * 1

2019-05-02-13-36-05   >>>>   End verify ranking function

verifying time = 7.420 ms


Not Found Ranking Fcuntion

Conterexample is 

[0, 0]

sampling time = 5.298 ms


       ########################################         

iteration 5 with 584 examples

2019-05-02-13-36-05   >>>>   Start train ranking function

5
2019-05-02-13-36-05   >>>>   End train ranking function

train_ranking_functioning time = 21.054 ms


2019-05-02-13-36-05   >>>>   Start verify ranking function

[xi_1 = 0]
ranking function : 1.1 * 1; 1.0 * 1; 1.0 * 1; 1.0 * 1; 1.0 * 1; 1.0 * 1; 1.0 * 1

2019-05-02-13-36-05   >>>>   End verify ranking function

verifying time = 7.976 ms


Not Found Ranking Fcuntion

Conterexample is 

[0, 0]

sampling time = 4.726 ms


       ########################################         

iteration 6 with 592 examples

2019-05-02-13-36-05   >>>>   Start train ranking function

2019-05-02-13-36-05   >>>>   End train ranking function

train_ranking_functioning time = 20.297 ms


2019-05-02-13-36-05   >>>>   Start verify ranking function

[xi_0 = 1, xi_1 = 0]
ranking function :  - 0.0044 *  x[0]^1.0 - 0.026 *  x[1]^1.0 + 1.0947 * 1;  - 0.0052 *  x[0]^1.0 + 0.0025 *  x[1]^1.0 + 0.9907 * 1;  - 0.0053 *  x[0]^1.0 + 0.0026 *  x[1]^1.0 + 0.9902 * 1;  - 0.0053 *  x[0]^1.0 + 0.0026 *  x[1]^1.0 + 0.9902 * 1;  - 0.0053 *  x[0]^1.0 + 0.0026 *  x[1]^1.0 + 0.9902 * 1;  - 0.0052 *  x[0]^1.0 + 0.0026 *  x[1]^1.0 + 0.9901 * 1; 0.0026 *  x[1]^1.0 + 0.9876 * 1

2019-05-02-13-36-05   >>>>   End verify ranking function

verifying time = 7.865 ms


Not Found Ranking Fcuntion

Conterexample is 

[1, 0]

sampling time = 4.821 ms


       ########################################         

iteration 7 with 600 examples

2019-05-02-13-36-05   >>>>   Start train ranking function

2019-05-02-13-36-05   >>>>   End train ranking function

train_ranking_functioning time = 20.274 ms


2019-05-02-13-36-05   >>>>   Start verify ranking function

[xi_0 = 1, xi_1 = 0]
ranking function :  - 0.003 *  x[0]^1.0 - 0.0259 *  x[1]^1.0 + 1.0895 * 1;  - 0.005 *  x[0]^1.0 + 0.0023 *  x[1]^1.0 + 0.9909 * 1;  - 0.0049 *  x[0]^1.0 + 0.0025 *  x[1]^1.0 + 0.9905 * 1;  - 0.0049 *  x[0]^1.0 + 0.0025 *  x[1]^1.0 + 0.9905 * 1;  - 0.0049 *  x[0]^1.0 + 0.0025 *  x[1]^1.0 + 0.9905 * 1;  - 0.0049 *  x[0]^1.0 + 0.0025 *  x[1]^1.0 + 0.9904 * 1; 0.0025 *  x[1]^1.0 + 0.988 * 1

2019-05-02-13-36-05   >>>>   End verify ranking function

verifying time = 7.581 ms


Not Found Ranking Fcuntion

Conterexample is 

[1, 0]

sampling time = 4.698 ms


       ########################################         

iteration 8 with 608 examples

2019-05-02-13-36-05   >>>>   Start train ranking function

2019-05-02-13-36-05   >>>>   End train ranking function

train_ranking_functioning time = 20.482 ms


2019-05-02-13-36-05   >>>>   Start verify ranking function

[xi_0 = 1, xi_1 = 0]
ranking function :  - 0.0043 *  x[0]^1.0 - 0.0256 *  x[1]^1.0 + 1.0921 * 1;  - 0.0046 *  x[0]^1.0 + 0.0021 *  x[1]^1.0 + 0.9912 * 1;  - 0.0047 *  x[0]^1.0 + 0.0024 *  x[1]^1.0 + 0.9908 * 1;  - 0.0047 *  x[0]^1.0 + 0.0023 *  x[1]^1.0 + 0.9907 * 1;  - 0.0047 *  x[0]^1.0 + 0.0024 *  x[1]^1.0 + 0.9907 * 1;  - 0.0046 *  x[0]^1.0 + 0.0024 *  x[1]^1.0 + 0.9907 * 1; 0.0023 *  x[1]^1.0 + 0.9884 * 1

2019-05-02-13-36-05   >>>>   End verify ranking function

verifying time = 7.592 ms


Not Found Ranking Fcuntion

Conterexample is 

[1, 0]

sampling time = 4.710 ms


       ########################################         

iteration 9 with 616 examples

2019-05-02-13-36-05   >>>>   Start train ranking function

2019-05-02-13-36-05   >>>>   End train ranking function

train_ranking_functioning time = 20.786 ms


2019-05-02-13-36-05   >>>>   Start verify ranking function

[xi_0 = 1, xi_1 = 0]
ranking function :  - 0.0041 *  x[0]^1.0 - 0.0252 *  x[1]^1.0 + 1.09 * 1;  - 0.0044 *  x[0]^1.0 + 0.0021 *  x[1]^1.0 + 0.9914 * 1;  - 0.0044 *  x[0]^1.0 + 0.0022 *  x[1]^1.0 + 0.991 * 1;  - 0.0044 *  x[0]^1.0 + 0.0022 *  x[1]^1.0 + 0.991 * 1;  - 0.0044 *  x[0]^1.0 + 0.0022 *  x[1]^1.0 + 0.991 * 1;  - 0.0044 *  x[0]^1.0 + 0.0022 *  x[1]^1.0 + 0.991 * 1; 0.0001 *  x[0]^1.0 + 0.0022 *  x[1]^1.0 + 0.9888 * 1

2019-05-02-13-36-05   >>>>   End verify ranking function

verifying time = 7.577 ms


Not Found Ranking Fcuntion

Conterexample is 

[1, 0]

sampling time = 4.722 ms


Failed to prove it is terminated

UNKNOWN
------Using Template 7 -----------
18 [1, 4, 2, 3, 4, 3, 1]
*****************************************************

2019-05-02-13-36-05   >>>>   End sampling point

sampling time = 331.508 ms,


       ########################################         

iteration 0 with 544 examples

2019-05-02-13-36-05   >>>>   Start train ranking function

2019-05-02-13-36-05   >>>>   End train ranking function

train_ranking_functioning time = 21.737 ms


2019-05-02-13-36-05   >>>>   Start verify ranking function

[xi_1 = 0]
ranking function : ; 1.1 *  x[0]^0.5 + 0.6 *  x[0]^-2.0 *  x[1]^-3.0 - 0.1 *  x[0]^-3.0 *  x[1]^-3.0; 0.3 *  x[1]^-2.0 + 0.5 *  x[0]^0.5 *  x[1]^-3.0; 3.4 *  x[0]^-2.0 + 0.1 *  x[0]^-3.0 *  x[1]^3.0; 0.4 *  x[0]^-2.0 + 0.7 *  x[0]^0.5 + 1.3 *  x[0]^-0.5 *  x[1]^-1.0;  - 0.1 *  x[0]^1.0 *  x[1]^-1.0; 0.4 *  x[0]^2.0 *  x[1]^-1.0

2019-05-02-13-36-05   >>>>   End verify ranking function

verifying time = 7.512 ms


Not Found Ranking Fcuntion

Conterexample is 

[0, 0]

sampling time = 4.607 ms


       ########################################         

iteration 1 with 552 examples

2019-05-02-13-36-05   >>>>   Start train ranking function

2019-05-02-13-36-05   >>>>   End train ranking function

train_ranking_functioning time = 22.458 ms


2019-05-02-13-36-05   >>>>   Start verify ranking function

[xi_1 = 0]
ranking function : ; 1.1 *  x[0]^0.5 + 0.6 *  x[0]^-2.0 *  x[1]^-3.0 - 0.1 *  x[0]^-3.0 *  x[1]^-3.0; 0.6 *  x[0]^0.5 *  x[1]^-3.0; 3.4 *  x[0]^-2.0 + 0.1 *  x[0]^-3.0 *  x[1]^3.0; 0.4 *  x[0]^-2.0 + 0.7 *  x[0]^0.5 + 1.4 *  x[0]^-0.5 *  x[1]^-1.0;  - 0.1 *  x[0]^1.0 *  x[1]^-1.0; 0.4 *  x[0]^2.0 *  x[1]^-1.0

2019-05-02-13-36-05   >>>>   End verify ranking function

verifying time = 7.406 ms


Not Found Ranking Fcuntion

Conterexample is 

[0, 0]

sampling time = 4.541 ms


       ########################################         

iteration 2 with 560 examples

2019-05-02-13-36-05   >>>>   Start train ranking function

2019-05-02-13-36-06   >>>>   End train ranking function

train_ranking_functioning time = 23.578 ms


2019-05-02-13-36-06   >>>>   Start verify ranking function

[xi_1 = 0]
ranking function : ; 1.1 *  x[0]^0.5 + 0.6 *  x[0]^-2.0 *  x[1]^-3.0 - 0.1 *  x[0]^-3.0 *  x[1]^-3.0; 0.7 *  x[0]^0.5 *  x[1]^-3.0; 3.4 *  x[0]^-2.0 + 0.1 *  x[0]^-3.0 *  x[1]^3.0; 0.4 *  x[0]^-2.0 + 0.7 *  x[0]^0.5 + 1.3 *  x[0]^-0.5 *  x[1]^-1.0; ; 0.4 *  x[0]^2.0 *  x[1]^-1.0

2019-05-02-13-36-06   >>>>   End verify ranking function

verifying time = 7.698 ms


Not Found Ranking Fcuntion

Conterexample is 

[0, 0]

sampling time = 4.553 ms


       ########################################         

iteration 3 with 568 examples

2019-05-02-13-36-06   >>>>   Start train ranking function

2019-05-02-13-36-06   >>>>   End train ranking function

train_ranking_functioning time = 22.980 ms


2019-05-02-13-36-06   >>>>   Start verify ranking function

[xi_1 = 0]
ranking function : ; 1.0 *  x[0]^0.5 + 0.6 *  x[0]^-2.0 *  x[1]^-3.0 - 0.1 *  x[0]^-3.0 *  x[1]^-3.0; 0.7 *  x[0]^0.5 *  x[1]^-3.0; 3.4 *  x[0]^-2.0 + 0.1 *  x[0]^-3.0 *  x[1]^3.0; 0.4 *  x[0]^-2.0 + 0.7 *  x[0]^0.5 + 1.3 *  x[0]^-0.5 *  x[1]^-1.0; ; 0.4 *  x[0]^2.0 *  x[1]^-1.0

2019-05-02-13-36-06   >>>>   End verify ranking function

verifying time = 7.621 ms


Not Found Ranking Fcuntion

Conterexample is 

[0, 0]

sampling time = 4.572 ms


       ########################################         

iteration 4 with 576 examples

2019-05-02-13-36-06   >>>>   Start train ranking function

2019-05-02-13-36-06   >>>>   End train ranking function

train_ranking_functioning time = 22.868 ms


2019-05-02-13-36-06   >>>>   Start verify ranking function

[xi_1 = 0]
ranking function : ; 1.0 *  x[0]^0.5 + 0.6 *  x[0]^-2.0 *  x[1]^-3.0 - 0.1 *  x[0]^-3.0 *  x[1]^-3.0; 0.7 *  x[0]^0.5 *  x[1]^-3.0; 3.4 *  x[0]^-2.0; 0.4 *  x[0]^-2.0 + 0.7 *  x[0]^0.5 + 1.3 *  x[0]^-0.5 *  x[1]^-1.0;  - 0.1 *  x[0]^1.0 *  x[1]^-1.0; 0.4 *  x[0]^2.0 *  x[1]^-1.0

2019-05-02-13-36-06   >>>>   End verify ranking function

verifying time = 7.441 ms


Not Found Ranking Fcuntion

Conterexample is 

[0, 0]

sampling time = 4.719 ms


       ########################################         

iteration 5 with 584 examples

2019-05-02-13-36-06   >>>>   Start train ranking function

2019-05-02-13-36-06   >>>>   End train ranking function

train_ranking_functioning time = 24.068 ms


2019-05-02-13-36-06   >>>>   Start verify ranking function

[xi_1 = 0]
ranking function : ; 1.0 *  x[0]^0.5 + 0.6 *  x[0]^-2.0 *  x[1]^-3.0 - 0.1 *  x[0]^-3.0 *  x[1]^-3.0; 0.7 *  x[0]^0.5 *  x[1]^-3.0; 3.4 *  x[0]^-2.0; 0.4 *  x[0]^-2.0 + 0.7 *  x[0]^0.5 + 1.3 *  x[0]^-0.5 *  x[1]^-1.0;  - 0.1 *  x[0]^1.0 *  x[1]^-1.0; 0.4 *  x[0]^2.0 *  x[1]^-1.0

2019-05-02-13-36-06   >>>>   End verify ranking function

verifying time = 7.823 ms


Not Found Ranking Fcuntion

Conterexample is 

[0, 0]

sampling time = 4.640 ms


       ########################################         

iteration 6 with 592 examples

2019-05-02-13-36-06   >>>>   Start train ranking function

2019-05-02-13-36-06   >>>>   End train ranking function

train_ranking_functioning time = 24.148 ms


2019-05-02-13-36-06   >>>>   Start verify ranking function

[xi_1 = 0]
ranking function : ; 1.1 *  x[0]^0.5 + 0.6 *  x[0]^-2.0 *  x[1]^-3.0 - 0.1 *  x[0]^-3.0 *  x[1]^-3.0; 0.7 *  x[0]^0.5 *  x[1]^-3.0; 3.4 *  x[0]^-2.0; 0.4 *  x[0]^-2.0 + 0.7 *  x[0]^0.5 + 1.3 *  x[0]^-0.5 *  x[1]^-1.0; ; 0.4 *  x[0]^2.0 *  x[1]^-1.0

2019-05-02-13-36-06   >>>>   End verify ranking function

verifying time = 7.812 ms


Not Found Ranking Fcuntion

Conterexample is 

[0, 0]

sampling time = 4.643 ms


       ########################################         

iteration 7 with 600 examples

2019-05-02-13-36-06   >>>>   Start train ranking function

2019-05-02-13-36-06   >>>>   End train ranking function

train_ranking_functioning time = 24.610 ms


2019-05-02-13-36-06   >>>>   Start verify ranking function

[xi_1 = 0]
ranking function : ; 1.0 *  x[0]^0.5 + 0.6 *  x[0]^-2.0 *  x[1]^-3.0 - 0.1 *  x[0]^-3.0 *  x[1]^-3.0; 0.7 *  x[0]^0.5 *  x[1]^-3.0; 3.4 *  x[0]^-2.0; 0.4 *  x[0]^-2.0 + 0.7 *  x[0]^0.5 + 1.3 *  x[0]^-0.5 *  x[1]^-1.0; ; 0.4 *  x[0]^2.0 *  x[1]^-1.0

2019-05-02-13-36-06   >>>>   End verify ranking function

verifying time = 7.486 ms


Not Found Ranking Fcuntion

Conterexample is 

[0, 0]

sampling time = 4.633 ms


       ########################################         

iteration 8 with 608 examples

2019-05-02-13-36-06   >>>>   Start train ranking function

2019-05-02-13-36-06   >>>>   End train ranking function

train_ranking_functioning time = 24.382 ms


2019-05-02-13-36-06   >>>>   Start verify ranking function

[xi_1 = 0]
ranking function : ; 1.1 *  x[0]^0.5 + 0.6 *  x[0]^-2.0 *  x[1]^-3.0 - 0.1 *  x[0]^-3.0 *  x[1]^-3.0; 0.7 *  x[0]^0.5 *  x[1]^-3.0; 3.4 *  x[0]^-2.0 + 0.1 *  x[0]^-3.0 *  x[1]^3.0; 0.4 *  x[0]^-2.0 + 0.7 *  x[0]^0.5 + 1.3 *  x[0]^-0.5 *  x[1]^-1.0; ; 0.4 *  x[0]^2.0 *  x[1]^-1.0

2019-05-02-13-36-06   >>>>   End verify ranking function

verifying time = 7.426 ms


Not Found Ranking Fcuntion

Conterexample is 

[0, 0]

sampling time = 4.635 ms


       ########################################         

iteration 9 with 616 examples

2019-05-02-13-36-06   >>>>   Start train ranking function

2019-05-02-13-36-06   >>>>   End train ranking function

train_ranking_functioning time = 24.456 ms


2019-05-02-13-36-06   >>>>   Start verify ranking function

[xi_1 = 0]
ranking function : ; 1.1 *  x[0]^0.5 + 0.6 *  x[0]^-2.0 *  x[1]^-3.0 - 0.1 *  x[0]^-3.0 *  x[1]^-3.0; 0.7 *  x[0]^0.5 *  x[1]^-3.0; 3.4 *  x[0]^-2.0 + 0.1 *  x[0]^-3.0 *  x[1]^3.0; 0.4 *  x[0]^-2.0 + 0.7 *  x[0]^0.5 + 1.3 *  x[0]^-0.5 *  x[1]^-1.0;  - 0.1 *  x[0]^1.0 *  x[1]^-1.0; 0.4 *  x[0]^2.0 *  x[1]^-1.0

2019-05-02-13-36-06   >>>>   End verify ranking function

verifying time = 7.394 ms


Not Found Ranking Fcuntion

Conterexample is 

[0, 0]

sampling time = 4.643 ms


Failed to prove it is terminated

UNKNOWN
------Using Template 0 -----------
3 [3]
*****************************************************

2019-05-02-13-36-06   >>>>   End sampling point

sampling time = 52.578 ms,


       ########################################         

iteration 0 with 136 examples

2019-05-02-13-36-06   >>>>   Start train ranking function

2019-05-02-13-36-06   >>>>   End train ranking function

train_ranking_functioning time = 4.030 ms


2019-05-02-13-36-06   >>>>   Start verify ranking function

[xi_1 = 0]
ranking function : 1.1 * 1

2019-05-02-13-36-06   >>>>   End verify ranking function

verifying time = 6.817 ms


Not Found Ranking Fcuntion

Conterexample is 

[0, 0]

sampling time = 0.712 ms


       ########################################         

iteration 1 with 138 examples

2019-05-02-13-36-06   >>>>   Start train ranking function

2019-05-02-13-36-06   >>>>   End train ranking function

train_ranking_functioning time = 4.056 ms


2019-05-02-13-36-06   >>>>   Start verify ranking function

[xi_1 = 0]
ranking function : 1.1 * 1

2019-05-02-13-36-06   >>>>   End verify ranking function

verifying time = 6.770 ms


Not Found Ranking Fcuntion

Conterexample is 

[0, 0]

sampling time = 0.703 ms


       ########################################         

iteration 2 with 140 examples

2019-05-02-13-36-06   >>>>   Start train ranking function

2019-05-02-13-36-06   >>>>   End train ranking function

train_ranking_functioning time = 4.050 ms


2019-05-02-13-36-06   >>>>   Start verify ranking function

[xi_1 = 0]
ranking function : 1.1 * 1

2019-05-02-13-36-06   >>>>   End verify ranking function

verifying time = 7.117 ms


Not Found Ranking Fcuntion

Conterexample is 

[0, 0]

sampling time = 0.719 ms


       ########################################         

iteration 3 with 142 examples

2019-05-02-13-36-06   >>>>   Start train ranking function

2019-05-02-13-36-06   >>>>   End train ranking function

train_ranking_functioning time = 4.186 ms


2019-05-02-13-36-06   >>>>   Start verify ranking function

[xi_1 = 0]
ranking function : 1.1 * 1

2019-05-02-13-36-06   >>>>   End verify ranking function

verifying time = 6.881 ms


Not Found Ranking Fcuntion

Conterexample is 

[0, 0]

sampling time = 0.719 ms


       ########################################         

iteration 4 with 144 examples

2019-05-02-13-36-06   >>>>   Start train ranking function

2019-05-02-13-36-06   >>>>   End train ranking function

train_ranking_functioning time = 4.209 ms


2019-05-02-13-36-06   >>>>   Start verify ranking function

[xi_1 = 0]
ranking function : 1.1 * 1

2019-05-02-13-36-06   >>>>   End verify ranking function

verifying time = 6.944 ms


Not Found Ranking Fcuntion

Conterexample is 

[0, 0]

sampling time = 0.711 ms


       ########################################         

iteration 5 with 146 examples

2019-05-02-13-36-06   >>>>   Start train ranking function

5
2019-05-02-13-36-06   >>>>   End train ranking function

train_ranking_functioning time = 4.242 ms


2019-05-02-13-36-06   >>>>   Start verify ranking function

[xi_1 = 0]
ranking function : 1.1 * 1

2019-05-02-13-36-06   >>>>   End verify ranking function

verifying time = 6.956 ms


Not Found Ranking Fcuntion

Conterexample is 

[0, 0]

sampling time = 0.796 ms


       ########################################         

iteration 6 with 148 examples

2019-05-02-13-36-06   >>>>   Start train ranking function

2019-05-02-13-36-06   >>>>   End train ranking function

train_ranking_functioning time = 4.270 ms


2019-05-02-13-36-06   >>>>   Start verify ranking function

[xi_0 = 1, xi_1 = 0]
ranking function :  - 0.0017 *  x[0]^1.0 - 0.0263 *  x[1]^1.0 + 1.0813 * 1

2019-05-02-13-36-06   >>>>   End verify ranking function

verifying time = 7.162 ms


Not Found Ranking Fcuntion

Conterexample is 

[1, 0]

sampling time = 0.773 ms


       ########################################         

iteration 7 with 150 examples

2019-05-02-13-36-06   >>>>   Start train ranking function

2019-05-02-13-36-06   >>>>   End train ranking function

train_ranking_functioning time = 4.310 ms


2019-05-02-13-36-06   >>>>   Start verify ranking function

[xi_0 = 1, xi_1 = 0]
ranking function : 0.0016 *  x[0]^1.0 - 0.0258 *  x[1]^1.0 + 1.0824 * 1

2019-05-02-13-36-06   >>>>   End verify ranking function

verifying time = 7.112 ms


Not Found Ranking Fcuntion

Conterexample is 

[1, 0]

sampling time = 0.836 ms


       ########################################         

iteration 8 with 152 examples

2019-05-02-13-36-06   >>>>   Start train ranking function

2019-05-02-13-36-06   >>>>   End train ranking function

train_ranking_functioning time = 4.809 ms


2019-05-02-13-36-06   >>>>   Start verify ranking function

[xi_0 = 1, xi_1 = 0]
ranking function :  - 0.0013 *  x[0]^1.0 - 0.0225 *  x[1]^1.0 + 1.0679 * 1

2019-05-02-13-36-06   >>>>   End verify ranking function

verifying time = 7.884 ms


Not Found Ranking Fcuntion

Conterexample is 

[1, 0]

sampling time = 0.835 ms


       ########################################         

iteration 9 with 154 examples

2019-05-02-13-36-06   >>>>   Start train ranking function

2019-05-02-13-36-06   >>>>   End train ranking function

train_ranking_functioning time = 4.822 ms


2019-05-02-13-36-06   >>>>   Start verify ranking function

[xi_0 = 1, xi_1 = 0]
ranking function : 0.0013 *  x[0]^1.0 - 0.022 *  x[1]^1.0 + 1.0713 * 1

2019-05-02-13-36-06   >>>>   End verify ranking function

verifying time = 7.763 ms


Not Found Ranking Fcuntion

Conterexample is 

[1, 0]

sampling time = 0.726 ms


Failed to prove it is terminated

UNKNOWN
------Using Template 1 -----------
1 [1]
*****************************************************

2019-05-02-13-36-06   >>>>   End sampling point

sampling time = 28.251 ms,


       ########################################         

iteration 0 with 136 examples

2019-05-02-13-36-06   >>>>   Start train ranking function

2019-05-02-13-36-06   >>>>   End train ranking function

train_ranking_functioning time = 2.778 ms


2019-05-02-13-36-06   >>>>   Start verify ranking function

[xi_0 = 1, xi_1 = 1]
ranking function : 0.1 *  x[0]^1.0 *  x[1]^-1.0

2019-05-02-13-36-06   >>>>   End verify ranking function

verifying time = 7.530 ms


Not Found Ranking Fcuntion

Conterexample is 

[1, 1]

sampling time = 0.352 ms


       ########################################         

iteration 1 with 138 examples

2019-05-02-13-36-06   >>>>   Start train ranking function

2019-05-02-13-36-06   >>>>   End train ranking function

train_ranking_functioning time = 2.794 ms


2019-05-02-13-36-06   >>>>   Start verify ranking function

[xi_0 = 1, xi_1 = 1]
ranking function : 0.1 *  x[0]^1.0 *  x[1]^-1.0

2019-05-02-13-36-07   >>>>   End verify ranking function

verifying time = 673.276 ms


Not Found Ranking Fcuntion

Conterexample is 

[1, 1]

sampling time = 0.359 ms


       ########################################         

iteration 2 with 140 examples

2019-05-02-13-36-07   >>>>   Start train ranking function

2019-05-02-13-36-07   >>>>   End train ranking function

train_ranking_functioning time = 2.778 ms


2019-05-02-13-36-07   >>>>   Start verify ranking function

[xi_0 = 1, xi_1 = 1]
ranking function : 0.1 *  x[0]^1.0 *  x[1]^-1.0

2019-05-02-13-36-07   >>>>   End verify ranking function

verifying time = 7.625 ms


Not Found Ranking Fcuntion

Conterexample is 

[1, 1]

sampling time = 0.363 ms


       ########################################         

iteration 3 with 142 examples

2019-05-02-13-36-07   >>>>   Start train ranking function

2019-05-02-13-36-07   >>>>   End train ranking function

train_ranking_functioning time = 2.867 ms


2019-05-02-13-36-07   >>>>   Start verify ranking function

[xi_0 = 1, xi_1 = 0]
ranking function : 0.1 *  x[0]^1.0 *  x[1]^-1.0

2019-05-02-13-36-07   >>>>   End verify ranking function

verifying time = 7.505 ms


Not Found Ranking Fcuntion

Conterexample is 

[1, 0]

sampling time = 0.348 ms


       ########################################         

iteration 4 with 144 examples

2019-05-02-13-36-07   >>>>   Start train ranking function

2019-05-02-13-36-07   >>>>   End train ranking function

train_ranking_functioning time = 2.759 ms


2019-05-02-13-36-07   >>>>   Start verify ranking function

[xi_0 = 0, xi_1 = 0]
ranking function : 0.1 *  x[0]^1.0 *  x[1]^-1.0

2019-05-02-13-36-07   >>>>   End verify ranking function

verifying time = 7.072 ms


Not Found Ranking Fcuntion

Conterexample is 

[0, 0]

sampling time = 0.349 ms


       ########################################         

iteration 5 with 146 examples

2019-05-02-13-36-07   >>>>   Start train ranking function

5
2019-05-02-13-36-07   >>>>   End train ranking function

train_ranking_functioning time = 2.911 ms


2019-05-02-13-36-07   >>>>   Start verify ranking function

[xi_0 = 1, xi_1 = 1]
ranking function : 0.1 *  x[0]^1.0 *  x[1]^-1.0

2019-05-02-13-36-07   >>>>   End verify ranking function

verifying time = 7.537 ms


Not Found Ranking Fcuntion

Conterexample is 

[1, 1]

sampling time = 0.352 ms


       ########################################         

iteration 6 with 148 examples

2019-05-02-13-36-07   >>>>   Start train ranking function

2019-05-02-13-36-07   >>>>   End train ranking function

train_ranking_functioning time = 2.873 ms


2019-05-02-13-36-07   >>>>   Start verify ranking function

[xi_0 = 1, xi_1 = 1]
ranking function : 0.0894 *  x[0]^1.0 *  x[1]^-1.0

2019-05-02-13-36-07   >>>>   End verify ranking function

verifying time = 7.670 ms


Not Found Ranking Fcuntion

Conterexample is 

[1, 1]

sampling time = 0.352 ms


       ########################################         

iteration 7 with 150 examples

2019-05-02-13-36-07   >>>>   Start train ranking function

2019-05-02-13-36-07   >>>>   End train ranking function

train_ranking_functioning time = 2.901 ms


2019-05-02-13-36-07   >>>>   Start verify ranking function

[xi_0 = 1, xi_1 = 1]
ranking function : 0.0939 *  x[0]^1.0 *  x[1]^-1.0

2019-05-02-13-36-07   >>>>   End verify ranking function

verifying time = 7.523 ms


Not Found Ranking Fcuntion

Conterexample is 

[1, 1]

sampling time = 0.354 ms


       ########################################         

iteration 8 with 152 examples

2019-05-02-13-36-07   >>>>   Start train ranking function

2019-05-02-13-36-07   >>>>   End train ranking function

train_ranking_functioning time = 2.988 ms


2019-05-02-13-36-07   >>>>   Start verify ranking function

[xi_0 = 0, xi_1 = 0]
ranking function : 0.0984 *  x[0]^1.0 *  x[1]^-1.0

2019-05-02-13-36-07   >>>>   End verify ranking function

verifying time = 7.097 ms


Not Found Ranking Fcuntion

Conterexample is 

[0, 0]

sampling time = 0.347 ms


       ########################################         

iteration 9 with 154 examples

2019-05-02-13-36-07   >>>>   Start train ranking function

2019-05-02-13-36-07   >>>>   End train ranking function

train_ranking_functioning time = 2.918 ms


2019-05-02-13-36-07   >>>>   Start verify ranking function

[xi_0 = 1, xi_1 = 0]
ranking function : 0.0984 *  x[0]^1.0 *  x[1]^-1.0

2019-05-02-13-36-07   >>>>   End verify ranking function

verifying time = 7.528 ms


Not Found Ranking Fcuntion

Conterexample is 

[1, 0]

sampling time = 0.352 ms


Failed to prove it is terminated

UNKNOWN
------Using Template 2 -----------
9 [3, 3, 3]
*****************************************************

2019-05-02-13-36-07   >>>>   End sampling point

sampling time = 146.073 ms,


       ########################################         

iteration 0 with 272 examples

2019-05-02-13-36-07   >>>>   Start train ranking function

2019-05-02-13-36-07   >>>>   End train ranking function

train_ranking_functioning time = 8.617 ms


2019-05-02-13-36-07   >>>>   Start verify ranking function

[xi_1 = 0]
ranking function : 1.1 * 1; 1.0 * 1; 1.0 * 1

2019-05-02-13-36-07   >>>>   End verify ranking function

verifying time = 6.985 ms


Not Found Ranking Fcuntion

Conterexample is 

[0, 0]

sampling time = 2.011 ms


       ########################################         

iteration 1 with 276 examples

2019-05-02-13-36-07   >>>>   Start train ranking function

2019-05-02-13-36-07   >>>>   End train ranking function

train_ranking_functioning time = 8.686 ms


2019-05-02-13-36-07   >>>>   Start verify ranking function

[xi_1 = 0]
ranking function : 1.1 * 1; 1.0 * 1; 1.0 * 1

2019-05-02-13-36-07   >>>>   End verify ranking function

verifying time = 6.954 ms


Not Found Ranking Fcuntion

Conterexample is 

[0, 0]

sampling time = 2.267 ms


       ########################################         

iteration 2 with 280 examples

2019-05-02-13-36-07   >>>>   Start train ranking function

2019-05-02-13-36-07   >>>>   End train ranking function

train_ranking_functioning time = 9.730 ms


2019-05-02-13-36-07   >>>>   Start verify ranking function

[xi_1 = 0]
ranking function : 1.1 * 1; 1.0 * 1; 1.0 * 1

2019-05-02-13-36-07   >>>>   End verify ranking function

verifying time = 7.426 ms


Not Found Ranking Fcuntion

Conterexample is 

[0, 0]

sampling time = 2.017 ms


       ########################################         

iteration 3 with 284 examples

2019-05-02-13-36-07   >>>>   Start train ranking function

2019-05-02-13-36-07   >>>>   End train ranking function

train_ranking_functioning time = 9.095 ms


2019-05-02-13-36-07   >>>>   Start verify ranking function

[xi_1 = 0]
ranking function : 1.1 * 1; 1.0 * 1; 1.0 * 1

2019-05-02-13-36-07   >>>>   End verify ranking function

verifying time = 7.121 ms


Not Found Ranking Fcuntion

Conterexample is 

[0, 0]

sampling time = 2.015 ms


       ########################################         

iteration 4 with 288 examples

2019-05-02-13-36-07   >>>>   Start train ranking function

2019-05-02-13-36-07   >>>>   End train ranking function

train_ranking_functioning time = 8.968 ms


2019-05-02-13-36-07   >>>>   Start verify ranking function

[xi_1 = 0]
ranking function : 1.1 * 1; 1.0 * 1; 1.0 * 1

2019-05-02-13-36-07   >>>>   End verify ranking function

verifying time = 7.144 ms


Not Found Ranking Fcuntion

Conterexample is 

[0, 0]

sampling time = 2.004 ms


       ########################################         

iteration 5 with 292 examples

2019-05-02-13-36-07   >>>>   Start train ranking function

5
2019-05-02-13-36-07   >>>>   End train ranking function

train_ranking_functioning time = 9.077 ms


2019-05-02-13-36-07   >>>>   Start verify ranking function

[xi_1 = 0]
ranking function : 1.1 * 1; 1.0 * 1; 1.0 * 1

2019-05-02-13-36-07   >>>>   End verify ranking function

verifying time = 7.040 ms


Not Found Ranking Fcuntion

Conterexample is 

[0, 0]

sampling time = 1.993 ms


       ########################################         

iteration 6 with 296 examples

2019-05-02-13-36-07   >>>>   Start train ranking function

2019-05-02-13-36-07   >>>>   End train ranking function

train_ranking_functioning time = 9.167 ms


2019-05-02-13-36-07   >>>>   Start verify ranking function

[xi_1 = 0]
ranking function : 1.0 * 1; 1.0 * 1; 1.0 * 1

2019-05-02-13-36-07   >>>>   End verify ranking function

verifying time = 6.949 ms


Not Found Ranking Fcuntion

Conterexample is 

[0, 0]

sampling time = 1.993 ms


       ########################################         

iteration 7 with 300 examples

2019-05-02-13-36-07   >>>>   Start train ranking function

2019-05-02-13-36-07   >>>>   End train ranking function

train_ranking_functioning time = 9.358 ms


2019-05-02-13-36-07   >>>>   Start verify ranking function

[xi_1 = 0]
ranking function : 1.0 * 1; 1.0 * 1; 1.0 * 1

2019-05-02-13-36-07   >>>>   End verify ranking function

verifying time = 6.995 ms


Not Found Ranking Fcuntion

Conterexample is 

[0, 0]

sampling time = 2.008 ms


       ########################################         

iteration 8 with 304 examples

2019-05-02-13-36-07   >>>>   Start train ranking function

2019-05-02-13-36-07   >>>>   End train ranking function

train_ranking_functioning time = 9.371 ms


2019-05-02-13-36-07   >>>>   Start verify ranking function

[xi_1 = 0]
ranking function : 1.0 * 1; 1.0 * 1; 1.0 * 1

2019-05-02-13-36-07   >>>>   End verify ranking function

verifying time = 7.254 ms


Not Found Ranking Fcuntion

Conterexample is 

[0, 0]

sampling time = 2.006 ms


       ########################################         

iteration 9 with 308 examples

2019-05-02-13-36-07   >>>>   Start train ranking function

2019-05-02-13-36-07   >>>>   End train ranking function

train_ranking_functioning time = 9.466 ms


2019-05-02-13-36-07   >>>>   Start verify ranking function

[xi_1 = 0]
ranking function : 1.0 * 1; 1.0 * 1; 1.0 * 1

2019-05-02-13-36-07   >>>>   End verify ranking function

verifying time = 7.066 ms


Not Found Ranking Fcuntion

Conterexample is 

[0, 0]

sampling time = 2.013 ms


Failed to prove it is terminated

UNKNOWN
------Using Template 3 -----------
8 [2, 4, 2]
*****************************************************

2019-05-02-13-36-07   >>>>   End sampling point

sampling time = 149.449 ms,


       ########################################         

iteration 0 with 272 examples

2019-05-02-13-36-07   >>>>   Start train ranking function

2019-05-02-13-36-07   >>>>   End train ranking function

train_ranking_functioning time = 7.972 ms


2019-05-02-13-36-07   >>>>   Start verify ranking function

[xi_1 = 1, xi_0 = 1]
ranking function : 0.1 *  x[0]^0.5 *  x[1]^-0.5 + 0.2 *  x[0]^-1.0 *  x[1]^-0.5; 0.1 *  x[1]^1.0 - 0.4 *  x[0]^-0.5 *  x[1]^0.5 + 1.3 *  x[0]^-0.5; 

2019-05-02-13-36-07   >>>>   End verify ranking function

verifying time = 15.399 ms


Not Found Ranking Fcuntion

Conterexample is 

[1, 1]

sampling time = 2.129 ms


       ########################################         

iteration 1 with 276 examples

2019-05-02-13-36-07   >>>>   Start train ranking function

2019-05-02-13-36-07   >>>>   End train ranking function

train_ranking_functioning time = 8.042 ms


2019-05-02-13-36-07   >>>>   Start verify ranking function

[xi_1 = 1, xi_0 = 1]
ranking function : 0.1 *  x[0]^0.5 *  x[1]^-0.5 + 0.3 *  x[0]^-1.0 *  x[1]^-0.5; 0.1 *  x[1]^1.0 - 0.3 *  x[0]^-0.5 *  x[1]^0.5 + 1.2 *  x[0]^-0.5; 

2019-05-02-13-36-07   >>>>   End verify ranking function

verifying time = 15.446 ms


Not Found Ranking Fcuntion

Conterexample is 

[1, 1]

sampling time = 2.097 ms


       ########################################         

iteration 2 with 280 examples

2019-05-02-13-36-07   >>>>   Start train ranking function

2019-05-02-13-36-07   >>>>   End train ranking function

train_ranking_functioning time = 8.274 ms


2019-05-02-13-36-07   >>>>   Start verify ranking function

[xi_1 = 1, xi_0 = 1]
ranking function : 0.2 *  x[0]^0.5 *  x[1]^-0.5 + 0.4 *  x[0]^-1.0 *  x[1]^-0.5; 0.1 *  x[1]^1.0 - 0.2 *  x[0]^-0.5 *  x[1]^0.5 + 1.2 *  x[0]^-0.5; 

2019-05-02-13-36-07   >>>>   End verify ranking function

verifying time = 15.186 ms


Not Found Ranking Fcuntion

Conterexample is 

[1, 1]

sampling time = 2.154 ms


       ########################################         

iteration 3 with 284 examples

2019-05-02-13-36-07   >>>>   Start train ranking function

2019-05-02-13-36-07   >>>>   End train ranking function

train_ranking_functioning time = 8.418 ms


2019-05-02-13-36-07   >>>>   Start verify ranking function

[xi_1 = 1, xi_0 = 1]
ranking function : 0.2 *  x[0]^0.5 *  x[1]^-0.5 + 0.4 *  x[0]^-1.0 *  x[1]^-0.5; 0.1 *  x[1]^1.0 - 0.2 *  x[0]^-0.5 *  x[1]^0.5 + 1.2 *  x[0]^-0.5; 

2019-05-02-13-36-07   >>>>   End verify ranking function

verifying time = 15.304 ms


Not Found Ranking Fcuntion

Conterexample is 

[1, 1]

sampling time = 2.116 ms


       ########################################         

iteration 4 with 288 examples

2019-05-02-13-36-07   >>>>   Start train ranking function

2019-05-02-13-36-07   >>>>   End train ranking function

train_ranking_functioning time = 8.655 ms


2019-05-02-13-36-07   >>>>   Start verify ranking function

[xi_1 = 1, xi_0 = 1]
ranking function : 0.2 *  x[0]^0.5 *  x[1]^-0.5 + 0.4 *  x[0]^-1.0 *  x[1]^-0.5; 0.1 *  x[1]^1.0 - 0.1 *  x[0]^-0.5 *  x[1]^0.5 + 1.1 *  x[0]^-0.5; 

2019-05-02-13-36-07   >>>>   End verify ranking function

verifying time = 15.328 ms


Not Found Ranking Fcuntion

Conterexample is 

[1, 1]

sampling time = 2.134 ms


       ########################################         

iteration 5 with 292 examples

2019-05-02-13-36-07   >>>>   Start train ranking function

2019-05-02-13-36-07   >>>>   End train ranking function

train_ranking_functioning time = 8.675 ms


2019-05-02-13-36-07   >>>>   Start verify ranking function

[xi_1 = 1, xi_0 = 1]
ranking function : 0.2 *  x[0]^0.5 *  x[1]^-0.5 + 0.5 *  x[0]^-1.0 *  x[1]^-0.5; 0.1 *  x[1]^1.0 - 0.1 *  x[0]^-0.5 *  x[1]^0.5 + 1.1 *  x[0]^-0.5; 

2019-05-02-13-36-07   >>>>   End verify ranking function

verifying time = 15.341 ms


Not Found Ranking Fcuntion

Conterexample is 

[1, 1]

sampling time = 2.328 ms


       ########################################         

iteration 6 with 296 examples

2019-05-02-13-36-07   >>>>   Start train ranking function

2019-05-02-13-36-08   >>>>   End train ranking function

train_ranking_functioning time = 9.942 ms


2019-05-02-13-36-08   >>>>   Start verify ranking function

[xi_1 = 1, xi_0 = 1]
ranking function : 0.2 *  x[0]^0.5 *  x[1]^-0.5 + 0.5 *  x[0]^-1.0 *  x[1]^-0.5; 0.1 *  x[1]^1.0 - 0.1 *  x[0]^-0.5 *  x[1]^0.5 + 1.1 *  x[0]^-0.5; 0.1 *  x[0]^-3.0 *  x[1]^1.0

2019-05-02-13-36-08   >>>>   End verify ranking function

verifying time = 16.622 ms


Not Found Ranking Fcuntion

Conterexample is 

[1, 1]

sampling time = 2.138 ms


       ########################################         

iteration 7 with 300 examples

2019-05-02-13-36-08   >>>>   Start train ranking function

2019-05-02-13-36-08   >>>>   End train ranking function

train_ranking_functioning time = 8.899 ms


2019-05-02-13-36-08   >>>>   Start verify ranking function

[xi_1 = 1, xi_0 = 1]
ranking function : 0.2 *  x[0]^0.5 *  x[1]^-0.5 + 0.5 *  x[0]^-1.0 *  x[1]^-0.5; 0.1 *  x[1]^1.0 - 0.1 *  x[0]^-0.5 *  x[1]^0.5 + 1.1 *  x[0]^-0.5; 0.1 *  x[0]^-3.0 *  x[1]^1.0

2019-05-02-13-36-08   >>>>   End verify ranking function

verifying time = 15.297 ms


Not Found Ranking Fcuntion

Conterexample is 

[1, 1]

sampling time = 2.121 ms


       ########################################         

iteration 8 with 304 examples

2019-05-02-13-36-08   >>>>   Start train ranking function

2019-05-02-13-36-08   >>>>   End train ranking function

train_ranking_functioning time = 9.093 ms


2019-05-02-13-36-08   >>>>   Start verify ranking function

[xi_1 = 1, xi_0 = 1]
ranking function : 0.2 *  x[0]^0.5 *  x[1]^-0.5 + 0.5 *  x[0]^-1.0 *  x[1]^-0.5; 0.1 *  x[1]^1.0 - 0.1 *  x[0]^-0.5 *  x[1]^0.5 + 1.1 *  x[0]^-0.5; 0.1 *  x[0]^-3.0 *  x[1]^1.0

2019-05-02-13-36-08   >>>>   End verify ranking function

verifying time = 15.332 ms


Not Found Ranking Fcuntion

Conterexample is 

[1, 1]

sampling time = 2.072 ms


       ########################################         

iteration 9 with 308 examples

2019-05-02-13-36-08   >>>>   Start train ranking function

2019-05-02-13-36-08   >>>>   End train ranking function

train_ranking_functioning time = 9.030 ms


2019-05-02-13-36-08   >>>>   Start verify ranking function

[xi_1 = 1, xi_0 = 1]
ranking function : 0.2 *  x[0]^0.5 *  x[1]^-0.5 + 0.5 *  x[0]^-1.0 *  x[1]^-0.5; 0.1 *  x[1]^1.0 - 0.1 *  x[0]^-0.5 *  x[1]^0.5 + 1.1 *  x[0]^-0.5; 0.1 *  x[0]^-3.0 *  x[1]^1.0

2019-05-02-13-36-08   >>>>   End verify ranking function

verifying time = 15.260 ms


Not Found Ranking Fcuntion

Conterexample is 

[1, 1]

sampling time = 2.150 ms


Failed to prove it is terminated

UNKNOWN
------Using Template 4 -----------
15 [3, 3, 3, 3, 3]
*****************************************************

2019-05-02-13-36-08   >>>>   End sampling point

sampling time = 233.784 ms,


       ########################################         

iteration 0 with 408 examples

2019-05-02-13-36-08   >>>>   Start train ranking function

2019-05-02-13-36-08   >>>>   End train ranking function

train_ranking_functioning time = 13.325 ms


2019-05-02-13-36-08   >>>>   Start verify ranking function

[xi_1 = 0]
ranking function : 1.1 * 1; 1.0 * 1; 1.0 * 1; 1.0 * 1; 1.0 * 1

2019-05-02-13-36-08   >>>>   End verify ranking function

verifying time = 7.199 ms


Not Found Ranking Fcuntion

Conterexample is 

[0, 0]

sampling time = 3.372 ms


       ########################################         

iteration 1 with 414 examples

2019-05-02-13-36-08   >>>>   Start train ranking function

2019-05-02-13-36-08   >>>>   End train ranking function

train_ranking_functioning time = 13.492 ms


2019-05-02-13-36-08   >>>>   Start verify ranking function

[xi_1 = 0]
ranking function : 1.1 * 1; 1.0 * 1; 1.0 * 1; 1.0 * 1; 1.0 * 1

2019-05-02-13-36-08   >>>>   End verify ranking function

verifying time = 7.185 ms


Not Found Ranking Fcuntion

Conterexample is 

[0, 0]

sampling time = 3.332 ms


       ########################################         

iteration 2 with 420 examples

2019-05-02-13-36-08   >>>>   Start train ranking function

2019-05-02-13-36-08   >>>>   End train ranking function

train_ranking_functioning time = 14.054 ms


2019-05-02-13-36-08   >>>>   Start verify ranking function

[xi_1 = 0]
ranking function : 1.1 * 1; 1.0 * 1; 1.0 * 1; 1.0 * 1; 1.0 * 1

2019-05-02-13-36-08   >>>>   End verify ranking function

verifying time = 7.387 ms


Not Found Ranking Fcuntion

Conterexample is 

[0, 0]

sampling time = 3.384 ms


       ########################################         

iteration 3 with 426 examples

2019-05-02-13-36-08   >>>>   Start train ranking function

2019-05-02-13-36-08   >>>>   End train ranking function

train_ranking_functioning time = 14.071 ms


2019-05-02-13-36-08   >>>>   Start verify ranking function

[xi_1 = 0]
ranking function : 1.1 * 1; 1.0 * 1; 1.0 * 1; 1.0 * 1; 1.0 * 1

2019-05-02-13-36-08   >>>>   End verify ranking function

verifying time = 7.391 ms


Not Found Ranking Fcuntion

Conterexample is 

[0, 0]

sampling time = 3.360 ms


       ########################################         

iteration 4 with 432 examples

2019-05-02-13-36-08   >>>>   Start train ranking function

2019-05-02-13-36-08   >>>>   End train ranking function

train_ranking_functioning time = 14.357 ms


2019-05-02-13-36-08   >>>>   Start verify ranking function

[xi_1 = 0]
ranking function : 1.1 * 1; 1.0 * 1; 1.0 * 1; 1.0 * 1; 1.0 * 1

2019-05-02-13-36-08   >>>>   End verify ranking function

verifying time = 7.239 ms


Not Found Ranking Fcuntion

Conterexample is 

[0, 0]

sampling time = 3.324 ms


       ########################################         

iteration 5 with 438 examples

2019-05-02-13-36-08   >>>>   Start train ranking function

5
2019-05-02-13-36-08   >>>>   End train ranking function

train_ranking_functioning time = 14.280 ms


2019-05-02-13-36-08   >>>>   Start verify ranking function

[xi_1 = 0]
ranking function : 1.1 * 1; 1.0 * 1; 1.0 * 1; 1.0 * 1; 1.0 * 1

2019-05-02-13-36-08   >>>>   End verify ranking function

verifying time = 7.176 ms


Not Found Ranking Fcuntion

Conterexample is 

[0, 0]

sampling time = 3.315 ms


       ########################################         

iteration 6 with 444 examples

2019-05-02-13-36-08   >>>>   Start train ranking function

2019-05-02-13-36-08   >>>>   End train ranking function

train_ranking_functioning time = 14.577 ms


2019-05-02-13-36-08   >>>>   Start verify ranking function

[xi_0 = 1, xi_1 = 0]
ranking function :  - 0.0047 *  x[0]^1.0 - 0.0262 *  x[1]^1.0 + 1.0955 * 1;  - 0.0053 *  x[0]^1.0 + 0.0024 *  x[1]^1.0 + 0.9907 * 1;  - 0.0053 *  x[0]^1.0 + 0.0026 *  x[1]^1.0 + 0.9902 * 1;  - 0.0052 *  x[0]^1.0 + 0.0026 *  x[1]^1.0 + 0.9901 * 1; 0.0026 *  x[1]^1.0 + 0.9876 * 1

2019-05-02-13-36-08   >>>>   End verify ranking function

verifying time = 7.397 ms


Not Found Ranking Fcuntion

Conterexample is 

[1, 0]

sampling time = 3.364 ms


       ########################################         

iteration 7 with 450 examples

2019-05-02-13-36-08   >>>>   Start train ranking function

2019-05-02-13-36-08   >>>>   End train ranking function

train_ranking_functioning time = 14.666 ms


2019-05-02-13-36-08   >>>>   Start verify ranking function

[xi_0 = 1, xi_1 = 0]
ranking function :  - 0.0031 *  x[0]^1.0 - 0.0258 *  x[1]^1.0 + 1.0908 * 1;  - 0.0049 *  x[0]^1.0 + 0.0022 *  x[1]^1.0 + 0.9909 * 1;  - 0.0049 *  x[0]^1.0 + 0.0025 *  x[1]^1.0 + 0.9905 * 1;  - 0.0049 *  x[0]^1.0 + 0.0025 *  x[1]^1.0 + 0.9905 * 1; 0.0025 *  x[1]^1.0 + 0.988 * 1

2019-05-02-13-36-08   >>>>   End verify ranking function

verifying time = 7.485 ms


Not Found Ranking Fcuntion

Conterexample is 

[1, 0]

sampling time = 3.304 ms


       ########################################         

iteration 8 with 456 examples

2019-05-02-13-36-08   >>>>   Start train ranking function

2019-05-02-13-36-08   >>>>   End train ranking function

train_ranking_functioning time = 15.889 ms


2019-05-02-13-36-08   >>>>   Start verify ranking function

[xi_0 = 1, xi_1 = 0]
ranking function :  - 0.0036 *  x[0]^1.0 - 0.0255 *  x[1]^1.0 + 1.0896 * 1;  - 0.0047 *  x[0]^1.0 + 0.0022 *  x[1]^1.0 + 0.9912 * 1;  - 0.0047 *  x[0]^1.0 + 0.0023 *  x[1]^1.0 + 0.9908 * 1;  - 0.0046 *  x[0]^1.0 + 0.0023 *  x[1]^1.0 + 0.9907 * 1; 0.0023 *  x[1]^1.0 + 0.9884 * 1

2019-05-02-13-36-08   >>>>   End verify ranking function

verifying time = 8.505 ms


Not Found Ranking Fcuntion

Conterexample is 

[1, 0]

sampling time = 3.673 ms


       ########################################         

iteration 9 with 462 examples

2019-05-02-13-36-08   >>>>   Start train ranking function

2019-05-02-13-36-08   >>>>   End train ranking function

train_ranking_functioning time = 15.615 ms


2019-05-02-13-36-08   >>>>   Start verify ranking function

[xi_0 = 1, xi_1 = 0]
ranking function :  - 0.0046 *  x[0]^1.0 - 0.025 *  x[1]^1.0 + 1.0875 * 1;  - 0.0044 *  x[0]^1.0 + 0.002 *  x[1]^1.0 + 0.9914 * 1;  - 0.0044 *  x[0]^1.0 + 0.0022 *  x[1]^1.0 + 0.991 * 1;  - 0.0044 *  x[0]^1.0 + 0.0022 *  x[1]^1.0 + 0.991 * 1; 0.0001 *  x[0]^1.0 + 0.0022 *  x[1]^1.0 + 0.9888 * 1

2019-05-02-13-36-08   >>>>   End verify ranking function

verifying time = 7.675 ms


Not Found Ranking Fcuntion

Conterexample is 

[1, 0]

sampling time = 3.420 ms


Failed to prove it is terminated

UNKNOWN
------Using Template 5 -----------
14 [4, 4, 1, 2, 3]
*****************************************************

2019-05-02-13-36-08   >>>>   End sampling point

sampling time = 258.044 ms,


       ########################################         

iteration 0 with 408 examples

2019-05-02-13-36-08   >>>>   Start train ranking function

2019-05-02-13-36-08   >>>>   End train ranking function

train_ranking_functioning time = 15.722 ms


2019-05-02-13-36-08   >>>>   Start verify ranking function

[xi_1 = 4, xi_0 = 1]
ranking function :  - 0.2 *  x[0]^-2.0 *  x[1]^2.0 + 1.0 *  x[0]^-2.0 *  x[1]^1.0 + 1.0 *  x[0]^-0.5; ; ; ; 0.3 *  x[0]^2.0 *  x[1]^-2.0 + 0.5 *  x[0]^-2.0 *  x[1]^0.5

2019-05-02-13-36-08   >>>>   End verify ranking function

verifying time = 20.655 ms


Not Found Ranking Fcuntion

Conterexample is 

[1, 4]

sampling time = 3.729 ms


       ########################################         

iteration 1 with 414 examples

2019-05-02-13-36-08   >>>>   Start train ranking function

2019-05-02-13-36-08   >>>>   End train ranking function

train_ranking_functioning time = 15.995 ms


2019-05-02-13-36-08   >>>>   Start verify ranking function

[xi_1 = 4, xi_0 = 1]
ranking function :  - 0.2 *  x[0]^-2.0 *  x[1]^2.0 + 1.0 *  x[0]^-2.0 *  x[1]^1.0 + 1.0 *  x[0]^-0.5; 0.1 *  x[0]^-3.0 *  x[1]^-0.5; ; ; 0.3 *  x[0]^2.0 *  x[1]^-2.0 + 0.6 *  x[0]^-2.0 *  x[1]^0.5

2019-05-02-13-36-08   >>>>   End verify ranking function

verifying time = 18.650 ms


Not Found Ranking Fcuntion

Conterexample is 

[1, 4]

sampling time = 3.685 ms


       ########################################         

iteration 2 with 420 examples

2019-05-02-13-36-08   >>>>   Start train ranking function

2019-05-02-13-36-09   >>>>   End train ranking function

train_ranking_functioning time = 17.054 ms


2019-05-02-13-36-09   >>>>   Start verify ranking function

[xi_1 = 4, xi_0 = 1]
ranking function :  - 0.2 *  x[0]^-2.0 *  x[1]^2.0 + 0.9 *  x[0]^-2.0 *  x[1]^1.0 + 1.0 *  x[0]^-0.5; 0.1 *  x[0]^-3.0 *  x[1]^-0.5; ; ; 0.3 *  x[0]^2.0 *  x[1]^-2.0 + 0.6 *  x[0]^-2.0 *  x[1]^0.5

2019-05-02-13-36-09   >>>>   End verify ranking function

verifying time = 19.336 ms


Not Found Ranking Fcuntion

Conterexample is 

[1, 4]

sampling time = 3.727 ms


       ########################################         

iteration 3 with 426 examples

2019-05-02-13-36-09   >>>>   Start train ranking function

2019-05-02-13-36-09   >>>>   End train ranking function

train_ranking_functioning time = 16.602 ms


2019-05-02-13-36-09   >>>>   Start verify ranking function

[xi_1 = 4, xi_0 = 1]
ranking function :  - 0.2 *  x[0]^-2.0 *  x[1]^2.0 + 0.9 *  x[0]^-2.0 *  x[1]^1.0 + 1.0 *  x[0]^-0.5; 0.2 *  x[0]^-3.0 *  x[1]^-0.5; ; ; 0.3 *  x[0]^2.0 *  x[1]^-2.0 + 0.6 *  x[0]^-2.0 *  x[1]^0.5

2019-05-02-13-36-09   >>>>   End verify ranking function

verifying time = 18.476 ms


Not Found Ranking Fcuntion

Conterexample is 

[1, 4]

sampling time = 3.710 ms


       ########################################         

iteration 4 with 432 examples

2019-05-02-13-36-09   >>>>   Start train ranking function

2019-05-02-13-36-09   >>>>   End train ranking function

train_ranking_functioning time = 16.660 ms


2019-05-02-13-36-09   >>>>   Start verify ranking function

[xi_1 = 4, xi_0 = 1]
ranking function :  - 0.2 *  x[0]^-2.0 *  x[1]^2.0 + 0.9 *  x[0]^-2.0 *  x[1]^1.0 + 1.0 *  x[0]^-0.5; 0.3 *  x[0]^-3.0 *  x[1]^-0.5; ; ; 0.3 *  x[0]^2.0 *  x[1]^-2.0 + 0.6 *  x[0]^-2.0 *  x[1]^0.5

2019-05-02-13-36-09   >>>>   End verify ranking function

verifying time = 19.304 ms


Not Found Ranking Fcuntion

Conterexample is 

[1, 4]

sampling time = 3.699 ms


       ########################################         

iteration 5 with 438 examples

2019-05-02-13-36-09   >>>>   Start train ranking function

2019-05-02-13-36-09   >>>>   End train ranking function

train_ranking_functioning time = 16.751 ms


2019-05-02-13-36-09   >>>>   Start verify ranking function

[xi_1 = 4, xi_0 = 1]
ranking function :  - 0.2 *  x[0]^-2.0 *  x[1]^2.0 + 1.0 *  x[0]^-2.0 *  x[1]^1.0 + 1.0 *  x[0]^-0.5; 0.3 *  x[0]^-3.0 *  x[1]^-0.5; ; ; 0.3 *  x[0]^2.0 *  x[1]^-2.0 + 0.6 *  x[0]^-2.0 *  x[1]^0.5

2019-05-02-13-36-09   >>>>   End verify ranking function

verifying time = 18.521 ms


Not Found Ranking Fcuntion

Conterexample is 

[1, 4]

sampling time = 3.720 ms


       ########################################         

iteration 6 with 444 examples

2019-05-02-13-36-09   >>>>   Start train ranking function

2019-05-02-13-36-09   >>>>   End train ranking function

train_ranking_functioning time = 17.332 ms


2019-05-02-13-36-09   >>>>   Start verify ranking function

[xi_1 = 4, xi_0 = 1]
ranking function :  - 0.2 *  x[0]^-2.0 *  x[1]^2.0 + 1.0 *  x[0]^-2.0 *  x[1]^1.0 + 1.0 *  x[0]^-0.5; 0.4 *  x[0]^-3.0 *  x[1]^-0.5; ; ; 0.3 *  x[0]^2.0 *  x[1]^-2.0 + 0.7 *  x[0]^-2.0 *  x[1]^0.5

2019-05-02-13-36-09   >>>>   End verify ranking function

verifying time = 20.649 ms


Not Found Ranking Fcuntion

Conterexample is 

[1, 4]

sampling time = 3.711 ms


       ########################################         

iteration 7 with 450 examples

2019-05-02-13-36-09   >>>>   Start train ranking function

2019-05-02-13-36-09   >>>>   End train ranking function

train_ranking_functioning time = 17.283 ms


2019-05-02-13-36-09   >>>>   Start verify ranking function

[xi_1 = 4, xi_0 = 1]
ranking function :  - 0.2 *  x[0]^-2.0 *  x[1]^2.0 + 1.0 *  x[0]^-2.0 *  x[1]^1.0 + 1.0 *  x[0]^-0.5; 0.4 *  x[0]^-3.0 *  x[1]^-0.5; ; ; 0.3 *  x[0]^2.0 *  x[1]^-2.0 + 0.7 *  x[0]^-2.0 *  x[1]^0.5

2019-05-02-13-36-09   >>>>   End verify ranking function

verifying time = 20.293 ms


Not Found Ranking Fcuntion

Conterexample is 

[1, 4]

sampling time = 3.764 ms


       ########################################         

iteration 8 with 456 examples

2019-05-02-13-36-09   >>>>   Start train ranking function

2019-05-02-13-36-09   >>>>   End train ranking function

train_ranking_functioning time = 17.310 ms


2019-05-02-13-36-09   >>>>   Start verify ranking function

[xi_1 = 4, xi_0 = 1]
ranking function :  - 0.2 *  x[0]^-2.0 *  x[1]^2.0 + 1.0 *  x[0]^-2.0 *  x[1]^1.0 + 1.0 *  x[0]^-0.5; 0.4 *  x[0]^-3.0 *  x[1]^-0.5 - 0.1 *  x[0]^-3.0 *  x[1]^-1.0 - 0.1 *  x[0]^-3.0 *  x[1]^-1.0; ; ; 0.3 *  x[0]^2.0 *  x[1]^-2.0 + 0.7 *  x[0]^-2.0 *  x[1]^0.5

2019-05-02-13-36-09   >>>>   End verify ranking function

verifying time = 18.619 ms


Not Found Ranking Fcuntion

Conterexample is 

[1, 4]

sampling time = 3.699 ms


       ########################################         

iteration 9 with 462 examples

2019-05-02-13-36-09   >>>>   Start train ranking function

2019-05-02-13-36-09   >>>>   End train ranking function

train_ranking_functioning time = 18.047 ms


2019-05-02-13-36-09   >>>>   Start verify ranking function

[xi_1 = 4, xi_0 = 1]
ranking function :  - 0.2 *  x[0]^-2.0 *  x[1]^2.0 + 1.0 *  x[0]^-2.0 *  x[1]^1.0 + 1.1 *  x[0]^-0.5; 0.5 *  x[0]^-3.0 *  x[1]^-0.5 - 0.1 *  x[0]^-3.0 *  x[1]^-1.0 - 0.1 *  x[0]^-3.0 *  x[1]^-1.0; ; ; 0.3 *  x[0]^2.0 *  x[1]^-2.0 + 0.7 *  x[0]^-2.0 *  x[1]^0.5

2019-05-02-13-36-09   >>>>   End verify ranking function

verifying time = 20.636 ms


Not Found Ranking Fcuntion

Conterexample is 

[1, 4]

sampling time = 4.076 ms


Failed to prove it is terminated

UNKNOWN
------Using Template 6 -----------
21 [3, 3, 3, 3, 3, 3, 3]
*****************************************************

2019-05-02-13-36-09   >>>>   End sampling point

sampling time = 327.580 ms,


       ########################################         

iteration 0 with 544 examples

2019-05-02-13-36-09   >>>>   Start train ranking function

2019-05-02-13-36-09   >>>>   End train ranking function

train_ranking_functioning time = 18.562 ms


2019-05-02-13-36-09   >>>>   Start verify ranking function

[xi_1 = 0]
ranking function : 1.1 * 1; 1.0 * 1; 1.0 * 1; 1.0 * 1; 1.0 * 1; 1.0 * 1; 1.0 * 1

2019-05-02-13-36-09   >>>>   End verify ranking function

verifying time = 7.548 ms


Not Found Ranking Fcuntion

Conterexample is 

[0, 0]

sampling time = 4.760 ms


       ########################################         

iteration 1 with 552 examples

2019-05-02-13-36-09   >>>>   Start train ranking function

2019-05-02-13-36-09   >>>>   End train ranking function

train_ranking_functioning time = 19.096 ms


2019-05-02-13-36-09   >>>>   Start verify ranking function

[xi_1 = 0]
ranking function : 1.1 * 1; 1.0 * 1; 1.0 * 1; 1.0 * 1; 1.0 * 1; 1.0 * 1; 1.0 * 1

2019-05-02-13-36-09   >>>>   End verify ranking function

verifying time = 7.523 ms


Not Found Ranking Fcuntion

Conterexample is 

[0, 0]

sampling time = 4.676 ms


       ########################################         

iteration 2 with 560 examples

2019-05-02-13-36-09   >>>>   Start train ranking function

2019-05-02-13-36-09   >>>>   End train ranking function

train_ranking_functioning time = 19.096 ms


2019-05-02-13-36-09   >>>>   Start verify ranking function

[xi_1 = 0]
ranking function : 1.1 * 1; 1.0 * 1; 1.0 * 1; 1.0 * 1; 1.0 * 1; 1.0 * 1; 1.0 * 1

2019-05-02-13-36-09   >>>>   End verify ranking function

verifying time = 7.640 ms


Not Found Ranking Fcuntion

Conterexample is 

[0, 0]

sampling time = 4.670 ms


       ########################################         

iteration 3 with 568 examples

2019-05-02-13-36-09   >>>>   Start train ranking function

2019-05-02-13-36-09   >>>>   End train ranking function

train_ranking_functioning time = 19.477 ms


2019-05-02-13-36-09   >>>>   Start verify ranking function

[xi_1 = 0]
ranking function : 1.1 * 1; 1.0 * 1; 1.0 * 1; 1.0 * 1; 1.0 * 1; 1.0 * 1; 1.0 * 1

2019-05-02-13-36-09   >>>>   End verify ranking function

verifying time = 7.511 ms


Not Found Ranking Fcuntion

Conterexample is 

[0, 0]

sampling time = 4.739 ms


       ########################################         

iteration 4 with 576 examples

2019-05-02-13-36-09   >>>>   Start train ranking function

2019-05-02-13-36-09   >>>>   End train ranking function

train_ranking_functioning time = 19.730 ms


2019-05-02-13-36-09   >>>>   Start verify ranking function

[xi_1 = 0]
ranking function : 1.1 * 1; 1.0 * 1; 1.0 * 1; 1.0 * 1; 1.0 * 1; 1.0 * 1; 1.0 * 1

2019-05-02-13-36-09   >>>>   End verify ranking function

verifying time = 7.572 ms


Not Found Ranking Fcuntion

Conterexample is 

[0, 0]

sampling time = 4.771 ms


       ########################################         

iteration 5 with 584 examples

2019-05-02-13-36-09   >>>>   Start train ranking function

5
2019-05-02-13-36-09   >>>>   End train ranking function

train_ranking_functioning time = 20.460 ms


2019-05-02-13-36-09   >>>>   Start verify ranking function

[xi_1 = 0]
ranking function : 1.1 * 1; 1.0 * 1; 1.0 * 1; 1.0 * 1; 1.0 * 1; 1.0 * 1; 1.0 * 1

2019-05-02-13-36-09   >>>>   End verify ranking function

verifying time = 7.590 ms


Not Found Ranking Fcuntion

Conterexample is 

[0, 0]

sampling time = 4.767 ms


       ########################################         

iteration 6 with 592 examples

2019-05-02-13-36-09   >>>>   Start train ranking function

2019-05-02-13-36-09   >>>>   End train ranking function

train_ranking_functioning time = 20.301 ms


2019-05-02-13-36-09   >>>>   Start verify ranking function

[xi_0 = 1, xi_1 = 0]
ranking function :  - 0.0038 *  x[0]^1.0 - 0.0261 *  x[1]^1.0 + 1.0936 * 1;  - 0.0053 *  x[0]^1.0 + 0.0025 *  x[1]^1.0 + 0.9907 * 1;  - 0.0053 *  x[0]^1.0 + 0.0026 *  x[1]^1.0 + 0.9902 * 1;  - 0.0053 *  x[0]^1.0 + 0.0026 *  x[1]^1.0 + 0.9902 * 1;  - 0.0053 *  x[0]^1.0 + 0.0026 *  x[1]^1.0 + 0.9902 * 1;  - 0.0052 *  x[0]^1.0 + 0.0026 *  x[1]^1.0 + 0.9902 * 1; 0.0026 *  x[1]^1.0 + 0.9876 * 1

2019-05-02-13-36-09   >>>>   End verify ranking function

verifying time = 7.750 ms


Not Found Ranking Fcuntion

Conterexample is 

[1, 0]

sampling time = 4.798 ms


       ########################################         

iteration 7 with 600 examples

2019-05-02-13-36-09   >>>>   Start train ranking function

2019-05-02-13-36-09   >>>>   End train ranking function

train_ranking_functioning time = 20.802 ms


2019-05-02-13-36-09   >>>>   Start verify ranking function

[xi_0 = 1, xi_1 = 0]
ranking function :  - 0.0044 *  x[0]^1.0 - 0.0259 *  x[1]^1.0 + 1.0936 * 1;  - 0.0049 *  x[0]^1.0 + 0.0023 *  x[1]^1.0 + 0.991 * 1;  - 0.0049 *  x[0]^1.0 + 0.0025 *  x[1]^1.0 + 0.9905 * 1;  - 0.0049 *  x[0]^1.0 + 0.0025 *  x[1]^1.0 + 0.9905 * 1;  - 0.0049 *  x[0]^1.0 + 0.0025 *  x[1]^1.0 + 0.9905 * 1;  - 0.0049 *  x[0]^1.0 + 0.0025 *  x[1]^1.0 + 0.9905 * 1; 0.0025 *  x[1]^1.0 + 0.988 * 1

2019-05-02-13-36-09   >>>>   End verify ranking function

verifying time = 7.839 ms


Not Found Ranking Fcuntion

Conterexample is 

[1, 0]

sampling time = 6.027 ms


       ########################################         

iteration 8 with 608 examples

2019-05-02-13-36-09   >>>>   Start train ranking function

2019-05-02-13-36-09   >>>>   End train ranking function

train_ranking_functioning time = 21.130 ms


2019-05-02-13-36-09   >>>>   Start verify ranking function

[xi_0 = 1, xi_1 = 0]
ranking function :  - 0.004 *  x[0]^1.0 - 0.0224 *  x[1]^1.0 + 1.0772 * 1;  - 0.0047 *  x[0]^1.0 + 0.0022 *  x[1]^1.0 + 0.9912 * 1;  - 0.0047 *  x[0]^1.0 + 0.0024 *  x[1]^1.0 + 0.9908 * 1;  - 0.0047 *  x[0]^1.0 + 0.0023 *  x[1]^1.0 + 0.9907 * 1;  - 0.0047 *  x[0]^1.0 + 0.0023 *  x[1]^1.0 + 0.9908 * 1;  - 0.0046 *  x[0]^1.0 + 0.0024 *  x[1]^1.0 + 0.9907 * 1; 0.0023 *  x[1]^1.0 + 0.9884 * 1

2019-05-02-13-36-09   >>>>   End verify ranking function

verifying time = 7.743 ms


Not Found Ranking Fcuntion

Conterexample is 

[1, 0]

sampling time = 5.112 ms


       ########################################         

iteration 9 with 616 examples

2019-05-02-13-36-10   >>>>   Start train ranking function

2019-05-02-13-36-10   >>>>   End train ranking function

train_ranking_functioning time = 21.740 ms


2019-05-02-13-36-10   >>>>   Start verify ranking function

[xi_0 = 1, xi_1 = 0]
ranking function :  - 0.0033 *  x[0]^1.0 - 0.0251 *  x[1]^1.0 + 1.0835 * 1;  - 0.0044 *  x[0]^1.0 + 0.0022 *  x[1]^1.0 + 0.9913 * 1;  - 0.0044 *  x[0]^1.0 + 0.0024 *  x[1]^1.0 + 0.991 * 1;  - 0.0044 *  x[0]^1.0 + 0.0023 *  x[1]^1.0 + 0.991 * 1;  - 0.0044 *  x[0]^1.0 + 0.0022 *  x[1]^1.0 + 0.991 * 1;  - 0.0044 *  x[0]^1.0 + 0.0022 *  x[1]^1.0 + 0.991 * 1; 0.0001 *  x[0]^1.0 + 0.0022 *  x[1]^1.0 + 0.9888 * 1

2019-05-02-13-36-10   >>>>   End verify ranking function

verifying time = 7.830 ms


Not Found Ranking Fcuntion

Conterexample is 

[1, 0]

sampling time = 4.690 ms


Failed to prove it is terminated

UNKNOWN
------Using Template 7 -----------
17 [2, 3, 1, 3, 2, 3, 3]
*****************************************************

2019-05-02-13-36-10   >>>>   End sampling point

sampling time = 305.020 ms,


       ########################################         

iteration 0 with 544 examples

2019-05-02-13-36-10   >>>>   Start train ranking function

2019-05-02-13-36-10   >>>>   End train ranking function

train_ranking_functioning time = 17.185 ms


2019-05-02-13-36-10   >>>>   Start verify ranking function
