------Using Template 0 -----------
3 [3]
*****************************************************

2019-05-02-13-46-01   >>>>   End sampling point

sampling time = 67.561 ms,


       ########################################         

iteration 0 with 172 examples

2019-05-02-13-46-01   >>>>   Start train ranking function

2019-05-02-13-46-01   >>>>   End train ranking function

train_ranking_functioning time = 0.576 ms


2019-05-02-13-46-01   >>>>   Start verify ranking function

ranking function : 0.1335 *  x[0]^1.0 - 0.6368 *  x[1]^1.0 + 1.5013 * 1

2019-05-02-13-46-01   >>>>   End verify ranking function

verifying time = 8.148 ms


Not Found Ranking Fcuntion

Conterexample is 

[72.54863813229572, 19.13715953307393]

sampling time = 0.835 ms


       ########################################         

iteration 1 with 174 examples

2019-05-02-13-46-01   >>>>   Start train ranking function

2019-05-02-13-46-01   >>>>   End train ranking function

train_ranking_functioning time = 0.715 ms


2019-05-02-13-46-01   >>>>   Start verify ranking function

valid ranking function
ranking function : 0.1631 *  x[0]^1.0 - 0.6451 *  x[1]^1.0 + 1.5037 * 1

2019-05-02-13-46-01   >>>>   End verify ranking function

verifying time = 7.174 ms


Found Ranking Fcuntion: 0.1631 *  x[0]^1.0 - 0.6451 *  x[1]^1.0 + 1.5037 * 1

0.1631 *  x[0]^1.0 - 0.6451 *  x[1]^1.0 + 1.5037 * 1
FINITE
Time For ../Program_non/83.bpl Is ---> 2396.524000 ms

