------Using Template 0 -----------
4 [4]
*****************************************************

2019-05-02-13-51-02   >>>>   End sampling point

sampling time = 114.388 ms,


       ########################################         

iteration 0 with 220 examples

2019-05-02-13-51-02   >>>>   Start train ranking function

2019-05-02-13-51-02   >>>>   End train ranking function

train_ranking_functioning time = 0.938 ms


2019-05-02-13-51-02   >>>>   Start verify ranking function

[xr_1 = 48775/911, xr_2 = 0, xr_0 = -1]
ranking function : 0.952 *  x[0]^1.0 + 0.4585 *  x[1]^1.0 - 0.9152 *  x[2]^1.0 + 3.2168 * 1

2019-05-02-13-51-02   >>>>   End verify ranking function

verifying time = 7.973 ms


Not Found Ranking Fcuntion

Conterexample is 

[-1, 53.54006586169045, 0]

sampling time = 1.076 ms


       ########################################         

iteration 1 with 222 examples

2019-05-02-13-51-02   >>>>   Start train ranking function

2019-05-02-13-51-02   >>>>   End train ranking function

train_ranking_functioning time = 4.819 ms


2019-05-02-13-51-02   >>>>   Start verify ranking function

[xr_1 = 0, xr_2 = -24345/8, xr_0 = -1]
ranking function : 0.9486 *  x[0]^1.0 + 0.4744 *  x[1]^1.0 - 0.9472 *  x[2]^1.0 + 3.2621 * 1

2019-05-02-13-51-02   >>>>   End verify ranking function

verifying time = 7.863 ms


Not Found Ranking Fcuntion

Conterexample is 

[-1, 0, -3043.125]

sampling time = 1.024 ms


       ########################################         

iteration 2 with 224 examples

2019-05-02-13-51-02   >>>>   Start train ranking function

2019-05-02-13-51-02   >>>>   End train ranking function

train_ranking_functioning time = 4.825 ms


2019-05-02-13-51-02   >>>>   Start verify ranking function

[xr_1 = 0, xr_2 = -3246, xr_0 = -1]
ranking function : 0.9486 *  x[0]^1.0 + 0.4744 *  x[1]^1.0 - 0.9473 *  x[2]^1.0 + 3.2621 * 1

2019-05-02-13-51-02   >>>>   End verify ranking function

verifying time = 7.842 ms


Not Found Ranking Fcuntion

Conterexample is 

[-1, 0, -3246]

sampling time = 1.013 ms


       ########################################         

iteration 3 with 226 examples

2019-05-02-13-51-02   >>>>   Start train ranking function

2019-05-02-13-51-02   >>>>   End train ranking function

train_ranking_functioning time = 4.921 ms


2019-05-02-13-51-02   >>>>   Start verify ranking function

[xr_1 = 97385/51, xr_2 = 0, xr_0 = -1]
ranking function : 0.9487 *  x[0]^1.0 + 0.4738 *  x[1]^1.0 - 0.9477 *  x[2]^1.0 + 3.2622 * 1

2019-05-02-13-51-02   >>>>   End verify ranking function

verifying time = 7.861 ms


Not Found Ranking Fcuntion

Conterexample is 

[-1, 1909.5098039215686, 0]

sampling time = 1.025 ms


       ########################################         

iteration 4 with 228 examples

2019-05-02-13-51-02   >>>>   Start train ranking function

2019-05-02-13-51-02   >>>>   End train ranking function

train_ranking_functioning time = 4.944 ms


2019-05-02-13-51-02   >>>>   Start verify ranking function

[xr_1 = -97365/11, xr_2 = 0, xr_0 = -1]
ranking function : 0.9483 *  x[0]^1.0 + 0.4743 *  x[1]^1.0 - 0.9485 *  x[2]^1.0 + 3.2632 * 1

2019-05-02-13-51-02   >>>>   End verify ranking function

verifying time = 7.844 ms


Not Found Ranking Fcuntion

Conterexample is 

[-1, -8851.363636363636, 0]

sampling time = 1.034 ms


       ########################################         

iteration 5 with 230 examples

2019-05-02-13-51-02   >>>>   Start train ranking function

2019-05-02-13-51-02   >>>>   End train ranking function

train_ranking_functioning time = 2.711 ms


2019-05-02-13-51-02   >>>>   Start verify ranking function

[xr_1 = 0, xr_2 = 109525/29698, xr_0 = -1]
ranking function : 1.1915 *  x[0]^1.0 + 0.0003 *  x[1]^1.0 - 1.4855 *  x[2]^1.0 + 3.8874 * 1

2019-05-02-13-51-02   >>>>   End verify ranking function

verifying time = 7.845 ms


Not Found Ranking Fcuntion

Conterexample is 

[-1, 0, 3.687958785103374]

sampling time = 1.065 ms


       ########################################         

iteration 6 with 232 examples

2019-05-02-13-51-02   >>>>   Start train ranking function

2019-05-02-13-51-02   >>>>   End train ranking function

train_ranking_functioning time = 3.476 ms


2019-05-02-13-51-02   >>>>   Start verify ranking function

[xr_1 = 4739/6, xr_2 = 0, xr_0 = -1]
ranking function : 0.8966 *  x[0]^1.0 + 0.0017 *  x[1]^1.0 - 1.1169 *  x[2]^1.0 + 4.0131 * 1

2019-05-02-13-51-02   >>>>   End verify ranking function

verifying time = 7.841 ms


Not Found Ranking Fcuntion

Conterexample is 

[-1, 789.8333333333334, 0]

sampling time = 1.042 ms


       ########################################         

iteration 7 with 234 examples

2019-05-02-13-51-02   >>>>   Start train ranking function

2019-05-02-13-51-02   >>>>   End train ranking function

train_ranking_functioning time = 3.494 ms


2019-05-02-13-51-02   >>>>   Start verify ranking function

[xr_1 = 47390/17, xr_2 = 0, xr_0 = -1]
ranking function : 0.8966 *  x[0]^1.0 + 0.0008 *  x[1]^1.0 - 1.1195 *  x[2]^1.0 + 4.0187 * 1

2019-05-02-13-51-02   >>>>   End verify ranking function

verifying time = 8.005 ms


Not Found Ranking Fcuntion

Conterexample is 

[-1, 2787.6470588235293, 0]

sampling time = 1.018 ms


       ########################################         

iteration 8 with 236 examples

2019-05-02-13-51-02   >>>>   Start train ranking function

2019-05-02-13-51-02   >>>>   End train ranking function

train_ranking_functioning time = 3.710 ms


2019-05-02-13-51-02   >>>>   Start verify ranking function

[xr_1 = 15805/2, xr_2 = 0, xr_0 = -1]
ranking function : 0.8976 *  x[0]^1.0 + 0.0008 *  x[1]^1.0 - 1.1213 *  x[2]^1.0 + 4.0248 * 1

2019-05-02-13-51-02   >>>>   End verify ranking function

verifying time = 7.926 ms


Not Found Ranking Fcuntion

Conterexample is 

[-1, 7902.5, 0]

sampling time = 1.063 ms


       ########################################         

iteration 9 with 238 examples

2019-05-02-13-51-02   >>>>   Start train ranking function

2019-05-02-13-51-02   >>>>   End train ranking function

train_ranking_functioning time = 3.685 ms


2019-05-02-13-51-02   >>>>   Start verify ranking function

[xr_1 = 0, xr_2 = 94805/22394, xr_0 = -1]
ranking function : 0.8971 *  x[0]^1.0 + 0.0007 *  x[1]^1.0 - 1.1211 *  x[2]^1.0 + 4.0237 * 1

2019-05-02-13-51-02   >>>>   End verify ranking function

verifying time = 7.873 ms


Not Found Ranking Fcuntion

Conterexample is 

[-1, 0, 4.233500044654818]

sampling time = 1.022 ms


Failed to prove it is terminated

UNKNOWN
------Using Template 1 -----------
3 [3]
*****************************************************

2019-05-02-13-51-02   >>>>   End sampling point

sampling time = 103.009 ms,


       ########################################         

iteration 0 with 220 examples

2019-05-02-13-51-02   >>>>   Start train ranking function

2019-05-02-13-51-02   >>>>   End train ranking function

train_ranking_functioning time = 8.181 ms


2019-05-02-13-51-02   >>>>   Start verify ranking function

[xr_0 = -1, xr_1 = 1/8, xr_2 = 1/2]
ranking function :  - 0.0088 *  x[0]^1.0 *  x[1]^1.0 *  x[2]^-2.0 - 0.008 *  x[1]^-3.0 *  x[2]^-1.0 - 0.0071 *  x[0]^-3.0 *  x[1]^-2.0 *  x[2]^1.0

2019-05-02-13-51-02   >>>>   End verify ranking function

verifying time = 18.602 ms


Not Found Ranking Fcuntion

Conterexample is 

[-1, 0.125, 0.5]

sampling time = 0.906 ms


       ########################################         

iteration 1 with 222 examples

2019-05-02-13-51-02   >>>>   Start train ranking function

2019-05-02-13-51-02   >>>>   End train ranking function

train_ranking_functioning time = 8.646 ms


2019-05-02-13-51-02   >>>>   Start verify ranking function

[xr_0 = -1, xr_1 = 1/8, xr_2 = 1/2]
ranking function :  - 0.0181 *  x[0]^1.0 *  x[1]^1.0 *  x[2]^-2.0 - 0.0071 *  x[1]^-3.0 *  x[2]^-1.0 - 0.0033 *  x[0]^-3.0 *  x[1]^-2.0 *  x[2]^1.0

2019-05-02-13-51-02   >>>>   End verify ranking function

verifying time = 28.422 ms


Not Found Ranking Fcuntion

Conterexample is 

[-1, 0.125, 0.5]

sampling time = 0.912 ms


       ########################################         

iteration 2 with 224 examples

2019-05-02-13-51-02   >>>>   Start train ranking function

2019-05-02-13-51-02   >>>>   End train ranking function
