------Using Template 0 -----------
3 [3]
*****************************************************

2019-05-02-14-11-07   >>>>   End sampling point

sampling time = 33.425 ms,


       ########################################         

iteration 0 with 76 examples

2019-05-02-14-11-07   >>>>   Start train ranking function

2019-05-02-14-11-07   >>>>   End train ranking function

train_ranking_functioning time = 1.427 ms


2019-05-02-14-11-07   >>>>   Start verify ranking function

[xi_0 = 7, xi_1 = -4]
ranking function :  - 0.1 *  x[0]^1.0 - 0.3 *  x[1]^1.0 + 2.7 * 1

2019-05-02-14-11-07   >>>>   End verify ranking function

verifying time = 7.215 ms


Not Found Ranking Fcuntion

Conterexample is 

[7, -4]

sampling time = 0.737 ms


       ########################################         

iteration 1 with 78 examples

2019-05-02-14-11-07   >>>>   Start train ranking function

2019-05-02-14-11-07   >>>>   End train ranking function

train_ranking_functioning time = 1.298 ms


2019-05-02-14-11-07   >>>>   Start verify ranking function

[xi_0 = 7, xi_1 = -4]
ranking function :  - 0.1 *  x[0]^1.0 - 0.3 *  x[1]^1.0 + 2.7 * 1

2019-05-02-14-11-07   >>>>   End verify ranking function

verifying time = 7.001 ms


Not Found Ranking Fcuntion

Conterexample is 

[7, -4]

sampling time = 0.717 ms


       ########################################         

iteration 2 with 80 examples

2019-05-02-14-11-07   >>>>   Start train ranking function

2019-05-02-14-11-07   >>>>   End train ranking function

train_ranking_functioning time = 1.290 ms


2019-05-02-14-11-07   >>>>   Start verify ranking function

[xi_0 = -5, xi_1 = 8]
ranking function :  - 0.2 *  x[0]^1.0 - 0.3 *  x[1]^1.0 + 2.7 * 1

2019-05-02-14-11-07   >>>>   End verify ranking function

verifying time = 6.975 ms


Not Found Ranking Fcuntion

Conterexample is 

[-5, 8]

sampling time = 0.721 ms


       ########################################         

iteration 3 with 82 examples

2019-05-02-14-11-07   >>>>   Start train ranking function

2019-05-02-14-11-07   >>>>   End train ranking function

train_ranking_functioning time = 1.336 ms


2019-05-02-14-11-07   >>>>   Start verify ranking function

[xi_0 = -5, xi_1 = 8]
ranking function :  - 0.2 *  x[0]^1.0 - 0.3 *  x[1]^1.0 + 2.8 * 1

2019-05-02-14-11-07   >>>>   End verify ranking function

verifying time = 6.981 ms


Not Found Ranking Fcuntion

Conterexample is 

[-5, 8]

sampling time = 0.724 ms


       ########################################         

iteration 4 with 84 examples

2019-05-02-14-11-07   >>>>   Start train ranking function

2019-05-02-14-11-07   >>>>   End train ranking function

train_ranking_functioning time = 1.386 ms


2019-05-02-14-11-07   >>>>   Start verify ranking function

[xi_0 = -5, xi_1 = 8]
ranking function :  - 0.2 *  x[0]^1.0 - 0.3 *  x[1]^1.0 + 2.8 * 1

2019-05-02-14-11-07   >>>>   End verify ranking function

verifying time = 6.926 ms


Not Found Ranking Fcuntion

Conterexample is 

[-5, 8]

sampling time = 0.724 ms


       ########################################         

iteration 5 with 86 examples

2019-05-02-14-11-07   >>>>   Start train ranking function

2019-05-02-14-11-07   >>>>   End train ranking function

train_ranking_functioning time = 1.452 ms


2019-05-02-14-11-07   >>>>   Start verify ranking function

[xi_0 = 7, xi_1 = -4]
ranking function :  - 0.1 *  x[0]^1.0 - 0.3 *  x[1]^1.0 + 2.8 * 1

2019-05-02-14-11-07   >>>>   End verify ranking function

verifying time = 6.892 ms


Not Found Ranking Fcuntion

Conterexample is 

[7, -4]

sampling time = 0.725 ms


       ########################################         

iteration 6 with 88 examples

2019-05-02-14-11-07   >>>>   Start train ranking function

2019-05-02-14-11-07   >>>>   End train ranking function

train_ranking_functioning time = 1.456 ms


2019-05-02-14-11-07   >>>>   Start verify ranking function

[xi_0 = -5, xi_1 = 8]
ranking function :  - 0.2 *  x[0]^1.0 - 0.3 *  x[1]^1.0 + 2.9 * 1

2019-05-02-14-11-07   >>>>   End verify ranking function

verifying time = 7.100 ms


Not Found Ranking Fcuntion

Conterexample is 

[-5, 8]

sampling time = 0.724 ms


       ########################################         

iteration 7 with 90 examples

2019-05-02-14-11-07   >>>>   Start train ranking function

2019-05-02-14-11-07   >>>>   End train ranking function

train_ranking_functioning time = 1.543 ms


2019-05-02-14-11-07   >>>>   Start verify ranking function

[xi_0 = -5, xi_1 = 8]
ranking function :  - 0.2 *  x[0]^1.0 - 0.3 *  x[1]^1.0 + 2.9 * 1

2019-05-02-14-11-07   >>>>   End verify ranking function

verifying time = 7.052 ms


Not Found Ranking Fcuntion

Conterexample is 

[-5, 8]

sampling time = 0.717 ms


       ########################################         

iteration 8 with 92 examples

2019-05-02-14-11-07   >>>>   Start train ranking function

2019-05-02-14-11-07   >>>>   End train ranking function

train_ranking_functioning time = 1.540 ms


2019-05-02-14-11-07   >>>>   Start verify ranking function

[xi_0 = -5, xi_1 = 8]
ranking function :  - 0.2 *  x[0]^1.0 - 0.3 *  x[1]^1.0 + 2.9 * 1

2019-05-02-14-11-07   >>>>   End verify ranking function

verifying time = 6.977 ms


Not Found Ranking Fcuntion

Conterexample is 

[-5, 8]

sampling time = 0.723 ms


       ########################################         

iteration 9 with 94 examples

2019-05-02-14-11-07   >>>>   Start train ranking function

2019-05-02-14-11-07   >>>>   End train ranking function

train_ranking_functioning time = 1.673 ms


2019-05-02-14-11-07   >>>>   Start verify ranking function

[xi_0 = -5, xi_1 = 8]
ranking function :  - 0.2 *  x[0]^1.0 - 0.3 *  x[1]^1.0 + 2.9 * 1

2019-05-02-14-11-07   >>>>   End verify ranking function

verifying time = 7.415 ms


Not Found Ranking Fcuntion

Conterexample is 

[-5, 8]

sampling time = 0.723 ms


Failed to prove it is terminated

UNKNOWN
------Using Template 1 -----------
1 [1]
*****************************************************

2019-05-02-14-11-07   >>>>   End sampling point

sampling time = 18.652 ms,


       ########################################         

iteration 0 with 76 examples

2019-05-02-14-11-07   >>>>   Start train ranking function

2019-05-02-14-11-07   >>>>   End train ranking function

train_ranking_functioning time = 2.816 ms


2019-05-02-14-11-07   >>>>   Start verify ranking function

[xi_0 = 0, xi_1 = 3]
ranking function : 

2019-05-02-14-11-07   >>>>   End verify ranking function

verifying time = 7.091 ms


Not Found Ranking Fcuntion

Conterexample is 

[0, 3]

sampling time = 0.357 ms


       ########################################         

iteration 1 with 78 examples

2019-05-02-14-11-07   >>>>   Start train ranking function

2019-05-02-14-11-07   >>>>   End train ranking function

train_ranking_functioning time = 2.845 ms


2019-05-02-14-11-07   >>>>   Start verify ranking function

[xi_0 = 3, xi_1 = 0]
ranking function : 

2019-05-02-14-11-07   >>>>   End verify ranking function

verifying time = 7.134 ms


Not Found Ranking Fcuntion

Conterexample is 

[3, 0]

sampling time = 0.353 ms


       ########################################         

iteration 2 with 80 examples

2019-05-02-14-11-07   >>>>   Start train ranking function

2019-05-02-14-11-07   >>>>   End train ranking function

train_ranking_functioning time = 2.866 ms


2019-05-02-14-11-07   >>>>   Start verify ranking function

[xi_0 = 0, xi_1 = 3]
ranking function : 

2019-05-02-14-11-07   >>>>   End verify ranking function

verifying time = 7.372 ms


Not Found Ranking Fcuntion

Conterexample is 

[0, 3]

sampling time = 0.466 ms


       ########################################         

iteration 3 with 82 examples

2019-05-02-14-11-07   >>>>   Start train ranking function

2019-05-02-14-11-07   >>>>   End train ranking function

train_ranking_functioning time = 3.043 ms


2019-05-02-14-11-07   >>>>   Start verify ranking function

[xi_0 = 0, xi_1 = 3]
ranking function : 

2019-05-02-14-11-07   >>>>   End verify ranking function

verifying time = 8.048 ms


Not Found Ranking Fcuntion

Conterexample is 

[0, 3]

sampling time = 0.388 ms


       ########################################         

iteration 4 with 84 examples

2019-05-02-14-11-07   >>>>   Start train ranking function

2019-05-02-14-11-07   >>>>   End train ranking function

train_ranking_functioning time = 3.274 ms


2019-05-02-14-11-07   >>>>   Start verify ranking function

[xi_0 = 3, xi_1 = 0]
ranking function : 

2019-05-02-14-11-07   >>>>   End verify ranking function

verifying time = 8.084 ms


Not Found Ranking Fcuntion

Conterexample is 

[3, 0]

sampling time = 0.416 ms


       ########################################         

iteration 5 with 86 examples

2019-05-02-14-11-07   >>>>   Start train ranking function

5
2019-05-02-14-11-07   >>>>   End train ranking function

train_ranking_functioning time = 3.508 ms


2019-05-02-14-11-07   >>>>   Start verify ranking function

[xi_0 = 0, xi_1 = 3]
ranking function : 

2019-05-02-14-11-07   >>>>   End verify ranking function

verifying time = 8.155 ms


Not Found Ranking Fcuntion

Conterexample is 

[0, 3]

sampling time = 0.419 ms


       ########################################         

iteration 6 with 88 examples

2019-05-02-14-11-07   >>>>   Start train ranking function

2019-05-02-14-11-07   >>>>   End train ranking function

train_ranking_functioning time = 3.371 ms


2019-05-02-14-11-07   >>>>   Start verify ranking function

[xi_0 = 0, xi_1 = 3]
ranking function : 

2019-05-02-14-11-07   >>>>   End verify ranking function

verifying time = 7.795 ms


Not Found Ranking Fcuntion

Conterexample is 

[0, 3]

sampling time = 0.421 ms


       ########################################         

iteration 7 with 90 examples

2019-05-02-14-11-07   >>>>   Start train ranking function

2019-05-02-14-11-07   >>>>   End train ranking function

train_ranking_functioning time = 3.620 ms


2019-05-02-14-11-07   >>>>   Start verify ranking function

[xi_0 = 0, xi_1 = 3]
ranking function : 

2019-05-02-14-11-07   >>>>   End verify ranking function

verifying time = 7.773 ms


Not Found Ranking Fcuntion

Conterexample is 

[0, 3]

sampling time = 0.400 ms


       ########################################         

iteration 8 with 92 examples

2019-05-02-14-11-07   >>>>   Start train ranking function

2019-05-02-14-11-07   >>>>   End train ranking function

train_ranking_functioning time = 3.361 ms


2019-05-02-14-11-07   >>>>   Start verify ranking function

[xi_0 = 0, xi_1 = 3]
ranking function : 

2019-05-02-14-11-07   >>>>   End verify ranking function

verifying time = 7.746 ms


Not Found Ranking Fcuntion

Conterexample is 

[0, 3]

sampling time = 0.402 ms


       ########################################         

iteration 9 with 94 examples

2019-05-02-14-11-07   >>>>   Start train ranking function

2019-05-02-14-11-07   >>>>   End train ranking function

train_ranking_functioning time = 3.505 ms


2019-05-02-14-11-07   >>>>   Start verify ranking function

[xi_0 = 0, xi_1 = 3]
ranking function : 

2019-05-02-14-11-07   >>>>   End verify ranking function

verifying time = 7.852 ms


Not Found Ranking Fcuntion

Conterexample is 

[0, 3]

sampling time = 0.397 ms


Failed to prove it is terminated

UNKNOWN
------Using Template 2 -----------
9 [3, 3, 3]
*****************************************************

2019-05-02-14-11-07   >>>>   End sampling point

sampling time = 91.451 ms,


       ########################################         

iteration 0 with 152 examples

2019-05-02-14-11-07   >>>>   Start train ranking function

2019-05-02-14-11-07   >>>>   End train ranking function

train_ranking_functioning time = 2.175 ms


2019-05-02-14-11-07   >>>>   Start verify ranking function

[xi_0 = -5, xi_1 = 8]
ranking function :  - 0.2 *  x[0]^1.0 - 0.3 *  x[1]^1.0 + 1.6 * 1;  - 0.1 *  x[0]^1.0 - 0.2 *  x[1]^1.0 + 1.6 * 1;  - 0.1 *  x[1]^1.0 + 1.6 * 1

2019-05-02-14-11-07   >>>>   End verify ranking function

verifying time = 7.162 ms


Not Found Ranking Fcuntion

Conterexample is 

[-5, 8]

sampling time = 2.034 ms


       ########################################         

iteration 1 with 156 examples

2019-05-02-14-11-07   >>>>   Start train ranking function

2019-05-02-14-11-07   >>>>   End train ranking function

train_ranking_functioning time = 2.171 ms


2019-05-02-14-11-07   >>>>   Start verify ranking function

[xi_0 = -5, xi_1 = 8]
ranking function :  - 0.2 *  x[0]^1.0 - 0.3 *  x[1]^1.0 + 1.7 * 1;  - 0.1 *  x[0]^1.0 - 0.2 *  x[1]^1.0 + 1.6 * 1;  - 0.1 *  x[1]^1.0 + 1.5 * 1

2019-05-02-14-11-07   >>>>   End verify ranking function

verifying time = 7.268 ms


Not Found Ranking Fcuntion

Conterexample is 

[-5, 8]

sampling time = 2.034 ms


       ########################################         

iteration 2 with 160 examples

2019-05-02-14-11-07   >>>>   Start train ranking function

2019-05-02-14-11-07   >>>>   End train ranking function

train_ranking_functioning time = 2.165 ms


2019-05-02-14-11-07   >>>>   Start verify ranking function

[xi_0 = -5, xi_1 = 8]
ranking function :  - 0.2 *  x[0]^1.0 - 0.3 *  x[1]^1.0 + 1.8 * 1;  - 0.1 *  x[0]^1.0 - 0.2 *  x[1]^1.0 + 1.6 * 1;  - 0.1 *  x[1]^1.0 + 1.5 * 1

2019-05-02-14-11-07   >>>>   End verify ranking function

verifying time = 7.212 ms


Not Found Ranking Fcuntion

Conterexample is 

[-5, 8]

sampling time = 2.062 ms


       ########################################         

iteration 3 with 164 examples

2019-05-02-14-11-07   >>>>   Start train ranking function

2019-05-02-14-11-07   >>>>   End train ranking function

train_ranking_functioning time = 2.426 ms


2019-05-02-14-11-07   >>>>   Start verify ranking function

[xi_0 = -5, xi_1 = 8]
ranking function :  - 0.2 *  x[0]^1.0 - 0.3 *  x[1]^1.0 + 1.8 * 1;  - 0.1 *  x[0]^1.0 - 0.2 *  x[1]^1.0 + 1.7 * 1;  - 0.1 *  x[1]^1.0 + 1.4 * 1

2019-05-02-14-11-07   >>>>   End verify ranking function

verifying time = 7.286 ms


Not Found Ranking Fcuntion

Conterexample is 

[-5, 8]

sampling time = 2.064 ms


       ########################################         

iteration 4 with 168 examples

2019-05-02-14-11-07   >>>>   Start train ranking function

2019-05-02-14-11-07   >>>>   End train ranking function

train_ranking_functioning time = 2.223 ms


2019-05-02-14-11-07   >>>>   Start verify ranking function

[xi_0 = -5, xi_1 = 8]
ranking function :  - 0.2 *  x[0]^1.0 - 0.3 *  x[1]^1.0 + 1.9 * 1;  - 0.2 *  x[1]^1.0 + 1.7 * 1;  - 0.1 *  x[1]^1.0 + 1.4 * 1

2019-05-02-14-11-07   >>>>   End verify ranking function

verifying time = 7.208 ms


Not Found Ranking Fcuntion

Conterexample is 

[-5, 8]

sampling time = 2.059 ms


       ########################################         

iteration 5 with 172 examples

2019-05-02-14-11-07   >>>>   Start train ranking function

2019-05-02-14-11-07   >>>>   End train ranking function

train_ranking_functioning time = 2.278 ms


2019-05-02-14-11-07   >>>>   Start verify ranking function

[xi_0 = -5, xi_1 = 8]
ranking function :  - 0.2 *  x[0]^1.0 - 0.3 *  x[1]^1.0 + 1.9 * 1;  - 0.2 *  x[1]^1.0 + 1.7 * 1;  - 0.1 *  x[1]^1.0 + 1.4 * 1

2019-05-02-14-11-07   >>>>   End verify ranking function

verifying time = 7.136 ms


Not Found Ranking Fcuntion

Conterexample is 

[-5, 8]

sampling time = 2.054 ms


       ########################################         

iteration 6 with 176 examples

2019-05-02-14-11-07   >>>>   Start train ranking function

2019-05-02-14-11-07   >>>>   End train ranking function

train_ranking_functioning time = 2.393 ms


2019-05-02-14-11-07   >>>>   Start verify ranking function

[xi_0 = -5, xi_1 = 8]
ranking function :  - 0.2 *  x[0]^1.0 - 0.3 *  x[1]^1.0 + 1.9 * 1;  - 0.2 *  x[1]^1.0 + 1.7 * 1;  - 0.1 *  x[1]^1.0 + 1.4 * 1

2019-05-02-14-11-07   >>>>   End verify ranking function

verifying time = 7.166 ms


Not Found Ranking Fcuntion

Conterexample is 

[-5, 8]

sampling time = 2.048 ms


       ########################################         

iteration 7 with 180 examples

2019-05-02-14-11-07   >>>>   Start train ranking function

2019-05-02-14-11-07   >>>>   End train ranking function

train_ranking_functioning time = 2.479 ms


2019-05-02-14-11-07   >>>>   Start verify ranking function

[xi_0 = -5, xi_1 = 8]
ranking function :  - 0.2 *  x[0]^1.0 - 0.3 *  x[1]^1.0 + 1.9 * 1;  - 0.2 *  x[1]^1.0 + 1.7 * 1;  - 0.1 *  x[1]^1.0 + 1.4 * 1

2019-05-02-14-11-07   >>>>   End verify ranking function

verifying time = 7.137 ms


Not Found Ranking Fcuntion

Conterexample is 

[-5, 8]

sampling time = 2.194 ms


       ########################################         

iteration 8 with 184 examples

2019-05-02-14-11-07   >>>>   Start train ranking function

2019-05-02-14-11-07   >>>>   End train ranking function

train_ranking_functioning time = 2.627 ms


2019-05-02-14-11-07   >>>>   Start verify ranking function

[xi_0 = 7, xi_1 = -4]
ranking function :  - 0.1 *  x[0]^1.0 - 0.3 *  x[1]^1.0 + 1.9 * 1;  - 0.2 *  x[1]^1.0 + 1.7 * 1;  - 0.1 *  x[1]^1.0 + 1.4 * 1

2019-05-02-14-11-07   >>>>   End verify ranking function

verifying time = 7.566 ms


Not Found Ranking Fcuntion

Conterexample is 

[7, -4]

sampling time = 2.043 ms


       ########################################         

iteration 9 with 188 examples

2019-05-02-14-11-07   >>>>   Start train ranking function

2019-05-02-14-11-07   >>>>   End train ranking function

train_ranking_functioning time = 2.677 ms


2019-05-02-14-11-07   >>>>   Start verify ranking function

[xi_0 = 10, xi_1 = 0]
ranking function :  - 0.2 *  x[0]^1.0 - 0.4 *  x[1]^1.0 + 2.0 * 1;  - 0.2 *  x[1]^1.0 + 1.8 * 1;  - 0.1 *  x[1]^1.0 + 1.5 * 1

2019-05-02-14-11-07   >>>>   End verify ranking function

verifying time = 10.258 ms


Not Found Ranking Fcuntion

Conterexample is 

[10, 0]

sampling time = 2.069 ms


Failed to prove it is terminated

UNKNOWN
------Using Template 3 -----------
7 [4, 1, 2]
*****************************************************

2019-05-02-14-11-08   >>>>   End sampling point

sampling time = 80.825 ms,


       ########################################         

iteration 0 with 152 examples

2019-05-02-14-11-08   >>>>   Start train ranking function

2019-05-02-14-11-08   >>>>   End train ranking function

train_ranking_functioning time = 4.747 ms


2019-05-02-14-11-08   >>>>   Start verify ranking function

[xi_0 = 1, xi_1 = 3]
ranking function : 1.8 *  x[0]^-1.0 *  x[1]^0.5 + 2.4 *  x[0]^-2.0 *  x[1]^-0.5; 1.0 *  x[0]^-0.5 *  x[1]^0.5; 0.1 *  x[0]^1.0 *  x[1]^0.5 + 2.0 *  x[0]^-1.0 *  x[1]^-2.0

2019-05-02-14-11-08   >>>>   End verify ranking function

verifying time = 18.976 ms


Not Found Ranking Fcuntion

Conterexample is 

[1, 3]

sampling time = 1.895 ms


       ########################################         

iteration 1 with 156 examples

2019-05-02-14-11-08   >>>>   Start train ranking function

2019-05-02-14-11-08   >>>>   End train ranking function

train_ranking_functioning time = 4.890 ms


2019-05-02-14-11-08   >>>>   Start verify ranking function

[xi_0 = 1, xi_1 = 3]
ranking function : 1.8 *  x[0]^-1.0 *  x[1]^0.5 + 2.4 *  x[0]^-2.0 *  x[1]^-0.5; 1.0 *  x[0]^-0.5 *  x[1]^0.5; 0.1 *  x[0]^1.0 *  x[1]^0.5 + 2.1 *  x[0]^-1.0 *  x[1]^-2.0

2019-05-02-14-11-08   >>>>   End verify ranking function

verifying time = 18.631 ms


Not Found Ranking Fcuntion

Conterexample is 

[1, 3]

sampling time = 1.893 ms


       ########################################         

iteration 2 with 160 examples

2019-05-02-14-11-08   >>>>   Start train ranking function

2019-05-02-14-11-08   >>>>   End train ranking function

train_ranking_functioning time = 4.867 ms


2019-05-02-14-11-08   >>>>   Start verify ranking function

[xi_0 = 1, xi_1 = 3]
ranking function : 1.8 *  x[0]^-1.0 *  x[1]^0.5 + 2.4 *  x[0]^-2.0 *  x[1]^-0.5; 1.0 *  x[0]^-0.5 *  x[1]^0.5; 0.1 *  x[0]^1.0 *  x[1]^0.5 + 2.1 *  x[0]^-1.0 *  x[1]^-2.0

2019-05-02-14-11-08   >>>>   End verify ranking function

verifying time = 18.617 ms


Not Found Ranking Fcuntion

Conterexample is 

[1, 3]

sampling time = 1.905 ms


       ########################################         

iteration 3 with 164 examples

2019-05-02-14-11-08   >>>>   Start train ranking function

2019-05-02-14-11-08   >>>>   End train ranking function

train_ranking_functioning time = 4.971 ms


2019-05-02-14-11-08   >>>>   Start verify ranking function

[xi_0 = 1, xi_1 = 3]
ranking function : 1.8 *  x[0]^-1.0 *  x[1]^0.5 + 2.4 *  x[0]^-2.0 *  x[1]^-0.5; 1.0 *  x[0]^-0.5 *  x[1]^0.5; 0.1 *  x[0]^1.0 *  x[1]^0.5 + 2.2 *  x[0]^-1.0 *  x[1]^-2.0

2019-05-02-14-11-08   >>>>   End verify ranking function

verifying time = 18.514 ms


Not Found Ranking Fcuntion

Conterexample is 

[1, 3]

sampling time = 1.951 ms


       ########################################         

iteration 4 with 168 examples

2019-05-02-14-11-08   >>>>   Start train ranking function

2019-05-02-14-11-08   >>>>   End train ranking function

train_ranking_functioning time = 4.968 ms


2019-05-02-14-11-08   >>>>   Start verify ranking function

[xi_0 = 1, xi_1 = 3]
ranking function : 1.8 *  x[0]^-1.0 *  x[1]^0.5 + 2.4 *  x[0]^-2.0 *  x[1]^-0.5; 1.0 *  x[0]^-0.5 *  x[1]^0.5; 0.1 *  x[0]^1.0 *  x[1]^0.5 + 2.3 *  x[0]^-1.0 *  x[1]^-2.0

2019-05-02-14-11-08   >>>>   End verify ranking function

verifying time = 18.517 ms


Not Found Ranking Fcuntion

Conterexample is 

[1, 3]

sampling time = 1.950 ms


       ########################################         

iteration 5 with 172 examples

2019-05-02-14-11-08   >>>>   Start train ranking function

2019-05-02-14-11-08   >>>>   End train ranking function

train_ranking_functioning time = 5.186 ms


2019-05-02-14-11-08   >>>>   Start verify ranking function

[xi_0 = 1, xi_1 = 3]
ranking function : 1.8 *  x[0]^-1.0 *  x[1]^0.5 + 2.4 *  x[0]^-2.0 *  x[1]^-0.5; 1.0 *  x[0]^-0.5 *  x[1]^0.5; 0.1 *  x[0]^1.0 *  x[1]^0.5 + 2.3 *  x[0]^-1.0 *  x[1]^-2.0

2019-05-02-14-11-08   >>>>   End verify ranking function

verifying time = 18.533 ms


Not Found Ranking Fcuntion

Conterexample is 

[1, 3]

sampling time = 2.035 ms


       ########################################         

iteration 6 with 176 examples

2019-05-02-14-11-08   >>>>   Start train ranking function

2019-05-02-14-11-08   >>>>   End train ranking function

train_ranking_functioning time = 5.305 ms


2019-05-02-14-11-08   >>>>   Start verify ranking function

[xi_0 = 1, xi_1 = 3]
ranking function : 1.8 *  x[0]^-1.0 *  x[1]^0.5 + 0.1 *  x[0]^1.0 *  x[1]^-1.0 + 2.4 *  x[0]^-2.0 *  x[1]^-0.5; 1.0 *  x[0]^-0.5 *  x[1]^0.5; 0.1 *  x[0]^1.0 *  x[1]^0.5 + 2.4 *  x[0]^-1.0 *  x[1]^-2.0

2019-05-02-14-12-41   >>>>   End verify ranking function

verifying time = 93078.015 ms


Not Found Ranking Fcuntion

Conterexample is 

[1, 3]

sampling time = 1.929 ms


       ########################################         

iteration 7 with 180 examples

2019-05-02-14-12-41   >>>>   Start train ranking function

2019-05-02-14-12-41   >>>>   End train ranking function

train_ranking_functioning time = 5.398 ms


2019-05-02-14-12-41   >>>>   Start verify ranking function

[xi_0 = 1, xi_1 = 3]
ranking function : 1.8 *  x[0]^-1.0 *  x[1]^0.5 + 0.1 *  x[0]^1.0 *  x[1]^-1.0 + 2.4 *  x[0]^-2.0 *  x[1]^-0.5; 1.0 *  x[0]^-0.5 *  x[1]^0.5; 0.1 *  x[0]^1.0 *  x[1]^0.5 + 2.5 *  x[0]^-1.0 *  x[1]^-2.0

2019-05-02-14-12-52   >>>>   End verify ranking function

verifying time = 11531.298 ms


Not Found Ranking Fcuntion

Conterexample is 

[1, 3]

sampling time = 1.970 ms


       ########################################         

iteration 8 with 184 examples

2019-05-02-14-12-52   >>>>   Start train ranking function

2019-05-02-14-12-52   >>>>   End train ranking function

train_ranking_functioning time = 5.299 ms


2019-05-02-14-12-52   >>>>   Start verify ranking function

[xi_0 = 1, xi_1 = 3]
ranking function : 1.8 *  x[0]^-1.0 *  x[1]^0.5 + 2.4 *  x[0]^-2.0 *  x[1]^-0.5; 1.0 *  x[0]^-0.5 *  x[1]^0.5; 0.1 *  x[0]^1.0 *  x[1]^0.5 + 2.6 *  x[0]^-1.0 *  x[1]^-2.0

2019-05-02-14-12-52   >>>>   End verify ranking function

verifying time = 18.851 ms


Not Found Ranking Fcuntion

Conterexample is 

[1, 3]

sampling time = 1.942 ms


       ########################################         

iteration 9 with 188 examples

2019-05-02-14-12-52   >>>>   Start train ranking function

2019-05-02-14-12-52   >>>>   End train ranking function

train_ranking_functioning time = 5.163 ms


2019-05-02-14-12-52   >>>>   Start verify ranking function

[xi_0 = 1, xi_1 = 3]
ranking function : 1.8 *  x[0]^-1.0 *  x[1]^0.5 + 2.4 *  x[0]^-2.0 *  x[1]^-0.5; 1.0 *  x[0]^-0.5 *  x[1]^0.5; 0.1 *  x[0]^1.0 *  x[1]^0.5 + 2.6 *  x[0]^-1.0 *  x[1]^-2.0

2019-05-02-14-12-52   >>>>   End verify ranking function

verifying time = 18.612 ms


Not Found Ranking Fcuntion

Conterexample is 

[1, 3]

sampling time = 2.119 ms


Failed to prove it is terminated

UNKNOWN
------Using Template 4 -----------
15 [3, 3, 3, 3, 3]
*****************************************************

2019-05-02-14-12-53   >>>>   End sampling point

sampling time = 140.526 ms,


       ########################################         

iteration 0 with 228 examples

2019-05-02-14-12-53   >>>>   Start train ranking function

2019-05-02-14-12-53   >>>>   End train ranking function

train_ranking_functioning time = 3.633 ms


2019-05-02-14-12-53   >>>>   Start verify ranking function

[xi_0 = -5, xi_1 = 8]
ranking function :  - 0.2 *  x[0]^1.0 - 0.3 *  x[1]^1.0 + 1.4 * 1;  - 0.1 *  x[0]^1.0 - 0.3 *  x[1]^1.0 + 1.4 * 1;  - 0.2 *  x[1]^1.0 + 1.3 * 1;  - 0.1 *  x[1]^1.0 + 1.3 * 1;  - 0.1 *  x[1]^1.0 + 1.3 * 1

2019-05-02-14-12-53   >>>>   End verify ranking function

verifying time = 7.560 ms


Not Found Ranking Fcuntion

Conterexample is 

[-5, 8]

sampling time = 3.484 ms


       ########################################         

iteration 1 with 234 examples

2019-05-02-14-12-53   >>>>   Start train ranking function

2019-05-02-14-12-53   >>>>   End train ranking function

train_ranking_functioning time = 3.466 ms


2019-05-02-14-12-53   >>>>   Start verify ranking function

[xi_0 = -5, xi_1 = 8]
ranking function :  - 0.2 *  x[0]^1.0 - 0.3 *  x[1]^1.0 + 1.5 * 1;  - 0.1 *  x[0]^1.0 - 0.3 *  x[1]^1.0 + 1.4 * 1;  - 0.2 *  x[1]^1.0 + 1.4 * 1;  - 0.1 *  x[1]^1.0 + 1.3 * 1;  - 0.1 *  x[1]^1.0 + 1.2 * 1

2019-05-02-14-12-53   >>>>   End verify ranking function

verifying time = 7.501 ms


Not Found Ranking Fcuntion

Conterexample is 

[-5, 8]

sampling time = 3.409 ms


       ########################################         

iteration 2 with 240 examples

2019-05-02-14-12-53   >>>>   Start train ranking function

2019-05-02-14-12-53   >>>>   End train ranking function

train_ranking_functioning time = 3.522 ms


2019-05-02-14-12-53   >>>>   Start verify ranking function

[xi_0 = -5, xi_1 = 8]
ranking function :  - 0.2 *  x[0]^1.0 - 0.3 *  x[1]^1.0 + 1.5 * 1;  - 0.1 *  x[0]^1.0 - 0.3 *  x[1]^1.0 + 1.5 * 1;  - 0.2 *  x[1]^1.0 + 1.4 * 1;  - 0.1 *  x[1]^1.0 + 1.3 * 1; 1.2 * 1

2019-05-02-14-12-53   >>>>   End verify ranking function

verifying time = 7.416 ms


Not Found Ranking Fcuntion

Conterexample is 

[-5, 8]

sampling time = 3.429 ms


       ########################################         

iteration 3 with 246 examples

2019-05-02-14-12-53   >>>>   Start train ranking function

2019-05-02-14-12-53   >>>>   End train ranking function

train_ranking_functioning time = 3.391 ms


2019-05-02-14-12-53   >>>>   Start verify ranking function

[xi_0 = -5, xi_1 = 8]
ranking function :  - 0.2 *  x[0]^1.0 - 0.3 *  x[1]^1.0 + 1.6 * 1;  - 0.1 *  x[0]^1.0 - 0.3 *  x[1]^1.0 + 1.5 * 1;  - 0.2 *  x[1]^1.0 + 1.4 * 1;  - 0.1 *  x[1]^1.0 + 1.3 * 1; 1.1 * 1

2019-05-02-14-12-53   >>>>   End verify ranking function

verifying time = 7.503 ms


Not Found Ranking Fcuntion

Conterexample is 

[-5, 8]

sampling time = 3.434 ms


       ########################################         

iteration 4 with 252 examples

2019-05-02-14-12-53   >>>>   Start train ranking function

2019-05-02-14-12-53   >>>>   End train ranking function

train_ranking_functioning time = 3.453 ms


2019-05-02-14-12-53   >>>>   Start verify ranking function

[xi_0 = -5, xi_1 = 8]
ranking function :  - 0.2 *  x[0]^1.0 - 0.3 *  x[1]^1.0 + 1.6 * 1;  - 0.1 *  x[0]^1.0 - 0.3 *  x[1]^1.0 + 1.5 * 1;  - 0.2 *  x[1]^1.0 + 1.4 * 1;  - 0.1 *  x[1]^1.0 + 1.3 * 1; 1.1 * 1

2019-05-02-14-12-53   >>>>   End verify ranking function

verifying time = 7.453 ms


Not Found Ranking Fcuntion

Conterexample is 

[-5, 8]

sampling time = 3.420 ms


       ########################################         

iteration 5 with 258 examples

2019-05-02-14-12-53   >>>>   Start train ranking function

2019-05-02-14-12-53   >>>>   End train ranking function

train_ranking_functioning time = 3.574 ms


2019-05-02-14-12-53   >>>>   Start verify ranking function

[xi_0 = -11, xi_1 = 14]
ranking function :  - 0.2 *  x[0]^1.0 - 0.4 *  x[1]^1.0 + 1.6 * 1;  - 0.1 *  x[0]^1.0 - 0.3 *  x[1]^1.0 + 1.5 * 1;  - 0.2 *  x[1]^1.0 + 1.4 * 1;  - 0.1 *  x[1]^1.0 + 1.3 * 1; 1.1 * 1

2019-05-02-14-12-53   >>>>   End verify ranking function

verifying time = 10.186 ms


Not Found Ranking Fcuntion

Conterexample is 

[-11, 14]

sampling time = 3.481 ms


       ########################################         

iteration 6 with 264 examples

2019-05-02-14-12-53   >>>>   Start train ranking function

2019-05-02-14-12-53   >>>>   End train ranking function

train_ranking_functioning time = 4.123 ms


2019-05-02-14-12-53   >>>>   Start verify ranking function

[xi_0 = -5, xi_1 = 8]
ranking function :  - 0.2 *  x[0]^1.0 - 0.3 *  x[1]^1.0 + 1.6 * 1;  - 0.1 *  x[0]^1.0 - 0.2 *  x[1]^1.0 + 1.5 * 1;  - 0.1 *  x[1]^1.0 + 1.4 * 1;  - 0.1 *  x[1]^1.0 + 1.3 * 1; 1.0 * 1

2019-05-02-14-12-53   >>>>   End verify ranking function

verifying time = 7.445 ms


Not Found Ranking Fcuntion

Conterexample is 

[-5, 8]

sampling time = 3.461 ms


       ########################################         

iteration 7 with 270 examples

2019-05-02-14-12-53   >>>>   Start train ranking function

2019-05-02-14-12-53   >>>>   End train ranking function

train_ranking_functioning time = 4.335 ms


2019-05-02-14-12-53   >>>>   Start verify ranking function

[xi_0 = -5, xi_1 = 8]
ranking function :  - 0.2 *  x[0]^1.0 - 0.3 *  x[1]^1.0 + 1.6 * 1;  - 0.1 *  x[0]^1.0 - 0.2 *  x[1]^1.0 + 1.5 * 1;  - 0.1 *  x[1]^1.0 + 1.4 * 1;  - 0.1 *  x[1]^1.0 + 1.3 * 1; 1.0 * 1

2019-05-02-14-12-53   >>>>   End verify ranking function

verifying time = 7.520 ms


Not Found Ranking Fcuntion

Conterexample is 

[-5, 8]

sampling time = 3.404 ms


       ########################################         

iteration 8 with 276 examples

2019-05-02-14-12-53   >>>>   Start train ranking function

2019-05-02-14-12-53   >>>>   End train ranking function

train_ranking_functioning time = 4.557 ms


2019-05-02-14-12-53   >>>>   Start verify ranking function

[xi_0 = 7, xi_1 = -4]
ranking function :  - 0.1 *  x[0]^1.0 - 0.3 *  x[1]^1.0 + 1.6 * 1;  - 0.2 *  x[1]^1.0 + 1.5 * 1;  - 0.1 *  x[1]^1.0 + 1.4 * 1;  - 0.1 *  x[1]^1.0 + 1.3 * 1; 1.0 * 1

2019-05-02-14-12-53   >>>>   End verify ranking function

verifying time = 7.332 ms


Not Found Ranking Fcuntion

Conterexample is 

[7, -4]

sampling time = 3.404 ms


       ########################################         

iteration 9 with 282 examples

2019-05-02-14-12-53   >>>>   Start train ranking function

2019-05-02-14-12-53   >>>>   End train ranking function

train_ranking_functioning time = 4.528 ms


2019-05-02-14-12-53   >>>>   Start verify ranking function

[xi_0 = -12, xi_1 = 15]
ranking function :  - 0.2 *  x[0]^1.0 - 0.4 *  x[1]^1.0 + 1.7 * 1;  - 0.1 *  x[0]^1.0 - 0.3 *  x[1]^1.0 + 1.6 * 1;  - 0.2 *  x[1]^1.0 + 1.5 * 1;  - 0.1 *  x[1]^1.0 + 1.3 * 1; 1.0 * 1

2019-05-02-14-12-53   >>>>   End verify ranking function

verifying time = 10.330 ms


Not Found Ranking Fcuntion

Conterexample is 

[-12, 15]

sampling time = 3.396 ms


Failed to prove it is terminated

UNKNOWN
------Using Template 5 -----------
16 [4, 4, 4, 2, 2]
*****************************************************

2019-05-02-14-12-53   >>>>   End sampling point

sampling time = 163.980 ms,


       ########################################         

iteration 0 with 228 examples

2019-05-02-14-12-53   >>>>   Start train ranking function

2019-05-02-14-12-53   >>>>   End train ranking function

train_ranking_functioning time = 8.022 ms


2019-05-02-14-12-53   >>>>   Start verify ranking function

[xi_0 = 5, xi_1 = -1]
ranking function : 2.3 *  x[1]^-1.0 - 0.1 *  x[0]^1.0 + 0.4 *  x[0]^-3.0 *  x[1]^-2.0 - 0.9 *  x[1]^-3.0; 1.1 * 1; 2.3 *  x[0]^-0.5 *  x[1]^-0.5; 0.2 *  x[0]^1.0 *  x[1]^-0.5; 1.2 *  x[0]^-1.0

2019-05-02-14-12-54   >>>>   End verify ranking function

verifying time = 1007.175 ms


Not Found Ranking Fcuntion

Conterexample is 

[5, -1]

sampling time = 4.157 ms

