------Using Template 0 -----------
3 [3]
*****************************************************

2019-05-02-14-21-10   >>>>   End sampling point

sampling time = 15.330 ms,


       ########################################         

iteration 0 with 24 examples

2019-05-02-14-21-10   >>>>   Start train ranking function

2019-05-02-14-21-10   >>>>   End train ranking function

train_ranking_functioning time = 0.573 ms


2019-05-02-14-21-10   >>>>   Start verify ranking function

ranking function :  - 0.1 *  x[0]^1.0 - 0.2 *  x[1]^1.0 + 1.5 * 1

2019-05-02-14-21-10   >>>>   End verify ranking function

verifying time = 7.958 ms


Not Found Ranking Fcuntion

Conterexample is 

[-14, 15]

sampling time = 0.728 ms


       ########################################         

iteration 1 with 26 examples

2019-05-02-14-21-10   >>>>   Start train ranking function

2019-05-02-14-21-10   >>>>   End train ranking function

train_ranking_functioning time = 0.657 ms


2019-05-02-14-21-10   >>>>   Start verify ranking function

ranking function :  - 0.2 *  x[0]^1.0 - 0.2 *  x[1]^1.0 + 1.5 * 1

2019-05-02-14-21-10   >>>>   End verify ranking function

verifying time = 7.861 ms


Not Found Ranking Fcuntion

Conterexample is 

[-1, 9]

sampling time = 0.712 ms


       ########################################         

iteration 2 with 28 examples

2019-05-02-14-21-10   >>>>   Start train ranking function

2019-05-02-14-21-10   >>>>   End train ranking function

train_ranking_functioning time = 0.677 ms


2019-05-02-14-21-10   >>>>   Start verify ranking function

ranking function :  - 0.1 *  x[0]^1.0 - 0.1 *  x[1]^1.0 + 1.6 * 1

2019-05-02-14-21-10   >>>>   End verify ranking function

verifying time = 7.817 ms


Not Found Ranking Fcuntion

Conterexample is 

[-1, 18]

sampling time = 0.717 ms


       ########################################         

iteration 3 with 30 examples

2019-05-02-14-21-10   >>>>   Start train ranking function

2019-05-02-14-21-10   >>>>   End train ranking function

train_ranking_functioning time = 0.752 ms


2019-05-02-14-21-10   >>>>   Start verify ranking function

ranking function :  - 0.1 *  x[1]^1.0 + 2.0 * 1

2019-05-02-14-21-10   >>>>   End verify ranking function

verifying time = 7.825 ms


Not Found Ranking Fcuntion

Conterexample is 

[-1, 21]

sampling time = 0.707 ms


       ########################################         

iteration 4 with 32 examples

2019-05-02-14-21-10   >>>>   Start train ranking function

2019-05-02-14-21-10   >>>>   End train ranking function

train_ranking_functioning time = 0.850 ms


2019-05-02-14-21-10   >>>>   Start verify ranking function

ranking function :  - 0.1 *  x[1]^1.0 + 2.2 * 1

2019-05-02-14-21-10   >>>>   End verify ranking function

verifying time = 7.782 ms


Not Found Ranking Fcuntion

Conterexample is 

[-1, 23]

sampling time = 0.717 ms


       ########################################         

iteration 5 with 34 examples

2019-05-02-14-21-10   >>>>   Start train ranking function

2019-05-02-14-21-10   >>>>   End train ranking function

train_ranking_functioning time = 0.881 ms


2019-05-02-14-21-10   >>>>   Start verify ranking function

ranking function :  - 0.1 *  x[1]^1.0 + 2.3 * 1

2019-05-02-14-21-10   >>>>   End verify ranking function

verifying time = 7.852 ms


Not Found Ranking Fcuntion

Conterexample is 

[-1, 24]

sampling time = 0.707 ms


       ########################################         

iteration 6 with 36 examples

2019-05-02-14-21-10   >>>>   Start train ranking function

2019-05-02-14-21-10   >>>>   End train ranking function

train_ranking_functioning time = 0.944 ms


2019-05-02-14-21-10   >>>>   Start verify ranking function

ranking function :  - 0.1 *  x[1]^1.0 + 2.4 * 1

2019-05-02-14-21-10   >>>>   End verify ranking function

verifying time = 7.849 ms


Not Found Ranking Fcuntion

Conterexample is 

[-1, 25]

sampling time = 0.717 ms


       ########################################         

iteration 7 with 38 examples

2019-05-02-14-21-10   >>>>   Start train ranking function

2019-05-02-14-21-10   >>>>   End train ranking function

train_ranking_functioning time = 0.984 ms


2019-05-02-14-21-10   >>>>   Start verify ranking function

ranking function : 0.1 *  x[0]^1.0 - 0.1 *  x[1]^1.0 + 2.5 * 1

2019-05-02-14-21-10   >>>>   End verify ranking function

verifying time = 8.024 ms


Not Found Ranking Fcuntion

Conterexample is 

[-1, 25]

sampling time = 0.771 ms


       ########################################         

iteration 8 with 40 examples

2019-05-02-14-21-10   >>>>   Start train ranking function

2019-05-02-14-21-10   >>>>   End train ranking function

train_ranking_functioning time = 1.027 ms


2019-05-02-14-21-10   >>>>   Start verify ranking function

ranking function : 0.1 *  x[0]^1.0 - 0.1 *  x[1]^1.0 + 2.5 * 1

2019-05-02-14-21-10   >>>>   End verify ranking function

verifying time = 7.891 ms


Not Found Ranking Fcuntion

Conterexample is 

[-1, 25]

sampling time = 0.713 ms


       ########################################         

iteration 9 with 42 examples

2019-05-02-14-21-10   >>>>   Start train ranking function

2019-05-02-14-21-10   >>>>   End train ranking function

train_ranking_functioning time = 1.044 ms


2019-05-02-14-21-10   >>>>   Start verify ranking function

ranking function : 0.1 *  x[0]^1.0 - 0.1 *  x[1]^1.0 + 2.5 * 1

2019-05-02-14-21-10   >>>>   End verify ranking function

verifying time = 8.293 ms


Not Found Ranking Fcuntion

Conterexample is 

[-1, 25]

sampling time = 0.710 ms


Failed to prove it is terminated

UNKNOWN
------Using Template 1 -----------
1 [1]
*****************************************************

2019-05-02-14-21-10   >>>>   End sampling point

sampling time = 10.992 ms,


       ########################################         

iteration 0 with 24 examples

2019-05-02-14-21-10   >>>>   Start train ranking function

2019-05-02-14-21-10   >>>>   End train ranking function

train_ranking_functioning time = 0.318 ms


2019-05-02-14-21-10   >>>>   Start verify ranking function

[xi_0 = -2, xi_1 = 3]
ranking function : 2.5 *  x[0]^0.5 *  x[1]^-2.0

2019-05-02-14-21-10   >>>>   End verify ranking function

verifying time = 16.500 ms


Not Found Ranking Fcuntion

Conterexample is 

[-2, 3]

sampling time = 0.355 ms


       ########################################         

iteration 1 with 26 examples

2019-05-02-14-21-10   >>>>   Start train ranking function

2019-05-02-14-21-10   >>>>   End train ranking function

train_ranking_functioning time = 0.313 ms


2019-05-02-14-21-10   >>>>   Start verify ranking function

[xi_0 = -2, xi_1 = 3]
ranking function : 2.7 *  x[0]^0.5 *  x[1]^-2.0

2019-05-02-14-21-10   >>>>   End verify ranking function

verifying time = 16.018 ms


Not Found Ranking Fcuntion

Conterexample is 

[-2, 3]

sampling time = 0.350 ms


       ########################################         

iteration 2 with 28 examples

2019-05-02-14-21-10   >>>>   Start train ranking function

2019-05-02-14-21-10   >>>>   End train ranking function

train_ranking_functioning time = 0.313 ms


2019-05-02-14-21-10   >>>>   Start verify ranking function

[xi_0 = -2, xi_1 = 3]
ranking function : 2.9 *  x[0]^0.5 *  x[1]^-2.0

2019-05-02-14-21-10   >>>>   End verify ranking function

verifying time = 14.999 ms


Not Found Ranking Fcuntion

Conterexample is 

[-2, 3]

sampling time = 0.351 ms


       ########################################         

iteration 3 with 30 examples

2019-05-02-14-21-10   >>>>   Start train ranking function

2019-05-02-14-21-10   >>>>   End train ranking function

train_ranking_functioning time = 0.313 ms


2019-05-02-14-21-10   >>>>   Start verify ranking function

[xi_0 = -2, xi_1 = 3]
ranking function : 3.1 *  x[0]^0.5 *  x[1]^-2.0

2019-05-02-14-21-10   >>>>   End verify ranking function

verifying time = 17.522 ms


Not Found Ranking Fcuntion

Conterexample is 

[-2, 3]

sampling time = 0.351 ms


       ########################################         

iteration 4 with 32 examples

2019-05-02-14-21-10   >>>>   Start train ranking function

2019-05-02-14-21-10   >>>>   End train ranking function

train_ranking_functioning time = 0.319 ms


2019-05-02-14-21-10   >>>>   Start verify ranking function

[xi_0 = -2, xi_1 = 3]
ranking function : 3.2 *  x[0]^0.5 *  x[1]^-2.0

2019-05-02-14-21-10   >>>>   End verify ranking function

verifying time = 15.632 ms


Not Found Ranking Fcuntion

Conterexample is 

[-2, 3]

sampling time = 0.360 ms


       ########################################         

iteration 5 with 34 examples

2019-05-02-14-21-10   >>>>   Start train ranking function

2019-05-02-14-21-10   >>>>   End train ranking function

train_ranking_functioning time = 0.322 ms


2019-05-02-14-21-10   >>>>   Start verify ranking function

[xi_0 = -2, xi_1 = 3]
ranking function : 3.4 *  x[0]^0.5 *  x[1]^-2.0

2019-05-02-14-21-10   >>>>   End verify ranking function

verifying time = 15.493 ms


Not Found Ranking Fcuntion

Conterexample is 

[-2, 3]

sampling time = 0.350 ms


       ########################################         

iteration 6 with 36 examples

2019-05-02-14-21-10   >>>>   Start train ranking function

2019-05-02-14-21-10   >>>>   End train ranking function

train_ranking_functioning time = 0.322 ms


2019-05-02-14-21-10   >>>>   Start verify ranking function

[xi_0 = -2, xi_1 = 3]
ranking function : 3.5 *  x[0]^0.5 *  x[1]^-2.0

2019-05-02-14-21-10   >>>>   End verify ranking function

verifying time = 16.071 ms


Not Found Ranking Fcuntion

Conterexample is 

[-2, 3]

sampling time = 0.356 ms


       ########################################         

iteration 7 with 38 examples

2019-05-02-14-21-10   >>>>   Start train ranking function

2019-05-02-14-21-10   >>>>   End train ranking function

train_ranking_functioning time = 0.322 ms


2019-05-02-14-21-10   >>>>   Start verify ranking function

[xi_0 = -2, xi_1 = 3]
ranking function : 3.7 *  x[0]^0.5 *  x[1]^-2.0

2019-05-02-14-21-10   >>>>   End verify ranking function

verifying time = 16.091 ms


Not Found Ranking Fcuntion

Conterexample is 

[-2, 3]

sampling time = 0.377 ms


       ########################################         

iteration 8 with 40 examples

2019-05-02-14-21-10   >>>>   Start train ranking function

2019-05-02-14-21-10   >>>>   End train ranking function

train_ranking_functioning time = 0.354 ms


2019-05-02-14-21-10   >>>>   Start verify ranking function

[xi_0 = -2, xi_1 = 3]
ranking function : 3.8 *  x[0]^0.5 *  x[1]^-2.0

2019-05-02-14-21-10   >>>>   End verify ranking function

verifying time = 15.209 ms


Not Found Ranking Fcuntion

Conterexample is 

[-2, 3]

sampling time = 0.353 ms


       ########################################         

iteration 9 with 42 examples

2019-05-02-14-21-10   >>>>   Start train ranking function

2019-05-02-14-21-10   >>>>   End train ranking function

train_ranking_functioning time = 0.324 ms


2019-05-02-14-21-10   >>>>   Start verify ranking function

[xi_0 = -2, xi_1 = 3]
ranking function : 3.9 *  x[0]^0.5 *  x[1]^-2.0

2019-05-02-14-21-10   >>>>   End verify ranking function

verifying time = 16.028 ms


Not Found Ranking Fcuntion

Conterexample is 

[-2, 3]

sampling time = 0.353 ms


Failed to prove it is terminated

UNKNOWN
------Using Template 2 -----------
9 [3, 3, 3]
*****************************************************

2019-05-02-14-21-10   >>>>   End sampling point

sampling time = 31.469 ms,


       ########################################         

iteration 0 with 48 examples

2019-05-02-14-21-10   >>>>   Start train ranking function

2019-05-02-14-21-10   >>>>   End train ranking function

train_ranking_functioning time = 1.163 ms


2019-05-02-14-21-10   >>>>   Start verify ranking function

ranking function :  - 0.2 *  x[0]^1.0 - 0.3 *  x[1]^1.0 + 0.8 * 1;  - 0.2 *  x[0]^1.0 - 0.2 *  x[1]^1.0 + 0.9 * 1;  - 0.2 *  x[0]^1.0 - 0.1 *  x[1]^1.0 + 1.0 * 1

2019-05-02-14-21-10   >>>>   End verify ranking function

verifying time = 13.980 ms


Not Found Ranking Fcuntion

Conterexample is 

[-1, 13]

sampling time = 2.002 ms


       ########################################         

iteration 1 with 52 examples

2019-05-02-14-21-10   >>>>   Start train ranking function

2019-05-02-14-21-10   >>>>   End train ranking function

train_ranking_functioning time = 1.281 ms


2019-05-02-14-21-10   >>>>   Start verify ranking function

[xi_0 = -1, xi_1 = 10]
ranking function :  - 0.1 *  x[0]^1.0 - 0.2 *  x[1]^1.0 + 0.9 * 1;  - 0.1 *  x[0]^1.0 - 0.1 *  x[1]^1.0 + 1.0 * 1;  - 0.1 *  x[0]^1.0 + 1.1 * 1

2019-05-02-14-21-10   >>>>   End verify ranking function

verifying time = 12.801 ms


Not Found Ranking Fcuntion

Conterexample is 

[-1, 10]

sampling time = 2.048 ms


       ########################################         

iteration 2 with 56 examples

2019-05-02-14-21-10   >>>>   Start train ranking function

2019-05-02-14-21-10   >>>>   End train ranking function

train_ranking_functioning time = 1.346 ms


2019-05-02-14-21-10   >>>>   Start verify ranking function

[xi_0 = -1, xi_1 = 11]
ranking function :  - 0.1 *  x[0]^1.0 - 0.2 *  x[1]^1.0 + 1.0 * 1;  - 0.1 *  x[0]^1.0 - 0.1 *  x[1]^1.0 + 1.0 * 1; 1.2 * 1

2019-05-02-14-21-10   >>>>   End verify ranking function

verifying time = 12.689 ms


Not Found Ranking Fcuntion

Conterexample is 

[-1, 11]

sampling time = 2.014 ms


       ########################################         

iteration 3 with 60 examples

2019-05-02-14-21-10   >>>>   Start train ranking function

2019-05-02-14-21-10   >>>>   End train ranking function

train_ranking_functioning time = 1.512 ms


2019-05-02-14-21-10   >>>>   Start verify ranking function

ranking function :  - 0.1 *  x[0]^1.0 - 0.2 *  x[1]^1.0 + 0.9 * 1;  - 0.1 *  x[0]^1.0 - 0.1 *  x[1]^1.0 + 1.0 * 1;  - 0.1 *  x[0]^1.0 - 0.1 *  x[1]^1.0 + 1.3 * 1

2019-05-02-14-21-10   >>>>   End verify ranking function

verifying time = 13.938 ms


Not Found Ranking Fcuntion

Conterexample is 

[-1, 15]

sampling time = 2.038 ms


       ########################################         

iteration 4 with 64 examples

2019-05-02-14-21-10   >>>>   Start train ranking function

2019-05-02-14-21-10   >>>>   End train ranking function

train_ranking_functioning time = 1.582 ms


2019-05-02-14-21-10   >>>>   Start verify ranking function

[xi_0 = -1, xi_1 = 10]
ranking function :  - 0.1 *  x[0]^1.0 - 0.2 *  x[1]^1.0 + 1.0 * 1;  - 0.1 *  x[0]^1.0 - 0.1 *  x[1]^1.0 + 1.0 * 1;  - 0.1 *  x[0]^1.0 + 1.3 * 1

2019-05-02-14-21-10   >>>>   End verify ranking function

verifying time = 12.717 ms


Not Found Ranking Fcuntion

Conterexample is 

[-1, 10]

sampling time = 2.018 ms


       ########################################         

iteration 5 with 68 examples

2019-05-02-14-21-10   >>>>   Start train ranking function

2019-05-02-14-21-10   >>>>   End train ranking function

train_ranking_functioning time = 1.698 ms


2019-05-02-14-21-10   >>>>   Start verify ranking function

[xi_0 = -1, xi_1 = 10]
ranking function :  - 0.1 *  x[0]^1.0 - 0.2 *  x[1]^1.0 + 1.0 * 1;  - 0.1 *  x[0]^1.0 - 0.1 *  x[1]^1.0 + 1.0 * 1;  - 0.1 *  x[0]^1.0 + 1.3 * 1

2019-05-02-14-21-10   >>>>   End verify ranking function

verifying time = 12.906 ms


Not Found Ranking Fcuntion

Conterexample is 

[-1, 10]

sampling time = 2.055 ms


       ########################################         

iteration 6 with 72 examples

2019-05-02-14-21-10   >>>>   Start train ranking function

2019-05-02-14-21-10   >>>>   End train ranking function

train_ranking_functioning time = 1.816 ms


2019-05-02-14-21-10   >>>>   Start verify ranking function

[xi_0 = -1, xi_1 = 10]
ranking function :  - 0.1 *  x[0]^1.0 - 0.2 *  x[1]^1.0 + 1.0 * 1;  - 0.1 *  x[0]^1.0 - 0.1 *  x[1]^1.0 + 1.0 * 1;  - 0.1 *  x[0]^1.0 + 1.4 * 1

2019-05-02-14-21-10   >>>>   End verify ranking function

verifying time = 12.643 ms


Not Found Ranking Fcuntion

Conterexample is 

[-1, 10]

sampling time = 2.030 ms


       ########################################         

iteration 7 with 76 examples

2019-05-02-14-21-10   >>>>   Start train ranking function

2019-05-02-14-21-10   >>>>   End train ranking function

train_ranking_functioning time = 1.891 ms


2019-05-02-14-21-10   >>>>   Start verify ranking function

[xi_0 = -1, xi_1 = 10]
ranking function :  - 0.1 *  x[0]^1.0 - 0.2 *  x[1]^1.0 + 1.0 * 1;  - 0.1 *  x[0]^1.0 - 0.1 *  x[1]^1.0 + 1.0 * 1;  - 0.1 *  x[0]^1.0 + 1.4 * 1

2019-05-02-14-21-10   >>>>   End verify ranking function

verifying time = 12.753 ms


Not Found Ranking Fcuntion

Conterexample is 

[-1, 10]

sampling time = 2.340 ms


       ########################################         

iteration 8 with 80 examples

2019-05-02-14-21-10   >>>>   Start train ranking function

2019-05-02-14-21-10   >>>>   End train ranking function

train_ranking_functioning time = 2.291 ms


2019-05-02-14-21-10   >>>>   Start verify ranking function

[xi_0 = -1, xi_1 = 10]
ranking function :  - 0.1 *  x[0]^1.0 - 0.2 *  x[1]^1.0 + 0.9 * 1;  - 0.1 *  x[0]^1.0 - 0.1 *  x[1]^1.0 + 1.0 * 1;  - 0.1 *  x[0]^1.0 + 1.4 * 1

2019-05-02-14-21-10   >>>>   End verify ranking function

verifying time = 13.514 ms


Not Found Ranking Fcuntion

Conterexample is 

[-1, 10]

sampling time = 2.053 ms


       ########################################         

iteration 9 with 84 examples

2019-05-02-14-21-10   >>>>   Start train ranking function

2019-05-02-14-21-10   >>>>   End train ranking function

train_ranking_functioning time = 2.292 ms


2019-05-02-14-21-10   >>>>   Start verify ranking function

[xi_0 = -1, xi_1 = 10]
ranking function :  - 0.1 *  x[0]^1.0 - 0.2 *  x[1]^1.0 + 0.9 * 1;  - 0.1 *  x[0]^1.0 - 0.1 *  x[1]^1.0 + 1.0 * 1;  - 0.1 *  x[0]^1.0 + 1.4 * 1

2019-05-02-14-21-10   >>>>   End verify ranking function

verifying time = 13.285 ms


Not Found Ranking Fcuntion

Conterexample is 

[-1, 10]

sampling time = 2.018 ms


Failed to prove it is terminated

UNKNOWN
------Using Template 3 -----------
7 [1, 4, 2]
*****************************************************

2019-05-02-14-21-10   >>>>   End sampling point

sampling time = 29.448 ms,


       ########################################         

iteration 0 with 48 examples

2019-05-02-14-21-10   >>>>   Start train ranking function

2019-05-02-14-21-10   >>>>   End train ranking function

train_ranking_functioning time = 1.589 ms


2019-05-02-14-21-10   >>>>   Start verify ranking function

[xi_0 = -2, xi_1 = 4]
ranking function : 1.7 *  x[0]^-2.0 *  x[1]^1.0; 0.8 *  x[0]^2.0 *  x[1]^-0.5 - 0.3 *  x[0]^-3.0 *  x[1]^-1.0 + 0.3 *  x[1]^-1.0; 0.6 *  x[0]^-2.0 *  x[1]^-3.0

2019-05-02-14-21-10   >>>>   End verify ranking function

verifying time = 91.362 ms


Not Found Ranking Fcuntion

Conterexample is 

[-2, 4]

sampling time = 1.916 ms


       ########################################         

iteration 1 with 52 examples

2019-05-02-14-21-10   >>>>   Start train ranking function

2019-05-02-14-21-10   >>>>   End train ranking function

train_ranking_functioning time = 1.681 ms


2019-05-02-14-21-10   >>>>   Start verify ranking function

[xi_0 = -2, xi_1 = 4]
ranking function : 1.8 *  x[0]^-2.0 *  x[1]^1.0; 0.9 *  x[0]^2.0 *  x[1]^-0.5 - 0.3 *  x[0]^-3.0 *  x[1]^-1.0 + 0.3 *  x[1]^-1.0; 0.6 *  x[0]^-2.0 *  x[1]^-3.0

2019-05-02-14-21-11   >>>>   End verify ranking function

verifying time = 163.860 ms


Not Found Ranking Fcuntion

Conterexample is 

[-2, 4]

sampling time = 1.914 ms


       ########################################         

iteration 2 with 56 examples

2019-05-02-14-21-11   >>>>   Start train ranking function

2019-05-02-14-21-11   >>>>   End train ranking function

train_ranking_functioning time = 1.850 ms


2019-05-02-14-21-11   >>>>   Start verify ranking function

[xi_0 = -2, xi_1 = 4]
ranking function : 1.9 *  x[0]^-2.0 *  x[1]^1.0; 1.0 *  x[0]^2.0 *  x[1]^-0.5 - 0.3 *  x[0]^-3.0 *  x[1]^-1.0 + 0.3 *  x[1]^-1.0; 0.6 *  x[0]^-2.0 *  x[1]^-3.0

2019-05-02-14-21-11   >>>>   End verify ranking function

verifying time = 16.704 ms


Not Found Ranking Fcuntion

Conterexample is 

[-2, 4]

sampling time = 1.920 ms


       ########################################         

iteration 3 with 60 examples

2019-05-02-14-21-11   >>>>   Start train ranking function

2019-05-02-14-21-11   >>>>   End train ranking function

train_ranking_functioning time = 2.017 ms


2019-05-02-14-21-11   >>>>   Start verify ranking function

[xi_0 = -2, xi_1 = 4]
ranking function : 2.0 *  x[0]^-2.0 *  x[1]^1.0; 1.1 *  x[0]^2.0 *  x[1]^-0.5 - 0.3 *  x[0]^-3.0 *  x[1]^-1.0 + 0.3 *  x[1]^-1.0; 0.6 *  x[0]^-2.0 *  x[1]^-3.0

2019-05-02-14-21-11   >>>>   End verify ranking function

verifying time = 98.469 ms


Not Found Ranking Fcuntion

Conterexample is 

[-2, 4]

sampling time = 1.936 ms


       ########################################         

iteration 4 with 64 examples

2019-05-02-14-21-11   >>>>   Start train ranking function

2019-05-02-14-21-11   >>>>   End train ranking function

train_ranking_functioning time = 1.997 ms


2019-05-02-14-21-11   >>>>   Start verify ranking function

[xi_0 = -2, xi_1 = 4]
ranking function : 2.1 *  x[0]^-2.0 *  x[1]^1.0; 1.1 *  x[0]^2.0 *  x[1]^-0.5 - 0.3 *  x[0]^-3.0 *  x[1]^-1.0 + 0.3 *  x[1]^-1.0; 0.6 *  x[0]^-2.0 *  x[1]^-3.0

2019-05-02-14-21-11   >>>>   End verify ranking function

verifying time = 210.300 ms


Not Found Ranking Fcuntion

Conterexample is 

[-2, 4]

sampling time = 1.925 ms


       ########################################         

iteration 5 with 68 examples

2019-05-02-14-21-11   >>>>   Start train ranking function

2019-05-02-14-21-11   >>>>   End train ranking function

train_ranking_functioning time = 2.216 ms


2019-05-02-14-21-11   >>>>   Start verify ranking function

[xi_0 = -2, xi_1 = 4]
ranking function : 2.2 *  x[0]^-2.0 *  x[1]^1.0; 1.2 *  x[0]^2.0 *  x[1]^-0.5 - 0.3 *  x[0]^-3.0 *  x[1]^-1.0 + 0.3 *  x[1]^-1.0; 0.6 *  x[0]^-2.0 *  x[1]^-3.0

2019-05-02-14-21-11   >>>>   End verify ranking function

verifying time = 62.396 ms


Not Found Ranking Fcuntion

Conterexample is 

[-2, 4]

sampling time = 1.924 ms


       ########################################         

iteration 6 with 72 examples

2019-05-02-14-21-11   >>>>   Start train ranking function

2019-05-02-14-21-11   >>>>   End train ranking function

train_ranking_functioning time = 2.489 ms


2019-05-02-14-21-11   >>>>   Start verify ranking function

[xi_0 = -2, xi_1 = 4]
ranking function : 2.3 *  x[0]^-2.0 *  x[1]^1.0; 1.2 *  x[0]^2.0 *  x[1]^-0.5 - 0.3 *  x[0]^-3.0 *  x[1]^-1.0 + 0.3 *  x[1]^-1.0; 0.6 *  x[0]^-2.0 *  x[1]^-3.0

2019-05-02-14-21-11   >>>>   End verify ranking function

verifying time = 38.601 ms


Not Found Ranking Fcuntion

Conterexample is 

[-2, 4]

sampling time = 1.855 ms


       ########################################         

iteration 7 with 76 examples

2019-05-02-14-21-11   >>>>   Start train ranking function

2019-05-02-14-21-11   >>>>   End train ranking function

train_ranking_functioning time = 2.539 ms


2019-05-02-14-21-11   >>>>   Start verify ranking function

[xi_0 = -2, xi_1 = 4]
ranking function : 2.4 *  x[0]^-2.0 *  x[1]^1.0; 1.3 *  x[0]^2.0 *  x[1]^-0.5 - 0.3 *  x[0]^-3.0 *  x[1]^-1.0 + 0.3 *  x[1]^-1.0; 0.6 *  x[0]^-2.0 *  x[1]^-3.0

2019-05-02-14-21-11   >>>>   End verify ranking function

verifying time = 17.021 ms


Not Found Ranking Fcuntion

Conterexample is 

[-2, 4]

sampling time = 1.876 ms


       ########################################         

iteration 8 with 80 examples

2019-05-02-14-21-11   >>>>   Start train ranking function

2019-05-02-14-21-11   >>>>   End train ranking function

train_ranking_functioning time = 2.670 ms


2019-05-02-14-21-11   >>>>   Start verify ranking function

[xi_0 = -2, xi_1 = 4]
ranking function : 2.5 *  x[0]^-2.0 *  x[1]^1.0; 1.3 *  x[0]^2.0 *  x[1]^-0.5 - 0.3 *  x[0]^-3.0 *  x[1]^-1.0 + 0.3 *  x[1]^-1.0; 0.6 *  x[0]^-2.0 *  x[1]^-3.0

2019-05-02-14-21-11   >>>>   End verify ranking function

verifying time = 96.758 ms


Not Found Ranking Fcuntion

Conterexample is 

[-2, 4]

sampling time = 1.901 ms


       ########################################         

iteration 9 with 84 examples

2019-05-02-14-21-11   >>>>   Start train ranking function

2019-05-02-14-21-11   >>>>   End train ranking function

train_ranking_functioning time = 2.838 ms


2019-05-02-14-21-11   >>>>   Start verify ranking function

[xi_0 = -2, xi_1 = 4]
ranking function : 2.6 *  x[0]^-2.0 *  x[1]^1.0; 1.3 *  x[0]^2.0 *  x[1]^-0.5 - 0.3 *  x[0]^-3.0 *  x[1]^-1.0 + 0.3 *  x[1]^-1.0; 0.6 *  x[0]^-2.0 *  x[1]^-3.0

2019-05-02-14-21-11   >>>>   End verify ranking function

verifying time = 16.869 ms


Not Found Ranking Fcuntion

Conterexample is 

[-2, 4]

sampling time = 2.139 ms


Failed to prove it is terminated

UNKNOWN
------Using Template 4 -----------
15 [3, 3, 3, 3, 3]
*****************************************************

2019-05-02-14-21-11   >>>>   End sampling point

sampling time = 48.924 ms,


       ########################################         

iteration 0 with 72 examples

2019-05-02-14-21-11   >>>>   Start train ranking function

2019-05-02-14-21-11   >>>>   End train ranking function

train_ranking_functioning time = 1.444 ms


2019-05-02-14-21-11   >>>>   Start verify ranking function

ranking function :  - 0.2 *  x[1]^1.0 + 0.7 * 1;  - 0.1 *  x[0]^1.0 - 0.2 *  x[1]^1.0 + 0.8 * 1;  - 0.2 *  x[0]^1.0 - 0.2 *  x[1]^1.0 + 0.8 * 1;  - 0.2 *  x[0]^1.0 - 0.1 *  x[1]^1.0 + 0.9 * 1;  - 0.2 *  x[0]^1.0 - 0.1 *  x[1]^1.0 + 0.9 * 1

2019-05-02-14-21-11   >>>>   End verify ranking function

verifying time = 21.698 ms


Not Found Ranking Fcuntion

Conterexample is 

[-1, 12]

sampling time = 3.314 ms


       ########################################         

iteration 1 with 78 examples

2019-05-02-14-21-11   >>>>   Start train ranking function

2019-05-02-14-21-11   >>>>   End train ranking function

train_ranking_functioning time = 1.588 ms


2019-05-02-14-21-11   >>>>   Start verify ranking function

[xi_0 = -1, xi_1 = 9]
ranking function :  - 0.1 *  x[0]^1.0 - 0.3 *  x[1]^1.0 + 0.8 * 1;  - 0.2 *  x[0]^1.0 - 0.2 *  x[1]^1.0 + 0.8 * 1;  - 0.2 *  x[0]^1.0 - 0.1 *  x[1]^1.0 + 0.9 * 1;  - 0.1 *  x[0]^1.0 - 0.1 *  x[1]^1.0 + 0.9 * 1;  - 0.1 *  x[0]^1.0 + 1.0 * 1

2019-05-02-14-21-11   >>>>   End verify ranking function

verifying time = 19.838 ms


Not Found Ranking Fcuntion

Conterexample is 

[-1, 9]

sampling time = 3.321 ms


       ########################################         

iteration 2 with 84 examples

2019-05-02-14-21-11   >>>>   Start train ranking function

2019-05-02-14-21-11   >>>>   End train ranking function

train_ranking_functioning time = 1.676 ms


2019-05-02-14-21-11   >>>>   Start verify ranking function

[xi_0 = -1, xi_1 = 9]
ranking function :  - 0.1 *  x[0]^1.0 - 0.3 *  x[1]^1.0 + 0.8 * 1;  - 0.2 *  x[0]^1.0 - 0.2 *  x[1]^1.0 + 0.8 * 1;  - 0.2 *  x[0]^1.0 - 0.1 *  x[1]^1.0 + 0.9 * 1;  - 0.1 *  x[0]^1.0 - 0.1 *  x[1]^1.0 + 0.9 * 1;  - 0.1 *  x[0]^1.0 + 1.0 * 1

2019-05-02-14-21-11   >>>>   End verify ranking function

verifying time = 19.820 ms


Not Found Ranking Fcuntion

Conterexample is 

[-1, 9]

sampling time = 3.370 ms


       ########################################         

iteration 3 with 90 examples

2019-05-02-14-21-11   >>>>   Start train ranking function

2019-05-02-14-21-11   >>>>   End train ranking function

train_ranking_functioning time = 1.757 ms


2019-05-02-14-21-11   >>>>   Start verify ranking function

[xi_0 = -1, xi_1 = 10]
ranking function :  - 0.1 *  x[0]^1.0 - 0.3 *  x[1]^1.0 + 0.8 * 1;  - 0.2 *  x[0]^1.0 - 0.2 *  x[1]^1.0 + 0.8 * 1;  - 0.2 *  x[0]^1.0 - 0.1 *  x[1]^1.0 + 0.9 * 1;  - 0.1 *  x[0]^1.0 + 0.9 * 1;  - 0.1 *  x[0]^1.0 + 1.0 * 1

2019-05-02-14-21-11   >>>>   End verify ranking function

verifying time = 16.444 ms


Not Found Ranking Fcuntion

Conterexample is 

[-1, 10]

sampling time = 3.329 ms


       ########################################         

iteration 4 with 96 examples

2019-05-02-14-21-11   >>>>   Start train ranking function

2019-05-02-14-21-11   >>>>   End train ranking function

train_ranking_functioning time = 1.872 ms


2019-05-02-14-21-11   >>>>   Start verify ranking function

[xi_0 = -1, xi_1 = 10]
ranking function :  - 0.2 *  x[0]^1.0 - 0.3 *  x[1]^1.0 + 0.8 * 1;  - 0.2 *  x[0]^1.0 - 0.2 *  x[1]^1.0 + 0.9 * 1;  - 0.2 *  x[0]^1.0 - 0.1 *  x[1]^1.0 + 0.9 * 1;  - 0.1 *  x[0]^1.0 + 0.9 * 1;  - 0.1 *  x[0]^1.0 + 1.0 * 1

2019-05-02-14-21-11   >>>>   End verify ranking function

verifying time = 16.582 ms


Not Found Ranking Fcuntion

Conterexample is 

[-1, 10]

sampling time = 3.340 ms


       ########################################         

iteration 5 with 102 examples

2019-05-02-14-21-11   >>>>   Start train ranking function

2019-05-02-14-21-11   >>>>   End train ranking function

train_ranking_functioning time = 2.025 ms


2019-05-02-14-21-11   >>>>   Start verify ranking function

[xi_0 = -1, xi_1 = 9]
ranking function :  - 0.2 *  x[0]^1.0 - 0.3 *  x[1]^1.0 + 0.8 * 1;  - 0.2 *  x[0]^1.0 - 0.2 *  x[1]^1.0 + 0.8 * 1;  - 0.2 *  x[0]^1.0 - 0.1 *  x[1]^1.0 + 0.9 * 1;  - 0.1 *  x[0]^1.0 - 0.1 *  x[1]^1.0 + 0.9 * 1;  - 0.1 *  x[0]^1.0 + 1.0 * 1

2019-05-02-14-21-11   >>>>   End verify ranking function

verifying time = 19.700 ms


Not Found Ranking Fcuntion

Conterexample is 

[-1, 9]

sampling time = 3.367 ms


       ########################################         

iteration 6 with 108 examples

2019-05-02-14-21-11   >>>>   Start train ranking function

2019-05-02-14-21-11   >>>>   End train ranking function

train_ranking_functioning time = 2.091 ms


2019-05-02-14-21-11   >>>>   Start verify ranking function

[xi_0 = -1, xi_1 = 9]
ranking function :  - 0.2 *  x[0]^1.0 - 0.3 *  x[1]^1.0 + 0.8 * 1;  - 0.2 *  x[0]^1.0 - 0.2 *  x[1]^1.0 + 0.8 * 1;  - 0.2 *  x[0]^1.0 - 0.1 *  x[1]^1.0 + 0.9 * 1;  - 0.1 *  x[0]^1.0 - 0.1 *  x[1]^1.0 + 0.9 * 1;  - 0.1 *  x[0]^1.0 + 1.1 * 1

2019-05-02-14-21-11   >>>>   End verify ranking function

verifying time = 19.598 ms


Not Found Ranking Fcuntion

Conterexample is 

[-1, 9]

sampling time = 3.463 ms


       ########################################         

iteration 7 with 114 examples

2019-05-02-14-21-11   >>>>   Start train ranking function

2019-05-02-14-21-11   >>>>   End train ranking function

train_ranking_functioning time = 2.258 ms


2019-05-02-14-21-11   >>>>   Start verify ranking function

[xi_0 = -1, xi_1 = 9]
ranking function :  - 0.2 *  x[0]^1.0 - 0.3 *  x[1]^1.0 + 0.8 * 1;  - 0.2 *  x[0]^1.0 - 0.2 *  x[1]^1.0 + 0.9 * 1;  - 0.2 *  x[0]^1.0 - 0.1 *  x[1]^1.0 + 0.9 * 1;  - 0.1 *  x[0]^1.0 - 0.1 *  x[1]^1.0 + 0.9 * 1;  - 0.1 *  x[0]^1.0 + 1.1 * 1

2019-05-02-14-21-11   >>>>   End verify ranking function

verifying time = 19.702 ms


Not Found Ranking Fcuntion

Conterexample is 

[-1, 9]

sampling time = 3.388 ms


       ########################################         

iteration 8 with 120 examples

2019-05-02-14-21-11   >>>>   Start train ranking function

2019-05-02-14-21-12   >>>>   End train ranking function

train_ranking_functioning time = 2.465 ms


2019-05-02-14-21-12   >>>>   Start verify ranking function

[xi_0 = -1, xi_1 = 9]
ranking function :  - 0.2 *  x[0]^1.0 - 0.3 *  x[1]^1.0 + 0.8 * 1;  - 0.2 *  x[0]^1.0 - 0.2 *  x[1]^1.0 + 0.9 * 1;  - 0.2 *  x[0]^1.0 - 0.1 *  x[1]^1.0 + 0.9 * 1;  - 0.1 *  x[0]^1.0 - 0.1 *  x[1]^1.0 + 0.9 * 1;  - 0.1 *  x[0]^1.0 + 1.1 * 1

2019-05-02-14-21-12   >>>>   End verify ranking function

verifying time = 21.043 ms


Not Found Ranking Fcuntion

Conterexample is 

[-1, 9]

sampling time = 3.392 ms


       ########################################         

iteration 9 with 126 examples

2019-05-02-14-21-12   >>>>   Start train ranking function

2019-05-02-14-21-12   >>>>   End train ranking function

train_ranking_functioning time = 2.553 ms


2019-05-02-14-21-12   >>>>   Start verify ranking function

[xi_0 = -1, xi_1 = 9]
ranking function :  - 0.2 *  x[0]^1.0 - 0.3 *  x[1]^1.0 + 0.8 * 1;  - 0.2 *  x[0]^1.0 - 0.2 *  x[1]^1.0 + 0.9 * 1;  - 0.2 *  x[0]^1.0 - 0.1 *  x[1]^1.0 + 0.9 * 1;  - 0.1 *  x[0]^1.0 - 0.1 *  x[1]^1.0 + 0.9 * 1;  - 0.1 *  x[0]^1.0 + 1.1 * 1

2019-05-02-14-21-12   >>>>   End verify ranking function

verifying time = 20.603 ms


Not Found Ranking Fcuntion

Conterexample is 

[-1, 9]

sampling time = 3.764 ms


Failed to prove it is terminated

UNKNOWN
------Using Template 5 -----------
10 [2, 2, 1, 3, 2]
*****************************************************

2019-05-02-14-21-12   >>>>   End sampling point

sampling time = 40.022 ms,


       ########################################         

iteration 0 with 72 examples

2019-05-02-14-21-12   >>>>   Start train ranking function

2019-05-02-14-21-12   >>>>   End train ranking function

train_ranking_functioning time = 1.840 ms


2019-05-02-14-21-12   >>>>   Start verify ranking function

[xi_0 = -2, xi_1 = 3]
ranking function : 0.9 *  x[0]^-2.0; 1.7 *  x[1]^-0.5; 1.0 *  x[0]^2.0 *  x[1]^-1.0;  - 0.7 *  x[0]^-3.0 *  x[1]^0.5;  - 0.4 *  x[0]^1.0 *  x[1]^-3.0 + 1.9 *  x[0]^-2.0

2019-05-02-14-21-12   >>>>   End verify ranking function

verifying time = 15.934 ms


Not Found Ranking Fcuntion

Conterexample is 

[-2, 3]

sampling time = 2.733 ms


       ########################################         

iteration 1 with 78 examples

2019-05-02-14-21-12   >>>>   Start train ranking function

2019-05-02-14-21-12   >>>>   End train ranking function

train_ranking_functioning time = 1.878 ms


2019-05-02-14-21-12   >>>>   Start verify ranking function

[xi_0 = -2, xi_1 = 3]
ranking function : 0.9 *  x[0]^-2.0; 1.8 *  x[1]^-0.5; 1.0 *  x[0]^2.0 *  x[1]^-1.0;  - 0.8 *  x[0]^-3.0 *  x[1]^0.5;  - 0.5 *  x[0]^1.0 *  x[1]^-3.0 + 2.1 *  x[0]^-2.0

2019-05-02-14-21-12   >>>>   End verify ranking function

verifying time = 16.302 ms


Not Found Ranking Fcuntion

Conterexample is 

[-2, 3]

sampling time = 2.659 ms


       ########################################         

iteration 2 with 84 examples

2019-05-02-14-21-12   >>>>   Start train ranking function

2019-05-02-14-21-12   >>>>   End train ranking function

train_ranking_functioning time = 2.109 ms


2019-05-02-14-21-12   >>>>   Start verify ranking function

[xi_0 = -2, xi_1 = 3]
ranking function : 0.9 *  x[0]^-2.0; 1.8 *  x[1]^-0.5; 1.0 *  x[0]^2.0 *  x[1]^-1.0;  - 0.8 *  x[0]^-3.0 *  x[1]^0.5;  - 0.6 *  x[0]^1.0 *  x[1]^-3.0 + 2.2 *  x[0]^-2.0

2019-05-02-14-21-12   >>>>   End verify ranking function

verifying time = 14.825 ms


Not Found Ranking Fcuntion

Conterexample is 

[-2, 3]

sampling time = 2.732 ms


       ########################################         

iteration 3 with 90 examples

2019-05-02-14-21-12   >>>>   Start train ranking function

2019-05-02-14-21-12   >>>>   End train ranking function

train_ranking_functioning time = 2.223 ms


2019-05-02-14-21-12   >>>>   Start verify ranking function

[xi_0 = -2, xi_1 = 3]
ranking function : 0.9 *  x[0]^-2.0; 1.8 *  x[1]^-0.5; 1.1 *  x[0]^2.0 *  x[1]^-1.0;  - 0.8 *  x[0]^-3.0 *  x[1]^0.5;  - 0.6 *  x[0]^1.0 *  x[1]^-3.0 + 2.3 *  x[0]^-2.0

2019-05-02-14-21-12   >>>>   End verify ranking function

verifying time = 14.684 ms


Not Found Ranking Fcuntion

Conterexample is 

[-2, 3]

sampling time = 2.771 ms


       ########################################         

iteration 4 with 96 examples

2019-05-02-14-21-12   >>>>   Start train ranking function

2019-05-02-14-21-12   >>>>   End train ranking function

train_ranking_functioning time = 2.295 ms


2019-05-02-14-21-12   >>>>   Start verify ranking function

[xi_0 = -2, xi_1 = 3]
ranking function : 0.9 *  x[0]^-2.0; 1.8 *  x[1]^-0.5; 1.1 *  x[0]^2.0 *  x[1]^-1.0;  - 0.8 *  x[0]^-3.0 *  x[1]^0.5;  - 0.7 *  x[0]^1.0 *  x[1]^-3.0 + 2.4 *  x[0]^-2.0

2019-05-02-14-21-12   >>>>   End verify ranking function

verifying time = 15.491 ms


Not Found Ranking Fcuntion

Conterexample is 

[-2, 3]

sampling time = 2.704 ms


       ########################################         

iteration 5 with 102 examples

2019-05-02-14-21-12   >>>>   Start train ranking function

2019-05-02-14-21-12   >>>>   End train ranking function

train_ranking_functioning time = 2.486 ms


2019-05-02-14-21-12   >>>>   Start verify ranking function

[xi_0 = -2, xi_1 = 3]
ranking function : 0.9 *  x[0]^-2.0; 1.8 *  x[1]^-0.5; 1.1 *  x[0]^2.0 *  x[1]^-1.0;  - 0.8 *  x[0]^-3.0 *  x[1]^0.5;  - 0.7 *  x[0]^1.0 *  x[1]^-3.0 + 2.5 *  x[0]^-2.0

2019-05-02-14-21-12   >>>>   End verify ranking function

verifying time = 14.808 ms


Not Found Ranking Fcuntion

Conterexample is 

[-2, 3]

sampling time = 2.735 ms


       ########################################         

iteration 6 with 108 examples

2019-05-02-14-21-12   >>>>   Start train ranking function

2019-05-02-14-21-12   >>>>   End train ranking function

train_ranking_functioning time = 2.624 ms


2019-05-02-14-21-12   >>>>   Start verify ranking function

[xi_0 = -2, xi_1 = 3]
ranking function : 0.9 *  x[0]^-2.0; 1.8 *  x[1]^-0.5; 1.1 *  x[0]^2.0 *  x[1]^-1.0;  - 0.8 *  x[0]^-3.0 *  x[1]^0.5;  - 0.7 *  x[0]^1.0 *  x[1]^-3.0 + 2.6 *  x[0]^-2.0

2019-05-02-14-21-12   >>>>   End verify ranking function

verifying time = 15.375 ms


Not Found Ranking Fcuntion

Conterexample is 

[-2, 3]

sampling time = 2.753 ms


       ########################################         

iteration 7 with 114 examples

2019-05-02-14-21-12   >>>>   Start train ranking function

2019-05-02-14-21-12   >>>>   End train ranking function

train_ranking_functioning time = 2.824 ms


2019-05-02-14-21-12   >>>>   Start verify ranking function

[xi_0 = -2, xi_1 = 3]
ranking function : 0.9 *  x[0]^-2.0; 1.8 *  x[1]^-0.5; 1.1 *  x[0]^2.0 *  x[1]^-1.0;  - 0.8 *  x[0]^-3.0 *  x[1]^0.5;  - 0.8 *  x[0]^1.0 *  x[1]^-3.0 + 2.7 *  x[0]^-2.0

2019-05-02-14-21-12   >>>>   End verify ranking function

verifying time = 14.838 ms


Not Found Ranking Fcuntion

Conterexample is 

[-2, 3]

sampling time = 2.720 ms


       ########################################         

iteration 8 with 120 examples

2019-05-02-14-21-12   >>>>   Start train ranking function

2019-05-02-14-21-12   >>>>   End train ranking function

train_ranking_functioning time = 2.818 ms


2019-05-02-14-21-12   >>>>   Start verify ranking function

[xi_0 = -2, xi_1 = 3]
ranking function : 0.9 *  x[0]^-2.0; 1.8 *  x[1]^-0.5; 1.1 *  x[0]^2.0 *  x[1]^-1.0;  - 0.8 *  x[0]^-3.0 *  x[1]^0.5;  - 0.8 *  x[0]^1.0 *  x[1]^-3.0 + 2.7 *  x[0]^-2.0

2019-05-02-14-21-12   >>>>   End verify ranking function

verifying time = 15.040 ms


Not Found Ranking Fcuntion

Conterexample is 

[-2, 3]

sampling time = 2.701 ms


       ########################################         

iteration 9 with 126 examples

2019-05-02-14-21-12   >>>>   Start train ranking function

2019-05-02-14-21-12   >>>>   End train ranking function

train_ranking_functioning time = 3.000 ms


2019-05-02-14-21-12   >>>>   Start verify ranking function

[xi_0 = -2, xi_1 = 3]
ranking function : 0.9 *  x[0]^-2.0; 1.8 *  x[1]^-0.5; 1.1 *  x[0]^2.0 *  x[1]^-1.0;  - 0.8 *  x[0]^-3.0 *  x[1]^0.5;  - 0.8 *  x[0]^1.0 *  x[1]^-3.0 + 2.8 *  x[0]^-2.0

2019-05-02-14-21-12   >>>>   End verify ranking function

verifying time = 15.151 ms


Not Found Ranking Fcuntion

Conterexample is 

[-2, 3]

sampling time = 2.656 ms


Failed to prove it is terminated

UNKNOWN
------Using Template 6 -----------
21 [3, 3, 3, 3, 3, 3, 3]
*****************************************************

2019-05-02-14-21-12   >>>>   End sampling point

sampling time = 63.906 ms,


       ########################################         

iteration 0 with 96 examples

2019-05-02-14-21-12   >>>>   Start train ranking function

2019-05-02-14-21-12   >>>>   End train ranking function

train_ranking_functioning time = 1.667 ms


2019-05-02-14-21-12   >>>>   Start verify ranking function

[xi_0 = -8, xi_1 = 9]
ranking function :  - 0.2 *  x[1]^1.0 + 0.7 * 1;  - 0.2 *  x[1]^1.0 + 0.7 * 1;  - 0.2 *  x[1]^1.0 + 0.7 * 1;  - 0.1 *  x[0]^1.0 - 0.2 *  x[1]^1.0 + 0.8 * 1;  - 0.2 *  x[0]^1.0 - 0.1 *  x[1]^1.0 + 0.8 * 1;  - 0.2 *  x[0]^1.0 - 0.1 *  x[1]^1.0 + 0.9 * 1;  - 0.2 *  x[0]^1.0 - 0.1 *  x[1]^1.0 + 0.9 * 1

2019-05-02-14-21-12   >>>>   End verify ranking function

verifying time = 21.210 ms


Not Found Ranking Fcuntion

Conterexample is 

[-8, 9]

sampling time = 4.638 ms


       ########################################         

iteration 1 with 104 examples

2019-05-02-14-21-12   >>>>   Start train ranking function

2019-05-02-14-21-12   >>>>   End train ranking function

train_ranking_functioning time = 1.448 ms


2019-05-02-14-21-12   >>>>   Start verify ranking function

[xi_0 = -8, xi_1 = 9]
ranking function :  - 0.2 *  x[1]^1.0 + 0.7 * 1;  - 0.2 *  x[1]^1.0 + 0.7 * 1;  - 0.2 *  x[1]^1.0 + 0.7 * 1;  - 0.1 *  x[0]^1.0 - 0.2 *  x[1]^1.0 + 0.8 * 1;  - 0.2 *  x[0]^1.0 - 0.1 *  x[1]^1.0 + 0.8 * 1;  - 0.2 *  x[0]^1.0 - 0.1 *  x[1]^1.0 + 0.9 * 1;  - 0.2 *  x[0]^1.0 - 0.1 *  x[1]^1.0 + 0.9 * 1

2019-05-02-14-21-12   >>>>   End verify ranking function

verifying time = 20.953 ms


Not Found Ranking Fcuntion

Conterexample is 

[-8, 9]

sampling time = 5.144 ms


       ########################################         

iteration 2 with 112 examples

2019-05-02-14-21-12   >>>>   Start train ranking function

2019-05-02-14-21-12   >>>>   End train ranking function

train_ranking_functioning time = 1.530 ms


2019-05-02-14-21-12   >>>>   Start verify ranking function

[xi_0 = -8, xi_1 = 9]
ranking function :  - 0.2 *  x[1]^1.0 + 0.7 * 1;  - 0.2 *  x[1]^1.0 + 0.7 * 1;  - 0.2 *  x[1]^1.0 + 0.7 * 1;  - 0.1 *  x[0]^1.0 - 0.2 *  x[1]^1.0 + 0.8 * 1;  - 0.2 *  x[0]^1.0 - 0.1 *  x[1]^1.0 + 0.8 * 1;  - 0.2 *  x[0]^1.0 - 0.1 *  x[1]^1.0 + 0.9 * 1;  - 0.2 *  x[0]^1.0 - 0.1 *  x[1]^1.0 + 0.9 * 1

2019-05-02-14-21-12   >>>>   End verify ranking function

verifying time = 23.224 ms


Not Found Ranking Fcuntion

Conterexample is 

[-8, 9]

sampling time = 4.683 ms


       ########################################         

iteration 3 with 120 examples

2019-05-02-14-21-12   >>>>   Start train ranking function

2019-05-02-14-21-12   >>>>   End train ranking function

train_ranking_functioning time = 1.439 ms


2019-05-02-14-21-12   >>>>   Start verify ranking function

[xi_0 = -8, xi_1 = 9]
ranking function :  - 0.2 *  x[1]^1.0 + 0.7 * 1;  - 0.2 *  x[1]^1.0 + 0.7 * 1;  - 0.2 *  x[1]^1.0 + 0.7 * 1;  - 0.1 *  x[0]^1.0 - 0.2 *  x[1]^1.0 + 0.8 * 1;  - 0.2 *  x[0]^1.0 - 0.1 *  x[1]^1.0 + 0.8 * 1;  - 0.2 *  x[0]^1.0 - 0.1 *  x[1]^1.0 + 0.9 * 1;  - 0.2 *  x[0]^1.0 - 0.1 *  x[1]^1.0 + 0.9 * 1

2019-05-02-14-21-12   >>>>   End verify ranking function

verifying time = 20.855 ms


Not Found Ranking Fcuntion

Conterexample is 

[-8, 9]

sampling time = 4.663 ms


       ########################################         

iteration 4 with 128 examples

2019-05-02-14-21-12   >>>>   Start train ranking function

2019-05-02-14-21-12   >>>>   End train ranking function

train_ranking_functioning time = 1.485 ms


2019-05-02-14-21-12   >>>>   Start verify ranking function

[xi_0 = -8, xi_1 = 9]
ranking function :  - 0.2 *  x[1]^1.0 + 0.7 * 1;  - 0.2 *  x[1]^1.0 + 0.7 * 1;  - 0.2 *  x[1]^1.0 + 0.7 * 1;  - 0.1 *  x[0]^1.0 - 0.2 *  x[1]^1.0 + 0.8 * 1;  - 0.2 *  x[0]^1.0 - 0.1 *  x[1]^1.0 + 0.8 * 1;  - 0.2 *  x[0]^1.0 - 0.1 *  x[1]^1.0 + 0.9 * 1;  - 0.2 *  x[0]^1.0 - 0.1 *  x[1]^1.0 + 0.9 * 1

2019-05-02-14-21-12   >>>>   End verify ranking function

verifying time = 20.759 ms


Not Found Ranking Fcuntion

Conterexample is 

[-8, 9]

sampling time = 4.708 ms


       ########################################         

iteration 5 with 136 examples

2019-05-02-14-21-12   >>>>   Start train ranking function

5
2019-05-02-14-21-12   >>>>   End train ranking function

train_ranking_functioning time = 1.480 ms


2019-05-02-14-21-12   >>>>   Start verify ranking function

[xi_0 = -8, xi_1 = 9]
ranking function :  - 0.2 *  x[1]^1.0 + 0.7 * 1;  - 0.2 *  x[1]^1.0 + 0.7 * 1;  - 0.2 *  x[1]^1.0 + 0.7 * 1;  - 0.1 *  x[0]^1.0 - 0.2 *  x[1]^1.0 + 0.8 * 1;  - 0.2 *  x[0]^1.0 - 0.1 *  x[1]^1.0 + 0.8 * 1;  - 0.2 *  x[0]^1.0 - 0.1 *  x[1]^1.0 + 0.9 * 1;  - 0.2 *  x[0]^1.0 - 0.1 *  x[1]^1.0 + 0.9 * 1

2019-05-02-14-21-12   >>>>   End verify ranking function

verifying time = 20.789 ms


Not Found Ranking Fcuntion

Conterexample is 

[-8, 9]

sampling time = 4.711 ms


       ########################################         

iteration 6 with 144 examples

2019-05-02-14-21-12   >>>>   Start train ranking function

2019-05-02-14-21-12   >>>>   End train ranking function

train_ranking_functioning time = 1.617 ms


2019-05-02-14-21-12   >>>>   Start verify ranking function

[xi_0 = -1, xi_1 = 2]
ranking function : 1.0 * 1; 1.0 * 1; 1.0 * 1; 1.0 * 1; 1.0 * 1; 1.0 * 1; 1.0 * 1

2019-05-02-14-21-12   >>>>   End verify ranking function

verifying time = 7.553 ms


Not Found Ranking Fcuntion

Conterexample is 

[-1, 2]

sampling time = 4.637 ms


       ########################################         

iteration 7 with 152 examples

2019-05-02-14-21-12   >>>>   Start train ranking function

2019-05-02-14-21-12   >>>>   End train ranking function

train_ranking_functioning time = 1.698 ms


2019-05-02-14-21-12   >>>>   Start verify ranking function

[xi_0 = -1, xi_1 = 2]
ranking function : 1.0 * 1; 1.0 * 1; 1.0 * 1; 1.0 * 1; 1.0 * 1; 1.0 * 1; 1.0 * 1

2019-05-02-14-21-12   >>>>   End verify ranking function

verifying time = 7.483 ms


Not Found Ranking Fcuntion

Conterexample is 

[-1, 2]

sampling time = 4.692 ms


       ########################################         

iteration 8 with 160 examples

2019-05-02-14-21-12   >>>>   Start train ranking function

2019-05-02-14-21-12   >>>>   End train ranking function

train_ranking_functioning time = 1.781 ms


2019-05-02-14-21-12   >>>>   Start verify ranking function

[xi_0 = -1, xi_1 = 2]
ranking function : 1.0 * 1; 1.0 * 1; 1.0 * 1; 1.0 * 1; 1.0 * 1; 1.0 * 1; 1.0 * 1

2019-05-02-14-21-12   >>>>   End verify ranking function

verifying time = 7.598 ms


Not Found Ranking Fcuntion

Conterexample is 

[-1, 2]

sampling time = 4.669 ms


       ########################################         

iteration 9 with 168 examples

2019-05-02-14-21-12   >>>>   Start train ranking function

2019-05-02-14-21-12   >>>>   End train ranking function

train_ranking_functioning time = 2.056 ms


2019-05-02-14-21-12   >>>>   Start verify ranking function

[xi_0 = -1, xi_1 = 2]
ranking function : 1.0 * 1; 1.0 * 1; 1.0 * 1; 1.0 * 1; 1.0 * 1; 1.0 * 1; 1.0 * 1

2019-05-02-14-21-12   >>>>   End verify ranking function

verifying time = 7.499 ms


Not Found Ranking Fcuntion

Conterexample is 

[-1, 2]

sampling time = 4.666 ms


Failed to prove it is terminated

UNKNOWN
------Using Template 7 -----------
12 [2, 1, 2, 1, 3, 2, 1]
*****************************************************

2019-05-02-14-21-12   >>>>   End sampling point

sampling time = 45.903 ms,


       ########################################         

iteration 0 with 96 examples

2019-05-02-14-21-12   >>>>   Start train ranking function

2019-05-02-14-21-12   >>>>   End train ranking function

train_ranking_functioning time = 3.159 ms


2019-05-02-14-21-12   >>>>   Start verify ranking function

[xi_0 = -2, xi_1 = 4]
ranking function :  - 1.4 *  x[0]^-3.0 *  x[1]^-1.0; 1.9 *  x[0]^2.0 *  x[1]^-2.0;  - 1.1 *  x[0]^-1.0 *  x[1]^-1.0 + 0.8 * 1; ;  - 0.7 *  x[0]^1.0 *  x[1]^-2.0 + 1.1 *  x[0]^-0.5 *  x[1]^-1.0 + 0.4 *  x[0]^-2.0 *  x[1]^-2.0; 0.1 *  x[0]^-2.0 *  x[1]^3.0; 1.6 *  x[1]^-2.0

2019-05-02-14-21-20   >>>>   End verify ranking function

verifying time = 7434.764 ms


Not Found Ranking Fcuntion

Conterexample is 

[-2, 4]

sampling time = 3.207 ms


       ########################################         

iteration 1 with 104 examples

2019-05-02-14-21-20   >>>>   Start train ranking function

2019-05-02-14-21-20   >>>>   End train ranking function

train_ranking_functioning time = 3.384 ms


2019-05-02-14-21-20   >>>>   Start verify ranking function

[xi_0 = -2, xi_1 = 4]
ranking function :  - 1.4 *  x[0]^-3.0 *  x[1]^-1.0; 2.1 *  x[0]^2.0 *  x[1]^-2.0;  - 1.1 *  x[0]^-1.0 *  x[1]^-1.0 + 0.8 * 1; ;  - 0.8 *  x[0]^1.0 *  x[1]^-2.0 + 1.2 *  x[0]^-0.5 *  x[1]^-1.0 + 0.4 *  x[0]^-2.0 *  x[1]^-2.0; 0.1 *  x[0]^-2.0 *  x[1]^3.0; 1.7 *  x[1]^-2.0

2019-05-02-14-21-30   >>>>   End verify ranking function

verifying time = 10697.087 ms


Not Found Ranking Fcuntion

Conterexample is 

[-2, 4]

sampling time = 3.211 ms


       ########################################         

iteration 2 with 112 examples

2019-05-02-14-21-30   >>>>   Start train ranking function

2019-05-02-14-21-30   >>>>   End train ranking function

train_ranking_functioning time = 3.618 ms


2019-05-02-14-21-30   >>>>   Start verify ranking function

[xi_0 = -2, xi_1 = 4]
ranking function :  - 1.4 *  x[0]^-3.0 *  x[1]^-1.0; 2.2 *  x[0]^2.0 *  x[1]^-2.0;  - 1.1 *  x[0]^-1.0 *  x[1]^-1.0 + 0.8 * 1; ;  - 0.8 *  x[0]^1.0 *  x[1]^-2.0 + 1.2 *  x[0]^-0.5 *  x[1]^-1.0 + 0.4 *  x[0]^-2.0 *  x[1]^-2.0; 0.1 *  x[0]^-2.0 *  x[1]^3.0; 1.8 *  x[1]^-2.0

2019-05-02-14-21-32   >>>>   End verify ranking function

verifying time = 1161.691 ms


Not Found Ranking Fcuntion

Conterexample is 

[-2, 4]

sampling time = 3.223 ms


       ########################################         

iteration 3 with 120 examples

2019-05-02-14-21-32   >>>>   Start train ranking function

2019-05-02-14-21-32   >>>>   End train ranking function

train_ranking_functioning time = 4.229 ms


2019-05-02-14-21-32   >>>>   Start verify ranking function

[xi_0 = -2, xi_1 = 4]
ranking function :  - 1.4 *  x[0]^-3.0 *  x[1]^-1.0; 2.3 *  x[0]^2.0 *  x[1]^-2.0;  - 1.2 *  x[0]^-1.0 *  x[1]^-1.0 + 0.8 * 1; ;  - 0.8 *  x[0]^1.0 *  x[1]^-2.0 + 1.2 *  x[0]^-0.5 *  x[1]^-1.0 + 0.4 *  x[0]^-2.0 *  x[1]^-2.0; 0.1 *  x[0]^-2.0 *  x[1]^3.0; 1.9 *  x[1]^-2.0

2019-05-02-14-21-34   >>>>   End verify ranking function

verifying time = 1970.853 ms


Not Found Ranking Fcuntion

Conterexample is 

[-2, 4]

sampling time = 3.239 ms


       ########################################         

iteration 4 with 128 examples

2019-05-02-14-21-34   >>>>   Start train ranking function

2019-05-02-14-21-34   >>>>   End train ranking function

train_ranking_functioning time = 3.981 ms


2019-05-02-14-21-34   >>>>   Start verify ranking function

[xi_0 = -2, xi_1 = 4]
ranking function :  - 1.4 *  x[0]^-3.0 *  x[1]^-1.0; 2.4 *  x[0]^2.0 *  x[1]^-2.0;  - 1.2 *  x[0]^-1.0 *  x[1]^-1.0 + 0.8 * 1; ;  - 0.8 *  x[0]^1.0 *  x[1]^-2.0 + 1.3 *  x[0]^-0.5 *  x[1]^-1.0 + 0.4 *  x[0]^-2.0 *  x[1]^-2.0; 0.1 *  x[0]^-2.0 *  x[1]^3.0; 2.0 *  x[1]^-2.0

2019-05-02-14-21-34   >>>>   End verify ranking function

verifying time = 43.158 ms


Not Found Ranking Fcuntion

Conterexample is 

[-2, 4]

sampling time = 3.318 ms


       ########################################         

iteration 5 with 136 examples

2019-05-02-14-21-34   >>>>   Start train ranking function

2019-05-02-14-21-34   >>>>   End train ranking function

train_ranking_functioning time = 4.269 ms


2019-05-02-14-21-34   >>>>   Start verify ranking function

[xi_0 = -2, xi_1 = 4]
ranking function :  - 1.4 *  x[0]^-3.0 *  x[1]^-1.0; 2.5 *  x[0]^2.0 *  x[1]^-2.0;  - 1.2 *  x[0]^-1.0 *  x[1]^-1.0 + 0.8 * 1; ;  - 0.8 *  x[0]^1.0 *  x[1]^-2.0 + 1.3 *  x[0]^-0.5 *  x[1]^-1.0 + 0.4 *  x[0]^-2.0 *  x[1]^-2.0; 0.1 *  x[0]^-2.0 *  x[1]^3.0; 2.0 *  x[1]^-2.0

2019-05-02-14-21-38   >>>>   End verify ranking function

verifying time = 4539.469 ms


Not Found Ranking Fcuntion

Conterexample is 

[-2, 4]

sampling time = 3.218 ms


       ########################################         

iteration 6 with 144 examples

2019-05-02-14-21-38   >>>>   Start train ranking function

2019-05-02-14-21-38   >>>>   End train ranking function

train_ranking_functioning time = 4.501 ms


2019-05-02-14-21-38   >>>>   Start verify ranking function

[xi_0 = -2, xi_1 = 4]
ranking function :  - 1.4 *  x[0]^-3.0 *  x[1]^-1.0; 2.6 *  x[0]^2.0 *  x[1]^-2.0;  - 1.2 *  x[0]^-1.0 *  x[1]^-1.0 + 0.8 * 1; ;  - 0.8 *  x[0]^1.0 *  x[1]^-2.0 + 1.3 *  x[0]^-0.5 *  x[1]^-1.0 + 0.4 *  x[0]^-2.0 *  x[1]^-2.0; 0.1 *  x[0]^-2.0 *  x[1]^3.0; 2.1 *  x[1]^-2.0

2019-05-02-14-21-40   >>>>   End verify ranking function

verifying time = 1858.606 ms


Not Found Ranking Fcuntion

Conterexample is 

[-2, 4]

sampling time = 3.281 ms


       ########################################         

iteration 7 with 152 examples

2019-05-02-14-21-40   >>>>   Start train ranking function

2019-05-02-14-21-40   >>>>   End train ranking function

train_ranking_functioning time = 4.745 ms


2019-05-02-14-21-40   >>>>   Start verify ranking function

[xi_0 = -2, xi_1 = 4]
ranking function :  - 1.4 *  x[0]^-3.0 *  x[1]^-1.0; 2.7 *  x[0]^2.0 *  x[1]^-2.0;  - 1.2 *  x[0]^-1.0 *  x[1]^-1.0 + 0.8 * 1; ;  - 0.9 *  x[0]^1.0 *  x[1]^-2.0 + 1.4 *  x[0]^-0.5 *  x[1]^-1.0 + 0.4 *  x[0]^-2.0 *  x[1]^-2.0; 0.1 *  x[0]^-2.0 *  x[1]^3.0; 2.2 *  x[1]^-2.0

2019-05-02-14-21-46   >>>>   End verify ranking function

verifying time = 5632.523 ms


Not Found Ranking Fcuntion

Conterexample is 

[-2, 4]

sampling time = 3.249 ms


       ########################################         

iteration 8 with 160 examples

2019-05-02-14-21-46   >>>>   Start train ranking function

2019-05-02-14-21-46   >>>>   End train ranking function

train_ranking_functioning time = 4.974 ms


2019-05-02-14-21-46   >>>>   Start verify ranking function

[xi_0 = -2, xi_1 = 4]
ranking function :  - 1.5 *  x[0]^-3.0 *  x[1]^-1.0; 2.8 *  x[0]^2.0 *  x[1]^-2.0;  - 1.2 *  x[0]^-1.0 *  x[1]^-1.0 + 0.8 * 1; ;  - 0.9 *  x[0]^1.0 *  x[1]^-2.0 + 1.4 *  x[0]^-0.5 *  x[1]^-1.0 + 0.4 *  x[0]^-2.0 *  x[1]^-2.0; 0.1 *  x[0]^-2.0 *  x[1]^3.0; 2.3 *  x[1]^-2.0

2019-05-02-14-21-46   >>>>   End verify ranking function

verifying time = 88.753 ms


Not Found Ranking Fcuntion

Conterexample is 

[-2, 4]

sampling time = 3.288 ms


       ########################################         

iteration 9 with 168 examples

2019-05-02-14-21-46   >>>>   Start train ranking function

2019-05-02-14-21-46   >>>>   End train ranking function

train_ranking_functioning time = 5.154 ms


2019-05-02-14-21-46   >>>>   Start verify ranking function

[xi_0 = -2, xi_1 = 4]
ranking function :  - 1.5 *  x[0]^-3.0 *  x[1]^-1.0; 2.9 *  x[0]^2.0 *  x[1]^-2.0;  - 1.2 *  x[0]^-1.0 *  x[1]^-1.0 + 0.8 * 1; ;  - 0.9 *  x[0]^1.0 *  x[1]^-2.0 + 1.4 *  x[0]^-0.5 *  x[1]^-1.0 + 0.4 *  x[0]^-2.0 *  x[1]^-2.0; 0.1 *  x[0]^-2.0 *  x[1]^3.0; 2.3 *  x[1]^-2.0

2019-05-02-14-21-51   >>>>   End verify ranking function

verifying time = 5283.878 ms


Not Found Ranking Fcuntion

Conterexample is 

[-2, 4]

sampling time = 3.267 ms


Failed to prove it is terminated

UNKNOWN
------Using Template 0 -----------
3 [3]
*****************************************************

2019-05-02-14-21-51   >>>>   End sampling point

sampling time = 15.223 ms,


       ########################################         

iteration 0 with 24 examples

2019-05-02-14-21-51   >>>>   Start train ranking function

2019-05-02-14-21-51   >>>>   End train ranking function

train_ranking_functioning time = 0.460 ms


2019-05-02-14-21-51   >>>>   Start verify ranking function

ranking function :  - 0.1 *  x[0]^1.0 - 0.2 *  x[1]^1.0 + 1.5 * 1

2019-05-02-14-21-51   >>>>   End verify ranking function

verifying time = 7.888 ms


Not Found Ranking Fcuntion

Conterexample is 

[-14, 15]

sampling time = 0.697 ms


       ########################################         

iteration 1 with 26 examples

2019-05-02-14-21-51   >>>>   Start train ranking function

2019-05-02-14-21-51   >>>>   End train ranking function

train_ranking_functioning time = 0.529 ms


2019-05-02-14-21-51   >>>>   Start verify ranking function

ranking function :  - 0.2 *  x[0]^1.0 - 0.2 *  x[1]^1.0 + 1.5 * 1

2019-05-02-14-21-51   >>>>   End verify ranking function

verifying time = 7.844 ms


Not Found Ranking Fcuntion

Conterexample is 

[-1, 9]

sampling time = 0.698 ms


       ########################################         

iteration 2 with 28 examples

2019-05-02-14-21-51   >>>>   Start train ranking function

2019-05-02-14-21-51   >>>>   End train ranking function

train_ranking_functioning time = 0.673 ms


2019-05-02-14-21-51   >>>>   Start verify ranking function

ranking function :  - 0.1 *  x[0]^1.0 - 0.1 *  x[1]^1.0 + 1.6 * 1

2019-05-02-14-21-51   >>>>   End verify ranking function

verifying time = 7.846 ms


Not Found Ranking Fcuntion

Conterexample is 

[-1, 18]

sampling time = 0.697 ms


       ########################################         

iteration 3 with 30 examples

2019-05-02-14-21-51   >>>>   Start train ranking function

2019-05-02-14-21-51   >>>>   End train ranking function

train_ranking_functioning time = 0.710 ms


2019-05-02-14-21-51   >>>>   Start verify ranking function

ranking function :  - 0.1 *  x[1]^1.0 + 2.0 * 1

2019-05-02-14-21-51   >>>>   End verify ranking function

verifying time = 7.832 ms


Not Found Ranking Fcuntion

Conterexample is 

[-1, 21]

sampling time = 0.700 ms


       ########################################         

iteration 4 with 32 examples

2019-05-02-14-21-51   >>>>   Start train ranking function

2019-05-02-14-21-51   >>>>   End train ranking function

train_ranking_functioning time = 0.806 ms


2019-05-02-14-21-51   >>>>   Start verify ranking function

ranking function :  - 0.1 *  x[1]^1.0 + 2.2 * 1

2019-05-02-14-21-51   >>>>   End verify ranking function

verifying time = 7.986 ms


Not Found Ranking Fcuntion

Conterexample is 

[-1, 23]

sampling time = 0.861 ms


       ########################################         

iteration 5 with 34 examples

2019-05-02-14-21-51   >>>>   Start train ranking function

2019-05-02-14-21-51   >>>>   End train ranking function

train_ranking_functioning time = 0.811 ms


2019-05-02-14-21-51   >>>>   Start verify ranking function

ranking function :  - 0.1 *  x[1]^1.0 + 2.2 * 1

2019-05-02-14-21-51   >>>>   End verify ranking function

verifying time = 8.014 ms


Not Found Ranking Fcuntion

Conterexample is 

[-1, 23]

sampling time = 0.859 ms


       ########################################         

iteration 6 with 36 examples

2019-05-02-14-21-51   >>>>   Start train ranking function

2019-05-02-14-21-51   >>>>   End train ranking function

train_ranking_functioning time = 1.191 ms


2019-05-02-14-21-51   >>>>   Start verify ranking function

ranking function :  - 0.1 *  x[1]^1.0 + 2.4 * 1

2019-05-02-14-21-51   >>>>   End verify ranking function

verifying time = 8.225 ms


Not Found Ranking Fcuntion

Conterexample is 

[-1, 25]

sampling time = 0.711 ms


       ########################################         

iteration 7 with 38 examples

2019-05-02-14-21-51   >>>>   Start train ranking function

2019-05-02-14-21-51   >>>>   End train ranking function

train_ranking_functioning time = 0.997 ms


2019-05-02-14-21-51   >>>>   Start verify ranking function

ranking function : 0.1 *  x[0]^1.0 - 0.1 *  x[1]^1.0 + 2.4 * 1

2019-05-02-14-21-51   >>>>   End verify ranking function

verifying time = 8.479 ms


Not Found Ranking Fcuntion

Conterexample is 

[-1, 24]

sampling time = 0.710 ms


       ########################################         

iteration 8 with 40 examples

2019-05-02-14-21-51   >>>>   Start train ranking function

2019-05-02-14-21-51   >>>>   End train ranking function

train_ranking_functioning time = 1.026 ms


2019-05-02-14-21-51   >>>>   Start verify ranking function

ranking function : 0.1 *  x[0]^1.0 - 0.1 *  x[1]^1.0 + 2.5 * 1

2019-05-02-14-21-51   >>>>   End verify ranking function

verifying time = 7.975 ms


Not Found Ranking Fcuntion

Conterexample is 

[-1, 25]

sampling time = 0.773 ms


       ########################################         

iteration 9 with 42 examples

2019-05-02-14-21-51   >>>>   Start train ranking function

2019-05-02-14-21-51   >>>>   End train ranking function

train_ranking_functioning time = 1.053 ms


2019-05-02-14-21-51   >>>>   Start verify ranking function

ranking function : 0.1 *  x[0]^1.0 - 0.1 *  x[1]^1.0 + 2.5 * 1

2019-05-02-14-21-51   >>>>   End verify ranking function

verifying time = 8.005 ms


Not Found Ranking Fcuntion

Conterexample is 

[-1, 25]

sampling time = 0.703 ms


Failed to prove it is terminated

UNKNOWN
------Using Template 1 -----------
3 [3]
*****************************************************

2019-05-02-14-21-51   >>>>   End sampling point

sampling time = 16.581 ms,


       ########################################         

iteration 0 with 24 examples

2019-05-02-14-21-51   >>>>   Start train ranking function

2019-05-02-14-21-51   >>>>   End train ranking function

train_ranking_functioning time = 0.755 ms


2019-05-02-14-21-51   >>>>   Start verify ranking function

[xi_0 = -2, xi_1 = 4]
ranking function : 2.0 *  x[0]^-2.0 + 0.1 *  x[0]^-2.0 *  x[1]^-2.0

2019-05-02-14-21-52   >>>>   End verify ranking function

verifying time = 553.110 ms


Not Found Ranking Fcuntion

Conterexample is 

[-2, 4]

sampling time = 0.858 ms


       ########################################         

iteration 1 with 26 examples

2019-05-02-14-21-52   >>>>   Start train ranking function

2019-05-02-14-21-52   >>>>   End train ranking function

train_ranking_functioning time = 0.894 ms


2019-05-02-14-21-52   >>>>   Start verify ranking function

[xi_0 = -2, xi_1 = 4]
ranking function : 2.2 *  x[0]^-2.0 + 0.2 *  x[0]^-2.0 *  x[1]^-2.0

2019-05-02-14-21-52   >>>>   End verify ranking function

verifying time = 339.417 ms


Not Found Ranking Fcuntion

Conterexample is 

[-2, 4]

sampling time = 0.910 ms


       ########################################         

iteration 2 with 28 examples

2019-05-02-14-21-52   >>>>   Start train ranking function

2019-05-02-14-21-52   >>>>   End train ranking function

train_ranking_functioning time = 1.012 ms


2019-05-02-14-21-52   >>>>   Start verify ranking function

[xi_0 = -2, xi_1 = 4]
ranking function : 2.4 *  x[0]^-2.0 + 0.2 *  x[0]^-2.0 *  x[1]^-2.0

2019-05-02-14-21-52   >>>>   End verify ranking function

verifying time = 169.862 ms


Not Found Ranking Fcuntion

Conterexample is 

[-2, 4]

sampling time = 0.815 ms


       ########################################         

iteration 3 with 30 examples

2019-05-02-14-21-52   >>>>   Start train ranking function

2019-05-02-14-21-52   >>>>   End train ranking function

train_ranking_functioning time = 1.018 ms


2019-05-02-14-21-52   >>>>   Start verify ranking function

[xi_0 = -2, xi_1 = 4]
ranking function : 2.6 *  x[0]^-2.0 + 0.2 *  x[0]^-2.0 *  x[1]^-2.0

2019-05-02-14-21-53   >>>>   End verify ranking function

verifying time = 288.596 ms


Not Found Ranking Fcuntion

Conterexample is 

[-2, 4]

sampling time = 0.814 ms


       ########################################         

iteration 4 with 32 examples

2019-05-02-14-21-53   >>>>   Start train ranking function

2019-05-02-14-21-53   >>>>   End train ranking function

train_ranking_functioning time = 1.171 ms


2019-05-02-14-21-53   >>>>   Start verify ranking function

[xi_0 = -2, xi_1 = 4]
ranking function : 2.7 *  x[0]^-2.0 + 0.2 *  x[0]^-2.0 *  x[1]^-2.0

2019-05-02-14-21-53   >>>>   End verify ranking function

verifying time = 55.925 ms


Not Found Ranking Fcuntion

Conterexample is 

[-2, 4]

sampling time = 0.820 ms


       ########################################         

iteration 5 with 34 examples

2019-05-02-14-21-53   >>>>   Start train ranking function

2019-05-02-14-21-53   >>>>   End train ranking function

train_ranking_functioning time = 1.190 ms


2019-05-02-14-21-53   >>>>   Start verify ranking function

[xi_0 = -2, xi_1 = 4]
ranking function : 2.8 *  x[0]^-2.0 + 0.2 *  x[0]^-2.0 *  x[1]^-2.0

2019-05-02-14-21-53   >>>>   End verify ranking function

verifying time = 144.787 ms


Not Found Ranking Fcuntion

Conterexample is 

[-2, 4]

sampling time = 0.828 ms


       ########################################         

iteration 6 with 36 examples

2019-05-02-14-21-53   >>>>   Start train ranking function

2019-05-02-14-21-53   >>>>   End train ranking function

train_ranking_functioning time = 1.229 ms


2019-05-02-14-21-53   >>>>   Start verify ranking function

[xi_0 = -2, xi_1 = 4]
ranking function : 2.9 *  x[0]^-2.0 + 0.2 *  x[0]^-2.0 *  x[1]^-2.0

2019-05-02-14-21-53   >>>>   End verify ranking function

verifying time = 165.424 ms


Not Found Ranking Fcuntion

Conterexample is 

[-2, 4]

sampling time = 0.822 ms


       ########################################         

iteration 7 with 38 examples

2019-05-02-14-21-53   >>>>   Start train ranking function

2019-05-02-14-21-53   >>>>   End train ranking function

train_ranking_functioning time = 1.298 ms


2019-05-02-14-21-53   >>>>   Start verify ranking function

[xi_0 = -2, xi_1 = 4]
ranking function : 2.9 *  x[0]^-2.0 + 0.2 *  x[0]^-2.0 *  x[1]^-2.0

2019-05-02-14-21-53   >>>>   End verify ranking function

verifying time = 469.566 ms


Not Found Ranking Fcuntion

Conterexample is 

[-2, 4]

sampling time = 0.819 ms


       ########################################         

iteration 8 with 40 examples

2019-05-02-14-21-53   >>>>   Start train ranking function

2019-05-02-14-21-53   >>>>   End train ranking function

train_ranking_functioning time = 1.458 ms


2019-05-02-14-21-53   >>>>   Start verify ranking function

[xi_0 = -2, xi_1 = 4]
ranking function : 3.1 *  x[0]^-2.0 + 0.2 *  x[0]^-2.0 *  x[1]^-2.0

2019-05-02-14-21-54   >>>>   End verify ranking function

verifying time = 102.351 ms


Not Found Ranking Fcuntion

Conterexample is 

[-2, 4]

sampling time = 0.842 ms


       ########################################         

iteration 9 with 42 examples

2019-05-02-14-21-54   >>>>   Start train ranking function

2019-05-02-14-21-54   >>>>   End train ranking function

train_ranking_functioning time = 1.740 ms


2019-05-02-14-21-54   >>>>   Start verify ranking function

[xi_0 = -2, xi_1 = 4]
ranking function : 3.1 *  x[0]^-2.0 + 0.2 *  x[0]^-2.0 *  x[1]^-2.0

2019-05-02-14-21-54   >>>>   End verify ranking function

verifying time = 118.233 ms


Not Found Ranking Fcuntion

Conterexample is 

[-2, 4]

sampling time = 0.838 ms


Failed to prove it is terminated

UNKNOWN
------Using Template 2 -----------
9 [3, 3, 3]
*****************************************************

2019-05-02-14-21-54   >>>>   End sampling point

sampling time = 31.256 ms,


       ########################################         

iteration 0 with 48 examples

2019-05-02-14-21-54   >>>>   Start train ranking function

2019-05-02-14-21-54   >>>>   End train ranking function

train_ranking_functioning time = 1.208 ms


2019-05-02-14-21-54   >>>>   Start verify ranking function

ranking function :  - 0.2 *  x[0]^1.0 - 0.3 *  x[1]^1.0 + 0.8 * 1;  - 0.2 *  x[0]^1.0 - 0.2 *  x[1]^1.0 + 0.9 * 1;  - 0.2 *  x[0]^1.0 - 0.1 *  x[1]^1.0 + 1.0 * 1

2019-05-02-14-21-54   >>>>   End verify ranking function

verifying time = 14.071 ms


Not Found Ranking Fcuntion

Conterexample is 

[-1, 13]

sampling time = 1.997 ms


       ########################################         

iteration 1 with 52 examples

2019-05-02-14-21-54   >>>>   Start train ranking function

2019-05-02-14-21-54   >>>>   End train ranking function

train_ranking_functioning time = 1.257 ms


2019-05-02-14-21-54   >>>>   Start verify ranking function

[xi_0 = -1, xi_1 = 10]
ranking function :  - 0.2 *  x[0]^1.0 - 0.3 *  x[1]^1.0 + 0.9 * 1;  - 0.1 *  x[0]^1.0 - 0.1 *  x[1]^1.0 + 1.0 * 1; 1.1 * 1

2019-05-02-14-21-54   >>>>   End verify ranking function

verifying time = 9.897 ms


Not Found Ranking Fcuntion

Conterexample is 

[-1, 10]

sampling time = 1.991 ms


       ########################################         

iteration 2 with 56 examples

2019-05-02-14-21-54   >>>>   Start train ranking function

2019-05-02-14-21-54   >>>>   End train ranking function

train_ranking_functioning time = 1.334 ms


2019-05-02-14-21-54   >>>>   Start verify ranking function

[xi_0 = -1, xi_1 = 10]
ranking function :  - 0.1 *  x[0]^1.0 - 0.2 *  x[1]^1.0 + 1.0 * 1;  - 0.1 *  x[0]^1.0 - 0.1 *  x[1]^1.0 + 1.0 * 1;  - 0.1 *  x[0]^1.0 + 1.2 * 1

2019-05-02-14-21-54   >>>>   End verify ranking function

verifying time = 12.690 ms


Not Found Ranking Fcuntion

Conterexample is 

[-1, 10]

sampling time = 1.995 ms


       ########################################         

iteration 3 with 60 examples

2019-05-02-14-21-54   >>>>   Start train ranking function

2019-05-02-14-21-54   >>>>   End train ranking function

train_ranking_functioning time = 1.464 ms


2019-05-02-14-21-54   >>>>   Start verify ranking function

ranking function :  - 0.1 *  x[0]^1.0 - 0.2 *  x[1]^1.0 + 0.9 * 1;  - 0.1 *  x[0]^1.0 - 0.1 *  x[1]^1.0 + 1.0 * 1;  - 0.1 *  x[0]^1.0 - 0.1 *  x[1]^1.0 + 1.3 * 1

2019-05-02-14-21-54   >>>>   End verify ranking function

verifying time = 14.067 ms


Not Found Ranking Fcuntion

Conterexample is 

[-1, 15]

sampling time = 2.020 ms


       ########################################         

iteration 4 with 64 examples

2019-05-02-14-21-54   >>>>   Start train ranking function

2019-05-02-14-21-54   >>>>   End train ranking function

train_ranking_functioning time = 1.488 ms


2019-05-02-14-21-54   >>>>   Start verify ranking function

[xi_0 = -1, xi_1 = 9]
ranking function :  - 0.1 *  x[0]^1.0 - 0.2 *  x[1]^1.0 + 1.0 * 1;  - 0.1 *  x[1]^1.0 + 1.0 * 1;  - 0.1 *  x[0]^1.0 + 1.3 * 1

2019-05-02-14-21-54   >>>>   End verify ranking function

verifying time = 12.695 ms


Not Found Ranking Fcuntion

Conterexample is 

[-1, 9]

sampling time = 2.001 ms


       ########################################         

iteration 5 with 68 examples

2019-05-02-14-21-54   >>>>   Start train ranking function

2019-05-02-14-21-54   >>>>   End train ranking function

train_ranking_functioning time = 1.706 ms


2019-05-02-14-21-54   >>>>   Start verify ranking function

[xi_0 = -1, xi_1 = 10]
ranking function :  - 0.1 *  x[0]^1.0 - 0.2 *  x[1]^1.0 + 1.0 * 1;  - 0.1 *  x[0]^1.0 - 0.1 *  x[1]^1.0 + 1.0 * 1;  - 0.1 *  x[0]^1.0 + 1.3 * 1

2019-05-02-14-21-54   >>>>   End verify ranking function

verifying time = 12.565 ms


Not Found Ranking Fcuntion

Conterexample is 

[-1, 10]

sampling time = 1.990 ms


       ########################################         

iteration 6 with 72 examples

2019-05-02-14-21-54   >>>>   Start train ranking function

2019-05-02-14-21-54   >>>>   End train ranking function

train_ranking_functioning time = 1.684 ms


2019-05-02-14-21-54   >>>>   Start verify ranking function

[xi_0 = -1, xi_1 = 10]
ranking function :  - 0.1 *  x[0]^1.0 - 0.2 *  x[1]^1.0 + 1.0 * 1;  - 0.1 *  x[0]^1.0 - 0.1 *  x[1]^1.0 + 1.0 * 1;  - 0.1 *  x[0]^1.0 + 1.3 * 1

2019-05-02-14-21-54   >>>>   End verify ranking function

verifying time = 12.658 ms


Not Found Ranking Fcuntion

Conterexample is 

[-1, 10]

sampling time = 1.986 ms


       ########################################         

iteration 7 with 76 examples

2019-05-02-14-21-54   >>>>   Start train ranking function

2019-05-02-14-21-54   >>>>   End train ranking function

train_ranking_functioning time = 1.991 ms


2019-05-02-14-21-54   >>>>   Start verify ranking function

[xi_0 = -1, xi_1 = 10]
ranking function :  - 0.1 *  x[0]^1.0 - 0.2 *  x[1]^1.0 + 0.9 * 1;  - 0.1 *  x[0]^1.0 - 0.1 *  x[1]^1.0 + 1.0 * 1;  - 0.1 *  x[0]^1.0 + 1.4 * 1

2019-05-02-14-21-54   >>>>   End verify ranking function

verifying time = 12.617 ms


Not Found Ranking Fcuntion

Conterexample is 

[-1, 10]

sampling time = 1.999 ms


       ########################################         

iteration 8 with 80 examples

2019-05-02-14-21-54   >>>>   Start train ranking function

2019-05-02-14-21-54   >>>>   End train ranking function

train_ranking_functioning time = 2.120 ms


2019-05-02-14-21-54   >>>>   Start verify ranking function

[xi_0 = -1, xi_1 = 10]
ranking function :  - 0.1 *  x[0]^1.0 - 0.2 *  x[1]^1.0 + 0.9 * 1;  - 0.1 *  x[0]^1.0 - 0.1 *  x[1]^1.0 + 1.0 * 1;  - 0.1 *  x[0]^1.0 + 1.4 * 1

2019-05-02-14-21-54   >>>>   End verify ranking function

verifying time = 12.796 ms


Not Found Ranking Fcuntion

Conterexample is 

[-1, 10]

sampling time = 2.108 ms


       ########################################         

iteration 9 with 84 examples

2019-05-02-14-21-54   >>>>   Start train ranking function

2019-05-02-14-21-54   >>>>   End train ranking function

train_ranking_functioning time = 2.203 ms


2019-05-02-14-21-54   >>>>   Start verify ranking function

[xi_0 = -1, xi_1 = 10]
ranking function :  - 0.1 *  x[0]^1.0 - 0.2 *  x[1]^1.0 + 0.9 * 1;  - 0.1 *  x[0]^1.0 - 0.1 *  x[1]^1.0 + 1.0 * 1;  - 0.1 *  x[0]^1.0 + 1.4 * 1

2019-05-02-14-21-54   >>>>   End verify ranking function

verifying time = 12.914 ms


Not Found Ranking Fcuntion

Conterexample is 

[-1, 10]

sampling time = 2.077 ms


Failed to prove it is terminated

UNKNOWN
------Using Template 3 -----------
8 [2, 2, 4]
*****************************************************

2019-05-02-14-21-54   >>>>   End sampling point

sampling time = 32.641 ms,


       ########################################         

iteration 0 with 48 examples

2019-05-02-14-21-54   >>>>   Start train ranking function

2019-05-02-14-21-54   >>>>   End train ranking function

train_ranking_functioning time = 1.218 ms


2019-05-02-14-21-54   >>>>   Start verify ranking function

[xi_0 = -2, xi_1 = 4]
ranking function :  - 1.1 *  x[0]^-3.0 *  x[1]^-0.5 + 0.2 *  x[0]^-0.5 *  x[1]^-3.0; 0.9 *  x[0]^-0.5 *  x[1]^-2.0 - 0.1 *  x[0]^2.0 *  x[1]^-0.5;  - 0.4 *  x[0]^-3.0 *  x[1]^-3.0 + 1.5 *  x[1]^0.5

2019-05-02-14-21-54   >>>>   End verify ranking function

verifying time = 105.295 ms


Not Found Ranking Fcuntion

Conterexample is 

[-2, 4]

sampling time = 2.172 ms


       ########################################         

iteration 1 with 52 examples

2019-05-02-14-21-54   >>>>   Start train ranking function

2019-05-02-14-21-54   >>>>   End train ranking function

train_ranking_functioning time = 1.287 ms


2019-05-02-14-21-54   >>>>   Start verify ranking function

[xi_0 = -2, xi_1 = 4]
ranking function :  - 1.1 *  x[0]^-3.0 *  x[1]^-0.5 + 0.2 *  x[0]^-0.5 *  x[1]^-3.0; 0.9 *  x[0]^-0.5 *  x[1]^-2.0 - 0.1 *  x[0]^2.0 *  x[1]^-0.5;  - 0.4 *  x[0]^-3.0 *  x[1]^-3.0 + 1.5 *  x[1]^0.5

2019-05-02-14-21-54   >>>>   End verify ranking function

verifying time = 114.499 ms


Not Found Ranking Fcuntion

Conterexample is 

[-2, 4]

sampling time = 2.158 ms


       ########################################         

iteration 2 with 56 examples

2019-05-02-14-21-54   >>>>   Start train ranking function

2019-05-02-14-21-54   >>>>   End train ranking function

train_ranking_functioning time = 1.224 ms


2019-05-02-14-21-54   >>>>   Start verify ranking function

[xi_0 = -2, xi_1 = 4]
ranking function :  - 1.2 *  x[0]^-3.0 *  x[1]^-0.5 + 0.2 *  x[0]^-0.5 *  x[1]^-3.0; 0.9 *  x[0]^-0.5 *  x[1]^-2.0 - 0.1 *  x[0]^2.0 *  x[1]^-0.5;  - 0.4 *  x[0]^-3.0 *  x[1]^-3.0 + 1.5 *  x[1]^0.5

2019-05-02-14-21-54   >>>>   End verify ranking function

verifying time = 94.631 ms


Not Found Ranking Fcuntion

Conterexample is 

[-2, 4]

sampling time = 2.105 ms


       ########################################         

iteration 3 with 60 examples

2019-05-02-14-21-54   >>>>   Start train ranking function

2019-05-02-14-21-54   >>>>   End train ranking function

train_ranking_functioning time = 1.281 ms


2019-05-02-14-21-54   >>>>   Start verify ranking function

[xi_0 = -2, xi_1 = 4]
ranking function :  - 1.3 *  x[0]^-3.0 *  x[1]^-0.5 + 0.2 *  x[0]^-0.5 *  x[1]^-3.0; 0.9 *  x[0]^-0.5 *  x[1]^-2.0 - 0.1 *  x[0]^2.0 *  x[1]^-0.5;  - 0.4 *  x[0]^-3.0 *  x[1]^-3.0 + 1.5 *  x[1]^0.5

2019-05-02-14-21-54   >>>>   End verify ranking function

verifying time = 104.469 ms


Not Found Ranking Fcuntion

Conterexample is 

[-2, 4]

sampling time = 2.228 ms


       ########################################         

iteration 4 with 64 examples

2019-05-02-14-21-54   >>>>   Start train ranking function

2019-05-02-14-21-54   >>>>   End train ranking function

train_ranking_functioning time = 1.359 ms


2019-05-02-14-21-54   >>>>   Start verify ranking function

[xi_0 = -2, xi_1 = 4]
ranking function :  - 1.5 *  x[0]^-3.0 *  x[1]^-0.5 + 0.3 *  x[0]^-0.5 *  x[1]^-3.0; 0.9 *  x[0]^-0.5 *  x[1]^-2.0 - 0.1 *  x[0]^2.0 *  x[1]^-0.5;  - 0.4 *  x[0]^-3.0 *  x[1]^-3.0 + 1.5 *  x[1]^0.5

2019-05-02-14-21-54   >>>>   End verify ranking function

verifying time = 121.371 ms


Not Found Ranking Fcuntion

Conterexample is 

[-2, 4]

sampling time = 2.158 ms


       ########################################         

iteration 5 with 68 examples

2019-05-02-14-21-54   >>>>   Start train ranking function

2019-05-02-14-21-54   >>>>   End train ranking function

train_ranking_functioning time = 1.426 ms


2019-05-02-14-21-54   >>>>   Start verify ranking function

[xi_0 = -2, xi_1 = 4]
ranking function :  - 1.6 *  x[0]^-3.0 *  x[1]^-0.5 + 0.3 *  x[0]^-0.5 *  x[1]^-3.0; 0.9 *  x[0]^-0.5 *  x[1]^-2.0 - 0.1 *  x[0]^2.0 *  x[1]^-0.5;  - 0.4 *  x[0]^-3.0 *  x[1]^-3.0 + 1.5 *  x[1]^0.5

2019-05-02-14-21-55   >>>>   End verify ranking function

verifying time = 148.234 ms


Not Found Ranking Fcuntion

Conterexample is 

[-2, 4]

sampling time = 2.091 ms


       ########################################         

iteration 6 with 72 examples

2019-05-02-14-21-55   >>>>   Start train ranking function

2019-05-02-14-21-55   >>>>   End train ranking function

train_ranking_functioning time = 1.516 ms


2019-05-02-14-21-55   >>>>   Start verify ranking function

[xi_0 = -2, xi_1 = 4]
ranking function :  - 1.8 *  x[0]^-3.0 *  x[1]^-0.5 + 0.3 *  x[0]^-0.5 *  x[1]^-3.0; 0.9 *  x[0]^-0.5 *  x[1]^-2.0 - 0.1 *  x[0]^2.0 *  x[1]^-0.5;  - 0.4 *  x[0]^-3.0 *  x[1]^-3.0 + 1.5 *  x[1]^0.5

2019-05-02-14-21-55   >>>>   End verify ranking function

verifying time = 93.434 ms


Not Found Ranking Fcuntion

Conterexample is 

[-2, 4]

sampling time = 2.153 ms


       ########################################         

iteration 7 with 76 examples

2019-05-02-14-21-55   >>>>   Start train ranking function

2019-05-02-14-21-55   >>>>   End train ranking function

train_ranking_functioning time = 1.574 ms


2019-05-02-14-21-55   >>>>   Start verify ranking function

[xi_0 = -2, xi_1 = 4]
ranking function :  - 1.9 *  x[0]^-3.0 *  x[1]^-0.5 + 0.3 *  x[0]^-0.5 *  x[1]^-3.0; 0.9 *  x[0]^-0.5 *  x[1]^-2.0 - 0.1 *  x[0]^2.0 *  x[1]^-0.5;  - 0.4 *  x[0]^-3.0 *  x[1]^-3.0 + 1.5 *  x[1]^0.5

2019-05-02-14-21-55   >>>>   End verify ranking function

verifying time = 122.834 ms


Not Found Ranking Fcuntion

Conterexample is 

[-2, 4]

sampling time = 2.107 ms


       ########################################         

iteration 8 with 80 examples

2019-05-02-14-21-55   >>>>   Start train ranking function

2019-05-02-14-21-55   >>>>   End train ranking function

train_ranking_functioning time = 1.709 ms


2019-05-02-14-21-55   >>>>   Start verify ranking function

[xi_0 = -2, xi_1 = 4]
ranking function :  - 2.1 *  x[0]^-3.0 *  x[1]^-0.5 + 0.3 *  x[0]^-0.5 *  x[1]^-3.0; 0.9 *  x[0]^-0.5 *  x[1]^-2.0 - 0.1 *  x[0]^2.0 *  x[1]^-0.5;  - 0.4 *  x[0]^-3.0 *  x[1]^-3.0 + 1.5 *  x[1]^0.5

2019-05-02-14-21-55   >>>>   End verify ranking function

verifying time = 113.670 ms


Not Found Ranking Fcuntion

Conterexample is 

[-2, 4]

sampling time = 2.213 ms


       ########################################         

iteration 9 with 84 examples

2019-05-02-14-21-55   >>>>   Start train ranking function

2019-05-02-14-21-55   >>>>   End train ranking function

train_ranking_functioning time = 1.776 ms


2019-05-02-14-21-55   >>>>   Start verify ranking function

[xi_0 = -2, xi_1 = 4]
ranking function :  - 2.2 *  x[0]^-3.0 *  x[1]^-0.5 + 0.4 *  x[0]^-0.5 *  x[1]^-3.0; 0.9 *  x[0]^-0.5 *  x[1]^-2.0 - 0.1 *  x[0]^2.0 *  x[1]^-0.5;  - 0.4 *  x[0]^-3.0 *  x[1]^-3.0 + 1.5 *  x[1]^0.5

2019-05-02-14-21-55   >>>>   End verify ranking function

verifying time = 111.136 ms


Not Found Ranking Fcuntion

Conterexample is 

[-2, 4]

sampling time = 2.155 ms


Failed to prove it is terminated

UNKNOWN
------Using Template 4 -----------
15 [3, 3, 3, 3, 3]
*****************************************************

2019-05-02-14-21-55   >>>>   End sampling point

sampling time = 47.387 ms,


       ########################################         

iteration 0 with 72 examples

2019-05-02-14-21-55   >>>>   Start train ranking function

2019-05-02-14-21-55   >>>>   End train ranking function

train_ranking_functioning time = 1.457 ms


2019-05-02-14-21-55   >>>>   Start verify ranking function

ranking function :  - 0.2 *  x[1]^1.0 + 0.7 * 1;  - 0.1 *  x[0]^1.0 - 0.2 *  x[1]^1.0 + 0.8 * 1;  - 0.2 *  x[0]^1.0 - 0.2 *  x[1]^1.0 + 0.8 * 1;  - 0.2 *  x[0]^1.0 - 0.1 *  x[1]^1.0 + 0.9 * 1;  - 0.2 *  x[0]^1.0 - 0.1 *  x[1]^1.0 + 0.9 * 1

2019-05-02-14-21-55   >>>>   End verify ranking function

verifying time = 21.797 ms


Not Found Ranking Fcuntion

Conterexample is 

[-1, 12]

sampling time = 3.359 ms


       ########################################         

iteration 1 with 78 examples

2019-05-02-14-21-55   >>>>   Start train ranking function

2019-05-02-14-21-55   >>>>   End train ranking function

train_ranking_functioning time = 1.612 ms


2019-05-02-14-21-55   >>>>   Start verify ranking function

[xi_0 = -1, xi_1 = 9]
ranking function :  - 0.1 *  x[0]^1.0 - 0.3 *  x[1]^1.0 + 0.8 * 1;  - 0.2 *  x[0]^1.0 - 0.2 *  x[1]^1.0 + 0.8 * 1;  - 0.2 *  x[0]^1.0 - 0.1 *  x[1]^1.0 + 0.9 * 1;  - 0.1 *  x[0]^1.0 - 0.1 *  x[1]^1.0 + 0.9 * 1;  - 0.1 *  x[0]^1.0 + 1.0 * 1

2019-05-02-14-21-55   >>>>   End verify ranking function

verifying time = 19.718 ms


Not Found Ranking Fcuntion

Conterexample is 

[-1, 9]

sampling time = 3.302 ms


       ########################################         

iteration 2 with 84 examples

2019-05-02-14-21-55   >>>>   Start train ranking function

2019-05-02-14-21-55   >>>>   End train ranking function

train_ranking_functioning time = 1.682 ms


2019-05-02-14-21-55   >>>>   Start verify ranking function

[xi_0 = -1, xi_1 = 9]
ranking function :  - 0.1 *  x[0]^1.0 - 0.3 *  x[1]^1.0 + 0.8 * 1;  - 0.2 *  x[0]^1.0 - 0.2 *  x[1]^1.0 + 0.8 * 1;  - 0.2 *  x[0]^1.0 - 0.1 *  x[1]^1.0 + 0.9 * 1;  - 0.1 *  x[0]^1.0 - 0.1 *  x[1]^1.0 + 0.9 * 1;  - 0.1 *  x[0]^1.0 + 1.0 * 1
