------Using Template 0 -----------
3 [3]
*****************************************************

[0.         0.99999619 0.        ] 1
[-0.99999809 -0.99999905 -1.        ] -1
2020-05-24-01-17-32   >>>>   End sampling point

sampling time = 10.772 ms,


       ########################################         

iteration 0 with 2 examples

2020-05-24-01-17-32   >>>>   Start train ranking function

training done
2020-05-24-01-17-32   >>>>   End train ranking function

train_ranking_functioning time = 0.853 ms


2020-05-24-01-17-32   >>>>   Start verify ranking function

start alarm signal.
close alarm signal.
ranking function : 0.1 *  x[0]^1.0 + 0.7 *  x[1]^1.0 + 0.1 * 1

2020-05-24-01-17-32   >>>>   End verify ranking function

verifying time = 10.920 ms


Not Found Ranking Fcuntion

Conterexample is 

[8, -2]

sampling time = 0.872 ms


       ########################################         

iteration 1 with 4 examples

2020-05-24-01-17-32   >>>>   Start train ranking function

training done
2020-05-24-01-17-32   >>>>   End train ranking function

train_ranking_functioning time = 0.498 ms


2020-05-24-01-17-32   >>>>   Start verify ranking function

start alarm signal.
close alarm signal.
ranking function : 0.3 *  x[0]^1.0 + 0.7 *  x[1]^1.0 + 0.1 * 1

2020-05-24-01-17-32   >>>>   End verify ranking function

verifying time = 10.574 ms


Not Found Ranking Fcuntion

Conterexample is 

[8, -4]

sampling time = 0.876 ms


       ########################################         

iteration 2 with 6 examples

2020-05-24-01-17-32   >>>>   Start train ranking function

training done
2020-05-24-01-17-32   >>>>   End train ranking function

train_ranking_functioning time = 0.498 ms


2020-05-24-01-17-32   >>>>   Start verify ranking function

start alarm signal.
close alarm signal.
ranking function : 0.4 *  x[0]^1.0 + 0.6 *  x[1]^1.0 + 0.1 * 1

2020-05-24-01-17-32   >>>>   End verify ranking function

verifying time = 10.919 ms


Not Found Ranking Fcuntion

Conterexample is 

[4, -3]

sampling time = 0.887 ms


       ########################################         

iteration 3 with 8 examples

2020-05-24-01-17-32   >>>>   Start train ranking function

training done
2020-05-24-01-17-32   >>>>   End train ranking function

train_ranking_functioning time = 0.487 ms


2020-05-24-01-17-32   >>>>   Start verify ranking function

start alarm signal.
valid ranking function
close alarm signal.
ranking function : 0.6 *  x[0]^1.0 + 0.5 *  x[1]^1.0 + 0.1 * 1

2020-05-24-01-17-32   >>>>   End verify ranking function

verifying time = 9.492 ms


Found Ranking Fcuntion: 0.6 *  x[0]^1.0 + 0.5 *  x[1]^1.0 + 0.1 * 1

0.6 *  x[0]^1.0 + 0.5 *  x[1]^1.0 + 0.1 * 1
FINATE
Time For Template 0 Is--->-74.639000 ms

Time For ../Program_non/1.bpl Is ---> 288.851000 ms

Program is terminating
