------Using Template 0 -----------
4 [4]
*****************************************************

[-1.99999809e+00 -9.99999046e-01 -1.23456780e+07  0.00000000e+00] 1
[-0.99999905 -0.99999905 -0.         -1.        ] -1
2020-05-24-01-08-00   >>>>   End sampling point

sampling time = 10.585 ms,


       ########################################         

iteration 0 with 2 examples

2020-05-24-01-08-00   >>>>   Start train ranking function

training done
2020-05-24-01-08-00   >>>>   End train ranking function

train_ranking_functioning time = 0.810 ms


2020-05-24-01-08-00   >>>>   Start verify ranking function

start alarm signal.
[xr_1 = 1, xr_2 = 0, xr_0 = 1]
close alarm signal.
ranking function : 0.2857 *  x[0]^1.0 + 0.2857 *  x[1]^1.0 + 0.2857 * 1

2020-05-24-01-08-00   >>>>   End verify ranking function

verifying time = 11.201 ms


Not Found Ranking Fcuntion

Conterexample is 

[1, 1, 0]

sampling time = 1.197 ms


       ########################################         

iteration 1 with 4 examples

2020-05-24-01-08-00   >>>>   Start train ranking function

training done
2020-05-24-01-08-00   >>>>   End train ranking function

train_ranking_functioning time = 0.518 ms


2020-05-24-01-08-00   >>>>   Start verify ranking function

start alarm signal.
[xr_1 = 1, xr_2 = 0, xr_0 = 1]
close alarm signal.
ranking function : 0.3077 *  x[0]^1.0 + 0.3077 *  x[1]^1.0 + 0.3077 * 1

2020-05-24-01-08-00   >>>>   End verify ranking function

verifying time = 10.325 ms


Not Found Ranking Fcuntion

Conterexample is 

[1, 1, 0]

sampling time = 1.262 ms


       ########################################         

iteration 2 with 6 examples

2020-05-24-01-08-00   >>>>   Start train ranking function

training done
2020-05-24-01-08-00   >>>>   End train ranking function

train_ranking_functioning time = 0.531 ms


2020-05-24-01-08-00   >>>>   Start verify ranking function

start alarm signal.
[xr_1 = 1, xr_2 = 0, xr_0 = 1]
close alarm signal.
ranking function : 0.3158 *  x[0]^1.0 + 0.3158 *  x[1]^1.0 + 0.3158 * 1

2020-05-24-01-08-00   >>>>   End verify ranking function

verifying time = 10.569 ms


Not Found Ranking Fcuntion

Conterexample is 

[1, 1, 0]

sampling time = 1.228 ms


       ########################################         

iteration 3 with 8 examples

2020-05-24-01-08-00   >>>>   Start train ranking function

training done
2020-05-24-01-08-00   >>>>   End train ranking function

train_ranking_functioning time = 0.530 ms


2020-05-24-01-08-00   >>>>   Start verify ranking function

start alarm signal.
[xr_1 = 1, xr_2 = 0, xr_0 = 1]
close alarm signal.
ranking function : 0.32 *  x[0]^1.0 + 0.32 *  x[1]^1.0 + 0.32 * 1

2020-05-24-01-08-00   >>>>   End verify ranking function

verifying time = 10.236 ms


Not Found Ranking Fcuntion

Conterexample is 

[1, 1, 0]

sampling time = 1.305 ms


       ########################################         

iteration 4 with 10 examples

2020-05-24-01-08-00   >>>>   Start train ranking function

training done
2020-05-24-01-08-00   >>>>   End train ranking function

train_ranking_functioning time = 0.544 ms


2020-05-24-01-08-00   >>>>   Start verify ranking function

start alarm signal.
[xr_1 = 1, xr_2 = 0, xr_0 = 1]
close alarm signal.
ranking function : 0.3226 *  x[0]^1.0 + 0.3226 *  x[1]^1.0 + 0.3226 * 1

2020-05-24-01-08-00   >>>>   End verify ranking function

verifying time = 10.288 ms


Not Found Ranking Fcuntion

Conterexample is 

[1, 1, 0]

sampling time = 1.225 ms


       ########################################         

iteration 5 with 12 examples

2020-05-24-01-08-00   >>>>   Start train ranking function

training done
2020-05-24-01-08-00   >>>>   End train ranking function

train_ranking_functioning time = 0.543 ms


2020-05-24-01-08-00   >>>>   Start verify ranking function

start alarm signal.
[xr_1 = 1, xr_2 = 0, xr_0 = 1]
close alarm signal.
ranking function : 0.3243 *  x[0]^1.0 + 0.3243 *  x[1]^1.0 + 0.3243 * 1

2020-05-24-01-08-00   >>>>   End verify ranking function

verifying time = 10.096 ms


Not Found Ranking Fcuntion

Conterexample is 

[1, 1, 0]

sampling time = 1.216 ms


       ########################################         

iteration 6 with 14 examples

2020-05-24-01-08-00   >>>>   Start train ranking function

training done
2020-05-24-01-08-00   >>>>   End train ranking function

train_ranking_functioning time = 0.557 ms


2020-05-24-01-08-00   >>>>   Start verify ranking function

start alarm signal.
[xr_1 = 1, xr_2 = 0, xr_0 = 1]
close alarm signal.
ranking function : 0.3256 *  x[0]^1.0 + 0.3256 *  x[1]^1.0 + 0.3256 * 1

2020-05-24-01-08-00   >>>>   End verify ranking function

verifying time = 10.430 ms


Not Found Ranking Fcuntion

Conterexample is 

[1, 1, 0]

sampling time = 1.226 ms


       ########################################         

iteration 7 with 16 examples

2020-05-24-01-08-00   >>>>   Start train ranking function

training done
2020-05-24-01-08-00   >>>>   End train ranking function

train_ranking_functioning time = 0.544 ms


2020-05-24-01-08-00   >>>>   Start verify ranking function

start alarm signal.
[xr_1 = 1, xr_2 = 0, xr_0 = 1]
close alarm signal.
ranking function : 0.3265 *  x[0]^1.0 + 0.3265 *  x[1]^1.0 + 0.3265 * 1

2020-05-24-01-08-00   >>>>   End verify ranking function

verifying time = 10.300 ms


Not Found Ranking Fcuntion

Conterexample is 

[1, 1, 0]

sampling time = 1.215 ms


       ########################################         

iteration 8 with 18 examples

2020-05-24-01-08-00   >>>>   Start train ranking function

training done
2020-05-24-01-08-00   >>>>   End train ranking function

train_ranking_functioning time = 0.590 ms


2020-05-24-01-08-00   >>>>   Start verify ranking function

start alarm signal.
[xr_1 = 1, xr_2 = 0, xr_0 = 1]
close alarm signal.
ranking function : 0.3273 *  x[0]^1.0 + 0.3273 *  x[1]^1.0 + 0.3273 * 1

2020-05-24-01-08-00   >>>>   End verify ranking function

verifying time = 10.096 ms


Not Found Ranking Fcuntion

Conterexample is 

[1, 1, 0]

sampling time = 1.240 ms


       ########################################         

iteration 9 with 20 examples

2020-05-24-01-08-00   >>>>   Start train ranking function

training done
2020-05-24-01-08-00   >>>>   End train ranking function

train_ranking_functioning time = 0.558 ms


2020-05-24-01-08-00   >>>>   Start verify ranking function

start alarm signal.
[xr_1 = 1, xr_2 = 0, xr_0 = 1]
close alarm signal.
ranking function : 0.3279 *  x[0]^1.0 + 0.3279 *  x[1]^1.0 + 0.3279 * 1

2020-05-24-01-08-00   >>>>   End verify ranking function

verifying time = 10.158 ms


Not Found Ranking Fcuntion

Conterexample is 

[1, 1, 0]

sampling time = 1.225 ms


       ########################################         

iteration 10 with 22 examples

2020-05-24-01-08-00   >>>>   Start train ranking function

training done
2020-05-24-01-08-00   >>>>   End train ranking function

train_ranking_functioning time = 0.566 ms


2020-05-24-01-08-00   >>>>   Start verify ranking function

start alarm signal.
[xr_1 = 1, xr_2 = 0, xr_0 = 1]
close alarm signal.
ranking function : 0.3284 *  x[0]^1.0 + 0.3284 *  x[1]^1.0 + 0.3284 * 1

2020-05-24-01-08-00   >>>>   End verify ranking function

verifying time = 10.188 ms


Not Found Ranking Fcuntion

Conterexample is 

[1, 1, 0]

sampling time = 1.238 ms


       ########################################         

iteration 11 with 24 examples

2020-05-24-01-08-00   >>>>   Start train ranking function

training done
2020-05-24-01-08-00   >>>>   End train ranking function

train_ranking_functioning time = 0.564 ms


2020-05-24-01-08-00   >>>>   Start verify ranking function

start alarm signal.
[xr_1 = 1, xr_2 = 0, xr_0 = 1]
close alarm signal.
ranking function : 0.3288 *  x[0]^1.0 + 0.3288 *  x[1]^1.0 + 0.3288 * 1

2020-05-24-01-08-00   >>>>   End verify ranking function

verifying time = 10.356 ms


Not Found Ranking Fcuntion

Conterexample is 

[1, 1, 0]

sampling time = 1.239 ms


       ########################################         

iteration 12 with 26 examples

2020-05-24-01-08-00   >>>>   Start train ranking function

training done
2020-05-24-01-08-00   >>>>   End train ranking function

train_ranking_functioning time = 0.568 ms


2020-05-24-01-08-00   >>>>   Start verify ranking function

start alarm signal.
[xr_1 = 1, xr_2 = 0, xr_0 = 1]
close alarm signal.
ranking function : 0.3291 *  x[0]^1.0 + 0.3291 *  x[1]^1.0 + 0.3291 * 1

2020-05-24-01-08-00   >>>>   End verify ranking function

verifying time = 11.277 ms


Not Found Ranking Fcuntion

Conterexample is 

[1, 1, 0]

sampling time = 2.020 ms


       ########################################         

iteration 13 with 28 examples

2020-05-24-01-08-00   >>>>   Start train ranking function

training done
2020-05-24-01-08-00   >>>>   End train ranking function

train_ranking_functioning time = 0.750 ms


2020-05-24-01-08-00   >>>>   Start verify ranking function

start alarm signal.
[xr_1 = 1, xr_2 = 0, xr_0 = 1]
close alarm signal.
ranking function : 0.3294 *  x[0]^1.0 + 0.3294 *  x[1]^1.0 + 0.3294 * 1

2020-05-24-01-08-00   >>>>   End verify ranking function

verifying time = 11.177 ms


Not Found Ranking Fcuntion

Conterexample is 

[1, 1, 0]

sampling time = 1.230 ms


       ########################################         

iteration 14 with 30 examples

2020-05-24-01-08-00   >>>>   Start train ranking function

training done
2020-05-24-01-08-00   >>>>   End train ranking function

train_ranking_functioning time = 0.592 ms


2020-05-24-01-08-00   >>>>   Start verify ranking function

start alarm signal.
[xr_1 = 1, xr_2 = 0, xr_0 = 1]
close alarm signal.
ranking function : 0.3297 *  x[0]^1.0 + 0.3297 *  x[1]^1.0 + 0.3297 * 1

2020-05-24-01-08-00   >>>>   End verify ranking function

verifying time = 12.181 ms


Not Found Ranking Fcuntion

Conterexample is 

[1, 1, 0]

sampling time = 1.341 ms


       ########################################         

iteration 15 with 32 examples

2020-05-24-01-08-00   >>>>   Start train ranking function

training done
2020-05-24-01-08-00   >>>>   End train ranking function

train_ranking_functioning time = 0.581 ms


2020-05-24-01-08-00   >>>>   Start verify ranking function

start alarm signal.
[xr_1 = 1, xr_2 = 0, xr_0 = 1]
close alarm signal.
ranking function : 0.3299 *  x[0]^1.0 + 0.3299 *  x[1]^1.0 + 0.3299 * 1

2020-05-24-01-08-01   >>>>   End verify ranking function

verifying time = 10.635 ms


Not Found Ranking Fcuntion

Conterexample is 

[1, 1, 0]

sampling time = 1.361 ms


       ########################################         

iteration 16 with 34 examples

2020-05-24-01-08-01   >>>>   Start train ranking function

training done
2020-05-24-01-08-01   >>>>   End train ranking function

train_ranking_functioning time = 0.600 ms


2020-05-24-01-08-01   >>>>   Start verify ranking function

start alarm signal.
[xr_1 = 1, xr_2 = 0, xr_0 = 1]
close alarm signal.
ranking function : 0.3301 *  x[0]^1.0 + 0.3301 *  x[1]^1.0 + 0.3301 * 1

2020-05-24-01-08-01   >>>>   End verify ranking function

verifying time = 11.190 ms


Not Found Ranking Fcuntion

Conterexample is 

[1, 1, 0]

sampling time = 1.228 ms


       ########################################         

iteration 17 with 36 examples

2020-05-24-01-08-01   >>>>   Start train ranking function

training done
2020-05-24-01-08-01   >>>>   End train ranking function

train_ranking_functioning time = 0.597 ms


2020-05-24-01-08-01   >>>>   Start verify ranking function

start alarm signal.
[xr_1 = 1, xr_2 = 0, xr_0 = 1]
close alarm signal.
ranking function : 0.3303 *  x[0]^1.0 + 0.3303 *  x[1]^1.0 + 0.3303 * 1

2020-05-24-01-08-01   >>>>   End verify ranking function

verifying time = 10.276 ms


Not Found Ranking Fcuntion

Conterexample is 

[1, 1, 0]

sampling time = 1.265 ms


       ########################################         

iteration 18 with 38 examples

2020-05-24-01-08-01   >>>>   Start train ranking function

training done
2020-05-24-01-08-01   >>>>   End train ranking function

train_ranking_functioning time = 0.711 ms


2020-05-24-01-08-01   >>>>   Start verify ranking function

start alarm signal.
[xr_1 = 1, xr_2 = 0, xr_0 = 1]
close alarm signal.
ranking function : 0.3304 *  x[0]^1.0 + 0.3304 *  x[1]^1.0 + 0.3304 * 1

2020-05-24-01-08-01   >>>>   End verify ranking function

verifying time = 10.218 ms


Not Found Ranking Fcuntion

Conterexample is 

[1, 1, 0]

sampling time = 1.236 ms


       ########################################         

iteration 19 with 40 examples

2020-05-24-01-08-01   >>>>   Start train ranking function

training done
2020-05-24-01-08-01   >>>>   End train ranking function

train_ranking_functioning time = 0.598 ms


2020-05-24-01-08-01   >>>>   Start verify ranking function

start alarm signal.
[xr_1 = 1, xr_2 = 0, xr_0 = 1]
close alarm signal.
ranking function : 0.3306 *  x[0]^1.0 + 0.3306 *  x[1]^1.0 + 0.3306 * 1

2020-05-24-01-08-01   >>>>   End verify ranking function

verifying time = 10.176 ms


Not Found Ranking Fcuntion

Conterexample is 

[1, 1, 0]

sampling time = 1.300 ms


       ########################################         

iteration 20 with 42 examples

2020-05-24-01-08-01   >>>>   Start train ranking function

training done
2020-05-24-01-08-01   >>>>   End train ranking function

train_ranking_functioning time = 0.599 ms


2020-05-24-01-08-01   >>>>   Start verify ranking function

start alarm signal.
[xr_1 = 1, xr_2 = 0, xr_0 = 1]
close alarm signal.
ranking function : 0.3307 *  x[0]^1.0 + 0.3307 *  x[1]^1.0 + 0.3307 * 1

2020-05-24-01-08-01   >>>>   End verify ranking function

verifying time = 10.313 ms


Not Found Ranking Fcuntion

Conterexample is 

[1, 1, 0]

sampling time = 1.225 ms


       ########################################         

iteration 21 with 44 examples

2020-05-24-01-08-01   >>>>   Start train ranking function

training done
2020-05-24-01-08-01   >>>>   End train ranking function

train_ranking_functioning time = 0.599 ms


2020-05-24-01-08-01   >>>>   Start verify ranking function

start alarm signal.
[xr_1 = 1, xr_2 = 0, xr_0 = 1]
close alarm signal.
ranking function : 0.3308 *  x[0]^1.0 + 0.3308 *  x[1]^1.0 + 0.3308 * 1

2020-05-24-01-08-01   >>>>   End verify ranking function

verifying time = 10.317 ms


Not Found Ranking Fcuntion

Conterexample is 

[1, 1, 0]

sampling time = 1.256 ms


       ########################################         

iteration 22 with 46 examples

2020-05-24-01-08-01   >>>>   Start train ranking function

training done
2020-05-24-01-08-01   >>>>   End train ranking function

train_ranking_functioning time = 0.603 ms


2020-05-24-01-08-01   >>>>   Start verify ranking function

start alarm signal.
[xr_1 = 1, xr_2 = 0, xr_0 = 1]
close alarm signal.
ranking function : 0.3309 *  x[0]^1.0 + 0.3309 *  x[1]^1.0 + 0.3309 * 1

2020-05-24-01-08-01   >>>>   End verify ranking function

verifying time = 10.173 ms


Not Found Ranking Fcuntion

Conterexample is 

[1, 1, 0]

sampling time = 1.226 ms


       ########################################         

iteration 23 with 48 examples

2020-05-24-01-08-01   >>>>   Start train ranking function

training done
2020-05-24-01-08-01   >>>>   End train ranking function

train_ranking_functioning time = 0.607 ms


2020-05-24-01-08-01   >>>>   Start verify ranking function

start alarm signal.
[xr_1 = 1, xr_2 = 0, xr_0 = 1]
close alarm signal.
ranking function : 0.331 *  x[0]^1.0 + 0.331 *  x[1]^1.0 + 0.331 * 1

2020-05-24-01-08-01   >>>>   End verify ranking function

verifying time = 10.249 ms


Not Found Ranking Fcuntion

Conterexample is 

[1, 1, 0]

sampling time = 1.273 ms


       ########################################         

iteration 24 with 50 examples

2020-05-24-01-08-01   >>>>   Start train ranking function

training done
2020-05-24-01-08-01   >>>>   End train ranking function

train_ranking_functioning time = 0.619 ms


2020-05-24-01-08-01   >>>>   Start verify ranking function

start alarm signal.
[xr_1 = 1, xr_2 = 0, xr_0 = 1]
close alarm signal.
ranking function : 0.3311 *  x[0]^1.0 + 0.3311 *  x[1]^1.0 + 0.3311 * 1

2020-05-24-01-08-01   >>>>   End verify ranking function

verifying time = 10.230 ms


Not Found Ranking Fcuntion

Conterexample is 

[1, 1, 0]

sampling time = 1.231 ms


       ########################################         

iteration 25 with 52 examples

2020-05-24-01-08-01   >>>>   Start train ranking function

training done
2020-05-24-01-08-01   >>>>   End train ranking function

train_ranking_functioning time = 0.670 ms


2020-05-24-01-08-01   >>>>   Start verify ranking function

start alarm signal.
[xr_1 = 1, xr_2 = 0, xr_0 = 1]
close alarm signal.
ranking function : 0.3312 *  x[0]^1.0 + 0.3312 *  x[1]^1.0 + 0.3312 * 1

2020-05-24-01-08-01   >>>>   End verify ranking function

verifying time = 11.442 ms


Not Found Ranking Fcuntion

Conterexample is 

[1, 1, 0]

sampling time = 1.254 ms


       ########################################         

iteration 26 with 54 examples

2020-05-24-01-08-01   >>>>   Start train ranking function

training done
2020-05-24-01-08-01   >>>>   End train ranking function

train_ranking_functioning time = 0.637 ms


2020-05-24-01-08-01   >>>>   Start verify ranking function

start alarm signal.
[xr_1 = 1, xr_2 = 0, xr_0 = 1]
close alarm signal.
ranking function : 0.3313 *  x[0]^1.0 + 0.3313 *  x[1]^1.0 + 0.3313 * 1

2020-05-24-01-08-01   >>>>   End verify ranking function

verifying time = 11.719 ms


Not Found Ranking Fcuntion

Conterexample is 

[1, 1, 0]

sampling time = 1.284 ms


       ########################################         

iteration 27 with 56 examples

2020-05-24-01-08-01   >>>>   Start train ranking function

training done
2020-05-24-01-08-01   >>>>   End train ranking function

train_ranking_functioning time = 0.663 ms


2020-05-24-01-08-01   >>>>   Start verify ranking function

start alarm signal.
[xr_1 = 1, xr_2 = 0, xr_0 = 1]
close alarm signal.
ranking function : 0.3314 *  x[0]^1.0 + 0.3314 *  x[1]^1.0 + 0.3314 * 1

2020-05-24-01-08-01   >>>>   End verify ranking function

verifying time = 11.227 ms


Not Found Ranking Fcuntion

Conterexample is 

[1, 1, 0]

sampling time = 1.313 ms


       ########################################         

iteration 28 with 58 examples

2020-05-24-01-08-01   >>>>   Start train ranking function

training done
2020-05-24-01-08-01   >>>>   End train ranking function

train_ranking_functioning time = 0.702 ms


2020-05-24-01-08-01   >>>>   Start verify ranking function

start alarm signal.
[xr_1 = 1, xr_2 = 0, xr_0 = 1]
close alarm signal.
ranking function : 0.3314 *  x[0]^1.0 + 0.3314 *  x[1]^1.0 + 0.3314 * 1

2020-05-24-01-08-01   >>>>   End verify ranking function

verifying time = 10.904 ms


Not Found Ranking Fcuntion

Conterexample is 

[1, 1, 0]

sampling time = 1.234 ms


       ########################################         

iteration 29 with 60 examples

2020-05-24-01-08-01   >>>>   Start train ranking function

training done
2020-05-24-01-08-01   >>>>   End train ranking function

train_ranking_functioning time = 0.643 ms


2020-05-24-01-08-01   >>>>   Start verify ranking function

start alarm signal.
[xr_1 = 1, xr_2 = 0, xr_0 = 1]
close alarm signal.
ranking function : 0.3315 *  x[0]^1.0 + 0.3315 *  x[1]^1.0 + 0.3315 * 1

2020-05-24-01-08-01   >>>>   End verify ranking function

verifying time = 10.682 ms


Not Found Ranking Fcuntion

Conterexample is 

[1, 1, 0]

sampling time = 1.206 ms


       ########################################         

iteration 30 with 62 examples

2020-05-24-01-08-01   >>>>   Start train ranking function

training done
2020-05-24-01-08-01   >>>>   End train ranking function

train_ranking_functioning time = 0.665 ms


2020-05-24-01-08-01   >>>>   Start verify ranking function

start alarm signal.
[xr_1 = 1, xr_2 = 0, xr_0 = 1]
close alarm signal.
ranking function : 0.3316 *  x[0]^1.0 + 0.3316 *  x[1]^1.0 + 0.3316 * 1

2020-05-24-01-08-01   >>>>   End verify ranking function

verifying time = 10.274 ms


Not Found Ranking Fcuntion

Conterexample is 

[1, 1, 0]

sampling time = 1.243 ms


       ########################################         

iteration 31 with 64 examples

2020-05-24-01-08-01   >>>>   Start train ranking function

training done
2020-05-24-01-08-01   >>>>   End train ranking function

train_ranking_functioning time = 0.657 ms


2020-05-24-01-08-01   >>>>   Start verify ranking function

start alarm signal.
[xr_1 = 1, xr_2 = 0, xr_0 = 1]
close alarm signal.
ranking function : 0.3316 *  x[0]^1.0 + 0.3316 *  x[1]^1.0 + 0.3316 * 1

2020-05-24-01-08-01   >>>>   End verify ranking function

verifying time = 10.480 ms


Not Found Ranking Fcuntion

Conterexample is 

[1, 1, 0]

sampling time = 1.329 ms


       ########################################         

iteration 32 with 66 examples

2020-05-24-01-08-01   >>>>   Start train ranking function

training done
2020-05-24-01-08-01   >>>>   End train ranking function

train_ranking_functioning time = 0.730 ms


2020-05-24-01-08-01   >>>>   Start verify ranking function

start alarm signal.
[xr_1 = 1, xr_2 = 0, xr_0 = 1]
close alarm signal.
ranking function : 0.3317 *  x[0]^1.0 + 0.3317 *  x[1]^1.0 + 0.3317 * 1

2020-05-24-01-08-01   >>>>   End verify ranking function

verifying time = 10.438 ms


Not Found Ranking Fcuntion

Conterexample is 

[1, 1, 0]

sampling time = 1.250 ms


       ########################################         

iteration 33 with 68 examples

2020-05-24-01-08-01   >>>>   Start train ranking function

training done
2020-05-24-01-08-01   >>>>   End train ranking function

train_ranking_functioning time = 0.666 ms


2020-05-24-01-08-01   >>>>   Start verify ranking function

start alarm signal.
[xr_1 = 1, xr_2 = 0, xr_0 = 1]
close alarm signal.
ranking function : 0.3317 *  x[0]^1.0 + 0.3317 *  x[1]^1.0 + 0.3317 * 1

2020-05-24-01-08-01   >>>>   End verify ranking function

verifying time = 10.219 ms


Not Found Ranking Fcuntion

Conterexample is 

[1, 1, 0]

sampling time = 1.229 ms


       ########################################         

iteration 34 with 70 examples

2020-05-24-01-08-01   >>>>   Start train ranking function

training done
2020-05-24-01-08-01   >>>>   End train ranking function

train_ranking_functioning time = 0.648 ms


2020-05-24-01-08-01   >>>>   Start verify ranking function

start alarm signal.
[xr_1 = 1, xr_2 = 0, xr_0 = 1]
close alarm signal.
ranking function : 0.3318 *  x[0]^1.0 + 0.3318 *  x[1]^1.0 + 0.3318 * 1

2020-05-24-01-08-01   >>>>   End verify ranking function

verifying time = 10.963 ms


Not Found Ranking Fcuntion

Conterexample is 

[1, 1, 0]

sampling time = 1.227 ms


       ########################################         

iteration 35 with 72 examples

2020-05-24-01-08-01   >>>>   Start train ranking function

training done
2020-05-24-01-08-01   >>>>   End train ranking function

train_ranking_functioning time = 0.692 ms


2020-05-24-01-08-01   >>>>   Start verify ranking function

start alarm signal.
[xr_1 = 1, xr_2 = 0, xr_0 = 1]
close alarm signal.
ranking function : 0.3318 *  x[0]^1.0 + 0.3318 *  x[1]^1.0 + 0.3318 * 1

2020-05-24-01-08-01   >>>>   End verify ranking function

verifying time = 10.472 ms


Not Found Ranking Fcuntion

Conterexample is 

[1, 1, 0]

sampling time = 1.242 ms


       ########################################         

iteration 36 with 74 examples

2020-05-24-01-08-01   >>>>   Start train ranking function

training done
2020-05-24-01-08-01   >>>>   End train ranking function

train_ranking_functioning time = 0.659 ms


2020-05-24-01-08-01   >>>>   Start verify ranking function

start alarm signal.
[xr_1 = 1, xr_2 = 0, xr_0 = 1]
close alarm signal.
ranking function : 0.3318 *  x[0]^1.0 + 0.3318 *  x[1]^1.0 + 0.3318 * 1

2020-05-24-01-08-01   >>>>   End verify ranking function

verifying time = 10.418 ms


Not Found Ranking Fcuntion

Conterexample is 

[1, 1, 0]

sampling time = 1.214 ms


       ########################################         

iteration 37 with 76 examples

2020-05-24-01-08-01   >>>>   Start train ranking function

training done
2020-05-24-01-08-01   >>>>   End train ranking function

train_ranking_functioning time = 0.682 ms


2020-05-24-01-08-01   >>>>   Start verify ranking function

start alarm signal.
[xr_1 = 1, xr_2 = 0, xr_0 = 1]
close alarm signal.
ranking function : 0.3319 *  x[0]^1.0 + 0.3319 *  x[1]^1.0 + 0.3319 * 1

2020-05-24-01-08-01   >>>>   End verify ranking function

verifying time = 10.476 ms


Not Found Ranking Fcuntion

Conterexample is 

[1, 1, 0]

sampling time = 1.242 ms


       ########################################         

iteration 38 with 78 examples

2020-05-24-01-08-01   >>>>   Start train ranking function

training done
2020-05-24-01-08-01   >>>>   End train ranking function

train_ranking_functioning time = 1.043 ms


2020-05-24-01-08-01   >>>>   Start verify ranking function

start alarm signal.
[xr_1 = 1, xr_2 = 0, xr_0 = 1]
close alarm signal.
ranking function : 0.3319 *  x[0]^1.0 + 0.3319 *  x[1]^1.0 + 0.3319 * 1

2020-05-24-01-08-01   >>>>   End verify ranking function

verifying time = 12.459 ms


Not Found Ranking Fcuntion

Conterexample is 

[1, 1, 0]

sampling time = 1.345 ms


       ########################################         

iteration 39 with 80 examples

2020-05-24-01-08-01   >>>>   Start train ranking function

training done
2020-05-24-01-08-01   >>>>   End train ranking function

train_ranking_functioning time = 0.688 ms


2020-05-24-01-08-01   >>>>   Start verify ranking function

start alarm signal.
[xr_1 = 1, xr_2 = 0, xr_0 = 1]
close alarm signal.
ranking function : 0.3319 *  x[0]^1.0 + 0.3319 *  x[1]^1.0 + 0.3319 * 1

2020-05-24-01-08-01   >>>>   End verify ranking function

verifying time = 11.275 ms


Not Found Ranking Fcuntion

Conterexample is 

[1, 1, 0]

sampling time = 1.256 ms


       ########################################         

iteration 40 with 82 examples

2020-05-24-01-08-01   >>>>   Start train ranking function

training done
2020-05-24-01-08-01   >>>>   End train ranking function

train_ranking_functioning time = 0.680 ms


2020-05-24-01-08-01   >>>>   Start verify ranking function

start alarm signal.
[xr_1 = 1, xr_2 = 0, xr_0 = 1]
close alarm signal.
ranking function : 0.332 *  x[0]^1.0 + 0.332 *  x[1]^1.0 + 0.332 * 1

2020-05-24-01-08-01   >>>>   End verify ranking function

verifying time = 11.146 ms


Not Found Ranking Fcuntion

Conterexample is 

[1, 1, 0]

sampling time = 1.264 ms


       ########################################         

iteration 41 with 84 examples

2020-05-24-01-08-01   >>>>   Start train ranking function

training done
2020-05-24-01-08-01   >>>>   End train ranking function

train_ranking_functioning time = 0.682 ms


2020-05-24-01-08-01   >>>>   Start verify ranking function

start alarm signal.
[xr_1 = 1, xr_2 = 0, xr_0 = 1]
close alarm signal.
ranking function : 0.332 *  x[0]^1.0 + 0.332 *  x[1]^1.0 + 0.332 * 1

2020-05-24-01-08-01   >>>>   End verify ranking function

verifying time = 11.184 ms


Not Found Ranking Fcuntion

Conterexample is 

[1, 1, 0]

sampling time = 1.385 ms


       ########################################         

iteration 42 with 86 examples

2020-05-24-01-08-01   >>>>   Start train ranking function

training done
2020-05-24-01-08-01   >>>>   End train ranking function

train_ranking_functioning time = 0.736 ms


2020-05-24-01-08-01   >>>>   Start verify ranking function

start alarm signal.
[xr_1 = 1, xr_2 = 0, xr_0 = 1]
close alarm signal.
ranking function : 0.3321 *  x[0]^1.0 + 0.3321 *  x[1]^1.0 + 0.3321 * 1

2020-05-24-01-08-01   >>>>   End verify ranking function

verifying time = 10.475 ms


Not Found Ranking Fcuntion

Conterexample is 

[1, 1, 0]

sampling time = 1.998 ms


       ########################################         

iteration 43 with 88 examples

2020-05-24-01-08-01   >>>>   Start train ranking function

training done
2020-05-24-01-08-01   >>>>   End train ranking function

train_ranking_functioning time = 0.723 ms


2020-05-24-01-08-01   >>>>   Start verify ranking function

start alarm signal.
[xr_1 = 1, xr_2 = 0, xr_0 = 1]
close alarm signal.
ranking function : 0.3321 *  x[0]^1.0 + 0.3321 *  x[1]^1.0 + 0.3321 * 1

2020-05-24-01-08-01   >>>>   End verify ranking function

verifying time = 10.660 ms


Not Found Ranking Fcuntion

Conterexample is 

[1, 1, 0]

sampling time = 1.272 ms


       ########################################         

iteration 44 with 90 examples

2020-05-24-01-08-01   >>>>   Start train ranking function

training done
2020-05-24-01-08-01   >>>>   End train ranking function

train_ranking_functioning time = 0.686 ms


2020-05-24-01-08-01   >>>>   Start verify ranking function

start alarm signal.
[xr_1 = 1, xr_2 = 0, xr_0 = 1]
close alarm signal.
ranking function : 0.3321 *  x[0]^1.0 + 0.3321 *  x[1]^1.0 + 0.3321 * 1

2020-05-24-01-08-01   >>>>   End verify ranking function

verifying time = 10.331 ms


Not Found Ranking Fcuntion

Conterexample is 

[1, 1, 0]

sampling time = 1.238 ms


       ########################################         

iteration 45 with 92 examples

2020-05-24-01-08-01   >>>>   Start train ranking function

training done
2020-05-24-01-08-01   >>>>   End train ranking function

train_ranking_functioning time = 0.701 ms


2020-05-24-01-08-01   >>>>   Start verify ranking function

start alarm signal.
[xr_1 = 1, xr_2 = 0, xr_0 = 1]
close alarm signal.
ranking function : 0.3321 *  x[0]^1.0 + 0.3321 *  x[1]^1.0 + 0.3321 * 1

2020-05-24-01-08-01   >>>>   End verify ranking function

verifying time = 10.924 ms


Not Found Ranking Fcuntion

Conterexample is 

[1, 1, 0]

sampling time = 1.217 ms


       ########################################         

iteration 46 with 94 examples

2020-05-24-01-08-01   >>>>   Start train ranking function

training done
2020-05-24-01-08-01   >>>>   End train ranking function

train_ranking_functioning time = 0.701 ms


2020-05-24-01-08-01   >>>>   Start verify ranking function

start alarm signal.
[xr_1 = 1, xr_2 = 0, xr_0 = 1]
close alarm signal.
ranking function : 0.3322 *  x[0]^1.0 + 0.3322 *  x[1]^1.0 + 0.3322 * 1

2020-05-24-01-08-01   >>>>   End verify ranking function

verifying time = 10.268 ms


Not Found Ranking Fcuntion

Conterexample is 

[1, 1, 0]

sampling time = 1.218 ms


       ########################################         

iteration 47 with 96 examples

2020-05-24-01-08-01   >>>>   Start train ranking function

training done
2020-05-24-01-08-01   >>>>   End train ranking function

train_ranking_functioning time = 0.723 ms


2020-05-24-01-08-01   >>>>   Start verify ranking function

start alarm signal.
[xr_1 = 1, xr_2 = 0, xr_0 = 1]
close alarm signal.
ranking function : 0.3322 *  x[0]^1.0 + 0.3322 *  x[1]^1.0 + 0.3322 * 1

2020-05-24-01-08-01   >>>>   End verify ranking function

verifying time = 10.222 ms


Not Found Ranking Fcuntion

Conterexample is 

[1, 1, 0]

sampling time = 1.229 ms


       ########################################         

iteration 48 with 98 examples

2020-05-24-01-08-01   >>>>   Start train ranking function

training done
2020-05-24-01-08-01   >>>>   End train ranking function

train_ranking_functioning time = 0.708 ms


2020-05-24-01-08-01   >>>>   Start verify ranking function

start alarm signal.
[xr_1 = 1, xr_2 = 0, xr_0 = 1]
close alarm signal.
ranking function : 0.3322 *  x[0]^1.0 + 0.3322 *  x[1]^1.0 + 0.3322 * 1

2020-05-24-01-08-01   >>>>   End verify ranking function

verifying time = 10.468 ms


Not Found Ranking Fcuntion

Conterexample is 

[1, 1, 0]

sampling time = 1.333 ms


       ########################################         

iteration 49 with 100 examples

2020-05-24-01-08-01   >>>>   Start train ranking function

training done
2020-05-24-01-08-01   >>>>   End train ranking function

train_ranking_functioning time = 0.753 ms


2020-05-24-01-08-01   >>>>   Start verify ranking function

start alarm signal.
[xr_1 = 1, xr_2 = 0, xr_0 = 1]
close alarm signal.
ranking function : 0.3322 *  x[0]^1.0 + 0.3322 *  x[1]^1.0 + 0.3322 * 1

2020-05-24-01-08-01   >>>>   End verify ranking function

verifying time = 10.346 ms


Not Found Ranking Fcuntion

Conterexample is 

[1, 1, 0]

sampling time = 1.239 ms


       ########################################         

iteration 50 with 102 examples

2020-05-24-01-08-01   >>>>   Start train ranking function

training done
2020-05-24-01-08-01   >>>>   End train ranking function

train_ranking_functioning time = 0.735 ms


2020-05-24-01-08-01   >>>>   Start verify ranking function

start alarm signal.
[xr_1 = 1, xr_2 = 0, xr_0 = 1]
close alarm signal.
ranking function : 0.3323 *  x[0]^1.0 + 0.3323 *  x[1]^1.0 + 0.3323 * 1

2020-05-24-01-08-01   >>>>   End verify ranking function

verifying time = 10.213 ms


Not Found Ranking Fcuntion

Conterexample is 

[1, 1, 0]

sampling time = 2.268 ms


       ########################################         

iteration 51 with 104 examples

2020-05-24-01-08-01   >>>>   Start train ranking function

training done
2020-05-24-01-08-01   >>>>   End train ranking function

train_ranking_functioning time = 0.998 ms


2020-05-24-01-08-01   >>>>   Start verify ranking function

start alarm signal.
[xr_1 = 1, xr_2 = 0, xr_0 = 1]
close alarm signal.
ranking function : 0.3323 *  x[0]^1.0 + 0.3323 *  x[1]^1.0 + 0.3323 * 1

2020-05-24-01-08-01   >>>>   End verify ranking function

verifying time = 11.044 ms


Not Found Ranking Fcuntion

Conterexample is 

[1, 1, 0]

sampling time = 1.225 ms


       ########################################         

iteration 52 with 106 examples

2020-05-24-01-08-01   >>>>   Start train ranking function

training done
2020-05-24-01-08-01   >>>>   End train ranking function

train_ranking_functioning time = 0.798 ms


2020-05-24-01-08-01   >>>>   Start verify ranking function

start alarm signal.
[xr_1 = 1, xr_2 = 0, xr_0 = 1]
close alarm signal.
ranking function : 0.3323 *  x[0]^1.0 + 0.3323 *  x[1]^1.0 + 0.3323 * 1

2020-05-24-01-08-01   >>>>   End verify ranking function

verifying time = 11.904 ms


Not Found Ranking Fcuntion

Conterexample is 

[1, 1, 0]

sampling time = 1.814 ms


       ########################################         

iteration 53 with 108 examples

2020-05-24-01-08-01   >>>>   Start train ranking function

training done
2020-05-24-01-08-01   >>>>   End train ranking function

train_ranking_functioning time = 1.133 ms


2020-05-24-01-08-01   >>>>   Start verify ranking function

start alarm signal.
[xr_1 = 1, xr_2 = 0, xr_0 = 1]
close alarm signal.
ranking function : 0.3323 *  x[0]^1.0 + 0.3323 *  x[1]^1.0 + 0.3323 * 1

2020-05-24-01-08-01   >>>>   End verify ranking function

verifying time = 10.796 ms


Not Found Ranking Fcuntion

Conterexample is 

[1, 1, 0]

sampling time = 1.397 ms


       ########################################         

iteration 54 with 110 examples

2020-05-24-01-08-01   >>>>   Start train ranking function

training done
2020-05-24-01-08-01   >>>>   End train ranking function

train_ranking_functioning time = 0.793 ms


2020-05-24-01-08-01   >>>>   Start verify ranking function

start alarm signal.
[xr_1 = 1, xr_2 = 0, xr_0 = 1]
close alarm signal.
ranking function : 0.3323 *  x[0]^1.0 + 0.3323 *  x[1]^1.0 + 0.3323 * 1

2020-05-24-01-08-01   >>>>   End verify ranking function

verifying time = 11.362 ms


Not Found Ranking Fcuntion

Conterexample is 

[1, 1, 0]

sampling time = 1.223 ms


       ########################################         

iteration 55 with 112 examples

2020-05-24-01-08-01   >>>>   Start train ranking function

5
training done
2020-05-24-01-08-01   >>>>   End train ranking function

train_ranking_functioning time = 0.767 ms


2020-05-24-01-08-01   >>>>   Start verify ranking function

start alarm signal.
[xr_1 = 1, xr_2 = 0, xr_0 = 1]
close alarm signal.
ranking function : 0.3323 *  x[0]^1.0 + 0.3323 *  x[1]^1.0 + 0.3323 * 1

2020-05-24-01-08-01   >>>>   End verify ranking function

verifying time = 10.574 ms


Not Found Ranking Fcuntion

Conterexample is 

[1, 1, 0]

sampling time = 1.269 ms


       ########################################         

iteration 56 with 114 examples

2020-05-24-01-08-01   >>>>   Start train ranking function

training done
2020-05-24-01-08-01   >>>>   End train ranking function

train_ranking_functioning time = 0.744 ms


2020-05-24-01-08-01   >>>>   Start verify ranking function

start alarm signal.
[xr_1 = 1, xr_2 = 0, xr_0 = 1]
close alarm signal.
ranking function : 0.3 *  x[0]^1.0 + 0.3 *  x[1]^1.0 + 0.3 * 1

2020-05-24-01-08-01   >>>>   End verify ranking function

verifying time = 10.324 ms


Not Found Ranking Fcuntion

Conterexample is 

[1, 1, 0]

sampling time = 1.216 ms


       ########################################         

iteration 57 with 116 examples

2020-05-24-01-08-01   >>>>   Start train ranking function

training done
2020-05-24-01-08-01   >>>>   End train ranking function

train_ranking_functioning time = 0.740 ms


2020-05-24-01-08-01   >>>>   Start verify ranking function

start alarm signal.
[xr_1 = 1, xr_2 = 0, xr_0 = 1]
close alarm signal.
ranking function : 0.3 *  x[0]^1.0 + 0.3 *  x[1]^1.0 + 0.3 * 1

2020-05-24-01-08-01   >>>>   End verify ranking function

verifying time = 10.377 ms


Not Found Ranking Fcuntion

Conterexample is 

[1, 1, 0]

sampling time = 1.257 ms


       ########################################         

iteration 58 with 118 examples

2020-05-24-01-08-01   >>>>   Start train ranking function

training done
2020-05-24-01-08-01   >>>>   End train ranking function

train_ranking_functioning time = 0.749 ms


2020-05-24-01-08-01   >>>>   Start verify ranking function

start alarm signal.
[xr_1 = 1, xr_2 = 0, xr_0 = 1]
close alarm signal.
ranking function : 0.3 *  x[0]^1.0 + 0.3 *  x[1]^1.0 + 0.3 * 1

2020-05-24-01-08-01   >>>>   End verify ranking function

verifying time = 10.387 ms


Not Found Ranking Fcuntion

Conterexample is 

[1, 1, 0]

sampling time = 1.219 ms


       ########################################         

iteration 59 with 120 examples

2020-05-24-01-08-01   >>>>   Start train ranking function

training done
2020-05-24-01-08-01   >>>>   End train ranking function

train_ranking_functioning time = 0.765 ms


2020-05-24-01-08-01   >>>>   Start verify ranking function

start alarm signal.
[xr_1 = 1, xr_2 = 0, xr_0 = 1]
close alarm signal.
ranking function : 0.3 *  x[0]^1.0 + 0.3 *  x[1]^1.0 + 0.3 * 1

2020-05-24-01-08-01   >>>>   End verify ranking function

verifying time = 10.496 ms


Not Found Ranking Fcuntion

Conterexample is 

[1, 1, 0]

sampling time = 1.255 ms


       ########################################         

iteration 60 with 122 examples

2020-05-24-01-08-01   >>>>   Start train ranking function

training done
2020-05-24-01-08-01   >>>>   End train ranking function

train_ranking_functioning time = 0.768 ms


2020-05-24-01-08-01   >>>>   Start verify ranking function

start alarm signal.
[xr_1 = 1, xr_2 = 0, xr_0 = 1]
close alarm signal.
ranking function : 0.3 *  x[0]^1.0 + 0.3 *  x[1]^1.0 + 0.3 * 1

2020-05-24-01-08-01   >>>>   End verify ranking function

verifying time = 10.243 ms


Not Found Ranking Fcuntion

Conterexample is 

[1, 1, 0]

sampling time = 1.270 ms


       ########################################         

iteration 61 with 124 examples

2020-05-24-01-08-01   >>>>   Start train ranking function

5
training done
2020-05-24-01-08-01   >>>>   End train ranking function

train_ranking_functioning time = 0.773 ms


2020-05-24-01-08-01   >>>>   Start verify ranking function

start alarm signal.
[xr_1 = 1, xr_2 = 0, xr_0 = 1]
close alarm signal.
ranking function : 0.3 *  x[0]^1.0 + 0.3 *  x[1]^1.0 + 0.3 * 1

2020-05-24-01-08-01   >>>>   End verify ranking function

verifying time = 10.212 ms


Not Found Ranking Fcuntion

Conterexample is 

[1, 1, 0]

sampling time = 1.292 ms


       ########################################         

iteration 62 with 126 examples

2020-05-24-01-08-01   >>>>   Start train ranking function

training done
2020-05-24-01-08-01   >>>>   End train ranking function

train_ranking_functioning time = 0.758 ms


2020-05-24-01-08-01   >>>>   Start verify ranking function

start alarm signal.
[xr_1 = 1, xr_0 = 1]
close alarm signal.
ranking function : 

2020-05-24-01-08-01   >>>>   End verify ranking function

verifying time = 10.205 ms


Not Found Ranking Fcuntion

Conterexample is 

[1, 1, 0]

sampling time = 1.270 ms


       ########################################         

iteration 63 with 128 examples

2020-05-24-01-08-01   >>>>   Start train ranking function

training done
2020-05-24-01-08-01   >>>>   End train ranking function

train_ranking_functioning time = 0.753 ms


2020-05-24-01-08-01   >>>>   Start verify ranking function

start alarm signal.
[xr_1 = 1, xr_0 = 1]
close alarm signal.
ranking function : 

2020-05-24-01-08-01   >>>>   End verify ranking function

verifying time = 10.137 ms


Not Found Ranking Fcuntion

Conterexample is 

[1, 1, 0]

sampling time = 1.245 ms


       ########################################         

iteration 64 with 130 examples

2020-05-24-01-08-01   >>>>   Start train ranking function

training done
2020-05-24-01-08-01   >>>>   End train ranking function

train_ranking_functioning time = 1.156 ms


2020-05-24-01-08-01   >>>>   Start verify ranking function

start alarm signal.
[xr_1 = 1, xr_0 = 1]
close alarm signal.
ranking function : 

2020-05-24-01-08-01   >>>>   End verify ranking function

verifying time = 11.831 ms


Not Found Ranking Fcuntion

Conterexample is 

[1, 1, 0]

sampling time = 1.313 ms


       ########################################         

iteration 65 with 132 examples

2020-05-24-01-08-01   >>>>   Start train ranking function

training done
2020-05-24-01-08-01   >>>>   End train ranking function

train_ranking_functioning time = 0.781 ms


2020-05-24-01-08-01   >>>>   Start verify ranking function

start alarm signal.
[xr_1 = 1, xr_0 = 1]
close alarm signal.
ranking function : 

2020-05-24-01-08-01   >>>>   End verify ranking function

verifying time = 10.632 ms


Not Found Ranking Fcuntion

Conterexample is 

[1, 1, 0]

sampling time = 1.315 ms


       ########################################         

iteration 66 with 134 examples

2020-05-24-01-08-01   >>>>   Start train ranking function

training done
2020-05-24-01-08-01   >>>>   End train ranking function

train_ranking_functioning time = 1.561 ms


2020-05-24-01-08-01   >>>>   Start verify ranking function

start alarm signal.
[xr_1 = 1, xr_0 = 1]
close alarm signal.
ranking function : 

2020-05-24-01-08-01   >>>>   End verify ranking function

verifying time = 10.752 ms


Not Found Ranking Fcuntion

Conterexample is 

[1, 1, 0]

sampling time = 1.277 ms


       ########################################         

iteration 67 with 136 examples

2020-05-24-01-08-01   >>>>   Start train ranking function

5
the coefficient is convergent

Failed to prove it is terminating

UNKNOWN
Time For Template 0 Is--->-986.552000 ms

Time For ../Program_non/108.bpl Is ---> 1229.223000 ms

UNKNOWN
