------Using Template 0 -----------
2 [2]
*****************************************************

[1.99999809 0.        ] 1
[-0.99999905 -1.        ] -1
2020-05-24-01-08-12   >>>>   End sampling point

sampling time = 8.754 ms,


       ########################################         

iteration 0 with 2 examples

2020-05-24-01-08-12   >>>>   Start train ranking function

training done
2020-05-24-01-08-12   >>>>   End train ranking function

train_ranking_functioning time = 0.790 ms


2020-05-24-01-08-12   >>>>   Start verify ranking function

start alarm signal.
valid ranking function
close alarm signal.
ranking function : 0.5 *  x[0]^1.0 + 0.3 * 1

2020-05-24-01-08-12   >>>>   End verify ranking function

verifying time = 7.772 ms


Found Ranking Fcuntion: 0.5 *  x[0]^1.0 + 0.3 * 1

0.5 *  x[0]^1.0 + 0.3 * 1
FINATE
Time For Template 0 Is--->-27.918000 ms

Time For ../Program_non/115.bpl Is ---> 232.545000 ms

Program is terminating
