------Using Template 0 -----------
5 [5]
*****************************************************

[1. 3. 0. 0. 0.] 1
[ 9.53674316e-07 -0.00000000e+00 -0.00000000e+00 -0.00000000e+00
 -1.00000000e+00] -1
2020-05-24-01-08-41   >>>>   End sampling point

sampling time = 10.601 ms,


       ########################################         

iteration 0 with 2 examples

2020-05-24-01-08-41   >>>>   Start train ranking function

training done
2020-05-24-01-08-41   >>>>   End train ranking function

train_ranking_functioning time = 0.797 ms


2020-05-24-01-08-41   >>>>   Start verify ranking function

start alarm signal.
close alarm signal.
ranking function : 0.1 *  x[0]^1.0 + 0.3 *  x[1]^1.0 + 0.7 * 1

2020-05-24-01-08-41   >>>>   End verify ranking function

verifying time = 13.194 ms


Not Found Ranking Fcuntion

Conterexample is 

[0, -3, 0, 0]

sampling time = 1.628 ms


       ########################################         

iteration 1 with 4 examples

2020-05-24-01-08-41   >>>>   Start train ranking function

training done
2020-05-24-01-08-41   >>>>   End train ranking function

train_ranking_functioning time = 0.519 ms


2020-05-24-01-08-41   >>>>   Start verify ranking function

start alarm signal.
close alarm signal.
ranking function : 0.6 *  x[0]^1.0 + 0.1 *  x[1]^1.0 + 0.9 * 1

2020-05-24-01-08-41   >>>>   End verify ranking function

verifying time = 13.157 ms


Not Found Ranking Fcuntion

Conterexample is 

[0, -10, 0, 0]

sampling time = 1.709 ms


       ########################################         

iteration 2 with 6 examples

2020-05-24-01-08-41   >>>>   Start train ranking function

training done
2020-05-24-01-08-41   >>>>   End train ranking function

train_ranking_functioning time = 0.548 ms


2020-05-24-01-08-41   >>>>   Start verify ranking function

start alarm signal.
valid ranking function
close alarm signal.
ranking function : 0.9 *  x[0]^1.0 + 0.8 * 1

2020-05-24-01-08-41   >>>>   End verify ranking function

verifying time = 11.806 ms


Found Ranking Fcuntion: 0.9 *  x[0]^1.0 + 0.8 * 1

0.9 *  x[0]^1.0 + 0.8 * 1
FINATE
Time For Template 0 Is--->-72.494000 ms

Time For ../Program_non/132.bpl Is ---> 276.849000 ms

Program is terminating
