------Using Template 0 -----------
3 [3]
*****************************************************

[-0.01538417  0.98461538  0.        ] 1
[-0.12403476 -0.9922781  -1.        ] -1
2020-05-24-01-11-38   >>>>   End sampling point

sampling time = 16.290 ms,


       ########################################         

iteration 0 with 2 examples

2020-05-24-01-11-38   >>>>   Start train ranking function

training done
2020-05-24-01-11-38   >>>>   End train ranking function

train_ranking_functioning time = 0.793 ms


2020-05-24-01-11-38   >>>>   Start verify ranking function

start alarm signal.
[xr_1 = 0, xr_0 = -1]
close alarm signal.
ranking function : 0.0139 *  x[0]^1.0 + 0.7315 *  x[1]^1.0 + 0.1816 * 1

2020-05-24-01-11-38   >>>>   End verify ranking function

verifying time = 15.444 ms


Not Found Ranking Fcuntion

Conterexample is 

[-1, 0]

sampling time = 0.883 ms


       ########################################         

iteration 1 with 4 examples

2020-05-24-01-11-38   >>>>   Start train ranking function

training done
2020-05-24-01-11-38   >>>>   End train ranking function

train_ranking_functioning time = 0.552 ms


2020-05-24-01-11-38   >>>>   Start verify ranking function

start alarm signal.
close alarm signal.
ranking function :  - 0.6889 *  x[0]^1.0 + 0.7266 *  x[1]^1.0 + 0.2702 * 1

2020-05-24-01-11-38   >>>>   End verify ranking function

verifying time = 16.691 ms


Not Found Ranking Fcuntion

Conterexample is 

[0.125, -0.5]

sampling time = 0.880 ms


       ########################################         

iteration 2 with 6 examples

2020-05-24-01-11-38   >>>>   Start train ranking function

training done
2020-05-24-01-11-38   >>>>   End train ranking function

train_ranking_functioning time = 0.518 ms


2020-05-24-01-11-38   >>>>   Start verify ranking function

start alarm signal.
valid ranking function
close alarm signal.
ranking function :  - 0.6395 *  x[0]^1.0 + 0.5184 *  x[1]^1.0 + 0.8927 * 1

2020-05-24-01-11-38   >>>>   End verify ranking function

verifying time = 15.077 ms


Found Ranking Fcuntion:  - 0.6395 *  x[0]^1.0 + 0.5184 *  x[1]^1.0 + 0.8927 * 1

 - 0.6395 *  x[0]^1.0 + 0.5184 *  x[1]^1.0 + 0.8927 * 1
FINATE
Time For Template 0 Is--->-82.492000 ms

Time For ../Program_non/148.bpl Is ---> 284.683000 ms

Program is terminating
