------Using Template 0 -----------
3 [3]
*****************************************************

[-2.27924252  1.          0.        ] 1
[-1.51949501 -2.27924252 -1.        ] -1
2020-05-24-01-11-39   >>>>   End sampling point

sampling time = 18.786 ms,


       ########################################         

iteration 0 with 2 examples

2020-05-24-01-11-39   >>>>   Start train ranking function

training done
2020-05-24-01-11-39   >>>>   End train ranking function

train_ranking_functioning time = 0.883 ms


2020-05-24-01-11-39   >>>>   Start verify ranking function

start alarm signal.
valid ranking function
close alarm signal.
ranking function :  - 0.191 *  x[0]^1.0 + 0.478 *  x[1]^1.0 + 0.1338 * 1

2020-05-24-01-11-39   >>>>   End verify ranking function

verifying time = 10.617 ms


Found Ranking Fcuntion:  - 0.191 *  x[0]^1.0 + 0.478 *  x[1]^1.0 + 0.1338 * 1

 - 0.191 *  x[0]^1.0 + 0.478 *  x[1]^1.0 + 0.1338 * 1
FINATE
Time For Template 0 Is--->-44.213000 ms

Time For ../Program_non/149.bpl Is ---> 257.495000 ms

Program is terminating
