------Using Template 0 -----------
3 [3]
*****************************************************

[-2.99999619 -0.00390626  0.        ] 1
[-3.00000191 -0.06250012 -1.        ] -1
2020-05-24-01-11-41   >>>>   End sampling point

sampling time = 23.816 ms,


       ########################################         

iteration 0 with 2 examples

2020-05-24-01-11-41   >>>>   Start train ranking function

training done
2020-05-24-01-11-41   >>>>   End train ranking function

train_ranking_functioning time = 0.818 ms


2020-05-24-01-11-41   >>>>   Start verify ranking function

start alarm signal.
[xr_1 = 15/16, xr_0 = 5/64]
close alarm signal.
ranking function :  - 0.16 *  x[0]^1.0 + 0.0575 *  x[1]^1.0 + 0.9844 * 1

2020-05-24-01-11-41   >>>>   End verify ranking function

verifying time = 16.866 ms


Not Found Ranking Fcuntion

Conterexample is 

[0.078125, 0.9375]

sampling time = 0.901 ms


       ########################################         

iteration 1 with 4 examples

2020-05-24-01-11-41   >>>>   Start train ranking function

training done
2020-05-24-01-11-41   >>>>   End train ranking function

train_ranking_functioning time = 0.534 ms


2020-05-24-01-11-41   >>>>   Start verify ranking function

start alarm signal.
valid ranking function
close alarm signal.
ranking function :  - 0.2035 *  x[0]^1.0 - 0.4689 *  x[1]^1.0 + 1.2381 * 1

2020-05-24-01-11-41   >>>>   End verify ranking function

verifying time = 16.047 ms


Found Ranking Fcuntion:  - 0.2035 *  x[0]^1.0 - 0.4689 *  x[1]^1.0 + 1.2381 * 1

 - 0.2035 *  x[0]^1.0 - 0.4689 *  x[1]^1.0 + 1.2381 * 1
FINITE
Time For Template 0 Is--->-73.990000 ms

Time For ../Program_non/151.bpl Is ---> 273.816000 ms

Program is terminating
