------Using Template 0 -----------
3 [3]
*****************************************************

[2.99999142 1.99999809 0.        ] 1
[ 9.53674316e-07 -9.99999046e-01 -1.00000000e+00] -1
2020-05-24-01-11-42   >>>>   End sampling point

sampling time = 11.202 ms,


       ########################################         

iteration 0 with 2 examples

2020-05-24-01-11-42   >>>>   Start train ranking function

training done
2020-05-24-01-11-42   >>>>   End train ranking function

train_ranking_functioning time = 0.870 ms


2020-05-24-01-11-42   >>>>   Start verify ranking function

start alarm signal.
valid ranking function
close alarm signal.
ranking function : 0.0504 *  x[0]^1.0 + 0.4202 *  x[1]^1.0 + 0.3866 * 1

2020-05-24-01-11-42   >>>>   End verify ranking function

verifying time = 10.310 ms


Found Ranking Fcuntion: 0.0504 *  x[0]^1.0 + 0.4202 *  x[1]^1.0 + 0.3866 * 1

0.0504 *  x[0]^1.0 + 0.4202 *  x[1]^1.0 + 0.3866 * 1
FINATE
Time For Template 0 Is--->-36.726000 ms

Time For ../Program_non/152.bpl Is ---> 229.228000 ms

Program is terminating
