------Using Template 0 -----------
3 [3]
*****************************************************

[-3.00000381  2.          0.        ] 1
[-0.00000000e+00 -9.53674316e-07 -1.00000000e+00] -1
2020-05-24-01-11-49   >>>>   End sampling point

sampling time = 9.978 ms,


       ########################################         

iteration 0 with 2 examples

2020-05-24-01-11-49   >>>>   Start train ranking function

training done
2020-05-24-01-11-49   >>>>   End train ranking function

train_ranking_functioning time = 0.854 ms


2020-05-24-01-11-49   >>>>   Start verify ranking function

start alarm signal.
[xr_1 = 2, xr_0 = 2]
close alarm signal.
ranking function :  - 0.2222 *  x[0]^1.0 + 0.1481 *  x[1]^1.0 + 0.6667 * 1

2020-05-24-01-11-49   >>>>   End verify ranking function

verifying time = 16.355 ms


Not Found Ranking Fcuntion

Conterexample is 

[2, 2]

sampling time = 0.895 ms


       ########################################         

iteration 1 with 4 examples

2020-05-24-01-11-49   >>>>   Start train ranking function

training done
2020-05-24-01-11-49   >>>>   End train ranking function

train_ranking_functioning time = 0.527 ms


2020-05-24-01-11-49   >>>>   Start verify ranking function

start alarm signal.
close alarm signal.
ranking function : 0.0036 *  x[0]^1.0 + 0.4689 *  x[1]^1.0 + 0.6667 * 1

2020-05-24-01-11-49   >>>>   End verify ranking function

verifying time = 10.428 ms


Not Found Ranking Fcuntion

Conterexample is 

[-3.5274074074074075, -3.5274074074074075]

sampling time = 1.372 ms


       ########################################         

iteration 2 with 6 examples

2020-05-24-01-11-49   >>>>   Start train ranking function

training done
2020-05-24-01-11-49   >>>>   End train ranking function

train_ranking_functioning time = 0.704 ms


2020-05-24-01-11-49   >>>>   Start verify ranking function

start alarm signal.
close alarm signal.
ranking function : 0.0088 *  x[0]^1.0 + 0.221 *  x[1]^1.0 + 1.2072 * 1

2020-05-24-01-11-49   >>>>   End verify ranking function

verifying time = 10.676 ms


Not Found Ranking Fcuntion

Conterexample is 

[-9.604873803307223, -9.604873803307223]

sampling time = 0.875 ms


       ########################################         

iteration 3 with 8 examples

2020-05-24-01-11-49   >>>>   Start train ranking function

training done
2020-05-24-01-11-49   >>>>   End train ranking function

train_ranking_functioning time = 1.057 ms


2020-05-24-01-11-49   >>>>   Start verify ranking function

start alarm signal.
[xr_1 = 0, xr_0 = 0]
close alarm signal.
ranking function : 0.0151 *  x[0]^1.0 + 0.0205 *  x[1]^1.0 + 0.9905 * 1

2020-05-24-01-11-49   >>>>   End verify ranking function

verifying time = 9.588 ms


Not Found Ranking Fcuntion

Conterexample is 

[0, 0]

sampling time = 1.402 ms


       ########################################         

iteration 4 with 10 examples

2020-05-24-01-11-49   >>>>   Start train ranking function

training done
2020-05-24-01-11-49   >>>>   End train ranking function

train_ranking_functioning time = 1.149 ms


2020-05-24-01-11-49   >>>>   Start verify ranking function

start alarm signal.
close alarm signal.
ranking function : 0.0124 *  x[0]^1.0 + 0.066 *  x[1]^1.0 + 1.2116 * 1

2020-05-24-01-11-49   >>>>   End verify ranking function

verifying time = 12.027 ms


Not Found Ranking Fcuntion

Conterexample is 

[-28.209183673469386, -28.209183673469386]

sampling time = 1.762 ms


       ########################################         

iteration 5 with 12 examples

2020-05-24-01-11-49   >>>>   Start train ranking function

training done
2020-05-24-01-11-49   >>>>   End train ranking function

train_ranking_functioning time = 1.383 ms


2020-05-24-01-11-49   >>>>   Start verify ranking function

start alarm signal.
[xr_1 = 0, xr_0 = 0]
close alarm signal.
ranking function : 0.0064 *  x[0]^1.0 - 0.0044 *  x[1]^1.0 + 0.9489 * 1

2020-05-24-01-11-49   >>>>   End verify ranking function

verifying time = 10.287 ms


Not Found Ranking Fcuntion

Conterexample is 

[0, 0]

sampling time = 0.880 ms


       ########################################         

iteration 6 with 14 examples

2020-05-24-01-11-49   >>>>   Start train ranking function

training done
2020-05-24-01-11-49   >>>>   End train ranking function

train_ranking_functioning time = 0.936 ms


2020-05-24-01-11-49   >>>>   Start verify ranking function

start alarm signal.
[xr_1 = 0, xr_0 = 0]
close alarm signal.
ranking function : 0.0038 *  x[0]^1.0 + 0.0024 *  x[1]^1.0 + 0.9456 * 1

2020-05-24-01-11-49   >>>>   End verify ranking function

verifying time = 9.351 ms


Not Found Ranking Fcuntion

Conterexample is 

[0, 0]

sampling time = 2.955 ms


       ########################################         

iteration 7 with 16 examples

2020-05-24-01-11-49   >>>>   Start train ranking function

training done
2020-05-24-01-11-49   >>>>   End train ranking function

train_ranking_functioning time = 1.123 ms


2020-05-24-01-11-49   >>>>   Start verify ranking function

start alarm signal.
close alarm signal.
ranking function : 0.0032 *  x[0]^1.0 + 0.0106 *  x[1]^1.0 + 1.0096 * 1

2020-05-24-01-11-49   >>>>   End verify ranking function

verifying time = 13.457 ms


Not Found Ranking Fcuntion

Conterexample is 

[-145.6231884057971, -145.6231884057971]

sampling time = 0.890 ms


       ########################################         

iteration 8 with 18 examples

2020-05-24-01-11-49   >>>>   Start train ranking function

training done
2020-05-24-01-11-49   >>>>   End train ranking function

train_ranking_functioning time = 1.052 ms


2020-05-24-01-11-49   >>>>   Start verify ranking function

start alarm signal.
[xr_1 = 0, xr_0 = 0]
close alarm signal.
ranking function : 0.0037 *  x[0]^1.0 + 0.0003 *  x[1]^1.0 + 0.9627 * 1

2020-05-24-01-11-49   >>>>   End verify ranking function

verifying time = 10.346 ms


Not Found Ranking Fcuntion

Conterexample is 

[0, 0]

sampling time = 0.898 ms


       ########################################         

iteration 9 with 20 examples

2020-05-24-01-11-49   >>>>   Start train ranking function

training done
2020-05-24-01-11-49   >>>>   End train ranking function

train_ranking_functioning time = 1.061 ms


2020-05-24-01-11-49   >>>>   Start verify ranking function

start alarm signal.
[xr_1 = 0, xr_0 = 0]
close alarm signal.
ranking function : 0.007 *  x[0]^1.0 + 0.0033 *  x[1]^1.0 + 0.9053 * 1

2020-05-24-01-11-49   >>>>   End verify ranking function

verifying time = 10.986 ms


Not Found Ranking Fcuntion

Conterexample is 

[0, 0]

sampling time = 0.878 ms


       ########################################         

iteration 10 with 22 examples

2020-05-24-01-11-49   >>>>   Start train ranking function

training done
2020-05-24-01-11-49   >>>>   End train ranking function

train_ranking_functioning time = 1.076 ms


2020-05-24-01-11-49   >>>>   Start verify ranking function

start alarm signal.
[xr_1 = 0, xr_0 = 0]
close alarm signal.
ranking function : 0.0021 *  x[0]^1.0 - 0.002 *  x[1]^1.0 + 0.9286 * 1

2020-05-24-01-11-49   >>>>   End verify ranking function

verifying time = 9.955 ms


Not Found Ranking Fcuntion

Conterexample is 

[0, 0]

sampling time = 2.452 ms


       ########################################         

iteration 11 with 24 examples

2020-05-24-01-11-49   >>>>   Start train ranking function

training done
2020-05-24-01-11-49   >>>>   End train ranking function

train_ranking_functioning time = 1.490 ms


2020-05-24-01-11-49   >>>>   Start verify ranking function

start alarm signal.
[xr_1 = 0, xr_0 = 0]
close alarm signal.
ranking function : 0.0033 *  x[0]^1.0 + 0.0028 *  x[1]^1.0 + 0.9557 * 1

2020-05-24-01-11-49   >>>>   End verify ranking function

verifying time = 10.958 ms


Not Found Ranking Fcuntion

Conterexample is 

[0, 0]

sampling time = 0.908 ms


       ########################################         

iteration 12 with 26 examples

2020-05-24-01-11-49   >>>>   Start train ranking function

training done
2020-05-24-01-11-49   >>>>   End train ranking function

train_ranking_functioning time = 1.076 ms


2020-05-24-01-11-49   >>>>   Start verify ranking function

start alarm signal.
[xr_1 = 0, xr_0 = 0]
close alarm signal.
ranking function : 0.0035 *  x[0]^1.0 + 0.0045 *  x[1]^1.0 + 0.9349 * 1

2020-05-24-01-11-49   >>>>   End verify ranking function

verifying time = 9.768 ms


Not Found Ranking Fcuntion

Conterexample is 

[0, 0]

sampling time = 1.627 ms


       ########################################         

iteration 13 with 28 examples

2020-05-24-01-11-49   >>>>   Start train ranking function

training done
2020-05-24-01-11-49   >>>>   End train ranking function

train_ranking_functioning time = 1.738 ms


2020-05-24-01-11-49   >>>>   Start verify ranking function

start alarm signal.
close alarm signal.
ranking function : 0.0024 *  x[0]^1.0 + 0.007 *  x[1]^1.0 + 0.9743 * 1

2020-05-24-01-11-49   >>>>   End verify ranking function

verifying time = 12.208 ms


Not Found Ranking Fcuntion

Conterexample is 

[-210.03191489361703, -210.03191489361703]

sampling time = 0.898 ms


       ########################################         

iteration 14 with 30 examples

2020-05-24-01-11-49   >>>>   Start train ranking function

training done
2020-05-24-01-11-49   >>>>   End train ranking function

train_ranking_functioning time = 1.213 ms


2020-05-24-01-11-49   >>>>   Start verify ranking function

start alarm signal.
[xr_1 = 0, xr_0 = 0]
close alarm signal.
ranking function : 0.0021 *  x[0]^1.0 - 0.0011 *  x[1]^1.0 + 0.9272 * 1

2020-05-24-01-11-49   >>>>   End verify ranking function

verifying time = 9.696 ms


Not Found Ranking Fcuntion

Conterexample is 

[0, 0]

sampling time = 1.593 ms


       ########################################         

iteration 15 with 32 examples

2020-05-24-01-11-49   >>>>   Start train ranking function

training done
2020-05-24-01-11-49   >>>>   End train ranking function

train_ranking_functioning time = 1.811 ms


2020-05-24-01-11-49   >>>>   Start verify ranking function

start alarm signal.
[xr_1 = 0, xr_0 = 0]
close alarm signal.
ranking function : 0.0038 *  x[0]^1.0 - 0.0006 *  x[1]^1.0 + 0.9386 * 1

2020-05-24-01-11-50   >>>>   End verify ranking function

verifying time = 14.475 ms


Not Found Ranking Fcuntion

Conterexample is 

[0, 0]

sampling time = 1.589 ms


       ########################################         

iteration 16 with 34 examples

2020-05-24-01-11-50   >>>>   Start train ranking function

training done
2020-05-24-01-11-50   >>>>   End train ranking function

train_ranking_functioning time = 1.736 ms


2020-05-24-01-11-50   >>>>   Start verify ranking function

start alarm signal.
[xr_1 = 0, xr_0 = 0]
close alarm signal.
ranking function : 0.003 *  x[0]^1.0 + 0.0025 *  x[1]^1.0 + 0.9201 * 1

2020-05-24-01-11-50   >>>>   End verify ranking function

verifying time = 12.389 ms


Not Found Ranking Fcuntion

Conterexample is 

[0, 0]

sampling time = 1.168 ms


       ########################################         

iteration 17 with 36 examples

2020-05-24-01-11-50   >>>>   Start train ranking function

training done
2020-05-24-01-11-50   >>>>   End train ranking function

train_ranking_functioning time = 1.275 ms


2020-05-24-01-11-50   >>>>   Start verify ranking function

start alarm signal.
[xr_1 = 2, xr_0 = 2]
close alarm signal.
ranking function :  - 0.0007 *  x[0]^1.0 + 0.0006 *  x[1]^1.0 + 0.9326 * 1

2020-05-24-01-11-50   >>>>   End verify ranking function

verifying time = 16.282 ms


Not Found Ranking Fcuntion

Conterexample is 

[2, 2]

sampling time = 0.927 ms


       ########################################         

iteration 18 with 38 examples

2020-05-24-01-11-50   >>>>   Start train ranking function

training done
2020-05-24-01-11-50   >>>>   End train ranking function

train_ranking_functioning time = 1.613 ms


2020-05-24-01-11-50   >>>>   Start verify ranking function

start alarm signal.
[xr_1 = 2, xr_0 = 2]
close alarm signal.
ranking function :  - 0.0009 *  x[0]^1.0 + 0.0009 *  x[1]^1.0 + 0.9594 * 1

2020-05-24-01-11-50   >>>>   End verify ranking function

verifying time = 19.563 ms


Not Found Ranking Fcuntion

Conterexample is 

[2, 2]

sampling time = 0.857 ms


       ########################################         

iteration 19 with 40 examples

2020-05-24-01-11-50   >>>>   Start train ranking function

training done
2020-05-24-01-11-50   >>>>   End train ranking function

train_ranking_functioning time = 1.449 ms


2020-05-24-01-11-50   >>>>   Start verify ranking function

start alarm signal.
close alarm signal.
ranking function : 0.0023 *  x[0]^1.0 + 0.0053 *  x[1]^1.0 + 0.9814 * 1

2020-05-24-01-11-50   >>>>   End verify ranking function

verifying time = 12.269 ms


Not Found Ranking Fcuntion

Conterexample is 

[-260.7105263157895, -260.7105263157895]

sampling time = 0.898 ms


       ########################################         

iteration 20 with 42 examples

2020-05-24-01-11-50   >>>>   Start train ranking function

training done
2020-05-24-01-11-50   >>>>   End train ranking function

train_ranking_functioning time = 1.848 ms


2020-05-24-01-11-50   >>>>   Start verify ranking function

start alarm signal.
[xr_1 = 0, xr_0 = 0]
close alarm signal.
ranking function : 0.0001 *  x[0]^1.0 - 0.0004 *  x[1]^1.0 + 0.8985 * 1

2020-05-24-01-11-50   >>>>   End verify ranking function

verifying time = 11.071 ms


Not Found Ranking Fcuntion

Conterexample is 

[0, 0]

sampling time = 0.868 ms


       ########################################         

iteration 21 with 44 examples

2020-05-24-01-11-50   >>>>   Start train ranking function

training done
2020-05-24-01-11-50   >>>>   End train ranking function

train_ranking_functioning time = 1.391 ms


2020-05-24-01-11-50   >>>>   Start verify ranking function

start alarm signal.
[xr_1 = 0, xr_0 = 0]
close alarm signal.
ranking function : 0.0006 *  x[0]^1.0 - 0.0009 *  x[1]^1.0 + 0.9252 * 1

2020-05-24-01-11-50   >>>>   End verify ranking function

verifying time = 13.106 ms


Not Found Ranking Fcuntion

Conterexample is 

[0, 0]

sampling time = 1.072 ms


       ########################################         

iteration 22 with 46 examples

2020-05-24-01-11-50   >>>>   Start train ranking function

training done
2020-05-24-01-11-50   >>>>   End train ranking function

train_ranking_functioning time = 1.714 ms


2020-05-24-01-11-50   >>>>   Start verify ranking function

start alarm signal.
[xr_1 = 0, xr_0 = 0]
close alarm signal.
ranking function : 0.0009 *  x[0]^1.0 + 0.9396 * 1

2020-05-24-01-11-50   >>>>   End verify ranking function

verifying time = 9.657 ms


Not Found Ranking Fcuntion

Conterexample is 

[0, 0]

sampling time = 0.881 ms


       ########################################         

iteration 23 with 48 examples

2020-05-24-01-11-50   >>>>   Start train ranking function

training done
2020-05-24-01-11-50   >>>>   End train ranking function

train_ranking_functioning time = 1.411 ms


2020-05-24-01-11-50   >>>>   Start verify ranking function

start alarm signal.
[xr_1 = 0, xr_0 = 0]
close alarm signal.
ranking function :  - 0.0001 *  x[0]^1.0 + 0.9534 * 1

2020-05-24-01-11-50   >>>>   End verify ranking function

verifying time = 11.946 ms


Not Found Ranking Fcuntion

Conterexample is 

[0, 0]

sampling time = 0.861 ms


       ########################################         

iteration 24 with 50 examples

2020-05-24-01-11-50   >>>>   Start train ranking function

training done
2020-05-24-01-11-50   >>>>   End train ranking function

train_ranking_functioning time = 1.456 ms


2020-05-24-01-11-50   >>>>   Start verify ranking function

start alarm signal.
close alarm signal.
ranking function : 0.0013 *  x[0]^1.0 + 0.0034 *  x[1]^1.0 + 0.9661 * 1

2020-05-24-01-11-50   >>>>   End verify ranking function

verifying time = 12.155 ms


Not Found Ranking Fcuntion

Conterexample is 

[-418.3191489361702, -418.3191489361702]

sampling time = 1.022 ms


       ########################################         

iteration 25 with 52 examples

2020-05-24-01-11-50   >>>>   Start train ranking function

training done
2020-05-24-01-11-50   >>>>   End train ranking function

train_ranking_functioning time = 1.538 ms


2020-05-24-01-11-50   >>>>   Start verify ranking function

start alarm signal.
[xr_1 = 0, xr_0 = 0]
close alarm signal.
ranking function : 0.0041 *  x[0]^1.0 + 0.0002 *  x[1]^1.0 + 0.9176 * 1
