------Using Template 0 -----------
3 [3]
*****************************************************

[5. 0. 0.] 1
[ 9.53674316e-07 -0.00000000e+00 -1.00000000e+00] -1
2020-05-24-01-12-05   >>>>   End sampling point

sampling time = 10.204 ms,


       ########################################         

iteration 0 with 2 examples

2020-05-24-01-12-05   >>>>   Start train ranking function

training done
2020-05-24-01-12-05   >>>>   End train ranking function

train_ranking_functioning time = 0.835 ms


2020-05-24-01-12-05   >>>>   Start verify ranking function

start alarm signal.
[xr_1 = 11756/1961, xr_0 = 115150020/3845521]
close alarm signal.
ranking function : 0.1961 *  x[0]^1.0 + 0.6667 * 1

2020-05-24-01-12-05   >>>>   End verify ranking function

verifying time = 15.756 ms


Not Found Ranking Fcuntion

Conterexample is 

[29.943932174600008, 5.994900560938297]

sampling time = 0.879 ms


       ########################################         

iteration 1 with 4 examples

2020-05-24-01-12-05   >>>>   Start train ranking function

training done
2020-05-24-01-12-05   >>>>   End train ranking function

train_ranking_functioning time = 0.545 ms


2020-05-24-01-12-05   >>>>   Start verify ranking function

start alarm signal.
[xr_1 = -9812/27, xr_0 = 96540268/729]
close alarm signal.
ranking function : 0.1959 *  x[0]^1.0 + 0.0993 *  x[1]^1.0 + 0.6667 * 1

2020-05-24-01-12-05   >>>>   End verify ranking function

verifying time = 15.583 ms


Not Found Ranking Fcuntion

Conterexample is 

[132428.3511659808, -363.4074074074074]

sampling time = 0.875 ms


       ########################################         

iteration 2 with 6 examples

2020-05-24-01-12-05   >>>>   Start train ranking function

training done
2020-05-24-01-12-05   >>>>   End train ranking function

train_ranking_functioning time = 1.688 ms


2020-05-24-01-12-05   >>>>   Start verify ranking function

start alarm signal.
[xr_1 = -9866, xr_0 = 97347822]
close alarm signal.
ranking function : 0.1975 *  x[0]^1.0 + 0.0988 *  x[1]^1.0 + 0.6667 * 1

2020-05-24-01-12-05   >>>>   End verify ranking function

verifying time = 17.423 ms


Not Found Ranking Fcuntion

Conterexample is 

[97347822, -9866]

sampling time = 0.866 ms


       ########################################         

iteration 3 with 8 examples

2020-05-24-01-12-05   >>>>   Start train ranking function

training done
2020-05-24-01-12-05   >>>>   End train ranking function

train_ranking_functioning time = 0.767 ms


2020-05-24-01-12-05   >>>>   Start verify ranking function

start alarm signal.
[xr_1 = -9866, xr_0 = 97347822]
close alarm signal.
ranking function : 0.1975 *  x[0]^1.0 + 0.0988 *  x[1]^1.0 + 0.6667 * 1

2020-05-24-01-12-05   >>>>   End verify ranking function

verifying time = 23.107 ms


Not Found Ranking Fcuntion

Conterexample is 

[97347822, -9866]

sampling time = 0.859 ms


       ########################################         

iteration 4 with 10 examples

2020-05-24-01-12-05   >>>>   Start train ranking function

training done
2020-05-24-01-12-05   >>>>   End train ranking function

train_ranking_functioning time = 0.839 ms


2020-05-24-01-12-05   >>>>   Start verify ranking function

start alarm signal.
[xr_1 = -9866, xr_0 = 97347822]
close alarm signal.
ranking function : 0.1975 *  x[0]^1.0 + 0.0988 *  x[1]^1.0 + 0.6667 * 1

2020-05-24-01-12-05   >>>>   End verify ranking function

verifying time = 19.297 ms


Not Found Ranking Fcuntion

Conterexample is 

[97347822, -9866]

sampling time = 1.107 ms


       ########################################         

iteration 5 with 12 examples

2020-05-24-01-12-05   >>>>   Start train ranking function

training done
2020-05-24-01-12-05   >>>>   End train ranking function

train_ranking_functioning time = 0.816 ms


2020-05-24-01-12-05   >>>>   Start verify ranking function

start alarm signal.
[xr_1 = -9866, xr_0 = 97347822]
close alarm signal.
ranking function : 0.1975 *  x[0]^1.0 + 0.0988 *  x[1]^1.0 + 0.6667 * 1

2020-05-24-01-12-05   >>>>   End verify ranking function

verifying time = 15.415 ms


Not Found Ranking Fcuntion

Conterexample is 

[97347822, -9866]

sampling time = 0.856 ms


       ########################################         

iteration 6 with 14 examples

2020-05-24-01-12-05   >>>>   Start train ranking function

training done
2020-05-24-01-12-05   >>>>   End train ranking function

train_ranking_functioning time = 0.896 ms


2020-05-24-01-12-05   >>>>   Start verify ranking function

start alarm signal.
[xr_1 = -9866, xr_0 = 97347822]
close alarm signal.
ranking function : 0.1975 *  x[0]^1.0 + 0.0988 *  x[1]^1.0 + 0.6667 * 1

2020-05-24-01-12-05   >>>>   End verify ranking function

verifying time = 19.151 ms


Not Found Ranking Fcuntion

Conterexample is 

[97347822, -9866]

sampling time = 0.868 ms


       ########################################         

iteration 7 with 16 examples

2020-05-24-01-12-05   >>>>   Start train ranking function

5
training done
2020-05-24-01-12-05   >>>>   End train ranking function

train_ranking_functioning time = 0.916 ms


2020-05-24-01-12-05   >>>>   Start verify ranking function

start alarm signal.
[xr_1 = -9866, xr_0 = 97347822]
close alarm signal.
ranking function : 0.1975 *  x[0]^1.0 + 0.0988 *  x[1]^1.0 + 0.6667 * 1

2020-05-24-01-12-05   >>>>   End verify ranking function

verifying time = 18.040 ms


Not Found Ranking Fcuntion

Conterexample is 

[97347822, -9866]

sampling time = 1.115 ms


       ########################################         

iteration 8 with 18 examples

2020-05-24-01-12-05   >>>>   Start train ranking function

training done
2020-05-24-01-12-05   >>>>   End train ranking function

train_ranking_functioning time = 1.074 ms


2020-05-24-01-12-05   >>>>   Start verify ranking function

start alarm signal.
[xr_1 = 0, xr_0 = 0]
close alarm signal.
ranking function : 1.0 * 1

2020-05-24-01-12-05   >>>>   End verify ranking function

verifying time = 10.178 ms


Not Found Ranking Fcuntion

Conterexample is 

[0, 0]

sampling time = 0.857 ms


       ########################################         

iteration 9 with 20 examples

2020-05-24-01-12-05   >>>>   Start train ranking function

training done
2020-05-24-01-12-05   >>>>   End train ranking function

train_ranking_functioning time = 0.849 ms


2020-05-24-01-12-05   >>>>   Start verify ranking function

start alarm signal.
[xr_1 = 0, xr_0 = 0]
close alarm signal.
ranking function : 1.0 * 1

2020-05-24-01-12-05   >>>>   End verify ranking function

verifying time = 12.138 ms


Not Found Ranking Fcuntion

Conterexample is 

[0, 0]

sampling time = 1.134 ms


       ########################################         

iteration 10 with 22 examples

2020-05-24-01-12-05   >>>>   Start train ranking function

training done
2020-05-24-01-12-05   >>>>   End train ranking function

train_ranking_functioning time = 1.088 ms


2020-05-24-01-12-05   >>>>   Start verify ranking function

start alarm signal.
[xr_1 = 0, xr_0 = 0]
close alarm signal.
ranking function : 1.0 * 1

2020-05-24-01-12-05   >>>>   End verify ranking function

verifying time = 9.410 ms


Not Found Ranking Fcuntion

Conterexample is 

[0, 0]

sampling time = 0.878 ms


       ########################################         

iteration 11 with 24 examples

2020-05-24-01-12-05   >>>>   Start train ranking function

training done
2020-05-24-01-12-05   >>>>   End train ranking function

train_ranking_functioning time = 0.886 ms


2020-05-24-01-12-05   >>>>   Start verify ranking function

start alarm signal.
[xr_1 = 0, xr_0 = 0]
close alarm signal.
ranking function : 1.0 * 1

2020-05-24-01-12-05   >>>>   End verify ranking function

verifying time = 9.824 ms


Not Found Ranking Fcuntion

Conterexample is 

[0, 0]

sampling time = 1.805 ms


       ########################################         

iteration 12 with 26 examples

2020-05-24-01-12-05   >>>>   Start train ranking function

training done
2020-05-24-01-12-05   >>>>   End train ranking function

train_ranking_functioning time = 0.963 ms


2020-05-24-01-12-05   >>>>   Start verify ranking function

start alarm signal.
[xr_1 = 0, xr_0 = 0]
close alarm signal.
ranking function : 1.0 * 1

2020-05-24-01-12-05   >>>>   End verify ranking function

verifying time = 10.572 ms


Not Found Ranking Fcuntion

Conterexample is 

[0, 0]

sampling time = 1.620 ms


       ########################################         

iteration 13 with 28 examples

2020-05-24-01-12-05   >>>>   Start train ranking function

5
training done
2020-05-24-01-12-05   >>>>   End train ranking function

train_ranking_functioning time = 0.712 ms


2020-05-24-01-12-05   >>>>   Start verify ranking function

start alarm signal.
[xr_1 = 0, xr_0 = 0]
close alarm signal.
ranking function : 1.0 * 1

2020-05-24-01-12-05   >>>>   End verify ranking function

verifying time = 10.409 ms


Not Found Ranking Fcuntion

Conterexample is 

[0, 0]

sampling time = 1.678 ms


       ########################################         

iteration 14 with 30 examples

2020-05-24-01-12-05   >>>>   Start train ranking function

training done
2020-05-24-01-12-05   >>>>   End train ranking function

train_ranking_functioning time = 1.420 ms


2020-05-24-01-12-05   >>>>   Start verify ranking function

start alarm signal.
valid ranking function
close alarm signal.
ranking function : 0.2 *  x[0]^1.0 + 0.1 *  x[1]^1.0 + 0.9 * 1

2020-05-24-01-12-05   >>>>   End verify ranking function

verifying time = 10.666 ms


Found Ranking Fcuntion: 0.2 *  x[0]^1.0 + 0.1 *  x[1]^1.0 + 0.9 * 1

0.2 *  x[0]^1.0 + 0.1 *  x[1]^1.0 + 0.9 * 1
FINATE
Time For Template 0 Is--->-291.917000 ms

Time For ../Program_non/157.bpl Is ---> 505.739000 ms

Program is terminating
