------Using Template 0 -----------
3 [3]
*****************************************************

[-3.8147009e-06  1.0000000e+00  0.0000000e+00] 1
[-2.99999428  0.99999809 -1.        ] -1
2020-05-24-01-12-06   >>>>   End sampling point

sampling time = 17.569 ms,


       ########################################         

iteration 0 with 2 examples

2020-05-24-01-12-06   >>>>   Start train ranking function

training done
2020-05-24-01-12-06   >>>>   End train ranking function

train_ranking_functioning time = 0.803 ms


2020-05-24-01-12-06   >>>>   Start verify ranking function

start alarm signal.
valid ranking function
close alarm signal.
ranking function : 0.4615 *  x[0]^1.0 + 0.6154 *  x[1]^1.0 + 0.1538 * 1

2020-05-24-01-12-06   >>>>   End verify ranking function

verifying time = 15.942 ms


Found Ranking Fcuntion: 0.4615 *  x[0]^1.0 + 0.6154 *  x[1]^1.0 + 0.1538 * 1

0.4615 *  x[0]^1.0 + 0.6154 *  x[1]^1.0 + 0.1538 * 1
FINITE
Time For Template 0 Is--->-47.629000 ms

Time For ../Program_non/158.bpl Is ---> 242.843000 ms

Program is terminating
