------Using Template 0 -----------
3 [3]
*****************************************************

[57.87842187  6.29450858  0.        ] 1
[-0.56083488 -3.90208721 -1.        ] -1
2020-05-24-01-17-12   >>>>   End sampling point

sampling time = 18.467 ms,


       ########################################         

iteration 0 with 2 examples

2020-05-24-01-17-12   >>>>   Start train ranking function

training done
2020-05-24-01-17-12   >>>>   End train ranking function

train_ranking_functioning time = 0.793 ms


2020-05-24-01-17-12   >>>>   Start verify ranking function

start alarm signal.
valid ranking function
close alarm signal.
ranking function : 0.0329 *  x[0]^1.0 + 0.229 *  x[1]^1.0 + 0.0587 * 1

2020-05-24-01-17-12   >>>>   End verify ranking function

verifying time = 24.347 ms


Found Ranking Fcuntion: 0.0329 *  x[0]^1.0 + 0.229 *  x[1]^1.0 + 0.0587 * 1

0.0329 *  x[0]^1.0 + 0.229 *  x[1]^1.0 + 0.0587 * 1
FINATE
Time For Template 0 Is--->-71.660000 ms

Time For ../Program_non/160.bpl Is ---> 279.261000 ms

Program is terminating
