------Using Template 0 -----------
4 [4]
*****************************************************

[1. 0. 0. 0.] 1
[ 9.53674316e-07 -0.00000000e+00 -0.00000000e+00 -1.00000000e+00] -1
2020-05-24-01-17-13   >>>>   End sampling point

sampling time = 10.548 ms,


       ########################################         

iteration 0 with 2 examples

2020-05-24-01-17-13   >>>>   Start train ranking function

training done
2020-05-24-01-17-13   >>>>   End train ranking function

train_ranking_functioning time = 0.803 ms


2020-05-24-01-17-13   >>>>   Start verify ranking function

start alarm signal.
[xr_1 = 2,
 xr_2 = 1/8,
 xr_0 = 1,
 /0 = [(-7/8, 65/64) -> -56/65, else -> 0]]
close alarm signal.
ranking function : 0.6667 *  x[0]^1.0 + 0.6667 * 1

2020-05-24-01-17-13   >>>>   End verify ranking function

verifying time = 17.894 ms


Not Found Ranking Fcuntion

Conterexample is 

[1, 2, 0.125]

sampling time = 1.192 ms


       ########################################         

iteration 1 with 4 examples

2020-05-24-01-17-13   >>>>   Start train ranking function

training done
2020-05-24-01-17-13   >>>>   End train ranking function

train_ranking_functioning time = 0.502 ms


2020-05-24-01-17-13   >>>>   Start verify ranking function

start alarm signal.
[xr_1 = -5,
 xr_2 = 1/8,
 xr_0 = 6,
 /0 = [(9/64, 65/64) -> 9/65,
       (-7/8, 65/64) -> -56/65,
       else -> 0]]
close alarm signal.
ranking function : 0.5457 *  x[0]^1.0 + 0.6818 *  x[1]^1.0 + 0.0349 *  x[2]^1.0 + 0.6667 * 1

2020-05-24-01-17-13   >>>>   End verify ranking function

verifying time = 23.381 ms


Not Found Ranking Fcuntion

Conterexample is 

[6, -5, 0.125]

sampling time = 1.229 ms


       ########################################         

iteration 2 with 6 examples

2020-05-24-01-17-13   >>>>   Start train ranking function

training done
2020-05-24-01-17-13   >>>>   End train ranking function

train_ranking_functioning time = 0.520 ms


2020-05-24-01-17-13   >>>>   Start verify ranking function

start alarm signal.
[xr_1 = 21,
 xr_2 = 1/8,
 xr_0 = 1,
 /0 = [(9/64, 65/64) -> 9/65,
       (-7/8, 65/64) -> -56/65,
       else -> 0]]
close alarm signal.
ranking function : 0.7238 *  x[0]^1.0 + 0.686 *  x[1]^1.0 + 0.0938 *  x[2]^1.0 + 0.6667 * 1

2020-05-24-01-17-13   >>>>   End verify ranking function

verifying time = 20.343 ms


Not Found Ranking Fcuntion

Conterexample is 

[1, 21, 0.125]

sampling time = 1.252 ms


       ########################################         

iteration 3 with 8 examples

2020-05-24-01-17-13   >>>>   Start train ranking function

training done
2020-05-24-01-17-13   >>>>   End train ranking function

train_ranking_functioning time = 0.974 ms


2020-05-24-01-17-13   >>>>   Start verify ranking function

start alarm signal.
[xr_2 = 1/8,
 xr_1 = -99,
 xr_0 = 100,
 /0 = [(9/64, 65/64) -> 9/65,
       (-7/8, 65/64) -> -56/65,
       else -> 0]]
close alarm signal.
ranking function : 0.7625 *  x[0]^1.0 + 0.7704 *  x[1]^1.0 + 0.1157 *  x[2]^1.0 + 0.6667 * 1

2020-05-24-01-17-13   >>>>   End verify ranking function

verifying time = 24.447 ms


Not Found Ranking Fcuntion

Conterexample is 

[100, -99, 0.125]

sampling time = 1.271 ms


       ########################################         

iteration 4 with 10 examples

2020-05-24-01-17-13   >>>>   Start train ranking function

training done
2020-05-24-01-17-13   >>>>   End train ranking function

train_ranking_functioning time = 0.796 ms


2020-05-24-01-17-13   >>>>   Start verify ranking function

start alarm signal.
[xr_1 = -110,
 xr_2 = 1/8,
 xr_0 = 111,
 /0 = [(9/64, 65/64) -> 9/65,
       (-7/8, 65/64) -> -56/65,
       else -> 0]]
close alarm signal.
ranking function : 0.7636 *  x[0]^1.0 + 0.7707 *  x[1]^1.0 + 0.116 *  x[2]^1.0 + 0.6667 * 1

2020-05-24-01-17-13   >>>>   End verify ranking function

verifying time = 24.882 ms


Not Found Ranking Fcuntion

Conterexample is 

[111, -110, 0.125]

sampling time = 1.250 ms


       ########################################         

iteration 5 with 12 examples

2020-05-24-01-17-13   >>>>   Start train ranking function

training done
2020-05-24-01-17-13   >>>>   End train ranking function

train_ranking_functioning time = 1.138 ms


2020-05-24-01-17-13   >>>>   Start verify ranking function

start alarm signal.
[xr_1 = 356,
 xr_2 = 1/8,
 xr_0 = 1,
 /0 = [(9/64, 65/64) -> 9/65,
       (-7/8, 65/64) -> -56/65,
       else -> 0]]
close alarm signal.
ranking function : 0.7678 *  x[0]^1.0 + 0.7656 *  x[1]^1.0 + 0.1167 *  x[2]^1.0 + 0.6667 * 1

2020-05-24-01-17-13   >>>>   End verify ranking function

verifying time = 21.876 ms


Not Found Ranking Fcuntion

Conterexample is 

[1, 356, 0.125]

sampling time = 1.206 ms


       ########################################         

iteration 6 with 14 examples

2020-05-24-01-17-13   >>>>   Start train ranking function

training done
2020-05-24-01-17-13   >>>>   End train ranking function

train_ranking_functioning time = 0.827 ms


2020-05-24-01-17-13   >>>>   Start verify ranking function

start alarm signal.
[xr_1 = -342,
 xr_2 = 1/8,
 xr_0 = 343,
 /0 = [(9/64, 65/64) -> 9/65,
       (-7/8, 65/64) -> -56/65,
       else -> 0]]
close alarm signal.
ranking function : 0.7723 *  x[0]^1.0 + 0.7746 *  x[1]^1.0 + 0.1197 *  x[2]^1.0 + 0.6667 * 1

2020-05-24-01-17-13   >>>>   End verify ranking function

verifying time = 21.012 ms


Not Found Ranking Fcuntion

Conterexample is 

[343, -342, 0.125]

sampling time = 1.270 ms


       ########################################         

iteration 7 with 16 examples

2020-05-24-01-17-13   >>>>   Start train ranking function

training done
2020-05-24-01-17-13   >>>>   End train ranking function

train_ranking_functioning time = 0.828 ms


2020-05-24-01-17-13   >>>>   Start verify ranking function

start alarm signal.
[xr_2 = 1/8,
 xr_1 = 877,
 xr_0 = 1,
 /0 = [(9/64, 65/64) -> 9/65,
       (-7/8, 65/64) -> -56/65,
       else -> 0]]
close alarm signal.
ranking function : 0.7761 *  x[0]^1.0 + 0.7752 *  x[1]^1.0 + 0.1207 *  x[2]^1.0 + 0.6667 * 1

2020-05-24-01-17-13   >>>>   End verify ranking function

verifying time = 22.540 ms


Not Found Ranking Fcuntion

Conterexample is 

[1, 877, 0.125]

sampling time = 1.218 ms


       ########################################         

iteration 8 with 18 examples

2020-05-24-01-17-13   >>>>   Start train ranking function

training done
2020-05-24-01-17-13   >>>>   End train ranking function

train_ranking_functioning time = 0.885 ms


2020-05-24-01-17-13   >>>>   Start verify ranking function

start alarm signal.
[xr_1 = -561,
 xr_2 = 1/8,
 xr_0 = 562,
 /0 = [(9/64, 65/64) -> 9/65,
       (-7/8, 65/64) -> -56/65,
       else -> 0]]
close alarm signal.
ranking function : 0.772 *  x[0]^1.0 + 0.7734 *  x[1]^1.0 + 0.119 *  x[2]^1.0 + 0.6669 * 1

2020-05-24-01-17-13   >>>>   End verify ranking function

verifying time = 21.679 ms


Not Found Ranking Fcuntion

Conterexample is 

[562, -561, 0.125]

sampling time = 1.255 ms


       ########################################         

iteration 9 with 20 examples

2020-05-24-01-17-13   >>>>   Start train ranking function

training done
2020-05-24-01-17-13   >>>>   End train ranking function

train_ranking_functioning time = 0.930 ms


2020-05-24-01-17-13   >>>>   Start verify ranking function

start alarm signal.
[xr_1 = -3939,
 xr_2 = 1/8,
 xr_0 = 3940,
 /0 = [(9/64, 65/64) -> 9/65,
       (-7/8, 65/64) -> -56/65,
       else -> 0]]
close alarm signal.
ranking function : 0.7754 *  x[0]^1.0 + 0.7756 *  x[1]^1.0 + 0.1205 *  x[2]^1.0 + 0.6667 * 1

2020-05-24-01-17-13   >>>>   End verify ranking function

verifying time = 20.056 ms


Not Found Ranking Fcuntion

Conterexample is 

[3940, -3939, 0.125]

sampling time = 1.242 ms


       ########################################         

iteration 10 with 22 examples

2020-05-24-01-17-13   >>>>   Start train ranking function

training done
2020-05-24-01-17-13   >>>>   End train ranking function

train_ranking_functioning time = 0.930 ms


2020-05-24-01-17-13   >>>>   Start verify ranking function

start alarm signal.
[xr_1 = -3939,
 xr_2 = 1/8,
 xr_0 = 3940,
 /0 = [(9/64, 65/64) -> 9/65,
       (-7/8, 65/64) -> -56/65,
       else -> 0]]
close alarm signal.
ranking function : 0.7756 *  x[0]^1.0 + 0.7758 *  x[1]^1.0 + 0.1203 *  x[2]^1.0 + 0.6667 * 1

2020-05-24-01-17-13   >>>>   End verify ranking function

verifying time = 19.977 ms


Not Found Ranking Fcuntion

Conterexample is 

[3940, -3939, 0.125]

sampling time = 2.160 ms


       ########################################         

iteration 11 with 24 examples

2020-05-24-01-17-13   >>>>   Start train ranking function

training done
2020-05-24-01-17-13   >>>>   End train ranking function

train_ranking_functioning time = 1.370 ms


2020-05-24-01-17-13   >>>>   Start verify ranking function

start alarm signal.
[xr_2 = 1/8,
 xr_1 = -1309,
 xr_0 = 1310,
 /0 = [(9/64, 65/64) -> 9/65,
       (-7/8, 65/64) -> -56/65,
       else -> 0]]
close alarm signal.
ranking function : 0.773 *  x[0]^1.0 + 0.7736 *  x[1]^1.0 + 0.1196 *  x[2]^1.0 + 0.6667 * 1

2020-05-24-01-17-13   >>>>   End verify ranking function

verifying time = 22.330 ms


Not Found Ranking Fcuntion

Conterexample is 

[1310, -1309, 0.125]

sampling time = 1.248 ms


       ########################################         

iteration 12 with 26 examples

2020-05-24-01-17-13   >>>>   Start train ranking function

training done
2020-05-24-01-17-13   >>>>   End train ranking function

train_ranking_functioning time = 0.951 ms


2020-05-24-01-17-13   >>>>   Start verify ranking function

start alarm signal.
[xr_1 = -788,
 xr_2 = 1/8,
 xr_0 = 789,
 /0 = [(9/64, 65/64) -> 9/65,
       (-7/8, 65/64) -> -56/65,
       else -> 0]]
close alarm signal.
ranking function : 0.7749 *  x[0]^1.0 + 0.7759 *  x[1]^1.0 + 0.1204 *  x[2]^1.0 + 0.6667 * 1

2020-05-24-01-17-13   >>>>   End verify ranking function

verifying time = 21.701 ms


Not Found Ranking Fcuntion

Conterexample is 

[789, -788, 0.125]

sampling time = 1.231 ms


       ########################################         

iteration 13 with 28 examples

2020-05-24-01-17-13   >>>>   Start train ranking function

training done
2020-05-24-01-17-13   >>>>   End train ranking function

train_ranking_functioning time = 1.023 ms


2020-05-24-01-17-13   >>>>   Start verify ranking function

start alarm signal.
[xr_1 = -1309,
 xr_2 = 1/8,
 xr_0 = 1310,
 /0 = [(9/64, 65/64) -> 9/65,
       (-7/8, 65/64) -> -56/65,
       else -> 0]]
close alarm signal.
ranking function : 0.7728 *  x[0]^1.0 + 0.7734 *  x[1]^1.0 + 0.1196 *  x[2]^1.0 + 0.6667 * 1

2020-05-24-01-17-13   >>>>   End verify ranking function

verifying time = 23.099 ms


Not Found Ranking Fcuntion

Conterexample is 

[1310, -1309, 0.125]

sampling time = 1.231 ms


       ########################################         

iteration 14 with 30 examples

2020-05-24-01-17-13   >>>>   Start train ranking function

training done
2020-05-24-01-17-13   >>>>   End train ranking function

train_ranking_functioning time = 1.028 ms


2020-05-24-01-17-13   >>>>   Start verify ranking function

start alarm signal.
[xr_1 = -3933,
 xr_2 = 1/8,
 xr_0 = 3934,
 /0 = [(9/64, 65/64) -> 9/65,
       (-7/8, 65/64) -> -56/65,
       else -> 0]]
close alarm signal.
ranking function : 0.7743 *  x[0]^1.0 + 0.7745 *  x[1]^1.0 + 0.1202 *  x[2]^1.0 + 0.6667 * 1

2020-05-24-01-17-13   >>>>   End verify ranking function

verifying time = 26.789 ms


Not Found Ranking Fcuntion

Conterexample is 

[3934, -3933, 0.125]

sampling time = 1.209 ms


       ########################################         

iteration 15 with 32 examples

2020-05-24-01-17-13   >>>>   Start train ranking function

training done
2020-05-24-01-17-13   >>>>   End train ranking function

train_ranking_functioning time = 0.975 ms


2020-05-24-01-17-13   >>>>   Start verify ranking function

start alarm signal.
[xr_2 = 1/8,
 xr_1 = -3940,
 xr_0 = 3941,
 /0 = [(9/64, 65/64) -> 9/65,
       (-7/8, 65/64) -> -56/65,
       else -> 0]]
close alarm signal.
ranking function : 0.7758 *  x[0]^1.0 + 0.776 *  x[1]^1.0 + 0.1202 *  x[2]^1.0 + 0.6667 * 1

2020-05-24-01-17-13   >>>>   End verify ranking function

verifying time = 26.163 ms


Not Found Ranking Fcuntion

Conterexample is 

[3941, -3940, 0.125]

sampling time = 1.238 ms


       ########################################         

iteration 16 with 34 examples

2020-05-24-01-17-13   >>>>   Start train ranking function

training done
2020-05-24-01-17-13   >>>>   End train ranking function

train_ranking_functioning time = 0.967 ms


2020-05-24-01-17-13   >>>>   Start verify ranking function

start alarm signal.
[xr_1 = 7877,
 xr_2 = 1/8,
 xr_0 = 1,
 /0 = [(9/64, 65/64) -> 9/65,
       (-7/8, 65/64) -> -56/65,
       else -> 0]]
close alarm signal.
ranking function : 0.7754 *  x[0]^1.0 + 0.7753 *  x[1]^1.0 + 0.1201 *  x[2]^1.0 + 0.6667 * 1

2020-05-24-01-17-13   >>>>   End verify ranking function

verifying time = 21.657 ms


Not Found Ranking Fcuntion

Conterexample is 

[1, 7877, 0.125]

sampling time = 1.376 ms


       ########################################         

iteration 17 with 36 examples

2020-05-24-01-17-13   >>>>   Start train ranking function

training done
2020-05-24-01-17-13   >>>>   End train ranking function

train_ranking_functioning time = 1.073 ms


2020-05-24-01-17-13   >>>>   Start verify ranking function

start alarm signal.
[xr_1 = 439,
 xr_2 = 1/8,
 xr_0 = 1,
 /0 = [(9/64, 65/64) -> 9/65,
       (-7/8, 65/64) -> -56/65,
       else -> 0]]
close alarm signal.
ranking function : 0.7762 *  x[0]^1.0 + 0.7744 *  x[1]^1.0 + 0.1205 *  x[2]^1.0 + 0.6667 * 1

2020-05-24-01-17-13   >>>>   End verify ranking function

verifying time = 20.543 ms


Not Found Ranking Fcuntion

Conterexample is 

[1, 439, 0.125]

sampling time = 1.219 ms


       ########################################         

iteration 18 with 38 examples

2020-05-24-01-17-13   >>>>   Start train ranking function

training done
2020-05-24-01-17-13   >>>>   End train ranking function

train_ranking_functioning time = 1.177 ms


2020-05-24-01-17-13   >>>>   Start verify ranking function

start alarm signal.
[xr_1 = -151,
 xr_2 = 1/8,
 xr_0 = 152,
 /0 = [(9/64, 65/64) -> 9/65,
       (-7/8, 65/64) -> -56/65,
       else -> 0]]
close alarm signal.
ranking function : 0.7713 *  x[0]^1.0 + 0.7765 *  x[1]^1.0 + 0.1198 *  x[2]^1.0 + 0.6667 * 1

2020-05-24-01-17-13   >>>>   End verify ranking function

verifying time = 24.939 ms


Not Found Ranking Fcuntion

Conterexample is 

[152, -151, 0.125]

sampling time = 1.260 ms


       ########################################         

iteration 19 with 40 examples

2020-05-24-01-17-13   >>>>   Start train ranking function

training done
2020-05-24-01-17-13   >>>>   End train ranking function

train_ranking_functioning time = 1.155 ms


2020-05-24-01-17-13   >>>>   Start verify ranking function

start alarm signal.
[xr_2 = 1/8,
 xr_1 = -3936,
 xr_0 = 3937,
 /0 = [(9/64, 65/64) -> 9/65,
       (-7/8, 65/64) -> -56/65,
       else -> 0]]
close alarm signal.
ranking function : 0.775 *  x[0]^1.0 + 0.7752 *  x[1]^1.0 + 0.1203 *  x[2]^1.0 + 0.6667 * 1

2020-05-24-01-17-13   >>>>   End verify ranking function

verifying time = 24.096 ms


Not Found Ranking Fcuntion

Conterexample is 

[3937, -3936, 0.125]

sampling time = 2.046 ms


       ########################################         

iteration 20 with 42 examples

2020-05-24-01-17-13   >>>>   Start train ranking function

training done
2020-05-24-01-17-13   >>>>   End train ranking function

train_ranking_functioning time = 1.240 ms


2020-05-24-01-17-13   >>>>   Start verify ranking function

start alarm signal.
[xr_1 = 377,
 xr_2 = 1/8,
 xr_0 = 1,
 /0 = [(9/64, 65/64) -> 9/65,
       (-7/8, 65/64) -> -56/65,
       else -> 0]]
close alarm signal.
ranking function : 0.7759 *  x[0]^1.0 + 0.7738 *  x[1]^1.0 + 0.1203 *  x[2]^1.0 + 0.6667 * 1

2020-05-24-01-17-13   >>>>   End verify ranking function

verifying time = 22.134 ms


Not Found Ranking Fcuntion

Conterexample is 

[1, 377, 0.125]

sampling time = 1.257 ms


       ########################################         

iteration 21 with 44 examples

2020-05-24-01-17-13   >>>>   Start train ranking function

training done
2020-05-24-01-17-13   >>>>   End train ranking function

train_ranking_functioning time = 1.417 ms


2020-05-24-01-17-13   >>>>   Start verify ranking function

start alarm signal.
[xr_1 = -151,
 xr_2 = 1/8,
 xr_0 = 152,
 /0 = [(9/64, 65/64) -> 9/65,
       (-7/8, 65/64) -> -56/65,
       else -> 0]]
close alarm signal.
ranking function : 0.7723 *  x[0]^1.0 + 0.7775 *  x[1]^1.0 + 0.1202 *  x[2]^1.0 + 0.6667 * 1

2020-05-24-01-17-13   >>>>   End verify ranking function

verifying time = 28.711 ms


Not Found Ranking Fcuntion

Conterexample is 

[152, -151, 0.125]

sampling time = 1.563 ms


       ########################################         

iteration 22 with 46 examples

2020-05-24-01-17-13   >>>>   Start train ranking function

training done
2020-05-24-01-17-13   >>>>   End train ranking function

train_ranking_functioning time = 1.389 ms


2020-05-24-01-17-13   >>>>   Start verify ranking function

start alarm signal.
[xr_1 = 396,
 xr_2 = 1/8,
 xr_0 = 1,
 /0 = [(9/64, 65/64) -> 9/65,
       (-7/8, 65/64) -> -56/65,
       else -> 0]]
close alarm signal.
ranking function : 0.7765 *  x[0]^1.0 + 0.7745 *  x[1]^1.0 + 0.1204 *  x[2]^1.0 + 0.6667 * 1

2020-05-24-01-17-13   >>>>   End verify ranking function

verifying time = 21.193 ms


Not Found Ranking Fcuntion

Conterexample is 

[1, 396, 0.125]

sampling time = 1.245 ms


       ########################################         

iteration 23 with 48 examples

2020-05-24-01-17-13   >>>>   Start train ranking function

training done
2020-05-24-01-17-13   >>>>   End train ranking function

train_ranking_functioning time = 1.268 ms


2020-05-24-01-17-13   >>>>   Start verify ranking function

start alarm signal.
[xr_2 = 1/8,
 xr_1 = 417,
 xr_0 = 1,
 /0 = [(9/64, 65/64) -> 9/65,
       (-7/8, 65/64) -> -56/65,
       else -> 0]]
close alarm signal.
ranking function : 0.7766 *  x[0]^1.0 + 0.7747 *  x[1]^1.0 + 0.1205 *  x[2]^1.0 + 0.6667 * 1

2020-05-24-01-17-13   >>>>   End verify ranking function

verifying time = 23.009 ms


Not Found Ranking Fcuntion

Conterexample is 

[1, 417, 0.125]

sampling time = 1.249 ms


       ########################################         

iteration 24 with 50 examples

2020-05-24-01-17-13   >>>>   Start train ranking function

training done
2020-05-24-01-17-13   >>>>   End train ranking function

train_ranking_functioning time = 1.214 ms


2020-05-24-01-17-13   >>>>   Start verify ranking function

start alarm signal.
[xr_1 = -7880,
 xr_2 = 1/8,
 xr_0 = 7881,
 /0 = [(9/64, 65/64) -> 9/65,
       (-7/8, 65/64) -> -56/65,
       else -> 0]]
close alarm signal.
ranking function : 0.7757 *  x[0]^1.0 + 0.7758 *  x[1]^1.0 + 0.1206 *  x[2]^1.0 + 0.6667 * 1

2020-05-24-01-17-13   >>>>   End verify ranking function

verifying time = 24.565 ms


Not Found Ranking Fcuntion

Conterexample is 

[7881, -7880, 0.125]

sampling time = 1.358 ms


       ########################################         

iteration 25 with 52 examples

2020-05-24-01-17-13   >>>>   Start train ranking function

training done
2020-05-24-01-17-13   >>>>   End train ranking function

train_ranking_functioning time = 1.360 ms


2020-05-24-01-17-13   >>>>   Start verify ranking function

start alarm signal.
[xr_1 = -1313,
 xr_2 = 1/8,
 xr_0 = 1314,
 /0 = [(9/64, 65/64) -> 9/65,
       (-7/8, 65/64) -> -56/65,
       else -> 0]]
close alarm signal.
ranking function : 0.775 *  x[0]^1.0 + 0.7756 *  x[1]^1.0 + 0.1205 *  x[2]^1.0 + 0.6667 * 1

2020-05-24-01-17-13   >>>>   End verify ranking function

verifying time = 23.482 ms


Not Found Ranking Fcuntion

Conterexample is 

[1314, -1313, 0.125]

sampling time = 1.229 ms


       ########################################         

iteration 26 with 54 examples

2020-05-24-01-17-13   >>>>   Start train ranking function

training done
2020-05-24-01-17-13   >>>>   End train ranking function

train_ranking_functioning time = 1.306 ms


2020-05-24-01-17-13   >>>>   Start verify ranking function

start alarm signal.
[xr_1 = 1971,
 xr_2 = 1/8,
 xr_0 = 1,
 /0 = [(9/64, 65/64) -> 9/65,
       (-7/8, 65/64) -> -56/65,
       else -> 0]]
close alarm signal.
ranking function : 0.7757 *  x[0]^1.0 + 0.7753 *  x[1]^1.0 + 0.1205 *  x[2]^1.0 + 0.6667 * 1

2020-05-24-01-17-13   >>>>   End verify ranking function

verifying time = 22.347 ms


Not Found Ranking Fcuntion

Conterexample is 

[1, 1971, 0.125]

sampling time = 1.251 ms


       ########################################         

iteration 27 with 56 examples

2020-05-24-01-17-13   >>>>   Start train ranking function

training done
2020-05-24-01-17-13   >>>>   End train ranking function

train_ranking_functioning time = 1.374 ms


2020-05-24-01-17-13   >>>>   Start verify ranking function

start alarm signal.
[xr_2 = 1/8,
 xr_1 = -155,
 xr_0 = 156,
 /0 = [(9/64, 65/64) -> 9/65,
       (-7/8, 65/64) -> -56/65,
       else -> 0]]
close alarm signal.
ranking function : 0.7729 *  x[0]^1.0 + 0.778 *  x[1]^1.0 + 0.1205 *  x[2]^1.0 + 0.6667 * 1

2020-05-24-01-17-13   >>>>   End verify ranking function

verifying time = 22.389 ms


Not Found Ranking Fcuntion

Conterexample is 

[156, -155, 0.125]

sampling time = 1.230 ms


       ########################################         

iteration 28 with 58 examples

2020-05-24-01-17-13   >>>>   Start train ranking function

training done
2020-05-24-01-17-13   >>>>   End train ranking function

train_ranking_functioning time = 1.353 ms


2020-05-24-01-17-13   >>>>   Start verify ranking function

start alarm signal.
[xr_1 = -1577,
 xr_2 = 1/8,
 xr_0 = 1578,
 /0 = [(9/64, 65/64) -> 9/65,
       (-7/8, 65/64) -> -56/65,
       else -> 0]]
close alarm signal.
ranking function : 0.776 *  x[0]^1.0 + 0.7765 *  x[1]^1.0 + 0.1208 *  x[2]^1.0 + 0.6667 * 1

2020-05-24-01-17-13   >>>>   End verify ranking function

verifying time = 21.803 ms


Not Found Ranking Fcuntion

Conterexample is 

[1578, -1577, 0.125]

sampling time = 1.238 ms


       ########################################         

iteration 29 with 60 examples

2020-05-24-01-17-13   >>>>   Start train ranking function

training done
2020-05-24-01-17-13   >>>>   End train ranking function

train_ranking_functioning time = 1.581 ms


2020-05-24-01-17-13   >>>>   Start verify ranking function

start alarm signal.
[xr_1 = 417,
 xr_2 = 1/8,
 xr_0 = 1,
 /0 = [(9/64, 65/64) -> 9/65,
       (-7/8, 65/64) -> -56/65,
       else -> 0]]
close alarm signal.
ranking function : 0.7777 *  x[0]^1.0 + 0.7758 *  x[1]^1.0 + 0.121 *  x[2]^1.0 + 0.6667 * 1

2020-05-24-01-17-13   >>>>   End verify ranking function

verifying time = 21.606 ms


Not Found Ranking Fcuntion

Conterexample is 

[1, 417, 0.125]

sampling time = 1.388 ms


       ########################################         

iteration 30 with 62 examples

2020-05-24-01-17-13   >>>>   Start train ranking function

training done
2020-05-24-01-17-13   >>>>   End train ranking function

train_ranking_functioning time = 1.872 ms


2020-05-24-01-17-13   >>>>   Start verify ranking function

start alarm signal.
[xr_1 = 565,
 xr_2 = 1/8,
 xr_0 = 1,
 /0 = [(9/64, 65/64) -> 9/65,
       (-7/8, 65/64) -> -56/65,
       else -> 0]]
close alarm signal.
ranking function : 0.7765 *  x[0]^1.0 + 0.7751 *  x[1]^1.0 + 0.1207 *  x[2]^1.0 + 0.6667 * 1

2020-05-24-01-17-13   >>>>   End verify ranking function

verifying time = 22.927 ms


Not Found Ranking Fcuntion

Conterexample is 

[1, 565, 0.125]

sampling time = 1.402 ms


       ########################################         

iteration 31 with 64 examples

2020-05-24-01-17-13   >>>>   Start train ranking function

training done
2020-05-24-01-17-13   >>>>   End train ranking function

train_ranking_functioning time = 1.912 ms


2020-05-24-01-17-13   >>>>   Start verify ranking function

start alarm signal.
[xr_2 = 1/8,
 xr_1 = -3942,
 xr_0 = 3943,
 /0 = [(9/64, 65/64) -> 9/65,
       (-7/8, 65/64) -> -56/65,
       else -> 0]]
close alarm signal.
ranking function : 0.776 *  x[0]^1.0 + 0.7762 *  x[1]^1.0 + 0.1208 *  x[2]^1.0 + 0.6667 * 1

2020-05-24-01-17-13   >>>>   End verify ranking function

verifying time = 24.038 ms


Not Found Ranking Fcuntion

Conterexample is 

[3943, -3942, 0.125]

sampling time = 1.231 ms


       ########################################         

iteration 32 with 66 examples

2020-05-24-01-17-13   >>>>   Start train ranking function

training done
2020-05-24-01-17-13   >>>>   End train ranking function

train_ranking_functioning time = 1.541 ms


2020-05-24-01-17-13   >>>>   Start verify ranking function

start alarm signal.
[xr_1 = -1575,
 xr_2 = 1/8,
 xr_0 = 1576,
 /0 = [(9/64, 65/64) -> 9/65,
       (-7/8, 65/64) -> -56/65,
       else -> 0]]
close alarm signal.
ranking function : 0.7752 *  x[0]^1.0 + 0.7757 *  x[1]^1.0 + 0.1206 *  x[2]^1.0 + 0.6667 * 1

2020-05-24-01-17-13   >>>>   End verify ranking function

verifying time = 28.159 ms


Not Found Ranking Fcuntion

Conterexample is 

[1576, -1575, 0.125]

sampling time = 1.604 ms


       ########################################         

iteration 33 with 68 examples

2020-05-24-01-17-13   >>>>   Start train ranking function

training done
2020-05-24-01-17-13   >>>>   End train ranking function

train_ranking_functioning time = 2.032 ms


2020-05-24-01-17-13   >>>>   Start verify ranking function

start alarm signal.
[xr_1 = 2629,
 xr_2 = 1/8,
 xr_0 = 1,
 /0 = [(9/64, 65/64) -> 9/65,
       (-7/8, 65/64) -> -56/65,
       else -> 0]]
close alarm signal.
ranking function : 0.7762 *  x[0]^1.0 + 0.7759 *  x[1]^1.0 + 0.1208 *  x[2]^1.0 + 0.6667 * 1

2020-05-24-01-17-13   >>>>   End verify ranking function

verifying time = 22.419 ms


Not Found Ranking Fcuntion

Conterexample is 

[1, 2629, 0.125]

sampling time = 1.213 ms


       ########################################         

iteration 34 with 70 examples

2020-05-24-01-17-13   >>>>   Start train ranking function

training done
2020-05-24-01-17-13   >>>>   End train ranking function

train_ranking_functioning time = 1.604 ms


2020-05-24-01-17-13   >>>>   Start verify ranking function

start alarm signal.
[xr_1 = 565,
 xr_2 = 1/8,
 xr_0 = 1,
 /0 = [(9/64, 65/64) -> 9/65,
       (-7/8, 65/64) -> -56/65,
       else -> 0]]
close alarm signal.
ranking function : 0.7769 *  x[0]^1.0 + 0.7755 *  x[1]^1.0 + 0.1208 *  x[2]^1.0 + 0.6667 * 1

2020-05-24-01-17-13   >>>>   End verify ranking function

verifying time = 23.007 ms


Not Found Ranking Fcuntion

Conterexample is 

[1, 565, 0.125]

sampling time = 1.911 ms


       ########################################         

iteration 35 with 72 examples

2020-05-24-01-17-13   >>>>   Start train ranking function

training done
2020-05-24-01-17-13   >>>>   End train ranking function

train_ranking_functioning time = 1.649 ms


2020-05-24-01-17-13   >>>>   Start verify ranking function

start alarm signal.
[xr_2 = 1/8,
 xr_1 = -1576,
 xr_0 = 1577,
 /0 = [(9/64, 65/64) -> 9/65,
       (-7/8, 65/64) -> -56/65,
       else -> 0]]
close alarm signal.
ranking function : 0.7754 *  x[0]^1.0 + 0.7759 *  x[1]^1.0 + 0.1208 *  x[2]^1.0 + 0.6667 * 1

2020-05-24-01-17-14   >>>>   End verify ranking function

verifying time = 22.041 ms


Not Found Ranking Fcuntion

Conterexample is 

[1577, -1576, 0.125]

sampling time = 1.226 ms


       ########################################         

iteration 36 with 74 examples

2020-05-24-01-17-14   >>>>   Start train ranking function

training done
2020-05-24-01-17-14   >>>>   End train ranking function

train_ranking_functioning time = 1.626 ms


2020-05-24-01-17-14   >>>>   Start verify ranking function

start alarm signal.
[xr_1 = 2628,
 xr_2 = 1/8,
 xr_0 = 1,
 /0 = [(9/64, 65/64) -> 9/65,
       (-7/8, 65/64) -> -56/65,
       else -> 0]]
close alarm signal.
ranking function : 0.7759 *  x[0]^1.0 + 0.7756 *  x[1]^1.0 + 0.1208 *  x[2]^1.0 + 0.6667 * 1

2020-05-24-01-17-14   >>>>   End verify ranking function

verifying time = 21.371 ms


Not Found Ranking Fcuntion

Conterexample is 

[1, 2628, 0.125]

sampling time = 1.217 ms


       ########################################         

iteration 37 with 76 examples

2020-05-24-01-17-14   >>>>   Start train ranking function

training done
2020-05-24-01-17-14   >>>>   End train ranking function

train_ranking_functioning time = 1.898 ms


2020-05-24-01-17-14   >>>>   Start verify ranking function

start alarm signal.
[xr_1 = -607,
 xr_2 = 1/8,
 xr_0 = 608,
 /0 = [(9/64, 65/64) -> 9/65,
       (-7/8, 65/64) -> -56/65,
       else -> 0]]
close alarm signal.
ranking function : 0.7758 *  x[0]^1.0 + 0.7771 *  x[1]^1.0 + 0.1206 *  x[2]^1.0 + 0.6667 * 1

2020-05-24-01-17-14   >>>>   End verify ranking function

verifying time = 23.303 ms


Not Found Ranking Fcuntion

Conterexample is 

[608, -607, 0.125]

sampling time = 1.239 ms


       ########################################         

iteration 38 with 78 examples

2020-05-24-01-17-14   >>>>   Start train ranking function

training done
2020-05-24-01-17-14   >>>>   End train ranking function

train_ranking_functioning time = 2.369 ms


2020-05-24-01-17-14   >>>>   Start verify ranking function

start alarm signal.
[xr_1 = 2627,
 xr_2 = 1/8,
 xr_0 = 1,
 /0 = [(9/64, 65/64) -> 9/65,
       (-7/8, 65/64) -> -56/65,
       else -> 0]]
close alarm signal.
ranking function : 0.7756 *  x[0]^1.0 + 0.7753 *  x[1]^1.0 + 0.1205 *  x[2]^1.0 + 0.6667 * 1

2020-05-24-01-17-14   >>>>   End verify ranking function

verifying time = 20.840 ms


Not Found Ranking Fcuntion

Conterexample is 

[1, 2627, 0.125]

sampling time = 1.326 ms


       ########################################         

iteration 39 with 80 examples

2020-05-24-01-17-14   >>>>   Start train ranking function

training done
2020-05-24-01-17-14   >>>>   End train ranking function

train_ranking_functioning time = 2.639 ms


2020-05-24-01-17-14   >>>>   Start verify ranking function

start alarm signal.
[xr_2 = 1/8,
 xr_1 = -1314,
 xr_0 = 1315,
 /0 = [(9/64, 65/64) -> 9/65,
       (-7/8, 65/64) -> -56/65,
       else -> 0]]
close alarm signal.
ranking function : 0.7756 *  x[0]^1.0 + 0.7762 *  x[1]^1.0 + 0.1206 *  x[2]^1.0 + 0.6667 * 1

2020-05-24-01-17-14   >>>>   End verify ranking function

verifying time = 20.306 ms


Not Found Ranking Fcuntion

Conterexample is 

[1315, -1314, 0.125]

sampling time = 1.243 ms


       ########################################         

iteration 40 with 82 examples

2020-05-24-01-17-14   >>>>   Start train ranking function

training done
2020-05-24-01-17-14   >>>>   End train ranking function

train_ranking_functioning time = 2.395 ms


2020-05-24-01-17-14   >>>>   Start verify ranking function

start alarm signal.
[xr_1 = 3943,
 xr_2 = 1/8,
 xr_0 = 1,
 /0 = [(9/64, 65/64) -> 9/65,
       (-7/8, 65/64) -> -56/65,
       else -> 0]]
close alarm signal.
ranking function : 0.7761 *  x[0]^1.0 + 0.7759 *  x[1]^1.0 + 0.1208 *  x[2]^1.0 + 0.6667 * 1

2020-05-24-01-17-14   >>>>   End verify ranking function

verifying time = 19.789 ms


Not Found Ranking Fcuntion

Conterexample is 

[1, 3943, 0.125]

sampling time = 1.248 ms


       ########################################         

iteration 41 with 84 examples

2020-05-24-01-17-14   >>>>   Start train ranking function

training done
2020-05-24-01-17-14   >>>>   End train ranking function

train_ranking_functioning time = 2.363 ms


2020-05-24-01-17-14   >>>>   Start verify ranking function

start alarm signal.
[xr_1 = 416,
 xr_2 = 1/8,
 xr_0 = 1,
 /0 = [(9/64, 65/64) -> 9/65,
       (-7/8, 65/64) -> -56/65,
       else -> 0]]
close alarm signal.
ranking function : 0.7765 *  x[0]^1.0 + 0.7746 *  x[1]^1.0 + 0.1206 *  x[2]^1.0 + 0.6667 * 1

2020-05-24-01-17-14   >>>>   End verify ranking function

verifying time = 20.531 ms


Not Found Ranking Fcuntion

Conterexample is 

[1, 416, 0.125]

sampling time = 1.302 ms


       ########################################         

iteration 42 with 86 examples

2020-05-24-01-17-14   >>>>   Start train ranking function

training done
2020-05-24-01-17-14   >>>>   End train ranking function

train_ranking_functioning time = 2.124 ms


2020-05-24-01-17-14   >>>>   Start verify ranking function

start alarm signal.
[xr_1 = -152,
 xr_2 = 1/8,
 xr_0 = 153,
 /0 = [(9/64, 65/64) -> 9/65,
       (-7/8, 65/64) -> -56/65,
       else -> 0]]
close alarm signal.
ranking function : 0.7733 *  x[0]^1.0 + 0.7785 *  x[1]^1.0 + 0.1207 *  x[2]^1.0 + 0.6667 * 1

2020-05-24-01-17-14   >>>>   End verify ranking function

verifying time = 30.842 ms


Not Found Ranking Fcuntion

Conterexample is 

[153, -152, 0.125]

sampling time = 1.804 ms


       ########################################         

iteration 43 with 88 examples

2020-05-24-01-17-14   >>>>   Start train ranking function

training done
2020-05-24-01-17-14   >>>>   End train ranking function

train_ranking_functioning time = 2.924 ms


2020-05-24-01-17-14   >>>>   Start verify ranking function

start alarm signal.
[xr_2 = 1/8,
 xr_1 = -1315,
 xr_0 = 1316,
 /0 = [(9/64, 65/64) -> 9/65,
       (-7/8, 65/64) -> -56/65,
       else -> 0]]
close alarm signal.
ranking function : 0.7761 *  x[0]^1.0 + 0.7767 *  x[1]^1.0 + 0.1209 *  x[2]^1.0 + 0.6667 * 1

2020-05-24-01-17-14   >>>>   End verify ranking function

verifying time = 26.816 ms


Not Found Ranking Fcuntion

Conterexample is 

[1316, -1315, 0.125]

sampling time = 1.550 ms


       ########################################         

iteration 44 with 90 examples

2020-05-24-01-17-14   >>>>   Start train ranking function

training done
2020-05-24-01-17-14   >>>>   End train ranking function

train_ranking_functioning time = 2.293 ms


2020-05-24-01-17-14   >>>>   Start verify ranking function

start alarm signal.
[xr_1 = -1970,
 xr_2 = 1/8,
 xr_0 = 1971,
 /0 = [(9/64, 65/64) -> 9/65,
       (-7/8, 65/64) -> -56/65,
       else -> 0]]
close alarm signal.
ranking function : 0.7756 *  x[0]^1.0 + 0.776 *  x[1]^1.0 + 0.1208 *  x[2]^1.0 + 0.6667 * 1

2020-05-24-01-17-14   >>>>   End verify ranking function

verifying time = 23.630 ms


Not Found Ranking Fcuntion

Conterexample is 

[1971, -1970, 0.125]

sampling time = 1.276 ms


       ########################################         

iteration 45 with 92 examples

2020-05-24-01-17-14   >>>>   Start train ranking function

training done
2020-05-24-01-17-14   >>>>   End train ranking function

train_ranking_functioning time = 1.928 ms


2020-05-24-01-17-14   >>>>   Start verify ranking function

start alarm signal.
[xr_1 = 2629,
 xr_2 = 1/8,
 xr_0 = 1,
 /0 = [(9/64, 65/64) -> 9/65,
       (-7/8, 65/64) -> -56/65,
       else -> 0]]
close alarm signal.
ranking function : 0.7762 *  x[0]^1.0 + 0.7759 *  x[1]^1.0 + 0.1209 *  x[2]^1.0 + 0.6667 * 1

2020-05-24-01-17-14   >>>>   End verify ranking function

verifying time = 22.538 ms


Not Found Ranking Fcuntion

Conterexample is 

[1, 2629, 0.125]

sampling time = 1.566 ms


       ########################################         

iteration 46 with 94 examples

2020-05-24-01-17-14   >>>>   Start train ranking function

training done
2020-05-24-01-17-14   >>>>   End train ranking function

train_ranking_functioning time = 2.040 ms


2020-05-24-01-17-14   >>>>   Start verify ranking function

start alarm signal.
[xr_2 = 4,
 xr_0 = 0,
 xr_1 = 0,
 /0 = [(20, 17) -> 20/17, (3, 17) -> 3/17, else -> 0]]
close alarm signal.
ranking function : 0.7769 *  x[0]^1.0 + 0.7769 *  x[1]^1.0 + 0.1211 *  x[2]^1.0 + 0.6667 * 1

2020-05-24-01-17-14   >>>>   End verify ranking function

verifying time = 22.022 ms


Not Found Ranking Fcuntion

Conterexample is 

[0, 0, 4]

sampling time = 1.205 ms


       ########################################         

iteration 47 with 96 examples

2020-05-24-01-17-14   >>>>   Start train ranking function

training done
2020-05-24-01-17-14   >>>>   End train ranking function

train_ranking_functioning time = 2.143 ms


2020-05-24-01-17-14   >>>>   Start verify ranking function

start alarm signal.
[xr_1 = 617,
 xr_2 = 1/8,
 xr_0 = 1,
 /0 = [(9/64, 65/64) -> 9/65,
       (-7/8, 65/64) -> -56/65,
       else -> 0]]
close alarm signal.
ranking function : 0.8026 *  x[0]^1.0 + 0.8013 *  x[1]^1.0 - 0.0099 *  x[2]^1.0 + 0.8158 * 1

2020-05-24-01-17-14   >>>>   End verify ranking function

verifying time = 21.431 ms


Not Found Ranking Fcuntion

Conterexample is 

[1, 617, 0.125]

sampling time = 1.223 ms


       ########################################         

iteration 48 with 98 examples

2020-05-24-01-17-14   >>>>   Start train ranking function

training done
2020-05-24-01-17-14   >>>>   End train ranking function

train_ranking_functioning time = 2.220 ms


2020-05-24-01-17-14   >>>>   Start verify ranking function

start alarm signal.
close alarm signal.
ranking function : 0.8019 *  x[0]^1.0 + 0.8019 *  x[1]^1.0 - 0.0099 *  x[2]^1.0 + 0.8158 * 1

2020-05-24-01-17-14   >>>>   End verify ranking function

verifying time = 23.294 ms


Not Found Ranking Fcuntion

Conterexample is 

[0, 0, 183.41414141414143]

sampling time = 1.208 ms


       ########################################         

iteration 49 with 100 examples

2020-05-24-01-17-14   >>>>   Start train ranking function

training done
2020-05-24-01-17-14   >>>>   End train ranking function

train_ranking_functioning time = 2.309 ms


2020-05-24-01-17-14   >>>>   Start verify ranking function

start alarm signal.
[xr_1 = 8235,
 xr_2 = 1/8,
 xr_0 = 1,
 /0 = [(9/64, 65/64) -> 9/65,
       (-7/8, 65/64) -> -56/65,
       else -> 0]]
close alarm signal.
ranking function : 0.8243 *  x[0]^1.0 + 0.8242 *  x[1]^1.0 + 0.0009 *  x[2]^1.0 + 0.8016 * 1

2020-05-24-01-17-14   >>>>   End verify ranking function

verifying time = 23.496 ms


Not Found Ranking Fcuntion

Conterexample is 

[1, 8235, 0.125]

sampling time = 1.208 ms


       ########################################         

iteration 50 with 102 examples

2020-05-24-01-17-14   >>>>   Start train ranking function

training done
2020-05-24-01-17-14   >>>>   End train ranking function

train_ranking_functioning time = 2.412 ms


2020-05-24-01-17-14   >>>>   Start verify ranking function

start alarm signal.
[xr_1 = 8241,
 xr_2 = 1/8,
 xr_0 = 1,
 /0 = [(9/64, 65/64) -> 9/65,
       (-7/8, 65/64) -> -56/65,
       else -> 0]]
close alarm signal.
ranking function : 0.8249 *  x[0]^1.0 + 0.8248 *  x[1]^1.0 + 0.0008 *  x[2]^1.0 + 0.8017 * 1

2020-05-24-01-17-14   >>>>   End verify ranking function

verifying time = 22.061 ms


Not Found Ranking Fcuntion

Conterexample is 

[1, 8241, 0.125]

sampling time = 1.306 ms


       ########################################         

iteration 51 with 104 examples

2020-05-24-01-17-14   >>>>   Start train ranking function

training done
2020-05-24-01-17-14   >>>>   End train ranking function

train_ranking_functioning time = 2.399 ms


2020-05-24-01-17-14   >>>>   Start verify ranking function

start alarm signal.
[xr_1 = -8241,
 xr_2 = 1/8,
 xr_0 = 8242,
 /0 = [(9/64, 65/64) -> 9/65,
       (-7/8, 65/64) -> -56/65,
       else -> 0]]
close alarm signal.
ranking function : 0.8249 *  x[0]^1.0 + 0.825 *  x[1]^1.0 + 0.0008 *  x[2]^1.0 + 0.8018 * 1

2020-05-24-01-17-14   >>>>   End verify ranking function

verifying time = 22.138 ms


Not Found Ranking Fcuntion

Conterexample is 

[8242, -8241, 0.125]

sampling time = 1.230 ms


       ########################################         

iteration 52 with 106 examples

2020-05-24-01-17-14   >>>>   Start train ranking function

training done
2020-05-24-01-17-14   >>>>   End train ranking function

train_ranking_functioning time = 2.440 ms


2020-05-24-01-17-14   >>>>   Start verify ranking function

start alarm signal.
[xr_2 = 1/8,
 xr_1 = 8241,
 xr_0 = 1,
 /0 = [(9/64, 65/64) -> 9/65,
       (-7/8, 65/64) -> -56/65,
       else -> 0]]
close alarm signal.
ranking function : 0.8249 *  x[0]^1.0 + 0.8248 *  x[1]^1.0 + 0.0007 *  x[2]^1.0 + 0.8017 * 1

2020-05-24-01-17-14   >>>>   End verify ranking function

verifying time = 20.226 ms


Not Found Ranking Fcuntion

Conterexample is 

[1, 8241, 0.125]

sampling time = 1.243 ms


       ########################################         

iteration 53 with 108 examples

2020-05-24-01-17-14   >>>>   Start train ranking function

training done
2020-05-24-01-17-14   >>>>   End train ranking function

train_ranking_functioning time = 2.300 ms


2020-05-24-01-17-14   >>>>   Start verify ranking function

start alarm signal.
[xr_1 = -1649,
 xr_2 = 1/8,
 xr_0 = 1650,
 /0 = [(9/64, 65/64) -> 9/65,
       (-7/8, 65/64) -> -56/65,
       else -> 0]]
close alarm signal.
ranking function : 0.8249 *  x[0]^1.0 + 0.8254 *  x[1]^1.0 + 0.0007 *  x[2]^1.0 + 0.8016 * 1

2020-05-24-01-17-14   >>>>   End verify ranking function

verifying time = 21.764 ms


Not Found Ranking Fcuntion

Conterexample is 

[1650, -1649, 0.125]

sampling time = 1.214 ms


       ########################################         

iteration 54 with 110 examples

2020-05-24-01-17-14   >>>>   Start train ranking function

training done
2020-05-24-01-17-14   >>>>   End train ranking function

train_ranking_functioning time = 3.546 ms


2020-05-24-01-17-14   >>>>   Start verify ranking function

start alarm signal.
[xr_1 = 8237,
 xr_2 = 1/8,
 xr_0 = 1,
 /0 = [(9/64, 65/64) -> 9/65,
       (-7/8, 65/64) -> -56/65,
       else -> 0]]
close alarm signal.
ranking function : 0.8245 *  x[0]^1.0 + 0.8244 *  x[1]^1.0 + 0.001 *  x[2]^1.0 + 0.8017 * 1

2020-05-24-01-17-14   >>>>   End verify ranking function

verifying time = 21.843 ms


Not Found Ranking Fcuntion

Conterexample is 

[1, 8237, 0.125]

sampling time = 1.994 ms


       ########################################         

iteration 55 with 112 examples

2020-05-24-01-17-14   >>>>   Start train ranking function

training done
2020-05-24-01-17-14   >>>>   End train ranking function

train_ranking_functioning time = 2.971 ms


2020-05-24-01-17-14   >>>>   Start verify ranking function

start alarm signal.
[xr_1 = -2745,
 xr_2 = 1/8,
 xr_0 = 2746,
 /0 = [(9/64, 65/64) -> 9/65,
       (-7/8, 65/64) -> -56/65,
       else -> 0]]
close alarm signal.
ranking function : 0.8243 *  x[0]^1.0 + 0.8246 *  x[1]^1.0 + 0.0008 *  x[2]^1.0 + 0.8017 * 1

2020-05-24-01-17-14   >>>>   End verify ranking function

verifying time = 20.440 ms


Not Found Ranking Fcuntion

Conterexample is 

[2746, -2745, 0.125]

sampling time = 1.282 ms


       ########################################         

iteration 56 with 114 examples

2020-05-24-01-17-14   >>>>   Start train ranking function

training done
2020-05-24-01-17-14   >>>>   End train ranking function

train_ranking_functioning time = 2.773 ms


2020-05-24-01-17-14   >>>>   Start verify ranking function

start alarm signal.
[xr_2 = 1/8,
 xr_1 = 8240,
 xr_0 = 1,
 /0 = [(9/64, 65/64) -> 9/65,
       (-7/8, 65/64) -> -56/65,
       else -> 0]]
close alarm signal.
ranking function : 0.8248 *  x[0]^1.0 + 0.8247 *  x[1]^1.0 + 0.001 *  x[2]^1.0 + 0.8016 * 1

2020-05-24-01-17-14   >>>>   End verify ranking function

verifying time = 20.744 ms


Not Found Ranking Fcuntion

Conterexample is 

[1, 8240, 0.125]

sampling time = 1.214 ms


       ########################################         

iteration 57 with 116 examples

2020-05-24-01-17-14   >>>>   Start train ranking function

training done
2020-05-24-01-17-14   >>>>   End train ranking function

train_ranking_functioning time = 2.530 ms


2020-05-24-01-17-14   >>>>   Start verify ranking function

start alarm signal.
[xr_1 = -2746,
 xr_2 = 1/8,
 xr_0 = 2747,
 /0 = [(9/64, 65/64) -> 9/65,
       (-7/8, 65/64) -> -56/65,
       else -> 0]]
close alarm signal.
ranking function : 0.8245 *  x[0]^1.0 + 0.8248 *  x[1]^1.0 + 0.0007 *  x[2]^1.0 + 0.8017 * 1

2020-05-24-01-17-14   >>>>   End verify ranking function

verifying time = 21.195 ms


Not Found Ranking Fcuntion

Conterexample is 

[2747, -2746, 0.125]

sampling time = 1.226 ms


       ########################################         

iteration 58 with 118 examples

2020-05-24-01-17-14   >>>>   Start train ranking function

training done
2020-05-24-01-17-14   >>>>   End train ranking function

train_ranking_functioning time = 2.638 ms


2020-05-24-01-17-14   >>>>   Start verify ranking function

start alarm signal.
[xr_1 = -2745,
 xr_2 = 1/8,
 xr_0 = 2746,
 /0 = [(9/64, 65/64) -> 9/65,
       (-7/8, 65/64) -> -56/65,
       else -> 0]]
close alarm signal.
ranking function : 0.8243 *  x[0]^1.0 + 0.8246 *  x[1]^1.0 + 0.0008 *  x[2]^1.0 + 0.8017 * 1

2020-05-24-01-17-14   >>>>   End verify ranking function

verifying time = 22.446 ms


Not Found Ranking Fcuntion

Conterexample is 

[2746, -2745, 0.125]

sampling time = 1.216 ms


       ########################################         

iteration 59 with 120 examples

2020-05-24-01-17-14   >>>>   Start train ranking function

training done
2020-05-24-01-17-14   >>>>   End train ranking function

train_ranking_functioning time = 2.517 ms


2020-05-24-01-17-14   >>>>   Start verify ranking function

start alarm signal.
[xr_1 = 7997,
 xr_2 = 1/8,
 xr_0 = 1,
 /0 = [(9/64, 65/64) -> 9/65,
       (-7/8, 65/64) -> -56/65,
       else -> 0]]
close alarm signal.
ranking function : 0.8016 *  x[0]^1.0 + 0.8015 *  x[1]^1.0 - 0.0099 *  x[2]^1.0 + 0.8159 * 1

2020-05-24-01-17-14   >>>>   End verify ranking function

verifying time = 24.758 ms


Not Found Ranking Fcuntion

Conterexample is 

[1, 7997, 0.125]

sampling time = 1.291 ms


       ########################################         

iteration 60 with 122 examples

2020-05-24-01-17-14   >>>>   Start train ranking function

training done
2020-05-24-01-17-14   >>>>   End train ranking function

train_ranking_functioning time = 2.651 ms


2020-05-24-01-17-14   >>>>   Start verify ranking function

start alarm signal.
[xr_2 = 1/8,
 xr_1 = -2059,
 xr_0 = 2060,
 /0 = [(9/64, 65/64) -> 9/65,
       (-7/8, 65/64) -> -56/65,
       else -> 0]]
close alarm signal.
ranking function : 0.8243 *  x[0]^1.0 + 0.8247 *  x[1]^1.0 + 0.0007 *  x[2]^1.0 + 0.8016 * 1

2020-05-24-01-17-14   >>>>   End verify ranking function

verifying time = 21.805 ms


Not Found Ranking Fcuntion

Conterexample is 

[2060, -2059, 0.125]

sampling time = 1.269 ms


       ########################################         

iteration 61 with 124 examples

2020-05-24-01-17-14   >>>>   Start train ranking function

training done
2020-05-24-01-17-14   >>>>   End train ranking function

train_ranking_functioning time = 2.754 ms


2020-05-24-01-17-14   >>>>   Start verify ranking function

start alarm signal.
[xr_1 = 8244,
 xr_2 = 1/8,
 xr_0 = 1,
 /0 = [(9/64, 65/64) -> 9/65,
       (-7/8, 65/64) -> -56/65,
       else -> 0]]
close alarm signal.
ranking function : 0.8251 *  x[0]^1.0 + 0.825 *  x[1]^1.0 + 0.0011 *  x[2]^1.0 + 0.8016 * 1

2020-05-24-01-17-14   >>>>   End verify ranking function

verifying time = 21.776 ms


Not Found Ranking Fcuntion

Conterexample is 

[1, 8244, 0.125]

sampling time = 1.247 ms


       ########################################         

iteration 62 with 126 examples

2020-05-24-01-17-14   >>>>   Start train ranking function

training done
2020-05-24-01-17-14   >>>>   End train ranking function

train_ranking_functioning time = 2.834 ms


2020-05-24-01-17-14   >>>>   Start verify ranking function

start alarm signal.
[xr_1 = -1647,
 xr_2 = 1/8,
 xr_0 = 1648,
 /0 = [(9/64, 65/64) -> 9/65,
       (-7/8, 65/64) -> -56/65,
       else -> 0]]
close alarm signal.
ranking function : 0.8242 *  x[0]^1.0 + 0.8247 *  x[1]^1.0 + 0.001 *  x[2]^1.0 + 0.8017 * 1

2020-05-24-01-17-14   >>>>   End verify ranking function

verifying time = 23.490 ms


Not Found Ranking Fcuntion

Conterexample is 

[1648, -1647, 0.125]

sampling time = 1.291 ms


       ########################################         

iteration 63 with 128 examples

2020-05-24-01-17-14   >>>>   Start train ranking function

training done
2020-05-24-01-17-14   >>>>   End train ranking function

train_ranking_functioning time = 3.171 ms


2020-05-24-01-17-14   >>>>   Start verify ranking function

start alarm signal.
[xr_2 = 31,
 xr_0 = 0,
 xr_1 = 0,
 /0 = [(992, 962) -> 496/481,
       (30, 962) -> 15/481,
       else -> 0]]
close alarm signal.
ranking function : 0.8247 *  x[0]^1.0 + 0.8247 *  x[1]^1.0 + 0.0009 *  x[2]^1.0 + 0.8016 * 1

2020-05-24-01-17-14   >>>>   End verify ranking function

verifying time = 21.388 ms


Not Found Ranking Fcuntion

Conterexample is 

[0, 0, 31]

sampling time = 1.225 ms


       ########################################         

iteration 64 with 130 examples

2020-05-24-01-17-14   >>>>   Start train ranking function

training done
2020-05-24-01-17-14   >>>>   End train ranking function

train_ranking_functioning time = 3.431 ms


2020-05-24-01-17-14   >>>>   Start verify ranking function

start alarm signal.
[xr_2 = 27,
 xr_0 = 0,
 xr_1 = 0,
 /0 = [(756, 730) -> 378/365,
       (26, 730) -> 13/365,
       else -> 0]]
close alarm signal.
ranking function : 0.8251 *  x[0]^1.0 + 0.8251 *  x[1]^1.0 + 0.0012 *  x[2]^1.0 + 0.8282 * 1

2020-05-24-01-17-14   >>>>   End verify ranking function

verifying time = 20.906 ms


Not Found Ranking Fcuntion

Conterexample is 

[0, 0, 27]

sampling time = 2.212 ms


       ########################################         

iteration 65 with 132 examples

2020-05-24-01-17-14   >>>>   Start train ranking function

training done
2020-05-24-01-17-14   >>>>   End train ranking function

train_ranking_functioning time = 4.128 ms


2020-05-24-01-17-14   >>>>   Start verify ranking function

start alarm signal.
[xr_2 = 1/8,
 xr_1 = -2064,
 xr_0 = 2065,
 /0 = [(9/64, 65/64) -> 9/65,
       (-7/8, 65/64) -> -56/65,
       else -> 0]]
close alarm signal.
ranking function : 0.826 *  x[0]^1.0 + 0.8264 *  x[1]^1.0 + 0.0028 *  x[2]^1.0 + 0.8521 * 1

2020-05-24-01-17-14   >>>>   End verify ranking function

verifying time = 20.049 ms


Not Found Ranking Fcuntion

Conterexample is 

[2065, -2064, 0.125]

sampling time = 1.283 ms


       ########################################         

iteration 66 with 134 examples

2020-05-24-01-17-14   >>>>   Start train ranking function

training done
2020-05-24-01-17-14   >>>>   End train ranking function

train_ranking_functioning time = 2.912 ms


2020-05-24-01-17-14   >>>>   Start verify ranking function

start alarm signal.
[xr_1 = 4124,
 xr_2 = 1/8,
 xr_0 = 1,
 /0 = [(9/64, 65/64) -> 9/65,
       (-7/8, 65/64) -> -56/65,
       else -> 0]]
close alarm signal.
ranking function : 0.8255 *  x[0]^1.0 + 0.8253 *  x[1]^1.0 - 0.0002 *  x[2]^1.0 + 0.8526 * 1

2020-05-24-01-17-14   >>>>   End verify ranking function

verifying time = 22.178 ms


Not Found Ranking Fcuntion

Conterexample is 

[1, 4124, 0.125]

sampling time = 1.877 ms


       ########################################         

iteration 67 with 136 examples

2020-05-24-01-17-14   >>>>   Start train ranking function

training done
2020-05-24-01-17-14   >>>>   End train ranking function

train_ranking_functioning time = 3.209 ms


2020-05-24-01-17-14   >>>>   Start verify ranking function

start alarm signal.
[xr_1 = -2749,
 xr_2 = 1/8,
 xr_0 = 2750,
 /0 = [(9/64, 65/64) -> 9/65,
       (-7/8, 65/64) -> -56/65,
       else -> 0]]
close alarm signal.
ranking function : 0.8254 *  x[0]^1.0 + 0.8257 *  x[1]^1.0 - 0.0002 *  x[2]^1.0 + 0.8515 * 1

2020-05-24-01-17-14   >>>>   End verify ranking function

verifying time = 20.977 ms


Not Found Ranking Fcuntion

Conterexample is 

[2750, -2749, 0.125]

sampling time = 1.280 ms


       ########################################         

iteration 68 with 138 examples

2020-05-24-01-17-14   >>>>   Start train ranking function

training done
2020-05-24-01-17-14   >>>>   End train ranking function

train_ranking_functioning time = 3.317 ms


2020-05-24-01-17-14   >>>>   Start verify ranking function

start alarm signal.
[xr_1 = 8249,
 xr_2 = 1/8,
 xr_0 = 1,
 /0 = [(9/64, 65/64) -> 9/65,
       (-7/8, 65/64) -> -56/65,
       else -> 0]]
close alarm signal.
ranking function : 0.8255 *  x[0]^1.0 + 0.8254 *  x[1]^1.0 + 0.0028 *  x[2]^1.0 + 0.8523 * 1

2020-05-24-01-17-14   >>>>   End verify ranking function

verifying time = 22.031 ms


Not Found Ranking Fcuntion

Conterexample is 

[1, 8249, 0.125]

sampling time = 1.274 ms


       ########################################         

iteration 69 with 140 examples

2020-05-24-01-17-14   >>>>   Start train ranking function

training done
2020-05-24-01-17-14   >>>>   End train ranking function

train_ranking_functioning time = 2.963 ms


2020-05-24-01-17-14   >>>>   Start verify ranking function

start alarm signal.
[xr_2 = 1/8,
 xr_1 = -8255,
 xr_0 = 8256,
 /0 = [(9/64, 65/64) -> 9/65,
       (-7/8, 65/64) -> -56/65,
       else -> 0]]
close alarm signal.
ranking function : 0.8261 *  x[0]^1.0 + 0.8262 *  x[1]^1.0 + 0.0029 *  x[2]^1.0 + 0.8524 * 1

2020-05-24-01-17-14   >>>>   End verify ranking function

verifying time = 21.081 ms


Not Found Ranking Fcuntion

Conterexample is 

[8256, -8255, 0.125]

sampling time = 1.245 ms


       ########################################         

iteration 70 with 142 examples

2020-05-24-01-17-14   >>>>   Start train ranking function

training done
2020-05-24-01-17-14   >>>>   End train ranking function

train_ranking_functioning time = 2.926 ms


2020-05-24-01-17-14   >>>>   Start verify ranking function

start alarm signal.
close alarm signal.
ranking function : 0.8272 *  x[0]^1.0 + 0.8272 *  x[1]^1.0 - 0.0002 *  x[2]^1.0 + 0.8497 * 1

2020-05-24-01-17-15   >>>>   End verify ranking function

verifying time = 22.499 ms


Not Found Ranking Fcuntion

Conterexample is 

[0, 0, 9248.5]

sampling time = 1.270 ms


       ########################################         

iteration 71 with 144 examples

2020-05-24-01-17-15   >>>>   Start train ranking function

training done
2020-05-24-01-17-15   >>>>   End train ranking function

train_ranking_functioning time = 3.223 ms


2020-05-24-01-17-15   >>>>   Start verify ranking function

start alarm signal.
[xr_1 = 8253,
 xr_2 = 1/8,
 xr_0 = 1,
 /0 = [(9/64, 65/64) -> 9/65,
       (-7/8, 65/64) -> -56/65,
       else -> 0]]
close alarm signal.
ranking function : 0.8258 *  x[0]^1.0 + 0.8257 *  x[1]^1.0 + 0.0029 *  x[2]^1.0 + 0.8514 * 1

2020-05-24-01-17-15   >>>>   End verify ranking function

verifying time = 22.690 ms


Not Found Ranking Fcuntion

Conterexample is 

[1, 8253, 0.125]

sampling time = 1.247 ms


       ########################################         

iteration 72 with 146 examples

2020-05-24-01-17-15   >>>>   Start train ranking function

training done
2020-05-24-01-17-15   >>>>   End train ranking function

train_ranking_functioning time = 3.343 ms


2020-05-24-01-17-15   >>>>   Start verify ranking function

start alarm signal.
[xr_2 = 1/8,
 xr_1 = 460,
 xr_0 = 1,
 /0 = [(9/64, 65/64) -> 9/65,
       (-7/8, 65/64) -> -56/65,
       else -> 0]]
close alarm signal.
ranking function : 0.8262 *  x[0]^1.0 + 0.8244 *  x[1]^1.0 - 0.0002 *  x[2]^1.0 + 0.8532 * 1

2020-05-24-01-17-15   >>>>   End verify ranking function

verifying time = 20.591 ms


Not Found Ranking Fcuntion

Conterexample is 

[1, 460, 0.125]

sampling time = 1.254 ms


       ########################################         

iteration 73 with 148 examples

2020-05-24-01-17-15   >>>>   Start train ranking function

training done
2020-05-24-01-17-15   >>>>   End train ranking function

train_ranking_functioning time = 3.379 ms


2020-05-24-01-17-15   >>>>   Start verify ranking function

start alarm signal.
[xr_1 = 752,
 xr_2 = 1/8,
 xr_0 = 1,
 /0 = [(9/64, 65/64) -> 9/65,
       (-7/8, 65/64) -> -56/65,
       else -> 0]]
close alarm signal.
ranking function : 0.8261 *  x[0]^1.0 + 0.825 *  x[1]^1.0 + 0.0026 *  x[2]^1.0 + 0.8537 * 1

2020-05-24-01-17-15   >>>>   End verify ranking function

verifying time = 20.604 ms


Not Found Ranking Fcuntion

Conterexample is 

[1, 752, 0.125]

sampling time = 1.453 ms


       ########################################         

iteration 74 with 150 examples

2020-05-24-01-17-15   >>>>   Start train ranking function

training done
2020-05-24-01-17-15   >>>>   End train ranking function

train_ranking_functioning time = 3.664 ms


2020-05-24-01-17-15   >>>>   Start verify ranking function

start alarm signal.
[xr_1 = 4127,
 xr_2 = 1/8,
 xr_0 = 1,
 /0 = [(9/64, 65/64) -> 9/65,
       (-7/8, 65/64) -> -56/65,
       else -> 0]]
close alarm signal.
ranking function : 0.8258 *  x[0]^1.0 + 0.8256 *  x[1]^1.0 + 0.0027 *  x[2]^1.0 + 0.8525 * 1

2020-05-24-01-17-15   >>>>   End verify ranking function

verifying time = 20.873 ms


Not Found Ranking Fcuntion

Conterexample is 

[1, 4127, 0.125]

sampling time = 1.648 ms


       ########################################         

iteration 75 with 152 examples

2020-05-24-01-17-15   >>>>   Start train ranking function

training done
2020-05-24-01-17-15   >>>>   End train ranking function

train_ranking_functioning time = 3.705 ms


2020-05-24-01-17-15   >>>>   Start verify ranking function

start alarm signal.
[xr_1 = -2748,
 xr_2 = 1/8,
 xr_0 = 2749,
 /0 = [(9/64, 65/64) -> 9/65,
       (-7/8, 65/64) -> -56/65,
       else -> 0]]
close alarm signal.
ranking function : 0.8252 *  x[0]^1.0 + 0.8255 *  x[1]^1.0 - 0.0002 *  x[2]^1.0 + 0.8534 * 1

2020-05-24-01-17-15   >>>>   End verify ranking function

verifying time = 23.389 ms


Not Found Ranking Fcuntion

Conterexample is 

[2749, -2748, 0.125]

sampling time = 2.230 ms


       ########################################         

iteration 76 with 154 examples

2020-05-24-01-17-15   >>>>   Start train ranking function

training done
2020-05-24-01-17-15   >>>>   End train ranking function

train_ranking_functioning time = 5.021 ms


2020-05-24-01-17-15   >>>>   Start verify ranking function

start alarm signal.
[xr_2 = 1/8,
 xr_1 = -196,
 xr_0 = 197,
 /0 = [(9/64, 65/64) -> 9/65,
       (-7/8, 65/64) -> -56/65,
       else -> 0]]
close alarm signal.
ranking function : 0.823 *  x[0]^1.0 + 0.8272 *  x[1]^1.0 + 0.0027 *  x[2]^1.0 + 0.8545 * 1

2020-05-24-01-17-15   >>>>   End verify ranking function

verifying time = 24.221 ms


Not Found Ranking Fcuntion

Conterexample is 

[197, -196, 0.125]

sampling time = 1.273 ms


       ########################################         

iteration 77 with 156 examples

2020-05-24-01-17-15   >>>>   Start train ranking function

training done
2020-05-24-01-17-15   >>>>   End train ranking function

train_ranking_functioning time = 3.940 ms


2020-05-24-01-17-15   >>>>   Start verify ranking function

start alarm signal.
[xr_1 = 8247,
 xr_2 = 1/8,
 xr_0 = 1,
 /0 = [(9/64, 65/64) -> 9/65,
       (-7/8, 65/64) -> -56/65,
       else -> 0]]
close alarm signal.
ranking function : 0.8256 *  x[0]^1.0 + 0.8255 *  x[1]^1.0 - 0.0002 *  x[2]^1.0 + 0.8536 * 1

2020-05-24-01-17-15   >>>>   End verify ranking function

verifying time = 21.436 ms


Not Found Ranking Fcuntion

Conterexample is 

[1, 8247, 0.125]

sampling time = 1.263 ms


       ########################################         

iteration 78 with 158 examples

2020-05-24-01-17-15   >>>>   Start train ranking function

training done
2020-05-24-01-17-15   >>>>   End train ranking function

train_ranking_functioning time = 4.008 ms


2020-05-24-01-17-15   >>>>   Start verify ranking function

start alarm signal.
[xr_1 = -8251,
 xr_2 = 1/8,
 xr_0 = 8252,
 /0 = [(9/64, 65/64) -> 9/65,
       (-7/8, 65/64) -> -56/65,
       else -> 0]]
close alarm signal.
ranking function : 0.8257 *  x[0]^1.0 + 0.8258 *  x[1]^1.0 + 0.0028 *  x[2]^1.0 + 0.853 * 1

2020-05-24-01-17-15   >>>>   End verify ranking function

verifying time = 23.787 ms


Not Found Ranking Fcuntion

Conterexample is 

[8252, -8251, 0.125]

sampling time = 1.246 ms


       ########################################         

iteration 79 with 160 examples

2020-05-24-01-17-15   >>>>   Start train ranking function

training done
2020-05-24-01-17-15   >>>>   End train ranking function

train_ranking_functioning time = 3.415 ms


2020-05-24-01-17-15   >>>>   Start verify ranking function

start alarm signal.
[xr_1 = -8240,
 xr_2 = 1/8,
 xr_0 = 8241,
 /0 = [(9/64, 65/64) -> 9/65,
       (-7/8, 65/64) -> -56/65,
       else -> 0]]
close alarm signal.
ranking function : 0.8249 *  x[0]^1.0 + 0.825 *  x[1]^1.0 + 0.8545 * 1

2020-05-24-01-17-15   >>>>   End verify ranking function

verifying time = 20.139 ms


Not Found Ranking Fcuntion

Conterexample is 

[8241, -8240, 0.125]

sampling time = 1.273 ms


       ########################################         

iteration 80 with 162 examples

2020-05-24-01-17-15   >>>>   Start train ranking function

training done
2020-05-24-01-17-15   >>>>   End train ranking function

train_ranking_functioning time = 3.268 ms


2020-05-24-01-17-15   >>>>   Start verify ranking function

start alarm signal.
[xr_2 = 26,
 xr_0 = 0,
 xr_1 = 0,
 /0 = [(702, 677) -> 702/677,
       (25, 677) -> 25/677,
       else -> 0]]
close alarm signal.
ranking function : 0.8261 *  x[0]^1.0 + 0.8261 *  x[1]^1.0 + 0.0013 *  x[2]^1.0 + 0.8513 * 1

2020-05-24-01-17-15   >>>>   End verify ranking function

verifying time = 20.875 ms


Not Found Ranking Fcuntion

Conterexample is 

[0, 0, 26]

sampling time = 1.353 ms


       ########################################         

iteration 81 with 164 examples

2020-05-24-01-17-15   >>>>   Start train ranking function

training done
2020-05-24-01-17-15   >>>>   End train ranking function

train_ranking_functioning time = 3.502 ms


2020-05-24-01-17-15   >>>>   Start verify ranking function

start alarm signal.
[xr_1 = 8251,
 xr_2 = 1/8,
 xr_0 = 1,
 /0 = [(9/64, 65/64) -> 9/65,
       (-7/8, 65/64) -> -56/65,
       else -> 0]]
close alarm signal.
ranking function : 0.8259 *  x[0]^1.0 + 0.8258 *  x[1]^1.0 + 0.0008 *  x[2]^1.0 + 0.8734 * 1

2020-05-24-01-17-15   >>>>   End verify ranking function

verifying time = 19.933 ms


Not Found Ranking Fcuntion

Conterexample is 

[1, 8251, 0.125]

sampling time = 1.228 ms


       ########################################         

iteration 82 with 166 examples

2020-05-24-01-17-15   >>>>   Start train ranking function

training done
2020-05-24-01-17-15   >>>>   End train ranking function

train_ranking_functioning time = 3.936 ms


2020-05-24-01-17-15   >>>>   Start verify ranking function

start alarm signal.
close alarm signal.
ranking function : 0.8264 *  x[0]^1.0 + 0.8264 *  x[1]^1.0 - 0.0002 *  x[2]^1.0 + 0.872 * 1

2020-05-24-01-17-15   >>>>   End verify ranking function

verifying time = 21.924 ms


Not Found Ranking Fcuntion

Conterexample is 

[0, 0, 9360]

sampling time = 1.261 ms


       ########################################         

iteration 83 with 168 examples

2020-05-24-01-17-15   >>>>   Start train ranking function

training done
2020-05-24-01-17-15   >>>>   End train ranking function

train_ranking_functioning time = 4.166 ms


2020-05-24-01-17-15   >>>>   Start verify ranking function

start alarm signal.
[xr_1 = 8250,
 xr_2 = 1/8,
 xr_0 = 1,
 /0 = [(9/64, 65/64) -> 9/65,
       (-7/8, 65/64) -> -56/65,
       else -> 0]]
close alarm signal.
ranking function : 0.8256 *  x[0]^1.0 + 0.8255 *  x[1]^1.0 + 0.0023 *  x[2]^1.0 + 0.8757 * 1

2020-05-24-01-17-15   >>>>   End verify ranking function

verifying time = 20.443 ms


Not Found Ranking Fcuntion

Conterexample is 

[1, 8250, 0.125]

sampling time = 1.254 ms


       ########################################         

iteration 84 with 170 examples

2020-05-24-01-17-15   >>>>   Start train ranking function

training done
2020-05-24-01-17-15   >>>>   End train ranking function

train_ranking_functioning time = 3.840 ms


2020-05-24-01-17-15   >>>>   Start verify ranking function

start alarm signal.
[xr_1 = 752,
 xr_2 = 1/8,
 xr_0 = 1,
 /0 = [(9/64, 65/64) -> 9/65,
       (-7/8, 65/64) -> -56/65,
       else -> 0]]
close alarm signal.
ranking function : 0.8265 *  x[0]^1.0 + 0.8254 *  x[1]^1.0 + 0.0009 *  x[2]^1.0 + 0.875 * 1

2020-05-24-01-17-15   >>>>   End verify ranking function

verifying time = 23.168 ms


Not Found Ranking Fcuntion

Conterexample is 

[1, 752, 0.125]

sampling time = 1.245 ms


       ########################################         

iteration 85 with 172 examples

2020-05-24-01-17-15   >>>>   Start train ranking function

training done
2020-05-24-01-17-15   >>>>   End train ranking function

train_ranking_functioning time = 3.754 ms


2020-05-24-01-17-15   >>>>   Start verify ranking function

start alarm signal.
[xr_2 = 1/8,
 xr_1 = 8250,
 xr_0 = 1,
 /0 = [(9/64, 65/64) -> 9/65,
       (-7/8, 65/64) -> -56/65,
       else -> 0]]
close alarm signal.
ranking function : 0.8259 *  x[0]^1.0 + 0.8258 *  x[1]^1.0 - 0.0002 *  x[2]^1.0 + 0.8731 * 1

2020-05-24-01-17-15   >>>>   End verify ranking function

verifying time = 21.258 ms


Not Found Ranking Fcuntion

Conterexample is 

[1, 8250, 0.125]

sampling time = 1.223 ms


       ########################################         

iteration 86 with 174 examples

2020-05-24-01-17-15   >>>>   Start train ranking function

training done
2020-05-24-01-17-15   >>>>   End train ranking function

train_ranking_functioning time = 3.900 ms


2020-05-24-01-17-15   >>>>   Start verify ranking function

start alarm signal.
[xr_1 = 551,
 xr_2 = 1/8,
 xr_0 = 1,
 /0 = [(9/64, 65/64) -> 9/65,
       (-7/8, 65/64) -> -56/65,
       else -> 0]]
close alarm signal.
ranking function : 0.8261 *  x[0]^1.0 + 0.8246 *  x[1]^1.0 - 0.0002 *  x[2]^1.0 + 0.8743 * 1

2020-05-24-01-17-15   >>>>   End verify ranking function

verifying time = 19.935 ms


Not Found Ranking Fcuntion

Conterexample is 

[1, 551, 0.125]

sampling time = 2.431 ms


       ########################################         

iteration 87 with 176 examples

2020-05-24-01-17-15   >>>>   Start train ranking function

training done
2020-05-24-01-17-15   >>>>   End train ranking function

train_ranking_functioning time = 5.564 ms


2020-05-24-01-17-15   >>>>   Start verify ranking function

start alarm signal.
[xr_1 = -2749,
 xr_2 = 1/8,
 xr_0 = 2750,
 /0 = [(9/64, 65/64) -> 9/65,
       (-7/8, 65/64) -> -56/65,
       else -> 0]]
close alarm signal.
ranking function : 0.8255 *  x[0]^1.0 + 0.8258 *  x[1]^1.0 + 0.0007 *  x[2]^1.0 + 0.8746 * 1

2020-05-24-01-17-15   >>>>   End verify ranking function

verifying time = 22.444 ms


Not Found Ranking Fcuntion

Conterexample is 

[2750, -2749, 0.125]

sampling time = 1.238 ms


       ########################################         

iteration 88 with 178 examples

2020-05-24-01-17-15   >>>>   Start train ranking function

training done
2020-05-24-01-17-15   >>>>   End train ranking function

train_ranking_functioning time = 3.948 ms


2020-05-24-01-17-15   >>>>   Start verify ranking function

start alarm signal.
[xr_1 = -2748,
 xr_2 = 1/8,
 xr_0 = 2749,
 /0 = [(9/64, 65/64) -> 9/65,
       (-7/8, 65/64) -> -56/65,
       else -> 0]]
close alarm signal.
ranking function : 0.8251 *  x[0]^1.0 + 0.8254 *  x[1]^1.0 + 0.0005 *  x[2]^1.0 + 0.8756 * 1

2020-05-24-01-17-15   >>>>   End verify ranking function

verifying time = 24.432 ms


Not Found Ranking Fcuntion

Conterexample is 

[2749, -2748, 0.125]

sampling time = 1.378 ms


       ########################################         

iteration 89 with 180 examples

2020-05-24-01-17-15   >>>>   Start train ranking function

training done
2020-05-24-01-17-15   >>>>   End train ranking function

train_ranking_functioning time = 4.082 ms


2020-05-24-01-17-15   >>>>   Start verify ranking function

start alarm signal.
[xr_2 = 35,
 xr_0 = 0,
 xr_1 = 0,
 /0 = [(1260, 1226) -> 630/613,
       (34, 1226) -> 17/613,
       else -> 0]]
close alarm signal.
ranking function : 0.8256 *  x[0]^1.0 + 0.8256 *  x[1]^1.0 + 0.0007 *  x[2]^1.0 + 0.8749 * 1

2020-05-24-01-17-15   >>>>   End verify ranking function

verifying time = 20.133 ms


Not Found Ranking Fcuntion

Conterexample is 

[0, 0, 35]

sampling time = 2.043 ms


       ########################################         

iteration 90 with 182 examples

2020-05-24-01-17-15   >>>>   Start train ranking function

training done
2020-05-24-01-17-15   >>>>   End train ranking function

train_ranking_functioning time = 4.437 ms


2020-05-24-01-17-15   >>>>   Start verify ranking function

start alarm signal.
[xr_1 = 8249,
 xr_2 = 1/8,
 xr_0 = 1,
 /0 = [(9/64, 65/64) -> 9/65,
       (-7/8, 65/64) -> -56/65,
       else -> 0]]
close alarm signal.
ranking function : 0.8258 *  x[0]^1.0 + 0.8257 *  x[1]^1.0 + 0.8847 * 1

2020-05-24-01-17-15   >>>>   End verify ranking function

verifying time = 20.021 ms


Not Found Ranking Fcuntion

Conterexample is 

[1, 8249, 0.125]

sampling time = 1.936 ms


       ########################################         

iteration 91 with 184 examples

2020-05-24-01-17-15   >>>>   Start train ranking function

training done
2020-05-24-01-17-15   >>>>   End train ranking function

train_ranking_functioning time = 4.647 ms


2020-05-24-01-17-15   >>>>   Start verify ranking function

start alarm signal.
[xr_2 = 1/8,
 xr_1 = -8250,
 xr_0 = 8251,
 /0 = [(9/64, 65/64) -> 9/65,
       (-7/8, 65/64) -> -56/65,
       else -> 0]]
close alarm signal.
ranking function : 0.8259 *  x[0]^1.0 + 0.826 *  x[1]^1.0 + 0.8843 * 1

2020-05-24-01-17-15   >>>>   End verify ranking function

verifying time = 21.692 ms


Not Found Ranking Fcuntion

Conterexample is 

[8251, -8250, 0.125]

sampling time = 1.226 ms


       ########################################         

iteration 92 with 186 examples

2020-05-24-01-17-15   >>>>   Start train ranking function

training done
2020-05-24-01-17-15   >>>>   End train ranking function

train_ranking_functioning time = 4.370 ms


2020-05-24-01-17-15   >>>>   Start verify ranking function

start alarm signal.
[xr_1 = -8246,
 xr_2 = 1/8,
 xr_0 = 8247,
 /0 = [(9/64, 65/64) -> 9/65,
       (-7/8, 65/64) -> -56/65,
       else -> 0]]
close alarm signal.
ranking function : 0.8254 *  x[0]^1.0 + 0.8255 *  x[1]^1.0 + 0.001 *  x[2]^1.0 + 0.8846 * 1

2020-05-24-01-17-15   >>>>   End verify ranking function

verifying time = 20.685 ms


Not Found Ranking Fcuntion

Conterexample is 

[8247, -8246, 0.125]

sampling time = 1.235 ms


       ########################################         

iteration 93 with 188 examples

2020-05-24-01-17-15   >>>>   Start train ranking function

training done
2020-05-24-01-17-15   >>>>   End train ranking function

train_ranking_functioning time = 4.297 ms


2020-05-24-01-17-15   >>>>   Start verify ranking function

start alarm signal.
[xr_2 = 20,
 xr_0 = 0,
 xr_1 = 0,
 /0 = [(420, 401) -> 420/401,
       (19, 401) -> 19/401,
       else -> 0]]
close alarm signal.
ranking function : 0.8256 *  x[0]^1.0 + 0.8256 *  x[1]^1.0 + 0.0022 *  x[2]^1.0 + 0.8849 * 1

2020-05-24-01-17-15   >>>>   End verify ranking function

verifying time = 21.894 ms


Not Found Ranking Fcuntion

Conterexample is 

[0, 0, 20]

sampling time = 1.289 ms


       ########################################         

iteration 94 with 190 examples

2020-05-24-01-17-15   >>>>   Start train ranking function

training done
2020-05-24-01-17-15   >>>>   End train ranking function

train_ranking_functioning time = 4.319 ms


2020-05-24-01-17-15   >>>>   Start verify ranking function

start alarm signal.
[xr_2 = 1/8,
 xr_1 = 1652,
 xr_0 = 1,
 /0 = [(9/64, 65/64) -> 9/65,
       (-7/8, 65/64) -> -56/65,
       else -> 0]]
close alarm signal.
ranking function : 0.8263 *  x[0]^1.0 + 0.8258 *  x[1]^1.0 + 0.0009 *  x[2]^1.0 + 0.9048 * 1

2020-05-24-01-17-15   >>>>   End verify ranking function

verifying time = 22.717 ms


Not Found Ranking Fcuntion

Conterexample is 

[1, 1652, 0.125]

sampling time = 1.710 ms


       ########################################         

iteration 95 with 192 examples

2020-05-24-01-17-15   >>>>   Start train ranking function

training done
2020-05-24-01-17-15   >>>>   End train ranking function

train_ranking_functioning time = 4.985 ms


2020-05-24-01-17-15   >>>>   Start verify ranking function

start alarm signal.
[xr_1 = -8244,
 xr_2 = 1/8,
 xr_0 = 8245,
 /0 = [(9/64, 65/64) -> 9/65,
       (-7/8, 65/64) -> -56/65,
       else -> 0]]
close alarm signal.
ranking function : 0.8254 *  x[0]^1.0 + 0.8255 *  x[1]^1.0 - 0.0005 *  x[2]^1.0 + 0.9053 * 1

2020-05-24-01-17-15   >>>>   End verify ranking function

verifying time = 22.986 ms


Not Found Ranking Fcuntion

Conterexample is 

[8245, -8244, 0.125]

sampling time = 1.248 ms


       ########################################         

iteration 96 with 194 examples

2020-05-24-01-17-15   >>>>   Start train ranking function

training done
2020-05-24-01-17-15   >>>>   End train ranking function

train_ranking_functioning time = 4.403 ms


2020-05-24-01-17-15   >>>>   Start verify ranking function

start alarm signal.
[xr_1 = 690,
 xr_2 = 1/8,
 xr_0 = 1,
 /0 = [(9/64, 65/64) -> 9/65,
       (-7/8, 65/64) -> -56/65,
       else -> 0]]
close alarm signal.
ranking function : 0.8268 *  x[0]^1.0 + 0.8256 *  x[1]^1.0 - 0.0002 *  x[2]^1.0 + 0.9038 * 1

2020-05-24-01-17-15   >>>>   End verify ranking function

verifying time = 20.604 ms


Not Found Ranking Fcuntion

Conterexample is 

[1, 690, 0.125]

sampling time = 1.241 ms


       ########################################         

iteration 97 with 196 examples

2020-05-24-01-17-15   >>>>   Start train ranking function

training done
2020-05-24-01-17-15   >>>>   End train ranking function

train_ranking_functioning time = 4.438 ms


2020-05-24-01-17-15   >>>>   Start verify ranking function

start alarm signal.
[xr_1 = -2749,
 xr_2 = 1/8,
 xr_0 = 2750,
 /0 = [(9/64, 65/64) -> 9/65,
       (-7/8, 65/64) -> -56/65,
       else -> 0]]
close alarm signal.
ranking function : 0.8254 *  x[0]^1.0 + 0.8257 *  x[1]^1.0 - 0.0003 *  x[2]^1.0 + 0.9056 * 1

2020-05-24-01-17-15   >>>>   End verify ranking function

verifying time = 22.887 ms


Not Found Ranking Fcuntion

Conterexample is 

[2750, -2749, 0.125]

sampling time = 2.229 ms


       ########################################         

iteration 98 with 198 examples

2020-05-24-01-17-15   >>>>   Start train ranking function

training done
2020-05-24-01-17-15   >>>>   End train ranking function

train_ranking_functioning time = 6.625 ms


2020-05-24-01-17-15   >>>>   Start verify ranking function

start alarm signal.
valid ranking function
close alarm signal.
ranking function : 0.8257 *  x[0]^1.0 + 0.8257 *  x[1]^1.0 + 0.9049 * 1

2020-05-24-01-17-15   >>>>   End verify ranking function

verifying time = 11.725 ms


Found Ranking Fcuntion: 0.8257 *  x[0]^1.0 + 0.8257 *  x[1]^1.0 + 0.9049 * 1

0.8257 *  x[0]^1.0 + 0.8257 *  x[1]^1.0 + 0.9049 * 1
FINATE
Time For Template 0 Is--->-2802.676000 ms

Time For ../Program_non/161.bpl Is ---> 3012.556000 ms

Program is terminating
