------Using Template 0 -----------
4 [4]
*****************************************************

[-2.11764908  5.2647115   9.82262585  0.        ] 1
[ 0.02941227 -2.11764908  3.11765015 -1.        ] -1
2020-05-24-01-17-16   >>>>   End sampling point

sampling time = 25.228 ms,


       ########################################         

iteration 0 with 2 examples

2020-05-24-01-17-16   >>>>   Start train ranking function

training done
2020-05-24-01-17-16   >>>>   End train ranking function

train_ranking_functioning time = 0.843 ms


2020-05-24-01-17-16   >>>>   Start verify ranking function

start alarm signal.
[xr_1 = 19/4,
 xr_2 = -6,
 xr_0 = 3,
 /0 = [(1, 36) -> 1/36, else -> 0]]
close alarm signal.
ranking function :  - 0.0477 *  x[0]^1.0 + 0.3024 *  x[1]^1.0 - 0.0716 *  x[2]^1.0 + 0.0899 * 1

2020-05-24-01-17-16   >>>>   End verify ranking function

verifying time = 21.338 ms


Not Found Ranking Fcuntion

Conterexample is 

[3, 4.75, -6]

sampling time = 1.232 ms


       ########################################         

iteration 1 with 4 examples

2020-05-24-01-17-16   >>>>   Start train ranking function

training done
2020-05-24-01-17-16   >>>>   End train ranking function

train_ranking_functioning time = 0.515 ms


2020-05-24-01-17-16   >>>>   Start verify ranking function

start alarm signal.
valid ranking function
close alarm signal.
ranking function :  - 0.0458 *  x[0]^1.0 + 0.3188 *  x[1]^1.0 - 0.047 *  x[2]^1.0 + 0.118 * 1

2020-05-24-01-17-16   >>>>   End verify ranking function

verifying time = 15.364 ms


Found Ranking Fcuntion:  - 0.0458 *  x[0]^1.0 + 0.3188 *  x[1]^1.0 - 0.047 *  x[2]^1.0 + 0.118 * 1

 - 0.0458 *  x[0]^1.0 + 0.3188 *  x[1]^1.0 - 0.047 *  x[2]^1.0 + 0.118 * 1
FINATE
Time For Template 0 Is--->-82.019000 ms

Time For ../Program_non/162.bpl Is ---> 266.979000 ms

Program is terminating
