------Using Template 0 -----------
4 [4]
*****************************************************

[2.99999237 1.99999905 0.         0.        ] 1
[-0.         -0.99999905 -1.         -1.        ] -1
2020-05-24-01-17-17   >>>>   End sampling point

sampling time = 11.631 ms,


       ########################################         

iteration 0 with 2 examples

2020-05-24-01-17-17   >>>>   Start train ranking function

training done
2020-05-24-01-17-17   >>>>   End train ranking function

train_ranking_functioning time = 0.848 ms


2020-05-24-01-17-17   >>>>   Start verify ranking function

start alarm signal.
valid ranking function
close alarm signal.
ranking function : 0.104 *  x[0]^1.0 + 0.3353 *  x[1]^1.0 + 0.2659 *  x[2]^1.0 + 0.2659 * 1

2020-05-24-01-17-17   >>>>   End verify ranking function

verifying time = 19.918 ms


Found Ranking Fcuntion: 0.104 *  x[0]^1.0 + 0.3353 *  x[1]^1.0 + 0.2659 *  x[2]^1.0 + 0.2659 * 1

0.104 *  x[0]^1.0 + 0.3353 *  x[1]^1.0 + 0.2659 *  x[2]^1.0 + 0.2659 * 1
FINATE
Time For Template 0 Is--->-48.264000 ms

Time For ../Program_non/163.bpl Is ---> 248.923000 ms

Program is terminating
