------Using Template 0 -----------
4 [4]
*****************************************************

[-1.         -0.99999809  0.          0.        ] 1
[-0.99999905 -0.99999905 -0.99999905 -1.        ] -1
2020-05-24-01-17-18   >>>>   End sampling point

sampling time = 11.364 ms,


       ########################################         

iteration 0 with 2 examples

2020-05-24-01-17-18   >>>>   Start train ranking function

training done
2020-05-24-01-17-18   >>>>   End train ranking function

train_ranking_functioning time = 0.862 ms


2020-05-24-01-17-18   >>>>   Start verify ranking function

start alarm signal.
close alarm signal.
ranking function :  - 0.2759 *  x[0]^1.0 - 0.2759 *  x[1]^1.0 + 0.6207 *  x[2]^1.0 + 0.6207 * 1

2020-05-24-01-17-18   >>>>   End verify ranking function

verifying time = 12.129 ms


Not Found Ranking Fcuntion

Conterexample is 

[7.12395795578108, 1, 1]

sampling time = 1.355 ms


       ########################################         

iteration 1 with 4 examples

2020-05-24-01-17-18   >>>>   Start train ranking function

training done
2020-05-24-01-17-18   >>>>   End train ranking function

train_ranking_functioning time = 0.617 ms


2020-05-24-01-17-18   >>>>   Start verify ranking function

start alarm signal.
valid ranking function
close alarm signal.
ranking function : 0.0349 *  x[0]^1.0 - 0.4902 *  x[1]^1.0 + 0.5993 *  x[2]^1.0 + 0.5993 * 1

2020-05-24-01-17-18   >>>>   End verify ranking function

verifying time = 10.943 ms


Found Ranking Fcuntion: 0.0349 *  x[0]^1.0 - 0.4902 *  x[1]^1.0 + 0.5993 *  x[2]^1.0 + 0.5993 * 1

0.0349 *  x[0]^1.0 - 0.4902 *  x[1]^1.0 + 0.5993 *  x[2]^1.0 + 0.5993 * 1
FINITE
Time For Template 0 Is--->-54.377000 ms

Time For ../Program_non/164.bpl Is ---> 256.340000 ms

Program is terminating
