------Using Template 0 -----------
3 [3]
*****************************************************

[0.99999905 0.         0.        ] 1
[-0.99999905 -0.99999905 -1.        ] -1
2020-05-24-01-17-19   >>>>   End sampling point

sampling time = 11.418 ms,


       ########################################         

iteration 0 with 2 examples

2020-05-24-01-17-19   >>>>   Start train ranking function

training done
2020-05-24-01-17-19   >>>>   End train ranking function

train_ranking_functioning time = 1.106 ms


2020-05-24-01-17-19   >>>>   Start verify ranking function

start alarm signal.
valid ranking function
close alarm signal.
ranking function : 0.7059 *  x[0]^1.0 + 0.1176 *  x[1]^1.0 + 0.1176 * 1

2020-05-24-01-17-19   >>>>   End verify ranking function

verifying time = 9.950 ms


Found Ranking Fcuntion: 0.7059 *  x[0]^1.0 + 0.1176 *  x[1]^1.0 + 0.1176 * 1

0.7059 *  x[0]^1.0 + 0.1176 *  x[1]^1.0 + 0.1176 * 1
FINITE
Time For Template 0 Is--->-36.250000 ms

Time For ../Program_non/165.bpl Is ---> 239.799000 ms

Program is terminating
