------Using Template 0 -----------
4 [4]
*****************************************************

[ 1.         -9.99999046  0.          0.        ] 1
[-1.         -0.         -9.99999046 -1.        ] -1
2020-05-24-01-17-20   >>>>   End sampling point

sampling time = 14.077 ms,


       ########################################         

iteration 0 with 2 examples

2020-05-24-01-17-20   >>>>   Start train ranking function

training done
2020-05-24-01-17-20   >>>>   End train ranking function

train_ranking_functioning time = 0.788 ms


2020-05-24-01-17-20   >>>>   Start verify ranking function

start alarm signal.
[xr_1 = 493/5000, xr_2 = 10, xr_0 = 493/5000]
close alarm signal.
ranking function : 0.0194 *  x[0]^1.0 - 0.0976 *  x[1]^1.0 + 0.0966 *  x[2]^1.0 + 0.0097 * 1

2020-05-24-01-17-20   >>>>   End verify ranking function

verifying time = 11.829 ms


Not Found Ranking Fcuntion

Conterexample is 

[0.0986, 0.0986, 10]

sampling time = 1.181 ms


       ########################################         

iteration 1 with 4 examples

2020-05-24-01-17-20   >>>>   Start train ranking function

training done
2020-05-24-01-17-20   >>>>   End train ranking function

train_ranking_functioning time = 0.495 ms


2020-05-24-01-17-20   >>>>   Start verify ranking function

start alarm signal.
[xr_1 = 679/10000, xr_2 = 10, xr_0 = 679/10000]
close alarm signal.
ranking function : 0.2211 *  x[0]^1.0 - 0.0669 *  x[1]^1.0 + 0.097 *  x[2]^1.0 + 0.0097 * 1

2020-05-24-01-17-20   >>>>   End verify ranking function

verifying time = 12.065 ms


Not Found Ranking Fcuntion

Conterexample is 

[0.0679, 0.0679, 10]

sampling time = 1.227 ms


       ########################################         

iteration 2 with 6 examples

2020-05-24-01-17-20   >>>>   Start train ranking function

training done
2020-05-24-01-17-20   >>>>   End train ranking function

train_ranking_functioning time = 0.520 ms


2020-05-24-01-17-20   >>>>   Start verify ranking function

start alarm signal.
[xr_1 = 381/10000, xr_2 = 10, xr_0 = 381/10000]
close alarm signal.
ranking function : 0.4193 *  x[0]^1.0 - 0.0371 *  x[1]^1.0 + 0.096 *  x[2]^1.0 + 0.0096 * 1

2020-05-24-01-17-20   >>>>   End verify ranking function

verifying time = 12.676 ms


Not Found Ranking Fcuntion

Conterexample is 

[0.0381, 0.0381, 10]

sampling time = 1.191 ms


       ########################################         

iteration 3 with 8 examples

2020-05-24-01-17-20   >>>>   Start train ranking function

training done
2020-05-24-01-17-20   >>>>   End train ranking function

train_ranking_functioning time = 0.525 ms


2020-05-24-01-17-20   >>>>   Start verify ranking function

start alarm signal.
[xr_1 = 1/100, xr_2 = 10, xr_0 = 1/100]
close alarm signal.
ranking function : 0.6067 *  x[0]^1.0 - 0.009 *  x[1]^1.0 + 0.0963 *  x[2]^1.0 + 0.0096 * 1

2020-05-24-01-17-20   >>>>   End verify ranking function

verifying time = 11.617 ms


Not Found Ranking Fcuntion

Conterexample is 

[0.01, 0.01, 10]

sampling time = 1.208 ms


       ########################################         

iteration 4 with 10 examples

2020-05-24-01-17-20   >>>>   Start train ranking function

training done
2020-05-24-01-17-20   >>>>   End train ranking function

train_ranking_functioning time = 0.522 ms


2020-05-24-01-17-20   >>>>   Start verify ranking function

start alarm signal.
valid ranking function
close alarm signal.
ranking function : 0.7842 *  x[0]^1.0 + 0.0176 *  x[1]^1.0 + 0.0977 *  x[2]^1.0 + 0.0098 * 1

2020-05-24-01-17-20   >>>>   End verify ranking function

verifying time = 11.804 ms


Found Ranking Fcuntion: 0.7842 *  x[0]^1.0 + 0.0176 *  x[1]^1.0 + 0.0977 *  x[2]^1.0 + 0.0098 * 1

0.7842 *  x[0]^1.0 + 0.0176 *  x[1]^1.0 + 0.0977 *  x[2]^1.0 + 0.0098 * 1
FINITE
Time For Template 0 Is--->-104.939000 ms

Time For ../Program_non/166.bpl Is ---> 339.306000 ms

Program is terminating
