------Using Template 0 -----------
3 [3]
*****************************************************

[0.         0.09999999 0.        ] 1
[ 9.53674316e-07 -9.99999046e-02 -1.00000000e+00] -1
2020-05-24-01-17-21   >>>>   End sampling point

sampling time = 10.869 ms,


       ########################################         

iteration 0 with 2 examples

2020-05-24-01-17-21   >>>>   Start train ranking function

training done
2020-05-24-01-17-21   >>>>   End train ranking function

train_ranking_functioning time = 0.806 ms


2020-05-24-01-17-21   >>>>   Start verify ranking function

start alarm signal.
valid ranking function
close alarm signal.
ranking function : 0.2597 *  x[1]^1.0 + 0.6494 * 1

2020-05-24-01-17-21   >>>>   End verify ranking function

verifying time = 15.894 ms


Found Ranking Fcuntion: 0.2597 *  x[1]^1.0 + 0.6494 * 1

0.2597 *  x[1]^1.0 + 0.6494 * 1
FINITE
Time For Template 0 Is--->-40.338000 ms

Time For ../Program_non/167.bpl Is ---> 247.595000 ms

Program is terminating
