------Using Template 0 -----------
3 [3]
*****************************************************

[1. 0. 0.] 1
[-9.53674316e-07 -0.00000000e+00 -1.00000000e+00] -1
2020-05-24-01-17-22   >>>>   End sampling point

sampling time = 11.453 ms,


       ########################################         

iteration 0 with 2 examples

2020-05-24-01-17-22   >>>>   Start train ranking function

training done
2020-05-24-01-17-22   >>>>   End train ranking function

train_ranking_functioning time = 0.829 ms


2020-05-24-01-17-22   >>>>   Start verify ranking function

start alarm signal.
valid ranking function
close alarm signal.
ranking function : 0.6667 *  x[0]^1.0 + 0.6667 * 1

2020-05-24-01-17-22   >>>>   End verify ranking function

verifying time = 10.061 ms


Found Ranking Fcuntion: 0.6667 *  x[0]^1.0 + 0.6667 * 1

0.6667 *  x[0]^1.0 + 0.6667 * 1
FINATE
Time For Template 0 Is--->-35.481000 ms

Time For ../Program_non/168.bpl Is ---> 244.058000 ms

Program is terminating
