------Using Template 0 -----------
5 [5]
*****************************************************

[0.00000000e+00 9.99999046e-01 9.53674316e-07 1.00000000e+00
 0.00000000e+00] 1
[-0.00000000e+00  9.53674316e-07 -0.00000000e+00 -0.00000000e+00
 -1.00000000e+00] -1
2020-05-24-01-18-05   >>>>   End sampling point

sampling time = 11.534 ms,


       ########################################         

iteration 0 with 2 examples

2020-05-24-01-18-05   >>>>   Start train ranking function

training done
2020-05-24-01-18-05   >>>>   End train ranking function

train_ranking_functioning time = 0.833 ms


2020-05-24-01-18-05   >>>>   Start verify ranking function

start alarm signal.
[xi_2 = 0, xi_3 = -2, xi_1 = 0]
close alarm signal.
ranking function : 0.4 *  x[1]^1.0 + 0.4 *  x[3]^1.0 + 0.7 * 1

2020-05-24-01-18-05   >>>>   End verify ranking function

verifying time = 11.622 ms


Not Found Ranking Fcuntion

Conterexample is 

[0, 0, 0, -2]

sampling time = 1.619 ms


       ########################################         

iteration 1 with 4 examples

2020-05-24-01-18-05   >>>>   Start train ranking function

training done
2020-05-24-01-18-05   >>>>   End train ranking function

train_ranking_functioning time = 0.571 ms


2020-05-24-01-18-05   >>>>   Start verify ranking function

start alarm signal.
[xi_2 = 0, xi_3 = 7, xi_1 = 0]
close alarm signal.
ranking function : 0.8 *  x[1]^1.0 - 0.1 *  x[3]^1.0 + 0.7 * 1

2020-05-24-01-18-05   >>>>   End verify ranking function

verifying time = 11.335 ms


Not Found Ranking Fcuntion

Conterexample is 

[0, 0, 0, 7]

sampling time = 1.818 ms


       ########################################         

iteration 2 with 6 examples

2020-05-24-01-18-05   >>>>   Start train ranking function

training done
2020-05-24-01-18-05   >>>>   End train ranking function

train_ranking_functioning time = 0.602 ms


2020-05-24-01-18-05   >>>>   Start verify ranking function

start alarm signal.
[xi_2 = 1, xi_1 = 0]
close alarm signal.
ranking function : 0.8 *  x[1]^1.0 + 0.8 * 1

2020-05-24-01-18-05   >>>>   End verify ranking function

verifying time = 11.414 ms


Not Found Ranking Fcuntion

Conterexample is 

[0, 0, 1, 0]

sampling time = 1.605 ms


       ########################################         

iteration 3 with 8 examples

2020-05-24-01-18-05   >>>>   Start train ranking function

training done
2020-05-24-01-18-05   >>>>   End train ranking function

train_ranking_functioning time = 0.614 ms


2020-05-24-01-18-05   >>>>   Start verify ranking function

start alarm signal.
[xi_2 = 8, xi_1 = 0]
close alarm signal.
ranking function : 0.8 *  x[1]^1.0 + 0.7 *  x[2]^1.0 + 0.8 * 1

2020-05-24-01-18-05   >>>>   End verify ranking function

verifying time = 11.201 ms


Not Found Ranking Fcuntion

Conterexample is 

[0, 0, 8, 0]

sampling time = 1.650 ms


       ########################################         

iteration 4 with 10 examples

2020-05-24-01-18-05   >>>>   Start train ranking function

training done
2020-05-24-01-18-05   >>>>   End train ranking function

train_ranking_functioning time = 0.646 ms


2020-05-24-01-18-05   >>>>   Start verify ranking function

start alarm signal.
valid ranking function
close alarm signal.
ranking function : 0.8 *  x[1]^1.0 + 0.8 *  x[2]^1.0 + 0.8 * 1

2020-05-24-01-18-05   >>>>   End verify ranking function

verifying time = 11.799 ms


Found Ranking Fcuntion: 0.8 *  x[1]^1.0 + 0.8 *  x[2]^1.0 + 0.8 * 1

0.8 *  x[1]^1.0 + 0.8 *  x[2]^1.0 + 0.8 * 1
FINITE
Time For Template 0 Is--->-101.830000 ms

Time For ../Program_non/29.bpl Is ---> 294.664000 ms

Program is terminating
