------Using Template 0 -----------
2 [2]
*****************************************************

[0.49999952 0.        ] 1
[-0.99999905 -1.        ] -1
2020-05-24-01-18-27   >>>>   End sampling point

sampling time = 9.201 ms,


       ########################################         

iteration 0 with 2 examples

2020-05-24-01-18-27   >>>>   Start train ranking function

training done
2020-05-24-01-18-27   >>>>   End train ranking function

train_ranking_functioning time = 0.793 ms


2020-05-24-01-18-27   >>>>   Start verify ranking function

start alarm signal.
valid ranking function
close alarm signal.
ranking function : 0.8 *  x[0]^1.0 + 0.2 * 1

2020-05-24-01-18-27   >>>>   End verify ranking function

verifying time = 8.169 ms


Found Ranking Fcuntion: 0.8 *  x[0]^1.0 + 0.2 * 1

0.8 *  x[0]^1.0 + 0.2 * 1
FINITE
Time For Template 0 Is--->-29.332000 ms

Time For ../Program_non/36.bpl Is ---> 230.994000 ms

Program is terminating
