------Using Template 0 -----------
3 [3]
*****************************************************

[ 1. -1.  0.] 1
[-9.53674316e-07 -0.00000000e+00 -1.00000000e+00] -1
2020-05-24-01-18-56   >>>>   End sampling point

sampling time = 10.782 ms,


       ########################################         

iteration 0 with 2 examples

2020-05-24-01-18-56   >>>>   Start train ranking function

training done
2020-05-24-01-18-56   >>>>   End train ranking function

train_ranking_functioning time = 0.898 ms


2020-05-24-01-18-56   >>>>   Start verify ranking function

start alarm signal.
[xi_0 = 1, xi_1 = 2]
close alarm signal.
ranking function : 0.4 *  x[0]^1.0 - 0.4 *  x[1]^1.0 + 0.7 * 1

2020-05-24-01-18-56   >>>>   End verify ranking function

verifying time = 9.627 ms


Not Found Ranking Fcuntion

Conterexample is 

[1, 2]

sampling time = 0.895 ms


       ########################################         

iteration 1 with 4 examples

2020-05-24-01-18-56   >>>>   Start train ranking function

training done
2020-05-24-01-18-56   >>>>   End train ranking function

train_ranking_functioning time = 0.522 ms


2020-05-24-01-18-56   >>>>   Start verify ranking function

start alarm signal.
valid ranking function
close alarm signal.
ranking function : 0.8 *  x[0]^1.0 + 0.7 * 1

2020-05-24-01-18-56   >>>>   End verify ranking function

verifying time = 9.063 ms


Found Ranking Fcuntion: 0.8 *  x[0]^1.0 + 0.7 * 1

0.8 *  x[0]^1.0 + 0.7 * 1
FINATE
Time For Template 0 Is--->-45.197000 ms

Time For ../Program_non/52.bpl Is ---> 253.260000 ms

Program is terminating
