------Using Template 0 -----------
4 [4]
*****************************************************

[0. 1. 0. 0.] 1
[-0.00000000e+00  9.53674316e-07 -0.00000000e+00 -1.00000000e+00] -1
2020-05-24-01-18-59   >>>>   End sampling point

sampling time = 10.326 ms,


       ########################################         

iteration 0 with 2 examples

2020-05-24-01-18-59   >>>>   Start train ranking function

training done
2020-05-24-01-18-59   >>>>   End train ranking function

train_ranking_functioning time = 0.791 ms


2020-05-24-01-18-59   >>>>   Start verify ranking function

start alarm signal.
valid ranking function
close alarm signal.
ranking function : 0.7 *  x[1]^1.0 + 0.7 * 1

2020-05-24-01-18-59   >>>>   End verify ranking function

verifying time = 10.275 ms


Found Ranking Fcuntion: 0.7 *  x[1]^1.0 + 0.7 * 1

0.7 *  x[1]^1.0 + 0.7 * 1
FINITE
Time For Template 0 Is--->-34.954000 ms

Time For ../Program_non/57.bpl Is ---> 227.724000 ms

Program is terminating
