------Using Template 0 -----------
3 [3]
*****************************************************

[-0.25000006 -1.74999994  0.        ] 1
[-0.         -1.00000024 -1.        ] -1
2020-05-24-01-20-11   >>>>   End sampling point

sampling time = 11.156 ms,


       ########################################         

iteration 0 with 2 examples

2020-05-24-01-20-11   >>>>   Start train ranking function

training done
2020-05-24-01-20-11   >>>>   End train ranking function

train_ranking_functioning time = 0.831 ms


2020-05-24-01-20-11   >>>>   Start verify ranking function

start alarm signal.
close alarm signal.
ranking function :  - 0.1771 *  x[0]^1.0 - 0.3438 *  x[1]^1.0 + 0.8958 * 1

2020-05-24-01-20-11   >>>>   End verify ranking function

verifying time = 10.857 ms


Not Found Ranking Fcuntion

Conterexample is 

[10.704686617730095, 0]

sampling time = 0.886 ms


       ########################################         

iteration 1 with 4 examples

2020-05-24-01-20-11   >>>>   Start train ranking function

training done
2020-05-24-01-20-11   >>>>   End train ranking function

train_ranking_functioning time = 0.498 ms


2020-05-24-01-20-11   >>>>   Start verify ranking function

start alarm signal.
close alarm signal.
ranking function : 0.007 *  x[0]^1.0 - 0.3659 *  x[1]^1.0 + 0.9165 * 1

2020-05-24-01-20-11   >>>>   End verify ranking function

verifying time = 10.684 ms


Not Found Ranking Fcuntion

Conterexample is 

[18.355726546315477, 5.588931636578869]

sampling time = 0.866 ms


       ########################################         

iteration 2 with 6 examples

2020-05-24-01-20-11   >>>>   Start train ranking function

training done
2020-05-24-01-20-11   >>>>   End train ranking function

train_ranking_functioning time = 0.507 ms


2020-05-24-01-20-11   >>>>   Start verify ranking function

start alarm signal.
valid ranking function
close alarm signal.
ranking function : 0.1155 *  x[0]^1.0 - 0.3659 *  x[1]^1.0 + 0.9163 * 1

2020-05-24-01-20-11   >>>>   End verify ranking function

verifying time = 10.429 ms


Found Ranking Fcuntion: 0.1155 *  x[0]^1.0 - 0.3659 *  x[1]^1.0 + 0.9163 * 1

0.1155 *  x[0]^1.0 - 0.3659 *  x[1]^1.0 + 0.9163 * 1
FINITE
Time For Template 0 Is--->-63.148000 ms

Time For ../Program_non/83.bpl Is ---> 261.729000 ms

Program is terminating
