------Using Template 0 -----------
4 [4]
*****************************************************

2019-05-03-00-10-12   >>>>   End sampling point

sampling time = 9.513 ms,


       ########################################         

iteration 0 with 4 examples

2019-05-03-00-10-12   >>>>   Start train ranking function

2019-05-03-00-10-12   >>>>   End train ranking function

train_ranking_functioning time = 0.426 ms


2019-05-03-00-10-12   >>>>   Start verify ranking function

ranking function : 0.1286 *  x[0]^1.0 - 0.1918 *  x[1]^1.0 - 0.1044 *  x[2]^1.0 + 0.7204 * 1

2019-05-03-00-10-12   >>>>   End verify ranking function

verifying time = 8.722 ms


Not Found Ranking Fcuntion

Conterexample is 

[1, -2, 21.385057471264368]

sampling time = 0.960 ms


       ########################################         

iteration 1 with 6 examples

2019-05-03-00-10-12   >>>>   Start train ranking function

2019-05-03-00-10-12   >>>>   End train ranking function

train_ranking_functioning time = 0.443 ms


2019-05-03-00-10-12   >>>>   Start verify ranking function

[xr_1 = -2, xr_2 = 18193/258, xr_0 = 1]
ranking function : 0.3629 *  x[0]^1.0 + 0.2958 *  x[1]^1.0 + 0.0043 *  x[2]^1.0 + 0.9579 * 1

2019-05-03-00-10-12   >>>>   End verify ranking function

verifying time = 8.597 ms


Not Found Ranking Fcuntion

Conterexample is 

[1, -2, 70.51550387596899]

sampling time = 0.967 ms


       ########################################         

iteration 2 with 8 examples

2019-05-03-00-10-12   >>>>   Start train ranking function

2019-05-03-00-10-12   >>>>   End train ranking function

train_ranking_functioning time = 0.538 ms


2019-05-03-00-10-12   >>>>   Start verify ranking function

[xr_1 = -2, xr_2 = 5939/8, xr_0 = 1]
ranking function : 0.3693 *  x[0]^1.0 + 0.288 *  x[1]^1.0 + 0.0004 *  x[2]^1.0 + 0.9607 * 1

2019-05-03-00-10-12   >>>>   End verify ranking function

verifying time = 8.010 ms


Not Found Ranking Fcuntion

Conterexample is 

[1, -2, 742.375]

sampling time = 1.016 ms


       ########################################         

iteration 3 with 10 examples

2019-05-03-00-10-12   >>>>   Start train ranking function

2019-05-03-00-10-12   >>>>   End train ranking function

train_ranking_functioning time = 0.557 ms


2019-05-03-00-10-12   >>>>   Start verify ranking function

[xr_1 = -2, xr_2 = 17827/18, xr_0 = 1]
ranking function : 0.3683 *  x[0]^1.0 + 0.288 *  x[1]^1.0 + 0.0003 *  x[2]^1.0 + 0.9598 * 1

2019-05-03-00-10-12   >>>>   End verify ranking function

verifying time = 7.923 ms


Not Found Ranking Fcuntion

Conterexample is 

[1, -2, 990.3888888888889]

sampling time = 0.968 ms


       ########################################         

iteration 4 with 12 examples

2019-05-03-00-10-12   >>>>   Start train ranking function

2019-05-03-00-10-12   >>>>   End train ranking function

train_ranking_functioning time = 0.610 ms


2019-05-03-00-10-12   >>>>   Start verify ranking function

[xr_1 = -2, xr_2 = 8923/126, xr_0 = 1]
ranking function : 0.3624 *  x[0]^1.0 + 0.287 *  x[1]^1.0 + 0.0042 *  x[2]^1.0 + 0.9562 * 1

2019-05-03-00-10-12   >>>>   End verify ranking function

verifying time = 7.595 ms


Not Found Ranking Fcuntion

Conterexample is 

[1, -2, 70.81746031746032]

sampling time = 0.965 ms


       ########################################         

iteration 5 with 14 examples

2019-05-03-00-10-12   >>>>   Start train ranking function

2019-05-03-00-10-12   >>>>   End train ranking function

train_ranking_functioning time = 0.591 ms


2019-05-03-00-10-12   >>>>   Start verify ranking function

[xr_1 = -2, xr_2 = 9022/141, xr_0 = 1]
ranking function : 0.3686 *  x[0]^1.0 + 0.2935 *  x[1]^1.0 + 0.0047 *  x[2]^1.0 + 0.9614 * 1

2019-05-03-00-10-12   >>>>   End verify ranking function

verifying time = 7.546 ms


Not Found Ranking Fcuntion

Conterexample is 

[1, -2, 63.98581560283688]

sampling time = 0.983 ms


       ########################################         

iteration 6 with 16 examples

2019-05-03-00-10-12   >>>>   Start train ranking function

2019-05-03-00-10-12   >>>>   End train ranking function

train_ranking_functioning time = 0.665 ms


2019-05-03-00-10-12   >>>>   Start verify ranking function

ranking function : 0.3753 *  x[0]^1.0 + 0.293 *  x[1]^1.0 - 0.0005 *  x[2]^1.0 + 0.9657 * 1

2019-05-03-00-10-12   >>>>   End verify ranking function

verifying time = 8.778 ms


Not Found Ranking Fcuntion

Conterexample is 

[1, -2, 3510]

sampling time = 1.015 ms


       ########################################         

iteration 7 with 18 examples

2019-05-03-00-10-12   >>>>   Start train ranking function

2019-05-03-00-10-12   >>>>   End train ranking function

train_ranking_functioning time = 0.735 ms


2019-05-03-00-10-12   >>>>   Start verify ranking function

ranking function : 0.3789 *  x[0]^1.0 + 0.2911 *  x[1]^1.0 - 0.0006 *  x[2]^1.0 + 0.9678 * 1

2019-05-03-00-10-12   >>>>   End verify ranking function

verifying time = 8.728 ms


Not Found Ranking Fcuntion

Conterexample is 

[1, -2, 2940.8333333333335]

sampling time = 0.990 ms


       ########################################         

iteration 8 with 20 examples

2019-05-03-00-10-12   >>>>   Start train ranking function

2019-05-03-00-10-12   >>>>   End train ranking function

train_ranking_functioning time = 0.766 ms


2019-05-03-00-10-12   >>>>   Start verify ranking function

[xr_1 = -2, xr_2 = 3535/36, xr_0 = 1]
ranking function : 0.3787 *  x[0]^1.0 + 0.2868 *  x[1]^1.0 + 0.003 *  x[2]^1.0 + 0.9669 * 1

2019-05-03-00-10-12   >>>>   End verify ranking function

verifying time = 7.800 ms


Not Found Ranking Fcuntion

Conterexample is 

[1, -2, 98.19444444444444]

sampling time = 0.965 ms


       ########################################         

iteration 9 with 22 examples

2019-05-03-00-10-12   >>>>   Start train ranking function

2019-05-03-00-10-12   >>>>   End train ranking function

train_ranking_functioning time = 0.882 ms


2019-05-03-00-10-12   >>>>   Start verify ranking function

[xr_1 = -2, xr_2 = 17683/186, xr_0 = 1]
ranking function : 0.3823 *  x[0]^1.0 + 0.2879 *  x[1]^1.0 + 0.0031 *  x[2]^1.0 + 0.9696 * 1

2019-05-03-00-10-12   >>>>   End verify ranking function

verifying time = 7.785 ms


Not Found Ranking Fcuntion

Conterexample is 

[1, -2, 95.06989247311827]

sampling time = 1.060 ms


       ########################################         

iteration 10 with 24 examples

2019-05-03-00-10-12   >>>>   Start train ranking function

2019-05-03-00-10-12   >>>>   End train ranking function

train_ranking_functioning time = 0.996 ms


2019-05-03-00-10-12   >>>>   Start verify ranking function

ranking function : 0.3853 *  x[0]^1.0 + 0.2866 *  x[1]^1.0 - 0.0006 *  x[2]^1.0 + 0.9714 * 1

2019-05-03-00-10-12   >>>>   End verify ranking function

verifying time = 8.659 ms


Not Found Ranking Fcuntion

Conterexample is 

[1, -2, 2972.5]

sampling time = 1.161 ms


       ########################################         

iteration 11 with 26 examples

2019-05-03-00-10-12   >>>>   Start train ranking function

2019-05-03-00-10-12   >>>>   End train ranking function

train_ranking_functioning time = 0.866 ms


2019-05-03-00-10-12   >>>>   Start verify ranking function

[xr_1 = -2, xr_2 = 17827/84, xr_0 = 1]
ranking function : 0.3823 *  x[0]^1.0 + 0.2915 *  x[1]^1.0 + 0.0014 *  x[2]^1.0 + 0.9701 * 1

2019-05-03-00-10-12   >>>>   End verify ranking function

verifying time = 7.946 ms


Not Found Ranking Fcuntion

Conterexample is 

[1, -2, 212.22619047619048]

sampling time = 0.972 ms


       ########################################         

iteration 12 with 28 examples

2019-05-03-00-10-12   >>>>   Start train ranking function

2019-05-03-00-10-12   >>>>   End train ranking function

train_ranking_functioning time = 1.104 ms


2019-05-03-00-10-12   >>>>   Start verify ranking function

[xr_1 = -2, xr_2 = 5881/20, xr_0 = 1]
ranking function : 0.3859 *  x[0]^1.0 + 0.2878 *  x[1]^1.0 + 0.001 *  x[2]^1.0 + 0.9716 * 1

2019-05-03-00-10-12   >>>>   End verify ranking function

verifying time = 7.752 ms


Not Found Ranking Fcuntion

Conterexample is 

[1, -2, 294.05]

sampling time = 0.977 ms


       ########################################         

iteration 13 with 30 examples

2019-05-03-00-10-12   >>>>   Start train ranking function

2019-05-03-00-10-12   >>>>   End train ranking function

train_ranking_functioning time = 1.313 ms


2019-05-03-00-10-12   >>>>   Start verify ranking function

[xr_1 = -2, xr_2 = 5865/56, xr_0 = 1]
ranking function : 0.3859 *  x[0]^1.0 + 0.2866 *  x[1]^1.0 + 0.0028 *  x[2]^1.0 + 0.9717 * 1

2019-05-03-00-10-12   >>>>   End verify ranking function

verifying time = 7.630 ms


Not Found Ranking Fcuntion

Conterexample is 

[1, -2, 104.73214285714286]

sampling time = 1.177 ms


       ########################################         

iteration 14 with 32 examples

2019-05-03-00-10-12   >>>>   Start train ranking function

2019-05-03-00-10-12   >>>>   End train ranking function

train_ranking_functioning time = 1.517 ms


2019-05-03-00-10-12   >>>>   Start verify ranking function

ranking function : 0.3869 *  x[0]^1.0 + 0.2897 *  x[1]^1.0 - 0.0005 *  x[2]^1.0 + 0.9729 * 1

2019-05-03-00-10-12   >>>>   End verify ranking function

verifying time = 9.203 ms


Not Found Ranking Fcuntion

Conterexample is 

[1, -2, 3560.8]

sampling time = 0.978 ms


       ########################################         

iteration 15 with 34 examples

2019-05-03-00-10-12   >>>>   Start train ranking function

2019-05-03-00-10-12   >>>>   End train ranking function

train_ranking_functioning time = 1.227 ms


2019-05-03-00-10-12   >>>>   Start verify ranking function

ranking function : 0.3874 *  x[0]^1.0 + 0.2879 *  x[1]^1.0 - 0.0004 *  x[2]^1.0 + 0.9729 * 1

2019-05-03-00-10-12   >>>>   End verify ranking function

verifying time = 9.536 ms


Not Found Ranking Fcuntion

Conterexample is 

[1, -2, 4461.25]

sampling time = 0.975 ms


       ########################################         

iteration 16 with 36 examples

2019-05-03-00-10-12   >>>>   Start train ranking function

2019-05-03-00-10-12   >>>>   End train ranking function

train_ranking_functioning time = 1.368 ms


2019-05-03-00-10-12   >>>>   Start verify ranking function

[xr_1 = -2, xr_2 = 17567/120, xr_0 = 1]
ranking function : 0.3891 *  x[0]^1.0 + 0.2867 *  x[1]^1.0 + 0.002 *  x[2]^1.0 + 0.974 * 1

2019-05-03-00-10-12   >>>>   End verify ranking function

verifying time = 7.701 ms


Not Found Ranking Fcuntion

Conterexample is 

[1, -2, 146.39166666666668]

sampling time = 0.987 ms


       ########################################         

iteration 17 with 38 examples

2019-05-03-00-10-12   >>>>   Start train ranking function

2019-05-03-00-10-12   >>>>   End train ranking function

train_ranking_functioning time = 1.326 ms


2019-05-03-00-10-12   >>>>   Start verify ranking function

ranking function : 0.3896 *  x[0]^1.0 + 0.2874 *  x[1]^1.0 - 0.0003 *  x[2]^1.0 + 0.9743 * 1

2019-05-03-00-10-12   >>>>   End verify ranking function

verifying time = 8.799 ms


Not Found Ranking Fcuntion

Conterexample is 

[1, -2, 5963.666666666667]

sampling time = 0.974 ms


       ########################################         

iteration 18 with 40 examples

2019-05-03-00-10-12   >>>>   Start train ranking function

2019-05-03-00-10-12   >>>>   End train ranking function

train_ranking_functioning time = 1.340 ms


2019-05-03-00-10-12   >>>>   Start verify ranking function

ranking function : 0.3878 *  x[0]^1.0 + 0.2868 *  x[1]^1.0 - 0.0006 *  x[2]^1.0 + 0.9729 * 1

2019-05-03-00-10-12   >>>>   End verify ranking function

verifying time = 8.789 ms


Not Found Ranking Fcuntion

Conterexample is 

[1, -2, 2978.5]

sampling time = 0.962 ms


       ########################################         

iteration 19 with 42 examples

2019-05-03-00-10-12   >>>>   Start train ranking function

2019-05-03-00-10-12   >>>>   End train ranking function

train_ranking_functioning time = 1.534 ms


2019-05-03-00-10-12   >>>>   Start verify ranking function

[xr_1 = -2, xr_2 = 2940/29, xr_0 = 1]
ranking function : 0.3902 *  x[0]^1.0 + 0.2888 *  x[1]^1.0 + 0.0029 *  x[2]^1.0 + 0.975 * 1

2019-05-03-00-10-12   >>>>   End verify ranking function

verifying time = 7.757 ms


Not Found Ranking Fcuntion

Conterexample is 

[1, -2, 101.37931034482759]

sampling time = 0.967 ms


       ########################################         

iteration 20 with 44 examples

2019-05-03-00-10-12   >>>>   Start train ranking function

2019-05-03-00-10-12   >>>>   End train ranking function

train_ranking_functioning time = 1.430 ms


2019-05-03-00-10-12   >>>>   Start verify ranking function

ranking function : 0.391 *  x[0]^1.0 + 0.2899 *  x[1]^1.0 - 0.0001 *  x[2]^1.0 + 0.9757 * 1

2019-05-03-00-10-12   >>>>   End verify ranking function

verifying time = 8.570 ms


Not Found Ranking Fcuntion

Conterexample is 

[1, -2, 17869]

sampling time = 0.970 ms


       ########################################         

iteration 21 with 46 examples

2019-05-03-00-10-12   >>>>   Start train ranking function

2019-05-03-00-10-12   >>>>   End train ranking function

train_ranking_functioning time = 1.587 ms


2019-05-03-00-10-12   >>>>   Start verify ranking function

[xr_1 = -2, xr_2 = 17543/168, xr_0 = 1]
ranking function : 0.3927 *  x[0]^1.0 + 0.287 *  x[1]^1.0 + 0.0028 *  x[2]^1.0 + 0.9763 * 1

2019-05-03-00-10-12   >>>>   End verify ranking function

verifying time = 7.629 ms


Not Found Ranking Fcuntion

Conterexample is 

[1, -2, 104.42261904761905]

sampling time = 0.971 ms


       ########################################         

iteration 22 with 48 examples

2019-05-03-00-10-12   >>>>   Start train ranking function

2019-05-03-00-10-12   >>>>   End train ranking function

train_ranking_functioning time = 1.761 ms


2019-05-03-00-10-12   >>>>   Start verify ranking function

ranking function : 0.396 *  x[0]^1.0 + 0.288 *  x[1]^1.0 - 0.0003 *  x[2]^1.0 + 0.9786 * 1

2019-05-03-00-10-12   >>>>   End verify ranking function

verifying time = 8.773 ms


Not Found Ranking Fcuntion

Conterexample is 

[1, -2, 5995.333333333333]

sampling time = 0.973 ms


       ########################################         

iteration 23 with 50 examples

2019-05-03-00-10-12   >>>>   Start train ranking function

2019-05-03-00-10-12   >>>>   End train ranking function

train_ranking_functioning time = 1.753 ms


2019-05-03-00-10-12   >>>>   Start verify ranking function

ranking function : 0.3941 *  x[0]^1.0 + 0.2874 *  x[1]^1.0 - 0.0006 *  x[2]^1.0 + 0.9774 * 1

2019-05-03-00-10-12   >>>>   End verify ranking function

verifying time = 8.790 ms


Not Found Ranking Fcuntion

Conterexample is 

[1, -2, 2994.5]

sampling time = 0.998 ms


       ########################################         

iteration 24 with 52 examples

2019-05-03-00-10-12   >>>>   Start train ranking function

2019-05-03-00-10-12   >>>>   End train ranking function

train_ranking_functioning time = 1.737 ms


2019-05-03-00-10-12   >>>>   Start verify ranking function

ranking function : 0.3949 *  x[0]^1.0 + 0.2877 *  x[1]^1.0 + 0.9781 * 1

2019-05-03-00-10-12   >>>>   End verify ranking function

verifying time = 8.576 ms


Not Found Ranking Fcuntion

Conterexample is 

[1, -8.248175182481752, 9.248175182481752]

sampling time = 0.975 ms


Failed to prove it is terminated

UNKNOWN
------Using Template 1 -----------
5 [5]
*****************************************************

2019-05-03-00-10-12   >>>>   End sampling point

sampling time = 10.034 ms,


       ########################################         

iteration 0 with 4 examples

2019-05-03-00-10-12   >>>>   Start train ranking function

2019-05-03-00-10-12   >>>>   End train ranking function

train_ranking_functioning time = 0.331 ms


2019-05-03-00-10-12   >>>>   Start verify ranking function

[xr_1 = -17, xr_2 = 1024, xr_0 = 6]
ranking function : 0.4211 *  x[0]^-1.0 *  x[1]^0.5 *  x[2]^-1.0 - 0.1006 *  x[0]^-2.0 *  x[1]^1.0 *  x[2]^-3.0 - 0.3952 *  x[0]^-2.0 *  x[1]^3.0 *  x[2]^-3.0 + 0.6667 * 1 + 0.3023 *  x[1]^-2.0

2019-05-03-00-10-12   >>>>   End verify ranking function

verifying time = 106.466 ms


Not Found Ranking Fcuntion

Conterexample is 

[6, -17, 1024]

sampling time = 1.277 ms


       ########################################         

iteration 1 with 6 examples

2019-05-03-00-10-12   >>>>   Start train ranking function

2019-05-03-00-10-12   >>>>   End train ranking function

train_ranking_functioning time = 0.481 ms


2019-05-03-00-10-12   >>>>   Start verify ranking function

[xr_1 = -17, xr_2 = 2048, xr_0 = 4]
ranking function : 0.4207 *  x[0]^-1.0 *  x[1]^0.5 *  x[2]^-1.0 - 0.1004 *  x[0]^-2.0 *  x[1]^1.0 *  x[2]^-3.0 - 0.3945 *  x[0]^-2.0 *  x[1]^3.0 *  x[2]^-3.0 + 0.7995 * 1 + 0.3093 *  x[1]^-2.0

2019-05-03-00-10-12   >>>>   End verify ranking function

verifying time = 178.736 ms


Not Found Ranking Fcuntion

Conterexample is 

[4, -17, 2048]

sampling time = 1.434 ms


       ########################################         

iteration 2 with 8 examples

2019-05-03-00-10-12   >>>>   Start train ranking function

2019-05-03-00-10-12   >>>>   End train ranking function

train_ranking_functioning time = 0.328 ms


2019-05-03-00-10-12   >>>>   Start verify ranking function

[xr_1 = -17, xr_2 = 4096, xr_0 = 4]
ranking function : 0.4203 *  x[0]^-1.0 *  x[1]^0.5 *  x[2]^-1.0 - 0.1002 *  x[0]^-2.0 *  x[1]^1.0 *  x[2]^-3.0 - 0.3939 *  x[0]^-2.0 *  x[1]^3.0 *  x[2]^-3.0 + 0.8565 * 1 + 0.3156 *  x[1]^-2.0

2019-05-03-00-10-13   >>>>   End verify ranking function

verifying time = 180.593 ms


Not Found Ranking Fcuntion

Conterexample is 

[4, -17, 4096]

sampling time = 1.448 ms


       ########################################         

iteration 3 with 10 examples

2019-05-03-00-10-13   >>>>   Start train ranking function

2019-05-03-00-10-13   >>>>   End train ranking function

train_ranking_functioning time = 0.333 ms


2019-05-03-00-10-13   >>>>   Start verify ranking function

[xr_1 = -17, xr_2 = 16384, xr_0 = 3]
ranking function : 0.4198 *  x[0]^-1.0 *  x[1]^0.5 *  x[2]^-1.0 - 0.1001 *  x[0]^-2.0 *  x[1]^1.0 *  x[2]^-3.0 - 0.3933 *  x[0]^-2.0 *  x[1]^3.0 *  x[2]^-3.0 + 0.8881 * 1 + 0.3216 *  x[1]^-2.0

2019-05-03-00-10-13   >>>>   End verify ranking function

verifying time = 129.260 ms


Not Found Ranking Fcuntion

Conterexample is 

[3, -17, 16384]

sampling time = 1.376 ms


       ########################################         

iteration 4 with 12 examples

2019-05-03-00-10-13   >>>>   Start train ranking function

2019-05-03-00-10-13   >>>>   End train ranking function

train_ranking_functioning time = 0.328 ms


2019-05-03-00-10-13   >>>>   Start verify ranking function

[xr_1 = -18, xr_2 = 512, xr_0 = 8]
ranking function : 0.4192 *  x[0]^-1.0 *  x[1]^0.5 *  x[2]^-1.0 - 0.0999 *  x[0]^-2.0 *  x[1]^1.0 *  x[2]^-3.0 - 0.3927 *  x[0]^-2.0 *  x[1]^3.0 *  x[2]^-3.0 + 0.9082 * 1 + 0.3275 *  x[1]^-2.0

2019-05-03-00-10-13   >>>>   End verify ranking function

verifying time = 140.038 ms


Not Found Ranking Fcuntion

Conterexample is 

[8, -18, 512]

sampling time = 1.354 ms


       ########################################         

iteration 5 with 14 examples

2019-05-03-00-10-13   >>>>   Start train ranking function

2019-05-03-00-10-13   >>>>   End train ranking function

train_ranking_functioning time = 0.314 ms


2019-05-03-00-10-13   >>>>   Start verify ranking function

[xr_1 = -18, xr_2 = 1024, xr_0 = 5]
ranking function : 0.4191 *  x[0]^-1.0 *  x[1]^0.5 *  x[2]^-1.0 - 0.0998 *  x[0]^-2.0 *  x[1]^1.0 *  x[2]^-3.0 - 0.3922 *  x[0]^-2.0 *  x[1]^3.0 *  x[2]^-3.0 + 0.9222 * 1 + 0.3327 *  x[1]^-2.0

2019-05-03-00-10-13   >>>>   End verify ranking function

verifying time = 199.716 ms


Not Found Ranking Fcuntion

Conterexample is 

[5, -18, 1024]

sampling time = 1.406 ms


       ########################################         

iteration 6 with 16 examples

2019-05-03-00-10-13   >>>>   Start train ranking function

2019-05-03-00-10-13   >>>>   End train ranking function

train_ranking_functioning time = 0.334 ms


2019-05-03-00-10-13   >>>>   Start verify ranking function

[xr_1 = -18, xr_2 = 1024, xr_0 = 6]
ranking function : 0.4189 *  x[0]^-1.0 *  x[1]^0.5 *  x[2]^-1.0 - 0.0997 *  x[0]^-2.0 *  x[1]^1.0 *  x[2]^-3.0 - 0.3916 *  x[0]^-2.0 *  x[1]^3.0 *  x[2]^-3.0 + 0.9324 * 1 + 0.3378 *  x[1]^-2.0

2019-05-03-00-10-13   >>>>   End verify ranking function

verifying time = 83.434 ms


Not Found Ranking Fcuntion

Conterexample is 

[6, -18, 1024]

sampling time = 1.354 ms


       ########################################         

iteration 7 with 18 examples

2019-05-03-00-10-13   >>>>   Start train ranking function

2019-05-03-00-10-13   >>>>   End train ranking function

train_ranking_functioning time = 0.335 ms


2019-05-03-00-10-13   >>>>   Start verify ranking function

[xr_1 = -18, xr_2 = 2048, xr_0 = 4]
ranking function : 0.4187 *  x[0]^-1.0 *  x[1]^0.5 *  x[2]^-1.0 - 0.0995 *  x[0]^-2.0 *  x[1]^1.0 *  x[2]^-3.0 - 0.3911 *  x[0]^-2.0 *  x[1]^3.0 *  x[2]^-3.0 + 0.9402 * 1 + 0.3429 *  x[1]^-2.0

2019-05-03-00-10-13   >>>>   End verify ranking function

verifying time = 170.586 ms


Not Found Ranking Fcuntion

Conterexample is 

[4, -18, 2048]

sampling time = 1.304 ms


       ########################################         

iteration 8 with 20 examples

2019-05-03-00-10-13   >>>>   Start train ranking function

2019-05-03-00-10-13   >>>>   End train ranking function

train_ranking_functioning time = 0.324 ms


2019-05-03-00-10-13   >>>>   Start verify ranking function

[xr_1 = -18, xr_2 = 2048, xr_0 = 5]
ranking function : 0.4184 *  x[0]^-1.0 *  x[1]^0.5 *  x[2]^-1.0 - 0.0994 *  x[0]^-2.0 *  x[1]^1.0 *  x[2]^-3.0 - 0.3906 *  x[0]^-2.0 *  x[1]^3.0 *  x[2]^-3.0 + 0.9464 * 1 + 0.3481 *  x[1]^-2.0

2019-05-03-00-10-13   >>>>   End verify ranking function

verifying time = 192.274 ms


Not Found Ranking Fcuntion

Conterexample is 

[5, -18, 2048]

sampling time = 1.423 ms


       ########################################         

iteration 9 with 22 examples

2019-05-03-00-10-14   >>>>   Start train ranking function

2019-05-03-00-10-14   >>>>   End train ranking function

train_ranking_functioning time = 0.352 ms


2019-05-03-00-10-14   >>>>   Start verify ranking function

[xr_1 = -18, xr_2 = 4096, xr_0 = 4]
ranking function : 0.418 *  x[0]^-1.0 *  x[1]^0.5 *  x[2]^-1.0 - 0.0993 *  x[0]^-2.0 *  x[1]^1.0 *  x[2]^-3.0 - 0.3901 *  x[0]^-2.0 *  x[1]^3.0 *  x[2]^-3.0 + 0.9513 * 1 + 0.3532 *  x[1]^-2.0

2019-05-03-00-10-14   >>>>   End verify ranking function

verifying time = 195.187 ms


Not Found Ranking Fcuntion

Conterexample is 

[4, -18, 4096]

sampling time = 1.342 ms


       ########################################         

iteration 10 with 24 examples

2019-05-03-00-10-14   >>>>   Start train ranking function

2019-05-03-00-10-14   >>>>   End train ranking function

train_ranking_functioning time = 0.330 ms


2019-05-03-00-10-14   >>>>   Start verify ranking function

[xr_1 = -18, xr_2 = 4096, xr_0 = 6]
ranking function : 0.4176 *  x[0]^-1.0 *  x[1]^0.5 *  x[2]^-1.0 - 0.0991 *  x[0]^-2.0 *  x[1]^1.0 *  x[2]^-3.0 - 0.3896 *  x[0]^-2.0 *  x[1]^3.0 *  x[2]^-3.0 + 0.9554 * 1 + 0.3583 *  x[1]^-2.0

2019-05-03-00-10-14   >>>>   End verify ranking function

verifying time = 168.399 ms


Not Found Ranking Fcuntion

Conterexample is 

[6, -18, 4096]

sampling time = 1.427 ms


       ########################################         

iteration 11 with 26 examples

2019-05-03-00-10-14   >>>>   Start train ranking function

2019-05-03-00-10-14   >>>>   End train ranking function

train_ranking_functioning time = 0.335 ms


2019-05-03-00-10-14   >>>>   Start verify ranking function

[xr_1 = -18, xr_2 = 32768, xr_0 = 5]
ranking function : 0.4171 *  x[0]^-1.0 *  x[1]^0.5 *  x[2]^-1.0 - 0.099 *  x[0]^-2.0 *  x[1]^1.0 *  x[2]^-3.0 - 0.3891 *  x[0]^-2.0 *  x[1]^3.0 *  x[2]^-3.0 + 0.9589 * 1 + 0.3635 *  x[1]^-2.0

2019-05-03-00-10-14   >>>>   End verify ranking function

verifying time = 264.581 ms


Not Found Ranking Fcuntion

Conterexample is 

[5, -18, 32768]

sampling time = 1.419 ms


       ########################################         

iteration 12 with 28 examples

2019-05-03-00-10-14   >>>>   Start train ranking function

2019-05-03-00-10-14   >>>>   End train ranking function

train_ranking_functioning time = 0.355 ms


2019-05-03-00-10-14   >>>>   Start verify ranking function

[xr_1 = -19, xr_2 = 1024, xr_0 = 5]
ranking function : 0.4166 *  x[0]^-1.0 *  x[1]^0.5 *  x[2]^-1.0 - 0.0989 *  x[0]^-2.0 *  x[1]^1.0 *  x[2]^-3.0 - 0.3886 *  x[0]^-2.0 *  x[1]^3.0 *  x[2]^-3.0 + 0.9619 * 1 + 0.3686 *  x[1]^-2.0

2019-05-03-00-10-14   >>>>   End verify ranking function

verifying time = 189.935 ms


Not Found Ranking Fcuntion

Conterexample is 

[5, -19, 1024]

sampling time = 1.491 ms


       ########################################         

iteration 13 with 30 examples

2019-05-03-00-10-14   >>>>   Start train ranking function

2019-05-03-00-10-14   >>>>   End train ranking function

train_ranking_functioning time = 0.359 ms


2019-05-03-00-10-14   >>>>   Start verify ranking function

[xr_1 = -19, xr_2 = 1024, xr_0 = 5]
ranking function : 0.4165 *  x[0]^-1.0 *  x[1]^0.5 *  x[2]^-1.0 - 0.0988 *  x[0]^-2.0 *  x[1]^1.0 *  x[2]^-3.0 - 0.3881 *  x[0]^-2.0 *  x[1]^3.0 *  x[2]^-3.0 + 0.9644 * 1 + 0.3731 *  x[1]^-2.0

2019-05-03-00-10-14   >>>>   End verify ranking function

verifying time = 156.427 ms


Not Found Ranking Fcuntion

Conterexample is 

[5, -19, 1024]

sampling time = 1.380 ms


       ########################################         

iteration 14 with 32 examples

2019-05-03-00-10-14   >>>>   Start train ranking function

2019-05-03-00-10-14   >>>>   End train ranking function

train_ranking_functioning time = 0.377 ms


2019-05-03-00-10-14   >>>>   Start verify ranking function

[xr_1 = -19, xr_2 = 1024, xr_0 = 6]
ranking function : 0.4163 *  x[0]^-1.0 *  x[1]^0.5 *  x[2]^-1.0 - 0.0986 *  x[0]^-2.0 *  x[1]^1.0 *  x[2]^-3.0 - 0.3877 *  x[0]^-2.0 *  x[1]^3.0 *  x[2]^-3.0 + 0.9666 * 1 + 0.3777 *  x[1]^-2.0

2019-05-03-00-10-15   >>>>   End verify ranking function

verifying time = 131.492 ms


Not Found Ranking Fcuntion

Conterexample is 

[6, -19, 1024]

sampling time = 1.380 ms


       ########################################         

iteration 15 with 34 examples

2019-05-03-00-10-15   >>>>   Start train ranking function

2019-05-03-00-10-15   >>>>   End train ranking function

train_ranking_functioning time = 0.352 ms


2019-05-03-00-10-15   >>>>   Start verify ranking function

[xr_1 = -19, xr_2 = 2048, xr_0 = 4]
ranking function : 0.4161 *  x[0]^-1.0 *  x[1]^0.5 *  x[2]^-1.0 - 0.0985 *  x[0]^-2.0 *  x[1]^1.0 *  x[2]^-3.0 - 0.3872 *  x[0]^-2.0 *  x[1]^3.0 *  x[2]^-3.0 + 0.9686 * 1 + 0.3822 *  x[1]^-2.0

2019-05-03-00-10-15   >>>>   End verify ranking function

verifying time = 147.114 ms


Not Found Ranking Fcuntion

Conterexample is 

[4, -19, 2048]

sampling time = 1.294 ms


       ########################################         

iteration 16 with 36 examples

2019-05-03-00-10-15   >>>>   Start train ranking function

2019-05-03-00-10-15   >>>>   End train ranking function

train_ranking_functioning time = 0.384 ms


2019-05-03-00-10-15   >>>>   Start verify ranking function

[xr_1 = -19, xr_2 = 2048, xr_0 = 4]
ranking function : 0.4159 *  x[0]^-1.0 *  x[1]^0.5 *  x[2]^-1.0 - 0.0984 *  x[0]^-2.0 *  x[1]^1.0 *  x[2]^-3.0 - 0.3867 *  x[0]^-2.0 *  x[1]^3.0 *  x[2]^-3.0 + 0.9703 * 1 + 0.3868 *  x[1]^-2.0

2019-05-03-00-10-15   >>>>   End verify ranking function

verifying time = 175.608 ms


Not Found Ranking Fcuntion

Conterexample is 

[4, -19, 2048]

sampling time = 1.390 ms


       ########################################         

iteration 17 with 38 examples

2019-05-03-00-10-15   >>>>   Start train ranking function

2019-05-03-00-10-15   >>>>   End train ranking function

train_ranking_functioning time = 0.371 ms


2019-05-03-00-10-15   >>>>   Start verify ranking function

[xr_1 = -19, xr_2 = 2048, xr_0 = 6]
ranking function : 0.4156 *  x[0]^-1.0 *  x[1]^0.5 *  x[2]^-1.0 - 0.0983 *  x[0]^-2.0 *  x[1]^1.0 *  x[2]^-3.0 - 0.3863 *  x[0]^-2.0 *  x[1]^3.0 *  x[2]^-3.0 + 0.9718 * 1 + 0.3914 *  x[1]^-2.0

2019-05-03-00-10-15   >>>>   End verify ranking function

verifying time = 183.189 ms


Not Found Ranking Fcuntion

Conterexample is 

[6, -19, 2048]

sampling time = 1.378 ms


       ########################################         

iteration 18 with 40 examples

2019-05-03-00-10-15   >>>>   Start train ranking function

2019-05-03-00-10-15   >>>>   End train ranking function

train_ranking_functioning time = 0.375 ms


2019-05-03-00-10-15   >>>>   Start verify ranking function

[xr_1 = -19, xr_2 = 4096, xr_0 = 4]
ranking function : 0.4153 *  x[0]^-1.0 *  x[1]^0.5 *  x[2]^-1.0 - 0.0982 *  x[0]^-2.0 *  x[1]^1.0 *  x[2]^-3.0 - 0.3858 *  x[0]^-2.0 *  x[1]^3.0 *  x[2]^-3.0 + 0.9732 * 1 + 0.3959 *  x[1]^-2.0

2019-05-03-00-10-15   >>>>   End verify ranking function

verifying time = 179.416 ms


Not Found Ranking Fcuntion

Conterexample is 

[4, -19, 4096]

sampling time = 1.346 ms


       ########################################         

iteration 19 with 42 examples

2019-05-03-00-10-15   >>>>   Start train ranking function

2019-05-03-00-10-15   >>>>   End train ranking function

train_ranking_functioning time = 0.378 ms


2019-05-03-00-10-15   >>>>   Start verify ranking function

[xr_1 = -19, xr_2 = 4096, xr_0 = 7]
ranking function : 0.4149 *  x[0]^-1.0 *  x[1]^0.5 *  x[2]^-1.0 - 0.0981 *  x[0]^-2.0 *  x[1]^1.0 *  x[2]^-3.0 - 0.3854 *  x[0]^-2.0 *  x[1]^3.0 *  x[2]^-3.0 + 0.9744 * 1 + 0.4005 *  x[1]^-2.0

2019-05-03-00-10-15   >>>>   End verify ranking function

verifying time = 140.841 ms


Not Found Ranking Fcuntion

Conterexample is 

[7, -19, 4096]

sampling time = 1.382 ms


       ########################################         

iteration 20 with 44 examples

2019-05-03-00-10-15   >>>>   Start train ranking function

2019-05-03-00-10-15   >>>>   End train ranking function

train_ranking_functioning time = 0.385 ms


2019-05-03-00-10-15   >>>>   Start verify ranking function

[xr_1 = -19, xr_2 = 32768, xr_0 = 5]
ranking function : 0.4145 *  x[0]^-1.0 *  x[1]^0.5 *  x[2]^-1.0 - 0.098 *  x[0]^-2.0 *  x[1]^1.0 *  x[2]^-3.0 - 0.3849 *  x[0]^-2.0 *  x[1]^3.0 *  x[2]^-3.0 + 0.9756 * 1 + 0.4051 *  x[1]^-2.0

2019-05-03-00-10-16   >>>>   End verify ranking function

verifying time = 185.387 ms


Not Found Ranking Fcuntion

Conterexample is 

[5, -19, 32768]

sampling time = 1.368 ms


       ########################################         

iteration 21 with 46 examples

2019-05-03-00-10-16   >>>>   Start train ranking function

2019-05-03-00-10-16   >>>>   End train ranking function

train_ranking_functioning time = 0.413 ms


2019-05-03-00-10-16   >>>>   Start verify ranking function

[xr_1 = -20, xr_2 = 1024, xr_0 = 5]
ranking function : 0.4141 *  x[0]^-1.0 *  x[1]^0.5 *  x[2]^-1.0 - 0.0978 *  x[0]^-2.0 *  x[1]^1.0 *  x[2]^-3.0 - 0.3845 *  x[0]^-2.0 *  x[1]^3.0 *  x[2]^-3.0 + 0.9766 * 1 + 0.4097 *  x[1]^-2.0

2019-05-03-00-10-16   >>>>   End verify ranking function

verifying time = 231.827 ms


Not Found Ranking Fcuntion

Conterexample is 

[5, -20, 1024]

sampling time = 1.478 ms


       ########################################         

iteration 22 with 48 examples

2019-05-03-00-10-16   >>>>   Start train ranking function

2019-05-03-00-10-16   >>>>   End train ranking function

train_ranking_functioning time = 0.402 ms


2019-05-03-00-10-16   >>>>   Start verify ranking function

[xr_1 = -20, xr_2 = 1024, xr_0 = 5]
ranking function : 0.414 *  x[0]^-1.0 *  x[1]^0.5 *  x[2]^-1.0 - 0.0977 *  x[0]^-2.0 *  x[1]^1.0 *  x[2]^-3.0 - 0.3841 *  x[0]^-2.0 *  x[1]^3.0 *  x[2]^-3.0 + 0.9775 * 1 + 0.4138 *  x[1]^-2.0

2019-05-03-00-10-16   >>>>   End verify ranking function

verifying time = 152.729 ms


Not Found Ranking Fcuntion

Conterexample is 

[5, -20, 1024]

sampling time = 1.304 ms


       ########################################         

iteration 23 with 50 examples

2019-05-03-00-10-16   >>>>   Start train ranking function

2019-05-03-00-10-16   >>>>   End train ranking function

train_ranking_functioning time = 0.371 ms


2019-05-03-00-10-16   >>>>   Start verify ranking function

[xr_1 = -20, xr_2 = 1024, xr_0 = 6]
ranking function : 0.4139 *  x[0]^-1.0 *  x[1]^0.5 *  x[2]^-1.0 - 0.0976 *  x[0]^-2.0 *  x[1]^1.0 *  x[2]^-3.0 - 0.3836 *  x[0]^-2.0 *  x[1]^3.0 *  x[2]^-3.0 + 0.9784 * 1 + 0.4179 *  x[1]^-2.0

2019-05-03-00-10-16   >>>>   End verify ranking function

verifying time = 103.077 ms


Not Found Ranking Fcuntion

Conterexample is 

[6, -20, 1024]

sampling time = 1.353 ms


       ########################################         

iteration 24 with 52 examples

2019-05-03-00-10-16   >>>>   Start train ranking function

2019-05-03-00-10-16   >>>>   End train ranking function

train_ranking_functioning time = 0.526 ms


2019-05-03-00-10-16   >>>>   Start verify ranking function

[xr_1 = -20, xr_2 = 2048, xr_0 = 4]
ranking function : 0.4137 *  x[0]^-1.0 *  x[1]^0.5 *  x[2]^-1.0 - 0.0975 *  x[0]^-2.0 *  x[1]^1.0 *  x[2]^-3.0 - 0.3832 *  x[0]^-2.0 *  x[1]^3.0 *  x[2]^-3.0 + 0.9792 * 1 + 0.422 *  x[1]^-2.0

2019-05-03-00-10-16   >>>>   End verify ranking function

verifying time = 163.522 ms


Not Found Ranking Fcuntion

Conterexample is 

[4, -20, 2048]

sampling time = 1.334 ms


Failed to prove it is terminated

UNKNOWN
------Using Template 2 -----------
12 [4, 4, 4]
*****************************************************

2019-05-03-00-10-16   >>>>   End sampling point

sampling time = 13.648 ms,


       ########################################         

iteration 0 with 8 examples

2019-05-03-00-10-16   >>>>   Start train ranking function

2019-05-03-00-10-16   >>>>   End train ranking function

train_ranking_functioning time = 0.347 ms


2019-05-03-00-10-16   >>>>   Start verify ranking function

[xr_1 = -20753/446, xr_2 = 21199/446, xr_0 = 20307/446]
ranking function : 0.0019 *  x[0]^1.0 + 0.0043 *  x[1]^1.0 - 0.0546 *  x[2]^1.0 + 0.6686 * 1; 0.0181 *  x[0]^1.0 - 0.0244 *  x[1]^1.0 - 0.0342 *  x[2]^1.0 + 0.6747 * 1; 0.1005 *  x[0]^1.0 - 0.1529 *  x[1]^1.0 - 0.0589 *  x[2]^1.0 + 0.7082 * 1

2019-05-03-00-10-16   >>>>   End verify ranking function

verifying time = 14.737 ms


Not Found Ranking Fcuntion

Conterexample is 

[45.53139013452915, -46.53139013452915, 47.53139013452915]

sampling time = 3.006 ms


       ########################################         

iteration 1 with 12 examples

2019-05-03-00-10-16   >>>>   Start train ranking function

2019-05-03-00-10-16   >>>>   End train ranking function

train_ranking_functioning time = 0.486 ms


2019-05-03-00-10-16   >>>>   Start verify ranking function

[xr_1 = -19933/2, xr_2 = 19935/2, xr_0 = 19931/2]
ranking function : 0.0025 *  x[0]^1.0 + 0.0033 *  x[1]^1.0 - 0.0548 *  x[2]^1.0 + 0.6689 * 1; 0.0496 *  x[0]^1.0 - 0.0415 *  x[1]^1.0 - 0.0396 *  x[2]^1.0 + 0.6706 * 1; 0.0853 *  x[0]^1.0 - 0.147 *  x[1]^1.0 - 0.0546 *  x[2]^1.0 + 0.7139 * 1

2019-05-03-00-10-16   >>>>   End verify ranking function

verifying time = 15.111 ms


Not Found Ranking Fcuntion

Conterexample is 

[9965.5, -9966.5, 9967.5]

sampling time = 2.821 ms


       ########################################         

iteration 2 with 16 examples

2019-05-03-00-10-16   >>>>   Start train ranking function

2019-05-03-00-10-16   >>>>   End train ranking function

train_ranking_functioning time = 0.658 ms


2019-05-03-00-10-16   >>>>   Start verify ranking function

[xr_1 = -19933/2, xr_2 = 19935/2, xr_0 = 19931/2]
ranking function : 0.0025 *  x[0]^1.0 + 0.0033 *  x[1]^1.0 - 0.0548 *  x[2]^1.0 + 0.6689 * 1; 0.0496 *  x[0]^1.0 - 0.0415 *  x[1]^1.0 - 0.0396 *  x[2]^1.0 + 0.6706 * 1; 0.0853 *  x[0]^1.0 - 0.147 *  x[1]^1.0 - 0.0546 *  x[2]^1.0 + 0.7139 * 1

2019-05-03-00-10-16   >>>>   End verify ranking function

verifying time = 14.566 ms


Not Found Ranking Fcuntion

Conterexample is 

[9965.5, -9966.5, 9967.5]

sampling time = 2.897 ms


       ########################################         

iteration 3 with 20 examples

2019-05-03-00-10-16   >>>>   Start train ranking function

2019-05-03-00-10-16   >>>>   End train ranking function

train_ranking_functioning time = 0.730 ms


2019-05-03-00-10-16   >>>>   Start verify ranking function

ranking function : 0.0025 *  x[0]^1.0 + 0.0033 *  x[1]^1.0 - 0.0548 *  x[2]^1.0 + 0.6689 * 1; 0.0497 *  x[0]^1.0 - 0.0415 *  x[1]^1.0 - 0.0396 *  x[2]^1.0 + 0.6706 * 1; 0.0853 *  x[0]^1.0 - 0.1469 *  x[1]^1.0 - 0.0546 *  x[2]^1.0 + 0.7139 * 1

2019-05-03-00-10-16   >>>>   End verify ranking function

verifying time = 16.750 ms


Not Found Ranking Fcuntion

Conterexample is 

[1, -2, 38.333333333333336]

sampling time = 3.000 ms


       ########################################         

iteration 4 with 24 examples

2019-05-03-00-10-16   >>>>   Start train ranking function

2019-05-03-00-10-16   >>>>   End train ranking function

train_ranking_functioning time = 0.748 ms


2019-05-03-00-10-16   >>>>   Start verify ranking function

[xr_1 = -19953, xr_2 = 19954, xr_0 = 19952]
ranking function : 0.0728 *  x[0]^1.0 - 0.0525 *  x[1]^1.0 - 0.071 *  x[2]^1.0 + 0.6693 * 1; 0.0928 *  x[0]^1.0 - 0.1698 *  x[1]^1.0 - 0.063 *  x[2]^1.0 + 0.725 * 1; 0.1559 *  x[0]^1.0 + 0.0383 *  x[1]^1.0 + 0.003 *  x[2]^1.0 + 0.777 * 1

2019-05-03-00-10-16   >>>>   End verify ranking function

verifying time = 11.273 ms


Not Found Ranking Fcuntion

Conterexample is 

[19952, -19953, 19954]

sampling time = 2.866 ms


       ########################################         

iteration 5 with 28 examples

2019-05-03-00-10-16   >>>>   Start train ranking function

2019-05-03-00-10-16   >>>>   End train ranking function

train_ranking_functioning time = 0.779 ms


2019-05-03-00-10-16   >>>>   Start verify ranking function

[xr_1 = -2, xr_2 = 9823/3, xr_0 = 1]
ranking function : 0.058 *  x[0]^1.0 - 0.0827 *  x[1]^1.0 - 0.0764 *  x[2]^1.0 + 0.6916 * 1; 0.1197 *  x[0]^1.0 - 0.09 *  x[1]^1.0 - 0.042 *  x[2]^1.0 + 0.7316 * 1; 0.1801 *  x[0]^1.0 + 0.0286 *  x[1]^1.0 - 0.0069 *  x[2]^1.0 + 0.7915 * 1

2019-05-03-00-10-16   >>>>   End verify ranking function

verifying time = 15.237 ms


Not Found Ranking Fcuntion

Conterexample is 

[1, -2, 3274.3333333333335]

sampling time = 2.806 ms


       ########################################         

iteration 6 with 32 examples

2019-05-03-00-10-16   >>>>   Start train ranking function

2019-05-03-00-10-16   >>>>   End train ranking function

train_ranking_functioning time = 0.784 ms


2019-05-03-00-10-16   >>>>   Start verify ranking function

[xr_1 = -2, xr_2 = 9828/193, xr_0 = 1]
ranking function : 0.0692 *  x[0]^1.0 - 0.0999 *  x[1]^1.0 - 0.0811 *  x[2]^1.0 + 0.6961 * 1; 0.1156 *  x[0]^1.0 - 0.0544 *  x[1]^1.0 - 0.0308 *  x[2]^1.0 + 0.7347 * 1; 0.1805 *  x[0]^1.0 + 0.047 *  x[1]^1.0 + 0.0013 *  x[2]^1.0 + 0.7949 * 1

2019-05-03-00-10-16   >>>>   End verify ranking function

verifying time = 15.198 ms


Not Found Ranking Fcuntion

Conterexample is 

[1, -2, 50.92227979274612]

sampling time = 3.113 ms


       ########################################         

iteration 7 with 36 examples

2019-05-03-00-10-17   >>>>   Start train ranking function

2019-05-03-00-10-17   >>>>   End train ranking function

train_ranking_functioning time = 0.941 ms


2019-05-03-00-10-17   >>>>   Start verify ranking function

[xr_1 = -2, xr_2 = 4019/55, xr_0 = 1]
ranking function : 0.0961 *  x[0]^1.0 - 0.1416 *  x[1]^1.0 - 0.0917 *  x[2]^1.0 + 0.7072 * 1; 0.1164 *  x[0]^1.0 + 0.0101 *  x[1]^1.0 - 0.0107 *  x[2]^1.0 + 0.746 * 1; 0.2044 *  x[0]^1.0 + 0.067 *  x[1]^1.0 - 0.0011 *  x[2]^1.0 + 0.8141 * 1

2019-05-03-00-10-17   >>>>   End verify ranking function

verifying time = 12.270 ms


Not Found Ranking Fcuntion

Conterexample is 

[1, -2, 73.07272727272728]

sampling time = 3.068 ms


       ########################################         

iteration 8 with 40 examples

2019-05-03-00-10-17   >>>>   Start train ranking function

2019-05-03-00-10-17   >>>>   End train ranking function

train_ranking_functioning time = 1.026 ms


2019-05-03-00-10-17   >>>>   Start verify ranking function

[xr_1 = -2, xr_2 = 10733/379, xr_0 = 1]
ranking function : 0.1063 *  x[0]^1.0 - 0.1573 *  x[1]^1.0 - 0.0956 *  x[2]^1.0 + 0.7113 * 1; 0.1174 *  x[0]^1.0 + 0.0332 *  x[1]^1.0 - 0.0033 *  x[2]^1.0 + 0.7505 * 1; 0.2139 *  x[0]^1.0 + 0.0748 *  x[1]^1.0 - 0.0006 *  x[2]^1.0 + 0.8219 * 1

2019-05-03-00-10-17   >>>>   End verify ranking function

verifying time = 11.444 ms


Not Found Ranking Fcuntion

Conterexample is 

[1, -2, 28.319261213720317]

sampling time = 2.962 ms


       ########################################         

iteration 9 with 44 examples

2019-05-03-00-10-17   >>>>   Start train ranking function

2019-05-03-00-10-17   >>>>   End train ranking function

train_ranking_functioning time = 0.976 ms


2019-05-03-00-10-17   >>>>   Start verify ranking function

[xr_1 = -2, xr_2 = 3601/129, xr_0 = 1]
ranking function : 0.1124 *  x[0]^1.0 - 0.1668 *  x[1]^1.0 - 0.0978 *  x[2]^1.0 + 0.7139 * 1; 0.1255 *  x[0]^1.0 + 0.0318 *  x[1]^1.0 - 0.0034 *  x[2]^1.0 + 0.7557 * 1; 0.2293 *  x[0]^1.0 + 0.0753 *  x[1]^1.0 + 0.0011 *  x[2]^1.0 + 0.8321 * 1

2019-05-03-00-10-17   >>>>   End verify ranking function

verifying time = 11.585 ms


Not Found Ranking Fcuntion

Conterexample is 

[1, -2, 27.914728682170544]

sampling time = 3.295 ms


       ########################################         

iteration 10 with 48 examples

2019-05-03-00-10-17   >>>>   Start train ranking function

2019-05-03-00-10-17   >>>>   End train ranking function

train_ranking_functioning time = 1.235 ms


2019-05-03-00-10-17   >>>>   Start verify ranking function

[xr_1 = -2, xr_2 = 22247/1040, xr_0 = 1]
ranking function : 0.1201 *  x[0]^1.0 - 0.1786 *  x[1]^1.0 - 0.101 *  x[2]^1.0 + 0.717 * 1; 0.1306 *  x[0]^1.0 + 0.0405 *  x[1]^1.0 + 0.0005 *  x[2]^1.0 + 0.7605 * 1; 0.2424 *  x[0]^1.0 + 0.0779 *  x[1]^1.0 - 0.0006 *  x[2]^1.0 + 0.8414 * 1

2019-05-03-00-10-17   >>>>   End verify ranking function

verifying time = 13.452 ms


Not Found Ranking Fcuntion

Conterexample is 

[1, -2, 21.391346153846154]

sampling time = 3.102 ms


       ########################################         

iteration 11 with 52 examples

2019-05-03-00-10-17   >>>>   Start train ranking function

2019-05-03-00-10-17   >>>>   End train ranking function

train_ranking_functioning time = 1.492 ms


2019-05-03-00-10-17   >>>>   Start verify ranking function

[xr_1 = -2, xr_2 = 22299/1037, xr_0 = 1]
ranking function : 0.124 *  x[0]^1.0 - 0.1847 *  x[1]^1.0 - 0.1025 *  x[2]^1.0 + 0.7185 * 1; 0.1362 *  x[0]^1.0 + 0.0388 *  x[1]^1.0 + 0.0002 *  x[2]^1.0 + 0.7639 * 1; 0.2535 *  x[0]^1.0 + 0.0766 *  x[1]^1.0 - 0.0007 *  x[2]^1.0 + 0.8484 * 1

2019-05-03-00-10-17   >>>>   End verify ranking function

verifying time = 12.516 ms


Not Found Ranking Fcuntion

Conterexample is 

[1, -2, 21.50337512054002]

sampling time = 3.052 ms


       ########################################         

iteration 12 with 56 examples

2019-05-03-00-10-17   >>>>   Start train ranking function

2019-05-03-00-10-17   >>>>   End train ranking function

train_ranking_functioning time = 1.400 ms


2019-05-03-00-10-17   >>>>   Start verify ranking function

[xr_1 = -2, xr_2 = 22269/1042, xr_0 = 1]
ranking function : 0.1264 *  x[0]^1.0 - 0.1884 *  x[1]^1.0 - 0.1036 *  x[2]^1.0 + 0.7195 * 1; 0.1404 *  x[0]^1.0 + 0.0364 *  x[1]^1.0 + 0.0001 *  x[2]^1.0 + 0.7663 * 1; 0.2609 *  x[0]^1.0 + 0.076 *  x[1]^1.0 - 0.0005 *  x[2]^1.0 + 0.8534 * 1

2019-05-03-00-10-17   >>>>   End verify ranking function

verifying time = 12.244 ms


Not Found Ranking Fcuntion

Conterexample is 

[1, -2, 21.371401151631478]

sampling time = 3.020 ms


       ########################################         

iteration 13 with 60 examples

2019-05-03-00-10-17   >>>>   Start train ranking function

2019-05-03-00-10-17   >>>>   End train ranking function

train_ranking_functioning time = 1.509 ms


2019-05-03-00-10-17   >>>>   Start verify ranking function

[xr_1 = -2, xr_2 = 22206/1013, xr_0 = 1]
ranking function : 0.1286 *  x[0]^1.0 - 0.1918 *  x[1]^1.0 - 0.1043 *  x[2]^1.0 + 0.7204 * 1; 0.149 *  x[0]^1.0 + 0.0345 *  x[1]^1.0 - 0.0005 *  x[2]^1.0 + 0.7668 * 1; 0.2633 *  x[0]^1.0 + 0.0739 *  x[1]^1.0 - 0.0003 *  x[2]^1.0 + 0.8579 * 1

2019-05-03-00-10-17   >>>>   End verify ranking function

verifying time = 11.717 ms


Not Found Ranking Fcuntion

Conterexample is 

[1, -2, 21.92102665350444]

sampling time = 2.848 ms


       ########################################         

iteration 14 with 64 examples

2019-05-03-00-10-17   >>>>   Start train ranking function

2019-05-03-00-10-17   >>>>   End train ranking function

train_ranking_functioning time = 1.604 ms


2019-05-03-00-10-17   >>>>   Start verify ranking function

[xr_1 = -2, xr_2 = 22258/1031, xr_0 = 1]
ranking function : 0.1301 *  x[0]^1.0 - 0.1942 *  x[1]^1.0 - 0.1049 *  x[2]^1.0 + 0.7211 * 1; 0.1516 *  x[0]^1.0 + 0.0347 *  x[1]^1.0 - 0.0003 *  x[2]^1.0 + 0.7677 * 1; 0.266 *  x[0]^1.0 + 0.0743 *  x[1]^1.0 - 0.0007 *  x[2]^1.0 + 0.8603 * 1

2019-05-03-00-10-17   >>>>   End verify ranking function

verifying time = 11.353 ms


Not Found Ranking Fcuntion

Conterexample is 

[1, -2, 21.58874878758487]

sampling time = 2.864 ms


       ########################################         

iteration 15 with 68 examples

2019-05-03-00-10-17   >>>>   Start train ranking function

2019-05-03-00-10-17   >>>>   End train ranking function

train_ranking_functioning time = 1.550 ms


2019-05-03-00-10-17   >>>>   Start verify ranking function

[xr_1 = -2, xr_2 = 22217/1017, xr_0 = 1]
ranking function : 0.131 *  x[0]^1.0 - 0.1956 *  x[1]^1.0 - 0.1053 *  x[2]^1.0 + 0.7214 * 1; 0.1537 *  x[0]^1.0 + 0.0332 *  x[1]^1.0 - 0.0006 *  x[2]^1.0 + 0.7686 * 1; 0.2688 *  x[0]^1.0 + 0.074 *  x[1]^1.0 - 0.0004 *  x[2]^1.0 + 0.8622 * 1

2019-05-03-00-10-17   >>>>   End verify ranking function

verifying time = 11.317 ms


Not Found Ranking Fcuntion

Conterexample is 

[1, -2, 21.845624385447394]

sampling time = 2.901 ms


       ########################################         

iteration 16 with 72 examples

2019-05-03-00-10-17   >>>>   Start train ranking function

2019-05-03-00-10-17   >>>>   End train ranking function

train_ranking_functioning time = 1.637 ms


2019-05-03-00-10-17   >>>>   Start verify ranking function

[xr_1 = -2, xr_2 = 22257/1034, xr_0 = 1]
ranking function : 0.1322 *  x[0]^1.0 - 0.1973 *  x[1]^1.0 - 0.1058 *  x[2]^1.0 + 0.7219 * 1; 0.156 *  x[0]^1.0 + 0.0335 *  x[1]^1.0 - 0.0004 *  x[2]^1.0 + 0.7692 * 1; 0.2705 *  x[0]^1.0 + 0.0739 *  x[1]^1.0 - 0.0005 *  x[2]^1.0 + 0.864 * 1

2019-05-03-00-10-17   >>>>   End verify ranking function

verifying time = 11.582 ms


Not Found Ranking Fcuntion

Conterexample is 

[1, -2, 21.525145067698258]

sampling time = 2.823 ms


       ########################################         

iteration 17 with 76 examples

2019-05-03-00-10-17   >>>>   Start train ranking function

2019-05-03-00-10-17   >>>>   End train ranking function

train_ranking_functioning time = 1.807 ms


2019-05-03-00-10-17   >>>>   Start verify ranking function

[xr_1 = -2, xr_2 = 22191/1012, xr_0 = 1]
ranking function : 0.1325 *  x[0]^1.0 - 0.1979 *  x[1]^1.0 - 0.106 *  x[2]^1.0 + 0.722 * 1; 0.157 *  x[0]^1.0 + 0.0317 *  x[1]^1.0 - 0.0008 *  x[2]^1.0 + 0.7698 * 1; 0.2728 *  x[0]^1.0 + 0.0732 *  x[1]^1.0 - 0.001 *  x[2]^1.0 + 0.8653 * 1

2019-05-03-00-10-17   >>>>   End verify ranking function

verifying time = 11.276 ms


Not Found Ranking Fcuntion

Conterexample is 

[1, -2, 21.927865612648223]

sampling time = 2.842 ms


       ########################################         

iteration 18 with 80 examples

2019-05-03-00-10-17   >>>>   Start train ranking function

2019-05-03-00-10-17   >>>>   End train ranking function

train_ranking_functioning time = 1.754 ms


2019-05-03-00-10-17   >>>>   Start verify ranking function

[xr_1 = -2, xr_2 = 21248/699, xr_0 = 1]
ranking function : 0.128 *  x[0]^1.0 - 0.191 *  x[1]^1.0 - 0.1041 *  x[2]^1.0 + 0.7202 * 1; 0.1596 *  x[0]^1.0 + 0.0138 *  x[1]^1.0 - 0.0057 *  x[2]^1.0 + 0.7695 * 1; 0.2764 *  x[0]^1.0 + 0.0641 *  x[1]^1.0 - 0.0016 *  x[2]^1.0 + 0.8655 * 1

2019-05-03-00-10-17   >>>>   End verify ranking function

verifying time = 11.333 ms


Not Found Ranking Fcuntion

Conterexample is 

[1, -2, 30.397711015736768]

sampling time = 2.840 ms


       ########################################         

iteration 19 with 84 examples

2019-05-03-00-10-17   >>>>   Start train ranking function

2019-05-03-00-10-17   >>>>   End train ranking function

train_ranking_functioning time = 1.869 ms


2019-05-03-00-10-17   >>>>   Start verify ranking function

[xr_1 = -2, xr_2 = 22301/1060, xr_0 = 1]
ranking function : 0.1341 *  x[0]^1.0 - 0.2003 *  x[1]^1.0 - 0.1066 *  x[2]^1.0 + 0.7227 * 1; 0.1595 *  x[0]^1.0 + 0.0333 *  x[1]^1.0 - 0.0001 *  x[2]^1.0 + 0.7704 * 1; 0.2744 *  x[0]^1.0 + 0.0735 *  x[1]^1.0 - 0.0005 *  x[2]^1.0 + 0.8673 * 1

2019-05-03-00-10-17   >>>>   End verify ranking function

verifying time = 11.194 ms


Not Found Ranking Fcuntion

Conterexample is 

[1, -2, 21.038679245283017]

sampling time = 2.900 ms


       ########################################         

iteration 20 with 88 examples

2019-05-03-00-10-17   >>>>   Start train ranking function

2019-05-03-00-10-17   >>>>   End train ranking function

train_ranking_functioning time = 2.019 ms


2019-05-03-00-10-17   >>>>   Start verify ranking function

[xr_1 = -2, xr_2 = 11168/537, xr_0 = 1]
ranking function : 0.1346 *  x[0]^1.0 - 0.2011 *  x[1]^1.0 - 0.1068 *  x[2]^1.0 + 0.7229 * 1; 0.1603 *  x[0]^1.0 + 0.0338 *  x[1]^1.0 + 0.0001 *  x[2]^1.0 + 0.7706 * 1; 0.275 *  x[0]^1.0 + 0.0736 *  x[1]^1.0 - 0.0009 *  x[2]^1.0 + 0.8679 * 1

2019-05-03-00-10-17   >>>>   End verify ranking function

verifying time = 11.815 ms


Not Found Ranking Fcuntion

Conterexample is 

[1, -2, 20.797020484171323]

sampling time = 3.171 ms


       ########################################         

iteration 21 with 92 examples

2019-05-03-00-10-17   >>>>   Start train ranking function

2019-05-03-00-10-17   >>>>   End train ranking function

train_ranking_functioning time = 2.495 ms


2019-05-03-00-10-17   >>>>   Start verify ranking function

[xr_1 = -2, xr_2 = 360, xr_0 = 1]
ranking function : 0.1173 *  x[0]^1.0 - 0.1594 *  x[1]^1.0 - 0.0964 *  x[2]^1.0 + 0.7183 * 1; 0.1642 *  x[0]^1.0 - 0.0185 *  x[1]^1.0 - 0.0167 *  x[2]^1.0 + 0.7731 * 1; 0.2909 *  x[0]^1.0 + 0.0564 *  x[1]^1.0 - 0.0019 *  x[2]^1.0 + 0.8699 * 1

2019-05-03-00-10-17   >>>>   End verify ranking function

verifying time = 16.103 ms


Not Found Ranking Fcuntion

Conterexample is 

[1, -2, 360]

sampling time = 2.900 ms


       ########################################         

iteration 22 with 96 examples

2019-05-03-00-10-17   >>>>   Start train ranking function

2019-05-03-00-10-17   >>>>   End train ranking function

train_ranking_functioning time = 2.488 ms


2019-05-03-00-10-17   >>>>   Start verify ranking function

ranking function : 0.1168 *  x[0]^1.0 - 0.1519 *  x[1]^1.0 - 0.0947 *  x[2]^1.0 + 0.7192 * 1; 0.1648 *  x[0]^1.0 - 0.0144 *  x[1]^1.0 - 0.0158 *  x[2]^1.0 + 0.7741 * 1; 0.2918 *  x[0]^1.0 + 0.0611 *  x[1]^1.0 - 0.0029 *  x[2]^1.0 + 0.8714 * 1

2019-05-03-00-10-17   >>>>   End verify ranking function

verifying time = 17.158 ms


Not Found Ranking Fcuntion

Conterexample is 

[1, -2, 703.7931034482758]

sampling time = 2.826 ms


       ########################################         

iteration 23 with 100 examples

2019-05-03-00-10-17   >>>>   Start train ranking function

2019-05-03-00-10-17   >>>>   End train ranking function

train_ranking_functioning time = 2.445 ms


2019-05-03-00-10-17   >>>>   Start verify ranking function

[xr_1 = -2, xr_2 = 9654/5, xr_0 = 1]
ranking function : 0.1167 *  x[0]^1.0 - 0.1457 *  x[1]^1.0 - 0.0929 *  x[2]^1.0 + 0.7202 * 1; 0.1662 *  x[0]^1.0 - 0.0112 *  x[1]^1.0 - 0.016 *  x[2]^1.0 + 0.7756 * 1; 0.294 *  x[0]^1.0 + 0.0654 *  x[1]^1.0 - 0.0025 *  x[2]^1.0 + 0.8736 * 1

2019-05-03-00-10-17   >>>>   End verify ranking function

verifying time = 14.699 ms


Not Found Ranking Fcuntion

Conterexample is 

[1, -2, 1930.8]

sampling time = 2.887 ms


       ########################################         

iteration 24 with 104 examples

2019-05-03-00-10-17   >>>>   Start train ranking function

2019-05-03-00-10-17   >>>>   End train ranking function

train_ranking_functioning time = 2.845 ms


2019-05-03-00-10-17   >>>>   Start verify ranking function

ranking function : 0.1161 *  x[0]^1.0 - 0.1391 *  x[1]^1.0 - 0.0915 *  x[2]^1.0 + 0.7209 * 1; 0.1666 *  x[0]^1.0 - 0.0079 *  x[1]^1.0 - 0.0159 *  x[2]^1.0 + 0.7764 * 1; 0.2948 *  x[0]^1.0 + 0.0687 *  x[1]^1.0 - 0.0031 *  x[2]^1.0 + 0.8746 * 1

2019-05-03-00-10-17   >>>>   End verify ranking function

verifying time = 16.542 ms


Not Found Ranking Fcuntion

Conterexample is 

[1, -2, 655.483870967742]

sampling time = 2.953 ms


Failed to prove it is terminated

UNKNOWN
------Using Template 3 -----------
6 [2, 2, 2]
*****************************************************

2019-05-03-00-10-17   >>>>   End sampling point

sampling time = 11.146 ms,


       ########################################         

iteration 0 with 8 examples

2019-05-03-00-10-17   >>>>   Start train ranking function

2019-05-03-00-10-17   >>>>   End train ranking function

train_ranking_functioning time = 0.540 ms


2019-05-03-00-10-17   >>>>   Start verify ranking function

ranking function : 0.0004 *  x[0]^0.5 *  x[1]^-0.5 *  x[2]^0.5 - 0.6665 *  x[0]^1.0 *  x[1]^-0.5; 0.008 *  x[1]^3.0 *  x[2]^0.5 - 0.0002 *  x[0]^3.0 *  x[1]^-1.0 *  x[2]^-3.0; 0.4474 *  x[0]^-0.5 *  x[1]^-2.0 *  x[2]^0.5 + 0.0004 *  x[0]^3.0 *  x[1]^3.0 *  x[2]^0.5

2019-05-03-00-10-18   >>>>   End verify ranking function

verifying time = 846.352 ms


Not Found Ranking Fcuntion

Conterexample is 

[1.75, -3, 5]

sampling time = 1.795 ms


       ########################################         

iteration 1 with 12 examples

2019-05-03-00-10-18   >>>>   Start train ranking function

2019-05-03-00-10-18   >>>>   End train ranking function

train_ranking_functioning time = 0.578 ms


2019-05-03-00-10-18   >>>>   Start verify ranking function

[xr_1 = -3, xr_2 = 5, xr_0 = 3/2]
ranking function : 0.0002 *  x[0]^0.5 *  x[1]^-0.5 *  x[2]^0.5 - 0.6666 *  x[0]^1.0 *  x[1]^-0.5; 0.008 *  x[1]^3.0 *  x[2]^0.5 - 0.0001 *  x[0]^3.0 *  x[1]^-1.0 *  x[2]^-3.0; 0.4462 *  x[0]^-0.5 *  x[1]^-2.0 *  x[2]^0.5

2019-05-03-00-10-18   >>>>   End verify ranking function

verifying time = 249.412 ms


Not Found Ranking Fcuntion

Conterexample is 

[1.5, -3, 5]

sampling time = 1.726 ms


       ########################################         

iteration 2 with 16 examples

2019-05-03-00-10-18   >>>>   Start train ranking function

2019-05-03-00-10-18   >>>>   End train ranking function

train_ranking_functioning time = 0.673 ms


2019-05-03-00-10-18   >>>>   Start verify ranking function

ranking function : 0.0003 *  x[0]^0.5 *  x[1]^-0.5 *  x[2]^0.5 - 0.6666 *  x[0]^1.0 *  x[1]^-0.5; 0.008 *  x[1]^3.0 *  x[2]^0.5 - 0.0001 *  x[0]^3.0 *  x[1]^-1.0 *  x[2]^-3.0; 0.4465 *  x[0]^-0.5 *  x[1]^-2.0 *  x[2]^0.5 + 0.0001 *  x[0]^3.0 *  x[1]^3.0 *  x[2]^0.5

2019-05-03-00-10-19   >>>>   End verify ranking function

verifying time = 816.951 ms


Not Found Ranking Fcuntion

Conterexample is 

[2, -4, 6]

sampling time = 1.852 ms


       ########################################         

iteration 3 with 20 examples

2019-05-03-00-10-19   >>>>   Start train ranking function

2019-05-03-00-10-19   >>>>   End train ranking function

train_ranking_functioning time = 0.763 ms


2019-05-03-00-10-19   >>>>   Start verify ranking function

[xr_1 = -3, xr_2 = 5, xr_0 = 3/2]
ranking function : 0.0002 *  x[0]^0.5 *  x[1]^-0.5 *  x[2]^0.5 - 0.6666 *  x[0]^1.0 *  x[1]^-0.5; 0.008 *  x[1]^3.0 *  x[2]^0.5 - 0.0001 *  x[0]^3.0 *  x[1]^-1.0 *  x[2]^-3.0; 0.4461 *  x[0]^-0.5 *  x[1]^-2.0 *  x[2]^0.5

2019-05-03-00-10-19   >>>>   End verify ranking function

verifying time = 516.359 ms


Not Found Ranking Fcuntion

Conterexample is 

[1.5, -3, 5]

sampling time = 1.790 ms


       ########################################         

iteration 4 with 24 examples

2019-05-03-00-10-19   >>>>   Start train ranking function

2019-05-03-00-10-19   >>>>   End train ranking function

train_ranking_functioning time = 0.809 ms


2019-05-03-00-10-19   >>>>   Start verify ranking function

[xr_1 = -3, xr_2 = 5, xr_0 = 3/2]
ranking function : 0.0003 *  x[0]^0.5 *  x[1]^-0.5 *  x[2]^0.5 - 0.6666 *  x[0]^1.0 *  x[1]^-0.5; 0.008 *  x[1]^3.0 *  x[2]^0.5 - 0.0001 *  x[0]^3.0 *  x[1]^-1.0 *  x[2]^-3.0; 0.448 *  x[0]^-0.5 *  x[1]^-2.0 *  x[2]^0.5

2019-05-03-00-10-20   >>>>   End verify ranking function

verifying time = 447.181 ms


Not Found Ranking Fcuntion

Conterexample is 

[1.5, -3, 5]

sampling time = 1.828 ms


       ########################################         

iteration 5 with 28 examples

2019-05-03-00-10-20   >>>>   Start train ranking function

2019-05-03-00-10-20   >>>>   End train ranking function

train_ranking_functioning time = 0.916 ms


2019-05-03-00-10-20   >>>>   Start verify ranking function

[xr_1 = -3, xr_2 = 5, xr_0 = 3/2]
ranking function : 0.0003 *  x[0]^0.5 *  x[1]^-0.5 *  x[2]^0.5 - 0.6666 *  x[0]^1.0 *  x[1]^-0.5; 0.008 *  x[1]^3.0 *  x[2]^0.5 - 0.0001 *  x[0]^3.0 *  x[1]^-1.0 *  x[2]^-3.0; 0.4514 *  x[0]^-0.5 *  x[1]^-2.0 *  x[2]^0.5 - 0.0101 *  x[0]^3.0 *  x[1]^3.0 *  x[2]^0.5

2019-05-03-00-10-20   >>>>   End verify ranking function

verifying time = 456.273 ms


Not Found Ranking Fcuntion

Conterexample is 

[1.5, -3, 5]

sampling time = 1.999 ms


       ########################################         

iteration 6 with 32 examples

2019-05-03-00-10-20   >>>>   Start train ranking function

2019-05-03-00-10-20   >>>>   End train ranking function

train_ranking_functioning time = 1.158 ms


2019-05-03-00-10-20   >>>>   Start verify ranking function

ranking function : 0.0004 *  x[0]^0.5 *  x[1]^-0.5 *  x[2]^0.5 - 0.6666 *  x[0]^1.0 *  x[1]^-0.5; 0.008 *  x[1]^3.0 *  x[2]^0.5 - 0.0001 *  x[0]^3.0 *  x[1]^-1.0 *  x[2]^-3.0; 0.4596 *  x[0]^-0.5 *  x[1]^-2.0 *  x[2]^0.5 + 0.0006 *  x[0]^3.0 *  x[1]^3.0 *  x[2]^0.5

2019-05-03-00-10-21   >>>>   End verify ranking function

verifying time = 647.267 ms


Not Found Ranking Fcuntion

Conterexample is 

[1.5, -3, 5]

sampling time = 1.762 ms


       ########################################         

iteration 7 with 36 examples

2019-05-03-00-10-21   >>>>   Start train ranking function

2019-05-03-00-10-21   >>>>   End train ranking function

train_ranking_functioning time = 1.256 ms


2019-05-03-00-10-21   >>>>   Start verify ranking function

[xr_1 = -3, xr_2 = 5, xr_0 = 3/2]
ranking function : 0.0004 *  x[0]^0.5 *  x[1]^-0.5 *  x[2]^0.5 - 0.6667 *  x[0]^1.0 *  x[1]^-0.5; 0.008 *  x[1]^3.0 *  x[2]^0.5 - 0.0001 *  x[0]^3.0 *  x[1]^-1.0 *  x[2]^-3.0; 0.4677 *  x[0]^-0.5 *  x[1]^-2.0 *  x[2]^0.5 - 0.0101 *  x[0]^3.0 *  x[1]^3.0 *  x[2]^0.5

2019-05-03-00-10-21   >>>>   End verify ranking function

verifying time = 288.844 ms


Not Found Ranking Fcuntion

Conterexample is 

[1.5, -3, 5]

sampling time = 1.811 ms


       ########################################         

iteration 8 with 40 examples

2019-05-03-00-10-21   >>>>   Start train ranking function

2019-05-03-00-10-21   >>>>   End train ranking function

train_ranking_functioning time = 1.210 ms


2019-05-03-00-10-21   >>>>   Start verify ranking function

ranking function : 0.0004 *  x[0]^0.5 *  x[1]^-0.5 *  x[2]^0.5 - 0.6667 *  x[0]^1.0 *  x[1]^-0.5; 0.008 *  x[1]^3.0 *  x[2]^0.5 - 0.0001 *  x[0]^3.0 *  x[1]^-1.0 *  x[2]^-3.0; 0.4698 *  x[0]^-0.5 *  x[1]^-2.0 *  x[2]^0.5 + 0.0001 *  x[0]^3.0 *  x[1]^3.0 *  x[2]^0.5

2019-05-03-00-10-22   >>>>   End verify ranking function

verifying time = 566.826 ms


Not Found Ranking Fcuntion

Conterexample is 

[2, -4, 6]

sampling time = 1.810 ms


       ########################################         

iteration 9 with 44 examples

2019-05-03-00-10-22   >>>>   Start train ranking function

2019-05-03-00-10-22   >>>>   End train ranking function

train_ranking_functioning time = 1.286 ms


2019-05-03-00-10-22   >>>>   Start verify ranking function

ranking function : 0.0004 *  x[0]^0.5 *  x[1]^-0.5 *  x[2]^0.5 - 0.6667 *  x[0]^1.0 *  x[1]^-0.5; 0.0079 *  x[1]^3.0 *  x[2]^0.5 - 0.0001 *  x[0]^3.0 *  x[1]^-1.0 *  x[2]^-3.0; 0.4726 *  x[0]^-0.5 *  x[1]^-2.0 *  x[2]^0.5 + 0.0006 *  x[0]^3.0 *  x[1]^3.0 *  x[2]^0.5

2019-05-03-00-10-23   >>>>   End verify ranking function

verifying time = 1108.133 ms


Not Found Ranking Fcuntion

Conterexample is 

[1.5, -3, 5]

sampling time = 1.759 ms


       ########################################         

iteration 10 with 48 examples

2019-05-03-00-10-23   >>>>   Start train ranking function

2019-05-03-00-10-23   >>>>   End train ranking function

train_ranking_functioning time = 1.466 ms


2019-05-03-00-10-23   >>>>   Start verify ranking function

[xr_1 = -3, xr_2 = 5, xr_0 = 3/2]
ranking function : 0.0004 *  x[0]^0.5 *  x[1]^-0.5 *  x[2]^0.5 - 0.6667 *  x[0]^1.0 *  x[1]^-0.5; 0.0079 *  x[1]^3.0 *  x[2]^0.5 - 0.0001 *  x[0]^3.0 *  x[1]^-1.0 *  x[2]^-3.0; 0.4799 *  x[0]^-0.5 *  x[1]^-2.0 *  x[2]^0.5 - 0.01 *  x[0]^3.0 *  x[1]^3.0 *  x[2]^0.5

2019-05-03-00-10-23   >>>>   End verify ranking function

verifying time = 479.552 ms


Not Found Ranking Fcuntion

Conterexample is 

[1.5, -3, 5]

sampling time = 1.921 ms


       ########################################         

iteration 11 with 52 examples

2019-05-03-00-10-23   >>>>   Start train ranking function

2019-05-03-00-10-23   >>>>   End train ranking function

train_ranking_functioning time = 1.567 ms


2019-05-03-00-10-23   >>>>   Start verify ranking function

[xr_1 = -3, xr_2 = 5, xr_0 = 3/2]
ranking function : 0.0005 *  x[0]^0.5 *  x[1]^-0.5 *  x[2]^0.5 - 0.6667 *  x[0]^1.0 *  x[1]^-0.5; 0.0079 *  x[1]^3.0 *  x[2]^0.5 - 0.0001 *  x[0]^3.0 *  x[1]^-1.0 *  x[2]^-3.0; 0.4835 *  x[0]^-0.5 *  x[1]^-2.0 *  x[2]^0.5

2019-05-03-00-10-24   >>>>   End verify ranking function

verifying time = 414.631 ms


Not Found Ranking Fcuntion

Conterexample is 

[1.5, -3, 5]

sampling time = 1.820 ms


       ########################################         

iteration 12 with 56 examples

2019-05-03-00-10-24   >>>>   Start train ranking function

2019-05-03-00-10-24   >>>>   End train ranking function

train_ranking_functioning time = 1.548 ms


2019-05-03-00-10-24   >>>>   Start verify ranking function

[xr_1 = -3, xr_2 = 5, xr_0 = 3/2]
ranking function : 0.0005 *  x[0]^0.5 *  x[1]^-0.5 *  x[2]^0.5 - 0.6667 *  x[0]^1.0 *  x[1]^-0.5; 0.008 *  x[1]^3.0 *  x[2]^0.5 - 0.0001 *  x[0]^3.0 *  x[1]^-1.0 *  x[2]^-3.0; 0.4878 *  x[0]^-0.5 *  x[1]^-2.0 *  x[2]^0.5

2019-05-03-00-10-24   >>>>   End verify ranking function

verifying time = 315.415 ms


Not Found Ranking Fcuntion

Conterexample is 

[1.5, -3, 5]

sampling time = 2.010 ms


       ########################################         

iteration 13 with 60 examples

2019-05-03-00-10-24   >>>>   Start train ranking function

2019-05-03-00-10-24   >>>>   End train ranking function

train_ranking_functioning time = 1.789 ms


2019-05-03-00-10-24   >>>>   Start verify ranking function

ranking function : 0.0006 *  x[0]^0.5 *  x[1]^-0.5 *  x[2]^0.5 - 0.6667 *  x[0]^1.0 *  x[1]^-0.5; 0.008 *  x[1]^3.0 *  x[2]^0.5 - 0.0001 *  x[0]^3.0 *  x[1]^-1.0 *  x[2]^-3.0; 0.4943 *  x[0]^-0.5 *  x[1]^-2.0 *  x[2]^0.5 + 0.0001 *  x[0]^3.0 *  x[1]^3.0 *  x[2]^0.5

2019-05-03-00-10-25   >>>>   End verify ranking function

verifying time = 741.636 ms


Not Found Ranking Fcuntion

Conterexample is 

[2, -4, 6]

sampling time = 1.830 ms


       ########################################         

iteration 14 with 64 examples

2019-05-03-00-10-25   >>>>   Start train ranking function

2019-05-03-00-10-25   >>>>   End train ranking function

train_ranking_functioning time = 1.727 ms


2019-05-03-00-10-25   >>>>   Start verify ranking function

ranking function : 0.0006 *  x[0]^0.5 *  x[1]^-0.5 *  x[2]^0.5 - 0.6667 *  x[0]^1.0 *  x[1]^-0.5; 0.008 *  x[1]^3.0 *  x[2]^0.5 - 0.0001 *  x[0]^3.0 *  x[1]^-1.0 *  x[2]^-3.0; 0.4975 *  x[0]^-0.5 *  x[1]^-2.0 *  x[2]^0.5 + 0.0001 *  x[0]^3.0 *  x[1]^3.0 *  x[2]^0.5

2019-05-03-00-10-26   >>>>   End verify ranking function

verifying time = 750.136 ms


Not Found Ranking Fcuntion

Conterexample is 

[2, -4, 6]

sampling time = 1.837 ms


       ########################################         

iteration 15 with 68 examples

2019-05-03-00-10-26   >>>>   Start train ranking function

2019-05-03-00-10-26   >>>>   End train ranking function

train_ranking_functioning time = 1.825 ms


2019-05-03-00-10-26   >>>>   Start verify ranking function

[xr_1 = -3, xr_2 = 5, xr_0 = 3/2]
ranking function : 0.0005 *  x[0]^0.5 *  x[1]^-0.5 *  x[2]^0.5 - 0.6667 *  x[0]^1.0 *  x[1]^-0.5; 0.0079 *  x[1]^3.0 *  x[2]^0.5 - 0.0001 *  x[0]^3.0 *  x[1]^-1.0 *  x[2]^-3.0; 0.4985 *  x[0]^-0.5 *  x[1]^-2.0 *  x[2]^0.5 - 0.01 *  x[0]^3.0 *  x[1]^3.0 *  x[2]^0.5

2019-05-03-00-10-26   >>>>   End verify ranking function

verifying time = 273.854 ms


Not Found Ranking Fcuntion

Conterexample is 

[1.5, -3, 5]

sampling time = 1.799 ms


       ########################################         

iteration 16 with 72 examples

2019-05-03-00-10-26   >>>>   Start train ranking function

2019-05-03-00-10-26   >>>>   End train ranking function

train_ranking_functioning time = 1.794 ms


2019-05-03-00-10-26   >>>>   Start verify ranking function

[xr_1 = -3, xr_2 = 5, xr_0 = 3/2]
ranking function : 0.0006 *  x[0]^0.5 *  x[1]^-0.5 *  x[2]^0.5 - 0.6667 *  x[0]^1.0 *  x[1]^-0.5; 0.008 *  x[1]^3.0 *  x[2]^0.5 - 0.0001 *  x[0]^3.0 *  x[1]^-1.0 *  x[2]^-3.0; 0.5015 *  x[0]^-0.5 *  x[1]^-2.0 *  x[2]^0.5 - 0.01 *  x[0]^3.0 *  x[1]^3.0 *  x[2]^0.5

2019-05-03-00-10-26   >>>>   End verify ranking function

verifying time = 305.330 ms


Not Found Ranking Fcuntion

Conterexample is 

[1.5, -3, 5]

sampling time = 2.051 ms


       ########################################         

iteration 17 with 76 examples

2019-05-03-00-10-26   >>>>   Start train ranking function

2019-05-03-00-10-26   >>>>   End train ranking function

train_ranking_functioning time = 2.221 ms


2019-05-03-00-10-26   >>>>   Start verify ranking function

[xr_1 = -3, xr_2 = 5, xr_0 = 3/2]
ranking function : 0.0006 *  x[0]^0.5 *  x[1]^-0.5 *  x[2]^0.5 - 0.6667 *  x[0]^1.0 *  x[1]^-0.5; 0.0079 *  x[1]^3.0 *  x[2]^0.5 - 0.0001 *  x[0]^3.0 *  x[1]^-1.0 *  x[2]^-3.0; 0.5108 *  x[0]^-0.5 *  x[1]^-2.0 *  x[2]^0.5 - 0.01 *  x[0]^3.0 *  x[1]^3.0 *  x[2]^0.5

2019-05-03-00-10-27   >>>>   End verify ranking function

verifying time = 314.534 ms


Not Found Ranking Fcuntion

Conterexample is 

[1.5, -3, 5]

sampling time = 1.884 ms


       ########################################         

iteration 18 with 80 examples

2019-05-03-00-10-27   >>>>   Start train ranking function

2019-05-03-00-10-27   >>>>   End train ranking function

train_ranking_functioning time = 2.157 ms


2019-05-03-00-10-27   >>>>   Start verify ranking function

[xr_1 = -3, xr_2 = 5, xr_0 = 3/2]
ranking function : 0.0007 *  x[0]^0.5 *  x[1]^-0.5 *  x[2]^0.5 - 0.6667 *  x[0]^1.0 *  x[1]^-0.5; 0.008 *  x[1]^3.0 *  x[2]^0.5 - 0.0001 *  x[0]^3.0 *  x[1]^-1.0 *  x[2]^-3.0; 0.5165 *  x[0]^-0.5 *  x[1]^-2.0 *  x[2]^0.5

2019-05-03-00-10-27   >>>>   End verify ranking function

verifying time = 604.606 ms


Not Found Ranking Fcuntion

Conterexample is 

[1.5, -3, 5]

sampling time = 1.770 ms


       ########################################         

iteration 19 with 84 examples

2019-05-03-00-10-27   >>>>   Start train ranking function

2019-05-03-00-10-27   >>>>   End train ranking function

train_ranking_functioning time = 2.206 ms


2019-05-03-00-10-27   >>>>   Start verify ranking function

[xr_1 = -3, xr_2 = 5, xr_0 = 3/2]
ranking function : 0.0007 *  x[0]^0.5 *  x[1]^-0.5 *  x[2]^0.5 - 0.6667 *  x[0]^1.0 *  x[1]^-0.5; 0.008 *  x[1]^3.0 *  x[2]^0.5 - 0.0001 *  x[0]^3.0 *  x[1]^-1.0 *  x[2]^-3.0; 0.5203 *  x[0]^-0.5 *  x[1]^-2.0 *  x[2]^0.5 - 0.0065 *  x[0]^3.0 *  x[1]^3.0 *  x[2]^0.5

2019-05-03-00-10-27   >>>>   End verify ranking function

verifying time = 248.642 ms


Not Found Ranking Fcuntion

Conterexample is 

[1.5, -3, 5]

sampling time = 1.759 ms


       ########################################         

iteration 20 with 88 examples

2019-05-03-00-10-27   >>>>   Start train ranking function

2019-05-03-00-10-27   >>>>   End train ranking function

train_ranking_functioning time = 2.266 ms


2019-05-03-00-10-27   >>>>   Start verify ranking function

[xr_1 = -3, xr_2 = 5, xr_0 = 3/2]
ranking function : 0.0007 *  x[0]^0.5 *  x[1]^-0.5 *  x[2]^0.5 - 0.6667 *  x[0]^1.0 *  x[1]^-0.5; 0.0079 *  x[1]^3.0 *  x[2]^0.5 - 0.0001 *  x[0]^3.0 *  x[1]^-1.0 *  x[2]^-3.0; 0.5256 *  x[0]^-0.5 *  x[1]^-2.0 *  x[2]^0.5 - 0.01 *  x[0]^3.0 *  x[1]^3.0 *  x[2]^0.5

2019-05-03-00-10-28   >>>>   End verify ranking function

verifying time = 271.227 ms


Not Found Ranking Fcuntion

Conterexample is 

[1.5, -3, 5]

sampling time = 1.865 ms


       ########################################         

iteration 21 with 92 examples

2019-05-03-00-10-28   >>>>   Start train ranking function

2019-05-03-00-10-28   >>>>   End train ranking function

train_ranking_functioning time = 2.430 ms


2019-05-03-00-10-28   >>>>   Start verify ranking function

ranking function : 0.0008 *  x[0]^0.5 *  x[1]^-0.5 *  x[2]^0.5 - 0.6667 *  x[0]^1.0 *  x[1]^-0.5; 0.008 *  x[1]^3.0 *  x[2]^0.5 - 0.0001 *  x[0]^3.0 *  x[1]^-1.0 *  x[2]^-3.0; 0.5315 *  x[0]^-0.5 *  x[1]^-2.0 *  x[2]^0.5 + 0.0001 *  x[0]^3.0 *  x[1]^3.0 *  x[2]^0.5

2019-05-03-00-10-29   >>>>   End verify ranking function

verifying time = 884.610 ms


Not Found Ranking Fcuntion

Conterexample is 

[2, -4, 6]

sampling time = 1.774 ms


       ########################################         

iteration 22 with 96 examples

2019-05-03-00-10-29   >>>>   Start train ranking function

2019-05-03-00-10-29   >>>>   End train ranking function

train_ranking_functioning time = 2.526 ms


2019-05-03-00-10-29   >>>>   Start verify ranking function

ranking function : 0.0007 *  x[0]^0.5 *  x[1]^-0.5 *  x[2]^0.5 - 0.6667 *  x[0]^1.0 *  x[1]^-0.5; 0.0079 *  x[1]^3.0 *  x[2]^0.5 - 0.0001 *  x[0]^3.0 *  x[1]^-1.0 *  x[2]^-3.0; 0.5331 *  x[0]^-0.5 *  x[1]^-2.0 *  x[2]^0.5 + 0.0001 *  x[0]^3.0 *  x[1]^3.0 *  x[2]^0.5

2019-05-03-00-10-30   >>>>   End verify ranking function

verifying time = 1038.765 ms


Not Found Ranking Fcuntion

Conterexample is 

[2, -4, 6]

sampling time = 1.835 ms


       ########################################         

iteration 23 with 100 examples

2019-05-03-00-10-30   >>>>   Start train ranking function

2019-05-03-00-10-30   >>>>   End train ranking function

train_ranking_functioning time = 2.616 ms


2019-05-03-00-10-30   >>>>   Start verify ranking function

[xr_1 = -3, xr_2 = 5, xr_0 = 3/2]
ranking function : 0.0007 *  x[0]^0.5 *  x[1]^-0.5 *  x[2]^0.5 - 0.6667 *  x[0]^1.0 *  x[1]^-0.5; 0.008 *  x[1]^3.0 *  x[2]^0.5 - 0.0001 *  x[0]^3.0 *  x[1]^-1.0 *  x[2]^-3.0; 0.5379 *  x[0]^-0.5 *  x[1]^-2.0 *  x[2]^0.5 - 0.0099 *  x[0]^3.0 *  x[1]^3.0 *  x[2]^0.5

2019-05-03-00-10-30   >>>>   End verify ranking function

verifying time = 310.928 ms


Not Found Ranking Fcuntion

Conterexample is 

[1.5, -3, 5]

sampling time = 1.774 ms


       ########################################         

iteration 24 with 104 examples

2019-05-03-00-10-30   >>>>   Start train ranking function

2019-05-03-00-10-30   >>>>   End train ranking function

train_ranking_functioning time = 2.800 ms


2019-05-03-00-10-30   >>>>   Start verify ranking function

[xr_1 = -3, xr_2 = 5, xr_0 = 3/2]
ranking function : 0.0008 *  x[0]^0.5 *  x[1]^-0.5 *  x[2]^0.5 - 0.6667 *  x[0]^1.0 *  x[1]^-0.5; 0.0079 *  x[1]^3.0 *  x[2]^0.5 - 0.0001 *  x[0]^3.0 *  x[1]^-1.0 *  x[2]^-3.0; 0.5459 *  x[0]^-0.5 *  x[1]^-2.0 *  x[2]^0.5 - 0.0099 *  x[0]^3.0 *  x[1]^3.0 *  x[2]^0.5

2019-05-03-00-10-31   >>>>   End verify ranking function

verifying time = 787.214 ms


Not Found Ranking Fcuntion

Conterexample is 

[1.5, -3, 5]

sampling time = 1.852 ms


Failed to prove it is terminated

UNKNOWN
------Using Template 4 -----------
20 [4, 4, 4, 4, 4]
*****************************************************

2019-05-03-00-10-31   >>>>   End sampling point

sampling time = 17.638 ms,


       ########################################         

iteration 0 with 12 examples

2019-05-03-00-10-31   >>>>   Start train ranking function

2019-05-03-00-10-31   >>>>   End train ranking function

train_ranking_functioning time = 0.394 ms


2019-05-03-00-10-31   >>>>   Start verify ranking function

[xr_1 = -10361/213, xr_2 = 10574/213, xr_0 = 10148/213]
ranking function :  - 0.0014 *  x[0]^1.0 + 0.0093 *  x[1]^1.0 - 0.0533 *  x[2]^1.0 + 0.6673 * 1; 0.0003 *  x[0]^1.0 + 0.0032 *  x[1]^1.0 - 0.0277 *  x[2]^1.0 + 0.6674 * 1; 0.0033 *  x[0]^1.0 - 0.0021 *  x[1]^1.0 - 0.024 *  x[2]^1.0 + 0.6685 * 1; 0.0182 *  x[0]^1.0 - 0.0254 *  x[1]^1.0 - 0.0285 *  x[2]^1.0 + 0.6746 * 1; 0.0997 *  x[0]^1.0 - 0.1518 *  x[1]^1.0 - 0.0576 *  x[2]^1.0 + 0.7078 * 1

2019-05-03-00-10-31   >>>>   End verify ranking function

verifying time = 22.850 ms


Not Found Ranking Fcuntion

Conterexample is 

[47.64319248826291, -48.64319248826291, 49.64319248826291]

sampling time = 4.825 ms


       ########################################         

iteration 1 with 18 examples

2019-05-03-00-10-31   >>>>   Start train ranking function

2019-05-03-00-10-31   >>>>   End train ranking function

train_ranking_functioning time = 0.604 ms


2019-05-03-00-10-31   >>>>   Start verify ranking function

[xr_1 = -19930/3, xr_2 = 19933/3, xr_0 = 19927/3]
ranking function :  - 0.0013 *  x[0]^1.0 + 0.0093 *  x[1]^1.0 - 0.0533 *  x[2]^1.0 + 0.6673 * 1; 0.0004 *  x[0]^1.0 + 0.003 *  x[1]^1.0 - 0.0278 *  x[2]^1.0 + 0.6675 * 1; 0.0039 *  x[0]^1.0 - 0.003 *  x[1]^1.0 - 0.0242 *  x[2]^1.0 + 0.6688 * 1; 0.0485 *  x[0]^1.0 - 0.0418 *  x[1]^1.0 - 0.0337 *  x[2]^1.0 + 0.6707 * 1; 0.0851 *  x[0]^1.0 - 0.1461 *  x[1]^1.0 - 0.0534 *  x[2]^1.0 + 0.7133 * 1

2019-05-03-00-10-31   >>>>   End verify ranking function

verifying time = 23.009 ms


Not Found Ranking Fcuntion

Conterexample is 

[6642.333333333333, -6643.333333333333, 6644.333333333333]

sampling time = 5.282 ms


       ########################################         

iteration 2 with 24 examples

2019-05-03-00-10-31   >>>>   Start train ranking function

2019-05-03-00-10-31   >>>>   End train ranking function

train_ranking_functioning time = 0.931 ms


2019-05-03-00-10-31   >>>>   Start verify ranking function

ranking function :  - 0.0013 *  x[0]^1.0 + 0.0093 *  x[1]^1.0 - 0.0533 *  x[2]^1.0 + 0.6673 * 1; 0.0004 *  x[0]^1.0 + 0.003 *  x[1]^1.0 - 0.0278 *  x[2]^1.0 + 0.6675 * 1; 0.0039 *  x[0]^1.0 - 0.003 *  x[1]^1.0 - 0.0242 *  x[2]^1.0 + 0.6688 * 1; 0.0485 *  x[0]^1.0 - 0.0418 *  x[1]^1.0 - 0.0337 *  x[2]^1.0 + 0.6707 * 1; 0.085 *  x[0]^1.0 - 0.146 *  x[1]^1.0 - 0.0534 *  x[2]^1.0 + 0.7133 * 1

2019-05-03-00-10-31   >>>>   End verify ranking function

verifying time = 27.344 ms


Not Found Ranking Fcuntion

Conterexample is 

[1, -2, 39.144194756554306]

sampling time = 4.896 ms


       ########################################         

iteration 3 with 30 examples

2019-05-03-00-10-31   >>>>   Start train ranking function

2019-05-03-00-10-31   >>>>   End train ranking function

train_ranking_functioning time = 0.902 ms


2019-05-03-00-10-31   >>>>   Start verify ranking function

[xr_1 = -2, xr_2 = 19731/179, xr_0 = 1]
ranking function :  - 0.0002 *  x[0]^1.0 + 0.0075 *  x[1]^1.0 - 0.0538 *  x[2]^1.0 + 0.6678 * 1; 0.0068 *  x[0]^1.0 - 0.0069 *  x[1]^1.0 - 0.0301 *  x[2]^1.0 + 0.6701 * 1; 0.0583 *  x[0]^1.0 - 0.0656 *  x[1]^1.0 - 0.0392 *  x[2]^1.0 + 0.6794 * 1; 0.1007 *  x[0]^1.0 - 0.1258 *  x[1]^1.0 - 0.0467 *  x[2]^1.0 + 0.723 * 1; 0.1616 *  x[0]^1.0 + 0.0151 *  x[1]^1.0 - 0.0048 *  x[2]^1.0 + 0.7769 * 1

2019-05-03-00-10-31   >>>>   End verify ranking function

verifying time = 23.140 ms


Not Found Ranking Fcuntion

Conterexample is 

[1, -2, 110.22905027932961]

sampling time = 4.796 ms


       ########################################         

iteration 4 with 36 examples

2019-05-03-00-10-31   >>>>   Start train ranking function

2019-05-03-00-10-31   >>>>   End train ranking function

train_ranking_functioning time = 0.915 ms


2019-05-03-00-10-31   >>>>   Start verify ranking function

ranking function : 0.0008 *  x[0]^1.0 + 0.0059 *  x[1]^1.0 - 0.0542 *  x[2]^1.0 + 0.6682 * 1; 0.0122 *  x[0]^1.0 - 0.0153 *  x[1]^1.0 - 0.032 *  x[2]^1.0 + 0.6723 * 1; 0.0683 *  x[0]^1.0 - 0.103 *  x[1]^1.0 - 0.0474 *  x[2]^1.0 + 0.6951 * 1; 0.1164 *  x[0]^1.0 - 0.0624 *  x[1]^1.0 - 0.0264 *  x[2]^1.0 + 0.7339 * 1; 0.1797 *  x[0]^1.0 + 0.0436 *  x[1]^1.0 - 0.0045 *  x[2]^1.0 + 0.7935 * 1

2019-05-03-00-10-31   >>>>   End verify ranking function

verifying time = 24.400 ms


Not Found Ranking Fcuntion

Conterexample is 

[1, -2, 419.1111111111111]

sampling time = 4.751 ms


       ########################################         

iteration 5 with 42 examples

2019-05-03-00-10-31   >>>>   Start train ranking function

2019-05-03-00-10-31   >>>>   End train ranking function

train_ranking_functioning time = 0.954 ms


2019-05-03-00-10-31   >>>>   Start verify ranking function

[xr_1 = -2, xr_2 = 3919/63, xr_0 = 1]
ranking function : 0.0009 *  x[0]^1.0 + 0.0058 *  x[1]^1.0 - 0.0542 *  x[2]^1.0 + 0.6682 * 1; 0.0126 *  x[0]^1.0 - 0.0159 *  x[1]^1.0 - 0.0321 *  x[2]^1.0 + 0.6724 * 1; 0.0704 *  x[0]^1.0 - 0.1062 *  x[1]^1.0 - 0.0481 *  x[2]^1.0 + 0.6959 * 1; 0.1146 *  x[0]^1.0 - 0.0538 *  x[1]^1.0 - 0.0255 *  x[2]^1.0 + 0.734 * 1; 0.1793 *  x[0]^1.0 + 0.0459 *  x[1]^1.0 + 0.001 *  x[2]^1.0 + 0.7939 * 1

2019-05-03-00-10-31   >>>>   End verify ranking function

verifying time = 22.789 ms


Not Found Ranking Fcuntion

Conterexample is 

[1, -2, 62.20634920634921]

sampling time = 4.765 ms


       ########################################         

iteration 6 with 48 examples

2019-05-03-00-10-31   >>>>   Start train ranking function

2019-05-03-00-10-31   >>>>   End train ranking function

train_ranking_functioning time = 1.055 ms


2019-05-03-00-10-31   >>>>   Start verify ranking function

[xr_1 = -5153/93, xr_2 = 5246/93, xr_0 = 5060/93]
ranking function : 0.0017 *  x[0]^1.0 + 0.0045 *  x[1]^1.0 - 0.0545 *  x[2]^1.0 + 0.6686 * 1; 0.0173 *  x[0]^1.0 - 0.0231 *  x[1]^1.0 - 0.0338 *  x[2]^1.0 + 0.6743 * 1; 0.0958 *  x[0]^1.0 - 0.1456 *  x[1]^1.0 - 0.0572 *  x[2]^1.0 + 0.7063 * 1; 0.1136 *  x[0]^1.0 + 0.0103 *  x[1]^1.0 - 0.0044 *  x[2]^1.0 + 0.7441 * 1; 0.1989 *  x[0]^1.0 + 0.0669 *  x[1]^1.0 - 0.0009 *  x[2]^1.0 + 0.8102 * 1

2019-05-03-00-10-31   >>>>   End verify ranking function

verifying time = 14.988 ms


Not Found Ranking Fcuntion

Conterexample is 

[54.40860215053763, -55.40860215053763, 56.40860215053763]

sampling time = 4.779 ms


       ########################################         

iteration 7 with 54 examples

2019-05-03-00-10-31   >>>>   Start train ranking function

2019-05-03-00-10-31   >>>>   End train ranking function

train_ranking_functioning time = 1.110 ms


2019-05-03-00-10-31   >>>>   Start verify ranking function

[xr_1 = -20687/414, xr_2 = 21101/414, xr_0 = 20273/414]
ranking function : 0.0018 *  x[0]^1.0 + 0.0044 *  x[1]^1.0 - 0.0546 *  x[2]^1.0 + 0.6686 * 1; 0.0177 *  x[0]^1.0 - 0.0238 *  x[1]^1.0 - 0.034 *  x[2]^1.0 + 0.6745 * 1; 0.0983 *  x[0]^1.0 - 0.1496 *  x[1]^1.0 - 0.0581 *  x[2]^1.0 + 0.7073 * 1; 0.1129 *  x[0]^1.0 + 0.0179 *  x[1]^1.0 - 0.0028 *  x[2]^1.0 + 0.7449 * 1; 0.2006 *  x[0]^1.0 + 0.0684 *  x[1]^1.0 + 0.0003 *  x[2]^1.0 + 0.8118 * 1

2019-05-03-00-10-31   >>>>   End verify ranking function

verifying time = 14.958 ms


Not Found Ranking Fcuntion

Conterexample is 

[48.968599033816425, -49.968599033816425, 50.968599033816425]

sampling time = 4.789 ms


       ########################################         

iteration 8 with 60 examples

2019-05-03-00-10-31   >>>>   Start train ranking function

2019-05-03-00-10-31   >>>>   End train ranking function

train_ranking_functioning time = 1.136 ms


2019-05-03-00-10-31   >>>>   Start verify ranking function

[xr_1 = -20687/414, xr_2 = 21101/414, xr_0 = 20273/414]
ranking function : 0.0018 *  x[0]^1.0 + 0.0044 *  x[1]^1.0 - 0.0546 *  x[2]^1.0 + 0.6686 * 1; 0.0177 *  x[0]^1.0 - 0.0238 *  x[1]^1.0 - 0.034 *  x[2]^1.0 + 0.6745 * 1; 0.0983 *  x[0]^1.0 - 0.1496 *  x[1]^1.0 - 0.0581 *  x[2]^1.0 + 0.7073 * 1; 0.1125 *  x[0]^1.0 + 0.0187 *  x[1]^1.0 - 0.0024 *  x[2]^1.0 + 0.7448 * 1; 0.2003 *  x[0]^1.0 + 0.0682 *  x[1]^1.0 - 0.0005 *  x[2]^1.0 + 0.8118 * 1

2019-05-03-00-10-31   >>>>   End verify ranking function

verifying time = 16.009 ms


Not Found Ranking Fcuntion

Conterexample is 

[48.968599033816425, -49.968599033816425, 50.968599033816425]

sampling time = 4.790 ms


       ########################################         

iteration 9 with 66 examples

2019-05-03-00-10-31   >>>>   Start train ranking function

2019-05-03-00-10-31   >>>>   End train ranking function

train_ranking_functioning time = 1.118 ms


2019-05-03-00-10-31   >>>>   Start verify ranking function

[xr_1 = -6865/121, xr_2 = 6986/121, xr_0 = 6744/121]
ranking function : 0.0017 *  x[0]^1.0 + 0.0045 *  x[1]^1.0 - 0.0545 *  x[2]^1.0 + 0.6686 * 1; 0.0172 *  x[0]^1.0 - 0.0229 *  x[1]^1.0 - 0.0338 *  x[2]^1.0 + 0.6743 * 1; 0.0952 *  x[0]^1.0 - 0.1447 *  x[1]^1.0 - 0.057 *  x[2]^1.0 + 0.706 * 1; 0.1134 *  x[0]^1.0 + 0.0093 *  x[1]^1.0 - 0.0047 *  x[2]^1.0 + 0.7438 * 1; 0.1985 *  x[0]^1.0 + 0.0658 *  x[1]^1.0 + 0.0018 *  x[2]^1.0 + 0.81 * 1

2019-05-03-00-10-31   >>>>   End verify ranking function

verifying time = 15.297 ms


Not Found Ranking Fcuntion

Conterexample is 

[55.735537190082646, -56.735537190082646, 57.735537190082646]

sampling time = 4.828 ms


       ########################################         

iteration 10 with 72 examples

2019-05-03-00-10-31   >>>>   Start train ranking function

2019-05-03-00-10-31   >>>>   End train ranking function

train_ranking_functioning time = 1.147 ms


2019-05-03-00-10-31   >>>>   Start verify ranking function

[xr_1 = -2573/44, xr_2 = 2617/44, xr_0 = 2529/44]
ranking function : 0.0017 *  x[0]^1.0 + 0.0046 *  x[1]^1.0 - 0.0545 *  x[2]^1.0 + 0.6686 * 1; 0.0171 *  x[0]^1.0 - 0.0228 *  x[1]^1.0 - 0.0338 *  x[2]^1.0 + 0.6742 * 1; 0.0947 *  x[0]^1.0 - 0.144 *  x[1]^1.0 - 0.0569 *  x[2]^1.0 + 0.7058 * 1; 0.1129 *  x[0]^1.0 + 0.0091 *  x[1]^1.0 - 0.0046 *  x[2]^1.0 + 0.7435 * 1; 0.1981 *  x[0]^1.0 + 0.0645 *  x[1]^1.0 + 0.001 *  x[2]^1.0 + 0.8095 * 1

2019-05-03-00-10-31   >>>>   End verify ranking function

verifying time = 15.113 ms


Not Found Ranking Fcuntion

Conterexample is 

[57.47727272727273, -58.47727272727273, 59.47727272727273]

sampling time = 5.001 ms


       ########################################         

iteration 11 with 78 examples

2019-05-03-00-10-31   >>>>   Start train ranking function

2019-05-03-00-10-31   >>>>   End train ranking function

train_ranking_functioning time = 1.170 ms


2019-05-03-00-10-31   >>>>   Start verify ranking function

[xr_1 = -20674/421, xr_2 = 21095/421, xr_0 = 20253/421]
ranking function : 0.0018 *  x[0]^1.0 + 0.0044 *  x[1]^1.0 - 0.0546 *  x[2]^1.0 + 0.6686 * 1; 0.0177 *  x[0]^1.0 - 0.0238 *  x[1]^1.0 - 0.034 *  x[2]^1.0 + 0.6745 * 1; 0.0982 *  x[0]^1.0 - 0.1494 *  x[1]^1.0 - 0.0579 *  x[2]^1.0 + 0.7073 * 1; 0.1129 *  x[0]^1.0 + 0.0176 *  x[1]^1.0 - 0.0026 *  x[2]^1.0 + 0.7449 * 1; 0.2007 *  x[0]^1.0 + 0.0678 *  x[1]^1.0 - 0.0005 *  x[2]^1.0 + 0.8117 * 1

2019-05-03-00-10-31   >>>>   End verify ranking function

verifying time = 16.895 ms


Not Found Ranking Fcuntion

Conterexample is 

[48.10688836104513, -49.10688836104513, 50.10688836104513]

sampling time = 5.206 ms


       ########################################         

iteration 12 with 84 examples

2019-05-03-00-10-31   >>>>   Start train ranking function

2019-05-03-00-10-31   >>>>   End train ranking function

train_ranking_functioning time = 1.280 ms


2019-05-03-00-10-31   >>>>   Start verify ranking function

[xr_1 = -20679/410, xr_2 = 21089/410, xr_0 = 20269/410]
ranking function : 0.0018 *  x[0]^1.0 + 0.0044 *  x[1]^1.0 - 0.0546 *  x[2]^1.0 + 0.6686 * 1; 0.0177 *  x[0]^1.0 - 0.0238 *  x[1]^1.0 - 0.034 *  x[2]^1.0 + 0.6745 * 1; 0.0981 *  x[0]^1.0 - 0.1492 *  x[1]^1.0 - 0.058 *  x[2]^1.0 + 0.7072 * 1; 0.1128 *  x[0]^1.0 + 0.0176 *  x[1]^1.0 - 0.0021 *  x[2]^1.0 + 0.7448 * 1; 0.2009 *  x[0]^1.0 + 0.0668 *  x[1]^1.0 + 0.0003 *  x[2]^1.0 + 0.8119 * 1

2019-05-03-00-10-31   >>>>   End verify ranking function

verifying time = 15.477 ms


Not Found Ranking Fcuntion

Conterexample is 

[49.43658536585366, -50.43658536585366, 51.43658536585366]

sampling time = 4.939 ms


       ########################################         

iteration 13 with 90 examples

2019-05-03-00-10-31   >>>>   Start train ranking function

2019-05-03-00-10-31   >>>>   End train ranking function

train_ranking_functioning time = 1.202 ms


2019-05-03-00-10-31   >>>>   Start verify ranking function

[xr_1 = -20598/377, xr_2 = 20975/377, xr_0 = 20221/377]
ranking function : 0.0017 *  x[0]^1.0 + 0.0045 *  x[1]^1.0 - 0.0545 *  x[2]^1.0 + 0.6686 * 1; 0.0172 *  x[0]^1.0 - 0.023 *  x[1]^1.0 - 0.0338 *  x[2]^1.0 + 0.6743 * 1; 0.0955 *  x[0]^1.0 - 0.1453 *  x[1]^1.0 - 0.057 *  x[2]^1.0 + 0.7062 * 1; 0.1135 *  x[0]^1.0 + 0.01 *  x[1]^1.0 - 0.0048 *  x[2]^1.0 + 0.744 * 1; 0.1982 *  x[0]^1.0 + 0.0674 *  x[1]^1.0 - 0.0012 *  x[2]^1.0 + 0.8099 * 1

2019-05-03-00-10-31   >>>>   End verify ranking function

verifying time = 15.358 ms


Not Found Ranking Fcuntion

Conterexample is 

[53.63660477453581, -54.63660477453581, 55.63660477453581]

sampling time = 5.066 ms


       ########################################         

iteration 14 with 96 examples

2019-05-03-00-10-31   >>>>   Start train ranking function

2019-05-03-00-10-31   >>>>   End train ranking function

train_ranking_functioning time = 1.291 ms


2019-05-03-00-10-31   >>>>   Start verify ranking function

[xr_1 = -20574/361, xr_2 = 20935/361, xr_0 = 20213/361]
ranking function : 0.0017 *  x[0]^1.0 + 0.0046 *  x[1]^1.0 - 0.0545 *  x[2]^1.0 + 0.6686 * 1; 0.0171 *  x[0]^1.0 - 0.0228 *  x[1]^1.0 - 0.0337 *  x[2]^1.0 + 0.6743 * 1; 0.0947 *  x[0]^1.0 - 0.1439 *  x[1]^1.0 - 0.0567 *  x[2]^1.0 + 0.7058 * 1; 0.1131 *  x[0]^1.0 + 0.0086 *  x[1]^1.0 - 0.0057 *  x[2]^1.0 + 0.7435 * 1; 0.1984 *  x[0]^1.0 + 0.0641 *  x[1]^1.0 + 0.0015 *  x[2]^1.0 + 0.8098 * 1

2019-05-03-00-10-31   >>>>   End verify ranking function

verifying time = 15.869 ms


Not Found Ranking Fcuntion

Conterexample is 

[55.99168975069252, -56.99168975069252, 57.99168975069252]

sampling time = 5.092 ms


       ########################################         

iteration 15 with 102 examples

2019-05-03-00-10-31   >>>>   Start train ranking function

2019-05-03-00-10-31   >>>>   End train ranking function

train_ranking_functioning time = 1.384 ms


2019-05-03-00-10-31   >>>>   Start verify ranking function

[xr_1 = -20693/408, xr_2 = 21101/408, xr_0 = 20285/408]
ranking function : 0.0018 *  x[0]^1.0 + 0.0044 *  x[1]^1.0 - 0.0546 *  x[2]^1.0 + 0.6686 * 1; 0.0177 *  x[0]^1.0 - 0.0238 *  x[1]^1.0 - 0.034 *  x[2]^1.0 + 0.6745 * 1; 0.0983 *  x[0]^1.0 - 0.1496 *  x[1]^1.0 - 0.0582 *  x[2]^1.0 + 0.7073 * 1; 0.1126 *  x[0]^1.0 + 0.0185 *  x[1]^1.0 - 0.0024 *  x[2]^1.0 + 0.7449 * 1; 0.2001 *  x[0]^1.0 + 0.0688 *  x[1]^1.0 - 0.0007 *  x[2]^1.0 + 0.8116 * 1

2019-05-03-00-10-31   >>>>   End verify ranking function

verifying time = 16.032 ms


Not Found Ranking Fcuntion

Conterexample is 

[49.71813725490196, -50.71813725490196, 51.71813725490196]

sampling time = 4.916 ms


       ########################################         

iteration 16 with 108 examples

2019-05-03-00-10-31   >>>>   Start train ranking function

2019-05-03-00-10-31   >>>>   End train ranking function

train_ranking_functioning time = 1.279 ms


2019-05-03-00-10-31   >>>>   Start verify ranking function

[xr_1 = -10347/206, xr_2 = 10553/206, xr_0 = 10141/206]
ranking function : 0.0018 *  x[0]^1.0 + 0.0044 *  x[1]^1.0 - 0.0546 *  x[2]^1.0 + 0.6686 * 1; 0.0178 *  x[0]^1.0 - 0.0239 *  x[1]^1.0 - 0.034 *  x[2]^1.0 + 0.6745 * 1; 0.0985 *  x[0]^1.0 - 0.1498 *  x[1]^1.0 - 0.0582 *  x[2]^1.0 + 0.7074 * 1; 0.1131 *  x[0]^1.0 + 0.0179 *  x[1]^1.0 - 0.0026 *  x[2]^1.0 + 0.745 * 1; 0.2013 *  x[0]^1.0 + 0.0677 *  x[1]^1.0 - 0.0006 *  x[2]^1.0 + 0.8123 * 1

2019-05-03-00-10-31   >>>>   End verify ranking function

verifying time = 14.987 ms


Not Found Ranking Fcuntion

Conterexample is 

[49.228155339805824, -50.228155339805824, 51.228155339805824]

sampling time = 4.807 ms


       ########################################         

iteration 17 with 114 examples

2019-05-03-00-10-31   >>>>   Start train ranking function

2019-05-03-00-10-31   >>>>   End train ranking function

train_ranking_functioning time = 1.332 ms


2019-05-03-00-10-31   >>>>   Start verify ranking function

[xr_1 = -20701/411, xr_2 = 21112/411, xr_0 = 20290/411]
ranking function : 0.0018 *  x[0]^1.0 + 0.0044 *  x[1]^1.0 - 0.0546 *  x[2]^1.0 + 0.6686 * 1; 0.0178 *  x[0]^1.0 - 0.0239 *  x[1]^1.0 - 0.034 *  x[2]^1.0 + 0.6745 * 1; 0.0986 *  x[0]^1.0 - 0.15 *  x[1]^1.0 - 0.0583 *  x[2]^1.0 + 0.7074 * 1; 0.1126 *  x[0]^1.0 + 0.0192 *  x[1]^1.0 - 0.0015 *  x[2]^1.0 + 0.745 * 1; 0.2007 *  x[0]^1.0 + 0.0683 *  x[1]^1.0 - 0.0007 *  x[2]^1.0 + 0.8117 * 1

2019-05-03-00-10-31   >>>>   End verify ranking function

verifying time = 15.088 ms


Not Found Ranking Fcuntion

Conterexample is 

[49.367396593673966, -50.367396593673966, 51.367396593673966]

sampling time = 4.841 ms


       ########################################         

iteration 18 with 120 examples

2019-05-03-00-10-31   >>>>   Start train ranking function

2019-05-03-00-10-31   >>>>   End train ranking function

train_ranking_functioning time = 1.374 ms


2019-05-03-00-10-31   >>>>   Start verify ranking function

[xr_1 = -10297/178, xr_2 = 10475/178, xr_0 = 10119/178]
ranking function : 0.0017 *  x[0]^1.0 + 0.0046 *  x[1]^1.0 - 0.0545 *  x[2]^1.0 + 0.6686 * 1; 0.0171 *  x[0]^1.0 - 0.0229 *  x[1]^1.0 - 0.0338 *  x[2]^1.0 + 0.6743 * 1; 0.095 *  x[0]^1.0 - 0.1444 *  x[1]^1.0 - 0.057 *  x[2]^1.0 + 0.706 * 1; 0.1132 *  x[0]^1.0 + 0.0092 *  x[1]^1.0 - 0.005 *  x[2]^1.0 + 0.7437 * 1; 0.1983 *  x[0]^1.0 + 0.0656 *  x[1]^1.0 + 0.0005 *  x[2]^1.0 + 0.8099 * 1

2019-05-03-00-10-31   >>>>   End verify ranking function

verifying time = 15.116 ms


Not Found Ranking Fcuntion

Conterexample is 

[56.848314606741575, -57.848314606741575, 58.848314606741575]

sampling time = 4.896 ms


       ########################################         

iteration 19 with 126 examples

2019-05-03-00-10-31   >>>>   Start train ranking function
