------Using Template 0 -----------
3 [3]
*****************************************************

2019-05-03-00-20-15   >>>>   End sampling point

sampling time = 10.832 ms,


       ########################################         

iteration 0 with 10 examples

2019-05-03-00-20-15   >>>>   Start train ranking function

2019-05-03-00-20-15   >>>>   End train ranking function

train_ranking_functioning time = 0.503 ms


2019-05-03-00-20-15   >>>>   Start verify ranking function

ranking function :  - 0.1855 *  x[0]^1.0 - 0.2758 *  x[1]^1.0 + 1.2549 * 1

2019-05-03-00-20-15   >>>>   End verify ranking function

verifying time = 7.570 ms


Not Found Ranking Fcuntion

Conterexample is 

[-1, 8.84844089920232]

sampling time = 0.730 ms


       ########################################         

iteration 1 with 12 examples

2019-05-03-00-20-15   >>>>   Start train ranking function

2019-05-03-00-20-15   >>>>   End train ranking function

train_ranking_functioning time = 0.410 ms


2019-05-03-00-20-15   >>>>   Start verify ranking function

ranking function : 0.4416 *  x[0]^1.0 - 0.0225 *  x[1]^1.0 + 1.4237 * 1

2019-05-03-00-20-15   >>>>   End verify ranking function

verifying time = 7.620 ms


Not Found Ranking Fcuntion

Conterexample is 

[-1, 88.09333333333333]

sampling time = 0.718 ms


       ########################################         

iteration 2 with 14 examples

2019-05-03-00-20-15   >>>>   Start train ranking function

2019-05-03-00-20-15   >>>>   End train ranking function

train_ranking_functioning time = 0.726 ms


2019-05-03-00-20-15   >>>>   Start verify ranking function

[xr_1 = 11683/12, xr_0 = -1]
ranking function : 0.5023 *  x[0]^1.0 + 0.0009 *  x[1]^1.0 + 1.4108 * 1

2019-05-03-00-20-15   >>>>   End verify ranking function

verifying time = 6.874 ms


Not Found Ranking Fcuntion

Conterexample is 

[-1, 973.5833333333334]

sampling time = 0.715 ms


       ########################################         

iteration 3 with 16 examples

2019-05-03-00-20-15   >>>>   Start train ranking function

2019-05-03-00-20-15   >>>>   End train ranking function

train_ranking_functioning time = 0.795 ms


2019-05-03-00-20-15   >>>>   Start verify ranking function

ranking function : 0.5299 *  x[0]^1.0 - 0.0004 *  x[1]^1.0 + 1.4439 * 1

2019-05-03-00-20-15   >>>>   End verify ranking function

verifying time = 7.521 ms


Not Found Ranking Fcuntion

Conterexample is 

[-1, 4785]

sampling time = 0.725 ms


       ########################################         

iteration 4 with 18 examples

2019-05-03-00-20-15   >>>>   Start train ranking function

2019-05-03-00-20-15   >>>>   End train ranking function

train_ranking_functioning time = 0.729 ms


2019-05-03-00-20-15   >>>>   Start verify ranking function

[xr_1 = 11669/4, xr_0 = -1]
ranking function : 0.5009 *  x[0]^1.0 + 0.0003 *  x[1]^1.0 + 1.4104 * 1

2019-05-03-00-20-15   >>>>   End verify ranking function

verifying time = 6.780 ms


Not Found Ranking Fcuntion

Conterexample is 

[-1, 2917.25]

sampling time = 0.730 ms


       ########################################         

iteration 5 with 20 examples

2019-05-03-00-20-15   >>>>   Start train ranking function

2019-05-03-00-20-15   >>>>   End train ranking function

train_ranking_functioning time = 0.803 ms


2019-05-03-00-20-15   >>>>   Start verify ranking function

ranking function : 0.5317 *  x[0]^1.0 - 0.0004 *  x[1]^1.0 + 1.4446 * 1

2019-05-03-00-20-15   >>>>   End verify ranking function

verifying time = 7.561 ms


Not Found Ranking Fcuntion

Conterexample is 

[-1, 4782.25]

sampling time = 0.726 ms


       ########################################         

iteration 6 with 22 examples

2019-05-03-00-20-15   >>>>   Start train ranking function

2019-05-03-00-20-15   >>>>   End train ranking function

train_ranking_functioning time = 0.895 ms


2019-05-03-00-20-15   >>>>   Start verify ranking function

ranking function : 0.5319 *  x[0]^1.0 + 1.4439 * 1

2019-05-03-00-20-15   >>>>   End verify ranking function

verifying time = 7.470 ms


Not Found Ranking Fcuntion

Conterexample is 

[-3.7146080090242526, 4.714608009024253]

sampling time = 0.722 ms


       ########################################         

iteration 7 with 24 examples

2019-05-03-00-20-15   >>>>   Start train ranking function

2019-05-03-00-20-15   >>>>   End train ranking function

train_ranking_functioning time = 0.756 ms


2019-05-03-00-20-15   >>>>   Start verify ranking function

ranking function : 0.3548 *  x[0]^1.0 - 0.0019 *  x[1]^1.0 + 1.5619 * 1

2019-05-03-00-20-15   >>>>   End verify ranking function

verifying time = 7.626 ms


Not Found Ranking Fcuntion

Conterexample is 

[-1, 1161.6315789473683]

sampling time = 0.722 ms


       ########################################         

iteration 8 with 26 examples

2019-05-03-00-20-15   >>>>   Start train ranking function

2019-05-03-00-20-15   >>>>   End train ranking function

train_ranking_functioning time = 0.800 ms


2019-05-03-00-20-15   >>>>   Start verify ranking function

ranking function : 0.3568 *  x[0]^1.0 + 1.5618 * 1

2019-05-03-00-20-15   >>>>   End verify ranking function

verifying time = 7.526 ms


Not Found Ranking Fcuntion

Conterexample is 

[-5.377242152466367, 6.377242152466367]

sampling time = 0.812 ms


       ########################################         

iteration 9 with 28 examples

2019-05-03-00-20-15   >>>>   Start train ranking function

2019-05-03-00-20-15   >>>>   End train ranking function

train_ranking_functioning time = 0.825 ms


2019-05-03-00-20-15   >>>>   Start verify ranking function

ranking function : 0.2551 *  x[0]^1.0 - 0.0012 *  x[1]^1.0 + 1.7334 * 1

2019-05-03-00-20-15   >>>>   End verify ranking function

verifying time = 7.934 ms


Not Found Ranking Fcuntion

Conterexample is 

[-1, 2065.25]

sampling time = 0.740 ms


       ########################################         

iteration 10 with 30 examples

2019-05-03-00-20-15   >>>>   Start train ranking function

2019-05-03-00-20-15   >>>>   End train ranking function

train_ranking_functioning time = 0.860 ms


2019-05-03-00-20-15   >>>>   Start verify ranking function

ranking function : 0.257 *  x[0]^1.0 - 0.008 *  x[1]^1.0 + 1.7355 * 1

2019-05-03-00-20-15   >>>>   End verify ranking function

verifying time = 7.662 ms


Not Found Ranking Fcuntion

Conterexample is 

[-1, 309.8125]

sampling time = 0.718 ms


       ########################################         

iteration 11 with 32 examples

2019-05-03-00-20-15   >>>>   Start train ranking function

2019-05-03-00-20-15   >>>>   End train ranking function

train_ranking_functioning time = 0.861 ms


2019-05-03-00-20-15   >>>>   Start verify ranking function

ranking function : 0.2576 *  x[0]^1.0 - 0.0005 *  x[1]^1.0 + 1.7408 * 1

2019-05-03-00-20-15   >>>>   End verify ranking function

verifying time = 7.650 ms


Not Found Ranking Fcuntion

Conterexample is 

[-1, 4966.4]

sampling time = 0.721 ms


       ########################################         

iteration 12 with 34 examples

2019-05-03-00-20-15   >>>>   Start train ranking function

2019-05-03-00-20-15   >>>>   End train ranking function

train_ranking_functioning time = 0.936 ms


2019-05-03-00-20-15   >>>>   Start verify ranking function

ranking function : 0.2574 *  x[0]^1.0 - 0.0076 *  x[1]^1.0 + 1.7411 * 1

2019-05-03-00-20-15   >>>>   End verify ranking function

verifying time = 8.077 ms


Not Found Ranking Fcuntion

Conterexample is 

[-1, 326.80263157894734]

sampling time = 0.785 ms


       ########################################         

iteration 13 with 36 examples

2019-05-03-00-20-15   >>>>   Start train ranking function

2019-05-03-00-20-15   >>>>   End train ranking function

train_ranking_functioning time = 1.037 ms


2019-05-03-00-20-15   >>>>   Start verify ranking function

ranking function : 0.2572 *  x[0]^1.0 - 0.0015 *  x[1]^1.0 + 1.7438 * 1

2019-05-03-00-20-15   >>>>   End verify ranking function

verifying time = 7.646 ms


Not Found Ranking Fcuntion

Conterexample is 

[-1, 1657.7333333333333]

sampling time = 0.730 ms


       ########################################         

iteration 14 with 38 examples

2019-05-03-00-20-15   >>>>   Start train ranking function

2019-05-03-00-20-15   >>>>   End train ranking function

train_ranking_functioning time = 1.293 ms


2019-05-03-00-20-15   >>>>   Start verify ranking function

ranking function : 0.2584 *  x[0]^1.0 - 0.0077 *  x[1]^1.0 + 1.7438 * 1

2019-05-03-00-20-15   >>>>   End verify ranking function

verifying time = 8.003 ms


Not Found Ranking Fcuntion

Conterexample is 

[-1, 322.7792207792208]

sampling time = 0.809 ms


       ########################################         

iteration 15 with 40 examples

2019-05-03-00-20-15   >>>>   Start train ranking function

2019-05-03-00-20-15   >>>>   End train ranking function

train_ranking_functioning time = 1.407 ms


2019-05-03-00-20-15   >>>>   Start verify ranking function

ranking function : 0.2581 *  x[0]^1.0 - 0.0004 *  x[1]^1.0 + 1.7439 * 1

2019-05-03-00-20-15   >>>>   End verify ranking function

verifying time = 7.998 ms


Not Found Ranking Fcuntion

Conterexample is 

[-1, 6214.5]

sampling time = 0.771 ms


       ########################################         

iteration 16 with 42 examples

2019-05-03-00-20-15   >>>>   Start train ranking function

2019-05-03-00-20-15   >>>>   End train ranking function

train_ranking_functioning time = 1.096 ms


2019-05-03-00-20-15   >>>>   Start verify ranking function

ranking function : 0.2594 *  x[0]^1.0 - 0.0002 *  x[1]^1.0 + 1.7464 * 1

2019-05-03-00-20-15   >>>>   End verify ranking function

verifying time = 8.056 ms


Not Found Ranking Fcuntion

Conterexample is 

[-1, 12435]

sampling time = 0.728 ms


       ########################################         

iteration 17 with 44 examples

2019-05-03-00-20-15   >>>>   Start train ranking function

2019-05-03-00-20-15   >>>>   End train ranking function

train_ranking_functioning time = 1.182 ms


2019-05-03-00-20-15   >>>>   Start verify ranking function

ranking function : 0.2572 *  x[0]^1.0 - 0.0016 *  x[1]^1.0 + 1.7449 * 1

2019-05-03-00-20-15   >>>>   End verify ranking function

verifying time = 7.621 ms


Not Found Ranking Fcuntion

Conterexample is 

[-1, 1554.8125]

sampling time = 0.727 ms


       ########################################         

iteration 18 with 46 examples

2019-05-03-00-20-15   >>>>   Start train ranking function

2019-05-03-00-20-15   >>>>   End train ranking function

train_ranking_functioning time = 1.227 ms


2019-05-03-00-20-15   >>>>   Start verify ranking function

ranking function : 0.2589 *  x[0]^1.0 - 0.0003 *  x[1]^1.0 + 1.7457 * 1

2019-05-03-00-20-15   >>>>   End verify ranking function

verifying time = 7.508 ms


Not Found Ranking Fcuntion

Conterexample is 

[-1, 8289.333333333334]

sampling time = 0.735 ms


       ########################################         

iteration 19 with 48 examples

2019-05-03-00-20-15   >>>>   Start train ranking function

2019-05-03-00-20-15   >>>>   End train ranking function

train_ranking_functioning time = 1.253 ms


2019-05-03-00-20-15   >>>>   Start verify ranking function

ranking function : 0.2573 *  x[0]^1.0 - 0.0007 *  x[1]^1.0 + 1.7439 * 1

2019-05-03-00-20-15   >>>>   End verify ranking function

verifying time = 7.628 ms


Not Found Ranking Fcuntion

Conterexample is 

[-1, 3552.285714285714]

sampling time = 0.727 ms


       ########################################         

iteration 20 with 50 examples

2019-05-03-00-20-15   >>>>   Start train ranking function

2019-05-03-00-20-15   >>>>   End train ranking function

train_ranking_functioning time = 1.333 ms


2019-05-03-00-20-15   >>>>   Start verify ranking function

ranking function : 0.2584 *  x[0]^1.0 - 0.0003 *  x[1]^1.0 + 1.7443 * 1

2019-05-03-00-20-15   >>>>   End verify ranking function

verifying time = 7.574 ms


Not Found Ranking Fcuntion

Conterexample is 

[-1, 8286.333333333334]

sampling time = 0.730 ms


       ########################################         

iteration 21 with 52 examples

2019-05-03-00-20-15   >>>>   Start train ranking function

2019-05-03-00-20-15   >>>>   End train ranking function

train_ranking_functioning time = 1.365 ms


2019-05-03-00-20-15   >>>>   Start verify ranking function

ranking function : 0.2589 *  x[0]^1.0 - 0.0004 *  x[1]^1.0 + 1.7452 * 1

2019-05-03-00-20-15   >>>>   End verify ranking function

verifying time = 7.688 ms


Not Found Ranking Fcuntion

Conterexample is 

[-1, 6215.75]

sampling time = 0.721 ms


       ########################################         

iteration 22 with 54 examples

2019-05-03-00-20-15   >>>>   Start train ranking function

2019-05-03-00-20-15   >>>>   End train ranking function

train_ranking_functioning time = 1.391 ms


2019-05-03-00-20-15   >>>>   Start verify ranking function

ranking function : 0.258 *  x[0]^1.0 - 0.0001 *  x[1]^1.0 + 1.7443 * 1

2019-05-03-00-20-15   >>>>   End verify ranking function

verifying time = 7.705 ms


Not Found Ranking Fcuntion

Conterexample is 

[-1, 24863]

sampling time = 0.723 ms


       ########################################         

iteration 23 with 56 examples

2019-05-03-00-20-15   >>>>   Start train ranking function

2019-05-03-00-20-15   >>>>   End train ranking function

train_ranking_functioning time = 1.491 ms


2019-05-03-00-20-15   >>>>   Start verify ranking function

ranking function : 0.258 *  x[0]^1.0 - 0.0001 *  x[1]^1.0 + 1.7433 * 1

2019-05-03-00-20-15   >>>>   End verify ranking function

verifying time = 7.617 ms


Not Found Ranking Fcuntion

Conterexample is 

[-1, 24853]

sampling time = 0.719 ms


       ########################################         

iteration 24 with 58 examples

2019-05-03-00-20-15   >>>>   Start train ranking function

2019-05-03-00-20-15   >>>>   End train ranking function

train_ranking_functioning time = 1.622 ms


2019-05-03-00-20-15   >>>>   Start verify ranking function

ranking function : 0.2588 *  x[0]^1.0 - 0.0004 *  x[1]^1.0 + 1.7428 * 1

2019-05-03-00-20-15   >>>>   End verify ranking function

verifying time = 7.599 ms


Not Found Ranking Fcuntion

Conterexample is 

[-1, 6210]

sampling time = 0.722 ms


Failed to prove it is terminated

UNKNOWN
------Using Template 1 -----------
2 [2]
*****************************************************

2019-05-03-00-20-15   >>>>   End sampling point

sampling time = 9.930 ms,


       ########################################         

iteration 0 with 10 examples

2019-05-03-00-20-15   >>>>   Start train ranking function

2019-05-03-00-20-15   >>>>   End train ranking function

train_ranking_functioning time = 0.422 ms


2019-05-03-00-20-15   >>>>   Start verify ranking function

ranking function : 0.2827 *  x[0]^-0.5 *  x[1]^2.0 + 0.0189 *  x[0]^1.0 *  x[1]^3.0

2019-05-03-00-20-15   >>>>   End verify ranking function

verifying time = 20.812 ms


Not Found Ranking Fcuntion

Conterexample is 

[-2, 9]

sampling time = 0.592 ms


       ########################################         

iteration 1 with 12 examples

2019-05-03-00-20-15   >>>>   Start train ranking function

2019-05-03-00-20-15   >>>>   End train ranking function

train_ranking_functioning time = 0.524 ms


2019-05-03-00-20-15   >>>>   Start verify ranking function

ranking function : 0.2779 *  x[0]^-0.5 *  x[1]^2.0 + 0.0186 *  x[0]^1.0 *  x[1]^3.0

2019-05-03-00-20-15   >>>>   End verify ranking function

verifying time = 20.684 ms


Not Found Ranking Fcuntion

Conterexample is 

[-2, 9]

sampling time = 0.592 ms


       ########################################         

iteration 2 with 14 examples

2019-05-03-00-20-15   >>>>   Start train ranking function

2019-05-03-00-20-15   >>>>   End train ranking function

train_ranking_functioning time = 0.624 ms


2019-05-03-00-20-15   >>>>   Start verify ranking function

[xr_0 = -129/128, xr_1 = 9/4]
ranking function : 0.2775 *  x[0]^-0.5 *  x[1]^2.0 + 0.0147 *  x[0]^1.0 *  x[1]^3.0

2019-05-03-00-20-15   >>>>   End verify ranking function

verifying time = 14.357 ms


Not Found Ranking Fcuntion

Conterexample is 

[-1.0078125, 2.25]

sampling time = 0.593 ms


       ########################################         

iteration 3 with 16 examples

2019-05-03-00-20-15   >>>>   Start train ranking function

2019-05-03-00-20-15   >>>>   End train ranking function

train_ranking_functioning time = 0.576 ms


2019-05-03-00-20-15   >>>>   Start verify ranking function

[xr_0 = -257/256, xr_1 = 9/4]
ranking function : 0.2784 *  x[0]^-0.5 *  x[1]^2.0 + 0.0148 *  x[0]^1.0 *  x[1]^3.0

2019-05-03-00-20-15   >>>>   End verify ranking function

verifying time = 15.380 ms


Not Found Ranking Fcuntion

Conterexample is 

[-1.00390625, 2.25]

sampling time = 0.597 ms


       ########################################         

iteration 4 with 18 examples

2019-05-03-00-20-15   >>>>   Start train ranking function

2019-05-03-00-20-15   >>>>   End train ranking function

train_ranking_functioning time = 0.666 ms


2019-05-03-00-20-15   >>>>   Start verify ranking function

[xr_0 = -129/128, xr_1 = 33/16]
ranking function : 0.2766 *  x[0]^-0.5 *  x[1]^2.0 + 0.016 *  x[0]^1.0 *  x[1]^3.0

2019-05-03-00-20-15   >>>>   End verify ranking function

verifying time = 14.333 ms


Not Found Ranking Fcuntion

Conterexample is 

[-1.0078125, 2.0625]

sampling time = 0.637 ms


       ########################################         

iteration 5 with 20 examples

2019-05-03-00-20-15   >>>>   Start train ranking function

2019-05-03-00-20-15   >>>>   End train ranking function

train_ranking_functioning time = 0.588 ms


2019-05-03-00-20-15   >>>>   Start verify ranking function

ranking function : 0.2799 *  x[0]^-0.5 *  x[1]^2.0 + 0.0179 *  x[0]^1.0 *  x[1]^3.0

2019-05-03-00-20-15   >>>>   End verify ranking function

verifying time = 20.554 ms


Not Found Ranking Fcuntion

Conterexample is 

[-2, 9]

sampling time = 0.589 ms


       ########################################         

iteration 6 with 22 examples

2019-05-03-00-20-15   >>>>   Start train ranking function

2019-05-03-00-20-15   >>>>   End train ranking function

train_ranking_functioning time = 0.650 ms


2019-05-03-00-20-15   >>>>   Start verify ranking function

ranking function : 0.2794 *  x[0]^-0.5 *  x[1]^2.0 + 0.0174 *  x[0]^1.0 *  x[1]^3.0

2019-05-03-00-20-15   >>>>   End verify ranking function

verifying time = 20.504 ms


Not Found Ranking Fcuntion

Conterexample is 

[-2, 10]

sampling time = 0.591 ms


       ########################################         

iteration 7 with 24 examples

2019-05-03-00-20-15   >>>>   Start train ranking function

2019-05-03-00-20-15   >>>>   End train ranking function

train_ranking_functioning time = 0.678 ms


2019-05-03-00-20-15   >>>>   Start verify ranking function

[xr_0 = -257/256, xr_1 = 9/4]
ranking function : 0.2769 *  x[0]^-0.5 *  x[1]^2.0 + 0.0147 *  x[0]^1.0 *  x[1]^3.0

2019-05-03-00-20-15   >>>>   End verify ranking function

verifying time = 14.054 ms


Not Found Ranking Fcuntion

Conterexample is 

[-1.00390625, 2.25]

sampling time = 0.602 ms


       ########################################         

iteration 8 with 26 examples

2019-05-03-00-20-15   >>>>   Start train ranking function

2019-05-03-00-20-15   >>>>   End train ranking function

train_ranking_functioning time = 0.789 ms


2019-05-03-00-20-15   >>>>   Start verify ranking function

[xr_0 = -129/128, xr_1 = 33/16]
ranking function : 0.2738 *  x[0]^-0.5 *  x[1]^2.0 + 0.0158 *  x[0]^1.0 *  x[1]^3.0

2019-05-03-00-20-15   >>>>   End verify ranking function

verifying time = 14.013 ms


Not Found Ranking Fcuntion

Conterexample is 

[-1.0078125, 2.0625]

sampling time = 0.600 ms


       ########################################         

iteration 9 with 28 examples

2019-05-03-00-20-15   >>>>   Start train ranking function

2019-05-03-00-20-15   >>>>   End train ranking function

train_ranking_functioning time = 0.724 ms


2019-05-03-00-20-15   >>>>   Start verify ranking function

ranking function : 0.2795 *  x[0]^-0.5 *  x[1]^2.0 + 0.0187 *  x[0]^1.0 *  x[1]^3.0

2019-05-03-00-20-15   >>>>   End verify ranking function

verifying time = 20.719 ms


Not Found Ranking Fcuntion

Conterexample is 

[-2, 9]

sampling time = 0.590 ms


       ########################################         

iteration 10 with 30 examples

2019-05-03-00-20-15   >>>>   Start train ranking function

2019-05-03-00-20-15   >>>>   End train ranking function

train_ranking_functioning time = 0.867 ms


2019-05-03-00-20-15   >>>>   Start verify ranking function

[xr_0 = -129/128, xr_1 = 9/4]
ranking function : 0.2773 *  x[0]^-0.5 *  x[1]^2.0 + 0.0147 *  x[0]^1.0 *  x[1]^3.0

2019-05-03-00-20-15   >>>>   End verify ranking function

verifying time = 13.815 ms


Not Found Ranking Fcuntion

Conterexample is 

[-1.0078125, 2.25]

sampling time = 0.600 ms


       ########################################         

iteration 11 with 32 examples

2019-05-03-00-20-15   >>>>   Start train ranking function

2019-05-03-00-20-15   >>>>   End train ranking function

train_ranking_functioning time = 0.882 ms


2019-05-03-00-20-15   >>>>   Start verify ranking function

[xr_0 = -257/256, xr_1 = 33/16]
ranking function : 0.2759 *  x[0]^-0.5 *  x[1]^2.0 + 0.016 *  x[0]^1.0 *  x[1]^3.0

2019-05-03-00-20-15   >>>>   End verify ranking function

verifying time = 14.043 ms


Not Found Ranking Fcuntion

Conterexample is 

[-1.00390625, 2.0625]

sampling time = 0.609 ms


       ########################################         

iteration 12 with 34 examples

2019-05-03-00-20-15   >>>>   Start train ranking function

2019-05-03-00-20-15   >>>>   End train ranking function

train_ranking_functioning time = 0.799 ms


2019-05-03-00-20-15   >>>>   Start verify ranking function

ranking function : 0.2756 *  x[0]^-0.5 *  x[1]^2.0 + 0.0177 *  x[0]^1.0 *  x[1]^3.0

2019-05-03-00-20-15   >>>>   End verify ranking function

verifying time = 20.594 ms


Not Found Ranking Fcuntion

Conterexample is 

[-2, 9]

sampling time = 0.590 ms


       ########################################         

iteration 13 with 36 examples

2019-05-03-00-20-15   >>>>   Start train ranking function

2019-05-03-00-20-15   >>>>   End train ranking function

train_ranking_functioning time = 0.955 ms


2019-05-03-00-20-15   >>>>   Start verify ranking function

[xr_0 = -129/128, xr_1 = 9/4]
ranking function : 0.2754 *  x[0]^-0.5 *  x[1]^2.0 + 0.0146 *  x[0]^1.0 *  x[1]^3.0

2019-05-03-00-20-15   >>>>   End verify ranking function

verifying time = 13.904 ms


Not Found Ranking Fcuntion

Conterexample is 

[-1.0078125, 2.25]

sampling time = 0.607 ms


       ########################################         

iteration 14 with 38 examples

2019-05-03-00-20-15   >>>>   Start train ranking function

2019-05-03-00-20-15   >>>>   End train ranking function

train_ranking_functioning time = 0.974 ms


2019-05-03-00-20-15   >>>>   Start verify ranking function

[xr_0 = -257/256, xr_1 = 65/32]
ranking function : 0.2767 *  x[0]^-0.5 *  x[1]^2.0 + 0.0163 *  x[0]^1.0 *  x[1]^3.0

2019-05-03-00-20-15   >>>>   End verify ranking function

verifying time = 13.862 ms


Not Found Ranking Fcuntion

Conterexample is 

[-1.00390625, 2.03125]

sampling time = 0.596 ms


       ########################################         

iteration 15 with 40 examples

2019-05-03-00-20-15   >>>>   Start train ranking function

2019-05-03-00-20-15   >>>>   End train ranking function

train_ranking_functioning time = 0.972 ms


2019-05-03-00-20-15   >>>>   Start verify ranking function

[xr_0 = -129/128, xr_1 = 9/4]
ranking function : 0.2776 *  x[0]^-0.5 *  x[1]^2.0 + 0.0147 *  x[0]^1.0 *  x[1]^3.0

2019-05-03-00-20-15   >>>>   End verify ranking function

verifying time = 13.964 ms


Not Found Ranking Fcuntion

Conterexample is 

[-1.0078125, 2.25]

sampling time = 0.604 ms


       ########################################         

iteration 16 with 42 examples

2019-05-03-00-20-15   >>>>   Start train ranking function

2019-05-03-00-20-15   >>>>   End train ranking function

train_ranking_functioning time = 1.004 ms


2019-05-03-00-20-15   >>>>   Start verify ranking function

[xr_0 = -129/128, xr_1 = 9/4]
ranking function : 0.276 *  x[0]^-0.5 *  x[1]^2.0 + 0.0146 *  x[0]^1.0 *  x[1]^3.0

2019-05-03-00-20-15   >>>>   End verify ranking function

verifying time = 14.004 ms


Not Found Ranking Fcuntion

Conterexample is 

[-1.0078125, 2.25]

sampling time = 0.603 ms


       ########################################         

iteration 17 with 44 examples

2019-05-03-00-20-15   >>>>   Start train ranking function

2019-05-03-00-20-15   >>>>   End train ranking function

train_ranking_functioning time = 1.169 ms


2019-05-03-00-20-15   >>>>   Start verify ranking function

ranking function : 0.2768 *  x[0]^-0.5 *  x[1]^2.0 + 0.0181 *  x[0]^1.0 *  x[1]^3.0

2019-05-03-00-20-15   >>>>   End verify ranking function

verifying time = 21.901 ms


Not Found Ranking Fcuntion

Conterexample is 

[-2, 9]

sampling time = 0.592 ms


       ########################################         

iteration 18 with 46 examples

2019-05-03-00-20-15   >>>>   Start train ranking function

2019-05-03-00-20-15   >>>>   End train ranking function

train_ranking_functioning time = 1.172 ms


2019-05-03-00-20-15   >>>>   Start verify ranking function

ranking function : 0.2732 *  x[0]^-0.5 *  x[1]^2.0 + 0.0175 *  x[0]^1.0 *  x[1]^3.0

2019-05-03-00-20-15   >>>>   End verify ranking function

verifying time = 20.883 ms


Not Found Ranking Fcuntion

Conterexample is 

[-2, 9]

sampling time = 0.592 ms


       ########################################         

iteration 19 with 48 examples

2019-05-03-00-20-15   >>>>   Start train ranking function

2019-05-03-00-20-15   >>>>   End train ranking function

train_ranking_functioning time = 1.148 ms


2019-05-03-00-20-15   >>>>   Start verify ranking function

ranking function : 0.2754 *  x[0]^-0.5 *  x[1]^2.0 + 0.0184 *  x[0]^1.0 *  x[1]^3.0

2019-05-03-00-20-15   >>>>   End verify ranking function

verifying time = 20.504 ms


Not Found Ranking Fcuntion

Conterexample is 

[-2, 9]

sampling time = 0.589 ms


       ########################################         

iteration 20 with 50 examples

2019-05-03-00-20-15   >>>>   Start train ranking function

2019-05-03-00-20-15   >>>>   End train ranking function

train_ranking_functioning time = 1.267 ms


2019-05-03-00-20-15   >>>>   Start verify ranking function

[xr_0 = -513/512, xr_1 = 33/16]
ranking function : 0.2749 *  x[0]^-0.5 *  x[1]^2.0 + 0.016 *  x[0]^1.0 *  x[1]^3.0

2019-05-03-00-20-15   >>>>   End verify ranking function

verifying time = 13.889 ms


Not Found Ranking Fcuntion

Conterexample is 

[-1.001953125, 2.0625]

sampling time = 0.607 ms


       ########################################         

iteration 21 with 52 examples

2019-05-03-00-20-15   >>>>   Start train ranking function

2019-05-03-00-20-15   >>>>   End train ranking function

train_ranking_functioning time = 1.237 ms


2019-05-03-00-20-15   >>>>   Start verify ranking function

ranking function : 0.2753 *  x[0]^-0.5 *  x[1]^2.0 + 0.0184 *  x[0]^1.0 *  x[1]^3.0

2019-05-03-00-20-15   >>>>   End verify ranking function

verifying time = 20.952 ms


Not Found Ranking Fcuntion

Conterexample is 

[-2, 9]

sampling time = 0.623 ms


       ########################################         

iteration 22 with 54 examples

2019-05-03-00-20-15   >>>>   Start train ranking function

2019-05-03-00-20-15   >>>>   End train ranking function

train_ranking_functioning time = 1.340 ms


2019-05-03-00-20-15   >>>>   Start verify ranking function

ranking function : 0.2767 *  x[0]^-0.5 *  x[1]^2.0 + 0.0178 *  x[0]^1.0 *  x[1]^3.0

2019-05-03-00-20-15   >>>>   End verify ranking function

verifying time = 20.685 ms


Not Found Ranking Fcuntion

Conterexample is 

[-2, 9]

sampling time = 0.600 ms


       ########################################         

iteration 23 with 56 examples

2019-05-03-00-20-15   >>>>   Start train ranking function

2019-05-03-00-20-15   >>>>   End train ranking function

train_ranking_functioning time = 1.484 ms


2019-05-03-00-20-15   >>>>   Start verify ranking function

[xr_0 = -257/256, xr_1 = 9/4]
ranking function : 0.2749 *  x[0]^-0.5 *  x[1]^2.0 + 0.0146 *  x[0]^1.0 *  x[1]^3.0

2019-05-03-00-20-15   >>>>   End verify ranking function

verifying time = 13.961 ms


Not Found Ranking Fcuntion

Conterexample is 

[-1.00390625, 2.25]

sampling time = 0.595 ms


       ########################################         

iteration 24 with 58 examples

2019-05-03-00-20-15   >>>>   Start train ranking function

2019-05-03-00-20-15   >>>>   End train ranking function

train_ranking_functioning time = 1.478 ms


2019-05-03-00-20-15   >>>>   Start verify ranking function

[xr_0 = -129/128, xr_1 = 65/32]
ranking function : 0.2763 *  x[0]^-0.5 *  x[1]^2.0 + 0.0162 *  x[0]^1.0 *  x[1]^3.0

2019-05-03-00-20-15   >>>>   End verify ranking function

verifying time = 14.110 ms


Not Found Ranking Fcuntion

Conterexample is 

[-1.0078125, 2.03125]

sampling time = 0.589 ms


Failed to prove it is terminated

UNKNOWN
------Using Template 2 -----------
9 [3, 3, 3]
*****************************************************

2019-05-03-00-20-16   >>>>   End sampling point

sampling time = 18.477 ms,


       ########################################         

iteration 0 with 20 examples

2019-05-03-00-20-16   >>>>   Start train ranking function

2019-05-03-00-20-16   >>>>   End train ranking function

train_ranking_functioning time = 0.538 ms


2019-05-03-00-20-16   >>>>   Start verify ranking function

[xr_1 = 39857/729, xr_0 = -39128/729]
ranking function :  - 0.0221 *  x[0]^1.0 - 0.2432 *  x[1]^1.0 + 0.7787 * 1;  - 0.0853 *  x[0]^1.0 - 0.1883 *  x[1]^1.0 + 0.8543 * 1;  - 0.1499 *  x[0]^1.0 - 0.1457 *  x[1]^1.0 + 1.0305 * 1

2019-05-03-00-20-16   >>>>   End verify ranking function

verifying time = 11.920 ms


Not Found Ranking Fcuntion

Conterexample is 

[-53.67352537722908, 54.67352537722908]

sampling time = 2.060 ms


       ########################################         

iteration 1 with 24 examples

2019-05-03-00-20-16   >>>>   Start train ranking function

2019-05-03-00-20-16   >>>>   End train ranking function

train_ranking_functioning time = 0.914 ms


2019-05-03-00-20-16   >>>>   Start verify ranking function

[xr_1 = 39175/167, xr_0 = -39008/167]
ranking function :  - 0.0336 *  x[0]^1.0 - 0.2468 *  x[1]^1.0 + 0.7838 * 1;  - 0.1397 *  x[0]^1.0 - 0.2072 *  x[1]^1.0 + 0.8422 * 1;  - 0.146 *  x[0]^1.0 - 0.1439 *  x[1]^1.0 + 1.031 * 1

2019-05-03-00-20-16   >>>>   End verify ranking function

verifying time = 9.383 ms


Not Found Ranking Fcuntion

Conterexample is 

[-233.5808383233533, 234.5808383233533]

sampling time = 2.056 ms


       ########################################         

iteration 2 with 28 examples

2019-05-03-00-20-16   >>>>   Start train ranking function

2019-05-03-00-20-16   >>>>   End train ranking function

train_ranking_functioning time = 1.019 ms


2019-05-03-00-20-16   >>>>   Start verify ranking function

ranking function :  - 0.0471 *  x[0]^1.0 - 0.2516 *  x[1]^1.0 + 0.7808 * 1;  - 0.138 *  x[0]^1.0 - 0.2062 *  x[1]^1.0 + 0.8409 * 1;  - 0.1466 *  x[0]^1.0 - 0.1448 *  x[1]^1.0 + 1.0318 * 1

2019-05-03-00-20-16   >>>>   End verify ranking function

verifying time = 13.091 ms


Not Found Ranking Fcuntion

Conterexample is 

[-1, 15.044198895027625]

sampling time = 2.049 ms


       ########################################         

iteration 3 with 32 examples

2019-05-03-00-20-16   >>>>   Start train ranking function

2019-05-03-00-20-16   >>>>   End train ranking function

train_ranking_functioning time = 1.225 ms


2019-05-03-00-20-16   >>>>   Start verify ranking function

[xr_1 = 47511/4868, xr_0 = -1]
ranking function :  - 0.2898 *  x[0]^1.0 - 0.318 *  x[1]^1.0 + 1.131 * 1;  - 0.0295 *  x[0]^1.0 - 0.0373 *  x[1]^1.0 + 0.93 * 1;  - 0.0178 *  x[0]^1.0 - 0.0173 *  x[1]^1.0 + 0.9752 * 1

2019-05-03-00-20-16   >>>>   End verify ranking function

verifying time = 9.750 ms


Not Found Ranking Fcuntion

Conterexample is 

[-1, 9.759860312243221]

sampling time = 2.036 ms


       ########################################         

iteration 4 with 36 examples

2019-05-03-00-20-16   >>>>   Start train ranking function

2019-05-03-00-20-16   >>>>   End train ranking function

train_ranking_functioning time = 1.276 ms


2019-05-03-00-20-16   >>>>   Start verify ranking function

[xr_1 = 38637/35, xr_0 = -38602/35]
ranking function :  - 0.1263 *  x[0]^1.0 - 0.2316 *  x[1]^1.0 + 0.9309 * 1;  - 0.0855 *  x[0]^1.0 - 0.1159 *  x[1]^1.0 + 0.9745 * 1;  - 0.0487 *  x[0]^1.0 - 0.0497 *  x[1]^1.0 + 1.2756 * 1

2019-05-03-00-20-16   >>>>   End verify ranking function

verifying time = 9.313 ms


Not Found Ranking Fcuntion

Conterexample is 

[-1102.9142857142858, 1103.9142857142858]

sampling time = 2.200 ms


       ########################################         

iteration 5 with 40 examples

2019-05-03-00-20-16   >>>>   Start train ranking function

2019-05-03-00-20-16   >>>>   End train ranking function

train_ranking_functioning time = 1.364 ms


2019-05-03-00-20-16   >>>>   Start verify ranking function

[xr_1 = 19516/97, xr_0 = -1]
ranking function :  - 0.1364 *  x[0]^1.0 - 0.2357 *  x[1]^1.0 + 0.9428 * 1;  - 0.0844 *  x[0]^1.0 - 0.113 *  x[1]^1.0 + 0.973 * 1;  - 0.049 *  x[0]^1.0 - 0.0502 *  x[1]^1.0 + 1.2579 * 1

2019-05-03-00-20-16   >>>>   End verify ranking function

verifying time = 9.872 ms


Not Found Ranking Fcuntion

Conterexample is 

[-1, 201.1958762886598]

sampling time = 2.062 ms


       ########################################         

iteration 6 with 44 examples

2019-05-03-00-20-16   >>>>   Start train ranking function

2019-05-03-00-20-16   >>>>   End train ranking function

train_ranking_functioning time = 1.479 ms


2019-05-03-00-20-16   >>>>   Start verify ranking function

[xr_1 = 40089/526, xr_0 = -1]
ranking function :  - 0.0615 *  x[0]^1.0 - 0.1479 *  x[1]^1.0 + 0.9936 * 1;  - 0.0331 *  x[0]^1.0 - 0.0608 *  x[1]^1.0 + 1.0174 * 1;  - 0.01 *  x[0]^1.0 - 0.0203 *  x[1]^1.0 + 1.038 * 1

2019-05-03-00-20-16   >>>>   End verify ranking function

verifying time = 9.694 ms


Not Found Ranking Fcuntion

Conterexample is 

[-1, 76.2148288973384]

sampling time = 2.070 ms


       ########################################         

iteration 7 with 48 examples

2019-05-03-00-20-16   >>>>   Start train ranking function

2019-05-03-00-20-16   >>>>   End train ranking function

train_ranking_functioning time = 1.692 ms


2019-05-03-00-20-16   >>>>   Start verify ranking function

[xr_1 = 19835/111, xr_0 = -1]
ranking function :  - 0.0456 *  x[0]^1.0 - 0.1353 *  x[1]^1.0 + 0.9833 * 1;  - 0.0296 *  x[0]^1.0 - 0.0621 *  x[1]^1.0 + 1.0356 * 1;  - 0.0127 *  x[0]^1.0 - 0.0235 *  x[1]^1.0 + 1.0785 * 1

2019-05-03-00-20-16   >>>>   End verify ranking function

verifying time = 9.555 ms


Not Found Ranking Fcuntion

Conterexample is 

[-1, 178.6936936936937]

sampling time = 2.057 ms


       ########################################         

iteration 8 with 52 examples

2019-05-03-00-20-16   >>>>   Start train ranking function

2019-05-03-00-20-16   >>>>   End train ranking function

train_ranking_functioning time = 1.789 ms


2019-05-03-00-20-16   >>>>   Start verify ranking function

[xr_1 = 19711/82, xr_0 = -1]
ranking function :  - 0.0261 *  x[0]^1.0 - 0.1006 *  x[1]^1.0 + 0.9688 * 1;  - 0.0152 *  x[0]^1.0 - 0.0462 *  x[1]^1.0 + 1.0265 * 1;  - 0.0074 *  x[0]^1.0 - 0.0077 *  x[1]^1.0 + 1.0636 * 1

2019-05-03-00-20-16   >>>>   End verify ranking function

verifying time = 9.495 ms


Not Found Ranking Fcuntion

Conterexample is 

[-1, 240.3780487804878]

sampling time = 2.047 ms


       ########################################         

iteration 9 with 56 examples

2019-05-03-00-20-16   >>>>   Start train ranking function

2019-05-03-00-20-16   >>>>   End train ranking function

train_ranking_functioning time = 1.980 ms


2019-05-03-00-20-16   >>>>   Start verify ranking function

[xr_1 = 39013/50, xr_0 = -1]
ranking function :  - 0.0087 *  x[0]^1.0 - 0.0817 *  x[1]^1.0 + 0.9659 * 1;  - 0.0153 *  x[0]^1.0 - 0.0396 *  x[1]^1.0 + 1.0357 * 1;  - 0.0055 *  x[0]^1.0 - 0.0106 *  x[1]^1.0 + 1.0251 * 1

2019-05-03-00-20-16   >>>>   End verify ranking function

verifying time = 9.355 ms


Not Found Ranking Fcuntion

Conterexample is 

[-1, 780.26]

sampling time = 2.026 ms


       ########################################         

iteration 10 with 60 examples

2019-05-03-00-20-16   >>>>   Start train ranking function

2019-05-03-00-20-16   >>>>   End train ranking function

train_ranking_functioning time = 2.145 ms


2019-05-03-00-20-16   >>>>   Start verify ranking function

[xr_1 = 19527/47, xr_0 = -1]
ranking function : 0.0003 *  x[0]^1.0 - 0.0713 *  x[1]^1.0 + 0.9657 * 1;  - 0.0078 *  x[0]^1.0 - 0.0333 *  x[1]^1.0 + 1.0149 * 1; 0.0006 *  x[0]^1.0 - 0.0059 *  x[1]^1.0 + 1.0093 * 1

2019-05-03-00-20-16   >>>>   End verify ranking function

verifying time = 9.431 ms


Not Found Ranking Fcuntion

Conterexample is 

[-1, 415.468085106383]

sampling time = 2.035 ms


       ########################################         

iteration 11 with 64 examples

2019-05-03-00-20-16   >>>>   Start train ranking function

2019-05-03-00-20-16   >>>>   End train ranking function

train_ranking_functioning time = 2.187 ms


2019-05-03-00-20-16   >>>>   Start verify ranking function

[xr_1 = 39217/74, xr_0 = -1]
ranking function : 0.0122 *  x[0]^1.0 - 0.0561 *  x[1]^1.0 + 0.9658 * 1; 0.0055 *  x[0]^1.0 - 0.0262 *  x[1]^1.0 + 1.0104 * 1; 0.0004 *  x[0]^1.0 - 0.0071 *  x[1]^1.0 + 1.0084 * 1

2019-05-03-00-20-16   >>>>   End verify ranking function

verifying time = 9.330 ms


Not Found Ranking Fcuntion

Conterexample is 

[-1, 529.9594594594595]

sampling time = 2.076 ms


       ########################################         

iteration 12 with 68 examples

2019-05-03-00-20-16   >>>>   Start train ranking function

2019-05-03-00-20-16   >>>>   End train ranking function

train_ranking_functioning time = 2.333 ms


2019-05-03-00-20-16   >>>>   Start verify ranking function

[xr_1 = 2168/19, xr_0 = -1]
ranking function : 0.019 *  x[0]^1.0 - 0.0503 *  x[1]^1.0 + 0.9604 * 1; 0.0072 *  x[0]^1.0 - 0.0166 *  x[1]^1.0 + 0.9992 * 1; 0.0013 *  x[0]^1.0 - 0.0109 *  x[1]^1.0 + 1.0017 * 1

2019-05-03-00-20-16   >>>>   End verify ranking function

verifying time = 9.400 ms


Not Found Ranking Fcuntion

Conterexample is 

[-1, 114.10526315789474]

sampling time = 2.052 ms


       ########################################         

iteration 13 with 72 examples

2019-05-03-00-20-16   >>>>   Start train ranking function

2019-05-03-00-20-16   >>>>   End train ranking function

train_ranking_functioning time = 2.382 ms


2019-05-03-00-20-16   >>>>   Start verify ranking function

[xr_1 = 4940/29, xr_0 = -4911/29]
ranking function : 0.0228 *  x[0]^1.0 - 0.0427 *  x[1]^1.0 + 0.9653 * 1; 0.0074 *  x[0]^1.0 - 0.0214 *  x[1]^1.0 + 1.0026 * 1; 0.002 *  x[0]^1.0 - 0.0076 *  x[1]^1.0 + 1.0023 * 1

2019-05-03-00-20-16   >>>>   End verify ranking function

verifying time = 9.323 ms


Not Found Ranking Fcuntion

Conterexample is 

[-169.3448275862069, 170.3448275862069]

sampling time = 2.059 ms


       ########################################         

iteration 14 with 76 examples

2019-05-03-00-20-16   >>>>   Start train ranking function

2019-05-03-00-20-16   >>>>   End train ranking function

train_ranking_functioning time = 2.576 ms


2019-05-03-00-20-16   >>>>   Start verify ranking function

[xr_1 = 39229/29, xr_0 = -39200/29]
ranking function : 0.0078 *  x[0]^1.0 - 0.0378 *  x[1]^1.0 + 0.9596 * 1; 0.0033 *  x[0]^1.0 - 0.0196 *  x[1]^1.0 + 0.9971 * 1; 0.0003 *  x[0]^1.0 - 0.0098 *  x[1]^1.0 + 1.0006 * 1

2019-05-03-00-20-16   >>>>   End verify ranking function

verifying time = 9.443 ms


Not Found Ranking Fcuntion

Conterexample is 

[-1351.7241379310344, 1352.7241379310344]

sampling time = 2.131 ms


       ########################################         

iteration 15 with 80 examples

2019-05-03-00-20-16   >>>>   Start train ranking function

2019-05-03-00-20-16   >>>>   End train ranking function

train_ranking_functioning time = 2.640 ms


2019-05-03-00-20-16   >>>>   Start verify ranking function

[xr_1 = 39749/388, xr_0 = -1]
ranking function : 0.0017 *  x[0]^1.0 - 0.0395 *  x[1]^1.0 + 0.9545 * 1; 0.0016 *  x[0]^1.0 - 0.0198 *  x[1]^1.0 + 0.995 * 1;  - 0.0033 *  x[0]^1.0 - 0.0002 *  x[1]^1.0 + 0.9988 * 1

2019-05-03-00-20-16   >>>>   End verify ranking function

verifying time = 11.788 ms


Not Found Ranking Fcuntion

Conterexample is 

[-1, 102.44587628865979]

sampling time = 2.041 ms


       ########################################         

iteration 16 with 84 examples

2019-05-03-00-20-16   >>>>   Start train ranking function

2019-05-03-00-20-16   >>>>   End train ranking function

train_ranking_functioning time = 2.741 ms


2019-05-03-00-20-16   >>>>   Start verify ranking function
