------Using Template 0 -----------
3 [3]
*****************************************************

2019-05-03-00-40-13   >>>>   End sampling point

sampling time = 11.627 ms,


       ########################################         

iteration 0 with 12 examples

2019-05-03-00-40-13   >>>>   Start train ranking function

2019-05-03-00-40-13   >>>>   End train ranking function

train_ranking_functioning time = 0.581 ms


2019-05-03-00-40-13   >>>>   Start verify ranking function

ranking function :  - 0.1 *  x[0]^1.0 - 0.1 *  x[1]^1.0 + 1.4 * 1

2019-05-03-00-40-13   >>>>   End verify ranking function

verifying time = 8.079 ms


Not Found Ranking Fcuntion

Conterexample is 

[8, 8]

sampling time = 0.714 ms


       ########################################         

iteration 1 with 14 examples

2019-05-03-00-40-13   >>>>   Start train ranking function

2019-05-03-00-40-13   >>>>   End train ranking function

train_ranking_functioning time = 0.642 ms


2019-05-03-00-40-13   >>>>   Start verify ranking function

ranking function :  - 0.1 *  x[0]^1.0 - 0.1 *  x[1]^1.0 + 1.5 * 1

2019-05-03-00-40-13   >>>>   End verify ranking function

verifying time = 7.910 ms


Not Found Ranking Fcuntion

Conterexample is 

[8, 8]

sampling time = 0.713 ms


       ########################################         

iteration 2 with 16 examples

2019-05-03-00-40-13   >>>>   Start train ranking function

2019-05-03-00-40-13   >>>>   End train ranking function

train_ranking_functioning time = 0.597 ms


2019-05-03-00-40-13   >>>>   Start verify ranking function

ranking function :  - 0.1 *  x[0]^1.0 - 0.1 *  x[1]^1.0 + 1.6 * 1

2019-05-03-00-40-13   >>>>   End verify ranking function

verifying time = 7.896 ms


Not Found Ranking Fcuntion

Conterexample is 

[9, 9]

sampling time = 0.729 ms


       ########################################         

iteration 3 with 18 examples

2019-05-03-00-40-13   >>>>   Start train ranking function

2019-05-03-00-40-13   >>>>   End train ranking function

train_ranking_functioning time = 0.609 ms


2019-05-03-00-40-13   >>>>   Start verify ranking function

ranking function :  - 0.1 *  x[0]^1.0 - 0.1 *  x[1]^1.0 + 1.7 * 1

2019-05-03-00-40-13   >>>>   End verify ranking function

verifying time = 7.850 ms


Not Found Ranking Fcuntion

Conterexample is 

[9, 9]

sampling time = 0.723 ms


       ########################################         

iteration 4 with 20 examples

2019-05-03-00-40-13   >>>>   Start train ranking function

2019-05-03-00-40-13   >>>>   End train ranking function

train_ranking_functioning time = 0.652 ms


2019-05-03-00-40-13   >>>>   Start verify ranking function

ranking function :  - 0.1 *  x[0]^1.0 - 0.1 *  x[1]^1.0 + 1.7 * 1

2019-05-03-00-40-13   >>>>   End verify ranking function

verifying time = 7.962 ms


Not Found Ranking Fcuntion

Conterexample is 

[9, 9]

sampling time = 0.720 ms


       ########################################         

iteration 5 with 22 examples

2019-05-03-00-40-13   >>>>   Start train ranking function

2019-05-03-00-40-13   >>>>   End train ranking function

train_ranking_functioning time = 0.684 ms


2019-05-03-00-40-13   >>>>   Start verify ranking function

ranking function :  - 0.1 *  x[0]^1.0 - 0.1 *  x[1]^1.0 + 1.8 * 1

2019-05-03-00-40-13   >>>>   End verify ranking function

verifying time = 7.941 ms


Not Found Ranking Fcuntion

Conterexample is 

[10, 10]

sampling time = 0.728 ms


       ########################################         

iteration 6 with 24 examples

2019-05-03-00-40-13   >>>>   Start train ranking function

2019-05-03-00-40-13   >>>>   End train ranking function

train_ranking_functioning time = 0.766 ms


2019-05-03-00-40-13   >>>>   Start verify ranking function

ranking function :  - 0.1 *  x[0]^1.0 - 0.1 *  x[1]^1.0 + 1.8 * 1

2019-05-03-00-40-13   >>>>   End verify ranking function

verifying time = 7.968 ms


Not Found Ranking Fcuntion

Conterexample is 

[10, 10]

sampling time = 0.719 ms


       ########################################         

iteration 7 with 26 examples

2019-05-03-00-40-13   >>>>   Start train ranking function

2019-05-03-00-40-13   >>>>   End train ranking function

train_ranking_functioning time = 0.776 ms


2019-05-03-00-40-13   >>>>   Start verify ranking function

ranking function :  - 0.1 *  x[0]^1.0 - 0.1 *  x[1]^1.0 + 1.8 * 1

2019-05-03-00-40-13   >>>>   End verify ranking function

verifying time = 7.928 ms


Not Found Ranking Fcuntion

Conterexample is 

[10, 10]

sampling time = 0.763 ms


       ########################################         

iteration 8 with 28 examples

2019-05-03-00-40-13   >>>>   Start train ranking function

2019-05-03-00-40-13   >>>>   End train ranking function

train_ranking_functioning time = 0.827 ms


2019-05-03-00-40-13   >>>>   Start verify ranking function

ranking function :  - 0.1 *  x[0]^1.0 - 0.1 *  x[1]^1.0 + 1.8 * 1

2019-05-03-00-40-13   >>>>   End verify ranking function

verifying time = 8.021 ms


Not Found Ranking Fcuntion

Conterexample is 

[10, 10]

sampling time = 0.720 ms


       ########################################         

iteration 9 with 30 examples

2019-05-03-00-40-13   >>>>   Start train ranking function

2019-05-03-00-40-13   >>>>   End train ranking function

train_ranking_functioning time = 0.892 ms


2019-05-03-00-40-13   >>>>   Start verify ranking function

[xi_0 = 2, xi_1 = 2]
ranking function : 1.8 * 1

2019-05-03-00-40-13   >>>>   End verify ranking function

verifying time = 7.196 ms


Not Found Ranking Fcuntion

Conterexample is 

[2, 2]

sampling time = 0.732 ms


       ########################################         

iteration 10 with 32 examples

2019-05-03-00-40-13   >>>>   Start train ranking function

2019-05-03-00-40-13   >>>>   End train ranking function

train_ranking_functioning time = 0.840 ms


2019-05-03-00-40-13   >>>>   Start verify ranking function

ranking function :  - 0.1 *  x[0]^1.0 - 0.1 *  x[1]^1.0 + 1.9 * 1

2019-05-03-00-40-13   >>>>   End verify ranking function

verifying time = 7.823 ms


Not Found Ranking Fcuntion

Conterexample is 

[10, 10]

sampling time = 0.720 ms


       ########################################         

iteration 11 with 34 examples

2019-05-03-00-40-13   >>>>   Start train ranking function

2019-05-03-00-40-13   >>>>   End train ranking function

train_ranking_functioning time = 0.864 ms


2019-05-03-00-40-13   >>>>   Start verify ranking function

ranking function :  - 0.1 *  x[0]^1.0 - 0.1 *  x[1]^1.0 + 1.9 * 1

2019-05-03-00-40-13   >>>>   End verify ranking function

verifying time = 7.877 ms


Not Found Ranking Fcuntion

Conterexample is 

[10, 10]

sampling time = 0.712 ms


       ########################################         

iteration 12 with 36 examples

2019-05-03-00-40-13   >>>>   Start train ranking function

2019-05-03-00-40-13   >>>>   End train ranking function

train_ranking_functioning time = 0.939 ms


2019-05-03-00-40-13   >>>>   Start verify ranking function

ranking function :  - 0.1 *  x[0]^1.0 - 0.1 *  x[1]^1.0 + 2.0 * 1

2019-05-03-00-40-13   >>>>   End verify ranking function

verifying time = 7.846 ms


Not Found Ranking Fcuntion

Conterexample is 

[11, 11]

sampling time = 0.730 ms


       ########################################         

iteration 13 with 38 examples

2019-05-03-00-40-13   >>>>   Start train ranking function

2019-05-03-00-40-13   >>>>   End train ranking function

train_ranking_functioning time = 0.950 ms


2019-05-03-00-40-13   >>>>   Start verify ranking function

ranking function :  - 0.1 *  x[0]^1.0 - 0.1 *  x[1]^1.0 + 2.0 * 1

2019-05-03-00-40-13   >>>>   End verify ranking function

verifying time = 7.894 ms


Not Found Ranking Fcuntion

Conterexample is 

[11, 11]

sampling time = 0.718 ms


       ########################################         

iteration 14 with 40 examples

2019-05-03-00-40-13   >>>>   Start train ranking function

2019-05-03-00-40-13   >>>>   End train ranking function

train_ranking_functioning time = 0.983 ms


2019-05-03-00-40-13   >>>>   Start verify ranking function

ranking function :  - 0.1 *  x[0]^1.0 - 0.1 *  x[1]^1.0 + 2.0 * 1

2019-05-03-00-40-13   >>>>   End verify ranking function

verifying time = 7.907 ms


Not Found Ranking Fcuntion

Conterexample is 

[11, 11]

sampling time = 0.894 ms


       ########################################         

iteration 15 with 42 examples

2019-05-03-00-40-13   >>>>   Start train ranking function

2019-05-03-00-40-13   >>>>   End train ranking function

train_ranking_functioning time = 1.045 ms


2019-05-03-00-40-13   >>>>   Start verify ranking function

ranking function :  - 0.1 *  x[0]^1.0 - 0.1 *  x[1]^1.0 + 2.0 * 1

2019-05-03-00-40-13   >>>>   End verify ranking function

verifying time = 8.386 ms


Not Found Ranking Fcuntion

Conterexample is 

[11, 11]

sampling time = 0.810 ms


       ########################################         

iteration 16 with 44 examples

2019-05-03-00-40-13   >>>>   Start train ranking function

2019-05-03-00-40-13   >>>>   End train ranking function

train_ranking_functioning time = 1.082 ms


2019-05-03-00-40-13   >>>>   Start verify ranking function

ranking function :  - 0.1 *  x[0]^1.0 - 0.1 *  x[1]^1.0 + 2.0 * 1

2019-05-03-00-40-13   >>>>   End verify ranking function

verifying time = 8.517 ms


Not Found Ranking Fcuntion

Conterexample is 

[11, 11]

sampling time = 0.756 ms


       ########################################         

iteration 17 with 46 examples

2019-05-03-00-40-13   >>>>   Start train ranking function

5
2019-05-03-00-40-13   >>>>   End train ranking function

train_ranking_functioning time = 1.053 ms


2019-05-03-00-40-13   >>>>   Start verify ranking function

ranking function :  - 0.1 *  x[0]^1.0 - 0.1 *  x[1]^1.0 + 2.0 * 1

2019-05-03-00-40-13   >>>>   End verify ranking function

verifying time = 8.356 ms


Not Found Ranking Fcuntion

Conterexample is 

[11, 11]

sampling time = 0.712 ms


       ########################################         

iteration 18 with 48 examples

2019-05-03-00-40-13   >>>>   Start train ranking function

2019-05-03-00-40-13   >>>>   End train ranking function

train_ranking_functioning time = 1.080 ms


2019-05-03-00-40-13   >>>>   Start verify ranking function

[xi_0 = 2, xi_1 = 2]
ranking function : 2.0 * 1

2019-05-03-00-40-13   >>>>   End verify ranking function

verifying time = 7.074 ms


Not Found Ranking Fcuntion

Conterexample is 

[2, 2]

sampling time = 0.729 ms


       ########################################         

iteration 19 with 50 examples

2019-05-03-00-40-13   >>>>   Start train ranking function

2019-05-03-00-40-13   >>>>   End train ranking function

train_ranking_functioning time = 1.077 ms


2019-05-03-00-40-13   >>>>   Start verify ranking function

[xi_0 = 2, xi_1 = 2]
ranking function : 2.0 * 1

2019-05-03-00-40-13   >>>>   End verify ranking function

verifying time = 6.960 ms


Not Found Ranking Fcuntion

Conterexample is 

[2, 2]

sampling time = 0.722 ms


       ########################################         

iteration 20 with 52 examples

2019-05-03-00-40-13   >>>>   Start train ranking function

2019-05-03-00-40-13   >>>>   End train ranking function

train_ranking_functioning time = 1.107 ms


2019-05-03-00-40-13   >>>>   Start verify ranking function

[xi_0 = 2, xi_1 = 2]
ranking function : 2.0 * 1

2019-05-03-00-40-13   >>>>   End verify ranking function

verifying time = 7.010 ms


Not Found Ranking Fcuntion

Conterexample is 

[2, 2]

sampling time = 0.720 ms


       ########################################         

iteration 21 with 54 examples

2019-05-03-00-40-13   >>>>   Start train ranking function

2019-05-03-00-40-13   >>>>   End train ranking function

train_ranking_functioning time = 1.120 ms


2019-05-03-00-40-13   >>>>   Start verify ranking function

[xi_0 = 2, xi_1 = 2]
ranking function : 2.0 * 1

2019-05-03-00-40-13   >>>>   End verify ranking function

verifying time = 6.975 ms


Not Found Ranking Fcuntion

Conterexample is 

[2, 2]

sampling time = 0.719 ms


       ########################################         

iteration 22 with 56 examples

2019-05-03-00-40-13   >>>>   Start train ranking function

2019-05-03-00-40-13   >>>>   End train ranking function

train_ranking_functioning time = 1.134 ms


2019-05-03-00-40-13   >>>>   Start verify ranking function

[xi_0 = 2, xi_1 = 2]
ranking function : 2.0 * 1

2019-05-03-00-40-13   >>>>   End verify ranking function

verifying time = 7.038 ms


Not Found Ranking Fcuntion

Conterexample is 

[2, 2]

sampling time = 0.725 ms


       ########################################         

iteration 23 with 58 examples

2019-05-03-00-40-13   >>>>   Start train ranking function

5
2019-05-03-00-40-13   >>>>   End train ranking function

train_ranking_functioning time = 1.195 ms


2019-05-03-00-40-13   >>>>   Start verify ranking function

[xi_0 = 2, xi_1 = 2]
ranking function : 2.0 * 1

2019-05-03-00-40-13   >>>>   End verify ranking function

verifying time = 6.957 ms


Not Found Ranking Fcuntion

Conterexample is 

[2, 2]

sampling time = 0.728 ms


       ########################################         

iteration 24 with 60 examples

2019-05-03-00-40-13   >>>>   Start train ranking function

2019-05-03-00-40-13   >>>>   End train ranking function

train_ranking_functioning time = 1.224 ms


2019-05-03-00-40-13   >>>>   Start verify ranking function

ranking function :  - 0.0784 *  x[0]^1.0 - 0.0784 *  x[1]^1.0 + 2.5393 * 1

2019-05-03-00-40-13   >>>>   End verify ranking function

verifying time = 7.872 ms


Not Found Ranking Fcuntion

Conterexample is 

[17, 17]

sampling time = 0.725 ms


Failed to prove it is terminated

UNKNOWN
------Using Template 1 -----------
3 [3]
*****************************************************

2019-05-03-00-40-13   >>>>   End sampling point

sampling time = 11.924 ms,


       ########################################         

iteration 0 with 12 examples

2019-05-03-00-40-13   >>>>   Start train ranking function

2019-05-03-00-40-13   >>>>   End train ranking function

train_ranking_functioning time = 0.311 ms


2019-05-03-00-40-13   >>>>   Start verify ranking function

[xi_1 = 2, xi_0 = 2]
ranking function : 1.6 *  x[0]^-2.0 + 0.7 *  x[0]^-3.0 + 0.7 *  x[0]^-3.0

2019-05-03-00-40-44   >>>>   End verify ranking function

verifying time = 31136.972 ms


Not Found Ranking Fcuntion

Conterexample is 

[2, 2]

sampling time = 0.851 ms


       ########################################         

iteration 1 with 14 examples

2019-05-03-00-40-44   >>>>   Start train ranking function

2019-05-03-00-40-44   >>>>   End train ranking function

train_ranking_functioning time = 0.321 ms


2019-05-03-00-40-44   >>>>   Start verify ranking function

[xi_1 = 2, xi_0 = 2]
ranking function : 1.8 *  x[0]^-2.0 + 0.8 *  x[0]^-3.0 + 0.8 *  x[0]^-3.0

2019-05-03-00-41-02   >>>>   End verify ranking function

verifying time = 17239.157 ms


Not Found Ranking Fcuntion

Conterexample is 

[2, 2]

sampling time = 0.801 ms


       ########################################         

iteration 2 with 16 examples

2019-05-03-00-41-02   >>>>   Start train ranking function

2019-05-03-00-41-02   >>>>   End train ranking function

train_ranking_functioning time = 0.323 ms


2019-05-03-00-41-02   >>>>   Start verify ranking function

[xi_1 = 2, xi_0 = 2]
ranking function : 1.9 *  x[0]^-2.0 + 0.9 *  x[0]^-3.0 + 0.9 *  x[0]^-3.0

2019-05-03-00-41-27   >>>>   End verify ranking function

verifying time = 25427.051 ms


Not Found Ranking Fcuntion

Conterexample is 

[2, 2]

sampling time = 0.809 ms


       ########################################         

iteration 3 with 18 examples

2019-05-03-00-41-27   >>>>   Start train ranking function

2019-05-03-00-41-27   >>>>   End train ranking function

train_ranking_functioning time = 0.331 ms


2019-05-03-00-41-27   >>>>   Start verify ranking function

[xi_1 = 2, xi_0 = 2]
ranking function : 2.0 *  x[0]^-2.0 + 0.9 *  x[0]^-3.0 + 0.9 *  x[0]^-3.0

2019-05-03-00-42-15   >>>>   End verify ranking function

verifying time = 48434.828 ms


Not Found Ranking Fcuntion

Conterexample is 

[2, 2]

sampling time = 0.848 ms


       ########################################         

iteration 4 with 20 examples

2019-05-03-00-42-15   >>>>   Start train ranking function

2019-05-03-00-42-15   >>>>   End train ranking function

train_ranking_functioning time = 0.324 ms

