------Using Template 0 -----------
4 [4]
*****************************************************

2019-05-03-01-05-17   >>>>   End sampling point

sampling time = 105.989 ms,


       ########################################         

iteration 0 with 202 examples

2019-05-03-01-05-17   >>>>   Start train ranking function

2019-05-03-01-05-17   >>>>   End train ranking function

train_ranking_functioning time = 2.857 ms


2019-05-03-01-05-17   >>>>   Start verify ranking function

[xr_1 = -10000000000000000000/8411237113402061854147,
 xr_2 = 0,
 xr_0 = 0]
ranking function : 0.0267 *  x[0]^1.0 + 0.152 *  x[1]^1.0 - 0.1221 *  x[2]^1.0 + 1.1139 * 1

2019-05-03-01-05-17   >>>>   End verify ranking function

verifying time = 8.726 ms


Not Found Ranking Fcuntion

Conterexample is 

[0, -0.001188885756658373, 0]

sampling time = 1.006 ms


       ########################################         

iteration 1 with 204 examples

2019-05-03-01-05-17   >>>>   Start train ranking function

2019-05-03-01-05-17   >>>>   End train ranking function

train_ranking_functioning time = 2.995 ms


2019-05-03-01-05-17   >>>>   Start verify ranking function

[xr_1 = 0,
 xr_2 = 0,
 xr_0 = 250000000000000000/319791920103092782733]
ranking function : 0.0085 *  x[0]^1.0 + 0.1527 *  x[1]^1.0 - 0.1238 *  x[2]^1.0 + 1.1137 * 1

2019-05-03-01-05-17   >>>>   End verify ranking function

verifying time = 8.637 ms


Not Found Ranking Fcuntion

Conterexample is 

[0.0007817583381074993, 0, 0]

sampling time = 1.025 ms


       ########################################         

iteration 2 with 206 examples

2019-05-03-01-05-17   >>>>   Start train ranking function

2019-05-03-01-05-17   >>>>   End train ranking function

train_ranking_functioning time = 3.077 ms


2019-05-03-01-05-17   >>>>   Start verify ranking function

[xr_1 = -10000000000000000000/9410360824742268039719,
 xr_2 = 0,
 xr_0 = 0]
ranking function : 0.0156 *  x[0]^1.0 + 0.152 *  x[1]^1.0 - 0.1217 *  x[2]^1.0 + 1.1203 * 1

2019-05-03-01-05-17   >>>>   End verify ranking function

verifying time = 8.666 ms


Not Found Ranking Fcuntion

Conterexample is 

[0, -0.0010626585086628579, 0]

sampling time = 1.173 ms


       ########################################         

iteration 3 with 208 examples

2019-05-03-01-05-17   >>>>   Start train ranking function

2019-05-03-01-05-17   >>>>   End train ranking function

train_ranking_functioning time = 3.224 ms


2019-05-03-01-05-17   >>>>   Start verify ranking function

[xr_1 = 0,
 xr_2 = -1000000000000000000/4375824999999999996633,
 xr_0 = 0]
ranking function : 0.0186 *  x[0]^1.0 + 0.1529 *  x[1]^1.0 - 0.1261 *  x[2]^1.0 + 1.1187 * 1

2019-05-03-01-05-17   >>>>   End verify ranking function

verifying time = 8.731 ms


Not Found Ranking Fcuntion

Conterexample is 

[0, 0, -0.00022852833465689327]

sampling time = 1.016 ms


       ########################################         

iteration 4 with 210 examples

2019-05-03-01-05-17   >>>>   Start train ranking function

2019-05-03-01-05-17   >>>>   End train ranking function

train_ranking_functioning time = 2.931 ms


2019-05-03-01-05-17   >>>>   Start verify ranking function

[xr_1 = 0,
 xr_2 = 0,
 xr_0 = 500000000000000000/764269768041237111859]
ranking function : 0.0203 *  x[0]^1.0 + 0.1573 *  x[1]^1.0 - 0.1237 *  x[2]^1.0 + 1.1164 * 1

2019-05-03-01-05-17   >>>>   End verify ranking function

verifying time = 8.629 ms


Not Found Ranking Fcuntion

Conterexample is 

[0.000654219257267575, 0, 0]

sampling time = 1.027 ms


       ########################################         

iteration 5 with 212 examples

2019-05-03-01-05-17   >>>>   Start train ranking function

2019-05-03-01-05-17   >>>>   End train ranking function

train_ranking_functioning time = 3.080 ms


2019-05-03-01-05-17   >>>>   Start verify ranking function

[xr_1 = 0,
 xr_2 = -1000000000000000000/3514137371134020615163,
 xr_0 = 0]
ranking function : 0.0067 *  x[0]^1.0 + 0.1585 *  x[1]^1.0 - 0.1271 *  x[2]^1.0 + 1.1198 * 1

2019-05-03-01-05-17   >>>>   End verify ranking function

verifying time = 8.707 ms


Not Found Ranking Fcuntion

Conterexample is 

[0, 0, -0.00028456485742823926]

sampling time = 1.015 ms


       ########################################         

iteration 6 with 214 examples

2019-05-03-01-05-17   >>>>   Start train ranking function

2019-05-03-01-05-17   >>>>   End train ranking function

train_ranking_functioning time = 2.907 ms


2019-05-03-01-05-17   >>>>   Start verify ranking function

[xr_1 = 0,
 xr_2 = 0,
 xr_0 = 31250000000000000/55483595360824742167]
ranking function : 0.0321 *  x[0]^1.0 + 0.1484 *  x[1]^1.0 - 0.1296 *  x[2]^1.0 + 1.121 * 1

2019-05-03-01-05-17   >>>>   End verify ranking function

verifying time = 8.643 ms


Not Found Ranking Fcuntion

Conterexample is 

[0.0005632295419352846, 0, 0]

sampling time = 1.028 ms


       ########################################         

iteration 7 with 216 examples

2019-05-03-01-05-17   >>>>   Start train ranking function

2019-05-03-01-05-17   >>>>   End train ranking function

train_ranking_functioning time = 3.200 ms


2019-05-03-01-05-17   >>>>   Start verify ranking function

[xr_1 = -10000000000000000000/9052156701030927833501,
 xr_2 = 0,
 xr_0 = 0]
ranking function : 0.0194 *  x[0]^1.0 + 0.1516 *  x[1]^1.0 - 0.1243 *  x[2]^1.0 + 1.1131 * 1

2019-05-03-01-05-17   >>>>   End verify ranking function

verifying time = 8.613 ms


Not Found Ranking Fcuntion

Conterexample is 

[0, -0.0011047091130074146, 0]

sampling time = 1.019 ms


       ########################################         

iteration 8 with 218 examples

2019-05-03-01-05-17   >>>>   Start train ranking function

2019-05-03-01-05-17   >>>>   End train ranking function

train_ranking_functioning time = 3.073 ms


2019-05-03-01-05-17   >>>>   Start verify ranking function

[xr_1 = 0,
 xr_2 = 0,
 xr_0 = 500000000000000000/766176443298969070567]
ranking function : 0.0205 *  x[0]^1.0 + 0.1514 *  x[1]^1.0 - 0.1281 *  x[2]^1.0 + 1.1138 * 1

2019-05-03-01-05-17   >>>>   End verify ranking function

verifying time = 8.653 ms


Not Found Ranking Fcuntion

Conterexample is 

[0.0006525911940689821, 0, 0]

sampling time = 1.017 ms


       ########################################         

iteration 9 with 220 examples

2019-05-03-01-05-17   >>>>   Start train ranking function

2019-05-03-01-05-17   >>>>   End train ranking function

train_ranking_functioning time = 3.560 ms


2019-05-03-01-05-17   >>>>   Start verify ranking function

[xr_1 = -5000000000000000000/4519264690721649483729,
 xr_2 = 0,
 xr_0 = 0]
ranking function : 0.0224 *  x[0]^1.0 + 0.1583 *  x[1]^1.0 - 0.1294 *  x[2]^1.0 + 1.1136 * 1

2019-05-03-01-05-17   >>>>   End verify ranking function

verifying time = 8.619 ms


Not Found Ranking Fcuntion

Conterexample is 

[0, -0.0011063746742396682, 0]

sampling time = 1.091 ms


       ########################################         

iteration 10 with 222 examples

2019-05-03-01-05-17   >>>>   Start train ranking function

2019-05-03-01-05-17   >>>>   End train ranking function

train_ranking_functioning time = 3.279 ms


2019-05-03-01-05-17   >>>>   Start verify ranking function

[xr_1 = 0,
 xr_2 = 0,
 xr_0 = 500000000000000000/857917319587628864349]
ranking function : 0.0291 *  x[0]^1.0 + 0.1568 *  x[1]^1.0 - 0.1307 *  x[2]^1.0 + 1.1142 * 1

2019-05-03-01-05-17   >>>>   End verify ranking function

verifying time = 8.737 ms


Not Found Ranking Fcuntion

Conterexample is 

[0.0005828067444078791, 0, 0]

sampling time = 1.018 ms


       ########################################         

iteration 11 with 224 examples

2019-05-03-01-05-17   >>>>   Start train ranking function

2019-05-03-01-05-17   >>>>   End train ranking function

train_ranking_functioning time = 3.171 ms


2019-05-03-01-05-17   >>>>   Start verify ranking function

[xr_1 = 0,
 xr_2 = -1000000000000000000/4497812113402061852223,
 xr_0 = 0]
ranking function : 0.0201 *  x[0]^1.0 + 0.1539 *  x[1]^1.0 - 0.1291 *  x[2]^1.0 + 1.1209 * 1

2019-05-03-01-05-17   >>>>   End verify ranking function

verifying time = 8.930 ms


Not Found Ranking Fcuntion

Conterexample is 

[0, 0, -0.0002223303185609544]

sampling time = 1.050 ms


       ########################################         

iteration 12 with 226 examples

2019-05-03-01-05-17   >>>>   Start train ranking function

2019-05-03-01-05-17   >>>>   End train ranking function

train_ranking_functioning time = 3.863 ms


2019-05-03-01-05-17   >>>>   Start verify ranking function

[xr_1 = 0,
 xr_2 = 0,
 xr_0 = 250000000000000000/207598054123711339449]
ranking function :  - 0.0129 *  x[0]^1.0 + 0.1571 *  x[1]^1.0 - 0.1214 *  x[2]^1.0 + 1.1194 * 1

2019-05-03-01-05-17   >>>>   End verify ranking function

verifying time = 9.727 ms


Not Found Ranking Fcuntion

Conterexample is 

[0.001204250208679801, 0, 0]

sampling time = 1.138 ms


       ########################################         

iteration 13 with 228 examples

2019-05-03-01-05-17   >>>>   Start train ranking function

2019-05-03-01-05-17   >>>>   End train ranking function

train_ranking_functioning time = 3.959 ms


2019-05-03-01-05-17   >>>>   Start verify ranking function

[xr_1 = -5000000000000000000/4583231958762886597161,
 xr_2 = 0,
 xr_0 = 0]
ranking function : 0.0183 *  x[0]^1.0 + 0.152 *  x[1]^1.0 - 0.1246 *  x[2]^1.0 + 1.1254 * 1

2019-05-03-01-05-17   >>>>   End verify ranking function

verifying time = 9.389 ms


Not Found Ranking Fcuntion

Conterexample is 

[0, -0.0010909332202661652, 0]

sampling time = 1.059 ms


       ########################################         

iteration 14 with 230 examples

2019-05-03-01-05-17   >>>>   Start train ranking function

2019-05-03-01-05-17   >>>>   End train ranking function

train_ranking_functioning time = 3.837 ms


2019-05-03-01-05-17   >>>>   Start verify ranking function

[xr_1 = -2500000000000000000/2291124097938144329489,
 xr_2 = 0,
 xr_0 = 0]
ranking function : 0.0186 *  x[0]^1.0 + 0.1527 *  x[1]^1.0 - 0.1308 *  x[2]^1.0 + 1.1189 * 1

2019-05-03-01-05-17   >>>>   End verify ranking function

verifying time = 8.666 ms


Not Found Ranking Fcuntion

Conterexample is 

[0, -0.001091167432724325, 0]

sampling time = 1.027 ms


       ########################################         

iteration 15 with 232 examples

2019-05-03-01-05-17   >>>>   Start train ranking function

2019-05-03-01-05-17   >>>>   End train ranking function

train_ranking_functioning time = 3.574 ms


2019-05-03-01-05-17   >>>>   Start verify ranking function

[xr_1 = 0,
 xr_2 = 0,
 xr_0 = 12500000000000000/19251756443298969031]
ranking function : 0.0208 *  x[0]^1.0 + 0.1514 *  x[1]^1.0 - 0.132 *  x[2]^1.0 + 1.1179 * 1

2019-05-03-01-05-17   >>>>   End verify ranking function

verifying time = 8.720 ms


Not Found Ranking Fcuntion

Conterexample is 

[0.0006492914055304768, 0, 0]

sampling time = 1.010 ms


       ########################################         

iteration 16 with 234 examples

2019-05-03-01-05-17   >>>>   Start train ranking function

2019-05-03-01-05-17   >>>>   End train ranking function

train_ranking_functioning time = 3.756 ms


2019-05-03-01-05-17   >>>>   Start verify ranking function

[xr_1 = 0,
 xr_2 = 0,
 xr_0 = 31250000000000000/48236544780927834953]
ranking function : 0.021 *  x[0]^1.0 + 0.1553 *  x[1]^1.0 - 0.1264 *  x[2]^1.0 + 1.1202 * 1

2019-05-03-01-05-17   >>>>   End verify ranking function

verifying time = 8.865 ms


Not Found Ranking Fcuntion

Conterexample is 

[0.0006478490559787334, 0, 0]

sampling time = 1.022 ms


       ########################################         

iteration 17 with 236 examples

2019-05-03-01-05-17   >>>>   Start train ranking function

2019-05-03-01-05-17   >>>>   End train ranking function

train_ranking_functioning time = 3.782 ms


2019-05-03-01-05-17   >>>>   Start verify ranking function

[xr_1 = -10000000000000000000/8353005154639175256139,
 xr_2 = 0,
 xr_0 = 0]
ranking function : 0.0269 *  x[0]^1.0 + 0.151 *  x[1]^1.0 - 0.1277 *  x[2]^1.0 + 1.118 * 1

2019-05-03-01-05-17   >>>>   End verify ranking function

verifying time = 8.641 ms


Not Found Ranking Fcuntion

Conterexample is 

[0, -0.001197173929007586, 0]

sampling time = 1.022 ms


       ########################################         

iteration 18 with 238 examples

2019-05-03-01-05-17   >>>>   Start train ranking function

2019-05-03-01-05-17   >>>>   End train ranking function

train_ranking_functioning time = 4.011 ms


2019-05-03-01-05-17   >>>>   Start verify ranking function

[xr_1 = -5000000000000000000/4421765979381443298157,
 xr_2 = 0,
 xr_0 = 0]
ranking function : 0.0205 *  x[0]^1.0 + 0.1488 *  x[1]^1.0 - 0.1302 *  x[2]^1.0 + 1.1162 * 1

2019-05-03-01-05-17   >>>>   End verify ranking function

verifying time = 9.887 ms


Not Found Ranking Fcuntion

Conterexample is 

[0, -0.0011307699284210978, 0]

sampling time = 1.157 ms


       ########################################         

iteration 19 with 240 examples

2019-05-03-01-05-17   >>>>   Start train ranking function

2019-05-03-01-05-17   >>>>   End train ranking function

train_ranking_functioning time = 4.074 ms


2019-05-03-01-05-17   >>>>   Start verify ranking function

[xr_1 = 0,
 xr_2 = 0,
 xr_0 = 500000000000000000/852850257731958761361]
ranking function : 0.0289 *  x[0]^1.0 + 0.149 *  x[1]^1.0 - 0.1223 *  x[2]^1.0 + 1.1242 * 1

2019-05-03-01-05-17   >>>>   End verify ranking function

verifying time = 9.552 ms


Not Found Ranking Fcuntion

Conterexample is 

[0.0005862693895757071, 0, 0]

sampling time = 1.181 ms


       ########################################         

iteration 20 with 242 examples

2019-05-03-01-05-17   >>>>   Start train ranking function

2019-05-03-01-05-17   >>>>   End train ranking function

train_ranking_functioning time = 4.410 ms


2019-05-03-01-05-17   >>>>   Start verify ranking function

[xr_1 = -10000000000000000000/8176127835051546390217,
 xr_2 = 0,
 xr_0 = 0]
ranking function : 0.0264 *  x[0]^1.0 + 0.1452 *  x[1]^1.0 - 0.1231 *  x[2]^1.0 + 1.1238 * 1

2019-05-03-01-05-17   >>>>   End verify ranking function

verifying time = 10.039 ms


Not Found Ranking Fcuntion

Conterexample is 

[0, -0.0012230728532801804, 0]

sampling time = 1.105 ms


       ########################################         

iteration 21 with 244 examples

2019-05-03-01-05-17   >>>>   Start train ranking function

2019-05-03-01-05-17   >>>>   End train ranking function

train_ranking_functioning time = 4.498 ms


2019-05-03-01-05-17   >>>>   Start verify ranking function

[xr_1 = -10000000000000000000/9068722164948453606637,
 xr_2 = 0,
 xr_0 = 0]
ranking function : 0.0189 *  x[0]^1.0 + 0.1509 *  x[1]^1.0 - 0.1291 *  x[2]^1.0 + 1.1122 * 1

2019-05-03-01-05-17   >>>>   End verify ranking function

verifying time = 8.867 ms


Not Found Ranking Fcuntion

Conterexample is 

[0, -0.0011026911860472506, 0]

sampling time = 1.025 ms


       ########################################         

iteration 22 with 246 examples

2019-05-03-01-05-17   >>>>   Start train ranking function

2019-05-03-01-05-17   >>>>   End train ranking function

train_ranking_functioning time = 3.578 ms


2019-05-03-01-05-17   >>>>   Start verify ranking function

[xr_1 = 0,
 xr_2 = -250000000000000000/1067843363402061854813,
 xr_0 = 0]
ranking function : 0.0175 *  x[0]^1.0 + 0.1481 *  x[1]^1.0 - 0.1284 *  x[2]^1.0 + 1.1091 * 1

2019-05-03-01-05-17   >>>>   End verify ranking function

verifying time = 8.667 ms


Not Found Ranking Fcuntion

Conterexample is 

[0, 0, -0.00023411673337887345]

sampling time = 1.031 ms


       ########################################         

iteration 23 with 248 examples

2019-05-03-01-05-17   >>>>   Start train ranking function

2019-05-03-01-05-17   >>>>   End train ranking function

train_ranking_functioning time = 4.314 ms


2019-05-03-01-05-17   >>>>   Start verify ranking function

[xr_1 = 0,
 xr_2 = -500000000000000000/2348817783505154637421,
 xr_0 = 0]
ranking function : 0.0234 *  x[0]^1.0 + 0.1442 *  x[1]^1.0 - 0.1314 *  x[2]^1.0 + 1.1156 * 1

2019-05-03-01-05-17   >>>>   End verify ranking function

verifying time = 8.667 ms


Not Found Ranking Fcuntion

Conterexample is 

[0, 0, -0.0002128730476716023]

sampling time = 1.065 ms


       ########################################         

iteration 24 with 250 examples

2019-05-03-01-05-17   >>>>   Start train ranking function

2019-05-03-01-05-17   >>>>   End train ranking function

train_ranking_functioning time = 4.329 ms


2019-05-03-01-05-17   >>>>   Start verify ranking function

[xr_1 = 0,
 xr_2 = 0,
 xr_0 = 500000000000000000/843857989690721647929]
ranking function : 0.028 *  x[0]^1.0 + 0.149 *  x[1]^1.0 - 0.1247 *  x[2]^1.0 + 1.115 * 1

2019-05-03-01-05-17   >>>>   End verify ranking function

verifying time = 9.019 ms


Not Found Ranking Fcuntion

Conterexample is 

[0.0005925167576872177, 0, 0]

sampling time = 1.095 ms


Failed to prove it is terminated

UNKNOWN
------Using Template 1 -----------
4 [4]
*****************************************************

2019-05-03-01-05-17   >>>>   End sampling point

sampling time = 121.427 ms,


       ########################################         

iteration 0 with 202 examples

2019-05-03-01-05-17   >>>>   Start train ranking function

2019-05-03-01-05-17   >>>>   End train ranking function

train_ranking_functioning time = 7.590 ms


2019-05-03-01-05-17   >>>>   Start verify ranking function

[xr_0 = 10, xr_1 = 1/8, xr_2 = 1/2]
ranking function : 0.9946 *  x[1]^-0.5 + 0.0007 *  x[0]^1.0 *  x[1]^3.0 *  x[2]^-0.5 + 0.0001 *  x[0]^3.0 *  x[1]^1.0 *  x[2]^-0.5

2019-05-03-01-05-17   >>>>   End verify ranking function

verifying time = 21.249 ms


Not Found Ranking Fcuntion

Conterexample is 

[10, 0.125, 0.5]

sampling time = 1.141 ms


       ########################################         

iteration 1 with 204 examples

2019-05-03-01-05-17   >>>>   Start train ranking function

2019-05-03-01-05-17   >>>>   End train ranking function

train_ranking_functioning time = 7.385 ms


2019-05-03-01-05-17   >>>>   Start verify ranking function

[xr_0 = 3, xr_1 = 1/8, xr_2 = 1/2]
ranking function : 0.9942 *  x[1]^-0.5 - 0.0022 *  x[0]^1.0 *  x[1]^3.0 *  x[2]^-0.5

2019-05-03-01-05-17   >>>>   End verify ranking function

verifying time = 19.640 ms


Not Found Ranking Fcuntion

Conterexample is 

[3, 0.125, 0.5]

sampling time = 1.287 ms


       ########################################         

iteration 2 with 206 examples

2019-05-03-01-05-17   >>>>   Start train ranking function

2019-05-03-01-05-17   >>>>   End train ranking function

train_ranking_functioning time = 7.512 ms


2019-05-03-01-05-17   >>>>   Start verify ranking function

[xr_0 = 1/8, xr_1 = 1/2, xr_2 = -127/280]
ranking function : 0.9947 *  x[1]^-0.5 - 0.0009 *  x[0]^1.0 *  x[1]^3.0 *  x[2]^-0.5 - 0.0001 *  x[0]^-3.0 *  x[1]^3.0 *  x[2]^-0.5

2019-05-03-01-05-18   >>>>   End verify ranking function

verifying time = 894.788 ms


Not Found Ranking Fcuntion

Conterexample is 

[0.125, 0.5, -0.45357142857142857]

sampling time = 1.151 ms


       ########################################         

iteration 3 with 208 examples

2019-05-03-01-05-18   >>>>   Start train ranking function

2019-05-03-01-05-18   >>>>   End train ranking function

train_ranking_functioning time = 7.919 ms


2019-05-03-01-05-18   >>>>   Start verify ranking function

[xr_0 = 1/8, xr_1 = 1/2, xr_2 = -127/280]
ranking function : 0.9942 *  x[1]^-0.5 - 0.0004 *  x[0]^1.0 *  x[1]^3.0 *  x[2]^-0.5 - 0.0108 *  x[0]^-3.0 *  x[1]^3.0 *  x[2]^-0.5

2019-05-03-01-05-19   >>>>   End verify ranking function

verifying time = 1164.878 ms


Not Found Ranking Fcuntion

Conterexample is 

[0.125, 0.5, -0.45357142857142857]

sampling time = 1.182 ms


       ########################################         

iteration 4 with 210 examples

2019-05-03-01-05-19   >>>>   Start train ranking function

2019-05-03-01-05-19   >>>>   End train ranking function

train_ranking_functioning time = 7.956 ms


2019-05-03-01-05-19   >>>>   Start verify ranking function

[xr_0 = 1/8, xr_1 = 1/2, xr_2 = -1/4]
ranking function : 0.9969 *  x[1]^-0.5 - 0.0007 *  x[0]^1.0 *  x[1]^3.0 *  x[2]^-0.5 - 0.0008 *  x[0]^3.0 *  x[1]^1.0 *  x[2]^-0.5 + 0.0022 *  x[0]^-3.0 *  x[1]^3.0 *  x[2]^-0.5

2019-05-03-01-05-21   >>>>   End verify ranking function

verifying time = 1153.645 ms


Not Found Ranking Fcuntion

Conterexample is 

[0.125, 0.5, -0.25]

sampling time = 1.142 ms


       ########################################         

iteration 5 with 212 examples

2019-05-03-01-05-21   >>>>   Start train ranking function

2019-05-03-01-05-21   >>>>   End train ranking function

train_ranking_functioning time = 7.841 ms


2019-05-03-01-05-21   >>>>   Start verify ranking function

[xr_0 = 10, xr_1 = 1/8, xr_2 = 1/2]
ranking function : 0.9969 *  x[1]^-0.5 - 0.0004 *  x[0]^1.0 *  x[1]^3.0 *  x[2]^-0.5 + 0.0003 *  x[0]^3.0 *  x[1]^1.0 *  x[2]^-0.5

2019-05-03-01-05-21   >>>>   End verify ranking function

verifying time = 20.823 ms


Not Found Ranking Fcuntion

Conterexample is 

[10, 0.125, 0.5]

sampling time = 1.183 ms


       ########################################         

iteration 6 with 214 examples

2019-05-03-01-05-21   >>>>   Start train ranking function

2019-05-03-01-05-21   >>>>   End train ranking function

train_ranking_functioning time = 7.922 ms


2019-05-03-01-05-21   >>>>   Start verify ranking function

[xr_0 = 1/8, xr_1 = 1/2, xr_2 = -2]
ranking function : 0.9961 *  x[1]^-0.5 - 0.0007 *  x[0]^1.0 *  x[1]^3.0 *  x[2]^-0.5 + 0.0001 *  x[0]^3.0 *  x[1]^1.0 *  x[2]^-0.5 + 0.0014 *  x[0]^-3.0 *  x[1]^3.0 *  x[2]^-0.5

2019-05-03-01-05-22   >>>>   End verify ranking function

verifying time = 1064.421 ms


Not Found Ranking Fcuntion

Conterexample is 

[0.125, 0.5, -2]

sampling time = 1.152 ms


       ########################################         

iteration 7 with 216 examples

2019-05-03-01-05-22   >>>>   Start train ranking function

2019-05-03-01-05-22   >>>>   End train ranking function

train_ranking_functioning time = 8.156 ms


2019-05-03-01-05-22   >>>>   Start verify ranking function

[xr_0 = 1/8, xr_1 = -1, xr_2 = 0]
ranking function : 0.9958 *  x[1]^-0.5 - 0.0013 *  x[0]^1.0 *  x[1]^3.0 *  x[2]^-0.5 + 0.0025 *  x[0]^-3.0 *  x[1]^3.0 *  x[2]^-0.5

2019-05-03-01-06-16   >>>>   End verify ranking function

verifying time = 54041.281 ms


Not Found Ranking Fcuntion

Conterexample is 

[0.125, -1, 0]

sampling time = 1.208 ms


       ########################################         

iteration 8 with 218 examples

2019-05-03-01-06-16   >>>>   Start train ranking function

2019-05-03-01-06-16   >>>>   End train ranking function

train_ranking_functioning time = 8.033 ms


2019-05-03-01-06-16   >>>>   Start verify ranking function

[xr_0 = 1/8, xr_1 = 1/2, xr_2 = -2]
ranking function : 0.9964 *  x[1]^-0.5 - 0.0013 *  x[0]^1.0 *  x[1]^3.0 *  x[2]^-0.5 + 0.0009 *  x[0]^3.0 *  x[1]^1.0 *  x[2]^-0.5 - 0.0012 *  x[0]^-3.0 *  x[1]^3.0 *  x[2]^-0.5

2019-05-03-01-06-17   >>>>   End verify ranking function

verifying time = 1087.932 ms


Not Found Ranking Fcuntion

Conterexample is 

[0.125, 0.5, -2]

sampling time = 1.146 ms


       ########################################         

iteration 9 with 220 examples

2019-05-03-01-06-17   >>>>   Start train ranking function

2019-05-03-01-06-17   >>>>   End train ranking function

train_ranking_functioning time = 7.862 ms


2019-05-03-01-06-17   >>>>   Start verify ranking function

[xr_0 = 1/8, xr_1 = 1/2, xr_2 = -2]
ranking function : 0.9971 *  x[1]^-0.5 + 0.0003 *  x[0]^1.0 *  x[1]^3.0 *  x[2]^-0.5 + 0.0053 *  x[0]^3.0 *  x[1]^1.0 *  x[2]^-0.5 + 0.0018 *  x[0]^-3.0 *  x[1]^3.0 *  x[2]^-0.5

2019-05-03-01-06-18   >>>>   End verify ranking function

verifying time = 1102.826 ms


Not Found Ranking Fcuntion

Conterexample is 

[0.125, 0.5, -2]

sampling time = 1.191 ms


       ########################################         

iteration 10 with 222 examples

2019-05-03-01-06-18   >>>>   Start train ranking function

2019-05-03-01-06-18   >>>>   End train ranking function

train_ranking_functioning time = 8.053 ms


2019-05-03-01-06-18   >>>>   Start verify ranking function

[xr_0 = 1/8, xr_1 = 1/2, xr_2 = -2]
ranking function : 0.9968 *  x[1]^-0.5 - 0.0044 *  x[0]^1.0 *  x[1]^3.0 *  x[2]^-0.5 + 0.0002 *  x[0]^3.0 *  x[1]^1.0 *  x[2]^-0.5 + 0.0001 *  x[0]^-3.0 *  x[1]^3.0 *  x[2]^-0.5

2019-05-03-01-06-19   >>>>   End verify ranking function

verifying time = 1268.430 ms


Not Found Ranking Fcuntion

Conterexample is 

[0.125, 0.5, -2]

sampling time = 1.179 ms


       ########################################         

iteration 11 with 224 examples

2019-05-03-01-06-19   >>>>   Start train ranking function

2019-05-03-01-06-19   >>>>   End train ranking function

train_ranking_functioning time = 8.977 ms


2019-05-03-01-06-19   >>>>   Start verify ranking function

[xr_0 = 1/8, xr_1 = 1/2, xr_2 = -2]
ranking function : 0.996 *  x[1]^-0.5 - 0.0008 *  x[0]^1.0 *  x[1]^3.0 *  x[2]^-0.5 + 0.0004 *  x[0]^3.0 *  x[1]^1.0 *  x[2]^-0.5 + 0.002 *  x[0]^-3.0 *  x[1]^3.0 *  x[2]^-0.5

2019-05-03-01-06-21   >>>>   End verify ranking function

verifying time = 1309.389 ms


Not Found Ranking Fcuntion

Conterexample is 

[0.125, 0.5, -2]

sampling time = 1.207 ms


       ########################################         

iteration 12 with 226 examples

2019-05-03-01-06-21   >>>>   Start train ranking function

2019-05-03-01-06-21   >>>>   End train ranking function

train_ranking_functioning time = 8.345 ms


2019-05-03-01-06-21   >>>>   Start verify ranking function

[xr_0 = 1/8, xr_1 = -1, xr_2 = 0]
ranking function : 0.9966 *  x[1]^-0.5 - 0.0001 *  x[0]^1.0 *  x[1]^3.0 *  x[2]^-0.5 + 0.0013 *  x[0]^-3.0 *  x[1]^3.0 *  x[2]^-0.5

2019-05-03-01-07-29   >>>>   End verify ranking function

verifying time = 68102.320 ms


Not Found Ranking Fcuntion

Conterexample is 

[0.125, -1, 0]

sampling time = 1.140 ms


       ########################################         

iteration 13 with 228 examples

2019-05-03-01-07-29   >>>>   Start train ranking function

2019-05-03-01-07-29   >>>>   End train ranking function

train_ranking_functioning time = 8.533 ms


2019-05-03-01-07-29   >>>>   Start verify ranking function

[xr_0 = 1/8, xr_1 = 1/2, xr_2 = -2]
ranking function : 0.996 *  x[1]^-0.5 + 0.0004 *  x[0]^1.0 *  x[1]^3.0 *  x[2]^-0.5 + 0.0001 *  x[0]^3.0 *  x[1]^1.0 *  x[2]^-0.5 + 0.0019 *  x[0]^-3.0 *  x[1]^3.0 *  x[2]^-0.5

2019-05-03-01-07-30   >>>>   End verify ranking function

verifying time = 1349.819 ms


Not Found Ranking Fcuntion

Conterexample is 

[0.125, 0.5, -2]

sampling time = 1.144 ms


       ########################################         

iteration 14 with 230 examples

2019-05-03-01-07-30   >>>>   Start train ranking function

2019-05-03-01-07-30   >>>>   End train ranking function

train_ranking_functioning time = 8.300 ms


2019-05-03-01-07-30   >>>>   Start verify ranking function

[xr_0 = 1/8, xr_1 = 1/2, xr_2 = -2]
ranking function : 0.9963 *  x[1]^-0.5 + 0.0008 *  x[0]^1.0 *  x[1]^3.0 *  x[2]^-0.5 + 0.0016 *  x[0]^-3.0 *  x[1]^3.0 *  x[2]^-0.5

2019-05-03-01-07-31   >>>>   End verify ranking function

verifying time = 907.927 ms


Not Found Ranking Fcuntion

Conterexample is 

[0.125, 0.5, -2]

sampling time = 1.143 ms


       ########################################         

iteration 15 with 232 examples

2019-05-03-01-07-31   >>>>   Start train ranking function

2019-05-03-01-07-31   >>>>   End train ranking function

train_ranking_functioning time = 8.338 ms


2019-05-03-01-07-31   >>>>   Start verify ranking function

[xr_0 = 1/8, xr_1 = 1/2, xr_2 = -1/8]
ranking function : 0.996 *  x[1]^-0.5 - 0.002 *  x[0]^1.0 *  x[1]^3.0 *  x[2]^-0.5 + 0.0017 *  x[0]^-3.0 *  x[1]^3.0 *  x[2]^-0.5

2019-05-03-01-07-32   >>>>   End verify ranking function

verifying time = 869.176 ms


Not Found Ranking Fcuntion

Conterexample is 

[0.125, 0.5, -0.125]

sampling time = 1.155 ms


       ########################################         

iteration 16 with 234 examples

2019-05-03-01-07-32   >>>>   Start train ranking function

2019-05-03-01-07-32   >>>>   End train ranking function

train_ranking_functioning time = 8.545 ms


2019-05-03-01-07-32   >>>>   Start verify ranking function

[xr_0 = 1/8, xr_1 = 1/2, xr_2 = -2]
ranking function : 0.9964 *  x[1]^-0.5 - 0.0008 *  x[0]^1.0 *  x[1]^3.0 *  x[2]^-0.5 + 0.0002 *  x[0]^3.0 *  x[1]^1.0 *  x[2]^-0.5 + 0.0013 *  x[0]^-3.0 *  x[1]^3.0 *  x[2]^-0.5

2019-05-03-01-07-33   >>>>   End verify ranking function

verifying time = 1421.053 ms


Not Found Ranking Fcuntion

Conterexample is 

[0.125, 0.5, -2]

sampling time = 1.154 ms


       ########################################         

iteration 17 with 236 examples

2019-05-03-01-07-33   >>>>   Start train ranking function

2019-05-03-01-07-33   >>>>   End train ranking function

train_ranking_functioning time = 8.836 ms


2019-05-03-01-07-33   >>>>   Start verify ranking function

[xr_0 = 1/8, xr_1 = 1/2, xr_2 = -2]
ranking function : 0.9964 *  x[1]^-0.5 - 0.0011 *  x[0]^1.0 *  x[1]^3.0 *  x[2]^-0.5 + 0.0002 *  x[0]^3.0 *  x[1]^1.0 *  x[2]^-0.5 + 0.0024 *  x[0]^-3.0 *  x[1]^3.0 *  x[2]^-0.5

2019-05-03-01-07-34   >>>>   End verify ranking function

verifying time = 1102.432 ms


Not Found Ranking Fcuntion

Conterexample is 

[0.125, 0.5, -2]

sampling time = 1.204 ms


       ########################################         

iteration 18 with 238 examples

2019-05-03-01-07-34   >>>>   Start train ranking function

2019-05-03-01-07-34   >>>>   End train ranking function

train_ranking_functioning time = 8.678 ms


2019-05-03-01-07-34   >>>>   Start verify ranking function

[xr_0 = 1/8, xr_1 = 1/2, xr_2 = -2]
ranking function : 0.9969 *  x[1]^-0.5 - 0.0016 *  x[0]^1.0 *  x[1]^3.0 *  x[2]^-0.5 + 0.0003 *  x[0]^3.0 *  x[1]^1.0 *  x[2]^-0.5 + 0.0015 *  x[0]^-3.0 *  x[1]^3.0 *  x[2]^-0.5

2019-05-03-01-07-35   >>>>   End verify ranking function

verifying time = 1014.551 ms


Not Found Ranking Fcuntion

Conterexample is 

[0.125, 0.5, -2]

sampling time = 1.163 ms


       ########################################         

iteration 19 with 240 examples

2019-05-03-01-07-35   >>>>   Start train ranking function

2019-05-03-01-07-35   >>>>   End train ranking function

train_ranking_functioning time = 8.541 ms


2019-05-03-01-07-35   >>>>   Start verify ranking function

[xr_0 = 1/8, xr_1 = 1/2, xr_2 = -2]
ranking function : 0.9963 *  x[1]^-0.5 + 0.0012 *  x[0]^1.0 *  x[1]^3.0 *  x[2]^-0.5 + 0.0001 *  x[0]^3.0 *  x[1]^1.0 *  x[2]^-0.5 + 0.0017 *  x[0]^-3.0 *  x[1]^3.0 *  x[2]^-0.5

2019-05-03-01-07-36   >>>>   End verify ranking function

verifying time = 1069.151 ms


Not Found Ranking Fcuntion

Conterexample is 

[0.125, 0.5, -2]

sampling time = 1.295 ms


       ########################################         

iteration 20 with 242 examples

2019-05-03-01-07-36   >>>>   Start train ranking function

2019-05-03-01-07-36   >>>>   End train ranking function

train_ranking_functioning time = 8.607 ms


2019-05-03-01-07-36   >>>>   Start verify ranking function

[xr_0 = 1/8, xr_1 = 1/2, xr_2 = -2]
ranking function : 0.9966 *  x[1]^-0.5 - 0.0012 *  x[0]^1.0 *  x[1]^3.0 *  x[2]^-0.5 + 0.0004 *  x[0]^3.0 *  x[1]^1.0 *  x[2]^-0.5 + 0.0025 *  x[0]^-3.0 *  x[1]^3.0 *  x[2]^-0.5

2019-05-03-01-07-38   >>>>   End verify ranking function

verifying time = 1334.343 ms


Not Found Ranking Fcuntion

Conterexample is 

[0.125, 0.5, -2]

sampling time = 1.174 ms


       ########################################         

iteration 21 with 244 examples

2019-05-03-01-07-38   >>>>   Start train ranking function

2019-05-03-01-07-38   >>>>   End train ranking function

train_ranking_functioning time = 8.735 ms


2019-05-03-01-07-38   >>>>   Start verify ranking function

[xr_0 = 1/8, xr_1 = 1/2, xr_2 = -2]
ranking function : 0.9964 *  x[1]^-0.5 + 0.0001 *  x[0]^1.0 *  x[1]^3.0 *  x[2]^-0.5 + 0.0019 *  x[0]^-3.0 *  x[1]^3.0 *  x[2]^-0.5

2019-05-03-01-07-39   >>>>   End verify ranking function

verifying time = 994.779 ms


Not Found Ranking Fcuntion

Conterexample is 

[0.125, 0.5, -2]

sampling time = 1.150 ms


       ########################################         

iteration 22 with 246 examples

2019-05-03-01-07-39   >>>>   Start train ranking function

2019-05-03-01-07-39   >>>>   End train ranking function

train_ranking_functioning time = 9.090 ms


2019-05-03-01-07-39   >>>>   Start verify ranking function

[xr_0 = 1/8, xr_1 = 1/2, xr_2 = -2]
ranking function : 0.9968 *  x[1]^-0.5 - 0.0009 *  x[0]^1.0 *  x[1]^3.0 *  x[2]^-0.5 + 0.0005 *  x[0]^3.0 *  x[1]^1.0 *  x[2]^-0.5 + 0.0018 *  x[0]^-3.0 *  x[1]^3.0 *  x[2]^-0.5

2019-05-03-01-07-40   >>>>   End verify ranking function

verifying time = 968.505 ms


Not Found Ranking Fcuntion

Conterexample is 

[0.125, 0.5, -2]

sampling time = 1.345 ms


       ########################################         

iteration 23 with 248 examples

2019-05-03-01-07-40   >>>>   Start train ranking function

2019-05-03-01-07-40   >>>>   End train ranking function

train_ranking_functioning time = 9.598 ms


2019-05-03-01-07-40   >>>>   Start verify ranking function

[xr_0 = 1/8, xr_1 = 1/2, xr_2 = -1/4]
ranking function : 0.9964 *  x[1]^-0.5 - 0.0006 *  x[0]^1.0 *  x[1]^3.0 *  x[2]^-0.5 - 0.0001 *  x[0]^3.0 *  x[1]^1.0 *  x[2]^-0.5 + 0.0019 *  x[0]^-3.0 *  x[1]^3.0 *  x[2]^-0.5

2019-05-03-01-07-41   >>>>   End verify ranking function

verifying time = 970.798 ms


Not Found Ranking Fcuntion

Conterexample is 

[0.125, 0.5, -0.25]

sampling time = 1.145 ms


       ########################################         

iteration 24 with 250 examples

2019-05-03-01-07-41   >>>>   Start train ranking function

2019-05-03-01-07-41   >>>>   End train ranking function

train_ranking_functioning time = 9.097 ms


2019-05-03-01-07-41   >>>>   Start verify ranking function

[xr_0 = 1/8, xr_1 = -1, xr_2 = 0]
ranking function : 0.9967 *  x[1]^-0.5 - 0.0003 *  x[0]^1.0 *  x[1]^3.0 *  x[2]^-0.5 + 0.0022 *  x[0]^-3.0 *  x[1]^3.0 *  x[2]^-0.5

2019-05-03-01-08-40   >>>>   End verify ranking function

verifying time = 59006.181 ms


Not Found Ranking Fcuntion

Conterexample is 

[0.125, -1, 0]

sampling time = 1.182 ms


Failed to prove it is terminated

UNKNOWN
------Using Template 2 -----------
12 [4, 4, 4]
*****************************************************

2019-05-03-01-08-40   >>>>   End sampling point

sampling time = 298.104 ms,


       ########################################         

iteration 0 with 404 examples

2019-05-03-01-08-40   >>>>   Start train ranking function

2019-05-03-01-08-40   >>>>   End train ranking function

train_ranking_functioning time = 11.549 ms


2019-05-03-01-08-40   >>>>   Start verify ranking function

[xr_1 = 0,
 xr_2 = 0,
 xr_0 = 500000000000000000/786813556701030925803]
ranking function : 0.0218 *  x[0]^1.0 + 0.1534 *  x[1]^1.0 - 0.1629 *  x[2]^1.0 + 1.0279 * 1;  - 0.0019 *  x[0]^1.0 + 0.0297 *  x[1]^1.0 + 0.0726 *  x[2]^1.0 + 0.966 * 1; 0.0007 *  x[0]^1.0 + 0.0132 *  x[1]^1.0 - 0.0191 *  x[2]^1.0 + 0.9922 * 1

2019-05-03-01-08-40   >>>>   End verify ranking function

verifying time = 8.897 ms


Not Found Ranking Fcuntion

Conterexample is 

[0.0006354745615929788, 0, 0]

sampling time = 2.910 ms


       ########################################         

iteration 1 with 408 examples

2019-05-03-01-08-40   >>>>   Start train ranking function

2019-05-03-01-08-40   >>>>   End train ranking function

train_ranking_functioning time = 11.799 ms


2019-05-03-01-08-40   >>>>   Start verify ranking function

[xr_1 = 0,
 xr_2 = -100000000000000000/203314175257731958333,
 xr_0 = 0]
ranking function :  - 0.0133 *  x[0]^1.0 + 0.153 *  x[1]^1.0 - 0.161 *  x[2]^1.0 + 1.021 * 1;  - 0.0015 *  x[0]^1.0 + 0.0363 *  x[1]^1.0 + 0.0685 *  x[2]^1.0 + 0.9702 * 1; 0.0005 *  x[0]^1.0 + 0.0124 *  x[1]^1.0 - 0.0188 *  x[2]^1.0 + 0.992 * 1

2019-05-03-01-08-40   >>>>   End verify ranking function

verifying time = 8.810 ms


Not Found Ranking Fcuntion

Conterexample is 

[0, 0, -0.0004918496207814071]

sampling time = 2.900 ms


       ########################################         

iteration 2 with 412 examples

2019-05-03-01-08-40   >>>>   Start train ranking function

2019-05-03-01-08-40   >>>>   End train ranking function

train_ranking_functioning time = 12.241 ms


2019-05-03-01-08-40   >>>>   Start verify ranking function

[xr_1 = 0,
 xr_2 = -1000000000000000000/4403608247422680408123,
 xr_0 = 0]
ranking function : 0.0183 *  x[0]^1.0 + 0.1536 *  x[1]^1.0 - 0.1591 *  x[2]^1.0 + 1.0191 * 1;  - 0.0023 *  x[0]^1.0 + 0.0325 *  x[1]^1.0 + 0.0646 *  x[2]^1.0 + 0.9722 * 1; 0.0005 *  x[0]^1.0 + 0.0115 *  x[1]^1.0 - 0.0181 *  x[2]^1.0 + 0.9918 * 1

2019-05-03-01-08-40   >>>>   End verify ranking function

verifying time = 9.037 ms


Not Found Ranking Fcuntion

Conterexample is 

[0, 0, -0.00022708650357017442]

sampling time = 2.947 ms


       ########################################         

iteration 3 with 416 examples

2019-05-03-01-08-40   >>>>   Start train ranking function

2019-05-03-01-08-40   >>>>   End train ranking function

train_ranking_functioning time = 11.973 ms


2019-05-03-01-08-40   >>>>   Start verify ranking function

[xr_1 = 0,
 xr_2 = -500000000000000000/2287203350515463915371,
 xr_0 = 0]
ranking function : 0.0208 *  x[0]^1.0 + 0.1498 *  x[1]^1.0 - 0.1614 *  x[2]^1.0 + 1.0235 * 1;  - 0.0023 *  x[0]^1.0 + 0.0343 *  x[1]^1.0 + 0.0606 *  x[2]^1.0 + 0.9739 * 1; 0.0003 *  x[0]^1.0 + 0.0112 *  x[1]^1.0 - 0.0177 *  x[2]^1.0 + 0.9919 * 1

2019-05-03-01-08-40   >>>>   End verify ranking function

verifying time = 9.066 ms


Not Found Ranking Fcuntion

Conterexample is 

[0, 0, -0.00021860758462395382]

sampling time = 2.983 ms


       ########################################         

iteration 4 with 420 examples

2019-05-03-01-08-40   >>>>   Start train ranking function

2019-05-03-01-08-40   >>>>   End train ranking function

train_ranking_functioning time = 12.485 ms


2019-05-03-01-08-40   >>>>   Start verify ranking function

[xr_1 = 0,
 xr_2 = -200000000000000000/837809587628865978519,
 xr_0 = 0]
ranking function : 0.0158 *  x[0]^1.0 + 0.1478 *  x[1]^1.0 - 0.1615 *  x[2]^1.0 + 1.026 * 1;  - 0.0022 *  x[0]^1.0 + 0.0316 *  x[1]^1.0 + 0.0574 *  x[2]^1.0 + 0.9755 * 1; 0.0003 *  x[0]^1.0 + 0.0106 *  x[1]^1.0 - 0.0172 *  x[2]^1.0 + 0.9919 * 1

2019-05-03-01-08-40   >>>>   End verify ranking function

verifying time = 8.987 ms


Not Found Ranking Fcuntion

Conterexample is 

[0, 0, -0.00023871772650159296]

sampling time = 2.908 ms


       ########################################         

iteration 5 with 424 examples

2019-05-03-01-08-40   >>>>   Start train ranking function

2019-05-03-01-08-40   >>>>   End train ranking function

train_ranking_functioning time = 12.426 ms


2019-05-03-01-08-40   >>>>   Start verify ranking function

[xr_1 = -10000000000000000000/10210413402061855668091,
 xr_2 = 0,
 xr_0 = 0]
ranking function : 0.0082 *  x[0]^1.0 + 0.1558 *  x[1]^1.0 - 0.1613 *  x[2]^1.0 + 1.0252 * 1;  - 0.0025 *  x[0]^1.0 + 0.0325 *  x[1]^1.0 + 0.0556 *  x[2]^1.0 + 0.9771 * 1; 0.0003 *  x[0]^1.0 + 0.0104 *  x[1]^1.0 - 0.0168 *  x[2]^1.0 + 0.992 * 1

2019-05-03-01-08-40   >>>>   End verify ranking function

verifying time = 8.830 ms


Not Found Ranking Fcuntion

Conterexample is 

[0, -0.000979392273968127, 0]

sampling time = 2.970 ms


       ########################################         

iteration 6 with 428 examples

2019-05-03-01-08-40   >>>>   Start train ranking function

2019-05-03-01-08-40   >>>>   End train ranking function

train_ranking_functioning time = 12.768 ms


2019-05-03-01-08-40   >>>>   Start verify ranking function

[xr_1 = 0,
 xr_2 = 0,
 xr_0 = 500000000000000000/779482835051546389733]
ranking function : 0.021 *  x[0]^1.0 + 0.1606 *  x[1]^1.0 - 0.1619 *  x[2]^1.0 + 1.0248 * 1;  - 0.0025 *  x[0]^1.0 + 0.0324 *  x[1]^1.0 + 0.053 *  x[2]^1.0 + 0.9783 * 1; 0.0002 *  x[0]^1.0 + 0.0102 *  x[1]^1.0 - 0.0164 *  x[2]^1.0 + 0.9922 * 1

2019-05-03-01-08-40   >>>>   End verify ranking function

verifying time = 8.950 ms


Not Found Ranking Fcuntion

Conterexample is 

[0.0006414509435181283, 0, 0]

sampling time = 3.062 ms


       ########################################         

iteration 7 with 432 examples

2019-05-03-01-08-40   >>>>   Start train ranking function

2019-05-03-01-08-40   >>>>   End train ranking function

train_ranking_functioning time = 12.608 ms


2019-05-03-01-08-40   >>>>   Start verify ranking function

[xr_1 = 0,
 xr_2 = 0,
 xr_0 = 500000000000000000/782231701030927833017]
ranking function : 0.0213 *  x[0]^1.0 + 0.157 *  x[1]^1.0 - 0.1631 *  x[2]^1.0 + 1.0239 * 1;  - 0.0024 *  x[0]^1.0 + 0.0342 *  x[1]^1.0 + 0.0516 *  x[2]^1.0 + 0.9796 * 1; 0.0003 *  x[0]^1.0 + 0.0102 *  x[1]^1.0 - 0.0163 *  x[2]^1.0 + 0.9923 * 1

2019-05-03-01-08-40   >>>>   End verify ranking function

verifying time = 8.950 ms


Not Found Ranking Fcuntion

Conterexample is 

[0.0006391967997986201, 0, 0]

sampling time = 2.901 ms


       ########################################         

iteration 8 with 436 examples

2019-05-03-01-08-40   >>>>   Start train ranking function

2019-05-03-01-08-40   >>>>   End train ranking function

train_ranking_functioning time = 14.398 ms


2019-05-03-01-08-40   >>>>   Start verify ranking function

[xr_1 = -10000000000000000000/8600158247422680410379,
 xr_2 = 0,
 xr_0 = 0]
ranking function : 0.0246 *  x[0]^1.0 + 0.1523 *  x[1]^1.0 - 0.1597 *  x[2]^1.0 + 1.0244 * 1;  - 0.0025 *  x[0]^1.0 + 0.0343 *  x[1]^1.0 + 0.0497 *  x[2]^1.0 + 0.9806 * 1; 0.0002 *  x[0]^1.0 + 0.01 *  x[1]^1.0 - 0.0159 *  x[2]^1.0 + 0.9925 * 1

2019-05-03-01-08-40   >>>>   End verify ranking function

verifying time = 9.575 ms


Not Found Ranking Fcuntion

Conterexample is 

[0, -0.0011627693017156782, 0]

sampling time = 3.119 ms


       ########################################         

iteration 9 with 440 examples

2019-05-03-01-08-40   >>>>   Start train ranking function

2019-05-03-01-08-40   >>>>   End train ranking function

train_ranking_functioning time = 12.995 ms


2019-05-03-01-08-40   >>>>   Start verify ranking function

[xr_1 = 0,
 xr_2 = 0,
 xr_0 = 500000000000000000/840333891752577317593]
ranking function : 0.027 *  x[0]^1.0 + 0.1505 *  x[1]^1.0 - 0.1599 *  x[2]^1.0 + 1.0243 * 1;  - 0.002 *  x[0]^1.0 + 0.0344 *  x[1]^1.0 + 0.0485 *  x[2]^1.0 + 0.9816 * 1; 0.0002 *  x[0]^1.0 + 0.01 *  x[1]^1.0 - 0.0158 *  x[2]^1.0 + 0.9926 * 1

2019-05-03-01-08-40   >>>>   End verify ranking function

verifying time = 8.895 ms


Not Found Ranking Fcuntion

Conterexample is 

[0.0005950015879488255, 0, 0]

sampling time = 2.938 ms


       ########################################         

iteration 10 with 444 examples

2019-05-03-01-08-40   >>>>   Start train ranking function

2019-05-03-01-08-40   >>>>   End train ranking function

train_ranking_functioning time = 13.136 ms


2019-05-03-01-08-40   >>>>   Start verify ranking function

[xr_1 = 0,
 xr_2 = -500000000000000000/1794678350515463915371,
 xr_0 = 0]
ranking function : 0.0074 *  x[0]^1.0 + 0.1536 *  x[1]^1.0 - 0.1614 *  x[2]^1.0 + 1.0241 * 1;  - 0.0021 *  x[0]^1.0 + 0.032 *  x[1]^1.0 + 0.0466 *  x[2]^1.0 + 0.9822 * 1; 0.0001 *  x[0]^1.0 + 0.0094 *  x[1]^1.0 - 0.0153 *  x[2]^1.0 + 0.9926 * 1

2019-05-03-01-08-40   >>>>   End verify ranking function

verifying time = 8.803 ms


Not Found Ranking Fcuntion

Conterexample is 

[0, 0, -0.0002786014551612499]

sampling time = 2.990 ms


       ########################################         

iteration 11 with 448 examples

2019-05-03-01-08-40   >>>>   Start train ranking function

2019-05-03-01-08-40   >>>>   End train ranking function

train_ranking_functioning time = 13.220 ms


2019-05-03-01-08-40   >>>>   Start verify ranking function

[xr_1 = 0,
 xr_2 = 0,
 xr_0 = 500000000000000000/764132190721649482519]
ranking function : 0.0198 *  x[0]^1.0 + 0.1451 *  x[1]^1.0 - 0.1617 *  x[2]^1.0 + 1.0189 * 1;  - 0.0021 *  x[0]^1.0 + 0.0323 *  x[1]^1.0 + 0.0454 *  x[2]^1.0 + 0.9829 * 1; 0.0002 *  x[0]^1.0 + 0.0094 *  x[1]^1.0 - 0.0152 *  x[2]^1.0 + 0.9927 * 1

2019-05-03-01-08-40   >>>>   End verify ranking function

verifying time = 9.248 ms


Not Found Ranking Fcuntion

Conterexample is 

[0.0006543370454368609, 0, 0]

sampling time = 2.886 ms


       ########################################         

iteration 12 with 452 examples

2019-05-03-01-08-40   >>>>   Start train ranking function

2019-05-03-01-08-40   >>>>   End train ranking function

train_ranking_functioning time = 14.085 ms


2019-05-03-01-08-40   >>>>   Start verify ranking function

[xr_1 = -2000000000000000000/1685442164948453607847,
 xr_2 = 0,
 xr_0 = 0]
ranking function : 0.0213 *  x[0]^1.0 + 0.1401 *  x[1]^1.0 - 0.1605 *  x[2]^1.0 + 1.0249 * 1;  - 0.0025 *  x[0]^1.0 + 0.0355 *  x[1]^1.0 + 0.0442 *  x[2]^1.0 + 0.9837 * 1; 0.0001 *  x[0]^1.0 + 0.0097 *  x[1]^1.0 - 0.015 *  x[2]^1.0 + 0.993 * 1

2019-05-03-01-08-40   >>>>   End verify ranking function

verifying time = 8.907 ms


Not Found Ranking Fcuntion

Conterexample is 

[0, -0.0011866322331274813, 0]

sampling time = 2.918 ms


       ########################################         

iteration 13 with 456 examples

2019-05-03-01-08-40   >>>>   Start train ranking function

2019-05-03-01-08-40   >>>>   End train ranking function

train_ranking_functioning time = 13.849 ms


2019-05-03-01-08-40   >>>>   Start verify ranking function

[xr_1 = 0,
 xr_2 = 0,
 xr_0 = 500000000000000000/813815515463917523811]
ranking function : 0.0245 *  x[0]^1.0 + 0.1518 *  x[1]^1.0 - 0.1573 *  x[2]^1.0 + 1.0327 * 1;  - 0.0028 *  x[0]^1.0 + 0.0273 *  x[1]^1.0 + 0.0433 *  x[2]^1.0 + 0.9842 * 1; 0.0006 *  x[0]^1.0 + 0.0094 *  x[1]^1.0 - 0.015 *  x[2]^1.0 + 0.9927 * 1

2019-05-03-01-08-40   >>>>   End verify ranking function

verifying time = 9.018 ms


Not Found Ranking Fcuntion

Conterexample is 

[0.0006143898592483503, 0, 0]

sampling time = 2.900 ms


       ########################################         

iteration 14 with 460 examples

2019-05-03-01-08-40   >>>>   Start train ranking function

2019-05-03-01-08-40   >>>>   End train ranking function

train_ranking_functioning time = 14.050 ms


2019-05-03-01-08-40   >>>>   Start verify ranking function

[xr_1 = 0,
 xr_2 = 0,
 xr_0 = 31250000000000000/50295800579896907093]
ranking function : 0.0235 *  x[0]^1.0 + 0.1587 *  x[1]^1.0 - 0.1584 *  x[2]^1.0 + 1.021 * 1;  - 0.0025 *  x[0]^1.0 + 0.0339 *  x[1]^1.0 + 0.0424 *  x[2]^1.0 + 0.9849 * 1; 0.0091 *  x[1]^1.0 - 0.0145 *  x[2]^1.0 + 0.9931 * 1

2019-05-03-01-08-41   >>>>   End verify ranking function

verifying time = 10.076 ms


Not Found Ranking Fcuntion

Conterexample is 

[0.000621324238598372, 0, 0]

sampling time = 3.110 ms


       ########################################         

iteration 15 with 464 examples

2019-05-03-01-08-41   >>>>   Start train ranking function

2019-05-03-01-08-41   >>>>   End train ranking function

train_ranking_functioning time = 14.068 ms


2019-05-03-01-08-41   >>>>   Start verify ranking function

[xr_1 = 0,
 xr_2 = 0,
 xr_0 = 31250000000000000/47046269329896907093]
ranking function : 0.0187 *  x[0]^1.0 + 0.1496 *  x[1]^1.0 - 0.1584 *  x[2]^1.0 + 1.0275 * 1;  - 0.0029 *  x[0]^1.0 + 0.0327 *  x[1]^1.0 + 0.0421 *  x[2]^1.0 + 0.9855 * 1; 0.0001 *  x[0]^1.0 + 0.0089 *  x[1]^1.0 - 0.0143 *  x[2]^1.0 + 0.9932 * 1

2019-05-03-01-08-41   >>>>   End verify ranking function

verifying time = 9.143 ms


Not Found Ranking Fcuntion

Conterexample is 

[0.0006642397037025269, 0, 0]

sampling time = 2.904 ms


       ########################################         

iteration 16 with 468 examples

2019-05-03-01-08-41   >>>>   Start train ranking function

2019-05-03-01-08-41   >>>>   End train ranking function

train_ranking_functioning time = 14.324 ms


2019-05-03-01-08-41   >>>>   Start verify ranking function

[xr_1 = -625000000000000000/588320038659793814307,
 xr_2 = 0,
 xr_0 = 0]
ranking function : 0.0174 *  x[0]^1.0 + 0.1566 *  x[1]^1.0 - 0.1616 *  x[2]^1.0 + 1.0202 * 1;  - 0.0027 *  x[0]^1.0 + 0.0337 *  x[1]^1.0 + 0.0412 *  x[2]^1.0 + 0.9859 * 1;  - 0.0001 *  x[0]^1.0 + 0.0091 *  x[1]^1.0 - 0.0142 *  x[2]^1.0 + 0.9934 * 1

2019-05-03-01-08-41   >>>>   End verify ranking function

verifying time = 8.839 ms


Not Found Ranking Fcuntion

Conterexample is 

[0, -0.0010623469522196864, 0]

sampling time = 2.909 ms


       ########################################         

iteration 17 with 472 examples

2019-05-03-01-08-41   >>>>   Start train ranking function

2019-05-03-01-08-41   >>>>   End train ranking function

train_ranking_functioning time = 14.235 ms


2019-05-03-01-08-41   >>>>   Start verify ranking function

[xr_1 = 0,
 xr_2 = -125000000000000000/630840560567010308747,
 xr_0 = 0]
ranking function : 0.0273 *  x[0]^1.0 + 0.1475 *  x[1]^1.0 - 0.1592 *  x[2]^1.0 + 1.0293 * 1;  - 0.0029 *  x[0]^1.0 + 0.0287 *  x[1]^1.0 + 0.0401 *  x[2]^1.0 + 0.9861 * 1;  - 0.0001 *  x[0]^1.0 + 0.0083 *  x[1]^1.0 - 0.0136 *  x[2]^1.0 + 0.9932 * 1

2019-05-03-01-08-41   >>>>   End verify ranking function

verifying time = 8.903 ms


Not Found Ranking Fcuntion

Conterexample is 

[0, 0, -0.00019814832433673552]

sampling time = 2.905 ms


       ########################################         
