------Using Template 0 -----------
3 [3]
*****************************************************

2019-05-03-01-15-21   >>>>   End sampling point

sampling time = 52.427 ms,


       ########################################         

iteration 0 with 136 examples

2019-05-03-01-15-21   >>>>   Start train ranking function

2019-05-03-01-15-21   >>>>   End train ranking function

train_ranking_functioning time = 3.012 ms


2019-05-03-01-15-21   >>>>   Start verify ranking function

ranking function : 2.4 *  x[0]^1.0 + 0.8 *  x[1]^1.0 + 3.7 * 1

2019-05-03-01-15-21   >>>>   End verify ranking function

verifying time = 7.737 ms


Not Found Ranking Fcuntion

Conterexample is 

[0, -5]

sampling time = 0.701 ms


       ########################################         

iteration 1 with 138 examples

2019-05-03-01-15-21   >>>>   Start train ranking function

2019-05-03-01-15-21   >>>>   End train ranking function

train_ranking_functioning time = 3.056 ms


2019-05-03-01-15-21   >>>>   Start verify ranking function

ranking function : 2.4 *  x[0]^1.0 + 0.8 *  x[1]^1.0 + 4.0 * 1

2019-05-03-01-15-21   >>>>   End verify ranking function

verifying time = 7.816 ms


Not Found Ranking Fcuntion

Conterexample is 

[0, -6]

sampling time = 0.706 ms


       ########################################         

iteration 2 with 140 examples

2019-05-03-01-15-21   >>>>   Start train ranking function

2019-05-03-01-15-21   >>>>   End train ranking function

train_ranking_functioning time = 3.031 ms


2019-05-03-01-15-21   >>>>   Start verify ranking function

[xi_0 = 0, xi_1 = -8]
ranking function : 2.3 *  x[0]^1.0 + 0.8 *  x[1]^1.0 + 4.4 * 1

2019-05-03-01-15-21   >>>>   End verify ranking function

verifying time = 6.868 ms


Not Found Ranking Fcuntion

Conterexample is 

[0, -8]

sampling time = 0.707 ms


       ########################################         

iteration 3 with 142 examples

2019-05-03-01-15-21   >>>>   Start train ranking function

2019-05-03-01-15-21   >>>>   End train ranking function

train_ranking_functioning time = 3.047 ms


2019-05-03-01-15-21   >>>>   Start verify ranking function

ranking function : 2.1 *  x[0]^1.0 + 0.7 *  x[1]^1.0 + 4.7 * 1

2019-05-03-01-15-21   >>>>   End verify ranking function

verifying time = 7.720 ms


Not Found Ranking Fcuntion

Conterexample is 

[0, -7]

sampling time = 0.707 ms


       ########################################         

iteration 4 with 144 examples

2019-05-03-01-15-21   >>>>   Start train ranking function

2019-05-03-01-15-21   >>>>   End train ranking function

train_ranking_functioning time = 3.113 ms


2019-05-03-01-15-21   >>>>   Start verify ranking function

ranking function : 2.1 *  x[0]^1.0 + 0.7 *  x[1]^1.0 + 4.9 * 1

2019-05-03-01-15-21   >>>>   End verify ranking function

verifying time = 7.645 ms


Not Found Ranking Fcuntion

Conterexample is 

[0, -8]

sampling time = 0.709 ms


       ########################################         

iteration 5 with 146 examples

2019-05-03-01-15-21   >>>>   Start train ranking function

2019-05-03-01-15-21   >>>>   End train ranking function

train_ranking_functioning time = 3.118 ms


2019-05-03-01-15-21   >>>>   Start verify ranking function

[xi_0 = 0, xi_1 = -7]
ranking function : 2.0 *  x[0]^1.0 + 0.7 *  x[1]^1.0 + 5.2 * 1

2019-05-03-01-15-21   >>>>   End verify ranking function

verifying time = 6.940 ms


Not Found Ranking Fcuntion

Conterexample is 

[0, -7]

sampling time = 0.715 ms


       ########################################         

iteration 6 with 148 examples

2019-05-03-01-15-21   >>>>   Start train ranking function

2019-05-03-01-15-21   >>>>   End train ranking function

train_ranking_functioning time = 3.232 ms


2019-05-03-01-15-21   >>>>   Start verify ranking function

[xi_0 = 0, xi_1 = -7]
ranking function : 2.0 *  x[0]^1.0 + 0.7 *  x[1]^1.0 + 5.3 * 1

2019-05-03-01-15-21   >>>>   End verify ranking function

verifying time = 6.828 ms


Not Found Ranking Fcuntion

Conterexample is 

[0, -7]

sampling time = 0.705 ms


       ########################################         

iteration 7 with 150 examples

2019-05-03-01-15-21   >>>>   Start train ranking function

2019-05-03-01-15-21   >>>>   End train ranking function

train_ranking_functioning time = 3.263 ms


2019-05-03-01-15-21   >>>>   Start verify ranking function

[xi_0 = 0, xi_1 = -7]
ranking function : 2.0 *  x[0]^1.0 + 0.7 *  x[1]^1.0 + 5.4 * 1

2019-05-03-01-15-21   >>>>   End verify ranking function

verifying time = 6.781 ms


Not Found Ranking Fcuntion

Conterexample is 

[0, -7]

sampling time = 0.703 ms


       ########################################         

iteration 8 with 152 examples

2019-05-03-01-15-21   >>>>   Start train ranking function

2019-05-03-01-15-21   >>>>   End train ranking function

train_ranking_functioning time = 3.333 ms


2019-05-03-01-15-21   >>>>   Start verify ranking function

[xi_0 = 0, xi_1 = -7]
ranking function : 2.0 *  x[0]^1.0 + 0.7 *  x[1]^1.0 + 5.4 * 1

2019-05-03-01-15-21   >>>>   End verify ranking function

verifying time = 6.826 ms


Not Found Ranking Fcuntion

Conterexample is 

[0, -7]

sampling time = 0.703 ms


       ########################################         

iteration 9 with 154 examples

2019-05-03-01-15-21   >>>>   Start train ranking function

2019-05-03-01-15-21   >>>>   End train ranking function

train_ranking_functioning time = 3.442 ms


2019-05-03-01-15-21   >>>>   Start verify ranking function

[xi_0 = 0, xi_1 = -7]
ranking function : 2.0 *  x[0]^1.0 + 0.7 *  x[1]^1.0 + 5.4 * 1

2019-05-03-01-15-21   >>>>   End verify ranking function

verifying time = 7.215 ms


Not Found Ranking Fcuntion

Conterexample is 

[0, -7]

sampling time = 0.710 ms


       ########################################         

iteration 10 with 156 examples

2019-05-03-01-15-21   >>>>   Start train ranking function

2019-05-03-01-15-21   >>>>   End train ranking function

train_ranking_functioning time = 3.562 ms


2019-05-03-01-15-21   >>>>   Start verify ranking function

[xi_0 = 0, xi_1 = -7]
ranking function : 2.0 *  x[0]^1.0 + 0.7 *  x[1]^1.0 + 5.5 * 1

2019-05-03-01-15-21   >>>>   End verify ranking function

verifying time = 7.003 ms


Not Found Ranking Fcuntion

Conterexample is 

[0, -7]

sampling time = 0.712 ms


       ########################################         

iteration 11 with 158 examples

2019-05-03-01-15-21   >>>>   Start train ranking function

2019-05-03-01-15-21   >>>>   End train ranking function

train_ranking_functioning time = 3.487 ms


2019-05-03-01-15-21   >>>>   Start verify ranking function

[xi_0 = 0, xi_1 = -7]
ranking function : 2.0 *  x[0]^1.0 + 0.7 *  x[1]^1.0 + 5.5 * 1

2019-05-03-01-15-21   >>>>   End verify ranking function

verifying time = 6.823 ms


Not Found Ranking Fcuntion

Conterexample is 

[0, -7]

sampling time = 0.748 ms


       ########################################         

iteration 12 with 160 examples

2019-05-03-01-15-21   >>>>   Start train ranking function

2019-05-03-01-15-21   >>>>   End train ranking function

train_ranking_functioning time = 3.666 ms


2019-05-03-01-15-21   >>>>   Start verify ranking function

[xi_0 = 0, xi_1 = -7]
ranking function : 2.0 *  x[0]^1.0 + 0.7 *  x[1]^1.0 + 5.5 * 1

2019-05-03-01-15-21   >>>>   End verify ranking function

verifying time = 6.818 ms


Not Found Ranking Fcuntion

Conterexample is 

[0, -7]

sampling time = 0.715 ms


       ########################################         

iteration 13 with 162 examples

2019-05-03-01-15-21   >>>>   Start train ranking function

2019-05-03-01-15-21   >>>>   End train ranking function

train_ranking_functioning time = 3.689 ms


2019-05-03-01-15-21   >>>>   Start verify ranking function

[xi_0 = 0, xi_1 = -7]
ranking function : 2.0 *  x[0]^1.0 + 0.7 *  x[1]^1.0 + 5.5 * 1

2019-05-03-01-15-21   >>>>   End verify ranking function

verifying time = 6.823 ms


Not Found Ranking Fcuntion

Conterexample is 

[0, -7]

sampling time = 0.713 ms


       ########################################         

iteration 14 with 164 examples

2019-05-03-01-15-21   >>>>   Start train ranking function

2019-05-03-01-15-21   >>>>   End train ranking function

train_ranking_functioning time = 3.627 ms


2019-05-03-01-15-21   >>>>   Start verify ranking function

[xi_0 = 0, xi_1 = -7]
ranking function : 2.0 *  x[0]^1.0 + 0.7 *  x[1]^1.0 + 5.5 * 1

2019-05-03-01-15-21   >>>>   End verify ranking function

verifying time = 6.981 ms


Not Found Ranking Fcuntion

Conterexample is 

[0, -7]

sampling time = 0.724 ms


       ########################################         

iteration 15 with 166 examples

2019-05-03-01-15-21   >>>>   Start train ranking function

2019-05-03-01-15-21   >>>>   End train ranking function

train_ranking_functioning time = 4.317 ms


2019-05-03-01-15-21   >>>>   Start verify ranking function

[xi_0 = 0, xi_1 = -7]
ranking function : 2.0 *  x[0]^1.0 + 0.7 *  x[1]^1.0 + 5.6 * 1

2019-05-03-01-15-21   >>>>   End verify ranking function

verifying time = 7.104 ms


Not Found Ranking Fcuntion

Conterexample is 

[0, -7]

sampling time = 0.713 ms


       ########################################         

iteration 16 with 168 examples

2019-05-03-01-15-21   >>>>   Start train ranking function

2019-05-03-01-15-21   >>>>   End train ranking function

train_ranking_functioning time = 3.956 ms


2019-05-03-01-15-21   >>>>   Start verify ranking function

[xi_0 = 0, xi_1 = -7]
ranking function : 2.0 *  x[0]^1.0 + 0.7 *  x[1]^1.0 + 5.6 * 1

2019-05-03-01-15-21   >>>>   End verify ranking function

verifying time = 7.237 ms


Not Found Ranking Fcuntion

Conterexample is 

[0, -7]

sampling time = 0.710 ms


       ########################################         

iteration 17 with 170 examples

2019-05-03-01-15-21   >>>>   Start train ranking function

2019-05-03-01-15-21   >>>>   End train ranking function

train_ranking_functioning time = 4.084 ms


2019-05-03-01-15-21   >>>>   Start verify ranking function

[xi_0 = 0, xi_1 = -7]
ranking function : 2.0 *  x[0]^1.0 + 0.7 *  x[1]^1.0 + 5.6 * 1

2019-05-03-01-15-21   >>>>   End verify ranking function

verifying time = 7.014 ms


Not Found Ranking Fcuntion

Conterexample is 

[0, -7]

sampling time = 0.719 ms


       ########################################         

iteration 18 with 172 examples

2019-05-03-01-15-21   >>>>   Start train ranking function

2019-05-03-01-15-21   >>>>   End train ranking function

train_ranking_functioning time = 4.138 ms


2019-05-03-01-15-21   >>>>   Start verify ranking function

[xi_0 = 0, xi_1 = -7]
ranking function : 2.0 *  x[0]^1.0 + 0.7 *  x[1]^1.0 + 5.6 * 1

2019-05-03-01-15-21   >>>>   End verify ranking function

verifying time = 6.917 ms


Not Found Ranking Fcuntion

Conterexample is 

[0, -7]

sampling time = 0.718 ms


       ########################################         

iteration 19 with 174 examples

2019-05-03-01-15-21   >>>>   Start train ranking function

2019-05-03-01-15-21   >>>>   End train ranking function

train_ranking_functioning time = 4.080 ms


2019-05-03-01-15-21   >>>>   Start verify ranking function

[xi_0 = 0, xi_1 = -7]
ranking function : 2.0 *  x[0]^1.0 + 0.7 *  x[1]^1.0 + 5.6 * 1

2019-05-03-01-15-21   >>>>   End verify ranking function

verifying time = 6.797 ms


Not Found Ranking Fcuntion

Conterexample is 

[0, -7]

sampling time = 0.720 ms


       ########################################         

iteration 20 with 176 examples

2019-05-03-01-15-21   >>>>   Start train ranking function

5
2019-05-03-01-15-21   >>>>   End train ranking function

train_ranking_functioning time = 4.230 ms


2019-05-03-01-15-21   >>>>   Start verify ranking function

[xi_0 = 0, xi_1 = -7]
ranking function : 2.0 *  x[0]^1.0 + 0.7 *  x[1]^1.0 + 5.6 * 1

2019-05-03-01-15-21   >>>>   End verify ranking function

verifying time = 6.820 ms


Not Found Ranking Fcuntion

Conterexample is 

[0, -7]

sampling time = 0.722 ms


       ########################################         

iteration 21 with 178 examples

2019-05-03-01-15-21   >>>>   Start train ranking function

2019-05-03-01-15-21   >>>>   End train ranking function

train_ranking_functioning time = 4.260 ms


2019-05-03-01-15-21   >>>>   Start verify ranking function

[xi_0 = 0, xi_1 = 26]
ranking function : 2.0353 *  x[0]^1.0 + 0.6696 *  x[1]^1.0 + 5.6118 * 1

2019-05-03-01-15-21   >>>>   End verify ranking function

verifying time = 6.969 ms


Not Found Ranking Fcuntion

Conterexample is 

[0, 26]

sampling time = 0.714 ms


       ########################################         

iteration 22 with 180 examples

2019-05-03-01-15-21   >>>>   Start train ranking function

2019-05-03-01-15-21   >>>>   End train ranking function

train_ranking_functioning time = 4.297 ms


2019-05-03-01-15-21   >>>>   Start verify ranking function

[xi_0 = 0, xi_1 = 23]
ranking function : 2.0383 *  x[0]^1.0 + 0.6698 *  x[1]^1.0 + 5.6244 * 1

2019-05-03-01-15-21   >>>>   End verify ranking function

verifying time = 6.877 ms


Not Found Ranking Fcuntion

Conterexample is 

[0, 23]

sampling time = 0.712 ms


       ########################################         

iteration 23 with 182 examples

2019-05-03-01-15-21   >>>>   Start train ranking function

2019-05-03-01-15-21   >>>>   End train ranking function

train_ranking_functioning time = 4.503 ms


2019-05-03-01-15-21   >>>>   Start verify ranking function

[xi_0 = 0, xi_1 = 33]
ranking function : 2.0471 *  x[0]^1.0 + 0.6755 *  x[1]^1.0 + 5.6457 * 1

2019-05-03-01-15-21   >>>>   End verify ranking function

verifying time = 6.828 ms


Not Found Ranking Fcuntion

Conterexample is 

[0, 33]

sampling time = 0.721 ms


       ########################################         

iteration 24 with 184 examples

2019-05-03-01-15-21   >>>>   Start train ranking function

2019-05-03-01-15-21   >>>>   End train ranking function

train_ranking_functioning time = 4.378 ms


2019-05-03-01-15-21   >>>>   Start verify ranking function

[xi_0 = 0, xi_1 = 52]
ranking function : 2.0466 *  x[0]^1.0 + 0.6778 *  x[1]^1.0 + 5.6417 * 1

2019-05-03-01-15-21   >>>>   End verify ranking function

verifying time = 6.824 ms


Not Found Ranking Fcuntion

Conterexample is 

[0, 52]

sampling time = 0.725 ms


Failed to prove it is terminated

UNKNOWN
------Using Template 1 -----------
2 [2]
*****************************************************

2019-05-03-01-15-21   >>>>   End sampling point

sampling time = 45.863 ms,


       ########################################         

iteration 0 with 136 examples

2019-05-03-01-15-21   >>>>   Start train ranking function

2019-05-03-01-15-21   >>>>   End train ranking function

train_ranking_functioning time = 4.956 ms


2019-05-03-01-15-21   >>>>   Start verify ranking function

[xi_0 = 1, xi_1 = 1]
ranking function :  - 0.5 *  x[0]^0.5 *  x[1]^-1.0 + 0.2 *  x[0]^1.0 *  x[1]^-1.0

2019-05-03-01-15-21   >>>>   End verify ranking function

verifying time = 24.059 ms


Not Found Ranking Fcuntion

Conterexample is 

[1, 1]

sampling time = 0.588 ms


       ########################################         

iteration 1 with 138 examples

2019-05-03-01-15-21   >>>>   Start train ranking function

2019-05-03-01-15-21   >>>>   End train ranking function

train_ranking_functioning time = 5.115 ms


2019-05-03-01-15-21   >>>>   Start verify ranking function

[xi_0 = 1, xi_1 = 1]
ranking function :  - 0.3 *  x[0]^0.5 *  x[1]^-1.0 + 0.1 *  x[0]^1.0 *  x[1]^-1.0

2019-05-03-01-15-22   >>>>   End verify ranking function

verifying time = 21.548 ms


Not Found Ranking Fcuntion

Conterexample is 

[1, 1]

sampling time = 0.588 ms


       ########################################         

iteration 2 with 140 examples

2019-05-03-01-15-22   >>>>   Start train ranking function

2019-05-03-01-15-22   >>>>   End train ranking function

train_ranking_functioning time = 5.263 ms


2019-05-03-01-15-22   >>>>   Start verify ranking function

[xi_0 = 1, xi_1 = 1]
ranking function :  - 0.2 *  x[0]^0.5 *  x[1]^-1.0 + 0.1 *  x[0]^1.0 *  x[1]^-1.0

2019-05-03-01-15-22   >>>>   End verify ranking function

verifying time = 21.009 ms


Not Found Ranking Fcuntion

Conterexample is 

[1, 1]

sampling time = 0.589 ms


       ########################################         

iteration 3 with 142 examples

2019-05-03-01-15-22   >>>>   Start train ranking function

2019-05-03-01-15-22   >>>>   End train ranking function

train_ranking_functioning time = 5.195 ms


2019-05-03-01-15-22   >>>>   Start verify ranking function

[xi_0 = 1, xi_1 = 1]
ranking function :  - 0.1 *  x[0]^0.5 *  x[1]^-1.0 + 0.1 *  x[0]^1.0 *  x[1]^-1.0

2019-05-03-01-15-22   >>>>   End verify ranking function

verifying time = 19.442 ms


Not Found Ranking Fcuntion

Conterexample is 

[1, 1]

sampling time = 0.688 ms


       ########################################         

iteration 4 with 144 examples

2019-05-03-01-15-22   >>>>   Start train ranking function

2019-05-03-01-15-22   >>>>   End train ranking function

train_ranking_functioning time = 5.654 ms


2019-05-03-01-15-22   >>>>   Start verify ranking function

[xi_0 = 1, xi_1 = 1]
ranking function :  - 0.1 *  x[0]^0.5 *  x[1]^-1.0 + 0.1 *  x[0]^1.0 *  x[1]^-1.0

2019-05-03-01-15-22   >>>>   End verify ranking function

verifying time = 19.038 ms


Not Found Ranking Fcuntion

Conterexample is 

[1, 1]

sampling time = 0.594 ms


       ########################################         

iteration 5 with 146 examples

2019-05-03-01-15-22   >>>>   Start train ranking function

2019-05-03-01-15-22   >>>>   End train ranking function

train_ranking_functioning time = 5.383 ms


2019-05-03-01-15-22   >>>>   Start verify ranking function

[xi_0 = 0, xi_1 = 1]
ranking function : 0.1 *  x[0]^1.0 *  x[1]^-1.0

2019-05-03-01-15-22   >>>>   End verify ranking function

verifying time = 10.696 ms


Not Found Ranking Fcuntion

Conterexample is 

[0, 1]

sampling time = 0.653 ms


       ########################################         

iteration 6 with 148 examples

2019-05-03-01-15-22   >>>>   Start train ranking function

2019-05-03-01-15-22   >>>>   End train ranking function

train_ranking_functioning time = 5.452 ms


2019-05-03-01-15-22   >>>>   Start verify ranking function

[xi_0 = 0, xi_1 = 1]
ranking function : 0.1 *  x[0]^1.0 *  x[1]^-1.0

2019-05-03-01-15-22   >>>>   End verify ranking function

verifying time = 10.134 ms


Not Found Ranking Fcuntion

Conterexample is 

[0, 1]

sampling time = 0.587 ms


       ########################################         

iteration 7 with 150 examples

2019-05-03-01-15-22   >>>>   Start train ranking function

2019-05-03-01-15-22   >>>>   End train ranking function

train_ranking_functioning time = 5.392 ms


2019-05-03-01-15-22   >>>>   Start verify ranking function

[xi_0 = 1, xi_1 = -1]
ranking function : 0.1 *  x[0]^0.5 *  x[1]^-1.0 + 0.1 *  x[0]^1.0 *  x[1]^-1.0

2019-05-03-01-15-22   >>>>   End verify ranking function

verifying time = 19.943 ms


Not Found Ranking Fcuntion

Conterexample is 

[1, -1]

sampling time = 0.581 ms


       ########################################         

iteration 8 with 152 examples

2019-05-03-01-15-22   >>>>   Start train ranking function

2019-05-03-01-15-22   >>>>   End train ranking function

train_ranking_functioning time = 5.576 ms


2019-05-03-01-15-22   >>>>   Start verify ranking function

[xi_0 = 0, xi_1 = 1]
ranking function : 0.1 *  x[0]^1.0 *  x[1]^-1.0

2019-05-03-01-15-22   >>>>   End verify ranking function

verifying time = 11.220 ms


Not Found Ranking Fcuntion

Conterexample is 

[0, 1]

sampling time = 0.587 ms


       ########################################         

iteration 9 with 154 examples

2019-05-03-01-15-22   >>>>   Start train ranking function

2019-05-03-01-15-22   >>>>   End train ranking function

train_ranking_functioning time = 5.558 ms


2019-05-03-01-15-22   >>>>   Start verify ranking function

[xi_0 = 0, xi_1 = 0]
ranking function : 0.1 *  x[0]^1.0 *  x[1]^-1.0

2019-05-03-01-15-22   >>>>   End verify ranking function

verifying time = 8.440 ms


Not Found Ranking Fcuntion

Conterexample is 

[0, 0]

sampling time = 0.576 ms


       ########################################         

iteration 10 with 156 examples

2019-05-03-01-15-22   >>>>   Start train ranking function

2019-05-03-01-15-22   >>>>   End train ranking function

train_ranking_functioning time = 5.580 ms


2019-05-03-01-15-22   >>>>   Start verify ranking function

[xi_0 = 0, xi_1 = 1]
ranking function : 0.1 *  x[0]^1.0 *  x[1]^-1.0

2019-05-03-01-15-22   >>>>   End verify ranking function

verifying time = 9.938 ms


Not Found Ranking Fcuntion

Conterexample is 

[0, 1]

sampling time = 0.589 ms


       ########################################         

iteration 11 with 158 examples

2019-05-03-01-15-22   >>>>   Start train ranking function

2019-05-03-01-15-22   >>>>   End train ranking function

train_ranking_functioning time = 5.728 ms


2019-05-03-01-15-22   >>>>   Start verify ranking function

[xi_0 = 0, xi_1 = 0]
ranking function : 0.1 *  x[0]^1.0 *  x[1]^-1.0

2019-05-03-01-15-22   >>>>   End verify ranking function

verifying time = 8.727 ms


Not Found Ranking Fcuntion

Conterexample is 

[0, 0]

sampling time = 0.582 ms


       ########################################         

iteration 12 with 160 examples

2019-05-03-01-15-22   >>>>   Start train ranking function

2019-05-03-01-15-22   >>>>   End train ranking function

train_ranking_functioning time = 5.709 ms


2019-05-03-01-15-22   >>>>   Start verify ranking function

[xi_0 = 0, xi_1 = 1]
ranking function : 0.1 *  x[0]^1.0 *  x[1]^-1.0

2019-05-03-01-15-22   >>>>   End verify ranking function

verifying time = 10.341 ms


Not Found Ranking Fcuntion

Conterexample is 

[0, 1]

sampling time = 0.625 ms


       ########################################         

iteration 13 with 162 examples

2019-05-03-01-15-22   >>>>   Start train ranking function

5
2019-05-03-01-15-22   >>>>   End train ranking function

train_ranking_functioning time = 5.778 ms


2019-05-03-01-15-22   >>>>   Start verify ranking function

[xi_0 = 0, xi_1 = 1]
ranking function : 0.1 *  x[0]^1.0 *  x[1]^-1.0

2019-05-03-01-15-22   >>>>   End verify ranking function

verifying time = 10.047 ms


Not Found Ranking Fcuntion

Conterexample is 

[0, 1]

sampling time = 0.601 ms


       ########################################         

iteration 14 with 164 examples

2019-05-03-01-15-22   >>>>   Start train ranking function

2019-05-03-01-15-22   >>>>   End train ranking function

train_ranking_functioning time = 5.746 ms


2019-05-03-01-15-22   >>>>   Start verify ranking function

[xi_0 = 1, xi_1 = -1]
ranking function : 0.0284 *  x[0]^0.5 *  x[1]^-1.0 + 0.0608 *  x[0]^1.0 *  x[1]^-1.0

2019-05-03-01-15-22   >>>>   End verify ranking function

verifying time = 19.023 ms


Not Found Ranking Fcuntion

Conterexample is 

[1, -1]

sampling time = 0.593 ms


       ########################################         

iteration 15 with 166 examples

2019-05-03-01-15-22   >>>>   Start train ranking function

2019-05-03-01-15-22   >>>>   End train ranking function

train_ranking_functioning time = 5.944 ms


2019-05-03-01-15-22   >>>>   Start verify ranking function

[xi_0 = 3, xi_1 = -1]
ranking function :  - 0.0402 *  x[0]^0.5 *  x[1]^-1.0 + 0.0777 *  x[0]^1.0 *  x[1]^-1.0

2019-05-03-01-15-22   >>>>   End verify ranking function

verifying time = 21.205 ms


Not Found Ranking Fcuntion

Conterexample is 

[3, -1]

sampling time = 0.593 ms


       ########################################         

iteration 16 with 168 examples

2019-05-03-01-15-22   >>>>   Start train ranking function

2019-05-03-01-15-22   >>>>   End train ranking function

train_ranking_functioning time = 6.066 ms


2019-05-03-01-15-22   >>>>   Start verify ranking function

[xi_0 = 3, xi_1 = -1]
ranking function :  - 0.0546 *  x[0]^0.5 *  x[1]^-1.0 + 0.0597 *  x[0]^1.0 *  x[1]^-1.0

2019-05-03-01-15-22   >>>>   End verify ranking function

verifying time = 21.762 ms


Not Found Ranking Fcuntion

Conterexample is 

[3, -1]

sampling time = 0.640 ms


       ########################################         

iteration 17 with 170 examples

2019-05-03-01-15-22   >>>>   Start train ranking function

2019-05-03-01-15-22   >>>>   End train ranking function

train_ranking_functioning time = 6.075 ms


2019-05-03-01-15-22   >>>>   Start verify ranking function

[xi_0 = 1, xi_1 = 1]
ranking function :  - 0.1226 *  x[0]^0.5 *  x[1]^-1.0 + 0.0788 *  x[0]^1.0 *  x[1]^-1.0

2019-05-03-01-15-22   >>>>   End verify ranking function

verifying time = 18.722 ms


Not Found Ranking Fcuntion

Conterexample is 

[1, 1]

sampling time = 0.744 ms


       ########################################         

iteration 18 with 172 examples

2019-05-03-01-15-22   >>>>   Start train ranking function

2019-05-03-01-15-22   >>>>   End train ranking function

train_ranking_functioning time = 6.697 ms


2019-05-03-01-15-22   >>>>   Start verify ranking function

[xi_0 = 3, xi_1 = -1]
ranking function :  - 0.0353 *  x[0]^0.5 *  x[1]^-1.0 + 0.0492 *  x[0]^1.0 *  x[1]^-1.0

2019-05-03-01-15-22   >>>>   End verify ranking function

verifying time = 23.608 ms


Not Found Ranking Fcuntion

Conterexample is 

[3, -1]

sampling time = 0.599 ms


       ########################################         

iteration 19 with 174 examples

2019-05-03-01-15-22   >>>>   Start train ranking function

2019-05-03-01-15-22   >>>>   End train ranking function

train_ranking_functioning time = 6.242 ms


2019-05-03-01-15-22   >>>>   Start verify ranking function

[xi_0 = 1, xi_1 = 1]
ranking function :  - 0.076 *  x[0]^0.5 *  x[1]^-1.0 + 0.0512 *  x[0]^1.0 *  x[1]^-1.0

2019-05-03-01-15-22   >>>>   End verify ranking function

verifying time = 20.237 ms


Not Found Ranking Fcuntion

Conterexample is 

[1, 1]

sampling time = 0.623 ms


       ########################################         

iteration 20 with 176 examples

2019-05-03-01-15-22   >>>>   Start train ranking function

2019-05-03-01-15-22   >>>>   End train ranking function

train_ranking_functioning time = 6.397 ms


2019-05-03-01-15-22   >>>>   Start verify ranking function

[xi_0 = 3, xi_1 = -1]
ranking function :  - 0.0247 *  x[0]^0.5 *  x[1]^-1.0 + 0.0436 *  x[0]^1.0 *  x[1]^-1.0

2019-05-03-01-15-22   >>>>   End verify ranking function

verifying time = 15.847 ms


Not Found Ranking Fcuntion

Conterexample is 

[3, -1]

sampling time = 0.604 ms


       ########################################         

iteration 21 with 178 examples

2019-05-03-01-15-22   >>>>   Start train ranking function

2019-05-03-01-15-22   >>>>   End train ranking function

train_ranking_functioning time = 6.482 ms


2019-05-03-01-15-22   >>>>   Start verify ranking function

[xi_0 = 1, xi_1 = 1]
ranking function :  - 0.0466 *  x[0]^0.5 *  x[1]^-1.0 + 0.0387 *  x[0]^1.0 *  x[1]^-1.0

2019-05-03-01-15-22   >>>>   End verify ranking function

verifying time = 20.578 ms


Not Found Ranking Fcuntion

Conterexample is 

[1, 1]

sampling time = 0.590 ms


       ########################################         

iteration 22 with 180 examples

2019-05-03-01-15-22   >>>>   Start train ranking function

2019-05-03-01-15-22   >>>>   End train ranking function

train_ranking_functioning time = 6.501 ms


2019-05-03-01-15-22   >>>>   Start verify ranking function

[xi_0 = 1, xi_1 = -1]
ranking function : 0.0083 *  x[0]^0.5 *  x[1]^-1.0 + 0.0248 *  x[0]^1.0 *  x[1]^-1.0

2019-05-03-01-15-22   >>>>   End verify ranking function

verifying time = 21.428 ms


Not Found Ranking Fcuntion

Conterexample is 

[1, -1]

sampling time = 0.653 ms


       ########################################         

iteration 23 with 182 examples

2019-05-03-01-15-22   >>>>   Start train ranking function

2019-05-03-01-15-22   >>>>   End train ranking function

train_ranking_functioning time = 6.704 ms


2019-05-03-01-15-22   >>>>   Start verify ranking function

[xi_0 = 3, xi_1 = -1]
ranking function :  - 0.0143 *  x[0]^0.5 *  x[1]^-1.0 + 0.0216 *  x[0]^1.0 *  x[1]^-1.0

2019-05-03-01-15-22   >>>>   End verify ranking function

verifying time = 21.066 ms


Not Found Ranking Fcuntion

Conterexample is 

[3, -1]

sampling time = 0.601 ms


       ########################################         

iteration 24 with 184 examples

2019-05-03-01-15-22   >>>>   Start train ranking function

2019-05-03-01-15-22   >>>>   End train ranking function

train_ranking_functioning time = 6.668 ms


2019-05-03-01-15-22   >>>>   Start verify ranking function

[xi_0 = 1, xi_1 = 1]
ranking function :  - 0.0588 *  x[0]^0.5 *  x[1]^-1.0 + 0.0328 *  x[0]^1.0 *  x[1]^-1.0

2019-05-03-01-15-22   >>>>   End verify ranking function

verifying time = 20.463 ms


Not Found Ranking Fcuntion

Conterexample is 

[1, 1]

sampling time = 0.596 ms


Failed to prove it is terminated

UNKNOWN
------Using Template 2 -----------
9 [3, 3, 3]
*****************************************************

2019-05-03-01-15-22   >>>>   End sampling point

sampling time = 142.870 ms,


       ########################################         

iteration 0 with 272 examples

2019-05-03-01-15-22   >>>>   Start train ranking function

2019-05-03-01-15-22   >>>>   End train ranking function

train_ranking_functioning time = 4.177 ms


2019-05-03-01-15-22   >>>>   Start verify ranking function

[xi_0 = 0, xi_1 = 9]
ranking function : 2.8 *  x[0]^1.0 + 0.9 *  x[1]^1.0 + 1.0 * 1; 0.8 *  x[0]^1.0 - 0.1 *  x[1]^1.0 + 0.9 * 1; 1.0 * 1

2019-05-03-01-15-22   >>>>   End verify ranking function

verifying time = 7.138 ms


Not Found Ranking Fcuntion

Conterexample is 

[0, 9]

sampling time = 1.995 ms


       ########################################         

iteration 1 with 276 examples

2019-05-03-01-15-22   >>>>   Start train ranking function

2019-05-03-01-15-22   >>>>   End train ranking function

train_ranking_functioning time = 4.246 ms


2019-05-03-01-15-22   >>>>   Start verify ranking function

[xi_0 = 0, xi_1 = 9]
ranking function : 2.8 *  x[0]^1.0 + 0.9 *  x[1]^1.0 + 1.0 * 1; 0.8 *  x[0]^1.0 - 0.1 *  x[1]^1.0 + 0.9 * 1; 1.0 * 1

2019-05-03-01-15-22   >>>>   End verify ranking function

verifying time = 7.044 ms


Not Found Ranking Fcuntion

Conterexample is 

[0, 9]

sampling time = 2.012 ms


       ########################################         

iteration 2 with 280 examples

2019-05-03-01-15-22   >>>>   Start train ranking function

2019-05-03-01-15-22   >>>>   End train ranking function

train_ranking_functioning time = 4.311 ms


2019-05-03-01-15-22   >>>>   Start verify ranking function

[xi_0 = 0, xi_1 = 9]
ranking function : 2.8 *  x[0]^1.0 + 0.9 *  x[1]^1.0 + 1.0 * 1; 0.8 *  x[0]^1.0 - 0.1 *  x[1]^1.0 + 0.9 * 1; 1.0 * 1

2019-05-03-01-15-22   >>>>   End verify ranking function

verifying time = 7.078 ms


Not Found Ranking Fcuntion

Conterexample is 

[0, 9]

sampling time = 2.020 ms


       ########################################         

iteration 3 with 284 examples

2019-05-03-01-15-22   >>>>   Start train ranking function

2019-05-03-01-15-22   >>>>   End train ranking function

train_ranking_functioning time = 4.459 ms


2019-05-03-01-15-22   >>>>   Start verify ranking function

[xi_0 = 0, xi_1 = 9]
ranking function : 2.8 *  x[0]^1.0 + 0.9 *  x[1]^1.0 + 1.0 * 1; 0.8 *  x[0]^1.0 - 0.1 *  x[1]^1.0 + 0.9 * 1; 1.0 * 1

2019-05-03-01-15-22   >>>>   End verify ranking function

verifying time = 7.049 ms


Not Found Ranking Fcuntion

Conterexample is 

[0, 9]

sampling time = 2.021 ms


       ########################################         

iteration 4 with 288 examples

2019-05-03-01-15-22   >>>>   Start train ranking function

2019-05-03-01-15-22   >>>>   End train ranking function

train_ranking_functioning time = 4.743 ms


2019-05-03-01-15-22   >>>>   Start verify ranking function

[xi_0 = 0, xi_1 = 9]
ranking function : 2.8 *  x[0]^1.0 + 0.9 *  x[1]^1.0 + 1.0 * 1; 0.8 *  x[0]^1.0 - 0.1 *  x[1]^1.0 + 0.9 * 1; 1.0 * 1

2019-05-03-01-15-22   >>>>   End verify ranking function

verifying time = 7.133 ms


Not Found Ranking Fcuntion

Conterexample is 

[0, 9]

sampling time = 2.038 ms


       ########################################         

iteration 5 with 292 examples

2019-05-03-01-15-22   >>>>   Start train ranking function

5
2019-05-03-01-15-22   >>>>   End train ranking function

train_ranking_functioning time = 4.786 ms


2019-05-03-01-15-22   >>>>   Start verify ranking function

[xi_0 = 0, xi_1 = 9]
ranking function : 2.8 *  x[0]^1.0 + 0.9 *  x[1]^1.0 + 1.0 * 1; 0.8 *  x[0]^1.0 - 0.1 *  x[1]^1.0 + 0.9 * 1; 1.0 * 1

2019-05-03-01-15-22   >>>>   End verify ranking function

verifying time = 7.043 ms


Not Found Ranking Fcuntion

Conterexample is 

[0, 9]

sampling time = 2.050 ms


       ########################################         

iteration 6 with 296 examples

2019-05-03-01-15-22   >>>>   Start train ranking function

2019-05-03-01-15-22   >>>>   End train ranking function

train_ranking_functioning time = 5.472 ms


2019-05-03-01-15-22   >>>>   Start verify ranking function

valid ranking function
ranking function : 3.0 *  x[0]^1.0 + 1.0 *  x[1]^1.0 + 1.0 * 1; 1.0 *  x[0]^1.0 + 1.0 * 1; 1.0 * 1

2019-05-03-01-15-22   >>>>   End verify ranking function

verifying time = 14.090 ms


Found Ranking Fcuntion: 3.0 *  x[0]^1.0 + 1.0 *  x[1]^1.0 + 1.0 * 1; 1.0 *  x[0]^1.0 + 1.0 * 1; 1.0 * 1

3.0 *  x[0]^1.0 + 1.0 *  x[1]^1.0 + 1.0 * 1; 1.0 *  x[0]^1.0 + 1.0 * 1; 1.0 * 1
FINATE
Time For ../Program_non/126.bpl Is ---> 1466.492000 ms

