------Using Template 0 -----------
6 [6]
*****************************************************

2019-05-03-01-20-26   >>>>   End sampling point

sampling time = 92.755 ms,


       ########################################         

iteration 0 with 100 examples

2019-05-03-01-20-26   >>>>   Start train ranking function

2019-05-03-01-20-26   >>>>   End train ranking function

train_ranking_functioning time = 0.546 ms


2019-05-03-01-20-26   >>>>   Start verify ranking function

ranking function : 1.0 *  x[0]^1.0 + 0.1 *  x[1]^1.0 + 0.1 *  x[2]^1.0 + 0.1 *  x[3]^1.0 + 0.9 * 1

2019-05-03-01-20-26   >>>>   End verify ranking function

verifying time = 11.720 ms


Not Found Ranking Fcuntion

Conterexample is 

[0, -10, 0, 0, 0]

sampling time = 1.767 ms


       ########################################         

iteration 1 with 102 examples

2019-05-03-01-20-26   >>>>   Start train ranking function

2019-05-03-01-20-26   >>>>   End train ranking function

train_ranking_functioning time = 0.508 ms


2019-05-03-01-20-26   >>>>   Start verify ranking function

valid ranking function
ranking function : 1.0 *  x[0]^1.0 + 1.0 * 1

2019-05-03-01-20-26   >>>>   End verify ranking function

verifying time = 10.491 ms


Found Ranking Fcuntion: 1.0 *  x[0]^1.0 + 1.0 * 1

1.0 *  x[0]^1.0 + 1.0 * 1
FINITE
Time For ../Program_non/133.bpl Is ---> 290.845000 ms

