------Using Template 0 -----------
52 [52]
*****************************************************

2019-05-03-01-30-28   >>>>   End sampling point

sampling time = 182.892 ms,


       ########################################         

iteration 0 with 6 examples

2019-05-03-01-30-28   >>>>   Start train ranking function

2019-05-03-01-30-28   >>>>   End train ranking function

train_ranking_functioning time = 0.735 ms


2019-05-03-01-30-28   >>>>   Start verify ranking function

[xi_0 = 0]
ranking function : 0.9 * 1

2019-05-03-01-30-28   >>>>   End verify ranking function

verifying time = 76.441 ms


Not Found Ranking Fcuntion

Conterexample is 

[0, 0, 0, 0, 0, 0, 0, 0, 0, 0, 0, 0, 0, 0, 0, 0, 0, 0, 0, 0, 0, 0, 0, 0, 0, 0, 0, 0, 0, 0, 0, 0, 0, 0, 0, 0, 0, 0, 0, 0, 0, 0, 0, 0, 0, 0, 0, 0, 0, 0, 0]

sampling time = 58.016 ms


       ########################################         

iteration 1 with 8 examples

2019-05-03-01-30-28   >>>>   Start train ranking function

2019-05-03-01-30-28   >>>>   End train ranking function

train_ranking_functioning time = 0.708 ms


2019-05-03-01-30-28   >>>>   Start verify ranking function

[xi_0 = 0]
ranking function : 0.9 * 1

2019-05-03-01-30-28   >>>>   End verify ranking function

verifying time = 75.246 ms


Not Found Ranking Fcuntion

Conterexample is 

[0, 0, 0, 0, 0, 0, 0, 0, 0, 0, 0, 0, 0, 0, 0, 0, 0, 0, 0, 0, 0, 0, 0, 0, 0, 0, 0, 0, 0, 0, 0, 0, 0, 0, 0, 0, 0, 0, 0, 0, 0, 0, 0, 0, 0, 0, 0, 0, 0, 0, 0]

sampling time = 57.981 ms


       ########################################         

iteration 2 with 10 examples

2019-05-03-01-30-28   >>>>   Start train ranking function

2019-05-03-01-30-28   >>>>   End train ranking function

train_ranking_functioning time = 0.773 ms


2019-05-03-01-30-28   >>>>   Start verify ranking function

[xi_0 = 0]
ranking function : 0.9 * 1

2019-05-03-01-30-28   >>>>   End verify ranking function

verifying time = 74.887 ms


Not Found Ranking Fcuntion

Conterexample is 

[0, 0, 0, 0, 0, 0, 0, 0, 0, 0, 0, 0, 0, 0, 0, 0, 0, 0, 0, 0, 0, 0, 0, 0, 0, 0, 0, 0, 0, 0, 0, 0, 0, 0, 0, 0, 0, 0, 0, 0, 0, 0, 0, 0, 0, 0, 0, 0, 0, 0, 0]

sampling time = 58.091 ms


       ########################################         

iteration 3 with 12 examples

2019-05-03-01-30-28   >>>>   Start train ranking function

2019-05-03-01-30-28   >>>>   End train ranking function

train_ranking_functioning time = 0.839 ms


2019-05-03-01-30-28   >>>>   Start verify ranking function

[xi_0 = 0]
ranking function : 0.9 * 1

2019-05-03-01-30-28   >>>>   End verify ranking function

verifying time = 75.822 ms


Not Found Ranking Fcuntion

Conterexample is 

[0, 0, 0, 0, 0, 0, 0, 0, 0, 0, 0, 0, 0, 0, 0, 0, 0, 0, 0, 0, 0, 0, 0, 0, 0, 0, 0, 0, 0, 0, 0, 0, 0, 0, 0, 0, 0, 0, 0, 0, 0, 0, 0, 0, 0, 0, 0, 0, 0, 0, 0]

sampling time = 58.841 ms


       ########################################         

iteration 4 with 14 examples

2019-05-03-01-30-29   >>>>   Start train ranking function

2019-05-03-01-30-29   >>>>   End train ranking function

train_ranking_functioning time = 0.955 ms


2019-05-03-01-30-29   >>>>   Start verify ranking function

[xi_0 = 0]
ranking function : 0.9 * 1

2019-05-03-01-30-29   >>>>   End verify ranking function

verifying time = 75.407 ms


Not Found Ranking Fcuntion

Conterexample is 

[0, 0, 0, 0, 0, 0, 0, 0, 0, 0, 0, 0, 0, 0, 0, 0, 0, 0, 0, 0, 0, 0, 0, 0, 0, 0, 0, 0, 0, 0, 0, 0, 0, 0, 0, 0, 0, 0, 0, 0, 0, 0, 0, 0, 0, 0, 0, 0, 0, 0, 0]

sampling time = 58.044 ms


       ########################################         

iteration 5 with 16 examples

2019-05-03-01-30-29   >>>>   Start train ranking function

5
2019-05-03-01-30-29   >>>>   End train ranking function

train_ranking_functioning time = 1.013 ms


2019-05-03-01-30-29   >>>>   Start verify ranking function

[xi_0 = 0]
ranking function : 0.9 * 1

2019-05-03-01-30-29   >>>>   End verify ranking function

verifying time = 75.451 ms


Not Found Ranking Fcuntion

Conterexample is 

[0, 0, 0, 0, 0, 0, 0, 0, 0, 0, 0, 0, 0, 0, 0, 0, 0, 0, 0, 0, 0, 0, 0, 0, 0, 0, 0, 0, 0, 0, 0, 0, 0, 0, 0, 0, 0, 0, 0, 0, 0, 0, 0, 0, 0, 0, 0, 0, 0, 0, 0]

sampling time = 57.519 ms


       ########################################         

iteration 6 with 18 examples

2019-05-03-01-30-29   >>>>   Start train ranking function

2019-05-03-01-30-29   >>>>   End train ranking function

train_ranking_functioning time = 1.084 ms


2019-05-03-01-30-29   >>>>   Start verify ranking function

ranking function :  - 0.02 *  x[1]^1.0 - 0.02 *  x[2]^1.0 - 0.02 *  x[3]^1.0 - 0.02 *  x[4]^1.0 - 0.02 *  x[5]^1.0 - 0.02 *  x[6]^1.0 - 0.02 *  x[7]^1.0 - 0.02 *  x[8]^1.0 - 0.02 *  x[9]^1.0 - 0.02 *  x[10]^1.0 - 0.02 *  x[11]^1.0 - 0.02 *  x[12]^1.0 - 0.02 *  x[13]^1.0 - 0.02 *  x[14]^1.0 - 0.02 *  x[15]^1.0 - 0.02 *  x[16]^1.0 - 0.02 *  x[17]^1.0 - 0.02 *  x[18]^1.0 - 0.02 *  x[19]^1.0 - 0.02 *  x[20]^1.0 - 0.02 *  x[21]^1.0 - 0.02 *  x[22]^1.0 - 0.02 *  x[23]^1.0 - 0.02 *  x[24]^1.0 - 0.02 *  x[25]^1.0 - 0.02 *  x[26]^1.0 - 0.02 *  x[27]^1.0 - 0.02 *  x[28]^1.0 - 0.02 *  x[29]^1.0 - 0.02 *  x[30]^1.0 - 0.02 *  x[31]^1.0 - 0.02 *  x[32]^1.0 - 0.02 *  x[33]^1.0 - 0.02 *  x[34]^1.0 - 0.02 *  x[35]^1.0 - 0.02 *  x[36]^1.0 - 0.02 *  x[37]^1.0 - 0.02 *  x[38]^1.0 - 0.02 *  x[39]^1.0 - 0.02 *  x[40]^1.0 - 0.02 *  x[41]^1.0 - 0.02 *  x[42]^1.0 - 0.02 *  x[43]^1.0 - 0.02 *  x[44]^1.0 - 0.02 *  x[45]^1.0 - 0.02 *  x[46]^1.0 - 0.02 *  x[47]^1.0 - 0.02 *  x[48]^1.0 - 0.02 *  x[49]^1.0 - 0.02 *  x[50]^1.0 + 0.9474 * 1

2019-05-03-01-30-29   >>>>   End verify ranking function

verifying time = 110.987 ms


Not Found Ranking Fcuntion

Conterexample is 

[0, 0, 0, 0, 0, 0, 0, 0, 0, 0, 0, 0, 0, 0, 0, 0, 0, 0, 0, 0, 0, 0, 0, 0, 0, 0, 0, 0, 0, 0, 0, 0, 0, 0, 0, 0, 0, 48, 0, 0, 0, 0, 0, 0, 0, 0, 0, 0, 0, 0, 0]

sampling time = 58.180 ms


       ########################################         

iteration 7 with 20 examples

2019-05-03-01-30-29   >>>>   Start train ranking function

2019-05-03-01-30-29   >>>>   End train ranking function

train_ranking_functioning time = 1.165 ms


2019-05-03-01-30-29   >>>>   Start verify ranking function

ranking function :  - 0.0204 *  x[1]^1.0 - 0.0204 *  x[2]^1.0 - 0.0204 *  x[3]^1.0 - 0.0204 *  x[4]^1.0 - 0.0204 *  x[5]^1.0 - 0.0204 *  x[6]^1.0 - 0.0204 *  x[7]^1.0 - 0.0204 *  x[8]^1.0 - 0.0204 *  x[9]^1.0 - 0.0204 *  x[10]^1.0 - 0.0204 *  x[11]^1.0 - 0.0204 *  x[12]^1.0 - 0.0204 *  x[13]^1.0 - 0.0204 *  x[14]^1.0 - 0.0204 *  x[15]^1.0 - 0.0204 *  x[16]^1.0 - 0.0204 *  x[17]^1.0 - 0.0204 *  x[18]^1.0 - 0.0204 *  x[19]^1.0 - 0.0204 *  x[20]^1.0 - 0.0204 *  x[21]^1.0 - 0.0204 *  x[22]^1.0 - 0.0204 *  x[23]^1.0 - 0.0204 *  x[24]^1.0 - 0.0204 *  x[25]^1.0 - 0.0204 *  x[26]^1.0 - 0.0204 *  x[27]^1.0 - 0.0204 *  x[28]^1.0 - 0.0204 *  x[29]^1.0 - 0.0204 *  x[30]^1.0 - 0.0204 *  x[31]^1.0 - 0.0204 *  x[32]^1.0 - 0.0204 *  x[33]^1.0 - 0.0204 *  x[34]^1.0 - 0.0204 *  x[35]^1.0 - 0.0204 *  x[36]^1.0 + 0.0011 *  x[37]^1.0 - 0.0204 *  x[38]^1.0 - 0.0204 *  x[39]^1.0 - 0.0204 *  x[40]^1.0 - 0.0204 *  x[41]^1.0 - 0.0204 *  x[42]^1.0 - 0.0204 *  x[43]^1.0 - 0.0204 *  x[44]^1.0 - 0.0204 *  x[45]^1.0 - 0.0204 *  x[46]^1.0 - 0.0204 *  x[47]^1.0 - 0.0204 *  x[48]^1.0 - 0.0204 *  x[49]^1.0 - 0.0204 *  x[50]^1.0 + 0.9474 * 1

2019-05-03-01-30-29   >>>>   End verify ranking function

verifying time = 110.811 ms


Not Found Ranking Fcuntion

Conterexample is 

[0, 0, 0, 0, 0, 0, 0, 0, 0, 0, 0, 0, 0, 0, 0, 0, 0, 0, 0, 0, 0, 0, 0, 0, 0, 0, 0, 0, 0, 0, 0, 0, 0, 0, 0, 0, 0, 0, 0, 0, 0, 0, 0, 0, 0, 0, 0, 0, 47, 0, 0]

sampling time = 57.787 ms


       ########################################         

iteration 8 with 22 examples

2019-05-03-01-30-29   >>>>   Start train ranking function

2019-05-03-01-30-29   >>>>   End train ranking function

train_ranking_functioning time = 1.278 ms


2019-05-03-01-30-29   >>>>   Start verify ranking function

ranking function :  - 0.0209 *  x[1]^1.0 - 0.0209 *  x[2]^1.0 - 0.0209 *  x[3]^1.0 - 0.0209 *  x[4]^1.0 - 0.0209 *  x[5]^1.0 - 0.0209 *  x[6]^1.0 - 0.0209 *  x[7]^1.0 - 0.0209 *  x[8]^1.0 - 0.0209 *  x[9]^1.0 - 0.0209 *  x[10]^1.0 - 0.0209 *  x[11]^1.0 - 0.0209 *  x[12]^1.0 - 0.0209 *  x[13]^1.0 - 0.0209 *  x[14]^1.0 - 0.0209 *  x[15]^1.0 - 0.0209 *  x[16]^1.0 - 0.0209 *  x[17]^1.0 - 0.0209 *  x[18]^1.0 - 0.0209 *  x[19]^1.0 - 0.0209 *  x[20]^1.0 - 0.0209 *  x[21]^1.0 - 0.0209 *  x[22]^1.0 - 0.0209 *  x[23]^1.0 - 0.0209 *  x[24]^1.0 - 0.0209 *  x[25]^1.0 - 0.0209 *  x[26]^1.0 - 0.0209 *  x[27]^1.0 - 0.0209 *  x[28]^1.0 - 0.0209 *  x[29]^1.0 - 0.0209 *  x[30]^1.0 - 0.0209 *  x[31]^1.0 - 0.0209 *  x[32]^1.0 - 0.0209 *  x[33]^1.0 - 0.0209 *  x[34]^1.0 - 0.0209 *  x[35]^1.0 - 0.0209 *  x[36]^1.0 + 0.0011 *  x[37]^1.0 - 0.0209 *  x[38]^1.0 - 0.0209 *  x[39]^1.0 - 0.0209 *  x[40]^1.0 - 0.0209 *  x[41]^1.0 - 0.0209 *  x[42]^1.0 - 0.0209 *  x[43]^1.0 - 0.0209 *  x[44]^1.0 - 0.0209 *  x[45]^1.0 - 0.0209 *  x[46]^1.0 - 0.0209 *  x[47]^1.0 + 0.0011 *  x[48]^1.0 - 0.0209 *  x[49]^1.0 - 0.0209 *  x[50]^1.0 + 0.9474 * 1

2019-05-03-01-30-29   >>>>   End verify ranking function

verifying time = 112.471 ms


Not Found Ranking Fcuntion

Conterexample is 

[0, 0, 0, 0, 0, 0, 0, 0, 0, 0, 0, 0, 0, 0, 0, 0, 0, 0, 0, 0, 0, 46, 0, 0, 0, 0, 0, 0, 0, 0, 0, 0, 0, 0, 0, 0, 0, 0, 0, 0, 0, 0, 0, 0, 0, 0, 0, 0, 0, 0, 0]

sampling time = 59.633 ms


       ########################################         

iteration 9 with 24 examples

2019-05-03-01-30-30   >>>>   Start train ranking function

2019-05-03-01-30-30   >>>>   End train ranking function

train_ranking_functioning time = 1.295 ms


2019-05-03-01-30-30   >>>>   Start verify ranking function

ranking function :  - 0.0213 *  x[1]^1.0 - 0.0213 *  x[2]^1.0 - 0.0213 *  x[3]^1.0 - 0.0213 *  x[4]^1.0 - 0.0213 *  x[5]^1.0 - 0.0213 *  x[6]^1.0 - 0.0213 *  x[7]^1.0 - 0.0213 *  x[8]^1.0 - 0.0213 *  x[9]^1.0 - 0.0213 *  x[10]^1.0 - 0.0213 *  x[11]^1.0 - 0.0213 *  x[12]^1.0 - 0.0213 *  x[13]^1.0 - 0.0213 *  x[14]^1.0 - 0.0213 *  x[15]^1.0 - 0.0213 *  x[16]^1.0 - 0.0213 *  x[17]^1.0 - 0.0213 *  x[18]^1.0 - 0.0213 *  x[19]^1.0 - 0.0213 *  x[20]^1.0 + 0.0011 *  x[21]^1.0 - 0.0213 *  x[22]^1.0 - 0.0213 *  x[23]^1.0 - 0.0213 *  x[24]^1.0 - 0.0213 *  x[25]^1.0 - 0.0213 *  x[26]^1.0 - 0.0213 *  x[27]^1.0 - 0.0213 *  x[28]^1.0 - 0.0213 *  x[29]^1.0 - 0.0213 *  x[30]^1.0 - 0.0213 *  x[31]^1.0 - 0.0213 *  x[32]^1.0 - 0.0213 *  x[33]^1.0 - 0.0213 *  x[34]^1.0 - 0.0213 *  x[35]^1.0 - 0.0213 *  x[36]^1.0 + 0.0011 *  x[37]^1.0 - 0.0213 *  x[38]^1.0 - 0.0213 *  x[39]^1.0 - 0.0213 *  x[40]^1.0 - 0.0213 *  x[41]^1.0 - 0.0213 *  x[42]^1.0 - 0.0213 *  x[43]^1.0 - 0.0213 *  x[44]^1.0 - 0.0213 *  x[45]^1.0 - 0.0213 *  x[46]^1.0 - 0.0213 *  x[47]^1.0 + 0.0011 *  x[48]^1.0 - 0.0213 *  x[49]^1.0 - 0.0213 *  x[50]^1.0 + 0.9474 * 1

2019-05-03-01-30-30   >>>>   End verify ranking function

verifying time = 112.671 ms


Not Found Ranking Fcuntion

Conterexample is 

[0, 0, 0, 0, 0, 0, 0, 0, 0, 0, 0, 0, 0, 0, 0, 0, 0, 0, 0, 45, 0, 0, 0, 0, 0, 0, 0, 0, 0, 0, 0, 0, 0, 0, 0, 0, 0, 0, 0, 0, 0, 0, 0, 0, 0, 0, 0, 0, 0, 0, 0]

sampling time = 58.808 ms


       ########################################         

iteration 10 with 26 examples

2019-05-03-01-30-30   >>>>   Start train ranking function

2019-05-03-01-30-30   >>>>   End train ranking function

train_ranking_functioning time = 1.353 ms


2019-05-03-01-30-30   >>>>   Start verify ranking function

ranking function :  - 0.0218 *  x[1]^1.0 - 0.0218 *  x[2]^1.0 - 0.0218 *  x[3]^1.0 - 0.0218 *  x[4]^1.0 - 0.0218 *  x[5]^1.0 - 0.0218 *  x[6]^1.0 - 0.0218 *  x[7]^1.0 - 0.0218 *  x[8]^1.0 - 0.0218 *  x[9]^1.0 - 0.0218 *  x[10]^1.0 - 0.0218 *  x[11]^1.0 - 0.0218 *  x[12]^1.0 - 0.0218 *  x[13]^1.0 - 0.0218 *  x[14]^1.0 - 0.0218 *  x[15]^1.0 - 0.0218 *  x[16]^1.0 - 0.0218 *  x[17]^1.0 - 0.0218 *  x[18]^1.0 + 0.0012 *  x[19]^1.0 - 0.0218 *  x[20]^1.0 + 0.0011 *  x[21]^1.0 - 0.0218 *  x[22]^1.0 - 0.0218 *  x[23]^1.0 - 0.0218 *  x[24]^1.0 - 0.0218 *  x[25]^1.0 - 0.0218 *  x[26]^1.0 - 0.0218 *  x[27]^1.0 - 0.0218 *  x[28]^1.0 - 0.0218 *  x[29]^1.0 - 0.0218 *  x[30]^1.0 - 0.0218 *  x[31]^1.0 - 0.0218 *  x[32]^1.0 - 0.0218 *  x[33]^1.0 - 0.0218 *  x[34]^1.0 - 0.0218 *  x[35]^1.0 - 0.0218 *  x[36]^1.0 + 0.0011 *  x[37]^1.0 - 0.0218 *  x[38]^1.0 - 0.0218 *  x[39]^1.0 - 0.0218 *  x[40]^1.0 - 0.0218 *  x[41]^1.0 - 0.0218 *  x[42]^1.0 - 0.0218 *  x[43]^1.0 - 0.0218 *  x[44]^1.0 - 0.0218 *  x[45]^1.0 - 0.0218 *  x[46]^1.0 - 0.0218 *  x[47]^1.0 + 0.0011 *  x[48]^1.0 - 0.0218 *  x[49]^1.0 - 0.0218 *  x[50]^1.0 + 0.9475 * 1

2019-05-03-01-30-30   >>>>   End verify ranking function

verifying time = 111.689 ms


Not Found Ranking Fcuntion

Conterexample is 

[0, 0, 0, 0, 0, 0, 0, 0, 0, 0, 0, 0, 0, 0, 0, 0, 0, 0, 0, 0, 0, 0, 0, 0, 0, 0, 0, 0, 0, 0, 0, 0, 0, 0, 0, 0, 0, 0, 0, 0, 0, 0, 0, 0, 0, 0, 0, 0, 0, 44, 0]

sampling time = 58.677 ms


       ########################################         

iteration 11 with 28 examples

2019-05-03-01-30-30   >>>>   Start train ranking function

2019-05-03-01-30-30   >>>>   End train ranking function

train_ranking_functioning time = 1.269 ms


2019-05-03-01-30-30   >>>>   Start verify ranking function

ranking function :  - 0.0223 *  x[1]^1.0 - 0.0223 *  x[2]^1.0 - 0.0223 *  x[3]^1.0 - 0.0223 *  x[4]^1.0 - 0.0223 *  x[5]^1.0 - 0.0223 *  x[6]^1.0 - 0.0223 *  x[7]^1.0 - 0.0223 *  x[8]^1.0 - 0.0223 *  x[9]^1.0 - 0.0223 *  x[10]^1.0 - 0.0223 *  x[11]^1.0 - 0.0223 *  x[12]^1.0 - 0.0223 *  x[13]^1.0 - 0.0223 *  x[14]^1.0 - 0.0223 *  x[15]^1.0 - 0.0223 *  x[16]^1.0 - 0.0223 *  x[17]^1.0 - 0.0223 *  x[18]^1.0 + 0.0012 *  x[19]^1.0 - 0.0223 *  x[20]^1.0 + 0.0011 *  x[21]^1.0 - 0.0223 *  x[22]^1.0 - 0.0223 *  x[23]^1.0 - 0.0223 *  x[24]^1.0 - 0.0223 *  x[25]^1.0 - 0.0223 *  x[26]^1.0 - 0.0223 *  x[27]^1.0 - 0.0223 *  x[28]^1.0 - 0.0223 *  x[29]^1.0 - 0.0223 *  x[30]^1.0 - 0.0223 *  x[31]^1.0 - 0.0223 *  x[32]^1.0 - 0.0223 *  x[33]^1.0 - 0.0223 *  x[34]^1.0 - 0.0223 *  x[35]^1.0 - 0.0223 *  x[36]^1.0 + 0.0011 *  x[37]^1.0 - 0.0223 *  x[38]^1.0 - 0.0223 *  x[39]^1.0 - 0.0223 *  x[40]^1.0 - 0.0223 *  x[41]^1.0 - 0.0223 *  x[42]^1.0 - 0.0223 *  x[43]^1.0 - 0.0223 *  x[44]^1.0 - 0.0223 *  x[45]^1.0 - 0.0223 *  x[46]^1.0 - 0.0223 *  x[47]^1.0 + 0.0011 *  x[48]^1.0 + 0.0012 *  x[49]^1.0 - 0.0223 *  x[50]^1.0 + 0.9475 * 1

2019-05-03-01-30-30   >>>>   End verify ranking function

verifying time = 112.047 ms


Not Found Ranking Fcuntion

Conterexample is 

[0, 0, 0, 0, 0, 0, 0, 0, 0, 0, 0, 0, 0, 0, 0, 0, 0, 0, 0, 0, 0, 0, 0, 0, 0, 0, 0, 0, 0, 0, 0, 0, 0, 0, 0, 0, 0, 0, 0, 0, 0, 0, 0, 0, 0, 0, 0, 0, 0, -862, 0]

sampling time = 58.237 ms


       ########################################         

iteration 12 with 30 examples

2019-05-03-01-30-30   >>>>   Start train ranking function

2019-05-03-01-30-30   >>>>   End train ranking function

train_ranking_functioning time = 2.839 ms


2019-05-03-01-30-30   >>>>   Start verify ranking function

ranking function :  - 0.0223 *  x[1]^1.0 - 0.0223 *  x[2]^1.0 - 0.0223 *  x[3]^1.0 - 0.0223 *  x[4]^1.0 - 0.0223 *  x[5]^1.0 - 0.0223 *  x[6]^1.0 - 0.0223 *  x[7]^1.0 - 0.0223 *  x[8]^1.0 - 0.0223 *  x[9]^1.0 - 0.0223 *  x[10]^1.0 - 0.0223 *  x[11]^1.0 - 0.0223 *  x[12]^1.0 - 0.0223 *  x[13]^1.0 - 0.0223 *  x[14]^1.0 - 0.0223 *  x[15]^1.0 - 0.0223 *  x[16]^1.0 - 0.0223 *  x[17]^1.0 - 0.0223 *  x[18]^1.0 + 0.0011 *  x[19]^1.0 - 0.0223 *  x[20]^1.0 + 0.0011 *  x[21]^1.0 - 0.0223 *  x[22]^1.0 - 0.0223 *  x[23]^1.0 - 0.0223 *  x[24]^1.0 - 0.0223 *  x[25]^1.0 - 0.0223 *  x[26]^1.0 - 0.0223 *  x[27]^1.0 - 0.0223 *  x[28]^1.0 - 0.0223 *  x[29]^1.0 - 0.0223 *  x[30]^1.0 - 0.0223 *  x[31]^1.0 - 0.0223 *  x[32]^1.0 - 0.0223 *  x[33]^1.0 - 0.0223 *  x[34]^1.0 - 0.0223 *  x[35]^1.0 - 0.0223 *  x[36]^1.0 + 0.0011 *  x[37]^1.0 - 0.0223 *  x[38]^1.0 - 0.0223 *  x[39]^1.0 - 0.0223 *  x[40]^1.0 - 0.0223 *  x[41]^1.0 - 0.0223 *  x[42]^1.0 - 0.0223 *  x[43]^1.0 - 0.0223 *  x[44]^1.0 - 0.0223 *  x[45]^1.0 - 0.0223 *  x[46]^1.0 - 0.0223 *  x[47]^1.0 + 0.0011 *  x[48]^1.0 - 0.0001 *  x[49]^1.0 - 0.0223 *  x[50]^1.0 + 0.9485 * 1

2019-05-03-01-30-30   >>>>   End verify ranking function

verifying time = 113.156 ms


Not Found Ranking Fcuntion

Conterexample is 

[0, 0, 0, 0, 0, 0, 0, 0, 0, 0, 0, 0, 0, 0, 0, 0, 0, 0, 0, 0, 0, 0, 0, 0, 0, 0, 0, 0, 43, 0, 0, 0, 0, 0, 0, 0, 0, 0, 0, 0, 0, 0, 0, 0, 0, 0, 0, 0, 0, 0, 0]

sampling time = 58.189 ms


       ########################################         

iteration 13 with 32 examples

2019-05-03-01-30-31   >>>>   Start train ranking function

2019-05-03-01-30-31   >>>>   End train ranking function

train_ranking_functioning time = 2.930 ms


2019-05-03-01-30-31   >>>>   Start verify ranking function

ranking function :  - 0.0228 *  x[1]^1.0 - 0.0228 *  x[2]^1.0 - 0.0228 *  x[3]^1.0 - 0.0228 *  x[4]^1.0 - 0.0228 *  x[5]^1.0 - 0.0228 *  x[6]^1.0 - 0.0228 *  x[7]^1.0 - 0.0228 *  x[8]^1.0 - 0.0228 *  x[9]^1.0 - 0.0228 *  x[10]^1.0 - 0.0228 *  x[11]^1.0 - 0.0228 *  x[12]^1.0 - 0.0228 *  x[13]^1.0 - 0.0228 *  x[14]^1.0 - 0.0228 *  x[15]^1.0 - 0.0228 *  x[16]^1.0 - 0.0228 *  x[17]^1.0 - 0.0228 *  x[18]^1.0 + 0.0011 *  x[19]^1.0 - 0.0228 *  x[20]^1.0 + 0.0011 *  x[21]^1.0 - 0.0228 *  x[22]^1.0 - 0.0228 *  x[23]^1.0 - 0.0228 *  x[24]^1.0 - 0.0228 *  x[25]^1.0 - 0.0228 *  x[26]^1.0 - 0.0228 *  x[27]^1.0 + 0.0012 *  x[28]^1.0 - 0.0228 *  x[29]^1.0 - 0.0228 *  x[30]^1.0 - 0.0228 *  x[31]^1.0 - 0.0228 *  x[32]^1.0 - 0.0228 *  x[33]^1.0 - 0.0228 *  x[34]^1.0 - 0.0228 *  x[35]^1.0 - 0.0228 *  x[36]^1.0 + 0.001 *  x[37]^1.0 - 0.0228 *  x[38]^1.0 - 0.0228 *  x[39]^1.0 - 0.0228 *  x[40]^1.0 - 0.0228 *  x[41]^1.0 - 0.0228 *  x[42]^1.0 - 0.0228 *  x[43]^1.0 - 0.0228 *  x[44]^1.0 - 0.0228 *  x[45]^1.0 - 0.0228 *  x[46]^1.0 - 0.0228 *  x[47]^1.0 + 0.0011 *  x[48]^1.0 - 0.0001 *  x[49]^1.0 - 0.0228 *  x[50]^1.0 + 0.9486 * 1

2019-05-03-01-30-31   >>>>   End verify ranking function

verifying time = 121.829 ms


Not Found Ranking Fcuntion

Conterexample is 

[0, 0, 0, 0, 0, 0, 0, 0, 0, 0, 0, 0, 0, 0, 0, 0, 0, 0, 0, 0, 0, 0, 0, 0, 0, 0, 0, 0, 0, 0, 0, 0, 0, 0, 0, 0, 0, -949, 0, 0, 0, 0, 0, 0, 0, 0, 0, 0, 0, 0, 0]

sampling time = 59.027 ms


       ########################################         

iteration 14 with 34 examples

2019-05-03-01-30-31   >>>>   Start train ranking function

2019-05-03-01-30-31   >>>>   End train ranking function

train_ranking_functioning time = 3.312 ms


2019-05-03-01-30-31   >>>>   Start verify ranking function

ranking function :  - 0.0228 *  x[1]^1.0 - 0.0228 *  x[2]^1.0 - 0.0228 *  x[3]^1.0 - 0.0228 *  x[4]^1.0 - 0.0228 *  x[5]^1.0 - 0.0228 *  x[6]^1.0 - 0.0228 *  x[7]^1.0 - 0.0228 *  x[8]^1.0 - 0.0228 *  x[9]^1.0 - 0.0228 *  x[10]^1.0 - 0.0228 *  x[11]^1.0 - 0.0228 *  x[12]^1.0 - 0.0228 *  x[13]^1.0 - 0.0228 *  x[14]^1.0 - 0.0228 *  x[15]^1.0 - 0.0228 *  x[16]^1.0 - 0.0228 *  x[17]^1.0 - 0.0228 *  x[18]^1.0 + 0.0011 *  x[19]^1.0 - 0.0228 *  x[20]^1.0 + 0.0011 *  x[21]^1.0 - 0.0228 *  x[22]^1.0 - 0.0228 *  x[23]^1.0 - 0.0228 *  x[24]^1.0 - 0.0228 *  x[25]^1.0 - 0.0228 *  x[26]^1.0 - 0.0228 *  x[27]^1.0 + 0.0012 *  x[28]^1.0 - 0.0228 *  x[29]^1.0 - 0.0228 *  x[30]^1.0 - 0.0228 *  x[31]^1.0 - 0.0228 *  x[32]^1.0 - 0.0228 *  x[33]^1.0 - 0.0228 *  x[34]^1.0 - 0.0228 *  x[35]^1.0 - 0.0228 *  x[36]^1.0 - 0.0228 *  x[38]^1.0 - 0.0228 *  x[39]^1.0 - 0.0228 *  x[40]^1.0 - 0.0228 *  x[41]^1.0 - 0.0228 *  x[42]^1.0 - 0.0228 *  x[43]^1.0 - 0.0228 *  x[44]^1.0 - 0.0228 *  x[45]^1.0 - 0.0228 *  x[46]^1.0 - 0.0228 *  x[47]^1.0 + 0.0011 *  x[48]^1.0 + 0.0009 *  x[49]^1.0 - 0.0228 *  x[50]^1.0 + 0.9495 * 1

2019-05-03-01-30-31   >>>>   End verify ranking function

verifying time = 111.865 ms


Not Found Ranking Fcuntion

Conterexample is 

[0, 0, 0, 0, 0, 0, 0, 0, 0, 0, 0, 0, 0, 0, 0, 0, 0, 0, 0, 0, 0, 0, 0, 0, 0, 0, 0, 0, 0, 0, 0, 0, 0, 0, 0, 0, 0, 0, 0, 0, 0, 0, 0, 0, 0, 42, 0, 0, 0, 0, 0]

sampling time = 58.539 ms


       ########################################         

iteration 15 with 36 examples

2019-05-03-01-30-31   >>>>   Start train ranking function

2019-05-03-01-30-31   >>>>   End train ranking function

train_ranking_functioning time = 3.226 ms


2019-05-03-01-30-31   >>>>   Start verify ranking function

ranking function :  - 0.0234 *  x[1]^1.0 - 0.0234 *  x[2]^1.0 - 0.0234 *  x[3]^1.0 - 0.0234 *  x[4]^1.0 - 0.0234 *  x[5]^1.0 - 0.0234 *  x[6]^1.0 - 0.0234 *  x[7]^1.0 - 0.0234 *  x[8]^1.0 - 0.0234 *  x[9]^1.0 - 0.0234 *  x[10]^1.0 - 0.0234 *  x[11]^1.0 - 0.0234 *  x[12]^1.0 - 0.0234 *  x[13]^1.0 - 0.0234 *  x[14]^1.0 - 0.0234 *  x[15]^1.0 - 0.0234 *  x[16]^1.0 - 0.0234 *  x[17]^1.0 - 0.0234 *  x[18]^1.0 + 0.0011 *  x[19]^1.0 - 0.0234 *  x[20]^1.0 + 0.0011 *  x[21]^1.0 - 0.0234 *  x[22]^1.0 - 0.0234 *  x[23]^1.0 - 0.0234 *  x[24]^1.0 - 0.0234 *  x[25]^1.0 - 0.0234 *  x[26]^1.0 - 0.0234 *  x[27]^1.0 + 0.0011 *  x[28]^1.0 - 0.0234 *  x[29]^1.0 - 0.0234 *  x[30]^1.0 - 0.0234 *  x[31]^1.0 - 0.0234 *  x[32]^1.0 - 0.0234 *  x[33]^1.0 - 0.0234 *  x[34]^1.0 - 0.0234 *  x[35]^1.0 - 0.0234 *  x[36]^1.0 + 0.0009 *  x[37]^1.0 - 0.0234 *  x[38]^1.0 - 0.0234 *  x[39]^1.0 - 0.0234 *  x[40]^1.0 - 0.0234 *  x[41]^1.0 - 0.0234 *  x[42]^1.0 - 0.0234 *  x[43]^1.0 - 0.0234 *  x[44]^1.0 + 0.0012 *  x[45]^1.0 - 0.0234 *  x[46]^1.0 - 0.0234 *  x[47]^1.0 + 0.0011 *  x[48]^1.0 + 0.0009 *  x[49]^1.0 - 0.0234 *  x[50]^1.0 + 0.9495 * 1

2019-05-03-01-30-31   >>>>   End verify ranking function

verifying time = 112.491 ms


Not Found Ranking Fcuntion

Conterexample is 

[0, 0, 0, 0, 0, 0, 0, 0, 0, 0, 0, 0, 0, 0, 0, 0, 0, 0, 0, 0, 0, 0, 0, 0, 0, 0, 0, 0, 0, 0, 0, 0, 0, 0, 41, 0, 0, 0, 0, 0, 0, 0, 0, 0, 0, 0, 0, 0, 0, 0, 0]

sampling time = 59.127 ms


       ########################################         

iteration 16 with 38 examples

2019-05-03-01-30-31   >>>>   Start train ranking function

2019-05-03-01-30-31   >>>>   End train ranking function

train_ranking_functioning time = 3.464 ms


2019-05-03-01-30-31   >>>>   Start verify ranking function

ranking function :  - 0.0239 *  x[1]^1.0 - 0.0239 *  x[2]^1.0 - 0.0239 *  x[3]^1.0 - 0.0239 *  x[4]^1.0 - 0.0239 *  x[5]^1.0 - 0.0239 *  x[6]^1.0 - 0.0239 *  x[7]^1.0 - 0.0239 *  x[8]^1.0 - 0.0239 *  x[9]^1.0 - 0.0239 *  x[10]^1.0 - 0.0239 *  x[11]^1.0 - 0.0239 *  x[12]^1.0 - 0.0239 *  x[13]^1.0 - 0.0239 *  x[14]^1.0 - 0.0239 *  x[15]^1.0 - 0.0239 *  x[16]^1.0 - 0.0239 *  x[17]^1.0 - 0.0239 *  x[18]^1.0 + 0.0011 *  x[19]^1.0 - 0.0239 *  x[20]^1.0 + 0.0011 *  x[21]^1.0 - 0.0239 *  x[22]^1.0 - 0.0239 *  x[23]^1.0 - 0.0239 *  x[24]^1.0 - 0.0239 *  x[25]^1.0 - 0.0239 *  x[26]^1.0 - 0.0239 *  x[27]^1.0 + 0.0012 *  x[28]^1.0 - 0.0239 *  x[29]^1.0 - 0.0239 *  x[30]^1.0 - 0.0239 *  x[31]^1.0 - 0.0239 *  x[32]^1.0 - 0.0239 *  x[33]^1.0 + 0.0012 *  x[34]^1.0 - 0.0239 *  x[35]^1.0 - 0.0239 *  x[36]^1.0 - 0.0239 *  x[38]^1.0 - 0.0239 *  x[39]^1.0 - 0.0239 *  x[40]^1.0 - 0.0239 *  x[41]^1.0 - 0.0239 *  x[42]^1.0 - 0.0239 *  x[43]^1.0 - 0.0239 *  x[44]^1.0 + 0.0012 *  x[45]^1.0 - 0.0239 *  x[46]^1.0 - 0.0239 *  x[47]^1.0 + 0.0011 *  x[48]^1.0 - 0.0239 *  x[50]^1.0 + 0.9495 * 1

2019-05-03-01-30-31   >>>>   End verify ranking function

verifying time = 112.687 ms


Not Found Ranking Fcuntion

Conterexample is 

[0, 0, 0, 0, 0, 0, 0, 0, 0, 40, 0, 0, 0, 0, 0, 0, 0, 0, 0, 0, 0, 0, 0, 0, 0, 0, 0, 0, 0, 0, 0, 0, 0, 0, 0, 0, 0, 0, 0, 0, 0, 0, 0, 0, 0, 0, 0, 0, 0, 0, 0]

sampling time = 58.818 ms


       ########################################         

iteration 17 with 40 examples

2019-05-03-01-30-32   >>>>   Start train ranking function

2019-05-03-01-30-32   >>>>   End train ranking function

train_ranking_functioning time = 3.658 ms


2019-05-03-01-30-32   >>>>   Start verify ranking function

ranking function :  - 0.0246 *  x[1]^1.0 - 0.0246 *  x[2]^1.0 - 0.0246 *  x[3]^1.0 - 0.0246 *  x[4]^1.0 - 0.0246 *  x[5]^1.0 - 0.0246 *  x[6]^1.0 - 0.0246 *  x[7]^1.0 - 0.0246 *  x[8]^1.0 + 0.0013 *  x[9]^1.0 - 0.0246 *  x[10]^1.0 - 0.0246 *  x[11]^1.0 - 0.0246 *  x[12]^1.0 - 0.0246 *  x[13]^1.0 - 0.0246 *  x[14]^1.0 - 0.0246 *  x[15]^1.0 - 0.0246 *  x[16]^1.0 - 0.0246 *  x[17]^1.0 - 0.0246 *  x[18]^1.0 + 0.0011 *  x[19]^1.0 - 0.0246 *  x[20]^1.0 + 0.0011 *  x[21]^1.0 - 0.0246 *  x[22]^1.0 - 0.0246 *  x[23]^1.0 - 0.0246 *  x[24]^1.0 - 0.0246 *  x[25]^1.0 - 0.0246 *  x[26]^1.0 - 0.0246 *  x[27]^1.0 + 0.0012 *  x[28]^1.0 - 0.0246 *  x[29]^1.0 - 0.0246 *  x[30]^1.0 - 0.0246 *  x[31]^1.0 - 0.0246 *  x[32]^1.0 - 0.0246 *  x[33]^1.0 + 0.0012 *  x[34]^1.0 - 0.0246 *  x[35]^1.0 - 0.0246 *  x[36]^1.0 - 0.0001 *  x[37]^1.0 - 0.0246 *  x[38]^1.0 - 0.0246 *  x[39]^1.0 - 0.0246 *  x[40]^1.0 - 0.0246 *  x[41]^1.0 - 0.0246 *  x[42]^1.0 - 0.0246 *  x[43]^1.0 - 0.0246 *  x[44]^1.0 + 0.0012 *  x[45]^1.0 - 0.0246 *  x[46]^1.0 - 0.0246 *  x[47]^1.0 + 0.0011 *  x[48]^1.0 - 0.0246 *  x[50]^1.0 + 0.9496 * 1

2019-05-03-01-30-32   >>>>   End verify ranking function

verifying time = 112.449 ms


Not Found Ranking Fcuntion

Conterexample is 

[0, 39, 0, 0, 0, 0, 0, 0, 0, 0, 0, 0, 0, 0, 0, 0, 0, 0, 0, 0, 0, 0, 0, 0, 0, 0, 0, 0, 0, 0, 0, 0, 0, 0, 0, 0, 0, 0, 0, 0, 0, 0, 0, 0, 0, 0, 0, 0, 0, 0, 0]

sampling time = 58.941 ms


       ########################################         

iteration 18 with 42 examples

2019-05-03-01-30-32   >>>>   Start train ranking function

2019-05-03-01-30-32   >>>>   End train ranking function

train_ranking_functioning time = 3.801 ms


2019-05-03-01-30-32   >>>>   Start verify ranking function

ranking function : 0.0013 *  x[1]^1.0 - 0.0252 *  x[2]^1.0 - 0.0252 *  x[3]^1.0 - 0.0252 *  x[4]^1.0 - 0.0252 *  x[5]^1.0 - 0.0252 *  x[6]^1.0 - 0.0252 *  x[7]^1.0 - 0.0252 *  x[8]^1.0 + 0.0013 *  x[9]^1.0 - 0.0252 *  x[10]^1.0 - 0.0252 *  x[11]^1.0 - 0.0252 *  x[12]^1.0 - 0.0252 *  x[13]^1.0 - 0.0252 *  x[14]^1.0 - 0.0252 *  x[15]^1.0 - 0.0252 *  x[16]^1.0 - 0.0252 *  x[17]^1.0 - 0.0252 *  x[18]^1.0 + 0.0011 *  x[19]^1.0 - 0.0252 *  x[20]^1.0 + 0.0011 *  x[21]^1.0 - 0.0252 *  x[22]^1.0 - 0.0252 *  x[23]^1.0 - 0.0252 *  x[24]^1.0 - 0.0252 *  x[25]^1.0 - 0.0252 *  x[26]^1.0 - 0.0252 *  x[27]^1.0 + 0.0012 *  x[28]^1.0 - 0.0252 *  x[29]^1.0 - 0.0252 *  x[30]^1.0 - 0.0252 *  x[31]^1.0 - 0.0252 *  x[32]^1.0 - 0.0252 *  x[33]^1.0 + 0.0012 *  x[34]^1.0 - 0.0252 *  x[35]^1.0 - 0.0252 *  x[36]^1.0 - 0.0001 *  x[37]^1.0 - 0.0252 *  x[38]^1.0 - 0.0252 *  x[39]^1.0 - 0.0252 *  x[40]^1.0 - 0.0252 *  x[41]^1.0 - 0.0252 *  x[42]^1.0 - 0.0252 *  x[43]^1.0 - 0.0252 *  x[44]^1.0 + 0.0012 *  x[45]^1.0 - 0.0252 *  x[46]^1.0 - 0.0252 *  x[47]^1.0 + 0.0011 *  x[48]^1.0 + 0.0009 *  x[49]^1.0 - 0.0252 *  x[50]^1.0 + 0.9496 * 1

2019-05-03-01-30-32   >>>>   End verify ranking function

verifying time = 112.578 ms


Not Found Ranking Fcuntion

Conterexample is 

[0, 0, 0, 0, 0, 0, 0, 0, 0, 0, 0, 0, 0, 0, 0, 0, 0, 0, 0, 0, 0, 0, 0, 0, 0, 0, 0, 0, 0, 0, 0, 0, 38, 0, 0, 0, 0, 0, 0, 0, 0, 0, 0, 0, 0, 0, 0, 0, 0, 0, 0]

sampling time = 61.029 ms


       ########################################         

iteration 19 with 44 examples

2019-05-03-01-30-32   >>>>   Start train ranking function

2019-05-03-01-30-32   >>>>   End train ranking function

train_ranking_functioning time = 3.997 ms


2019-05-03-01-30-32   >>>>   Start verify ranking function

ranking function : 0.0013 *  x[1]^1.0 - 0.0259 *  x[2]^1.0 - 0.0259 *  x[3]^1.0 - 0.0259 *  x[4]^1.0 - 0.0259 *  x[5]^1.0 - 0.0259 *  x[6]^1.0 - 0.0259 *  x[7]^1.0 - 0.0259 *  x[8]^1.0 + 0.0013 *  x[9]^1.0 - 0.0259 *  x[10]^1.0 - 0.0259 *  x[11]^1.0 - 0.0259 *  x[12]^1.0 - 0.0259 *  x[13]^1.0 - 0.0259 *  x[14]^1.0 - 0.0259 *  x[15]^1.0 - 0.0259 *  x[16]^1.0 - 0.0259 *  x[17]^1.0 - 0.0259 *  x[18]^1.0 + 0.0011 *  x[19]^1.0 - 0.0259 *  x[20]^1.0 + 0.0011 *  x[21]^1.0 - 0.0259 *  x[22]^1.0 - 0.0259 *  x[23]^1.0 - 0.0259 *  x[24]^1.0 - 0.0259 *  x[25]^1.0 - 0.0259 *  x[26]^1.0 - 0.0259 *  x[27]^1.0 + 0.0012 *  x[28]^1.0 - 0.0259 *  x[29]^1.0 - 0.0259 *  x[30]^1.0 - 0.0259 *  x[31]^1.0 + 0.0013 *  x[32]^1.0 - 0.0259 *  x[33]^1.0 + 0.0012 *  x[34]^1.0 - 0.0259 *  x[35]^1.0 - 0.0259 *  x[36]^1.0 - 0.0001 *  x[37]^1.0 - 0.0259 *  x[38]^1.0 - 0.0259 *  x[39]^1.0 - 0.0259 *  x[40]^1.0 - 0.0259 *  x[41]^1.0 - 0.0259 *  x[42]^1.0 - 0.0259 *  x[43]^1.0 - 0.0259 *  x[44]^1.0 + 0.0012 *  x[45]^1.0 - 0.0259 *  x[46]^1.0 - 0.0259 *  x[47]^1.0 + 0.0011 *  x[48]^1.0 + 0.0009 *  x[49]^1.0 - 0.0259 *  x[50]^1.0 + 0.9497 * 1

2019-05-03-01-30-32   >>>>   End verify ranking function

verifying time = 111.842 ms


Not Found Ranking Fcuntion

Conterexample is 

[0, 0, 0, 0, 0, 0, 0, 0, 0, 0, 0, 0, 0, 0, 0, 0, 0, 0, 0, 0, 0, 0, 37, 0, 0, 0, 0, 0, 0, 0, 0, 0, 0, 0, 0, 0, 0, 0, 0, 0, 0, 0, 0, 0, 0, 0, 0, 0, 0, 0, 0]

sampling time = 58.229 ms


       ########################################         

iteration 20 with 46 examples

2019-05-03-01-30-32   >>>>   Start train ranking function

2019-05-03-01-30-32   >>>>   End train ranking function

train_ranking_functioning time = 4.128 ms


2019-05-03-01-30-32   >>>>   Start verify ranking function

ranking function : 0.0013 *  x[1]^1.0 - 0.0266 *  x[2]^1.0 - 0.0266 *  x[3]^1.0 - 0.0266 *  x[4]^1.0 - 0.0266 *  x[5]^1.0 - 0.0266 *  x[6]^1.0 - 0.0266 *  x[7]^1.0 - 0.0266 *  x[8]^1.0 + 0.0012 *  x[9]^1.0 - 0.0266 *  x[10]^1.0 - 0.0266 *  x[11]^1.0 - 0.0266 *  x[12]^1.0 - 0.0266 *  x[13]^1.0 - 0.0266 *  x[14]^1.0 - 0.0266 *  x[15]^1.0 - 0.0266 *  x[16]^1.0 - 0.0266 *  x[17]^1.0 - 0.0266 *  x[18]^1.0 + 0.0011 *  x[19]^1.0 - 0.0266 *  x[20]^1.0 + 0.0011 *  x[21]^1.0 + 0.0013 *  x[22]^1.0 - 0.0266 *  x[23]^1.0 - 0.0266 *  x[24]^1.0 - 0.0266 *  x[25]^1.0 - 0.0266 *  x[26]^1.0 - 0.0266 *  x[27]^1.0 + 0.0012 *  x[28]^1.0 - 0.0266 *  x[29]^1.0 - 0.0266 *  x[30]^1.0 - 0.0266 *  x[31]^1.0 + 0.0013 *  x[32]^1.0 - 0.0266 *  x[33]^1.0 + 0.0012 *  x[34]^1.0 - 0.0266 *  x[35]^1.0 - 0.0266 *  x[36]^1.0 + 0.0009 *  x[37]^1.0 - 0.0266 *  x[38]^1.0 - 0.0266 *  x[39]^1.0 - 0.0266 *  x[40]^1.0 - 0.0266 *  x[41]^1.0 - 0.0266 *  x[42]^1.0 - 0.0266 *  x[43]^1.0 - 0.0266 *  x[44]^1.0 + 0.0012 *  x[45]^1.0 - 0.0266 *  x[46]^1.0 - 0.0266 *  x[47]^1.0 + 0.0011 *  x[48]^1.0 - 0.0001 *  x[49]^1.0 - 0.0266 *  x[50]^1.0 + 0.9497 * 1

2019-05-03-01-30-32   >>>>   End verify ranking function

verifying time = 113.289 ms


Not Found Ranking Fcuntion

Conterexample is 

[0, 0, 0, 0, 0, 0, 0, 0, 0, 0, 0, 0, 0, 0, 0, 0, 0, 0, 0, 0, 0, 0, 0, 0, 0, 36, 0, 0, 0, 0, 0, 0, 0, 0, 0, 0, 0, 0, 0, 0, 0, 0, 0, 0, 0, 0, 0, 0, 0, 0, 0]

sampling time = 58.610 ms


       ########################################         

iteration 21 with 48 examples

2019-05-03-01-30-33   >>>>   Start train ranking function

2019-05-03-01-30-33   >>>>   End train ranking function

train_ranking_functioning time = 4.248 ms


2019-05-03-01-30-33   >>>>   Start verify ranking function

ranking function : 0.0013 *  x[1]^1.0 - 0.0274 *  x[2]^1.0 - 0.0274 *  x[3]^1.0 - 0.0274 *  x[4]^1.0 - 0.0274 *  x[5]^1.0 - 0.0274 *  x[6]^1.0 - 0.0274 *  x[7]^1.0 - 0.0274 *  x[8]^1.0 + 0.0012 *  x[9]^1.0 - 0.0274 *  x[10]^1.0 - 0.0274 *  x[11]^1.0 - 0.0274 *  x[12]^1.0 - 0.0274 *  x[13]^1.0 - 0.0274 *  x[14]^1.0 - 0.0274 *  x[15]^1.0 - 0.0274 *  x[16]^1.0 - 0.0274 *  x[17]^1.0 - 0.0274 *  x[18]^1.0 + 0.0011 *  x[19]^1.0 - 0.0274 *  x[20]^1.0 + 0.0011 *  x[21]^1.0 + 0.0013 *  x[22]^1.0 - 0.0274 *  x[23]^1.0 - 0.0274 *  x[24]^1.0 + 0.0014 *  x[25]^1.0 - 0.0274 *  x[26]^1.0 - 0.0274 *  x[27]^1.0 + 0.0011 *  x[28]^1.0 - 0.0274 *  x[29]^1.0 - 0.0274 *  x[30]^1.0 - 0.0274 *  x[31]^1.0 + 0.0013 *  x[32]^1.0 - 0.0274 *  x[33]^1.0 + 0.0012 *  x[34]^1.0 - 0.0274 *  x[35]^1.0 - 0.0274 *  x[36]^1.0 + 0.0008 *  x[37]^1.0 - 0.0274 *  x[38]^1.0 - 0.0274 *  x[39]^1.0 - 0.0274 *  x[40]^1.0 - 0.0274 *  x[41]^1.0 - 0.0274 *  x[42]^1.0 - 0.0274 *  x[43]^1.0 - 0.0274 *  x[44]^1.0 + 0.0012 *  x[45]^1.0 - 0.0274 *  x[46]^1.0 - 0.0274 *  x[47]^1.0 + 0.001 *  x[48]^1.0 + 0.0009 *  x[49]^1.0 - 0.0274 *  x[50]^1.0 + 0.9497 * 1

2019-05-03-01-30-33   >>>>   End verify ranking function

verifying time = 112.276 ms


Not Found Ranking Fcuntion

Conterexample is 

[0, 0, 0, 0, 0, 0, 0, 0, 0, 0, 35, 0, 0, 0, 0, 0, 0, 0, 0, 0, 0, 0, 0, 0, 0, 0, 0, 0, 0, 0, 0, 0, 0, 0, 0, 0, 0, 0, 0, 0, 0, 0, 0, 0, 0, 0, 0, 0, 0, 0, 0]

sampling time = 57.763 ms


       ########################################         

iteration 22 with 50 examples

2019-05-03-01-30-33   >>>>   Start train ranking function

2019-05-03-01-30-33   >>>>   End train ranking function

train_ranking_functioning time = 4.303 ms


2019-05-03-01-30-33   >>>>   Start verify ranking function

[xi_26 = 0,
 xi_40 = 0,
 xi_39 = 0,
 xi_24 = 0,
 xi_18 = 0,
 xi_12 = 0,
 xi_48 = 0,
 xi_25 = 0,
 xi_9 = 0,
 xi_19 = 0,
 xi_23 = 0,
 xi_31 = 0,
 xi_21 = 0,
 xi_42 = 0,
 xi_34 = 0,
 xi_5 = 0,
 xi_14 = -9991,
 xi_11 = 0,
 xi_2 = 0,
 xi_28 = 0,
 xi_10 = 0,
 xi_49 = 0,
 xi_16 = 0,
 xi_45 = 0,
 xi_50 = 0,
 xi_17 = 0,
 xi_0 = 0,
 xi_37 = 0,
 xi_46 = 0,
 xi_4 = 0,
 xi_36 = 0,
 xi_27 = 0,
 xi_47 = 0,
 xi_38 = 0,
 xi_41 = 0,
 xi_20 = 0,
 xi_7 = 0,
 xi_32 = 0,
 xi_1 = 0,
 xi_15 = 0,
 xi_3 = 0,
 xi_6 = 0,
 xi_8 = 0,
 xi_33 = 0,
 xi_43 = 0,
 xi_30 = 0,
 xi_35 = 0,
 xi_22 = 0,
 xi_44 = 0,
 xi_29 = 0,
 xi_13 = 0]
ranking function : 0.0001 *  x[0]^1.0 + 0.0013 *  x[1]^1.0 - 0.0282 *  x[2]^1.0 - 0.0282 *  x[3]^1.0 - 0.0282 *  x[4]^1.0 - 0.0282 *  x[5]^1.0 - 0.0282 *  x[6]^1.0 - 0.0282 *  x[7]^1.0 - 0.0282 *  x[8]^1.0 + 0.0012 *  x[9]^1.0 + 0.0014 *  x[10]^1.0 - 0.0282 *  x[11]^1.0 - 0.0282 *  x[12]^1.0 - 0.0282 *  x[13]^1.0 - 0.0282 *  x[14]^1.0 - 0.0282 *  x[15]^1.0 - 0.0282 *  x[16]^1.0 - 0.0282 *  x[17]^1.0 - 0.0282 *  x[18]^1.0 + 0.0011 *  x[19]^1.0 - 0.0282 *  x[20]^1.0 + 0.0011 *  x[21]^1.0 + 0.0013 *  x[22]^1.0 - 0.0282 *  x[23]^1.0 - 0.0282 *  x[24]^1.0 + 0.0014 *  x[25]^1.0 - 0.0282 *  x[26]^1.0 - 0.0282 *  x[27]^1.0 + 0.0012 *  x[28]^1.0 - 0.0282 *  x[29]^1.0 - 0.0282 *  x[30]^1.0 - 0.0282 *  x[31]^1.0 + 0.0013 *  x[32]^1.0 - 0.0282 *  x[33]^1.0 + 0.0012 *  x[34]^1.0 - 0.0282 *  x[35]^1.0 - 0.0282 *  x[36]^1.0 + 0.0009 *  x[37]^1.0 - 0.0282 *  x[38]^1.0 - 0.0282 *  x[39]^1.0 - 0.0282 *  x[40]^1.0 - 0.0282 *  x[41]^1.0 - 0.0282 *  x[42]^1.0 - 0.0282 *  x[43]^1.0 - 0.0282 *  x[44]^1.0 + 0.0012 *  x[45]^1.0 - 0.0282 *  x[46]^1.0 - 0.0282 *  x[47]^1.0 + 0.0011 *  x[48]^1.0 - 0.0001 *  x[49]^1.0 - 0.0282 *  x[50]^1.0 + 0.9498 * 1

2019-05-03-01-30-33   >>>>   End verify ranking function

verifying time = 82.163 ms


Not Found Ranking Fcuntion

Conterexample is 

[0, 0, 0, 0, 0, 0, 0, 0, 0, 0, 0, 0, 0, 0, -9991, 0, 0, 0, 0, 0, 0, 0, 0, 0, 0, 0, 0, 0, 0, 0, 0, 0, 0, 0, 0, 0, 0, 0, 0, 0, 0, 0, 0, 0, 0, 0, 0, 0, 0, 0, 0]

sampling time = 58.191 ms


       ########################################         

iteration 23 with 52 examples

2019-05-03-01-30-33   >>>>   Start train ranking function

2019-05-03-01-30-33   >>>>   End train ranking function

train_ranking_functioning time = 4.435 ms

