------Using Template 0 -----------
77 [77]
*****************************************************

2019-05-03-01-35-33   >>>>   End sampling point

sampling time = 623.932 ms,


       ########################################         

iteration 0 with 6 examples

2019-05-03-01-35-33   >>>>   Start train ranking function

2019-05-03-01-35-33   >>>>   End train ranking function

train_ranking_functioning time = 0.943 ms


2019-05-03-01-35-33   >>>>   Start verify ranking function

[xi_0 = 0]
ranking function : 0.9 * 1

2019-05-03-01-35-33   >>>>   End verify ranking function

verifying time = 126.380 ms


Not Found Ranking Fcuntion

Conterexample is 

[0, 0, 0, 0, 0, 0, 0, 0, 0, 0, 0, 0, 0, 0, 0, 0, 0, 0, 0, 0, 0, 0, 0, 0, 0, 0, 0, 0, 0, 0, 0, 0, 0, 0, 0, 0, 0, 0, 0, 0, 0, 0, 0, 0, 0, 0, 0, 0, 0, 0, 0, 0, 0, 0, 0, 0, 0, 0, 0, 0, 0, 0, 0, 0, 0, 0, 0, 0, 0, 0, 0, 0, 0, 0, 0, 0]

sampling time = 113.373 ms


       ########################################         

iteration 1 with 8 examples

2019-05-03-01-35-34   >>>>   Start train ranking function

2019-05-03-01-35-34   >>>>   End train ranking function

train_ranking_functioning time = 0.970 ms


2019-05-03-01-35-34   >>>>   Start verify ranking function

[xi_0 = 0]
ranking function : 0.9 * 1

2019-05-03-01-35-34   >>>>   End verify ranking function

verifying time = 125.007 ms


Not Found Ranking Fcuntion

Conterexample is 

[0, 0, 0, 0, 0, 0, 0, 0, 0, 0, 0, 0, 0, 0, 0, 0, 0, 0, 0, 0, 0, 0, 0, 0, 0, 0, 0, 0, 0, 0, 0, 0, 0, 0, 0, 0, 0, 0, 0, 0, 0, 0, 0, 0, 0, 0, 0, 0, 0, 0, 0, 0, 0, 0, 0, 0, 0, 0, 0, 0, 0, 0, 0, 0, 0, 0, 0, 0, 0, 0, 0, 0, 0, 0, 0, 0]

sampling time = 112.103 ms


       ########################################         

iteration 2 with 10 examples

2019-05-03-01-35-34   >>>>   Start train ranking function

2019-05-03-01-35-34   >>>>   End train ranking function

train_ranking_functioning time = 1.077 ms


2019-05-03-01-35-34   >>>>   Start verify ranking function

[xi_0 = 0]
ranking function : 0.9 * 1

2019-05-03-01-35-34   >>>>   End verify ranking function

verifying time = 125.322 ms


Not Found Ranking Fcuntion

Conterexample is 

[0, 0, 0, 0, 0, 0, 0, 0, 0, 0, 0, 0, 0, 0, 0, 0, 0, 0, 0, 0, 0, 0, 0, 0, 0, 0, 0, 0, 0, 0, 0, 0, 0, 0, 0, 0, 0, 0, 0, 0, 0, 0, 0, 0, 0, 0, 0, 0, 0, 0, 0, 0, 0, 0, 0, 0, 0, 0, 0, 0, 0, 0, 0, 0, 0, 0, 0, 0, 0, 0, 0, 0, 0, 0, 0, 0]

sampling time = 112.551 ms


       ########################################         

iteration 3 with 12 examples

2019-05-03-01-35-34   >>>>   Start train ranking function

2019-05-03-01-35-34   >>>>   End train ranking function

train_ranking_functioning time = 1.194 ms


2019-05-03-01-35-34   >>>>   Start verify ranking function

[xi_0 = 0]
ranking function : 0.9 * 1

2019-05-03-01-35-34   >>>>   End verify ranking function

verifying time = 125.523 ms


Not Found Ranking Fcuntion

Conterexample is 

[0, 0, 0, 0, 0, 0, 0, 0, 0, 0, 0, 0, 0, 0, 0, 0, 0, 0, 0, 0, 0, 0, 0, 0, 0, 0, 0, 0, 0, 0, 0, 0, 0, 0, 0, 0, 0, 0, 0, 0, 0, 0, 0, 0, 0, 0, 0, 0, 0, 0, 0, 0, 0, 0, 0, 0, 0, 0, 0, 0, 0, 0, 0, 0, 0, 0, 0, 0, 0, 0, 0, 0, 0, 0, 0, 0]

sampling time = 119.243 ms


       ########################################         

iteration 4 with 14 examples

2019-05-03-01-35-35   >>>>   Start train ranking function

2019-05-03-01-35-35   >>>>   End train ranking function

train_ranking_functioning time = 1.362 ms


2019-05-03-01-35-35   >>>>   Start verify ranking function

[xi_0 = 0]
ranking function : 0.9 * 1

2019-05-03-01-35-35   >>>>   End verify ranking function

verifying time = 125.098 ms


Not Found Ranking Fcuntion

Conterexample is 

[0, 0, 0, 0, 0, 0, 0, 0, 0, 0, 0, 0, 0, 0, 0, 0, 0, 0, 0, 0, 0, 0, 0, 0, 0, 0, 0, 0, 0, 0, 0, 0, 0, 0, 0, 0, 0, 0, 0, 0, 0, 0, 0, 0, 0, 0, 0, 0, 0, 0, 0, 0, 0, 0, 0, 0, 0, 0, 0, 0, 0, 0, 0, 0, 0, 0, 0, 0, 0, 0, 0, 0, 0, 0, 0, 0]

sampling time = 113.091 ms


       ########################################         

iteration 5 with 16 examples

2019-05-03-01-35-35   >>>>   Start train ranking function

5
2019-05-03-01-35-35   >>>>   End train ranking function

train_ranking_functioning time = 1.488 ms


2019-05-03-01-35-35   >>>>   Start verify ranking function

[xi_0 = 0]
ranking function : 0.9 * 1

2019-05-03-01-35-35   >>>>   End verify ranking function

verifying time = 125.809 ms


Not Found Ranking Fcuntion

Conterexample is 

[0, 0, 0, 0, 0, 0, 0, 0, 0, 0, 0, 0, 0, 0, 0, 0, 0, 0, 0, 0, 0, 0, 0, 0, 0, 0, 0, 0, 0, 0, 0, 0, 0, 0, 0, 0, 0, 0, 0, 0, 0, 0, 0, 0, 0, 0, 0, 0, 0, 0, 0, 0, 0, 0, 0, 0, 0, 0, 0, 0, 0, 0, 0, 0, 0, 0, 0, 0, 0, 0, 0, 0, 0, 0, 0, 0]

sampling time = 113.306 ms


       ########################################         

iteration 6 with 18 examples

2019-05-03-01-35-35   >>>>   Start train ranking function

2019-05-03-01-35-35   >>>>   End train ranking function

train_ranking_functioning time = 1.437 ms


2019-05-03-01-35-35   >>>>   Start verify ranking function

[xi_0 = 0]
ranking function : 1.0 * 1

2019-05-03-01-35-35   >>>>   End verify ranking function

verifying time = 125.137 ms


Not Found Ranking Fcuntion

Conterexample is 

[0, 0, 0, 0, 0, 0, 0, 0, 0, 0, 0, 0, 0, 0, 0, 0, 0, 0, 0, 0, 0, 0, 0, 0, 0, 0, 0, 0, 0, 0, 0, 0, 0, 0, 0, 0, 0, 0, 0, 0, 0, 0, 0, 0, 0, 0, 0, 0, 0, 0, 0, 0, 0, 0, 0, 0, 0, 0, 0, 0, 0, 0, 0, 0, 0, 0, 0, 0, 0, 0, 0, 0, 0, 0, 0, 0]

sampling time = 113.363 ms


       ########################################         

iteration 7 with 20 examples

2019-05-03-01-35-36   >>>>   Start train ranking function

2019-05-03-01-35-36   >>>>   End train ranking function

train_ranking_functioning time = 1.739 ms


2019-05-03-01-35-36   >>>>   Start verify ranking function

[xi_0 = 0]
ranking function : 1.0 * 1

2019-05-03-01-35-36   >>>>   End verify ranking function

verifying time = 125.918 ms


Not Found Ranking Fcuntion

Conterexample is 

[0, 0, 0, 0, 0, 0, 0, 0, 0, 0, 0, 0, 0, 0, 0, 0, 0, 0, 0, 0, 0, 0, 0, 0, 0, 0, 0, 0, 0, 0, 0, 0, 0, 0, 0, 0, 0, 0, 0, 0, 0, 0, 0, 0, 0, 0, 0, 0, 0, 0, 0, 0, 0, 0, 0, 0, 0, 0, 0, 0, 0, 0, 0, 0, 0, 0, 0, 0, 0, 0, 0, 0, 0, 0, 0, 0]

sampling time = 112.918 ms


       ########################################         

iteration 8 with 22 examples

2019-05-03-01-35-36   >>>>   Start train ranking function

2019-05-03-01-35-36   >>>>   End train ranking function

train_ranking_functioning time = 1.675 ms


2019-05-03-01-35-36   >>>>   Start verify ranking function

[xi_0 = 0]
ranking function : 1.0 * 1

2019-05-03-01-35-36   >>>>   End verify ranking function

verifying time = 125.412 ms


Not Found Ranking Fcuntion

Conterexample is 

[0, 0, 0, 0, 0, 0, 0, 0, 0, 0, 0, 0, 0, 0, 0, 0, 0, 0, 0, 0, 0, 0, 0, 0, 0, 0, 0, 0, 0, 0, 0, 0, 0, 0, 0, 0, 0, 0, 0, 0, 0, 0, 0, 0, 0, 0, 0, 0, 0, 0, 0, 0, 0, 0, 0, 0, 0, 0, 0, 0, 0, 0, 0, 0, 0, 0, 0, 0, 0, 0, 0, 0, 0, 0, 0, 0]

sampling time = 113.406 ms


       ########################################         

iteration 9 with 24 examples

2019-05-03-01-35-36   >>>>   Start train ranking function

2019-05-03-01-35-36   >>>>   End train ranking function

train_ranking_functioning time = 1.803 ms


2019-05-03-01-35-36   >>>>   Start verify ranking function

[xi_0 = 0]
ranking function : 1.0 * 1

2019-05-03-01-35-36   >>>>   End verify ranking function

verifying time = 126.514 ms


Not Found Ranking Fcuntion

Conterexample is 

[0, 0, 0, 0, 0, 0, 0, 0, 0, 0, 0, 0, 0, 0, 0, 0, 0, 0, 0, 0, 0, 0, 0, 0, 0, 0, 0, 0, 0, 0, 0, 0, 0, 0, 0, 0, 0, 0, 0, 0, 0, 0, 0, 0, 0, 0, 0, 0, 0, 0, 0, 0, 0, 0, 0, 0, 0, 0, 0, 0, 0, 0, 0, 0, 0, 0, 0, 0, 0, 0, 0, 0, 0, 0, 0, 0]

sampling time = 113.858 ms


       ########################################         

iteration 10 with 26 examples

2019-05-03-01-35-36   >>>>   Start train ranking function

2019-05-03-01-35-36   >>>>   End train ranking function

train_ranking_functioning time = 1.976 ms


2019-05-03-01-35-36   >>>>   Start verify ranking function

[xi_0 = 0]
ranking function : 1.0 * 1

2019-05-03-01-35-37   >>>>   End verify ranking function

verifying time = 126.973 ms


Not Found Ranking Fcuntion

Conterexample is 

[0, 0, 0, 0, 0, 0, 0, 0, 0, 0, 0, 0, 0, 0, 0, 0, 0, 0, 0, 0, 0, 0, 0, 0, 0, 0, 0, 0, 0, 0, 0, 0, 0, 0, 0, 0, 0, 0, 0, 0, 0, 0, 0, 0, 0, 0, 0, 0, 0, 0, 0, 0, 0, 0, 0, 0, 0, 0, 0, 0, 0, 0, 0, 0, 0, 0, 0, 0, 0, 0, 0, 0, 0, 0, 0, 0]

sampling time = 119.591 ms


       ########################################         

iteration 11 with 28 examples

2019-05-03-01-35-37   >>>>   Start train ranking function

5
2019-05-03-01-35-37   >>>>   End train ranking function

train_ranking_functioning time = 2.158 ms


2019-05-03-01-35-37   >>>>   Start verify ranking function

[xi_0 = 0]
ranking function : 1.0 * 1

2019-05-03-01-35-37   >>>>   End verify ranking function

verifying time = 126.144 ms


Not Found Ranking Fcuntion

Conterexample is 

[0, 0, 0, 0, 0, 0, 0, 0, 0, 0, 0, 0, 0, 0, 0, 0, 0, 0, 0, 0, 0, 0, 0, 0, 0, 0, 0, 0, 0, 0, 0, 0, 0, 0, 0, 0, 0, 0, 0, 0, 0, 0, 0, 0, 0, 0, 0, 0, 0, 0, 0, 0, 0, 0, 0, 0, 0, 0, 0, 0, 0, 0, 0, 0, 0, 0, 0, 0, 0, 0, 0, 0, 0, 0, 0, 0]

sampling time = 114.204 ms


       ########################################         

iteration 12 with 30 examples

2019-05-03-01-35-37   >>>>   Start train ranking function

2019-05-03-01-35-37   >>>>   End train ranking function

train_ranking_functioning time = 2.432 ms


2019-05-03-01-35-37   >>>>   Start verify ranking function

ranking function :  - 0.0133 *  x[1]^1.0 - 0.0133 *  x[2]^1.0 - 0.0133 *  x[3]^1.0 - 0.0133 *  x[4]^1.0 - 0.0133 *  x[5]^1.0 - 0.0133 *  x[6]^1.0 - 0.0133 *  x[7]^1.0 - 0.0133 *  x[8]^1.0 - 0.0133 *  x[9]^1.0 - 0.0133 *  x[10]^1.0 - 0.0133 *  x[11]^1.0 - 0.0133 *  x[12]^1.0 - 0.0133 *  x[13]^1.0 - 0.0133 *  x[14]^1.0 - 0.0133 *  x[15]^1.0 - 0.0133 *  x[16]^1.0 - 0.0133 *  x[17]^1.0 - 0.0133 *  x[18]^1.0 - 0.0133 *  x[19]^1.0 - 0.0133 *  x[20]^1.0 - 0.0133 *  x[21]^1.0 - 0.0133 *  x[22]^1.0 - 0.0133 *  x[23]^1.0 - 0.0133 *  x[24]^1.0 - 0.0133 *  x[25]^1.0 - 0.0133 *  x[26]^1.0 - 0.0133 *  x[27]^1.0 - 0.0133 *  x[28]^1.0 - 0.0133 *  x[29]^1.0 - 0.0133 *  x[30]^1.0 - 0.0133 *  x[31]^1.0 - 0.0133 *  x[32]^1.0 - 0.0133 *  x[33]^1.0 - 0.0133 *  x[34]^1.0 - 0.0133 *  x[35]^1.0 - 0.0133 *  x[36]^1.0 - 0.0133 *  x[37]^1.0 - 0.0133 *  x[38]^1.0 - 0.0133 *  x[39]^1.0 - 0.0133 *  x[40]^1.0 - 0.0133 *  x[41]^1.0 - 0.0133 *  x[42]^1.0 - 0.0133 *  x[43]^1.0 - 0.0133 *  x[44]^1.0 - 0.0133 *  x[45]^1.0 - 0.0133 *  x[46]^1.0 - 0.0133 *  x[47]^1.0 - 0.0133 *  x[48]^1.0 - 0.0133 *  x[49]^1.0 - 0.0133 *  x[50]^1.0 - 0.0133 *  x[51]^1.0 - 0.0133 *  x[52]^1.0 - 0.0133 *  x[53]^1.0 - 0.0133 *  x[54]^1.0 - 0.0133 *  x[55]^1.0 - 0.0133 *  x[56]^1.0 - 0.0133 *  x[57]^1.0 - 0.0133 *  x[58]^1.0 - 0.0133 *  x[59]^1.0 - 0.0133 *  x[60]^1.0 - 0.0133 *  x[61]^1.0 - 0.0133 *  x[62]^1.0 - 0.0133 *  x[63]^1.0 - 0.0133 *  x[64]^1.0 - 0.0133 *  x[65]^1.0 - 0.0133 *  x[66]^1.0 - 0.0133 *  x[67]^1.0 - 0.0133 *  x[68]^1.0 - 0.0133 *  x[69]^1.0 - 0.0133 *  x[70]^1.0 - 0.0133 *  x[71]^1.0 - 0.0133 *  x[72]^1.0 - 0.0133 *  x[73]^1.0 - 0.0133 *  x[74]^1.0 - 0.0133 *  x[75]^1.0 + 0.9677 * 1

2019-05-03-01-35-37   >>>>   End verify ranking function

verifying time = 186.734 ms


Not Found Ranking Fcuntion

Conterexample is 

[0, 0, 0, 0, 0, 0, 0, 0, 73, 0, 0, 0, 0, 0, 0, 0, 0, 0, 0, 0, 0, 0, 0, 0, 0, 0, 0, 0, 0, 0, 0, 0, 0, 0, 0, 0, 0, 0, 0, 0, 0, 0, 0, 0, 0, 0, 0, 0, 0, 0, 0, 0, 0, 0, 0, 0, 0, 0, 0, 0, 0, 0, 0, 0, 0, 0, 0, 0, 0, 0, 0, 0, 0, 0, 0, 0]

sampling time = 115.938 ms


       ########################################         

iteration 13 with 32 examples

2019-05-03-01-35-38   >>>>   Start train ranking function

2019-05-03-01-35-38   >>>>   End train ranking function

train_ranking_functioning time = 2.664 ms


2019-05-03-01-35-38   >>>>   Start verify ranking function

ranking function :  - 0.0135 *  x[1]^1.0 - 0.0135 *  x[2]^1.0 - 0.0135 *  x[3]^1.0 - 0.0135 *  x[4]^1.0 - 0.0135 *  x[5]^1.0 - 0.0135 *  x[6]^1.0 - 0.0135 *  x[7]^1.0 + 0.0004 *  x[8]^1.0 - 0.0135 *  x[9]^1.0 - 0.0135 *  x[10]^1.0 - 0.0135 *  x[11]^1.0 - 0.0135 *  x[12]^1.0 - 0.0135 *  x[13]^1.0 - 0.0135 *  x[14]^1.0 - 0.0135 *  x[15]^1.0 - 0.0135 *  x[16]^1.0 - 0.0135 *  x[17]^1.0 - 0.0135 *  x[18]^1.0 - 0.0135 *  x[19]^1.0 - 0.0135 *  x[20]^1.0 - 0.0135 *  x[21]^1.0 - 0.0135 *  x[22]^1.0 - 0.0135 *  x[23]^1.0 - 0.0135 *  x[24]^1.0 - 0.0135 *  x[25]^1.0 - 0.0135 *  x[26]^1.0 - 0.0135 *  x[27]^1.0 - 0.0135 *  x[28]^1.0 - 0.0135 *  x[29]^1.0 - 0.0135 *  x[30]^1.0 - 0.0135 *  x[31]^1.0 - 0.0135 *  x[32]^1.0 - 0.0135 *  x[33]^1.0 - 0.0135 *  x[34]^1.0 - 0.0135 *  x[35]^1.0 - 0.0135 *  x[36]^1.0 - 0.0135 *  x[37]^1.0 - 0.0135 *  x[38]^1.0 - 0.0135 *  x[39]^1.0 - 0.0135 *  x[40]^1.0 - 0.0135 *  x[41]^1.0 - 0.0135 *  x[42]^1.0 - 0.0135 *  x[43]^1.0 - 0.0135 *  x[44]^1.0 - 0.0135 *  x[45]^1.0 - 0.0135 *  x[46]^1.0 - 0.0135 *  x[47]^1.0 - 0.0135 *  x[48]^1.0 - 0.0135 *  x[49]^1.0 - 0.0135 *  x[50]^1.0 - 0.0135 *  x[51]^1.0 - 0.0135 *  x[52]^1.0 - 0.0135 *  x[53]^1.0 - 0.0135 *  x[54]^1.0 - 0.0135 *  x[55]^1.0 - 0.0135 *  x[56]^1.0 - 0.0135 *  x[57]^1.0 - 0.0135 *  x[58]^1.0 - 0.0135 *  x[59]^1.0 - 0.0135 *  x[60]^1.0 - 0.0135 *  x[61]^1.0 - 0.0135 *  x[62]^1.0 - 0.0135 *  x[63]^1.0 - 0.0135 *  x[64]^1.0 - 0.0135 *  x[65]^1.0 - 0.0135 *  x[66]^1.0 - 0.0135 *  x[67]^1.0 - 0.0135 *  x[68]^1.0 - 0.0135 *  x[69]^1.0 - 0.0135 *  x[70]^1.0 - 0.0135 *  x[71]^1.0 - 0.0135 *  x[72]^1.0 - 0.0135 *  x[73]^1.0 - 0.0135 *  x[74]^1.0 - 0.0135 *  x[75]^1.0 + 0.9677 * 1

2019-05-03-01-35-38   >>>>   End verify ranking function

verifying time = 188.311 ms


Not Found Ranking Fcuntion

Conterexample is 

[0, 0, 0, 0, 0, 0, 0, 0, 0, 72, 0, 0, 0, 0, 0, 0, 0, 0, 0, 0, 0, 0, 0, 0, 0, 0, 0, 0, 0, 0, 0, 0, 0, 0, 0, 0, 0, 0, 0, 0, 0, 0, 0, 0, 0, 0, 0, 0, 0, 0, 0, 0, 0, 0, 0, 0, 0, 0, 0, 0, 0, 0, 0, 0, 0, 0, 0, 0, 0, 0, 0, 0, 0, 0, 0, 0]

sampling time = 114.545 ms


       ########################################         

iteration 14 with 34 examples

2019-05-03-01-35-38   >>>>   Start train ranking function

2019-05-03-01-35-38   >>>>   End train ranking function

train_ranking_functioning time = 2.773 ms


2019-05-03-01-35-38   >>>>   Start verify ranking function

ranking function :  - 0.0137 *  x[1]^1.0 - 0.0137 *  x[2]^1.0 - 0.0137 *  x[3]^1.0 - 0.0137 *  x[4]^1.0 - 0.0137 *  x[5]^1.0 - 0.0137 *  x[6]^1.0 - 0.0137 *  x[7]^1.0 + 0.0004 *  x[8]^1.0 + 0.0004 *  x[9]^1.0 - 0.0137 *  x[10]^1.0 - 0.0137 *  x[11]^1.0 - 0.0137 *  x[12]^1.0 - 0.0137 *  x[13]^1.0 - 0.0137 *  x[14]^1.0 - 0.0137 *  x[15]^1.0 - 0.0137 *  x[16]^1.0 - 0.0137 *  x[17]^1.0 - 0.0137 *  x[18]^1.0 - 0.0137 *  x[19]^1.0 - 0.0137 *  x[20]^1.0 - 0.0137 *  x[21]^1.0 - 0.0137 *  x[22]^1.0 - 0.0137 *  x[23]^1.0 - 0.0137 *  x[24]^1.0 - 0.0137 *  x[25]^1.0 - 0.0137 *  x[26]^1.0 - 0.0137 *  x[27]^1.0 - 0.0137 *  x[28]^1.0 - 0.0137 *  x[29]^1.0 - 0.0137 *  x[30]^1.0 - 0.0137 *  x[31]^1.0 - 0.0137 *  x[32]^1.0 - 0.0137 *  x[33]^1.0 - 0.0137 *  x[34]^1.0 - 0.0137 *  x[35]^1.0 - 0.0137 *  x[36]^1.0 - 0.0137 *  x[37]^1.0 - 0.0137 *  x[38]^1.0 - 0.0137 *  x[39]^1.0 - 0.0137 *  x[40]^1.0 - 0.0137 *  x[41]^1.0 - 0.0137 *  x[42]^1.0 - 0.0137 *  x[43]^1.0 - 0.0137 *  x[44]^1.0 - 0.0137 *  x[45]^1.0 - 0.0137 *  x[46]^1.0 - 0.0137 *  x[47]^1.0 - 0.0137 *  x[48]^1.0 - 0.0137 *  x[49]^1.0 - 0.0137 *  x[50]^1.0 - 0.0137 *  x[51]^1.0 - 0.0137 *  x[52]^1.0 - 0.0137 *  x[53]^1.0 - 0.0137 *  x[54]^1.0 - 0.0137 *  x[55]^1.0 - 0.0137 *  x[56]^1.0 - 0.0137 *  x[57]^1.0 - 0.0137 *  x[58]^1.0 - 0.0137 *  x[59]^1.0 - 0.0137 *  x[60]^1.0 - 0.0137 *  x[61]^1.0 - 0.0137 *  x[62]^1.0 - 0.0137 *  x[63]^1.0 - 0.0137 *  x[64]^1.0 - 0.0137 *  x[65]^1.0 - 0.0137 *  x[66]^1.0 - 0.0137 *  x[67]^1.0 - 0.0137 *  x[68]^1.0 - 0.0137 *  x[69]^1.0 - 0.0137 *  x[70]^1.0 - 0.0137 *  x[71]^1.0 - 0.0137 *  x[72]^1.0 - 0.0137 *  x[73]^1.0 - 0.0137 *  x[74]^1.0 - 0.0137 *  x[75]^1.0 + 0.9678 * 1

2019-05-03-01-35-38   >>>>   End verify ranking function

verifying time = 189.155 ms


Not Found Ranking Fcuntion

Conterexample is 

[0, 0, 0, 0, 0, 0, 0, 0, 0, 0, 0, 0, 0, 0, 0, 0, 0, 0, 0, 0, 71, 0, 0, 0, 0, 0, 0, 0, 0, 0, 0, 0, 0, 0, 0, 0, 0, 0, 0, 0, 0, 0, 0, 0, 0, 0, 0, 0, 0, 0, 0, 0, 0, 0, 0, 0, 0, 0, 0, 0, 0, 0, 0, 0, 0, 0, 0, 0, 0, 0, 0, 0, 0, 0, 0, 0]

sampling time = 113.453 ms


       ########################################         

iteration 15 with 36 examples

2019-05-03-01-35-38   >>>>   Start train ranking function

2019-05-03-01-35-38   >>>>   End train ranking function

train_ranking_functioning time = 2.832 ms


2019-05-03-01-35-38   >>>>   Start verify ranking function

ranking function :  - 0.0139 *  x[1]^1.0 - 0.0139 *  x[2]^1.0 - 0.0139 *  x[3]^1.0 - 0.0139 *  x[4]^1.0 - 0.0139 *  x[5]^1.0 - 0.0139 *  x[6]^1.0 - 0.0139 *  x[7]^1.0 + 0.0004 *  x[8]^1.0 + 0.0004 *  x[9]^1.0 - 0.0139 *  x[10]^1.0 - 0.0139 *  x[11]^1.0 - 0.0139 *  x[12]^1.0 - 0.0139 *  x[13]^1.0 - 0.0139 *  x[14]^1.0 - 0.0139 *  x[15]^1.0 - 0.0139 *  x[16]^1.0 - 0.0139 *  x[17]^1.0 - 0.0139 *  x[18]^1.0 - 0.0139 *  x[19]^1.0 + 0.0005 *  x[20]^1.0 - 0.0139 *  x[21]^1.0 - 0.0139 *  x[22]^1.0 - 0.0139 *  x[23]^1.0 - 0.0139 *  x[24]^1.0 - 0.0139 *  x[25]^1.0 - 0.0139 *  x[26]^1.0 - 0.0139 *  x[27]^1.0 - 0.0139 *  x[28]^1.0 - 0.0139 *  x[29]^1.0 - 0.0139 *  x[30]^1.0 - 0.0139 *  x[31]^1.0 - 0.0139 *  x[32]^1.0 - 0.0139 *  x[33]^1.0 - 0.0139 *  x[34]^1.0 - 0.0139 *  x[35]^1.0 - 0.0139 *  x[36]^1.0 - 0.0139 *  x[37]^1.0 - 0.0139 *  x[38]^1.0 - 0.0139 *  x[39]^1.0 - 0.0139 *  x[40]^1.0 - 0.0139 *  x[41]^1.0 - 0.0139 *  x[42]^1.0 - 0.0139 *  x[43]^1.0 - 0.0139 *  x[44]^1.0 - 0.0139 *  x[45]^1.0 - 0.0139 *  x[46]^1.0 - 0.0139 *  x[47]^1.0 - 0.0139 *  x[48]^1.0 - 0.0139 *  x[49]^1.0 - 0.0139 *  x[50]^1.0 - 0.0139 *  x[51]^1.0 - 0.0139 *  x[52]^1.0 - 0.0139 *  x[53]^1.0 - 0.0139 *  x[54]^1.0 - 0.0139 *  x[55]^1.0 - 0.0139 *  x[56]^1.0 - 0.0139 *  x[57]^1.0 - 0.0139 *  x[58]^1.0 - 0.0139 *  x[59]^1.0 - 0.0139 *  x[60]^1.0 - 0.0139 *  x[61]^1.0 - 0.0139 *  x[62]^1.0 - 0.0139 *  x[63]^1.0 - 0.0139 *  x[64]^1.0 - 0.0139 *  x[65]^1.0 - 0.0139 *  x[66]^1.0 - 0.0139 *  x[67]^1.0 - 0.0139 *  x[68]^1.0 - 0.0139 *  x[69]^1.0 - 0.0139 *  x[70]^1.0 - 0.0139 *  x[71]^1.0 - 0.0139 *  x[72]^1.0 - 0.0139 *  x[73]^1.0 - 0.0139 *  x[74]^1.0 - 0.0139 *  x[75]^1.0 + 0.9678 * 1

2019-05-03-01-35-39   >>>>   End verify ranking function

verifying time = 192.141 ms


Not Found Ranking Fcuntion

Conterexample is 

[0, 0, 0, 0, 0, 0, 0, 0, 0, 0, 0, 0, 0, 0, 0, 0, 0, 0, 0, 0, 0, 0, 0, 0, 0, 70, 0, 0, 0, 0, 0, 0, 0, 0, 0, 0, 0, 0, 0, 0, 0, 0, 0, 0, 0, 0, 0, 0, 0, 0, 0, 0, 0, 0, 0, 0, 0, 0, 0, 0, 0, 0, 0, 0, 0, 0, 0, 0, 0, 0, 0, 0, 0, 0, 0, 0]

sampling time = 114.215 ms


       ########################################         

iteration 16 with 38 examples

2019-05-03-01-35-39   >>>>   Start train ranking function

2019-05-03-01-35-39   >>>>   End train ranking function

train_ranking_functioning time = 2.966 ms


2019-05-03-01-35-39   >>>>   Start verify ranking function

ranking function :  - 0.0141 *  x[1]^1.0 - 0.0141 *  x[2]^1.0 - 0.0141 *  x[3]^1.0 - 0.0141 *  x[4]^1.0 - 0.0141 *  x[5]^1.0 - 0.0141 *  x[6]^1.0 - 0.0141 *  x[7]^1.0 + 0.0004 *  x[8]^1.0 + 0.0004 *  x[9]^1.0 - 0.0141 *  x[10]^1.0 - 0.0141 *  x[11]^1.0 - 0.0141 *  x[12]^1.0 - 0.0141 *  x[13]^1.0 - 0.0141 *  x[14]^1.0 - 0.0141 *  x[15]^1.0 - 0.0141 *  x[16]^1.0 - 0.0141 *  x[17]^1.0 - 0.0141 *  x[18]^1.0 - 0.0141 *  x[19]^1.0 + 0.0005 *  x[20]^1.0 - 0.0141 *  x[21]^1.0 - 0.0141 *  x[22]^1.0 - 0.0141 *  x[23]^1.0 - 0.0141 *  x[24]^1.0 + 0.0005 *  x[25]^1.0 - 0.0141 *  x[26]^1.0 - 0.0141 *  x[27]^1.0 - 0.0141 *  x[28]^1.0 - 0.0141 *  x[29]^1.0 - 0.0141 *  x[30]^1.0 - 0.0141 *  x[31]^1.0 - 0.0141 *  x[32]^1.0 - 0.0141 *  x[33]^1.0 - 0.0141 *  x[34]^1.0 - 0.0141 *  x[35]^1.0 - 0.0141 *  x[36]^1.0 - 0.0141 *  x[37]^1.0 - 0.0141 *  x[38]^1.0 - 0.0141 *  x[39]^1.0 - 0.0141 *  x[40]^1.0 - 0.0141 *  x[41]^1.0 - 0.0141 *  x[42]^1.0 - 0.0141 *  x[43]^1.0 - 0.0141 *  x[44]^1.0 - 0.0141 *  x[45]^1.0 - 0.0141 *  x[46]^1.0 - 0.0141 *  x[47]^1.0 - 0.0141 *  x[48]^1.0 - 0.0141 *  x[49]^1.0 - 0.0141 *  x[50]^1.0 - 0.0141 *  x[51]^1.0 - 0.0141 *  x[52]^1.0 - 0.0141 *  x[53]^1.0 - 0.0141 *  x[54]^1.0 - 0.0141 *  x[55]^1.0 - 0.0141 *  x[56]^1.0 - 0.0141 *  x[57]^1.0 - 0.0141 *  x[58]^1.0 - 0.0141 *  x[59]^1.0 - 0.0141 *  x[60]^1.0 - 0.0141 *  x[61]^1.0 - 0.0141 *  x[62]^1.0 - 0.0141 *  x[63]^1.0 - 0.0141 *  x[64]^1.0 - 0.0141 *  x[65]^1.0 - 0.0141 *  x[66]^1.0 - 0.0141 *  x[67]^1.0 - 0.0141 *  x[68]^1.0 - 0.0141 *  x[69]^1.0 - 0.0141 *  x[70]^1.0 - 0.0141 *  x[71]^1.0 - 0.0141 *  x[72]^1.0 - 0.0141 *  x[73]^1.0 - 0.0141 *  x[74]^1.0 - 0.0141 *  x[75]^1.0 + 0.9678 * 1

2019-05-03-01-35-39   >>>>   End verify ranking function

verifying time = 188.666 ms


Not Found Ranking Fcuntion

Conterexample is 

[0, 0, 0, 0, 0, 0, 0, 0, 0, 0, 0, 0, 0, 0, 0, 0, 0, 0, 0, 0, 0, 0, 0, 0, 0, 0, 0, 0, 0, 0, 0, 69, 0, 0, 0, 0, 0, 0, 0, 0, 0, 0, 0, 0, 0, 0, 0, 0, 0, 0, 0, 0, 0, 0, 0, 0, 0, 0, 0, 0, 0, 0, 0, 0, 0, 0, 0, 0, 0, 0, 0, 0, 0, 0, 0, 0]

sampling time = 113.458 ms


       ########################################         

iteration 17 with 40 examples

2019-05-03-01-35-39   >>>>   Start train ranking function

2019-05-03-01-35-39   >>>>   End train ranking function

train_ranking_functioning time = 3.094 ms


2019-05-03-01-35-39   >>>>   Start verify ranking function

ranking function :  - 0.0143 *  x[1]^1.0 - 0.0143 *  x[2]^1.0 - 0.0143 *  x[3]^1.0 - 0.0143 *  x[4]^1.0 - 0.0143 *  x[5]^1.0 - 0.0143 *  x[6]^1.0 - 0.0143 *  x[7]^1.0 + 0.0004 *  x[8]^1.0 + 0.0004 *  x[9]^1.0 - 0.0143 *  x[10]^1.0 - 0.0143 *  x[11]^1.0 - 0.0143 *  x[12]^1.0 - 0.0143 *  x[13]^1.0 - 0.0143 *  x[14]^1.0 - 0.0143 *  x[15]^1.0 - 0.0143 *  x[16]^1.0 - 0.0143 *  x[17]^1.0 - 0.0143 *  x[18]^1.0 - 0.0143 *  x[19]^1.0 + 0.0005 *  x[20]^1.0 - 0.0143 *  x[21]^1.0 - 0.0143 *  x[22]^1.0 - 0.0143 *  x[23]^1.0 - 0.0143 *  x[24]^1.0 + 0.0005 *  x[25]^1.0 - 0.0143 *  x[26]^1.0 - 0.0143 *  x[27]^1.0 - 0.0143 *  x[28]^1.0 - 0.0143 *  x[29]^1.0 - 0.0143 *  x[30]^1.0 + 0.0005 *  x[31]^1.0 - 0.0143 *  x[32]^1.0 - 0.0143 *  x[33]^1.0 - 0.0143 *  x[34]^1.0 - 0.0143 *  x[35]^1.0 - 0.0143 *  x[36]^1.0 - 0.0143 *  x[37]^1.0 - 0.0143 *  x[38]^1.0 - 0.0143 *  x[39]^1.0 - 0.0143 *  x[40]^1.0 - 0.0143 *  x[41]^1.0 - 0.0143 *  x[42]^1.0 - 0.0143 *  x[43]^1.0 - 0.0143 *  x[44]^1.0 - 0.0143 *  x[45]^1.0 - 0.0143 *  x[46]^1.0 - 0.0143 *  x[47]^1.0 - 0.0143 *  x[48]^1.0 - 0.0143 *  x[49]^1.0 - 0.0143 *  x[50]^1.0 - 0.0143 *  x[51]^1.0 - 0.0143 *  x[52]^1.0 - 0.0143 *  x[53]^1.0 - 0.0143 *  x[54]^1.0 - 0.0143 *  x[55]^1.0 - 0.0143 *  x[56]^1.0 - 0.0143 *  x[57]^1.0 - 0.0143 *  x[58]^1.0 - 0.0143 *  x[59]^1.0 - 0.0143 *  x[60]^1.0 - 0.0143 *  x[61]^1.0 - 0.0143 *  x[62]^1.0 - 0.0143 *  x[63]^1.0 - 0.0143 *  x[64]^1.0 - 0.0143 *  x[65]^1.0 - 0.0143 *  x[66]^1.0 - 0.0143 *  x[67]^1.0 - 0.0143 *  x[68]^1.0 - 0.0143 *  x[69]^1.0 - 0.0143 *  x[70]^1.0 - 0.0143 *  x[71]^1.0 - 0.0143 *  x[72]^1.0 - 0.0143 *  x[73]^1.0 - 0.0143 *  x[74]^1.0 - 0.0143 *  x[75]^1.0 + 0.9678 * 1

2019-05-03-01-35-40   >>>>   End verify ranking function

verifying time = 190.036 ms


Not Found Ranking Fcuntion

Conterexample is 

[0, 0, 0, 0, 0, 0, 68, 0, 0, 0, 0, 0, 0, 0, 0, 0, 0, 0, 0, 0, 0, 0, 0, 0, 0, 0, 0, 0, 0, 0, 0, 0, 0, 0, 0, 0, 0, 0, 0, 0, 0, 0, 0, 0, 0, 0, 0, 0, 0, 0, 0, 0, 0, 0, 0, 0, 0, 0, 0, 0, 0, 0, 0, 0, 0, 0, 0, 0, 0, 0, 0, 0, 0, 0, 0, 0]

sampling time = 114.577 ms


       ########################################         

iteration 18 with 42 examples

2019-05-03-01-35-40   >>>>   Start train ranking function

2019-05-03-01-35-40   >>>>   End train ranking function

train_ranking_functioning time = 3.040 ms


2019-05-03-01-35-40   >>>>   Start verify ranking function

ranking function :  - 0.0145 *  x[1]^1.0 - 0.0145 *  x[2]^1.0 - 0.0145 *  x[3]^1.0 - 0.0145 *  x[4]^1.0 - 0.0145 *  x[5]^1.0 + 0.0005 *  x[6]^1.0 - 0.0145 *  x[7]^1.0 + 0.0004 *  x[8]^1.0 + 0.0004 *  x[9]^1.0 - 0.0145 *  x[10]^1.0 - 0.0145 *  x[11]^1.0 - 0.0145 *  x[12]^1.0 - 0.0145 *  x[13]^1.0 - 0.0145 *  x[14]^1.0 - 0.0145 *  x[15]^1.0 - 0.0145 *  x[16]^1.0 - 0.0145 *  x[17]^1.0 - 0.0145 *  x[18]^1.0 - 0.0145 *  x[19]^1.0 + 0.0005 *  x[20]^1.0 - 0.0145 *  x[21]^1.0 - 0.0145 *  x[22]^1.0 - 0.0145 *  x[23]^1.0 - 0.0145 *  x[24]^1.0 + 0.0005 *  x[25]^1.0 - 0.0145 *  x[26]^1.0 - 0.0145 *  x[27]^1.0 - 0.0145 *  x[28]^1.0 - 0.0145 *  x[29]^1.0 - 0.0145 *  x[30]^1.0 + 0.0005 *  x[31]^1.0 - 0.0145 *  x[32]^1.0 - 0.0145 *  x[33]^1.0 - 0.0145 *  x[34]^1.0 - 0.0145 *  x[35]^1.0 - 0.0145 *  x[36]^1.0 - 0.0145 *  x[37]^1.0 - 0.0145 *  x[38]^1.0 - 0.0145 *  x[39]^1.0 - 0.0145 *  x[40]^1.0 - 0.0145 *  x[41]^1.0 - 0.0145 *  x[42]^1.0 - 0.0145 *  x[43]^1.0 - 0.0145 *  x[44]^1.0 - 0.0145 *  x[45]^1.0 - 0.0145 *  x[46]^1.0 - 0.0145 *  x[47]^1.0 - 0.0145 *  x[48]^1.0 - 0.0145 *  x[49]^1.0 - 0.0145 *  x[50]^1.0 - 0.0145 *  x[51]^1.0 - 0.0145 *  x[52]^1.0 - 0.0145 *  x[53]^1.0 - 0.0145 *  x[54]^1.0 - 0.0145 *  x[55]^1.0 - 0.0145 *  x[56]^1.0 - 0.0145 *  x[57]^1.0 - 0.0145 *  x[58]^1.0 - 0.0145 *  x[59]^1.0 - 0.0145 *  x[60]^1.0 - 0.0145 *  x[61]^1.0 - 0.0145 *  x[62]^1.0 - 0.0145 *  x[63]^1.0 - 0.0145 *  x[64]^1.0 - 0.0145 *  x[65]^1.0 - 0.0145 *  x[66]^1.0 - 0.0145 *  x[67]^1.0 - 0.0145 *  x[68]^1.0 - 0.0145 *  x[69]^1.0 - 0.0145 *  x[70]^1.0 - 0.0145 *  x[71]^1.0 - 0.0145 *  x[72]^1.0 - 0.0145 *  x[73]^1.0 - 0.0145 *  x[74]^1.0 - 0.0145 *  x[75]^1.0 + 0.9678 * 1

2019-05-03-01-35-40   >>>>   End verify ranking function

verifying time = 187.918 ms


Not Found Ranking Fcuntion

Conterexample is 

[0, 0, 0, 0, 0, 0, 0, 0, 0, 0, 0, 0, 0, 0, 0, 0, 0, 0, 0, 0, 0, 0, 0, 0, 0, 0, 0, 0, 0, 0, 0, 0, 0, 0, 0, 0, 0, 0, 0, 0, 0, 0, 0, 0, 0, 0, 0, 0, 0, 0, 0, 0, 0, 0, 0, 0, 0, 0, 0, 0, 0, 0, 0, 0, 0, 0, 0, 0, 0, 0, 0, 0, 0, 68, 0, 0]

sampling time = 114.440 ms


       ########################################         

iteration 19 with 44 examples

2019-05-03-01-35-40   >>>>   Start train ranking function

2019-05-03-01-35-40   >>>>   End train ranking function

train_ranking_functioning time = 3.172 ms


2019-05-03-01-35-40   >>>>   Start verify ranking function

ranking function :  - 0.0147 *  x[1]^1.0 - 0.0147 *  x[2]^1.0 - 0.0147 *  x[3]^1.0 - 0.0147 *  x[4]^1.0 - 0.0147 *  x[5]^1.0 + 0.0005 *  x[6]^1.0 - 0.0147 *  x[7]^1.0 + 0.0004 *  x[8]^1.0 + 0.0004 *  x[9]^1.0 - 0.0147 *  x[10]^1.0 - 0.0147 *  x[11]^1.0 - 0.0147 *  x[12]^1.0 - 0.0147 *  x[13]^1.0 - 0.0147 *  x[14]^1.0 - 0.0147 *  x[15]^1.0 - 0.0147 *  x[16]^1.0 - 0.0147 *  x[17]^1.0 - 0.0147 *  x[18]^1.0 - 0.0147 *  x[19]^1.0 + 0.0005 *  x[20]^1.0 - 0.0147 *  x[21]^1.0 - 0.0147 *  x[22]^1.0 - 0.0147 *  x[23]^1.0 - 0.0147 *  x[24]^1.0 + 0.0005 *  x[25]^1.0 - 0.0147 *  x[26]^1.0 - 0.0147 *  x[27]^1.0 - 0.0147 *  x[28]^1.0 - 0.0147 *  x[29]^1.0 - 0.0147 *  x[30]^1.0 + 0.0005 *  x[31]^1.0 - 0.0147 *  x[32]^1.0 - 0.0147 *  x[33]^1.0 - 0.0147 *  x[34]^1.0 - 0.0147 *  x[35]^1.0 - 0.0147 *  x[36]^1.0 - 0.0147 *  x[37]^1.0 - 0.0147 *  x[38]^1.0 - 0.0147 *  x[39]^1.0 - 0.0147 *  x[40]^1.0 - 0.0147 *  x[41]^1.0 - 0.0147 *  x[42]^1.0 - 0.0147 *  x[43]^1.0 - 0.0147 *  x[44]^1.0 - 0.0147 *  x[45]^1.0 - 0.0147 *  x[46]^1.0 - 0.0147 *  x[47]^1.0 - 0.0147 *  x[48]^1.0 - 0.0147 *  x[49]^1.0 - 0.0147 *  x[50]^1.0 - 0.0147 *  x[51]^1.0 - 0.0147 *  x[52]^1.0 - 0.0147 *  x[53]^1.0 - 0.0147 *  x[54]^1.0 - 0.0147 *  x[55]^1.0 - 0.0147 *  x[56]^1.0 - 0.0147 *  x[57]^1.0 - 0.0147 *  x[58]^1.0 - 0.0147 *  x[59]^1.0 - 0.0147 *  x[60]^1.0 - 0.0147 *  x[61]^1.0 - 0.0147 *  x[62]^1.0 - 0.0147 *  x[63]^1.0 - 0.0147 *  x[64]^1.0 - 0.0147 *  x[65]^1.0 - 0.0147 *  x[66]^1.0 - 0.0147 *  x[67]^1.0 - 0.0147 *  x[68]^1.0 - 0.0147 *  x[69]^1.0 - 0.0147 *  x[70]^1.0 - 0.0147 *  x[71]^1.0 - 0.0147 *  x[72]^1.0 + 0.0005 *  x[73]^1.0 - 0.0147 *  x[74]^1.0 - 0.0147 *  x[75]^1.0 + 0.9678 * 1

2019-05-03-01-35-40   >>>>   End verify ranking function

verifying time = 191.750 ms


Not Found Ranking Fcuntion

Conterexample is 

[0, 0, 0, 0, 0, 0, 0, 0, 0, 0, 0, 0, 0, 0, 0, 0, 0, 0, 0, 0, 0, 0, 0, 0, 0, 0, 0, 0, 0, 0, 0, 0, 66, 0, 0, 0, 0, 0, 0, 0, 0, 0, 0, 0, 0, 0, 0, 0, 0, 0, 0, 0, 0, 0, 0, 0, 0, 0, 0, 0, 0, 0, 0, 0, 0, 0, 0, 0, 0, 0, 0, 0, 0, 0, 0, 0]

sampling time = 113.711 ms


       ########################################         

iteration 20 with 46 examples

2019-05-03-01-35-41   >>>>   Start train ranking function

2019-05-03-01-35-41   >>>>   End train ranking function

train_ranking_functioning time = 3.094 ms


2019-05-03-01-35-41   >>>>   Start verify ranking function

ranking function :  - 0.015 *  x[1]^1.0 - 0.015 *  x[2]^1.0 - 0.015 *  x[3]^1.0 - 0.015 *  x[4]^1.0 - 0.015 *  x[5]^1.0 + 0.0005 *  x[6]^1.0 - 0.015 *  x[7]^1.0 + 0.0004 *  x[8]^1.0 + 0.0004 *  x[9]^1.0 - 0.015 *  x[10]^1.0 - 0.015 *  x[11]^1.0 - 0.015 *  x[12]^1.0 - 0.015 *  x[13]^1.0 - 0.015 *  x[14]^1.0 - 0.015 *  x[15]^1.0 - 0.015 *  x[16]^1.0 - 0.015 *  x[17]^1.0 - 0.015 *  x[18]^1.0 - 0.015 *  x[19]^1.0 + 0.0005 *  x[20]^1.0 - 0.015 *  x[21]^1.0 - 0.015 *  x[22]^1.0 - 0.015 *  x[23]^1.0 - 0.015 *  x[24]^1.0 + 0.0005 *  x[25]^1.0 - 0.015 *  x[26]^1.0 - 0.015 *  x[27]^1.0 - 0.015 *  x[28]^1.0 - 0.015 *  x[29]^1.0 - 0.015 *  x[30]^1.0 + 0.0005 *  x[31]^1.0 + 0.0005 *  x[32]^1.0 - 0.015 *  x[33]^1.0 - 0.015 *  x[34]^1.0 - 0.015 *  x[35]^1.0 - 0.015 *  x[36]^1.0 - 0.015 *  x[37]^1.0 - 0.015 *  x[38]^1.0 - 0.015 *  x[39]^1.0 - 0.015 *  x[40]^1.0 - 0.015 *  x[41]^1.0 - 0.015 *  x[42]^1.0 - 0.015 *  x[43]^1.0 - 0.015 *  x[44]^1.0 - 0.015 *  x[45]^1.0 - 0.015 *  x[46]^1.0 - 0.015 *  x[47]^1.0 - 0.015 *  x[48]^1.0 - 0.015 *  x[49]^1.0 - 0.015 *  x[50]^1.0 - 0.015 *  x[51]^1.0 - 0.015 *  x[52]^1.0 - 0.015 *  x[53]^1.0 - 0.015 *  x[54]^1.0 - 0.015 *  x[55]^1.0 - 0.015 *  x[56]^1.0 - 0.015 *  x[57]^1.0 - 0.015 *  x[58]^1.0 - 0.015 *  x[59]^1.0 - 0.015 *  x[60]^1.0 - 0.015 *  x[61]^1.0 - 0.015 *  x[62]^1.0 - 0.015 *  x[63]^1.0 - 0.015 *  x[64]^1.0 - 0.015 *  x[65]^1.0 - 0.015 *  x[66]^1.0 - 0.015 *  x[67]^1.0 - 0.015 *  x[68]^1.0 - 0.015 *  x[69]^1.0 - 0.015 *  x[70]^1.0 - 0.015 *  x[71]^1.0 - 0.015 *  x[72]^1.0 + 0.0005 *  x[73]^1.0 - 0.015 *  x[74]^1.0 - 0.015 *  x[75]^1.0 + 0.9678 * 1

2019-05-03-01-35-41   >>>>   End verify ranking function

verifying time = 189.303 ms


Not Found Ranking Fcuntion

Conterexample is 

[0, 0, 0, 0, 0, 0, 0, 0, 0, 0, 0, 0, 0, 0, 0, 0, 0, 0, 0, 0, 0, 0, 0, 0, 0, 0, 0, 0, 0, 0, 0, 0, 0, 0, 0, 0, 0, 0, 0, 0, 0, 0, 0, 0, 0, 0, 0, 0, 0, 0, 0, 0, 0, 0, 0, 0, 0, 0, 0, 0, 0, 0, 0, 0, 0, 0, 0, 0, 65, 0, 0, 0, 0, 0, 0, 0]

sampling time = 113.248 ms


       ########################################         

iteration 21 with 48 examples

2019-05-03-01-35-41   >>>>   Start train ranking function

2019-05-03-01-35-41   >>>>   End train ranking function

train_ranking_functioning time = 3.213 ms


2019-05-03-01-35-41   >>>>   Start verify ranking function

ranking function :  - 0.0152 *  x[1]^1.0 - 0.0152 *  x[2]^1.0 - 0.0152 *  x[3]^1.0 - 0.0152 *  x[4]^1.0 - 0.0152 *  x[5]^1.0 + 0.0005 *  x[6]^1.0 - 0.0152 *  x[7]^1.0 + 0.0004 *  x[8]^1.0 + 0.0004 *  x[9]^1.0 - 0.0152 *  x[10]^1.0 - 0.0152 *  x[11]^1.0 - 0.0152 *  x[12]^1.0 - 0.0152 *  x[13]^1.0 - 0.0152 *  x[14]^1.0 - 0.0152 *  x[15]^1.0 - 0.0152 *  x[16]^1.0 - 0.0152 *  x[17]^1.0 - 0.0152 *  x[18]^1.0 - 0.0152 *  x[19]^1.0 + 0.0005 *  x[20]^1.0 - 0.0152 *  x[21]^1.0 - 0.0152 *  x[22]^1.0 - 0.0152 *  x[23]^1.0 - 0.0152 *  x[24]^1.0 + 0.0005 *  x[25]^1.0 - 0.0152 *  x[26]^1.0 - 0.0152 *  x[27]^1.0 - 0.0152 *  x[28]^1.0 - 0.0152 *  x[29]^1.0 - 0.0152 *  x[30]^1.0 + 0.0005 *  x[31]^1.0 + 0.0005 *  x[32]^1.0 - 0.0152 *  x[33]^1.0 - 0.0152 *  x[34]^1.0 - 0.0152 *  x[35]^1.0 - 0.0152 *  x[36]^1.0 - 0.0152 *  x[37]^1.0 - 0.0152 *  x[38]^1.0 - 0.0152 *  x[39]^1.0 - 0.0152 *  x[40]^1.0 - 0.0152 *  x[41]^1.0 - 0.0152 *  x[42]^1.0 - 0.0152 *  x[43]^1.0 - 0.0152 *  x[44]^1.0 - 0.0152 *  x[45]^1.0 - 0.0152 *  x[46]^1.0 - 0.0152 *  x[47]^1.0 - 0.0152 *  x[48]^1.0 - 0.0152 *  x[49]^1.0 - 0.0152 *  x[50]^1.0 - 0.0152 *  x[51]^1.0 - 0.0152 *  x[52]^1.0 - 0.0152 *  x[53]^1.0 - 0.0152 *  x[54]^1.0 - 0.0152 *  x[55]^1.0 - 0.0152 *  x[56]^1.0 - 0.0152 *  x[57]^1.0 - 0.0152 *  x[58]^1.0 - 0.0152 *  x[59]^1.0 - 0.0152 *  x[60]^1.0 - 0.0152 *  x[61]^1.0 - 0.0152 *  x[62]^1.0 - 0.0152 *  x[63]^1.0 - 0.0152 *  x[64]^1.0 - 0.0152 *  x[65]^1.0 - 0.0152 *  x[66]^1.0 - 0.0152 *  x[67]^1.0 + 0.0005 *  x[68]^1.0 - 0.0152 *  x[69]^1.0 - 0.0152 *  x[70]^1.0 - 0.0152 *  x[71]^1.0 - 0.0152 *  x[72]^1.0 + 0.0005 *  x[73]^1.0 - 0.0152 *  x[74]^1.0 - 0.0152 *  x[75]^1.0 + 0.9678 * 1

2019-05-03-01-35-41   >>>>   End verify ranking function

verifying time = 190.624 ms


Not Found Ranking Fcuntion

Conterexample is 

[0, 0, 0, 0, 0, 0, 0, 0, 0, 0, 0, 0, 0, 0, 0, 0, 0, 0, 64, 0, 0, 0, 0, 0, 0, 0, 0, 0, 0, 0, 0, 0, 0, 0, 0, 0, 0, 0, 0, 0, 0, 0, 0, 0, 0, 0, 0, 0, 0, 0, 0, 0, 0, 0, 0, 0, 0, 0, 0, 0, 0, 0, 0, 0, 0, 0, 0, 0, 0, 0, 0, 0, 0, 0, 0, 0]

sampling time = 114.981 ms


       ########################################         

iteration 22 with 50 examples

2019-05-03-01-35-42   >>>>   Start train ranking function

2019-05-03-01-35-42   >>>>   End train ranking function

train_ranking_functioning time = 3.201 ms


2019-05-03-01-35-42   >>>>   Start verify ranking function

ranking function :  - 0.0154 *  x[1]^1.0 - 0.0154 *  x[2]^1.0 - 0.0154 *  x[3]^1.0 - 0.0154 *  x[4]^1.0 - 0.0154 *  x[5]^1.0 + 0.0005 *  x[6]^1.0 - 0.0154 *  x[7]^1.0 + 0.0004 *  x[8]^1.0 + 0.0004 *  x[9]^1.0 - 0.0154 *  x[10]^1.0 - 0.0154 *  x[11]^1.0 - 0.0154 *  x[12]^1.0 - 0.0154 *  x[13]^1.0 - 0.0154 *  x[14]^1.0 - 0.0154 *  x[15]^1.0 - 0.0154 *  x[16]^1.0 - 0.0154 *  x[17]^1.0 + 0.0005 *  x[18]^1.0 - 0.0154 *  x[19]^1.0 + 0.0005 *  x[20]^1.0 - 0.0154 *  x[21]^1.0 - 0.0154 *  x[22]^1.0 - 0.0154 *  x[23]^1.0 - 0.0154 *  x[24]^1.0 + 0.0005 *  x[25]^1.0 - 0.0154 *  x[26]^1.0 - 0.0154 *  x[27]^1.0 - 0.0154 *  x[28]^1.0 - 0.0154 *  x[29]^1.0 - 0.0154 *  x[30]^1.0 + 0.0005 *  x[31]^1.0 + 0.0005 *  x[32]^1.0 - 0.0154 *  x[33]^1.0 - 0.0154 *  x[34]^1.0 - 0.0154 *  x[35]^1.0 - 0.0154 *  x[36]^1.0 - 0.0154 *  x[37]^1.0 - 0.0154 *  x[38]^1.0 - 0.0154 *  x[39]^1.0 - 0.0154 *  x[40]^1.0 - 0.0154 *  x[41]^1.0 - 0.0154 *  x[42]^1.0 - 0.0154 *  x[43]^1.0 - 0.0154 *  x[44]^1.0 - 0.0154 *  x[45]^1.0 - 0.0154 *  x[46]^1.0 - 0.0154 *  x[47]^1.0 - 0.0154 *  x[48]^1.0 - 0.0154 *  x[49]^1.0 - 0.0154 *  x[50]^1.0 - 0.0154 *  x[51]^1.0 - 0.0154 *  x[52]^1.0 - 0.0154 *  x[53]^1.0 - 0.0154 *  x[54]^1.0 - 0.0154 *  x[55]^1.0 - 0.0154 *  x[56]^1.0 - 0.0154 *  x[57]^1.0 - 0.0154 *  x[58]^1.0 - 0.0154 *  x[59]^1.0 - 0.0154 *  x[60]^1.0 - 0.0154 *  x[61]^1.0 - 0.0154 *  x[62]^1.0 - 0.0154 *  x[63]^1.0 - 0.0154 *  x[64]^1.0 - 0.0154 *  x[65]^1.0 - 0.0154 *  x[66]^1.0 - 0.0154 *  x[67]^1.0 + 0.0005 *  x[68]^1.0 - 0.0154 *  x[69]^1.0 - 0.0154 *  x[70]^1.0 - 0.0154 *  x[71]^1.0 - 0.0154 *  x[72]^1.0 + 0.0005 *  x[73]^1.0 - 0.0154 *  x[74]^1.0 - 0.0154 *  x[75]^1.0 + 0.9678 * 1
