------Using Template 0 -----------
5 [5]
*****************************************************

2019-05-03-02-00-44   >>>>   End sampling point

sampling time = 81.066 ms,


       ########################################         

iteration 0 with 112 examples

2019-05-03-02-00-44   >>>>   Start train ranking function

2019-05-03-02-00-44   >>>>   End train ranking function

train_ranking_functioning time = 0.725 ms


2019-05-03-02-00-44   >>>>   Start verify ranking function

ranking function :  - 0.5 *  x[3]^1.0 + 1.4 * 1

2019-05-03-02-00-44   >>>>   End verify ranking function

verifying time = 10.074 ms


Not Found Ranking Fcuntion

Conterexample is 

[0, 0, 0, 4]

sampling time = 1.361 ms


       ########################################         

iteration 1 with 114 examples

2019-05-03-02-00-44   >>>>   Start train ranking function

2019-05-03-02-00-44   >>>>   End train ranking function

train_ranking_functioning time = 0.578 ms


2019-05-03-02-00-44   >>>>   Start verify ranking function

[xi_3 = -9, xi_1 = 0]
ranking function : 0.1 *  x[1]^1.0 - 0.1 *  x[2]^1.0 - 0.4 *  x[3]^1.0 + 1.9 * 1

2019-05-03-02-00-44   >>>>   End verify ranking function

verifying time = 8.371 ms


Not Found Ranking Fcuntion

Conterexample is 

[0, 0, 0, -9]

sampling time = 1.347 ms


       ########################################         

iteration 2 with 116 examples

2019-05-03-02-00-44   >>>>   Start train ranking function

2019-05-03-02-00-44   >>>>   End train ranking function

train_ranking_functioning time = 1.648 ms


2019-05-03-02-00-44   >>>>   Start verify ranking function

ranking function :  - 0.5 *  x[3]^1.0 + 1.9 * 1

2019-05-03-02-00-44   >>>>   End verify ranking function

verifying time = 10.010 ms


Not Found Ranking Fcuntion

Conterexample is 

[0, 0, 0, 4]

sampling time = 1.357 ms


       ########################################         

iteration 3 with 118 examples

2019-05-03-02-00-44   >>>>   Start train ranking function

2019-05-03-02-00-44   >>>>   End train ranking function

train_ranking_functioning time = 1.284 ms


2019-05-03-02-00-44   >>>>   Start verify ranking function

ranking function :  - 0.5 *  x[3]^1.0 + 2.3 * 1

2019-05-03-02-00-44   >>>>   End verify ranking function

verifying time = 9.948 ms


Not Found Ranking Fcuntion

Conterexample is 

[0, 0, 0, 5]

sampling time = 1.353 ms


       ########################################         

iteration 4 with 120 examples

2019-05-03-02-00-44   >>>>   Start train ranking function

2019-05-03-02-00-44   >>>>   End train ranking function

train_ranking_functioning time = 1.869 ms


2019-05-03-02-00-44   >>>>   Start verify ranking function

ranking function :  - 0.5 *  x[3]^1.0 + 2.6 * 1

2019-05-03-02-00-44   >>>>   End verify ranking function

verifying time = 9.918 ms


Not Found Ranking Fcuntion

Conterexample is 

[0, 0, 0, 7]

sampling time = 1.394 ms


       ########################################         

iteration 5 with 122 examples

2019-05-03-02-00-44   >>>>   Start train ranking function

2019-05-03-02-00-44   >>>>   End train ranking function

train_ranking_functioning time = 2.362 ms


2019-05-03-02-00-44   >>>>   Start verify ranking function

ranking function :  - 0.4 *  x[3]^1.0 + 2.9 * 1

2019-05-03-02-00-44   >>>>   End verify ranking function

verifying time = 9.997 ms


Not Found Ranking Fcuntion

Conterexample is 

[0, 0, 0, 8]

sampling time = 1.459 ms


       ########################################         

iteration 6 with 124 examples

2019-05-03-02-00-44   >>>>   Start train ranking function

2019-05-03-02-00-44   >>>>   End train ranking function

train_ranking_functioning time = 2.436 ms


2019-05-03-02-00-44   >>>>   Start verify ranking function

[xi_2 = -8, xi_1 = 0]
ranking function : 0.1 *  x[1]^1.0 - 0.4 *  x[3]^1.0 + 3.3 * 1

2019-05-03-02-00-44   >>>>   End verify ranking function

verifying time = 8.435 ms


Not Found Ranking Fcuntion

Conterexample is 

[0, 0, -8, 0]

sampling time = 1.360 ms


       ########################################         

iteration 7 with 126 examples

2019-05-03-02-00-44   >>>>   Start train ranking function

2019-05-03-02-00-44   >>>>   End train ranking function

train_ranking_functioning time = 2.631 ms


2019-05-03-02-00-44   >>>>   Start verify ranking function

ranking function :  - 0.4 *  x[3]^1.0 + 3.3 * 1

2019-05-03-02-00-44   >>>>   End verify ranking function

verifying time = 9.862 ms


Not Found Ranking Fcuntion

Conterexample is 

[0, 0, 0, 9]

sampling time = 1.363 ms


       ########################################         

iteration 8 with 128 examples

2019-05-03-02-00-44   >>>>   Start train ranking function

2019-05-03-02-00-44   >>>>   End train ranking function

train_ranking_functioning time = 2.657 ms


2019-05-03-02-00-44   >>>>   Start verify ranking function

[xi_2 = 9, xi_3 = 0, xi_1 = 0]
ranking function :  - 0.1 *  x[2]^1.0 - 0.4 *  x[3]^1.0 + 3.7 * 1

2019-05-03-02-00-44   >>>>   End verify ranking function

verifying time = 8.510 ms


Not Found Ranking Fcuntion

Conterexample is 

[0, 0, 9, 0]

sampling time = 1.358 ms


       ########################################         

iteration 9 with 130 examples

2019-05-03-02-00-44   >>>>   Start train ranking function

2019-05-03-02-00-44   >>>>   End train ranking function

train_ranking_functioning time = 2.756 ms


2019-05-03-02-00-44   >>>>   Start verify ranking function

[xi_3 = -9, xi_1 = 0]
ranking function : 0.1 *  x[1]^1.0 - 0.1 *  x[2]^1.0 - 0.4 *  x[3]^1.0 + 3.7 * 1

2019-05-03-02-00-44   >>>>   End verify ranking function

verifying time = 8.287 ms


Not Found Ranking Fcuntion

Conterexample is 

[0, 0, 0, -9]

sampling time = 1.371 ms


       ########################################         

iteration 10 with 132 examples

2019-05-03-02-00-44   >>>>   Start train ranking function

2019-05-03-02-00-44   >>>>   End train ranking function

train_ranking_functioning time = 2.811 ms


2019-05-03-02-00-44   >>>>   Start verify ranking function

ranking function :  - 0.4 *  x[3]^1.0 + 3.8 * 1

2019-05-03-02-00-44   >>>>   End verify ranking function

verifying time = 9.877 ms


Not Found Ranking Fcuntion

Conterexample is 

[0, 0, 0, 10]

sampling time = 1.377 ms


       ########################################         

iteration 11 with 134 examples

2019-05-03-02-00-44   >>>>   Start train ranking function

2019-05-03-02-00-44   >>>>   End train ranking function

train_ranking_functioning time = 2.734 ms


2019-05-03-02-00-44   >>>>   Start verify ranking function

ranking function :  - 0.4 *  x[3]^1.0 + 4.0 * 1

2019-05-03-02-00-44   >>>>   End verify ranking function

verifying time = 9.855 ms


Not Found Ranking Fcuntion

Conterexample is 

[0, 0, 0, 11]

sampling time = 1.358 ms


       ########################################         

iteration 12 with 136 examples

2019-05-03-02-00-44   >>>>   Start train ranking function

2019-05-03-02-00-44   >>>>   End train ranking function

train_ranking_functioning time = 2.777 ms


2019-05-03-02-00-44   >>>>   Start verify ranking function

ranking function :  - 0.4 *  x[3]^1.0 + 4.2 * 1

2019-05-03-02-00-44   >>>>   End verify ranking function

verifying time = 9.798 ms


Not Found Ranking Fcuntion

Conterexample is 

[0, 0, 0, 11]

sampling time = 1.362 ms


       ########################################         

iteration 13 with 138 examples

2019-05-03-02-00-44   >>>>   Start train ranking function

2019-05-03-02-00-45   >>>>   End train ranking function

train_ranking_functioning time = 2.881 ms


2019-05-03-02-00-45   >>>>   Start verify ranking function

ranking function :  - 0.4 *  x[3]^1.0 + 4.4 * 1

2019-05-03-02-00-45   >>>>   End verify ranking function

verifying time = 10.985 ms


Not Found Ranking Fcuntion

Conterexample is 

[0, 0, 0, 12]

sampling time = 1.443 ms


       ########################################         

iteration 14 with 140 examples

2019-05-03-02-00-45   >>>>   Start train ranking function

2019-05-03-02-00-45   >>>>   End train ranking function

train_ranking_functioning time = 2.763 ms


2019-05-03-02-00-45   >>>>   Start verify ranking function

ranking function :  - 0.4 *  x[3]^1.0 + 4.5 * 1

2019-05-03-02-00-45   >>>>   End verify ranking function

verifying time = 9.991 ms


Not Found Ranking Fcuntion

Conterexample is 

[0, 0, 0, 12]

sampling time = 1.605 ms


       ########################################         

iteration 15 with 142 examples

2019-05-03-02-00-45   >>>>   Start train ranking function

2019-05-03-02-00-45   >>>>   End train ranking function

train_ranking_functioning time = 3.090 ms


2019-05-03-02-00-45   >>>>   Start verify ranking function

[xi_2 = -8, xi_1 = 0]
ranking function : 0.1 *  x[1]^1.0 - 0.4 *  x[3]^1.0 + 4.7 * 1

2019-05-03-02-00-45   >>>>   End verify ranking function

verifying time = 9.315 ms


Not Found Ranking Fcuntion

Conterexample is 

[0, 0, -8, 0]

sampling time = 1.433 ms


       ########################################         

iteration 16 with 144 examples

2019-05-03-02-00-45   >>>>   Start train ranking function

2019-05-03-02-00-45   >>>>   End train ranking function

train_ranking_functioning time = 3.074 ms


2019-05-03-02-00-45   >>>>   Start verify ranking function

ranking function :  - 0.4 *  x[3]^1.0 + 4.7 * 1

2019-05-03-02-00-45   >>>>   End verify ranking function

verifying time = 10.788 ms


Not Found Ranking Fcuntion

Conterexample is 

[0, 0, 0, 12]

sampling time = 1.394 ms


       ########################################         

iteration 17 with 146 examples

2019-05-03-02-00-45   >>>>   Start train ranking function

2019-05-03-02-00-45   >>>>   End train ranking function

train_ranking_functioning time = 2.886 ms


2019-05-03-02-00-45   >>>>   Start verify ranking function

[xi_2 = 9, xi_3 = 0, xi_1 = 0]
ranking function :  - 0.1 *  x[2]^1.0 - 0.4 *  x[3]^1.0 + 4.8 * 1

2019-05-03-02-00-45   >>>>   End verify ranking function

verifying time = 8.515 ms


Not Found Ranking Fcuntion

Conterexample is 

[0, 0, 9, 0]

sampling time = 1.349 ms


       ########################################         

iteration 18 with 148 examples

2019-05-03-02-00-45   >>>>   Start train ranking function

2019-05-03-02-00-45   >>>>   End train ranking function

train_ranking_functioning time = 2.911 ms


2019-05-03-02-00-45   >>>>   Start verify ranking function

[xi_3 = -9, xi_1 = 0]
ranking function : 0.1 *  x[1]^1.0 - 0.1 *  x[2]^1.0 - 0.4 *  x[3]^1.0 + 4.8 * 1

2019-05-03-02-00-45   >>>>   End verify ranking function

verifying time = 8.321 ms


Not Found Ranking Fcuntion

Conterexample is 

[0, 0, 0, -9]

sampling time = 1.362 ms


       ########################################         

iteration 19 with 150 examples

2019-05-03-02-00-45   >>>>   Start train ranking function

2019-05-03-02-00-45   >>>>   End train ranking function

train_ranking_functioning time = 3.047 ms


2019-05-03-02-00-45   >>>>   Start verify ranking function

ranking function :  - 0.4 *  x[3]^1.0 + 4.9 * 1

2019-05-03-02-00-45   >>>>   End verify ranking function

verifying time = 9.881 ms


Not Found Ranking Fcuntion

Conterexample is 

[0, 0, 0, 13]

sampling time = 1.353 ms


       ########################################         

iteration 20 with 152 examples

2019-05-03-02-00-45   >>>>   Start train ranking function

2019-05-03-02-00-45   >>>>   End train ranking function

train_ranking_functioning time = 2.950 ms


2019-05-03-02-00-45   >>>>   Start verify ranking function

ranking function :  - 0.4 *  x[3]^1.0 + 4.9 * 1

2019-05-03-02-00-45   >>>>   End verify ranking function

verifying time = 9.899 ms


Not Found Ranking Fcuntion

Conterexample is 

[0, 0, 0, 13]

sampling time = 1.338 ms


       ########################################         

iteration 21 with 154 examples

2019-05-03-02-00-45   >>>>   Start train ranking function

2019-05-03-02-00-45   >>>>   End train ranking function

train_ranking_functioning time = 3.284 ms


2019-05-03-02-00-45   >>>>   Start verify ranking function

ranking function :  - 0.4 *  x[3]^1.0 + 5.0 * 1

2019-05-03-02-00-45   >>>>   End verify ranking function

verifying time = 10.162 ms


Not Found Ranking Fcuntion

Conterexample is 

[0, 0, 0, 13]

sampling time = 1.349 ms


       ########################################         

iteration 22 with 156 examples

2019-05-03-02-00-45   >>>>   Start train ranking function

2019-05-03-02-00-45   >>>>   End train ranking function

train_ranking_functioning time = 3.185 ms


2019-05-03-02-00-45   >>>>   Start verify ranking function

ranking function :  - 0.4 *  x[3]^1.0 + 5.1 * 1

2019-05-03-02-00-45   >>>>   End verify ranking function

verifying time = 9.959 ms


Not Found Ranking Fcuntion

Conterexample is 

[0, 0, 0, 13]

sampling time = 1.383 ms


       ########################################         

iteration 23 with 158 examples

2019-05-03-02-00-45   >>>>   Start train ranking function

2019-05-03-02-00-45   >>>>   End train ranking function

train_ranking_functioning time = 3.071 ms


2019-05-03-02-00-45   >>>>   Start verify ranking function

ranking function :  - 0.4 *  x[3]^1.0 + 5.1 * 1

2019-05-03-02-00-45   >>>>   End verify ranking function

verifying time = 9.888 ms


Not Found Ranking Fcuntion

Conterexample is 

[0, 0, 0, 13]

sampling time = 1.355 ms


       ########################################         

iteration 24 with 160 examples

2019-05-03-02-00-45   >>>>   Start train ranking function

2019-05-03-02-00-45   >>>>   End train ranking function

train_ranking_functioning time = 3.068 ms


2019-05-03-02-00-45   >>>>   Start verify ranking function

ranking function :  - 0.4 *  x[3]^1.0 + 5.2 * 1

2019-05-03-02-00-45   >>>>   End verify ranking function

verifying time = 9.884 ms


Not Found Ranking Fcuntion

Conterexample is 

[0, 0, 0, 14]

sampling time = 1.374 ms


Failed to prove it is terminated

UNKNOWN
------Using Template 1 -----------
6 [6]
*****************************************************

2019-05-03-02-00-45   >>>>   End sampling point

sampling time = 109.086 ms,


       ########################################         

iteration 0 with 112 examples

2019-05-03-02-00-45   >>>>   Start train ranking function

2019-05-03-02-00-45   >>>>   End train ranking function

train_ranking_functioning time = 3.679 ms


2019-05-03-02-00-45   >>>>   Start verify ranking function

[xi_1 = 1, xi_2 = -1, xi_3 = -1, xi_0 = 1]
ranking function : 0.8 *  x[0]^-0.5 *  x[1]^-0.5 *  x[2]^0.5 *  x[3]^-2.0 - 0.2 *  x[0]^0.5 *  x[1]^3.0 *  x[2]^-2.0 *  x[3]^0.5 - 0.1 *  x[0]^-0.5 *  x[1]^1.0 *  x[2]^3.0 *  x[3]^-1.0 + 0.2 *  x[0]^-0.5 *  x[3]^0.5

2019-05-03-02-00-50   >>>>   End verify ranking function

verifying time = 4789.206 ms


Not Found Ranking Fcuntion

Conterexample is 

[1, 1, -1, -1]

sampling time = 1.837 ms


       ########################################         

iteration 1 with 114 examples

2019-05-03-02-00-50   >>>>   Start train ranking function

2019-05-03-02-00-50   >>>>   End train ranking function

train_ranking_functioning time = 3.779 ms


2019-05-03-02-00-50   >>>>   Start verify ranking function

[xi_1 = 1, xi_2 = -1, xi_3 = -1, xi_0 = 1]
ranking function : 0.9 *  x[0]^-0.5 *  x[1]^-0.5 *  x[2]^0.5 *  x[3]^-2.0 - 0.2 *  x[0]^0.5 *  x[1]^3.0 *  x[2]^-2.0 *  x[3]^0.5 - 0.1 *  x[0]^-0.5 *  x[1]^1.0 *  x[2]^3.0 *  x[3]^-1.0 + 0.2 *  x[0]^-0.5 *  x[3]^0.5

2019-05-03-02-00-50   >>>>   End verify ranking function

verifying time = 31.059 ms


Not Found Ranking Fcuntion

Conterexample is 

[1, 1, -1, -1]

sampling time = 1.895 ms


       ########################################         

iteration 2 with 116 examples

2019-05-03-02-00-50   >>>>   Start train ranking function

2019-05-03-02-00-50   >>>>   End train ranking function

train_ranking_functioning time = 3.837 ms


2019-05-03-02-00-50   >>>>   Start verify ranking function

[xi_1 = 1, xi_2 = -1, xi_3 = -1, xi_0 = 1]
ranking function : 0.9 *  x[0]^-0.5 *  x[1]^-0.5 *  x[2]^0.5 *  x[3]^-2.0 - 0.2 *  x[0]^0.5 *  x[1]^3.0 *  x[2]^-2.0 *  x[3]^0.5 - 0.1 *  x[0]^-0.5 *  x[1]^1.0 *  x[2]^3.0 *  x[3]^-1.0 + 0.2 *  x[0]^-0.5 *  x[3]^0.5

2019-05-03-02-00-50   >>>>   End verify ranking function

verifying time = 30.750 ms


Not Found Ranking Fcuntion

Conterexample is 

[1, 1, -1, -1]

sampling time = 1.836 ms


       ########################################         

iteration 3 with 118 examples

2019-05-03-02-00-50   >>>>   Start train ranking function

2019-05-03-02-00-50   >>>>   End train ranking function

train_ranking_functioning time = 4.279 ms


2019-05-03-02-00-50   >>>>   Start verify ranking function

[xi_1 = 1, xi_2 = -1, xi_3 = -1, xi_0 = 1]
ranking function : 0.9 *  x[0]^-0.5 *  x[1]^-0.5 *  x[2]^0.5 *  x[3]^-2.0 - 0.2 *  x[0]^0.5 *  x[1]^3.0 *  x[2]^-2.0 *  x[3]^0.5 - 0.1 *  x[0]^-0.5 *  x[1]^1.0 *  x[2]^3.0 *  x[3]^-1.0 + 0.2 *  x[0]^-0.5 *  x[3]^0.5

2019-05-03-02-00-50   >>>>   End verify ranking function

verifying time = 31.801 ms


Not Found Ranking Fcuntion

Conterexample is 

[1, 1, -1, -1]

sampling time = 1.851 ms


       ########################################         

iteration 4 with 120 examples

2019-05-03-02-00-50   >>>>   Start train ranking function

2019-05-03-02-00-50   >>>>   End train ranking function

train_ranking_functioning time = 3.904 ms


2019-05-03-02-00-50   >>>>   Start verify ranking function

[xi_1 = 1, xi_2 = -1, xi_3 = -1, xi_0 = 1]
ranking function : 0.9 *  x[0]^-0.5 *  x[1]^-0.5 *  x[2]^0.5 *  x[3]^-2.0 - 0.2 *  x[0]^0.5 *  x[1]^3.0 *  x[2]^-2.0 *  x[3]^0.5 - 0.1 *  x[0]^-0.5 *  x[1]^1.0 *  x[2]^3.0 *  x[3]^-1.0 + 0.2 *  x[0]^-0.5 *  x[3]^0.5

2019-05-03-02-00-50   >>>>   End verify ranking function

verifying time = 31.072 ms


Not Found Ranking Fcuntion

Conterexample is 

[1, 1, -1, -1]

sampling time = 1.844 ms


       ########################################         

iteration 5 with 122 examples

2019-05-03-02-00-50   >>>>   Start train ranking function

2019-05-03-02-00-50   >>>>   End train ranking function

train_ranking_functioning time = 3.959 ms


2019-05-03-02-00-50   >>>>   Start verify ranking function

[xi_1 = 1, xi_2 = -1, xi_3 = -1, xi_0 = 1]
ranking function : 0.9 *  x[0]^-0.5 *  x[1]^-0.5 *  x[2]^0.5 *  x[3]^-2.0 - 0.2 *  x[0]^0.5 *  x[1]^3.0 *  x[2]^-2.0 *  x[3]^0.5 - 0.1 *  x[0]^-0.5 *  x[1]^1.0 *  x[2]^3.0 *  x[3]^-1.0 + 0.2 *  x[0]^-0.5 *  x[3]^0.5

2019-05-03-02-00-50   >>>>   End verify ranking function

verifying time = 30.405 ms


Not Found Ranking Fcuntion

Conterexample is 

[1, 1, -1, -1]

sampling time = 1.901 ms


       ########################################         

iteration 6 with 124 examples

2019-05-03-02-00-50   >>>>   Start train ranking function

5
2019-05-03-02-00-50   >>>>   End train ranking function

train_ranking_functioning time = 3.966 ms


2019-05-03-02-00-50   >>>>   Start verify ranking function

[xi_1 = 1, xi_2 = -1, xi_3 = -1, xi_0 = 1]
ranking function : 0.9 *  x[0]^-0.5 *  x[1]^-0.5 *  x[2]^0.5 *  x[3]^-2.0 - 0.2 *  x[0]^0.5 *  x[1]^3.0 *  x[2]^-2.0 *  x[3]^0.5 - 0.1 *  x[0]^-0.5 *  x[1]^1.0 *  x[2]^3.0 *  x[3]^-1.0 + 0.2 *  x[0]^-0.5 *  x[3]^0.5

2019-05-03-02-00-50   >>>>   End verify ranking function

verifying time = 31.006 ms


Not Found Ranking Fcuntion

Conterexample is 

[1, 1, -1, -1]

sampling time = 1.871 ms


       ########################################         

iteration 7 with 126 examples

2019-05-03-02-00-50   >>>>   Start train ranking function

2019-05-03-02-00-50   >>>>   End train ranking function

train_ranking_functioning time = 4.138 ms


2019-05-03-02-00-50   >>>>   Start verify ranking function

[xi_1 = 1, xi_3 = -1, xi_2 = 1, xi_0 = -1]
ranking function :  - 0.0085 *  x[0]^-1.0 *  x[1]^0.5 *  x[2]^-1.0 *  x[3]^2.0 - 0.0394 *  x[0]^-3.0 *  x[3]^-3.0 + 0.9582 *  x[0]^-0.5 *  x[1]^-0.5 *  x[2]^0.5 *  x[3]^-2.0 - 0.1582 *  x[0]^0.5 *  x[1]^3.0 *  x[2]^-2.0 *  x[3]^0.5 - 0.0812 *  x[0]^-0.5 *  x[1]^1.0 *  x[2]^3.0 *  x[3]^-1.0 + 0.2009 *  x[0]^-0.5 *  x[3]^0.5

2019-05-03-02-00-50   >>>>   End verify ranking function

verifying time = 216.535 ms


Not Found Ranking Fcuntion

Conterexample is 

[-1, 1, 1, -1]

sampling time = 1.873 ms


       ########################################         

iteration 8 with 128 examples

2019-05-03-02-00-50   >>>>   Start train ranking function

2019-05-03-02-00-50   >>>>   End train ranking function

train_ranking_functioning time = 4.150 ms


2019-05-03-02-00-50   >>>>   Start verify ranking function

[xi_1 = 1, xi_3 = -1, xi_2 = 1, xi_0 = -1]
ranking function :  - 0.0087 *  x[0]^-1.0 *  x[1]^0.5 *  x[2]^-1.0 *  x[3]^2.0 - 0.0349 *  x[0]^-3.0 *  x[3]^-3.0 + 0.9735 *  x[0]^-0.5 *  x[1]^-0.5 *  x[2]^0.5 *  x[3]^-2.0 - 0.1574 *  x[0]^0.5 *  x[1]^3.0 *  x[2]^-2.0 *  x[3]^0.5 - 0.0866 *  x[0]^-0.5 *  x[1]^1.0 *  x[2]^3.0 *  x[3]^-1.0 + 0.1979 *  x[0]^-0.5 *  x[3]^0.5

2019-05-03-02-00-50   >>>>   End verify ranking function

verifying time = 314.333 ms


Not Found Ranking Fcuntion

Conterexample is 

[-1, 1, 1, -1]

sampling time = 1.869 ms


       ########################################         

iteration 9 with 130 examples

2019-05-03-02-00-50   >>>>   Start train ranking function

2019-05-03-02-00-50   >>>>   End train ranking function

train_ranking_functioning time = 4.022 ms


2019-05-03-02-00-50   >>>>   Start verify ranking function

[xi_1 = 1, xi_3 = -1, xi_2 = 1, xi_0 = -1]
ranking function :  - 0.0089 *  x[0]^-1.0 *  x[1]^0.5 *  x[2]^-1.0 *  x[3]^2.0 - 0.0315 *  x[0]^-3.0 *  x[3]^-3.0 + 0.9844 *  x[0]^-0.5 *  x[1]^-0.5 *  x[2]^0.5 *  x[3]^-2.0 - 0.1568 *  x[0]^0.5 *  x[1]^3.0 *  x[2]^-2.0 *  x[3]^0.5 - 0.0906 *  x[0]^-0.5 *  x[1]^1.0 *  x[2]^3.0 *  x[3]^-1.0 + 0.1958 *  x[0]^-0.5 *  x[3]^0.5

2019-05-03-02-00-50   >>>>   End verify ranking function

verifying time = 42.659 ms


Not Found Ranking Fcuntion

Conterexample is 

[-1, 1, 1, -1]

sampling time = 1.817 ms


       ########################################         

iteration 10 with 132 examples

2019-05-03-02-00-50   >>>>   Start train ranking function

2019-05-03-02-00-50   >>>>   End train ranking function

train_ranking_functioning time = 4.230 ms


2019-05-03-02-00-50   >>>>   Start verify ranking function

[xi_1 = 1, xi_3 = -1, xi_2 = 1, xi_0 = -1]
ranking function :  - 0.009 *  x[0]^-1.0 *  x[1]^0.5 *  x[2]^-1.0 *  x[3]^2.0 - 0.0291 *  x[0]^-3.0 *  x[3]^-3.0 + 0.9927 *  x[0]^-0.5 *  x[1]^-0.5 *  x[2]^0.5 *  x[3]^-2.0 - 0.1563 *  x[0]^0.5 *  x[1]^3.0 *  x[2]^-2.0 *  x[3]^0.5 - 0.0936 *  x[0]^-0.5 *  x[1]^1.0 *  x[2]^3.0 *  x[3]^-1.0 + 0.1942 *  x[0]^-0.5 *  x[3]^0.5

2019-05-03-02-00-50   >>>>   End verify ranking function

verifying time = 42.127 ms


Not Found Ranking Fcuntion

Conterexample is 

[-1, 1, 1, -1]

sampling time = 1.867 ms


       ########################################         

iteration 11 with 134 examples

2019-05-03-02-00-50   >>>>   Start train ranking function

2019-05-03-02-00-50   >>>>   End train ranking function

train_ranking_functioning time = 4.171 ms


2019-05-03-02-00-50   >>>>   Start verify ranking function

[xi_1 = 1, xi_3 = -1, xi_2 = 1, xi_0 = -1]
ranking function :  - 0.009 *  x[0]^-1.0 *  x[1]^0.5 *  x[2]^-1.0 *  x[3]^2.0 - 0.0271 *  x[0]^-3.0 *  x[3]^-3.0 + 0.9992 *  x[0]^-0.5 *  x[1]^-0.5 *  x[2]^0.5 *  x[3]^-2.0 - 0.156 *  x[0]^0.5 *  x[1]^3.0 *  x[2]^-2.0 *  x[3]^0.5 - 0.0959 *  x[0]^-0.5 *  x[1]^1.0 *  x[2]^3.0 *  x[3]^-1.0 + 0.193 *  x[0]^-0.5 *  x[3]^0.5

2019-05-03-02-00-51   >>>>   End verify ranking function

verifying time = 43.478 ms


Not Found Ranking Fcuntion

Conterexample is 

[-1, 1, 1, -1]

sampling time = 1.890 ms


       ########################################         

iteration 12 with 136 examples

2019-05-03-02-00-51   >>>>   Start train ranking function

2019-05-03-02-00-51   >>>>   End train ranking function

train_ranking_functioning time = 4.323 ms


2019-05-03-02-00-51   >>>>   Start verify ranking function

[xi_1 = 1, xi_3 = -1, xi_2 = 1, xi_0 = -1]
ranking function :  - 0.0091 *  x[0]^-1.0 *  x[1]^0.5 *  x[2]^-1.0 *  x[3]^2.0 - 0.0255 *  x[0]^-3.0 *  x[3]^-3.0 + 1.0043 *  x[0]^-0.5 *  x[1]^-0.5 *  x[2]^0.5 *  x[3]^-2.0 - 0.1556 *  x[0]^0.5 *  x[1]^3.0 *  x[2]^-2.0 *  x[3]^0.5 - 0.0977 *  x[0]^-0.5 *  x[1]^1.0 *  x[2]^3.0 *  x[3]^-1.0 + 0.192 *  x[0]^-0.5 *  x[3]^0.5

2019-05-03-02-00-51   >>>>   End verify ranking function

verifying time = 42.678 ms


Not Found Ranking Fcuntion

Conterexample is 

[-1, 1, 1, -1]

sampling time = 1.913 ms


       ########################################         

iteration 13 with 138 examples

2019-05-03-02-00-51   >>>>   Start train ranking function

2019-05-03-02-00-51   >>>>   End train ranking function

train_ranking_functioning time = 4.336 ms


2019-05-03-02-00-51   >>>>   Start verify ranking function

[xi_1 = 1, xi_3 = -1, xi_2 = 1, xi_0 = -1]
ranking function :  - 0.0092 *  x[0]^-1.0 *  x[1]^0.5 *  x[2]^-1.0 *  x[3]^2.0 - 0.0243 *  x[0]^-3.0 *  x[3]^-3.0 + 1.0086 *  x[0]^-0.5 *  x[1]^-0.5 *  x[2]^0.5 *  x[3]^-2.0 - 0.1554 *  x[0]^0.5 *  x[1]^3.0 *  x[2]^-2.0 *  x[3]^0.5 - 0.0992 *  x[0]^-0.5 *  x[1]^1.0 *  x[2]^3.0 *  x[3]^-1.0 + 0.1912 *  x[0]^-0.5 *  x[3]^0.5

2019-05-03-02-00-51   >>>>   End verify ranking function

verifying time = 43.262 ms


Not Found Ranking Fcuntion

Conterexample is 

[-1, 1, 1, -1]

sampling time = 1.922 ms


       ########################################         

iteration 14 with 140 examples

2019-05-03-02-00-51   >>>>   Start train ranking function

2019-05-03-02-00-51   >>>>   End train ranking function

train_ranking_functioning time = 4.208 ms


2019-05-03-02-00-51   >>>>   Start verify ranking function

[xi_1 = 1, xi_3 = -1, xi_2 = 1, xi_0 = -1]
ranking function :  - 0.0093 *  x[0]^-1.0 *  x[1]^0.5 *  x[2]^-1.0 *  x[3]^2.0 - 0.0231 *  x[0]^-3.0 *  x[3]^-3.0 + 1.0121 *  x[0]^-0.5 *  x[1]^-0.5 *  x[2]^0.5 *  x[3]^-2.0 - 0.1552 *  x[0]^0.5 *  x[1]^3.0 *  x[2]^-2.0 *  x[3]^0.5 - 0.1004 *  x[0]^-0.5 *  x[1]^1.0 *  x[2]^3.0 *  x[3]^-1.0 + 0.1905 *  x[0]^-0.5 *  x[3]^0.5

2019-05-03-02-00-51   >>>>   End verify ranking function

verifying time = 44.318 ms


Not Found Ranking Fcuntion

Conterexample is 

[-1, 1, 1, -1]

sampling time = 1.893 ms


       ########################################         

iteration 15 with 142 examples

2019-05-03-02-00-51   >>>>   Start train ranking function

2019-05-03-02-00-51   >>>>   End train ranking function

train_ranking_functioning time = 4.250 ms


2019-05-03-02-00-51   >>>>   Start verify ranking function

[xi_1 = 1, xi_3 = -1, xi_2 = 1, xi_0 = -1]
ranking function :  - 0.0092 *  x[0]^-1.0 *  x[1]^0.5 *  x[2]^-1.0 *  x[3]^2.0 - 0.0223 *  x[0]^-3.0 *  x[3]^-3.0 + 1.0151 *  x[0]^-0.5 *  x[1]^-0.5 *  x[2]^0.5 *  x[3]^-2.0 - 0.155 *  x[0]^0.5 *  x[1]^3.0 *  x[2]^-2.0 *  x[3]^0.5 - 0.1015 *  x[0]^-0.5 *  x[1]^1.0 *  x[2]^3.0 *  x[3]^-1.0 + 0.1899 *  x[0]^-0.5 *  x[3]^0.5

2019-05-03-02-00-51   >>>>   End verify ranking function

verifying time = 362.991 ms


Not Found Ranking Fcuntion

Conterexample is 

[-1, 1, 1, -1]

sampling time = 1.869 ms


       ########################################         

iteration 16 with 144 examples

2019-05-03-02-00-51   >>>>   Start train ranking function

2019-05-03-02-00-51   >>>>   End train ranking function

train_ranking_functioning time = 4.322 ms


2019-05-03-02-00-51   >>>>   Start verify ranking function

[xi_1 = 1, xi_3 = -1, xi_2 = 1, xi_0 = -1]
ranking function :  - 0.0101 *  x[0]^-1.0 *  x[1]^0.5 *  x[2]^-1.0 *  x[3]^2.0 - 0.021 *  x[0]^-3.0 *  x[3]^-3.0 + 1.0178 *  x[0]^-0.5 *  x[1]^-0.5 *  x[2]^0.5 *  x[3]^-2.0 - 0.1548 *  x[0]^0.5 *  x[1]^3.0 *  x[2]^-2.0 *  x[3]^0.5 - 0.102 *  x[0]^-0.5 *  x[1]^1.0 *  x[2]^3.0 *  x[3]^-1.0 + 0.1897 *  x[0]^-0.5 *  x[3]^0.5

2019-05-03-02-00-51   >>>>   End verify ranking function

verifying time = 41.914 ms


Not Found Ranking Fcuntion

Conterexample is 

[-1, 1, 1, -1]

sampling time = 1.846 ms


       ########################################         

iteration 17 with 146 examples

2019-05-03-02-00-51   >>>>   Start train ranking function

2019-05-03-02-00-51   >>>>   End train ranking function

train_ranking_functioning time = 4.387 ms


2019-05-03-02-00-51   >>>>   Start verify ranking function

[xi_1 = 1, xi_3 = -1, xi_2 = 1, xi_0 = -1]
ranking function :  - 0.0093 *  x[0]^-1.0 *  x[1]^0.5 *  x[2]^-1.0 *  x[3]^2.0 - 0.0209 *  x[0]^-3.0 *  x[3]^-3.0 + 1.0199 *  x[0]^-0.5 *  x[1]^-0.5 *  x[2]^0.5 *  x[3]^-2.0 - 0.1548 *  x[0]^0.5 *  x[1]^3.0 *  x[2]^-2.0 *  x[3]^0.5 - 0.1033 *  x[0]^-0.5 *  x[1]^1.0 *  x[2]^3.0 *  x[3]^-1.0 + 0.189 *  x[0]^-0.5 *  x[3]^0.5

2019-05-03-02-00-51   >>>>   End verify ranking function

verifying time = 42.207 ms


Not Found Ranking Fcuntion

Conterexample is 

[-1, 1, 1, -1]

sampling time = 1.830 ms


       ########################################         

iteration 18 with 148 examples

2019-05-03-02-00-51   >>>>   Start train ranking function

2019-05-03-02-00-51   >>>>   End train ranking function

train_ranking_functioning time = 4.568 ms


2019-05-03-02-00-51   >>>>   Start verify ranking function

[xi_1 = 1, xi_3 = -1, xi_2 = 1, xi_0 = -1]
ranking function :  - 0.0093 *  x[0]^-1.0 *  x[1]^0.5 *  x[2]^-1.0 *  x[3]^2.0 - 0.0203 *  x[0]^-3.0 *  x[3]^-3.0 + 1.022 *  x[0]^-0.5 *  x[1]^-0.5 *  x[2]^0.5 *  x[3]^-2.0 - 0.1546 *  x[0]^0.5 *  x[1]^3.0 *  x[2]^-2.0 *  x[3]^0.5 - 0.104 *  x[0]^-0.5 *  x[1]^1.0 *  x[2]^3.0 *  x[3]^-1.0 + 0.1886 *  x[0]^-0.5 *  x[3]^0.5

2019-05-03-02-00-51   >>>>   End verify ranking function

verifying time = 113.465 ms


Not Found Ranking Fcuntion

Conterexample is 

[-1, 1, 1, -1]

sampling time = 1.880 ms


       ########################################         

iteration 19 with 150 examples

2019-05-03-02-00-51   >>>>   Start train ranking function

2019-05-03-02-00-51   >>>>   End train ranking function

train_ranking_functioning time = 4.563 ms


2019-05-03-02-00-51   >>>>   Start verify ranking function

[xi_1 = 1, xi_3 = -1, xi_2 = 1, xi_0 = -1]
ranking function :  - 0.0093 *  x[0]^-1.0 *  x[1]^0.5 *  x[2]^-1.0 *  x[3]^2.0 - 0.0198 *  x[0]^-3.0 *  x[3]^-3.0 + 1.0237 *  x[0]^-0.5 *  x[1]^-0.5 *  x[2]^0.5 *  x[3]^-2.0 - 0.1546 *  x[0]^0.5 *  x[1]^3.0 *  x[2]^-2.0 *  x[3]^0.5 - 0.1047 *  x[0]^-0.5 *  x[1]^1.0 *  x[2]^3.0 *  x[3]^-1.0 + 0.1882 *  x[0]^-0.5 *  x[3]^0.5

2019-05-03-02-00-52   >>>>   End verify ranking function

verifying time = 339.380 ms


Not Found Ranking Fcuntion

Conterexample is 

[-1, 1, 1, -1]

sampling time = 1.901 ms


       ########################################         

iteration 20 with 152 examples

2019-05-03-02-00-52   >>>>   Start train ranking function

2019-05-03-02-00-52   >>>>   End train ranking function

train_ranking_functioning time = 4.629 ms


2019-05-03-02-00-52   >>>>   Start verify ranking function

[xi_1 = 1, xi_3 = -1, xi_2 = 1, xi_0 = -1]
ranking function :  - 0.0093 *  x[0]^-1.0 *  x[1]^0.5 *  x[2]^-1.0 *  x[3]^2.0 - 0.0194 *  x[0]^-3.0 *  x[3]^-3.0 + 1.0253 *  x[0]^-0.5 *  x[1]^-0.5 *  x[2]^0.5 *  x[3]^-2.0 - 0.1545 *  x[0]^0.5 *  x[1]^3.0 *  x[2]^-2.0 *  x[3]^0.5 - 0.1053 *  x[0]^-0.5 *  x[1]^1.0 *  x[2]^3.0 *  x[3]^-1.0 + 0.1879 *  x[0]^-0.5 *  x[3]^0.5

2019-05-03-02-00-52   >>>>   End verify ranking function

verifying time = 42.263 ms


Not Found Ranking Fcuntion

Conterexample is 

[-1, 1, 1, -1]

sampling time = 1.887 ms


       ########################################         

iteration 21 with 154 examples

2019-05-03-02-00-52   >>>>   Start train ranking function

2019-05-03-02-00-52   >>>>   End train ranking function

train_ranking_functioning time = 4.546 ms


2019-05-03-02-00-52   >>>>   Start verify ranking function

[xi_1 = 1, xi_3 = -1, xi_2 = 1, xi_0 = -1]
ranking function :  - 0.0093 *  x[0]^-1.0 *  x[1]^0.5 *  x[2]^-1.0 *  x[3]^2.0 - 0.019 *  x[0]^-3.0 *  x[3]^-3.0 + 1.0267 *  x[0]^-0.5 *  x[1]^-0.5 *  x[2]^0.5 *  x[3]^-2.0 - 0.1544 *  x[0]^0.5 *  x[1]^3.0 *  x[2]^-2.0 *  x[3]^0.5 - 0.1058 *  x[0]^-0.5 *  x[1]^1.0 *  x[2]^3.0 *  x[3]^-1.0 + 0.1877 *  x[0]^-0.5 *  x[3]^0.5

2019-05-03-02-00-52   >>>>   End verify ranking function

verifying time = 42.937 ms


Not Found Ranking Fcuntion

Conterexample is 

[-1, 1, 1, -1]

sampling time = 1.899 ms


       ########################################         

iteration 22 with 156 examples

2019-05-03-02-00-52   >>>>   Start train ranking function

2019-05-03-02-00-52   >>>>   End train ranking function

train_ranking_functioning time = 4.685 ms


2019-05-03-02-00-52   >>>>   Start verify ranking function

[xi_1 = 1, xi_3 = -1, xi_2 = 1, xi_0 = -1]
ranking function :  - 0.0094 *  x[0]^-1.0 *  x[1]^0.5 *  x[2]^-1.0 *  x[3]^2.0 - 0.0186 *  x[0]^-3.0 *  x[3]^-3.0 + 1.028 *  x[0]^-0.5 *  x[1]^-0.5 *  x[2]^0.5 *  x[3]^-2.0 - 0.1543 *  x[0]^0.5 *  x[1]^3.0 *  x[2]^-2.0 *  x[3]^0.5 - 0.1063 *  x[0]^-0.5 *  x[1]^1.0 *  x[2]^3.0 *  x[3]^-1.0 + 0.1874 *  x[0]^-0.5 *  x[3]^0.5

2019-05-03-02-00-52   >>>>   End verify ranking function

verifying time = 42.191 ms


Not Found Ranking Fcuntion

Conterexample is 

[-1, 1, 1, -1]

sampling time = 2.114 ms


       ########################################         

iteration 23 with 158 examples

2019-05-03-02-00-52   >>>>   Start train ranking function

2019-05-03-02-00-52   >>>>   End train ranking function

train_ranking_functioning time = 5.061 ms


2019-05-03-02-00-52   >>>>   Start verify ranking function

[xi_1 = 1, xi_3 = -1, xi_2 = 1, xi_0 = -1]
ranking function :  - 0.0094 *  x[0]^-1.0 *  x[1]^0.5 *  x[2]^-1.0 *  x[3]^2.0 - 0.0183 *  x[0]^-3.0 *  x[3]^-3.0 + 1.0292 *  x[0]^-0.5 *  x[1]^-0.5 *  x[2]^0.5 *  x[3]^-2.0 - 0.1542 *  x[0]^0.5 *  x[1]^3.0 *  x[2]^-2.0 *  x[3]^0.5 - 0.1067 *  x[0]^-0.5 *  x[1]^1.0 *  x[2]^3.0 *  x[3]^-1.0 + 0.1872 *  x[0]^-0.5 *  x[3]^0.5

2019-05-03-02-00-52   >>>>   End verify ranking function

verifying time = 179.262 ms


Not Found Ranking Fcuntion

Conterexample is 

[-1, 1, 1, -1]

sampling time = 1.873 ms


       ########################################         

iteration 24 with 160 examples

2019-05-03-02-00-52   >>>>   Start train ranking function

2019-05-03-02-00-52   >>>>   End train ranking function

train_ranking_functioning time = 4.654 ms


2019-05-03-02-00-52   >>>>   Start verify ranking function

[xi_1 = 1, xi_3 = -1, xi_2 = 1, xi_0 = -1]
ranking function :  - 0.0094 *  x[0]^-1.0 *  x[1]^0.5 *  x[2]^-1.0 *  x[3]^2.0 - 0.018 *  x[0]^-3.0 *  x[3]^-3.0 + 1.0302 *  x[0]^-0.5 *  x[1]^-0.5 *  x[2]^0.5 *  x[3]^-2.0 - 0.1542 *  x[0]^0.5 *  x[1]^3.0 *  x[2]^-2.0 *  x[3]^0.5 - 0.1071 *  x[0]^-0.5 *  x[1]^1.0 *  x[2]^3.0 *  x[3]^-1.0 + 0.187 *  x[0]^-0.5 *  x[3]^0.5

2019-05-03-02-00-54   >>>>   End verify ranking function

verifying time = 2053.331 ms


Not Found Ranking Fcuntion

Conterexample is 

[-1, 1, 1, -1]

sampling time = 1.847 ms


Failed to prove it is terminated

UNKNOWN
------Using Template 2 -----------
15 [5, 5, 5]
*****************************************************

2019-05-03-02-00-54   >>>>   End sampling point

sampling time = 228.278 ms,


       ########################################         

iteration 0 with 224 examples

2019-05-03-02-00-54   >>>>   Start train ranking function

2019-05-03-02-00-54   >>>>   End train ranking function

train_ranking_functioning time = 0.991 ms


2019-05-03-02-00-54   >>>>   Start verify ranking function

[xi_3 = 6, xi_1 = 0]
ranking function :  - 0.5 *  x[3]^1.0 + 0.4 * 1; 0.3 *  x[1]^1.0 - 0.3 *  x[2]^1.0 - 0.2 *  x[3]^1.0 + 0.7 * 1; 0.3 *  x[1]^1.0 - 0.1 *  x[2]^1.0 - 0.2 *  x[3]^1.0 + 1.1 * 1

2019-05-03-02-00-54   >>>>   End verify ranking function

verifying time = 13.611 ms


Not Found Ranking Fcuntion

Conterexample is 

[0, 0, 0, 6]

sampling time = 3.904 ms


       ########################################         

iteration 1 with 228 examples

2019-05-03-02-00-54   >>>>   Start train ranking function

2019-05-03-02-00-54   >>>>   End train ranking function

train_ranking_functioning time = 1.695 ms


2019-05-03-02-00-54   >>>>   Start verify ranking function

[xi_2 = 6, xi_1 = 0]
ranking function :  - 0.5 *  x[3]^1.0 + 0.4 * 1; 0.3 *  x[1]^1.0 - 0.5 *  x[2]^1.0 - 0.1 *  x[3]^1.0 + 0.8 * 1; 0.6 *  x[1]^1.0 - 0.1 *  x[2]^1.0 + 1.1 * 1

2019-05-03-02-00-54   >>>>   End verify ranking function

verifying time = 13.391 ms


Not Found Ranking Fcuntion

Conterexample is 

[0, 0, 6, 0]

sampling time = 3.864 ms


       ########################################         

iteration 2 with 232 examples

2019-05-03-02-00-54   >>>>   Start train ranking function

2019-05-03-02-00-54   >>>>   End train ranking function

train_ranking_functioning time = 4.029 ms


2019-05-03-02-00-54   >>>>   Start verify ranking function

valid ranking function
ranking function :  - 0.5 *  x[3]^1.0 + 0.5 * 1; 0.5 *  x[1]^1.0 - 0.5 *  x[2]^1.0 + 0.9 * 1; 0.5 *  x[1]^1.0 + 1.0 * 1

2019-05-03-02-00-54   >>>>   End verify ranking function

verifying time = 19.746 ms


Found Ranking Fcuntion:  - 0.5 *  x[3]^1.0 + 0.5 * 1; 0.5 *  x[1]^1.0 - 0.5 *  x[2]^1.0 + 0.9 * 1; 0.5 *  x[1]^1.0 + 1.0 * 1

 - 0.5 *  x[3]^1.0 + 0.5 * 1; 0.5 *  x[1]^1.0 - 0.5 *  x[2]^1.0 + 0.9 * 1; 0.5 *  x[1]^1.0 + 1.0 * 1
FINATE
Time For ../Program_non/15.bpl Is ---> 12615.287000 ms

