------Using Template 0 -----------
3 [3]
*****************************************************

2019-05-03-01-40-36   >>>>   End sampling point

sampling time = 32.590 ms,


       ########################################         

iteration 0 with 36 examples

2019-05-03-01-40-36   >>>>   Start train ranking function

2019-05-03-01-40-36   >>>>   End train ranking function

train_ranking_functioning time = 0.477 ms


2019-05-03-01-40-36   >>>>   Start verify ranking function

ranking function : 0.4267 *  x[0]^1.0 + 0.5819 *  x[1]^1.0 + 0.7242 * 1

2019-05-03-01-40-36   >>>>   End verify ranking function

verifying time = 7.858 ms


Not Found Ranking Fcuntion

Conterexample is 

[10, -9]

sampling time = 0.721 ms


       ########################################         

iteration 1 with 38 examples

2019-05-03-01-40-36   >>>>   Start train ranking function

2019-05-03-01-40-36   >>>>   End train ranking function

train_ranking_functioning time = 0.325 ms


2019-05-03-01-40-36   >>>>   Start verify ranking function

valid ranking function
ranking function : 0.4954 *  x[0]^1.0 + 0.518 *  x[1]^1.0 + 0.6832 * 1

2019-05-03-01-40-36   >>>>   End verify ranking function

verifying time = 6.676 ms


Found Ranking Fcuntion: 0.4954 *  x[0]^1.0 + 0.518 *  x[1]^1.0 + 0.6832 * 1

0.4954 *  x[0]^1.0 + 0.518 *  x[1]^1.0 + 0.6832 * 1
FINITE
Time For ../Program_non/150.bpl Is ---> 363.737000 ms

