------Using Template 0 -----------
3 [3]
*****************************************************

2019-05-03-01-40-37   >>>>   End sampling point

sampling time = 14.164 ms,


       ########################################         

iteration 0 with 16 examples

2019-05-03-01-40-37   >>>>   Start train ranking function

2019-05-03-01-40-37   >>>>   End train ranking function

train_ranking_functioning time = 0.439 ms


2019-05-03-01-40-37   >>>>   Start verify ranking function

[xr_0 = 1, xr_1 = 7]
ranking function :  - 0.0544 *  x[0]^1.0 + 0.6559 *  x[1]^1.0 + 0.6667 * 1

2019-05-03-01-40-37   >>>>   End verify ranking function

verifying time = 12.957 ms


Not Found Ranking Fcuntion

Conterexample is 

[1, 7]

sampling time = 0.729 ms


       ########################################         

iteration 1 with 18 examples

2019-05-03-01-40-37   >>>>   Start train ranking function

2019-05-03-01-40-37   >>>>   End train ranking function

train_ranking_functioning time = 0.333 ms


2019-05-03-01-40-37   >>>>   Start verify ranking function

[xr_0 = 1, xr_1 = 8]
ranking function :  - 0.0445 *  x[0]^1.0 + 0.6513 *  x[1]^1.0 + 0.6667 * 1

2019-05-03-01-40-37   >>>>   End verify ranking function

verifying time = 12.906 ms


Not Found Ranking Fcuntion

Conterexample is 

[1, 8]

sampling time = 0.728 ms


       ########################################         

iteration 2 with 20 examples

2019-05-03-01-40-37   >>>>   Start train ranking function

2019-05-03-01-40-37   >>>>   End train ranking function

train_ranking_functioning time = 0.369 ms


2019-05-03-01-40-37   >>>>   Start verify ranking function

[xr_0 = 1, xr_1 = 9]
ranking function :  - 0.0393 *  x[0]^1.0 + 0.6531 *  x[1]^1.0 + 0.6667 * 1

2019-05-03-01-40-37   >>>>   End verify ranking function

verifying time = 12.956 ms


Not Found Ranking Fcuntion

Conterexample is 

[1, 9]

sampling time = 0.732 ms


       ########################################         

iteration 3 with 22 examples

2019-05-03-01-40-37   >>>>   Start train ranking function

2019-05-03-01-40-37   >>>>   End train ranking function

train_ranking_functioning time = 0.344 ms


2019-05-03-01-40-37   >>>>   Start verify ranking function

[xr_0 = 1, xr_1 = 10]
ranking function :  - 0.0352 *  x[0]^1.0 + 0.6546 *  x[1]^1.0 + 0.6667 * 1

2019-05-03-01-40-37   >>>>   End verify ranking function

verifying time = 12.932 ms


Not Found Ranking Fcuntion

Conterexample is 

[1, 10]

sampling time = 0.737 ms


       ########################################         

iteration 4 with 24 examples

2019-05-03-01-40-37   >>>>   Start train ranking function

2019-05-03-01-40-37   >>>>   End train ranking function

train_ranking_functioning time = 0.351 ms


2019-05-03-01-40-37   >>>>   Start verify ranking function

[xr_0 = 1, xr_1 = 11]
ranking function :  - 0.0319 *  x[0]^1.0 + 0.6558 *  x[1]^1.0 + 0.6667 * 1

2019-05-03-01-40-37   >>>>   End verify ranking function

verifying time = 12.807 ms


Not Found Ranking Fcuntion

Conterexample is 

[1, 11]

sampling time = 0.728 ms


       ########################################         

iteration 5 with 26 examples

2019-05-03-01-40-37   >>>>   Start train ranking function

2019-05-03-01-40-37   >>>>   End train ranking function

train_ranking_functioning time = 0.372 ms


2019-05-03-01-40-37   >>>>   Start verify ranking function

[xr_0 = 1, xr_1 = 12]
ranking function :  - 0.0291 *  x[0]^1.0 + 0.6567 *  x[1]^1.0 + 0.6667 * 1

2019-05-03-01-40-37   >>>>   End verify ranking function

verifying time = 12.855 ms


Not Found Ranking Fcuntion

Conterexample is 

[1, 12]

sampling time = 0.774 ms


       ########################################         

iteration 6 with 28 examples

2019-05-03-01-40-37   >>>>   Start train ranking function

2019-05-03-01-40-37   >>>>   End train ranking function

train_ranking_functioning time = 0.392 ms


2019-05-03-01-40-37   >>>>   Start verify ranking function

[xr_0 = 1, xr_1 = 13]
ranking function :  - 0.0268 *  x[0]^1.0 + 0.6576 *  x[1]^1.0 + 0.6667 * 1

2019-05-03-01-40-37   >>>>   End verify ranking function

verifying time = 12.880 ms


Not Found Ranking Fcuntion

Conterexample is 

[1, 13]

sampling time = 0.730 ms


       ########################################         

iteration 7 with 30 examples

2019-05-03-01-40-37   >>>>   Start train ranking function

2019-05-03-01-40-37   >>>>   End train ranking function

train_ranking_functioning time = 0.382 ms


2019-05-03-01-40-37   >>>>   Start verify ranking function

[xr_0 = 1, xr_1 = 14]
ranking function :  - 0.0248 *  x[0]^1.0 + 0.6582 *  x[1]^1.0 + 0.6667 * 1

2019-05-03-01-40-37   >>>>   End verify ranking function

verifying time = 12.946 ms


Not Found Ranking Fcuntion

Conterexample is 

[1, 14]

sampling time = 0.720 ms


       ########################################         

iteration 8 with 32 examples

2019-05-03-01-40-37   >>>>   Start train ranking function

2019-05-03-01-40-37   >>>>   End train ranking function

train_ranking_functioning time = 0.373 ms


2019-05-03-01-40-37   >>>>   Start verify ranking function

[xr_0 = 1, xr_1 = 15]
ranking function :  - 0.0231 *  x[0]^1.0 + 0.6588 *  x[1]^1.0 + 0.6667 * 1

2019-05-03-01-40-37   >>>>   End verify ranking function

verifying time = 12.857 ms


Not Found Ranking Fcuntion

Conterexample is 

[1, 15]

sampling time = 0.726 ms


       ########################################         

iteration 9 with 34 examples

2019-05-03-01-40-37   >>>>   Start train ranking function

2019-05-03-01-40-37   >>>>   End train ranking function

train_ranking_functioning time = 0.404 ms


2019-05-03-01-40-37   >>>>   Start verify ranking function

[xr_0 = 1, xr_1 = 16]
ranking function :  - 0.0216 *  x[0]^1.0 + 0.6594 *  x[1]^1.0 + 0.6667 * 1

2019-05-03-01-40-37   >>>>   End verify ranking function

verifying time = 12.780 ms


Not Found Ranking Fcuntion

Conterexample is 

[1, 16]

sampling time = 0.801 ms


       ########################################         

iteration 10 with 36 examples

2019-05-03-01-40-37   >>>>   Start train ranking function

2019-05-03-01-40-37   >>>>   End train ranking function

train_ranking_functioning time = 0.403 ms


2019-05-03-01-40-37   >>>>   Start verify ranking function

[xr_0 = 1, xr_1 = 17]
ranking function :  - 0.0203 *  x[0]^1.0 + 0.6598 *  x[1]^1.0 + 0.6667 * 1

2019-05-03-01-40-37   >>>>   End verify ranking function

verifying time = 12.701 ms


Not Found Ranking Fcuntion

Conterexample is 

[1, 17]

sampling time = 0.739 ms


       ########################################         

iteration 11 with 38 examples

2019-05-03-01-40-37   >>>>   Start train ranking function

2019-05-03-01-40-37   >>>>   End train ranking function

train_ranking_functioning time = 0.423 ms


2019-05-03-01-40-37   >>>>   Start verify ranking function

[xr_0 = 1, xr_1 = 18]
ranking function :  - 0.0191 *  x[0]^1.0 + 0.6602 *  x[1]^1.0 + 0.6667 * 1

2019-05-03-01-40-37   >>>>   End verify ranking function

verifying time = 12.788 ms


Not Found Ranking Fcuntion

Conterexample is 

[1, 18]

sampling time = 0.743 ms


       ########################################         

iteration 12 with 40 examples

2019-05-03-01-40-37   >>>>   Start train ranking function

2019-05-03-01-40-37   >>>>   End train ranking function

train_ranking_functioning time = 0.418 ms


2019-05-03-01-40-37   >>>>   Start verify ranking function

[xr_0 = 1, xr_1 = 19]
ranking function :  - 0.0181 *  x[0]^1.0 + 0.6606 *  x[1]^1.0 + 0.6667 * 1

2019-05-03-01-40-37   >>>>   End verify ranking function

verifying time = 12.877 ms


Not Found Ranking Fcuntion

Conterexample is 

[1, 19]

sampling time = 0.787 ms


       ########################################         

iteration 13 with 42 examples

2019-05-03-01-40-37   >>>>   Start train ranking function

2019-05-03-01-40-37   >>>>   End train ranking function

train_ranking_functioning time = 0.432 ms


2019-05-03-01-40-37   >>>>   Start verify ranking function

[xr_0 = 1, xr_1 = 20]
ranking function :  - 0.0171 *  x[0]^1.0 + 0.6609 *  x[1]^1.0 + 0.6667 * 1

2019-05-03-01-40-37   >>>>   End verify ranking function

verifying time = 12.792 ms


Not Found Ranking Fcuntion

Conterexample is 

[1, 20]

sampling time = 0.962 ms


       ########################################         

iteration 14 with 44 examples

2019-05-03-01-40-37   >>>>   Start train ranking function

2019-05-03-01-40-37   >>>>   End train ranking function

train_ranking_functioning time = 0.449 ms


2019-05-03-01-40-37   >>>>   Start verify ranking function

[xr_0 = 1, xr_1 = 21]
ranking function :  - 0.0163 *  x[0]^1.0 + 0.6612 *  x[1]^1.0 + 0.6667 * 1

2019-05-03-01-40-37   >>>>   End verify ranking function

verifying time = 12.927 ms


Not Found Ranking Fcuntion

Conterexample is 

[1, 21]

sampling time = 0.799 ms


       ########################################         

iteration 15 with 46 examples

2019-05-03-01-40-37   >>>>   Start train ranking function

2019-05-03-01-40-37   >>>>   End train ranking function

train_ranking_functioning time = 0.460 ms


2019-05-03-01-40-37   >>>>   Start verify ranking function

[xr_0 = 1, xr_1 = 22]
ranking function :  - 0.0155 *  x[0]^1.0 + 0.6614 *  x[1]^1.0 + 0.6667 * 1

2019-05-03-01-40-37   >>>>   End verify ranking function

verifying time = 14.299 ms


Not Found Ranking Fcuntion

Conterexample is 

[1, 22]

sampling time = 0.740 ms


       ########################################         

iteration 16 with 48 examples

2019-05-03-01-40-37   >>>>   Start train ranking function

2019-05-03-01-40-37   >>>>   End train ranking function

train_ranking_functioning time = 0.484 ms


2019-05-03-01-40-37   >>>>   Start verify ranking function

[xr_0 = 1, xr_1 = 23]
ranking function :  - 0.0149 *  x[0]^1.0 + 0.6617 *  x[1]^1.0 + 0.6667 * 1

2019-05-03-01-40-37   >>>>   End verify ranking function

verifying time = 13.451 ms


Not Found Ranking Fcuntion

Conterexample is 

[1, 23]

sampling time = 0.805 ms


       ########################################         

iteration 17 with 50 examples

2019-05-03-01-40-37   >>>>   Start train ranking function

2019-05-03-01-40-37   >>>>   End train ranking function

train_ranking_functioning time = 0.500 ms


2019-05-03-01-40-37   >>>>   Start verify ranking function

[xr_0 = 1, xr_1 = 24]
ranking function :  - 0.0142 *  x[0]^1.0 + 0.6619 *  x[1]^1.0 + 0.6667 * 1

2019-05-03-01-40-37   >>>>   End verify ranking function

verifying time = 12.777 ms


Not Found Ranking Fcuntion

Conterexample is 

[1, 24]

sampling time = 0.741 ms


       ########################################         

iteration 18 with 52 examples

2019-05-03-01-40-37   >>>>   Start train ranking function

2019-05-03-01-40-37   >>>>   End train ranking function

train_ranking_functioning time = 0.524 ms


2019-05-03-01-40-37   >>>>   Start verify ranking function

[xr_0 = 1, xr_1 = 25]
ranking function :  - 0.0136 *  x[0]^1.0 + 0.6621 *  x[1]^1.0 + 0.6667 * 1

2019-05-03-01-40-37   >>>>   End verify ranking function

verifying time = 12.831 ms


Not Found Ranking Fcuntion

Conterexample is 

[1, 25]

sampling time = 0.734 ms


       ########################################         

iteration 19 with 54 examples

2019-05-03-01-40-37   >>>>   Start train ranking function

2019-05-03-01-40-37   >>>>   End train ranking function

train_ranking_functioning time = 0.506 ms


2019-05-03-01-40-37   >>>>   Start verify ranking function

[xr_0 = 1, xr_1 = 26]
ranking function :  - 0.0131 *  x[0]^1.0 + 0.6623 *  x[1]^1.0 + 0.6667 * 1

2019-05-03-01-40-37   >>>>   End verify ranking function

verifying time = 12.909 ms


Not Found Ranking Fcuntion

Conterexample is 

[1, 26]

sampling time = 0.830 ms


       ########################################         

iteration 20 with 56 examples

2019-05-03-01-40-37   >>>>   Start train ranking function

2019-05-03-01-40-37   >>>>   End train ranking function

train_ranking_functioning time = 0.558 ms


2019-05-03-01-40-37   >>>>   Start verify ranking function

[xr_0 = 1, xr_1 = 27]
ranking function :  - 0.0126 *  x[0]^1.0 + 0.6624 *  x[1]^1.0 + 0.6667 * 1

2019-05-03-01-40-37   >>>>   End verify ranking function

verifying time = 12.758 ms


Not Found Ranking Fcuntion

Conterexample is 

[1, 27]

sampling time = 0.824 ms


       ########################################         

iteration 21 with 58 examples

2019-05-03-01-40-37   >>>>   Start train ranking function

2019-05-03-01-40-37   >>>>   End train ranking function

train_ranking_functioning time = 0.552 ms


2019-05-03-01-40-37   >>>>   Start verify ranking function

[xr_0 = 1, xr_1 = 28]
ranking function :  - 0.0121 *  x[0]^1.0 + 0.6623 *  x[1]^1.0 + 0.6667 * 1

2019-05-03-01-40-37   >>>>   End verify ranking function

verifying time = 12.811 ms


Not Found Ranking Fcuntion

Conterexample is 

[1, 28]

sampling time = 0.747 ms


       ########################################         

iteration 22 with 60 examples

2019-05-03-01-40-37   >>>>   Start train ranking function

2019-05-03-01-40-37   >>>>   End train ranking function

train_ranking_functioning time = 0.525 ms


2019-05-03-01-40-37   >>>>   Start verify ranking function

[xr_0 = 1, xr_1 = 29]
ranking function :  - 0.0117 *  x[0]^1.0 + 0.6627 *  x[1]^1.0 + 0.6667 * 1

2019-05-03-01-40-37   >>>>   End verify ranking function

verifying time = 12.734 ms


Not Found Ranking Fcuntion

Conterexample is 

[1, 29]

sampling time = 0.740 ms


       ########################################         

iteration 23 with 62 examples

2019-05-03-01-40-37   >>>>   Start train ranking function

2019-05-03-01-40-37   >>>>   End train ranking function

train_ranking_functioning time = 0.604 ms


2019-05-03-01-40-37   >>>>   Start verify ranking function

[xr_0 = 1, xr_1 = 29]
ranking function :  - 0.0117 *  x[0]^1.0 + 0.6628 *  x[1]^1.0 + 0.6667 * 1

2019-05-03-01-40-38   >>>>   End verify ranking function

verifying time = 13.161 ms


Not Found Ranking Fcuntion

Conterexample is 

[1, 29]

sampling time = 0.740 ms


       ########################################         

iteration 24 with 64 examples

2019-05-03-01-40-38   >>>>   Start train ranking function

2019-05-03-01-40-38   >>>>   End train ranking function

train_ranking_functioning time = 0.550 ms


2019-05-03-01-40-38   >>>>   Start verify ranking function

[xr_0 = 1, xr_1 = 30]
ranking function :  - 0.0113 *  x[0]^1.0 + 0.6629 *  x[1]^1.0 + 0.6667 * 1

2019-05-03-01-40-38   >>>>   End verify ranking function

verifying time = 13.025 ms


Not Found Ranking Fcuntion

Conterexample is 

[1, 30]

sampling time = 0.743 ms


Failed to prove it is terminated

UNKNOWN
------Using Template 1 -----------
4 [4]
*****************************************************

2019-05-03-01-40-38   >>>>   End sampling point

sampling time = 17.037 ms,


       ########################################         

iteration 0 with 16 examples

2019-05-03-01-40-38   >>>>   Start train ranking function

2019-05-03-01-40-38   >>>>   End train ranking function

train_ranking_functioning time = 0.373 ms


2019-05-03-01-40-38   >>>>   Start verify ranking function

[xr_0 = 0, xr_1 = 2]
ranking function :  - 0.0876 *  x[0]^1.0 *  x[1]^-3.0 + 0.4869 *  x[0]^-2.0 *  x[1]^-3.0 - 0.5425 *  x[0]^-0.5 + 0.1589 *  x[0]^-1.0 *  x[1]^2.0

2019-05-03-01-40-42   >>>>   End verify ranking function

verifying time = 4898.615 ms


Not Found Ranking Fcuntion

Conterexample is 

[0, 2]

sampling time = 1.105 ms


       ########################################         

iteration 1 with 18 examples

2019-05-03-01-40-42   >>>>   Start train ranking function

2019-05-03-01-40-42   >>>>   End train ranking function

train_ranking_functioning time = 0.332 ms


2019-05-03-01-40-42   >>>>   Start verify ranking function

[xr_0 = 0, xr_1 = 2]
ranking function :  - 0.0876 *  x[0]^1.0 *  x[1]^-3.0 + 0.4869 *  x[0]^-2.0 *  x[1]^-3.0 - 0.5425 *  x[0]^-0.5 + 0.1589 *  x[0]^-1.0 *  x[1]^2.0

2019-05-03-01-40-48   >>>>   End verify ranking function

verifying time = 5266.494 ms


Not Found Ranking Fcuntion

Conterexample is 

[0, 2]

sampling time = 1.111 ms


       ########################################         

iteration 2 with 20 examples

2019-05-03-01-40-48   >>>>   Start train ranking function

2019-05-03-01-40-48   >>>>   End train ranking function

train_ranking_functioning time = 0.335 ms


2019-05-03-01-40-48   >>>>   Start verify ranking function

[xr_0 = 0, xr_1 = 2]
ranking function :  - 0.0876 *  x[0]^1.0 *  x[1]^-3.0 + 0.4869 *  x[0]^-2.0 *  x[1]^-3.0 - 0.5425 *  x[0]^-0.5 + 0.1589 *  x[0]^-1.0 *  x[1]^2.0

2019-05-03-01-40-53   >>>>   End verify ranking function

verifying time = 4951.531 ms


Not Found Ranking Fcuntion

Conterexample is 

[0, 2]

sampling time = 1.077 ms


       ########################################         

iteration 3 with 22 examples

2019-05-03-01-40-53   >>>>   Start train ranking function

2019-05-03-01-40-53   >>>>   End train ranking function

train_ranking_functioning time = 0.330 ms


2019-05-03-01-40-53   >>>>   Start verify ranking function

[xr_0 = 0, xr_1 = 2]
ranking function :  - 0.0876 *  x[0]^1.0 *  x[1]^-3.0 + 0.4869 *  x[0]^-2.0 *  x[1]^-3.0 - 0.5425 *  x[0]^-0.5 + 0.1589 *  x[0]^-1.0 *  x[1]^2.0

2019-05-03-01-40-58   >>>>   End verify ranking function

verifying time = 4898.813 ms


Not Found Ranking Fcuntion

Conterexample is 

[0, 2]

sampling time = 1.085 ms


       ########################################         

iteration 4 with 24 examples

2019-05-03-01-40-58   >>>>   Start train ranking function

2019-05-03-01-40-58   >>>>   End train ranking function

train_ranking_functioning time = 0.332 ms


2019-05-03-01-40-58   >>>>   Start verify ranking function

[xr_0 = 0, xr_1 = 2]
ranking function :  - 0.0876 *  x[0]^1.0 *  x[1]^-3.0 + 0.4869 *  x[0]^-2.0 *  x[1]^-3.0 - 0.5425 *  x[0]^-0.5 + 0.1589 *  x[0]^-1.0 *  x[1]^2.0

2019-05-03-01-41-02   >>>>   End verify ranking function

verifying time = 4877.365 ms


Not Found Ranking Fcuntion

Conterexample is 

[0, 2]

sampling time = 1.068 ms


       ########################################         

iteration 5 with 26 examples

2019-05-03-01-41-02   >>>>   Start train ranking function

5
2019-05-03-01-41-02   >>>>   End train ranking function

train_ranking_functioning time = 0.344 ms


2019-05-03-01-41-02   >>>>   Start verify ranking function

[xr_0 = 0, xr_1 = 2]
ranking function :  - 0.0876 *  x[0]^1.0 *  x[1]^-3.0 + 0.4869 *  x[0]^-2.0 *  x[1]^-3.0 - 0.5425 *  x[0]^-0.5 + 0.1589 *  x[0]^-1.0 *  x[1]^2.0

2019-05-03-01-41-07   >>>>   End verify ranking function

verifying time = 4899.640 ms


Not Found Ranking Fcuntion

Conterexample is 

[0, 2]

sampling time = 1.068 ms


       ########################################         

iteration 6 with 28 examples

2019-05-03-01-41-07   >>>>   Start train ranking function

2019-05-03-01-41-07   >>>>   End train ranking function

train_ranking_functioning time = 0.357 ms


2019-05-03-01-41-07   >>>>   Start verify ranking function

[xr_0 = 1, xr_1 = 4]
ranking function :  - 1.0 *  x[0]^-0.5

2019-05-03-01-41-07   >>>>   End verify ranking function

verifying time = 17.473 ms


Not Found Ranking Fcuntion

Conterexample is 

[1, 4]

sampling time = 1.066 ms


       ########################################         

iteration 7 with 30 examples

2019-05-03-01-41-07   >>>>   Start train ranking function

2019-05-03-01-41-07   >>>>   End train ranking function

train_ranking_functioning time = 0.375 ms


2019-05-03-01-41-07   >>>>   Start verify ranking function

[xr_0 = 1, xr_1 = 4]
ranking function :  - 1.0 *  x[0]^-0.5

2019-05-03-01-41-07   >>>>   End verify ranking function

verifying time = 17.037 ms


Not Found Ranking Fcuntion

Conterexample is 

[1, 4]

sampling time = 1.074 ms


       ########################################         

iteration 8 with 32 examples

2019-05-03-01-41-07   >>>>   Start train ranking function

2019-05-03-01-41-07   >>>>   End train ranking function

train_ranking_functioning time = 0.320 ms


2019-05-03-01-41-07   >>>>   Start verify ranking function

[xr_0 = 1, xr_1 = 4]
ranking function :  - 1.0 *  x[0]^-0.5

2019-05-03-01-41-07   >>>>   End verify ranking function

verifying time = 16.838 ms


Not Found Ranking Fcuntion

Conterexample is 

[1, 4]

sampling time = 1.078 ms


       ########################################         

iteration 9 with 34 examples

2019-05-03-01-41-07   >>>>   Start train ranking function

2019-05-03-01-41-07   >>>>   End train ranking function

train_ranking_functioning time = 0.324 ms


2019-05-03-01-41-07   >>>>   Start verify ranking function

[xr_0 = 1, xr_1 = 4]
ranking function :  - 1.0 *  x[0]^-0.5

2019-05-03-01-41-07   >>>>   End verify ranking function

verifying time = 16.795 ms


Not Found Ranking Fcuntion

Conterexample is 

[1, 4]

sampling time = 1.077 ms


       ########################################         

iteration 10 with 36 examples

2019-05-03-01-41-07   >>>>   Start train ranking function

2019-05-03-01-41-07   >>>>   End train ranking function

train_ranking_functioning time = 0.323 ms


2019-05-03-01-41-07   >>>>   Start verify ranking function

[xr_0 = 1, xr_1 = 4]
ranking function :  - 1.0 *  x[0]^-0.5

2019-05-03-01-41-07   >>>>   End verify ranking function

verifying time = 16.824 ms


Not Found Ranking Fcuntion

Conterexample is 

[1, 4]

sampling time = 1.144 ms


       ########################################         

iteration 11 with 38 examples

2019-05-03-01-41-07   >>>>   Start train ranking function

5
2019-05-03-01-41-07   >>>>   End train ranking function

train_ranking_functioning time = 0.329 ms


2019-05-03-01-41-07   >>>>   Start verify ranking function

[xr_0 = 1, xr_1 = 4]
ranking function :  - 1.0 *  x[0]^-0.5

2019-05-03-01-41-07   >>>>   End verify ranking function

verifying time = 16.836 ms


Not Found Ranking Fcuntion

Conterexample is 

[1, 4]

sampling time = 1.124 ms


       ########################################         

iteration 12 with 40 examples

2019-05-03-01-41-07   >>>>   Start train ranking function

2019-05-03-01-41-07   >>>>   End train ranking function

train_ranking_functioning time = 0.340 ms


2019-05-03-01-41-07   >>>>   Start verify ranking function

[xr_0 = 0, xr_1 = 2]
ranking function :  - 0.1 *  x[0]^1.0 *  x[1]^-3.0 + 0.5 *  x[0]^-2.0 *  x[1]^-3.0 - 0.5 *  x[0]^-0.5 + 0.2 *  x[0]^-1.0 *  x[1]^2.0

2019-05-03-01-41-11   >>>>   End verify ranking function

verifying time = 3569.339 ms


Not Found Ranking Fcuntion

Conterexample is 

[0, 2]

sampling time = 1.107 ms


       ########################################         

iteration 13 with 42 examples

2019-05-03-01-41-11   >>>>   Start train ranking function

2019-05-03-01-41-11   >>>>   End train ranking function

train_ranking_functioning time = 0.353 ms


2019-05-03-01-41-11   >>>>   Start verify ranking function

[xr_0 = 0, xr_1 = 2]
ranking function :  - 0.1 *  x[0]^1.0 *  x[1]^-3.0 + 0.5 *  x[0]^-2.0 *  x[1]^-3.0 - 0.5 *  x[0]^-0.5 + 0.2 *  x[0]^-1.0 *  x[1]^2.0

2019-05-03-01-41-14   >>>>   End verify ranking function

verifying time = 3219.000 ms


Not Found Ranking Fcuntion

Conterexample is 

[0, 2]

sampling time = 1.066 ms


       ########################################         

iteration 14 with 44 examples

2019-05-03-01-41-14   >>>>   Start train ranking function

2019-05-03-01-41-14   >>>>   End train ranking function

train_ranking_functioning time = 0.352 ms


2019-05-03-01-41-14   >>>>   Start verify ranking function

[xr_0 = 0, xr_1 = 2]
ranking function :  - 0.1 *  x[0]^1.0 *  x[1]^-3.0 + 0.5 *  x[0]^-2.0 *  x[1]^-3.0 - 0.5 *  x[0]^-0.5 + 0.2 *  x[0]^-1.0 *  x[1]^2.0

2019-05-03-01-41-18   >>>>   End verify ranking function

verifying time = 3470.160 ms


Not Found Ranking Fcuntion

Conterexample is 

[0, 2]

sampling time = 1.062 ms


       ########################################         

iteration 15 with 46 examples

2019-05-03-01-41-18   >>>>   Start train ranking function

2019-05-03-01-41-18   >>>>   End train ranking function

train_ranking_functioning time = 0.392 ms


2019-05-03-01-41-18   >>>>   Start verify ranking function

[xr_0 = 0, xr_1 = 2]
ranking function :  - 0.1 *  x[0]^1.0 *  x[1]^-3.0 + 0.5 *  x[0]^-2.0 *  x[1]^-3.0 - 0.5 *  x[0]^-0.5 + 0.2 *  x[0]^-1.0 *  x[1]^2.0

2019-05-03-01-41-21   >>>>   End verify ranking function

verifying time = 3233.377 ms


Not Found Ranking Fcuntion

Conterexample is 

[0, 2]

sampling time = 1.074 ms


       ########################################         

iteration 16 with 48 examples

2019-05-03-01-41-21   >>>>   Start train ranking function

2019-05-03-01-41-21   >>>>   End train ranking function

train_ranking_functioning time = 0.544 ms


2019-05-03-01-41-21   >>>>   Start verify ranking function

[xr_0 = 0, xr_1 = 2]
ranking function :  - 0.1 *  x[0]^1.0 *  x[1]^-3.0 + 0.5 *  x[0]^-2.0 *  x[1]^-3.0 - 0.5 *  x[0]^-0.5 + 0.2 *  x[0]^-1.0 *  x[1]^2.0

2019-05-03-01-41-24   >>>>   End verify ranking function

verifying time = 3500.820 ms


Not Found Ranking Fcuntion

Conterexample is 

[0, 2]

sampling time = 1.068 ms


       ########################################         

iteration 17 with 50 examples

2019-05-03-01-41-24   >>>>   Start train ranking function

5
the coefficient is convergent

Failed to prove it is terminated

UNKNOWN
------Using Template 2 -----------
9 [3, 3, 3]
*****************************************************

2019-05-03-01-41-25   >>>>   End sampling point

sampling time = 25.092 ms,


       ########################################         

iteration 0 with 32 examples

2019-05-03-01-41-25   >>>>   Start train ranking function

2019-05-03-01-41-25   >>>>   End train ranking function

train_ranking_functioning time = 0.471 ms


2019-05-03-01-41-25   >>>>   Start verify ranking function

[xr_0 = 1, xr_1 = 7]
ranking function :  - 0.0554 *  x[0]^1.0 + 0.6625 *  x[1]^1.0 + 0.341 * 1;  - 0.0992 *  x[0]^1.0 + 0.3942 *  x[1]^1.0 + 0.362 * 1;  - 0.0717 *  x[0]^1.0 + 0.391 *  x[1]^1.0 + 0.6667 * 1

2019-05-03-01-41-25   >>>>   End verify ranking function

verifying time = 13.549 ms


Not Found Ranking Fcuntion

Conterexample is 

[1, 7]

sampling time = 2.057 ms


       ########################################         

iteration 1 with 36 examples

2019-05-03-01-41-25   >>>>   Start train ranking function

2019-05-03-01-41-25   >>>>   End train ranking function

train_ranking_functioning time = 0.374 ms


2019-05-03-01-41-25   >>>>   Start verify ranking function

[xr_0 = 1, xr_1 = 8]
ranking function :  - 0.0448 *  x[0]^1.0 + 0.6546 *  x[1]^1.0 + 0.3666 * 1;  - 0.0503 *  x[0]^1.0 + 0.4006 *  x[1]^1.0 + 0.3745 * 1;  - 0.0411 *  x[0]^1.0 + 0.398 *  x[1]^1.0 + 0.6667 * 1

2019-05-03-01-41-25   >>>>   End verify ranking function

verifying time = 12.913 ms


Not Found Ranking Fcuntion

Conterexample is 

[1, 8]

sampling time = 2.078 ms


       ########################################         

iteration 2 with 40 examples

2019-05-03-01-41-25   >>>>   Start train ranking function

2019-05-03-01-41-25   >>>>   End train ranking function

train_ranking_functioning time = 0.394 ms


2019-05-03-01-41-25   >>>>   Start verify ranking function

[xr_0 = 1, xr_1 = 9]
ranking function :  - 0.0395 *  x[0]^1.0 + 0.6562 *  x[1]^1.0 + 0.3702 * 1;  - 0.0443 *  x[0]^1.0 + 0.4009 *  x[1]^1.0 + 0.3773 * 1;  - 0.0362 *  x[0]^1.0 + 0.3985 *  x[1]^1.0 + 0.6667 * 1

2019-05-03-01-41-25   >>>>   End verify ranking function

verifying time = 12.896 ms


Not Found Ranking Fcuntion

Conterexample is 

[1, 9]

sampling time = 2.069 ms


       ########################################         

iteration 3 with 44 examples

2019-05-03-01-41-25   >>>>   Start train ranking function

2019-05-03-01-41-25   >>>>   End train ranking function

train_ranking_functioning time = 0.438 ms


2019-05-03-01-41-25   >>>>   Start verify ranking function

[xr_0 = 1, xr_1 = 10]
ranking function :  - 0.0354 *  x[0]^1.0 + 0.6574 *  x[1]^1.0 + 0.3732 * 1;  - 0.0396 *  x[0]^1.0 + 0.4011 *  x[1]^1.0 + 0.3796 * 1;  - 0.0324 *  x[0]^1.0 + 0.3988 *  x[1]^1.0 + 0.6667 * 1

2019-05-03-01-41-25   >>>>   End verify ranking function

verifying time = 12.855 ms


Not Found Ranking Fcuntion

Conterexample is 

[1, 10]

sampling time = 2.104 ms


       ########################################         

iteration 4 with 48 examples

2019-05-03-01-41-25   >>>>   Start train ranking function

2019-05-03-01-41-25   >>>>   End train ranking function

train_ranking_functioning time = 0.438 ms


2019-05-03-01-41-25   >>>>   Start verify ranking function

[xr_0 = 1, xr_1 = 11]
ranking function :  - 0.032 *  x[0]^1.0 + 0.6584 *  x[1]^1.0 + 0.3756 * 1;  - 0.0358 *  x[0]^1.0 + 0.4012 *  x[1]^1.0 + 0.3815 * 1;  - 0.0293 *  x[0]^1.0 + 0.399 *  x[1]^1.0 + 0.6667 * 1

2019-05-03-01-41-25   >>>>   End verify ranking function

verifying time = 12.762 ms


Not Found Ranking Fcuntion

Conterexample is 

[1, 11]

sampling time = 2.318 ms


       ########################################         

iteration 5 with 52 examples

2019-05-03-01-41-25   >>>>   Start train ranking function

2019-05-03-01-41-25   >>>>   End train ranking function

train_ranking_functioning time = 0.477 ms


2019-05-03-01-41-25   >>>>   Start verify ranking function

[xr_0 = 1, xr_1 = 12]
ranking function :  - 0.0292 *  x[0]^1.0 + 0.6592 *  x[1]^1.0 + 0.3776 * 1;  - 0.0326 *  x[0]^1.0 + 0.4013 *  x[1]^1.0 + 0.383 * 1;  - 0.0267 *  x[0]^1.0 + 0.3991 *  x[1]^1.0 + 0.6667 * 1

2019-05-03-01-41-25   >>>>   End verify ranking function

verifying time = 12.926 ms


Not Found Ranking Fcuntion

Conterexample is 

[1, 12]

sampling time = 2.117 ms


       ########################################         

iteration 6 with 56 examples

2019-05-03-01-41-25   >>>>   Start train ranking function

2019-05-03-01-41-25   >>>>   End train ranking function

train_ranking_functioning time = 0.452 ms


2019-05-03-01-41-25   >>>>   Start verify ranking function

[xr_0 = 1, xr_1 = 13]
ranking function :  - 0.0269 *  x[0]^1.0 + 0.6598 *  x[1]^1.0 + 0.3793 * 1;  - 0.03 *  x[0]^1.0 + 0.4013 *  x[1]^1.0 + 0.3843 * 1;  - 0.0245 *  x[0]^1.0 + 0.3993 *  x[1]^1.0 + 0.6667 * 1

2019-05-03-01-41-25   >>>>   End verify ranking function

verifying time = 12.767 ms


Not Found Ranking Fcuntion

Conterexample is 

[1, 13]

sampling time = 2.048 ms


       ########################################         

iteration 7 with 60 examples

2019-05-03-01-41-25   >>>>   Start train ranking function

2019-05-03-01-41-25   >>>>   End train ranking function

train_ranking_functioning time = 0.528 ms


2019-05-03-01-41-25   >>>>   Start verify ranking function

[xr_0 = 1, xr_1 = 14]
ranking function :  - 0.0249 *  x[0]^1.0 + 0.6604 *  x[1]^1.0 + 0.3808 * 1;  - 0.0277 *  x[0]^1.0 + 0.4013 *  x[1]^1.0 + 0.3855 * 1;  - 0.0227 *  x[0]^1.0 + 0.3994 *  x[1]^1.0 + 0.6667 * 1

2019-05-03-01-41-25   >>>>   End verify ranking function

verifying time = 12.845 ms


Not Found Ranking Fcuntion

Conterexample is 

[1, 14]

sampling time = 2.215 ms


       ########################################         

iteration 8 with 64 examples

2019-05-03-01-41-25   >>>>   Start train ranking function

2019-05-03-01-41-25   >>>>   End train ranking function

train_ranking_functioning time = 0.535 ms


2019-05-03-01-41-25   >>>>   Start verify ranking function

[xr_0 = 1, xr_1 = 15]
ranking function :  - 0.0231 *  x[0]^1.0 + 0.6608 *  x[1]^1.0 + 0.3821 * 1;  - 0.0258 *  x[0]^1.0 + 0.4013 *  x[1]^1.0 + 0.3864 * 1;  - 0.0211 *  x[0]^1.0 + 0.3995 *  x[1]^1.0 + 0.6667 * 1

2019-05-03-01-41-25   >>>>   End verify ranking function

verifying time = 12.856 ms


Not Found Ranking Fcuntion

Conterexample is 

[1, 15]

sampling time = 2.050 ms


       ########################################         

iteration 9 with 68 examples

2019-05-03-01-41-25   >>>>   Start train ranking function

2019-05-03-01-41-25   >>>>   End train ranking function

train_ranking_functioning time = 0.646 ms


2019-05-03-01-41-25   >>>>   Start verify ranking function

[xr_0 = 1, xr_1 = 16]
ranking function :  - 0.0216 *  x[0]^1.0 + 0.6612 *  x[1]^1.0 + 0.3832 * 1;  - 0.0241 *  x[0]^1.0 + 0.4013 *  x[1]^1.0 + 0.3873 * 1;  - 0.0197 *  x[0]^1.0 + 0.3995 *  x[1]^1.0 + 0.6667 * 1

2019-05-03-01-41-25   >>>>   End verify ranking function

verifying time = 12.876 ms


Not Found Ranking Fcuntion

Conterexample is 

[1, 16]

sampling time = 2.072 ms


       ########################################         

iteration 10 with 72 examples

2019-05-03-01-41-25   >>>>   Start train ranking function

2019-05-03-01-41-25   >>>>   End train ranking function

train_ranking_functioning time = 0.591 ms


2019-05-03-01-41-25   >>>>   Start verify ranking function

[xr_0 = 1, xr_1 = 17]
ranking function :  - 0.0203 *  x[0]^1.0 + 0.6616 *  x[1]^1.0 + 0.3842 * 1;  - 0.0226 *  x[0]^1.0 + 0.4012 *  x[1]^1.0 + 0.3881 * 1;  - 0.0185 *  x[0]^1.0 + 0.3996 *  x[1]^1.0 + 0.6667 * 1

2019-05-03-01-41-25   >>>>   End verify ranking function

verifying time = 13.325 ms


Not Found Ranking Fcuntion

Conterexample is 

[1, 17]

sampling time = 2.316 ms


       ########################################         

iteration 11 with 76 examples

2019-05-03-01-41-25   >>>>   Start train ranking function

2019-05-03-01-41-25   >>>>   End train ranking function

train_ranking_functioning time = 0.697 ms


2019-05-03-01-41-25   >>>>   Start verify ranking function

[xr_0 = 1, xr_1 = 18]
ranking function :  - 0.0192 *  x[0]^1.0 + 0.6619 *  x[1]^1.0 + 0.3851 * 1;  - 0.0213 *  x[0]^1.0 + 0.4012 *  x[1]^1.0 + 0.3887 * 1;  - 0.0174 *  x[0]^1.0 + 0.3996 *  x[1]^1.0 + 0.6667 * 1

2019-05-03-01-41-25   >>>>   End verify ranking function

verifying time = 14.051 ms


Not Found Ranking Fcuntion

Conterexample is 

[1, 18]

sampling time = 2.706 ms


       ########################################         

iteration 12 with 80 examples

2019-05-03-01-41-25   >>>>   Start train ranking function

2019-05-03-01-41-25   >>>>   End train ranking function

train_ranking_functioning time = 1.103 ms


2019-05-03-01-41-25   >>>>   Start verify ranking function

[xr_0 = 1, xr_1 = 19]
ranking function :  - 0.0181 *  x[0]^1.0 + 0.6622 *  x[1]^1.0 + 0.3859 * 1;  - 0.0201 *  x[0]^1.0 + 0.4012 *  x[1]^1.0 + 0.3893 * 1;  - 0.0165 *  x[0]^1.0 + 0.3997 *  x[1]^1.0 + 0.6667 * 1

2019-05-03-01-41-25   >>>>   End verify ranking function

verifying time = 14.178 ms


Not Found Ranking Fcuntion

Conterexample is 

[1, 19]

sampling time = 2.104 ms


       ########################################         

iteration 13 with 84 examples

2019-05-03-01-41-25   >>>>   Start train ranking function

2019-05-03-01-41-25   >>>>   End train ranking function

train_ranking_functioning time = 0.686 ms


2019-05-03-01-41-25   >>>>   Start verify ranking function

[xr_0 = 1, xr_1 = 20]
ranking function :  - 0.0172 *  x[0]^1.0 + 0.6624 *  x[1]^1.0 + 0.3866 * 1;  - 0.0191 *  x[0]^1.0 + 0.4012 *  x[1]^1.0 + 0.3899 * 1;  - 0.0156 *  x[0]^1.0 + 0.3997 *  x[1]^1.0 + 0.6667 * 1

2019-05-03-01-41-25   >>>>   End verify ranking function

verifying time = 13.004 ms


Not Found Ranking Fcuntion

Conterexample is 

[1, 20]

sampling time = 2.129 ms


       ########################################         

iteration 14 with 88 examples

2019-05-03-01-41-25   >>>>   Start train ranking function

2019-05-03-01-41-25   >>>>   End train ranking function

train_ranking_functioning time = 0.724 ms


2019-05-03-01-41-25   >>>>   Start verify ranking function

[xr_0 = 1, xr_1 = 21]
ranking function :  - 0.0163 *  x[0]^1.0 + 0.6626 *  x[1]^1.0 + 0.3872 * 1;  - 0.0182 *  x[0]^1.0 + 0.4011 *  x[1]^1.0 + 0.3904 * 1;  - 0.0149 *  x[0]^1.0 + 0.3997 *  x[1]^1.0 + 0.6667 * 1

2019-05-03-01-41-25   >>>>   End verify ranking function

verifying time = 12.962 ms


Not Found Ranking Fcuntion

Conterexample is 

[1, 21]

sampling time = 2.047 ms


       ########################################         

iteration 15 with 92 examples

2019-05-03-01-41-25   >>>>   Start train ranking function

2019-05-03-01-41-25   >>>>   End train ranking function

train_ranking_functioning time = 0.779 ms


2019-05-03-01-41-25   >>>>   Start verify ranking function

[xr_0 = 1, xr_1 = 22]
ranking function :  - 0.0156 *  x[0]^1.0 + 0.6628 *  x[1]^1.0 + 0.3878 * 1;  - 0.0173 *  x[0]^1.0 + 0.4011 *  x[1]^1.0 + 0.3908 * 1;  - 0.0142 *  x[0]^1.0 + 0.3998 *  x[1]^1.0 + 0.6667 * 1

2019-05-03-01-41-25   >>>>   End verify ranking function

verifying time = 12.908 ms


Not Found Ranking Fcuntion

Conterexample is 

[1, 22]

sampling time = 2.136 ms


       ########################################         

iteration 16 with 96 examples

2019-05-03-01-41-25   >>>>   Start train ranking function

2019-05-03-01-41-25   >>>>   End train ranking function

train_ranking_functioning time = 0.810 ms


2019-05-03-01-41-25   >>>>   Start verify ranking function

[xr_0 = 1, xr_1 = 23]
ranking function :  - 0.0149 *  x[0]^1.0 + 0.663 *  x[1]^1.0 + 0.3883 * 1;  - 0.0165 *  x[0]^1.0 + 0.4011 *  x[1]^1.0 + 0.3912 * 1;  - 0.0135 *  x[0]^1.0 + 0.3998 *  x[1]^1.0 + 0.6667 * 1

2019-05-03-01-41-25   >>>>   End verify ranking function

verifying time = 12.948 ms


Not Found Ranking Fcuntion

Conterexample is 

[1, 23]

sampling time = 2.042 ms


       ########################################         

iteration 17 with 100 examples

2019-05-03-01-41-25   >>>>   Start train ranking function

2019-05-03-01-41-25   >>>>   End train ranking function

train_ranking_functioning time = 0.885 ms


2019-05-03-01-41-25   >>>>   Start verify ranking function

[xr_0 = 1, xr_1 = 24]
ranking function :  - 0.0143 *  x[0]^1.0 + 0.6632 *  x[1]^1.0 + 0.3888 * 1;  - 0.0158 *  x[0]^1.0 + 0.401 *  x[1]^1.0 + 0.3916 * 1;  - 0.0129 *  x[0]^1.0 + 0.3998 *  x[1]^1.0 + 0.6667 * 1

2019-05-03-01-41-25   >>>>   End verify ranking function

verifying time = 12.859 ms


Not Found Ranking Fcuntion

Conterexample is 

[1, 24]

sampling time = 2.070 ms


       ########################################         

iteration 18 with 104 examples

2019-05-03-01-41-25   >>>>   Start train ranking function

2019-05-03-01-41-25   >>>>   End train ranking function

train_ranking_functioning time = 0.899 ms


2019-05-03-01-41-25   >>>>   Start verify ranking function

[xr_0 = 1, xr_1 = 25]
ranking function :  - 0.0137 *  x[0]^1.0 + 0.6633 *  x[1]^1.0 + 0.3893 * 1;  - 0.0152 *  x[0]^1.0 + 0.401 *  x[1]^1.0 + 0.3919 * 1;  - 0.0124 *  x[0]^1.0 + 0.3998 *  x[1]^1.0 + 0.6667 * 1

2019-05-03-01-41-25   >>>>   End verify ranking function

verifying time = 12.937 ms


Not Found Ranking Fcuntion

Conterexample is 

[1, 25]

sampling time = 2.093 ms


       ########################################         

iteration 19 with 108 examples

2019-05-03-01-41-25   >>>>   Start train ranking function

2019-05-03-01-41-25   >>>>   End train ranking function

train_ranking_functioning time = 0.927 ms


2019-05-03-01-41-25   >>>>   Start verify ranking function

[xr_0 = 1, xr_1 = 26]
ranking function :  - 0.0131 *  x[0]^1.0 + 0.6632 *  x[1]^1.0 + 0.3897 * 1;  - 0.0146 *  x[0]^1.0 + 0.401 *  x[1]^1.0 + 0.3922 * 1;  - 0.0119 *  x[0]^1.0 + 0.3998 *  x[1]^1.0 + 0.6667 * 1

2019-05-03-01-41-25   >>>>   End verify ranking function

verifying time = 12.786 ms


Not Found Ranking Fcuntion

Conterexample is 

[1, 26]

sampling time = 2.065 ms


       ########################################         

iteration 20 with 112 examples

2019-05-03-01-41-25   >>>>   Start train ranking function

2019-05-03-01-41-25   >>>>   End train ranking function

train_ranking_functioning time = 1.146 ms


2019-05-03-01-41-25   >>>>   Start verify ranking function

[xr_0 = 1, xr_1 = 27]
ranking function :  - 0.0126 *  x[0]^1.0 + 0.6636 *  x[1]^1.0 + 0.3901 * 1;  - 0.014 *  x[0]^1.0 + 0.401 *  x[1]^1.0 + 0.3925 * 1;  - 0.0115 *  x[0]^1.0 + 0.3998 *  x[1]^1.0 + 0.6667 * 1

2019-05-03-01-41-25   >>>>   End verify ranking function

verifying time = 12.885 ms


Not Found Ranking Fcuntion

Conterexample is 

[1, 27]

sampling time = 2.067 ms


       ########################################         

iteration 21 with 116 examples

2019-05-03-01-41-25   >>>>   Start train ranking function

2019-05-03-01-41-25   >>>>   End train ranking function

train_ranking_functioning time = 1.025 ms


2019-05-03-01-41-25   >>>>   Start verify ranking function

[xr_0 = 1, xr_1 = 28]
ranking function :  - 0.0125 *  x[0]^1.0 + 0.6635 *  x[1]^1.0 + 0.3904 * 1;  - 0.0135 *  x[0]^1.0 + 0.4009 *  x[1]^1.0 + 0.3928 * 1;  - 0.011 *  x[0]^1.0 + 0.3998 *  x[1]^1.0 + 0.6667 * 1

2019-05-03-01-41-25   >>>>   End verify ranking function

verifying time = 13.101 ms


Not Found Ranking Fcuntion

Conterexample is 

[1, 28]

sampling time = 2.100 ms


       ########################################         

iteration 22 with 120 examples

2019-05-03-01-41-25   >>>>   Start train ranking function

2019-05-03-01-41-25   >>>>   End train ranking function

train_ranking_functioning time = 1.163 ms


2019-05-03-01-41-25   >>>>   Start verify ranking function

[xr_0 = 1, xr_1 = 29]
ranking function :  - 0.0118 *  x[0]^1.0 + 0.6638 *  x[1]^1.0 + 0.3908 * 1;  - 0.013 *  x[0]^1.0 + 0.4009 *  x[1]^1.0 + 0.393 * 1;  - 0.0106 *  x[0]^1.0 + 0.3999 *  x[1]^1.0 + 0.6667 * 1
