------Using Template 0 -----------
3 [3]
*****************************************************

2019-05-03-01-45-38   >>>>   End sampling point

sampling time = 53.511 ms,


       ########################################         

iteration 0 with 136 examples

2019-05-03-01-45-38   >>>>   Start train ranking function

2019-05-03-01-45-38   >>>>   End train ranking function

train_ranking_functioning time = 2.758 ms


2019-05-03-01-45-38   >>>>   Start verify ranking function

ranking function : 0.0021 *  x[0]^1.0 + 0.4821 *  x[1]^1.0 + 2.1094 * 1

2019-05-03-01-45-38   >>>>   End verify ranking function

verifying time = 7.800 ms


Not Found Ranking Fcuntion

Conterexample is 

[-6.4217265592730275, -6.4217265592730275]

sampling time = 0.713 ms


       ########################################         

iteration 1 with 138 examples

2019-05-03-01-45-38   >>>>   Start train ranking function

2019-05-03-01-45-38   >>>>   End train ranking function

train_ranking_functioning time = 2.884 ms


2019-05-03-01-45-38   >>>>   Start verify ranking function

ranking function : 0.0036 *  x[0]^1.0 + 0.4518 *  x[1]^1.0 + 2.616 * 1

2019-05-03-01-45-38   >>>>   End verify ranking function

verifying time = 7.791 ms


Not Found Ranking Fcuntion

Conterexample is 

[-7.940272288098375, -7.940272288098375]

sampling time = 0.720 ms


       ########################################         

iteration 2 with 140 examples

2019-05-03-01-45-38   >>>>   Start train ranking function

2019-05-03-01-45-38   >>>>   End train ranking function

train_ranking_functioning time = 2.914 ms


2019-05-03-01-45-38   >>>>   Start verify ranking function

ranking function : 0.0052 *  x[0]^1.0 + 0.4299 *  x[1]^1.0 + 3.2984 * 1

2019-05-03-01-45-38   >>>>   End verify ranking function

verifying time = 7.790 ms


Not Found Ranking Fcuntion

Conterexample is 

[-9.879108250976786, -9.879108250976786]

sampling time = 0.732 ms


       ########################################         

iteration 3 with 142 examples

2019-05-03-01-45-38   >>>>   Start train ranking function

2019-05-03-01-45-38   >>>>   End train ranking function

train_ranking_functioning time = 2.975 ms


2019-05-03-01-45-38   >>>>   Start verify ranking function

ranking function : 0.0071 *  x[0]^1.0 + 0.4027 *  x[1]^1.0 + 3.7144 * 1

2019-05-03-01-45-38   >>>>   End verify ranking function

verifying time = 7.798 ms


Not Found Ranking Fcuntion

Conterexample is 

[-11.504148365056125, -11.504148365056125]

sampling time = 0.723 ms


       ########################################         

iteration 4 with 144 examples

2019-05-03-01-45-38   >>>>   Start train ranking function

2019-05-03-01-45-38   >>>>   End train ranking function

train_ranking_functioning time = 3.043 ms


2019-05-03-01-45-38   >>>>   Start verify ranking function

ranking function : 0.0093 *  x[0]^1.0 + 0.3752 *  x[1]^1.0 + 4.0664 * 1

2019-05-03-01-45-38   >>>>   End verify ranking function

verifying time = 7.773 ms


Not Found Ranking Fcuntion

Conterexample is 

[-13.176592977893367, -13.176592977893367]

sampling time = 0.747 ms


       ########################################         

iteration 5 with 146 examples

2019-05-03-01-45-38   >>>>   Start train ranking function

2019-05-03-01-45-38   >>>>   End train ranking function

train_ranking_functioning time = 3.008 ms


2019-05-03-01-45-38   >>>>   Start verify ranking function

ranking function : 0.0107 *  x[0]^1.0 + 0.3525 *  x[1]^1.0 + 4.3919 * 1

2019-05-03-01-45-38   >>>>   End verify ranking function

verifying time = 7.885 ms


Not Found Ranking Fcuntion

Conterexample is 

[-14.845539647577093, -14.845539647577093]

sampling time = 0.728 ms


       ########################################         

iteration 6 with 148 examples

2019-05-03-01-45-38   >>>>   Start train ranking function

2019-05-03-01-45-38   >>>>   End train ranking function

train_ranking_functioning time = 3.083 ms


2019-05-03-01-45-38   >>>>   Start verify ranking function

ranking function : 0.013 *  x[0]^1.0 + 0.3243 *  x[1]^1.0 + 4.6142 * 1

2019-05-03-01-45-38   >>>>   End verify ranking function

verifying time = 7.769 ms


Not Found Ranking Fcuntion

Conterexample is 

[-16.644530091906315, -16.644530091906315]

sampling time = 0.718 ms


       ########################################         

iteration 7 with 150 examples

2019-05-03-01-45-38   >>>>   Start train ranking function

2019-05-03-01-45-38   >>>>   End train ranking function

train_ranking_functioning time = 3.143 ms


2019-05-03-01-45-38   >>>>   Start verify ranking function

ranking function : 0.0138 *  x[0]^1.0 + 0.2961 *  x[1]^1.0 + 4.732 * 1

2019-05-03-01-45-38   >>>>   End verify ranking function

verifying time = 7.718 ms


Not Found Ranking Fcuntion

Conterexample is 

[-18.496289125524363, -18.496289125524363]

sampling time = 0.725 ms


       ########################################         

iteration 8 with 152 examples

2019-05-03-01-45-38   >>>>   Start train ranking function

2019-05-03-01-45-38   >>>>   End train ranking function

train_ranking_functioning time = 3.262 ms


2019-05-03-01-45-38   >>>>   Start verify ranking function

ranking function : 0.0161 *  x[0]^1.0 + 0.2711 *  x[1]^1.0 + 4.8674 * 1

2019-05-03-01-45-38   >>>>   End verify ranking function

verifying time = 7.838 ms


Not Found Ranking Fcuntion

Conterexample is 

[-20.42966573816156, -20.42966573816156]

sampling time = 0.749 ms


       ########################################         

iteration 9 with 154 examples

2019-05-03-01-45-38   >>>>   Start train ranking function

2019-05-03-01-45-38   >>>>   End train ranking function

train_ranking_functioning time = 3.366 ms


2019-05-03-01-45-38   >>>>   Start verify ranking function

ranking function : 0.0183 *  x[0]^1.0 + 0.2454 *  x[1]^1.0 + 4.9352 * 1

2019-05-03-01-45-38   >>>>   End verify ranking function

verifying time = 7.963 ms


Not Found Ranking Fcuntion

Conterexample is 

[-22.507394766780433, -22.507394766780433]

sampling time = 0.723 ms


       ########################################         

iteration 10 with 156 examples

2019-05-03-01-45-38   >>>>   Start train ranking function

2019-05-03-01-45-38   >>>>   End train ranking function

train_ranking_functioning time = 3.287 ms


2019-05-03-01-45-38   >>>>   Start verify ranking function

ranking function : 0.017 *  x[0]^1.0 + 0.2178 *  x[1]^1.0 + 4.9203 * 1

2019-05-03-01-45-38   >>>>   End verify ranking function

verifying time = 8.001 ms


Not Found Ranking Fcuntion

Conterexample is 

[-25.214224872231686, -25.214224872231686]

sampling time = 0.716 ms


       ########################################         

iteration 11 with 158 examples

2019-05-03-01-45-38   >>>>   Start train ranking function

2019-05-03-01-45-38   >>>>   End train ranking function

train_ranking_functioning time = 3.546 ms


2019-05-03-01-45-38   >>>>   Start verify ranking function

ranking function : 0.0314 *  x[0]^1.0 + 0.2108 *  x[1]^1.0 + 4.9139 * 1

2019-05-03-01-45-38   >>>>   End verify ranking function

verifying time = 7.813 ms


Not Found Ranking Fcuntion

Conterexample is 

[-24.417423616845582, -24.417423616845582]

sampling time = 0.725 ms


       ########################################         

iteration 12 with 160 examples

2019-05-03-01-45-38   >>>>   Start train ranking function

2019-05-03-01-45-38   >>>>   End train ranking function

train_ranking_functioning time = 3.516 ms


2019-05-03-01-45-38   >>>>   Start verify ranking function

ranking function : 0.0216 *  x[0]^1.0 + 0.1835 *  x[1]^1.0 + 4.9194 * 1

2019-05-03-01-45-38   >>>>   End verify ranking function

verifying time = 7.911 ms


Not Found Ranking Fcuntion

Conterexample is 

[-28.861043393466602, -28.861043393466602]

sampling time = 0.732 ms


       ########################################         

iteration 13 with 162 examples

2019-05-03-01-45-38   >>>>   Start train ranking function

2019-05-03-01-45-38   >>>>   End train ranking function

train_ranking_functioning time = 3.589 ms


2019-05-03-01-45-38   >>>>   Start verify ranking function

ranking function : 0.0249 *  x[0]^1.0 + 0.1637 *  x[1]^1.0 + 4.8586 * 1

2019-05-03-01-45-38   >>>>   End verify ranking function
