------Using Template 0 -----------
3 [3]
*****************************************************

2019-05-03-01-50-40   >>>>   End sampling point

sampling time = 47.335 ms,


       ########################################         

iteration 0 with 100 examples

2019-05-03-01-50-40   >>>>   Start train ranking function

2019-05-03-01-50-40   >>>>   End train ranking function

train_ranking_functioning time = 1.085 ms


2019-05-03-01-50-40   >>>>   Start verify ranking function

[xr_1 = 183, xr_0 = 1/2]
ranking function :  - 0.6076 *  x[0]^1.0 - 0.3059 *  x[1]^1.0 + 2.6149 * 1

2019-05-03-01-50-40   >>>>   End verify ranking function

verifying time = 12.814 ms


Not Found Ranking Fcuntion

Conterexample is 

[0.5, 183]

sampling time = 0.721 ms


       ########################################         

iteration 1 with 102 examples

2019-05-03-01-50-40   >>>>   Start train ranking function

2019-05-03-01-50-40   >>>>   End train ranking function

train_ranking_functioning time = 1.505 ms


2019-05-03-01-50-40   >>>>   Start verify ranking function

[xr_1 = -3, xr_0 = 0]
ranking function :  - 0.2445 *  x[0]^1.0 - 0.0239 *  x[1]^1.0 + 1.4465 * 1

2019-05-03-01-50-40   >>>>   End verify ranking function

verifying time = 12.745 ms


Not Found Ranking Fcuntion

Conterexample is 

[0, -3]

sampling time = 0.722 ms


       ########################################         

iteration 2 with 104 examples

2019-05-03-01-50-40   >>>>   Start train ranking function

2019-05-03-01-50-40   >>>>   End train ranking function

train_ranking_functioning time = 1.529 ms


2019-05-03-01-50-40   >>>>   Start verify ranking function

[xr_1 = -3, xr_0 = 0]
ranking function :  - 0.2167 *  x[0]^1.0 - 0.0307 *  x[1]^1.0 + 1.4364 * 1

2019-05-03-01-50-40   >>>>   End verify ranking function

verifying time = 12.651 ms


Not Found Ranking Fcuntion

Conterexample is 

[0, -3]

sampling time = 0.751 ms


       ########################################         

iteration 3 with 106 examples

2019-05-03-01-50-40   >>>>   Start train ranking function

2019-05-03-01-50-40   >>>>   End train ranking function

train_ranking_functioning time = 1.567 ms


2019-05-03-01-50-40   >>>>   Start verify ranking function

[xr_1 = -3, xr_0 = 0]
ranking function :  - 0.2211 *  x[0]^1.0 - 0.0396 *  x[1]^1.0 + 1.4333 * 1

2019-05-03-01-50-40   >>>>   End verify ranking function

verifying time = 12.634 ms


Not Found Ranking Fcuntion

Conterexample is 

[0, -3]

sampling time = 0.706 ms


       ########################################         

iteration 4 with 108 examples

2019-05-03-01-50-40   >>>>   Start train ranking function

2019-05-03-01-50-40   >>>>   End train ranking function

train_ranking_functioning time = 1.615 ms


2019-05-03-01-50-40   >>>>   Start verify ranking function

[xr_1 = -3, xr_0 = 0]
ranking function :  - 0.2096 *  x[0]^1.0 - 0.044 *  x[1]^1.0 + 1.4219 * 1

2019-05-03-01-50-40   >>>>   End verify ranking function

verifying time = 12.665 ms


Not Found Ranking Fcuntion

Conterexample is 

[0, -3]

sampling time = 0.706 ms


       ########################################         

iteration 5 with 110 examples

2019-05-03-01-50-40   >>>>   Start train ranking function

2019-05-03-01-50-40   >>>>   End train ranking function

train_ranking_functioning time = 1.638 ms


2019-05-03-01-50-40   >>>>   Start verify ranking function

[xr_1 = -4, xr_0 = 0]
ranking function :  - 0.1977 *  x[0]^1.0 - 0.0516 *  x[1]^1.0 + 1.4185 * 1

2019-05-03-01-50-40   >>>>   End verify ranking function

verifying time = 12.662 ms


Not Found Ranking Fcuntion

Conterexample is 

[0, -4]

sampling time = 0.706 ms


       ########################################         

iteration 6 with 112 examples

2019-05-03-01-50-40   >>>>   Start train ranking function

2019-05-03-01-50-40   >>>>   End train ranking function

train_ranking_functioning time = 1.830 ms


2019-05-03-01-50-40   >>>>   Start verify ranking function

[xr_1 = -5, xr_0 = 0]
ranking function :  - 0.1771 *  x[0]^1.0 - 0.0593 *  x[1]^1.0 + 1.4099 * 1

2019-05-03-01-50-40   >>>>   End verify ranking function

verifying time = 12.617 ms


Not Found Ranking Fcuntion

Conterexample is 

[0, -5]

sampling time = 0.712 ms


       ########################################         

iteration 7 with 114 examples

2019-05-03-01-50-40   >>>>   Start train ranking function

2019-05-03-01-50-40   >>>>   End train ranking function

train_ranking_functioning time = 1.733 ms


2019-05-03-01-50-40   >>>>   Start verify ranking function

[xr_1 = -6, xr_0 = 0]
ranking function :  - 0.1664 *  x[0]^1.0 - 0.0621 *  x[1]^1.0 + 1.3854 * 1

2019-05-03-01-50-40   >>>>   End verify ranking function

verifying time = 12.645 ms


Not Found Ranking Fcuntion

Conterexample is 

[0, -6]

sampling time = 0.763 ms


       ########################################         

iteration 8 with 116 examples

2019-05-03-01-50-40   >>>>   Start train ranking function

2019-05-03-01-50-40   >>>>   End train ranking function

train_ranking_functioning time = 1.941 ms


2019-05-03-01-50-40   >>>>   Start verify ranking function

[xr_1 = -9, xr_0 = 1/2]
ranking function :  - 0.1465 *  x[0]^1.0 - 0.0623 *  x[1]^1.0 + 1.3698 * 1

2019-05-03-01-50-40   >>>>   End verify ranking function

verifying time = 12.688 ms


Not Found Ranking Fcuntion

Conterexample is 

[0.5, -9]

sampling time = 0.714 ms


       ########################################         

iteration 9 with 118 examples

2019-05-03-01-50-40   >>>>   Start train ranking function

2019-05-03-01-50-40   >>>>   End train ranking function

train_ranking_functioning time = 1.875 ms


2019-05-03-01-50-40   >>>>   Start verify ranking function

[xr_1 = 12, xr_0 = 1/2]
ranking function :  - 0.1185 *  x[0]^1.0 - 0.0668 *  x[1]^1.0 + 1.3377 * 1

2019-05-03-01-50-40   >>>>   End verify ranking function

verifying time = 12.637 ms


Not Found Ranking Fcuntion

Conterexample is 

[0.5, 12]

sampling time = 0.799 ms


       ########################################         

iteration 10 with 120 examples

2019-05-03-01-50-40   >>>>   Start train ranking function

2019-05-03-01-50-40   >>>>   End train ranking function

train_ranking_functioning time = 1.842 ms


2019-05-03-01-50-40   >>>>   Start verify ranking function

[xr_1 = 75, xr_0 = 1/2]
ranking function :  - 0.129 *  x[0]^1.0 - 0.0656 *  x[1]^1.0 + 1.619 * 1

2019-05-03-01-50-40   >>>>   End verify ranking function

verifying time = 12.635 ms


Not Found Ranking Fcuntion

Conterexample is 

[0.5, 75]

sampling time = 0.717 ms


       ########################################         

iteration 11 with 122 examples

2019-05-03-01-50-40   >>>>   Start train ranking function

2019-05-03-01-50-40   >>>>   End train ranking function

train_ranking_functioning time = 2.081 ms


2019-05-03-01-50-40   >>>>   Start verify ranking function

[xr_1 = 15, xr_0 = 1/2]
ranking function :  - 0.0934 *  x[0]^1.0 - 0.0511 *  x[1]^1.0 + 1.9128 * 1

2019-05-03-01-50-40   >>>>   End verify ranking function

verifying time = 12.597 ms


Not Found Ranking Fcuntion

Conterexample is 

[0.5, 15]

sampling time = 0.724 ms


       ########################################         

iteration 12 with 124 examples

2019-05-03-01-50-40   >>>>   Start train ranking function

2019-05-03-01-50-40   >>>>   End train ranking function

train_ranking_functioning time = 2.031 ms


2019-05-03-01-50-40   >>>>   Start verify ranking function

[xr_1 = 8, xr_0 = 0]
ranking function :  - 0.084 *  x[0]^1.0 - 0.0511 *  x[1]^1.0 + 1.9349 * 1

2019-05-03-01-50-40   >>>>   End verify ranking function

verifying time = 13.477 ms


Not Found Ranking Fcuntion

Conterexample is 

[0, 8]

sampling time = 0.717 ms


       ########################################         

iteration 13 with 126 examples

2019-05-03-01-50-40   >>>>   Start train ranking function

2019-05-03-01-50-40   >>>>   End train ranking function

train_ranking_functioning time = 2.092 ms


2019-05-03-01-50-40   >>>>   Start verify ranking function

[xr_1 = -10, xr_0 = 0]
ranking function :  - 0.1261 *  x[0]^1.0 - 0.054 *  x[1]^1.0 + 2.0245 * 1

2019-05-03-01-50-40   >>>>   End verify ranking function

verifying time = 12.725 ms


Not Found Ranking Fcuntion

Conterexample is 

[0, -10]

sampling time = 0.851 ms


       ########################################         

iteration 14 with 128 examples

2019-05-03-01-50-40   >>>>   Start train ranking function

2019-05-03-01-50-40   >>>>   End train ranking function

train_ranking_functioning time = 2.325 ms


2019-05-03-01-50-40   >>>>   Start verify ranking function

[xr_1 = -10, xr_0 = 0]
ranking function :  - 0.1336 *  x[0]^1.0 - 0.0572 *  x[1]^1.0 + 2.1262 * 1

2019-05-03-01-50-41   >>>>   End verify ranking function

verifying time = 14.267 ms


Not Found Ranking Fcuntion

Conterexample is 

[0, -10]

sampling time = 0.965 ms


       ########################################         

iteration 15 with 130 examples

2019-05-03-01-50-41   >>>>   Start train ranking function

2019-05-03-01-50-41   >>>>   End train ranking function

train_ranking_functioning time = 2.167 ms


2019-05-03-01-50-41   >>>>   Start verify ranking function

[xr_1 = 11, xr_0 = 1/2]
ranking function :  - 0.101 *  x[0]^1.0 - 0.0572 *  x[1]^1.0 + 2.1342 * 1

2019-05-03-01-50-41   >>>>   End verify ranking function

verifying time = 13.335 ms


Not Found Ranking Fcuntion

Conterexample is 

[0.5, 11]

sampling time = 0.717 ms


       ########################################         

iteration 16 with 132 examples

2019-05-03-01-50-41   >>>>   Start train ranking function

2019-05-03-01-50-41   >>>>   End train ranking function

train_ranking_functioning time = 2.392 ms


2019-05-03-01-50-41   >>>>   Start verify ranking function

[xr_1 = -340, xr_0 = 1/2]
ranking function :  - 0.1365 *  x[0]^1.0 - 0.068 *  x[1]^1.0 + 2.2245 * 1

2019-05-03-01-50-41   >>>>   End verify ranking function

verifying time = 12.603 ms


Not Found Ranking Fcuntion

Conterexample is 

[0.5, -340]

sampling time = 0.717 ms


       ########################################         

iteration 17 with 134 examples

2019-05-03-01-50-41   >>>>   Start train ranking function

2019-05-03-01-50-41   >>>>   End train ranking function

train_ranking_functioning time = 2.471 ms


2019-05-03-01-50-41   >>>>   Start verify ranking function

[xr_1 = -5, xr_0 = 0]
ranking function :  - 0.162 *  x[0]^1.0 - 0.0582 *  x[1]^1.0 + 2.2243 * 1

2019-05-03-01-50-41   >>>>   End verify ranking function

verifying time = 12.668 ms


Not Found Ranking Fcuntion

Conterexample is 

[0, -5]

sampling time = 0.808 ms


       ########################################         

iteration 18 with 136 examples

2019-05-03-01-50-41   >>>>   Start train ranking function

2019-05-03-01-50-41   >>>>   End train ranking function

train_ranking_functioning time = 2.579 ms


2019-05-03-01-50-41   >>>>   Start verify ranking function

[xr_1 = -43, xr_0 = 1/2]
ranking function :  - 0.1451 *  x[0]^1.0 - 0.0704 *  x[1]^1.0 + 2.296 * 1

2019-05-03-01-50-41   >>>>   End verify ranking function

verifying time = 12.730 ms


Not Found Ranking Fcuntion

Conterexample is 

[0.5, -43]

sampling time = 0.762 ms


       ########################################         

iteration 19 with 138 examples

2019-05-03-01-50-41   >>>>   Start train ranking function

2019-05-03-01-50-41   >>>>   End train ranking function

train_ranking_functioning time = 2.400 ms


2019-05-03-01-50-41   >>>>   Start verify ranking function

[xr_1 = -20, xr_0 = 1/2]
ranking function :  - 0.1318 *  x[0]^1.0 - 0.0617 *  x[1]^1.0 + 2.168 * 1

2019-05-03-01-50-41   >>>>   End verify ranking function

verifying time = 12.641 ms


Not Found Ranking Fcuntion

Conterexample is 

[0.5, -20]

sampling time = 0.722 ms


       ########################################         

iteration 20 with 140 examples

2019-05-03-01-50-41   >>>>   Start train ranking function

2019-05-03-01-50-41   >>>>   End train ranking function

train_ranking_functioning time = 2.706 ms


2019-05-03-01-50-41   >>>>   Start verify ranking function

[xr_1 = -38, xr_0 = 1/2]
ranking function :  - 0.1693 *  x[0]^1.0 - 0.0818 *  x[1]^1.0 + 2.3616 * 1

2019-05-03-01-50-41   >>>>   End verify ranking function

verifying time = 12.650 ms


Not Found Ranking Fcuntion

Conterexample is 

[0.5, -38]

sampling time = 0.725 ms


       ########################################         

iteration 21 with 142 examples

2019-05-03-01-50-41   >>>>   Start train ranking function

2019-05-03-01-50-41   >>>>   End train ranking function

train_ranking_functioning time = 2.678 ms


2019-05-03-01-50-41   >>>>   Start verify ranking function

[xr_1 = -193, xr_0 = 1/2]
ranking function :  - 0.1542 *  x[0]^1.0 - 0.0766 *  x[1]^1.0 + 2.3566 * 1

2019-05-03-01-50-41   >>>>   End verify ranking function

verifying time = 12.561 ms


Not Found Ranking Fcuntion

Conterexample is 

[0.5, -193]

sampling time = 0.722 ms


       ########################################         

iteration 22 with 144 examples

2019-05-03-01-50-41   >>>>   Start train ranking function

2019-05-03-01-50-41   >>>>   End train ranking function

train_ranking_functioning time = 2.754 ms


2019-05-03-01-50-41   >>>>   Start verify ranking function

[xr_1 = 16, xr_0 = 1/2]
ranking function :  - 0.154 *  x[0]^1.0 - 0.0839 *  x[1]^1.0 + 2.3535 * 1

2019-05-03-01-50-41   >>>>   End verify ranking function

verifying time = 12.548 ms


Not Found Ranking Fcuntion

Conterexample is 

[0.5, 16]

sampling time = 0.762 ms


       ########################################         

iteration 23 with 146 examples

2019-05-03-01-50-41   >>>>   Start train ranking function

2019-05-03-01-50-41   >>>>   End train ranking function

train_ranking_functioning time = 2.609 ms


2019-05-03-01-50-41   >>>>   Start verify ranking function

[xr_1 = -952, xr_0 = 1/2]
ranking function :  - 0.153 *  x[0]^1.0 - 0.0764 *  x[1]^1.0 + 2.3522 * 1

2019-05-03-01-50-41   >>>>   End verify ranking function

verifying time = 12.672 ms


Not Found Ranking Fcuntion

Conterexample is 

[0.5, -952]

sampling time = 0.730 ms


       ########################################         

iteration 24 with 148 examples

2019-05-03-01-50-41   >>>>   Start train ranking function

2019-05-03-01-50-41   >>>>   End train ranking function

train_ranking_functioning time = 3.001 ms


2019-05-03-01-50-41   >>>>   Start verify ranking function

[xr_1 = -19, xr_0 = 1/2]
ranking function :  - 0.1772 *  x[0]^1.0 - 0.0826 *  x[1]^1.0 + 2.4601 * 1

2019-05-03-01-50-41   >>>>   End verify ranking function

verifying time = 12.670 ms


Not Found Ranking Fcuntion

Conterexample is 

[0.5, -19]

sampling time = 0.728 ms


Failed to prove it is terminated

UNKNOWN
------Using Template 1 -----------
3 [3]
*****************************************************

2019-05-03-01-50-41   >>>>   End sampling point

sampling time = 52.685 ms,


       ########################################         

iteration 0 with 100 examples

2019-05-03-01-50-41   >>>>   Start train ranking function

2019-05-03-01-50-41   >>>>   End train ranking function

train_ranking_functioning time = 3.154 ms


2019-05-03-01-50-41   >>>>   Start verify ranking function

[xr_1 = 1, xr_0 = 1/8]
ranking function : 0.0018 *  x[0]^-3.0 *  x[1]^2.0 + 0.032 *  x[0]^3.0 *  x[1]^-1.0 - 0.1514 *  x[0]^-0.5 *  x[1]^1.0

2019-05-03-01-50-41   >>>>   End verify ranking function

verifying time = 19.569 ms


Not Found Ranking Fcuntion

Conterexample is 

[0.125, 1]

sampling time = 0.838 ms


       ########################################         

iteration 1 with 102 examples

2019-05-03-01-50-41   >>>>   Start train ranking function

2019-05-03-01-50-41   >>>>   End train ranking function

train_ranking_functioning time = 3.310 ms


2019-05-03-01-50-41   >>>>   Start verify ranking function

[xr_1 = 1, xr_0 = 1/8]
ranking function :  - 0.0218 *  x[0]^-3.0 *  x[1]^2.0 + 0.035 *  x[0]^3.0 *  x[1]^-1.0 - 0.1578 *  x[0]^-0.5 *  x[1]^1.0

2019-05-03-01-50-41   >>>>   End verify ranking function

verifying time = 21.634 ms


Not Found Ranking Fcuntion

Conterexample is 

[0.125, 1]

sampling time = 0.849 ms


       ########################################         

iteration 2 with 104 examples

2019-05-03-01-50-41   >>>>   Start train ranking function

2019-05-03-01-50-41   >>>>   End train ranking function

train_ranking_functioning time = 3.214 ms


2019-05-03-01-50-41   >>>>   Start verify ranking function
