------Using Template 0 -----------
3 [3]
*****************************************************

2019-05-03-01-55-38   >>>>   End sampling point

sampling time = 55.581 ms,


       ########################################         

iteration 0 with 136 examples

2019-05-03-01-55-38   >>>>   Start train ranking function

2019-05-03-01-55-38   >>>>   End train ranking function

train_ranking_functioning time = 1.024 ms


2019-05-03-01-55-38   >>>>   Start verify ranking function

[xr_1 = 9470/113, xr_0 = 0]
ranking function : 0.0113 *  x[0]^1.0 + 0.9367 *  x[1]^1.0 + 3.0715 * 1

2019-05-03-01-55-38   >>>>   End verify ranking function

verifying time = 6.959 ms


Not Found Ranking Fcuntion

Conterexample is 

[0, 83.80530973451327]

sampling time = 0.760 ms


       ########################################         

iteration 1 with 138 examples

2019-05-03-01-55-38   >>>>   Start train ranking function

2019-05-03-01-55-38   >>>>   End train ranking function

train_ranking_functioning time = 3.502 ms


2019-05-03-01-55-38   >>>>   Start verify ranking function

[xr_1 = 9358, xr_0 = 0]
ranking function : 0.0001 *  x[0]^1.0 + 0.9367 *  x[1]^1.0 + 3.0847 * 1

2019-05-03-01-55-38   >>>>   End verify ranking function

verifying time = 6.873 ms


Not Found Ranking Fcuntion

Conterexample is 

[0, 9358]

sampling time = 0.765 ms


       ########################################         

iteration 2 with 140 examples

2019-05-03-01-55-38   >>>>   Start train ranking function

2019-05-03-01-55-38   >>>>   End train ranking function

train_ranking_functioning time = 3.344 ms


2019-05-03-01-55-38   >>>>   Start verify ranking function

[xr_1 = -9359/3, xr_0 = 0]
ranking function :  - 0.0003 *  x[0]^1.0 + 0.9366 *  x[1]^1.0 + 3.0848 * 1

2019-05-03-01-55-38   >>>>   End verify ranking function

verifying time = 6.889 ms


Not Found Ranking Fcuntion

Conterexample is 

[0, -3119.6666666666665]

sampling time = 0.757 ms


       ########################################         

iteration 3 with 142 examples

2019-05-03-01-55-38   >>>>   Start train ranking function

2019-05-03-01-55-38   >>>>   End train ranking function

train_ranking_functioning time = 3.345 ms


2019-05-03-01-55-38   >>>>   Start verify ranking function

[xr_1 = 0, xr_0 = 0]
ranking function :  - 0.0108 *  x[0]^1.0 + 0.0009 *  x[1]^1.0 + 0.9409 * 1

2019-05-03-01-55-38   >>>>   End verify ranking function

verifying time = 6.829 ms


Not Found Ranking Fcuntion

Conterexample is 

[0, 0]

sampling time = 0.761 ms


       ########################################         

iteration 4 with 144 examples

2019-05-03-01-55-38   >>>>   Start train ranking function

2019-05-03-01-55-38   >>>>   End train ranking function

train_ranking_functioning time = 3.400 ms


2019-05-03-01-55-38   >>>>   Start verify ranking function

[xr_1 = -107/106, xr_0 = 0]
ranking function :  - 0.0106 *  x[0]^1.0 + 0.0011 *  x[1]^1.0 + 0.941 * 1

2019-05-03-01-55-38   >>>>   End verify ranking function

verifying time = 6.880 ms


Not Found Ranking Fcuntion

Conterexample is 

[0, -1.009433962264151]

sampling time = 0.765 ms


       ########################################         

iteration 5 with 146 examples

2019-05-03-01-55-38   >>>>   Start train ranking function

2019-05-03-01-55-38   >>>>   End train ranking function

train_ranking_functioning time = 3.451 ms


2019-05-03-01-55-38   >>>>   Start verify ranking function

[xr_1 = -1, xr_0 = 0]
ranking function :  - 0.0091 *  x[0]^1.0 + 0.001 *  x[1]^1.0 + 0.9398 * 1

2019-05-03-01-55-38   >>>>   End verify ranking function

verifying time = 6.889 ms


Not Found Ranking Fcuntion

Conterexample is 

[0, -1]

sampling time = 0.759 ms


       ########################################         

iteration 6 with 148 examples

2019-05-03-01-55-38   >>>>   Start train ranking function

2019-05-03-01-55-38   >>>>   End train ranking function

train_ranking_functioning time = 3.527 ms


2019-05-03-01-55-38   >>>>   Start verify ranking function

[xr_1 = -117/113, xr_0 = 0]
ranking function :  - 0.0113 *  x[0]^1.0 + 0.0014 *  x[1]^1.0 + 0.9394 * 1

2019-05-03-01-55-38   >>>>   End verify ranking function

verifying time = 6.962 ms


Not Found Ranking Fcuntion

Conterexample is 

[0, -1.0353982300884956]

sampling time = 0.765 ms


       ########################################         

iteration 7 with 150 examples

2019-05-03-01-55-38   >>>>   Start train ranking function

2019-05-03-01-55-38   >>>>   End train ranking function

train_ranking_functioning time = 3.578 ms


2019-05-03-01-55-38   >>>>   Start verify ranking function

[xr_1 = -32/31, xr_0 = 0]
ranking function :  - 0.0062 *  x[0]^1.0 + 0.0012 *  x[1]^1.0 + 0.9372 * 1

2019-05-03-01-55-38   >>>>   End verify ranking function

verifying time = 6.905 ms


Not Found Ranking Fcuntion

Conterexample is 

[0, -1.032258064516129]

sampling time = 0.764 ms


       ########################################         

iteration 8 with 152 examples

2019-05-03-01-55-38   >>>>   Start train ranking function

2019-05-03-01-55-38   >>>>   End train ranking function

train_ranking_functioning time = 3.586 ms


2019-05-03-01-55-38   >>>>   Start verify ranking function

[xr_1 = -56/51, xr_0 = 0]
ranking function :  - 0.0051 *  x[0]^1.0 + 0.0015 *  x[1]^1.0 + 0.9371 * 1

2019-05-03-01-55-38   >>>>   End verify ranking function

verifying time = 6.872 ms


Not Found Ranking Fcuntion

Conterexample is 

[0, -1.0980392156862746]

sampling time = 0.761 ms


       ########################################         

iteration 9 with 154 examples

2019-05-03-01-55-38   >>>>   Start train ranking function

2019-05-03-01-55-38   >>>>   End train ranking function

train_ranking_functioning time = 3.692 ms


2019-05-03-01-55-38   >>>>   Start verify ranking function

[xr_1 = -55/48, xr_0 = 0]
ranking function :  - 0.0048 *  x[0]^1.0 + 0.0017 *  x[1]^1.0 + 0.9373 * 1

2019-05-03-01-55-38   >>>>   End verify ranking function

verifying time = 7.002 ms


Not Found Ranking Fcuntion

Conterexample is 

[0, -1.1458333333333333]

sampling time = 0.780 ms


       ########################################         

iteration 10 with 156 examples

2019-05-03-01-55-38   >>>>   Start train ranking function

2019-05-03-01-55-38   >>>>   End train ranking function

train_ranking_functioning time = 3.620 ms


2019-05-03-01-55-38   >>>>   Start verify ranking function

[xr_1 = -74/65, xr_0 = 0]
ranking function :  - 0.0065 *  x[0]^1.0 + 0.0019 *  x[1]^1.0 + 0.9383 * 1

2019-05-03-01-55-38   >>>>   End verify ranking function

verifying time = 7.065 ms


Not Found Ranking Fcuntion

Conterexample is 

[0, -1.1384615384615384]

sampling time = 0.812 ms


       ########################################         

iteration 11 with 158 examples

2019-05-03-01-55-38   >>>>   Start train ranking function

2019-05-03-01-55-38   >>>>   End train ranking function

train_ranking_functioning time = 3.590 ms


2019-05-03-01-55-38   >>>>   Start verify ranking function

[xr_1 = -29/24, xr_0 = 0]
ranking function :  - 0.0048 *  x[0]^1.0 + 0.002 *  x[1]^1.0 + 0.9361 * 1

2019-05-03-01-55-38   >>>>   End verify ranking function

verifying time = 6.761 ms


Not Found Ranking Fcuntion

Conterexample is 

[0, -1.2083333333333333]

sampling time = 0.735 ms


       ########################################         

iteration 12 with 160 examples

2019-05-03-01-55-38   >>>>   Start train ranking function

2019-05-03-01-55-38   >>>>   End train ranking function

train_ranking_functioning time = 3.571 ms


2019-05-03-01-55-38   >>>>   Start verify ranking function

[xr_1 = -31/23, xr_0 = 0]
ranking function :  - 0.0046 *  x[0]^1.0 + 0.0026 *  x[1]^1.0 + 0.938 * 1

2019-05-03-01-55-38   >>>>   End verify ranking function

verifying time = 6.580 ms


Not Found Ranking Fcuntion

Conterexample is 

[0, -1.3478260869565217]

sampling time = 0.726 ms


       ########################################         

iteration 13 with 162 examples

2019-05-03-01-55-38   >>>>   Start train ranking function

2019-05-03-01-55-38   >>>>   End train ranking function

train_ranking_functioning time = 3.607 ms


2019-05-03-01-55-38   >>>>   Start verify ranking function

[xr_1 = -57/46, xr_0 = 0]
ranking function :  - 0.0046 *  x[0]^1.0 + 0.0021 *  x[1]^1.0 + 0.9373 * 1

2019-05-03-01-55-38   >>>>   End verify ranking function

verifying time = 6.700 ms


Not Found Ranking Fcuntion

Conterexample is 

[0, -1.2391304347826086]

sampling time = 0.807 ms


       ########################################         

iteration 14 with 164 examples

2019-05-03-01-55-38   >>>>   Start train ranking function

2019-05-03-01-55-38   >>>>   End train ranking function

train_ranking_functioning time = 3.951 ms


2019-05-03-01-55-38   >>>>   Start verify ranking function

[xr_1 = -68/45, xr_0 = 0]
ranking function :  - 0.0045 *  x[0]^1.0 + 0.0033 *  x[1]^1.0 + 0.9381 * 1

2019-05-03-01-55-38   >>>>   End verify ranking function

verifying time = 7.276 ms


Not Found Ranking Fcuntion

Conterexample is 

[0, -1.511111111111111]

sampling time = 0.785 ms


       ########################################         

iteration 15 with 166 examples

2019-05-03-01-55-38   >>>>   Start train ranking function

2019-05-03-01-55-38   >>>>   End train ranking function

train_ranking_functioning time = 3.918 ms


2019-05-03-01-55-38   >>>>   Start verify ranking function

[xr_1 = -59/39, xr_0 = 0]
ranking function :  - 0.0039 *  x[0]^1.0 + 0.003 *  x[1]^1.0 + 0.9385 * 1

2019-05-03-01-55-38   >>>>   End verify ranking function

verifying time = 7.197 ms


Not Found Ranking Fcuntion

Conterexample is 

[0, -1.5128205128205128]

sampling time = 0.734 ms


       ########################################         

iteration 16 with 168 examples

2019-05-03-01-55-38   >>>>   Start train ranking function

2019-05-03-01-55-38   >>>>   End train ranking function

train_ranking_functioning time = 3.737 ms


2019-05-03-01-55-38   >>>>   Start verify ranking function

[xr_1 = -14/9, xr_0 = 0]
ranking function :  - 0.0036 *  x[0]^1.0 + 0.003 *  x[1]^1.0 + 0.9387 * 1

2019-05-03-01-55-38   >>>>   End verify ranking function

verifying time = 6.570 ms


Not Found Ranking Fcuntion

Conterexample is 

[0, -1.5555555555555556]

sampling time = 0.736 ms


       ########################################         

iteration 17 with 170 examples

2019-05-03-01-55-38   >>>>   Start train ranking function

2019-05-03-01-55-38   >>>>   End train ranking function

train_ranking_functioning time = 3.803 ms


2019-05-03-01-55-38   >>>>   Start verify ranking function

[xr_1 = -61/34, xr_0 = 0]
ranking function :  - 0.0034 *  x[0]^1.0 + 0.0037 *  x[1]^1.0 + 0.9385 * 1

2019-05-03-01-55-38   >>>>   End verify ranking function

verifying time = 6.613 ms


Not Found Ranking Fcuntion

Conterexample is 

[0, -1.7941176470588236]

sampling time = 0.742 ms


       ########################################         

iteration 18 with 172 examples

2019-05-03-01-55-38   >>>>   Start train ranking function

2019-05-03-01-55-38   >>>>   End train ranking function

train_ranking_functioning time = 3.786 ms


2019-05-03-01-55-38   >>>>   Start verify ranking function

[xr_1 = -53/27, xr_0 = 0]
ranking function :  - 0.0027 *  x[0]^1.0 + 0.0036 *  x[1]^1.0 + 0.9378 * 1

2019-05-03-01-55-38   >>>>   End verify ranking function

verifying time = 6.493 ms


Not Found Ranking Fcuntion

Conterexample is 

[0, -1.962962962962963]

sampling time = 0.732 ms


       ########################################         

iteration 19 with 174 examples

2019-05-03-01-55-38   >>>>   Start train ranking function

2019-05-03-01-55-38   >>>>   End train ranking function

train_ranking_functioning time = 3.768 ms


2019-05-03-01-55-38   >>>>   Start verify ranking function

[xr_1 = 44/25, xr_0 = 0]
ranking function : 0.005 *  x[0]^1.0 + 0.0048 *  x[1]^1.0 + 0.9329 * 1

2019-05-03-01-55-38   >>>>   End verify ranking function

verifying time = 6.542 ms


Not Found Ranking Fcuntion

Conterexample is 

[0, 1.76]

sampling time = 0.725 ms


       ########################################         

iteration 20 with 176 examples

2019-05-03-01-55-38   >>>>   Start train ranking function

2019-05-03-01-55-38   >>>>   End train ranking function

train_ranking_functioning time = 3.839 ms


2019-05-03-01-55-38   >>>>   Start verify ranking function

[xr_1 = -19/9, xr_0 = 0]
ranking function :  - 0.0027 *  x[0]^1.0 + 0.004 *  x[1]^1.0 + 0.9398 * 1

2019-05-03-01-55-38   >>>>   End verify ranking function

verifying time = 6.537 ms


Not Found Ranking Fcuntion

Conterexample is 

[0, -2.111111111111111]

sampling time = 0.731 ms


       ########################################         

iteration 21 with 178 examples

2019-05-03-01-55-38   >>>>   Start train ranking function

2019-05-03-01-55-38   >>>>   End train ranking function

train_ranking_functioning time = 3.843 ms


2019-05-03-01-55-38   >>>>   Start verify ranking function

[xr_1 = 35/27, xr_0 = 0]
ranking function : 0.0135 *  x[0]^1.0 + 0.005 *  x[1]^1.0 + 0.9228 * 1

2019-05-03-01-55-38   >>>>   End verify ranking function

verifying time = 6.522 ms


Not Found Ranking Fcuntion

Conterexample is 

[0, 1.2962962962962963]

sampling time = 0.729 ms


       ########################################         

iteration 22 with 180 examples

2019-05-03-01-55-38   >>>>   Start train ranking function

2019-05-03-01-55-38   >>>>   End train ranking function

train_ranking_functioning time = 3.915 ms


2019-05-03-01-55-38   >>>>   Start verify ranking function

[xr_1 = -5/2, xr_0 = 0]
ranking function :  - 0.0024 *  x[0]^1.0 + 0.0046 *  x[1]^1.0 + 0.9408 * 1

2019-05-03-01-55-38   >>>>   End verify ranking function

verifying time = 6.541 ms


Not Found Ranking Fcuntion

Conterexample is 

[0, -2.5]

sampling time = 0.739 ms


       ########################################         

iteration 23 with 182 examples

2019-05-03-01-55-38   >>>>   Start train ranking function

2019-05-03-01-55-38   >>>>   End train ranking function

train_ranking_functioning time = 3.984 ms


2019-05-03-01-55-38   >>>>   Start verify ranking function

[xr_1 = -53/11, xr_0 = 0]
ranking function :  - 0.0011 *  x[0]^1.0 + 0.0052 *  x[1]^1.0 + 0.9507 * 1

2019-05-03-01-55-38   >>>>   End verify ranking function

verifying time = 6.467 ms


Not Found Ranking Fcuntion

Conterexample is 

[0, -4.818181818181818]

sampling time = 0.734 ms


       ########################################         

iteration 24 with 184 examples

2019-05-03-01-55-38   >>>>   Start train ranking function

2019-05-03-01-55-38   >>>>   End train ranking function

train_ranking_functioning time = 3.811 ms


2019-05-03-01-55-38   >>>>   Start verify ranking function

[xr_1 = 63/10, xr_0 = 0]
ranking function : 0.001 *  x[0]^1.0 + 0.0063 *  x[1]^1.0 + 0.7091 * 1

2019-05-03-01-55-38   >>>>   End verify ranking function

verifying time = 6.498 ms


Not Found Ranking Fcuntion

Conterexample is 

[0, 6.3]

sampling time = 0.736 ms


Failed to prove it is terminated

UNKNOWN
------Using Template 1 -----------
4 [4]
*****************************************************

2019-05-03-01-55-38   >>>>   End sampling point

sampling time = 77.433 ms,


       ########################################         

iteration 0 with 136 examples

2019-05-03-01-55-38   >>>>   Start train ranking function

2019-05-03-01-55-38   >>>>   End train ranking function

train_ranking_functioning time = 5.209 ms


2019-05-03-01-55-38   >>>>   Start verify ranking function

[xr_0 = 29, xr_1 = 1/8]
ranking function :  - 0.1491 *  x[0]^1.0 *  x[1]^-1.0 + 0.021 *  x[0]^1.0 *  x[1]^3.0 + 0.0724 *  x[0]^-0.5 *  x[1]^-3.0 - 0.0039 *  x[0]^1.0 *  x[1]^1.0

2019-05-03-01-55-38   >>>>   End verify ranking function

verifying time = 16.704 ms


Not Found Ranking Fcuntion

Conterexample is 

[29, 0.125]

sampling time = 1.146 ms


       ########################################         

iteration 1 with 138 examples

2019-05-03-01-55-38   >>>>   Start train ranking function

2019-05-03-01-55-38   >>>>   End train ranking function

train_ranking_functioning time = 5.344 ms


2019-05-03-01-55-38   >>>>   Start verify ranking function

[xr_0 = 26, xr_1 = 1/8]
ranking function :  - 0.1489 *  x[0]^1.0 *  x[1]^-1.0 - 0.0028 *  x[0]^1.0 *  x[1]^3.0 + 0.0654 *  x[0]^-0.5 *  x[1]^-3.0 - 0.0094 *  x[0]^1.0 *  x[1]^1.0

2019-05-03-01-55-39   >>>>   End verify ranking function

verifying time = 16.602 ms


Not Found Ranking Fcuntion

Conterexample is 

[26, 0.125]

sampling time = 1.274 ms


       ########################################         

iteration 2 with 140 examples

2019-05-03-01-55-39   >>>>   Start train ranking function

2019-05-03-01-55-39   >>>>   End train ranking function

train_ranking_functioning time = 5.831 ms


2019-05-03-01-55-39   >>>>   Start verify ranking function

[xr_0 = 34, xr_1 = 1/8]
ranking function :  - 0.1499 *  x[0]^1.0 *  x[1]^-1.0 - 0.007 *  x[0]^1.0 *  x[1]^3.0 + 0.0861 *  x[0]^-0.5 *  x[1]^-3.0 + 0.0023 *  x[0]^1.0 *  x[1]^1.0

2019-05-03-01-55-39   >>>>   End verify ranking function

verifying time = 17.652 ms


Not Found Ranking Fcuntion

Conterexample is 

[34, 0.125]

sampling time = 1.204 ms


       ########################################         

iteration 3 with 142 examples

2019-05-03-01-55-39   >>>>   Start train ranking function

2019-05-03-01-55-39   >>>>   End train ranking function

train_ranking_functioning time = 5.659 ms


2019-05-03-01-55-39   >>>>   Start verify ranking function

[xr_0 = 27, xr_1 = 1/8]
ranking function :  - 0.1422 *  x[0]^1.0 *  x[1]^-1.0 - 0.0046 *  x[0]^1.0 *  x[1]^3.0 + 0.0652 *  x[0]^-0.5 *  x[1]^-3.0 - 0.0232 *  x[0]^1.0 *  x[1]^1.0

2019-05-03-01-55-39   >>>>   End verify ranking function

verifying time = 16.766 ms


Not Found Ranking Fcuntion

Conterexample is 

[27, 0.125]

sampling time = 1.088 ms


       ########################################         

iteration 4 with 144 examples

2019-05-03-01-55-39   >>>>   Start train ranking function

2019-05-03-01-55-39   >>>>   End train ranking function

train_ranking_functioning time = 5.384 ms


2019-05-03-01-55-39   >>>>   Start verify ranking function

[xr_0 = 25, xr_1 = 1/8]
ranking function :  - 0.1632 *  x[0]^1.0 *  x[1]^-1.0 - 0.0011 *  x[0]^1.0 *  x[1]^3.0 + 0.0698 *  x[0]^-0.5 *  x[1]^-3.0 - 0.0098 *  x[0]^1.0 *  x[1]^1.0

2019-05-03-01-55-39   >>>>   End verify ranking function

verifying time = 16.641 ms


Not Found Ranking Fcuntion

Conterexample is 

[25, 0.125]

sampling time = 1.179 ms


       ########################################         

iteration 5 with 146 examples

2019-05-03-01-55-39   >>>>   Start train ranking function

2019-05-03-01-55-39   >>>>   End train ranking function

train_ranking_functioning time = 5.597 ms


2019-05-03-01-55-39   >>>>   Start verify ranking function

[xr_0 = 28, xr_1 = 1/8]
ranking function :  - 0.1317 *  x[0]^1.0 *  x[1]^-1.0 - 0.0031 *  x[0]^1.0 *  x[1]^3.0 + 0.0627 *  x[0]^-0.5 *  x[1]^-3.0 - 0.0153 *  x[0]^1.0 *  x[1]^1.0

2019-05-03-01-55-39   >>>>   End verify ranking function

verifying time = 17.680 ms


Not Found Ranking Fcuntion

Conterexample is 

[28, 0.125]

sampling time = 1.068 ms


       ########################################         

iteration 6 with 148 examples

2019-05-03-01-55-39   >>>>   Start train ranking function

2019-05-03-01-55-39   >>>>   End train ranking function

train_ranking_functioning time = 5.644 ms


2019-05-03-01-55-39   >>>>   Start verify ranking function

[xr_0 = 31, xr_1 = 1/8]
ranking function :  - 0.1279 *  x[0]^1.0 *  x[1]^-1.0 - 0.0062 *  x[0]^1.0 *  x[1]^3.0 + 0.0685 *  x[0]^-0.5 *  x[1]^-3.0 - 0.0198 *  x[0]^1.0 *  x[1]^1.0

2019-05-03-01-55-39   >>>>   End verify ranking function

verifying time = 16.552 ms


Not Found Ranking Fcuntion

Conterexample is 

[31, 0.125]

sampling time = 1.194 ms


       ########################################         

iteration 7 with 150 examples

2019-05-03-01-55-39   >>>>   Start train ranking function

2019-05-03-01-55-39   >>>>   End train ranking function

train_ranking_functioning time = 5.739 ms


2019-05-03-01-55-39   >>>>   Start verify ranking function

[xr_0 = 36, xr_1 = 1/8]
ranking function :  - 0.1152 *  x[0]^1.0 *  x[1]^-1.0 - 0.0115 *  x[0]^1.0 *  x[1]^3.0 + 0.0724 *  x[0]^-0.5 *  x[1]^-3.0 - 0.0276 *  x[0]^1.0 *  x[1]^1.0

2019-05-03-01-55-39   >>>>   End verify ranking function

verifying time = 16.487 ms


Not Found Ranking Fcuntion

Conterexample is 

[36, 0.125]

sampling time = 1.119 ms


       ########################################         

iteration 8 with 152 examples

2019-05-03-01-55-39   >>>>   Start train ranking function

2019-05-03-01-55-39   >>>>   End train ranking function

train_ranking_functioning time = 5.774 ms


2019-05-03-01-55-39   >>>>   Start verify ranking function

[xr_0 = 37, xr_1 = 1/8]
ranking function :  - 0.1113 *  x[0]^1.0 *  x[1]^-1.0 + 0.0041 *  x[0]^1.0 *  x[1]^3.0 + 0.0718 *  x[0]^-0.5 *  x[1]^-3.0 - 0.026 *  x[0]^1.0 *  x[1]^1.0

2019-05-03-01-55-39   >>>>   End verify ranking function

verifying time = 44.347 ms


Not Found Ranking Fcuntion

Conterexample is 

[37, 0.125]

sampling time = 1.134 ms


       ########################################         

iteration 9 with 154 examples

2019-05-03-01-55-39   >>>>   Start train ranking function

2019-05-03-01-55-39   >>>>   End train ranking function

train_ranking_functioning time = 5.717 ms


2019-05-03-01-55-39   >>>>   Start verify ranking function

[xr_0 = 29, xr_1 = 1/8]
ranking function :  - 0.1188 *  x[0]^1.0 *  x[1]^-1.0 - 0.0022 *  x[0]^1.0 *  x[1]^3.0 + 0.06 *  x[0]^-0.5 *  x[1]^-3.0 - 0.0397 *  x[0]^1.0 *  x[1]^1.0

2019-05-03-01-55-39   >>>>   End verify ranking function

verifying time = 16.879 ms


Not Found Ranking Fcuntion

Conterexample is 

[29, 0.125]

sampling time = 1.090 ms


       ########################################         

iteration 10 with 156 examples

2019-05-03-01-55-39   >>>>   Start train ranking function

2019-05-03-01-55-39   >>>>   End train ranking function

train_ranking_functioning time = 5.875 ms


2019-05-03-01-55-39   >>>>   Start verify ranking function

[xr_0 = 37, xr_1 = 1/8]
ranking function :  - 0.0986 *  x[0]^1.0 *  x[1]^-1.0 - 0.0041 *  x[0]^1.0 *  x[1]^3.0 + 0.0658 *  x[0]^-0.5 *  x[1]^-3.0 - 0.0482 *  x[0]^1.0 *  x[1]^1.0

2019-05-03-01-55-39   >>>>   End verify ranking function

verifying time = 16.794 ms


Not Found Ranking Fcuntion

Conterexample is 

[37, 0.125]

sampling time = 1.076 ms


       ########################################         

iteration 11 with 158 examples

2019-05-03-01-55-39   >>>>   Start train ranking function

2019-05-03-01-55-39   >>>>   End train ranking function

train_ranking_functioning time = 5.946 ms


2019-05-03-01-55-39   >>>>   Start verify ranking function

[xr_0 = 35, xr_1 = 1/8]
ranking function :  - 0.0891 *  x[0]^1.0 *  x[1]^-1.0 + 0.009 *  x[0]^1.0 *  x[1]^3.0 + 0.055 *  x[0]^-0.5 *  x[1]^-3.0 - 0.0361 *  x[0]^1.0 *  x[1]^1.0

2019-05-03-01-55-39   >>>>   End verify ranking function

verifying time = 27.028 ms


Not Found Ranking Fcuntion

Conterexample is 

[35, 0.125]

sampling time = 1.065 ms


       ########################################         

iteration 12 with 160 examples

2019-05-03-01-55-39   >>>>   Start train ranking function

2019-05-03-01-55-39   >>>>   End train ranking function

train_ranking_functioning time = 5.942 ms


2019-05-03-01-55-39   >>>>   Start verify ranking function

[xr_0 = 33, xr_1 = 1/8]
ranking function :  - 0.0957 *  x[0]^1.0 *  x[1]^-1.0 - 0.0039 *  x[0]^1.0 *  x[1]^3.0 + 0.0563 *  x[0]^-0.5 *  x[1]^-3.0 - 0.0464 *  x[0]^1.0 *  x[1]^1.0

2019-05-03-01-55-39   >>>>   End verify ranking function

verifying time = 16.402 ms


Not Found Ranking Fcuntion

Conterexample is 

[33, 0.125]

sampling time = 1.127 ms


       ########################################         

iteration 13 with 162 examples

2019-05-03-01-55-39   >>>>   Start train ranking function

2019-05-03-01-55-39   >>>>   End train ranking function

train_ranking_functioning time = 6.017 ms


2019-05-03-01-55-39   >>>>   Start verify ranking function

[xr_0 = 37, xr_1 = 1/8]
ranking function :  - 0.092 *  x[0]^1.0 *  x[1]^-1.0 + 0.0021 *  x[0]^1.0 *  x[1]^3.0 + 0.0625 *  x[0]^-0.5 *  x[1]^-3.0 - 0.0521 *  x[0]^1.0 *  x[1]^1.0

2019-05-03-01-55-39   >>>>   End verify ranking function

verifying time = 16.350 ms


Not Found Ranking Fcuntion

Conterexample is 

[37, 0.125]

sampling time = 1.086 ms


       ########################################         

iteration 14 with 164 examples

2019-05-03-01-55-39   >>>>   Start train ranking function

2019-05-03-01-55-39   >>>>   End train ranking function

train_ranking_functioning time = 6.537 ms


2019-05-03-01-55-39   >>>>   Start verify ranking function

[xr_0 = 32, xr_1 = 1/8]
ranking function :  - 0.0948 *  x[0]^1.0 *  x[1]^-1.0 - 0.0028 *  x[0]^1.0 *  x[1]^3.0 + 0.0552 *  x[0]^-0.5 *  x[1]^-3.0 - 0.0461 *  x[0]^1.0 *  x[1]^1.0

2019-05-03-01-55-39   >>>>   End verify ranking function

verifying time = 17.339 ms


Not Found Ranking Fcuntion

Conterexample is 

[32, 0.125]

sampling time = 1.200 ms


       ########################################         

iteration 15 with 166 examples

2019-05-03-01-55-39   >>>>   Start train ranking function

2019-05-03-01-55-39   >>>>   End train ranking function

train_ranking_functioning time = 6.576 ms


2019-05-03-01-55-39   >>>>   Start verify ranking function

[xr_0 = 37, xr_1 = 1/8]
ranking function :  - 0.0927 *  x[0]^1.0 *  x[1]^-1.0 + 0.0017 *  x[0]^1.0 *  x[1]^3.0 + 0.0627 *  x[0]^-0.5 *  x[1]^-3.0 - 0.0552 *  x[0]^1.0 *  x[1]^1.0

2019-05-03-01-55-39   >>>>   End verify ranking function

verifying time = 135.765 ms


Not Found Ranking Fcuntion

Conterexample is 

[37, 0.125]

sampling time = 1.118 ms


       ########################################         

iteration 16 with 168 examples

2019-05-03-01-55-39   >>>>   Start train ranking function

2019-05-03-01-55-39   >>>>   End train ranking function

train_ranking_functioning time = 6.218 ms


2019-05-03-01-55-39   >>>>   Start verify ranking function

[xr_0 = 35, xr_1 = 1/8]
ranking function :  - 0.0884 *  x[0]^1.0 *  x[1]^-1.0 + 0.0094 *  x[0]^1.0 *  x[1]^3.0 + 0.0567 *  x[0]^-0.5 *  x[1]^-3.0 - 0.0603 *  x[0]^1.0 *  x[1]^1.0

2019-05-03-01-55-39   >>>>   End verify ranking function

verifying time = 28.535 ms


Not Found Ranking Fcuntion

Conterexample is 

[35, 0.125]

sampling time = 1.085 ms


       ########################################         

iteration 17 with 170 examples

2019-05-03-01-55-39   >>>>   Start train ranking function

2019-05-03-01-55-39   >>>>   End train ranking function

train_ranking_functioning time = 6.072 ms


2019-05-03-01-55-39   >>>>   Start verify ranking function

[xr_0 = 36, xr_1 = 1/8]
ranking function :  - 0.0852 *  x[0]^1.0 *  x[1]^-1.0 - 0.0008 *  x[0]^1.0 *  x[1]^3.0 + 0.0556 *  x[0]^-0.5 *  x[1]^-3.0 - 0.0525 *  x[0]^1.0 *  x[1]^1.0

2019-05-03-01-55-39   >>>>   End verify ranking function

verifying time = 16.364 ms


Not Found Ranking Fcuntion

Conterexample is 

[36, 0.125]

sampling time = 1.100 ms


       ########################################         

iteration 18 with 172 examples

2019-05-03-01-55-39   >>>>   Start train ranking function

2019-05-03-01-55-39   >>>>   End train ranking function

train_ranking_functioning time = 6.364 ms


2019-05-03-01-55-39   >>>>   Start verify ranking function

[xr_0 = 35, xr_1 = 1/8]
ranking function :  - 0.081 *  x[0]^1.0 *  x[1]^-1.0 + 0.0137 *  x[0]^1.0 *  x[1]^3.0 + 0.0518 *  x[0]^-0.5 *  x[1]^-3.0 - 0.056 *  x[0]^1.0 *  x[1]^1.0

2019-05-03-01-55-39   >>>>   End verify ranking function

verifying time = 16.431 ms


Not Found Ranking Fcuntion

Conterexample is 

[35, 0.125]

sampling time = 1.109 ms


       ########################################         

iteration 19 with 174 examples

2019-05-03-01-55-39   >>>>   Start train ranking function

2019-05-03-01-55-39   >>>>   End train ranking function

train_ranking_functioning time = 6.336 ms


2019-05-03-01-55-39   >>>>   Start verify ranking function

[xr_0 = 39, xr_1 = 1/8]
ranking function :  - 0.081 *  x[0]^1.0 *  x[1]^-1.0 - 0.0024 *  x[0]^1.0 *  x[1]^3.0 + 0.0572 *  x[0]^-0.5 *  x[1]^-3.0 - 0.0451 *  x[0]^1.0 *  x[1]^1.0

2019-05-03-01-55-39   >>>>   End verify ranking function

verifying time = 28.295 ms


Not Found Ranking Fcuntion

Conterexample is 

[39, 0.125]

sampling time = 1.084 ms


       ########################################         

iteration 20 with 176 examples

2019-05-03-01-55-39   >>>>   Start train ranking function

2019-05-03-01-55-39   >>>>   End train ranking function

train_ranking_functioning time = 6.428 ms


2019-05-03-01-55-39   >>>>   Start verify ranking function

[xr_0 = 34, xr_1 = 1/8]
ranking function :  - 0.0845 *  x[0]^1.0 *  x[1]^-1.0 + 0.003 *  x[0]^1.0 *  x[1]^3.0 + 0.0524 *  x[0]^-0.5 *  x[1]^-3.0 - 0.0444 *  x[0]^1.0 *  x[1]^1.0

2019-05-03-01-55-39   >>>>   End verify ranking function

verifying time = 16.851 ms


Not Found Ranking Fcuntion

Conterexample is 

[34, 0.125]

sampling time = 1.090 ms


       ########################################         

iteration 21 with 178 examples

2019-05-03-01-55-39   >>>>   Start train ranking function

2019-05-03-01-55-39   >>>>   End train ranking function

train_ranking_functioning time = 6.379 ms


2019-05-03-01-55-39   >>>>   Start verify ranking function

[xr_0 = 34, xr_1 = 1/8]
ranking function :  - 0.087 *  x[0]^1.0 *  x[1]^-1.0 + 0.0047 *  x[0]^1.0 *  x[1]^3.0 + 0.0547 *  x[0]^-0.5 *  x[1]^-3.0 - 0.0613 *  x[0]^1.0 *  x[1]^1.0

2019-05-03-01-55-39   >>>>   End verify ranking function

verifying time = 190.161 ms


Not Found Ranking Fcuntion

Conterexample is 

[34, 0.125]

sampling time = 1.097 ms


       ########################################         

iteration 22 with 180 examples

2019-05-03-01-55-39   >>>>   Start train ranking function

2019-05-03-01-55-39   >>>>   End train ranking function

train_ranking_functioning time = 6.740 ms


2019-05-03-01-55-39   >>>>   Start verify ranking function

[xr_0 = 35, xr_1 = 1/8]
ranking function :  - 0.0767 *  x[0]^1.0 *  x[1]^-1.0 + 0.0065 *  x[0]^1.0 *  x[1]^3.0 + 0.0489 *  x[0]^-0.5 *  x[1]^-3.0 - 0.061 *  x[0]^1.0 *  x[1]^1.0

2019-05-03-01-55-39   >>>>   End verify ranking function

verifying time = 16.973 ms


Not Found Ranking Fcuntion

Conterexample is 

[35, 0.125]

sampling time = 1.089 ms


       ########################################         

iteration 23 with 182 examples

2019-05-03-01-55-39   >>>>   Start train ranking function

2019-05-03-01-55-39   >>>>   End train ranking function

train_ranking_functioning time = 6.656 ms


2019-05-03-01-55-39   >>>>   Start verify ranking function

[xr_0 = 44, xr_1 = 1/8]
ranking function :  - 0.0735 *  x[0]^1.0 *  x[1]^-1.0 + 0.0009 *  x[0]^1.0 *  x[1]^3.0 + 0.0599 *  x[0]^-0.5 *  x[1]^-3.0 - 0.052 *  x[0]^1.0 *  x[1]^1.0

2019-05-03-01-55-39   >>>>   End verify ranking function

verifying time = 52.361 ms


Not Found Ranking Fcuntion

Conterexample is 

[44, 0.125]

sampling time = 1.074 ms


       ########################################         

iteration 24 with 184 examples

2019-05-03-01-55-39   >>>>   Start train ranking function

2019-05-03-01-55-39   >>>>   End train ranking function

train_ranking_functioning time = 6.672 ms


2019-05-03-01-55-39   >>>>   Start verify ranking function

[xr_0 = 37, xr_1 = 1/8]
ranking function :  - 0.0677 *  x[0]^1.0 *  x[1]^-1.0 - 0.008 *  x[0]^1.0 *  x[1]^3.0 + 0.0476 *  x[0]^-0.5 *  x[1]^-3.0 - 0.0637 *  x[0]^1.0 *  x[1]^1.0

2019-05-03-01-55-39   >>>>   End verify ranking function

verifying time = 25.602 ms


Not Found Ranking Fcuntion

Conterexample is 

[37, 0.125]

sampling time = 1.070 ms


Failed to prove it is terminated

UNKNOWN
------Using Template 2 -----------
9 [3, 3, 3]
*****************************************************

2019-05-03-01-55-40   >>>>   End sampling point

sampling time = 149.554 ms,


       ########################################         

iteration 0 with 272 examples

2019-05-03-01-55-40   >>>>   Start train ranking function

2019-05-03-01-55-40   >>>>   End train ranking function

train_ranking_functioning time = 1.477 ms


2019-05-03-01-55-40   >>>>   Start verify ranking function

[xr_1 = 1973/4, xr_0 = 0]
ranking function : 0.002 *  x[0]^1.0 + 0.9855 *  x[1]^1.0 + 0.6608 * 1; 0.9813 *  x[0]^1.0 + 0.3334 *  x[1]^1.0 + 0.9461 * 1; 0.3274 *  x[0]^1.0 + 0.0176 *  x[1]^1.0 + 0.9635 * 1

2019-05-03-01-55-40   >>>>   End verify ranking function

verifying time = 6.811 ms


Not Found Ranking Fcuntion

Conterexample is 

[0, 493.25]

sampling time = 2.044 ms


       ########################################         

iteration 1 with 276 examples

2019-05-03-01-55-40   >>>>   Start train ranking function

2019-05-03-01-55-40   >>>>   End train ranking function

train_ranking_functioning time = 5.868 ms


2019-05-03-01-55-40   >>>>   Start verify ranking function

[xr_1 = 9846, xr_0 = 0]
ranking function : 0.0001 *  x[0]^1.0 + 0.9855 *  x[1]^1.0 + 0.662 * 1; 0.9816 *  x[0]^1.0 + 0.334 *  x[1]^1.0 + 0.9461 * 1; 0.328 *  x[0]^1.0 + 0.0176 *  x[1]^1.0 + 0.9635 * 1

2019-05-03-01-55-40   >>>>   End verify ranking function

verifying time = 7.174 ms


Not Found Ranking Fcuntion

Conterexample is 

[0, 9846]

sampling time = 2.097 ms


       ########################################         

iteration 2 with 280 examples

2019-05-03-01-55-40   >>>>   Start train ranking function

2019-05-03-01-55-40   >>>>   End train ranking function

train_ranking_functioning time = 5.576 ms


2019-05-03-01-55-40   >>>>   Start verify ranking function

[xr_1 = -9992/39, xr_0 = 0]
ranking function : 0.9855 *  x[1]^1.0 + 0.6622 * 1; 0.9816 *  x[0]^1.0 + 0.3341 *  x[1]^1.0 + 0.9461 * 1; 0.3281 *  x[0]^1.0 + 0.0176 *  x[1]^1.0 + 0.9635 * 1

2019-05-03-01-55-40   >>>>   End verify ranking function

verifying time = 9.905 ms


Not Found Ranking Fcuntion

Conterexample is 

[0, -256.20512820512823]

sampling time = 2.152 ms


       ########################################         

iteration 3 with 284 examples

2019-05-03-01-55-40   >>>>   Start train ranking function

2019-05-03-01-55-40   >>>>   End train ranking function

train_ranking_functioning time = 6.386 ms


2019-05-03-01-55-40   >>>>   Start verify ranking function

[xr_1 = -1989, xr_0 = 0]
ranking function : 0.9855 *  x[1]^1.0 + 0.6634 * 1; 0.985 *  x[0]^1.0 + 0.3316 *  x[1]^1.0 + 0.9631 * 1; 0.3318 *  x[0]^1.0 - 0.0001 *  x[1]^1.0 + 0.9631 * 1

2019-05-03-01-55-40   >>>>   End verify ranking function

verifying time = 9.160 ms


Not Found Ranking Fcuntion

Conterexample is 

[0, -1989]

sampling time = 2.068 ms


       ########################################         

iteration 4 with 288 examples

2019-05-03-01-55-40   >>>>   Start train ranking function

2019-05-03-01-55-40   >>>>   End train ranking function

train_ranking_functioning time = 6.734 ms


2019-05-03-01-55-40   >>>>   Start verify ranking function

[xr_1 = -9942, xr_0 = 0]
ranking function : 0.9855 *  x[1]^1.0 + 0.6634 * 1; 0.9854 *  x[0]^1.0 + 0.3317 *  x[1]^1.0 + 0.9631 * 1; 0.3318 *  x[0]^1.0 - 0.0001 *  x[1]^1.0 + 0.963 * 1

2019-05-03-01-55-40   >>>>   End verify ranking function

verifying time = 9.304 ms


Not Found Ranking Fcuntion

Conterexample is 

[0, -9942]

sampling time = 2.049 ms


       ########################################         

iteration 5 with 292 examples

2019-05-03-01-55-40   >>>>   Start train ranking function

2019-05-03-01-55-40   >>>>   End train ranking function

train_ranking_functioning time = 6.865 ms


2019-05-03-01-55-40   >>>>   Start verify ranking function

valid ranking function
ranking function : 0.9855 *  x[1]^1.0 + 0.6634 * 1; 0.9855 *  x[0]^1.0 + 0.3317 *  x[1]^1.0 + 0.963 * 1; 0.3317 *  x[0]^1.0 + 0.963 * 1

2019-05-03-01-55-40   >>>>   End verify ranking function

verifying time = 11.550 ms


Found Ranking Fcuntion: 0.9855 *  x[1]^1.0 + 0.6634 * 1; 0.9855 *  x[0]^1.0 + 0.3317 *  x[1]^1.0 + 0.963 * 1; 0.3317 *  x[0]^1.0 + 0.963 * 1

0.9855 *  x[1]^1.0 + 0.6634 * 1; 0.9855 *  x[0]^1.0 + 0.3317 *  x[1]^1.0 + 0.963 * 1; 0.3317 *  x[0]^1.0 + 0.963 * 1
FINITE
Time For ../Program_non/156.bpl Is ---> 1974.545000 ms

