------Using Template 0 -----------
3 [3]
*****************************************************

2019-05-03-01-55-40   >>>>   End sampling point

sampling time = 29.146 ms,


       ########################################         

iteration 0 with 64 examples

2019-05-03-01-55-40   >>>>   Start train ranking function

2019-05-03-01-55-40   >>>>   End train ranking function

train_ranking_functioning time = 0.767 ms


2019-05-03-01-55-40   >>>>   Start verify ranking function

[xr_1 = -2496, xr_0 = 6232512]
ranking function : 0.1998 *  x[0]^1.0 + 0.1001 *  x[1]^1.0 + 0.8846 * 1

2019-05-03-01-55-40   >>>>   End verify ranking function

verifying time = 11.968 ms


Not Found Ranking Fcuntion

Conterexample is 

[6232512, -2496]

sampling time = 0.749 ms


       ########################################         

iteration 1 with 66 examples

2019-05-03-01-55-40   >>>>   Start train ranking function

2019-05-03-01-55-40   >>>>   End train ranking function

train_ranking_functioning time = 1.709 ms


2019-05-03-01-55-40   >>>>   Start verify ranking function

[xr_1 = 9986, xr_0 = 99710210]
ranking function : 0.1999 *  x[0]^1.0 + 0.0999 *  x[1]^1.0 + 0.8846 * 1

2019-05-03-01-55-40   >>>>   End verify ranking function

verifying time = 12.104 ms


Not Found Ranking Fcuntion

Conterexample is 

[99710210, 9986]

sampling time = 0.725 ms


       ########################################         

iteration 2 with 68 examples

2019-05-03-01-55-40   >>>>   Start train ranking function

2019-05-03-01-55-40   >>>>   End train ranking function

train_ranking_functioning time = 1.747 ms


2019-05-03-01-55-40   >>>>   Start verify ranking function

[xr_1 = 9986, xr_0 = 99710210]
ranking function : 0.1999 *  x[0]^1.0 + 0.0999 *  x[1]^1.0 + 0.8846 * 1

2019-05-03-01-55-41   >>>>   End verify ranking function

verifying time = 12.618 ms


Not Found Ranking Fcuntion

Conterexample is 

[99710210, 9986]

sampling time = 0.784 ms


       ########################################         

iteration 3 with 70 examples

2019-05-03-01-55-41   >>>>   Start train ranking function

2019-05-03-01-55-41   >>>>   End train ranking function

train_ranking_functioning time = 1.869 ms


2019-05-03-01-55-41   >>>>   Start verify ranking function

[xr_1 = 9986, xr_0 = 99710210]
ranking function : 0.1999 *  x[0]^1.0 + 0.0999 *  x[1]^1.0 + 0.8846 * 1

2019-05-03-01-55-41   >>>>   End verify ranking function

verifying time = 12.260 ms


Not Found Ranking Fcuntion

Conterexample is 

[99710210, 9986]

sampling time = 0.725 ms


       ########################################         

iteration 4 with 72 examples

2019-05-03-01-55-41   >>>>   Start train ranking function

2019-05-03-01-55-41   >>>>   End train ranking function

train_ranking_functioning time = 1.753 ms


2019-05-03-01-55-41   >>>>   Start verify ranking function

[xr_1 = 9986, xr_0 = 99710210]
ranking function : 0.1999 *  x[0]^1.0 + 0.0999 *  x[1]^1.0 + 0.8846 * 1

2019-05-03-01-55-41   >>>>   End verify ranking function

verifying time = 12.377 ms


Not Found Ranking Fcuntion

Conterexample is 

[99710210, 9986]

sampling time = 0.770 ms


       ########################################         

iteration 5 with 74 examples

2019-05-03-01-55-41   >>>>   Start train ranking function

2019-05-03-01-55-41   >>>>   End train ranking function

train_ranking_functioning time = 1.760 ms


2019-05-03-01-55-41   >>>>   Start verify ranking function

[xr_1 = 9986, xr_0 = 99710210]
ranking function : 0.1999 *  x[0]^1.0 + 0.0999 *  x[1]^1.0 + 0.8846 * 1

2019-05-03-01-55-41   >>>>   End verify ranking function

verifying time = 11.945 ms


Not Found Ranking Fcuntion

Conterexample is 

[99710210, 9986]

sampling time = 0.786 ms


       ########################################         

iteration 6 with 76 examples

2019-05-03-01-55-41   >>>>   Start train ranking function

5
2019-05-03-01-55-41   >>>>   End train ranking function

train_ranking_functioning time = 1.813 ms


2019-05-03-01-55-41   >>>>   Start verify ranking function

[xr_1 = 9986, xr_0 = 99710210]
ranking function : 0.1999 *  x[0]^1.0 + 0.0999 *  x[1]^1.0 + 0.8846 * 1

2019-05-03-01-55-41   >>>>   End verify ranking function

verifying time = 11.809 ms


Not Found Ranking Fcuntion

Conterexample is 

[99710210, 9986]

sampling time = 0.801 ms


       ########################################         

iteration 7 with 78 examples

2019-05-03-01-55-41   >>>>   Start train ranking function

2019-05-03-01-55-41   >>>>   End train ranking function

train_ranking_functioning time = 1.767 ms


2019-05-03-01-55-41   >>>>   Start verify ranking function

[xr_1 = 0, xr_0 = 0]
ranking function : 1.0 * 1

2019-05-03-01-55-41   >>>>   End verify ranking function

verifying time = 6.766 ms


Not Found Ranking Fcuntion

Conterexample is 

[0, 0]

sampling time = 0.722 ms


       ########################################         

iteration 8 with 80 examples

2019-05-03-01-55-41   >>>>   Start train ranking function

2019-05-03-01-55-41   >>>>   End train ranking function

train_ranking_functioning time = 2.056 ms


2019-05-03-01-55-41   >>>>   Start verify ranking function

[xr_1 = 0, xr_0 = 0]
ranking function : 1.0 * 1

2019-05-03-01-55-41   >>>>   End verify ranking function

verifying time = 6.704 ms


Not Found Ranking Fcuntion

Conterexample is 

[0, 0]

sampling time = 0.734 ms


       ########################################         

iteration 9 with 82 examples

2019-05-03-01-55-41   >>>>   Start train ranking function

2019-05-03-01-55-41   >>>>   End train ranking function

train_ranking_functioning time = 1.977 ms


2019-05-03-01-55-41   >>>>   Start verify ranking function

[xr_1 = 0, xr_0 = 0]
ranking function : 1.0 * 1

2019-05-03-01-55-41   >>>>   End verify ranking function

verifying time = 6.745 ms


Not Found Ranking Fcuntion

Conterexample is 

[0, 0]

sampling time = 0.727 ms


       ########################################         

iteration 10 with 84 examples

2019-05-03-01-55-41   >>>>   Start train ranking function

2019-05-03-01-55-41   >>>>   End train ranking function

train_ranking_functioning time = 1.935 ms


2019-05-03-01-55-41   >>>>   Start verify ranking function

[xr_1 = 0, xr_0 = 0]
ranking function : 1.0 * 1

2019-05-03-01-55-41   >>>>   End verify ranking function

verifying time = 6.630 ms


Not Found Ranking Fcuntion

Conterexample is 

[0, 0]

sampling time = 0.737 ms


       ########################################         

iteration 11 with 86 examples

2019-05-03-01-55-41   >>>>   Start train ranking function

2019-05-03-01-55-41   >>>>   End train ranking function

train_ranking_functioning time = 1.888 ms


2019-05-03-01-55-41   >>>>   Start verify ranking function

[xr_1 = 0, xr_0 = 0]
ranking function : 1.0 * 1

2019-05-03-01-55-41   >>>>   End verify ranking function

verifying time = 6.632 ms


Not Found Ranking Fcuntion

Conterexample is 

[0, 0]

sampling time = 0.723 ms


       ########################################         

iteration 12 with 88 examples

2019-05-03-01-55-41   >>>>   Start train ranking function

5
2019-05-03-01-55-41   >>>>   End train ranking function

train_ranking_functioning time = 2.047 ms


2019-05-03-01-55-41   >>>>   Start verify ranking function

[xr_1 = 0, xr_0 = 0]
ranking function : 1.0 * 1

2019-05-03-01-55-41   >>>>   End verify ranking function

verifying time = 6.627 ms


Not Found Ranking Fcuntion

Conterexample is 

[0, 0]

sampling time = 0.767 ms


       ########################################         

iteration 13 with 90 examples

2019-05-03-01-55-41   >>>>   Start train ranking function

2019-05-03-01-55-41   >>>>   End train ranking function

train_ranking_functioning time = 1.960 ms


2019-05-03-01-55-41   >>>>   Start verify ranking function

valid ranking function
ranking function : 0.2 *  x[0]^1.0 + 0.1 *  x[1]^1.0 + 0.9 * 1

2019-05-03-01-55-41   >>>>   End verify ranking function

verifying time = 6.622 ms


Found Ranking Fcuntion: 0.2 *  x[0]^1.0 + 0.1 *  x[1]^1.0 + 0.9 * 1

0.2 *  x[0]^1.0 + 0.1 *  x[1]^1.0 + 0.9 * 1
FINATE
Time For ../Program_non/157.bpl Is ---> 438.393000 ms

