------Using Template 0 -----------
4 [4]
*****************************************************

2019-05-03-02-00-56   >>>>   End sampling point

sampling time = 97.282 ms,


       ########################################         

iteration 0 with 184 examples

2019-05-03-02-00-56   >>>>   Start train ranking function

2019-05-03-02-00-56   >>>>   End train ranking function

train_ranking_functioning time = 0.845 ms


2019-05-03-02-00-56   >>>>   Start verify ranking function

[xr_0 = 281, xr_1 = -280, xr_2 = 1/8]
ranking function : 0.9817 *  x[0]^1.0 + 0.9852 *  x[1]^1.0 - 0.0118 *  x[2]^1.0 + 0.8285 * 1

2019-05-03-02-00-56   >>>>   End verify ranking function

verifying time = 16.932 ms


Not Found Ranking Fcuntion

Conterexample is 

[281, -280, 0.125]

sampling time = 1.025 ms


       ########################################         

iteration 1 with 186 examples

2019-05-03-02-00-56   >>>>   Start train ranking function

2019-05-03-02-00-56   >>>>   End train ranking function

train_ranking_functioning time = 3.873 ms


2019-05-03-02-00-56   >>>>   Start verify ranking function

[xr_0 = 9824, xr_1 = -9823, xr_2 = 1/8]
ranking function : 0.9844 *  x[0]^1.0 + 0.9845 *  x[1]^1.0 - 0.0108 *  x[2]^1.0 + 0.8256 * 1

2019-05-03-02-00-56   >>>>   End verify ranking function

verifying time = 16.403 ms


Not Found Ranking Fcuntion

Conterexample is 

[9824, -9823, 0.125]

sampling time = 1.023 ms


       ########################################         

iteration 2 with 188 examples

2019-05-03-02-00-56   >>>>   Start train ranking function

2019-05-03-02-00-56   >>>>   End train ranking function

train_ranking_functioning time = 3.864 ms


2019-05-03-02-00-56   >>>>   Start verify ranking function

[xr_0 = 9824, xr_1 = -9823, xr_2 = 1/8]
ranking function : 0.9844 *  x[0]^1.0 + 0.9845 *  x[1]^1.0 - 0.0108 *  x[2]^1.0 + 0.8256 * 1

2019-05-03-02-00-56   >>>>   End verify ranking function

verifying time = 16.135 ms


Not Found Ranking Fcuntion

Conterexample is 

[9824, -9823, 0.125]

sampling time = 1.041 ms


       ########################################         

iteration 3 with 190 examples

2019-05-03-02-00-56   >>>>   Start train ranking function

2019-05-03-02-00-56   >>>>   End train ranking function

train_ranking_functioning time = 3.907 ms


2019-05-03-02-00-56   >>>>   Start verify ranking function

[xr_0 = 9824, xr_1 = -9823, xr_2 = 1/8]
ranking function : 0.9844 *  x[0]^1.0 + 0.9845 *  x[1]^1.0 - 0.0109 *  x[2]^1.0 + 0.8256 * 1

2019-05-03-02-00-56   >>>>   End verify ranking function

verifying time = 16.471 ms


Not Found Ranking Fcuntion

Conterexample is 

[9824, -9823, 0.125]

sampling time = 1.028 ms


       ########################################         

iteration 4 with 192 examples

2019-05-03-02-00-56   >>>>   Start train ranking function

2019-05-03-02-00-56   >>>>   End train ranking function

train_ranking_functioning time = 4.074 ms


2019-05-03-02-00-56   >>>>   Start verify ranking function

[xr_0 = 9824, xr_1 = -9823, xr_2 = 1/8]
ranking function : 0.9844 *  x[0]^1.0 + 0.9845 *  x[1]^1.0 - 0.0109 *  x[2]^1.0 + 0.8256 * 1

2019-05-03-02-00-56   >>>>   End verify ranking function

verifying time = 16.528 ms


Not Found Ranking Fcuntion

Conterexample is 

[9824, -9823, 0.125]

sampling time = 1.073 ms


       ########################################         

iteration 5 with 194 examples

2019-05-03-02-00-56   >>>>   Start train ranking function

2019-05-03-02-00-56   >>>>   End train ranking function

train_ranking_functioning time = 4.220 ms


2019-05-03-02-00-56   >>>>   Start verify ranking function

[xr_0 = 9824, xr_1 = -9823, xr_2 = 1/8]
ranking function : 0.9844 *  x[0]^1.0 + 0.9845 *  x[1]^1.0 - 0.0108 *  x[2]^1.0 + 0.8256 * 1

2019-05-03-02-00-56   >>>>   End verify ranking function

verifying time = 16.297 ms


Not Found Ranking Fcuntion

Conterexample is 

[9824, -9823, 0.125]

sampling time = 1.035 ms


       ########################################         

iteration 6 with 196 examples

2019-05-03-02-00-56   >>>>   Start train ranking function

2019-05-03-02-00-56   >>>>   End train ranking function

train_ranking_functioning time = 4.141 ms


2019-05-03-02-00-56   >>>>   Start verify ranking function

[xr_0 = 9824, xr_1 = -9823, xr_2 = 1/8]
ranking function : 0.9844 *  x[0]^1.0 + 0.9845 *  x[1]^1.0 - 0.0109 *  x[2]^1.0 + 0.8256 * 1

2019-05-03-02-00-56   >>>>   End verify ranking function

verifying time = 16.174 ms


Not Found Ranking Fcuntion

Conterexample is 

[9824, -9823, 0.125]

sampling time = 1.036 ms


       ########################################         

iteration 7 with 198 examples

2019-05-03-02-00-56   >>>>   Start train ranking function

2019-05-03-02-00-56   >>>>   End train ranking function

train_ranking_functioning time = 4.217 ms


2019-05-03-02-00-56   >>>>   Start verify ranking function

[xr_0 = 9824, xr_1 = -9823, xr_2 = 1/8]
ranking function : 0.9844 *  x[0]^1.0 + 0.9845 *  x[1]^1.0 - 0.0109 *  x[2]^1.0 + 0.8256 * 1

2019-05-03-02-00-56   >>>>   End verify ranking function

verifying time = 14.581 ms


Not Found Ranking Fcuntion

Conterexample is 

[9824, -9823, 0.125]

sampling time = 1.031 ms


       ########################################         

iteration 8 with 200 examples

2019-05-03-02-00-56   >>>>   Start train ranking function

2019-05-03-02-00-56   >>>>   End train ranking function

train_ranking_functioning time = 4.291 ms


2019-05-03-02-00-56   >>>>   Start verify ranking function

[xr_0 = 9824, xr_1 = -9823, xr_2 = 1/8]
ranking function : 0.9844 *  x[0]^1.0 + 0.9845 *  x[1]^1.0 - 0.0109 *  x[2]^1.0 + 0.8256 * 1

2019-05-03-02-00-56   >>>>   End verify ranking function

verifying time = 14.562 ms


Not Found Ranking Fcuntion

Conterexample is 

[9824, -9823, 0.125]

sampling time = 1.065 ms


       ########################################         

iteration 9 with 202 examples

2019-05-03-02-00-56   >>>>   Start train ranking function

2019-05-03-02-00-56   >>>>   End train ranking function

train_ranking_functioning time = 4.425 ms


2019-05-03-02-00-56   >>>>   Start verify ranking function

[xr_0 = 9824, xr_1 = -9823, xr_2 = 1/8]
ranking function : 0.9844 *  x[0]^1.0 + 0.9845 *  x[1]^1.0 - 0.0109 *  x[2]^1.0 + 0.8256 * 1

2019-05-03-02-00-56   >>>>   End verify ranking function

verifying time = 16.353 ms


Not Found Ranking Fcuntion

Conterexample is 

[9824, -9823, 0.125]

sampling time = 1.074 ms


       ########################################         

iteration 10 with 204 examples

2019-05-03-02-00-56   >>>>   Start train ranking function

2019-05-03-02-00-56   >>>>   End train ranking function

train_ranking_functioning time = 4.287 ms


2019-05-03-02-00-56   >>>>   Start verify ranking function

[xr_0 = 9824, xr_1 = -9823, xr_2 = 1/8]
ranking function : 0.9844 *  x[0]^1.0 + 0.9845 *  x[1]^1.0 - 0.0109 *  x[2]^1.0 + 0.8256 * 1

2019-05-03-02-00-56   >>>>   End verify ranking function

verifying time = 14.850 ms


Not Found Ranking Fcuntion

Conterexample is 

[9824, -9823, 0.125]

sampling time = 1.033 ms


       ########################################         

iteration 11 with 206 examples

2019-05-03-02-00-56   >>>>   Start train ranking function

5
2019-05-03-02-00-56   >>>>   End train ranking function

train_ranking_functioning time = 4.425 ms


2019-05-03-02-00-56   >>>>   Start verify ranking function

[xr_0 = 9824, xr_1 = -9823, xr_2 = 1/8]
ranking function : 0.9844 *  x[0]^1.0 + 0.9845 *  x[1]^1.0 - 0.0109 *  x[2]^1.0 + 0.8256 * 1

2019-05-03-02-00-56   >>>>   End verify ranking function

verifying time = 14.655 ms


Not Found Ranking Fcuntion

Conterexample is 

[9824, -9823, 0.125]

sampling time = 1.032 ms


       ########################################         

iteration 12 with 208 examples

2019-05-03-02-00-56   >>>>   Start train ranking function

2019-05-03-02-00-56   >>>>   End train ranking function

train_ranking_functioning time = 5.416 ms


2019-05-03-02-00-56   >>>>   Start verify ranking function

valid ranking function
ranking function : 1.0 *  x[0]^1.0 + 1.0 *  x[1]^1.0 + 1.0 * 1

2019-05-03-02-00-56   >>>>   End verify ranking function

verifying time = 8.594 ms


Found Ranking Fcuntion: 1.0 *  x[0]^1.0 + 1.0 *  x[1]^1.0 + 1.0 * 1

1.0 *  x[0]^1.0 + 1.0 *  x[1]^1.0 + 1.0 * 1
FINATE
Time For ../Program_non/161.bpl Is ---> 577.380000 ms

