------Using Template 0 -----------
4 [4]
*****************************************************

2019-05-03-02-05-59   >>>>   End sampling point

sampling time = 10.464 ms,


       ########################################         

iteration 0 with 6 examples

2019-05-03-02-05-59   >>>>   Start train ranking function

2019-05-03-02-05-59   >>>>   End train ranking function

train_ranking_functioning time = 0.441 ms


2019-05-03-02-05-59   >>>>   Start verify ranking function

ranking function :  - 0.6467 *  x[0]^1.0 - 0.1302 *  x[1]^1.0 + 0.7456 *  x[2]^1.0 + 0.8781 * 1

2019-05-03-02-06-00   >>>>   End verify ranking function

verifying time = 10.767 ms


Not Found Ranking Fcuntion

Conterexample is 

[3.855729086129581, 1, 1]

sampling time = 1.279 ms


       ########################################         

iteration 1 with 8 examples

2019-05-03-02-06-00   >>>>   Start train ranking function

2019-05-03-02-06-00   >>>>   End train ranking function

train_ranking_functioning time = 0.334 ms


2019-05-03-02-06-00   >>>>   Start verify ranking function

ranking function :  - 0.1235 *  x[0]^1.0 - 0.4464 *  x[1]^1.0 + 0.6849 *  x[2]^1.0 + 0.895 * 1

2019-05-03-02-06-00   >>>>   End verify ranking function

verifying time = 9.201 ms


Not Found Ranking Fcuntion

Conterexample is 

[17.275303643724698, 1, 1]

sampling time = 1.073 ms


       ########################################         

iteration 2 with 10 examples

2019-05-03-02-06-00   >>>>   Start train ranking function

2019-05-03-02-06-00   >>>>   End train ranking function

train_ranking_functioning time = 0.394 ms


2019-05-03-02-06-00   >>>>   Start verify ranking function

valid ranking function
ranking function : 0.0012 *  x[0]^1.0 - 0.5296 *  x[1]^1.0 + 0.5956 *  x[2]^1.0 + 0.8521 * 1

2019-05-03-02-06-00   >>>>   End verify ranking function

verifying time = 7.882 ms


Found Ranking Fcuntion: 0.0012 *  x[0]^1.0 - 0.5296 *  x[1]^1.0 + 0.5956 *  x[2]^1.0 + 0.8521 * 1

0.0012 *  x[0]^1.0 - 0.5296 *  x[1]^1.0 + 0.5956 *  x[2]^1.0 + 0.8521 * 1
FINITE
Time For ../Program_non/164.bpl Is ---> 223.667000 ms

