------Using Template 0 -----------
3 [3]
*****************************************************

2019-05-03-02-50-15   >>>>   End sampling point

sampling time = 56.046 ms,


       ########################################         

iteration 0 with 136 examples

2019-05-03-02-50-15   >>>>   Start train ranking function

2019-05-03-02-50-15   >>>>   End train ranking function

train_ranking_functioning time = 2.546 ms


2019-05-03-02-50-15   >>>>   Start verify ranking function

ranking function : 0.8 *  x[1]^1.0 + 4.7 * 1

2019-05-03-02-50-15   >>>>   End verify ranking function

verifying time = 8.178 ms


Not Found Ranking Fcuntion

Conterexample is 

[0, -6]

sampling time = 0.768 ms


       ########################################         

iteration 1 with 138 examples

2019-05-03-02-50-15   >>>>   Start train ranking function

2019-05-03-02-50-15   >>>>   End train ranking function

train_ranking_functioning time = 2.380 ms


2019-05-03-02-50-15   >>>>   Start verify ranking function

ranking function : 0.8 *  x[1]^1.0 + 4.8 * 1

2019-05-03-02-50-15   >>>>   End verify ranking function

verifying time = 8.175 ms


Not Found Ranking Fcuntion

Conterexample is 

[0, -7]

sampling time = 0.753 ms


       ########################################         

iteration 2 with 140 examples

2019-05-03-02-50-15   >>>>   Start train ranking function

2019-05-03-02-50-15   >>>>   End train ranking function

train_ranking_functioning time = 3.267 ms


2019-05-03-02-50-15   >>>>   Start verify ranking function

ranking function : 0.8 *  x[1]^1.0 + 4.8 * 1

2019-05-03-02-50-15   >>>>   End verify ranking function

verifying time = 8.173 ms


Not Found Ranking Fcuntion

Conterexample is 

[0, -7]

sampling time = 0.805 ms


       ########################################         

iteration 3 with 142 examples

2019-05-03-02-50-15   >>>>   Start train ranking function

2019-05-03-02-50-15   >>>>   End train ranking function

train_ranking_functioning time = 2.613 ms


2019-05-03-02-50-15   >>>>   Start verify ranking function

ranking function : 0.7 *  x[1]^1.0 + 5.1 * 1

2019-05-03-02-50-15   >>>>   End verify ranking function

verifying time = 8.027 ms


Not Found Ranking Fcuntion

Conterexample is 

[0, -8]

sampling time = 0.778 ms


       ########################################         

iteration 4 with 144 examples

2019-05-03-02-50-15   >>>>   Start train ranking function

2019-05-03-02-50-15   >>>>   End train ranking function

train_ranking_functioning time = 3.324 ms


2019-05-03-02-50-15   >>>>   Start verify ranking function

ranking function : 0.7 *  x[1]^1.0 + 5.3 * 1

2019-05-03-02-50-15   >>>>   End verify ranking function

verifying time = 8.028 ms


Not Found Ranking Fcuntion

Conterexample is 

[0, -8]

sampling time = 0.768 ms


       ########################################         

iteration 5 with 146 examples

2019-05-03-02-50-15   >>>>   Start train ranking function

2019-05-03-02-50-15   >>>>   End train ranking function

train_ranking_functioning time = 3.400 ms


2019-05-03-02-50-15   >>>>   Start verify ranking function

ranking function : 0.7 *  x[1]^1.0 + 5.5 * 1

2019-05-03-02-50-15   >>>>   End verify ranking function

verifying time = 8.074 ms


Not Found Ranking Fcuntion

Conterexample is 

[0, -8]

sampling time = 0.789 ms


       ########################################         

iteration 6 with 148 examples

2019-05-03-02-50-15   >>>>   Start train ranking function

2019-05-03-02-50-15   >>>>   End train ranking function

train_ranking_functioning time = 3.434 ms


2019-05-03-02-50-15   >>>>   Start verify ranking function

ranking function : 0.7 *  x[1]^1.0 + 5.6 * 1

2019-05-03-02-50-15   >>>>   End verify ranking function

verifying time = 7.806 ms


Not Found Ranking Fcuntion

Conterexample is 

[0, -9]

sampling time = 0.714 ms


       ########################################         

iteration 7 with 150 examples

2019-05-03-02-50-15   >>>>   Start train ranking function

2019-05-03-02-50-15   >>>>   End train ranking function

train_ranking_functioning time = 3.334 ms


2019-05-03-02-50-15   >>>>   Start verify ranking function

ranking function : 0.7 *  x[1]^1.0 + 5.7 * 1

2019-05-03-02-50-15   >>>>   End verify ranking function

verifying time = 7.868 ms


Not Found Ranking Fcuntion

Conterexample is 

[0, -9]

sampling time = 0.856 ms


       ########################################         

iteration 8 with 152 examples

2019-05-03-02-50-15   >>>>   Start train ranking function

2019-05-03-02-50-15   >>>>   End train ranking function

train_ranking_functioning time = 3.359 ms


2019-05-03-02-50-15   >>>>   Start verify ranking function

ranking function : 0.6 *  x[1]^1.0 + 5.8 * 1

2019-05-03-02-50-15   >>>>   End verify ranking function

verifying time = 7.753 ms


Not Found Ranking Fcuntion

Conterexample is 

[0, -10]

sampling time = 0.724 ms


       ########################################         

iteration 9 with 154 examples

2019-05-03-02-50-15   >>>>   Start train ranking function

2019-05-03-02-50-15   >>>>   End train ranking function

train_ranking_functioning time = 3.463 ms


2019-05-03-02-50-15   >>>>   Start verify ranking function

ranking function : 0.6 *  x[1]^1.0 + 5.9 * 1

2019-05-03-02-50-15   >>>>   End verify ranking function

verifying time = 7.699 ms


Not Found Ranking Fcuntion

Conterexample is 

[0, -10]

sampling time = 0.727 ms


       ########################################         

iteration 10 with 156 examples

2019-05-03-02-50-15   >>>>   Start train ranking function

2019-05-03-02-50-15   >>>>   End train ranking function

train_ranking_functioning time = 3.458 ms


2019-05-03-02-50-15   >>>>   Start verify ranking function

ranking function : 0.6 *  x[1]^1.0 + 6.0 * 1

2019-05-03-02-50-15   >>>>   End verify ranking function

verifying time = 7.632 ms


Not Found Ranking Fcuntion

Conterexample is 

[0, -11]

sampling time = 0.725 ms


       ########################################         

iteration 11 with 158 examples

2019-05-03-02-50-15   >>>>   Start train ranking function

2019-05-03-02-50-15   >>>>   End train ranking function

train_ranking_functioning time = 3.542 ms


2019-05-03-02-50-15   >>>>   Start verify ranking function

ranking function : 0.6 *  x[1]^1.0 + 6.0 * 1

2019-05-03-02-50-15   >>>>   End verify ranking function

verifying time = 7.605 ms


Not Found Ranking Fcuntion

Conterexample is 

[0, -11]

sampling time = 0.725 ms


       ########################################         

iteration 12 with 160 examples

2019-05-03-02-50-15   >>>>   Start train ranking function

2019-05-03-02-50-15   >>>>   End train ranking function

train_ranking_functioning time = 3.512 ms


2019-05-03-02-50-15   >>>>   Start verify ranking function

ranking function : 0.6 *  x[1]^1.0 + 6.1 * 1

2019-05-03-02-50-15   >>>>   End verify ranking function

verifying time = 7.711 ms


Not Found Ranking Fcuntion

Conterexample is 

[0, -11]

sampling time = 0.722 ms


       ########################################         

iteration 13 with 162 examples

2019-05-03-02-50-15   >>>>   Start train ranking function

2019-05-03-02-50-15   >>>>   End train ranking function

train_ranking_functioning time = 3.567 ms


2019-05-03-02-50-15   >>>>   Start verify ranking function

ranking function : 0.5 *  x[1]^1.0 + 6.1 * 1

2019-05-03-02-50-15   >>>>   End verify ranking function

verifying time = 7.601 ms


Not Found Ranking Fcuntion

Conterexample is 

[0, -13]

sampling time = 0.741 ms


       ########################################         

iteration 14 with 164 examples

2019-05-03-02-50-15   >>>>   Start train ranking function

2019-05-03-02-50-15   >>>>   End train ranking function

train_ranking_functioning time = 3.631 ms


2019-05-03-02-50-15   >>>>   Start verify ranking function

ranking function : 0.5 *  x[1]^1.0 + 6.0 * 1

2019-05-03-02-50-15   >>>>   End verify ranking function

verifying time = 7.568 ms


Not Found Ranking Fcuntion

Conterexample is 

[0, -13]

sampling time = 0.722 ms


       ########################################         

iteration 15 with 166 examples

2019-05-03-02-50-15   >>>>   Start train ranking function

2019-05-03-02-50-15   >>>>   End train ranking function

train_ranking_functioning time = 3.856 ms


2019-05-03-02-50-15   >>>>   Start verify ranking function

ranking function : 0.5 *  x[1]^1.0 + 6.0 * 1

2019-05-03-02-50-15   >>>>   End verify ranking function

verifying time = 8.139 ms


Not Found Ranking Fcuntion

Conterexample is 

[0, -13]

sampling time = 0.734 ms


       ########################################         

iteration 16 with 168 examples

2019-05-03-02-50-15   >>>>   Start train ranking function

2019-05-03-02-50-16   >>>>   End train ranking function

train_ranking_functioning time = 4.131 ms


2019-05-03-02-50-16   >>>>   Start verify ranking function

ranking function : 0.5 *  x[1]^1.0 + 6.1 * 1

2019-05-03-02-50-16   >>>>   End verify ranking function

verifying time = 8.906 ms


Not Found Ranking Fcuntion

Conterexample is 

[0, -13]

sampling time = 0.771 ms


       ########################################         

iteration 17 with 170 examples

2019-05-03-02-50-16   >>>>   Start train ranking function

2019-05-03-02-50-16   >>>>   End train ranking function

train_ranking_functioning time = 3.926 ms


2019-05-03-02-50-16   >>>>   Start verify ranking function

ranking function : 0.5 *  x[1]^1.0 + 6.1 * 1

2019-05-03-02-50-16   >>>>   End verify ranking function

verifying time = 7.992 ms


Not Found Ranking Fcuntion

Conterexample is 

[0, -13]

sampling time = 0.731 ms


       ########################################         

iteration 18 with 172 examples

2019-05-03-02-50-16   >>>>   Start train ranking function

2019-05-03-02-50-16   >>>>   End train ranking function

train_ranking_functioning time = 3.864 ms


2019-05-03-02-50-16   >>>>   Start verify ranking function

ranking function : 0.4 *  x[1]^1.0 + 6.2 * 1

2019-05-03-02-50-16   >>>>   End verify ranking function

verifying time = 7.735 ms


Not Found Ranking Fcuntion

Conterexample is 

[0, -16]

sampling time = 0.737 ms


       ########################################         

iteration 19 with 174 examples

2019-05-03-02-50-16   >>>>   Start train ranking function

2019-05-03-02-50-16   >>>>   End train ranking function

train_ranking_functioning time = 3.885 ms


2019-05-03-02-50-16   >>>>   Start verify ranking function

ranking function : 0.4 *  x[1]^1.0 + 6.0 * 1

2019-05-03-02-50-16   >>>>   End verify ranking function

verifying time = 7.618 ms


Not Found Ranking Fcuntion

Conterexample is 

[0, -16]

sampling time = 0.731 ms


       ########################################         

iteration 20 with 176 examples

2019-05-03-02-50-16   >>>>   Start train ranking function

2019-05-03-02-50-16   >>>>   End train ranking function

train_ranking_functioning time = 3.852 ms


2019-05-03-02-50-16   >>>>   Start verify ranking function

ranking function : 0.4 *  x[1]^1.0 + 5.9 * 1

2019-05-03-02-50-16   >>>>   End verify ranking function

verifying time = 7.624 ms


Not Found Ranking Fcuntion

Conterexample is 

[0, -15]

sampling time = 0.725 ms


       ########################################         

iteration 21 with 178 examples

2019-05-03-02-50-16   >>>>   Start train ranking function

2019-05-03-02-50-16   >>>>   End train ranking function

train_ranking_functioning time = 3.875 ms


2019-05-03-02-50-16   >>>>   Start verify ranking function

ranking function : 0.4 *  x[1]^1.0 + 5.9 * 1

2019-05-03-02-50-16   >>>>   End verify ranking function

verifying time = 7.689 ms


Not Found Ranking Fcuntion

Conterexample is 

[0, -15]

sampling time = 0.732 ms


       ########################################         

iteration 22 with 180 examples

2019-05-03-02-50-16   >>>>   Start train ranking function

2019-05-03-02-50-16   >>>>   End train ranking function

train_ranking_functioning time = 3.908 ms


2019-05-03-02-50-16   >>>>   Start verify ranking function

ranking function : 0.4 *  x[1]^1.0 + 5.9 * 1

2019-05-03-02-50-16   >>>>   End verify ranking function

verifying time = 7.570 ms


Not Found Ranking Fcuntion

Conterexample is 

[0, -15]

sampling time = 0.728 ms


       ########################################         

iteration 23 with 182 examples

2019-05-03-02-50-16   >>>>   Start train ranking function

2019-05-03-02-50-16   >>>>   End train ranking function

train_ranking_functioning time = 3.925 ms


2019-05-03-02-50-16   >>>>   Start verify ranking function

ranking function : 0.4 *  x[1]^1.0 + 6.0 * 1

2019-05-03-02-50-16   >>>>   End verify ranking function

verifying time = 7.663 ms


Not Found Ranking Fcuntion

Conterexample is 

[0, -16]

sampling time = 0.725 ms


       ########################################         

iteration 24 with 184 examples

2019-05-03-02-50-16   >>>>   Start train ranking function

2019-05-03-02-50-16   >>>>   End train ranking function

train_ranking_functioning time = 3.977 ms


2019-05-03-02-50-16   >>>>   Start verify ranking function

ranking function : 0.4 *  x[1]^1.0 + 6.0 * 1

2019-05-03-02-50-16   >>>>   End verify ranking function

verifying time = 7.761 ms


Not Found Ranking Fcuntion

Conterexample is 

[0, -16]

sampling time = 0.756 ms


Failed to prove it is terminated

UNKNOWN
------Using Template 1 -----------
1 [1]
*****************************************************

2019-05-03-02-50-16   >>>>   End sampling point

sampling time = 27.529 ms,


       ########################################         

iteration 0 with 136 examples

2019-05-03-02-50-16   >>>>   Start train ranking function

2019-05-03-02-50-16   >>>>   End train ranking function

train_ranking_functioning time = 3.873 ms


2019-05-03-02-50-16   >>>>   Start verify ranking function

[xi_0 = 0]
ranking function : 

2019-05-03-02-50-16   >>>>   End verify ranking function

verifying time = 6.729 ms


Not Found Ranking Fcuntion

Conterexample is 

[0, 0]

sampling time = 0.347 ms


       ########################################         

iteration 1 with 138 examples

2019-05-03-02-50-16   >>>>   Start train ranking function

2019-05-03-02-50-16   >>>>   End train ranking function

train_ranking_functioning time = 3.965 ms


2019-05-03-02-50-16   >>>>   Start verify ranking function

[xi_0 = 0]
ranking function : 

2019-05-03-02-50-16   >>>>   End verify ranking function

verifying time = 6.753 ms


Not Found Ranking Fcuntion

Conterexample is 

[0, 0]

sampling time = 0.357 ms


       ########################################         

iteration 2 with 140 examples

2019-05-03-02-50-16   >>>>   Start train ranking function

2019-05-03-02-50-16   >>>>   End train ranking function

train_ranking_functioning time = 4.031 ms


2019-05-03-02-50-16   >>>>   Start verify ranking function

[xi_0 = 0]
ranking function : 

2019-05-03-02-50-16   >>>>   End verify ranking function

verifying time = 6.623 ms


Not Found Ranking Fcuntion

Conterexample is 

[0, 0]

sampling time = 0.358 ms


       ########################################         

iteration 3 with 142 examples

2019-05-03-02-50-16   >>>>   Start train ranking function

2019-05-03-02-50-16   >>>>   End train ranking function

train_ranking_functioning time = 3.813 ms


2019-05-03-02-50-16   >>>>   Start verify ranking function

[xi_0 = 0]
ranking function : 

2019-05-03-02-50-16   >>>>   End verify ranking function

verifying time = 6.624 ms


Not Found Ranking Fcuntion

Conterexample is 

[0, 0]

sampling time = 0.354 ms


       ########################################         

iteration 4 with 144 examples

2019-05-03-02-50-16   >>>>   Start train ranking function

2019-05-03-02-50-16   >>>>   End train ranking function

train_ranking_functioning time = 3.905 ms


2019-05-03-02-50-16   >>>>   Start verify ranking function

[xi_0 = 0]
ranking function : 

2019-05-03-02-50-16   >>>>   End verify ranking function

verifying time = 6.726 ms


Not Found Ranking Fcuntion

Conterexample is 

[0, 0]

sampling time = 0.357 ms


       ########################################         

iteration 5 with 146 examples

2019-05-03-02-50-16   >>>>   Start train ranking function

5
2019-05-03-02-50-16   >>>>   End train ranking function

train_ranking_functioning time = 4.054 ms


2019-05-03-02-50-16   >>>>   Start verify ranking function

[xi_0 = 0]
ranking function : 

2019-05-03-02-50-16   >>>>   End verify ranking function

verifying time = 6.912 ms


Not Found Ranking Fcuntion

Conterexample is 

[0, 0]

sampling time = 0.384 ms


       ########################################         

iteration 6 with 148 examples

2019-05-03-02-50-16   >>>>   Start train ranking function

2019-05-03-02-50-16   >>>>   End train ranking function

train_ranking_functioning time = 4.318 ms


2019-05-03-02-50-16   >>>>   Start verify ranking function

[xi_0 = 0]
ranking function : 

2019-05-03-02-50-16   >>>>   End verify ranking function

verifying time = 7.599 ms


Not Found Ranking Fcuntion

Conterexample is 

[0, 0]

sampling time = 0.384 ms


       ########################################         

iteration 7 with 150 examples

2019-05-03-02-50-16   >>>>   Start train ranking function

2019-05-03-02-50-16   >>>>   End train ranking function

train_ranking_functioning time = 4.285 ms


2019-05-03-02-50-16   >>>>   Start verify ranking function

[xi_0 = 0]
ranking function : 

2019-05-03-02-50-16   >>>>   End verify ranking function

verifying time = 6.864 ms


Not Found Ranking Fcuntion

Conterexample is 

[0, 0]

sampling time = 0.358 ms


       ########################################         

iteration 8 with 152 examples

2019-05-03-02-50-16   >>>>   Start train ranking function

2019-05-03-02-50-16   >>>>   End train ranking function

train_ranking_functioning time = 4.224 ms


2019-05-03-02-50-16   >>>>   Start verify ranking function

[xi_0 = 0]
ranking function : 

2019-05-03-02-50-16   >>>>   End verify ranking function

verifying time = 6.765 ms


Not Found Ranking Fcuntion

Conterexample is 

[0, 0]

sampling time = 0.360 ms


       ########################################         

iteration 9 with 154 examples

2019-05-03-02-50-16   >>>>   Start train ranking function

2019-05-03-02-50-16   >>>>   End train ranking function

train_ranking_functioning time = 4.162 ms


2019-05-03-02-50-16   >>>>   Start verify ranking function

[xi_0 = 0]
ranking function : 

2019-05-03-02-50-16   >>>>   End verify ranking function

verifying time = 6.763 ms


Not Found Ranking Fcuntion

Conterexample is 

[0, 0]

sampling time = 0.357 ms


       ########################################         

iteration 10 with 156 examples

2019-05-03-02-50-16   >>>>   Start train ranking function

5
2019-05-03-02-50-16   >>>>   End train ranking function

train_ranking_functioning time = 4.400 ms


2019-05-03-02-50-16   >>>>   Start verify ranking function

[xi_0 = 0]
ranking function : 

2019-05-03-02-50-16   >>>>   End verify ranking function

verifying time = 6.782 ms


Not Found Ranking Fcuntion

Conterexample is 

[0, 0]

sampling time = 0.355 ms


       ########################################         

iteration 11 with 158 examples

2019-05-03-02-50-16   >>>>   Start train ranking function

2019-05-03-02-50-16   >>>>   End train ranking function

train_ranking_functioning time = 4.329 ms


2019-05-03-02-50-16   >>>>   Start verify ranking function

[xi_0 = 1, xi_1 = 1]
ranking function : 0.009 *  x[0]^3.0 *  x[1]^-0.5

2019-05-03-02-50-16   >>>>   End verify ranking function

verifying time = 13.111 ms


Not Found Ranking Fcuntion

Conterexample is 

[1, 1]

sampling time = 0.353 ms


       ########################################         

iteration 12 with 160 examples

2019-05-03-02-50-16   >>>>   Start train ranking function

2019-05-03-02-50-16   >>>>   End train ranking function

train_ranking_functioning time = 4.185 ms


2019-05-03-02-50-16   >>>>   Start verify ranking function

[xi_0 = 1, xi_1 = 0]
ranking function :  - 0.0035 *  x[0]^3.0 *  x[1]^-0.5

2019-05-03-02-50-16   >>>>   End verify ranking function

verifying time = 13.549 ms


Not Found Ranking Fcuntion

Conterexample is 

[1, 0]

sampling time = 0.358 ms


       ########################################         

iteration 13 with 162 examples

2019-05-03-02-50-16   >>>>   Start train ranking function

2019-05-03-02-50-16   >>>>   End train ranking function

train_ranking_functioning time = 4.421 ms


2019-05-03-02-50-16   >>>>   Start verify ranking function

[xi_0 = 1, xi_1 = 1]
ranking function : 0.0096 *  x[0]^3.0 *  x[1]^-0.5

2019-05-03-02-50-16   >>>>   End verify ranking function

verifying time = 13.914 ms


Not Found Ranking Fcuntion

Conterexample is 

[1, 1]

sampling time = 0.356 ms


       ########################################         

iteration 14 with 164 examples

2019-05-03-02-50-16   >>>>   Start train ranking function

2019-05-03-02-50-16   >>>>   End train ranking function

train_ranking_functioning time = 4.448 ms


2019-05-03-02-50-16   >>>>   Start verify ranking function

[xi_0 = 1, xi_1 = 1]
ranking function : 0.017 *  x[0]^3.0 *  x[1]^-0.5

2019-05-03-02-50-16   >>>>   End verify ranking function

verifying time = 12.953 ms


Not Found Ranking Fcuntion

Conterexample is 

[1, 1]

sampling time = 0.360 ms


       ########################################         

iteration 15 with 166 examples

2019-05-03-02-50-16   >>>>   Start train ranking function

2019-05-03-02-50-16   >>>>   End train ranking function

train_ranking_functioning time = 4.373 ms


2019-05-03-02-50-16   >>>>   Start verify ranking function

[xi_0 = 1, xi_1 = 0]
ranking function :  - 0.0035 *  x[0]^3.0 *  x[1]^-0.5

2019-05-03-02-50-16   >>>>   End verify ranking function

verifying time = 13.255 ms


Not Found Ranking Fcuntion

Conterexample is 

[1, 0]

sampling time = 0.351 ms


       ########################################         

iteration 16 with 168 examples

2019-05-03-02-50-16   >>>>   Start train ranking function

2019-05-03-02-50-16   >>>>   End train ranking function

train_ranking_functioning time = 4.603 ms


2019-05-03-02-50-16   >>>>   Start verify ranking function

[xi_0 = 1, xi_1 = 1]
ranking function : 0.0069 *  x[0]^3.0 *  x[1]^-0.5

2019-05-03-02-50-16   >>>>   End verify ranking function

verifying time = 12.991 ms


Not Found Ranking Fcuntion

Conterexample is 

[1, 1]

sampling time = 0.412 ms


       ########################################         

iteration 17 with 170 examples

2019-05-03-02-50-16   >>>>   Start train ranking function

2019-05-03-02-50-16   >>>>   End train ranking function

train_ranking_functioning time = 4.562 ms


2019-05-03-02-50-16   >>>>   Start verify ranking function

[xi_0 = 1, xi_1 = 1]
ranking function : 0.0251 *  x[0]^3.0 *  x[1]^-0.5

2019-05-03-02-50-16   >>>>   End verify ranking function

verifying time = 13.067 ms


Not Found Ranking Fcuntion

Conterexample is 

[1, 1]

sampling time = 0.351 ms


       ########################################         

iteration 18 with 172 examples

2019-05-03-02-50-16   >>>>   Start train ranking function

2019-05-03-02-50-16   >>>>   End train ranking function

train_ranking_functioning time = 4.648 ms


2019-05-03-02-50-16   >>>>   Start verify ranking function

[xi_0 = 1, xi_1 = 0]
ranking function :  - 0.0046 *  x[0]^3.0 *  x[1]^-0.5

2019-05-03-02-50-16   >>>>   End verify ranking function

verifying time = 13.248 ms


Not Found Ranking Fcuntion

Conterexample is 

[1, 0]

sampling time = 0.356 ms


       ########################################         

iteration 19 with 174 examples

2019-05-03-02-50-16   >>>>   Start train ranking function

2019-05-03-02-50-16   >>>>   End train ranking function

train_ranking_functioning time = 4.674 ms


2019-05-03-02-50-16   >>>>   Start verify ranking function

[xi_0 = 1, xi_1 = 1]
ranking function : 0.0224 *  x[0]^3.0 *  x[1]^-0.5

2019-05-03-02-50-16   >>>>   End verify ranking function

verifying time = 12.868 ms


Not Found Ranking Fcuntion

Conterexample is 

[1, 1]

sampling time = 0.421 ms


       ########################################         

iteration 20 with 176 examples

2019-05-03-02-50-16   >>>>   Start train ranking function

2019-05-03-02-50-16   >>>>   End train ranking function

train_ranking_functioning time = 4.681 ms


2019-05-03-02-50-16   >>>>   Start verify ranking function

[xi_0 = 1, xi_1 = 0]
ranking function :  - 0.0111 *  x[0]^3.0 *  x[1]^-0.5

2019-05-03-02-50-16   >>>>   End verify ranking function

verifying time = 13.100 ms


Not Found Ranking Fcuntion

Conterexample is 

[1, 0]

sampling time = 0.494 ms


       ########################################         

iteration 21 with 178 examples

2019-05-03-02-50-16   >>>>   Start train ranking function

2019-05-03-02-50-16   >>>>   End train ranking function

train_ranking_functioning time = 5.101 ms


2019-05-03-02-50-16   >>>>   Start verify ranking function

[xi_0 = 1, xi_1 = 1]
ranking function : 0.0089 *  x[0]^3.0 *  x[1]^-0.5

2019-05-03-02-50-16   >>>>   End verify ranking function

verifying time = 13.670 ms


Not Found Ranking Fcuntion

Conterexample is 

[1, 1]

sampling time = 0.358 ms


       ########################################         

iteration 22 with 180 examples

2019-05-03-02-50-16   >>>>   Start train ranking function

2019-05-03-02-50-16   >>>>   End train ranking function

train_ranking_functioning time = 4.808 ms


2019-05-03-02-50-16   >>>>   Start verify ranking function

[xi_0 = 1, xi_1 = 1]
ranking function : 0.0084 *  x[0]^3.0 *  x[1]^-0.5

2019-05-03-02-50-16   >>>>   End verify ranking function

verifying time = 13.739 ms


Not Found Ranking Fcuntion

Conterexample is 

[1, 1]

sampling time = 0.360 ms


       ########################################         

iteration 23 with 182 examples

2019-05-03-02-50-16   >>>>   Start train ranking function

2019-05-03-02-50-16   >>>>   End train ranking function

train_ranking_functioning time = 5.090 ms


2019-05-03-02-50-16   >>>>   Start verify ranking function

[xi_0 = 1, xi_1 = 1]
ranking function : 0.008 *  x[0]^3.0 *  x[1]^-0.5

2019-05-03-02-50-16   >>>>   End verify ranking function

verifying time = 13.067 ms


Not Found Ranking Fcuntion

Conterexample is 

[1, 1]

sampling time = 0.364 ms


       ########################################         

iteration 24 with 184 examples

2019-05-03-02-50-16   >>>>   Start train ranking function

2019-05-03-02-50-16   >>>>   End train ranking function

train_ranking_functioning time = 5.084 ms


2019-05-03-02-50-16   >>>>   Start verify ranking function

[xi_0 = 1, xi_1 = 1]
ranking function : 0.006 *  x[0]^3.0 *  x[1]^-0.5

2019-05-03-02-50-16   >>>>   End verify ranking function

verifying time = 12.924 ms


Not Found Ranking Fcuntion

Conterexample is 

[1, 1]

sampling time = 0.366 ms


Failed to prove it is terminated

UNKNOWN
------Using Template 2 -----------
9 [3, 3, 3]
*****************************************************

2019-05-03-02-50-16   >>>>   End sampling point

sampling time = 149.665 ms,


       ########################################         

iteration 0 with 272 examples

2019-05-03-02-50-16   >>>>   Start train ranking function

2019-05-03-02-50-16   >>>>   End train ranking function

train_ranking_functioning time = 3.839 ms


2019-05-03-02-50-16   >>>>   Start verify ranking function

valid ranking function
ranking function : 1.0 *  x[1]^1.0 + 0.7 * 1; 1.0 *  x[0]^1.0 + 0.3 *  x[1]^1.0 + 1.0 * 1; 0.3 *  x[0]^1.0 + 1.0 * 1

2019-05-03-02-50-16   >>>>   End verify ranking function

verifying time = 12.879 ms


Found Ranking Fcuntion: 1.0 *  x[1]^1.0 + 0.7 * 1; 1.0 *  x[0]^1.0 + 0.3 *  x[1]^1.0 + 1.0 * 1; 0.3 *  x[0]^1.0 + 1.0 * 1

1.0 *  x[1]^1.0 + 0.7 * 1; 1.0 *  x[0]^1.0 + 0.3 *  x[1]^1.0 + 1.0 * 1; 0.3 *  x[0]^1.0 + 1.0 * 1
FINATE
Time For ../Program_non/2.bpl Is ---> 1156.435000 ms

