------Using Template 0 -----------
3 [3]
*****************************************************

2019-05-03-02-15-14   >>>>   End sampling point

sampling time = 47.611 ms,


       ########################################         

iteration 0 with 122 examples

2019-05-03-02-15-14   >>>>   Start train ranking function

2019-05-03-02-15-14   >>>>   End train ranking function

train_ranking_functioning time = 1.486 ms


2019-05-03-02-15-14   >>>>   Start verify ranking function

[xi_0 = -1, xi_1 = 9]
ranking function :  - 0.1 *  x[0]^1.0 - 0.3 *  x[1]^1.0 + 2.5 * 1

2019-05-03-02-15-14   >>>>   End verify ranking function

verifying time = 7.118 ms


Not Found Ranking Fcuntion

Conterexample is 

[-1, 9]

sampling time = 0.717 ms


       ########################################         

iteration 1 with 124 examples

2019-05-03-02-15-14   >>>>   Start train ranking function

2019-05-03-02-15-14   >>>>   End train ranking function

train_ranking_functioning time = 1.403 ms


2019-05-03-02-15-14   >>>>   Start verify ranking function

[xi_0 = 2, xi_1 = -5]
ranking function :  - 0.1 *  x[0]^1.0 - 0.2 *  x[1]^1.0 + 2.5 * 1

2019-05-03-02-15-14   >>>>   End verify ranking function

verifying time = 7.093 ms


Not Found Ranking Fcuntion

Conterexample is 

[2, -5]

sampling time = 0.701 ms


       ########################################         

iteration 2 with 126 examples

2019-05-03-02-15-14   >>>>   Start train ranking function

2019-05-03-02-15-14   >>>>   End train ranking function

train_ranking_functioning time = 1.397 ms


2019-05-03-02-15-14   >>>>   Start verify ranking function

[xi_0 = -1, xi_1 = 9]
ranking function :  - 0.1 *  x[0]^1.0 - 0.3 *  x[1]^1.0 + 2.5 * 1

2019-05-03-02-15-14   >>>>   End verify ranking function

verifying time = 6.999 ms


Not Found Ranking Fcuntion

Conterexample is 

[-1, 9]

sampling time = 0.690 ms


       ########################################         

iteration 3 with 128 examples

2019-05-03-02-15-14   >>>>   Start train ranking function

2019-05-03-02-15-14   >>>>   End train ranking function

train_ranking_functioning time = 1.494 ms


2019-05-03-02-15-14   >>>>   Start verify ranking function

[xi_0 = 2, xi_1 = -5]
ranking function :  - 0.1 *  x[0]^1.0 - 0.2 *  x[1]^1.0 + 2.6 * 1

2019-05-03-02-15-14   >>>>   End verify ranking function

verifying time = 7.005 ms


Not Found Ranking Fcuntion

Conterexample is 

[2, -5]

sampling time = 0.699 ms


       ########################################         

iteration 4 with 130 examples

2019-05-03-02-15-14   >>>>   Start train ranking function

2019-05-03-02-15-14   >>>>   End train ranking function

train_ranking_functioning time = 1.636 ms


2019-05-03-02-15-14   >>>>   Start verify ranking function

[xi_0 = -1, xi_1 = 9]
ranking function :  - 0.1 *  x[0]^1.0 - 0.3 *  x[1]^1.0 + 2.6 * 1

2019-05-03-02-15-14   >>>>   End verify ranking function

verifying time = 7.228 ms


Not Found Ranking Fcuntion

Conterexample is 

[-1, 9]

sampling time = 0.694 ms


       ########################################         

iteration 5 with 132 examples

2019-05-03-02-15-14   >>>>   Start train ranking function

2019-05-03-02-15-14   >>>>   End train ranking function

train_ranking_functioning time = 1.582 ms


2019-05-03-02-15-14   >>>>   Start verify ranking function

[xi_0 = 2, xi_1 = -5]
ranking function :  - 0.1 *  x[0]^1.0 - 0.2 *  x[1]^1.0 + 2.7 * 1

2019-05-03-02-15-14   >>>>   End verify ranking function

verifying time = 7.155 ms


Not Found Ranking Fcuntion

Conterexample is 

[2, -5]

sampling time = 0.723 ms


       ########################################         

iteration 6 with 134 examples

2019-05-03-02-15-14   >>>>   Start train ranking function

2019-05-03-02-15-14   >>>>   End train ranking function

train_ranking_functioning time = 1.599 ms


2019-05-03-02-15-14   >>>>   Start verify ranking function

[xi_0 = 2, xi_1 = -5]
ranking function :  - 0.1 *  x[0]^1.0 - 0.2 *  x[1]^1.0 + 2.7 * 1

2019-05-03-02-15-14   >>>>   End verify ranking function

verifying time = 7.101 ms


Not Found Ranking Fcuntion

Conterexample is 

[2, -5]

sampling time = 0.692 ms


       ########################################         

iteration 7 with 136 examples

2019-05-03-02-15-14   >>>>   Start train ranking function

2019-05-03-02-15-14   >>>>   End train ranking function

train_ranking_functioning time = 1.667 ms


2019-05-03-02-15-14   >>>>   Start verify ranking function

[xi_0 = -1, xi_1 = 9]
ranking function :  - 0.1 *  x[0]^1.0 - 0.3 *  x[1]^1.0 + 2.7 * 1

2019-05-03-02-15-14   >>>>   End verify ranking function

verifying time = 7.056 ms


Not Found Ranking Fcuntion

Conterexample is 

[-1, 9]

sampling time = 0.695 ms


       ########################################         

iteration 8 with 138 examples

2019-05-03-02-15-14   >>>>   Start train ranking function

2019-05-03-02-15-14   >>>>   End train ranking function

train_ranking_functioning time = 1.706 ms


2019-05-03-02-15-14   >>>>   Start verify ranking function

[xi_0 = -1, xi_1 = 9]
ranking function :  - 0.1 *  x[0]^1.0 - 0.3 *  x[1]^1.0 + 2.8 * 1

2019-05-03-02-15-14   >>>>   End verify ranking function

verifying time = 7.021 ms


Not Found Ranking Fcuntion

Conterexample is 

[-1, 9]

sampling time = 0.703 ms


       ########################################         

iteration 9 with 140 examples

2019-05-03-02-15-14   >>>>   Start train ranking function

2019-05-03-02-15-14   >>>>   End train ranking function

train_ranking_functioning time = 1.782 ms


2019-05-03-02-15-14   >>>>   Start verify ranking function

[xi_0 = -1, xi_1 = 9]
ranking function :  - 0.1 *  x[0]^1.0 - 0.3 *  x[1]^1.0 + 2.9 * 1

2019-05-03-02-15-14   >>>>   End verify ranking function

verifying time = 7.113 ms


Not Found Ranking Fcuntion

Conterexample is 

[-1, 9]

sampling time = 0.702 ms


       ########################################         

iteration 10 with 142 examples

2019-05-03-02-15-14   >>>>   Start train ranking function

2019-05-03-02-15-14   >>>>   End train ranking function

train_ranking_functioning time = 1.866 ms


2019-05-03-02-15-14   >>>>   Start verify ranking function

[xi_0 = -1, xi_1 = 9]
ranking function :  - 0.1 *  x[0]^1.0 - 0.3 *  x[1]^1.0 + 2.9 * 1

2019-05-03-02-15-14   >>>>   End verify ranking function

verifying time = 7.011 ms


Not Found Ranking Fcuntion

Conterexample is 

[-1, 9]

sampling time = 0.705 ms


       ########################################         

iteration 11 with 144 examples

2019-05-03-02-15-14   >>>>   Start train ranking function

2019-05-03-02-15-14   >>>>   End train ranking function

train_ranking_functioning time = 1.902 ms


2019-05-03-02-15-14   >>>>   Start verify ranking function

[xi_0 = -1, xi_1 = 9]
ranking function :  - 0.1 *  x[0]^1.0 - 0.3 *  x[1]^1.0 + 2.9 * 1

2019-05-03-02-15-14   >>>>   End verify ranking function

verifying time = 7.013 ms


Not Found Ranking Fcuntion

Conterexample is 

[-1, 9]

sampling time = 0.701 ms


       ########################################         

iteration 12 with 146 examples

2019-05-03-02-15-14   >>>>   Start train ranking function

2019-05-03-02-15-14   >>>>   End train ranking function

train_ranking_functioning time = 2.039 ms


2019-05-03-02-15-14   >>>>   Start verify ranking function

[xi_0 = -1, xi_1 = 9]
ranking function :  - 0.1 *  x[0]^1.0 - 0.3 *  x[1]^1.0 + 3.0 * 1

2019-05-03-02-15-14   >>>>   End verify ranking function

verifying time = 7.011 ms


Not Found Ranking Fcuntion

Conterexample is 

[-1, 9]

sampling time = 0.701 ms


       ########################################         

iteration 13 with 148 examples

2019-05-03-02-15-14   >>>>   Start train ranking function

2019-05-03-02-15-14   >>>>   End train ranking function

train_ranking_functioning time = 2.088 ms


2019-05-03-02-15-14   >>>>   Start verify ranking function

[xi_0 = -1, xi_1 = 9]
ranking function :  - 0.1 *  x[0]^1.0 - 0.3 *  x[1]^1.0 + 3.0 * 1

2019-05-03-02-15-14   >>>>   End verify ranking function

verifying time = 7.114 ms


Not Found Ranking Fcuntion

Conterexample is 

[-1, 9]

sampling time = 0.710 ms


       ########################################         

iteration 14 with 150 examples

2019-05-03-02-15-14   >>>>   Start train ranking function

2019-05-03-02-15-14   >>>>   End train ranking function

train_ranking_functioning time = 2.328 ms


2019-05-03-02-15-14   >>>>   Start verify ranking function

[xi_0 = -1, xi_1 = 9]
ranking function :  - 0.1 *  x[0]^1.0 - 0.3 *  x[1]^1.0 + 3.1 * 1

2019-05-03-02-15-14   >>>>   End verify ranking function

verifying time = 7.092 ms


Not Found Ranking Fcuntion

Conterexample is 

[-1, 9]

sampling time = 0.798 ms


       ########################################         

iteration 15 with 152 examples

2019-05-03-02-15-14   >>>>   Start train ranking function

2019-05-03-02-15-14   >>>>   End train ranking function

train_ranking_functioning time = 2.547 ms


2019-05-03-02-15-14   >>>>   Start verify ranking function

[xi_0 = -1, xi_1 = 9]
ranking function :  - 0.1 *  x[0]^1.0 - 0.3 *  x[1]^1.0 + 3.1 * 1

2019-05-03-02-15-14   >>>>   End verify ranking function

verifying time = 7.274 ms


Not Found Ranking Fcuntion

Conterexample is 

[-1, 9]

sampling time = 0.708 ms


       ########################################         

iteration 16 with 154 examples

2019-05-03-02-15-14   >>>>   Start train ranking function

2019-05-03-02-15-14   >>>>   End train ranking function

train_ranking_functioning time = 2.359 ms


2019-05-03-02-15-14   >>>>   Start verify ranking function

[xi_0 = -1, xi_1 = 9]
ranking function :  - 0.1 *  x[0]^1.0 - 0.3 *  x[1]^1.0 + 3.1 * 1

2019-05-03-02-15-14   >>>>   End verify ranking function

verifying time = 7.403 ms


Not Found Ranking Fcuntion

Conterexample is 

[-1, 9]

sampling time = 0.704 ms


       ########################################         

iteration 17 with 156 examples

2019-05-03-02-15-14   >>>>   Start train ranking function

2019-05-03-02-15-14   >>>>   End train ranking function

train_ranking_functioning time = 2.447 ms


2019-05-03-02-15-14   >>>>   Start verify ranking function

[xi_0 = -1, xi_1 = 9]
ranking function :  - 0.1 *  x[0]^1.0 - 0.3 *  x[1]^1.0 + 3.1 * 1

2019-05-03-02-15-14   >>>>   End verify ranking function

verifying time = 7.512 ms


Not Found Ranking Fcuntion

Conterexample is 

[-1, 9]

sampling time = 0.705 ms


       ########################################         

iteration 18 with 158 examples

2019-05-03-02-15-14   >>>>   Start train ranking function

2019-05-03-02-15-14   >>>>   End train ranking function

train_ranking_functioning time = 2.564 ms


2019-05-03-02-15-14   >>>>   Start verify ranking function

[xi_0 = -1, xi_1 = 9]
ranking function :  - 0.1 *  x[0]^1.0 - 0.3 *  x[1]^1.0 + 3.1 * 1

2019-05-03-02-15-14   >>>>   End verify ranking function

verifying time = 7.176 ms


Not Found Ranking Fcuntion

Conterexample is 

[-1, 9]

sampling time = 0.702 ms


       ########################################         

iteration 19 with 160 examples

2019-05-03-02-15-14   >>>>   Start train ranking function

5
2019-05-03-02-15-14   >>>>   End train ranking function

train_ranking_functioning time = 2.573 ms


2019-05-03-02-15-14   >>>>   Start verify ranking function

[xi_0 = -1, xi_1 = 9]
ranking function :  - 0.1 *  x[0]^1.0 - 0.3 *  x[1]^1.0 + 3.1 * 1

2019-05-03-02-15-14   >>>>   End verify ranking function

verifying time = 7.068 ms


Not Found Ranking Fcuntion

Conterexample is 

[-1, 9]

sampling time = 0.702 ms


       ########################################         

iteration 20 with 162 examples

2019-05-03-02-15-14   >>>>   Start train ranking function

2019-05-03-02-15-14   >>>>   End train ranking function

train_ranking_functioning time = 2.577 ms


2019-05-03-02-15-14   >>>>   Start verify ranking function

[xi_0 = 1841, xi_1 = -7053]
ranking function :  - 0.1109 *  x[0]^1.0 - 0.2595 *  x[1]^1.0 + 3.1464 * 1

2019-05-03-02-15-14   >>>>   End verify ranking function

verifying time = 7.046 ms


Not Found Ranking Fcuntion

Conterexample is 

[1841, -7053]

sampling time = 0.708 ms


       ########################################         

iteration 21 with 164 examples

2019-05-03-02-15-14   >>>>   Start train ranking function

2019-05-03-02-15-14   >>>>   End train ranking function

train_ranking_functioning time = 2.687 ms


2019-05-03-02-15-14   >>>>   Start verify ranking function

[xi_0 = -1765, xi_1 = 7201]
ranking function :  - 0.1097 *  x[0]^1.0 - 0.2623 *  x[1]^1.0 + 3.1435 * 1

2019-05-03-02-15-14   >>>>   End verify ranking function

verifying time = 7.043 ms


Not Found Ranking Fcuntion

Conterexample is 

[-1765, 7201]

sampling time = 0.702 ms


       ########################################         

iteration 22 with 166 examples

2019-05-03-02-15-14   >>>>   Start train ranking function

2019-05-03-02-15-14   >>>>   End train ranking function

train_ranking_functioning time = 3.265 ms


2019-05-03-02-15-14   >>>>   Start verify ranking function

[xi_0 = -209, xi_1 = 3467]
ranking function :  - 0.0331 *  x[0]^1.0 - 0.1115 *  x[1]^1.0 + 1.7677 * 1

2019-05-03-02-15-14   >>>>   End verify ranking function

verifying time = 7.102 ms


Not Found Ranking Fcuntion

Conterexample is 

[-209, 3467]

sampling time = 0.703 ms


       ########################################         

iteration 23 with 168 examples

2019-05-03-02-15-14   >>>>   Start train ranking function

2019-05-03-02-15-14   >>>>   End train ranking function

train_ranking_functioning time = 3.572 ms


2019-05-03-02-15-14   >>>>   Start verify ranking function

[xi_0 = 496, xi_1 = -1955]
ranking function :  - 0.0303 *  x[0]^1.0 - 0.0716 *  x[1]^1.0 + 1.5563 * 1

2019-05-03-02-15-14   >>>>   End verify ranking function

verifying time = 7.113 ms


Not Found Ranking Fcuntion

Conterexample is 

[496, -1955]

sampling time = 0.713 ms


       ########################################         

iteration 24 with 170 examples

2019-05-03-02-15-14   >>>>   Start train ranking function

2019-05-03-02-15-14   >>>>   End train ranking function

train_ranking_functioning time = 3.774 ms


2019-05-03-02-15-14   >>>>   Start verify ranking function

[xi_0 = -395, xi_1 = 2411]
ranking function :  - 0.0307 *  x[0]^1.0 - 0.0833 *  x[1]^1.0 + 1.5891 * 1

2019-05-03-02-15-14   >>>>   End verify ranking function

verifying time = 7.151 ms


Not Found Ranking Fcuntion

Conterexample is 

[-395, 2411]

sampling time = 0.705 ms


Failed to prove it is terminated

UNKNOWN
------Using Template 1 -----------
1 [1]
*****************************************************

2019-05-03-02-15-14   >>>>   End sampling point

sampling time = 24.551 ms,


       ########################################         

iteration 0 with 122 examples

2019-05-03-02-15-14   >>>>   Start train ranking function

2019-05-03-02-15-14   >>>>   End train ranking function

train_ranking_functioning time = 2.907 ms


2019-05-03-02-15-14   >>>>   Start verify ranking function

[xi_0 = 1, xi_1 = 0]
ranking function : 

2019-05-03-02-15-14   >>>>   End verify ranking function

verifying time = 6.837 ms


Not Found Ranking Fcuntion

Conterexample is 

[1, 0]

sampling time = 0.341 ms


       ########################################         

iteration 1 with 124 examples

2019-05-03-02-15-14   >>>>   Start train ranking function

2019-05-03-02-15-14   >>>>   End train ranking function

train_ranking_functioning time = 2.881 ms


2019-05-03-02-15-14   >>>>   Start verify ranking function

[xi_0 = 1, xi_1 = 0]
ranking function : 

2019-05-03-02-15-14   >>>>   End verify ranking function

verifying time = 6.683 ms


Not Found Ranking Fcuntion

Conterexample is 

[1, 0]

sampling time = 0.335 ms


       ########################################         

iteration 2 with 126 examples

2019-05-03-02-15-14   >>>>   Start train ranking function

2019-05-03-02-15-14   >>>>   End train ranking function

train_ranking_functioning time = 2.891 ms


2019-05-03-02-15-14   >>>>   Start verify ranking function

[xi_0 = 0, xi_1 = 1]
ranking function : 

2019-05-03-02-15-14   >>>>   End verify ranking function

verifying time = 6.505 ms


Not Found Ranking Fcuntion

Conterexample is 

[0, 1]

sampling time = 0.335 ms


       ########################################         

iteration 3 with 128 examples

2019-05-03-02-15-14   >>>>   Start train ranking function

2019-05-03-02-15-14   >>>>   End train ranking function

train_ranking_functioning time = 2.929 ms


2019-05-03-02-15-14   >>>>   Start verify ranking function

[xi_0 = 1, xi_1 = 0]
ranking function : 

2019-05-03-02-15-14   >>>>   End verify ranking function

verifying time = 6.730 ms


Not Found Ranking Fcuntion

Conterexample is 

[1, 0]

sampling time = 0.340 ms


       ########################################         

iteration 4 with 130 examples

2019-05-03-02-15-14   >>>>   Start train ranking function

2019-05-03-02-15-14   >>>>   End train ranking function

train_ranking_functioning time = 3.004 ms


2019-05-03-02-15-14   >>>>   Start verify ranking function

[xi_0 = 0, xi_1 = 1]
ranking function : 

2019-05-03-02-15-14   >>>>   End verify ranking function

verifying time = 7.032 ms


Not Found Ranking Fcuntion

Conterexample is 

[0, 1]

sampling time = 0.329 ms


       ########################################         

iteration 5 with 132 examples

2019-05-03-02-15-14   >>>>   Start train ranking function

5
2019-05-03-02-15-14   >>>>   End train ranking function

train_ranking_functioning time = 3.352 ms


2019-05-03-02-15-14   >>>>   Start verify ranking function

[xi_0 = 0, xi_1 = 1]
ranking function : 

2019-05-03-02-15-14   >>>>   End verify ranking function

verifying time = 6.866 ms


Not Found Ranking Fcuntion

Conterexample is 

[0, 1]

sampling time = 0.340 ms


       ########################################         

iteration 6 with 134 examples

2019-05-03-02-15-14   >>>>   Start train ranking function

2019-05-03-02-15-14   >>>>   End train ranking function

train_ranking_functioning time = 3.405 ms


2019-05-03-02-15-14   >>>>   Start verify ranking function

[xi_0 = 1, xi_1 = 1]
ranking function : 0.0152 *  x[0]^3.0

2019-05-03-02-15-14   >>>>   End verify ranking function

verifying time = 13.132 ms


Not Found Ranking Fcuntion

Conterexample is 

[1, 1]

sampling time = 0.333 ms


       ########################################         

iteration 7 with 136 examples

2019-05-03-02-15-14   >>>>   Start train ranking function

2019-05-03-02-15-14   >>>>   End train ranking function

train_ranking_functioning time = 3.676 ms


2019-05-03-02-15-14   >>>>   Start verify ranking function

[xi_0 = 1, xi_1 = 1]
ranking function : 0.0227 *  x[0]^3.0

2019-05-03-02-15-14   >>>>   End verify ranking function

verifying time = 13.243 ms


Not Found Ranking Fcuntion

Conterexample is 

[1, 1]

sampling time = 0.336 ms


       ########################################         

iteration 8 with 138 examples

2019-05-03-02-15-14   >>>>   Start train ranking function

2019-05-03-02-15-14   >>>>   End train ranking function

train_ranking_functioning time = 3.660 ms


2019-05-03-02-15-14   >>>>   Start verify ranking function

[xi_0 = 1, xi_1 = 1]
ranking function : 0.0074 *  x[0]^3.0

2019-05-03-02-15-15   >>>>   End verify ranking function

verifying time = 12.911 ms


Not Found Ranking Fcuntion

Conterexample is 

[1, 1]

sampling time = 0.420 ms


       ########################################         

iteration 9 with 140 examples

2019-05-03-02-15-15   >>>>   Start train ranking function

2019-05-03-02-15-15   >>>>   End train ranking function

train_ranking_functioning time = 4.083 ms


2019-05-03-02-15-15   >>>>   Start verify ranking function

[xi_0 = 1, xi_1 = -3]
ranking function :  - 0.0022 *  x[0]^3.0

2019-05-03-02-15-15   >>>>   End verify ranking function

verifying time = 13.907 ms


Not Found Ranking Fcuntion

Conterexample is 

[1, -3]

sampling time = 0.346 ms


       ########################################         

iteration 10 with 142 examples

2019-05-03-02-15-15   >>>>   Start train ranking function

2019-05-03-02-15-15   >>>>   End train ranking function

train_ranking_functioning time = 3.810 ms


2019-05-03-02-15-15   >>>>   Start verify ranking function

[xi_0 = 1, xi_1 = 1]
ranking function : 0.0152 *  x[0]^3.0

2019-05-03-02-15-15   >>>>   End verify ranking function

verifying time = 13.078 ms


Not Found Ranking Fcuntion

Conterexample is 

[1, 1]

sampling time = 0.342 ms


       ########################################         

iteration 11 with 144 examples

2019-05-03-02-15-15   >>>>   Start train ranking function

2019-05-03-02-15-15   >>>>   End train ranking function

train_ranking_functioning time = 3.912 ms


2019-05-03-02-15-15   >>>>   Start verify ranking function

[xi_0 = 1, xi_1 = -3]
ranking function :  - 0.0121 *  x[0]^3.0

2019-05-03-02-15-15   >>>>   End verify ranking function

verifying time = 12.891 ms


Not Found Ranking Fcuntion

Conterexample is 

[1, -3]

sampling time = 0.335 ms


       ########################################         

iteration 12 with 146 examples

2019-05-03-02-15-15   >>>>   Start train ranking function

2019-05-03-02-15-15   >>>>   End train ranking function

train_ranking_functioning time = 3.992 ms


2019-05-03-02-15-15   >>>>   Start verify ranking function

[xi_0 = 1, xi_1 = 1]
ranking function : 0.025 *  x[0]^3.0

2019-05-03-02-15-15   >>>>   End verify ranking function

verifying time = 13.027 ms


Not Found Ranking Fcuntion

Conterexample is 

[1, 1]

sampling time = 0.363 ms


       ########################################         

iteration 13 with 148 examples

2019-05-03-02-15-15   >>>>   Start train ranking function

2019-05-03-02-15-15   >>>>   End train ranking function

train_ranking_functioning time = 4.080 ms


2019-05-03-02-15-15   >>>>   Start verify ranking function

[xi_0 = 1, xi_1 = -3]
ranking function :  - 0.0004 *  x[0]^3.0

2019-05-03-02-15-15   >>>>   End verify ranking function

verifying time = 13.056 ms


Not Found Ranking Fcuntion

Conterexample is 

[1, -3]

sampling time = 0.340 ms


       ########################################         

iteration 14 with 150 examples

2019-05-03-02-15-15   >>>>   Start train ranking function

2019-05-03-02-15-15   >>>>   End train ranking function

train_ranking_functioning time = 4.047 ms


2019-05-03-02-15-15   >>>>   Start verify ranking function

[xi_0 = 1, xi_1 = 1]
ranking function : 0.0151 *  x[0]^3.0

2019-05-03-02-15-15   >>>>   End verify ranking function

verifying time = 12.945 ms


Not Found Ranking Fcuntion

Conterexample is 

[1, 1]

sampling time = 0.338 ms


       ########################################         

iteration 15 with 152 examples

2019-05-03-02-15-15   >>>>   Start train ranking function

2019-05-03-02-15-15   >>>>   End train ranking function

train_ranking_functioning time = 4.196 ms


2019-05-03-02-15-15   >>>>   Start verify ranking function

[xi_0 = 1, xi_1 = -3]
ranking function :  - 0.0121 *  x[0]^3.0

2019-05-03-02-15-15   >>>>   End verify ranking function

verifying time = 12.916 ms


Not Found Ranking Fcuntion

Conterexample is 

[1, -3]

sampling time = 0.337 ms


       ########################################         

iteration 16 with 154 examples

2019-05-03-02-15-15   >>>>   Start train ranking function

2019-05-03-02-15-15   >>>>   End train ranking function

train_ranking_functioning time = 4.224 ms


2019-05-03-02-15-15   >>>>   Start verify ranking function

[xi_0 = 1, xi_1 = 1]
ranking function : 0.0248 *  x[0]^3.0

2019-05-03-02-15-15   >>>>   End verify ranking function

verifying time = 12.818 ms


Not Found Ranking Fcuntion

Conterexample is 

[1, 1]

sampling time = 0.340 ms


       ########################################         

iteration 17 with 156 examples

2019-05-03-02-15-15   >>>>   Start train ranking function

2019-05-03-02-15-15   >>>>   End train ranking function

train_ranking_functioning time = 4.298 ms


2019-05-03-02-15-15   >>>>   Start verify ranking function

[xi_0 = 1, xi_1 = 1]
ranking function : 0.0061 *  x[0]^3.0

2019-05-03-02-15-15   >>>>   End verify ranking function

verifying time = 12.921 ms


Not Found Ranking Fcuntion

Conterexample is 

[1, 1]

sampling time = 0.339 ms


       ########################################         

iteration 18 with 158 examples

2019-05-03-02-15-15   >>>>   Start train ranking function

2019-05-03-02-15-15   >>>>   End train ranking function

train_ranking_functioning time = 4.378 ms


2019-05-03-02-15-15   >>>>   Start verify ranking function

[xi_0 = 1, xi_1 = -3]
ranking function :  - 0.005 *  x[0]^3.0

2019-05-03-02-15-15   >>>>   End verify ranking function

verifying time = 13.098 ms


Not Found Ranking Fcuntion

Conterexample is 

[1, -3]

sampling time = 0.454 ms


       ########################################         

iteration 19 with 160 examples

2019-05-03-02-15-15   >>>>   Start train ranking function

2019-05-03-02-15-15   >>>>   End train ranking function

train_ranking_functioning time = 4.804 ms


2019-05-03-02-15-15   >>>>   Start verify ranking function

[xi_0 = 1, xi_1 = 1]
ranking function : 0.0154 *  x[0]^3.0

2019-05-03-02-15-15   >>>>   End verify ranking function

verifying time = 14.088 ms


Not Found Ranking Fcuntion

Conterexample is 

[1, 1]

sampling time = 0.338 ms


       ########################################         

iteration 20 with 162 examples

2019-05-03-02-15-15   >>>>   Start train ranking function

2019-05-03-02-15-15   >>>>   End train ranking function

train_ranking_functioning time = 4.526 ms


2019-05-03-02-15-15   >>>>   Start verify ranking function

[xi_0 = 1, xi_1 = 1]
ranking function : 0.003 *  x[0]^3.0

2019-05-03-02-15-15   >>>>   End verify ranking function

verifying time = 13.274 ms


Not Found Ranking Fcuntion

Conterexample is 

[1, 1]

sampling time = 0.336 ms


       ########################################         

iteration 21 with 164 examples

2019-05-03-02-15-15   >>>>   Start train ranking function

2019-05-03-02-15-15   >>>>   End train ranking function

train_ranking_functioning time = 4.662 ms


2019-05-03-02-15-15   >>>>   Start verify ranking function

[xi_0 = 1, xi_1 = 1]
ranking function : 0.0151 *  x[0]^3.0

2019-05-03-02-15-15   >>>>   End verify ranking function

verifying time = 12.906 ms


Not Found Ranking Fcuntion

Conterexample is 

[1, 1]

sampling time = 0.338 ms


       ########################################         

iteration 22 with 166 examples

2019-05-03-02-15-15   >>>>   Start train ranking function

2019-05-03-02-15-15   >>>>   End train ranking function

train_ranking_functioning time = 4.692 ms


2019-05-03-02-15-15   >>>>   Start verify ranking function

[xi_0 = 1, xi_1 = 1]
ranking function : 0.008 *  x[0]^3.0

2019-05-03-02-15-15   >>>>   End verify ranking function

verifying time = 12.895 ms


Not Found Ranking Fcuntion

Conterexample is 

[1, 1]

sampling time = 0.339 ms


       ########################################         

iteration 23 with 168 examples

2019-05-03-02-15-15   >>>>   Start train ranking function

2019-05-03-02-15-15   >>>>   End train ranking function

train_ranking_functioning time = 4.786 ms


2019-05-03-02-15-15   >>>>   Start verify ranking function

[xi_0 = 1, xi_1 = 1]
ranking function : 0.009 *  x[0]^3.0

2019-05-03-02-15-15   >>>>   End verify ranking function

verifying time = 12.966 ms


Not Found Ranking Fcuntion

Conterexample is 

[1, 1]

sampling time = 0.339 ms


       ########################################         

iteration 24 with 170 examples

2019-05-03-02-15-15   >>>>   Start train ranking function

2019-05-03-02-15-15   >>>>   End train ranking function

train_ranking_functioning time = 4.944 ms


2019-05-03-02-15-15   >>>>   Start verify ranking function

[xi_0 = 1, xi_1 = -3]
ranking function :  - 0.0006 *  x[0]^3.0

2019-05-03-02-15-15   >>>>   End verify ranking function

verifying time = 12.973 ms


Not Found Ranking Fcuntion

Conterexample is 

[1, -3]

sampling time = 0.332 ms


Failed to prove it is terminated

UNKNOWN
------Using Template 2 -----------
9 [3, 3, 3]
*****************************************************

2019-05-03-02-15-15   >>>>   End sampling point

sampling time = 127.757 ms,


       ########################################         

iteration 0 with 244 examples

2019-05-03-02-15-15   >>>>   Start train ranking function

2019-05-03-02-15-15   >>>>   End train ranking function

train_ranking_functioning time = 4.849 ms


2019-05-03-02-15-15   >>>>   Start verify ranking function

[xi_0 = -1, xi_1 = 9]
ranking function :  - 0.2 *  x[0]^1.0 - 0.6 *  x[1]^1.0 + 1.0 * 1;  - 0.2 *  x[0]^1.0 - 0.2 *  x[1]^1.0 + 1.0 * 1;  - 0.1 *  x[0]^1.0 - 0.1 *  x[1]^1.0 + 1.7 * 1

2019-05-03-02-15-15   >>>>   End verify ranking function

verifying time = 7.292 ms


Not Found Ranking Fcuntion

Conterexample is 

[-1, 9]

sampling time = 1.989 ms


       ########################################         

iteration 1 with 248 examples

2019-05-03-02-15-15   >>>>   Start train ranking function

2019-05-03-02-15-15   >>>>   End train ranking function

train_ranking_functioning time = 5.044 ms


2019-05-03-02-15-15   >>>>   Start verify ranking function

[xi_0 = -1, xi_1 = 9]
ranking function :  - 0.2 *  x[0]^1.0 - 0.6 *  x[1]^1.0 + 1.0 * 1;  - 0.2 *  x[0]^1.0 - 0.2 *  x[1]^1.0 + 1.0 * 1;  - 0.1 *  x[0]^1.0 - 0.1 *  x[1]^1.0 + 1.7 * 1

2019-05-03-02-15-15   >>>>   End verify ranking function

verifying time = 7.237 ms


Not Found Ranking Fcuntion

Conterexample is 

[-1, 9]

sampling time = 1.963 ms


       ########################################         

iteration 2 with 252 examples

2019-05-03-02-15-15   >>>>   Start train ranking function

2019-05-03-02-15-15   >>>>   End train ranking function

train_ranking_functioning time = 5.185 ms


2019-05-03-02-15-15   >>>>   Start verify ranking function

[xi_0 = -1, xi_1 = 9]
ranking function :  - 0.2 *  x[0]^1.0 - 0.6 *  x[1]^1.0 + 1.0 * 1;  - 0.2 *  x[0]^1.0 - 0.2 *  x[1]^1.0 + 1.0 * 1;  - 0.1 *  x[0]^1.0 - 0.1 *  x[1]^1.0 + 1.7 * 1

2019-05-03-02-15-15   >>>>   End verify ranking function

verifying time = 7.241 ms


Not Found Ranking Fcuntion

Conterexample is 

[-1, 9]

sampling time = 1.978 ms


       ########################################         

iteration 3 with 256 examples

2019-05-03-02-15-15   >>>>   Start train ranking function

2019-05-03-02-15-15   >>>>   End train ranking function

train_ranking_functioning time = 5.288 ms


2019-05-03-02-15-15   >>>>   Start verify ranking function

[xi_0 = -1, xi_1 = 9]
ranking function :  - 0.2 *  x[0]^1.0 - 0.6 *  x[1]^1.0 + 1.0 * 1;  - 0.2 *  x[0]^1.0 - 0.2 *  x[1]^1.0 + 1.0 * 1;  - 0.1 *  x[0]^1.0 - 0.1 *  x[1]^1.0 + 1.7 * 1

2019-05-03-02-15-15   >>>>   End verify ranking function

verifying time = 7.262 ms


Not Found Ranking Fcuntion

Conterexample is 

[-1, 9]

sampling time = 1.986 ms


       ########################################         

iteration 4 with 260 examples

2019-05-03-02-15-15   >>>>   Start train ranking function

2019-05-03-02-15-15   >>>>   End train ranking function

train_ranking_functioning time = 5.392 ms


2019-05-03-02-15-15   >>>>   Start verify ranking function

[xi_0 = -1, xi_1 = 9]
ranking function :  - 0.2 *  x[0]^1.0 - 0.6 *  x[1]^1.0 + 1.0 * 1;  - 0.2 *  x[0]^1.0 - 0.2 *  x[1]^1.0 + 1.0 * 1;  - 0.1 *  x[0]^1.0 - 0.1 *  x[1]^1.0 + 1.7 * 1

2019-05-03-02-15-15   >>>>   End verify ranking function

verifying time = 7.247 ms


Not Found Ranking Fcuntion

Conterexample is 

[-1, 9]

sampling time = 1.987 ms


       ########################################         

iteration 5 with 264 examples

2019-05-03-02-15-15   >>>>   Start train ranking function

5
2019-05-03-02-15-15   >>>>   End train ranking function

train_ranking_functioning time = 5.421 ms


2019-05-03-02-15-15   >>>>   Start verify ranking function

[xi_0 = -1, xi_1 = 9]
ranking function :  - 0.2 *  x[0]^1.0 - 0.6 *  x[1]^1.0 + 1.0 * 1;  - 0.2 *  x[0]^1.0 - 0.2 *  x[1]^1.0 + 1.0 * 1;  - 0.1 *  x[0]^1.0 - 0.1 *  x[1]^1.0 + 1.7 * 1

2019-05-03-02-15-15   >>>>   End verify ranking function

verifying time = 7.272 ms


Not Found Ranking Fcuntion

Conterexample is 

[-1, 9]

sampling time = 1.977 ms


       ########################################         

iteration 6 with 268 examples

2019-05-03-02-15-15   >>>>   Start train ranking function

2019-05-03-02-15-15   >>>>   End train ranking function

train_ranking_functioning time = 5.632 ms


2019-05-03-02-15-15   >>>>   Start verify ranking function

[xi_0 = 0, xi_1 = 1]
ranking function :  - 1.0 *  x[1]^1.0 + 1.0 * 1; 1.0 * 1; 2.0 * 1

2019-05-03-02-15-15   >>>>   End verify ranking function

verifying time = 7.201 ms


Not Found Ranking Fcuntion

Conterexample is 

[0, 1]

sampling time = 1.986 ms


       ########################################         

iteration 7 with 272 examples

2019-05-03-02-15-15   >>>>   Start train ranking function

2019-05-03-02-15-15   >>>>   End train ranking function

train_ranking_functioning time = 5.892 ms


2019-05-03-02-15-15   >>>>   Start verify ranking function

[xi_0 = 0, xi_1 = 1]
ranking function :  - 1.0 *  x[1]^1.0 + 1.0 * 1; 1.0 * 1; 2.0 * 1

2019-05-03-02-15-15   >>>>   End verify ranking function

verifying time = 8.023 ms


Not Found Ranking Fcuntion

Conterexample is 

[0, 1]

sampling time = 2.123 ms


       ########################################         

iteration 8 with 276 examples

2019-05-03-02-15-15   >>>>   Start train ranking function

2019-05-03-02-15-15   >>>>   End train ranking function

train_ranking_functioning time = 5.688 ms


2019-05-03-02-15-15   >>>>   Start verify ranking function

[xi_0 = 1, xi_1 = 4]
ranking function :  - 1.0 *  x[1]^1.0 + 1.0 * 1; 1.0 * 1; 2.0 * 1

2019-05-03-02-15-15   >>>>   End verify ranking function

verifying time = 7.785 ms


Not Found Ranking Fcuntion

Conterexample is 

[1, 4]

sampling time = 1.996 ms


       ########################################         

iteration 9 with 280 examples

2019-05-03-02-15-15   >>>>   Start train ranking function

2019-05-03-02-15-15   >>>>   End train ranking function

train_ranking_functioning time = 5.236 ms


2019-05-03-02-15-15   >>>>   Start verify ranking function

[xi_0 = 0, xi_1 = 1]
ranking function :  - 1.0 *  x[1]^1.0 + 1.0 * 1; 1.0 * 1; 2.0 * 1

2019-05-03-02-15-15   >>>>   End verify ranking function

verifying time = 7.238 ms


Not Found Ranking Fcuntion

Conterexample is 

[0, 1]

sampling time = 1.994 ms


       ########################################         

iteration 10 with 284 examples

2019-05-03-02-15-15   >>>>   Start train ranking function

2019-05-03-02-15-15   >>>>   End train ranking function

train_ranking_functioning time = 5.369 ms


2019-05-03-02-15-15   >>>>   Start verify ranking function

[xi_0 = 0, xi_1 = 1]
ranking function :  - 1.0 *  x[1]^1.0 + 1.0 * 1; 1.0 * 1; 2.0 * 1

2019-05-03-02-15-15   >>>>   End verify ranking function

verifying time = 7.256 ms


Not Found Ranking Fcuntion

Conterexample is 

[0, 1]

sampling time = 2.009 ms


       ########################################         

iteration 11 with 288 examples

2019-05-03-02-15-15   >>>>   Start train ranking function

5
2019-05-03-02-15-15   >>>>   End train ranking function

train_ranking_functioning time = 5.324 ms


2019-05-03-02-15-15   >>>>   Start verify ranking function

[xi_0 = 0, xi_1 = 1]
ranking function :  - 1.0 *  x[1]^1.0 + 1.0 * 1; 1.0 * 1; 2.0 * 1

2019-05-03-02-15-15   >>>>   End verify ranking function

verifying time = 7.379 ms


Not Found Ranking Fcuntion

Conterexample is 

[0, 1]

sampling time = 2.031 ms


       ########################################         

iteration 12 with 292 examples

2019-05-03-02-15-15   >>>>   Start train ranking function

2019-05-03-02-15-15   >>>>   End train ranking function

train_ranking_functioning time = 5.295 ms


2019-05-03-02-15-15   >>>>   Start verify ranking function

[xi_0 = 188, xi_1 = -691]
ranking function :  - 0.3441 *  x[0]^1.0 - 0.7936 *  x[1]^1.0 + 0.9924 * 1;  - 0.2703 *  x[0]^1.0 - 0.2888 *  x[1]^1.0 + 1.1276 * 1;  - 0.1026 *  x[0]^1.0 - 0.1374 *  x[1]^1.0 + 2.0176 * 1

2019-05-03-02-15-15   >>>>   End verify ranking function

verifying time = 7.377 ms


Not Found Ranking Fcuntion

Conterexample is 

[188, -691]

sampling time = 1.996 ms


       ########################################         

iteration 13 with 296 examples

2019-05-03-02-15-15   >>>>   Start train ranking function

2019-05-03-02-15-15   >>>>   End train ranking function

train_ranking_functioning time = 5.336 ms


2019-05-03-02-15-15   >>>>   Start verify ranking function

[xi_0 = 73, xi_1 = -275]
ranking function :  - 0.3402 *  x[0]^1.0 - 0.7914 *  x[1]^1.0 + 0.9924 * 1;  - 0.2693 *  x[0]^1.0 - 0.2872 *  x[1]^1.0 + 1.1262 * 1;  - 0.1021 *  x[0]^1.0 - 0.1368 *  x[1]^1.0 + 2.0124 * 1

2019-05-03-02-15-15   >>>>   End verify ranking function

verifying time = 7.268 ms


Not Found Ranking Fcuntion

Conterexample is 

[73, -275]

sampling time = 2.003 ms


       ########################################         

iteration 14 with 300 examples

2019-05-03-02-15-15   >>>>   Start train ranking function

2019-05-03-02-15-15   >>>>   End train ranking function

train_ranking_functioning time = 5.605 ms


2019-05-03-02-15-15   >>>>   Start verify ranking function

[xi_0 = 5644, xi_1 = -21481]
ranking function :  - 0.3389 *  x[0]^1.0 - 0.7912 *  x[1]^1.0 + 0.9924 * 1;  - 0.2692 *  x[0]^1.0 - 0.2868 *  x[1]^1.0 + 1.1271 * 1;  - 0.1018 *  x[0]^1.0 - 0.1367 *  x[1]^1.0 + 2.0114 * 1

2019-05-03-02-15-15   >>>>   End verify ranking function

verifying time = 7.353 ms


Not Found Ranking Fcuntion

Conterexample is 

[5644, -21481]

sampling time = 1.998 ms


       ########################################         

iteration 15 with 304 examples

2019-05-03-02-15-15   >>>>   Start train ranking function

2019-05-03-02-15-15   >>>>   End train ranking function

train_ranking_functioning time = 5.911 ms


2019-05-03-02-15-15   >>>>   Start verify ranking function

[xi_0 = 431, xi_1 = -1660]
ranking function :  - 0.3384 *  x[0]^1.0 - 0.7933 *  x[1]^1.0 + 0.9924 * 1;  - 0.2699 *  x[0]^1.0 - 0.2872 *  x[1]^1.0 + 1.1284 * 1;  - 0.102 *  x[0]^1.0 - 0.1367 *  x[1]^1.0 + 2.0131 * 1

2019-05-03-02-15-15   >>>>   End verify ranking function

verifying time = 7.269 ms


Not Found Ranking Fcuntion

Conterexample is 

[431, -1660]

sampling time = 1.985 ms


       ########################################         

iteration 16 with 308 examples

2019-05-03-02-15-15   >>>>   Start train ranking function

2019-05-03-02-15-15   >>>>   End train ranking function

train_ranking_functioning time = 5.501 ms


2019-05-03-02-15-15   >>>>   Start verify ranking function

[xi_0 = 217, xi_1 = -822]
ranking function :  - 0.351 *  x[0]^1.0 - 0.8181 *  x[1]^1.0 + 0.9925 * 1;  - 0.2783 *  x[0]^1.0 - 0.2966 *  x[1]^1.0 + 1.1403 * 1;  - 0.1051 *  x[0]^1.0 - 0.141 *  x[1]^1.0 + 2.0425 * 1

2019-05-03-02-15-15   >>>>   End verify ranking function

verifying time = 7.280 ms


Not Found Ranking Fcuntion

Conterexample is 

[217, -822]

sampling time = 2.000 ms


       ########################################         

iteration 17 with 312 examples

2019-05-03-02-15-15   >>>>   Start train ranking function

2019-05-03-02-15-15   >>>>   End train ranking function

train_ranking_functioning time = 5.548 ms


2019-05-03-02-15-15   >>>>   Start verify ranking function

[xi_0 = 1465, xi_1 = -5554]
ranking function :  - 0.3512 *  x[0]^1.0 - 0.8188 *  x[1]^1.0 + 0.9928 * 1;  - 0.2786 *  x[0]^1.0 - 0.2967 *  x[1]^1.0 + 1.1408 * 1;  - 0.1056 *  x[0]^1.0 - 0.1408 *  x[1]^1.0 + 2.0423 * 1

2019-05-03-02-15-15   >>>>   End verify ranking function

verifying time = 7.272 ms


Not Found Ranking Fcuntion

Conterexample is 

[1465, -5554]

sampling time = 1.983 ms


       ########################################         

iteration 18 with 316 examples

2019-05-03-02-15-15   >>>>   Start train ranking function

2019-05-03-02-15-15   >>>>   End train ranking function

train_ranking_functioning time = 6.001 ms


2019-05-03-02-15-15   >>>>   Start verify ranking function

[xi_0 = 1457, xi_1 = -5560]
ranking function :  - 0.3504 *  x[0]^1.0 - 0.8188 *  x[1]^1.0 + 0.9928 * 1;  - 0.2786 *  x[0]^1.0 - 0.2967 *  x[1]^1.0 + 1.1403 * 1;  - 0.1054 *  x[0]^1.0 - 0.1406 *  x[1]^1.0 + 2.0429 * 1

2019-05-03-02-15-15   >>>>   End verify ranking function

verifying time = 7.243 ms


Not Found Ranking Fcuntion

Conterexample is 

[1457, -5560]

sampling time = 1.979 ms


       ########################################         

iteration 19 with 320 examples

2019-05-03-02-15-15   >>>>   Start train ranking function

2019-05-03-02-15-15   >>>>   End train ranking function

train_ranking_functioning time = 6.460 ms


2019-05-03-02-15-15   >>>>   Start verify ranking function

[xi_0 = 5855, xi_1 = -22223]
ranking function :  - 0.3511 *  x[0]^1.0 - 0.8189 *  x[1]^1.0 + 0.9928 * 1;  - 0.2786 *  x[0]^1.0 - 0.2968 *  x[1]^1.0 + 1.1397 * 1;  - 0.105 *  x[0]^1.0 - 0.1409 *  x[1]^1.0 + 2.043 * 1

2019-05-03-02-15-15   >>>>   End verify ranking function

verifying time = 7.248 ms


Not Found Ranking Fcuntion

Conterexample is 

[5855, -22223]

sampling time = 2.220 ms


       ########################################         

iteration 20 with 324 examples

2019-05-03-02-15-15   >>>>   Start train ranking function

2019-05-03-02-15-15   >>>>   End train ranking function

train_ranking_functioning time = 7.140 ms


2019-05-03-02-15-15   >>>>   Start verify ranking function

[xi_0 = 188, xi_1 = -717]
ranking function :  - 0.3503 *  x[0]^1.0 - 0.8184 *  x[1]^1.0 + 0.9925 * 1;  - 0.2784 *  x[0]^1.0 - 0.2965 *  x[1]^1.0 + 1.1404 * 1;  - 0.1051 *  x[0]^1.0 - 0.1407 *  x[1]^1.0 + 2.043 * 1

2019-05-03-02-15-15   >>>>   End verify ranking function

verifying time = 7.771 ms


Not Found Ranking Fcuntion

Conterexample is 

[188, -717]

sampling time = 1.990 ms


       ########################################         

iteration 21 with 328 examples

2019-05-03-02-15-15   >>>>   Start train ranking function

2019-05-03-02-15-15   >>>>   End train ranking function

train_ranking_functioning time = 8.482 ms


2019-05-03-02-15-15   >>>>   Start verify ranking function

[xi_0 = 5844, xi_1 = -22189]
ranking function :  - 0.3505 *  x[0]^1.0 - 0.8176 *  x[1]^1.0 + 0.9926 * 1;  - 0.2783 *  x[0]^1.0 - 0.2965 *  x[1]^1.0 + 1.1404 * 1;  - 0.105 *  x[0]^1.0 - 0.1411 *  x[1]^1.0 + 2.0427 * 1

2019-05-03-02-15-15   >>>>   End verify ranking function

verifying time = 7.500 ms


Not Found Ranking Fcuntion

Conterexample is 

[5844, -22189]

sampling time = 1.987 ms


       ########################################         

iteration 22 with 332 examples

2019-05-03-02-15-15   >>>>   Start train ranking function

2019-05-03-02-15-15   >>>>   End train ranking function

train_ranking_functioning time = 6.643 ms


2019-05-03-02-15-15   >>>>   Start verify ranking function

[xi_0 = 2894, xi_1 = -11161]
ranking function :  - 0.3498 *  x[0]^1.0 - 0.8204 *  x[1]^1.0 + 0.9928 * 1;  - 0.279 *  x[0]^1.0 - 0.2968 *  x[1]^1.0 + 1.1411 * 1;  - 0.1056 *  x[0]^1.0 - 0.1408 *  x[1]^1.0 + 2.0439 * 1

2019-05-03-02-15-15   >>>>   End verify ranking function

verifying time = 7.305 ms


Not Found Ranking Fcuntion

Conterexample is 

[2894, -11161]

sampling time = 1.990 ms


       ########################################         

iteration 23 with 336 examples

2019-05-03-02-15-15   >>>>   Start train ranking function

2019-05-03-02-15-15   >>>>   End train ranking function

train_ranking_functioning time = 10.817 ms


2019-05-03-02-15-15   >>>>   Start verify ranking function

[xi_0 = 5829, xi_1 = -22223]
ranking function :  - 0.3503 *  x[0]^1.0 - 0.8183 *  x[1]^1.0 + 0.9928 * 1;  - 0.2786 *  x[0]^1.0 - 0.2965 *  x[1]^1.0 + 1.14 * 1;  - 0.1052 *  x[0]^1.0 - 0.1406 *  x[1]^1.0 + 2.0423 * 1

2019-05-03-02-15-15   >>>>   End verify ranking function

verifying time = 7.346 ms


Not Found Ranking Fcuntion

Conterexample is 

[5829, -22223]

sampling time = 1.991 ms


       ########################################         

iteration 24 with 340 examples

2019-05-03-02-15-15   >>>>   Start train ranking function

2019-05-03-02-15-15   >>>>   End train ranking function

train_ranking_functioning time = 10.896 ms


2019-05-03-02-15-15   >>>>   Start verify ranking function

[xi_0 = 5779, xi_1 = -22293]
ranking function :  - 0.3493 *  x[0]^1.0 - 0.8193 *  x[1]^1.0 + 0.9928 * 1;  - 0.2786 *  x[0]^1.0 - 0.2967 *  x[1]^1.0 + 1.1404 * 1;  - 0.1051 *  x[0]^1.0 - 0.1405 *  x[1]^1.0 + 2.043 * 1

2019-05-03-02-15-15   >>>>   End verify ranking function

verifying time = 7.767 ms


Not Found Ranking Fcuntion

Conterexample is 

[5779, -22293]

sampling time = 1.979 ms


Failed to prove it is terminated

UNKNOWN
------Using Template 3 -----------
9 [4, 3, 2]
*****************************************************

2019-05-03-02-15-16   >>>>   End sampling point

sampling time = 150.350 ms,


       ########################################         

iteration 0 with 244 examples

2019-05-03-02-15-16   >>>>   Start train ranking function

2019-05-03-02-15-16   >>>>   End train ranking function

train_ranking_functioning time = 7.571 ms


2019-05-03-02-15-16   >>>>   Start verify ranking function

[xi_0 = 1, xi_1 = -3]
ranking function : 0.3 *  x[0]^-1.0 *  x[1]^-3.0 + 0.3 *  x[0]^3.0 *  x[1]^-2.0; 1.1 *  x[1]^0.5; 

2019-05-03-02-15-16   >>>>   End verify ranking function

verifying time = 19.669 ms


Not Found Ranking Fcuntion

Conterexample is 

[1, -3]

sampling time = 2.313 ms


       ########################################         

iteration 1 with 248 examples

2019-05-03-02-15-16   >>>>   Start train ranking function

2019-05-03-02-15-16   >>>>   End train ranking function

train_ranking_functioning time = 7.634 ms


2019-05-03-02-15-16   >>>>   Start verify ranking function

[xi_0 = 1, xi_1 = -3]
ranking function : 0.3 *  x[0]^-1.0 *  x[1]^-3.0 + 0.3 *  x[0]^3.0 *  x[1]^-2.0; 1.1 *  x[1]^0.5; 

2019-05-03-02-15-16   >>>>   End verify ranking function

verifying time = 690.689 ms


Not Found Ranking Fcuntion

Conterexample is 

[1, -3]

sampling time = 2.296 ms


       ########################################         

iteration 2 with 252 examples

2019-05-03-02-15-16   >>>>   Start train ranking function

2019-05-03-02-15-16   >>>>   End train ranking function

train_ranking_functioning time = 7.670 ms


2019-05-03-02-15-16   >>>>   Start verify ranking function

[xi_0 = 1, xi_1 = -3]
ranking function : 0.3 *  x[0]^-1.0 *  x[1]^-3.0 + 0.3 *  x[0]^3.0 *  x[1]^-2.0; 1.1 *  x[1]^0.5; 

2019-05-03-02-15-16   >>>>   End verify ranking function

verifying time = 20.259 ms


Not Found Ranking Fcuntion

Conterexample is 

[1, -3]

sampling time = 2.303 ms


       ########################################         

iteration 3 with 256 examples

2019-05-03-02-15-16   >>>>   Start train ranking function

2019-05-03-02-15-16   >>>>   End train ranking function

train_ranking_functioning time = 7.857 ms


2019-05-03-02-15-16   >>>>   Start verify ranking function

[xi_0 = 1, xi_1 = -3]
ranking function : 0.3 *  x[0]^-1.0 *  x[1]^-3.0 + 0.3 *  x[0]^3.0 *  x[1]^-2.0; 1.1 *  x[1]^0.5; 

2019-05-03-02-15-16   >>>>   End verify ranking function

verifying time = 131.194 ms


Not Found Ranking Fcuntion

Conterexample is 

[1, -3]

sampling time = 2.350 ms


       ########################################         

iteration 4 with 260 examples

2019-05-03-02-15-16   >>>>   Start train ranking function

2019-05-03-02-15-16   >>>>   End train ranking function

train_ranking_functioning time = 7.863 ms


2019-05-03-02-15-16   >>>>   Start verify ranking function

[xi_0 = 1, xi_1 = -3]
ranking function : 0.3 *  x[0]^-1.0 *  x[1]^-3.0 + 0.3 *  x[0]^3.0 *  x[1]^-2.0; 1.1 *  x[1]^0.5; 

2019-05-03-02-15-16   >>>>   End verify ranking function

verifying time = 19.716 ms


Not Found Ranking Fcuntion

Conterexample is 

[1, -3]

sampling time = 2.355 ms


       ########################################         

iteration 5 with 264 examples

2019-05-03-02-15-16   >>>>   Start train ranking function

5
2019-05-03-02-15-16   >>>>   End train ranking function

train_ranking_functioning time = 7.880 ms


2019-05-03-02-15-16   >>>>   Start verify ranking function

[xi_0 = 1, xi_1 = -3]
ranking function : 0.3 *  x[0]^-1.0 *  x[1]^-3.0 + 0.3 *  x[0]^3.0 *  x[1]^-2.0; 1.1 *  x[1]^0.5; 

2019-05-03-02-15-17   >>>>   End verify ranking function

verifying time = 308.526 ms


Not Found Ranking Fcuntion

Conterexample is 

[1, -3]

sampling time = 2.303 ms


       ########################################         

iteration 6 with 268 examples

2019-05-03-02-15-17   >>>>   Start train ranking function

2019-05-03-02-15-17   >>>>   End train ranking function

train_ranking_functioning time = 7.950 ms


2019-05-03-02-15-17   >>>>   Start verify ranking function

[xi_0 = 1, xi_1 = 0]
ranking function : ; 1.0 *  x[1]^0.5; 

2019-05-03-02-15-17   >>>>   End verify ranking function

verifying time = 11.569 ms


Not Found Ranking Fcuntion

Conterexample is 

[1, 0]

sampling time = 2.318 ms


       ########################################         

iteration 7 with 272 examples

2019-05-03-02-15-17   >>>>   Start train ranking function
