------Using Template 0 -----------
4 [4]
*****************************************************

2019-05-03-02-35-14   >>>>   End sampling point

sampling time = 227.408 ms,


       ########################################         

iteration 0 with 436 examples

2019-05-03-02-35-14   >>>>   Start train ranking function

2019-05-03-02-35-14   >>>>   End train ranking function

train_ranking_functioning time = 1.176 ms


2019-05-03-02-35-14   >>>>   Start verify ranking function

[xr_1 = 19283/2091, xr_2 = 0, xr_0 = 0]
ranking function : 0.9293 *  x[0]^1.0 + 1.4404 *  x[1]^1.0 + 2.7488 *  x[2]^1.0 + 5.7089 * 1

2019-05-03-02-35-14   >>>>   End verify ranking function

verifying time = 7.978 ms


Not Found Ranking Fcuntion

Conterexample is 

[0, 9.221903395504544, 0]

sampling time = 1.028 ms


       ########################################         

iteration 1 with 438 examples

2019-05-03-02-35-14   >>>>   Start train ranking function

2019-05-03-02-35-14   >>>>   End train ranking function

train_ranking_functioning time = 7.882 ms


2019-05-03-02-35-14   >>>>   Start verify ranking function

[xr_1 = 0, xr_2 = 37658/953, xr_0 = 0]
ranking function : 0.8839 *  x[0]^1.0 + 1.5452 *  x[1]^1.0 + 2.9951 *  x[2]^1.0 + 6.0286 * 1

2019-05-03-02-35-14   >>>>   End verify ranking function

verifying time = 7.725 ms


Not Found Ranking Fcuntion

Conterexample is 

[0, 0, 39.51521511017838]

sampling time = 1.022 ms


       ########################################         

iteration 2 with 440 examples

2019-05-03-02-35-14   >>>>   Start train ranking function

2019-05-03-02-35-14   >>>>   End train ranking function

train_ranking_functioning time = 7.305 ms


2019-05-03-02-35-14   >>>>   Start verify ranking function

[xr_1 = 18583/909, xr_2 = 0, xr_0 = 0]
ranking function : 0.8593 *  x[0]^1.0 + 1.5368 *  x[1]^1.0 + 3.0699 *  x[2]^1.0 + 6.0834 * 1

2019-05-03-02-35-14   >>>>   End verify ranking function

verifying time = 7.635 ms


Not Found Ranking Fcuntion

Conterexample is 

[0, 20.443344334433444, 0]

sampling time = 1.029 ms


       ########################################         

iteration 3 with 442 examples

2019-05-03-02-35-14   >>>>   Start train ranking function

2019-05-03-02-35-14   >>>>   End train ranking function

train_ranking_functioning time = 8.238 ms


2019-05-03-02-35-14   >>>>   Start verify ranking function

[xr_1 = 0, xr_2 = 36892/25, xr_0 = 0]
ranking function : 0.8456 *  x[0]^1.0 + 1.6283 *  x[1]^1.0 + 3.2541 *  x[2]^1.0 + 6.3484 * 1

2019-05-03-02-35-14   >>>>   End verify ranking function

verifying time = 7.578 ms


Not Found Ranking Fcuntion

Conterexample is 

[0, 0, 1475.68]

sampling time = 1.018 ms


       ########################################         

iteration 4 with 444 examples

2019-05-03-02-35-14   >>>>   Start train ranking function

2019-05-03-02-35-14   >>>>   End train ranking function

train_ranking_functioning time = 8.127 ms


2019-05-03-02-35-14   >>>>   Start verify ranking function

[xr_1 = 0, xr_2 = -1416, xr_0 = 0]
ranking function : 0.8418 *  x[0]^1.0 + 1.6236 *  x[1]^1.0 + 3.2498 *  x[2]^1.0 + 6.3368 * 1

2019-05-03-02-35-14   >>>>   End verify ranking function

verifying time = 7.509 ms


Not Found Ranking Fcuntion

Conterexample is 

[0, 0, -1416]

sampling time = 1.034 ms


       ########################################         

iteration 5 with 446 examples

2019-05-03-02-35-14   >>>>   Start train ranking function

2019-05-03-02-35-14   >>>>   End train ranking function

train_ranking_functioning time = 7.075 ms


2019-05-03-02-35-14   >>>>   Start verify ranking function

[xr_1 = 22548/2555, xr_2 = 0, xr_0 = 0]
ranking function : 0.1284 *  x[0]^1.0 + 0.0013 *  x[1]^1.0 - 0.0008 *  x[2]^1.0 + 1.0355 * 1

2019-05-03-02-35-14   >>>>   End verify ranking function

verifying time = 7.519 ms


Not Found Ranking Fcuntion

Conterexample is 

[0, 8.825048923679061, 0]

sampling time = 1.018 ms


       ########################################         

iteration 6 with 448 examples

2019-05-03-02-35-14   >>>>   Start train ranking function

2019-05-03-02-35-14   >>>>   End train ranking function

train_ranking_functioning time = 8.196 ms


2019-05-03-02-35-14   >>>>   Start verify ranking function

[xr_1 = 5857/853, xr_2 = 0, xr_0 = 0]
ranking function : 0.1724 *  x[0]^1.0 + 0.0036 *  x[1]^1.0 + 0.001 *  x[2]^1.0 + 1.0876 * 1

2019-05-03-02-35-14   >>>>   End verify ranking function

verifying time = 7.563 ms


Not Found Ranking Fcuntion

Conterexample is 

[0, 6.866354044548652, 0]

sampling time = 1.019 ms


       ########################################         

iteration 7 with 450 examples

2019-05-03-02-35-14   >>>>   Start train ranking function

2019-05-03-02-35-15   >>>>   End train ranking function

train_ranking_functioning time = 9.067 ms


2019-05-03-02-35-15   >>>>   Start verify ranking function

[xr_1 = 23236/3213, xr_2 = 0, xr_0 = 0]
ranking function : 0.1628 *  x[0]^1.0 + 0.0043 *  x[1]^1.0 + 0.0027 *  x[2]^1.0 + 1.0841 * 1

2019-05-03-02-35-15   >>>>   End verify ranking function

verifying time = 8.333 ms


Not Found Ranking Fcuntion

Conterexample is 

[0, 7.231870525988173, 0]

sampling time = 1.088 ms


       ########################################         

iteration 8 with 452 examples

2019-05-03-02-35-15   >>>>   Start train ranking function

2019-05-03-02-35-15   >>>>   End train ranking function

train_ranking_functioning time = 8.562 ms


2019-05-03-02-35-15   >>>>   Start verify ranking function

[xr_1 = 22924/2905, xr_2 = 0, xr_0 = 0]
ranking function : 0.1472 *  x[0]^1.0 + 0.0039 *  x[1]^1.0 + 0.0014 *  x[2]^1.0 + 1.0611 * 1

2019-05-03-02-35-15   >>>>   End verify ranking function

verifying time = 7.582 ms


Not Found Ranking Fcuntion

Conterexample is 

[0, 7.8912220309810674, 0]

sampling time = 1.015 ms


       ########################################         

iteration 9 with 454 examples

2019-05-03-02-35-15   >>>>   Start train ranking function

2019-05-03-02-35-15   >>>>   End train ranking function

train_ranking_functioning time = 8.513 ms


2019-05-03-02-35-15   >>>>   Start verify ranking function

[xr_1 = 22718/2673, xr_2 = 0, xr_0 = 0]
ranking function : 0.1369 *  x[0]^1.0 + 0.0065 *  x[1]^1.0 + 0.0028 *  x[2]^1.0 + 1.0313 * 1

2019-05-03-02-35-15   >>>>   End verify ranking function

verifying time = 7.502 ms


Not Found Ranking Fcuntion

Conterexample is 

[0, 8.499064721286944, 0]

sampling time = 1.018 ms


       ########################################         

iteration 10 with 456 examples

2019-05-03-02-35-15   >>>>   Start train ranking function

2019-05-03-02-35-15   >>>>   End train ranking function

train_ranking_functioning time = 8.751 ms


2019-05-03-02-35-15   >>>>   Start verify ranking function

[xr_1 = 22570/2527, xr_2 = 0, xr_0 = 0]
ranking function : 0.1295 *  x[0]^1.0 + 0.0063 *  x[1]^1.0 + 0.0016 *  x[2]^1.0 + 1.0235 * 1

2019-05-03-02-35-15   >>>>   End verify ranking function

verifying time = 7.578 ms


Not Found Ranking Fcuntion

Conterexample is 

[0, 8.93153937475267, 0]

sampling time = 1.025 ms


       ########################################         

iteration 11 with 458 examples

2019-05-03-02-35-15   >>>>   Start train ranking function

2019-05-03-02-35-15   >>>>   End train ranking function

train_ranking_functioning time = 8.888 ms


2019-05-03-02-35-15   >>>>   Start verify ranking function

[xr_1 = 22310/2247, xr_2 = 0, xr_0 = 0]
ranking function : 0.1165 *  x[0]^1.0 + 0.0083 *  x[1]^1.0 + 0.0021 *  x[2]^1.0 + 1.0157 * 1

2019-05-03-02-35-15   >>>>   End verify ranking function

verifying time = 7.624 ms


Not Found Ranking Fcuntion

Conterexample is 

[0, 9.928793947485536, 0]

sampling time = 1.022 ms


       ########################################         

iteration 12 with 460 examples

2019-05-03-02-35-15   >>>>   Start train ranking function

2019-05-03-02-35-15   >>>>   End train ranking function

train_ranking_functioning time = 9.009 ms


2019-05-03-02-35-15   >>>>   Start verify ranking function

[xr_1 = 21940/1869, xr_2 = 0, xr_0 = 0]
ranking function : 0.098 *  x[0]^1.0 + 0.0091 *  x[1]^1.0 + 0.0018 *  x[2]^1.0 + 0.9972 * 1

2019-05-03-02-35-15   >>>>   End verify ranking function

verifying time = 7.631 ms


Not Found Ranking Fcuntion

Conterexample is 

[0, 11.738897806313537, 0]

sampling time = 1.171 ms


       ########################################         

iteration 13 with 462 examples

2019-05-03-02-35-15   >>>>   Start train ranking function

2019-05-03-02-35-15   >>>>   End train ranking function

train_ranking_functioning time = 9.270 ms


2019-05-03-02-35-15   >>>>   Start verify ranking function

[xr_1 = 21738/1645, xr_2 = 0, xr_0 = 0]
ranking function : 0.0879 *  x[0]^1.0 + 0.0113 *  x[1]^1.0 + 0.0023 *  x[2]^1.0 + 0.991 * 1

2019-05-03-02-35-15   >>>>   End verify ranking function

verifying time = 8.086 ms


Not Found Ranking Fcuntion

Conterexample is 

[0, 13.214589665653495, 0]

sampling time = 1.048 ms


       ########################################         

iteration 14 with 464 examples

2019-05-03-02-35-15   >>>>   Start train ranking function

2019-05-03-02-35-15   >>>>   End train ranking function

train_ranking_functioning time = 9.662 ms


2019-05-03-02-35-15   >>>>   Start verify ranking function

[xr_1 = 10657/623, xr_2 = 0, xr_0 = 0]
ranking function : 0.0667 *  x[0]^1.0 + 0.0088 *  x[1]^1.0 + 0.0011 *  x[2]^1.0 + 0.9678 * 1

2019-05-03-02-35-15   >>>>   End verify ranking function

verifying time = 7.798 ms


Not Found Ranking Fcuntion

Conterexample is 

[0, 17.105939004815408, 0]

sampling time = 1.011 ms


       ########################################         

iteration 15 with 466 examples

2019-05-03-02-35-15   >>>>   Start train ranking function

2019-05-03-02-35-15   >>>>   End train ranking function

train_ranking_functioning time = 9.340 ms


2019-05-03-02-35-15   >>>>   Start verify ranking function

[xr_1 = 10489/452, xr_2 = 0, xr_0 = 0]
ranking function : 0.0499 *  x[0]^1.0 + 0.0094 *  x[1]^1.0 + 0.002 *  x[2]^1.0 + 0.9745 * 1

2019-05-03-02-35-15   >>>>   End verify ranking function

verifying time = 7.530 ms


Not Found Ranking Fcuntion

Conterexample is 

[0, 23.20575221238938, 0]

sampling time = 1.020 ms


       ########################################         

iteration 16 with 468 examples

2019-05-03-02-35-15   >>>>   Start train ranking function

2019-05-03-02-35-15   >>>>   End train ranking function

train_ranking_functioning time = 9.505 ms


2019-05-03-02-35-15   >>>>   Start verify ranking function

[xr_1 = 5183/154, xr_2 = 0, xr_0 = 0]
ranking function : 0.0376 *  x[0]^1.0 + 0.0136 *  x[1]^1.0 + 0.0022 *  x[2]^1.0 + 0.9628 * 1

2019-05-03-02-35-15   >>>>   End verify ranking function

verifying time = 7.558 ms


Not Found Ranking Fcuntion

Conterexample is 

[0, 33.65584415584416, 0]

sampling time = 1.032 ms


       ########################################         

iteration 17 with 470 examples

2019-05-03-02-35-15   >>>>   Start train ranking function

2019-05-03-02-35-15   >>>>   End train ranking function

train_ranking_functioning time = 9.444 ms


2019-05-03-02-35-15   >>>>   Start verify ranking function

[xr_1 = 20352/263, xr_2 = 0, xr_0 = 0]
ranking function : 0.0186 *  x[0]^1.0 + 0.0109 *  x[1]^1.0 + 0.0023 *  x[2]^1.0 + 0.954 * 1

2019-05-03-02-35-15   >>>>   End verify ranking function

verifying time = 7.515 ms


Not Found Ranking Fcuntion

Conterexample is 

[0, 77.38403041825094, 0]

sampling time = 1.026 ms


       ########################################         

iteration 18 with 472 examples

2019-05-03-02-35-15   >>>>   Start train ranking function

2019-05-03-02-35-15   >>>>   End train ranking function

train_ranking_functioning time = 9.498 ms


2019-05-03-02-35-15   >>>>   Start verify ranking function

[xr_1 = 10073/37, xr_2 = 0, xr_0 = 0]
ranking function : 0.0083 *  x[0]^1.0 + 0.0092 *  x[1]^1.0 + 0.0013 *  x[2]^1.0 + 0.9459 * 1

2019-05-03-02-35-15   >>>>   End verify ranking function

verifying time = 7.587 ms


Not Found Ranking Fcuntion

Conterexample is 

[0, 272.2432432432432, 0]

sampling time = 1.023 ms


       ########################################         

iteration 19 with 474 examples

2019-05-03-02-35-15   >>>>   Start train ranking function

2019-05-03-02-35-15   >>>>   End train ranking function

train_ranking_functioning time = 9.639 ms


2019-05-03-02-35-15   >>>>   Start verify ranking function

[xr_1 = 5036/9, xr_2 = 0, xr_0 = 0]
ranking function : 0.0082 *  x[0]^1.0 + 0.0128 *  x[1]^1.0 + 0.0031 *  x[2]^1.0 + 0.9205 * 1

2019-05-03-02-35-15   >>>>   End verify ranking function

verifying time = 7.503 ms


Not Found Ranking Fcuntion

Conterexample is 

[0, 559.5555555555555, 0]

sampling time = 1.016 ms


       ########################################         

iteration 20 with 476 examples

2019-05-03-02-35-15   >>>>   Start train ranking function

2019-05-03-02-35-15   >>>>   End train ranking function

train_ranking_functioning time = 9.742 ms


2019-05-03-02-35-15   >>>>   Start verify ranking function

[xr_1 = -10049/12, xr_2 = 0, xr_0 = 0]
ranking function : 0.0059 *  x[0]^1.0 + 0.0142 *  x[1]^1.0 + 0.0025 *  x[2]^1.0 + 0.9504 * 1

2019-05-03-02-35-15   >>>>   End verify ranking function

verifying time = 7.539 ms


Not Found Ranking Fcuntion

Conterexample is 

[0, -837.4166666666666, 0]

sampling time = 1.021 ms


       ########################################         

iteration 21 with 478 examples

2019-05-03-02-35-15   >>>>   Start train ranking function

2019-05-03-02-35-15   >>>>   End train ranking function

train_ranking_functioning time = 9.672 ms


2019-05-03-02-35-15   >>>>   Start verify ranking function

[xr_1 = 0, xr_2 = 0, xr_0 = 0]
ranking function :  - 0.0063 *  x[0]^1.0 - 0.0009 *  x[1]^1.0 + 0.0039 *  x[2]^1.0 + 0.9311 * 1

2019-05-03-02-35-15   >>>>   End verify ranking function

verifying time = 7.509 ms


Not Found Ranking Fcuntion

Conterexample is 

[0, 0, 0]

sampling time = 1.013 ms


       ########################################         

iteration 22 with 480 examples

2019-05-03-02-35-15   >>>>   Start train ranking function

2019-05-03-02-35-15   >>>>   End train ranking function

train_ranking_functioning time = 10.168 ms


2019-05-03-02-35-15   >>>>   Start verify ranking function

[xr_1 = 0, xr_2 = 0, xr_0 = 0]
ranking function :  - 0.0019 *  x[0]^1.0 - 0.0001 *  x[1]^1.0 + 0.0023 *  x[2]^1.0 + 0.9341 * 1

2019-05-03-02-35-15   >>>>   End verify ranking function

verifying time = 7.735 ms


Not Found Ranking Fcuntion

Conterexample is 

[0, 0, 0]

sampling time = 1.012 ms


       ########################################         

iteration 23 with 482 examples

2019-05-03-02-35-15   >>>>   Start train ranking function

2019-05-03-02-35-15   >>>>   End train ranking function

train_ranking_functioning time = 10.037 ms


2019-05-03-02-35-15   >>>>   Start verify ranking function

[xr_1 = 0, xr_2 = 0, xr_0 = 0]
ranking function :  - 0.0032 *  x[0]^1.0 + 0.0013 *  x[1]^1.0 + 0.0006 *  x[2]^1.0 + 0.9339 * 1

2019-05-03-02-35-15   >>>>   End verify ranking function

verifying time = 7.614 ms


Not Found Ranking Fcuntion

Conterexample is 

[0, 0, 0]

sampling time = 1.017 ms


       ########################################         

iteration 24 with 484 examples

2019-05-03-02-35-15   >>>>   Start train ranking function

2019-05-03-02-35-15   >>>>   End train ranking function

train_ranking_functioning time = 10.029 ms


2019-05-03-02-35-15   >>>>   Start verify ranking function

[xr_1 = 0, xr_2 = 0, xr_0 = 0]
ranking function :  - 0.0025 *  x[0]^1.0 + 0.0018 *  x[1]^1.0 + 0.0005 *  x[2]^1.0 + 0.9346 * 1

2019-05-03-02-35-15   >>>>   End verify ranking function

verifying time = 7.729 ms


Not Found Ranking Fcuntion

Conterexample is 

[0, 0, 0]

sampling time = 1.019 ms


Failed to prove it is terminated

UNKNOWN
------Using Template 1 -----------
4 [4]
*****************************************************

2019-05-03-02-35-15   >>>>   End sampling point

sampling time = 254.699 ms,


       ########################################         

iteration 0 with 436 examples

2019-05-03-02-35-15   >>>>   Start train ranking function

2019-05-03-02-35-15   >>>>   End train ranking function

train_ranking_functioning time = 17.308 ms


2019-05-03-02-35-15   >>>>   Start verify ranking function

[xr_0 = 1/2, xr_2 = 1/8, xr_1 = 1/2]
ranking function : 0.2027 *  x[0]^3.0 *  x[1]^0.5 *  x[2]^2.0 + 0.0376 *  x[0]^0.5 *  x[1]^-1.0 *  x[2]^0.5 - 0.0182 *  x[0]^-0.5 *  x[1]^3.0 - 0.0022 *  x[0]^2.0 *  x[1]^-3.0 *  x[2]^-2.0

2019-05-03-02-35-15   >>>>   End verify ranking function

verifying time = 116.552 ms


Not Found Ranking Fcuntion

Conterexample is 

[0.5, 0.5, 0.125]

sampling time = 1.347 ms


       ########################################         

iteration 1 with 438 examples

2019-05-03-02-35-15   >>>>   Start train ranking function

2019-05-03-02-35-15   >>>>   End train ranking function

train_ranking_functioning time = 17.718 ms


2019-05-03-02-35-15   >>>>   Start verify ranking function

[xr_0 = 1/2, xr_2 = 1/8, xr_1 = 1/2]
ranking function : 0.2057 *  x[0]^3.0 *  x[1]^0.5 *  x[2]^2.0 + 0.0369 *  x[0]^0.5 *  x[1]^-1.0 *  x[2]^0.5 - 0.0222 *  x[0]^-0.5 *  x[1]^3.0 - 0.0011 *  x[0]^2.0 *  x[1]^-3.0 *  x[2]^-2.0

2019-05-03-02-35-15   >>>>   End verify ranking function

verifying time = 31.745 ms


Not Found Ranking Fcuntion

Conterexample is 

[0.5, 0.5, 0.125]

sampling time = 1.236 ms


       ########################################         

iteration 2 with 440 examples

2019-05-03-02-35-15   >>>>   Start train ranking function

2019-05-03-02-35-15   >>>>   End train ranking function

train_ranking_functioning time = 17.398 ms


2019-05-03-02-35-15   >>>>   Start verify ranking function

[xr_0 = 54, xr_2 = 1/8, xr_1 = 1/2]
ranking function : 0.2103 *  x[0]^3.0 *  x[1]^0.5 *  x[2]^2.0 + 0.0312 *  x[0]^0.5 *  x[1]^-1.0 *  x[2]^0.5 - 0.0289 *  x[0]^-0.5 *  x[1]^3.0 + 0.0026 *  x[0]^2.0 *  x[1]^-3.0 *  x[2]^-2.0

2019-05-03-02-35-16   >>>>   End verify ranking function

verifying time = 620.386 ms


Not Found Ranking Fcuntion

Conterexample is 

[54, 0.5, 0.125]

sampling time = 1.188 ms


       ########################################         

iteration 3 with 442 examples

2019-05-03-02-35-16   >>>>   Start train ranking function

2019-05-03-02-35-16   >>>>   End train ranking function

train_ranking_functioning time = 17.203 ms


2019-05-03-02-35-16   >>>>   Start verify ranking function

[xr_0 = 1/2, xr_2 = 1/8, xr_1 = 1/2]
ranking function : 0.205 *  x[0]^3.0 *  x[1]^0.5 *  x[2]^2.0 + 0.0382 *  x[0]^0.5 *  x[1]^-1.0 *  x[2]^0.5 - 0.0206 *  x[0]^-0.5 *  x[1]^3.0 - 0.0001 *  x[0]^2.0 *  x[1]^-3.0 *  x[2]^-2.0

2019-05-03-02-35-16   >>>>   End verify ranking function

verifying time = 239.014 ms


Not Found Ranking Fcuntion

Conterexample is 

[0.5, 0.5, 0.125]

sampling time = 1.216 ms


       ########################################         

iteration 4 with 444 examples

2019-05-03-02-35-16   >>>>   Start train ranking function

2019-05-03-02-35-16   >>>>   End train ranking function

train_ranking_functioning time = 17.745 ms


2019-05-03-02-35-16   >>>>   Start verify ranking function

[xr_0 = 54, xr_2 = 1/8, xr_1 = 1/2]
ranking function : 0.2091 *  x[0]^3.0 *  x[1]^0.5 *  x[2]^2.0 + 0.0359 *  x[0]^0.5 *  x[1]^-1.0 *  x[2]^0.5 - 0.0205 *  x[0]^-0.5 *  x[1]^3.0 + 0.0021 *  x[0]^2.0 *  x[1]^-3.0 *  x[2]^-2.0

2019-05-03-02-35-16   >>>>   End verify ranking function

verifying time = 24.249 ms


Not Found Ranking Fcuntion

Conterexample is 

[54, 0.5, 0.125]

sampling time = 1.185 ms


       ########################################         

iteration 5 with 446 examples

2019-05-03-02-35-16   >>>>   Start train ranking function

2019-05-03-02-35-16   >>>>   End train ranking function

train_ranking_functioning time = 17.496 ms


2019-05-03-02-35-16   >>>>   Start verify ranking function

[xr_0 = 1/2, xr_2 = 1/8, xr_1 = 1/2]
ranking function : 0.2033 *  x[0]^3.0 *  x[1]^0.5 *  x[2]^2.0 + 0.0326 *  x[0]^0.5 *  x[1]^-1.0 *  x[2]^0.5 - 0.0227 *  x[0]^-0.5 *  x[1]^3.0 - 0.0083 *  x[0]^2.0 *  x[1]^-3.0 *  x[2]^-2.0

2019-05-03-02-35-16   >>>>   End verify ranking function

verifying time = 99.431 ms


Not Found Ranking Fcuntion

Conterexample is 

[0.5, 0.5, 0.125]

sampling time = 1.178 ms


       ########################################         

iteration 6 with 448 examples

2019-05-03-02-35-16   >>>>   Start train ranking function

2019-05-03-02-35-16   >>>>   End train ranking function

train_ranking_functioning time = 17.564 ms


2019-05-03-02-35-16   >>>>   Start verify ranking function

[xr_0 = 1/2, xr_2 = 1/8, xr_1 = 1/2]
ranking function : 0.2072 *  x[0]^3.0 *  x[1]^0.5 *  x[2]^2.0 + 0.0391 *  x[0]^0.5 *  x[1]^-1.0 *  x[2]^0.5 - 0.0229 *  x[0]^-0.5 *  x[1]^3.0 - 0.0002 *  x[0]^2.0 *  x[1]^-3.0 *  x[2]^-2.0

2019-05-03-02-35-16   >>>>   End verify ranking function

verifying time = 30.329 ms


Not Found Ranking Fcuntion

Conterexample is 

[0.5, 0.5, 0.125]

sampling time = 1.232 ms


       ########################################         

iteration 7 with 450 examples

2019-05-03-02-35-16   >>>>   Start train ranking function

2019-05-03-02-35-16   >>>>   End train ranking function

train_ranking_functioning time = 17.990 ms


2019-05-03-02-35-16   >>>>   Start verify ranking function

[xr_0 = 54, xr_2 = 1/8, xr_1 = 1/2]
ranking function : 0.2039 *  x[0]^3.0 *  x[1]^0.5 *  x[2]^2.0 + 0.0361 *  x[0]^0.5 *  x[1]^-1.0 *  x[2]^0.5 - 0.0212 *  x[0]^-0.5 *  x[1]^3.0 + 0.0004 *  x[0]^2.0 *  x[1]^-3.0 *  x[2]^-2.0

2019-05-03-02-35-18   >>>>   End verify ranking function

verifying time = 1968.149 ms


Not Found Ranking Fcuntion

Conterexample is 

[54, 0.5, 0.125]

sampling time = 1.357 ms


       ########################################         

iteration 8 with 452 examples

2019-05-03-02-35-18   >>>>   Start train ranking function

2019-05-03-02-35-18   >>>>   End train ranking function

train_ranking_functioning time = 17.965 ms


2019-05-03-02-35-18   >>>>   Start verify ranking function

[xr_0 = 1/2, xr_2 = 1/8, xr_1 = 1/2]
ranking function : 0.2043 *  x[0]^3.0 *  x[1]^0.5 *  x[2]^2.0 + 0.038 *  x[0]^0.5 *  x[1]^-1.0 *  x[2]^0.5 - 0.0198 *  x[0]^-0.5 *  x[1]^3.0 - 0.0069 *  x[0]^2.0 *  x[1]^-3.0 *  x[2]^-2.0

2019-05-03-02-35-19   >>>>   End verify ranking function

verifying time = 109.500 ms


Not Found Ranking Fcuntion

Conterexample is 

[0.5, 0.5, 0.125]

sampling time = 1.182 ms


       ########################################         

iteration 9 with 454 examples

2019-05-03-02-35-19   >>>>   Start train ranking function

2019-05-03-02-35-19   >>>>   End train ranking function

train_ranking_functioning time = 17.986 ms


2019-05-03-02-35-19   >>>>   Start verify ranking function

[xr_0 = 1/2, xr_2 = 1/8, xr_1 = 1/2]
ranking function : 0.2026 *  x[0]^3.0 *  x[1]^0.5 *  x[2]^2.0 + 0.0329 *  x[0]^0.5 *  x[1]^-1.0 *  x[2]^0.5 - 0.0212 *  x[0]^-0.5 *  x[1]^3.0 - 0.0003 *  x[0]^2.0 *  x[1]^-3.0 *  x[2]^-2.0

2019-05-03-02-35-19   >>>>   End verify ranking function

verifying time = 29.509 ms


Not Found Ranking Fcuntion

Conterexample is 

[0.5, 0.5, 0.125]

sampling time = 1.183 ms


       ########################################         

iteration 10 with 456 examples

2019-05-03-02-35-19   >>>>   Start train ranking function

2019-05-03-02-35-19   >>>>   End train ranking function

train_ranking_functioning time = 18.387 ms


2019-05-03-02-35-19   >>>>   Start verify ranking function

[xr_0 = 1/2, xr_2 = 1/8, xr_1 = 1/2]
ranking function : 0.205 *  x[0]^3.0 *  x[1]^0.5 *  x[2]^2.0 + 0.0334 *  x[0]^0.5 *  x[1]^-1.0 *  x[2]^0.5 - 0.0236 *  x[0]^-0.5 *  x[1]^3.0 - 0.0062 *  x[0]^2.0 *  x[1]^-3.0 *  x[2]^-2.0

2019-05-03-02-35-19   >>>>   End verify ranking function

verifying time = 98.343 ms


Not Found Ranking Fcuntion

Conterexample is 

[0.5, 0.5, 0.125]

sampling time = 1.194 ms


       ########################################         

iteration 11 with 458 examples

2019-05-03-02-35-19   >>>>   Start train ranking function

2019-05-03-02-35-19   >>>>   End train ranking function

train_ranking_functioning time = 18.616 ms


2019-05-03-02-35-19   >>>>   Start verify ranking function

[xr_0 = 54, xr_2 = 1/8, xr_1 = 1/2]
ranking function : 0.2051 *  x[0]^3.0 *  x[1]^0.5 *  x[2]^2.0 + 0.0381 *  x[0]^0.5 *  x[1]^-1.0 *  x[2]^0.5 - 0.0228 *  x[0]^-0.5 *  x[1]^3.0 + 0.0002 *  x[0]^2.0 *  x[1]^-3.0 *  x[2]^-2.0

2019-05-03-02-35-20   >>>>   End verify ranking function

verifying time = 978.864 ms


Not Found Ranking Fcuntion

Conterexample is 

[54, 0.5, 0.125]

sampling time = 1.217 ms


       ########################################         

iteration 12 with 460 examples

2019-05-03-02-35-20   >>>>   Start train ranking function

2019-05-03-02-35-20   >>>>   End train ranking function

train_ranking_functioning time = 19.804 ms


2019-05-03-02-35-20   >>>>   Start verify ranking function

[xr_0 = 54, xr_2 = 1/8, xr_1 = 1/2]
ranking function : 0.2044 *  x[0]^3.0 *  x[1]^0.5 *  x[2]^2.0 + 0.0339 *  x[0]^0.5 *  x[1]^-1.0 *  x[2]^0.5 - 0.0202 *  x[0]^-0.5 *  x[1]^3.0 + 0.0049 *  x[0]^2.0 *  x[1]^-3.0 *  x[2]^-2.0

2019-05-03-02-35-20   >>>>   End verify ranking function

verifying time = 20.877 ms


Not Found Ranking Fcuntion

Conterexample is 

[54, 0.5, 0.125]

sampling time = 1.201 ms


       ########################################         

iteration 13 with 462 examples

2019-05-03-02-35-20   >>>>   Start train ranking function

2019-05-03-02-35-20   >>>>   End train ranking function

train_ranking_functioning time = 18.810 ms


2019-05-03-02-35-20   >>>>   Start verify ranking function

[xr_0 = 1/2, xr_2 = 1/8, xr_1 = 1/2]
ranking function : 0.2018 *  x[0]^3.0 *  x[1]^0.5 *  x[2]^2.0 + 0.0336 *  x[0]^0.5 *  x[1]^-1.0 *  x[2]^0.5 - 0.0213 *  x[0]^-0.5 *  x[1]^3.0 - 0.005 *  x[0]^2.0 *  x[1]^-3.0 *  x[2]^-2.0

2019-05-03-02-35-20   >>>>   End verify ranking function

verifying time = 29.992 ms


Not Found Ranking Fcuntion

Conterexample is 

[0.5, 0.5, 0.125]

sampling time = 1.222 ms


       ########################################         

iteration 14 with 464 examples

2019-05-03-02-35-20   >>>>   Start train ranking function

2019-05-03-02-35-20   >>>>   End train ranking function

train_ranking_functioning time = 18.556 ms


2019-05-03-02-35-20   >>>>   Start verify ranking function

[xr_0 = 1/2, xr_2 = 1/8, xr_1 = 1/2]
ranking function : 0.2045 *  x[0]^3.0 *  x[1]^0.5 *  x[2]^2.0 + 0.0347 *  x[0]^0.5 *  x[1]^-1.0 *  x[2]^0.5 - 0.0211 *  x[0]^-0.5 *  x[1]^3.0 - 0.0016 *  x[0]^2.0 *  x[1]^-3.0 *  x[2]^-2.0

2019-05-03-02-35-20   >>>>   End verify ranking function

verifying time = 30.352 ms


Not Found Ranking Fcuntion

Conterexample is 

[0.5, 0.5, 0.125]

sampling time = 1.239 ms


       ########################################         

iteration 15 with 466 examples

2019-05-03-02-35-20   >>>>   Start train ranking function

2019-05-03-02-35-20   >>>>   End train ranking function

train_ranking_functioning time = 18.813 ms


2019-05-03-02-35-20   >>>>   Start verify ranking function

[xr_0 = 54, xr_2 = 1/8, xr_1 = 1/2]
ranking function : 0.2125 *  x[0]^3.0 *  x[1]^0.5 *  x[2]^2.0 + 0.0342 *  x[0]^0.5 *  x[1]^-1.0 *  x[2]^0.5 - 0.0264 *  x[0]^-0.5 *  x[1]^3.0 + 0.0027 *  x[0]^2.0 *  x[1]^-3.0 *  x[2]^-2.0

2019-05-03-02-35-20   >>>>   End verify ranking function

verifying time = 24.960 ms


Not Found Ranking Fcuntion

Conterexample is 

[54, 0.5, 0.125]

sampling time = 1.191 ms


       ########################################         

iteration 16 with 468 examples

2019-05-03-02-35-20   >>>>   Start train ranking function

2019-05-03-02-35-20   >>>>   End train ranking function

train_ranking_functioning time = 18.849 ms


2019-05-03-02-35-20   >>>>   Start verify ranking function

[xr_0 = 1/2, xr_2 = 1/8, xr_1 = 1/2]
ranking function : 0.2068 *  x[0]^3.0 *  x[1]^0.5 *  x[2]^2.0 + 0.0418 *  x[0]^0.5 *  x[1]^-1.0 *  x[2]^0.5 - 0.0207 *  x[0]^-0.5 *  x[1]^3.0 - 0.0109 *  x[0]^2.0 *  x[1]^-3.0 *  x[2]^-2.0

2019-05-03-02-35-20   >>>>   End verify ranking function

verifying time = 42.943 ms


Not Found Ranking Fcuntion

Conterexample is 

[0.5, 0.5, 0.125]

sampling time = 1.232 ms


       ########################################         

iteration 17 with 470 examples

2019-05-03-02-35-20   >>>>   Start train ranking function

2019-05-03-02-35-20   >>>>   End train ranking function

train_ranking_functioning time = 18.590 ms


2019-05-03-02-35-20   >>>>   Start verify ranking function

[xr_0 = 1/2, xr_2 = 1/8, xr_1 = 1/2]
ranking function : 0.2011 *  x[0]^3.0 *  x[1]^0.5 *  x[2]^2.0 + 0.0384 *  x[0]^0.5 *  x[1]^-1.0 *  x[2]^0.5 - 0.0263 *  x[0]^-0.5 *  x[1]^3.0 - 0.0086 *  x[0]^2.0 *  x[1]^-3.0 *  x[2]^-2.0

2019-05-03-02-35-20   >>>>   End verify ranking function

verifying time = 31.530 ms


Not Found Ranking Fcuntion

Conterexample is 

[0.5, 0.5, 0.125]

sampling time = 1.194 ms


       ########################################         

iteration 18 with 472 examples

2019-05-03-02-35-20   >>>>   Start train ranking function

2019-05-03-02-35-20   >>>>   End train ranking function

train_ranking_functioning time = 18.705 ms


2019-05-03-02-35-20   >>>>   Start verify ranking function

[xr_0 = 1/2, xr_2 = 1/8, xr_1 = 1/2]
ranking function : 0.2056 *  x[0]^3.0 *  x[1]^0.5 *  x[2]^2.0 + 0.0314 *  x[0]^0.5 *  x[1]^-1.0 *  x[2]^0.5 - 0.0205 *  x[0]^-0.5 *  x[1]^3.0 - 0.0178 *  x[0]^2.0 *  x[1]^-3.0 *  x[2]^-2.0

2019-05-03-02-35-20   >>>>   End verify ranking function

verifying time = 30.507 ms


Not Found Ranking Fcuntion

Conterexample is 

[0.5, 0.5, 0.125]

sampling time = 1.188 ms


       ########################################         

iteration 19 with 474 examples

2019-05-03-02-35-20   >>>>   Start train ranking function

2019-05-03-02-35-20   >>>>   End train ranking function

train_ranking_functioning time = 18.841 ms


2019-05-03-02-35-20   >>>>   Start verify ranking function

[xr_0 = 1/2, xr_2 = 1/8, xr_1 = 1/2]
ranking function : 0.2123 *  x[0]^3.0 *  x[1]^0.5 *  x[2]^2.0 + 0.0393 *  x[0]^0.5 *  x[1]^-1.0 *  x[2]^0.5 - 0.0193 *  x[0]^-0.5 *  x[1]^3.0 - 0.001 *  x[0]^2.0 *  x[1]^-3.0 *  x[2]^-2.0

2019-05-03-02-35-22   >>>>   End verify ranking function

verifying time = 1534.249 ms


Not Found Ranking Fcuntion

Conterexample is 

[0.5, 0.5, 0.125]

sampling time = 1.194 ms


       ########################################         

iteration 20 with 476 examples

2019-05-03-02-35-22   >>>>   Start train ranking function

2019-05-03-02-35-22   >>>>   End train ranking function

train_ranking_functioning time = 19.239 ms


2019-05-03-02-35-22   >>>>   Start verify ranking function

[xr_0 = 54, xr_2 = 1/8, xr_1 = 1/2]
ranking function : 0.2036 *  x[0]^3.0 *  x[1]^0.5 *  x[2]^2.0 + 0.0314 *  x[0]^0.5 *  x[1]^-1.0 *  x[2]^0.5 - 0.02 *  x[0]^-0.5 *  x[1]^3.0 + 0.0006 *  x[0]^2.0 *  x[1]^-3.0 *  x[2]^-2.0

2019-05-03-02-35-22   >>>>   End verify ranking function

verifying time = 36.093 ms


Not Found Ranking Fcuntion

Conterexample is 

[54, 0.5, 0.125]

sampling time = 1.191 ms


       ########################################         

iteration 21 with 478 examples

2019-05-03-02-35-22   >>>>   Start train ranking function

2019-05-03-02-35-22   >>>>   End train ranking function

train_ranking_functioning time = 19.116 ms


2019-05-03-02-35-22   >>>>   Start verify ranking function

[xr_0 = 54, xr_2 = 1/8, xr_1 = 1/2]
ranking function : 0.1988 *  x[0]^3.0 *  x[1]^0.5 *  x[2]^2.0 + 0.0351 *  x[0]^0.5 *  x[1]^-1.0 *  x[2]^0.5 - 0.0187 *  x[0]^-0.5 *  x[1]^3.0 + 0.0057 *  x[0]^2.0 *  x[1]^-3.0 *  x[2]^-2.0

2019-05-03-02-35-22   >>>>   End verify ranking function

verifying time = 89.765 ms


Not Found Ranking Fcuntion

Conterexample is 

[54, 0.5, 0.125]

sampling time = 1.181 ms


       ########################################         

iteration 22 with 480 examples

2019-05-03-02-35-22   >>>>   Start train ranking function

2019-05-03-02-35-22   >>>>   End train ranking function

train_ranking_functioning time = 18.766 ms


2019-05-03-02-35-22   >>>>   Start verify ranking function

[xr_0 = 54, xr_2 = 1/8, xr_1 = 1/2]
ranking function : 0.2047 *  x[0]^3.0 *  x[1]^0.5 *  x[2]^2.0 + 0.0369 *  x[0]^0.5 *  x[1]^-1.0 *  x[2]^0.5 - 0.0222 *  x[0]^-0.5 *  x[1]^3.0 + 0.0075 *  x[0]^2.0 *  x[1]^-3.0 *  x[2]^-2.0

2019-05-03-02-35-22   >>>>   End verify ranking function

verifying time = 23.136 ms


Not Found Ranking Fcuntion

Conterexample is 

[54, 0.5, 0.125]

sampling time = 1.187 ms


       ########################################         

iteration 23 with 482 examples

2019-05-03-02-35-22   >>>>   Start train ranking function

2019-05-03-02-35-22   >>>>   End train ranking function

train_ranking_functioning time = 19.681 ms


2019-05-03-02-35-22   >>>>   Start verify ranking function

[xr_0 = 54, xr_2 = 1/8, xr_1 = 1/2]
ranking function : 0.2015 *  x[0]^3.0 *  x[1]^0.5 *  x[2]^2.0 + 0.0323 *  x[0]^0.5 *  x[1]^-1.0 *  x[2]^0.5 - 0.0219 *  x[0]^-0.5 *  x[1]^3.0 + 0.0035 *  x[0]^2.0 *  x[1]^-3.0 *  x[2]^-2.0

2019-05-03-02-35-23   >>>>   End verify ranking function

verifying time = 1473.181 ms


Not Found Ranking Fcuntion

Conterexample is 

[54, 0.5, 0.125]

sampling time = 1.328 ms


       ########################################         

iteration 24 with 484 examples

2019-05-03-02-35-23   >>>>   Start train ranking function

2019-05-03-02-35-23   >>>>   End train ranking function

train_ranking_functioning time = 21.169 ms


2019-05-03-02-35-23   >>>>   Start verify ranking function

[xr_0 = 54, xr_2 = 1/8, xr_1 = 1/2]
ranking function : 0.2086 *  x[0]^3.0 *  x[1]^0.5 *  x[2]^2.0 + 0.0346 *  x[0]^0.5 *  x[1]^-1.0 *  x[2]^0.5 - 0.032 *  x[0]^-0.5 *  x[1]^3.0 + 0.0137 *  x[0]^2.0 *  x[1]^-3.0 *  x[2]^-2.0

2019-05-03-02-35-25   >>>>   End verify ranking function

verifying time = 1484.278 ms


Not Found Ranking Fcuntion

Conterexample is 

[54, 0.5, 0.125]

sampling time = 1.225 ms


Failed to prove it is terminated

UNKNOWN
------Using Template 2 -----------
12 [4, 4, 4]
*****************************************************

2019-05-03-02-35-25   >>>>   End sampling point

sampling time = 631.726 ms,


       ########################################         

iteration 0 with 872 examples

2019-05-03-02-35-25   >>>>   Start train ranking function

2019-05-03-02-35-25   >>>>   End train ranking function

train_ranking_functioning time = 2.147 ms


2019-05-03-02-35-25   >>>>   Start verify ranking function

[xr_1 = 0, xr_2 = 19571/455, xr_0 = 0]
ranking function : 0.9581 *  x[0]^1.0 + 1.6597 *  x[1]^1.0 + 3.2284 *  x[2]^1.0 + 2.5938 * 1; 1.8675 *  x[0]^1.0 + 0.9854 *  x[1]^1.0 - 0.0996 *  x[2]^1.0 + 2.2181 * 1; 0.9249 *  x[0]^1.0 - 0.0539 *  x[1]^1.0 + 0.0283 *  x[2]^1.0 + 2.063 * 1

2019-05-03-02-35-25   >>>>   End verify ranking function

verifying time = 7.652 ms


Not Found Ranking Fcuntion

Conterexample is 

[0, 0, 43.01318681318681]

sampling time = 3.313 ms


       ########################################         

iteration 1 with 876 examples

2019-05-03-02-35-25   >>>>   Start train ranking function

2019-05-03-02-35-26   >>>>   End train ranking function

train_ranking_functioning time = 8.541 ms


2019-05-03-02-35-26   >>>>   Start verify ranking function

[xr_1 = 0, xr_2 = 38894/35, xr_0 = 0]
ranking function : 0.9457 *  x[0]^1.0 + 1.6495 *  x[1]^1.0 + 3.2955 *  x[2]^1.0 + 2.622 * 1; 1.8767 *  x[0]^1.0 + 0.9991 *  x[1]^1.0 - 0.1023 *  x[2]^1.0 + 2.2177 * 1; 0.9366 *  x[0]^1.0 - 0.0554 *  x[1]^1.0 + 0.0289 *  x[2]^1.0 + 2.0772 * 1

2019-05-03-02-35-26   >>>>   End verify ranking function

verifying time = 8.416 ms


Not Found Ranking Fcuntion

Conterexample is 

[0, 0, 1111.2571428571428]

sampling time = 2.948 ms


       ########################################         

iteration 2 with 880 examples

2019-05-03-02-35-26   >>>>   Start train ranking function

2019-05-03-02-35-26   >>>>   End train ranking function

train_ranking_functioning time = 8.537 ms


2019-05-03-02-35-26   >>>>   Start verify ranking function

[xr_1 = 3245/206, xr_2 = 0, xr_0 = 0]
ranking function : 0.948 *  x[0]^1.0 + 1.6488 *  x[1]^1.0 + 3.2974 *  x[2]^1.0 + 2.6335 * 1; 1.8818 *  x[0]^1.0 + 0.9979 *  x[1]^1.0 - 0.0757 *  x[2]^1.0 + 2.2094 * 1; 0.9419 *  x[0]^1.0 - 0.0586 *  x[1]^1.0 + 0.0303 *  x[2]^1.0 + 2.0856 * 1

2019-05-03-02-35-26   >>>>   End verify ranking function

verifying time = 7.784 ms


Not Found Ranking Fcuntion

Conterexample is 

[0, 15.75242718446602, 0]

sampling time = 2.911 ms


       ########################################         

iteration 3 with 884 examples

2019-05-03-02-35-26   >>>>   Start train ranking function

2019-05-03-02-35-26   >>>>   End train ranking function

train_ranking_functioning time = 9.988 ms


2019-05-03-02-35-26   >>>>   Start verify ranking function

[xr_1 = 0, xr_2 = -19083/5, xr_0 = 0]
ranking function : 0.9093 *  x[0]^1.0 + 1.76 *  x[1]^1.0 + 3.521 *  x[2]^1.0 + 2.7094 * 1; 1.989 *  x[0]^1.0 + 1.0308 *  x[1]^1.0 - 0.0774 *  x[2]^1.0 + 2.2992 * 1; 0.9749 *  x[0]^1.0 - 0.0598 *  x[1]^1.0 + 0.0311 *  x[2]^1.0 + 2.1238 * 1

2019-05-03-02-35-26   >>>>   End verify ranking function

verifying time = 7.748 ms


Not Found Ranking Fcuntion

Conterexample is 

[0, 0, -3816.6]

sampling time = 2.923 ms


       ########################################         

iteration 4 with 888 examples

2019-05-03-02-35-26   >>>>   Start train ranking function

2019-05-03-02-35-26   >>>>   End train ranking function

train_ranking_functioning time = 9.272 ms


2019-05-03-02-35-26   >>>>   Start verify ranking function

[xr_1 = 18733/461, xr_2 = 0, xr_0 = 0]
ranking function : 0.8743 *  x[0]^1.0 + 1.6564 *  x[1]^1.0 + 3.3139 *  x[2]^1.0 + 2.0896 * 1; 1.6452 *  x[0]^1.0 + 3.2424 *  x[1]^1.0 - 0.1415 *  x[2]^1.0 + 2.4735 * 1; 1.8109 *  x[0]^1.0 - 0.1383 *  x[1]^1.0 + 0.0006 *  x[2]^1.0 + 3.1329 * 1

2019-05-03-02-35-26   >>>>   End verify ranking function

verifying time = 7.662 ms


Not Found Ranking Fcuntion

Conterexample is 

[0, 40.635574837310195, 0]

sampling time = 2.901 ms


       ########################################         

iteration 5 with 892 examples

2019-05-03-02-35-26   >>>>   Start train ranking function

2019-05-03-02-35-26   >>>>   End train ranking function

train_ranking_functioning time = 10.608 ms


2019-05-03-02-35-26   >>>>   Start verify ranking function

[xr_1 = 0, xr_2 = -12484/3, xr_0 = 0]
ranking function : 0.8736 *  x[0]^1.0 + 1.719 *  x[1]^1.0 + 3.4389 *  x[2]^1.0 + 2.1553 * 1; 1.6904 *  x[0]^1.0 + 3.4091 *  x[1]^1.0 - 0.0578 *  x[2]^1.0 + 2.5569 * 1; 1.9054 *  x[0]^1.0 - 0.0544 *  x[1]^1.0 + 0.0006 *  x[2]^1.0 + 3.1781 * 1

2019-05-03-02-35-26   >>>>   End verify ranking function

verifying time = 7.714 ms


Not Found Ranking Fcuntion

Conterexample is 

[0, 0, -4161.333333333333]

sampling time = 2.959 ms


       ########################################         

iteration 6 with 896 examples

2019-05-03-02-35-26   >>>>   Start train ranking function

2019-05-03-02-35-26   >>>>   End train ranking function

train_ranking_functioning time = 10.092 ms


2019-05-03-02-35-26   >>>>   Start verify ranking function

[xr_1 = 0, xr_2 = -9333/2, xr_0 = 0]
ranking function : 0.8676 *  x[0]^1.0 + 1.7108 *  x[1]^1.0 + 3.4224 *  x[2]^1.0 + 2.1467 * 1; 1.6824 *  x[0]^1.0 + 3.393 *  x[1]^1.0 - 0.0574 *  x[2]^1.0 + 2.5481 * 1; 1.897 *  x[0]^1.0 - 0.0541 *  x[1]^1.0 + 0.0006 *  x[2]^1.0 + 3.1685 * 1

2019-05-03-02-35-26   >>>>   End verify ranking function

verifying time = 7.742 ms


Not Found Ranking Fcuntion

Conterexample is 

[0, 0, -4666.5]

sampling time = 2.880 ms


       ########################################         

iteration 7 with 900 examples

2019-05-03-02-35-26   >>>>   Start train ranking function

2019-05-03-02-35-26   >>>>   End train ranking function

train_ranking_functioning time = 11.017 ms


2019-05-03-02-35-26   >>>>   Start verify ranking function

[xr_1 = 0, xr_2 = 37508/5, xr_0 = 0]
ranking function : 0.8764 *  x[0]^1.0 + 1.7226 *  x[1]^1.0 + 3.4447 *  x[2]^1.0 + 2.1577 * 1; 1.6921 *  x[0]^1.0 + 3.4143 *  x[1]^1.0 - 0.0575 *  x[2]^1.0 + 2.5601 * 1; 1.9083 *  x[0]^1.0 - 0.0545 *  x[1]^1.0 + 0.0005 *  x[2]^1.0 + 3.1815 * 1

2019-05-03-02-35-26   >>>>   End verify ranking function

verifying time = 7.716 ms


Not Found Ranking Fcuntion

Conterexample is 

[0, 0, 7501.6]

sampling time = 2.922 ms


       ########################################         

iteration 8 with 904 examples

2019-05-03-02-35-26   >>>>   Start train ranking function

2019-05-03-02-35-26   >>>>   End train ranking function

train_ranking_functioning time = 10.519 ms


2019-05-03-02-35-26   >>>>   Start verify ranking function

[xr_1 = 18688/129, xr_2 = 0, xr_0 = 0]
ranking function : 0.8698 *  x[0]^1.0 + 1.7138 *  x[1]^1.0 + 3.4289 *  x[2]^1.0 + 2.1506 * 1; 1.6857 *  x[0]^1.0 + 3.3994 *  x[1]^1.0 - 0.0568 *  x[2]^1.0 + 2.5505 * 1; 1.9006 *  x[0]^1.0 - 0.0541 *  x[1]^1.0 + 0.0006 *  x[2]^1.0 + 3.1722 * 1

2019-05-03-02-35-26   >>>>   End verify ranking function

verifying time = 7.669 ms


Not Found Ranking Fcuntion

Conterexample is 

[0, 144.86821705426357, 0]

sampling time = 2.910 ms


       ########################################         

iteration 9 with 908 examples

2019-05-03-02-35-26   >>>>   Start train ranking function

2019-05-03-02-35-26   >>>>   End train ranking function

train_ranking_functioning time = 12.337 ms


2019-05-03-02-35-26   >>>>   Start verify ranking function

[xr_1 = 0, xr_2 = -37442/3, xr_0 = 0]
ranking function : 0.8731 *  x[0]^1.0 + 1.7368 *  x[1]^1.0 + 3.4739 *  x[2]^1.0 + 2.1822 * 1; 1.7008 *  x[0]^1.0 + 3.4644 *  x[1]^1.0 - 0.0172 *  x[2]^1.0 + 2.5964 * 1; 1.9313 *  x[0]^1.0 - 0.0153 *  x[1]^1.0 + 0.0006 *  x[2]^1.0 + 3.1983 * 1

2019-05-03-02-35-26   >>>>   End verify ranking function

verifying time = 7.902 ms


Not Found Ranking Fcuntion

Conterexample is 

[0, 0, -12480.666666666666]

sampling time = 3.031 ms


       ########################################         

iteration 10 with 912 examples

2019-05-03-02-35-26   >>>>   Start train ranking function

2019-05-03-02-35-26   >>>>   End train ranking function

train_ranking_functioning time = 12.863 ms


2019-05-03-02-35-26   >>>>   Start verify ranking function

[xr_1 = 18720/47, xr_2 = 0, xr_0 = 0]
ranking function : 0.873 *  x[0]^1.0 + 1.7366 *  x[1]^1.0 + 3.474 *  x[2]^1.0 + 2.1821 * 1; 1.7009 *  x[0]^1.0 + 3.4648 *  x[1]^1.0 - 0.0172 *  x[2]^1.0 + 2.5965 * 1; 1.9311 *  x[0]^1.0 - 0.0157 *  x[1]^1.0 + 0.0005 *  x[2]^1.0 + 3.1985 * 1

2019-05-03-02-35-26   >>>>   End verify ranking function

verifying time = 7.873 ms


Not Found Ranking Fcuntion

Conterexample is 

[0, 398.29787234042556, 0]

sampling time = 2.908 ms


       ########################################         

iteration 11 with 916 examples

2019-05-03-02-35-26   >>>>   Start train ranking function

2019-05-03-02-35-26   >>>>   End train ranking function

train_ranking_functioning time = 11.521 ms


2019-05-03-02-35-26   >>>>   Start verify ranking function

[xr_1 = 0, xr_2 = -4677, xr_0 = 0]
ranking function : 0.8718 *  x[0]^1.0 + 1.7401 *  x[1]^1.0 + 3.481 *  x[2]^1.0 + 2.1891 * 1; 1.7017 *  x[0]^1.0 + 3.4765 *  x[1]^1.0 - 0.0072 *  x[2]^1.0 + 2.6089 * 1; 1.9347 *  x[0]^1.0 - 0.0056 *  x[1]^1.0 + 0.0004 *  x[2]^1.0 + 3.201 * 1

2019-05-03-02-35-26   >>>>   End verify ranking function

verifying time = 7.668 ms


Not Found Ranking Fcuntion

Conterexample is 

[0, 0, -4677]

sampling time = 2.896 ms


       ########################################         

iteration 12 with 920 examples

2019-05-03-02-35-26   >>>>   Start train ranking function

2019-05-03-02-35-26   >>>>   End train ranking function

train_ranking_functioning time = 11.409 ms


2019-05-03-02-35-26   >>>>   Start verify ranking function

[xr_1 = 37420/39, xr_2 = 0, xr_0 = 0]
ranking function : 0.872 *  x[0]^1.0 + 1.7401 *  x[1]^1.0 + 3.4811 *  x[2]^1.0 + 2.1893 * 1; 1.7019 *  x[0]^1.0 + 3.4767 *  x[1]^1.0 - 0.008 *  x[2]^1.0 + 2.6091 * 1; 1.9349 *  x[0]^1.0 - 0.0047 *  x[1]^1.0 + 0.0005 *  x[2]^1.0 + 3.2012 * 1

2019-05-03-02-35-26   >>>>   End verify ranking function

verifying time = 7.654 ms


Not Found Ranking Fcuntion

Conterexample is 

[0, 959.4871794871794, 0]

sampling time = 2.888 ms


       ########################################         

iteration 13 with 924 examples

2019-05-03-02-35-26   >>>>   Start train ranking function

2019-05-03-02-35-26   >>>>   End train ranking function

train_ranking_functioning time = 11.964 ms


2019-05-03-02-35-26   >>>>   Start verify ranking function

[xr_1 = 3117, xr_2 = 0, xr_0 = 0]
ranking function : 0.8712 *  x[0]^1.0 + 1.7412 *  x[1]^1.0 + 3.4833 *  x[2]^1.0 + 2.1911 * 1; 1.702 *  x[0]^1.0 + 3.4797 *  x[1]^1.0 - 0.006 *  x[2]^1.0 + 2.6124 * 1; 1.9352 *  x[0]^1.0 - 0.0037 *  x[1]^1.0 + 0.0001 *  x[2]^1.0 + 3.2016 * 1

2019-05-03-02-35-26   >>>>   End verify ranking function

verifying time = 7.692 ms


Not Found Ranking Fcuntion

Conterexample is 

[0, 3117, 0]

sampling time = 2.887 ms


       ########################################         

iteration 14 with 928 examples

2019-05-03-02-35-26   >>>>   Start train ranking function

2019-05-03-02-35-26   >>>>   End train ranking function

train_ranking_functioning time = 13.006 ms


2019-05-03-02-35-26   >>>>   Start verify ranking function

[xr_1 = 17401, xr_0 = 0]
ranking function : 0.871 *  x[0]^1.0 + 1.7419 *  x[1]^1.0 + 3.4838 *  x[2]^1.0 + 2.1922 * 1; 1.7019 *  x[0]^1.0 + 3.4817 *  x[1]^1.0 - 0.0034 *  x[2]^1.0 + 2.6146 * 1; 1.9356 *  x[0]^1.0 - 0.0016 *  x[1]^1.0 + 0.0004 *  x[2]^1.0 + 3.2017 * 1

2019-05-03-02-35-26   >>>>   End verify ranking function

verifying time = 7.796 ms


Not Found Ranking Fcuntion

Conterexample is 

[0, 17401, 0]

sampling time = 2.956 ms


       ########################################         

iteration 15 with 932 examples

2019-05-03-02-35-26   >>>>   Start train ranking function

2019-05-03-02-35-26   >>>>   End train ranking function

train_ranking_functioning time = 12.119 ms


2019-05-03-02-35-26   >>>>   Start verify ranking function

[xr_1 = 0, xr_2 = 37390, xr_0 = 0]
ranking function : 0.8705 *  x[0]^1.0 + 1.7421 *  x[1]^1.0 + 3.4841 *  x[2]^1.0 + 2.1926 * 1; 1.7017 *  x[0]^1.0 + 3.4816 *  x[1]^1.0 - 0.0037 *  x[2]^1.0 + 2.6154 * 1; 1.9355 *  x[0]^1.0 - 0.0008 *  x[1]^1.0 + 0.0005 *  x[2]^1.0 + 3.2014 * 1

2019-05-03-02-35-26   >>>>   End verify ranking function

verifying time = 7.783 ms


Not Found Ranking Fcuntion

Conterexample is 

[0, 0, 37390]

sampling time = 2.886 ms


       ########################################         

iteration 16 with 936 examples

2019-05-03-02-35-26   >>>>   Start train ranking function

2019-05-03-02-35-26   >>>>   End train ranking function

train_ranking_functioning time = 12.599 ms


2019-05-03-02-35-26   >>>>   Start verify ranking function

[xr_1 = 0, xr_2 = -37396/7, xr_0 = 0]
ranking function : 0.8708 *  x[0]^1.0 + 1.7415 *  x[1]^1.0 + 3.4837 *  x[2]^1.0 + 2.1929 * 1; 1.7016 *  x[0]^1.0 + 3.4824 *  x[1]^1.0 - 0.0014 *  x[2]^1.0 + 2.615 * 1; 1.9359 *  x[0]^1.0 - 0.0007 *  x[1]^1.0 + 0.0007 *  x[2]^1.0 + 3.2016 * 1

2019-05-03-02-35-26   >>>>   End verify ranking function

verifying time = 7.753 ms


Not Found Ranking Fcuntion

Conterexample is 

[0, 0, -5342.285714285715]

sampling time = 2.955 ms


       ########################################         

iteration 17 with 940 examples

2019-05-03-02-35-26   >>>>   Start train ranking function

2019-05-03-02-35-26   >>>>   End train ranking function

train_ranking_functioning time = 13.160 ms


2019-05-03-02-35-26   >>>>   Start verify ranking function

[xr_2 = -17405/11, xr_0 = 0]
ranking function : 0.8707 *  x[0]^1.0 + 1.7414 *  x[1]^1.0 + 3.4839 *  x[2]^1.0 + 2.1928 * 1; 1.7017 *  x[0]^1.0 + 3.4817 *  x[1]^1.0 - 0.0021 *  x[2]^1.0 + 2.615 * 1; 1.9356 *  x[0]^1.0 - 0.0009 *  x[1]^1.0 + 0.0005 *  x[2]^1.0 + 3.2017 * 1

2019-05-03-02-35-26   >>>>   End verify ranking function

verifying time = 7.528 ms


Not Found Ranking Fcuntion

Conterexample is 

[0, 0, -1582.2727272727273]

sampling time = 2.956 ms


       ########################################         

iteration 18 with 944 examples

2019-05-03-02-35-26   >>>>   Start train ranking function

2019-05-03-02-35-26   >>>>   End train ranking function

train_ranking_functioning time = 16.197 ms


2019-05-03-02-35-26   >>>>   Start verify ranking function

[xr_2 = -17401/7, xr_0 = 0]
ranking function : 0.8707 *  x[0]^1.0 + 1.7414 *  x[1]^1.0 + 3.4835 *  x[2]^1.0 + 2.1927 * 1; 1.7014 *  x[0]^1.0 + 3.4817 *  x[1]^1.0 - 0.003 *  x[2]^1.0 + 2.6149 * 1; 1.9355 *  x[0]^1.0 - 0.001 *  x[1]^1.0 + 0.0005 *  x[2]^1.0 + 3.2016 * 1

2019-05-03-02-35-26   >>>>   End verify ranking function

verifying time = 7.555 ms


Not Found Ranking Fcuntion

Conterexample is 

[0, 0, -2485.8571428571427]

sampling time = 2.903 ms


       ########################################         

iteration 19 with 948 examples

2019-05-03-02-35-26   >>>>   Start train ranking function

2019-05-03-02-35-26   >>>>   End train ranking function

train_ranking_functioning time = 16.893 ms


2019-05-03-02-35-26   >>>>   Start verify ranking function

[xr_1 = 0, xr_2 = -18698/5, xr_0 = 0]
ranking function : 0.8708 *  x[0]^1.0 + 1.7415 *  x[1]^1.0 + 3.484 *  x[2]^1.0 + 2.1929 * 1; 1.7015 *  x[0]^1.0 + 3.4819 *  x[1]^1.0 - 0.0023 *  x[2]^1.0 + 2.615 * 1; 1.9356 *  x[0]^1.0 - 0.0012 *  x[1]^1.0 + 0.0006 *  x[2]^1.0 + 3.2014 * 1

2019-05-03-02-35-26   >>>>   End verify ranking function
