------Using Template 0 -----------
4 [4]
*****************************************************

2019-05-03-02-40-16   >>>>   End sampling point

sampling time = 217.669 ms,


       ########################################         

iteration 0 with 436 examples

2019-05-03-02-40-16   >>>>   Start train ranking function

2019-05-03-02-40-16   >>>>   End train ranking function

train_ranking_functioning time = 1.205 ms


2019-05-03-02-40-16   >>>>   Start verify ranking function

[xr_1 = 19283/2091, xr_2 = 0, xr_0 = 0]
ranking function : 0.9293 *  x[0]^1.0 + 1.4404 *  x[1]^1.0 + 2.7488 *  x[2]^1.0 + 5.7089 * 1

2019-05-03-02-40-16   >>>>   End verify ranking function

verifying time = 7.776 ms


Not Found Ranking Fcuntion

Conterexample is 

[0, 9.221903395504544, 0]

sampling time = 1.079 ms


       ########################################         

iteration 1 with 438 examples

2019-05-03-02-40-17   >>>>   Start train ranking function

2019-05-03-02-40-17   >>>>   End train ranking function

train_ranking_functioning time = 8.083 ms


2019-05-03-02-40-17   >>>>   Start verify ranking function

[xr_1 = 0, xr_2 = 37558/1025, xr_0 = 0]
ranking function : 0.8789 *  x[0]^1.0 + 1.548 *  x[1]^1.0 + 2.9935 *  x[2]^1.0 + 6.0259 * 1

2019-05-03-02-40-17   >>>>   End verify ranking function

verifying time = 8.195 ms


Not Found Ranking Fcuntion

Conterexample is 

[0, 0, 36.641951219512194]

sampling time = 1.012 ms


       ########################################         

iteration 2 with 440 examples

2019-05-03-02-40-17   >>>>   Start train ranking function

2019-05-03-02-40-17   >>>>   End train ranking function

train_ranking_functioning time = 7.507 ms


2019-05-03-02-40-17   >>>>   Start verify ranking function

[xr_1 = 37192/1843, xr_2 = 0, xr_0 = 0]
ranking function : 0.8606 *  x[0]^1.0 + 1.5369 *  x[1]^1.0 + 3.0696 *  x[2]^1.0 + 6.084 * 1

2019-05-03-02-40-17   >>>>   End verify ranking function

verifying time = 7.846 ms


Not Found Ranking Fcuntion

Conterexample is 

[0, 20.180141074335324, 0]

sampling time = 1.008 ms


       ########################################         

iteration 3 with 442 examples

2019-05-03-02-40-17   >>>>   Start train ranking function

2019-05-03-02-40-17   >>>>   End train ranking function

train_ranking_functioning time = 7.989 ms


2019-05-03-02-40-17   >>>>   Start verify ranking function

[xr_1 = 0, xr_2 = 36780/7, xr_0 = 0]
ranking function : 0.84 *  x[0]^1.0 + 1.6216 *  x[1]^1.0 + 3.2425 *  x[2]^1.0 + 6.3256 * 1

2019-05-03-02-40-17   >>>>   End verify ranking function

verifying time = 7.672 ms


Not Found Ranking Fcuntion

Conterexample is 

[0, 0, 5254.285714285715]

sampling time = 1.001 ms


       ########################################         

iteration 4 with 444 examples

2019-05-03-02-40-17   >>>>   Start train ranking function

2019-05-03-02-40-17   >>>>   End train ranking function

train_ranking_functioning time = 8.030 ms


2019-05-03-02-40-17   >>>>   Start verify ranking function

[xr_1 = 0, xr_2 = -36796/21, xr_0 = 0]
ranking function : 0.8408 *  x[0]^1.0 + 1.6223 *  x[1]^1.0 + 3.2467 *  x[2]^1.0 + 6.3316 * 1

2019-05-03-02-40-17   >>>>   End verify ranking function

verifying time = 7.639 ms


Not Found Ranking Fcuntion

Conterexample is 

[0, 0, -1752.1904761904761]

sampling time = 1.010 ms


       ########################################         

iteration 5 with 446 examples

2019-05-03-02-40-17   >>>>   Start train ranking function

2019-05-03-02-40-17   >>>>   End train ranking function

train_ranking_functioning time = 7.431 ms


2019-05-03-02-40-17   >>>>   Start verify ranking function

[xr_1 = 11510/1509, xr_2 = 0, xr_0 = 0]
ranking function : 0.152 *  x[0]^1.0 + 0.0022 *  x[1]^1.0 + 0.0028 *  x[2]^1.0 + 1.0817 * 1

2019-05-03-02-40-17   >>>>   End verify ranking function

verifying time = 7.662 ms


Not Found Ranking Fcuntion

Conterexample is 

[0, 7.627567925778662, 0]

sampling time = 1.000 ms


       ########################################         

iteration 6 with 448 examples

2019-05-03-02-40-17   >>>>   Start train ranking function

2019-05-03-02-40-17   >>>>   End train ranking function

train_ranking_functioning time = 7.580 ms


2019-05-03-02-40-17   >>>>   Start verify ranking function

[xr_1 = 5719/723, xr_2 = 0, xr_0 = 0]
ranking function : 0.1448 *  x[0]^1.0 + 0.0004 *  x[1]^1.0 + 0.0018 *  x[2]^1.0 + 1.0298 * 1

2019-05-03-02-40-17   >>>>   End verify ranking function

verifying time = 7.841 ms


Not Found Ranking Fcuntion

Conterexample is 

[0, 7.910096818810512, 0]

sampling time = 1.004 ms


       ########################################         

iteration 7 with 450 examples

2019-05-03-02-40-17   >>>>   Start train ranking function

2019-05-03-02-40-17   >>>>   End train ranking function

train_ranking_functioning time = 8.035 ms


2019-05-03-02-40-17   >>>>   Start verify ranking function

[xr_1 = 1917/248, xr_2 = 0, xr_0 = 0]
ranking function : 0.1512 *  x[0]^1.0 + 0.0048 *  x[1]^1.0 + 0.0028 *  x[2]^1.0 + 1.0393 * 1

2019-05-03-02-40-17   >>>>   End verify ranking function

verifying time = 7.679 ms


Not Found Ranking Fcuntion

Conterexample is 

[0, 7.729838709677419, 0]

sampling time = 0.982 ms


       ########################################         

iteration 8 with 452 examples

2019-05-03-02-40-17   >>>>   Start train ranking function

2019-05-03-02-40-17   >>>>   End train ranking function

train_ranking_functioning time = 8.260 ms


2019-05-03-02-40-17   >>>>   Start verify ranking function

[xr_1 = 2861/357, xr_2 = 0, xr_0 = 0]
ranking function : 0.1454 *  x[0]^1.0 + 0.0052 *  x[1]^1.0 + 0.0014 *  x[2]^1.0 + 1.034 * 1

2019-05-03-02-40-17   >>>>   End verify ranking function

verifying time = 7.675 ms


Not Found Ranking Fcuntion

Conterexample is 

[0, 8.014005602240896, 0]

sampling time = 0.985 ms


       ########################################         

iteration 9 with 454 examples

2019-05-03-02-40-17   >>>>   Start train ranking function

2019-05-03-02-40-17   >>>>   End train ranking function

train_ranking_functioning time = 8.564 ms


2019-05-03-02-40-17   >>>>   Start verify ranking function

[xr_1 = 22744/2715, xr_2 = 0, xr_0 = 0]
ranking function : 0.1382 *  x[0]^1.0 + 0.0049 *  x[1]^1.0 - 0.0017 *  x[2]^1.0 + 1.0293 * 1

2019-05-03-02-40-17   >>>>   End verify ranking function

verifying time = 7.684 ms


Not Found Ranking Fcuntion

Conterexample is 

[0, 8.377163904235728, 0]

sampling time = 1.001 ms


       ########################################         

iteration 10 with 456 examples

2019-05-03-02-40-17   >>>>   Start train ranking function

2019-05-03-02-40-17   >>>>   End train ranking function

train_ranking_functioning time = 8.828 ms


2019-05-03-02-40-17   >>>>   Start verify ranking function

[xr_1 = 2064/239, xr_2 = 0, xr_0 = 0]
ranking function : 0.1362 *  x[0]^1.0 + 0.0095 *  x[1]^1.0 + 0.0017 *  x[2]^1.0 + 1.0338 * 1

2019-05-03-02-40-17   >>>>   End verify ranking function

verifying time = 7.762 ms


Not Found Ranking Fcuntion

Conterexample is 

[0, 8.635983263598327, 0]

sampling time = 0.992 ms


       ########################################         

iteration 11 with 458 examples

2019-05-03-02-40-17   >>>>   Start train ranking function

2019-05-03-02-40-17   >>>>   End train ranking function

train_ranking_functioning time = 8.832 ms


2019-05-03-02-40-17   >>>>   Start verify ranking function

[xr_1 = 5579/564, xr_2 = 0, xr_0 = 0]
ranking function : 0.1168 *  x[0]^1.0 + 0.008 *  x[1]^1.0 + 0.0006 *  x[2]^1.0 + 1.0145 * 1

2019-05-03-02-40-17   >>>>   End verify ranking function

verifying time = 7.687 ms


Not Found Ranking Fcuntion

Conterexample is 

[0, 9.891843971631205, 0]

sampling time = 1.055 ms


       ########################################         

iteration 12 with 460 examples

2019-05-03-02-40-17   >>>>   Start train ranking function

2019-05-03-02-40-17   >>>>   End train ranking function

train_ranking_functioning time = 9.236 ms


2019-05-03-02-40-17   >>>>   Start verify ranking function

[xr_1 = 22168/2077, xr_2 = 0, xr_0 = 0]
ranking function : 0.1094 *  x[0]^1.0 + 0.0111 *  x[1]^1.0 + 0.0025 *  x[2]^1.0 + 1.0318 * 1

2019-05-03-02-40-17   >>>>   End verify ranking function
