------Using Template 0 -----------
6 [6]
*****************************************************

2019-05-03-02-50-18   >>>>   End sampling point

sampling time = 864.614 ms,


       ########################################         

iteration 0 with 1028 examples

2019-05-03-02-50-18   >>>>   Start train ranking function

2019-05-03-02-50-18   >>>>   End train ranking function

train_ranking_functioning time = 21.830 ms


2019-05-03-02-50-18   >>>>   Start verify ranking function

[xr_4 = 0, xr_1 = 0, xr_3 = -9989/2, xr_2 = 0, xr_0 = 1]
ranking function : 0.9988 *  x[0]^1.0 - 0.0312 *  x[1]^1.0 - 0.0781 *  x[2]^1.0 + 0.0032 *  x[3]^1.0 + 0.0061 *  x[4]^1.0 + 0.8 * 1

2019-05-03-02-50-18   >>>>   End verify ranking function

verifying time = 10.065 ms


Not Found Ranking Fcuntion

Conterexample is 

[1, 0, 0, -4994.5, 0]

sampling time = 1.783 ms


       ########################################         

iteration 1 with 1030 examples

2019-05-03-02-50-18   >>>>   Start train ranking function

2019-05-03-02-50-18   >>>>   End train ranking function

train_ranking_functioning time = 20.225 ms


2019-05-03-02-50-18   >>>>   Start verify ranking function

[xr_4 = 0, xr_1 = 0, xr_3 = 0, xr_2 = -19986/7, xr_0 = 1]
ranking function : 0.9996 *  x[0]^1.0 - 0.0311 *  x[1]^1.0 - 0.0781 *  x[2]^1.0 + 0.0024 *  x[3]^1.0 + 0.006 *  x[4]^1.0 + 0.8001 * 1

2019-05-03-02-50-18   >>>>   End verify ranking function

verifying time = 9.950 ms


Not Found Ranking Fcuntion

Conterexample is 

[1, 0, -2855.1428571428573, 0, 0]

sampling time = 1.747 ms


       ########################################         

iteration 2 with 1032 examples

2019-05-03-02-50-18   >>>>   Start train ranking function

2019-05-03-02-50-18   >>>>   End train ranking function

train_ranking_functioning time = 20.354 ms


2019-05-03-02-50-18   >>>>   Start verify ranking function

[xr_4 = 0, xr_1 = 0, xr_3 = 0, xr_2 = -19983/7, xr_0 = 1]
ranking function : 0.9993 *  x[0]^1.0 - 0.0311 *  x[1]^1.0 - 0.0781 *  x[2]^1.0 + 0.0025 *  x[3]^1.0 + 0.0061 *  x[4]^1.0 + 0.8001 * 1

2019-05-03-02-50-18   >>>>   End verify ranking function

verifying time = 9.811 ms


Not Found Ranking Fcuntion

Conterexample is 

[1, 0, -2854.714285714286, 0, 0]

sampling time = 1.740 ms


       ########################################         

iteration 3 with 1034 examples

2019-05-03-02-50-18   >>>>   Start train ranking function

2019-05-03-02-50-18   >>>>   End train ranking function

train_ranking_functioning time = 20.288 ms


2019-05-03-02-50-18   >>>>   Start verify ranking function

[xr_4 = 0, xr_1 = -4996/3, xr_3 = 0, xr_2 = 0, xr_0 = 1]
ranking function : 0.9994 *  x[0]^1.0 - 0.0311 *  x[1]^1.0 - 0.0782 *  x[2]^1.0 + 0.0025 *  x[3]^1.0 + 0.0061 *  x[4]^1.0 + 0.8001 * 1

2019-05-03-02-50-18   >>>>   End verify ranking function

verifying time = 9.791 ms


Not Found Ranking Fcuntion

Conterexample is 

[1, -1665.3333333333333, 0, 0, 0]

sampling time = 1.720 ms


       ########################################         

iteration 4 with 1036 examples

2019-05-03-02-50-18   >>>>   Start train ranking function

2019-05-03-02-50-19   >>>>   End train ranking function

train_ranking_functioning time = 21.834 ms


2019-05-03-02-50-19   >>>>   Start verify ranking function

[xr_4 = 0, xr_1 = -19985, xr_3 = 0, xr_2 = 0, xr_0 = 1]
ranking function : 0.9995 *  x[0]^1.0 - 0.0312 *  x[1]^1.0 - 0.0781 *  x[2]^1.0 + 0.0023 *  x[3]^1.0 + 0.0061 *  x[4]^1.0 + 0.8001 * 1

2019-05-03-02-50-19   >>>>   End verify ranking function

verifying time = 10.363 ms


Not Found Ranking Fcuntion

Conterexample is 

[1, -19985, 0, 0, 0]

sampling time = 1.770 ms


       ########################################         

iteration 5 with 1038 examples

2019-05-03-02-50-19   >>>>   Start train ranking function

2019-05-03-02-50-19   >>>>   End train ranking function

train_ranking_functioning time = 20.590 ms


2019-05-03-02-50-19   >>>>   Start verify ranking function

[xr_4 = 9992/11, xr_1 = 0, xr_3 = 0, xr_2 = 0, xr_0 = 1]
ranking function : 0.9994 *  x[0]^1.0 - 0.0311 *  x[1]^1.0 - 0.0782 *  x[2]^1.0 + 0.0025 *  x[3]^1.0 + 0.0061 *  x[4]^1.0 + 0.8001 * 1

2019-05-03-02-50-19   >>>>   End verify ranking function

verifying time = 9.779 ms


Not Found Ranking Fcuntion

Conterexample is 

[1, 0, 0, 0, 908.3636363636364]

sampling time = 1.732 ms


       ########################################         

iteration 6 with 1040 examples

2019-05-03-02-50-19   >>>>   Start train ranking function

2019-05-03-02-50-19   >>>>   End train ranking function

train_ranking_functioning time = 20.669 ms


2019-05-03-02-50-19   >>>>   Start verify ranking function

[xr_4 = 0, xr_1 = -9991/6, xr_3 = 0, xr_2 = 0, xr_0 = 1]
ranking function : 0.9992 *  x[0]^1.0 - 0.031 *  x[1]^1.0 - 0.0782 *  x[2]^1.0 + 0.0025 *  x[3]^1.0 + 0.0061 *  x[4]^1.0 + 0.8001 * 1

2019-05-03-02-50-19   >>>>   End verify ranking function

verifying time = 9.846 ms


Not Found Ranking Fcuntion

Conterexample is 

[1, -1665.1666666666667, 0, 0, 0]

sampling time = 1.731 ms


       ########################################         

iteration 7 with 1042 examples

2019-05-03-02-50-19   >>>>   Start train ranking function

2019-05-03-02-50-19   >>>>   End train ranking function

train_ranking_functioning time = 20.762 ms


2019-05-03-02-50-19   >>>>   Start verify ranking function

[xr_4 = 19983/22, xr_1 = 0, xr_3 = 0, xr_2 = 0, xr_0 = 1]
ranking function : 0.9993 *  x[0]^1.0 - 0.0311 *  x[1]^1.0 - 0.0781 *  x[2]^1.0 + 0.0025 *  x[3]^1.0 + 0.0061 *  x[4]^1.0 + 0.8001 * 1

2019-05-03-02-50-19   >>>>   End verify ranking function

verifying time = 9.954 ms


Not Found Ranking Fcuntion

Conterexample is 

[1, 0, 0, 0, 908.3181818181819]

sampling time = 1.725 ms


       ########################################         

iteration 8 with 1044 examples

2019-05-03-02-50-19   >>>>   Start train ranking function

2019-05-03-02-50-19   >>>>   End train ranking function

train_ranking_functioning time = 20.944 ms


2019-05-03-02-50-19   >>>>   Start verify ranking function

[xr_4 = 9992/11, xr_1 = 0, xr_3 = 0, xr_2 = 0, xr_0 = 1]
ranking function : 0.9994 *  x[0]^1.0 - 0.0312 *  x[1]^1.0 - 0.0782 *  x[2]^1.0 + 0.0025 *  x[3]^1.0 + 0.0061 *  x[4]^1.0 + 0.8001 * 1

2019-05-03-02-50-19   >>>>   End verify ranking function

verifying time = 10.074 ms


Not Found Ranking Fcuntion

Conterexample is 

[1, 0, 0, 0, 908.3636363636364]

sampling time = 1.725 ms


       ########################################         

iteration 9 with 1046 examples

2019-05-03-02-50-19   >>>>   Start train ranking function

2019-05-03-02-50-19   >>>>   End train ranking function

train_ranking_functioning time = 21.173 ms


2019-05-03-02-50-19   >>>>   Start verify ranking function

[xr_4 = 0, xr_1 = -6661/5, xr_3 = 0, xr_2 = 0, xr_0 = 1]
ranking function : 0.9993 *  x[0]^1.0 - 0.0312 *  x[1]^1.0 - 0.0782 *  x[2]^1.0 + 0.0027 *  x[3]^1.0 + 0.0058 *  x[4]^1.0 + 0.8001 * 1

2019-05-03-02-50-19   >>>>   End verify ranking function

verifying time = 9.821 ms


Not Found Ranking Fcuntion

Conterexample is 

[1, -1332.2, 0, 0, 0]

sampling time = 1.736 ms


       ########################################         

iteration 10 with 1048 examples

2019-05-03-02-50-19   >>>>   Start train ranking function

2019-05-03-02-50-19   >>>>   End train ranking function

train_ranking_functioning time = 22.380 ms


2019-05-03-02-50-19   >>>>   Start verify ranking function

[xr_4 = 19981/6, xr_1 = 0, xr_3 = 0, xr_2 = 0, xr_0 = 1]
ranking function : 0.9991 *  x[0]^1.0 - 0.031 *  x[1]^1.0 - 0.0782 *  x[2]^1.0 + 0.0029 *  x[3]^1.0 + 0.0061 *  x[4]^1.0 + 0.8001 * 1

2019-05-03-02-50-19   >>>>   End verify ranking function

verifying time = 9.847 ms


Not Found Ranking Fcuntion

Conterexample is 

[1, 0, 0, 0, 3330.1666666666665]

sampling time = 1.739 ms


       ########################################         

iteration 11 with 1050 examples

2019-05-03-02-50-19   >>>>   Start train ranking function

2019-05-03-02-50-19   >>>>   End train ranking function

train_ranking_functioning time = 20.910 ms


2019-05-03-02-50-19   >>>>   Start verify ranking function

[xr_4 = 0, xr_1 = 19987/3, xr_3 = 0, xr_2 = 0, xr_0 = 1]
ranking function : 0.9997 *  x[0]^1.0 - 0.0311 *  x[1]^1.0 - 0.0781 *  x[2]^1.0 + 0.0024 *  x[3]^1.0 + 0.0061 *  x[4]^1.0 + 0.8001 * 1

2019-05-03-02-50-19   >>>>   End verify ranking function

verifying time = 10.065 ms


Not Found Ranking Fcuntion

Conterexample is 

[1, 6662.333333333333, 0, 0, 0]

sampling time = 1.959 ms


       ########################################         

iteration 12 with 1052 examples

2019-05-03-02-50-19   >>>>   Start train ranking function

2019-05-03-02-50-19   >>>>   End train ranking function

train_ranking_functioning time = 12.939 ms


2019-05-03-02-50-19   >>>>   Start verify ranking function

[xr_4 = 0, xr_1 = 3373/18, xr_3 = 0, xr_2 = 0, xr_0 = 1]
ranking function : 1.0248 *  x[0]^1.0 - 0.0252 *  x[1]^1.0 - 0.0803 *  x[2]^1.0 + 0.0027 *  x[3]^1.0 + 0.0067 *  x[4]^1.0 + 0.8008 * 1

2019-05-03-02-50-19   >>>>   End verify ranking function

verifying time = 10.812 ms


Not Found Ranking Fcuntion

Conterexample is 

[1, 187.38888888888889, 0, 0, 0]

sampling time = 1.979 ms


       ########################################         

iteration 13 with 1054 examples

2019-05-03-02-50-19   >>>>   Start train ranking function

2019-05-03-02-50-19   >>>>   End train ranking function

train_ranking_functioning time = 9.150 ms


2019-05-03-02-50-19   >>>>   Start verify ranking function

[xr_4 = 20417/18, xr_1 = 0, xr_3 = 0, xr_2 = 0, xr_0 = 1]
ranking function : 1.0427 *  x[0]^1.0 - 0.0172 *  x[1]^1.0 - 0.0833 *  x[2]^1.0 + 0.0012 *  x[3]^1.0 + 0.0033 *  x[4]^1.0 + 0.8165 * 1

2019-05-03-02-50-19   >>>>   End verify ranking function

verifying time = 10.035 ms


Not Found Ranking Fcuntion

Conterexample is 

[1, 0, 0, 0, 1134.2777777777778]

sampling time = 1.743 ms


       ########################################         

iteration 14 with 1056 examples

2019-05-03-02-50-19   >>>>   Start train ranking function

2019-05-03-02-50-19   >>>>   End train ranking function

train_ranking_functioning time = 9.112 ms


2019-05-03-02-50-19   >>>>   Start verify ranking function

[xr_4 = 0, xr_1 = 0, xr_3 = 0, xr_2 = -618/23, xr_0 = 1]
ranking function : 1.0404 *  x[0]^1.0 - 0.0179 *  x[1]^1.0 - 0.0827 *  x[2]^1.0 + 0.0019 *  x[3]^1.0 + 0.0029 *  x[4]^1.0 + 0.8166 * 1

2019-05-03-02-50-19   >>>>   End verify ranking function

verifying time = 9.808 ms


Not Found Ranking Fcuntion

Conterexample is 

[1, 0, -26.869565217391305, 0, 0]

sampling time = 1.727 ms


       ########################################         

iteration 15 with 1058 examples

2019-05-03-02-50-19   >>>>   Start train ranking function

2019-05-03-02-50-19   >>>>   End train ranking function

train_ranking_functioning time = 10.942 ms


2019-05-03-02-50-19   >>>>   Start verify ranking function

[xr_4 = 0, xr_1 = 0, xr_3 = -10167/83, xr_2 = 0, xr_0 = 1]
ranking function : 1.0344 *  x[0]^1.0 - 0.0228 *  x[1]^1.0 - 0.0781 *  x[2]^1.0 - 0.0019 *  x[3]^1.0 + 0.0025 *  x[4]^1.0 + 0.8195 * 1

2019-05-03-02-50-19   >>>>   End verify ranking function

verifying time = 9.917 ms


Not Found Ranking Fcuntion

Conterexample is 

[1, 0, 0, -122.49397590361446, 0]

sampling time = 1.748 ms


       ########################################         

iteration 16 with 1060 examples

2019-05-03-02-50-19   >>>>   Start train ranking function

2019-05-03-02-50-19   >>>>   End train ranking function

train_ranking_functioning time = 11.230 ms


2019-05-03-02-50-19   >>>>   Start verify ranking function

[xr_4 = 10151/20, xr_1 = 0, xr_3 = 0, xr_2 = 0, xr_0 = 1]
ranking function : 1.0312 *  x[0]^1.0 - 0.021 *  x[1]^1.0 - 0.081 *  x[2]^1.0 + 0.0007 *  x[3]^1.0 + 0.0034 *  x[4]^1.0 + 0.8194 * 1

2019-05-03-02-50-19   >>>>   End verify ranking function

verifying time = 9.915 ms


Not Found Ranking Fcuntion

Conterexample is 

[1, 0, 0, 0, 507.55]

sampling time = 1.813 ms


       ########################################         

iteration 17 with 1062 examples

2019-05-03-02-50-19   >>>>   Start train ranking function

2019-05-03-02-50-19   >>>>   End train ranking function

train_ranking_functioning time = 10.782 ms


2019-05-03-02-50-19   >>>>   Start verify ranking function

[xr_4 = 0, xr_1 = 6739/43, xr_3 = 0, xr_2 = 0, xr_0 = 1]
ranking function : 1.0227 *  x[0]^1.0 - 0.0219 *  x[1]^1.0 - 0.0805 *  x[2]^1.0 + 0.0025 *  x[3]^1.0 + 0.004 *  x[4]^1.0 + 0.8195 * 1

2019-05-03-02-50-19   >>>>   End verify ranking function

verifying time = 9.864 ms


Not Found Ranking Fcuntion

Conterexample is 

[1, 156.72093023255815, 0, 0, 0]

sampling time = 1.753 ms


       ########################################         

iteration 18 with 1064 examples

2019-05-03-02-50-19   >>>>   Start train ranking function

2019-05-03-02-50-19   >>>>   End train ranking function

train_ranking_functioning time = 11.712 ms


2019-05-03-02-50-19   >>>>   Start verify ranking function

[xr_4 = 0, xr_1 = 10201/205, xr_3 = 0, xr_2 = 0, xr_0 = 1]
ranking function : 1.0412 *  x[0]^1.0 - 0.0105 *  x[1]^1.0 - 0.0816 *  x[2]^1.0 + 0.0062 *  x[3]^1.0 + 0.0035 *  x[4]^1.0 + 0.834 * 1

2019-05-03-02-50-19   >>>>   End verify ranking function

verifying time = 9.813 ms


Not Found Ranking Fcuntion

Conterexample is 

[1, 49.760975609756095, 0, 0, 0]

sampling time = 1.738 ms


       ########################################         

iteration 19 with 1066 examples

2019-05-03-02-50-19   >>>>   Start train ranking function

2019-05-03-02-50-19   >>>>   End train ranking function

train_ranking_functioning time = 11.059 ms


2019-05-03-02-50-19   >>>>   Start verify ranking function

[xr_4 = 0, xr_1 = 0, xr_3 = 0, xr_2 = -659, xr_0 = 1]
ranking function : 1.0439 *  x[0]^1.0 - 0.0303 *  x[1]^1.0 - 0.0773 *  x[2]^1.0 + 0.001 *  x[3]^1.0 + 0.0028 *  x[4]^1.0 + 0.8376 * 1

2019-05-03-02-50-19   >>>>   End verify ranking function

verifying time = 9.775 ms


Not Found Ranking Fcuntion

Conterexample is 

[1, 0, -659, 0, 0]

sampling time = 1.748 ms


       ########################################         

iteration 20 with 1068 examples

2019-05-03-02-50-19   >>>>   Start train ranking function

2019-05-03-02-50-19   >>>>   End train ranking function

train_ranking_functioning time = 12.559 ms


2019-05-03-02-50-19   >>>>   Start verify ranking function

[xr_4 = 0, xr_1 = 20239/785, xr_3 = 0, xr_2 = 0, xr_0 = 1]
ranking function : 1.0249 *  x[0]^1.0 - 0.001 *  x[1]^1.0 - 0.0787 *  x[2]^1.0 + 0.0012 *  x[3]^1.0 + 0.006 *  x[4]^1.0 + 0.8478 * 1

2019-05-03-02-50-19   >>>>   End verify ranking function

verifying time = 9.766 ms


Not Found Ranking Fcuntion

Conterexample is 

[1, 25.782165605095543, 0, 0, 0]

sampling time = 1.730 ms


       ########################################         

iteration 21 with 1070 examples

2019-05-03-02-50-19   >>>>   Start train ranking function

2019-05-03-02-50-19   >>>>   End train ranking function

train_ranking_functioning time = 13.642 ms


2019-05-03-02-50-19   >>>>   Start verify ranking function

[xr_4 = 0, xr_1 = 10165/143, xr_3 = 0, xr_2 = 0, xr_0 = 1]
ranking function : 1.034 *  x[0]^1.0 - 0.0179 *  x[1]^1.0 - 0.0808 *  x[2]^1.0 + 0.001 *  x[3]^1.0 + 0.0015 *  x[4]^1.0 + 0.8488 * 1

2019-05-03-02-50-19   >>>>   End verify ranking function

verifying time = 9.980 ms


Not Found Ranking Fcuntion

Conterexample is 

[1, 71.08391608391608, 0, 0, 0]

sampling time = 1.830 ms


       ########################################         

iteration 22 with 1072 examples

2019-05-03-02-50-19   >>>>   Start train ranking function

2019-05-03-02-50-19   >>>>   End train ranking function

train_ranking_functioning time = 13.328 ms


2019-05-03-02-50-19   >>>>   Start verify ranking function

[xr_4 = 0, xr_1 = 0, xr_3 = -10177/75, xr_2 = 0, xr_0 = 1]
ranking function : 1.0364 *  x[0]^1.0 - 0.0168 *  x[1]^1.0 - 0.0799 *  x[2]^1.0 + 0.0037 *  x[3]^1.0 - 0.0014 *  x[4]^1.0 + 0.8633 * 1

2019-05-03-02-50-19   >>>>   End verify ranking function

verifying time = 9.777 ms


Not Found Ranking Fcuntion

Conterexample is 

[1, 0, 0, -135.69333333333333, 0]

sampling time = 1.727 ms


       ########################################         

iteration 23 with 1074 examples

2019-05-03-02-50-19   >>>>   Start train ranking function

2019-05-03-02-50-19   >>>>   End train ranking function

train_ranking_functioning time = 16.339 ms


2019-05-03-02-50-19   >>>>   Start verify ranking function

[xr_4 = -5102/29, xr_1 = 0, xr_3 = 0, xr_2 = 0, xr_0 = 1]