------Using Template 0 -----------
5 [5]
*****************************************************

2019-05-03-03-10-24   >>>>   End sampling point

sampling time = 106.808 ms,


       ########################################         

iteration 0 with 148 examples

2019-05-03-03-10-24   >>>>   Start train ranking function

2019-05-03-03-10-24   >>>>   End train ranking function

train_ranking_functioning time = 0.933 ms


2019-05-03-03-10-24   >>>>   Start verify ranking function

ranking function : 0.5 *  x[2]^1.0 + 0.5 *  x[3]^1.0 + 1.5 * 1

2019-05-03-03-10-24   >>>>   End verify ranking function

verifying time = 10.691 ms


Not Found Ranking Fcuntion

Conterexample is 

[0, 0, 0, -4]

sampling time = 1.361 ms


       ########################################         

iteration 1 with 150 examples

2019-05-03-03-10-24   >>>>   Start train ranking function

2019-05-03-03-10-24   >>>>   End train ranking function

train_ranking_functioning time = 0.899 ms


2019-05-03-03-10-24   >>>>   Start verify ranking function

ranking function : 0.5 *  x[2]^1.0 + 0.5 *  x[3]^1.0 + 1.9 * 1

2019-05-03-03-10-24   >>>>   End verify ranking function

verifying time = 10.227 ms


Not Found Ranking Fcuntion

Conterexample is 

[0, 0, 0, -4]

sampling time = 1.378 ms


       ########################################         

iteration 2 with 152 examples

2019-05-03-03-10-24   >>>>   Start train ranking function

2019-05-03-03-10-24   >>>>   End train ranking function

train_ranking_functioning time = 0.985 ms


2019-05-03-03-10-24   >>>>   Start verify ranking function

ranking function : 0.5 *  x[2]^1.0 + 0.5 *  x[3]^1.0 + 2.3 * 1

2019-05-03-03-10-24   >>>>   End verify ranking function

verifying time = 10.219 ms


Not Found Ranking Fcuntion

Conterexample is 

[0, 0, 0, -5]

sampling time = 1.436 ms


       ########################################         

iteration 3 with 154 examples

2019-05-03-03-10-24   >>>>   Start train ranking function

2019-05-03-03-10-24   >>>>   End train ranking function

train_ranking_functioning time = 1.440 ms


2019-05-03-03-10-24   >>>>   Start verify ranking function

ranking function : 0.5 *  x[2]^1.0 + 0.5 *  x[3]^1.0 + 2.6 * 1

2019-05-03-03-10-24   >>>>   End verify ranking function

verifying time = 10.282 ms


Not Found Ranking Fcuntion

Conterexample is 

[0, 0, 0, -7]

sampling time = 1.357 ms


       ########################################         

iteration 4 with 156 examples

2019-05-03-03-10-24   >>>>   Start train ranking function

2019-05-03-03-10-24   >>>>   End train ranking function

train_ranking_functioning time = 1.949 ms


2019-05-03-03-10-24   >>>>   Start verify ranking function

[xi_2 = 0, xi_0 = 0, xi_1 = -9]
ranking function : 0.5 *  x[2]^1.0 + 0.4 *  x[3]^1.0 + 2.9 * 1

2019-05-03-03-10-24   >>>>   End verify ranking function

verifying time = 8.811 ms


Not Found Ranking Fcuntion

Conterexample is 

[0, -9, 0, 0]

sampling time = 1.361 ms


       ########################################         

iteration 5 with 158 examples

2019-05-03-03-10-24   >>>>   Start train ranking function

2019-05-03-03-10-24   >>>>   End train ranking function

train_ranking_functioning time = 2.908 ms


2019-05-03-03-10-24   >>>>   Start verify ranking function

ranking function : 0.5 *  x[2]^1.0 + 0.5 *  x[3]^1.0 + 3.0 * 1

2019-05-03-03-10-24   >>>>   End verify ranking function

verifying time = 10.210 ms


Not Found Ranking Fcuntion

Conterexample is 

[0, 0, 0, -7]

sampling time = 1.388 ms


       ########################################         

iteration 6 with 160 examples

2019-05-03-03-10-24   >>>>   Start train ranking function

2019-05-03-03-10-24   >>>>   End train ranking function

train_ranking_functioning time = 3.007 ms


2019-05-03-03-10-24   >>>>   Start verify ranking function

[xi_2 = 0, xi_0 = 0, xi_1 = -9]
ranking function : 0.5 *  x[2]^1.0 + 0.4 *  x[3]^1.0 + 3.3 * 1

2019-05-03-03-10-24   >>>>   End verify ranking function

verifying time = 8.840 ms


Not Found Ranking Fcuntion

Conterexample is 

[0, -9, 0, 0]

sampling time = 1.353 ms


       ########################################         

iteration 7 with 162 examples

2019-05-03-03-10-24   >>>>   Start train ranking function

2019-05-03-03-10-24   >>>>   End train ranking function

train_ranking_functioning time = 3.105 ms


2019-05-03-03-10-24   >>>>   Start verify ranking function

ranking function : 0.5 *  x[2]^1.0 + 0.5 *  x[3]^1.0 + 3.3 * 1

2019-05-03-03-10-24   >>>>   End verify ranking function

verifying time = 10.259 ms


Not Found Ranking Fcuntion

Conterexample is 

[0, 0, 0, -7]

sampling time = 1.468 ms


       ########################################         

iteration 8 with 164 examples

2019-05-03-03-10-25   >>>>   Start train ranking function

2019-05-03-03-10-25   >>>>   End train ranking function

train_ranking_functioning time = 3.347 ms


2019-05-03-03-10-25   >>>>   Start verify ranking function

ranking function : 0.5 *  x[2]^1.0 + 0.5 *  x[3]^1.0 + 3.6 * 1

2019-05-03-03-10-25   >>>>   End verify ranking function

verifying time = 11.130 ms


Not Found Ranking Fcuntion

Conterexample is 

[0, 0, 0, -10]

sampling time = 1.411 ms


       ########################################         

iteration 9 with 166 examples

2019-05-03-03-10-25   >>>>   Start train ranking function

2019-05-03-03-10-25   >>>>   End train ranking function

train_ranking_functioning time = 3.189 ms


2019-05-03-03-10-25   >>>>   Start verify ranking function

[xi_2 = 0, xi_0 = 0, xi_1 = -9]
ranking function : 0.5 *  x[2]^1.0 + 0.4 *  x[3]^1.0 + 3.9 * 1

2019-05-03-03-10-25   >>>>   End verify ranking function

verifying time = 8.945 ms


Not Found Ranking Fcuntion

Conterexample is 

[0, -9, 0, 0]

sampling time = 1.370 ms


       ########################################         

iteration 10 with 168 examples

2019-05-03-03-10-25   >>>>   Start train ranking function

2019-05-03-03-10-25   >>>>   End train ranking function

train_ranking_functioning time = 3.445 ms


2019-05-03-03-10-25   >>>>   Start verify ranking function

[xi_2 = 0, xi_0 = 0, xi_1 = -9]
ranking function : 0.5 *  x[2]^1.0 + 0.4 *  x[3]^1.0 + 3.9 * 1

2019-05-03-03-10-25   >>>>   End verify ranking function

verifying time = 8.942 ms


Not Found Ranking Fcuntion

Conterexample is 

[0, -9, 0, 0]

sampling time = 1.348 ms


       ########################################         

iteration 11 with 170 examples

2019-05-03-03-10-25   >>>>   Start train ranking function

2019-05-03-03-10-25   >>>>   End train ranking function

train_ranking_functioning time = 3.344 ms


2019-05-03-03-10-25   >>>>   Start verify ranking function

ranking function : 0.4 *  x[2]^1.0 + 0.4 *  x[3]^1.0 + 3.9 * 1

2019-05-03-03-10-25   >>>>   End verify ranking function

verifying time = 10.292 ms


Not Found Ranking Fcuntion

Conterexample is 

[0, 0, 0, -10]

sampling time = 1.365 ms


       ########################################         

iteration 12 with 172 examples

2019-05-03-03-10-25   >>>>   Start train ranking function

2019-05-03-03-10-25   >>>>   End train ranking function

train_ranking_functioning time = 3.383 ms


2019-05-03-03-10-25   >>>>   Start verify ranking function

ranking function : 0.4 *  x[2]^1.0 + 0.4 *  x[3]^1.0 + 4.2 * 1

2019-05-03-03-10-25   >>>>   End verify ranking function

verifying time = 10.675 ms


Not Found Ranking Fcuntion

Conterexample is 

[0, 0, 0, -11]

sampling time = 1.370 ms


       ########################################         

iteration 13 with 174 examples

2019-05-03-03-10-25   >>>>   Start train ranking function

2019-05-03-03-10-25   >>>>   End train ranking function

train_ranking_functioning time = 3.477 ms


2019-05-03-03-10-25   >>>>   Start verify ranking function

ranking function : 0.4 *  x[2]^1.0 + 0.4 *  x[3]^1.0 + 4.6 * 1

2019-05-03-03-10-25   >>>>   End verify ranking function

verifying time = 10.163 ms


Not Found Ranking Fcuntion

Conterexample is 

[0, 0, 0, -12]

sampling time = 1.366 ms


       ########################################         

iteration 14 with 176 examples

2019-05-03-03-10-25   >>>>   Start train ranking function

2019-05-03-03-10-25   >>>>   End train ranking function

train_ranking_functioning time = 3.515 ms


2019-05-03-03-10-25   >>>>   Start verify ranking function

ranking function : 0.4 *  x[2]^1.0 + 0.4 *  x[3]^1.0 + 4.8 * 1

2019-05-03-03-10-25   >>>>   End verify ranking function

verifying time = 10.366 ms


Not Found Ranking Fcuntion

Conterexample is 

[0, 0, 0, -13]

sampling time = 1.389 ms


       ########################################         

iteration 15 with 178 examples

2019-05-03-03-10-25   >>>>   Start train ranking function

2019-05-03-03-10-25   >>>>   End train ranking function

train_ranking_functioning time = 3.599 ms


2019-05-03-03-10-25   >>>>   Start verify ranking function

ranking function : 0.4 *  x[2]^1.0 + 0.4 *  x[3]^1.0 + 5.0 * 1

2019-05-03-03-10-25   >>>>   End verify ranking function

verifying time = 10.726 ms


Not Found Ranking Fcuntion

Conterexample is 

[0, 0, 0, -13]

sampling time = 1.405 ms


       ########################################         

iteration 16 with 180 examples

2019-05-03-03-10-25   >>>>   Start train ranking function

2019-05-03-03-10-25   >>>>   End train ranking function

train_ranking_functioning time = 3.792 ms


2019-05-03-03-10-25   >>>>   Start verify ranking function

ranking function : 0.4 *  x[2]^1.0 + 0.4 *  x[3]^1.0 + 5.2 * 1

2019-05-03-03-10-25   >>>>   End verify ranking function

verifying time = 10.451 ms


Not Found Ranking Fcuntion

Conterexample is 

[0, 0, 0, -14]

sampling time = 1.404 ms


       ########################################         

iteration 17 with 182 examples

2019-05-03-03-10-25   >>>>   Start train ranking function

2019-05-03-03-10-25   >>>>   End train ranking function

train_ranking_functioning time = 3.611 ms


2019-05-03-03-10-25   >>>>   Start verify ranking function

ranking function : 0.4 *  x[2]^1.0 + 0.4 *  x[3]^1.0 + 5.4 * 1

2019-05-03-03-10-25   >>>>   End verify ranking function

verifying time = 10.216 ms


Not Found Ranking Fcuntion

Conterexample is 

[0, 0, 0, -14]

sampling time = 1.370 ms


       ########################################         

iteration 18 with 184 examples

2019-05-03-03-10-25   >>>>   Start train ranking function

2019-05-03-03-10-25   >>>>   End train ranking function

train_ranking_functioning time = 3.603 ms


2019-05-03-03-10-25   >>>>   Start verify ranking function

ranking function : 0.4 *  x[2]^1.0 + 0.4 *  x[3]^1.0 + 5.5 * 1

2019-05-03-03-10-25   >>>>   End verify ranking function

verifying time = 10.198 ms


Not Found Ranking Fcuntion

Conterexample is 

[0, 0, 0, -14]

sampling time = 1.374 ms


       ########################################         

iteration 19 with 186 examples

2019-05-03-03-10-25   >>>>   Start train ranking function

2019-05-03-03-10-25   >>>>   End train ranking function

train_ranking_functioning time = 3.730 ms


2019-05-03-03-10-25   >>>>   Start verify ranking function

ranking function : 0.4 *  x[2]^1.0 + 0.4 *  x[3]^1.0 + 5.6 * 1

2019-05-03-03-10-25   >>>>   End verify ranking function

verifying time = 10.170 ms


Not Found Ranking Fcuntion

Conterexample is 

[0, 0, 0, -15]

sampling time = 1.376 ms


       ########################################         

iteration 20 with 188 examples

2019-05-03-03-10-25   >>>>   Start train ranking function

2019-05-03-03-10-25   >>>>   End train ranking function

train_ranking_functioning time = 3.822 ms


2019-05-03-03-10-25   >>>>   Start verify ranking function

ranking function : 0.4 *  x[2]^1.0 + 0.4 *  x[3]^1.0 + 5.7 * 1

2019-05-03-03-10-25   >>>>   End verify ranking function

verifying time = 10.246 ms


Not Found Ranking Fcuntion

Conterexample is 

[0, 0, 0, -15]

sampling time = 1.373 ms


       ########################################         

iteration 21 with 190 examples

2019-05-03-03-10-25   >>>>   Start train ranking function

2019-05-03-03-10-25   >>>>   End train ranking function

train_ranking_functioning time = 3.847 ms


2019-05-03-03-10-25   >>>>   Start verify ranking function

ranking function : 0.4 *  x[2]^1.0 + 0.4 *  x[3]^1.0 + 5.8 * 1

2019-05-03-03-10-25   >>>>   End verify ranking function

verifying time = 10.248 ms


Not Found Ranking Fcuntion

Conterexample is 

[0, 0, 0, -15]

sampling time = 1.412 ms


       ########################################         

iteration 22 with 192 examples

2019-05-03-03-10-25   >>>>   Start train ranking function

2019-05-03-03-10-25   >>>>   End train ranking function

train_ranking_functioning time = 3.851 ms


2019-05-03-03-10-25   >>>>   Start verify ranking function

ranking function : 0.4 *  x[2]^1.0 + 0.4 *  x[3]^1.0 + 5.9 * 1

2019-05-03-03-10-25   >>>>   End verify ranking function

verifying time = 10.182 ms


Not Found Ranking Fcuntion

Conterexample is 

[0, 0, 0, -15]

sampling time = 1.373 ms


       ########################################         

iteration 23 with 194 examples

2019-05-03-03-10-25   >>>>   Start train ranking function

2019-05-03-03-10-25   >>>>   End train ranking function

train_ranking_functioning time = 3.998 ms


2019-05-03-03-10-25   >>>>   Start verify ranking function

ranking function : 0.4 *  x[2]^1.0 + 0.4 *  x[3]^1.0 + 6.0 * 1

2019-05-03-03-10-25   >>>>   End verify ranking function

verifying time = 10.139 ms


Not Found Ranking Fcuntion

Conterexample is 

[0, 0, 0, -16]

sampling time = 1.370 ms


       ########################################         

iteration 24 with 196 examples

2019-05-03-03-10-25   >>>>   Start train ranking function

2019-05-03-03-10-25   >>>>   End train ranking function

train_ranking_functioning time = 4.017 ms


2019-05-03-03-10-25   >>>>   Start verify ranking function

ranking function : 0.4 *  x[2]^1.0 + 0.4 *  x[3]^1.0 + 6.1 * 1

2019-05-03-03-10-25   >>>>   End verify ranking function

verifying time = 10.186 ms


Not Found Ranking Fcuntion

Conterexample is 

[0, 0, 0, -16]

sampling time = 1.389 ms


Failed to prove it is terminated

UNKNOWN
------Using Template 1 -----------
6 [6]
*****************************************************

2019-05-03-03-10-25   >>>>   End sampling point

sampling time = 143.432 ms,


       ########################################         

iteration 0 with 148 examples

2019-05-03-03-10-25   >>>>   Start train ranking function

2019-05-03-03-10-25   >>>>   End train ranking function

train_ranking_functioning time = 4.889 ms


2019-05-03-03-10-25   >>>>   Start verify ranking function

[xi_2 = 1, xi_3 = 1, xi_1 = 1, xi_0 = -1]
ranking function : 0.5 *  x[1]^-0.5 *  x[2]^0.5 *  x[3]^1.0

2019-05-03-03-10-25   >>>>   End verify ranking function

verifying time = 24.657 ms


Not Found Ranking Fcuntion

Conterexample is 

[-1, 1, 1, 1]

sampling time = 1.868 ms


       ########################################         

iteration 1 with 150 examples

2019-05-03-03-10-25   >>>>   Start train ranking function

2019-05-03-03-10-25   >>>>   End train ranking function

train_ranking_functioning time = 4.951 ms


2019-05-03-03-10-25   >>>>   Start verify ranking function

[xi_2 = 1, xi_3 = 1, xi_1 = 1, xi_0 = -1]
ranking function : 0.5 *  x[1]^-0.5 *  x[2]^0.5 *  x[3]^1.0

2019-05-03-03-10-25   >>>>   End verify ranking function

verifying time = 24.638 ms


Not Found Ranking Fcuntion

Conterexample is 

[-1, 1, 1, 1]

sampling time = 1.855 ms


       ########################################         

iteration 2 with 152 examples

2019-05-03-03-10-25   >>>>   Start train ranking function

2019-05-03-03-10-25   >>>>   End train ranking function

train_ranking_functioning time = 5.034 ms


2019-05-03-03-10-25   >>>>   Start verify ranking function

[xi_2 = 1, xi_3 = 1, xi_1 = 1, xi_0 = -1]
ranking function : 0.5 *  x[1]^-0.5 *  x[2]^0.5 *  x[3]^1.0

2019-05-03-03-10-25   >>>>   End verify ranking function

verifying time = 24.804 ms


Not Found Ranking Fcuntion

Conterexample is 

[-1, 1, 1, 1]

sampling time = 1.948 ms


       ########################################         

iteration 3 with 154 examples

2019-05-03-03-10-25   >>>>   Start train ranking function

2019-05-03-03-10-25   >>>>   End train ranking function

train_ranking_functioning time = 5.142 ms


2019-05-03-03-10-25   >>>>   Start verify ranking function

[xi_2 = -1, xi_3 = 1, xi_0 = -1, xi_1 = 1]
ranking function : 0.1 *  x[0]^2.0 *  x[1]^-0.5 *  x[2]^2.0 *  x[3]^-2.0 + 0.1 *  x[0]^-2.0 *  x[1]^-3.0 *  x[3]^-2.0 - 0.1 *  x[0]^1.0 *  x[2]^-2.0 *  x[3]^-2.0 + 0.5 *  x[1]^-0.5 *  x[2]^0.5 *  x[3]^1.0
