------Using Template 0 -----------
2 [2]
*****************************************************

2019-05-03-03-20-29   >>>>   End sampling point

sampling time = 8.872 ms,


       ########################################         

iteration 0 with 8 examples

2019-05-03-03-20-29   >>>>   Start train ranking function

2019-05-03-03-20-29   >>>>   End train ranking function

train_ranking_functioning time = 0.444 ms


2019-05-03-03-20-29   >>>>   Start verify ranking function

[xi_0 = 1]
ranking function : 0.4 *  x[0]^1.0 + 0.9 * 1

2019-05-03-03-20-29   >>>>   End verify ranking function

verifying time = 6.553 ms


Not Found Ranking Fcuntion

Conterexample is 

[1]

sampling time = 0.470 ms


       ########################################         

iteration 1 with 10 examples

2019-05-03-03-20-29   >>>>   Start train ranking function

2019-05-03-03-20-29   >>>>   End train ranking function

train_ranking_functioning time = 0.309 ms


2019-05-03-03-20-29   >>>>   Start verify ranking function

[xi_0 = 1]
ranking function : 0.2 *  x[0]^1.0 + 0.9 * 1

2019-05-03-03-20-29   >>>>   End verify ranking function

verifying time = 6.509 ms


Not Found Ranking Fcuntion

Conterexample is 

[1]

sampling time = 0.481 ms


       ########################################         

iteration 2 with 12 examples

2019-05-03-03-20-29   >>>>   Start train ranking function

2019-05-03-03-20-29   >>>>   End train ranking function

train_ranking_functioning time = 0.324 ms


2019-05-03-03-20-29   >>>>   Start verify ranking function

[xi_0 = 0]
ranking function : 0.9 * 1

2019-05-03-03-20-29   >>>>   End verify ranking function

verifying time = 6.457 ms


Not Found Ranking Fcuntion

Conterexample is 

[0]

sampling time = 0.524 ms


       ########################################         

iteration 3 with 14 examples

2019-05-03-03-20-29   >>>>   Start train ranking function

2019-05-03-03-20-29   >>>>   End train ranking function

train_ranking_functioning time = 0.312 ms


2019-05-03-03-20-29   >>>>   Start verify ranking function

[xi_0 = 1]
ranking function : 0.1 *  x[0]^1.0 + 0.9 * 1

2019-05-03-03-20-29   >>>>   End verify ranking function

verifying time = 6.466 ms


Not Found Ranking Fcuntion

Conterexample is 

[1]

sampling time = 0.496 ms


       ########################################         

iteration 4 with 16 examples

2019-05-03-03-20-29   >>>>   Start train ranking function

2019-05-03-03-20-29   >>>>   End train ranking function

train_ranking_functioning time = 0.325 ms


2019-05-03-03-20-29   >>>>   Start verify ranking function

[xi_0 = 0]
ranking function : 0.9 * 1

2019-05-03-03-20-29   >>>>   End verify ranking function

verifying time = 6.481 ms


Not Found Ranking Fcuntion

Conterexample is 

[0]

sampling time = 0.484 ms


       ########################################         

iteration 5 with 18 examples

2019-05-03-03-20-29   >>>>   Start train ranking function

2019-05-03-03-20-29   >>>>   End train ranking function

train_ranking_functioning time = 0.319 ms


2019-05-03-03-20-29   >>>>   Start verify ranking function

[xi_0 = 1]
ranking function : 0.1 *  x[0]^1.0 + 0.9 * 1

2019-05-03-03-20-29   >>>>   End verify ranking function

verifying time = 6.448 ms


Not Found Ranking Fcuntion

Conterexample is 

[1]

sampling time = 0.486 ms


       ########################################         

iteration 6 with 20 examples

2019-05-03-03-20-29   >>>>   Start train ranking function

2019-05-03-03-20-29   >>>>   End train ranking function

train_ranking_functioning time = 0.337 ms


2019-05-03-03-20-29   >>>>   Start verify ranking function

[xi_0 = 0]
ranking function : 0.9 * 1

2019-05-03-03-20-29   >>>>   End verify ranking function

verifying time = 6.457 ms


Not Found Ranking Fcuntion

Conterexample is 

[0]

sampling time = 0.484 ms


       ########################################         

iteration 7 with 22 examples

2019-05-03-03-20-29   >>>>   Start train ranking function

2019-05-03-03-20-29   >>>>   End train ranking function

train_ranking_functioning time = 0.327 ms


2019-05-03-03-20-29   >>>>   Start verify ranking function

[xi_0 = 1]
ranking function : 0.1 *  x[0]^1.0 + 0.9 * 1

2019-05-03-03-20-29   >>>>   End verify ranking function

verifying time = 6.453 ms


Not Found Ranking Fcuntion

Conterexample is 

[1]

sampling time = 0.491 ms


       ########################################         

iteration 8 with 24 examples

2019-05-03-03-20-29   >>>>   Start train ranking function

2019-05-03-03-20-29   >>>>   End train ranking function

train_ranking_functioning time = 0.345 ms


2019-05-03-03-20-29   >>>>   Start verify ranking function

[xi_0 = 0]
ranking function : 1.0 * 1

2019-05-03-03-20-29   >>>>   End verify ranking function

verifying time = 6.396 ms


Not Found Ranking Fcuntion

Conterexample is 

[0]

sampling time = 0.476 ms


       ########################################         

iteration 9 with 26 examples

2019-05-03-03-20-29   >>>>   Start train ranking function

2019-05-03-03-20-29   >>>>   End train ranking function

train_ranking_functioning time = 0.339 ms


2019-05-03-03-20-29   >>>>   Start verify ranking function

[xi_0 = 1]
ranking function : 0.1 *  x[0]^1.0 + 0.9 * 1

2019-05-03-03-20-29   >>>>   End verify ranking function

verifying time = 6.418 ms


Not Found Ranking Fcuntion

Conterexample is 

[1]

sampling time = 0.480 ms


       ########################################         

iteration 10 with 28 examples

2019-05-03-03-20-29   >>>>   Start train ranking function

2019-05-03-03-20-29   >>>>   End train ranking function

train_ranking_functioning time = 0.358 ms


2019-05-03-03-20-29   >>>>   Start verify ranking function

[xi_0 = 0]
ranking function : 1.0 * 1

2019-05-03-03-20-29   >>>>   End verify ranking function

verifying time = 6.391 ms


Not Found Ranking Fcuntion

Conterexample is 

[0]

sampling time = 0.476 ms


       ########################################         

iteration 11 with 30 examples

2019-05-03-03-20-29   >>>>   Start train ranking function

2019-05-03-03-20-29   >>>>   End train ranking function

train_ranking_functioning time = 0.331 ms


2019-05-03-03-20-29   >>>>   Start verify ranking function

[xi_0 = 1]
ranking function : 0.1 *  x[0]^1.0 + 0.9 * 1

2019-05-03-03-20-29   >>>>   End verify ranking function

verifying time = 6.407 ms


Not Found Ranking Fcuntion

Conterexample is 

[1]

sampling time = 0.480 ms


       ########################################         

iteration 12 with 32 examples

2019-05-03-03-20-29   >>>>   Start train ranking function

2019-05-03-03-20-29   >>>>   End train ranking function

train_ranking_functioning time = 0.358 ms


2019-05-03-03-20-29   >>>>   Start verify ranking function

[xi_0 = 0]
ranking function : 1.0 * 1

2019-05-03-03-20-29   >>>>   End verify ranking function

verifying time = 6.422 ms


Not Found Ranking Fcuntion

Conterexample is 

[0]

sampling time = 0.472 ms


       ########################################         

iteration 13 with 34 examples

2019-05-03-03-20-29   >>>>   Start train ranking function

2019-05-03-03-20-29   >>>>   End train ranking function

train_ranking_functioning time = 0.346 ms


2019-05-03-03-20-29   >>>>   Start verify ranking function

[xi_0 = 1]
ranking function : 0.1 *  x[0]^1.0 + 0.9 * 1

2019-05-03-03-20-29   >>>>   End verify ranking function

verifying time = 6.526 ms


Not Found Ranking Fcuntion

Conterexample is 

[1]

sampling time = 0.470 ms


       ########################################         

iteration 14 with 36 examples

2019-05-03-03-20-29   >>>>   Start train ranking function

2019-05-03-03-20-29   >>>>   End train ranking function

train_ranking_functioning time = 0.374 ms


2019-05-03-03-20-29   >>>>   Start verify ranking function

[xi_0 = 0]
ranking function : 1.0 * 1

2019-05-03-03-20-29   >>>>   End verify ranking function

verifying time = 6.509 ms


Not Found Ranking Fcuntion

Conterexample is 

[0]

sampling time = 0.479 ms


       ########################################         

iteration 15 with 38 examples

2019-05-03-03-20-29   >>>>   Start train ranking function

2019-05-03-03-20-29   >>>>   End train ranking function

train_ranking_functioning time = 0.352 ms


2019-05-03-03-20-29   >>>>   Start verify ranking function

[xi_0 = 1]
ranking function : 0.1 *  x[0]^1.0 + 1.0 * 1

2019-05-03-03-20-29   >>>>   End verify ranking function

verifying time = 6.310 ms


Not Found Ranking Fcuntion

Conterexample is 

[1]

sampling time = 0.451 ms


       ########################################         

iteration 16 with 40 examples

2019-05-03-03-20-29   >>>>   Start train ranking function

2019-05-03-03-20-29   >>>>   End train ranking function

train_ranking_functioning time = 0.365 ms


2019-05-03-03-20-29   >>>>   Start verify ranking function

[xi_0 = 0]
ranking function : 1.0 * 1

2019-05-03-03-20-29   >>>>   End verify ranking function

verifying time = 6.598 ms


Not Found Ranking Fcuntion

Conterexample is 

[0]

sampling time = 0.468 ms


       ########################################         

iteration 17 with 42 examples

2019-05-03-03-20-29   >>>>   Start train ranking function

2019-05-03-03-20-29   >>>>   End train ranking function

train_ranking_functioning time = 0.358 ms


2019-05-03-03-20-29   >>>>   Start verify ranking function

[xi_0 = 0]
ranking function : 1.0 * 1

2019-05-03-03-20-29   >>>>   End verify ranking function

verifying time = 6.219 ms


Not Found Ranking Fcuntion

Conterexample is 

[0]

sampling time = 0.449 ms


       ########################################         

iteration 18 with 44 examples

2019-05-03-03-20-29   >>>>   Start train ranking function

2019-05-03-03-20-29   >>>>   End train ranking function

train_ranking_functioning time = 0.349 ms


2019-05-03-03-20-29   >>>>   Start verify ranking function

[xi_0 = 1]
ranking function : 0.1 *  x[0]^1.0 + 1.0 * 1

2019-05-03-03-20-29   >>>>   End verify ranking function

verifying time = 6.436 ms


Not Found Ranking Fcuntion

Conterexample is 

[1]

sampling time = 0.455 ms


       ########################################         

iteration 19 with 46 examples

2019-05-03-03-20-29   >>>>   Start train ranking function

2019-05-03-03-20-29   >>>>   End train ranking function

train_ranking_functioning time = 0.357 ms


2019-05-03-03-20-29   >>>>   Start verify ranking function

[xi_0 = 0]
ranking function : 1.0 * 1

2019-05-03-03-20-29   >>>>   End verify ranking function

verifying time = 6.145 ms


Not Found Ranking Fcuntion

Conterexample is 

[0]

sampling time = 0.469 ms


       ########################################         

iteration 20 with 48 examples

2019-05-03-03-20-29   >>>>   Start train ranking function

2019-05-03-03-20-29   >>>>   End train ranking function

train_ranking_functioning time = 0.348 ms


2019-05-03-03-20-29   >>>>   Start verify ranking function

[xi_0 = 1]
ranking function : 0.1 *  x[0]^1.0 + 1.0 * 1

2019-05-03-03-20-29   >>>>   End verify ranking function

verifying time = 6.085 ms


Not Found Ranking Fcuntion

Conterexample is 

[1]

sampling time = 0.463 ms


       ########################################         

iteration 21 with 50 examples

2019-05-03-03-20-29   >>>>   Start train ranking function

2019-05-03-03-20-29   >>>>   End train ranking function

train_ranking_functioning time = 0.383 ms


2019-05-03-03-20-29   >>>>   Start verify ranking function

[xi_0 = 0]
ranking function : 1.0 * 1

2019-05-03-03-20-29   >>>>   End verify ranking function

verifying time = 6.116 ms


Not Found Ranking Fcuntion

Conterexample is 

[0]

sampling time = 0.506 ms


       ########################################         

iteration 22 with 52 examples

2019-05-03-03-20-29   >>>>   Start train ranking function

2019-05-03-03-20-29   >>>>   End train ranking function

train_ranking_functioning time = 0.351 ms


2019-05-03-03-20-29   >>>>   Start verify ranking function

[xi_0 = 1]
ranking function : 0.1 *  x[0]^1.0 + 1.0 * 1

2019-05-03-03-20-29   >>>>   End verify ranking function

verifying time = 6.149 ms


Not Found Ranking Fcuntion

Conterexample is 

[1]

sampling time = 0.448 ms


       ########################################         

iteration 23 with 54 examples

2019-05-03-03-20-29   >>>>   Start train ranking function

2019-05-03-03-20-29   >>>>   End train ranking function

train_ranking_functioning time = 0.385 ms


2019-05-03-03-20-29   >>>>   Start verify ranking function

[xi_0 = 0]
ranking function : 1.0 * 1

2019-05-03-03-20-29   >>>>   End verify ranking function

verifying time = 6.115 ms


Not Found Ranking Fcuntion

Conterexample is 

[0]

sampling time = 0.547 ms


       ########################################         

iteration 24 with 56 examples

2019-05-03-03-20-29   >>>>   Start train ranking function

2019-05-03-03-20-29   >>>>   End train ranking function

train_ranking_functioning time = 0.380 ms


2019-05-03-03-20-29   >>>>   Start verify ranking function

[xi_0 = 1]
ranking function : 0.1 *  x[0]^1.0 + 1.0 * 1

2019-05-03-03-20-29   >>>>   End verify ranking function

verifying time = 6.141 ms


Not Found Ranking Fcuntion

Conterexample is 

[1]

sampling time = 0.549 ms


Failed to prove it is terminated

UNKNOWN
------Using Template 1 -----------
2 [2]
*****************************************************

2019-05-03-03-20-29   >>>>   End sampling point

sampling time = 8.446 ms,


       ########################################         

iteration 0 with 8 examples

2019-05-03-03-20-29   >>>>   Start train ranking function

2019-05-03-03-20-29   >>>>   End train ranking function

train_ranking_functioning time = 0.308 ms


2019-05-03-03-20-29   >>>>   Start verify ranking function

valid ranking function
ranking function : 1.1 *  x[0]^1.0 - 0.3 *  x[0]^3.0

2019-05-03-03-20-29   >>>>   End verify ranking function

verifying time = 17.019 ms


Found Ranking Fcuntion: 1.1 *  x[0]^1.0 - 0.3 *  x[0]^3.0

1.1 *  x[0]^1.0 - 0.3 *  x[0]^3.0
FINITE
Time For ../Program_non/50.bpl Is ---> 448.729000 ms

