------Using Template 0 -----------
3 [3]
*****************************************************

2019-05-03-03-20-29   >>>>   End sampling point

sampling time = 44.782 ms,


       ########################################         

iteration 0 with 114 examples

2019-05-03-03-20-29   >>>>   Start train ranking function

2019-05-03-03-20-29   >>>>   End train ranking function

train_ranking_functioning time = 2.150 ms


2019-05-03-03-20-29   >>>>   Start verify ranking function

ranking function : 0.9 *  x[0]^1.0 - 0.9 *  x[1]^1.0 + 3.4 * 1

2019-05-03-03-20-29   >>>>   End verify ranking function

verifying time = 7.586 ms


Not Found Ranking Fcuntion

Conterexample is 

[1, 5]

sampling time = 0.688 ms


       ########################################         

iteration 1 with 116 examples

2019-05-03-03-20-29   >>>>   Start train ranking function

2019-05-03-03-20-29   >>>>   End train ranking function

train_ranking_functioning time = 2.167 ms


2019-05-03-03-20-29   >>>>   Start verify ranking function

ranking function : 0.9 *  x[0]^1.0 - 0.9 *  x[1]^1.0 + 3.6 * 1

2019-05-03-03-20-29   >>>>   End verify ranking function

verifying time = 7.476 ms


Not Found Ranking Fcuntion

Conterexample is 

[1, 6]

sampling time = 0.697 ms


       ########################################         

iteration 2 with 118 examples

2019-05-03-03-20-29   >>>>   Start train ranking function

2019-05-03-03-20-29   >>>>   End train ranking function

train_ranking_functioning time = 2.411 ms


2019-05-03-03-20-29   >>>>   Start verify ranking function

ranking function : 0.8 *  x[0]^1.0 - 0.8 *  x[1]^1.0 + 3.9 * 1

2019-05-03-03-20-30   >>>>   End verify ranking function

verifying time = 8.025 ms


Not Found Ranking Fcuntion

Conterexample is 

[1, 6]

sampling time = 0.753 ms


       ########################################         

iteration 3 with 120 examples

2019-05-03-03-20-30   >>>>   Start train ranking function

2019-05-03-03-20-30   >>>>   End train ranking function

train_ranking_functioning time = 2.689 ms


2019-05-03-03-20-30   >>>>   Start verify ranking function

ranking function : 0.8 *  x[0]^1.0 - 0.8 *  x[1]^1.0 + 4.1 * 1

2019-05-03-03-20-30   >>>>   End verify ranking function

verifying time = 8.406 ms


Not Found Ranking Fcuntion

Conterexample is 

[1, 7]

sampling time = 0.773 ms


       ########################################         

iteration 4 with 122 examples

2019-05-03-03-20-30   >>>>   Start train ranking function

2019-05-03-03-20-30   >>>>   End train ranking function

train_ranking_functioning time = 2.888 ms


2019-05-03-03-20-30   >>>>   Start verify ranking function

ranking function : 0.8 *  x[0]^1.0 - 0.8 *  x[1]^1.0 + 4.4 * 1

2019-05-03-03-20-30   >>>>   End verify ranking function

verifying time = 7.658 ms


Not Found Ranking Fcuntion

Conterexample is 

[1, 7]

sampling time = 0.806 ms


       ########################################         

iteration 5 with 124 examples

2019-05-03-03-20-30   >>>>   Start train ranking function

2019-05-03-03-20-30   >>>>   End train ranking function

train_ranking_functioning time = 2.756 ms


2019-05-03-03-20-30   >>>>   Start verify ranking function

ranking function : 0.8 *  x[0]^1.0 - 0.8 *  x[1]^1.0 + 4.6 * 1

2019-05-03-03-20-30   >>>>   End verify ranking function

verifying time = 7.587 ms


Not Found Ranking Fcuntion

Conterexample is 

[1, 7]

sampling time = 0.700 ms


       ########################################         

iteration 6 with 126 examples

2019-05-03-03-20-30   >>>>   Start train ranking function

2019-05-03-03-20-30   >>>>   End train ranking function

train_ranking_functioning time = 2.790 ms


2019-05-03-03-20-30   >>>>   Start verify ranking function

ranking function : 0.8 *  x[0]^1.0 - 0.8 *  x[1]^1.0 + 4.7 * 1

2019-05-03-03-20-30   >>>>   End verify ranking function

verifying time = 7.444 ms


Not Found Ranking Fcuntion

Conterexample is 

[1, 7]

sampling time = 0.743 ms


       ########################################         

iteration 7 with 128 examples

2019-05-03-03-20-30   >>>>   Start train ranking function

2019-05-03-03-20-30   >>>>   End train ranking function

train_ranking_functioning time = 2.767 ms


2019-05-03-03-20-30   >>>>   Start verify ranking function

[xi_0 = 1, xi_1 = -7]
ranking function : 0.8 *  x[0]^1.0 - 0.7 *  x[1]^1.0 + 4.9 * 1

2019-05-03-03-20-30   >>>>   End verify ranking function

verifying time = 6.732 ms


Not Found Ranking Fcuntion

Conterexample is 

[1, -7]

sampling time = 0.812 ms


       ########################################         

iteration 8 with 130 examples

2019-05-03-03-20-30   >>>>   Start train ranking function

2019-05-03-03-20-30   >>>>   End train ranking function

train_ranking_functioning time = 2.879 ms


2019-05-03-03-20-30   >>>>   Start verify ranking function

ranking function : 0.8 *  x[0]^1.0 - 0.8 *  x[1]^1.0 + 4.9 * 1

2019-05-03-03-20-30   >>>>   End verify ranking function

verifying time = 7.497 ms


Not Found Ranking Fcuntion

Conterexample is 

[1, 8]

sampling time = 0.714 ms


       ########################################         

iteration 9 with 132 examples

2019-05-03-03-20-30   >>>>   Start train ranking function

2019-05-03-03-20-30   >>>>   End train ranking function

train_ranking_functioning time = 2.948 ms


2019-05-03-03-20-30   >>>>   Start verify ranking function

ranking function : 0.7 *  x[0]^1.0 - 0.7 *  x[1]^1.0 + 5.0 * 1

2019-05-03-03-20-30   >>>>   End verify ranking function

verifying time = 7.420 ms


Not Found Ranking Fcuntion

Conterexample is 

[1, 9]

sampling time = 0.707 ms


       ########################################         

iteration 10 with 134 examples

2019-05-03-03-20-30   >>>>   Start train ranking function

2019-05-03-03-20-30   >>>>   End train ranking function

train_ranking_functioning time = 3.020 ms


2019-05-03-03-20-30   >>>>   Start verify ranking function

ranking function : 0.7 *  x[0]^1.0 - 0.7 *  x[1]^1.0 + 5.1 * 1

2019-05-03-03-20-30   >>>>   End verify ranking function

verifying time = 7.588 ms


Not Found Ranking Fcuntion

Conterexample is 

[1, 9]

sampling time = 0.733 ms


       ########################################         

iteration 11 with 136 examples

2019-05-03-03-20-30   >>>>   Start train ranking function

2019-05-03-03-20-30   >>>>   End train ranking function

train_ranking_functioning time = 2.905 ms


2019-05-03-03-20-30   >>>>   Start verify ranking function

ranking function : 0.7 *  x[0]^1.0 - 0.7 *  x[1]^1.0 + 5.2 * 1

2019-05-03-03-20-30   >>>>   End verify ranking function

verifying time = 7.517 ms


Not Found Ranking Fcuntion

Conterexample is 

[1, 9]

sampling time = 0.701 ms


       ########################################         

iteration 12 with 138 examples

2019-05-03-03-20-30   >>>>   Start train ranking function

2019-05-03-03-20-30   >>>>   End train ranking function

train_ranking_functioning time = 3.042 ms


2019-05-03-03-20-30   >>>>   Start verify ranking function

ranking function : 0.7 *  x[0]^1.0 - 0.7 *  x[1]^1.0 + 5.4 * 1

2019-05-03-03-20-30   >>>>   End verify ranking function

verifying time = 7.515 ms


Not Found Ranking Fcuntion

Conterexample is 

[1, 9]

sampling time = 0.708 ms


       ########################################         

iteration 13 with 140 examples

2019-05-03-03-20-30   >>>>   Start train ranking function

2019-05-03-03-20-30   >>>>   End train ranking function

train_ranking_functioning time = 3.151 ms


2019-05-03-03-20-30   >>>>   Start verify ranking function

[xi_0 = 1, xi_1 = -6]
ranking function : 0.7 *  x[0]^1.0 - 0.6 *  x[1]^1.0 + 5.5 * 1

2019-05-03-03-20-30   >>>>   End verify ranking function

verifying time = 6.868 ms


Not Found Ranking Fcuntion

Conterexample is 

[1, -6]

sampling time = 0.702 ms


       ########################################         

iteration 14 with 142 examples

2019-05-03-03-20-30   >>>>   Start train ranking function

2019-05-03-03-20-30   >>>>   End train ranking function

train_ranking_functioning time = 3.146 ms


2019-05-03-03-20-30   >>>>   Start verify ranking function

ranking function : 0.7 *  x[0]^1.0 - 0.7 *  x[1]^1.0 + 5.5 * 1

2019-05-03-03-20-30   >>>>   End verify ranking function

verifying time = 7.467 ms


Not Found Ranking Fcuntion

Conterexample is 

[1, 9]

sampling time = 0.869 ms


       ########################################         

iteration 15 with 144 examples

2019-05-03-03-20-30   >>>>   Start train ranking function

2019-05-03-03-20-30   >>>>   End train ranking function

train_ranking_functioning time = 3.024 ms


2019-05-03-03-20-30   >>>>   Start verify ranking function

[xi_0 = 1, xi_1 = -6]
ranking function : 0.7 *  x[0]^1.0 - 0.6 *  x[1]^1.0 + 5.6 * 1

2019-05-03-03-20-30   >>>>   End verify ranking function

verifying time = 6.652 ms


Not Found Ranking Fcuntion

Conterexample is 

[1, -6]

sampling time = 0.745 ms


       ########################################         

iteration 16 with 146 examples

2019-05-03-03-20-30   >>>>   Start train ranking function

2019-05-03-03-20-30   >>>>   End train ranking function

train_ranking_functioning time = 3.289 ms


2019-05-03-03-20-30   >>>>   Start verify ranking function

ranking function : 0.7 *  x[0]^1.0 - 0.7 *  x[1]^1.0 + 5.7 * 1

2019-05-03-03-20-30   >>>>   End verify ranking function

verifying time = 7.703 ms


Not Found Ranking Fcuntion

Conterexample is 

[1, 10]

sampling time = 0.701 ms


       ########################################         

iteration 17 with 148 examples

2019-05-03-03-20-30   >>>>   Start train ranking function

2019-05-03-03-20-30   >>>>   End train ranking function

train_ranking_functioning time = 3.561 ms


2019-05-03-03-20-30   >>>>   Start verify ranking function

[xi_0 = 1, xi_1 = -6]
ranking function : 0.7 *  x[0]^1.0 - 0.6 *  x[1]^1.0 + 5.7 * 1

2019-05-03-03-20-30   >>>>   End verify ranking function

verifying time = 6.931 ms


Not Found Ranking Fcuntion

Conterexample is 

[1, -6]

sampling time = 0.704 ms


       ########################################         

iteration 18 with 150 examples

2019-05-03-03-20-30   >>>>   Start train ranking function

2019-05-03-03-20-30   >>>>   End train ranking function

train_ranking_functioning time = 3.319 ms


2019-05-03-03-20-30   >>>>   Start verify ranking function

[xi_0 = 1, xi_1 = -6]
ranking function : 0.7 *  x[0]^1.0 - 0.6 *  x[1]^1.0 + 5.8 * 1

2019-05-03-03-20-30   >>>>   End verify ranking function

verifying time = 6.676 ms


Not Found Ranking Fcuntion

Conterexample is 

[1, -6]

sampling time = 0.699 ms


       ########################################         

iteration 19 with 152 examples

2019-05-03-03-20-30   >>>>   Start train ranking function

2019-05-03-03-20-30   >>>>   End train ranking function

train_ranking_functioning time = 3.383 ms


2019-05-03-03-20-30   >>>>   Start verify ranking function

ranking function : 0.7 *  x[0]^1.0 - 0.7 *  x[1]^1.0 + 5.8 * 1

2019-05-03-03-20-30   >>>>   End verify ranking function

verifying time = 7.423 ms


Not Found Ranking Fcuntion

Conterexample is 

[1, 10]

sampling time = 0.703 ms


       ########################################         

iteration 20 with 154 examples

2019-05-03-03-20-30   >>>>   Start train ranking function

2019-05-03-03-20-30   >>>>   End train ranking function

train_ranking_functioning time = 3.457 ms


2019-05-03-03-20-30   >>>>   Start verify ranking function

[xi_0 = 1, xi_1 = -6]
ranking function : 0.7 *  x[0]^1.0 - 0.6 *  x[1]^1.0 + 5.9 * 1

2019-05-03-03-20-30   >>>>   End verify ranking function

verifying time = 6.681 ms


Not Found Ranking Fcuntion

Conterexample is 

[1, -6]

sampling time = 0.701 ms


       ########################################         

iteration 21 with 156 examples

2019-05-03-03-20-30   >>>>   Start train ranking function

2019-05-03-03-20-30   >>>>   End train ranking function

train_ranking_functioning time = 3.495 ms


2019-05-03-03-20-30   >>>>   Start verify ranking function

[xi_0 = 1, xi_1 = -6]
ranking function : 0.7 *  x[0]^1.0 - 0.6 *  x[1]^1.0 + 5.9 * 1

2019-05-03-03-20-30   >>>>   End verify ranking function

verifying time = 6.699 ms


Not Found Ranking Fcuntion

Conterexample is 

[1, -6]

sampling time = 0.732 ms


       ########################################         

iteration 22 with 158 examples

2019-05-03-03-20-30   >>>>   Start train ranking function

2019-05-03-03-20-30   >>>>   End train ranking function

train_ranking_functioning time = 3.602 ms


2019-05-03-03-20-30   >>>>   Start verify ranking function

ranking function : 0.7 *  x[0]^1.0 - 0.7 *  x[1]^1.0 + 6.0 * 1

2019-05-03-03-20-30   >>>>   End verify ranking function

verifying time = 7.591 ms


Not Found Ranking Fcuntion

Conterexample is 

[1, 10]

sampling time = 0.700 ms


       ########################################         

iteration 23 with 160 examples

2019-05-03-03-20-30   >>>>   Start train ranking function

2019-05-03-03-20-30   >>>>   End train ranking function

train_ranking_functioning time = 3.667 ms


2019-05-03-03-20-30   >>>>   Start verify ranking function

[xi_0 = 1, xi_1 = -6]
ranking function : 0.7 *  x[0]^1.0 - 0.6 *  x[1]^1.0 + 6.0 * 1

2019-05-03-03-20-30   >>>>   End verify ranking function

verifying time = 6.600 ms


Not Found Ranking Fcuntion

Conterexample is 

[1, -6]

sampling time = 0.708 ms


       ########################################         

iteration 24 with 162 examples

2019-05-03-03-20-30   >>>>   Start train ranking function

2019-05-03-03-20-30   >>>>   End train ranking function

train_ranking_functioning time = 3.653 ms


2019-05-03-03-20-30   >>>>   Start verify ranking function

[xi_0 = 1, xi_1 = -6]
ranking function : 0.7 *  x[0]^1.0 - 0.6 *  x[1]^1.0 + 6.0 * 1

2019-05-03-03-20-30   >>>>   End verify ranking function

verifying time = 6.623 ms


Not Found Ranking Fcuntion

Conterexample is 

[1, -6]

sampling time = 0.713 ms


Failed to prove it is terminated

UNKNOWN
------Using Template 1 -----------
3 [3]
*****************************************************

2019-05-03-03-20-30   >>>>   End sampling point

sampling time = 52.753 ms,


       ########################################         

iteration 0 with 114 examples

2019-05-03-03-20-30   >>>>   Start train ranking function

2019-05-03-03-20-30   >>>>   End train ranking function

train_ranking_functioning time = 3.143 ms


2019-05-03-03-20-30   >>>>   Start verify ranking function

[xi_0 = 1, xi_1 = 1]
ranking function : 2.5 *  x[0]^-1.0 *  x[1]^-0.5 - 2.5 *  x[0]^-2.0 *  x[1]^-3.0

2019-05-03-03-20-30   >>>>   End verify ranking function

verifying time = 17.749 ms


Not Found Ranking Fcuntion

Conterexample is 

[1, 1]

sampling time = 0.819 ms


       ########################################         

iteration 1 with 116 examples

2019-05-03-03-20-30   >>>>   Start train ranking function

2019-05-03-03-20-30   >>>>   End train ranking function

train_ranking_functioning time = 3.153 ms


2019-05-03-03-20-30   >>>>   Start verify ranking function

[xi_0 = 1, xi_1 = 1]
ranking function : 2.5 *  x[0]^-1.0 *  x[1]^-0.5 - 2.4 *  x[0]^-2.0 *  x[1]^-3.0

2019-05-03-03-20-30   >>>>   End verify ranking function

verifying time = 17.517 ms


Not Found Ranking Fcuntion

Conterexample is 

[1, 1]

sampling time = 0.858 ms


       ########################################         

iteration 2 with 118 examples

2019-05-03-03-20-30   >>>>   Start train ranking function

2019-05-03-03-20-30   >>>>   End train ranking function

train_ranking_functioning time = 3.058 ms


2019-05-03-03-20-30   >>>>   Start verify ranking function

[xi_0 = 1, xi_1 = 1]
ranking function : 2.6 *  x[0]^-1.0 *  x[1]^-0.5 - 2.3 *  x[0]^-2.0 *  x[1]^-3.0

2019-05-03-03-20-30   >>>>   End verify ranking function

verifying time = 17.436 ms


Not Found Ranking Fcuntion

Conterexample is 

[1, 1]

sampling time = 0.895 ms


       ########################################         

iteration 3 with 120 examples

2019-05-03-03-20-30   >>>>   Start train ranking function

2019-05-03-03-20-30   >>>>   End train ranking function

train_ranking_functioning time = 3.211 ms


2019-05-03-03-20-30   >>>>   Start verify ranking function

[xi_0 = 1, xi_1 = 1]
ranking function : 2.6 *  x[0]^-1.0 *  x[1]^-0.5 - 2.2 *  x[0]^-2.0 *  x[1]^-3.0

2019-05-03-03-20-30   >>>>   End verify ranking function

verifying time = 17.475 ms


Not Found Ranking Fcuntion

Conterexample is 

[1, 1]

sampling time = 0.976 ms


       ########################################         

iteration 4 with 122 examples

2019-05-03-03-20-30   >>>>   Start train ranking function

2019-05-03-03-20-30   >>>>   End train ranking function

train_ranking_functioning time = 3.452 ms


2019-05-03-03-20-30   >>>>   Start verify ranking function

[xi_0 = 1, xi_1 = 1]
ranking function : 2.6 *  x[0]^-1.0 *  x[1]^-0.5 - 2.1 *  x[0]^-2.0 *  x[1]^-3.0

2019-05-03-03-20-30   >>>>   End verify ranking function

verifying time = 18.606 ms


Not Found Ranking Fcuntion

Conterexample is 

[1, 1]

sampling time = 0.836 ms


       ########################################         

iteration 5 with 124 examples

2019-05-03-03-20-30   >>>>   Start train ranking function

2019-05-03-03-20-30   >>>>   End train ranking function

train_ranking_functioning time = 3.611 ms


2019-05-03-03-20-30   >>>>   Start verify ranking function

[xi_0 = 1, xi_1 = 1]
ranking function : 2.7 *  x[0]^-1.0 *  x[1]^-0.5 - 2.1 *  x[0]^-2.0 *  x[1]^-3.0

2019-05-03-03-20-30   >>>>   End verify ranking function

verifying time = 17.849 ms


Not Found Ranking Fcuntion

Conterexample is 

[1, 1]

sampling time = 0.825 ms


       ########################################         

iteration 6 with 126 examples

2019-05-03-03-20-30   >>>>   Start train ranking function

2019-05-03-03-20-30   >>>>   End train ranking function

train_ranking_functioning time = 3.485 ms


2019-05-03-03-20-30   >>>>   Start verify ranking function

[xi_0 = 1, xi_1 = 1]
ranking function : 2.7 *  x[0]^-1.0 *  x[1]^-0.5 - 2.1 *  x[0]^-2.0 *  x[1]^-3.0

2019-05-03-03-20-30   >>>>   End verify ranking function

verifying time = 17.528 ms


Not Found Ranking Fcuntion

Conterexample is 

[1, 1]

sampling time = 0.833 ms


       ########################################         

iteration 7 with 128 examples

2019-05-03-03-20-30   >>>>   Start train ranking function

2019-05-03-03-20-30   >>>>   End train ranking function

train_ranking_functioning time = 3.573 ms


2019-05-03-03-20-30   >>>>   Start verify ranking function

[xi_0 = 1, xi_1 = 1]
ranking function : 2.7 *  x[0]^-1.0 *  x[1]^-0.5 - 2.1 *  x[0]^-2.0 *  x[1]^-3.0

2019-05-03-03-20-30   >>>>   End verify ranking function

verifying time = 17.410 ms


Not Found Ranking Fcuntion

Conterexample is 

[1, 1]

sampling time = 0.879 ms


       ########################################         

iteration 8 with 130 examples

2019-05-03-03-20-30   >>>>   Start train ranking function

2019-05-03-03-20-30   >>>>   End train ranking function

train_ranking_functioning time = 3.461 ms


2019-05-03-03-20-30   >>>>   Start verify ranking function

[xi_0 = 1, xi_1 = 1]
ranking function : 2.7 *  x[0]^-1.0 *  x[1]^-0.5 - 2.0 *  x[0]^-2.0 *  x[1]^-3.0

2019-05-03-03-20-30   >>>>   End verify ranking function

verifying time = 17.969 ms


Not Found Ranking Fcuntion

Conterexample is 

[1, 1]

sampling time = 0.824 ms


       ########################################         

iteration 9 with 132 examples

2019-05-03-03-20-30   >>>>   Start train ranking function

2019-05-03-03-20-30   >>>>   End train ranking function

train_ranking_functioning time = 3.722 ms


2019-05-03-03-20-30   >>>>   Start verify ranking function

[xi_0 = 1, xi_1 = 1]
ranking function : 2.7 *  x[0]^-1.0 *  x[1]^-0.5 - 2.0 *  x[0]^-2.0 *  x[1]^-3.0

2019-05-03-03-20-30   >>>>   End verify ranking function

verifying time = 17.901 ms


Not Found Ranking Fcuntion

Conterexample is 

[1, 1]

sampling time = 0.821 ms


       ########################################         

iteration 10 with 134 examples

2019-05-03-03-20-30   >>>>   Start train ranking function

2019-05-03-03-20-30   >>>>   End train ranking function

train_ranking_functioning time = 3.692 ms


2019-05-03-03-20-30   >>>>   Start verify ranking function

[xi_0 = 1, xi_1 = 1]
ranking function : 2.7 *  x[0]^-1.0 *  x[1]^-0.5 - 2.0 *  x[0]^-2.0 *  x[1]^-3.0

2019-05-03-03-20-30   >>>>   End verify ranking function

verifying time = 17.606 ms


Not Found Ranking Fcuntion

Conterexample is 

[1, 1]

sampling time = 1.008 ms


       ########################################         

iteration 11 with 136 examples

2019-05-03-03-20-30   >>>>   Start train ranking function

2019-05-03-03-20-30   >>>>   End train ranking function

train_ranking_functioning time = 4.318 ms


2019-05-03-03-20-30   >>>>   Start verify ranking function

[xi_0 = 1, xi_1 = 1]
ranking function : 2.8 *  x[0]^-1.0 *  x[1]^-0.5 - 2.0 *  x[0]^-2.0 *  x[1]^-3.0

2019-05-03-03-20-30   >>>>   End verify ranking function

verifying time = 19.358 ms


Not Found Ranking Fcuntion

Conterexample is 

[1, 1]

sampling time = 0.959 ms


       ########################################         

iteration 12 with 138 examples

2019-05-03-03-20-30   >>>>   Start train ranking function

2019-05-03-03-20-30   >>>>   End train ranking function

train_ranking_functioning time = 4.294 ms


2019-05-03-03-20-30   >>>>   Start verify ranking function

[xi_0 = 1, xi_1 = 1]
ranking function : 2.8 *  x[0]^-1.0 *  x[1]^-0.5 - 2.0 *  x[0]^-2.0 *  x[1]^-3.0

2019-05-03-03-20-30   >>>>   End verify ranking function

verifying time = 19.876 ms


Not Found Ranking Fcuntion

Conterexample is 

[1, 1]

sampling time = 0.870 ms


       ########################################         

iteration 13 with 140 examples

2019-05-03-03-20-30   >>>>   Start train ranking function

2019-05-03-03-20-30   >>>>   End train ranking function

train_ranking_functioning time = 4.175 ms


2019-05-03-03-20-30   >>>>   Start verify ranking function

[xi_0 = 1, xi_1 = 1]
ranking function : 2.8 *  x[0]^-1.0 *  x[1]^-0.5 - 2.0 *  x[0]^-2.0 *  x[1]^-3.0

2019-05-03-03-20-30   >>>>   End verify ranking function

verifying time = 17.625 ms


Not Found Ranking Fcuntion

Conterexample is 

[1, 1]

sampling time = 0.823 ms


       ########################################         

iteration 14 with 142 examples

2019-05-03-03-20-30   >>>>   Start train ranking function

2019-05-03-03-20-30   >>>>   End train ranking function

train_ranking_functioning time = 4.079 ms


2019-05-03-03-20-30   >>>>   Start verify ranking function

[xi_0 = 1, xi_1 = 1]
ranking function : 2.8 *  x[0]^-1.0 *  x[1]^-0.5 - 2.0 *  x[0]^-2.0 *  x[1]^-3.0

2019-05-03-03-20-30   >>>>   End verify ranking function

verifying time = 17.362 ms


Not Found Ranking Fcuntion

Conterexample is 

[1, 1]

sampling time = 0.823 ms


       ########################################         

iteration 15 with 144 examples

2019-05-03-03-20-30   >>>>   Start train ranking function

2019-05-03-03-20-30   >>>>   End train ranking function

train_ranking_functioning time = 4.199 ms


2019-05-03-03-20-30   >>>>   Start verify ranking function

[xi_0 = 1, xi_1 = 1]
ranking function : 2.8 *  x[0]^-1.0 *  x[1]^-0.5 - 2.0 *  x[0]^-2.0 *  x[1]^-3.0

2019-05-03-03-20-30   >>>>   End verify ranking function

verifying time = 17.433 ms


Not Found Ranking Fcuntion

Conterexample is 

[1, 1]

sampling time = 0.885 ms


       ########################################         

iteration 16 with 146 examples

2019-05-03-03-20-30   >>>>   Start train ranking function

5
2019-05-03-03-20-30   >>>>   End train ranking function

train_ranking_functioning time = 4.248 ms


2019-05-03-03-20-30   >>>>   Start verify ranking function

[xi_0 = 1, xi_1 = 1]
ranking function : 2.8 *  x[0]^-1.0 *  x[1]^-0.5 - 2.0 *  x[0]^-2.0 *  x[1]^-3.0

2019-05-03-03-20-30   >>>>   End verify ranking function

verifying time = 17.536 ms


Not Found Ranking Fcuntion

Conterexample is 

[1, 1]

sampling time = 0.880 ms


       ########################################         

iteration 17 with 148 examples

2019-05-03-03-20-30   >>>>   Start train ranking function

2019-05-03-03-20-30   >>>>   End train ranking function

train_ranking_functioning time = 4.246 ms


2019-05-03-03-20-30   >>>>   Start verify ranking function

[xi_0 = 1, xi_1 = 1]
ranking function : 2.7777 *  x[0]^-1.0 *  x[1]^-0.5 - 1.9499 *  x[0]^-2.0 *  x[1]^-3.0 - 0.0166 *  x[0]^2.0 *  x[1]^-2.0

2019-05-03-03-20-31   >>>>   End verify ranking function

verifying time = 902.115 ms


Not Found Ranking Fcuntion

Conterexample is 

[1, 1]

sampling time = 1.032 ms


       ########################################         

iteration 18 with 150 examples

2019-05-03-03-20-31   >>>>   Start train ranking function

2019-05-03-03-20-31   >>>>   End train ranking function

train_ranking_functioning time = 4.797 ms


2019-05-03-03-20-31   >>>>   Start verify ranking function

[xi_0 = 1, xi_1 = 1]
ranking function : 2.7864 *  x[0]^-1.0 *  x[1]^-0.5 - 1.9514 *  x[0]^-2.0 *  x[1]^-3.0 - 0.0123 *  x[0]^2.0 *  x[1]^-2.0

2019-05-03-03-20-34   >>>>   End verify ranking function

verifying time = 3140.780 ms


Not Found Ranking Fcuntion

Conterexample is 

[1, 1]

sampling time = 0.872 ms


       ########################################         

iteration 19 with 152 examples

2019-05-03-03-20-34   >>>>   Start train ranking function

2019-05-03-03-20-34   >>>>   End train ranking function

train_ranking_functioning time = 4.440 ms


2019-05-03-03-20-34   >>>>   Start verify ranking function

[xi_0 = 1, xi_1 = 1]
ranking function : 2.7814 *  x[0]^-1.0 *  x[1]^-0.5 - 1.9497 *  x[0]^-2.0 *  x[1]^-3.0 - 0.0131 *  x[0]^2.0 *  x[1]^-2.0

2019-05-03-03-20-37   >>>>   End verify ranking function

verifying time = 2367.201 ms


Not Found Ranking Fcuntion

Conterexample is 

[1, 1]

sampling time = 0.831 ms


       ########################################         

iteration 20 with 154 examples

2019-05-03-03-20-37   >>>>   Start train ranking function

2019-05-03-03-20-37   >>>>   End train ranking function

train_ranking_functioning time = 4.575 ms


2019-05-03-03-20-37   >>>>   Start verify ranking function

[xi_0 = 1, xi_1 = 1]
ranking function : 2.7883 *  x[0]^-1.0 *  x[1]^-0.5 - 1.9389 *  x[0]^-2.0 *  x[1]^-3.0 - 0.0129 *  x[0]^2.0 *  x[1]^-2.0

2019-05-03-03-20-38   >>>>   End verify ranking function

verifying time = 1405.171 ms


Not Found Ranking Fcuntion

Conterexample is 

[1, 1]

sampling time = 0.828 ms


       ########################################         

iteration 21 with 156 examples

2019-05-03-03-20-38   >>>>   Start train ranking function

2019-05-03-03-20-38   >>>>   End train ranking function

train_ranking_functioning time = 4.509 ms


2019-05-03-03-20-38   >>>>   Start verify ranking function

[xi_0 = 1, xi_1 = 1]
ranking function : 2.764 *  x[0]^-1.0 *  x[1]^-0.5 - 1.9057 *  x[0]^-2.0 *  x[1]^-3.0 - 0.0155 *  x[0]^2.0 *  x[1]^-2.0

2019-05-03-03-20-39   >>>>   End verify ranking function

verifying time = 1187.678 ms


Not Found Ranking Fcuntion

Conterexample is 

[1, 1]

sampling time = 0.868 ms


       ########################################         

iteration 22 with 158 examples

2019-05-03-03-20-39   >>>>   Start train ranking function

2019-05-03-03-20-39   >>>>   End train ranking function

train_ranking_functioning time = 4.707 ms


2019-05-03-03-20-39   >>>>   Start verify ranking function

[xi_0 = 1, xi_1 = 1]
ranking function : 2.7938 *  x[0]^-1.0 *  x[1]^-0.5 - 1.9312 *  x[0]^-2.0 *  x[1]^-3.0 - 0.0137 *  x[0]^2.0 *  x[1]^-2.0

2019-05-03-03-20-42   >>>>   End verify ranking function

verifying time = 2629.598 ms


Not Found Ranking Fcuntion

Conterexample is 

[1, 1]

sampling time = 0.848 ms


       ########################################         

iteration 23 with 160 examples

2019-05-03-03-20-42   >>>>   Start train ranking function

2019-05-03-03-20-42   >>>>   End train ranking function

train_ranking_functioning time = 4.733 ms


2019-05-03-03-20-42   >>>>   Start verify ranking function

[xi_0 = 1, xi_1 = 1]
ranking function : 2.7888 *  x[0]^-1.0 *  x[1]^-0.5 - 1.9343 *  x[0]^-2.0 *  x[1]^-3.0 - 0.0097 *  x[0]^2.0 *  x[1]^-2.0

2019-05-03-03-20-43   >>>>   End verify ranking function

verifying time = 1184.189 ms


Not Found Ranking Fcuntion

Conterexample is 

[1, 1]

sampling time = 0.826 ms


       ########################################         

iteration 24 with 162 examples

2019-05-03-03-20-43   >>>>   Start train ranking function

2019-05-03-03-20-43   >>>>   End train ranking function

train_ranking_functioning time = 4.881 ms


2019-05-03-03-20-43   >>>>   Start verify ranking function

[xi_0 = 1, xi_1 = 1]
ranking function : 2.8034 *  x[0]^-1.0 *  x[1]^-0.5 - 1.9212 *  x[0]^-2.0 *  x[1]^-3.0 - 0.0204 *  x[0]^2.0 *  x[1]^-2.0

2019-05-03-03-20-46   >>>>   End verify ranking function

verifying time = 2882.550 ms


Not Found Ranking Fcuntion

Conterexample is 

[1, 1]

sampling time = 0.825 ms


Failed to prove it is terminated

UNKNOWN
------Using Template 2 -----------
9 [3, 3, 3]
*****************************************************

2019-05-03-03-20-46   >>>>   End sampling point

sampling time = 118.616 ms,


       ########################################         

iteration 0 with 228 examples

2019-05-03-03-20-46   >>>>   Start train ranking function

2019-05-03-03-20-46   >>>>   End train ranking function

train_ranking_functioning time = 1.972 ms


2019-05-03-03-20-46   >>>>   Start verify ranking function

[xi_0 = 1, xi_1 = 9]
ranking function : 1.0 *  x[0]^1.0 - 1.0 *  x[1]^1.0 + 0.8 * 1; 0.8 *  x[0]^1.0 + 0.8 * 1; 0.2 *  x[0]^1.0 + 0.8 * 1

2019-05-03-03-20-46   >>>>   End verify ranking function

verifying time = 9.503 ms


Not Found Ranking Fcuntion

Conterexample is 

[1, 9]

sampling time = 1.988 ms


       ########################################         

iteration 1 with 232 examples

2019-05-03-03-20-46   >>>>   Start train ranking function

2019-05-03-03-20-46   >>>>   End train ranking function

train_ranking_functioning time = 2.986 ms


2019-05-03-03-20-46   >>>>   Start verify ranking function

[xi_0 = 1, xi_1 = 18]
ranking function : 1.0 *  x[0]^1.0 - 1.0 *  x[1]^1.0 + 0.8 * 1; 0.9 *  x[0]^1.0 + 0.8 * 1; 0.1 *  x[0]^1.0 + 0.8 * 1

2019-05-03-03-20-46   >>>>   End verify ranking function

verifying time = 9.383 ms


Not Found Ranking Fcuntion

Conterexample is 

[1, 18]

sampling time = 2.043 ms


       ########################################         

iteration 2 with 236 examples

2019-05-03-03-20-46   >>>>   Start train ranking function

2019-05-03-03-20-46   >>>>   End train ranking function

train_ranking_functioning time = 3.104 ms


2019-05-03-03-20-46   >>>>   Start verify ranking function

[xi_0 = 1, xi_1 = 18]
ranking function : 1.0 *  x[0]^1.0 - 1.0 *  x[1]^1.0 + 0.8 * 1; 0.9 *  x[0]^1.0 + 0.8 * 1; 0.1 *  x[0]^1.0 + 0.8 * 1

2019-05-03-03-20-46   >>>>   End verify ranking function

verifying time = 9.546 ms


Not Found Ranking Fcuntion

Conterexample is 

[1, 18]

sampling time = 2.008 ms


       ########################################         

iteration 3 with 240 examples

2019-05-03-03-20-46   >>>>   Start train ranking function

2019-05-03-03-20-46   >>>>   End train ranking function

train_ranking_functioning time = 3.320 ms


2019-05-03-03-20-46   >>>>   Start verify ranking function

[xi_0 = 1, xi_1 = 18]
ranking function : 1.0 *  x[0]^1.0 - 1.0 *  x[1]^1.0 + 0.8 * 1; 0.9 *  x[0]^1.0 + 0.8 * 1; 0.1 *  x[0]^1.0 + 0.8 * 1

2019-05-03-03-20-46   >>>>   End verify ranking function

verifying time = 9.470 ms


Not Found Ranking Fcuntion

Conterexample is 

[1, 18]

sampling time = 2.002 ms


       ########################################         

iteration 4 with 244 examples

2019-05-03-03-20-46   >>>>   Start train ranking function

2019-05-03-03-20-46   >>>>   End train ranking function

train_ranking_functioning time = 3.274 ms


2019-05-03-03-20-46   >>>>   Start verify ranking function

[xi_0 = 1, xi_1 = 18]
ranking function : 1.0 *  x[0]^1.0 - 1.0 *  x[1]^1.0 + 0.8 * 1; 0.9 *  x[0]^1.0 + 0.8 * 1; 0.1 *  x[0]^1.0 + 0.8 * 1

2019-05-03-03-20-46   >>>>   End verify ranking function

verifying time = 9.496 ms


Not Found Ranking Fcuntion

Conterexample is 

[1, 18]

sampling time = 2.004 ms


       ########################################         

iteration 5 with 248 examples

2019-05-03-03-20-46   >>>>   Start train ranking function

2019-05-03-03-20-46   >>>>   End train ranking function

train_ranking_functioning time = 3.383 ms


2019-05-03-03-20-46   >>>>   Start verify ranking function

[xi_0 = 1, xi_1 = 18]
ranking function : 1.0 *  x[0]^1.0 - 1.0 *  x[1]^1.0 + 0.8 * 1; 0.9 *  x[0]^1.0 + 0.8 * 1; 0.1 *  x[0]^1.0 + 0.8 * 1

2019-05-03-03-20-46   >>>>   End verify ranking function

verifying time = 9.395 ms


Not Found Ranking Fcuntion

Conterexample is 

[1, 18]

sampling time = 2.259 ms


       ########################################         

iteration 6 with 252 examples

2019-05-03-03-20-46   >>>>   Start train ranking function

5
2019-05-03-03-20-46   >>>>   End train ranking function

train_ranking_functioning time = 3.835 ms


2019-05-03-03-20-46   >>>>   Start verify ranking function

[xi_0 = 1, xi_1 = 18]
ranking function : 1.0 *  x[0]^1.0 - 1.0 *  x[1]^1.0 + 0.8 * 1; 0.9 *  x[0]^1.0 + 0.8 * 1; 0.1 *  x[0]^1.0 + 0.8 * 1

2019-05-03-03-20-46   >>>>   End verify ranking function

verifying time = 10.656 ms


Not Found Ranking Fcuntion

Conterexample is 

[1, 18]

sampling time = 2.180 ms


       ########################################         

iteration 7 with 256 examples

2019-05-03-03-20-46   >>>>   Start train ranking function

2019-05-03-03-20-46   >>>>   End train ranking function

train_ranking_functioning time = 3.857 ms


2019-05-03-03-20-46   >>>>   Start verify ranking function

[xi_0 = 1, xi_1 = -1220]
ranking function : 0.9772 *  x[0]^1.0 - 0.9764 *  x[1]^1.0 + 0.8131 * 1; 0.9287 *  x[0]^1.0 + 0.0037 *  x[1]^1.0 + 0.8039 * 1; 0.1444 *  x[0]^1.0 + 0.0002 *  x[1]^1.0 + 0.8475 * 1

2019-05-03-03-20-46   >>>>   End verify ranking function

verifying time = 7.493 ms


Not Found Ranking Fcuntion

Conterexample is 

[1, -1220]

sampling time = 2.044 ms


       ########################################         

iteration 8 with 260 examples

2019-05-03-03-20-46   >>>>   Start train ranking function

2019-05-03-03-20-46   >>>>   End train ranking function

train_ranking_functioning time = 3.665 ms


2019-05-03-03-20-46   >>>>   Start verify ranking function

[xi_0 = 1, xi_1 = -1219]
ranking function : 0.9764 *  x[0]^1.0 - 0.9756 *  x[1]^1.0 + 0.7387 * 1; 1.0214 *  x[0]^1.0 - 0.0907 *  x[1]^1.0 + 0.8004 * 1; 0.0911 *  x[0]^1.0 + 0.0005 *  x[1]^1.0 + 0.8929 * 1

2019-05-03-03-20-46   >>>>   End verify ranking function

verifying time = 6.944 ms


Not Found Ranking Fcuntion

Conterexample is 

[1, -1219]

sampling time = 2.057 ms


       ########################################         

iteration 9 with 264 examples

2019-05-03-03-20-46   >>>>   Start train ranking function

2019-05-03-03-20-46   >>>>   End train ranking function

train_ranking_functioning time = 3.825 ms


2019-05-03-03-20-46   >>>>   Start verify ranking function

[xi_0 = 1, xi_1 = -1393]
ranking function : 0.9763 *  x[0]^1.0 - 0.9756 *  x[1]^1.0 + 0.7385 * 1; 1.0219 *  x[0]^1.0 - 0.0911 *  x[1]^1.0 + 0.8003 * 1; 0.0916 *  x[0]^1.0 + 0.0004 *  x[1]^1.0 + 0.8932 * 1

2019-05-03-03-20-46   >>>>   End verify ranking function

verifying time = 7.005 ms


Not Found Ranking Fcuntion

Conterexample is 

[1, -1393]

sampling time = 2.016 ms


       ########################################         

iteration 10 with 268 examples

2019-05-03-03-20-46   >>>>   Start train ranking function

2019-05-03-03-20-46   >>>>   End train ranking function

train_ranking_functioning time = 4.087 ms


2019-05-03-03-20-46   >>>>   Start verify ranking function

[xi_0 = 1, xi_1 = -1950]
ranking function : 0.9763 *  x[0]^1.0 - 0.9758 *  x[1]^1.0 + 0.7385 * 1; 1.0219 *  x[0]^1.0 - 0.0911 *  x[1]^1.0 + 0.8002 * 1; 0.0914 *  x[0]^1.0 + 0.0004 *  x[1]^1.0 + 0.8931 * 1

2019-05-03-03-20-46   >>>>   End verify ranking function

verifying time = 6.876 ms


Not Found Ranking Fcuntion

Conterexample is 

[1, -1950]

sampling time = 2.011 ms


       ########################################         

iteration 11 with 272 examples

2019-05-03-03-20-46   >>>>   Start train ranking function

2019-05-03-03-20-46   >>>>   End train ranking function

train_ranking_functioning time = 4.087 ms


2019-05-03-03-20-46   >>>>   Start verify ranking function

[xi_0 = 1, xi_1 = -2438]
ranking function : 0.9763 *  x[0]^1.0 - 0.9759 *  x[1]^1.0 + 0.7384 * 1; 1.022 *  x[0]^1.0 - 0.0912 *  x[1]^1.0 + 0.8002 * 1; 0.0914 *  x[0]^1.0 + 0.8932 * 1

2019-05-03-03-20-46   >>>>   End verify ranking function

verifying time = 6.859 ms


Not Found Ranking Fcuntion

Conterexample is 

[1, -2438]

sampling time = 1.988 ms


       ########################################         

iteration 12 with 276 examples

2019-05-03-03-20-46   >>>>   Start train ranking function

2019-05-03-03-20-46   >>>>   End train ranking function

train_ranking_functioning time = 4.366 ms


2019-05-03-03-20-46   >>>>   Start verify ranking function

[xi_0 = 1, xi_1 = -2438]
ranking function : 0.9763 *  x[0]^1.0 - 0.9759 *  x[1]^1.0 + 0.7381 * 1; 1.0224 *  x[0]^1.0 - 0.0916 *  x[1]^1.0 + 0.8001 * 1; 0.092 *  x[0]^1.0 + 0.0001 *  x[1]^1.0 + 0.8936 * 1

2019-05-03-03-20-46   >>>>   End verify ranking function

verifying time = 6.960 ms


Not Found Ranking Fcuntion

Conterexample is 

[1, -2438]

sampling time = 2.007 ms


       ########################################         

iteration 13 with 280 examples

2019-05-03-03-20-46   >>>>   Start train ranking function

2019-05-03-03-20-46   >>>>   End train ranking function

train_ranking_functioning time = 4.789 ms


2019-05-03-03-20-46   >>>>   Start verify ranking function

[xi_0 = 1, xi_1 = -2438]
ranking function : 0.9763 *  x[0]^1.0 - 0.9759 *  x[1]^1.0 + 0.7379 * 1; 1.0227 *  x[0]^1.0 - 0.0917 *  x[1]^1.0 + 0.8001 * 1; 0.0921 *  x[0]^1.0 + 0.0002 *  x[1]^1.0 + 0.8937 * 1

2019-05-03-03-20-46   >>>>   End verify ranking function

verifying time = 6.920 ms


Not Found Ranking Fcuntion

Conterexample is 

[1, -2438]

sampling time = 1.982 ms


       ########################################         

iteration 14 with 284 examples

2019-05-03-03-20-46   >>>>   Start train ranking function

2019-05-03-03-20-46   >>>>   End train ranking function

train_ranking_functioning time = 4.527 ms


2019-05-03-03-20-46   >>>>   Start verify ranking function

[xi_0 = 1, xi_1 = -2438]
ranking function : 0.9763 *  x[0]^1.0 - 0.9759 *  x[1]^1.0 + 0.7379 * 1; 1.0226 *  x[0]^1.0 - 0.0919 *  x[1]^1.0 + 0.8001 * 1; 0.0921 *  x[0]^1.0 + 0.8937 * 1

2019-05-03-03-20-46   >>>>   End verify ranking function

verifying time = 6.914 ms


Not Found Ranking Fcuntion

Conterexample is 

[1, -2438]

sampling time = 1.996 ms


       ########################################         

iteration 15 with 288 examples

2019-05-03-03-20-46   >>>>   Start train ranking function

2019-05-03-03-20-46   >>>>   End train ranking function

train_ranking_functioning time = 4.904 ms


2019-05-03-03-20-46   >>>>   Start verify ranking function

[xi_0 = 1, xi_1 = -2438]
ranking function : 0.9764 *  x[0]^1.0 - 0.976 *  x[1]^1.0 + 0.7378 * 1; 1.0228 *  x[0]^1.0 - 0.0919 *  x[1]^1.0 + 0.8001 * 1; 0.0922 *  x[0]^1.0 + 0.0001 *  x[1]^1.0 + 0.8938 * 1

2019-05-03-03-20-46   >>>>   End verify ranking function

verifying time = 6.947 ms


Not Found Ranking Fcuntion

Conterexample is 

[1, -2438]

sampling time = 1.987 ms


       ########################################         

iteration 16 with 292 examples

2019-05-03-03-20-46   >>>>   Start train ranking function

2019-05-03-03-20-46   >>>>   End train ranking function

train_ranking_functioning time = 4.846 ms


2019-05-03-03-20-46   >>>>   Start verify ranking function

[xi_0 = 1, xi_1 = -3251]
ranking function : 0.9763 *  x[0]^1.0 - 0.976 *  x[1]^1.0 + 0.7378 * 1; 1.0229 *  x[0]^1.0 - 0.0919 *  x[1]^1.0 + 0.8 * 1; 0.0922 *  x[0]^1.0 + 0.0002 *  x[1]^1.0 + 0.8938 * 1

2019-05-03-03-20-46   >>>>   End verify ranking function

verifying time = 6.859 ms


Not Found Ranking Fcuntion

Conterexample is 

[1, -3251]

sampling time = 2.018 ms


       ########################################         

iteration 17 with 296 examples

2019-05-03-03-20-46   >>>>   Start train ranking function

2019-05-03-03-20-46   >>>>   End train ranking function

train_ranking_functioning time = 5.304 ms


2019-05-03-03-20-46   >>>>   Start verify ranking function

[xi_0 = 1, xi_1 = -4876]
ranking function : 0.9763 *  x[0]^1.0 - 0.9761 *  x[1]^1.0 + 0.7378 * 1; 1.023 *  x[0]^1.0 - 0.092 *  x[1]^1.0 + 0.8 * 1; 0.0923 *  x[0]^1.0 + 0.8939 * 1

2019-05-03-03-20-46   >>>>   End verify ranking function

verifying time = 7.061 ms


Not Found Ranking Fcuntion

Conterexample is 

[1, -4876]

sampling time = 2.238 ms


       ########################################         

iteration 18 with 300 examples

2019-05-03-03-20-46   >>>>   Start train ranking function

2019-05-03-03-20-46   >>>>   End train ranking function

train_ranking_functioning time = 5.574 ms


2019-05-03-03-20-46   >>>>   Start verify ranking function

[xi_0 = 1, xi_1 = -3251]
ranking function : 0.9763 *  x[0]^1.0 - 0.976 *  x[1]^1.0 + 0.7379 * 1; 1.0228 *  x[0]^1.0 - 0.0919 *  x[1]^1.0 + 0.8001 * 1; 0.0922 *  x[0]^1.0 + 0.8938 * 1

2019-05-03-03-20-46   >>>>   End verify ranking function

verifying time = 7.846 ms


Not Found Ranking Fcuntion

Conterexample is 

[1, -3251]

sampling time = 2.022 ms


       ########################################         

iteration 19 with 304 examples

2019-05-03-03-20-46   >>>>   Start train ranking function

2019-05-03-03-20-46   >>>>   End train ranking function

train_ranking_functioning time = 5.841 ms


2019-05-03-03-20-46   >>>>   Start verify ranking function

[xi_0 = 1, xi_1 = -1393]
ranking function : 0.9765 *  x[0]^1.0 - 0.9758 *  x[1]^1.0 + 0.7377 * 1; 1.0231 *  x[0]^1.0 - 0.092 *  x[1]^1.0 + 0.8001 * 1; 0.0923 *  x[0]^1.0 + 0.0002 *  x[1]^1.0 + 0.894 * 1

2019-05-03-03-20-46   >>>>   End verify ranking function

verifying time = 7.564 ms


Not Found Ranking Fcuntion

Conterexample is 

[1, -1393]

sampling time = 2.102 ms


       ########################################         

iteration 20 with 308 examples

2019-05-03-03-20-46   >>>>   Start train ranking function

2019-05-03-03-20-46   >>>>   End train ranking function

train_ranking_functioning time = 5.817 ms


2019-05-03-03-20-46   >>>>   Start verify ranking function

[xi_0 = 1, xi_1 = -4876]
ranking function : 0.9763 *  x[0]^1.0 - 0.9761 *  x[1]^1.0 + 0.7377 * 1; 1.023 *  x[0]^1.0 - 0.092 *  x[1]^1.0 + 0.8001 * 1; 0.0923 *  x[0]^1.0 + 0.0001 *  x[1]^1.0 + 0.8939 * 1

2019-05-03-03-20-46   >>>>   End verify ranking function

verifying time = 7.202 ms


Not Found Ranking Fcuntion

Conterexample is 

[1, -4876]

sampling time = 1.990 ms


       ########################################         

iteration 21 with 312 examples

2019-05-03-03-20-46   >>>>   Start train ranking function

2019-05-03-03-20-46   >>>>   End train ranking function

train_ranking_functioning time = 6.357 ms


2019-05-03-03-20-46   >>>>   Start verify ranking function

[xi_0 = 1, xi_1 = -4876]
ranking function : 0.9763 *  x[0]^1.0 - 0.9761 *  x[1]^1.0 + 0.7377 * 1; 1.0231 *  x[0]^1.0 - 0.0921 *  x[1]^1.0 + 0.8001 * 1; 0.0923 *  x[0]^1.0 + 0.0001 *  x[1]^1.0 + 0.8939 * 1

2019-05-03-03-20-46   >>>>   End verify ranking function

verifying time = 7.034 ms


Not Found Ranking Fcuntion

Conterexample is 

[1, -4876]

sampling time = 2.246 ms


       ########################################         

iteration 22 with 316 examples

2019-05-03-03-20-46   >>>>   Start train ranking function

2019-05-03-03-20-46   >>>>   End train ranking function

train_ranking_functioning time = 6.098 ms


2019-05-03-03-20-46   >>>>   Start verify ranking function

[xi_0 = 1, xi_1 = -4876]
ranking function : 0.9763 *  x[0]^1.0 - 0.9761 *  x[1]^1.0 + 0.7378 * 1; 1.0233 *  x[0]^1.0 - 0.092 *  x[1]^1.0 + 0.8 * 1; 0.0922 *  x[0]^1.0 + 0.8939 * 1

2019-05-03-03-20-46   >>>>   End verify ranking function

verifying time = 7.443 ms


Not Found Ranking Fcuntion

Conterexample is 

[1, -4876]

sampling time = 2.219 ms


       ########################################         

iteration 23 with 320 examples

2019-05-03-03-20-46   >>>>   Start train ranking function

2019-05-03-03-20-47   >>>>   End train ranking function

train_ranking_functioning time = 6.198 ms


2019-05-03-03-20-47   >>>>   Start verify ranking function

[xi_0 = 151, xi_1 = 3273]
ranking function : 0.9762 *  x[0]^1.0 - 0.9762 *  x[1]^1.0 + 0.7377 * 1; 1.0231 *  x[0]^1.0 - 0.0921 *  x[1]^1.0 + 0.8 * 1; 0.0922 *  x[0]^1.0 + 0.8939 * 1

2019-05-03-03-20-47   >>>>   End verify ranking function

verifying time = 10.700 ms


Not Found Ranking Fcuntion

Conterexample is 

[151, 3273]

sampling time = 2.036 ms


       ########################################         

iteration 24 with 324 examples

2019-05-03-03-20-47   >>>>   Start train ranking function

2019-05-03-03-20-47   >>>>   End train ranking function

train_ranking_functioning time = 6.717 ms


2019-05-03-03-20-47   >>>>   Start verify ranking function

[xi_0 = 1, xi_1 = -4877]
ranking function : 0.9765 *  x[0]^1.0 - 0.9763 *  x[1]^1.0 + 0.737 * 1; 1.0231 *  x[0]^1.0 - 0.0918 *  x[1]^1.0 + 0.8 * 1; 0.0924 *  x[0]^1.0 + 0.8941 * 1

2019-05-03-03-20-47   >>>>   End verify ranking function

verifying time = 7.057 ms


Not Found Ranking Fcuntion

Conterexample is 

[1, -4877]

sampling time = 2.022 ms


Failed to prove it is terminated

UNKNOWN
------Using Template 3 -----------
12 [4, 4, 4]
*****************************************************

2019-05-03-03-20-47   >>>>   End sampling point

sampling time = 181.520 ms,


       ########################################         

iteration 0 with 228 examples

2019-05-03-03-20-47   >>>>   Start train ranking function

2019-05-03-03-20-47   >>>>   End train ranking function

train_ranking_functioning time = 4.403 ms


2019-05-03-03-20-47   >>>>   Start verify ranking function

[xi_0 = 1, xi_1 = 1]
ranking function : 0.5 *  x[0]^0.5 *  x[1]^-0.5 - 0.1 *  x[0]^-3.0 *  x[1]^-1.0 - 0.1 *  x[0]^-3.0 *  x[1]^-1.0; 0.1 *  x[1]^2.0 + 0.1 *  x[0]^-1.0 *  x[1]^1.0 - 0.3 *  x[0]^-1.0 *  x[1]^-1.0;  - 0.5 *  x[0]^-0.5 *  x[1]^-1.0 + 0.2 *  x[0]^-0.5 *  x[1]^2.0 + 0.1 *  x[0]^-0.5 *  x[1]^0.5

2019-05-03-03-20-47   >>>>   End verify ranking function

verifying time = 22.416 ms


Not Found Ranking Fcuntion

Conterexample is 

[1, 1]

sampling time = 3.078 ms


       ########################################         

iteration 1 with 232 examples

2019-05-03-03-20-47   >>>>   Start train ranking function

2019-05-03-03-20-47   >>>>   End train ranking function

train_ranking_functioning time = 4.659 ms


2019-05-03-03-20-47   >>>>   Start verify ranking function

[xi_0 = 1, xi_1 = 1]
ranking function : 0.6 *  x[0]^0.5 *  x[1]^-0.5 - 0.1 *  x[0]^-3.0 *  x[1]^-1.0 - 0.1 *  x[0]^-3.0 *  x[1]^-1.0; 0.1 *  x[1]^2.0 - 0.1 *  x[0]^-1.0 *  x[1]^-1.0;  - 0.4 *  x[0]^-0.5 *  x[1]^-1.0 + 0.2 *  x[0]^-0.5 *  x[1]^2.0 + 0.2 *  x[0]^-0.5 *  x[1]^0.5

2019-05-03-03-20-47   >>>>   End verify ranking function

verifying time = 24.387 ms


Not Found Ranking Fcuntion

Conterexample is 

[1, 1]

sampling time = 3.061 ms


       ########################################         

iteration 2 with 236 examples

2019-05-03-03-20-47   >>>>   Start train ranking function

2019-05-03-03-20-47   >>>>   End train ranking function

train_ranking_functioning time = 4.786 ms


2019-05-03-03-20-47   >>>>   Start verify ranking function

[xi_0 = 1, xi_1 = 1]
ranking function : 0.6 *  x[0]^0.5 *  x[1]^-0.5; 0.1 *  x[1]^2.0;  - 0.4 *  x[0]^-0.5 *  x[1]^-1.0 + 0.3 *  x[0]^-0.5 *  x[1]^2.0 + 0.3 *  x[0]^-0.5 *  x[1]^0.5

2019-05-03-03-20-47   >>>>   End verify ranking function

verifying time = 16.783 ms


Not Found Ranking Fcuntion

Conterexample is 

[1, 1]

sampling time = 3.040 ms


       ########################################         

iteration 3 with 240 examples

2019-05-03-03-20-47   >>>>   Start train ranking function

2019-05-03-03-20-47   >>>>   End train ranking function

train_ranking_functioning time = 5.016 ms


2019-05-03-03-20-47   >>>>   Start verify ranking function

[xi_0 = 1, xi_1 = 1]
ranking function : 0.6 *  x[0]^0.5 *  x[1]^-0.5; 0.1 *  x[1]^2.0 + 0.1 *  x[0]^-1.0 *  x[1]^-1.0;  - 0.4 *  x[0]^-0.5 *  x[1]^-1.0 + 0.4 *  x[0]^-0.5 *  x[1]^2.0 + 0.4 *  x[0]^-0.5 *  x[1]^0.5

2019-05-03-03-20-47   >>>>   End verify ranking function

verifying time = 16.887 ms


Not Found Ranking Fcuntion

Conterexample is 

[1, 1]

sampling time = 3.058 ms


       ########################################         

iteration 4 with 244 examples

2019-05-03-03-20-47   >>>>   Start train ranking function

2019-05-03-03-20-47   >>>>   End train ranking function

train_ranking_functioning time = 5.285 ms


2019-05-03-03-20-47   >>>>   Start verify ranking function

[xi_0 = 1, xi_1 = 1]
ranking function : 0.6 *  x[0]^0.5 *  x[1]^-0.5; 0.1 *  x[1]^2.0;  - 0.4 *  x[0]^-0.5 *  x[1]^-1.0 + 0.4 *  x[0]^-0.5 *  x[1]^2.0 + 0.4 *  x[0]^-0.5 *  x[1]^0.5

2019-05-03-03-20-47   >>>>   End verify ranking function

verifying time = 17.365 ms


Not Found Ranking Fcuntion

Conterexample is 

[1, 1]

sampling time = 3.364 ms


       ########################################         

iteration 5 with 248 examples

2019-05-03-03-20-47   >>>>   Start train ranking function

2019-05-03-03-20-47   >>>>   End train ranking function

train_ranking_functioning time = 6.079 ms


2019-05-03-03-20-47   >>>>   Start verify ranking function

[xi_0 = 1, xi_1 = 1]
ranking function : 0.7 *  x[0]^0.5 *  x[1]^-0.5; 0.1 *  x[1]^2.0;  - 0.4 *  x[0]^-0.5 *  x[1]^-1.0 + 0.4 *  x[0]^-0.5 *  x[1]^2.0 + 0.4 *  x[0]^-0.5 *  x[1]^0.5

2019-05-03-03-20-47   >>>>   End verify ranking function

verifying time = 18.092 ms


Not Found Ranking Fcuntion

Conterexample is 

[1, 1]

sampling time = 3.048 ms


       ########################################         

iteration 6 with 252 examples

2019-05-03-03-20-47   >>>>   Start train ranking function

2019-05-03-03-20-47   >>>>   End train ranking function

train_ranking_functioning time = 5.555 ms


2019-05-03-03-20-47   >>>>   Start verify ranking function

[xi_0 = 1, xi_1 = 1]
ranking function : 0.7 *  x[0]^0.5 *  x[1]^-0.5; 0.1 *  x[1]^2.0;  - 0.4 *  x[0]^-0.5 *  x[1]^-1.0 + 0.4 *  x[0]^-0.5 *  x[1]^2.0 + 0.4 *  x[0]^-0.5 *  x[1]^0.5

2019-05-03-03-20-47   >>>>   End verify ranking function

verifying time = 16.859 ms


Not Found Ranking Fcuntion

Conterexample is 

[1, 1]

sampling time = 3.006 ms


       ########################################         

iteration 7 with 256 examples

2019-05-03-03-20-47   >>>>   Start train ranking function

2019-05-03-03-20-47   >>>>   End train ranking function

train_ranking_functioning time = 5.704 ms


2019-05-03-03-20-47   >>>>   Start verify ranking function

[xi_0 = 1, xi_1 = 1]
ranking function : 0.7 *  x[0]^0.5 *  x[1]^-0.5; 0.1 *  x[1]^2.0;  - 0.4 *  x[0]^-0.5 *  x[1]^-1.0 + 0.5 *  x[0]^-0.5 *  x[1]^2.0 + 0.5 *  x[0]^-0.5 *  x[1]^0.5

2019-05-03-03-20-47   >>>>   End verify ranking function

verifying time = 16.818 ms


Not Found Ranking Fcuntion

Conterexample is 

[1, 1]

sampling time = 3.158 ms


       ########################################         

iteration 8 with 260 examples

2019-05-03-03-20-47   >>>>   Start train ranking function

2019-05-03-03-20-47   >>>>   End train ranking function

train_ranking_functioning time = 5.677 ms


2019-05-03-03-20-47   >>>>   Start verify ranking function

[xi_0 = 1, xi_1 = 1]
ranking function : 0.7 *  x[0]^0.5 *  x[1]^-0.5; 0.1 *  x[1]^2.0 + 0.1 *  x[0]^-1.0 *  x[1]^-1.0;  - 0.3 *  x[0]^-0.5 *  x[1]^-1.0 + 0.5 *  x[0]^-0.5 *  x[1]^2.0 + 0.5 *  x[0]^-0.5 *  x[1]^0.5

2019-05-03-03-20-47   >>>>   End verify ranking function

verifying time = 16.862 ms


Not Found Ranking Fcuntion

Conterexample is 

[1, 1]

sampling time = 3.058 ms


       ########################################         

iteration 9 with 264 examples

2019-05-03-03-20-47   >>>>   Start train ranking function

2019-05-03-03-20-47   >>>>   End train ranking function

train_ranking_functioning time = 5.774 ms


2019-05-03-03-20-47   >>>>   Start verify ranking function

[xi_0 = 1, xi_1 = 1]
ranking function : 0.7 *  x[0]^0.5 *  x[1]^-0.5; 0.1 *  x[1]^2.0 - 0.1 *  x[0]^-1.0 *  x[1]^1.0 + 0.1 *  x[0]^-1.0 *  x[1]^-1.0;  - 0.3 *  x[0]^-0.5 *  x[1]^-1.0 + 0.5 *  x[0]^-0.5 *  x[1]^2.0 + 0.5 *  x[0]^-0.5 *  x[1]^0.5

2019-05-03-03-20-47   >>>>   End verify ranking function

verifying time = 16.720 ms


Not Found Ranking Fcuntion

Conterexample is 

[1, 1]

sampling time = 3.094 ms


       ########################################         

iteration 10 with 268 examples

2019-05-03-03-20-47   >>>>   Start train ranking function

2019-05-03-03-20-47   >>>>   End train ranking function

train_ranking_functioning time = 5.990 ms


2019-05-03-03-20-47   >>>>   Start verify ranking function

[xi_0 = 1, xi_1 = 1]
ranking function : 0.7 *  x[0]^0.5 *  x[1]^-0.5; 0.1 *  x[1]^2.0;  - 0.3 *  x[0]^-0.5 *  x[1]^-1.0 + 0.5 *  x[0]^-0.5 *  x[1]^2.0 + 0.5 *  x[0]^-0.5 *  x[1]^0.5

2019-05-03-03-20-47   >>>>   End verify ranking function

verifying time = 16.789 ms


Not Found Ranking Fcuntion

Conterexample is 

[1, 1]

sampling time = 3.059 ms


       ########################################         

iteration 11 with 272 examples

2019-05-03-03-20-47   >>>>   Start train ranking function

2019-05-03-03-20-47   >>>>   End train ranking function

train_ranking_functioning time = 6.213 ms


2019-05-03-03-20-47   >>>>   Start verify ranking function

[xi_0 = 1, xi_1 = 1]
ranking function : 0.7 *  x[0]^0.5 *  x[1]^-0.5; 0.1 *  x[1]^2.0 - 0.1 *  x[0]^-1.0 *  x[1]^1.0 + 0.1 *  x[0]^-1.0 *  x[1]^-1.0;  - 0.3 *  x[0]^-0.5 *  x[1]^-1.0 + 0.5 *  x[0]^-0.5 *  x[1]^2.0 + 0.5 *  x[0]^-0.5 *  x[1]^0.5

2019-05-03-03-20-47   >>>>   End verify ranking function

verifying time = 17.096 ms


Not Found Ranking Fcuntion

Conterexample is 

[1, 1]

sampling time = 2.994 ms


       ########################################         

iteration 12 with 276 examples

2019-05-03-03-20-47   >>>>   Start train ranking function

2019-05-03-03-20-47   >>>>   End train ranking function

train_ranking_functioning time = 6.407 ms


2019-05-03-03-20-47   >>>>   Start verify ranking function

[xi_0 = 1, xi_1 = -1]
ranking function : 0.7 *  x[0]^0.5 *  x[1]^-0.5 + 0.1 *  x[0]^-3.0 *  x[1]^-1.0 + 0.1 *  x[0]^-3.0 *  x[1]^-1.0; 0.1 *  x[1]^2.0 - 0.1 *  x[0]^-1.0 *  x[1]^1.0 + 0.1 *  x[0]^-1.0 *  x[1]^-1.0;  - 0.3 *  x[0]^-0.5 *  x[1]^-1.0 + 0.5 *  x[0]^-0.5 *  x[1]^2.0 + 0.5 *  x[0]^-0.5 *  x[1]^0.5

2019-05-03-03-20-47   >>>>   End verify ranking function

verifying time = 20.035 ms


Not Found Ranking Fcuntion

Conterexample is 

[1, -1]

sampling time = 3.052 ms


       ########################################         

iteration 13 with 280 examples

2019-05-03-03-20-47   >>>>   Start train ranking function

2019-05-03-03-20-47   >>>>   End train ranking function

train_ranking_functioning time = 6.404 ms


2019-05-03-03-20-47   >>>>   Start verify ranking function

[xi_0 = 1, xi_1 = 1]
ranking function : 0.8 *  x[0]^0.5 *  x[1]^-0.5; 0.1 *  x[1]^2.0 - 0.1 *  x[0]^-1.0 *  x[1]^1.0 + 0.1 *  x[0]^-1.0 *  x[1]^-1.0;  - 0.4 *  x[0]^-0.5 *  x[1]^-1.0 + 0.5 *  x[0]^-0.5 *  x[1]^2.0 + 0.5 *  x[0]^-0.5 *  x[1]^0.5

2019-05-03-03-20-47   >>>>   End verify ranking function

verifying time = 16.764 ms


Not Found Ranking Fcuntion

Conterexample is 

[1, 1]

sampling time = 3.069 ms


       ########################################         

iteration 14 with 284 examples

2019-05-03-03-20-47   >>>>   Start train ranking function

2019-05-03-03-20-47   >>>>   End train ranking function

train_ranking_functioning time = 6.660 ms


2019-05-03-03-20-47   >>>>   Start verify ranking function

[xi_0 = 1, xi_1 = 1]
ranking function : 0.8 *  x[0]^0.5 *  x[1]^-0.5; 0.1 *  x[1]^2.0 - 0.1 *  x[0]^-1.0 *  x[1]^1.0 + 0.1 *  x[0]^-1.0 *  x[1]^-1.0;  - 0.4 *  x[0]^-0.5 *  x[1]^-1.0 + 0.5 *  x[0]^-0.5 *  x[1]^2.0 + 0.5 *  x[0]^-0.5 *  x[1]^0.5

2019-05-03-03-20-47   >>>>   End verify ranking function

verifying time = 16.890 ms


Not Found Ranking Fcuntion

Conterexample is 

[1, 1]

sampling time = 3.001 ms


       ########################################         

iteration 15 with 288 examples

2019-05-03-03-20-47   >>>>   Start train ranking function

2019-05-03-03-20-47   >>>>   End train ranking function

train_ranking_functioning time = 6.680 ms


2019-05-03-03-20-47   >>>>   Start verify ranking function

[xi_0 = 1, xi_1 = 1]
ranking function : 0.8 *  x[0]^0.5 *  x[1]^-0.5; 0.1 *  x[1]^2.0 - 0.1 *  x[0]^-1.0 *  x[1]^1.0 + 0.1 *  x[0]^-1.0 *  x[1]^-1.0;  - 0.4 *  x[0]^-0.5 *  x[1]^-1.0 + 0.5 *  x[0]^-0.5 *  x[1]^2.0 + 0.5 *  x[0]^-0.5 *  x[1]^0.5

2019-05-03-03-20-47   >>>>   End verify ranking function

verifying time = 17.001 ms


Not Found Ranking Fcuntion

Conterexample is 

[1, 1]

sampling time = 3.060 ms


       ########################################         

iteration 16 with 292 examples

2019-05-03-03-20-47   >>>>   Start train ranking function

2019-05-03-03-20-47   >>>>   End train ranking function

train_ranking_functioning time = 7.447 ms


2019-05-03-03-20-47   >>>>   Start verify ranking function

[xi_0 = 1, xi_1 = 1]
ranking function : 0.8 *  x[0]^0.5 *  x[1]^-0.5; 0.1 *  x[1]^2.0 - 0.1 *  x[0]^-1.0 *  x[1]^1.0 + 0.1 *  x[0]^-1.0 *  x[1]^-1.0;  - 0.3 *  x[0]^-0.5 *  x[1]^-1.0 + 0.5 *  x[0]^-0.5 *  x[1]^2.0 + 0.5 *  x[0]^-0.5 *  x[1]^0.5

2019-05-03-03-20-47   >>>>   End verify ranking function

verifying time = 17.492 ms


Not Found Ranking Fcuntion

Conterexample is 

[1, 1]

sampling time = 3.271 ms


       ########################################         

iteration 17 with 296 examples

2019-05-03-03-20-47   >>>>   Start train ranking function

2019-05-03-03-20-47   >>>>   End train ranking function

train_ranking_functioning time = 6.979 ms


2019-05-03-03-20-47   >>>>   Start verify ranking function

[xi_0 = 1, xi_1 = 1]
ranking function : 0.8 *  x[0]^0.5 *  x[1]^-0.5; 0.1 *  x[1]^2.0 - 0.1 *  x[0]^-1.0 *  x[1]^1.0 + 0.1 *  x[0]^-1.0 *  x[1]^-1.0;  - 0.4 *  x[0]^-0.5 *  x[1]^-1.0 + 0.6 *  x[0]^-0.5 *  x[1]^2.0 + 0.6 *  x[0]^-0.5 *  x[1]^0.5

2019-05-03-03-20-47   >>>>   End verify ranking function

verifying time = 17.109 ms


Not Found Ranking Fcuntion

Conterexample is 

[1, 1]

sampling time = 3.190 ms


       ########################################         

iteration 18 with 300 examples

2019-05-03-03-20-47   >>>>   Start train ranking function

2019-05-03-03-20-47   >>>>   End train ranking function

train_ranking_functioning time = 7.230 ms


2019-05-03-03-20-47   >>>>   Start verify ranking function

[xi_0 = 1, xi_1 = 1]
ranking function : 0.8 *  x[0]^0.5 *  x[1]^-0.5; 0.1 *  x[1]^2.0 - 0.1 *  x[0]^-1.0 *  x[1]^1.0 + 0.1 *  x[0]^-1.0 *  x[1]^-1.0;  - 0.3 *  x[0]^-0.5 *  x[1]^-1.0 + 0.6 *  x[0]^-0.5 *  x[1]^2.0 + 0.6 *  x[0]^-0.5 *  x[1]^0.5

2019-05-03-03-20-47   >>>>   End verify ranking function

verifying time = 16.900 ms


Not Found Ranking Fcuntion

Conterexample is 

[1, 1]

sampling time = 3.084 ms


       ########################################         

iteration 19 with 304 examples

2019-05-03-03-20-47   >>>>   Start train ranking function

2019-05-03-03-20-47   >>>>   End train ranking function

train_ranking_functioning time = 7.274 ms


2019-05-03-03-20-47   >>>>   Start verify ranking function

[xi_0 = 1, xi_1 = 1]
ranking function : 0.8 *  x[0]^0.5 *  x[1]^-0.5; 0.1 *  x[1]^2.0 - 0.1 *  x[0]^-1.0 *  x[1]^1.0 + 0.1 *  x[0]^-1.0 *  x[1]^-1.0;  - 0.3 *  x[0]^-0.5 *  x[1]^-1.0 + 0.6 *  x[0]^-0.5 *  x[1]^2.0 + 0.6 *  x[0]^-0.5 *  x[1]^0.5

2019-05-03-03-20-47   >>>>   End verify ranking function

verifying time = 16.789 ms


Not Found Ranking Fcuntion

Conterexample is 

[1, 1]

sampling time = 3.089 ms


       ########################################         

iteration 20 with 308 examples

2019-05-03-03-20-47   >>>>   Start train ranking function

2019-05-03-03-20-47   >>>>   End train ranking function

train_ranking_functioning time = 7.454 ms


2019-05-03-03-20-47   >>>>   Start verify ranking function

[xi_0 = 1, xi_1 = 1]
ranking function : 0.8 *  x[0]^0.5 *  x[1]^-0.5; 0.1 *  x[1]^2.0 - 0.1 *  x[0]^-1.0 *  x[1]^1.0 + 0.1 *  x[0]^-1.0 *  x[1]^-1.0;  - 0.3 *  x[0]^-0.5 *  x[1]^-1.0 + 0.6 *  x[0]^-0.5 *  x[1]^2.0 + 0.6 *  x[0]^-0.5 *  x[1]^0.5

2019-05-03-03-20-47   >>>>   End verify ranking function

verifying time = 16.886 ms


Not Found Ranking Fcuntion

Conterexample is 

[1, 1]

sampling time = 3.141 ms


       ########################################         

iteration 21 with 312 examples

2019-05-03-03-20-47   >>>>   Start train ranking function

2019-05-03-03-20-47   >>>>   End train ranking function

train_ranking_functioning time = 7.737 ms


2019-05-03-03-20-47   >>>>   Start verify ranking function

[xi_0 = 1, xi_1 = 1]
ranking function : 0.8 *  x[0]^0.5 *  x[1]^-0.5; 0.1 *  x[1]^2.0 - 0.1 *  x[0]^-1.0 *  x[1]^1.0 + 0.1 *  x[0]^-1.0 *  x[1]^-1.0;  - 0.3 *  x[0]^-0.5 *  x[1]^-1.0 + 0.6 *  x[0]^-0.5 *  x[1]^2.0 + 0.6 *  x[0]^-0.5 *  x[1]^0.5

2019-05-03-03-20-47   >>>>   End verify ranking function

verifying time = 17.336 ms


Not Found Ranking Fcuntion

Conterexample is 

[1, 1]

sampling time = 3.101 ms


       ########################################         

iteration 22 with 316 examples

2019-05-03-03-20-47   >>>>   Start train ranking function

2019-05-03-03-20-47   >>>>   End train ranking function

train_ranking_functioning time = 7.771 ms


2019-05-03-03-20-47   >>>>   Start verify ranking function

[xi_0 = 1, xi_1 = 1]
ranking function : 0.8 *  x[0]^0.5 *  x[1]^-0.5; 0.1 *  x[0]^1.0 *  x[1]^-0.5 + 0.1 *  x[1]^2.0 - 0.1 *  x[0]^-1.0 *  x[1]^1.0 + 0.1 *  x[0]^-1.0 *  x[1]^-1.0;  - 0.3 *  x[0]^-0.5 *  x[1]^-1.0 - 0.1 *  x[0]^2.0 *  x[1]^-2.0 + 0.6 *  x[0]^-0.5 *  x[1]^2.0 + 0.6 *  x[0]^-0.5 *  x[1]^0.5

2019-05-03-03-20-47   >>>>   End verify ranking function

verifying time = 16.896 ms


Not Found Ranking Fcuntion

Conterexample is 

[1, 1]

sampling time = 3.076 ms


       ########################################         

iteration 23 with 320 examples

2019-05-03-03-20-47   >>>>   Start train ranking function

2019-05-03-03-20-47   >>>>   End train ranking function

train_ranking_functioning time = 7.908 ms


2019-05-03-03-20-47   >>>>   Start verify ranking function

[xi_0 = 1, xi_1 = 1]
ranking function : 0.8 *  x[0]^0.5 *  x[1]^-0.5; 0.1 *  x[1]^2.0 - 0.1 *  x[0]^-1.0 *  x[1]^1.0 + 0.1 *  x[0]^-1.0 *  x[1]^-1.0;  - 0.3 *  x[0]^-0.5 *  x[1]^-1.0 + 0.6 *  x[0]^-0.5 *  x[1]^2.0 + 0.6 *  x[0]^-0.5 *  x[1]^0.5

2019-05-03-03-20-47   >>>>   End verify ranking function

verifying time = 16.802 ms


Not Found Ranking Fcuntion

Conterexample is 

[1, 1]

sampling time = 3.070 ms


       ########################################         

iteration 24 with 324 examples

2019-05-03-03-20-47   >>>>   Start train ranking function

2019-05-03-03-20-47   >>>>   End train ranking function

train_ranking_functioning time = 8.560 ms


2019-05-03-03-20-47   >>>>   Start verify ranking function

[xi_0 = 1, xi_1 = 1]
ranking function : 0.8 *  x[0]^0.5 *  x[1]^-0.5; 0.1 *  x[1]^2.0 - 0.1 *  x[0]^-1.0 *  x[1]^1.0 + 0.1 *  x[0]^-1.0 *  x[1]^-1.0;  - 0.3 *  x[0]^-0.5 *  x[1]^-1.0 + 0.6 *  x[0]^-0.5 *  x[1]^2.0 + 0.6 *  x[0]^-0.5 *  x[1]^0.5

2019-05-03-03-20-47   >>>>   End verify ranking function

verifying time = 16.985 ms


Not Found Ranking Fcuntion

Conterexample is 

[1, 1]

sampling time = 2.989 ms


Failed to prove it is terminated

UNKNOWN
------Using Template 4 -----------
15 [3, 3, 3, 3, 3]
*****************************************************

2019-05-03-03-20-48   >>>>   End sampling point

sampling time = 195.293 ms,


       ########################################         

iteration 0 with 342 examples

2019-05-03-03-20-48   >>>>   Start train ranking function

2019-05-03-03-20-48   >>>>   End train ranking function

train_ranking_functioning time = 2.313 ms


2019-05-03-03-20-48   >>>>   Start verify ranking function

[xi_0 = 1, xi_1 = 9]
ranking function : 1.0 *  x[0]^1.0 - 1.0 *  x[1]^1.0 + 0.8 * 1; 0.8 *  x[0]^1.0 + 0.6 * 1; 0.1 *  x[0]^1.0 - 0.2 *  x[1]^1.0 + 0.6 * 1; 0.4 *  x[0]^1.0 - 0.2 *  x[1]^1.0 + 0.8 * 1; 0.2 *  x[0]^1.0 + 0.8 * 1

2019-05-03-03-20-48   >>>>   End verify ranking function

verifying time = 9.829 ms


Not Found Ranking Fcuntion

Conterexample is 

[1, 9]

sampling time = 3.330 ms


       ########################################         

iteration 1 with 348 examples

2019-05-03-03-20-48   >>>>   Start train ranking function

2019-05-03-03-20-48   >>>>   End train ranking function

train_ranking_functioning time = 3.429 ms


2019-05-03-03-20-48   >>>>   Start verify ranking function

[xi_0 = 1, xi_1 = 18]
ranking function : 1.0 *  x[0]^1.0 - 1.0 *  x[1]^1.0 + 0.8 * 1; 0.9 *  x[0]^1.0 + 0.6 * 1; 0.1 *  x[0]^1.0 - 0.2 *  x[1]^1.0 + 0.7 * 1; 0.4 *  x[0]^1.0 - 0.2 *  x[1]^1.0 + 0.8 * 1; 0.2 *  x[0]^1.0 + 0.8 * 1

2019-05-03-03-20-48   >>>>   End verify ranking function

verifying time = 9.922 ms


Not Found Ranking Fcuntion

Conterexample is 

[1, 18]

sampling time = 3.279 ms


       ########################################         

iteration 2 with 354 examples

2019-05-03-03-20-48   >>>>   Start train ranking function

2019-05-03-03-20-48   >>>>   End train ranking function

train_ranking_functioning time = 4.238 ms


2019-05-03-03-20-48   >>>>   Start verify ranking function

[xi_0 = 1, xi_1 = 18]
ranking function : 1.0 *  x[0]^1.0 - 1.0 *  x[1]^1.0 + 0.8 * 1; 0.9 *  x[0]^1.0 + 0.6 * 1; 0.1 *  x[0]^1.0 - 0.2 *  x[1]^1.0 + 0.7 * 1; 0.4 *  x[0]^1.0 - 0.2 *  x[1]^1.0 + 0.8 * 1; 0.2 *  x[0]^1.0 + 0.8 * 1

2019-05-03-03-20-48   >>>>   End verify ranking function

verifying time = 11.115 ms


Not Found Ranking Fcuntion

Conterexample is 

[1, 18]

sampling time = 3.501 ms


       ########################################         

iteration 3 with 360 examples

2019-05-03-03-20-48   >>>>   Start train ranking function

2019-05-03-03-20-48   >>>>   End train ranking function

train_ranking_functioning time = 4.163 ms


2019-05-03-03-20-48   >>>>   Start verify ranking function

[xi_0 = 1, xi_1 = 18]
ranking function : 1.0 *  x[0]^1.0 - 1.0 *  x[1]^1.0 + 0.8 * 1; 0.9 *  x[0]^1.0 + 0.6 * 1; 0.1 *  x[0]^1.0 - 0.2 *  x[1]^1.0 + 0.7 * 1; 0.4 *  x[0]^1.0 - 0.2 *  x[1]^1.0 + 0.8 * 1; 0.2 *  x[0]^1.0 + 0.8 * 1

2019-05-03-03-20-48   >>>>   End verify ranking function

verifying time = 10.327 ms


Not Found Ranking Fcuntion

Conterexample is 

[1, 18]

sampling time = 3.414 ms


       ########################################         

iteration 4 with 366 examples

2019-05-03-03-20-48   >>>>   Start train ranking function

2019-05-03-03-20-48   >>>>   End train ranking function

train_ranking_functioning time = 4.165 ms


2019-05-03-03-20-48   >>>>   Start verify ranking function

[xi_0 = 1, xi_1 = 18]
ranking function : 1.0 *  x[0]^1.0 - 1.0 *  x[1]^1.0 + 0.8 * 1; 0.9 *  x[0]^1.0 + 0.6 * 1; 0.1 *  x[0]^1.0 - 0.2 *  x[1]^1.0 + 0.7 * 1; 0.4 *  x[0]^1.0 - 0.2 *  x[1]^1.0 + 0.8 * 1; 0.2 *  x[0]^1.0 + 0.8 * 1

2019-05-03-03-20-48   >>>>   End verify ranking function

verifying time = 9.882 ms


Not Found Ranking Fcuntion

Conterexample is 

[1, 18]

sampling time = 3.310 ms


       ########################################         

iteration 5 with 372 examples

2019-05-03-03-20-48   >>>>   Start train ranking function

2019-05-03-03-20-48   >>>>   End train ranking function

train_ranking_functioning time = 4.405 ms


2019-05-03-03-20-48   >>>>   Start verify ranking function

[xi_0 = 1, xi_1 = 18]
ranking function : 1.0 *  x[0]^1.0 - 1.0 *  x[1]^1.0 + 0.8 * 1; 0.9 *  x[0]^1.0 + 0.6 * 1; 0.1 *  x[0]^1.0 - 0.2 *  x[1]^1.0 + 0.7 * 1; 0.4 *  x[0]^1.0 - 0.2 *  x[1]^1.0 + 0.8 * 1; 0.2 *  x[0]^1.0 + 0.8 * 1

2019-05-03-03-20-48   >>>>   End verify ranking function

verifying time = 9.867 ms


Not Found Ranking Fcuntion

Conterexample is 

[1, 18]

sampling time = 3.309 ms


       ########################################         

iteration 6 with 378 examples

2019-05-03-03-20-48   >>>>   Start train ranking function

5
2019-05-03-03-20-48   >>>>   End train ranking function

train_ranking_functioning time = 4.540 ms


2019-05-03-03-20-48   >>>>   Start verify ranking function

[xi_0 = 1, xi_1 = 18]
ranking function : 1.0 *  x[0]^1.0 - 1.0 *  x[1]^1.0 + 0.8 * 1; 0.9 *  x[0]^1.0 + 0.6 * 1; 0.1 *  x[0]^1.0 - 0.2 *  x[1]^1.0 + 0.7 * 1; 0.4 *  x[0]^1.0 - 0.2 *  x[1]^1.0 + 0.8 * 1; 0.2 *  x[0]^1.0 + 0.8 * 1

2019-05-03-03-20-48   >>>>   End verify ranking function

verifying time = 10.046 ms


Not Found Ranking Fcuntion

Conterexample is 

[1, 18]

sampling time = 3.336 ms


       ########################################         

iteration 7 with 384 examples

2019-05-03-03-20-48   >>>>   Start train ranking function

2019-05-03-03-20-48   >>>>   End train ranking function

train_ranking_functioning time = 4.818 ms


2019-05-03-03-20-48   >>>>   Start verify ranking function

valid ranking function
ranking function : 1.0 *  x[0]^1.0 - 1.0 *  x[1]^1.0 + 1.0 * 1; 1.0 *  x[0]^1.0 + 1.0 * 1; 1.0 * 1; 1.0 * 1; 1.0 * 1

2019-05-03-03-20-48   >>>>   End verify ranking function

verifying time = 19.644 ms


Found Ranking Fcuntion: 1.0 *  x[0]^1.0 - 1.0 *  x[1]^1.0 + 1.0 * 1; 1.0 *  x[0]^1.0 + 1.0 * 1; 1.0 * 1; 1.0 * 1; 1.0 * 1

1.0 *  x[0]^1.0 - 1.0 *  x[1]^1.0 + 1.0 * 1; 1.0 *  x[0]^1.0 + 1.0 * 1; 1.0 * 1; 1.0 * 1; 1.0 * 1
FINITE
Time For ../Program_non/51.bpl Is ---> 18607.296000 ms

