------Using Template 0 -----------
4 [4]
*****************************************************

2019-05-03-03-40-58   >>>>   End sampling point

sampling time = 122.732 ms,


       ########################################         

iteration 0 with 220 examples

2019-05-03-03-40-58   >>>>   Start train ranking function

2019-05-03-03-40-58   >>>>   End train ranking function

train_ranking_functioning time = 3.201 ms


2019-05-03-03-40-58   >>>>   Start verify ranking function

[xr_1 = 0, xr_2 = -9971/5, xr_0 = 1]
ranking function : 0.9952 *  x[0]^1.0 - 0.0992 *  x[1]^1.0 - 0.1989 *  x[2]^1.0 + 0.9227 * 1

2019-05-03-03-40-58   >>>>   End verify ranking function

verifying time = 7.788 ms


Not Found Ranking Fcuntion

Conterexample is 

[1, 0, -1994.2]

sampling time = 1.051 ms


       ########################################         

iteration 1 with 222 examples

2019-05-03-03-40-58   >>>>   Start train ranking function

2019-05-03-03-40-58   >>>>   End train ranking function

train_ranking_functioning time = 4.836 ms


2019-05-03-03-40-58   >>>>   Start verify ranking function

[xr_1 = 0, xr_2 = -9971/3, xr_0 = 1]
ranking function : 0.9952 *  x[0]^1.0 - 0.0993 *  x[1]^1.0 - 0.1989 *  x[2]^1.0 + 0.9227 * 1

2019-05-03-03-40-58   >>>>   End verify ranking function

verifying time = 7.708 ms


Not Found Ranking Fcuntion

Conterexample is 

[1, 0, -3323.6666666666665]

sampling time = 1.041 ms


       ########################################         

iteration 2 with 224 examples

2019-05-03-03-40-58   >>>>   Start train ranking function

2019-05-03-03-40-58   >>>>   End train ranking function

train_ranking_functioning time = 4.908 ms


2019-05-03-03-40-58   >>>>   Start verify ranking function

[xr_1 = 0, xr_2 = -9971/3, xr_0 = 1]
ranking function : 0.9952 *  x[0]^1.0 - 0.0993 *  x[1]^1.0 - 0.1989 *  x[2]^1.0 + 0.9227 * 1

2019-05-03-03-40-58   >>>>   End verify ranking function

verifying time = 7.846 ms


Not Found Ranking Fcuntion

Conterexample is 

[1, 0, -3323.6666666666665]

sampling time = 1.032 ms


       ########################################         

iteration 3 with 226 examples

2019-05-03-03-40-58   >>>>   Start train ranking function

2019-05-03-03-40-58   >>>>   End train ranking function

train_ranking_functioning time = 4.950 ms


2019-05-03-03-40-58   >>>>   Start verify ranking function

[xr_1 = 1813, xr_2 = 0, xr_0 = 1]
ranking function : 0.9953 *  x[0]^1.0 - 0.0993 *  x[1]^1.0 - 0.1989 *  x[2]^1.0 + 0.9227 * 1

2019-05-03-03-40-58   >>>>   End verify ranking function

verifying time = 7.750 ms


Not Found Ranking Fcuntion

Conterexample is 

[1, 1813, 0]

sampling time = 1.048 ms


       ########################################         

iteration 4 with 228 examples

2019-05-03-03-40-58   >>>>   Start train ranking function

2019-05-03-03-40-58   >>>>   End train ranking function

train_ranking_functioning time = 2.652 ms


2019-05-03-03-40-58   >>>>   Start verify ranking function

[xr_1 = 2476/73, xr_2 = 0, xr_0 = 1]
ranking function : 0.9818 *  x[0]^1.0 - 0.0747 *  x[1]^1.0 - 0.1935 *  x[2]^1.0 + 0.9227 * 1

2019-05-03-03-40-58   >>>>   End verify ranking function

verifying time = 7.663 ms


Not Found Ranking Fcuntion

Conterexample is 

[1, 33.917808219178085, 0]

sampling time = 1.040 ms


       ########################################         

iteration 5 with 230 examples

2019-05-03-03-40-58   >>>>   Start train ranking function

2019-05-03-03-40-58   >>>>   End train ranking function

train_ranking_functioning time = 2.632 ms


2019-05-03-03-40-58   >>>>   Start verify ranking function

[xr_1 = 0, xr_2 = -19371/712, xr_0 = 1]
ranking function : 0.9381 *  x[0]^1.0 - 0.0717 *  x[1]^1.0 - 0.179 *  x[2]^1.0 + 1.1822 * 1

2019-05-03-03-40-58   >>>>   End verify ranking function

verifying time = 7.665 ms


Not Found Ranking Fcuntion

Conterexample is 

[1, 0, -27.206460674157302]

sampling time = 1.112 ms


       ########################################         

iteration 6 with 232 examples

2019-05-03-03-40-58   >>>>   Start train ranking function

2019-05-03-03-40-58   >>>>   End train ranking function

train_ranking_functioning time = 2.740 ms


2019-05-03-03-40-58   >>>>   Start verify ranking function

[xr_1 = 0, xr_2 = -19365/272, xr_0 = 1]
ranking function : 0.9375 *  x[0]^1.0 - 0.0786 *  x[1]^1.0 - 0.1708 *  x[2]^1.0 + 1.2328 * 1

2019-05-03-03-40-58   >>>>   End verify ranking function

verifying time = 7.766 ms


Not Found Ranking Fcuntion

Conterexample is 

[1, 0, -71.19485294117646]

sampling time = 1.030 ms


       ########################################         

iteration 7 with 234 examples

2019-05-03-03-40-58   >>>>   Start train ranking function

2019-05-03-03-40-58   >>>>   End train ranking function

train_ranking_functioning time = 2.933 ms


2019-05-03-03-40-58   >>>>   Start verify ranking function

[xr_1 = -1970/63, xr_0 = 1]
ranking function : 0.9545 *  x[0]^1.0 - 0.0986 *  x[1]^1.0 - 0.1972 *  x[2]^1.0 + 1.2906 * 1

2019-05-03-03-40-58   >>>>   End verify ranking function

verifying time = 7.708 ms


Not Found Ranking Fcuntion

Conterexample is 

[1, -31.26984126984127, 0]

sampling time = 1.050 ms


       ########################################         

iteration 8 with 236 examples

2019-05-03-03-40-58   >>>>   Start train ranking function

2019-05-03-03-40-58   >>>>   End train ranking function

train_ranking_functioning time = 2.813 ms


2019-05-03-03-40-58   >>>>   Start verify ranking function

[xr_1 = 0, xr_2 = -19345/2976, xr_0 = 1]
ranking function : 0.9355 *  x[0]^1.0 - 0.0405 *  x[1]^1.0 - 0.2298 *  x[2]^1.0 + 1.2388 * 1

2019-05-03-03-40-58   >>>>   End verify ranking function

verifying time = 7.733 ms


Not Found Ranking Fcuntion

Conterexample is 

[1, 0, -6.500336021505376]

sampling time = 1.054 ms


       ########################################         

iteration 9 with 238 examples

2019-05-03-03-40-58   >>>>   Start train ranking function

2019-05-03-03-40-58   >>>>   End train ranking function

train_ranking_functioning time = 2.770 ms


2019-05-03-03-40-58   >>>>   Start verify ranking function

[xr_1 = 0, xr_2 = -9691/873, xr_0 = 1]
ranking function : 0.9392 *  x[0]^1.0 - 0.0533 *  x[1]^1.0 - 0.1939 *  x[2]^1.0 + 1.2616 * 1

2019-05-03-03-40-58   >>>>   End verify ranking function

verifying time = 7.851 ms


Not Found Ranking Fcuntion

Conterexample is 

[1, 0, -11.100801832760595]

sampling time = 1.040 ms


       ########################################         

iteration 10 with 240 examples

2019-05-03-03-40-58   >>>>   Start train ranking function

2019-05-03-03-40-58   >>>>   End train ranking function

train_ranking_functioning time = 3.230 ms


2019-05-03-03-40-58   >>>>   Start verify ranking function

[xr_1 = 0, xr_2 = -4835/93, xr_0 = 1]
ranking function : 0.935 *  x[0]^1.0 - 0.081 *  x[1]^1.0 - 0.1806 *  x[2]^1.0 + 1.3291 * 1

2019-05-03-03-40-58   >>>>   End verify ranking function

verifying time = 7.702 ms


Not Found Ranking Fcuntion

Conterexample is 

[1, 0, -51.98924731182796]

sampling time = 1.043 ms


       ########################################         

iteration 11 with 242 examples

2019-05-03-03-40-58   >>>>   Start train ranking function

2019-05-03-03-40-58   >>>>   End train ranking function

train_ranking_functioning time = 3.231 ms


2019-05-03-03-40-58   >>>>   Start verify ranking function

[xr_1 = 19399/511, xr_2 = 0, xr_0 = 1]
ranking function : 0.9409 *  x[0]^1.0 - 0.0809 *  x[1]^1.0 - 0.182 *  x[2]^1.0 + 1.3305 * 1

2019-05-03-03-40-58   >>>>   End verify ranking function

verifying time = 7.729 ms


Not Found Ranking Fcuntion

Conterexample is 

[1, 37.962818003913895, 0]

sampling time = 1.039 ms


       ########################################         

iteration 12 with 244 examples

2019-05-03-03-40-58   >>>>   Start train ranking function

2019-05-03-03-40-58   >>>>   End train ranking function

train_ranking_functioning time = 3.158 ms


2019-05-03-03-40-58   >>>>   Start verify ranking function

[xr_1 = 19107/475, xr_2 = 0, xr_0 = 1]
ranking function : 0.9117 *  x[0]^1.0 - 0.0795 *  x[1]^1.0 - 0.1763 *  x[2]^1.0 + 2.0003 * 1

2019-05-03-03-40-58   >>>>   End verify ranking function

verifying time = 7.696 ms


Not Found Ranking Fcuntion

Conterexample is 

[1, 40.22526315789474, 0]

sampling time = 1.228 ms


       ########################################         

iteration 13 with 246 examples

2019-05-03-03-40-58   >>>>   Start train ranking function

2019-05-03-03-40-58   >>>>   End train ranking function

train_ranking_functioning time = 3.256 ms


2019-05-03-03-40-58   >>>>   Start verify ranking function

[xr_1 = 0, xr_2 = -3142/69, xr_0 = 1]
ranking function : 0.8862 *  x[0]^1.0 - 0.0777 *  x[1]^1.0 - 0.1761 *  x[2]^1.0 + 2.3123 * 1

2019-05-03-03-40-58   >>>>   End verify ranking function

verifying time = 8.721 ms


Not Found Ranking Fcuntion

Conterexample is 

[1, 0, -45.53623188405797]

sampling time = 1.118 ms


       ########################################         

iteration 14 with 248 examples

2019-05-03-03-40-58   >>>>   Start train ranking function

2019-05-03-03-40-58   >>>>   End train ranking function

train_ranking_functioning time = 3.513 ms


2019-05-03-03-40-58   >>>>   Start verify ranking function

[xr_1 = 0, xr_2 = -19051/718, xr_0 = 1]
ranking function : 0.9061 *  x[0]^1.0 - 0.0667 *  x[1]^1.0 - 0.1693 *  x[2]^1.0 + 2.4006 * 1

2019-05-03-03-40-58   >>>>   End verify ranking function

verifying time = 8.447 ms


Not Found Ranking Fcuntion

Conterexample is 

[1, 0, -26.53342618384401]

sampling time = 1.194 ms


       ########################################         

iteration 15 with 250 examples

2019-05-03-03-40-58   >>>>   Start train ranking function

2019-05-03-03-40-58   >>>>   End train ranking function

train_ranking_functioning time = 3.233 ms


2019-05-03-03-40-58   >>>>   Start verify ranking function

[xr_1 = 0, xr_2 = -18803/196, xr_0 = 1]
ranking function : 0.8813 *  x[0]^1.0 - 0.082 *  x[1]^1.0 - 0.1738 *  x[2]^1.0 + 2.404 * 1

2019-05-03-03-40-58   >>>>   End verify ranking function

verifying time = 7.826 ms


Not Found Ranking Fcuntion

Conterexample is 

[1, 0, -95.93367346938776]

sampling time = 1.041 ms


       ########################################         

iteration 16 with 252 examples

2019-05-03-03-40-58   >>>>   Start train ranking function

2019-05-03-03-40-58   >>>>   End train ranking function

train_ranking_functioning time = 3.415 ms


2019-05-03-03-40-58   >>>>   Start verify ranking function

[xr_1 = 0, xr_2 = -9455/158, xr_0 = 1]
ranking function : 0.892 *  x[0]^1.0 - 0.0791 *  x[1]^1.0 - 0.174 *  x[2]^1.0 + 2.436 * 1

2019-05-03-03-40-58   >>>>   End verify ranking function

verifying time = 7.663 ms


Not Found Ranking Fcuntion

Conterexample is 

[1, 0, -59.84177215189873]

sampling time = 1.041 ms


       ########################################         

iteration 17 with 254 examples

2019-05-03-03-40-58   >>>>   Start train ranking function

2019-05-03-03-40-58   >>>>   End train ranking function

train_ranking_functioning time = 3.558 ms


2019-05-03-03-40-58   >>>>   Start verify ranking function

[xr_1 = 0, xr_2 = -9427/280, xr_0 = 1]
ranking function : 0.8864 *  x[0]^1.0 - 0.0741 *  x[1]^1.0 - 0.1762 *  x[2]^1.0 + 2.4318 * 1

2019-05-03-03-40-58   >>>>   End verify ranking function

verifying time = 7.780 ms


Not Found Ranking Fcuntion

Conterexample is 

[1, 0, -33.667857142857144]

sampling time = 1.040 ms


       ########################################         

iteration 18 with 256 examples

2019-05-03-03-40-58   >>>>   Start train ranking function

2019-05-03-03-40-58   >>>>   End train ranking function

train_ranking_functioning time = 3.619 ms


2019-05-03-03-40-58   >>>>   Start verify ranking function

[xr_1 = 0, xr_2 = -9446/39, xr_0 = 1]
ranking function : 0.8902 *  x[0]^1.0 - 0.085 *  x[1]^1.0 - 0.1739 *  x[2]^1.0 + 2.4483 * 1

2019-05-03-03-40-58   >>>>   End verify ranking function

verifying time = 7.704 ms


Not Found Ranking Fcuntion

Conterexample is 

[1, 0, -242.2051282051282]

sampling time = 1.047 ms


       ########################################         

iteration 19 with 258 examples

2019-05-03-03-40-58   >>>>   Start train ranking function

2019-05-03-03-40-58   >>>>   End train ranking function

train_ranking_functioning time = 3.637 ms


2019-05-03-03-40-58   >>>>   Start verify ranking function

[xr_1 = 769/22, xr_0 = 1]
ranking function : 0.8974 *  x[0]^1.0 - 0.0871 *  x[1]^1.0 - 0.1742 *  x[2]^1.0 + 2.4708 * 1

2019-05-03-03-40-58   >>>>   End verify ranking function

verifying time = 7.548 ms


Not Found Ranking Fcuntion

Conterexample is 

[1, 34.95454545454545, 0]

sampling time = 1.063 ms


       ########################################         

iteration 20 with 260 examples

2019-05-03-03-40-58   >>>>   Start train ranking function

2019-05-03-03-40-58   >>>>   End train ranking function

train_ranking_functioning time = 3.667 ms


2019-05-03-03-40-58   >>>>   Start verify ranking function

[xr_1 = 4713/40, xr_2 = 0, xr_0 = 1]
ranking function : 0.8862 *  x[0]^1.0 - 0.0855 *  x[1]^1.0 - 0.1748 *  x[2]^1.0 + 2.6633 * 1

2019-05-03-03-40-58   >>>>   End verify ranking function

verifying time = 7.886 ms


Not Found Ranking Fcuntion

Conterexample is 

[1, 117.825, 0]

sampling time = 1.046 ms


       ########################################         

iteration 21 with 262 examples

2019-05-03-03-40-58   >>>>   Start train ranking function

2019-05-03-03-40-58   >>>>   End train ranking function

train_ranking_functioning time = 3.983 ms


2019-05-03-03-40-58   >>>>   Start verify ranking function

[xr_1 = 0, xr_2 = -9335/1219, xr_0 = 1]
ranking function : 0.868 *  x[0]^1.0 - 0.0244 *  x[1]^1.0 - 0.1707 *  x[2]^1.0 + 2.7369 * 1

2019-05-03-03-40-58   >>>>   End verify ranking function

verifying time = 7.802 ms


Not Found Ranking Fcuntion

Conterexample is 

[1, 0, -7.65791632485644]

sampling time = 1.068 ms


       ########################################         

iteration 22 with 264 examples

2019-05-03-03-40-58   >>>>   Start train ranking function

2019-05-03-03-40-58   >>>>   End train ranking function

train_ranking_functioning time = 3.839 ms


2019-05-03-03-40-58   >>>>   Start verify ranking function

[xr_1 = 0, xr_2 = 9249/77, xr_0 = 1]
ranking function : 0.8508 *  x[0]^1.0 - 0.0865 *  x[1]^1.0 - 0.1653 *  x[2]^1.0 + 2.7285 * 1

2019-05-03-03-40-58   >>>>   End verify ranking function

verifying time = 7.717 ms


Not Found Ranking Fcuntion

Conterexample is 

[1, 0, 120.11688311688312]

sampling time = 1.051 ms


       ########################################         

iteration 23 with 266 examples

2019-05-03-03-40-58   >>>>   Start train ranking function

2019-05-03-03-40-58   >>>>   End train ranking function

train_ranking_functioning time = 4.887 ms


2019-05-03-03-40-58   >>>>   Start verify ranking function

[xr_1 = 0, xr_2 = -2207/9, xr_0 = 1]
ranking function : 0.7666 *  x[0]^1.0 - 0.0688 *  x[1]^1.0 - 0.1412 *  x[2]^1.0 + 2.9467 * 1

2019-05-03-03-40-58   >>>>   End verify ranking function

verifying time = 7.757 ms


Not Found Ranking Fcuntion

Conterexample is 

[1, 0, -245.22222222222223]

sampling time = 1.052 ms


       ########################################         

iteration 24 with 268 examples

2019-05-03-03-40-58   >>>>   Start train ranking function

2019-05-03-03-40-58   >>>>   End train ranking function

train_ranking_functioning time = 5.326 ms


2019-05-03-03-40-58   >>>>   Start verify ranking function

[xr_1 = 0, xr_2 = -5955/76, xr_0 = 1]
ranking function : 0.7875 *  x[0]^1.0 - 0.0676 *  x[1]^1.0 - 0.1466 *  x[2]^1.0 + 2.9759 * 1

2019-05-03-03-40-58   >>>>   End verify ranking function

verifying time = 7.709 ms


Not Found Ranking Fcuntion

Conterexample is 

[1, 0, -78.35526315789474]

sampling time = 1.047 ms


Failed to prove it is terminated

UNKNOWN
------Using Template 1 -----------
4 [4]
*****************************************************

2019-05-03-03-40-58   >>>>   End sampling point

sampling time = 145.420 ms,


       ########################################         

iteration 0 with 220 examples

2019-05-03-03-40-58   >>>>   Start train ranking function

2019-05-03-03-40-59   >>>>   End train ranking function

train_ranking_functioning time = 8.955 ms


2019-05-03-03-40-59   >>>>   Start verify ranking function

[xr_0 = 1, xr_2 = -2, xr_1 = 1/8]