------Using Template 0 -----------
2 [2]
*****************************************************

2019-05-03-03-20-54   >>>>   End sampling point

sampling time = 28.714 ms,


       ########################################         

iteration 0 with 106 examples

2019-05-03-03-20-54   >>>>   Start train ranking function

2019-05-03-03-20-54   >>>>   End train ranking function

train_ranking_functioning time = 2.850 ms


2019-05-03-03-20-54   >>>>   Start verify ranking function

[xi_0 = 0]
ranking function : 2.4 * 1

2019-05-03-03-20-54   >>>>   End verify ranking function

verifying time = 6.139 ms


Not Found Ranking Fcuntion

Conterexample is 

[0]

sampling time = 0.457 ms


       ########################################         

iteration 1 with 108 examples

2019-05-03-03-20-54   >>>>   Start train ranking function

2019-05-03-03-20-54   >>>>   End train ranking function

train_ranking_functioning time = 2.775 ms


2019-05-03-03-20-54   >>>>   Start verify ranking function

[xi_0 = 0]
ranking function : 2.4 * 1

2019-05-03-03-20-54   >>>>   End verify ranking function

verifying time = 6.148 ms


Not Found Ranking Fcuntion

Conterexample is 

[0]

sampling time = 0.493 ms


       ########################################         

iteration 2 with 110 examples

2019-05-03-03-20-54   >>>>   Start train ranking function

2019-05-03-03-20-54   >>>>   End train ranking function

train_ranking_functioning time = 2.849 ms


2019-05-03-03-20-54   >>>>   Start verify ranking function

[xi_0 = 0]
ranking function : 2.4 * 1

2019-05-03-03-20-54   >>>>   End verify ranking function

verifying time = 6.047 ms


Not Found Ranking Fcuntion

Conterexample is 

[0]

sampling time = 0.452 ms


       ########################################         

iteration 3 with 112 examples

2019-05-03-03-20-54   >>>>   Start train ranking function

2019-05-03-03-20-54   >>>>   End train ranking function

train_ranking_functioning time = 2.859 ms


2019-05-03-03-20-54   >>>>   Start verify ranking function

[xi_0 = 0]
ranking function : 2.5 * 1

2019-05-03-03-20-54   >>>>   End verify ranking function

verifying time = 6.110 ms


Not Found Ranking Fcuntion

Conterexample is 

[0]

sampling time = 0.453 ms


       ########################################         

iteration 4 with 114 examples

2019-05-03-03-20-54   >>>>   Start train ranking function

2019-05-03-03-20-54   >>>>   End train ranking function

train_ranking_functioning time = 2.864 ms


2019-05-03-03-20-54   >>>>   Start verify ranking function

[xi_0 = 0]
ranking function : 2.5 * 1

2019-05-03-03-20-54   >>>>   End verify ranking function

verifying time = 6.109 ms


Not Found Ranking Fcuntion

Conterexample is 

[0]

sampling time = 0.453 ms


       ########################################         

iteration 5 with 116 examples

2019-05-03-03-20-54   >>>>   Start train ranking function

2019-05-03-03-20-54   >>>>   End train ranking function

train_ranking_functioning time = 2.939 ms


2019-05-03-03-20-54   >>>>   Start verify ranking function

[xi_0 = 0]
ranking function : 2.5 * 1

2019-05-03-03-20-54   >>>>   End verify ranking function

verifying time = 6.118 ms


Not Found Ranking Fcuntion

Conterexample is 

[0]

sampling time = 0.460 ms


       ########################################         

iteration 6 with 118 examples

2019-05-03-03-20-54   >>>>   Start train ranking function

2019-05-03-03-20-54   >>>>   End train ranking function

train_ranking_functioning time = 2.950 ms


2019-05-03-03-20-54   >>>>   Start verify ranking function

[xi_0 = 0]
ranking function : 2.6 * 1

2019-05-03-03-20-54   >>>>   End verify ranking function

verifying time = 5.969 ms


Not Found Ranking Fcuntion

Conterexample is 

[0]

sampling time = 0.449 ms


       ########################################         

iteration 7 with 120 examples

2019-05-03-03-20-54   >>>>   Start train ranking function

2019-05-03-03-20-54   >>>>   End train ranking function

train_ranking_functioning time = 2.996 ms


2019-05-03-03-20-54   >>>>   Start verify ranking function

[xi_0 = 0]
ranking function : 2.6 * 1

2019-05-03-03-20-54   >>>>   End verify ranking function

verifying time = 5.967 ms


Not Found Ranking Fcuntion

Conterexample is 

[0]

sampling time = 0.450 ms


       ########################################         

iteration 8 with 122 examples

2019-05-03-03-20-54   >>>>   Start train ranking function

2019-05-03-03-20-54   >>>>   End train ranking function

train_ranking_functioning time = 3.007 ms


2019-05-03-03-20-54   >>>>   Start verify ranking function

[xi_0 = 0]
ranking function : 2.7 * 1

2019-05-03-03-20-54   >>>>   End verify ranking function

verifying time = 5.973 ms


Not Found Ranking Fcuntion

Conterexample is 

[0]

sampling time = 0.457 ms


       ########################################         

iteration 9 with 124 examples

2019-05-03-03-20-54   >>>>   Start train ranking function

2019-05-03-03-20-54   >>>>   End train ranking function

train_ranking_functioning time = 3.087 ms


2019-05-03-03-20-54   >>>>   Start verify ranking function

[xi_0 = 0]
ranking function : 2.7 * 1

2019-05-03-03-20-54   >>>>   End verify ranking function

verifying time = 5.994 ms


Not Found Ranking Fcuntion

Conterexample is 

[0]

sampling time = 0.454 ms


       ########################################         

iteration 10 with 126 examples

2019-05-03-03-20-54   >>>>   Start train ranking function

2019-05-03-03-20-54   >>>>   End train ranking function

train_ranking_functioning time = 3.120 ms


2019-05-03-03-20-54   >>>>   Start verify ranking function

[xi_0 = 0]
ranking function : 2.8 * 1

2019-05-03-03-20-54   >>>>   End verify ranking function

verifying time = 6.112 ms


Not Found Ranking Fcuntion

Conterexample is 

[0]

sampling time = 0.456 ms


       ########################################         

iteration 11 with 128 examples

2019-05-03-03-20-54   >>>>   Start train ranking function

2019-05-03-03-20-54   >>>>   End train ranking function

train_ranking_functioning time = 3.160 ms


2019-05-03-03-20-54   >>>>   Start verify ranking function

[xi_0 = 0]
ranking function : 2.8 * 1

2019-05-03-03-20-54   >>>>   End verify ranking function

verifying time = 6.084 ms


Not Found Ranking Fcuntion

Conterexample is 

[0]

sampling time = 0.454 ms


       ########################################         

iteration 12 with 130 examples

2019-05-03-03-20-54   >>>>   Start train ranking function

2019-05-03-03-20-54   >>>>   End train ranking function

train_ranking_functioning time = 3.161 ms


2019-05-03-03-20-54   >>>>   Start verify ranking function

[xi_0 = 0]
ranking function : 2.8 * 1

2019-05-03-03-20-54   >>>>   End verify ranking function

verifying time = 5.978 ms


Not Found Ranking Fcuntion

Conterexample is 

[0]

sampling time = 0.450 ms


       ########################################         

iteration 13 with 132 examples

2019-05-03-03-20-54   >>>>   Start train ranking function

2019-05-03-03-20-54   >>>>   End train ranking function

train_ranking_functioning time = 3.197 ms


2019-05-03-03-20-54   >>>>   Start verify ranking function

ranking function : 0.1 *  x[0]^1.0 + 2.9 * 1

2019-05-03-03-20-54   >>>>   End verify ranking function

verifying time = 6.835 ms


Not Found Ranking Fcuntion

Conterexample is 

[-30]

sampling time = 0.454 ms


       ########################################         

iteration 14 with 134 examples

2019-05-03-03-20-54   >>>>   Start train ranking function

2019-05-03-03-20-54   >>>>   End train ranking function

train_ranking_functioning time = 3.301 ms


2019-05-03-03-20-54   >>>>   Start verify ranking function

ranking function : 0.1 *  x[0]^1.0 + 2.9 * 1

2019-05-03-03-20-54   >>>>   End verify ranking function

verifying time = 6.774 ms


Not Found Ranking Fcuntion

Conterexample is 

[-30]

sampling time = 0.457 ms


       ########################################         

iteration 15 with 136 examples

2019-05-03-03-20-54   >>>>   Start train ranking function

2019-05-03-03-20-54   >>>>   End train ranking function

train_ranking_functioning time = 3.453 ms


2019-05-03-03-20-54   >>>>   Start verify ranking function
