------Using Template 0 -----------
3 [3]
*****************************************************

2019-05-03-03-25-57   >>>>   End sampling point

sampling time = 45.886 ms,


       ########################################         

iteration 0 with 114 examples

2019-05-03-03-25-57   >>>>   Start train ranking function

2019-05-03-03-25-57   >>>>   End train ranking function

train_ranking_functioning time = 1.761 ms


2019-05-03-03-25-57   >>>>   Start verify ranking function

[xr_1 = 470/3, xr_0 = 1]
ranking function : 0.9817 *  x[0]^1.0 + 0.4877 *  x[1]^1.0 + 1.2851 * 1

2019-05-03-03-25-57   >>>>   End verify ranking function

verifying time = 6.751 ms


Not Found Ranking Fcuntion

Conterexample is 

[1, 156.66666666666666]

sampling time = 0.732 ms


       ########################################         

iteration 1 with 116 examples

2019-05-03-03-25-57   >>>>   Start train ranking function

2019-05-03-03-25-57   >>>>   End train ranking function

train_ranking_functioning time = 2.456 ms


2019-05-03-03-25-57   >>>>   Start verify ranking function

[xr_1 = 1228/3, xr_0 = 1]
ranking function : 0.981 *  x[0]^1.0 + 0.4893 *  x[1]^1.0 + 1.2883 * 1

2019-05-03-03-25-57   >>>>   End verify ranking function

verifying time = 6.627 ms


Not Found Ranking Fcuntion

Conterexample is 

[1, 409.3333333333333]

sampling time = 0.713 ms


       ########################################         

iteration 2 with 118 examples

2019-05-03-03-25-57   >>>>   Start train ranking function

2019-05-03-03-25-57   >>>>   End train ranking function

train_ranking_functioning time = 2.465 ms


2019-05-03-03-25-57   >>>>   Start verify ranking function

[xr_1 = 4919/16, xr_0 = 1]
ranking function : 0.9816 *  x[0]^1.0 + 0.4892 *  x[1]^1.0 + 1.2883 * 1

2019-05-03-03-25-57   >>>>   End verify ranking function

verifying time = 6.572 ms


Not Found Ranking Fcuntion

Conterexample is 

[1, 307.4375]

sampling time = 0.730 ms


       ########################################         

iteration 3 with 120 examples

2019-05-03-03-25-57   >>>>   Start train ranking function

2019-05-03-03-25-57   >>>>   End train ranking function

train_ranking_functioning time = 2.596 ms


2019-05-03-03-25-57   >>>>   Start verify ranking function

[xr_1 = -9806, xr_0 = 1]
ranking function : 0.9815 *  x[0]^1.0 + 0.4908 *  x[1]^1.0 + 1.2902 * 1

2019-05-03-03-25-57   >>>>   End verify ranking function

verifying time = 6.560 ms


Not Found Ranking Fcuntion

Conterexample is 

[1, -9806]

sampling time = 0.714 ms


       ########################################         

iteration 4 with 122 examples

2019-05-03-03-25-57   >>>>   Start train ranking function

2019-05-03-03-25-57   >>>>   End train ranking function

train_ranking_functioning time = 2.618 ms


2019-05-03-03-25-57   >>>>   Start verify ranking function

[xr_1 = -817/10, xr_0 = 1]
ranking function : 0.1624 *  x[0]^1.0 + 0.0822 *  x[1]^1.0 + 0.8729 * 1

2019-05-03-03-25-57   >>>>   End verify ranking function

verifying time = 7.618 ms


Not Found Ranking Fcuntion

Conterexample is 

[1, -81.7]

sampling time = 0.758 ms


       ########################################         

iteration 5 with 124 examples

2019-05-03-03-25-57   >>>>   Start train ranking function

2019-05-03-03-25-57   >>>>   End train ranking function

train_ranking_functioning time = 2.928 ms


2019-05-03-03-25-57   >>>>   Start verify ranking function

[xr_1 = 1544/605, xr_0 = 1]
ranking function : 0.0949 *  x[0]^1.0 + 0.0172 *  x[1]^1.0 + 1.1555 * 1

2019-05-03-03-25-57   >>>>   End verify ranking function

verifying time = 7.387 ms


Not Found Ranking Fcuntion

Conterexample is 

[1, 2.5520661157024795]

sampling time = 0.772 ms


       ########################################         

iteration 6 with 126 examples

2019-05-03-03-25-57   >>>>   Start train ranking function

2019-05-03-03-25-57   >>>>   End train ranking function

train_ranking_functioning time = 2.903 ms


2019-05-03-03-25-57   >>>>   Start verify ranking function

[xr_1 = 963/367, xr_0 = 1]
ranking function : 0.1202 *  x[0]^1.0 + 0.0234 *  x[1]^1.0 + 1.1985 * 1

2019-05-03-03-25-57   >>>>   End verify ranking function

verifying time = 7.573 ms


Not Found Ranking Fcuntion

Conterexample is 

[1, 2.6239782016348774]

sampling time = 0.814 ms


       ########################################         

iteration 7 with 128 examples

2019-05-03-03-25-57   >>>>   Start train ranking function

2019-05-03-03-25-57   >>>>   End train ranking function

train_ranking_functioning time = 3.008 ms


2019-05-03-03-25-57   >>>>   Start verify ranking function

[xr_1 = 311/121, xr_0 = 1]
ranking function : 0.115 *  x[0]^1.0 + 0.0212 *  x[1]^1.0 + 1.2259 * 1

2019-05-03-03-25-57   >>>>   End verify ranking function

verifying time = 7.679 ms


Not Found Ranking Fcuntion

Conterexample is 

[1, 2.5702479338842976]

sampling time = 0.839 ms


       ########################################         

iteration 8 with 130 examples

2019-05-03-03-25-57   >>>>   Start train ranking function

2019-05-03-03-25-57   >>>>   End train ranking function

train_ranking_functioning time = 3.080 ms


2019-05-03-03-25-57   >>>>   Start verify ranking function

[xr_1 = 42/13, xr_0 = 1]
ranking function : 0.1257 *  x[0]^1.0 + 0.0349 *  x[1]^1.0 + 1.249 * 1

2019-05-03-03-25-57   >>>>   End verify ranking function

verifying time = 7.227 ms


Not Found Ranking Fcuntion

Conterexample is 

[1, 3.230769230769231]

sampling time = 0.721 ms


       ########################################         

iteration 9 with 132 examples

2019-05-03-03-25-57   >>>>   Start train ranking function

2019-05-03-03-25-57   >>>>   End train ranking function

train_ranking_functioning time = 2.778 ms


2019-05-03-03-25-57   >>>>   Start verify ranking function

[xr_1 = -1024/21, xr_0 = 1]
ranking function : 0.1013 *  x[0]^1.0 + 0.0517 *  x[1]^1.0 + 1.2604 * 1

2019-05-03-03-25-58   >>>>   End verify ranking function

verifying time = 7.010 ms


Not Found Ranking Fcuntion

Conterexample is 

[1, -48.76190476190476]

sampling time = 0.848 ms


       ########################################         

iteration 10 with 134 examples

2019-05-03-03-25-58   >>>>   Start train ranking function

2019-05-03-03-25-58   >>>>   End train ranking function

train_ranking_functioning time = 2.891 ms


2019-05-03-03-25-58   >>>>   Start verify ranking function

[xr_1 = 1123/440, xr_0 = 1]
ranking function : 0.1376 *  x[0]^1.0 + 0.0248 *  x[1]^1.0 + 1.9858 * 1

2019-05-03-03-25-58   >>>>   End verify ranking function

verifying time = 7.383 ms


Not Found Ranking Fcuntion

Conterexample is 

[1, 2.5522727272727272]

sampling time = 0.815 ms


       ########################################         

iteration 11 with 136 examples

2019-05-03-03-25-58   >>>>   Start train ranking function

2019-05-03-03-25-58   >>>>   End train ranking function

train_ranking_functioning time = 2.882 ms


2019-05-03-03-25-58   >>>>   Start verify ranking function

[xr_1 = 1774/625, xr_0 = 1]
ranking function : 0.1159 *  x[0]^1.0 + 0.0267 *  x[1]^1.0 + 2.1035 * 1

2019-05-03-03-25-58   >>>>   End verify ranking function

verifying time = 6.764 ms


Not Found Ranking Fcuntion

Conterexample is 

[1, 2.8384]

sampling time = 0.784 ms


       ########################################         

iteration 12 with 138 examples

2019-05-03-03-25-58   >>>>   Start train ranking function

2019-05-03-03-25-58   >>>>   End train ranking function

train_ranking_functioning time = 2.894 ms


2019-05-03-03-25-58   >>>>   Start verify ranking function

[xr_1 = 1758/595, xr_0 = 1]
ranking function : 0.1173 *  x[0]^1.0 + 0.0289 *  x[1]^1.0 + 2.1392 * 1

2019-05-03-03-25-58   >>>>   End verify ranking function

verifying time = 6.584 ms


Not Found Ranking Fcuntion

Conterexample is 

[1, 2.954621848739496]

sampling time = 0.771 ms


       ########################################         

iteration 13 with 140 examples

2019-05-03-03-25-58   >>>>   Start train ranking function

2019-05-03-03-25-58   >>>>   End train ranking function

train_ranking_functioning time = 2.924 ms


2019-05-03-03-25-58   >>>>   Start verify ranking function

[xr_1 = 1530/491, xr_0 = 1]
ranking function : 0.1049 *  x[0]^1.0 + 0.0279 *  x[1]^1.0 + 2.1607 * 1

2019-05-03-03-25-58   >>>>   End verify ranking function

verifying time = 6.692 ms


Not Found Ranking Fcuntion

Conterexample is 

[1, 3.116089613034623]

sampling time = 0.962 ms


       ########################################         

iteration 14 with 142 examples

2019-05-03-03-25-58   >>>>   Start train ranking function

2019-05-03-03-25-58   >>>>   End train ranking function

train_ranking_functioning time = 2.985 ms


2019-05-03-03-25-58   >>>>   Start verify ranking function

[xr_1 = 781/257, xr_0 = 1]
ranking function : 0.1058 *  x[0]^1.0 + 0.0272 *  x[1]^1.0 + 2.2229 * 1

2019-05-03-03-25-58   >>>>   End verify ranking function

verifying time = 6.714 ms


Not Found Ranking Fcuntion

Conterexample is 

[1, 3.0389105058365757]

sampling time = 0.791 ms


       ########################################         

iteration 15 with 144 examples

2019-05-03-03-25-58   >>>>   Start train ranking function

2019-05-03-03-25-58   >>>>   End train ranking function

train_ranking_functioning time = 3.122 ms


2019-05-03-03-25-58   >>>>   Start verify ranking function

[xr_1 = 873/301, xr_0 = 1]
ranking function : 0.1154 *  x[0]^1.0 + 0.0276 *  x[1]^1.0 + 2.2683 * 1

2019-05-03-03-25-58   >>>>   End verify ranking function

verifying time = 6.893 ms


Not Found Ranking Fcuntion

Conterexample is 

[1, 2.9003322259136213]

sampling time = 0.730 ms


       ########################################         

iteration 16 with 146 examples

2019-05-03-03-25-58   >>>>   Start train ranking function

2019-05-03-03-25-58   >>>>   End train ranking function

train_ranking_functioning time = 3.250 ms


2019-05-03-03-25-58   >>>>   Start verify ranking function

[xr_1 = 1614/533, xr_0 = 1]
ranking function : 0.1091 *  x[0]^1.0 + 0.0279 *  x[1]^1.0 + 2.2975 * 1

2019-05-03-03-25-58   >>>>   End verify ranking function

verifying time = 7.145 ms


Not Found Ranking Fcuntion

Conterexample is 

[1, 3.028142589118199]

sampling time = 0.724 ms


       ########################################         

iteration 17 with 148 examples

2019-05-03-03-25-58   >>>>   Start train ranking function

2019-05-03-03-25-58   >>>>   End train ranking function

train_ranking_functioning time = 3.150 ms


2019-05-03-03-25-58   >>>>   Start verify ranking function

[xr_1 = 62/21, xr_0 = 1]
ranking function : 0.1076 *  x[0]^1.0 + 0.0265 *  x[1]^1.0 + 2.3363 * 1

2019-05-03-03-25-58   >>>>   End verify ranking function

verifying time = 6.594 ms


Not Found Ranking Fcuntion

Conterexample is 

[1, 2.9523809523809526]

sampling time = 0.729 ms


       ########################################         

iteration 18 with 150 examples

2019-05-03-03-25-58   >>>>   Start train ranking function

2019-05-03-03-25-58   >>>>   End train ranking function

train_ranking_functioning time = 3.033 ms


2019-05-03-03-25-58   >>>>   Start verify ranking function

[xr_1 = 283/101, xr_0 = 1]
ranking function : 0.1102 *  x[0]^1.0 + 0.0248 *  x[1]^1.0 + 2.3004 * 1

2019-05-03-03-25-58   >>>>   End verify ranking function

verifying time = 6.566 ms


Not Found Ranking Fcuntion

Conterexample is 

[1, 2.801980198019802]

sampling time = 0.729 ms


       ########################################         

iteration 19 with 152 examples

2019-05-03-03-25-58   >>>>   Start train ranking function

2019-05-03-03-25-58   >>>>   End train ranking function

train_ranking_functioning time = 3.168 ms


2019-05-03-03-25-58   >>>>   Start verify ranking function

[xr_1 = 1372/431, xr_0 = 1]
ranking function : 0.0951 *  x[0]^1.0 + 0.026 *  x[1]^1.0 + 2.4027 * 1

2019-05-03-03-25-58   >>>>   End verify ranking function

verifying time = 6.573 ms


Not Found Ranking Fcuntion

Conterexample is 

[1, 3.183294663573086]

sampling time = 0.717 ms


       ########################################         

iteration 20 with 154 examples

2019-05-03-03-25-58   >>>>   Start train ranking function

2019-05-03-03-25-58   >>>>   End train ranking function

train_ranking_functioning time = 3.172 ms


2019-05-03-03-25-58   >>>>   Start verify ranking function

[xr_1 = 1312/375, xr_0 = 1]
ranking function : 0.0947 *  x[0]^1.0 + 0.0286 *  x[1]^1.0 + 2.4441 * 1

2019-05-03-03-25-58   >>>>   End verify ranking function

verifying time = 6.566 ms


Not Found Ranking Fcuntion

Conterexample is 

[1, 3.498666666666667]

sampling time = 0.729 ms


       ########################################         

iteration 21 with 156 examples

2019-05-03-03-25-58   >>>>   Start train ranking function

2019-05-03-03-25-58   >>>>   End train ranking function

train_ranking_functioning time = 3.205 ms


2019-05-03-03-25-58   >>>>   Start verify ranking function

[xr_1 = 1732/563, xr_0 = 1]
ranking function : 0.1179 *  x[0]^1.0 + 0.0308 *  x[1]^1.0 + 2.4926 * 1

2019-05-03-03-25-58   >>>>   End verify ranking function

verifying time = 6.620 ms


Not Found Ranking Fcuntion

Conterexample is 

[1, 3.0763765541740673]

sampling time = 0.732 ms


       ########################################         

iteration 22 with 158 examples

2019-05-03-03-25-58   >>>>   Start train ranking function

2019-05-03-03-25-58   >>>>   End train ranking function

train_ranking_functioning time = 3.279 ms


2019-05-03-03-25-58   >>>>   Start verify ranking function

[xr_1 = 1092/11, xr_0 = 1]
ranking function : 0.1091 *  x[0]^1.0 + 0.054 *  x[1]^1.0 + 2.5444 * 1

2019-05-03-03-25-58   >>>>   End verify ranking function

verifying time = 6.571 ms


Not Found Ranking Fcuntion

Conterexample is 

[1, 99.27272727272727]

sampling time = 0.732 ms


       ########################################         

iteration 23 with 160 examples

2019-05-03-03-25-58   >>>>   Start train ranking function

2019-05-03-03-25-58   >>>>   End train ranking function

train_ranking_functioning time = 3.342 ms


2019-05-03-03-25-58   >>>>   Start verify ranking function

[xr_1 = 1148/275, xr_0 = 1]
ranking function : 0.0883 *  x[0]^1.0 + 0.0304 *  x[1]^1.0 + 2.5654 * 1

2019-05-03-03-25-58   >>>>   End verify ranking function

verifying time = 6.686 ms


Not Found Ranking Fcuntion

Conterexample is 

[1, 4.174545454545455]

sampling time = 0.727 ms


       ########################################         

iteration 24 with 162 examples

2019-05-03-03-25-58   >>>>   Start train ranking function

2019-05-03-03-25-58   >>>>   End train ranking function

train_ranking_functioning time = 3.371 ms


2019-05-03-03-25-58   >>>>   Start verify ranking function

[xr_1 = 568/285, xr_0 = 1]
ranking function : 0.0859 *  x[0]^1.0 + 0.0002 *  x[1]^1.0 + 2.5946 * 1

2019-05-03-03-25-58   >>>>   End verify ranking function

verifying time = 6.576 ms


Not Found Ranking Fcuntion

Conterexample is 

[1, 1.9929824561403509]

sampling time = 0.731 ms


Failed to prove it is terminated

UNKNOWN
------Using Template 1 -----------
4 [4]
*****************************************************

2019-05-03-03-25-58   >>>>   End sampling point

sampling time = 65.276 ms,


       ########################################         

iteration 0 with 114 examples

2019-05-03-03-25-58   >>>>   Start train ranking function

2019-05-03-03-25-58   >>>>   End train ranking function

train_ranking_functioning time = 1.059 ms


2019-05-03-03-25-58   >>>>   Start verify ranking function

[xr_0 = 1, xr_1 = 1/8]
ranking function : 0.065 *  x[0]^3.0 *  x[1]^-2.0 + 1.2213 *  x[0]^1.0 *  x[1]^0.5 + 0.85 *  x[0]^-1.0 *  x[1]^-0.5 + 0.6001 *  x[0]^0.5 *  x[1]^1.0

2019-05-03-03-25-58   >>>>   End verify ranking function

verifying time = 17.456 ms


Not Found Ranking Fcuntion

Conterexample is 

[1, 0.125]

sampling time = 1.079 ms


       ########################################         

iteration 1 with 116 examples

2019-05-03-03-25-58   >>>>   Start train ranking function

2019-05-03-03-25-58   >>>>   End train ranking function

train_ranking_functioning time = 1.116 ms


2019-05-03-03-25-58   >>>>   Start verify ranking function

[xr_0 = 1, xr_1 = 1/8]
ranking function : 0.0651 *  x[0]^3.0 *  x[1]^-2.0 + 1.2213 *  x[0]^1.0 *  x[1]^0.5 + 0.85 *  x[0]^-1.0 *  x[1]^-0.5 + 0.6001 *  x[0]^0.5 *  x[1]^1.0

2019-05-03-03-25-58   >>>>   End verify ranking function

verifying time = 17.455 ms


Not Found Ranking Fcuntion

Conterexample is 

[1, 0.125]

sampling time = 1.301 ms


       ########################################         

iteration 2 with 118 examples

2019-05-03-03-25-58   >>>>   Start train ranking function

2019-05-03-03-25-58   >>>>   End train ranking function

train_ranking_functioning time = 1.134 ms


2019-05-03-03-25-58   >>>>   Start verify ranking function

[xr_0 = 7/8, xr_1 = 1/8]
ranking function : 0.0991 *  x[0]^3.0 *  x[1]^-2.0 + 1.1649 *  x[0]^1.0 *  x[1]^0.5 + 0.9321 *  x[0]^-1.0 *  x[1]^-0.5 + 0.6341 *  x[0]^0.5 *  x[1]^1.0

2019-05-03-03-25-58   >>>>   End verify ranking function

verifying time = 19.417 ms


Not Found Ranking Fcuntion

Conterexample is 

[0.875, 0.125]

sampling time = 1.092 ms


       ########################################         

iteration 3 with 120 examples

2019-05-03-03-25-58   >>>>   Start train ranking function

2019-05-03-03-25-58   >>>>   End train ranking function

train_ranking_functioning time = 1.147 ms


2019-05-03-03-25-58   >>>>   Start verify ranking function

[xr_0 = 7/8, xr_1 = 1/8]
ranking function : 0.0991 *  x[0]^3.0 *  x[1]^-2.0 + 1.1649 *  x[0]^1.0 *  x[1]^0.5 + 0.9321 *  x[0]^-1.0 *  x[1]^-0.5 + 0.6341 *  x[0]^0.5 *  x[1]^1.0

2019-05-03-03-25-58   >>>>   End verify ranking function

verifying time = 19.937 ms


Not Found Ranking Fcuntion

Conterexample is 

[0.875, 0.125]

sampling time = 1.073 ms


       ########################################         

iteration 4 with 122 examples

2019-05-03-03-25-58   >>>>   Start train ranking function

2019-05-03-03-25-58   >>>>   End train ranking function

train_ranking_functioning time = 1.231 ms


2019-05-03-03-25-58   >>>>   Start verify ranking function

[xr_0 = 7/8, xr_1 = 1/8]
ranking function : 0.0991 *  x[0]^3.0 *  x[1]^-2.0 + 1.1649 *  x[0]^1.0 *  x[1]^0.5 + 0.9321 *  x[0]^-1.0 *  x[1]^-0.5 + 0.6341 *  x[0]^0.5 *  x[1]^1.0

2019-05-03-03-25-58   >>>>   End verify ranking function

verifying time = 18.500 ms


Not Found Ranking Fcuntion

Conterexample is 

[0.875, 0.125]

sampling time = 1.089 ms


       ########################################         

iteration 5 with 124 examples

2019-05-03-03-25-58   >>>>   Start train ranking function

2019-05-03-03-25-58   >>>>   End train ranking function

train_ranking_functioning time = 1.074 ms


2019-05-03-03-25-58   >>>>   Start verify ranking function

[xr_0 = 7/8, xr_1 = 1/8]
ranking function : 0.0991 *  x[0]^3.0 *  x[1]^-2.0 + 1.1649 *  x[0]^1.0 *  x[1]^0.5 + 0.9321 *  x[0]^-1.0 *  x[1]^-0.5 + 0.6342 *  x[0]^0.5 *  x[1]^1.0

2019-05-03-03-25-58   >>>>   End verify ranking function

verifying time = 18.445 ms


Not Found Ranking Fcuntion

Conterexample is 

[0.875, 0.125]

sampling time = 1.111 ms


       ########################################         

iteration 6 with 126 examples

2019-05-03-03-25-58   >>>>   Start train ranking function

2019-05-03-03-25-58   >>>>   End train ranking function

train_ranking_functioning time = 1.074 ms


2019-05-03-03-25-58   >>>>   Start verify ranking function

[xr_0 = 7/8, xr_1 = 1/8]
ranking function : 0.0991 *  x[0]^3.0 *  x[1]^-2.0 + 1.1649 *  x[0]^1.0 *  x[1]^0.5 + 0.9321 *  x[0]^-1.0 *  x[1]^-0.5 + 0.6341 *  x[0]^0.5 *  x[1]^1.0

2019-05-03-03-25-58   >>>>   End verify ranking function

verifying time = 18.370 ms


Not Found Ranking Fcuntion

Conterexample is 

[0.875, 0.125]

sampling time = 1.088 ms


       ########################################         

iteration 7 with 128 examples

2019-05-03-03-25-58   >>>>   Start train ranking function

2019-05-03-03-25-58   >>>>   End train ranking function

train_ranking_functioning time = 1.086 ms


2019-05-03-03-25-58   >>>>   Start verify ranking function

[xr_0 = 7/8, xr_1 = 1/8]
ranking function : 0.0991 *  x[0]^3.0 *  x[1]^-2.0 + 1.1649 *  x[0]^1.0 *  x[1]^0.5 + 0.9321 *  x[0]^-1.0 *  x[1]^-0.5 + 0.6341 *  x[0]^0.5 *  x[1]^1.0

2019-05-03-03-25-58   >>>>   End verify ranking function

verifying time = 18.391 ms


Not Found Ranking Fcuntion

Conterexample is 

[0.875, 0.125]

sampling time = 1.113 ms


       ########################################         

iteration 8 with 130 examples

2019-05-03-03-25-58   >>>>   Start train ranking function

2019-05-03-03-25-58   >>>>   End train ranking function

train_ranking_functioning time = 1.078 ms


2019-05-03-03-25-58   >>>>   Start verify ranking function

[xr_0 = 7/8, xr_1 = 1/8]
ranking function : 0.0991 *  x[0]^3.0 *  x[1]^-2.0 + 1.1649 *  x[0]^1.0 *  x[1]^0.5 + 0.9321 *  x[0]^-1.0 *  x[1]^-0.5 + 0.6341 *  x[0]^0.5 *  x[1]^1.0

2019-05-03-03-25-58   >>>>   End verify ranking function

verifying time = 18.334 ms


Not Found Ranking Fcuntion

Conterexample is 

[0.875, 0.125]

sampling time = 1.087 ms


       ########################################         

iteration 9 with 132 examples

2019-05-03-03-25-58   >>>>   Start train ranking function

2019-05-03-03-25-58   >>>>   End train ranking function

train_ranking_functioning time = 1.079 ms


2019-05-03-03-25-58   >>>>   Start verify ranking function

[xr_0 = 7/8, xr_1 = 1/8]
ranking function : 0.0991 *  x[0]^3.0 *  x[1]^-2.0 + 1.1649 *  x[0]^1.0 *  x[1]^0.5 + 0.9321 *  x[0]^-1.0 *  x[1]^-0.5 + 0.6341 *  x[0]^0.5 *  x[1]^1.0

2019-05-03-03-25-58   >>>>   End verify ranking function

verifying time = 18.537 ms


Not Found Ranking Fcuntion

Conterexample is 

[0.875, 0.125]

sampling time = 1.125 ms


       ########################################         

iteration 10 with 134 examples

2019-05-03-03-25-58   >>>>   Start train ranking function

2019-05-03-03-25-58   >>>>   End train ranking function

train_ranking_functioning time = 1.085 ms


2019-05-03-03-25-58   >>>>   Start verify ranking function

[xr_0 = 7/8, xr_1 = 1/8]
ranking function : 0.0991 *  x[0]^3.0 *  x[1]^-2.0 + 1.1649 *  x[0]^1.0 *  x[1]^0.5 + 0.9321 *  x[0]^-1.0 *  x[1]^-0.5 + 0.6342 *  x[0]^0.5 *  x[1]^1.0

2019-05-03-03-25-58   >>>>   End verify ranking function

verifying time = 18.540 ms


Not Found Ranking Fcuntion

Conterexample is 

[0.875, 0.125]

sampling time = 1.083 ms


       ########################################         

iteration 11 with 136 examples

2019-05-03-03-25-58   >>>>   Start train ranking function

2019-05-03-03-25-58   >>>>   End train ranking function

train_ranking_functioning time = 1.081 ms


2019-05-03-03-25-58   >>>>   Start verify ranking function

[xr_0 = 7/8, xr_1 = 1/8]
ranking function : 0.0991 *  x[0]^3.0 *  x[1]^-2.0 + 1.1649 *  x[0]^1.0 *  x[1]^0.5 + 0.9321 *  x[0]^-1.0 *  x[1]^-0.5 + 0.6341 *  x[0]^0.5 *  x[1]^1.0

2019-05-03-03-25-58   >>>>   End verify ranking function

verifying time = 18.447 ms


Not Found Ranking Fcuntion

Conterexample is 

[0.875, 0.125]

sampling time = 1.140 ms


       ########################################         

iteration 12 with 138 examples

2019-05-03-03-25-58   >>>>   Start train ranking function

2019-05-03-03-25-58   >>>>   End train ranking function

train_ranking_functioning time = 1.089 ms


2019-05-03-03-25-58   >>>>   Start verify ranking function

[xr_0 = 7/8, xr_1 = 1/8]
ranking function : 0.0991 *  x[0]^3.0 *  x[1]^-2.0 + 1.1649 *  x[0]^1.0 *  x[1]^0.5 + 0.9321 *  x[0]^-1.0 *  x[1]^-0.5 + 0.6341 *  x[0]^0.5 *  x[1]^1.0

2019-05-03-03-25-58   >>>>   End verify ranking function

verifying time = 18.476 ms


Not Found Ranking Fcuntion

Conterexample is 

[0.875, 0.125]

sampling time = 1.073 ms


       ########################################         

iteration 13 with 140 examples

2019-05-03-03-25-58   >>>>   Start train ranking function

2019-05-03-03-25-58   >>>>   End train ranking function

train_ranking_functioning time = 1.052 ms


2019-05-03-03-25-58   >>>>   Start verify ranking function

[xr_0 = 7/8, xr_1 = 1/8]
ranking function : 0.0991 *  x[0]^3.0 *  x[1]^-2.0 + 1.1649 *  x[0]^1.0 *  x[1]^0.5 + 0.9321 *  x[0]^-1.0 *  x[1]^-0.5 + 0.6341 *  x[0]^0.5 *  x[1]^1.0

2019-05-03-03-25-58   >>>>   End verify ranking function

verifying time = 18.473 ms


Not Found Ranking Fcuntion

Conterexample is 

[0.875, 0.125]

sampling time = 1.062 ms


       ########################################         

iteration 14 with 142 examples

2019-05-03-03-25-58   >>>>   Start train ranking function

2019-05-03-03-25-58   >>>>   End train ranking function

train_ranking_functioning time = 1.088 ms


2019-05-03-03-25-58   >>>>   Start verify ranking function

[xr_0 = 7/8, xr_1 = 1/8]
ranking function : 0.0991 *  x[0]^3.0 *  x[1]^-2.0 + 1.1649 *  x[0]^1.0 *  x[1]^0.5 + 0.9321 *  x[0]^-1.0 *  x[1]^-0.5 + 0.6341 *  x[0]^0.5 *  x[1]^1.0

2019-05-03-03-25-58   >>>>   End verify ranking function

verifying time = 19.163 ms


Not Found Ranking Fcuntion

Conterexample is 

[0.875, 0.125]

sampling time = 1.132 ms


       ########################################         

iteration 15 with 144 examples

2019-05-03-03-25-58   >>>>   Start train ranking function

2019-05-03-03-25-58   >>>>   End train ranking function

train_ranking_functioning time = 1.089 ms


2019-05-03-03-25-58   >>>>   Start verify ranking function

[xr_0 = 7/8, xr_1 = 1/8]
ranking function : 0.0991 *  x[0]^3.0 *  x[1]^-2.0 + 1.1649 *  x[0]^1.0 *  x[1]^0.5 + 0.9321 *  x[0]^-1.0 *  x[1]^-0.5 + 0.6341 *  x[0]^0.5 *  x[1]^1.0

2019-05-03-03-25-58   >>>>   End verify ranking function

verifying time = 18.790 ms


Not Found Ranking Fcuntion

Conterexample is 

[0.875, 0.125]

sampling time = 1.065 ms


       ########################################         

iteration 16 with 146 examples

2019-05-03-03-25-58   >>>>   Start train ranking function

5
2019-05-03-03-25-58   >>>>   End train ranking function

train_ranking_functioning time = 1.113 ms


2019-05-03-03-25-58   >>>>   Start verify ranking function

[xr_0 = 7/8, xr_1 = 1/8]
ranking function : 0.0991 *  x[0]^3.0 *  x[1]^-2.0 + 1.1649 *  x[0]^1.0 *  x[1]^0.5 + 0.9321 *  x[0]^-1.0 *  x[1]^-0.5 + 0.6341 *  x[0]^0.5 *  x[1]^1.0

2019-05-03-03-25-58   >>>>   End verify ranking function

verifying time = 18.485 ms


Not Found Ranking Fcuntion

Conterexample is 

[0.875, 0.125]

sampling time = 1.118 ms


       ########################################         

iteration 17 with 148 examples

2019-05-03-03-25-58   >>>>   Start train ranking function

2019-05-03-03-25-58   >>>>   End train ranking function

train_ranking_functioning time = 1.110 ms


2019-05-03-03-25-58   >>>>   Start verify ranking function

[xr_0 = 7/8, xr_1 = 1/8]
ranking function : 0.1 *  x[0]^3.0 *  x[1]^-2.0 + 1.2 *  x[0]^1.0 *  x[1]^0.5 + 0.9 *  x[0]^-1.0 *  x[1]^-0.5 + 0.6 *  x[0]^0.5 *  x[1]^1.0

2019-05-03-03-25-58   >>>>   End verify ranking function

verifying time = 18.315 ms


Not Found Ranking Fcuntion

Conterexample is 

[0.875, 0.125]

sampling time = 1.071 ms


       ########################################         

iteration 18 with 150 examples

2019-05-03-03-25-58   >>>>   Start train ranking function

2019-05-03-03-25-58   >>>>   End train ranking function

train_ranking_functioning time = 1.126 ms


2019-05-03-03-25-58   >>>>   Start verify ranking function

[xr_0 = 7/8, xr_1 = 1/8]
ranking function : 0.1 *  x[0]^3.0 *  x[1]^-2.0 + 1.2 *  x[0]^1.0 *  x[1]^0.5 + 0.9 *  x[0]^-1.0 *  x[1]^-0.5 + 0.6 *  x[0]^0.5 *  x[1]^1.0

2019-05-03-03-25-58   >>>>   End verify ranking function

verifying time = 18.341 ms


Not Found Ranking Fcuntion

Conterexample is 

[0.875, 0.125]

sampling time = 1.108 ms


       ########################################         

iteration 19 with 152 examples

2019-05-03-03-25-58   >>>>   Start train ranking function

2019-05-03-03-25-58   >>>>   End train ranking function

train_ranking_functioning time = 1.115 ms


2019-05-03-03-25-58   >>>>   Start verify ranking function

[xr_0 = 7/8, xr_1 = 1/8]
ranking function : 0.1 *  x[0]^3.0 *  x[1]^-2.0 + 1.2 *  x[0]^1.0 *  x[1]^0.5 + 0.9 *  x[0]^-1.0 *  x[1]^-0.5 + 0.6 *  x[0]^0.5 *  x[1]^1.0

2019-05-03-03-25-58   >>>>   End verify ranking function

verifying time = 18.556 ms


Not Found Ranking Fcuntion

Conterexample is 

[0.875, 0.125]

sampling time = 1.071 ms


       ########################################         

iteration 20 with 154 examples

2019-05-03-03-25-58   >>>>   Start train ranking function

2019-05-03-03-25-58   >>>>   End train ranking function

train_ranking_functioning time = 1.126 ms


2019-05-03-03-25-58   >>>>   Start verify ranking function

[xr_0 = 7/8, xr_1 = 1/8]
ranking function : 0.1 *  x[0]^3.0 *  x[1]^-2.0 + 1.2 *  x[0]^1.0 *  x[1]^0.5 + 0.9 *  x[0]^-1.0 *  x[1]^-0.5 + 0.6 *  x[0]^0.5 *  x[1]^1.0

2019-05-03-03-25-58   >>>>   End verify ranking function

verifying time = 18.456 ms


Not Found Ranking Fcuntion

Conterexample is 

[0.875, 0.125]

sampling time = 1.077 ms


       ########################################         

iteration 21 with 156 examples

2019-05-03-03-25-58   >>>>   Start train ranking function

2019-05-03-03-25-58   >>>>   End train ranking function

train_ranking_functioning time = 1.094 ms


2019-05-03-03-25-58   >>>>   Start verify ranking function

[xr_0 = 7/8, xr_1 = 1/8]
ranking function : 0.1 *  x[0]^3.0 *  x[1]^-2.0 + 1.2 *  x[0]^1.0 *  x[1]^0.5 + 0.9 *  x[0]^-1.0 *  x[1]^-0.5 + 0.6 *  x[0]^0.5 *  x[1]^1.0

2019-05-03-03-25-58   >>>>   End verify ranking function

verifying time = 18.260 ms


Not Found Ranking Fcuntion

Conterexample is 

[0.875, 0.125]

sampling time = 1.075 ms


       ########################################         

iteration 22 with 158 examples

2019-05-03-03-25-58   >>>>   Start train ranking function

5
2019-05-03-03-25-58   >>>>   End train ranking function

train_ranking_functioning time = 1.135 ms


2019-05-03-03-25-58   >>>>   Start verify ranking function

[xr_0 = 7/8, xr_1 = 1/8]
ranking function : 0.1 *  x[0]^3.0 *  x[1]^-2.0 + 1.2 *  x[0]^1.0 *  x[1]^0.5 + 0.9 *  x[0]^-1.0 *  x[1]^-0.5 + 0.6 *  x[0]^0.5 *  x[1]^1.0

2019-05-03-03-25-58   >>>>   End verify ranking function

verifying time = 18.229 ms


Not Found Ranking Fcuntion

Conterexample is 

[0.875, 0.125]

sampling time = 1.081 ms


       ########################################         

iteration 23 with 160 examples

2019-05-03-03-25-58   >>>>   Start train ranking function

2019-05-03-03-25-58   >>>>   End train ranking function

train_ranking_functioning time = 1.072 ms


2019-05-03-03-25-58   >>>>   Start verify ranking function

[xr_0 = 1, xr_1 = 1/8]
ranking function : 1.0 *  x[0]^1.0 *  x[1]^0.5 + 1.0 *  x[0]^-1.0 *  x[1]^-0.5 + 1.0 *  x[0]^0.5 *  x[1]^1.0

2019-05-03-03-25-58   >>>>   End verify ranking function

verifying time = 16.595 ms


Not Found Ranking Fcuntion

Conterexample is 

[1, 0.125]

sampling time = 1.084 ms


       ########################################         

iteration 24 with 162 examples

2019-05-03-03-25-58   >>>>   Start train ranking function

2019-05-03-03-25-58   >>>>   End train ranking function

train_ranking_functioning time = 1.199 ms


2019-05-03-03-25-58   >>>>   Start verify ranking function

[xr_0 = 1, xr_1 = 1/8]
ranking function : 1.0 *  x[0]^1.0 *  x[1]^0.5 + 1.0 *  x[0]^-1.0 *  x[1]^-0.5 + 1.0 *  x[0]^0.5 *  x[1]^1.0

2019-05-03-03-25-58   >>>>   End verify ranking function

verifying time = 17.068 ms


Not Found Ranking Fcuntion

Conterexample is 

[1, 0.125]

sampling time = 1.083 ms


Failed to prove it is terminated

UNKNOWN
------Using Template 2 -----------
9 [3, 3, 3]
*****************************************************

2019-05-03-03-25-58   >>>>   End sampling point

sampling time = 121.156 ms,


       ########################################         

iteration 0 with 228 examples

2019-05-03-03-25-58   >>>>   Start train ranking function

2019-05-03-03-25-58   >>>>   End train ranking function

train_ranking_functioning time = 1.533 ms


2019-05-03-03-25-58   >>>>   Start verify ranking function

[xr_1 = 4945/6, xr_0 = 1]
ranking function : 0.9888 *  x[0]^1.0 + 0.4938 *  x[1]^1.0 + 0.3497 * 1; 0.577 *  x[0]^1.0 + 0.1314 *  x[1]^1.0 + 0.565 * 1; 0.3369 *  x[0]^1.0 + 0.0509 *  x[1]^1.0 + 0.8742 * 1

2019-05-03-03-25-58   >>>>   End verify ranking function

verifying time = 6.754 ms


Not Found Ranking Fcuntion

Conterexample is 

[1, 824.1666666666666]

sampling time = 2.025 ms


       ########################################         

iteration 1 with 232 examples

2019-05-03-03-25-58   >>>>   Start train ranking function

2019-05-03-03-25-58   >>>>   End train ranking function

train_ranking_functioning time = 2.842 ms


2019-05-03-03-25-58   >>>>   Start verify ranking function

[xr_1 = 1976, xr_0 = 1]
ranking function : 0.9885 *  x[0]^1.0 + 0.494 *  x[1]^1.0 + 0.3531 * 1; 0.5813 *  x[0]^1.0 + 0.1385 *  x[1]^1.0 + 0.5861 * 1; 0.2675 *  x[0]^1.0 + 0.0642 *  x[1]^1.0 + 0.9099 * 1

2019-05-03-03-25-58   >>>>   End verify ranking function

verifying time = 6.910 ms


Not Found Ranking Fcuntion

Conterexample is 

[1, 1976]

sampling time = 2.172 ms


       ########################################         

iteration 2 with 236 examples

2019-05-03-03-25-58   >>>>   Start train ranking function

2019-05-03-03-25-58   >>>>   End train ranking function

train_ranking_functioning time = 3.086 ms


2019-05-03-03-25-58   >>>>   Start verify ranking function

[xr_1 = 9878/3, xr_0 = 1]
ranking function : 0.9885 *  x[0]^1.0 + 0.4941 *  x[1]^1.0 + 0.3531 * 1; 0.5814 *  x[0]^1.0 + 0.1384 *  x[1]^1.0 + 0.5862 * 1; 0.2674 *  x[0]^1.0 + 0.0643 *  x[1]^1.0 + 0.91 * 1

2019-05-03-03-25-58   >>>>   End verify ranking function

verifying time = 7.575 ms


Not Found Ranking Fcuntion

Conterexample is 

[1, 3292.6666666666665]

sampling time = 2.218 ms


       ########################################         

iteration 3 with 240 examples

2019-05-03-03-25-58   >>>>   Start train ranking function

2019-05-03-03-25-58   >>>>   End train ranking function

train_ranking_functioning time = 3.189 ms


2019-05-03-03-25-58   >>>>   Start verify ranking function

[xr_1 = 4939, xr_0 = 1]
ranking function : 0.9886 *  x[0]^1.0 + 0.4942 *  x[1]^1.0 + 0.3531 * 1; 0.5813 *  x[0]^1.0 + 0.1385 *  x[1]^1.0 + 0.5862 * 1; 0.2673 *  x[0]^1.0 + 0.0644 *  x[1]^1.0 + 0.91 * 1

2019-05-03-03-25-58   >>>>   End verify ranking function

verifying time = 7.409 ms


Not Found Ranking Fcuntion

Conterexample is 

[1, 4939]

sampling time = 2.056 ms


       ########################################         

iteration 4 with 244 examples

2019-05-03-03-25-58   >>>>   Start train ranking function

2019-05-03-03-25-58   >>>>   End train ranking function

train_ranking_functioning time = 3.040 ms


2019-05-03-03-25-58   >>>>   Start verify ranking function

[xr_1 = 4939, xr_0 = 1]
ranking function : 0.9886 *  x[0]^1.0 + 0.4942 *  x[1]^1.0 + 0.3532 * 1; 0.5813 *  x[0]^1.0 + 0.1384 *  x[1]^1.0 + 0.5862 * 1; 0.2673 *  x[0]^1.0 + 0.0643 *  x[1]^1.0 + 0.91 * 1

2019-05-03-03-25-58   >>>>   End verify ranking function

verifying time = 6.707 ms


Not Found Ranking Fcuntion

Conterexample is 

[1, 4939]

sampling time = 2.282 ms


       ########################################         

iteration 5 with 248 examples

2019-05-03-03-25-59   >>>>   Start train ranking function

2019-05-03-03-25-59   >>>>   End train ranking function

train_ranking_functioning time = 3.372 ms


2019-05-03-03-25-59   >>>>   Start verify ranking function

[xr_1 = 4939, xr_0 = 1]
ranking function : 0.9886 *  x[0]^1.0 + 0.4942 *  x[1]^1.0 + 0.3532 * 1; 0.5814 *  x[0]^1.0 + 0.1384 *  x[1]^1.0 + 0.5863 * 1; 0.2672 *  x[0]^1.0 + 0.0643 *  x[1]^1.0 + 0.9101 * 1

2019-05-03-03-25-59   >>>>   End verify ranking function

verifying time = 7.757 ms


Not Found Ranking Fcuntion

Conterexample is 

[1, 4939]

sampling time = 2.040 ms


       ########################################         

iteration 6 with 252 examples

2019-05-03-03-25-59   >>>>   Start train ranking function

2019-05-03-03-25-59   >>>>   End train ranking function

train_ranking_functioning time = 3.260 ms


2019-05-03-03-25-59   >>>>   Start verify ranking function

[xr_1 = -29221/1898, xr_0 = 1]
ranking function : 0.9886 *  x[0]^1.0 + 0.4943 *  x[1]^1.0 + 0.3532 * 1; 0.5813 *  x[0]^1.0 + 0.1384 *  x[1]^1.0 + 0.5862 * 1; 0.2672 *  x[0]^1.0 + 0.0644 *  x[1]^1.0 + 0.9101 * 1

2019-05-03-03-25-59   >>>>   End verify ranking function

verifying time = 9.290 ms


Not Found Ranking Fcuntion

Conterexample is 

[1, -15.39567966280295]

sampling time = 2.032 ms


       ########################################         

iteration 7 with 256 examples

2019-05-03-03-25-59   >>>>   Start train ranking function

2019-05-03-03-25-59   >>>>   End train ranking function

train_ranking_functioning time = 4.134 ms


2019-05-03-03-25-59   >>>>   Start verify ranking function

[xr_1 = 9868, xr_0 = 1]
ranking function : 0.9877 *  x[0]^1.0 + 0.4938 *  x[1]^1.0 + 0.2725 * 1; 0.6657 *  x[0]^1.0 + 0.1164 *  x[1]^1.0 + 0.6973 * 1; 0.1284 *  x[0]^1.0 + 0.0059 *  x[1]^1.0 + 0.9142 * 1

2019-05-03-03-25-59   >>>>   End verify ranking function

verifying time = 6.770 ms


Not Found Ranking Fcuntion

Conterexample is 

[1, 9868]

sampling time = 2.030 ms


       ########################################         

iteration 8 with 260 examples

2019-05-03-03-25-59   >>>>   Start train ranking function

2019-05-03-03-25-59   >>>>   End train ranking function

train_ranking_functioning time = 4.758 ms


2019-05-03-03-25-59   >>>>   Start verify ranking function

[xr_1 = 4935, xr_0 = 1]
ranking function : 0.9878 *  x[0]^1.0 + 0.4938 *  x[1]^1.0 + 0.2725 * 1; 0.6658 *  x[0]^1.0 + 0.1164 *  x[1]^1.0 + 0.6974 * 1; 0.1283 *  x[0]^1.0 + 0.0059 *  x[1]^1.0 + 0.9142 * 1

2019-05-03-03-25-59   >>>>   End verify ranking function

verifying time = 6.690 ms


Not Found Ranking Fcuntion

Conterexample is 

[1, 4935]

sampling time = 2.023 ms


       ########################################         

iteration 9 with 264 examples

2019-05-03-03-25-59   >>>>   Start train ranking function

2019-05-03-03-25-59   >>>>   End train ranking function

train_ranking_functioning time = 4.740 ms


2019-05-03-03-25-59   >>>>   Start verify ranking function

[xr_1 = 9868, xr_0 = 1]
ranking function : 0.9877 *  x[0]^1.0 + 0.4938 *  x[1]^1.0 + 0.2725 * 1; 0.6658 *  x[0]^1.0 + 0.1164 *  x[1]^1.0 + 0.6974 * 1; 0.1283 *  x[0]^1.0 + 0.0059 *  x[1]^1.0 + 0.9142 * 1

2019-05-03-03-25-59   >>>>   End verify ranking function

verifying time = 6.741 ms


Not Found Ranking Fcuntion

Conterexample is 

[1, 9868]

sampling time = 2.108 ms


       ########################################         

iteration 10 with 268 examples

2019-05-03-03-25-59   >>>>   Start train ranking function

2019-05-03-03-25-59   >>>>   End train ranking function

train_ranking_functioning time = 5.240 ms


2019-05-03-03-25-59   >>>>   Start verify ranking function

[xr_1 = 9868, xr_0 = 1]
ranking function : 0.9877 *  x[0]^1.0 + 0.4938 *  x[1]^1.0 + 0.2725 * 1; 0.6657 *  x[0]^1.0 + 0.1165 *  x[1]^1.0 + 0.6973 * 1; 0.1284 *  x[0]^1.0 + 0.0059 *  x[1]^1.0 + 0.9142 * 1

2019-05-03-03-25-59   >>>>   End verify ranking function

verifying time = 6.721 ms


Not Found Ranking Fcuntion

Conterexample is 

[1, 9868]

sampling time = 2.035 ms


       ########################################         

iteration 11 with 272 examples

2019-05-03-03-25-59   >>>>   Start train ranking function

2019-05-03-03-25-59   >>>>   End train ranking function

train_ranking_functioning time = 5.560 ms


2019-05-03-03-25-59   >>>>   Start verify ranking function

[xr_1 = 9868, xr_0 = 1]
ranking function : 0.9877 *  x[0]^1.0 + 0.4938 *  x[1]^1.0 + 0.2725 * 1; 0.6657 *  x[0]^1.0 + 0.1165 *  x[1]^1.0 + 0.6974 * 1; 0.1284 *  x[0]^1.0 + 0.0059 *  x[1]^1.0 + 0.9142 * 1

2019-05-03-03-25-59   >>>>   End verify ranking function

verifying time = 6.692 ms


Not Found Ranking Fcuntion

Conterexample is 

[1, 9868]

sampling time = 2.032 ms


       ########################################         

iteration 12 with 276 examples

2019-05-03-03-25-59   >>>>   Start train ranking function

2019-05-03-03-25-59   >>>>   End train ranking function

train_ranking_functioning time = 5.643 ms


2019-05-03-03-25-59   >>>>   Start verify ranking function

[xr_1 = 9868, xr_0 = 1]
ranking function : 0.9877 *  x[0]^1.0 + 0.4938 *  x[1]^1.0 + 0.2725 * 1; 0.6658 *  x[0]^1.0 + 0.1164 *  x[1]^1.0 + 0.6974 * 1; 0.1283 *  x[0]^1.0 + 0.0059 *  x[1]^1.0 + 0.9142 * 1

2019-05-03-03-25-59   >>>>   End verify ranking function

verifying time = 6.704 ms


Not Found Ranking Fcuntion

Conterexample is 

[1, 9868]

sampling time = 2.023 ms


       ########################################         

iteration 13 with 280 examples

2019-05-03-03-25-59   >>>>   Start train ranking function

2019-05-03-03-25-59   >>>>   End train ranking function

train_ranking_functioning time = 5.794 ms


2019-05-03-03-25-59   >>>>   Start verify ranking function

[xr_1 = 9868, xr_0 = 1]
ranking function : 0.9877 *  x[0]^1.0 + 0.4938 *  x[1]^1.0 + 0.2725 * 1; 0.6658 *  x[0]^1.0 + 0.1165 *  x[1]^1.0 + 0.6974 * 1; 0.1283 *  x[0]^1.0 + 0.0059 *  x[1]^1.0 + 0.9142 * 1

2019-05-03-03-25-59   >>>>   End verify ranking function

verifying time = 7.451 ms


Not Found Ranking Fcuntion

Conterexample is 

[1, 9868]

sampling time = 2.370 ms


       ########################################         

iteration 14 with 284 examples

2019-05-03-03-25-59   >>>>   Start train ranking function

2019-05-03-03-25-59   >>>>   End train ranking function

train_ranking_functioning time = 6.459 ms


2019-05-03-03-25-59   >>>>   Start verify ranking function

[xr_1 = -9868, xr_0 = 1]
ranking function : 0.9877 *  x[0]^1.0 + 0.4939 *  x[1]^1.0 + 0.2725 * 1; 0.6658 *  x[0]^1.0 + 0.1164 *  x[1]^1.0 + 0.6974 * 1; 0.1283 *  x[0]^1.0 + 0.0059 *  x[1]^1.0 + 0.9142 * 1

2019-05-03-03-25-59   >>>>   End verify ranking function

verifying time = 7.355 ms


Not Found Ranking Fcuntion

Conterexample is 

[1, -9868]

sampling time = 2.057 ms


       ########################################         

iteration 15 with 288 examples

2019-05-03-03-25-59   >>>>   Start train ranking function

2019-05-03-03-25-59   >>>>   End train ranking function

train_ranking_functioning time = 6.047 ms


2019-05-03-03-25-59   >>>>   Start verify ranking function

[xr_1 = 24985/2, xr_0 = 1]
ranking function : 0.9874 *  x[0]^1.0 + 0.4937 *  x[1]^1.0 + 0.2555 * 1; 0.6807 *  x[0]^1.0 + 0.0935 *  x[1]^1.0 + 0.7251 * 1; 0.0937 *  x[0]^1.0 + 0.9248 * 1

2019-05-03-03-25-59   >>>>   End verify ranking function

verifying time = 11.814 ms


Not Found Ranking Fcuntion

Conterexample is 

[1, 12492.5]

sampling time = 2.062 ms


       ########################################         

iteration 16 with 292 examples

2019-05-03-03-25-59   >>>>   Start train ranking function

2019-05-03-03-25-59   >>>>   End train ranking function

train_ranking_functioning time = 6.635 ms


2019-05-03-03-25-59   >>>>   Start verify ranking function

ranking function : 0.9874 *  x[0]^1.0 + 0.4937 *  x[1]^1.0 + 0.2555 * 1; 0.6807 *  x[0]^1.0 + 0.0935 *  x[1]^1.0 + 0.7251 * 1; 0.0937 *  x[0]^1.0 + 0.0001 *  x[1]^1.0 + 0.9248 * 1

2019-05-03-03-25-59   >>>>   End verify ranking function

verifying time = 12.649 ms


Not Found Ranking Fcuntion

Conterexample is 

[1, -20185]

sampling time = 2.042 ms


       ########################################         

iteration 17 with 296 examples

2019-05-03-03-25-59   >>>>   Start train ranking function

2019-05-03-03-25-59   >>>>   End train ranking function

train_ranking_functioning time = 6.478 ms


2019-05-03-03-25-59   >>>>   Start verify ranking function

[xr_1 = -29225/3, xr_0 = 1]
ranking function : 0.9874 *  x[0]^1.0 + 0.4937 *  x[1]^1.0 + 0.2555 * 1; 0.6806 *  x[0]^1.0 + 0.0936 *  x[1]^1.0 + 0.7251 * 1; 0.0936 *  x[0]^1.0 + 0.9248 * 1

2019-05-03-03-25-59   >>>>   End verify ranking function

verifying time = 9.135 ms


Not Found Ranking Fcuntion

Conterexample is 

[1, -9741.666666666666]

sampling time = 2.156 ms


       ########################################         

iteration 18 with 300 examples

2019-05-03-03-25-59   >>>>   Start train ranking function

2019-05-03-03-25-59   >>>>   End train ranking function

train_ranking_functioning time = 6.352 ms


2019-05-03-03-25-59   >>>>   Start verify ranking function

[xr_1 = 24984, xr_0 = 1]
ranking function : 0.9874 *  x[0]^1.0 + 0.4937 *  x[1]^1.0 + 0.2555 * 1; 0.6807 *  x[0]^1.0 + 0.0935 *  x[1]^1.0 + 0.7251 * 1; 0.0936 *  x[0]^1.0 + 0.9248 * 1

2019-05-03-03-25-59   >>>>   End verify ranking function

verifying time = 11.688 ms


Not Found Ranking Fcuntion

Conterexample is 

[1, 24984]

sampling time = 2.080 ms


       ########################################         

iteration 19 with 304 examples

2019-05-03-03-25-59   >>>>   Start train ranking function

2019-05-03-03-25-59   >>>>   End train ranking function

train_ranking_functioning time = 6.955 ms


2019-05-03-03-25-59   >>>>   Start verify ranking function

[xr_1 = 24984, xr_0 = 1]
ranking function : 0.9874 *  x[0]^1.0 + 0.4937 *  x[1]^1.0 + 0.2555 * 1; 0.6807 *  x[0]^1.0 + 0.0935 *  x[1]^1.0 + 0.7251 * 1; 0.0936 *  x[0]^1.0 + 0.9248 * 1

2019-05-03-03-25-59   >>>>   End verify ranking function

verifying time = 11.979 ms


Not Found Ranking Fcuntion

Conterexample is 

[1, 24984]

sampling time = 2.153 ms


       ########################################         

iteration 20 with 308 examples

2019-05-03-03-25-59   >>>>   Start train ranking function

2019-05-03-03-25-59   >>>>   End train ranking function

train_ranking_functioning time = 6.816 ms


2019-05-03-03-25-59   >>>>   Start verify ranking function

[xr_1 = 24984, xr_0 = 1]
ranking function : 0.9874 *  x[0]^1.0 + 0.4937 *  x[1]^1.0 + 0.2555 * 1; 0.6807 *  x[0]^1.0 + 0.0935 *  x[1]^1.0 + 0.7251 * 1; 0.0936 *  x[0]^1.0 + 0.9248 * 1

2019-05-03-03-25-59   >>>>   End verify ranking function

verifying time = 11.803 ms


Not Found Ranking Fcuntion

Conterexample is 

[1, 24984]

sampling time = 2.068 ms


       ########################################         

iteration 21 with 312 examples

2019-05-03-03-25-59   >>>>   Start train ranking function

2019-05-03-03-25-59   >>>>   End train ranking function

train_ranking_functioning time = 7.093 ms


2019-05-03-03-25-59   >>>>   Start verify ranking function

[xr_1 = -14613, xr_0 = 1]
ranking function : 0.9874 *  x[0]^1.0 + 0.4937 *  x[1]^1.0 + 0.2555 * 1; 0.6807 *  x[0]^1.0 + 0.0936 *  x[1]^1.0 + 0.7251 * 1; 0.0936 *  x[0]^1.0 + 0.9248 * 1

2019-05-03-03-25-59   >>>>   End verify ranking function

verifying time = 9.215 ms


Not Found Ranking Fcuntion

Conterexample is 

[1, -14613]

sampling time = 2.076 ms


       ########################################         

iteration 22 with 316 examples

2019-05-03-03-25-59   >>>>   Start train ranking function

2019-05-03-03-25-59   >>>>   End train ranking function

train_ranking_functioning time = 7.407 ms


2019-05-03-03-25-59   >>>>   Start verify ranking function

[xr_1 = 24984, xr_0 = 1]
ranking function : 0.9874 *  x[0]^1.0 + 0.4937 *  x[1]^1.0 + 0.2555 * 1; 0.6807 *  x[0]^1.0 + 0.0935 *  x[1]^1.0 + 0.7251 * 1; 0.0936 *  x[0]^1.0 + 0.9248 * 1

2019-05-03-03-25-59   >>>>   End verify ranking function

verifying time = 11.628 ms


Not Found Ranking Fcuntion

Conterexample is 

[1, 24984]

sampling time = 2.032 ms


       ########################################         

iteration 23 with 320 examples

2019-05-03-03-25-59   >>>>   Start train ranking function

2019-05-03-03-25-59   >>>>   End train ranking function

train_ranking_functioning time = 7.072 ms


2019-05-03-03-25-59   >>>>   Start verify ranking function

[xr_1 = 24984, xr_0 = 1]
ranking function : 0.9874 *  x[0]^1.0 + 0.4937 *  x[1]^1.0 + 0.2555 * 1; 0.6807 *  x[0]^1.0 + 0.0935 *  x[1]^1.0 + 0.7251 * 1; 0.0936 *  x[0]^1.0 + 0.9248 * 1

2019-05-03-03-25-59   >>>>   End verify ranking function

verifying time = 11.680 ms


Not Found Ranking Fcuntion

Conterexample is 

[1, 24984]

sampling time = 2.025 ms


       ########################################         

iteration 24 with 324 examples

2019-05-03-03-25-59   >>>>   Start train ranking function

2019-05-03-03-25-59   >>>>   End train ranking function

train_ranking_functioning time = 8.026 ms


2019-05-03-03-25-59   >>>>   Start verify ranking function

[xr_1 = 24984, xr_0 = 1]
ranking function : 0.9874 *  x[0]^1.0 + 0.4937 *  x[1]^1.0 + 0.2555 * 1; 0.6807 *  x[0]^1.0 + 0.0935 *  x[1]^1.0 + 0.7251 * 1; 0.0936 *  x[0]^1.0 + 0.9248 * 1

2019-05-03-03-25-59   >>>>   End verify ranking function

verifying time = 11.745 ms


Not Found Ranking Fcuntion

Conterexample is 

[1, 24984]

sampling time = 2.073 ms


Failed to prove it is terminated

UNKNOWN
------Using Template 3 -----------
6 [3, 1, 2]
*****************************************************

2019-05-03-03-25-59   >>>>   End sampling point

sampling time = 97.555 ms,


       ########################################         

iteration 0 with 228 examples

2019-05-03-03-25-59   >>>>   Start train ranking function

2019-05-03-03-25-59   >>>>   End train ranking function

train_ranking_functioning time = 5.680 ms


2019-05-03-03-25-59   >>>>   Start verify ranking function

[xr_0 = 1/4, xr_1 = 1/8]
ranking function : 0.1072 *  x[0]^1.0 *  x[1]^-3.0 + 1.2451 *  x[0]^-0.5 + 0.088 *  x[0]^3.0 *  x[1]^-2.0; 0.0295 *  x[0]^-0.5 *  x[1]^3.0; 0.0106 *  x[0]^2.0 *  x[1]^0.5 + 0.0401 *  x[0]^3.0 *  x[1]^0.5

2019-05-03-03-25-59   >>>>   End verify ranking function

verifying time = 17.746 ms


Not Found Ranking Fcuntion

Conterexample is 

[0.25, 0.125]

sampling time = 1.655 ms


       ########################################         

iteration 1 with 232 examples

2019-05-03-03-25-59   >>>>   Start train ranking function

2019-05-03-03-25-59   >>>>   End train ranking function

train_ranking_functioning time = 6.283 ms


2019-05-03-03-25-59   >>>>   Start verify ranking function

[xr_0 = 1/4, xr_1 = 1/8]
ranking function : 0.007 *  x[0]^1.0 *  x[1]^-3.0 + 0.9882 *  x[0]^-0.5 + 0.0425 *  x[0]^3.0 *  x[1]^-2.0; 0.0099 *  x[0]^-0.5 *  x[1]^3.0;  - 0.0057 *  x[0]^2.0 *  x[1]^0.5 + 0.0254 *  x[0]^3.0 *  x[1]^0.5

2019-05-03-03-26-00   >>>>   End verify ranking function

verifying time = 500.015 ms


Not Found Ranking Fcuntion

Conterexample is 

[0.25, 0.125]

sampling time = 1.734 ms


       ########################################         

iteration 2 with 236 examples

2019-05-03-03-26-00   >>>>   Start train ranking function

2019-05-03-03-26-00   >>>>   End train ranking function

train_ranking_functioning time = 6.268 ms


2019-05-03-03-26-00   >>>>   Start verify ranking function

[xr_0 = 1, xr_1 = 0]
ranking function :  - 0.0025 *  x[0]^1.0 *  x[1]^-3.0 + 1.0535 *  x[0]^-0.5 + 0.039 *  x[0]^3.0 *  x[1]^-2.0; 0.0111 *  x[0]^-0.5 *  x[1]^3.0; 0.0116 *  x[0]^2.0 *  x[1]^0.5 + 0.0364 *  x[0]^3.0 *  x[1]^0.5

2019-05-03-03-26-00   >>>>   End verify ranking function

verifying time = 170.986 ms


Not Found Ranking Fcuntion

Conterexample is 

[1, 0]

sampling time = 1.613 ms


       ########################################         

iteration 3 with 240 examples

2019-05-03-03-26-00   >>>>   Start train ranking function

2019-05-03-03-26-00   >>>>   End train ranking function

train_ranking_functioning time = 6.488 ms


2019-05-03-03-26-00   >>>>   Start verify ranking function

[xr_0 = 1, xr_1 = 0]
ranking function :  - 0.0012 *  x[0]^1.0 *  x[1]^-3.0 + 1.0048 *  x[0]^-0.5 + 0.0395 *  x[0]^3.0 *  x[1]^-2.0; 0.0128 *  x[0]^-0.5 *  x[1]^3.0; 0.0057 *  x[0]^2.0 *  x[1]^0.5 + 0.0361 *  x[0]^3.0 *  x[1]^0.5

2019-05-03-03-26-01   >>>>   End verify ranking function

verifying time = 1071.282 ms


Not Found Ranking Fcuntion

Conterexample is 

[1, 0]

sampling time = 1.589 ms


       ########################################         

iteration 4 with 244 examples

2019-05-03-03-26-01   >>>>   Start train ranking function

2019-05-03-03-26-01   >>>>   End train ranking function

train_ranking_functioning time = 6.634 ms


2019-05-03-03-26-01   >>>>   Start verify ranking function

[xr_0 = 1, xr_1 = 0]
ranking function : 0.0002 *  x[0]^1.0 *  x[1]^-3.0 + 1.0487 *  x[0]^-0.5 + 0.037 *  x[0]^3.0 *  x[1]^-2.0; 0.0194 *  x[0]^-0.5 *  x[1]^3.0; 0.0122 *  x[0]^2.0 *  x[1]^0.5 + 0.0396 *  x[0]^3.0 *  x[1]^0.5

2019-05-03-03-26-01   >>>>   End verify ranking function

verifying time = 173.442 ms


Not Found Ranking Fcuntion

Conterexample is 

[1, 0]

sampling time = 1.703 ms


       ########################################         

iteration 5 with 248 examples

2019-05-03-03-26-01   >>>>   Start train ranking function

2019-05-03-03-26-01   >>>>   End train ranking function

train_ranking_functioning time = 6.645 ms


2019-05-03-03-26-01   >>>>   Start verify ranking function

[xr_0 = 1, xr_1 = 0]
ranking function : 0.0001 *  x[0]^1.0 *  x[1]^-3.0 + 1.0348 *  x[0]^-0.5 + 0.0387 *  x[0]^3.0 *  x[1]^-2.0; 0.0148 *  x[0]^-0.5 *  x[1]^3.0;  - 0.0041 *  x[0]^2.0 *  x[1]^0.5 + 0.041 *  x[0]^3.0 *  x[1]^0.5

2019-05-03-03-26-01   >>>>   End verify ranking function

verifying time = 16.651 ms


Not Found Ranking Fcuntion

Conterexample is 

[1, 0]

sampling time = 1.609 ms


       ########################################         

iteration 6 with 252 examples

2019-05-03-03-26-01   >>>>   Start train ranking function

2019-05-03-03-26-01   >>>>   End train ranking function

train_ranking_functioning time = 6.679 ms


2019-05-03-03-26-01   >>>>   Start verify ranking function

[xr_0 = 1, xr_1 = 0]
ranking function : 0.0011 *  x[0]^1.0 *  x[1]^-3.0 + 1.0103 *  x[0]^-0.5 + 0.0397 *  x[0]^3.0 *  x[1]^-2.0; 0.013 *  x[0]^-0.5 *  x[1]^3.0;  - 0.0028 *  x[0]^2.0 *  x[1]^0.5 + 0.0339 *  x[0]^3.0 *  x[1]^0.5

2019-05-03-03-26-02   >>>>   End verify ranking function

verifying time = 683.488 ms


Not Found Ranking Fcuntion

Conterexample is 

[1, 0]

sampling time = 1.638 ms


       ########################################         

iteration 7 with 256 examples

2019-05-03-03-26-02   >>>>   Start train ranking function

2019-05-03-03-26-02   >>>>   End train ranking function

train_ranking_functioning time = 6.819 ms


2019-05-03-03-26-02   >>>>   Start verify ranking function

[xr_0 = 1/4, xr_1 = 1/8]
ranking function : 0.0063 *  x[0]^1.0 *  x[1]^-3.0 + 0.9959 *  x[0]^-0.5 + 0.0442 *  x[0]^3.0 *  x[1]^-2.0; 0.0124 *  x[0]^-0.5 *  x[1]^3.0; 0.0057 *  x[0]^2.0 *  x[1]^0.5 + 0.0301 *  x[0]^3.0 *  x[1]^0.5

2019-05-03-03-26-02   >>>>   End verify ranking function

verifying time = 96.401 ms


Not Found Ranking Fcuntion

Conterexample is 

[0.25, 0.125]

sampling time = 1.648 ms


       ########################################         

iteration 8 with 260 examples

2019-05-03-03-26-02   >>>>   Start train ranking function

2019-05-03-03-26-02   >>>>   End train ranking function

train_ranking_functioning time = 7.072 ms


2019-05-03-03-26-02   >>>>   Start verify ranking function

[xr_0 = 1, xr_1 = 0]
ranking function : 0.0022 *  x[0]^1.0 *  x[1]^-3.0 + 1.0507 *  x[0]^-0.5 + 0.0444 *  x[0]^3.0 *  x[1]^-2.0; 0.0134 *  x[0]^-0.5 *  x[1]^3.0; 0.0129 *  x[0]^2.0 *  x[1]^0.5 + 0.035 *  x[0]^3.0 *  x[1]^0.5

2019-05-03-03-26-03   >>>>   End verify ranking function

verifying time = 862.148 ms


Not Found Ranking Fcuntion

Conterexample is 

[1, 0]

sampling time = 1.659 ms


       ########################################         

iteration 9 with 264 examples

2019-05-03-03-26-03   >>>>   Start train ranking function

2019-05-03-03-26-03   >>>>   End train ranking function

train_ranking_functioning time = 7.170 ms


2019-05-03-03-26-03   >>>>   Start verify ranking function

[xr_0 = 1, xr_1 = 0]
ranking function :  - 0.0003 *  x[0]^1.0 *  x[1]^-3.0 + 1.0517 *  x[0]^-0.5 + 0.0444 *  x[0]^3.0 *  x[1]^-2.0; 0.0134 *  x[0]^-0.5 *  x[1]^3.0; 0.0225 *  x[0]^2.0 *  x[1]^0.5 + 0.0327 *  x[0]^3.0 *  x[1]^0.5

2019-05-03-03-26-03   >>>>   End verify ranking function

verifying time = 16.649 ms


Not Found Ranking Fcuntion

Conterexample is 

[1, 0]

sampling time = 1.654 ms


       ########################################         

iteration 10 with 268 examples

2019-05-03-03-26-03   >>>>   Start train ranking function

2019-05-03-03-26-03   >>>>   End train ranking function

train_ranking_functioning time = 7.232 ms


2019-05-03-03-26-03   >>>>   Start verify ranking function

[xr_0 = 1, xr_1 = 0]
ranking function : 0.0011 *  x[0]^1.0 *  x[1]^-3.0 + 1.0525 *  x[0]^-0.5 + 0.045 *  x[0]^3.0 *  x[1]^-2.0; 0.0197 *  x[0]^-0.5 *  x[1]^3.0; 0.0153 *  x[0]^2.0 *  x[1]^0.5 + 0.0365 *  x[0]^3.0 *  x[1]^0.5

2019-05-03-03-26-03   >>>>   End verify ranking function

verifying time = 287.293 ms


Not Found Ranking Fcuntion

Conterexample is 

[1, 0]

sampling time = 1.592 ms


       ########################################         

iteration 11 with 272 examples

2019-05-03-03-26-03   >>>>   Start train ranking function

2019-05-03-03-26-03   >>>>   End train ranking function

train_ranking_functioning time = 7.437 ms


2019-05-03-03-26-03   >>>>   Start verify ranking function

[xr_0 = 1, xr_1 = 0]
ranking function : 0.0019 *  x[0]^1.0 *  x[1]^-3.0 + 1.0348 *  x[0]^-0.5 + 0.0449 *  x[0]^3.0 *  x[1]^-2.0; 0.0285 *  x[0]^-0.5 *  x[1]^3.0; 0.0094 *  x[0]^2.0 *  x[1]^0.5 + 0.0314 *  x[0]^3.0 *  x[1]^0.5

2019-05-03-03-26-04   >>>>   End verify ranking function

verifying time = 746.906 ms


Not Found Ranking Fcuntion

Conterexample is 

[1, 0]

sampling time = 1.853 ms


       ########################################         

iteration 12 with 276 examples

2019-05-03-03-26-04   >>>>   Start train ranking function

2019-05-03-03-26-04   >>>>   End train ranking function

train_ranking_functioning time = 8.043 ms


2019-05-03-03-26-04   >>>>   Start verify ranking function

[xr_0 = 1, xr_1 = 0]
ranking function : 0.0021 *  x[0]^1.0 *  x[1]^-3.0 + 1.0558 *  x[0]^-0.5 + 0.0454 *  x[0]^3.0 *  x[1]^-2.0; 0.0115 *  x[0]^-0.5 *  x[1]^3.0; 0.0089 *  x[0]^2.0 *  x[1]^0.5 + 0.0391 *  x[0]^3.0 *  x[1]^0.5

2019-05-03-03-26-05   >>>>   End verify ranking function

verifying time = 1328.607 ms


Not Found Ranking Fcuntion

Conterexample is 

[1, 0]

sampling time = 1.646 ms


       ########################################         

iteration 13 with 280 examples

2019-05-03-03-26-05   >>>>   Start train ranking function

2019-05-03-03-26-05   >>>>   End train ranking function

train_ranking_functioning time = 7.717 ms


2019-05-03-03-26-05   >>>>   Start verify ranking function

[xr_0 = 1, xr_1 = 0]
ranking function : 0.0023 *  x[0]^1.0 *  x[1]^-3.0 + 1.0121 *  x[0]^-0.5 + 0.0451 *  x[0]^3.0 *  x[1]^-2.0; 0.019 *  x[0]^-0.5 *  x[1]^3.0; 0.0159 *  x[0]^2.0 *  x[1]^0.5 + 0.0388 *  x[0]^3.0 *  x[1]^0.5

2019-05-03-03-26-06   >>>>   End verify ranking function

verifying time = 1113.018 ms


Not Found Ranking Fcuntion

Conterexample is 

[1, 0]

sampling time = 1.631 ms


       ########################################         

iteration 14 with 284 examples

2019-05-03-03-26-06   >>>>   Start train ranking function

2019-05-03-03-26-06   >>>>   End train ranking function

train_ranking_functioning time = 7.752 ms


2019-05-03-03-26-06   >>>>   Start verify ranking function

[xr_0 = 1, xr_1 = 0]
ranking function : 0.0005 *  x[0]^1.0 *  x[1]^-3.0 + 1.0483 *  x[0]^-0.5 + 0.0451 *  x[0]^3.0 *  x[1]^-2.0; 0.0157 *  x[0]^-0.5 *  x[1]^3.0; 0.007 *  x[0]^2.0 *  x[1]^0.5 + 0.0331 *  x[0]^3.0 *  x[1]^0.5

2019-05-03-03-26-06   >>>>   End verify ranking function

verifying time = 157.460 ms


Not Found Ranking Fcuntion

Conterexample is 

[1, 0]

sampling time = 1.608 ms


       ########################################         

iteration 15 with 288 examples

2019-05-03-03-26-06   >>>>   Start train ranking function

2019-05-03-03-26-06   >>>>   End train ranking function

train_ranking_functioning time = 7.951 ms


2019-05-03-03-26-06   >>>>   Start verify ranking function

[xr_0 = 1, xr_1 = 0]
ranking function : 0.0009 *  x[0]^1.0 *  x[1]^-3.0 + 1.0503 *  x[0]^-0.5 + 0.045 *  x[0]^3.0 *  x[1]^-2.0; 0.0197 *  x[0]^-0.5 *  x[1]^3.0; 0.0125 *  x[0]^2.0 *  x[1]^0.5 + 0.0315 *  x[0]^3.0 *  x[1]^0.5

2019-05-03-03-26-07   >>>>   End verify ranking function

verifying time = 377.540 ms


Not Found Ranking Fcuntion

Conterexample is 

[1, 0]

sampling time = 1.619 ms


       ########################################         

iteration 16 with 292 examples

2019-05-03-03-26-07   >>>>   Start train ranking function

2019-05-03-03-26-07   >>>>   End train ranking function

train_ranking_functioning time = 8.218 ms


2019-05-03-03-26-07   >>>>   Start verify ranking function

[xr_0 = 1, xr_1 = 0]
ranking function :  - 0.001 *  x[0]^1.0 *  x[1]^-3.0 + 1.0544 *  x[0]^-0.5 + 0.0452 *  x[0]^3.0 *  x[1]^-2.0; 0.0117 *  x[0]^-0.5 *  x[1]^3.0; 0.011 *  x[0]^2.0 *  x[1]^0.5 + 0.0388 *  x[0]^3.0 *  x[1]^0.5

2019-05-03-03-26-08   >>>>   End verify ranking function

verifying time = 983.263 ms


Not Found Ranking Fcuntion

Conterexample is 

[1, 0]

sampling time = 1.597 ms


       ########################################         

iteration 17 with 296 examples

2019-05-03-03-26-08   >>>>   Start train ranking function

2019-05-03-03-26-08   >>>>   End train ranking function

train_ranking_functioning time = 8.196 ms


2019-05-03-03-26-08   >>>>   Start verify ranking function

[xr_0 = 1, xr_1 = 0]
ranking function :  - 0.0014 *  x[0]^1.0 *  x[1]^-3.0 + 0.9994 *  x[0]^-0.5 + 0.0386 *  x[0]^3.0 *  x[1]^-2.0; 0.0101 *  x[0]^-0.5 *  x[1]^3.0;  - 0.0028 *  x[0]^2.0 *  x[1]^0.5 + 0.0234 *  x[0]^3.0 *  x[1]^0.5

2019-05-03-03-26-08   >>>>   End verify ranking function

verifying time = 154.813 ms


Not Found Ranking Fcuntion

Conterexample is 

[1, 0]

sampling time = 1.603 ms


       ########################################         

iteration 18 with 300 examples

2019-05-03-03-26-08   >>>>   Start train ranking function

2019-05-03-03-26-08   >>>>   End train ranking function

train_ranking_functioning time = 8.321 ms


2019-05-03-03-26-08   >>>>   Start verify ranking function

[xr_0 = 1, xr_1 = 0]
ranking function :  - 0.0015 *  x[0]^1.0 *  x[1]^-3.0 + 1.0192 *  x[0]^-0.5 + 0.0388 *  x[0]^3.0 *  x[1]^-2.0; 0.0214 *  x[0]^-0.5 *  x[1]^3.0;  - 0.015 *  x[0]^2.0 *  x[1]^0.5 + 0.0117 *  x[0]^3.0 *  x[1]^0.5

2019-05-03-03-26-09   >>>>   End verify ranking function

verifying time = 1013.703 ms


Not Found Ranking Fcuntion

Conterexample is 

[1, 0]

sampling time = 1.592 ms


       ########################################         

iteration 19 with 304 examples

2019-05-03-03-26-09   >>>>   Start train ranking function

2019-05-03-03-26-09   >>>>   End train ranking function

train_ranking_functioning time = 8.376 ms


2019-05-03-03-26-09   >>>>   Start verify ranking function

[xr_0 = 1, xr_1 = 0]
ranking function :  - 0.0015 *  x[0]^1.0 *  x[1]^-3.0 + 1.0571 *  x[0]^-0.5 + 0.0391 *  x[0]^3.0 *  x[1]^-2.0; 0.0114 *  x[0]^-0.5 *  x[1]^3.0; 0.0083 *  x[0]^2.0 *  x[1]^0.5 + 0.0365 *  x[0]^3.0 *  x[1]^0.5

2019-05-03-03-26-09   >>>>   End verify ranking function

verifying time = 159.687 ms


Not Found Ranking Fcuntion

Conterexample is 

[1, 0]

sampling time = 1.594 ms


       ########################################         

iteration 20 with 308 examples

2019-05-03-03-26-09   >>>>   Start train ranking function

2019-05-03-03-26-09   >>>>   End train ranking function

train_ranking_functioning time = 8.601 ms


2019-05-03-03-26-09   >>>>   Start verify ranking function

[xr_0 = 1, xr_1 = 0]
ranking function :  - 0.0016 *  x[0]^1.0 *  x[1]^-3.0 + 1.0516 *  x[0]^-0.5 + 0.0408 *  x[0]^3.0 *  x[1]^-2.0; 0.0178 *  x[0]^-0.5 *  x[1]^3.0; 0.0093 *  x[0]^2.0 *  x[1]^0.5 + 0.0356 *  x[0]^3.0 *  x[1]^0.5

2019-05-03-03-26-10   >>>>   End verify ranking function

verifying time = 1284.938 ms


Not Found Ranking Fcuntion

Conterexample is 

[1, 0]

sampling time = 1.626 ms


       ########################################         

iteration 21 with 312 examples

2019-05-03-03-26-10   >>>>   Start train ranking function

2019-05-03-03-26-10   >>>>   End train ranking function

train_ranking_functioning time = 8.693 ms


2019-05-03-03-26-10   >>>>   Start verify ranking function

[xr_0 = 1, xr_1 = 0]
ranking function : 0.0011 *  x[0]^1.0 *  x[1]^-3.0 + 1.0265 *  x[0]^-0.5 + 0.0449 *  x[0]^3.0 *  x[1]^-2.0; 0.0083 *  x[0]^-0.5 *  x[1]^3.0; 0.0171 *  x[0]^2.0 *  x[1]^0.5 + 0.0238 *  x[0]^3.0 *  x[1]^0.5

2019-05-03-03-26-10   >>>>   End verify ranking function

verifying time = 17.290 ms


Not Found Ranking Fcuntion

Conterexample is 

[1, 0]

sampling time = 1.598 ms


       ########################################         

iteration 22 with 316 examples

2019-05-03-03-26-10   >>>>   Start train ranking function

2019-05-03-03-26-10   >>>>   End train ranking function

train_ranking_functioning time = 8.656 ms


2019-05-03-03-26-10   >>>>   Start verify ranking function

[xr_0 = 1, xr_1 = 0]
ranking function :  - 0.0016 *  x[0]^1.0 *  x[1]^-3.0 + 1.0484 *  x[0]^-0.5 + 0.0392 *  x[0]^3.0 *  x[1]^-2.0; 0.0217 *  x[0]^-0.5 *  x[1]^3.0; 0.0196 *  x[0]^2.0 *  x[1]^0.5 + 0.0308 *  x[0]^3.0 *  x[1]^0.5

2019-05-03-03-26-11   >>>>   End verify ranking function

verifying time = 154.854 ms


Not Found Ranking Fcuntion

Conterexample is 

[1, 0]

sampling time = 1.650 ms


       ########################################         

iteration 23 with 320 examples

2019-05-03-03-26-11   >>>>   Start train ranking function

2019-05-03-03-26-11   >>>>   End train ranking function

train_ranking_functioning time = 8.740 ms


2019-05-03-03-26-11   >>>>   Start verify ranking function

[xr_0 = 1, xr_1 = 0]
ranking function :  - 0.0014 *  x[0]^1.0 *  x[1]^-3.0 + 0.9962 *  x[0]^-0.5 + 0.0384 *  x[0]^3.0 *  x[1]^-2.0; 0.01 *  x[0]^-0.5 *  x[1]^3.0;  - 0.011 *  x[0]^2.0 *  x[1]^0.5 + 0.0237 *  x[0]^3.0 *  x[1]^0.5

2019-05-03-03-26-12   >>>>   End verify ranking function

verifying time = 1327.953 ms


Not Found Ranking Fcuntion

Conterexample is 

[1, 0]

sampling time = 1.806 ms


       ########################################         

iteration 24 with 324 examples

2019-05-03-03-26-12   >>>>   Start train ranking function

2019-05-03-03-26-12   >>>>   End train ranking function

train_ranking_functioning time = 9.739 ms


2019-05-03-03-26-12   >>>>   Start verify ranking function

[xr_0 = 1, xr_1 = 0]
ranking function :  - 0.0021 *  x[0]^1.0 *  x[1]^-3.0 + 1.0007 *  x[0]^-0.5 + 0.0388 *  x[0]^3.0 *  x[1]^-2.0; 0.0138 *  x[0]^-0.5 *  x[1]^3.0;  - 0.0035 *  x[0]^2.0 *  x[1]^0.5 + 0.0294 *  x[0]^3.0 *  x[1]^0.5

2019-05-03-03-26-13   >>>>   End verify ranking function

verifying time = 1025.534 ms


Not Found Ranking Fcuntion

Conterexample is 

[1, 0]

sampling time = 1.670 ms


Failed to prove it is terminated

UNKNOWN
------Using Template 4 -----------
15 [3, 3, 3, 3, 3]
*****************************************************

2019-05-03-03-26-13   >>>>   End sampling point

sampling time = 197.667 ms,


       ########################################         

iteration 0 with 342 examples

2019-05-03-03-26-13   >>>>   Start train ranking function

2019-05-03-03-26-13   >>>>   End train ranking function

train_ranking_functioning time = 1.454 ms


2019-05-03-03-26-13   >>>>   Start verify ranking function

[xr_1 = 9890/9, xr_0 = 1]
ranking function : 0.9891 *  x[0]^1.0 + 0.4941 *  x[1]^1.0 + 0.4299 * 1; 0.4641 *  x[0]^1.0 + 0.0634 *  x[1]^1.0 + 0.4863 * 1; 0.4016 *  x[0]^1.0 + 0.1414 *  x[1]^1.0 + 0.3981 * 1; 0.507 *  x[0]^1.0 + 0.2059 *  x[1]^1.0 + 0.5327 * 1; 0.3652 *  x[0]^1.0 + 0.0391 *  x[1]^1.0 + 0.8528 * 1

2019-05-03-03-26-13   >>>>   End verify ranking function

verifying time = 6.727 ms


Not Found Ranking Fcuntion

Conterexample is 

[1, 1098.888888888889]

sampling time = 3.361 ms


       ########################################         

iteration 1 with 348 examples

2019-05-03-03-26-13   >>>>   Start train ranking function

2019-05-03-03-26-13   >>>>   End train ranking function

train_ranking_functioning time = 3.126 ms


2019-05-03-03-26-13   >>>>   Start verify ranking function

[xr_1 = 9886/5, xr_0 = 1]
ranking function : 0.9891 *  x[0]^1.0 + 0.4943 *  x[1]^1.0 + 0.4296 * 1; 0.4668 *  x[0]^1.0 + 0.0659 *  x[1]^1.0 + 0.4958 * 1; 0.3803 *  x[0]^1.0 + 0.1571 *  x[1]^1.0 + 0.3951 * 1; 0.5184 *  x[0]^1.0 + 0.2063 *  x[1]^1.0 + 0.5533 * 1; 0.3085 *  x[0]^1.0 + 0.0509 *  x[1]^1.0 + 0.883 * 1

2019-05-03-03-26-13   >>>>   End verify ranking function

verifying time = 6.748 ms


Not Found Ranking Fcuntion

Conterexample is 

[1, 1977.2]

sampling time = 3.366 ms


       ########################################         

iteration 2 with 354 examples

2019-05-03-03-26-13   >>>>   Start train ranking function

2019-05-03-03-26-13   >>>>   End train ranking function

train_ranking_functioning time = 3.347 ms


2019-05-03-03-26-13   >>>>   Start verify ranking function

[xr_1 = 9884/3, xr_0 = 1]
ranking function : 0.9891 *  x[0]^1.0 + 0.4944 *  x[1]^1.0 + 0.4295 * 1; 0.4668 *  x[0]^1.0 + 0.0658 *  x[1]^1.0 + 0.4958 * 1; 0.3803 *  x[0]^1.0 + 0.1571 *  x[1]^1.0 + 0.3951 * 1; 0.5184 *  x[0]^1.0 + 0.2063 *  x[1]^1.0 + 0.5533 * 1; 0.3085 *  x[0]^1.0 + 0.051 *  x[1]^1.0 + 0.883 * 1

2019-05-03-03-26-13   >>>>   End verify ranking function

verifying time = 6.812 ms


Not Found Ranking Fcuntion

Conterexample is 

[1, 3294.6666666666665]

sampling time = 3.345 ms


       ########################################         

iteration 3 with 360 examples

2019-05-03-03-26-13   >>>>   Start train ranking function

2019-05-03-03-26-13   >>>>   End train ranking function

train_ranking_functioning time = 3.438 ms


2019-05-03-03-26-13   >>>>   Start verify ranking function

[xr_1 = 9882, xr_0 = 1]
ranking function : 0.9891 *  x[0]^1.0 + 0.4945 *  x[1]^1.0 + 0.4296 * 1; 0.4668 *  x[0]^1.0 + 0.0658 *  x[1]^1.0 + 0.4958 * 1; 0.3803 *  x[0]^1.0 + 0.1571 *  x[1]^1.0 + 0.3951 * 1; 0.5184 *  x[0]^1.0 + 0.2063 *  x[1]^1.0 + 0.5533 * 1; 0.3084 *  x[0]^1.0 + 0.051 *  x[1]^1.0 + 0.883 * 1

2019-05-03-03-26-13   >>>>   End verify ranking function

verifying time = 6.729 ms


Not Found Ranking Fcuntion

Conterexample is 

[1, 9882]

sampling time = 3.369 ms


       ########################################         

iteration 4 with 366 examples

2019-05-03-03-26-13   >>>>   Start train ranking function

2019-05-03-03-26-13   >>>>   End train ranking function

train_ranking_functioning time = 3.508 ms


2019-05-03-03-26-13   >>>>   Start verify ranking function

[xr_1 = 9882, xr_0 = 1]
ranking function : 0.9891 *  x[0]^1.0 + 0.4945 *  x[1]^1.0 + 0.4296 * 1; 0.4668 *  x[0]^1.0 + 0.0658 *  x[1]^1.0 + 0.4958 * 1; 0.3802 *  x[0]^1.0 + 0.1572 *  x[1]^1.0 + 0.3951 * 1; 0.5184 *  x[0]^1.0 + 0.2063 *  x[1]^1.0 + 0.5533 * 1; 0.3084 *  x[0]^1.0 + 0.051 *  x[1]^1.0 + 0.8831 * 1

2019-05-03-03-26-13   >>>>   End verify ranking function

verifying time = 6.904 ms


Not Found Ranking Fcuntion

Conterexample is 

[1, 9882]

sampling time = 3.344 ms


       ########################################         

iteration 5 with 372 examples

2019-05-03-03-26-13   >>>>   Start train ranking function

2019-05-03-03-26-13   >>>>   End train ranking function

train_ranking_functioning time = 5.096 ms


2019-05-03-03-26-13   >>>>   Start verify ranking function

[xr_1 = 9882, xr_0 = 1]
ranking function : 0.9891 *  x[0]^1.0 + 0.4945 *  x[1]^1.0 + 0.4296 * 1; 0.4668 *  x[0]^1.0 + 0.0658 *  x[1]^1.0 + 0.4958 * 1; 0.3803 *  x[0]^1.0 + 0.1572 *  x[1]^1.0 + 0.3951 * 1; 0.5184 *  x[0]^1.0 + 0.2063 *  x[1]^1.0 + 0.5533 * 1; 0.3084 *  x[0]^1.0 + 0.051 *  x[1]^1.0 + 0.8831 * 1

2019-05-03-03-26-13   >>>>   End verify ranking function

verifying time = 6.765 ms


Not Found Ranking Fcuntion

Conterexample is 

[1, 9882]

sampling time = 3.363 ms


       ########################################         

iteration 6 with 378 examples

2019-05-03-03-26-13   >>>>   Start train ranking function

2019-05-03-03-26-13   >>>>   End train ranking function

train_ranking_functioning time = 5.351 ms


2019-05-03-03-26-13   >>>>   Start verify ranking function

[xr_1 = 9882, xr_0 = 1]
ranking function : 0.9891 *  x[0]^1.0 + 0.4945 *  x[1]^1.0 + 0.4296 * 1; 0.4668 *  x[0]^1.0 + 0.0658 *  x[1]^1.0 + 0.4958 * 1; 0.3802 *  x[0]^1.0 + 0.1572 *  x[1]^1.0 + 0.3951 * 1; 0.5184 *  x[0]^1.0 + 0.2063 *  x[1]^1.0 + 0.5534 * 1; 0.3084 *  x[0]^1.0 + 0.0509 *  x[1]^1.0 + 0.8831 * 1

2019-05-03-03-26-13   >>>>   End verify ranking function

verifying time = 6.730 ms


Not Found Ranking Fcuntion

Conterexample is 

[1, 9882]

sampling time = 3.341 ms


       ########################################         

iteration 7 with 384 examples

2019-05-03-03-26-13   >>>>   Start train ranking function

2019-05-03-03-26-13   >>>>   End train ranking function

train_ranking_functioning time = 5.479 ms


2019-05-03-03-26-13   >>>>   Start verify ranking function

[xr_1 = 9882, xr_0 = 1]
ranking function : 0.9891 *  x[0]^1.0 + 0.4945 *  x[1]^1.0 + 0.4295 * 1; 0.4668 *  x[0]^1.0 + 0.0658 *  x[1]^1.0 + 0.4958 * 1; 0.3802 *  x[0]^1.0 + 0.1572 *  x[1]^1.0 + 0.3951 * 1; 0.5184 *  x[0]^1.0 + 0.2063 *  x[1]^1.0 + 0.5534 * 1; 0.3083 *  x[0]^1.0 + 0.051 *  x[1]^1.0 + 0.8831 * 1

2019-05-03-03-26-13   >>>>   End verify ranking function

verifying time = 7.064 ms


Not Found Ranking Fcuntion

Conterexample is 

[1, 9882]

sampling time = 3.429 ms


       ########################################         

iteration 8 with 390 examples

2019-05-03-03-26-13   >>>>   Start train ranking function

2019-05-03-03-26-13   >>>>   End train ranking function

train_ranking_functioning time = 5.882 ms


2019-05-03-03-26-13   >>>>   Start verify ranking function

[xr_1 = 9882, xr_0 = 1]
ranking function : 0.9891 *  x[0]^1.0 + 0.4945 *  x[1]^1.0 + 0.4295 * 1; 0.4668 *  x[0]^1.0 + 0.0658 *  x[1]^1.0 + 0.4958 * 1; 0.3802 *  x[0]^1.0 + 0.1572 *  x[1]^1.0 + 0.3951 * 1; 0.5184 *  x[0]^1.0 + 0.2063 *  x[1]^1.0 + 0.5534 * 1; 0.3083 *  x[0]^1.0 + 0.051 *  x[1]^1.0 + 0.8831 * 1

2019-05-03-03-26-13   >>>>   End verify ranking function

verifying time = 6.951 ms


Not Found Ranking Fcuntion

Conterexample is 

[1, 9882]

sampling time = 3.714 ms


       ########################################         

iteration 9 with 396 examples

2019-05-03-03-26-13   >>>>   Start train ranking function

2019-05-03-03-26-13   >>>>   End train ranking function

train_ranking_functioning time = 6.074 ms


2019-05-03-03-26-13   >>>>   Start verify ranking function

[xr_1 = 9882, xr_0 = 1]
ranking function : 0.9891 *  x[0]^1.0 + 0.4945 *  x[1]^1.0 + 0.4295 * 1; 0.4668 *  x[0]^1.0 + 0.0658 *  x[1]^1.0 + 0.4958 * 1; 0.3802 *  x[0]^1.0 + 0.1572 *  x[1]^1.0 + 0.3951 * 1; 0.5184 *  x[0]^1.0 + 0.2063 *  x[1]^1.0 + 0.5534 * 1; 0.3083 *  x[0]^1.0 + 0.051 *  x[1]^1.0 + 0.8831 * 1

2019-05-03-03-26-13   >>>>   End verify ranking function

verifying time = 7.534 ms


Not Found Ranking Fcuntion

Conterexample is 

[1, 9882]

sampling time = 3.407 ms


       ########################################         

iteration 10 with 402 examples

2019-05-03-03-26-13   >>>>   Start train ranking function

2019-05-03-03-26-13   >>>>   End train ranking function

train_ranking_functioning time = 6.715 ms


2019-05-03-03-26-13   >>>>   Start verify ranking function

[xr_1 = 9882, xr_0 = 1]
ranking function : 0.9891 *  x[0]^1.0 + 0.4945 *  x[1]^1.0 + 0.4295 * 1; 0.4668 *  x[0]^1.0 + 0.0658 *  x[1]^1.0 + 0.4958 * 1; 0.3802 *  x[0]^1.0 + 0.1572 *  x[1]^1.0 + 0.3951 * 1; 0.5184 *  x[0]^1.0 + 0.2063 *  x[1]^1.0 + 0.5534 * 1; 0.3083 *  x[0]^1.0 + 0.051 *  x[1]^1.0 + 0.8831 * 1

2019-05-03-03-26-13   >>>>   End verify ranking function

verifying time = 6.903 ms


Not Found Ranking Fcuntion

Conterexample is 

[1, 9882]

sampling time = 3.363 ms


       ########################################         

iteration 11 with 408 examples

2019-05-03-03-26-13   >>>>   Start train ranking function

2019-05-03-03-26-13   >>>>   End train ranking function

train_ranking_functioning time = 5.587 ms


2019-05-03-03-26-13   >>>>   Start verify ranking function

[xr_1 = 9882, xr_0 = 1]
ranking function : 0.9891 *  x[0]^1.0 + 0.4945 *  x[1]^1.0 + 0.4295 * 1; 0.4668 *  x[0]^1.0 + 0.0658 *  x[1]^1.0 + 0.4958 * 1; 0.3802 *  x[0]^1.0 + 0.1572 *  x[1]^1.0 + 0.3951 * 1; 0.5185 *  x[0]^1.0 + 0.2063 *  x[1]^1.0 + 0.5534 * 1; 0.3083 *  x[0]^1.0 + 0.051 *  x[1]^1.0 + 0.8831 * 1

2019-05-03-03-26-13   >>>>   End verify ranking function

verifying time = 6.746 ms


Not Found Ranking Fcuntion

Conterexample is 

[1, 9882]

sampling time = 3.370 ms


       ########################################         

iteration 12 with 414 examples

2019-05-03-03-26-13   >>>>   Start train ranking function

2019-05-03-03-26-13   >>>>   End train ranking function

train_ranking_functioning time = 6.272 ms


2019-05-03-03-26-13   >>>>   Start verify ranking function

[xr_1 = 9882, xr_0 = 1]
ranking function : 0.9891 *  x[0]^1.0 + 0.4945 *  x[1]^1.0 + 0.4295 * 1; 0.4668 *  x[0]^1.0 + 0.0658 *  x[1]^1.0 + 0.4958 * 1; 0.3802 *  x[0]^1.0 + 0.1572 *  x[1]^1.0 + 0.3951 * 1; 0.5184 *  x[0]^1.0 + 0.2063 *  x[1]^1.0 + 0.5534 * 1; 0.3083 *  x[0]^1.0 + 0.051 *  x[1]^1.0 + 0.8831 * 1

2019-05-03-03-26-13   >>>>   End verify ranking function

verifying time = 6.748 ms


Not Found Ranking Fcuntion

Conterexample is 

[1, 9882]

sampling time = 3.359 ms


       ########################################         

iteration 13 with 420 examples

2019-05-03-03-26-13   >>>>   Start train ranking function

2019-05-03-03-26-13   >>>>   End train ranking function

train_ranking_functioning time = 7.050 ms


2019-05-03-03-26-13   >>>>   Start verify ranking function

[xr_1 = 9882, xr_0 = 1]
ranking function : 0.9891 *  x[0]^1.0 + 0.4945 *  x[1]^1.0 + 0.4295 * 1; 0.4668 *  x[0]^1.0 + 0.0658 *  x[1]^1.0 + 0.4958 * 1; 0.3802 *  x[0]^1.0 + 0.1572 *  x[1]^1.0 + 0.3951 * 1; 0.5184 *  x[0]^1.0 + 0.2063 *  x[1]^1.0 + 0.5534 * 1; 0.3083 *  x[0]^1.0 + 0.0509 *  x[1]^1.0 + 0.8831 * 1

2019-05-03-03-26-13   >>>>   End verify ranking function

verifying time = 6.719 ms


Not Found Ranking Fcuntion

Conterexample is 

[1, 9882]

sampling time = 3.747 ms


       ########################################         

iteration 14 with 426 examples

2019-05-03-03-26-14   >>>>   Start train ranking function

2019-05-03-03-26-14   >>>>   End train ranking function

train_ranking_functioning time = 6.998 ms


2019-05-03-03-26-14   >>>>   Start verify ranking function

[xr_1 = 9882, xr_0 = 1]
ranking function : 0.9891 *  x[0]^1.0 + 0.4945 *  x[1]^1.0 + 0.4295 * 1; 0.4668 *  x[0]^1.0 + 0.0658 *  x[1]^1.0 + 0.4958 * 1; 0.3802 *  x[0]^1.0 + 0.1572 *  x[1]^1.0 + 0.3951 * 1; 0.5184 *  x[0]^1.0 + 0.2063 *  x[1]^1.0 + 0.5534 * 1; 0.3083 *  x[0]^1.0 + 0.051 *  x[1]^1.0 + 0.8831 * 1

2019-05-03-03-26-14   >>>>   End verify ranking function

verifying time = 7.357 ms


Not Found Ranking Fcuntion

Conterexample is 

[1, 9882]

sampling time = 3.421 ms


       ########################################         

iteration 15 with 432 examples

2019-05-03-03-26-14   >>>>   Start train ranking function

2019-05-03-03-26-14   >>>>   End train ranking function

train_ranking_functioning time = 6.836 ms


2019-05-03-03-26-14   >>>>   Start verify ranking function

[xr_1 = 9882, xr_0 = 1]
ranking function : 0.9891 *  x[0]^1.0 + 0.4945 *  x[1]^1.0 + 0.4295 * 1; 0.4668 *  x[0]^1.0 + 0.0658 *  x[1]^1.0 + 0.4958 * 1; 0.3802 *  x[0]^1.0 + 0.1572 *  x[1]^1.0 + 0.3951 * 1; 0.5185 *  x[0]^1.0 + 0.2063 *  x[1]^1.0 + 0.5534 * 1; 0.3083 *  x[0]^1.0 + 0.051 *  x[1]^1.0 + 0.8831 * 1

2019-05-03-03-26-14   >>>>   End verify ranking function

verifying time = 6.822 ms


Not Found Ranking Fcuntion

Conterexample is 

[1, 9882]

sampling time = 3.349 ms


       ########################################         

iteration 16 with 438 examples

2019-05-03-03-26-14   >>>>   Start train ranking function

2019-05-03-03-26-14   >>>>   End train ranking function

train_ranking_functioning time = 7.175 ms


2019-05-03-03-26-14   >>>>   Start verify ranking function

[xr_1 = 9882, xr_0 = 1]
ranking function : 0.9891 *  x[0]^1.0 + 0.4945 *  x[1]^1.0 + 0.4295 * 1; 0.4668 *  x[0]^1.0 + 0.0658 *  x[1]^1.0 + 0.4958 * 1; 0.3802 *  x[0]^1.0 + 0.1572 *  x[1]^1.0 + 0.3951 * 1; 0.5185 *  x[0]^1.0 + 0.2063 *  x[1]^1.0 + 0.5534 * 1; 0.3083 *  x[0]^1.0 + 0.051 *  x[1]^1.0 + 0.8831 * 1

2019-05-03-03-26-14   >>>>   End verify ranking function

verifying time = 6.821 ms


Not Found Ranking Fcuntion

Conterexample is 

[1, 9882]

sampling time = 3.401 ms


       ########################################         

iteration 17 with 444 examples

2019-05-03-03-26-14   >>>>   Start train ranking function

2019-05-03-03-26-14   >>>>   End train ranking function

train_ranking_functioning time = 8.067 ms


2019-05-03-03-26-14   >>>>   Start verify ranking function

[xr_1 = 9882, xr_0 = 1]
ranking function : 0.9891 *  x[0]^1.0 + 0.4945 *  x[1]^1.0 + 0.4295 * 1; 0.4668 *  x[0]^1.0 + 0.0658 *  x[1]^1.0 + 0.4958 * 1; 0.3802 *  x[0]^1.0 + 0.1572 *  x[1]^1.0 + 0.3951 * 1; 0.5185 *  x[0]^1.0 + 0.2063 *  x[1]^1.0 + 0.5534 * 1; 0.3083 *  x[0]^1.0 + 0.051 *  x[1]^1.0 + 0.8831 * 1

2019-05-03-03-26-14   >>>>   End verify ranking function

verifying time = 6.826 ms


Not Found Ranking Fcuntion

Conterexample is 

[1, 9882]

sampling time = 3.376 ms


       ########################################         

iteration 18 with 450 examples

2019-05-03-03-26-14   >>>>   Start train ranking function

2019-05-03-03-26-14   >>>>   End train ranking function

train_ranking_functioning time = 7.442 ms


2019-05-03-03-26-14   >>>>   Start verify ranking function

[xr_1 = 9882, xr_0 = 1]
ranking function : 0.9891 *  x[0]^1.0 + 0.4945 *  x[1]^1.0 + 0.4295 * 1; 0.4668 *  x[0]^1.0 + 0.0658 *  x[1]^1.0 + 0.4958 * 1; 0.3802 *  x[0]^1.0 + 0.1572 *  x[1]^1.0 + 0.3951 * 1; 0.5184 *  x[0]^1.0 + 0.2063 *  x[1]^1.0 + 0.5534 * 1; 0.3083 *  x[0]^1.0 + 0.051 *  x[1]^1.0 + 0.8831 * 1

2019-05-03-03-26-14   >>>>   End verify ranking function

verifying time = 6.738 ms


Not Found Ranking Fcuntion

Conterexample is 

[1, 9882]

sampling time = 3.365 ms


       ########################################         

iteration 19 with 456 examples

2019-05-03-03-26-14   >>>>   Start train ranking function

2019-05-03-03-26-14   >>>>   End train ranking function

train_ranking_functioning time = 7.652 ms


2019-05-03-03-26-14   >>>>   Start verify ranking function

[xr_1 = 9882, xr_0 = 1]
ranking function : 0.9891 *  x[0]^1.0 + 0.4945 *  x[1]^1.0 + 0.4295 * 1; 0.4668 *  x[0]^1.0 + 0.0658 *  x[1]^1.0 + 0.4958 * 1; 0.3802 *  x[0]^1.0 + 0.1572 *  x[1]^1.0 + 0.3951 * 1; 0.5184 *  x[0]^1.0 + 0.2063 *  x[1]^1.0 + 0.5534 * 1; 0.3083 *  x[0]^1.0 + 0.051 *  x[1]^1.0 + 0.8831 * 1

2019-05-03-03-26-14   >>>>   End verify ranking function

verifying time = 6.968 ms


Not Found Ranking Fcuntion

Conterexample is 

[1, 9882]

sampling time = 3.866 ms


       ########################################         

iteration 20 with 462 examples

2019-05-03-03-26-14   >>>>   Start train ranking function

2019-05-03-03-26-14   >>>>   End train ranking function

train_ranking_functioning time = 8.184 ms


2019-05-03-03-26-14   >>>>   Start verify ranking function

[xr_1 = 9882, xr_0 = 1]
ranking function : 0.9891 *  x[0]^1.0 + 0.4945 *  x[1]^1.0 + 0.4295 * 1; 0.4668 *  x[0]^1.0 + 0.0658 *  x[1]^1.0 + 0.4958 * 1; 0.3802 *  x[0]^1.0 + 0.1572 *  x[1]^1.0 + 0.3951 * 1; 0.5184 *  x[0]^1.0 + 0.2063 *  x[1]^1.0 + 0.5534 * 1; 0.3083 *  x[0]^1.0 + 0.0509 *  x[1]^1.0 + 0.8831 * 1

2019-05-03-03-26-14   >>>>   End verify ranking function

verifying time = 7.551 ms


Not Found Ranking Fcuntion

Conterexample is 

[1, 9882]

sampling time = 3.589 ms


       ########################################         

iteration 21 with 468 examples

2019-05-03-03-26-14   >>>>   Start train ranking function

2019-05-03-03-26-14   >>>>   End train ranking function

train_ranking_functioning time = 8.457 ms


2019-05-03-03-26-14   >>>>   Start verify ranking function

[xr_1 = 9882, xr_0 = 1]
ranking function : 0.9891 *  x[0]^1.0 + 0.4945 *  x[1]^1.0 + 0.4295 * 1; 0.4668 *  x[0]^1.0 + 0.0658 *  x[1]^1.0 + 0.4958 * 1; 0.3802 *  x[0]^1.0 + 0.1572 *  x[1]^1.0 + 0.3951 * 1; 0.5185 *  x[0]^1.0 + 0.2063 *  x[1]^1.0 + 0.5534 * 1; 0.3083 *  x[0]^1.0 + 0.051 *  x[1]^1.0 + 0.8831 * 1

2019-05-03-03-26-14   >>>>   End verify ranking function

verifying time = 7.163 ms


Not Found Ranking Fcuntion

Conterexample is 

[1, 9882]

sampling time = 3.371 ms


       ########################################         

iteration 22 with 474 examples

2019-05-03-03-26-14   >>>>   Start train ranking function

2019-05-03-03-26-14   >>>>   End train ranking function

train_ranking_functioning time = 7.735 ms


2019-05-03-03-26-14   >>>>   Start verify ranking function

[xr_1 = 9882, xr_0 = 1]
ranking function : 0.9891 *  x[0]^1.0 + 0.4945 *  x[1]^1.0 + 0.4295 * 1; 0.4668 *  x[0]^1.0 + 0.0658 *  x[1]^1.0 + 0.4958 * 1; 0.3802 *  x[0]^1.0 + 0.1572 *  x[1]^1.0 + 0.3951 * 1; 0.5184 *  x[0]^1.0 + 0.2063 *  x[1]^1.0 + 0.5534 * 1; 0.3083 *  x[0]^1.0 + 0.051 *  x[1]^1.0 + 0.8831 * 1

2019-05-03-03-26-14   >>>>   End verify ranking function

verifying time = 6.818 ms


Not Found Ranking Fcuntion

Conterexample is 

[1, 9882]

sampling time = 3.379 ms


       ########################################         

iteration 23 with 480 examples

2019-05-03-03-26-14   >>>>   Start train ranking function

2019-05-03-03-26-14   >>>>   End train ranking function

train_ranking_functioning time = 7.920 ms


2019-05-03-03-26-14   >>>>   Start verify ranking function

[xr_1 = 9882, xr_0 = 1]
ranking function : 0.9891 *  x[0]^1.0 + 0.4945 *  x[1]^1.0 + 0.4295 * 1; 0.4668 *  x[0]^1.0 + 0.0658 *  x[1]^1.0 + 0.4958 * 1; 0.3802 *  x[0]^1.0 + 0.1572 *  x[1]^1.0 + 0.3951 * 1; 0.5184 *  x[0]^1.0 + 0.2063 *  x[1]^1.0 + 0.5534 * 1; 0.3083 *  x[0]^1.0 + 0.051 *  x[1]^1.0 + 0.8831 * 1

2019-05-03-03-26-14   >>>>   End verify ranking function

verifying time = 6.751 ms


Not Found Ranking Fcuntion

Conterexample is 

[1, 9882]

sampling time = 3.357 ms


       ########################################         

iteration 24 with 486 examples

2019-05-03-03-26-14   >>>>   Start train ranking function

2019-05-03-03-26-14   >>>>   End train ranking function

train_ranking_functioning time = 7.825 ms


2019-05-03-03-26-14   >>>>   Start verify ranking function

[xr_1 = 9882, xr_0 = 1]
ranking function : 0.9891 *  x[0]^1.0 + 0.4945 *  x[1]^1.0 + 0.4295 * 1; 0.4668 *  x[0]^1.0 + 0.0658 *  x[1]^1.0 + 0.4958 * 1; 0.3802 *  x[0]^1.0 + 0.1572 *  x[1]^1.0 + 0.3951 * 1; 0.5184 *  x[0]^1.0 + 0.2063 *  x[1]^1.0 + 0.5534 * 1; 0.3083 *  x[0]^1.0 + 0.051 *  x[1]^1.0 + 0.8831 * 1

2019-05-03-03-26-14   >>>>   End verify ranking function

verifying time = 6.790 ms


Not Found Ranking Fcuntion

Conterexample is 

[1, 9882]

sampling time = 3.377 ms


Failed to prove it is terminated

UNKNOWN
------Using Template 5 -----------
13 [4, 2, 2, 4, 1]
*****************************************************

2019-05-03-03-26-14   >>>>   End sampling point

sampling time = 199.069 ms,


       ########################################         

iteration 0 with 342 examples

2019-05-03-03-26-14   >>>>   Start train ranking function

2019-05-03-03-26-14   >>>>   End train ranking function

train_ranking_functioning time = 8.638 ms


2019-05-03-03-26-14   >>>>   Start verify ranking function

[xr_0 = 1/2, xr_1 = 1/8]
ranking function : 0.1391 *  x[0]^-1.0 *  x[1]^-1.0 + 0.3238 *  x[0]^1.0 *  x[1]^0.5 + 1.0525 *  x[1]^2.0 + 0.1212 *  x[0]^-3.0 *  x[1]^2.0;  - 0.0043 *  x[0]^1.0 *  x[1]^3.0 - 0.0165 *  x[1]^-3.0; 0.0286 *  x[0]^-0.5 *  x[1]^-1.0 + 0.0286 *  x[0]^0.5 *  x[1]^-1.0; 0.3703 *  x[0]^2.0 - 0.0235 *  x[0]^-2.0 *  x[1]^3.0 - 0.0449 *  x[0]^2.0 *  x[1]^2.0 + 0.0687 *  x[0]^-0.5 *  x[1]^1.0; 0.3381 *  x[0]^-3.0 *  x[1]^2.0

2019-05-03-03-26-14   >>>>   End verify ranking function

verifying time = 18.902 ms


Not Found Ranking Fcuntion

Conterexample is 

[0.5, 0.125]

sampling time = 3.435 ms


       ########################################         

iteration 1 with 348 examples

2019-05-03-03-26-14   >>>>   Start train ranking function

2019-05-03-03-26-14   >>>>   End train ranking function

train_ranking_functioning time = 9.389 ms


2019-05-03-03-26-14   >>>>   Start verify ranking function

[xr_0 = 1/2, xr_1 = 1/8]
ranking function : 0.095 *  x[0]^-1.0 *  x[1]^-1.0 + 0.3306 *  x[0]^1.0 *  x[1]^0.5 + 0.9986 *  x[1]^2.0 + 0.1369 *  x[0]^-3.0 *  x[1]^2.0; 0.0065 *  x[0]^1.0 *  x[1]^3.0 - 0.0007 *  x[1]^-3.0; 0.0183 *  x[0]^-0.5 *  x[1]^-1.0 + 0.0183 *  x[0]^0.5 *  x[1]^-1.0; 0.3789 *  x[0]^2.0 - 0.0085 *  x[0]^-2.0 *  x[1]^3.0 - 0.0431 *  x[0]^2.0 *  x[1]^2.0 + 0.0983 *  x[0]^-0.5 *  x[1]^1.0; 0.3534 *  x[0]^-3.0 *  x[1]^2.0

2019-05-03-03-26-14   >>>>   End verify ranking function

verifying time = 225.763 ms


Not Found Ranking Fcuntion

Conterexample is 

[0.5, 0.125]

sampling time = 3.427 ms


       ########################################         

iteration 2 with 354 examples

2019-05-03-03-26-14   >>>>   Start train ranking function

2019-05-03-03-26-14   >>>>   End train ranking function

train_ranking_functioning time = 9.415 ms


2019-05-03-03-26-14   >>>>   Start verify ranking function

[xr_0 = 1/2, xr_1 = 1/8]
ranking function : 0.0681 *  x[0]^-1.0 *  x[1]^-1.0 + 0.3403 *  x[0]^1.0 *  x[1]^0.5 + 0.9591 *  x[1]^2.0 + 0.1486 *  x[0]^-3.0 *  x[1]^2.0; 0.0158 *  x[0]^1.0 *  x[1]^3.0 - 0.0046 *  x[1]^-3.0; 0.0346 *  x[0]^-0.5 *  x[1]^-1.0 + 0.0346 *  x[0]^0.5 *  x[1]^-1.0; 0.3868 *  x[0]^2.0 - 0.0229 *  x[0]^-2.0 *  x[1]^3.0 - 0.0796 *  x[0]^2.0 *  x[1]^2.0 + 0.0907 *  x[0]^-0.5 *  x[1]^1.0; 0.3598 *  x[0]^-3.0 *  x[1]^2.0

2019-05-03-03-26-14   >>>>   End verify ranking function

verifying time = 18.847 ms


Not Found Ranking Fcuntion

Conterexample is 

[0.5, 0.125]

sampling time = 3.508 ms


       ########################################         

iteration 3 with 360 examples

2019-05-03-03-26-14   >>>>   Start train ranking function

2019-05-03-03-26-14   >>>>   End train ranking function

train_ranking_functioning time = 10.111 ms


2019-05-03-03-26-14   >>>>   Start verify ranking function

[xr_0 = 7/8, xr_1 = 1/8]
ranking function : 0.046 *  x[0]^-1.0 *  x[1]^-1.0 + 0.3463 *  x[0]^1.0 *  x[1]^0.5 + 0.9267 *  x[1]^2.0 + 0.156 *  x[0]^-3.0 *  x[1]^2.0; 0.0044 *  x[0]^1.0 *  x[1]^3.0 - 0.0058 *  x[1]^-3.0; 0.0326 *  x[0]^-0.5 *  x[1]^-1.0 + 0.0326 *  x[0]^0.5 *  x[1]^-1.0; 0.3916 *  x[0]^2.0 - 0.0368 *  x[0]^-2.0 *  x[1]^3.0 - 0.0822 *  x[0]^2.0 *  x[1]^2.0 + 0.0909 *  x[0]^-0.5 *  x[1]^1.0; 0.3617 *  x[0]^-3.0 *  x[1]^2.0
