------Using Template 0 -----------
4 [4]
*****************************************************

2019-05-03-03-31-00   >>>>   End sampling point

sampling time = 118.452 ms,


       ########################################         

iteration 0 with 220 examples

2019-05-03-03-31-00   >>>>   Start train ranking function

2019-05-03-03-31-00   >>>>   End train ranking function

train_ranking_functioning time = 1.347 ms


2019-05-03-03-31-00   >>>>   Start verify ranking function

[xr_1 = 9935/28, xr_2 = 0, xr_0 = 0]
ranking function : 0.988 *  x[0]^1.0 + 0.4912 *  x[1]^1.0 - 0.4892 *  x[2]^1.0 + 1.4798 * 1

2019-05-03-03-31-00   >>>>   End verify ranking function

verifying time = 8.106 ms


Not Found Ranking Fcuntion

Conterexample is 

[0, 354.82142857142856, 0]

sampling time = 1.088 ms


       ########################################         

iteration 1 with 222 examples

2019-05-03-03-31-00   >>>>   Start train ranking function

2019-05-03-03-31-00   >>>>   End train ranking function

train_ranking_functioning time = 4.566 ms


2019-05-03-03-31-00   >>>>   Start verify ranking function

[xr_1 = 0, xr_2 = -19861/85, xr_0 = 0]
ranking function : 0.9871 *  x[0]^1.0 + 0.493 *  x[1]^1.0 - 0.4893 *  x[2]^1.0 + 1.4816 * 1

2019-05-03-03-31-00   >>>>   End verify ranking function

verifying time = 7.978 ms


Not Found Ranking Fcuntion

Conterexample is 

[0, 0, -233.65882352941176]

sampling time = 1.090 ms


       ########################################         

iteration 2 with 224 examples

2019-05-03-03-31-00   >>>>   Start train ranking function

2019-05-03-03-31-00   >>>>   End train ranking function

train_ranking_functioning time = 4.922 ms


2019-05-03-03-31-00   >>>>   Start verify ranking function

[xr_1 = 0, xr_2 = -19865/21, xr_0 = 0]
ranking function : 0.9875 *  x[0]^1.0 + 0.4932 *  x[1]^1.0 - 0.4927 *  x[2]^1.0 + 1.4852 * 1

2019-05-03-03-31-00   >>>>   End verify ranking function

verifying time = 8.006 ms


Not Found Ranking Fcuntion

Conterexample is 

[0, 0, -945.952380952381]

sampling time = 1.023 ms


       ########################################         

iteration 3 with 226 examples

2019-05-03-03-31-00   >>>>   Start train ranking function

2019-05-03-03-31-00   >>>>   End train ranking function

train_ranking_functioning time = 4.650 ms


2019-05-03-03-31-00   >>>>   Start verify ranking function

[xr_1 = 0, xr_2 = -9933/2, xr_0 = 0]
ranking function : 0.9876 *  x[0]^1.0 + 0.4932 *  x[1]^1.0 - 0.4936 *  x[2]^1.0 + 1.486 * 1

2019-05-03-03-31-00   >>>>   End verify ranking function

verifying time = 7.525 ms


Not Found Ranking Fcuntion

Conterexample is 

[0, 0, -4966.5]

sampling time = 1.020 ms


       ########################################         

iteration 4 with 228 examples

2019-05-03-03-31-00   >>>>   Start train ranking function

2019-05-03-03-31-00   >>>>   End train ranking function

train_ranking_functioning time = 4.800 ms


2019-05-03-03-31-00   >>>>   Start verify ranking function

[xr_1 = 4967/3, xr_2 = 0, xr_0 = 0]
ranking function : 0.9878 *  x[0]^1.0 + 0.4933 *  x[1]^1.0 - 0.4938 *  x[2]^1.0 + 1.4863 * 1

2019-05-03-03-31-00   >>>>   End verify ranking function

verifying time = 7.554 ms


Not Found Ranking Fcuntion

Conterexample is 

[0, 1655.6666666666667, 0]

sampling time = 1.025 ms


       ########################################         

iteration 5 with 230 examples

2019-05-03-03-31-00   >>>>   Start train ranking function

2019-05-03-03-31-00   >>>>   End train ranking function

train_ranking_functioning time = 4.898 ms


2019-05-03-03-31-00   >>>>   Start verify ranking function

[xr_1 = 6623, xr_2 = 0, xr_0 = 0]
ranking function : 0.9879 *  x[0]^1.0 + 0.4938 *  x[1]^1.0 - 0.4939 *  x[2]^1.0 + 1.4867 * 1

2019-05-03-03-31-00   >>>>   End verify ranking function

verifying time = 7.505 ms


Not Found Ranking Fcuntion

Conterexample is 

[0, 6623, 0]

sampling time = 1.022 ms


       ########################################         

iteration 6 with 232 examples

2019-05-03-03-31-00   >>>>   Start train ranking function

2019-05-03-03-31-00   >>>>   End train ranking function

train_ranking_functioning time = 5.021 ms


2019-05-03-03-31-00   >>>>   Start verify ranking function

[xr_1 = 19869, xr_2 = 0, xr_0 = 0]
ranking function : 0.9879 *  x[0]^1.0 + 0.4939 *  x[1]^1.0 - 0.4938 *  x[2]^1.0 + 1.4868 * 1

2019-05-03-03-31-00   >>>>   End verify ranking function

verifying time = 7.614 ms


Not Found Ranking Fcuntion

Conterexample is 

[0, 19869, 0]

sampling time = 1.108 ms


       ########################################         

iteration 7 with 234 examples

2019-05-03-03-31-00   >>>>   Start train ranking function

2019-05-03-03-31-00   >>>>   End train ranking function

train_ranking_functioning time = 5.000 ms


2019-05-03-03-31-00   >>>>   Start verify ranking function

[xr_2 = -4935, xr_0 = 0]
ranking function : 0.9878 *  x[0]^1.0 + 0.4939 *  x[1]^1.0 - 0.4938 *  x[2]^1.0 + 1.4868 * 1

2019-05-03-03-31-00   >>>>   End verify ranking function

verifying time = 7.533 ms


Not Found Ranking Fcuntion

Conterexample is 

[0, 0, -4935]

sampling time = 1.153 ms


       ########################################         

iteration 8 with 236 examples

2019-05-03-03-31-00   >>>>   Start train ranking function

2019-05-03-03-31-00   >>>>   End train ranking function

train_ranking_functioning time = 4.989 ms


2019-05-03-03-31-00   >>>>   Start verify ranking function

[xr_1 = 0, xr_2 = -19869, xr_0 = 0]
ranking function : 0.9879 *  x[0]^1.0 + 0.4939 *  x[1]^1.0 - 0.4939 *  x[2]^1.0 + 1.4868 * 1

2019-05-03-03-31-00   >>>>   End verify ranking function

verifying time = 8.213 ms


Not Found Ranking Fcuntion

Conterexample is 

[0, 0, -19869]

sampling time = 1.031 ms


       ########################################         

iteration 9 with 238 examples

2019-05-03-03-31-00   >>>>   Start train ranking function

2019-05-03-03-31-00   >>>>   End train ranking function

train_ranking_functioning time = 5.036 ms


2019-05-03-03-31-00   >>>>   Start verify ranking function

ranking function : 0.9878 *  x[0]^1.0 + 0.4939 *  x[1]^1.0 - 0.4939 *  x[2]^1.0 + 1.4868 * 1

2019-05-03-03-31-00   >>>>   End verify ranking function

verifying time = 8.603 ms


Not Found Ranking Fcuntion

Conterexample is 

[0, -5.035027333468314, 0]

sampling time = 1.043 ms


       ########################################         

iteration 10 with 240 examples

2019-05-03-03-31-00   >>>>   Start train ranking function

2019-05-03-03-31-00   >>>>   End train ranking function

train_ranking_functioning time = 4.920 ms


2019-05-03-03-31-00   >>>>   Start verify ranking function

[xr_1 = 4832, xr_0 = 0]
ranking function : 0.9672 *  x[0]^1.0 + 0.4835 *  x[1]^1.0 - 0.4836 *  x[2]^1.0 + 2.2896 * 1

2019-05-03-03-31-00   >>>>   End verify ranking function

verifying time = 7.468 ms


Not Found Ranking Fcuntion

Conterexample is 

[0, 4832, 0]

sampling time = 1.023 ms


       ########################################         

iteration 11 with 242 examples

2019-05-03-03-31-00   >>>>   Start train ranking function

2019-05-03-03-31-00   >>>>   End train ranking function

train_ranking_functioning time = 5.113 ms


2019-05-03-03-31-00   >>>>   Start verify ranking function

ranking function : 0.9672 *  x[0]^1.0 + 0.4836 *  x[1]^1.0 - 0.4836 *  x[2]^1.0 + 2.2899 * 1

2019-05-03-03-31-00   >>>>   End verify ranking function

verifying time = 8.567 ms


Not Found Ranking Fcuntion

Conterexample is 

[0, -6.802936311000827, 0]

sampling time = 1.029 ms


       ########################################         

iteration 12 with 244 examples

2019-05-03-03-31-00   >>>>   Start train ranking function

2019-05-03-03-31-00   >>>>   End train ranking function

train_ranking_functioning time = 5.001 ms


2019-05-03-03-31-00   >>>>   Start verify ranking function

[xr_1 = 4740, xr_0 = 0]
ranking function : 0.9488 *  x[0]^1.0 + 0.4743 *  x[1]^1.0 - 0.4744 *  x[2]^1.0 + 3.0458 * 1

2019-05-03-03-31-00   >>>>   End verify ranking function

verifying time = 7.394 ms


Not Found Ranking Fcuntion

Conterexample is 

[0, 4740, 0]

sampling time = 1.024 ms


       ########################################         

iteration 13 with 246 examples

2019-05-03-03-31-00   >>>>   Start train ranking function

2019-05-03-03-31-00   >>>>   End train ranking function

train_ranking_functioning time = 5.683 ms


2019-05-03-03-31-00   >>>>   Start verify ranking function

ranking function : 0.9492 *  x[0]^1.0 + 0.4746 *  x[1]^1.0 - 0.4746 *  x[2]^1.0 + 3.0472 * 1

2019-05-03-03-31-00   >>>>   End verify ranking function

verifying time = 9.602 ms


Not Found Ranking Fcuntion

Conterexample is 

[0, -8.527602191319005, 0]

sampling time = 1.088 ms


       ########################################         

iteration 14 with 248 examples

2019-05-03-03-31-00   >>>>   Start train ranking function

2019-05-03-03-31-00   >>>>   End train ranking function

train_ranking_functioning time = 5.424 ms


2019-05-03-03-31-00   >>>>   Start verify ranking function

[xr_1 = 19255, xr_2 = 0, xr_0 = 0]
ranking function : 0.9265 *  x[0]^1.0 + 0.4632 *  x[1]^1.0 - 0.4633 *  x[2]^1.0 + 3.6404 * 1

2019-05-03-03-31-00   >>>>   End verify ranking function

verifying time = 8.061 ms


Not Found Ranking Fcuntion

Conterexample is 

[0, 19255, 0]

sampling time = 1.017 ms


       ########################################         

iteration 15 with 250 examples

2019-05-03-03-31-00   >>>>   Start train ranking function

2019-05-03-03-31-00   >>>>   End train ranking function

train_ranking_functioning time = 5.206 ms


2019-05-03-03-31-00   >>>>   Start verify ranking function

[xr_1 = 19255, xr_2 = 0, xr_0 = 0]
ranking function : 0.9265 *  x[0]^1.0 + 0.4632 *  x[1]^1.0 - 0.4633 *  x[2]^1.0 + 3.6404 * 1

2019-05-03-03-31-00   >>>>   End verify ranking function

verifying time = 8.042 ms


Not Found Ranking Fcuntion

Conterexample is 

[0, 19255, 0]

sampling time = 1.028 ms


       ########################################         

iteration 16 with 252 examples

2019-05-03-03-31-00   >>>>   Start train ranking function

2019-05-03-03-31-00   >>>>   End train ranking function

train_ranking_functioning time = 5.218 ms


2019-05-03-03-31-00   >>>>   Start verify ranking function

[xr_1 = -19261, xr_2 = 0, xr_0 = 0]
ranking function : 0.9271 *  x[0]^1.0 + 0.4636 *  x[1]^1.0 - 0.4636 *  x[2]^1.0 + 3.6425 * 1

2019-05-03-03-31-00   >>>>   End verify ranking function

verifying time = 7.621 ms


Not Found Ranking Fcuntion

Conterexample is 

[0, -19261, 0]

sampling time = 1.021 ms


       ########################################         

iteration 17 with 254 examples

2019-05-03-03-31-00   >>>>   Start train ranking function

2019-05-03-03-31-00   >>>>   End train ranking function

train_ranking_functioning time = 5.297 ms


2019-05-03-03-31-00   >>>>   Start verify ranking function

[xr_1 = 0, xr_2 = -13435/139, xr_0 = 0]
ranking function : 0.3445 *  x[0]^1.0 + 0.1726 *  x[1]^1.0 - 0.1653 *  x[2]^1.0 + 1.7731 * 1

2019-05-03-03-31-00   >>>>   End verify ranking function

verifying time = 7.573 ms


Not Found Ranking Fcuntion

Conterexample is 

[0, 0, -96.65467625899281]

sampling time = 1.063 ms


       ########################################         

iteration 18 with 256 examples

2019-05-03-03-31-00   >>>>   Start train ranking function

2019-05-03-03-31-00   >>>>   End train ranking function

train_ranking_functioning time = 5.274 ms


2019-05-03-03-31-00   >>>>   Start verify ranking function

[xr_1 = 0, xr_2 = -13603/103, xr_0 = 0]
ranking function : 0.3613 *  x[0]^1.0 + 0.1515 *  x[1]^1.0 - 0.1755 *  x[2]^1.0 + 1.7753 * 1

2019-05-03-03-31-00   >>>>   End verify ranking function

verifying time = 7.602 ms


Not Found Ranking Fcuntion

Conterexample is 

[0, 0, -132.06796116504853]

sampling time = 1.036 ms


       ########################################         

iteration 19 with 258 examples

2019-05-03-03-31-00   >>>>   Start train ranking function

2019-05-03-03-31-00   >>>>   End train ranking function

train_ranking_functioning time = 5.311 ms


2019-05-03-03-31-00   >>>>   Start verify ranking function

[xr_1 = 6846/215, xr_2 = 0, xr_0 = 0]
ranking function : 0.3702 *  x[0]^1.0 + 0.1636 *  x[1]^1.0 - 0.1714 *  x[2]^1.0 + 1.7837 * 1

2019-05-03-03-31-00   >>>>   End verify ranking function

verifying time = 7.539 ms


Not Found Ranking Fcuntion

Conterexample is 

[0, 31.84186046511628, 0]

sampling time = 1.041 ms


       ########################################         

iteration 20 with 260 examples

2019-05-03-03-31-00   >>>>   Start train ranking function

2019-05-03-03-31-00   >>>>   End train ranking function

train_ranking_functioning time = 5.332 ms


2019-05-03-03-31-00   >>>>   Start verify ranking function

[xr_1 = 0, xr_2 = 6731/99, xr_0 = 0]
ranking function : 0.3472 *  x[0]^1.0 + 0.1615 *  x[1]^1.0 - 0.1835 *  x[2]^1.0 + 1.7674 * 1

2019-05-03-03-31-00   >>>>   End verify ranking function

verifying time = 7.577 ms


Not Found Ranking Fcuntion

Conterexample is 

[0, 0, 67.98989898989899]

sampling time = 1.033 ms


       ########################################         

iteration 21 with 262 examples

2019-05-03-03-31-00   >>>>   Start train ranking function

2019-05-03-03-31-00   >>>>   End train ranking function

train_ranking_functioning time = 5.342 ms


2019-05-03-03-31-00   >>>>   Start verify ranking function

[xr_1 = -5885, xr_2 = 0, xr_0 = 0]
ranking function : 0.178 *  x[0]^1.0 + 0.0891 *  x[1]^1.0 - 0.0772 *  x[2]^1.0 + 2.3467 * 1

2019-05-03-03-31-00   >>>>   End verify ranking function

verifying time = 7.619 ms


Not Found Ranking Fcuntion

Conterexample is 

[0, -5885, 0]

sampling time = 1.021 ms


       ########################################         

iteration 22 with 264 examples

2019-05-03-03-31-00   >>>>   Start train ranking function

2019-05-03-03-31-00   >>>>   End train ranking function

train_ranking_functioning time = 5.589 ms


2019-05-03-03-31-00   >>>>   Start verify ranking function

[xr_1 = 0, xr_2 = -10891/137, xr_0 = 0]
ranking function : 0.0901 *  x[0]^1.0 + 0.0353 *  x[1]^1.0 - 0.0382 *  x[2]^1.0 + 1.814 * 1

2019-05-03-03-31-00   >>>>   End verify ranking function

verifying time = 7.618 ms


Not Found Ranking Fcuntion

Conterexample is 

[0, 0, -79.4963503649635]

sampling time = 1.032 ms


       ########################################         

iteration 23 with 266 examples

2019-05-03-03-31-00   >>>>   Start train ranking function

2019-05-03-03-31-00   >>>>   End train ranking function

train_ranking_functioning time = 5.521 ms


2019-05-03-03-31-00   >>>>   Start verify ranking function

[xr_1 = 10875/221, xr_2 = 0, xr_0 = 0]
ranking function : 0.0885 *  x[0]^1.0 + 0.0332 *  x[1]^1.0 - 0.0412 *  x[2]^1.0 + 1.8459 * 1

2019-05-03-03-31-00   >>>>   End verify ranking function

verifying time = 7.562 ms


Not Found Ranking Fcuntion

Conterexample is 

[0, 49.20814479638009, 0]

sampling time = 1.037 ms


       ########################################         

iteration 24 with 268 examples

2019-05-03-03-31-00   >>>>   Start train ranking function

2019-05-03-03-31-00   >>>>   End train ranking function

train_ranking_functioning time = 5.491 ms


2019-05-03-03-31-00   >>>>   Start verify ranking function

[xr_1 = 0, xr_2 = 5371/5, xr_0 = 0]
ranking function : 0.0752 *  x[0]^1.0 + 0.0488 *  x[1]^1.0 - 0.0381 *  x[2]^1.0 + 1.8238 * 1

2019-05-03-03-31-00   >>>>   End verify ranking function

verifying time = 7.514 ms


Not Found Ranking Fcuntion

Conterexample is 

[0, 0, 1074.2]

sampling time = 1.019 ms


Failed to prove it is terminated

UNKNOWN
------Using Template 1 -----------
3 [3]
*****************************************************

2019-05-03-03-31-00   >>>>   End sampling point

sampling time = 100.192 ms,


       ########################################         

iteration 0 with 220 examples

2019-05-03-03-31-00   >>>>   Start train ranking function

2019-05-03-03-31-00   >>>>   End train ranking function

train_ranking_functioning time = 3.482 ms


2019-05-03-03-31-00   >>>>   Start verify ranking function

[xr_0 = 1, xr_1 = 1/2, xr_2 = 1/8]
ranking function : 1.6153 *  x[1]^-2.0 *  x[2]^0.5 + 0.2553 *  x[0]^2.0 *  x[1]^3.0 *  x[2]^3.0 + 1.6153 *  x[2]^-2.0

2019-05-03-03-31-00   >>>>   End verify ranking function

verifying time = 16.504 ms


Not Found Ranking Fcuntion

Conterexample is 

[1, 0.5, 0.125]

sampling time = 0.901 ms


       ########################################         

iteration 1 with 222 examples

2019-05-03-03-31-00   >>>>   Start train ranking function

2019-05-03-03-31-00   >>>>   End train ranking function

train_ranking_functioning time = 3.530 ms


2019-05-03-03-31-00   >>>>   Start verify ranking function

[xr_0 = 1, xr_1 = 1/2, xr_2 = 1/8]
ranking function : 1.6153 *  x[1]^-2.0 *  x[2]^0.5 + 0.2553 *  x[0]^2.0 *  x[1]^3.0 *  x[2]^3.0 + 1.6153 *  x[2]^-2.0

2019-05-03-03-31-00   >>>>   End verify ranking function

verifying time = 17.796 ms


Not Found Ranking Fcuntion

Conterexample is 

[1, 0.5, 0.125]

sampling time = 0.929 ms


       ########################################         

iteration 2 with 224 examples

2019-05-03-03-31-00   >>>>   Start train ranking function

2019-05-03-03-31-00   >>>>   End train ranking function

train_ranking_functioning time = 3.398 ms


2019-05-03-03-31-00   >>>>   Start verify ranking function

[xr_0 = 1, xr_1 = 1/2, xr_2 = 1/8]
ranking function : 1.6154 *  x[1]^-2.0 *  x[2]^0.5 + 0.2553 *  x[0]^2.0 *  x[1]^3.0 *  x[2]^3.0 + 1.6153 *  x[2]^-2.0

2019-05-03-03-31-00   >>>>   End verify ranking function

verifying time = 16.665 ms


Not Found Ranking Fcuntion

Conterexample is 

[1, 0.5, 0.125]

sampling time = 0.885 ms


       ########################################         

iteration 3 with 226 examples

2019-05-03-03-31-00   >>>>   Start train ranking function

2019-05-03-03-31-00   >>>>   End train ranking function

train_ranking_functioning time = 3.065 ms


2019-05-03-03-31-00   >>>>   Start verify ranking function

[xr_0 = 1, xr_1 = 1/2, xr_2 = 1/8]
ranking function : 1.6153 *  x[1]^-2.0 *  x[2]^0.5 + 0.2553 *  x[0]^2.0 *  x[1]^3.0 *  x[2]^3.0 + 1.6153 *  x[2]^-2.0

2019-05-03-03-31-00   >>>>   End verify ranking function

verifying time = 16.374 ms


Not Found Ranking Fcuntion

Conterexample is 

[1, 0.5, 0.125]

sampling time = 0.900 ms


       ########################################         

iteration 4 with 228 examples

2019-05-03-03-31-00   >>>>   Start train ranking function

2019-05-03-03-31-00   >>>>   End train ranking function

train_ranking_functioning time = 3.004 ms


2019-05-03-03-31-00   >>>>   Start verify ranking function

[xr_0 = 1, xr_1 = 1/2, xr_2 = 1/8]
ranking function : 1.6154 *  x[1]^-2.0 *  x[2]^0.5 + 0.2553 *  x[0]^2.0 *  x[1]^3.0 *  x[2]^3.0 + 1.6153 *  x[2]^-2.0

2019-05-03-03-31-00   >>>>   End verify ranking function

verifying time = 16.401 ms


Not Found Ranking Fcuntion

Conterexample is 

[1, 0.5, 0.125]

sampling time = 0.902 ms


       ########################################         

iteration 5 with 230 examples

2019-05-03-03-31-00   >>>>   Start train ranking function

2019-05-03-03-31-00   >>>>   End train ranking function

train_ranking_functioning time = 1.377 ms


2019-05-03-03-31-00   >>>>   Start verify ranking function

[xr_0 = 1, xr_1 = 1/2, xr_2 = 1/8]
ranking function : 1.6153 *  x[1]^-2.0 *  x[2]^0.5 + 0.2553 *  x[0]^2.0 *  x[1]^3.0 *  x[2]^3.0 + 1.6153 *  x[2]^-2.0

2019-05-03-03-31-00   >>>>   End verify ranking function

verifying time = 16.467 ms


Not Found Ranking Fcuntion

Conterexample is 

[1, 0.5, 0.125]

sampling time = 0.891 ms


       ########################################         

iteration 6 with 232 examples

2019-05-03-03-31-00   >>>>   Start train ranking function

2019-05-03-03-31-00   >>>>   End train ranking function

train_ranking_functioning time = 3.390 ms


2019-05-03-03-31-00   >>>>   Start verify ranking function

[xr_0 = 1, xr_1 = 1/2, xr_2 = 1/8]
ranking function : 1.6154 *  x[1]^-2.0 *  x[2]^0.5 + 0.2553 *  x[0]^2.0 *  x[1]^3.0 *  x[2]^3.0 + 1.6154 *  x[2]^-2.0

2019-05-03-03-31-00   >>>>   End verify ranking function

verifying time = 16.397 ms


Not Found Ranking Fcuntion

Conterexample is 

[1, 0.5, 0.125]

sampling time = 0.928 ms


       ########################################         

iteration 7 with 234 examples

2019-05-03-03-31-00   >>>>   Start train ranking function

2019-05-03-03-31-00   >>>>   End train ranking function

train_ranking_functioning time = 2.665 ms


2019-05-03-03-31-00   >>>>   Start verify ranking function

[xr_0 = 1, xr_1 = 1/2, xr_2 = 1/8]
ranking function : 1.6154 *  x[1]^-2.0 *  x[2]^0.5 + 0.2553 *  x[0]^2.0 *  x[1]^3.0 *  x[2]^3.0 + 1.6154 *  x[2]^-2.0

2019-05-03-03-31-00   >>>>   End verify ranking function

verifying time = 16.493 ms


Not Found Ranking Fcuntion

Conterexample is 

[1, 0.5, 0.125]

sampling time = 0.906 ms


       ########################################         

iteration 8 with 236 examples

2019-05-03-03-31-00   >>>>   Start train ranking function

2019-05-03-03-31-00   >>>>   End train ranking function

train_ranking_functioning time = 2.579 ms


2019-05-03-03-31-00   >>>>   Start verify ranking function

[xr_0 = 1, xr_1 = 1/2, xr_2 = 1/8]
ranking function : 1.6154 *  x[1]^-2.0 *  x[2]^0.5 + 0.2553 *  x[0]^2.0 *  x[1]^3.0 *  x[2]^3.0 + 1.6154 *  x[2]^-2.0

2019-05-03-03-31-00   >>>>   End verify ranking function

verifying time = 16.495 ms


Not Found Ranking Fcuntion

Conterexample is 

[1, 0.5, 0.125]

sampling time = 0.908 ms


       ########################################         

iteration 9 with 238 examples

2019-05-03-03-31-00   >>>>   Start train ranking function

2019-05-03-03-31-00   >>>>   End train ranking function

train_ranking_functioning time = 3.425 ms


2019-05-03-03-31-00   >>>>   Start verify ranking function

[xr_0 = 1, xr_1 = 1/2, xr_2 = 1/8]
ranking function : 1.6154 *  x[1]^-2.0 *  x[2]^0.5 + 0.2553 *  x[0]^2.0 *  x[1]^3.0 *  x[2]^3.0 + 1.6154 *  x[2]^-2.0

2019-05-03-03-31-00   >>>>   End verify ranking function

verifying time = 16.280 ms


Not Found Ranking Fcuntion

Conterexample is 

[1, 0.5, 0.125]

sampling time = 0.888 ms


       ########################################         

iteration 10 with 240 examples

2019-05-03-03-31-00   >>>>   Start train ranking function

2019-05-03-03-31-00   >>>>   End train ranking function

train_ranking_functioning time = 2.021 ms


2019-05-03-03-31-00   >>>>   Start verify ranking function

[xr_0 = 1, xr_1 = 1/2, xr_2 = 1/8]
ranking function : 1.6154 *  x[1]^-2.0 *  x[2]^0.5 + 0.2554 *  x[0]^2.0 *  x[1]^3.0 *  x[2]^3.0 + 1.6154 *  x[2]^-2.0

2019-05-03-03-31-00   >>>>   End verify ranking function

verifying time = 16.264 ms


Not Found Ranking Fcuntion

Conterexample is 

[1, 0.5, 0.125]

sampling time = 0.894 ms


       ########################################         

iteration 11 with 242 examples

2019-05-03-03-31-00   >>>>   Start train ranking function

2019-05-03-03-31-00   >>>>   End train ranking function

train_ranking_functioning time = 2.072 ms


2019-05-03-03-31-00   >>>>   Start verify ranking function

[xr_0 = 1, xr_1 = 1/2, xr_2 = 1/8]
ranking function : 1.6154 *  x[1]^-2.0 *  x[2]^0.5 + 0.2554 *  x[0]^2.0 *  x[1]^3.0 *  x[2]^3.0 + 1.6154 *  x[2]^-2.0

2019-05-03-03-31-00   >>>>   End verify ranking function

verifying time = 16.463 ms


Not Found Ranking Fcuntion

Conterexample is 

[1, 0.5, 0.125]

sampling time = 0.891 ms


       ########################################         

iteration 12 with 244 examples

2019-05-03-03-31-00   >>>>   Start train ranking function

2019-05-03-03-31-00   >>>>   End train ranking function

train_ranking_functioning time = 2.291 ms


2019-05-03-03-31-00   >>>>   Start verify ranking function

[xr_0 = 1, xr_1 = 1/2, xr_2 = 1/8]
ranking function : 1.6154 *  x[1]^-2.0 *  x[2]^0.5 + 0.2554 *  x[0]^2.0 *  x[1]^3.0 *  x[2]^3.0 + 1.6154 *  x[2]^-2.0

2019-05-03-03-31-00   >>>>   End verify ranking function

verifying time = 16.448 ms


Not Found Ranking Fcuntion

Conterexample is 

[1, 0.5, 0.125]

sampling time = 0.997 ms


       ########################################         

iteration 13 with 246 examples

2019-05-03-03-31-00   >>>>   Start train ranking function

2019-05-03-03-31-00   >>>>   End train ranking function

train_ranking_functioning time = 2.980 ms


2019-05-03-03-31-00   >>>>   Start verify ranking function

[xr_0 = 1, xr_1 = 1/2, xr_2 = 1/8]
ranking function : 1.6155 *  x[1]^-2.0 *  x[2]^0.5 + 0.2554 *  x[0]^2.0 *  x[1]^3.0 *  x[2]^3.0 + 1.6154 *  x[2]^-2.0

2019-05-03-03-31-00   >>>>   End verify ranking function

verifying time = 16.291 ms


Not Found Ranking Fcuntion

Conterexample is 

[1, 0.5, 0.125]

sampling time = 1.077 ms


       ########################################         

iteration 14 with 248 examples

2019-05-03-03-31-00   >>>>   Start train ranking function

2019-05-03-03-31-00   >>>>   End train ranking function

train_ranking_functioning time = 2.342 ms


2019-05-03-03-31-00   >>>>   Start verify ranking function

[xr_0 = 1, xr_1 = 1/2, xr_2 = 1/8]
ranking function : 1.6154 *  x[1]^-2.0 *  x[2]^0.5 + 0.2554 *  x[0]^2.0 *  x[1]^3.0 *  x[2]^3.0 + 1.6155 *  x[2]^-2.0

2019-05-03-03-31-00   >>>>   End verify ranking function

verifying time = 16.853 ms


Not Found Ranking Fcuntion

Conterexample is 

[1, 0.5, 0.125]

sampling time = 0.886 ms


       ########################################         

iteration 15 with 250 examples

2019-05-03-03-31-00   >>>>   Start train ranking function

2019-05-03-03-31-00   >>>>   End train ranking function

train_ranking_functioning time = 2.653 ms


2019-05-03-03-31-00   >>>>   Start verify ranking function

[xr_0 = 1, xr_1 = 1/2, xr_2 = 1/8]
ranking function : 1.6155 *  x[1]^-2.0 *  x[2]^0.5 + 0.2554 *  x[0]^2.0 *  x[1]^3.0 *  x[2]^3.0 + 1.6154 *  x[2]^-2.0

2019-05-03-03-31-00   >>>>   End verify ranking function

verifying time = 16.894 ms


Not Found Ranking Fcuntion

Conterexample is 

[1, 0.5, 0.125]

sampling time = 0.998 ms


       ########################################         

iteration 16 with 252 examples

2019-05-03-03-31-00   >>>>   Start train ranking function

2019-05-03-03-31-00   >>>>   End train ranking function

train_ranking_functioning time = 2.796 ms


2019-05-03-03-31-00   >>>>   Start verify ranking function

[xr_0 = 1, xr_1 = 1/2, xr_2 = 1/8]
ranking function : 1.6154 *  x[1]^-2.0 *  x[2]^0.5 + 0.2554 *  x[0]^2.0 *  x[1]^3.0 *  x[2]^3.0 + 1.6154 *  x[2]^-2.0

2019-05-03-03-31-00   >>>>   End verify ranking function

verifying time = 16.954 ms


Not Found Ranking Fcuntion

Conterexample is 

[1, 0.5, 0.125]

sampling time = 0.889 ms


       ########################################         

iteration 17 with 254 examples

2019-05-03-03-31-00   >>>>   Start train ranking function

2019-05-03-03-31-00   >>>>   End train ranking function

train_ranking_functioning time = 2.625 ms


2019-05-03-03-31-00   >>>>   Start verify ranking function

[xr_0 = 1, xr_1 = 1/2, xr_2 = 1/8]
ranking function : 1.6155 *  x[1]^-2.0 *  x[2]^0.5 + 0.2554 *  x[0]^2.0 *  x[1]^3.0 *  x[2]^3.0 + 1.6155 *  x[2]^-2.0

2019-05-03-03-31-00   >>>>   End verify ranking function

verifying time = 16.306 ms


Not Found Ranking Fcuntion

Conterexample is 

[1, 0.5, 0.125]

sampling time = 0.888 ms


       ########################################         

iteration 18 with 256 examples

2019-05-03-03-31-00   >>>>   Start train ranking function

2019-05-03-03-31-00   >>>>   End train ranking function

train_ranking_functioning time = 3.491 ms


2019-05-03-03-31-00   >>>>   Start verify ranking function

[xr_0 = 1, xr_1 = 1/2, xr_2 = 1/8]
ranking function : 1.6155 *  x[1]^-2.0 *  x[2]^0.5 + 0.2554 *  x[0]^2.0 *  x[1]^3.0 *  x[2]^3.0 + 1.6155 *  x[2]^-2.0

2019-05-03-03-31-00   >>>>   End verify ranking function

verifying time = 16.330 ms


Not Found Ranking Fcuntion

Conterexample is 

[1, 0.5, 0.125]

sampling time = 0.912 ms


       ########################################         

iteration 19 with 258 examples

2019-05-03-03-31-00   >>>>   Start train ranking function

2019-05-03-03-31-00   >>>>   End train ranking function

train_ranking_functioning time = 3.065 ms


2019-05-03-03-31-00   >>>>   Start verify ranking function

[xr_0 = 1, xr_1 = 1/2, xr_2 = 1/8]
ranking function : 1.6155 *  x[1]^-2.0 *  x[2]^0.5 + 0.2554 *  x[0]^2.0 *  x[1]^3.0 *  x[2]^3.0 + 1.6155 *  x[2]^-2.0

2019-05-03-03-31-00   >>>>   End verify ranking function

verifying time = 16.341 ms


Not Found Ranking Fcuntion

Conterexample is 

[1, 0.5, 0.125]

sampling time = 0.909 ms


       ########################################         

iteration 20 with 260 examples

2019-05-03-03-31-00   >>>>   Start train ranking function

2019-05-03-03-31-00   >>>>   End train ranking function

train_ranking_functioning time = 3.666 ms


2019-05-03-03-31-00   >>>>   Start verify ranking function

[xr_0 = 1, xr_1 = 1/2, xr_2 = 1/8]
ranking function : 1.6155 *  x[1]^-2.0 *  x[2]^0.5 + 0.2554 *  x[0]^2.0 *  x[1]^3.0 *  x[2]^3.0 + 1.6155 *  x[2]^-2.0

2019-05-03-03-31-00   >>>>   End verify ranking function

verifying time = 16.441 ms


Not Found Ranking Fcuntion

Conterexample is 

[1, 0.5, 0.125]

sampling time = 0.894 ms


       ########################################         

iteration 21 with 262 examples

2019-05-03-03-31-00   >>>>   Start train ranking function

2019-05-03-03-31-00   >>>>   End train ranking function

train_ranking_functioning time = 4.377 ms


2019-05-03-03-31-00   >>>>   Start verify ranking function

[xr_0 = 1, xr_1 = 1/2, xr_2 = 1/8]
ranking function : 1.6155 *  x[1]^-2.0 *  x[2]^0.5 + 0.2554 *  x[0]^2.0 *  x[1]^3.0 *  x[2]^3.0 + 1.6155 *  x[2]^-2.0

2019-05-03-03-31-01   >>>>   End verify ranking function

verifying time = 17.766 ms


Not Found Ranking Fcuntion

Conterexample is 

[1, 0.5, 0.125]

sampling time = 0.967 ms


       ########################################         

iteration 22 with 264 examples

2019-05-03-03-31-01   >>>>   Start train ranking function

5
2019-05-03-03-31-01   >>>>   End train ranking function

train_ranking_functioning time = 3.424 ms


2019-05-03-03-31-01   >>>>   Start verify ranking function

[xr_0 = 1, xr_1 = 1/2, xr_2 = 1/8]
ranking function : 1.6155 *  x[1]^-2.0 *  x[2]^0.5 + 0.2554 *  x[0]^2.0 *  x[1]^3.0 *  x[2]^3.0 + 1.6155 *  x[2]^-2.0

2019-05-03-03-31-01   >>>>   End verify ranking function

verifying time = 16.584 ms


Not Found Ranking Fcuntion

Conterexample is 

[1, 0.5, 0.125]

sampling time = 0.948 ms


       ########################################         

iteration 23 with 266 examples

2019-05-03-03-31-01   >>>>   Start train ranking function

2019-05-03-03-31-01   >>>>   End train ranking function

train_ranking_functioning time = 3.231 ms


2019-05-03-03-31-01   >>>>   Start verify ranking function

[xr_0 = 1, xr_1 = 1/2, xr_2 = 1/8]
ranking function : 1.6 *  x[1]^-2.0 *  x[2]^0.5 + 0.3 *  x[0]^2.0 *  x[1]^3.0 *  x[2]^3.0 + 1.6 *  x[2]^-2.0

2019-05-03-03-31-01   >>>>   End verify ranking function

verifying time = 16.392 ms


Not Found Ranking Fcuntion

Conterexample is 

[1, 0.5, 0.125]

sampling time = 0.901 ms


       ########################################         

iteration 24 with 268 examples

2019-05-03-03-31-01   >>>>   Start train ranking function

2019-05-03-03-31-01   >>>>   End train ranking function

train_ranking_functioning time = 3.215 ms


2019-05-03-03-31-01   >>>>   Start verify ranking function

[xr_0 = 1, xr_1 = 1/2, xr_2 = 1/8]
ranking function : 1.6 *  x[1]^-2.0 *  x[2]^0.5 + 0.3 *  x[0]^2.0 *  x[1]^3.0 *  x[2]^3.0 + 1.6 *  x[2]^-2.0

2019-05-03-03-31-01   >>>>   End verify ranking function

verifying time = 16.329 ms


Not Found Ranking Fcuntion

Conterexample is 

[1, 0.5, 0.125]

sampling time = 0.967 ms


Failed to prove it is terminated

UNKNOWN
------Using Template 2 -----------
12 [4, 4, 4]
*****************************************************

2019-05-03-03-31-01   >>>>   End sampling point

sampling time = 329.348 ms,


       ########################################         

iteration 0 with 440 examples

2019-05-03-03-31-01   >>>>   Start train ranking function

2019-05-03-03-31-01   >>>>   End train ranking function

train_ranking_functioning time = 1.577 ms


2019-05-03-03-31-01   >>>>   Start verify ranking function

[xr_1 = 9959/5, xr_2 = 0, xr_0 = 0]
ranking function : 0.9928 *  x[0]^1.0 + 0.4959 *  x[1]^1.0 - 0.495 *  x[2]^1.0 + 0.3291 * 1; 0.607 *  x[0]^1.0 + 0.131 *  x[1]^1.0 - 0.1063 *  x[2]^1.0 + 0.6454 * 1; 0.2624 *  x[0]^1.0 + 0.0401 *  x[1]^1.0 - 0.0302 *  x[2]^1.0 + 0.9308 * 1

2019-05-03-03-31-01   >>>>   End verify ranking function

verifying time = 7.655 ms


Not Found Ranking Fcuntion

Conterexample is 

[0, 1991.8, 0]

sampling time = 2.906 ms


       ########################################         

iteration 1 with 444 examples

2019-05-03-03-31-01   >>>>   Start train ranking function

2019-05-03-03-31-01   >>>>   End train ranking function

train_ranking_functioning time = 5.662 ms


2019-05-03-03-31-01   >>>>   Start verify ranking function

[xr_1 = 0, xr_2 = -2213/3, xr_0 = 0]
ranking function : 0.9927 *  x[0]^1.0 + 0.4962 *  x[1]^1.0 - 0.495 *  x[2]^1.0 + 0.3294 * 1; 0.6082 *  x[0]^1.0 + 0.1558 *  x[1]^1.0 - 0.0856 *  x[2]^1.0 + 0.6483 * 1; 0.2518 *  x[0]^1.0 + 0.048 *  x[1]^1.0 - 0.0282 *  x[2]^1.0 + 0.9375 * 1

2019-05-03-03-31-01   >>>>   End verify ranking function

verifying time = 8.234 ms


Not Found Ranking Fcuntion

Conterexample is 

[0, 0, -737.6666666666666]

sampling time = 2.977 ms


       ########################################         

iteration 2 with 448 examples

2019-05-03-03-31-01   >>>>   Start train ranking function

2019-05-03-03-31-01   >>>>   End train ranking function

train_ranking_functioning time = 5.388 ms


2019-05-03-03-31-01   >>>>   Start verify ranking function

[xr_1 = 9959/5, xr_2 = 0, xr_0 = 0]
ranking function : 0.9928 *  x[0]^1.0 + 0.4959 *  x[1]^1.0 - 0.496 *  x[2]^1.0 + 0.3459 * 1; 0.5923 *  x[0]^1.0 + 0.1084 *  x[1]^1.0 - 0.1172 *  x[2]^1.0 + 0.6464 * 1; 0.1921 *  x[0]^1.0 + 0.0419 *  x[1]^1.0 - 0.0376 *  x[2]^1.0 + 0.9555 * 1

2019-05-03-03-31-01   >>>>   End verify ranking function

verifying time = 8.265 ms


Not Found Ranking Fcuntion

Conterexample is 

[0, 1991.8, 0]

sampling time = 2.965 ms


       ########################################         

iteration 3 with 452 examples

2019-05-03-03-31-01   >>>>   Start train ranking function

2019-05-03-03-31-01   >>>>   End train ranking function

train_ranking_functioning time = 5.495 ms


2019-05-03-03-31-01   >>>>   Start verify ranking function

[xr_2 = -4963/4, xr_0 = 0]
ranking function : 0.9928 *  x[0]^1.0 + 0.4964 *  x[1]^1.0 - 0.496 *  x[2]^1.0 + 0.3458 * 1; 0.5924 *  x[0]^1.0 + 0.1083 *  x[1]^1.0 - 0.1171 *  x[2]^1.0 + 0.6465 * 1; 0.1921 *  x[0]^1.0 + 0.0419 *  x[1]^1.0 - 0.0376 *  x[2]^1.0 + 0.9555 * 1

2019-05-03-03-31-01   >>>>   End verify ranking function

verifying time = 7.687 ms


Not Found Ranking Fcuntion

Conterexample is 

[0, 0, -1240.75]

sampling time = 2.962 ms


       ########################################         

iteration 4 with 456 examples

2019-05-03-03-31-01   >>>>   Start train ranking function

2019-05-03-03-31-01   >>>>   End train ranking function

train_ranking_functioning time = 5.552 ms


2019-05-03-03-31-01   >>>>   Start verify ranking function

[xr_2 = -4960, xr_0 = 0]
ranking function : 0.9928 *  x[0]^1.0 + 0.4964 *  x[1]^1.0 - 0.4963 *  x[2]^1.0 + 0.3458 * 1; 0.5924 *  x[0]^1.0 + 0.1083 *  x[1]^1.0 - 0.1171 *  x[2]^1.0 + 0.6465 * 1; 0.1921 *  x[0]^1.0 + 0.0419 *  x[1]^1.0 - 0.0376 *  x[2]^1.0 + 0.9555 * 1

2019-05-03-03-31-01   >>>>   End verify ranking function

verifying time = 7.538 ms


Not Found Ranking Fcuntion

Conterexample is 

[0, 0, -4960]

sampling time = 2.959 ms


       ########################################         

iteration 5 with 460 examples

2019-05-03-03-31-01   >>>>   Start train ranking function

2019-05-03-03-31-01   >>>>   End train ranking function

train_ranking_functioning time = 5.687 ms


2019-05-03-03-31-01   >>>>   Start verify ranking function

[xr_1 = 0, xr_2 = 4843/345, xr_0 = 0]
ranking function : 0.9928 *  x[0]^1.0 + 0.4964 *  x[1]^1.0 - 0.4964 *  x[2]^1.0 + 0.3458 * 1; 0.5924 *  x[0]^1.0 + 0.1083 *  x[1]^1.0 - 0.117 *  x[2]^1.0 + 0.6465 * 1; 0.1921 *  x[0]^1.0 + 0.042 *  x[1]^1.0 - 0.0376 *  x[2]^1.0 + 0.9555 * 1

2019-05-03-03-31-01   >>>>   End verify ranking function

verifying time = 11.037 ms


Not Found Ranking Fcuntion

Conterexample is 

[0, 0, 14.03768115942029]

sampling time = 2.970 ms


       ########################################         

iteration 6 with 464 examples

2019-05-03-03-31-01   >>>>   Start train ranking function

2019-05-03-03-31-01   >>>>   End train ranking function

train_ranking_functioning time = 6.500 ms


2019-05-03-03-31-01   >>>>   Start verify ranking function

[xr_2 = -4958, xr_0 = 0]
ranking function : 0.9924 *  x[0]^1.0 + 0.4962 *  x[1]^1.0 - 0.4961 *  x[2]^1.0 + 0.2798 * 1; 0.657 *  x[0]^1.0 + 0.0751 *  x[1]^1.0 - 0.0779 *  x[2]^1.0 + 0.754 * 1; 0.0841 *  x[0]^1.0 + 0.0035 *  x[1]^1.0 - 0.0001 *  x[2]^1.0 + 0.9616 * 1

2019-05-03-03-31-01   >>>>   End verify ranking function

verifying time = 7.526 ms


Not Found Ranking Fcuntion

Conterexample is 

[0, 0, -4958]

sampling time = 2.909 ms


       ########################################         

iteration 7 with 468 examples

2019-05-03-03-31-01   >>>>   Start train ranking function

2019-05-03-03-31-01   >>>>   End train ranking function

train_ranking_functioning time = 6.805 ms


2019-05-03-03-31-01   >>>>   Start verify ranking function

[xr_1 = 0, xr_2 = -19358/23, xr_0 = 0]
ranking function : 0.9924 *  x[0]^1.0 + 0.4962 *  x[1]^1.0 - 0.4962 *  x[2]^1.0 + 0.2795 * 1; 0.6573 *  x[0]^1.0 + 0.0751 *  x[1]^1.0 - 0.0794 *  x[2]^1.0 + 0.7551 * 1; 0.0825 *  x[0]^1.0 + 0.0039 *  x[1]^1.0 - 0.0012 *  x[2]^1.0 + 0.962 * 1

2019-05-03-03-31-01   >>>>   End verify ranking function

verifying time = 10.988 ms


Not Found Ranking Fcuntion

Conterexample is 

[0, 0, -841.6521739130435]

sampling time = 2.983 ms


       ########################################         

iteration 8 with 472 examples

2019-05-03-03-31-01   >>>>   Start train ranking function

2019-05-03-03-31-01   >>>>   End train ranking function

train_ranking_functioning time = 6.655 ms


2019-05-03-03-31-01   >>>>   Start verify ranking function

[xr_1 = 0, xr_2 = -19360/41, xr_0 = 0]
ranking function : 0.9924 *  x[0]^1.0 + 0.4962 *  x[1]^1.0 - 0.4962 *  x[2]^1.0 + 0.2791 * 1; 0.6579 *  x[0]^1.0 + 0.075 *  x[1]^1.0 - 0.0788 *  x[2]^1.0 + 0.7559 * 1; 0.0822 *  x[0]^1.0 + 0.004 *  x[1]^1.0 - 0.0015 *  x[2]^1.0 + 0.9622 * 1

2019-05-03-03-31-01   >>>>   End verify ranking function

verifying time = 11.071 ms


Not Found Ranking Fcuntion

Conterexample is 

[0, 0, -472.1951219512195]

sampling time = 2.914 ms


       ########################################         

iteration 9 with 476 examples

2019-05-03-03-31-01   >>>>   Start train ranking function

2019-05-03-03-31-01   >>>>   End train ranking function

train_ranking_functioning time = 7.186 ms


2019-05-03-03-31-01   >>>>   Start verify ranking function

[xr_1 = 19359/115, xr_2 = 0, xr_0 = 0]
ranking function : 0.9924 *  x[0]^1.0 + 0.4962 *  x[1]^1.0 - 0.4962 *  x[2]^1.0 + 0.279 * 1; 0.6579 *  x[0]^1.0 + 0.0751 *  x[1]^1.0 - 0.0791 *  x[2]^1.0 + 0.7563 * 1; 0.0821 *  x[0]^1.0 + 0.0037 *  x[1]^1.0 - 0.0016 *  x[2]^1.0 + 0.9621 * 1

2019-05-03-03-31-01   >>>>   End verify ranking function

verifying time = 10.973 ms


Not Found Ranking Fcuntion

Conterexample is 

[0, 168.33913043478262, 0]

sampling time = 2.912 ms


       ########################################         

iteration 10 with 480 examples

2019-05-03-03-31-01   >>>>   Start train ranking function

2019-05-03-03-31-01   >>>>   End train ranking function

train_ranking_functioning time = 7.010 ms


2019-05-03-03-31-01   >>>>   Start verify ranking function

[xr_1 = 19360/109, xr_2 = 0, xr_0 = 0]
ranking function : 0.9924 *  x[0]^1.0 + 0.4962 *  x[1]^1.0 - 0.4962 *  x[2]^1.0 + 0.2791 * 1; 0.6579 *  x[0]^1.0 + 0.0754 *  x[1]^1.0 - 0.0796 *  x[2]^1.0 + 0.7567 * 1; 0.0821 *  x[0]^1.0 + 0.0039 *  x[1]^1.0 - 0.0013 *  x[2]^1.0 + 0.9622 * 1

2019-05-03-03-31-01   >>>>   End verify ranking function

verifying time = 11.149 ms


Not Found Ranking Fcuntion

Conterexample is 

[0, 177.61467889908258, 0]

sampling time = 2.925 ms


       ########################################         

iteration 11 with 484 examples

2019-05-03-03-31-01   >>>>   Start train ranking function

2019-05-03-03-31-01   >>>>   End train ranking function

train_ranking_functioning time = 7.185 ms


2019-05-03-03-31-01   >>>>   Start verify ranking function

[xr_1 = 0, xr_2 = -19361/35, xr_0 = 0]
ranking function : 0.9924 *  x[0]^1.0 + 0.4962 *  x[1]^1.0 - 0.4962 *  x[2]^1.0 + 0.279 * 1; 0.6581 *  x[0]^1.0 + 0.0753 *  x[1]^1.0 - 0.0792 *  x[2]^1.0 + 0.7567 * 1; 0.0821 *  x[0]^1.0 + 0.0039 *  x[1]^1.0 - 0.0011 *  x[2]^1.0 + 0.9621 * 1

2019-05-03-03-31-01   >>>>   End verify ranking function

verifying time = 11.062 ms


Not Found Ranking Fcuntion

Conterexample is 

[0, 0, -553.1714285714286]

sampling time = 3.257 ms


       ########################################         

iteration 12 with 488 examples

2019-05-03-03-31-01   >>>>   Start train ranking function

2019-05-03-03-31-01   >>>>   End train ranking function

train_ranking_functioning time = 7.447 ms


2019-05-03-03-31-01   >>>>   Start verify ranking function

[xr_1 = 0, xr_2 = -19360/27, xr_0 = 0]
ranking function : 0.9924 *  x[0]^1.0 + 0.4962 *  x[1]^1.0 - 0.4962 *  x[2]^1.0 + 0.2791 * 1; 0.6579 *  x[0]^1.0 + 0.0752 *  x[1]^1.0 - 0.0795 *  x[2]^1.0 + 0.7568 * 1; 0.0823 *  x[0]^1.0 + 0.004 *  x[1]^1.0 - 0.0013 *  x[2]^1.0 + 0.9622 * 1

2019-05-03-03-31-01   >>>>   End verify ranking function

verifying time = 12.184 ms


Not Found Ranking Fcuntion

Conterexample is 

[0, 0, -717.0370370370371]

sampling time = 3.138 ms


       ########################################         

iteration 13 with 492 examples

2019-05-03-03-31-01   >>>>   Start train ranking function

2019-05-03-03-31-01   >>>>   End train ranking function

train_ranking_functioning time = 7.961 ms


2019-05-03-03-31-01   >>>>   Start verify ranking function

[xr_1 = 176, xr_2 = 0, xr_0 = 0]
ranking function : 0.9924 *  x[0]^1.0 + 0.4962 *  x[1]^1.0 - 0.4962 *  x[2]^1.0 + 0.279 * 1; 0.658 *  x[0]^1.0 + 0.0754 *  x[1]^1.0 - 0.0795 *  x[2]^1.0 + 0.7572 * 1; 0.0822 *  x[0]^1.0 + 0.004 *  x[1]^1.0 - 0.0012 *  x[2]^1.0 + 0.9622 * 1

2019-05-03-03-31-01   >>>>   End verify ranking function

verifying time = 11.298 ms


Not Found Ranking Fcuntion

Conterexample is 

[0, 176, 0]

sampling time = 2.953 ms


       ########################################         

iteration 14 with 496 examples

2019-05-03-03-31-01   >>>>   Start train ranking function

2019-05-03-03-31-01   >>>>   End train ranking function

train_ranking_functioning time = 8.994 ms


2019-05-03-03-31-01   >>>>   Start verify ranking function

[xr_1 = 0, xr_2 = -19361/32, xr_0 = 0]
ranking function : 0.9924 *  x[0]^1.0 + 0.4962 *  x[1]^1.0 - 0.4962 *  x[2]^1.0 + 0.2789 * 1; 0.6582 *  x[0]^1.0 + 0.0751 *  x[1]^1.0 - 0.0794 *  x[2]^1.0 + 0.7573 * 1; 0.0819 *  x[0]^1.0 + 0.004 *  x[1]^1.0 - 0.0013 *  x[2]^1.0 + 0.9622 * 1

2019-05-03-03-31-01   >>>>   End verify ranking function

verifying time = 11.051 ms


Not Found Ranking Fcuntion

Conterexample is 

[0, 0, -605.03125]

sampling time = 2.916 ms


       ########################################         

iteration 15 with 500 examples

2019-05-03-03-31-01   >>>>   Start train ranking function

2019-05-03-03-31-01   >>>>   End train ranking function

train_ranking_functioning time = 8.538 ms


2019-05-03-03-31-01   >>>>   Start verify ranking function

[xr_1 = 0, xr_2 = -9679/11, xr_0 = 0]
ranking function : 0.9924 *  x[0]^1.0 + 0.4962 *  x[1]^1.0 - 0.4962 *  x[2]^1.0 + 0.2788 * 1; 0.658 *  x[0]^1.0 + 0.075 *  x[1]^1.0 - 0.0798 *  x[2]^1.0 + 0.7577 * 1; 0.0824 *  x[0]^1.0 + 0.0039 *  x[1]^1.0 - 0.0011 *  x[2]^1.0 + 0.9622 * 1

2019-05-03-03-31-01   >>>>   End verify ranking function

verifying time = 11.040 ms


Not Found Ranking Fcuntion

Conterexample is 

[0, 0, -879.9090909090909]

sampling time = 2.951 ms


       ########################################         

iteration 16 with 504 examples

2019-05-03-03-31-01   >>>>   Start train ranking function

2019-05-03-03-31-01   >>>>   End train ranking function

train_ranking_functioning time = 7.755 ms


2019-05-03-03-31-01   >>>>   Start verify ranking function

[xr_1 = 3872/23, xr_2 = 0, xr_0 = 0]
ranking function : 0.9924 *  x[0]^1.0 + 0.4962 *  x[1]^1.0 - 0.4962 *  x[2]^1.0 + 0.2789 * 1; 0.6581 *  x[0]^1.0 + 0.0752 *  x[1]^1.0 - 0.0795 *  x[2]^1.0 + 0.7574 * 1; 0.0822 *  x[0]^1.0 + 0.004 *  x[1]^1.0 - 0.0013 *  x[2]^1.0 + 0.9621 * 1

2019-05-03-03-31-01   >>>>   End verify ranking function

verifying time = 11.002 ms


Not Found Ranking Fcuntion

Conterexample is 

[0, 168.34782608695653, 0]

sampling time = 2.904 ms


       ########################################         

iteration 17 with 508 examples

2019-05-03-03-31-01   >>>>   Start train ranking function

2019-05-03-03-31-01   >>>>   End train ranking function

train_ranking_functioning time = 7.596 ms


2019-05-03-03-31-01   >>>>   Start verify ranking function

[xr_1 = 0, xr_2 = -19360/31, xr_0 = 0]
ranking function : 0.9924 *  x[0]^1.0 + 0.4962 *  x[1]^1.0 - 0.4962 *  x[2]^1.0 + 0.2789 * 1; 0.6581 *  x[0]^1.0 + 0.0752 *  x[1]^1.0 - 0.0794 *  x[2]^1.0 + 0.7573 * 1; 0.0822 *  x[0]^1.0 + 0.0041 *  x[1]^1.0 - 0.0012 *  x[2]^1.0 + 0.9623 * 1

2019-05-03-03-31-01   >>>>   End verify ranking function

verifying time = 11.042 ms


Not Found Ranking Fcuntion

Conterexample is 

[0, 0, -624.516129032258]

sampling time = 2.923 ms


       ########################################         

iteration 18 with 512 examples

2019-05-03-03-31-01   >>>>   Start train ranking function

2019-05-03-03-31-01   >>>>   End train ranking function

train_ranking_functioning time = 8.526 ms


2019-05-03-03-31-01   >>>>   Start verify ranking function

[xr_1 = 0, xr_2 = -19361/35, xr_0 = 0]
ranking function : 0.9924 *  x[0]^1.0 + 0.4962 *  x[1]^1.0 - 0.4962 *  x[2]^1.0 + 0.2788 * 1; 0.6583 *  x[0]^1.0 + 0.0751 *  x[1]^1.0 - 0.0793 *  x[2]^1.0 + 0.7578 * 1; 0.0823 *  x[0]^1.0 + 0.0043 *  x[1]^1.0 - 0.002 *  x[2]^1.0 + 0.9622 * 1

2019-05-03-03-31-01   >>>>   End verify ranking function

verifying time = 10.998 ms


Not Found Ranking Fcuntion

Conterexample is 

[0, 0, -553.1714285714286]

sampling time = 2.931 ms


       ########################################         

iteration 19 with 516 examples

2019-05-03-03-31-01   >>>>   Start train ranking function

2019-05-03-03-31-01   >>>>   End train ranking function

train_ranking_functioning time = 10.033 ms


2019-05-03-03-31-01   >>>>   Start verify ranking function

[xr_1 = 4840/29, xr_2 = 0, xr_0 = 0]
ranking function : 0.9924 *  x[0]^1.0 + 0.4962 *  x[1]^1.0 - 0.4962 *  x[2]^1.0 + 0.2788 * 1; 0.6582 *  x[0]^1.0 + 0.0752 *  x[1]^1.0 - 0.0797 *  x[2]^1.0 + 0.7577 * 1; 0.082 *  x[0]^1.0 + 0.004 *  x[1]^1.0 - 0.0012 *  x[2]^1.0 + 0.9623 * 1

2019-05-03-03-31-01   >>>>   End verify ranking function

verifying time = 11.410 ms


Not Found Ranking Fcuntion

Conterexample is 

[0, 166.89655172413794, 0]

sampling time = 3.039 ms


       ########################################         

iteration 20 with 520 examples

2019-05-03-03-31-01   >>>>   Start train ranking function

2019-05-03-03-31-01   >>>>   End train ranking function

train_ranking_functioning time = 10.222 ms


2019-05-03-03-31-01   >>>>   Start verify ranking function

[xr_1 = 0, xr_2 = -3872/5, xr_0 = 0]
ranking function : 0.9924 *  x[0]^1.0 + 0.4962 *  x[1]^1.0 - 0.4962 *  x[2]^1.0 + 0.2789 * 1; 0.6581 *  x[0]^1.0 + 0.0752 *  x[1]^1.0 - 0.0797 *  x[2]^1.0 + 0.7579 * 1; 0.0822 *  x[0]^1.0 + 0.0041 *  x[1]^1.0 - 0.0013 *  x[2]^1.0 + 0.9622 * 1

2019-05-03-03-31-01   >>>>   End verify ranking function

verifying time = 11.332 ms


Not Found Ranking Fcuntion

Conterexample is 

[0, 0, -774.4]

sampling time = 3.317 ms


       ########################################         

iteration 21 with 524 examples

2019-05-03-03-31-01   >>>>   Start train ranking function

2019-05-03-03-31-01   >>>>   End train ranking function

train_ranking_functioning time = 8.960 ms


2019-05-03-03-31-01   >>>>   Start verify ranking function

[xr_1 = 0, xr_2 = -19361/58, xr_0 = 0]
ranking function : 0.9924 *  x[0]^1.0 + 0.4962 *  x[1]^1.0 - 0.4962 *  x[2]^1.0 + 0.2787 * 1; 0.6584 *  x[0]^1.0 + 0.075 *  x[1]^1.0 - 0.0782 *  x[2]^1.0 + 0.7574 * 1; 0.0827 *  x[0]^1.0 + 0.0035 *  x[1]^1.0 + 0.0007 *  x[2]^1.0 + 0.9618 * 1

2019-05-03-03-31-01   >>>>   End verify ranking function

verifying time = 11.551 ms


Not Found Ranking Fcuntion

Conterexample is 

[0, 0, -333.8103448275862]

sampling time = 2.923 ms


       ########################################         

iteration 22 with 528 examples

2019-05-03-03-31-01   >>>>   Start train ranking function

2019-05-03-03-31-01   >>>>   End train ranking function

train_ranking_functioning time = 10.946 ms

