------Using Template 0 -----------
4 [4]
*****************************************************

2019-05-03-03-36-00   >>>>   End sampling point

sampling time = 113.295 ms,


       ########################################         

iteration 0 with 220 examples

2019-05-03-03-36-00   >>>>   Start train ranking function

2019-05-03-03-36-00   >>>>   End train ranking function

train_ranking_functioning time = 0.761 ms


2019-05-03-03-36-00   >>>>   Start verify ranking function

[xr_1 = 49705/986, xr_2 = 0, xr_0 = 1]
ranking function : 0.9892 *  x[0]^1.0 + 0.4736 *  x[1]^1.0 - 0.9504 *  x[2]^1.0 + 1.9552 * 1

2019-05-03-03-36-00   >>>>   End verify ranking function

verifying time = 7.953 ms


Not Found Ranking Fcuntion

Conterexample is 

[1, 50.410750507099394, 0]

sampling time = 1.042 ms


       ########################################         

iteration 1 with 222 examples

2019-05-03-03-36-00   >>>>   Start train ranking function

2019-05-03-03-36-00   >>>>   End train ranking function

train_ranking_functioning time = 4.273 ms


2019-05-03-03-36-00   >>>>   Start verify ranking function

[xr_1 = 0, xr_2 = 19721/12, xr_0 = 1]
ranking function : 0.9731 *  x[0]^1.0 + 0.4853 *  x[1]^1.0 - 0.9736 *  x[2]^1.0 + 1.9969 * 1

2019-05-03-03-36-00   >>>>   End verify ranking function

verifying time = 7.833 ms


Not Found Ranking Fcuntion

Conterexample is 

[1, 0, 1643.4166666666667]

sampling time = 1.015 ms


       ########################################         

iteration 2 with 224 examples

2019-05-03-03-36-00   >>>>   Start train ranking function

2019-05-03-03-36-00   >>>>   End train ranking function

train_ranking_functioning time = 3.385 ms


2019-05-03-03-36-00   >>>>   Start verify ranking function

[xr_1 = 0, xr_2 = -61625/21922, xr_0 = 1]
ranking function : 0.2335 *  x[0]^1.0 + 0.5485 *  x[1]^1.0 - 0.0009 *  x[2]^1.0 + 1.2718 * 1

2019-05-03-03-36-00   >>>>   End verify ranking function

verifying time = 7.766 ms


Not Found Ranking Fcuntion

Conterexample is 

[1, 0, -2.8111030015509533]

sampling time = 1.016 ms


       ########################################         

iteration 3 with 226 examples

2019-05-03-03-36-00   >>>>   Start train ranking function

2019-05-03-03-36-00   >>>>   End train ranking function

train_ranking_functioning time = 3.432 ms


2019-05-03-03-36-00   >>>>   Start verify ranking function

[xr_1 = 3007/38, xr_2 = 0, xr_0 = 1]
ranking function : 0.2038 *  x[0]^1.0 + 0.4553 *  x[1]^1.0 - 0.0081 *  x[2]^1.0 + 1.205 * 1

2019-05-03-03-36-00   >>>>   End verify ranking function

verifying time = 7.673 ms


Not Found Ranking Fcuntion

Conterexample is 

[1, 79.13157894736842, 0]

sampling time = 1.020 ms


       ########################################         

iteration 4 with 228 examples

2019-05-03-03-36-00   >>>>   Start train ranking function

2019-05-03-03-36-00   >>>>   End train ranking function

train_ranking_functioning time = 3.780 ms


2019-05-03-03-36-00   >>>>   Start verify ranking function

[xr_1 = -59505/61, xr_2 = 0, xr_0 = 1]
ranking function : 0.1911 *  x[0]^1.0 + 0.4674 *  x[1]^1.0 - 0.0067 *  x[2]^1.0 + 1.2577 * 1

2019-05-03-03-36-00   >>>>   End verify ranking function

verifying time = 7.630 ms


Not Found Ranking Fcuntion

Conterexample is 

[1, -975.4918032786885, 0]

sampling time = 1.030 ms


       ########################################         

iteration 5 with 230 examples

2019-05-03-03-36-00   >>>>   Start train ranking function

2019-05-03-03-36-00   >>>>   End train ranking function

train_ranking_functioning time = 3.984 ms


2019-05-03-03-36-00   >>>>   Start verify ranking function

[xr_1 = 0, xr_2 = 0, xr_0 = 1/500]
ranking function :  - 0.001 *  x[0]^1.0 + 0.0025 *  x[1]^1.0 - 0.0039 *  x[2]^1.0 + 0.913 * 1

2019-05-03-03-36-00   >>>>   End verify ranking function

verifying time = 7.795 ms


Not Found Ranking Fcuntion

Conterexample is 

[0.002, 0, 0]

sampling time = 1.010 ms


       ########################################         

iteration 6 with 232 examples

2019-05-03-03-36-00   >>>>   Start train ranking function

2019-05-03-03-36-00   >>>>   End train ranking function

train_ranking_functioning time = 4.195 ms


2019-05-03-03-36-00   >>>>   Start verify ranking function

[xr_1 = 0, xr_2 = 16805/2, xr_0 = 1]
ranking function : 0.0093 *  x[0]^1.0 + 0.0037 *  x[1]^1.0 - 0.0077 *  x[2]^1.0 + 0.9155 * 1

2019-05-03-03-36-00   >>>>   End verify ranking function

verifying time = 7.729 ms


Not Found Ranking Fcuntion

Conterexample is 

[1, 0, 8402.5]

sampling time = 1.025 ms


       ########################################         

iteration 7 with 234 examples

2019-05-03-03-36-00   >>>>   Start train ranking function

2019-05-03-03-36-00   >>>>   End train ranking function

train_ranking_functioning time = 3.932 ms


2019-05-03-03-36-00   >>>>   Start verify ranking function

[xr_1 = 0, xr_2 = 0, xr_0 = 87/10000]
ranking function :  - 0.0077 *  x[0]^1.0 + 0.0006 *  x[1]^1.0 - 0.0005 *  x[2]^1.0 + 0.8766 * 1

2019-05-03-03-36-00   >>>>   End verify ranking function

verifying time = 7.764 ms


Not Found Ranking Fcuntion

Conterexample is 

[0.0087, 0, 0]

sampling time = 1.016 ms


       ########################################         

iteration 8 with 236 examples

2019-05-03-03-36-00   >>>>   Start train ranking function

2019-05-03-03-36-00   >>>>   End train ranking function

train_ranking_functioning time = 3.993 ms


2019-05-03-03-36-00   >>>>   Start verify ranking function

[xr_1 = 0, xr_0 = 1]
ranking function :  - 0.0072 *  x[0]^1.0 + 0.0004 *  x[1]^1.0 - 0.0008 *  x[2]^1.0 + 0.8764 * 1

2019-05-03-03-36-00   >>>>   End verify ranking function

verifying time = 7.633 ms


Not Found Ranking Fcuntion

Conterexample is 

[1, 0, 0]

sampling time = 1.008 ms


       ########################################         

iteration 9 with 238 examples

2019-05-03-03-36-00   >>>>   Start train ranking function

2019-05-03-03-36-00   >>>>   End train ranking function

train_ranking_functioning time = 3.822 ms


2019-05-03-03-36-00   >>>>   Start verify ranking function

[xr_1 = 0, xr_2 = 0, xr_0 = 111/10000]
ranking function :  - 0.0101 *  x[0]^1.0 + 0.0004 *  x[1]^1.0 - 0.0002 *  x[2]^1.0 + 0.9051 * 1

2019-05-03-03-36-00   >>>>   End verify ranking function

verifying time = 7.656 ms


Not Found Ranking Fcuntion

Conterexample is 

[0.0111, 0, 0]

sampling time = 1.031 ms


       ########################################         

iteration 10 with 240 examples

2019-05-03-03-36-00   >>>>   Start train ranking function

2019-05-03-03-36-00   >>>>   End train ranking function

train_ranking_functioning time = 3.965 ms


2019-05-03-03-36-00   >>>>   Start verify ranking function

[xr_1 = 0, xr_2 = 0, xr_0 = 11/1250]
ranking function :  - 0.0078 *  x[0]^1.0 - 0.0001 *  x[1]^1.0 - 0.0006 *  x[2]^1.0 + 0.8768 * 1

2019-05-03-03-36-00   >>>>   End verify ranking function

verifying time = 7.648 ms


Not Found Ranking Fcuntion

Conterexample is 

[0.0088, 0, 0]

sampling time = 1.015 ms


       ########################################         

iteration 11 with 242 examples

2019-05-03-03-36-00   >>>>   Start train ranking function

2019-05-03-03-36-00   >>>>   End train ranking function

train_ranking_functioning time = 4.152 ms


2019-05-03-03-36-00   >>>>   Start verify ranking function

[xr_1 = 0, xr_2 = 0, xr_0 = 63/10000]
ranking function :  - 0.0053 *  x[0]^1.0 + 0.0009 *  x[1]^1.0 - 0.001 *  x[2]^1.0 + 0.9058 * 1

2019-05-03-03-36-00   >>>>   End verify ranking function

verifying time = 7.711 ms


Not Found Ranking Fcuntion

Conterexample is 

[0.0063, 0, 0]

sampling time = 1.010 ms


       ########################################         

iteration 12 with 244 examples

2019-05-03-03-36-00   >>>>   Start train ranking function

2019-05-03-03-36-00   >>>>   End train ranking function

train_ranking_functioning time = 4.119 ms


2019-05-03-03-36-00   >>>>   Start verify ranking function

[xr_1 = 0, xr_2 = 0, xr_0 = 3/400]
ranking function :  - 0.0065 *  x[0]^1.0 + 0.0009 *  x[1]^1.0 - 0.0009 *  x[2]^1.0 + 0.9061 * 1

2019-05-03-03-36-00   >>>>   End verify ranking function

verifying time = 7.655 ms


Not Found Ranking Fcuntion

Conterexample is 

[0.0075, 0, 0]

sampling time = 1.210 ms


       ########################################         

iteration 13 with 246 examples

2019-05-03-03-36-00   >>>>   Start train ranking function

2019-05-03-03-36-00   >>>>   End train ranking function

train_ranking_functioning time = 4.608 ms


2019-05-03-03-36-00   >>>>   Start verify ranking function

[xr_1 = 0, xr_2 = 0, xr_0 = 1/2000]
ranking function : 0.0005 *  x[0]^1.0 + 0.001 *  x[1]^1.0 - 0.0024 *  x[2]^1.0 + 0.8786 * 1

2019-05-03-03-36-00   >>>>   End verify ranking function

verifying time = 8.570 ms


Not Found Ranking Fcuntion

Conterexample is 

[0.0005, 0, 0]

sampling time = 1.112 ms


       ########################################         

iteration 14 with 248 examples

2019-05-03-03-36-00   >>>>   Start train ranking function

2019-05-03-03-36-00   >>>>   End train ranking function

train_ranking_functioning time = 4.548 ms


2019-05-03-03-36-00   >>>>   Start verify ranking function

[xr_1 = 0, xr_2 = 0, xr_0 = 9/1250]
ranking function :  - 0.0062 *  x[0]^1.0 + 0.0008 *  x[1]^1.0 - 0.0008 *  x[2]^1.0 + 0.9056 * 1

2019-05-03-03-36-00   >>>>   End verify ranking function

verifying time = 8.260 ms


Not Found Ranking Fcuntion

Conterexample is 

[0.0072, 0, 0]

sampling time = 1.090 ms


       ########################################         

iteration 15 with 250 examples

2019-05-03-03-36-00   >>>>   Start train ranking function

2019-05-03-03-36-00   >>>>   End train ranking function

train_ranking_functioning time = 4.369 ms


2019-05-03-03-36-00   >>>>   Start verify ranking function

[xr_1 = 0, xr_2 = 0, xr_0 = 19/2500]
ranking function :  - 0.0066 *  x[0]^1.0 + 0.0004 *  x[1]^1.0 - 0.0011 *  x[2]^1.0 + 0.9057 * 1

2019-05-03-03-36-00   >>>>   End verify ranking function

verifying time = 7.840 ms


Not Found Ranking Fcuntion

Conterexample is 

[0.0076, 0, 0]

sampling time = 1.028 ms


       ########################################         

iteration 16 with 252 examples

2019-05-03-03-36-00   >>>>   Start train ranking function

2019-05-03-03-36-00   >>>>   End train ranking function

train_ranking_functioning time = 4.270 ms


2019-05-03-03-36-00   >>>>   Start verify ranking function

[xr_1 = 0, xr_2 = 0, xr_0 = 37/5000]
ranking function :  - 0.0064 *  x[0]^1.0 + 0.0006 *  x[1]^1.0 - 0.0008 *  x[2]^1.0 + 0.9062 * 1

2019-05-03-03-36-00   >>>>   End verify ranking function

verifying time = 7.737 ms


Not Found Ranking Fcuntion

Conterexample is 

[0.0074, 0, 0]

sampling time = 1.023 ms


       ########################################         

iteration 17 with 254 examples

2019-05-03-03-36-00   >>>>   Start train ranking function

2019-05-03-03-36-00   >>>>   End train ranking function

train_ranking_functioning time = 4.360 ms


2019-05-03-03-36-00   >>>>   Start verify ranking function

[xr_1 = 0, xr_2 = 0, xr_0 = 53/10000]
ranking function :  - 0.0043 *  x[0]^1.0 + 0.0014 *  x[1]^1.0 - 0.0011 *  x[2]^1.0 + 0.9246 * 1

2019-05-03-03-36-00   >>>>   End verify ranking function

verifying time = 7.648 ms


Not Found Ranking Fcuntion

Conterexample is 

[0.0053, 0, 0]

sampling time = 1.036 ms


       ########################################         

iteration 18 with 256 examples

2019-05-03-03-36-00   >>>>   Start train ranking function

2019-05-03-03-36-00   >>>>   End train ranking function

train_ranking_functioning time = 4.306 ms


2019-05-03-03-36-00   >>>>   Start verify ranking function

[xr_1 = 0, xr_2 = 0, xr_0 = 3/500]
ranking function :  - 0.005 *  x[0]^1.0 + 0.0012 *  x[1]^1.0 - 0.0012 *  x[2]^1.0 + 0.9069 * 1

2019-05-03-03-36-00   >>>>   End verify ranking function

verifying time = 7.647 ms


Not Found Ranking Fcuntion

Conterexample is 

[0.006, 0, 0]

sampling time = 1.026 ms


       ########################################         

iteration 19 with 258 examples

2019-05-03-03-36-00   >>>>   Start train ranking function

2019-05-03-03-36-00   >>>>   End train ranking function

train_ranking_functioning time = 4.233 ms


2019-05-03-03-36-00   >>>>   Start verify ranking function

[xr_1 = 0, xr_2 = 0, xr_0 = 31/5000]
ranking function :  - 0.0052 *  x[0]^1.0 + 0.0009 *  x[1]^1.0 - 0.0011 *  x[2]^1.0 + 0.8783 * 1

2019-05-03-03-36-00   >>>>   End verify ranking function

verifying time = 7.627 ms


Not Found Ranking Fcuntion

Conterexample is 

[0.0062, 0, 0]

sampling time = 1.026 ms


       ########################################         

iteration 20 with 260 examples

2019-05-03-03-36-00   >>>>   Start train ranking function

2019-05-03-03-36-00   >>>>   End train ranking function

train_ranking_functioning time = 4.109 ms


2019-05-03-03-36-00   >>>>   Start verify ranking function

[xr_1 = 0, xr_2 = 0, xr_0 = 91/10000]
ranking function :  - 0.0081 *  x[0]^1.0 + 0.0007 *  x[1]^1.0 - 0.0007 *  x[2]^1.0 + 0.9061 * 1

2019-05-03-03-36-00   >>>>   End verify ranking function

verifying time = 7.683 ms


Not Found Ranking Fcuntion

Conterexample is 

[0.0091, 0, 0]

sampling time = 1.013 ms


       ########################################         

iteration 21 with 262 examples

2019-05-03-03-36-00   >>>>   Start train ranking function

2019-05-03-03-36-00   >>>>   End train ranking function

train_ranking_functioning time = 4.352 ms


2019-05-03-03-36-00   >>>>   Start verify ranking function

[xr_1 = 0, xr_2 = 0, xr_0 = 11/2000]
ranking function :  - 0.0045 *  x[0]^1.0 + 0.0017 *  x[1]^1.0 - 0.0012 *  x[2]^1.0 + 0.9074 * 1

2019-05-03-03-36-00   >>>>   End verify ranking function

verifying time = 7.629 ms


Not Found Ranking Fcuntion

Conterexample is 

[0.0055, 0, 0]

sampling time = 1.037 ms


       ########################################         

iteration 22 with 264 examples

2019-05-03-03-36-00   >>>>   Start train ranking function

2019-05-03-03-36-00   >>>>   End train ranking function

train_ranking_functioning time = 4.650 ms


2019-05-03-03-36-00   >>>>   Start verify ranking function

[xr_1 = 0, xr_2 = 0, xr_0 = 29/10000]
ranking function :  - 0.0019 *  x[0]^1.0 + 0.0018 *  x[1]^1.0 + 0.0001 *  x[2]^1.0 + 0.8796 * 1

2019-05-03-03-36-00   >>>>   End verify ranking function

verifying time = 7.921 ms


Not Found Ranking Fcuntion

Conterexample is 

[0.0029, 0, 0]

sampling time = 1.121 ms


       ########################################         

iteration 23 with 266 examples

2019-05-03-03-36-00   >>>>   Start train ranking function

2019-05-03-03-36-00   >>>>   End train ranking function

train_ranking_functioning time = 4.195 ms


2019-05-03-03-36-00   >>>>   Start verify ranking function

[xr_1 = 0, xr_2 = 0, xr_0 = 23/2500]
ranking function :  - 0.0082 *  x[0]^1.0 + 0.0004 *  x[1]^1.0 - 0.0005 *  x[2]^1.0 + 0.8777 * 1

2019-05-03-03-36-00   >>>>   End verify ranking function

verifying time = 7.836 ms


Not Found Ranking Fcuntion

Conterexample is 

[0.0092, 0, 0]

sampling time = 1.023 ms


       ########################################         

iteration 24 with 268 examples

2019-05-03-03-36-00   >>>>   Start train ranking function

2019-05-03-03-36-00   >>>>   End train ranking function

train_ranking_functioning time = 4.387 ms


2019-05-03-03-36-00   >>>>   Start verify ranking function

[xr_1 = 0, xr_2 = 0, xr_0 = 67/10000]
ranking function :  - 0.0057 *  x[0]^1.0 + 0.0002 *  x[1]^1.0 - 0.0014 *  x[2]^1.0 + 0.8779 * 1

2019-05-03-03-36-00   >>>>   End verify ranking function

verifying time = 7.723 ms


Not Found Ranking Fcuntion

Conterexample is 

[0.0067, 0, 0]

sampling time = 1.031 ms


Failed to prove it is terminated

UNKNOWN
------Using Template 1 -----------
4 [4]
*****************************************************

2019-05-03-03-36-00   >>>>   End sampling point

sampling time = 130.724 ms,


       ########################################         

iteration 0 with 220 examples

2019-05-03-03-36-00   >>>>   Start train ranking function

2019-05-03-03-36-00   >>>>   End train ranking function

train_ranking_functioning time = 6.768 ms


2019-05-03-03-36-00   >>>>   Start verify ranking function

[xr_0 = 1, xr_1 = 1/8, xr_2 = 1/2]
ranking function :  - 0.0212 *  x[0]^2.0 *  x[1]^-1.0 *  x[2]^-1.0 - 0.0021 *  x[0]^3.0 *  x[1]^-3.0 + 1.1925 *  x[0]^-0.5 *  x[2]^-0.5 - 0.0477 *  x[0]^3.0 *  x[1]^3.0 *  x[2]^1.0

2019-05-03-03-36-00   >>>>   End verify ranking function

verifying time = 40.244 ms


Not Found Ranking Fcuntion

Conterexample is 

[1, 0.125, 0.5]

sampling time = 1.349 ms


       ########################################         

iteration 1 with 222 examples

2019-05-03-03-36-00   >>>>   Start train ranking function

2019-05-03-03-36-00   >>>>   End train ranking function

train_ranking_functioning time = 7.564 ms


2019-05-03-03-36-00   >>>>   Start verify ranking function

[xr_0 = 307, xr_1 = 1/8, xr_2 = 1/2]
ranking function : 0.0102 *  x[0]^2.0 *  x[1]^-1.0 *  x[2]^-1.0 + 1.1964 *  x[0]^-0.5 *  x[2]^-0.5 - 0.054 *  x[0]^3.0 *  x[1]^3.0 *  x[2]^1.0

2019-05-03-03-36-00   >>>>   End verify ranking function

verifying time = 26.170 ms


Not Found Ranking Fcuntion

Conterexample is 

[307, 0.125, 0.5]

sampling time = 1.233 ms


       ########################################         

iteration 2 with 224 examples

2019-05-03-03-36-00   >>>>   Start train ranking function

2019-05-03-03-36-00   >>>>   End train ranking function

train_ranking_functioning time = 7.165 ms


2019-05-03-03-36-00   >>>>   Start verify ranking function

[xr_0 = 1/4, xr_1 = 1/8, xr_2 = 1/2]
ranking function :  - 0.011 *  x[0]^2.0 *  x[1]^-1.0 *  x[2]^-1.0 + 0.0011 *  x[0]^3.0 *  x[1]^-3.0 + 1.1981 *  x[0]^-0.5 *  x[2]^-0.5 - 0.0619 *  x[0]^3.0 *  x[1]^3.0 *  x[2]^1.0

2019-05-03-03-36-00   >>>>   End verify ranking function

verifying time = 52.870 ms


Not Found Ranking Fcuntion

Conterexample is 

[0.25, 0.125, 0.5]

sampling time = 1.168 ms


       ########################################         

iteration 3 with 226 examples

2019-05-03-03-36-00   >>>>   Start train ranking function

2019-05-03-03-36-00   >>>>   End train ranking function

train_ranking_functioning time = 7.266 ms


2019-05-03-03-36-00   >>>>   Start verify ranking function

[xr_0 = 1/4, xr_1 = 1/8, xr_2 = 1/2]
ranking function :  - 0.0241 *  x[0]^2.0 *  x[1]^-1.0 *  x[2]^-1.0 + 0.016 *  x[0]^3.0 *  x[1]^-3.0 + 1.1959 *  x[0]^-0.5 *  x[2]^-0.5 - 0.0461 *  x[0]^3.0 *  x[1]^3.0 *  x[2]^1.0

2019-05-03-03-36-00   >>>>   End verify ranking function

verifying time = 51.910 ms


Not Found Ranking Fcuntion

Conterexample is 

[0.25, 0.125, 0.5]

sampling time = 1.183 ms


       ########################################         

iteration 4 with 228 examples

2019-05-03-03-36-00   >>>>   Start train ranking function

2019-05-03-03-36-00   >>>>   End train ranking function

train_ranking_functioning time = 7.540 ms


2019-05-03-03-36-00   >>>>   Start verify ranking function

[xr_0 = 1, xr_1 = 1/8, xr_2 = 1/2]
ranking function : 0.0043 *  x[0]^2.0 *  x[1]^-1.0 *  x[2]^-1.0 - 0.0003 *  x[0]^3.0 *  x[1]^-3.0 + 1.1851 *  x[0]^-0.5 *  x[2]^-0.5 - 0.0567 *  x[0]^3.0 *  x[1]^3.0 *  x[2]^1.0

2019-05-03-03-36-01   >>>>   End verify ranking function

verifying time = 41.858 ms


Not Found Ranking Fcuntion

Conterexample is 

[1, 0.125, 0.5]

sampling time = 1.181 ms


       ########################################         

iteration 5 with 230 examples

2019-05-03-03-36-01   >>>>   Start train ranking function

2019-05-03-03-36-01   >>>>   End train ranking function

train_ranking_functioning time = 7.629 ms


2019-05-03-03-36-01   >>>>   Start verify ranking function

[xr_0 = 1/4, xr_1 = 1/8, xr_2 = 1/2]
ranking function :  - 0.0258 *  x[0]^2.0 *  x[1]^-1.0 *  x[2]^-1.0 + 0.0066 *  x[0]^3.0 *  x[1]^-3.0 + 1.1789 *  x[0]^-0.5 *  x[2]^-0.5 - 0.0528 *  x[0]^3.0 *  x[1]^3.0 *  x[2]^1.0

2019-05-03-03-36-01   >>>>   End verify ranking function

verifying time = 51.626 ms


Not Found Ranking Fcuntion

Conterexample is 

[0.25, 0.125, 0.5]

sampling time = 1.226 ms


       ########################################         

iteration 6 with 232 examples

2019-05-03-03-36-01   >>>>   Start train ranking function

2019-05-03-03-36-01   >>>>   End train ranking function

train_ranking_functioning time = 7.719 ms


2019-05-03-03-36-01   >>>>   Start verify ranking function

[xr_0 = 1/4, xr_1 = 1/8, xr_2 = 1/2]
ranking function :  - 0.0143 *  x[0]^2.0 *  x[1]^-1.0 *  x[2]^-1.0 + 0.0017 *  x[0]^3.0 *  x[1]^-3.0 + 1.1786 *  x[0]^-0.5 *  x[2]^-0.5 - 0.0447 *  x[0]^3.0 *  x[1]^3.0 *  x[2]^1.0

2019-05-03-03-36-01   >>>>   End verify ranking function

verifying time = 52.585 ms


Not Found Ranking Fcuntion

Conterexample is 

[0.25, 0.125, 0.5]

sampling time = 1.174 ms


       ########################################         

iteration 7 with 234 examples

2019-05-03-03-36-01   >>>>   Start train ranking function

2019-05-03-03-36-01   >>>>   End train ranking function

train_ranking_functioning time = 7.610 ms


2019-05-03-03-36-01   >>>>   Start verify ranking function

[xr_0 = 1, xr_1 = 1/8, xr_2 = 1/2]
ranking function :  - 0.0043 *  x[0]^2.0 *  x[1]^-1.0 *  x[2]^-1.0 - 0.0102 *  x[0]^3.0 *  x[1]^-3.0 + 1.1798 *  x[0]^-0.5 *  x[2]^-0.5 - 0.0507 *  x[0]^3.0 *  x[1]^3.0 *  x[2]^1.0

2019-05-03-03-36-01   >>>>   End verify ranking function

verifying time = 41.806 ms


Not Found Ranking Fcuntion

Conterexample is 

[1, 0.125, 0.5]

sampling time = 1.177 ms


       ########################################         

iteration 8 with 236 examples

2019-05-03-03-36-01   >>>>   Start train ranking function

2019-05-03-03-36-01   >>>>   End train ranking function

train_ranking_functioning time = 7.925 ms


2019-05-03-03-36-01   >>>>   Start verify ranking function

[xr_0 = 1, xr_1 = 1/8, xr_2 = 1/2]
ranking function :  - 0.0176 *  x[0]^2.0 *  x[1]^-1.0 *  x[2]^-1.0 - 0.003 *  x[0]^3.0 *  x[1]^-3.0 + 1.1742 *  x[0]^-0.5 *  x[2]^-0.5 - 0.0509 *  x[0]^3.0 *  x[1]^3.0 *  x[2]^1.0

2019-05-03-03-36-01   >>>>   End verify ranking function

verifying time = 39.246 ms


Not Found Ranking Fcuntion

Conterexample is 

[1, 0.125, 0.5]

sampling time = 1.174 ms


       ########################################         

iteration 9 with 238 examples

2019-05-03-03-36-01   >>>>   Start train ranking function

2019-05-03-03-36-01   >>>>   End train ranking function

train_ranking_functioning time = 7.847 ms


2019-05-03-03-36-01   >>>>   Start verify ranking function

[xr_0 = 1, xr_1 = 1/8, xr_2 = 1/2]
ranking function :  - 0.0181 *  x[0]^2.0 *  x[1]^-1.0 *  x[2]^-1.0 - 0.0019 *  x[0]^3.0 *  x[1]^-3.0 + 1.181 *  x[0]^-0.5 *  x[2]^-0.5 - 0.05 *  x[0]^3.0 *  x[1]^3.0 *  x[2]^1.0

2019-05-03-03-36-01   >>>>   End verify ranking function

verifying time = 39.306 ms


Not Found Ranking Fcuntion

Conterexample is 

[1, 0.125, 0.5]

sampling time = 1.210 ms


       ########################################         

iteration 10 with 240 examples

2019-05-03-03-36-01   >>>>   Start train ranking function

2019-05-03-03-36-01   >>>>   End train ranking function

train_ranking_functioning time = 8.006 ms


2019-05-03-03-36-01   >>>>   Start verify ranking function

[xr_0 = 1/4, xr_1 = 1/8, xr_2 = 1/2]
ranking function :  - 0.0087 *  x[0]^2.0 *  x[1]^-1.0 *  x[2]^-1.0 + 0.0165 *  x[0]^3.0 *  x[1]^-3.0 + 1.1815 *  x[0]^-0.5 *  x[2]^-0.5 - 0.0572 *  x[0]^3.0 *  x[1]^3.0 *  x[2]^1.0

2019-05-03-03-36-01   >>>>   End verify ranking function

verifying time = 41.196 ms


Not Found Ranking Fcuntion

Conterexample is 

[0.25, 0.125, 0.5]

sampling time = 1.171 ms


       ########################################         

iteration 11 with 242 examples

2019-05-03-03-36-01   >>>>   Start train ranking function

2019-05-03-03-36-01   >>>>   End train ranking function

train_ranking_functioning time = 8.121 ms


2019-05-03-03-36-01   >>>>   Start verify ranking function

[xr_0 = 1, xr_1 = 1/8, xr_2 = 1/2]
ranking function :  - 0.0172 *  x[0]^2.0 *  x[1]^-1.0 *  x[2]^-1.0 - 0.0001 *  x[0]^3.0 *  x[1]^-3.0 + 1.177 *  x[0]^-0.5 *  x[2]^-0.5 - 0.0452 *  x[0]^3.0 *  x[1]^3.0 *  x[2]^1.0

2019-05-03-03-36-01   >>>>   End verify ranking function

verifying time = 46.456 ms


Not Found Ranking Fcuntion

Conterexample is 

[1, 0.125, 0.5]

sampling time = 1.229 ms


       ########################################         

iteration 12 with 244 examples

2019-05-03-03-36-01   >>>>   Start train ranking function

2019-05-03-03-36-01   >>>>   End train ranking function

train_ranking_functioning time = 8.215 ms


2019-05-03-03-36-01   >>>>   Start verify ranking function

[xr_0 = 1, xr_1 = 1/8, xr_2 = 1/2]
ranking function :  - 0.019 *  x[0]^2.0 *  x[1]^-1.0 *  x[2]^-1.0 - 0.0014 *  x[0]^3.0 *  x[1]^-3.0 + 1.1649 *  x[0]^-0.5 *  x[2]^-0.5 - 0.0457 *  x[0]^3.0 *  x[1]^3.0 *  x[2]^1.0

2019-05-03-03-36-01   >>>>   End verify ranking function

verifying time = 43.047 ms


Not Found Ranking Fcuntion

Conterexample is 

[1, 0.125, 0.5]

sampling time = 1.198 ms


       ########################################         

iteration 13 with 246 examples

2019-05-03-03-36-01   >>>>   Start train ranking function

2019-05-03-03-36-01   >>>>   End train ranking function

train_ranking_functioning time = 8.154 ms


2019-05-03-03-36-01   >>>>   Start verify ranking function

[xr_0 = 1/2, xr_1 = 1/8, xr_2 = 1/2]
ranking function :  - 0.0178 *  x[0]^2.0 *  x[1]^-1.0 *  x[2]^-1.0 + 0.0013 *  x[0]^3.0 *  x[1]^-3.0 + 1.1751 *  x[0]^-0.5 *  x[2]^-0.5 - 0.0498 *  x[0]^3.0 *  x[1]^3.0 *  x[2]^1.0

2019-05-03-03-36-01   >>>>   End verify ranking function

verifying time = 142.428 ms


Not Found Ranking Fcuntion

Conterexample is 

[0.5, 0.125, 0.5]

sampling time = 1.738 ms


       ########################################         

iteration 14 with 248 examples

2019-05-03-03-36-01   >>>>   Start train ranking function

2019-05-03-03-36-01   >>>>   End train ranking function

train_ranking_functioning time = 8.978 ms


2019-05-03-03-36-01   >>>>   Start verify ranking function

[xr_0 = 1/2, xr_1 = 1/8, xr_2 = 1/2]
ranking function :  - 0.0148 *  x[0]^2.0 *  x[1]^-1.0 *  x[2]^-1.0 + 0.001 *  x[0]^3.0 *  x[1]^-3.0 + 1.166 *  x[0]^-0.5 *  x[2]^-0.5 - 0.0482 *  x[0]^3.0 *  x[1]^3.0 *  x[2]^1.0

2019-05-03-03-36-01   >>>>   End verify ranking function

verifying time = 56.102 ms


Not Found Ranking Fcuntion

Conterexample is 

[0.5, 0.125, 0.5]

sampling time = 1.304 ms


       ########################################         

iteration 15 with 250 examples

2019-05-03-03-36-01   >>>>   Start train ranking function

2019-05-03-03-36-01   >>>>   End train ranking function

train_ranking_functioning time = 9.146 ms


2019-05-03-03-36-01   >>>>   Start verify ranking function

[xr_0 = 1/2, xr_1 = 1/8, xr_2 = 1/2]
ranking function :  - 0.017 *  x[0]^2.0 *  x[1]^-1.0 *  x[2]^-1.0 + 0.0008 *  x[0]^3.0 *  x[1]^-3.0 + 1.1698 *  x[0]^-0.5 *  x[2]^-0.5 - 0.0508 *  x[0]^3.0 *  x[1]^3.0 *  x[2]^1.0

2019-05-03-03-36-01   >>>>   End verify ranking function

verifying time = 56.127 ms


Not Found Ranking Fcuntion

Conterexample is 

[0.5, 0.125, 0.5]

sampling time = 1.244 ms


       ########################################         

iteration 16 with 252 examples

2019-05-03-03-36-01   >>>>   Start train ranking function

2019-05-03-03-36-01   >>>>   End train ranking function

train_ranking_functioning time = 8.785 ms


2019-05-03-03-36-01   >>>>   Start verify ranking function

[xr_0 = 1/4, xr_1 = 1/8, xr_2 = 1/2]
ranking function :  - 0.0054 *  x[0]^2.0 *  x[1]^-1.0 *  x[2]^-1.0 + 0.0021 *  x[0]^3.0 *  x[1]^-3.0 + 1.1657 *  x[0]^-0.5 *  x[2]^-0.5 - 0.0476 *  x[0]^3.0 *  x[1]^3.0 *  x[2]^1.0

2019-05-03-03-36-01   >>>>   End verify ranking function

verifying time = 54.362 ms


Not Found Ranking Fcuntion

Conterexample is 

[0.25, 0.125, 0.5]

sampling time = 1.240 ms


       ########################################         

iteration 17 with 254 examples

2019-05-03-03-36-01   >>>>   Start train ranking function

2019-05-03-03-36-01   >>>>   End train ranking function

train_ranking_functioning time = 9.173 ms


2019-05-03-03-36-01   >>>>   Start verify ranking function

[xr_0 = 1/8, xr_1 = 1/8, xr_2 = 1/2]
ranking function : 0.0084 *  x[0]^2.0 *  x[1]^-1.0 *  x[2]^-1.0 + 0.016 *  x[0]^3.0 *  x[1]^-3.0 + 1.1677 *  x[0]^-0.5 *  x[2]^-0.5 - 0.0432 *  x[0]^3.0 *  x[1]^3.0 *  x[2]^1.0

2019-05-03-03-36-01   >>>>   End verify ranking function

verifying time = 52.585 ms


Not Found Ranking Fcuntion

Conterexample is 

[0.125, 0.125, 0.5]

sampling time = 1.235 ms


       ########################################         

iteration 18 with 256 examples

2019-05-03-03-36-01   >>>>   Start train ranking function

2019-05-03-03-36-01   >>>>   End train ranking function

train_ranking_functioning time = 8.578 ms


2019-05-03-03-36-01   >>>>   Start verify ranking function

[xr_0 = 1, xr_1 = 1/8, xr_2 = 1/2]
ranking function :  - 0.0155 *  x[0]^2.0 *  x[1]^-1.0 *  x[2]^-1.0 - 0.002 *  x[0]^3.0 *  x[1]^-3.0 + 1.1569 *  x[0]^-0.5 *  x[2]^-0.5 - 0.0501 *  x[0]^3.0 *  x[1]^3.0 *  x[2]^1.0

2019-05-03-03-36-01   >>>>   End verify ranking function

verifying time = 40.612 ms


Not Found Ranking Fcuntion

Conterexample is 

[1, 0.125, 0.5]

sampling time = 1.230 ms


       ########################################         

iteration 19 with 258 examples

2019-05-03-03-36-01   >>>>   Start train ranking function

2019-05-03-03-36-01   >>>>   End train ranking function

train_ranking_functioning time = 8.606 ms


2019-05-03-03-36-01   >>>>   Start verify ranking function

[xr_0 = 1, xr_1 = 1/8, xr_2 = 1/2]
ranking function :  - 0.016 *  x[0]^2.0 *  x[1]^-1.0 *  x[2]^-1.0 - 0.0005 *  x[0]^3.0 *  x[1]^-3.0 + 1.1554 *  x[0]^-0.5 *  x[2]^-0.5 - 0.0483 *  x[0]^3.0 *  x[1]^3.0 *  x[2]^1.0

2019-05-03-03-36-02   >>>>   End verify ranking function

verifying time = 48.090 ms


Not Found Ranking Fcuntion

Conterexample is 

[1, 0.125, 0.5]

sampling time = 1.313 ms


       ########################################         

iteration 20 with 260 examples

2019-05-03-03-36-02   >>>>   Start train ranking function

2019-05-03-03-36-02   >>>>   End train ranking function

train_ranking_functioning time = 8.803 ms


2019-05-03-03-36-02   >>>>   Start verify ranking function

[xr_0 = 1, xr_1 = 1/8, xr_2 = 1/2]
ranking function :  - 0.0156 *  x[0]^2.0 *  x[1]^-1.0 *  x[2]^-1.0 + 0.0002 *  x[0]^3.0 *  x[1]^-3.0 + 1.1647 *  x[0]^-0.5 *  x[2]^-0.5 - 0.0478 *  x[0]^3.0 *  x[1]^3.0 *  x[2]^1.0

2019-05-03-03-36-02   >>>>   End verify ranking function

verifying time = 41.180 ms


Not Found Ranking Fcuntion

Conterexample is 

[1, 0.125, 0.5]

sampling time = 1.220 ms


       ########################################         

iteration 21 with 262 examples

2019-05-03-03-36-02   >>>>   Start train ranking function

2019-05-03-03-36-02   >>>>   End train ranking function

train_ranking_functioning time = 9.296 ms


2019-05-03-03-36-02   >>>>   Start verify ranking function

[xr_0 = 1/4, xr_1 = 1/8, xr_2 = 1/2]
ranking function :  - 0.0261 *  x[0]^2.0 *  x[1]^-1.0 *  x[2]^-1.0 + 0.0155 *  x[0]^3.0 *  x[1]^-3.0 + 1.1593 *  x[0]^-0.5 *  x[2]^-0.5 - 0.0535 *  x[0]^3.0 *  x[1]^3.0 *  x[2]^1.0

2019-05-03-03-36-02   >>>>   End verify ranking function

verifying time = 42.199 ms


Not Found Ranking Fcuntion

Conterexample is 

[0.25, 0.125, 0.5]

sampling time = 1.191 ms


       ########################################         

iteration 22 with 264 examples

2019-05-03-03-36-02   >>>>   Start train ranking function

2019-05-03-03-36-02   >>>>   End train ranking function

train_ranking_functioning time = 9.064 ms


2019-05-03-03-36-02   >>>>   Start verify ranking function

[xr_0 = 1, xr_1 = 1/8, xr_2 = 1/2]
ranking function :  - 0.0131 *  x[0]^2.0 *  x[1]^-1.0 *  x[2]^-1.0 - 0.0013 *  x[0]^3.0 *  x[1]^-3.0 + 1.1525 *  x[0]^-0.5 *  x[2]^-0.5 - 0.0519 *  x[0]^3.0 *  x[1]^3.0 *  x[2]^1.0

2019-05-03-03-36-02   >>>>   End verify ranking function

verifying time = 40.457 ms


Not Found Ranking Fcuntion

Conterexample is 

[1, 0.125, 0.5]

sampling time = 1.184 ms


       ########################################         

iteration 23 with 266 examples

2019-05-03-03-36-02   >>>>   Start train ranking function

2019-05-03-03-36-02   >>>>   End train ranking function

train_ranking_functioning time = 9.013 ms


2019-05-03-03-36-02   >>>>   Start verify ranking function

[xr_0 = 1, xr_1 = 1/8, xr_2 = 1/2]
ranking function :  - 0.0139 *  x[0]^2.0 *  x[1]^-1.0 *  x[2]^-1.0 - 0.0026 *  x[0]^3.0 *  x[1]^-3.0 + 1.1503 *  x[0]^-0.5 *  x[2]^-0.5 - 0.0504 *  x[0]^3.0 *  x[1]^3.0 *  x[2]^1.0

2019-05-03-03-36-58   >>>>   End verify ranking function

verifying time = 55875.058 ms


Not Found Ranking Fcuntion

Conterexample is 

[1, 0.125, 0.5]

sampling time = 1.183 ms


       ########################################         

iteration 24 with 268 examples

2019-05-03-03-36-58   >>>>   Start train ranking function

2019-05-03-03-36-58   >>>>   End train ranking function

train_ranking_functioning time = 9.165 ms


2019-05-03-03-36-58   >>>>   Start verify ranking function

[xr_0 = 7/8, xr_1 = 1/8, xr_2 = 1/2]
ranking function :  - 0.0176 *  x[0]^2.0 *  x[1]^-1.0 *  x[2]^-1.0 + 0.0006 *  x[0]^3.0 *  x[1]^-3.0 + 1.1483 *  x[0]^-0.5 *  x[2]^-0.5 - 0.047 *  x[0]^3.0 *  x[1]^3.0 *  x[2]^1.0

2019-05-03-03-36-58   >>>>   End verify ranking function

verifying time = 63.391 ms


Not Found Ranking Fcuntion

Conterexample is 

[0.875, 0.125, 0.5]

sampling time = 1.189 ms


Failed to prove it is terminated

UNKNOWN
------Using Template 2 -----------
12 [4, 4, 4]
*****************************************************

2019-05-03-03-36-58   >>>>   End sampling point

sampling time = 324.343 ms,


       ########################################         

iteration 0 with 440 examples

2019-05-03-03-36-58   >>>>   Start train ranking function

2019-05-03-03-36-58   >>>>   End train ranking function

train_ranking_functioning time = 1.016 ms


2019-05-03-03-36-58   >>>>   Start verify ranking function

[xr_1 = 0, xr_2 = -49695/139, xr_0 = 1]
ranking function : 0.9888 *  x[0]^1.0 + 0.4936 *  x[1]^1.0 - 0.9733 *  x[2]^1.0 + 0.6174 * 1; 0.6115 *  x[0]^1.0 + 0.5725 *  x[1]^1.0 + 0.1382 *  x[2]^1.0 + 0.3919 * 1; 0.5429 *  x[0]^1.0 - 0.013 *  x[1]^1.0 + 0.0022 *  x[2]^1.0 + 0.8245 * 1

2019-05-03-03-36-58   >>>>   End verify ranking function

verifying time = 7.889 ms


Not Found Ranking Fcuntion

Conterexample is 

[1, 0, -357.51798561151077]

sampling time = 2.904 ms


       ########################################         

iteration 1 with 444 examples

2019-05-03-03-36-58   >>>>   Start train ranking function

2019-05-03-03-36-58   >>>>   End train ranking function

train_ranking_functioning time = 4.785 ms


2019-05-03-03-36-58   >>>>   Start verify ranking function

[xr_1 = 24845/154, xr_2 = 0, xr_0 = 1]
ranking function : 0.9886 *  x[0]^1.0 + 0.4881 *  x[1]^1.0 - 0.9763 *  x[2]^1.0 + 0.5882 * 1; 0.6901 *  x[0]^1.0 + 0.59 *  x[1]^1.0 + 0.0207 *  x[2]^1.0 + 0.4088 * 1; 0.4892 *  x[0]^1.0 - 0.0201 *  x[1]^1.0 - 0.0074 *  x[2]^1.0 + 0.8474 * 1

2019-05-03-03-36-58   >>>>   End verify ranking function

verifying time = 7.992 ms


Not Found Ranking Fcuntion

Conterexample is 

[1, 161.33116883116884, 0]

sampling time = 2.903 ms


       ########################################         

iteration 2 with 448 examples

2019-05-03-03-36-58   >>>>   Start train ranking function

2019-05-03-03-36-58   >>>>   End train ranking function

train_ranking_functioning time = 5.855 ms


2019-05-03-03-36-58   >>>>   Start verify ranking function

[xr_1 = 0, xr_2 = 99285/2, xr_0 = 1]
ranking function : 0.9867 *  x[0]^1.0 + 0.4932 *  x[1]^1.0 - 0.9865 *  x[2]^1.0 + 0.5931 * 1; 0.7067 *  x[0]^1.0 + 0.5906 *  x[1]^1.0 + 0.0048 *  x[2]^1.0 + 0.4168 * 1; 0.4792 *  x[0]^1.0 - 0.002 *  x[1]^1.0 - 0.0039 *  x[2]^1.0 + 0.8362 * 1

2019-05-03-03-36-58   >>>>   End verify ranking function

verifying time = 7.892 ms


Not Found Ranking Fcuntion

Conterexample is 

[1, 0, 49642.5]

sampling time = 3.010 ms


       ########################################         

iteration 3 with 452 examples

2019-05-03-03-36-58   >>>>   Start train ranking function

2019-05-03-03-36-58   >>>>   End train ranking function

train_ranking_functioning time = 5.685 ms


2019-05-03-03-36-58   >>>>   Start verify ranking function

[xr_1 = 0, xr_2 = 24735, xr_0 = 1]
ranking function : 0.9798 *  x[0]^1.0 + 0.4896 *  x[1]^1.0 - 0.9794 *  x[2]^1.0 + 0.2958 * 1; 0.6863 *  x[0]^1.0 + 1.2214 *  x[1]^1.0 + 0.0056 *  x[2]^1.0 + 0.3784 * 1; 0.8205 *  x[0]^1.0 - 0.0039 *  x[1]^1.0 + 0.8013 * 1

2019-05-03-03-36-58   >>>>   End verify ranking function

verifying time = 7.995 ms


Not Found Ranking Fcuntion

Conterexample is 

[1, 0, 24735]

sampling time = 2.903 ms


       ########################################         

iteration 4 with 456 examples

2019-05-03-03-36-58   >>>>   Start train ranking function

2019-05-03-03-36-58   >>>>   End train ranking function

train_ranking_functioning time = 5.534 ms


2019-05-03-03-36-58   >>>>   Start verify ranking function

[xr_1 = 9794/5, xr_0 = 1]
ranking function : 0.9799 *  x[0]^1.0 + 0.4897 *  x[1]^1.0 - 0.9794 *  x[2]^1.0 + 0.2958 * 1; 0.6863 *  x[0]^1.0 + 1.2214 *  x[1]^1.0 + 0.0056 *  x[2]^1.0 + 0.3784 * 1; 0.8205 *  x[0]^1.0 - 0.0039 *  x[1]^1.0 + 0.8013 * 1

2019-05-03-03-36-58   >>>>   End verify ranking function

verifying time = 7.754 ms


Not Found Ranking Fcuntion

Conterexample is 

[1, 1958.8, 0]

sampling time = 2.912 ms


       ########################################         

iteration 5 with 460 examples

2019-05-03-03-36-58   >>>>   Start train ranking function

2019-05-03-03-36-58   >>>>   End train ranking function

train_ranking_functioning time = 5.619 ms


2019-05-03-03-36-58   >>>>   Start verify ranking function

[xr_1 = 49470, xr_2 = 0, xr_0 = 1]
ranking function : 0.9798 *  x[0]^1.0 + 0.4898 *  x[1]^1.0 - 0.9798 *  x[2]^1.0 + 0.2944 * 1; 0.6886 *  x[0]^1.0 + 1.2234 *  x[1]^1.0 + 0.0028 *  x[2]^1.0 + 0.3812 * 1; 0.8205 *  x[0]^1.0 - 0.0003 *  x[1]^1.0 + 0.8001 * 1

2019-05-03-03-36-58   >>>>   End verify ranking function

verifying time = 7.888 ms


Not Found Ranking Fcuntion

Conterexample is 

[1, 49470, 0]

sampling time = 2.892 ms


       ########################################         

iteration 6 with 464 examples

2019-05-03-03-36-58   >>>>   Start train ranking function

2019-05-03-03-36-58   >>>>   End train ranking function

train_ranking_functioning time = 5.685 ms


2019-05-03-03-36-58   >>>>   Start verify ranking function

[xr_1 = 0, xr_2 = 98935/4, xr_0 = 1]
ranking function : 0.9797 *  x[0]^1.0 + 0.4898 *  x[1]^1.0 - 0.9798 *  x[2]^1.0 + 0.2944 * 1; 0.6887 *  x[0]^1.0 + 1.2234 *  x[1]^1.0 + 0.0026 *  x[2]^1.0 + 0.3814 * 1; 0.8205 *  x[0]^1.0 - 0.0001 *  x[1]^1.0 + 0.8 * 1

2019-05-03-03-36-58   >>>>   End verify ranking function

verifying time = 7.953 ms


Not Found Ranking Fcuntion

Conterexample is 

[1, 0, 24733.75]

sampling time = 2.909 ms


       ########################################         

iteration 7 with 468 examples

2019-05-03-03-36-58   >>>>   Start train ranking function

2019-05-03-03-36-58   >>>>   End train ranking function

train_ranking_functioning time = 6.170 ms


2019-05-03-03-36-58   >>>>   Start verify ranking function

[xr_1 = -98935/3, xr_2 = 0, xr_0 = 1]
ranking function : 0.9797 *  x[0]^1.0 + 0.4898 *  x[1]^1.0 - 0.9798 *  x[2]^1.0 + 0.2944 * 1; 0.6887 *  x[0]^1.0 + 1.2234 *  x[1]^1.0 + 0.0026 *  x[2]^1.0 + 0.3813 * 1; 0.8205 *  x[0]^1.0 - 0.0003 *  x[1]^1.0 + 0.8 * 1

2019-05-03-03-36-58   >>>>   End verify ranking function

verifying time = 7.873 ms


Not Found Ranking Fcuntion

Conterexample is 

[1, -32978.333333333336, 0]

sampling time = 2.915 ms


       ########################################         

iteration 8 with 472 examples

2019-05-03-03-36-58   >>>>   Start train ranking function

2019-05-03-03-36-58   >>>>   End train ranking function

train_ranking_functioning time = 5.434 ms


2019-05-03-03-36-58   >>>>   Start verify ranking function

[xr_1 = 0, xr_2 = 98555/4, xr_0 = 1]
ranking function : 0.9721 *  x[0]^1.0 + 0.486 *  x[1]^1.0 - 0.9722 *  x[2]^1.0 + 0.0243 * 1; 0.9697 *  x[0]^1.0 + 1.214 *  x[1]^1.0 + 0.0023 *  x[2]^1.0 + 0.006 * 1; 1.2116 *  x[0]^1.0 - 0.0005 *  x[1]^1.0 + 0.0028 *  x[2]^1.0 + 0.8002 * 1

2019-05-03-03-36-58   >>>>   End verify ranking function

verifying time = 7.862 ms


Not Found Ranking Fcuntion

Conterexample is 

[1, 0, 24638.75]

sampling time = 2.987 ms


       ########################################         

iteration 9 with 476 examples

2019-05-03-03-36-58   >>>>   Start train ranking function

2019-05-03-03-36-58   >>>>   End train ranking function

train_ranking_functioning time = 5.854 ms


2019-05-03-03-36-58   >>>>   Start verify ranking function

[xr_1 = -98555/3, xr_2 = 0, xr_0 = 1]
ranking function : 0.9721 *  x[0]^1.0 + 0.486 *  x[1]^1.0 - 0.9722 *  x[2]^1.0 + 0.0242 * 1; 0.9697 *  x[0]^1.0 + 1.214 *  x[1]^1.0 + 0.0024 *  x[2]^1.0 + 0.006 * 1; 1.2116 *  x[0]^1.0 + 0.0028 *  x[2]^1.0 + 0.8001 * 1

2019-05-03-03-36-58   >>>>   End verify ranking function

verifying time = 9.171 ms


Not Found Ranking Fcuntion

Conterexample is 

[1, -32851.666666666664, 0]

sampling time = 3.227 ms


       ########################################         

iteration 10 with 480 examples

2019-05-03-03-36-58   >>>>   Start train ranking function

2019-05-03-03-36-58   >>>>   End train ranking function

train_ranking_functioning time = 7.095 ms


2019-05-03-03-36-58   >>>>   Start verify ranking function

[xr_1 = 0, xr_2 = 98555/4, xr_0 = 1]
ranking function : 0.9721 *  x[0]^1.0 + 0.486 *  x[1]^1.0 - 0.9722 *  x[2]^1.0 + 0.0243 * 1; 0.9697 *  x[0]^1.0 + 1.2141 *  x[1]^1.0 + 0.0024 *  x[2]^1.0 + 0.006 * 1; 1.2116 *  x[0]^1.0 - 0.0005 *  x[1]^1.0 + 0.0028 *  x[2]^1.0 + 0.8001 * 1

2019-05-03-03-36-58   >>>>   End verify ranking function

verifying time = 8.452 ms


Not Found Ranking Fcuntion

Conterexample is 

[1, 0, 24638.75]

sampling time = 2.971 ms


       ########################################         

iteration 11 with 484 examples

2019-05-03-03-36-58   >>>>   Start train ranking function

2019-05-03-03-36-58   >>>>   End train ranking function

train_ranking_functioning time = 7.987 ms


2019-05-03-03-36-58   >>>>   Start verify ranking function

[xr_1 = 0, xr_2 = 98555/4, xr_0 = 1]
ranking function : 0.9721 *  x[0]^1.0 + 0.486 *  x[1]^1.0 - 0.9722 *  x[2]^1.0 + 0.0243 * 1; 0.9697 *  x[0]^1.0 + 1.214 *  x[1]^1.0 + 0.0024 *  x[2]^1.0 + 0.006 * 1; 1.2117 *  x[0]^1.0 + 0.0028 *  x[2]^1.0 + 0.8001 * 1

2019-05-03-03-36-58   >>>>   End verify ranking function

verifying time = 8.129 ms


Not Found Ranking Fcuntion

Conterexample is 

[1, 0, 24638.75]

sampling time = 2.923 ms


       ########################################         

iteration 12 with 488 examples

2019-05-03-03-36-58   >>>>   Start train ranking function

2019-05-03-03-36-58   >>>>   End train ranking function

train_ranking_functioning time = 7.858 ms


2019-05-03-03-36-58   >>>>   Start verify ranking function

[xr_1 = -98555/3, xr_2 = 0, xr_0 = 1]
ranking function : 0.9721 *  x[0]^1.0 + 0.486 *  x[1]^1.0 - 0.9722 *  x[2]^1.0 + 0.0242 * 1; 0.9698 *  x[0]^1.0 + 1.2141 *  x[1]^1.0 + 0.0023 *  x[2]^1.0 + 0.006 * 1; 1.2116 *  x[0]^1.0 - 0.0001 *  x[1]^1.0 + 0.0028 *  x[2]^1.0 + 0.8001 * 1

2019-05-03-03-36-58   >>>>   End verify ranking function

verifying time = 8.099 ms


Not Found Ranking Fcuntion

Conterexample is 

[1, -32851.666666666664, 0]

sampling time = 2.907 ms


       ########################################         

iteration 13 with 492 examples

2019-05-03-03-36-58   >>>>   Start train ranking function

2019-05-03-03-36-58   >>>>   End train ranking function

train_ranking_functioning time = 7.965 ms


2019-05-03-03-36-58   >>>>   Start verify ranking function

[xr_1 = 0, xr_2 = 98555/4, xr_0 = 1]
ranking function : 0.9721 *  x[0]^1.0 + 0.486 *  x[1]^1.0 - 0.9722 *  x[2]^1.0 + 0.0242 * 1; 0.9697 *  x[0]^1.0 + 1.214 *  x[1]^1.0 + 0.0024 *  x[2]^1.0 + 0.006 * 1; 1.2116 *  x[0]^1.0 + 0.0029 *  x[2]^1.0 + 0.8001 * 1

2019-05-03-03-36-58   >>>>   End verify ranking function

verifying time = 7.904 ms


Not Found Ranking Fcuntion

Conterexample is 

[1, 0, 24638.75]

sampling time = 2.935 ms


       ########################################         

iteration 14 with 496 examples

2019-05-03-03-36-58   >>>>   Start train ranking function

2019-05-03-03-36-58   >>>>   End train ranking function

train_ranking_functioning time = 9.005 ms


2019-05-03-03-36-58   >>>>   Start verify ranking function

[xr_1 = 0, xr_2 = 98555/4, xr_0 = 1]
ranking function : 0.9721 *  x[0]^1.0 + 0.486 *  x[1]^1.0 - 0.9722 *  x[2]^1.0 + 0.0243 * 1; 0.9696 *  x[0]^1.0 + 1.214 *  x[1]^1.0 + 0.0024 *  x[2]^1.0 + 0.006 * 1; 1.2115 *  x[0]^1.0 + 0.0028 *  x[2]^1.0 + 0.8001 * 1

2019-05-03-03-36-58   >>>>   End verify ranking function

verifying time = 7.958 ms


Not Found Ranking Fcuntion

Conterexample is 

[1, 0, 24638.75]

sampling time = 2.959 ms


       ########################################         

iteration 15 with 500 examples

2019-05-03-03-36-58   >>>>   Start train ranking function

2019-05-03-03-36-58   >>>>   End train ranking function

train_ranking_functioning time = 9.888 ms


2019-05-03-03-36-58   >>>>   Start verify ranking function

[xr_1 = 0, xr_2 = 98555/4, xr_0 = 1]
ranking function : 0.9721 *  x[0]^1.0 + 0.486 *  x[1]^1.0 - 0.9722 *  x[2]^1.0 + 0.0243 * 1; 0.9696 *  x[0]^1.0 + 1.214 *  x[1]^1.0 + 0.0025 *  x[2]^1.0 + 0.006 * 1; 1.2115 *  x[0]^1.0 - 0.0005 *  x[1]^1.0 + 0.0028 *  x[2]^1.0 + 0.8001 * 1

2019-05-03-03-36-58   >>>>   End verify ranking function

verifying time = 7.948 ms


Not Found Ranking Fcuntion

Conterexample is 

[1, 0, 24638.75]

sampling time = 2.916 ms


       ########################################         

iteration 16 with 504 examples

2019-05-03-03-36-58   >>>>   Start train ranking function

2019-05-03-03-36-58   >>>>   End train ranking function

train_ranking_functioning time = 10.379 ms


2019-05-03-03-36-58   >>>>   Start verify ranking function

[xr_1 = -98555/3, xr_2 = 0, xr_0 = 1]
ranking function : 0.9721 *  x[0]^1.0 + 0.486 *  x[1]^1.0 - 0.9722 *  x[2]^1.0 + 0.0243 * 1; 0.9697 *  x[0]^1.0 + 1.214 *  x[1]^1.0 + 0.0025 *  x[2]^1.0 + 0.006 * 1; 1.2116 *  x[0]^1.0 + 0.0029 *  x[2]^1.0 + 0.8002 * 1

2019-05-03-03-36-58   >>>>   End verify ranking function

verifying time = 7.936 ms


Not Found Ranking Fcuntion

Conterexample is 

[1, -32851.666666666664, 0]

sampling time = 2.915 ms


       ########################################         

iteration 17 with 508 examples

2019-05-03-03-36-58   >>>>   Start train ranking function

2019-05-03-03-36-58   >>>>   End train ranking function

train_ranking_functioning time = 10.652 ms


2019-05-03-03-36-58   >>>>   Start verify ranking function

[xr_1 = 0, xr_2 = 98555/4, xr_0 = 1]
ranking function : 0.9721 *  x[0]^1.0 + 0.486 *  x[1]^1.0 - 0.9722 *  x[2]^1.0 + 0.0244 * 1; 0.9696 *  x[0]^1.0 + 1.2139 *  x[1]^1.0 + 0.0025 *  x[2]^1.0 + 0.006 * 1; 1.2116 *  x[0]^1.0 + 0.0029 *  x[2]^1.0 + 0.8001 * 1

2019-05-03-03-36-58   >>>>   End verify ranking function

verifying time = 7.874 ms


Not Found Ranking Fcuntion

Conterexample is 

[1, 0, 24638.75]

sampling time = 2.905 ms


       ########################################         

iteration 18 with 512 examples

2019-05-03-03-36-58   >>>>   Start train ranking function

2019-05-03-03-36-58   >>>>   End train ranking function

train_ranking_functioning time = 9.742 ms


2019-05-03-03-36-58   >>>>   Start verify ranking function

[xr_1 = 0, xr_2 = 98555/4, xr_0 = 1]
ranking function : 0.9721 *  x[0]^1.0 + 0.486 *  x[1]^1.0 - 0.9722 *  x[2]^1.0 + 0.0243 * 1; 0.9697 *  x[0]^1.0 + 1.214 *  x[1]^1.0 + 0.0023 *  x[2]^1.0 + 0.006 * 1; 1.2117 *  x[0]^1.0 - 0.0001 *  x[1]^1.0 + 0.0028 *  x[2]^1.0 + 0.8001 * 1

2019-05-03-03-36-58   >>>>   End verify ranking function

verifying time = 7.872 ms


Not Found Ranking Fcuntion

Conterexample is 

[1, 0, 24638.75]

sampling time = 2.922 ms


       ########################################         

iteration 19 with 516 examples

2019-05-03-03-36-58   >>>>   Start train ranking function

2019-05-03-03-36-58   >>>>   End train ranking function

train_ranking_functioning time = 11.781 ms


2019-05-03-03-36-58   >>>>   Start verify ranking function

[xr_1 = -98555/3, xr_2 = 0, xr_0 = 1]
ranking function : 0.9721 *  x[0]^1.0 + 0.486 *  x[1]^1.0 - 0.9722 *  x[2]^1.0 + 0.0243 * 1; 0.9697 *  x[0]^1.0 + 1.2141 *  x[1]^1.0 + 0.0023 *  x[2]^1.0 + 0.006 * 1; 1.2116 *  x[0]^1.0 - 0.0005 *  x[1]^1.0 + 0.0028 *  x[2]^1.0 + 0.8001 * 1

2019-05-03-03-36-58   >>>>   End verify ranking function

verifying time = 8.200 ms


Not Found Ranking Fcuntion

Conterexample is 

[1, -32851.666666666664, 0]

sampling time = 2.922 ms


       ########################################         

iteration 20 with 520 examples

2019-05-03-03-36-58   >>>>   Start train ranking function

2019-05-03-03-36-58   >>>>   End train ranking function

train_ranking_functioning time = 12.095 ms


2019-05-03-03-36-58   >>>>   Start verify ranking function

[xr_1 = -98555/3, xr_2 = 0, xr_0 = 1]
ranking function : 0.9721 *  x[0]^1.0 + 0.486 *  x[1]^1.0 - 0.9722 *  x[2]^1.0 + 0.0243 * 1; 0.9697 *  x[0]^1.0 + 1.214 *  x[1]^1.0 + 0.0024 *  x[2]^1.0 + 0.006 * 1; 1.2116 *  x[0]^1.0 - 0.0005 *  x[1]^1.0 + 0.0029 *  x[2]^1.0 + 0.8001 * 1
