------Using Template 0 -----------
3 [3]
*****************************************************

2019-05-03-03-51-01   >>>>   End sampling point

sampling time = 53.806 ms,


       ########################################         

iteration 0 with 136 examples

2019-05-03-03-51-01   >>>>   Start train ranking function

2019-05-03-03-51-01   >>>>   End train ranking function

train_ranking_functioning time = 2.759 ms


2019-05-03-03-51-01   >>>>   Start verify ranking function

ranking function :  - 0.8 *  x[1]^1.0 + 4.6 * 1

2019-05-03-03-51-01   >>>>   End verify ranking function

verifying time = 7.876 ms


Not Found Ranking Fcuntion

Conterexample is 

[0, 6]

sampling time = 0.796 ms


       ########################################         

iteration 1 with 138 examples

2019-05-03-03-51-01   >>>>   Start train ranking function

2019-05-03-03-51-01   >>>>   End train ranking function

train_ranking_functioning time = 2.344 ms


2019-05-03-03-51-01   >>>>   Start verify ranking function

ranking function :  - 0.8 *  x[1]^1.0 + 4.6 * 1

2019-05-03-03-51-01   >>>>   End verify ranking function

verifying time = 7.711 ms


Not Found Ranking Fcuntion

Conterexample is 

[0, 6]

sampling time = 0.714 ms


       ########################################         

iteration 2 with 140 examples

2019-05-03-03-51-01   >>>>   Start train ranking function

2019-05-03-03-51-01   >>>>   End train ranking function

train_ranking_functioning time = 2.212 ms


2019-05-03-03-51-01   >>>>   Start verify ranking function

ranking function :  - 0.7 *  x[1]^1.0 + 4.7 * 1

2019-05-03-03-51-01   >>>>   End verify ranking function

verifying time = 7.728 ms


Not Found Ranking Fcuntion

Conterexample is 

[0, 7]

sampling time = 0.716 ms


       ########################################         

iteration 3 with 142 examples

2019-05-03-03-51-01   >>>>   Start train ranking function

2019-05-03-03-51-01   >>>>   End train ranking function

train_ranking_functioning time = 2.736 ms


2019-05-03-03-51-01   >>>>   Start verify ranking function

[xi_0 = 7, xi_1 = -7]
ranking function : 0.1 *  x[0]^1.0 - 0.7 *  x[1]^1.0 + 4.6 * 1

2019-05-03-03-51-01   >>>>   End verify ranking function

verifying time = 6.908 ms


Not Found Ranking Fcuntion

Conterexample is 

[7, -7]

sampling time = 0.710 ms


       ########################################         

iteration 4 with 144 examples

2019-05-03-03-51-01   >>>>   Start train ranking function

2019-05-03-03-51-01   >>>>   End train ranking function

train_ranking_functioning time = 2.921 ms


2019-05-03-03-51-01   >>>>   Start verify ranking function

ranking function :  - 0.7 *  x[1]^1.0 + 4.7 * 1

2019-05-03-03-51-01   >>>>   End verify ranking function

verifying time = 7.661 ms


Not Found Ranking Fcuntion

Conterexample is 

[0, 7]

sampling time = 0.719 ms


       ########################################         

iteration 5 with 146 examples

2019-05-03-03-51-01   >>>>   Start train ranking function

2019-05-03-03-51-01   >>>>   End train ranking function

train_ranking_functioning time = 2.776 ms


2019-05-03-03-51-01   >>>>   Start verify ranking function

ranking function :  - 0.7 *  x[1]^1.0 + 4.9 * 1

2019-05-03-03-51-01   >>>>   End verify ranking function

verifying time = 7.742 ms


Not Found Ranking Fcuntion

Conterexample is 

[0, 8]

sampling time = 0.715 ms


       ########################################         

iteration 6 with 148 examples

2019-05-03-03-51-01   >>>>   Start train ranking function

2019-05-03-03-51-01   >>>>   End train ranking function

train_ranking_functioning time = 3.139 ms


2019-05-03-03-51-01   >>>>   Start verify ranking function

[xi_0 = 7, xi_1 = -7]
ranking function : 0.1 *  x[0]^1.0 - 0.7 *  x[1]^1.0 + 4.9 * 1

2019-05-03-03-51-01   >>>>   End verify ranking function

verifying time = 6.836 ms


Not Found Ranking Fcuntion

Conterexample is 

[7, -7]

sampling time = 0.722 ms


       ########################################         

iteration 7 with 150 examples

2019-05-03-03-51-01   >>>>   Start train ranking function

2019-05-03-03-51-01   >>>>   End train ranking function

train_ranking_functioning time = 3.237 ms


2019-05-03-03-51-01   >>>>   Start verify ranking function

ranking function :  - 0.7 *  x[1]^1.0 + 5.1 * 1

2019-05-03-03-51-01   >>>>   End verify ranking function

verifying time = 7.662 ms


Not Found Ranking Fcuntion

Conterexample is 

[0, 8]

sampling time = 0.715 ms


       ########################################         

iteration 8 with 152 examples

2019-05-03-03-51-01   >>>>   Start train ranking function

2019-05-03-03-51-01   >>>>   End train ranking function

train_ranking_functioning time = 3.254 ms


2019-05-03-03-51-01   >>>>   Start verify ranking function

ranking function :  - 0.6 *  x[1]^1.0 + 5.2 * 1

2019-05-03-03-51-01   >>>>   End verify ranking function

verifying time = 7.662 ms


Not Found Ranking Fcuntion

Conterexample is 

[0, 9]

sampling time = 0.716 ms


       ########################################         

iteration 9 with 154 examples

2019-05-03-03-51-01   >>>>   Start train ranking function

2019-05-03-03-51-01   >>>>   End train ranking function

train_ranking_functioning time = 3.295 ms


2019-05-03-03-51-01   >>>>   Start verify ranking function

[xi_0 = 6, xi_1 = -6]
ranking function : 0.1 *  x[0]^1.0 - 0.6 *  x[1]^1.0 + 5.2 * 1

2019-05-03-03-51-01   >>>>   End verify ranking function

verifying time = 6.906 ms


Not Found Ranking Fcuntion

Conterexample is 

[6, -6]

sampling time = 0.807 ms


       ########################################         

iteration 10 with 156 examples

2019-05-03-03-51-01   >>>>   Start train ranking function

2019-05-03-03-51-01   >>>>   End train ranking function

train_ranking_functioning time = 3.522 ms


2019-05-03-03-51-01   >>>>   Start verify ranking function

ranking function :  - 0.6 *  x[1]^1.0 + 5.3 * 1

2019-05-03-03-51-01   >>>>   End verify ranking function

verifying time = 8.233 ms


Not Found Ranking Fcuntion

Conterexample is 

[0, 9]

sampling time = 0.721 ms


       ########################################         

iteration 11 with 158 examples

2019-05-03-03-51-01   >>>>   Start train ranking function

2019-05-03-03-51-01   >>>>   End train ranking function

train_ranking_functioning time = 3.381 ms


2019-05-03-03-51-01   >>>>   Start verify ranking function

ranking function :  - 0.6 *  x[1]^1.0 + 5.5 * 1

2019-05-03-03-51-01   >>>>   End verify ranking function

verifying time = 7.717 ms


Not Found Ranking Fcuntion

Conterexample is 

[0, 10]

sampling time = 0.728 ms


       ########################################         

iteration 12 with 160 examples

2019-05-03-03-51-01   >>>>   Start train ranking function

2019-05-03-03-51-01   >>>>   End train ranking function

train_ranking_functioning time = 3.409 ms


2019-05-03-03-51-01   >>>>   Start verify ranking function

[xi_0 = 6, xi_1 = -6]
ranking function : 0.1 *  x[0]^1.0 - 0.6 *  x[1]^1.0 + 5.5 * 1

2019-05-03-03-51-01   >>>>   End verify ranking function

verifying time = 6.863 ms


Not Found Ranking Fcuntion

Conterexample is 

[6, -6]

sampling time = 0.735 ms


       ########################################         

iteration 13 with 162 examples

2019-05-03-03-51-01   >>>>   Start train ranking function

2019-05-03-03-51-01   >>>>   End train ranking function

train_ranking_functioning time = 3.446 ms


2019-05-03-03-51-01   >>>>   Start verify ranking function

ranking function :  - 0.6 *  x[1]^1.0 + 5.6 * 1

2019-05-03-03-51-01   >>>>   End verify ranking function

verifying time = 7.778 ms


Not Found Ranking Fcuntion

Conterexample is 

[0, 10]

sampling time = 0.720 ms


       ########################################         

iteration 14 with 164 examples

2019-05-03-03-51-01   >>>>   Start train ranking function

2019-05-03-03-51-01   >>>>   End train ranking function

train_ranking_functioning time = 3.456 ms


2019-05-03-03-51-01   >>>>   Start verify ranking function

ranking function :  - 0.6 *  x[1]^1.0 + 5.7 * 1

2019-05-03-03-51-01   >>>>   End verify ranking function

verifying time = 7.682 ms


Not Found Ranking Fcuntion

Conterexample is 

[0, 10]

sampling time = 0.882 ms


       ########################################         

iteration 15 with 166 examples

2019-05-03-03-51-01   >>>>   Start train ranking function

2019-05-03-03-51-01   >>>>   End train ranking function

train_ranking_functioning time = 3.850 ms


2019-05-03-03-51-01   >>>>   Start verify ranking function

ranking function :  - 0.6 *  x[1]^1.0 + 5.7 * 1

2019-05-03-03-51-01   >>>>   End verify ranking function

verifying time = 8.701 ms


Not Found Ranking Fcuntion

Conterexample is 

[0, 10]

sampling time = 0.778 ms


       ########################################         

iteration 16 with 168 examples

2019-05-03-03-51-01   >>>>   Start train ranking function

2019-05-03-03-51-01   >>>>   End train ranking function

train_ranking_functioning time = 3.555 ms


2019-05-03-03-51-01   >>>>   Start verify ranking function

[xi_0 = 5, xi_1 = -5]
ranking function : 0.1 *  x[0]^1.0 - 0.5 *  x[1]^1.0 + 5.8 * 1

2019-05-03-03-51-01   >>>>   End verify ranking function

verifying time = 6.997 ms


Not Found Ranking Fcuntion

Conterexample is 

[5, -5]

sampling time = 0.723 ms


       ########################################         

iteration 17 with 170 examples

2019-05-03-03-51-01   >>>>   Start train ranking function

2019-05-03-03-51-01   >>>>   End train ranking function

train_ranking_functioning time = 3.749 ms


2019-05-03-03-51-01   >>>>   Start verify ranking function

ranking function :  - 0.6 *  x[1]^1.0 + 5.9 * 1

2019-05-03-03-51-01   >>>>   End verify ranking function

verifying time = 7.774 ms


Not Found Ranking Fcuntion

Conterexample is 

[0, 10]

sampling time = 0.738 ms


       ########################################         

iteration 18 with 172 examples

2019-05-03-03-51-01   >>>>   Start train ranking function

2019-05-03-03-51-01   >>>>   End train ranking function

train_ranking_functioning time = 3.687 ms


2019-05-03-03-51-01   >>>>   Start verify ranking function

ranking function :  - 0.6 *  x[1]^1.0 + 5.9 * 1

2019-05-03-03-51-01   >>>>   End verify ranking function

verifying time = 7.793 ms


Not Found Ranking Fcuntion

Conterexample is 

[0, 10]

sampling time = 0.727 ms


       ########################################         

iteration 19 with 174 examples

2019-05-03-03-51-01   >>>>   Start train ranking function

2019-05-03-03-51-01   >>>>   End train ranking function

train_ranking_functioning time = 3.752 ms


2019-05-03-03-51-01   >>>>   Start verify ranking function

ranking function :  - 0.5 *  x[1]^1.0 + 6.0 * 1

2019-05-03-03-51-01   >>>>   End verify ranking function

verifying time = 7.849 ms


Not Found Ranking Fcuntion

Conterexample is 

[0, 13]

sampling time = 0.769 ms


       ########################################         

iteration 20 with 176 examples

2019-05-03-03-51-01   >>>>   Start train ranking function

2019-05-03-03-51-01   >>>>   End train ranking function

train_ranking_functioning time = 3.680 ms


2019-05-03-03-51-01   >>>>   Start verify ranking function

[xi_0 = 5, xi_1 = -5]
ranking function : 0.1 *  x[0]^1.0 - 0.5 *  x[1]^1.0 + 5.7 * 1

2019-05-03-03-51-01   >>>>   End verify ranking function

verifying time = 6.961 ms


Not Found Ranking Fcuntion

Conterexample is 

[5, -5]

sampling time = 0.765 ms


       ########################################         

iteration 21 with 178 examples

2019-05-03-03-51-01   >>>>   Start train ranking function

2019-05-03-03-51-01   >>>>   End train ranking function

train_ranking_functioning time = 3.828 ms


2019-05-03-03-51-01   >>>>   Start verify ranking function

ranking function :  - 0.5 *  x[1]^1.0 + 5.8 * 1

2019-05-03-03-51-01   >>>>   End verify ranking function

verifying time = 7.713 ms


Not Found Ranking Fcuntion

Conterexample is 

[0, 15]

sampling time = 0.724 ms


       ########################################         

iteration 22 with 180 examples

2019-05-03-03-51-01   >>>>   Start train ranking function

2019-05-03-03-51-01   >>>>   End train ranking function

train_ranking_functioning time = 3.707 ms


2019-05-03-03-51-01   >>>>   Start verify ranking function

[xi_0 = 4, xi_1 = -4]
ranking function : 0.1 *  x[0]^1.0 - 0.4 *  x[1]^1.0 + 5.5 * 1

2019-05-03-03-51-01   >>>>   End verify ranking function

verifying time = 6.896 ms


Not Found Ranking Fcuntion

Conterexample is 

[4, -4]

sampling time = 0.718 ms


       ########################################         

iteration 23 with 182 examples

2019-05-03-03-51-01   >>>>   Start train ranking function

2019-05-03-03-51-01   >>>>   End train ranking function

train_ranking_functioning time = 3.792 ms


2019-05-03-03-51-01   >>>>   Start verify ranking function

[xi_0 = 4, xi_1 = -4]
ranking function : 0.1 *  x[0]^1.0 - 0.4 *  x[1]^1.0 + 5.6 * 1

2019-05-03-03-51-01   >>>>   End verify ranking function

verifying time = 6.916 ms


Not Found Ranking Fcuntion

Conterexample is 

[4, -4]

sampling time = 0.726 ms


       ########################################         

iteration 24 with 184 examples

2019-05-03-03-51-01   >>>>   Start train ranking function

2019-05-03-03-51-01   >>>>   End train ranking function

train_ranking_functioning time = 3.899 ms


2019-05-03-03-51-01   >>>>   Start verify ranking function

[xi_0 = 4, xi_1 = -4]
ranking function : 0.1 *  x[0]^1.0 - 0.4 *  x[1]^1.0 + 5.7 * 1

2019-05-03-03-51-01   >>>>   End verify ranking function

verifying time = 6.869 ms


Not Found Ranking Fcuntion

Conterexample is 

[4, -4]

sampling time = 0.830 ms


Failed to prove it is terminated

UNKNOWN
------Using Template 1 -----------
4 [4]
*****************************************************

2019-05-03-03-51-01   >>>>   End sampling point

sampling time = 79.001 ms,


       ########################################         

iteration 0 with 136 examples

2019-05-03-03-51-01   >>>>   Start train ranking function

2019-05-03-03-51-01   >>>>   End train ranking function

train_ranking_functioning time = 5.255 ms


2019-05-03-03-51-01   >>>>   Start verify ranking function

[xi_0 = 2, xi_1 = -1]
ranking function : 0.5 *  x[0]^-1.0 *  x[1]^-2.0

2019-05-03-03-51-01   >>>>   End verify ranking function

verifying time = 18.748 ms


Not Found Ranking Fcuntion

Conterexample is 

[2, -1]

sampling time = 1.079 ms


       ########################################         

iteration 1 with 138 examples

2019-05-03-03-51-01   >>>>   Start train ranking function

2019-05-03-03-51-01   >>>>   End train ranking function

train_ranking_functioning time = 5.384 ms


2019-05-03-03-51-01   >>>>   Start verify ranking function

[xi_0 = 2, xi_1 = -1]
ranking function : 0.6 *  x[0]^-1.0 *  x[1]^-2.0

2019-05-03-03-51-01   >>>>   End verify ranking function

verifying time = 18.488 ms


Not Found Ranking Fcuntion

Conterexample is 

[2, -1]

sampling time = 1.094 ms


       ########################################         

iteration 2 with 140 examples

2019-05-03-03-51-01   >>>>   Start train ranking function

2019-05-03-03-51-01   >>>>   End train ranking function

train_ranking_functioning time = 5.569 ms


2019-05-03-03-51-01   >>>>   Start verify ranking function

[xi_0 = 2, xi_1 = -1]
ranking function : 0.7 *  x[0]^-1.0 *  x[1]^-2.0

2019-05-03-03-51-01   >>>>   End verify ranking function

verifying time = 18.625 ms


Not Found Ranking Fcuntion

Conterexample is 

[2, -1]

sampling time = 1.076 ms


       ########################################         

iteration 3 with 142 examples

2019-05-03-03-51-01   >>>>   Start train ranking function

2019-05-03-03-51-01   >>>>   End train ranking function

train_ranking_functioning time = 5.484 ms


2019-05-03-03-51-01   >>>>   Start verify ranking function

[xi_0 = 1, xi_1 = 0]
ranking function : 0.8 *  x[0]^-1.0 *  x[1]^-2.0 - 0.1 *  x[0]^-3.0

2019-05-03-03-51-03   >>>>   End verify ranking function

verifying time = 2144.306 ms


Not Found Ranking Fcuntion

Conterexample is 

[1, 0]

sampling time = 1.101 ms


       ########################################         

iteration 4 with 144 examples

2019-05-03-03-51-03   >>>>   Start train ranking function

2019-05-03-03-51-03   >>>>   End train ranking function

train_ranking_functioning time = 5.453 ms


2019-05-03-03-51-03   >>>>   Start verify ranking function

[xi_0 = 2, xi_1 = -1]
ranking function : 0.6 *  x[0]^-1.0 *  x[1]^-2.0

2019-05-03-03-51-03   >>>>   End verify ranking function

verifying time = 20.090 ms


Not Found Ranking Fcuntion

Conterexample is 

[2, -1]

sampling time = 1.085 ms


       ########################################         

iteration 5 with 146 examples

2019-05-03-03-51-03   >>>>   Start train ranking function

2019-05-03-03-51-03   >>>>   End train ranking function

train_ranking_functioning time = 5.776 ms


2019-05-03-03-51-03   >>>>   Start verify ranking function

[xi_0 = 2, xi_1 = -1]
ranking function : 0.6 *  x[0]^-1.0 *  x[1]^-2.0

2019-05-03-03-51-03   >>>>   End verify ranking function

verifying time = 18.705 ms


Not Found Ranking Fcuntion

Conterexample is 

[2, -1]

sampling time = 1.123 ms


       ########################################         

iteration 6 with 148 examples

2019-05-03-03-51-03   >>>>   Start train ranking function

2019-05-03-03-51-03   >>>>   End train ranking function

train_ranking_functioning time = 5.760 ms


2019-05-03-03-51-03   >>>>   Start verify ranking function

[xi_0 = 2, xi_1 = -1]
ranking function : 0.7 *  x[0]^-1.0 *  x[1]^-2.0

2019-05-03-03-51-03   >>>>   End verify ranking function

verifying time = 94.029 ms


Not Found Ranking Fcuntion

Conterexample is 

[2, -1]

sampling time = 1.068 ms


       ########################################         

iteration 7 with 150 examples

2019-05-03-03-51-03   >>>>   Start train ranking function

2019-05-03-03-51-03   >>>>   End train ranking function

train_ranking_functioning time = 5.810 ms


2019-05-03-03-51-03   >>>>   Start verify ranking function

[xi_0 = 2, xi_1 = -1]
ranking function : 0.7 *  x[0]^-1.0 *  x[1]^-2.0

2019-05-03-03-51-03   >>>>   End verify ranking function

verifying time = 18.567 ms


Not Found Ranking Fcuntion

Conterexample is 

[2, -1]

sampling time = 1.138 ms


       ########################################         

iteration 8 with 152 examples

2019-05-03-03-51-03   >>>>   Start train ranking function

2019-05-03-03-51-03   >>>>   End train ranking function

train_ranking_functioning time = 6.005 ms


2019-05-03-03-51-03   >>>>   Start verify ranking function

[xi_0 = 2, xi_1 = -1]
ranking function : 0.8 *  x[0]^-1.0 *  x[1]^-2.0

2019-05-03-03-51-03   >>>>   End verify ranking function

verifying time = 18.435 ms


Not Found Ranking Fcuntion

Conterexample is 

[2, -1]

sampling time = 1.079 ms


       ########################################         

iteration 9 with 154 examples

2019-05-03-03-51-03   >>>>   Start train ranking function

2019-05-03-03-51-03   >>>>   End train ranking function

train_ranking_functioning time = 5.763 ms


2019-05-03-03-51-03   >>>>   Start verify ranking function

[xi_0 = 2, xi_1 = -1]
ranking function : 0.8 *  x[0]^-1.0 *  x[1]^-2.0

2019-05-03-03-52-35   >>>>   End verify ranking function

verifying time = 91070.464 ms


Not Found Ranking Fcuntion

Conterexample is 

[2, -1]

sampling time = 1.072 ms


       ########################################         

iteration 10 with 156 examples

2019-05-03-03-52-35   >>>>   Start train ranking function

2019-05-03-03-52-35   >>>>   End train ranking function

train_ranking_functioning time = 5.912 ms


2019-05-03-03-52-35   >>>>   Start verify ranking function

[xi_0 = 2, xi_1 = -1]
ranking function : 0.8 *  x[0]^-1.0 *  x[1]^-2.0

2019-05-03-03-52-39   >>>>   End verify ranking function

verifying time = 4353.827 ms


Not Found Ranking Fcuntion

Conterexample is 

[2, -1]

sampling time = 1.073 ms


       ########################################         

iteration 11 with 158 examples

2019-05-03-03-52-39   >>>>   Start train ranking function

2019-05-03-03-52-39   >>>>   End train ranking function

train_ranking_functioning time = 6.186 ms


2019-05-03-03-52-39   >>>>   Start verify ranking function

[xi_0 = 2, xi_1 = -1]
ranking function : 0.9 *  x[0]^-1.0 *  x[1]^-2.0

2019-05-03-03-52-39   >>>>   End verify ranking function

verifying time = 18.779 ms


Not Found Ranking Fcuntion

Conterexample is 

[2, -1]

sampling time = 1.099 ms


       ########################################         

iteration 12 with 160 examples

2019-05-03-03-52-39   >>>>   Start train ranking function

2019-05-03-03-52-39   >>>>   End train ranking function

train_ranking_functioning time = 6.147 ms


2019-05-03-03-52-39   >>>>   Start verify ranking function

[xi_0 = 2, xi_1 = -1]
ranking function : 0.9 *  x[0]^-1.0 *  x[1]^-2.0

2019-05-03-03-52-39   >>>>   End verify ranking function

verifying time = 18.556 ms


Not Found Ranking Fcuntion

Conterexample is 

[2, -1]

sampling time = 1.096 ms


       ########################################         

iteration 13 with 162 examples

2019-05-03-03-52-39   >>>>   Start train ranking function

2019-05-03-03-52-39   >>>>   End train ranking function

train_ranking_functioning time = 6.205 ms


2019-05-03-03-52-39   >>>>   Start verify ranking function

[xi_0 = 2, xi_1 = -1]
ranking function : 1.0 *  x[0]^-1.0 *  x[1]^-2.0

2019-05-03-03-52-39   >>>>   End verify ranking function

verifying time = 105.590 ms


Not Found Ranking Fcuntion

Conterexample is 

[2, -1]

sampling time = 1.102 ms


       ########################################         

iteration 14 with 164 examples

2019-05-03-03-52-39   >>>>   Start train ranking function

2019-05-03-03-52-39   >>>>   End train ranking function

train_ranking_functioning time = 6.396 ms


2019-05-03-03-52-39   >>>>   Start verify ranking function

[xi_0 = 2, xi_1 = -1]
ranking function : 1.0 *  x[0]^-1.0 *  x[1]^-2.0

2019-05-03-03-52-39   >>>>   End verify ranking function

verifying time = 18.691 ms


Not Found Ranking Fcuntion

Conterexample is 

[2, -1]

sampling time = 1.073 ms


       ########################################         

iteration 15 with 166 examples

2019-05-03-03-52-39   >>>>   Start train ranking function

2019-05-03-03-52-39   >>>>   End train ranking function

train_ranking_functioning time = 6.578 ms


2019-05-03-03-52-39   >>>>   Start verify ranking function

[xi_0 = 2, xi_1 = -1]
ranking function : 1.0 *  x[0]^-1.0 *  x[1]^-2.0

2019-05-03-03-52-40   >>>>   End verify ranking function

verifying time = 1259.935 ms


Not Found Ranking Fcuntion

Conterexample is 

[2, -1]

sampling time = 1.099 ms


       ########################################         

iteration 16 with 168 examples

2019-05-03-03-52-40   >>>>   Start train ranking function

2019-05-03-03-52-40   >>>>   End train ranking function

train_ranking_functioning time = 6.355 ms


2019-05-03-03-52-40   >>>>   Start verify ranking function

[xi_0 = 1, xi_1 = 0]
ranking function : 1.1 *  x[0]^-1.0 *  x[1]^-2.0 - 0.1 *  x[0]^-3.0

2019-05-03-03-52-45   >>>>   End verify ranking function

verifying time = 4966.259 ms


Not Found Ranking Fcuntion

Conterexample is 

[1, 0]

sampling time = 1.080 ms


       ########################################         

iteration 17 with 170 examples

2019-05-03-03-52-45   >>>>   Start train ranking function

2019-05-03-03-52-45   >>>>   End train ranking function

train_ranking_functioning time = 6.419 ms


2019-05-03-03-52-45   >>>>   Start verify ranking function

[xi_0 = 2, xi_1 = -1]
ranking function : 0.9 *  x[0]^-1.0 *  x[1]^-2.0

2019-05-03-03-52-45   >>>>   End verify ranking function

verifying time = 18.910 ms


Not Found Ranking Fcuntion

Conterexample is 

[2, -1]

sampling time = 1.087 ms


       ########################################         

iteration 18 with 172 examples

2019-05-03-03-52-45   >>>>   Start train ranking function

2019-05-03-03-52-45   >>>>   End train ranking function

train_ranking_functioning time = 6.711 ms


2019-05-03-03-52-45   >>>>   Start verify ranking function

[xi_0 = 2, xi_1 = -1]
ranking function : 1.0 *  x[0]^-1.0 *  x[1]^-2.0

2019-05-03-03-52-45   >>>>   End verify ranking function

verifying time = 18.779 ms


Not Found Ranking Fcuntion

Conterexample is 

[2, -1]

sampling time = 1.079 ms


       ########################################         

iteration 19 with 174 examples

2019-05-03-03-52-45   >>>>   Start train ranking function

2019-05-03-03-52-45   >>>>   End train ranking function

train_ranking_functioning time = 6.680 ms


2019-05-03-03-52-45   >>>>   Start verify ranking function

[xi_0 = 2, xi_1 = -1]
ranking function : 1.0 *  x[0]^-1.0 *  x[1]^-2.0

2019-05-03-03-52-45   >>>>   End verify ranking function

verifying time = 19.412 ms


Not Found Ranking Fcuntion

Conterexample is 

[2, -1]

sampling time = 1.089 ms


       ########################################         

iteration 20 with 176 examples

2019-05-03-03-52-45   >>>>   Start train ranking function

2019-05-03-03-52-45   >>>>   End train ranking function

train_ranking_functioning time = 6.826 ms


2019-05-03-03-52-45   >>>>   Start verify ranking function

[xi_0 = 2, xi_1 = -1]
ranking function : 1.0 *  x[0]^-1.0 *  x[1]^-2.0

2019-05-03-03-52-45   >>>>   End verify ranking function

verifying time = 19.004 ms


Not Found Ranking Fcuntion

Conterexample is 

[2, -1]

sampling time = 1.082 ms


       ########################################         

iteration 21 with 178 examples

2019-05-03-03-52-45   >>>>   Start train ranking function

2019-05-03-03-52-45   >>>>   End train ranking function

train_ranking_functioning time = 6.666 ms


2019-05-03-03-52-45   >>>>   Start verify ranking function

[xi_0 = 2, xi_1 = -1]
ranking function : 1.0 *  x[0]^-1.0 *  x[1]^-2.0

2019-05-03-03-52-45   >>>>   End verify ranking function

verifying time = 18.573 ms


Not Found Ranking Fcuntion

Conterexample is 

[2, -1]

sampling time = 1.081 ms


       ########################################         

iteration 22 with 180 examples

2019-05-03-03-52-45   >>>>   Start train ranking function

2019-05-03-03-52-45   >>>>   End train ranking function

train_ranking_functioning time = 6.597 ms


2019-05-03-03-52-45   >>>>   Start verify ranking function

[xi_0 = 2, xi_1 = -1]
ranking function : 1.1 *  x[0]^-1.0 *  x[1]^-2.0

2019-05-03-03-52-46   >>>>   End verify ranking function

verifying time = 20.403 ms


Not Found Ranking Fcuntion

Conterexample is 

[2, -1]

sampling time = 1.092 ms


       ########################################         

iteration 23 with 182 examples

2019-05-03-03-52-46   >>>>   Start train ranking function

2019-05-03-03-52-46   >>>>   End train ranking function

train_ranking_functioning time = 6.741 ms


2019-05-03-03-52-46   >>>>   Start verify ranking function

[xi_0 = 2, xi_1 = -1]
ranking function : 1.1 *  x[0]^-1.0 *  x[1]^-2.0

2019-05-03-03-52-59   >>>>   End verify ranking function

verifying time = 13464.523 ms


Not Found Ranking Fcuntion

Conterexample is 

[2, -1]

sampling time = 1.083 ms


       ########################################         

iteration 24 with 184 examples

2019-05-03-03-52-59   >>>>   Start train ranking function

2019-05-03-03-52-59   >>>>   End train ranking function

train_ranking_functioning time = 6.993 ms


2019-05-03-03-52-59   >>>>   Start verify ranking function

[xi_0 = 2, xi_1 = -1]
ranking function : 1.1 *  x[0]^-1.0 *  x[1]^-2.0

2019-05-03-03-52-59   >>>>   End verify ranking function

verifying time = 18.751 ms


Not Found Ranking Fcuntion

Conterexample is 

[2, -1]

sampling time = 1.082 ms


Failed to prove it is terminated

UNKNOWN
------Using Template 2 -----------
9 [3, 3, 3]
*****************************************************

2019-05-03-03-52-59   >>>>   End sampling point

sampling time = 144.448 ms,


       ########################################         

iteration 0 with 272 examples

2019-05-03-03-52-59   >>>>   Start train ranking function

2019-05-03-03-52-59   >>>>   End train ranking function

train_ranking_functioning time = 4.812 ms


2019-05-03-03-52-59   >>>>   Start verify ranking function

valid ranking function
ranking function :  - 1.0 *  x[1]^1.0 + 1.5 * 1; 1.0 *  x[0]^1.0 + 0.6 *  x[1]^1.0 + 1.3 * 1; 0.4 *  x[0]^1.0 + 0.4 *  x[1]^1.0 + 1.0 * 1

2019-05-03-03-52-59   >>>>   End verify ranking function

verifying time = 13.073 ms


Found Ranking Fcuntion:  - 1.0 *  x[1]^1.0 + 1.5 * 1; 1.0 *  x[0]^1.0 + 0.6 *  x[1]^1.0 + 1.3 * 1; 0.4 *  x[0]^1.0 + 0.4 *  x[1]^1.0 + 1.0 * 1

 - 1.0 *  x[1]^1.0 + 1.5 * 1; 1.0 *  x[0]^1.0 + 0.6 *  x[1]^1.0 + 1.3 * 1; 0.4 *  x[0]^1.0 + 0.4 *  x[1]^1.0 + 1.0 * 1
FINITE
Time For ../Program_non/72.bpl Is ---> 120950.674000 ms

