------Using Template 0 -----------
5 [5]
*****************************************************

2019-05-03-03-53-00   >>>>   End sampling point

sampling time = 81.427 ms,


       ########################################         

iteration 0 with 112 examples

2019-05-03-03-53-00   >>>>   Start train ranking function

2019-05-03-03-53-00   >>>>   End train ranking function

train_ranking_functioning time = 0.699 ms


2019-05-03-03-53-00   >>>>   Start verify ranking function

ranking function :  - 0.5 *  x[3]^1.0 + 1.4 * 1

2019-05-03-03-53-00   >>>>   End verify ranking function

verifying time = 10.072 ms


Not Found Ranking Fcuntion

Conterexample is 

[0, 0, 0, 4]

sampling time = 1.392 ms


       ########################################         

iteration 1 with 114 examples

2019-05-03-03-53-00   >>>>   Start train ranking function

2019-05-03-03-53-00   >>>>   End train ranking function

train_ranking_functioning time = 0.735 ms


2019-05-03-03-53-00   >>>>   Start verify ranking function

ranking function :  - 0.5 *  x[3]^1.0 + 2.0 * 1

2019-05-03-03-53-00   >>>>   End verify ranking function

verifying time = 9.939 ms


Not Found Ranking Fcuntion

Conterexample is 

[0, 0, 0, 5]

sampling time = 1.359 ms


       ########################################         

iteration 2 with 116 examples

2019-05-03-03-53-00   >>>>   Start train ranking function

2019-05-03-03-53-00   >>>>   End train ranking function

train_ranking_functioning time = 1.209 ms


2019-05-03-03-53-00   >>>>   Start verify ranking function

ranking function :  - 0.5 *  x[3]^1.0 + 2.5 * 1

2019-05-03-03-53-00   >>>>   End verify ranking function

verifying time = 10.115 ms


Not Found Ranking Fcuntion

Conterexample is 

[0, 0, 0, 6]

sampling time = 1.347 ms


       ########################################         

iteration 3 with 118 examples

2019-05-03-03-53-00   >>>>   Start train ranking function

2019-05-03-03-53-00   >>>>   End train ranking function

train_ranking_functioning time = 1.696 ms


2019-05-03-03-53-00   >>>>   Start verify ranking function

ranking function :  - 0.5 *  x[3]^1.0 + 2.8 * 1

2019-05-03-03-53-00   >>>>   End verify ranking function

verifying time = 9.930 ms


Not Found Ranking Fcuntion

Conterexample is 

[0, 0, 0, 8]

sampling time = 1.349 ms


       ########################################         

iteration 4 with 120 examples

2019-05-03-03-53-00   >>>>   Start train ranking function

2019-05-03-03-53-00   >>>>   End train ranking function

train_ranking_functioning time = 2.580 ms


2019-05-03-03-53-00   >>>>   Start verify ranking function

ranking function :  - 0.4 *  x[3]^1.0 + 3.3 * 1

2019-05-03-03-53-00   >>>>   End verify ranking function

verifying time = 9.904 ms


Not Found Ranking Fcuntion

Conterexample is 

[0, 0, 0, 9]

sampling time = 1.359 ms


       ########################################         

iteration 5 with 122 examples

2019-05-03-03-53-00   >>>>   Start train ranking function

2019-05-03-03-53-00   >>>>   End train ranking function

train_ranking_functioning time = 2.680 ms


2019-05-03-03-53-00   >>>>   Start verify ranking function

ranking function :  - 0.4 *  x[3]^1.0 + 3.7 * 1

2019-05-03-03-53-00   >>>>   End verify ranking function

verifying time = 9.922 ms


Not Found Ranking Fcuntion

Conterexample is 

[0, 0, 0, 10]

sampling time = 1.353 ms


       ########################################         

iteration 6 with 124 examples

2019-05-03-03-53-00   >>>>   Start train ranking function

2019-05-03-03-53-00   >>>>   End train ranking function

train_ranking_functioning time = 2.646 ms


2019-05-03-03-53-00   >>>>   Start verify ranking function

ranking function :  - 0.4 *  x[3]^1.0 + 4.1 * 1

2019-05-03-03-53-00   >>>>   End verify ranking function

verifying time = 9.926 ms


Not Found Ranking Fcuntion

Conterexample is 

[0, 0, 0, 11]

sampling time = 1.345 ms


       ########################################         

iteration 7 with 126 examples

2019-05-03-03-53-00   >>>>   Start train ranking function

2019-05-03-03-53-00   >>>>   End train ranking function

train_ranking_functioning time = 2.667 ms


2019-05-03-03-53-00   >>>>   Start verify ranking function

ranking function :  - 0.4 *  x[3]^1.0 + 4.3 * 1

2019-05-03-03-53-00   >>>>   End verify ranking function

verifying time = 9.950 ms


Not Found Ranking Fcuntion

Conterexample is 

[0, 0, 0, 11]

sampling time = 1.351 ms


       ########################################         

iteration 8 with 128 examples

2019-05-03-03-53-00   >>>>   Start train ranking function

2019-05-03-03-53-00   >>>>   End train ranking function

train_ranking_functioning time = 2.716 ms


2019-05-03-03-53-00   >>>>   Start verify ranking function

ranking function :  - 0.4 *  x[3]^1.0 + 4.5 * 1

2019-05-03-03-53-00   >>>>   End verify ranking function

verifying time = 9.934 ms


Not Found Ranking Fcuntion

Conterexample is 

[0, 0, 0, 12]

sampling time = 1.345 ms


       ########################################         

iteration 9 with 130 examples

2019-05-03-03-53-00   >>>>   Start train ranking function

2019-05-03-03-53-00   >>>>   End train ranking function

train_ranking_functioning time = 2.680 ms


2019-05-03-03-53-00   >>>>   Start verify ranking function

ranking function :  - 0.4 *  x[3]^1.0 + 4.6 * 1

2019-05-03-03-53-00   >>>>   End verify ranking function

verifying time = 9.921 ms


Not Found Ranking Fcuntion

Conterexample is 

[0, 0, 0, 12]

sampling time = 1.358 ms


       ########################################         

iteration 10 with 132 examples

2019-05-03-03-53-00   >>>>   Start train ranking function

2019-05-03-03-53-00   >>>>   End train ranking function

train_ranking_functioning time = 2.765 ms


2019-05-03-03-53-00   >>>>   Start verify ranking function

ranking function :  - 0.4 *  x[3]^1.0 + 4.8 * 1

2019-05-03-03-53-00   >>>>   End verify ranking function

verifying time = 9.963 ms


Not Found Ranking Fcuntion

Conterexample is 

[0, 0, 0, 13]

sampling time = 1.368 ms


       ########################################         

iteration 11 with 134 examples

2019-05-03-03-53-00   >>>>   Start train ranking function

2019-05-03-03-53-00   >>>>   End train ranking function

train_ranking_functioning time = 2.765 ms


2019-05-03-03-53-00   >>>>   Start verify ranking function

ranking function :  - 0.4 *  x[3]^1.0 + 4.9 * 1

2019-05-03-03-53-00   >>>>   End verify ranking function

verifying time = 10.032 ms


Not Found Ranking Fcuntion

Conterexample is 

[0, 0, 0, 13]

sampling time = 1.365 ms


       ########################################         

iteration 12 with 136 examples

2019-05-03-03-53-00   >>>>   Start train ranking function

2019-05-03-03-53-00   >>>>   End train ranking function

train_ranking_functioning time = 2.806 ms


2019-05-03-03-53-00   >>>>   Start verify ranking function

ranking function :  - 0.4 *  x[3]^1.0 + 4.9 * 1

2019-05-03-03-53-00   >>>>   End verify ranking function

verifying time = 9.969 ms


Not Found Ranking Fcuntion

Conterexample is 

[0, 0, 0, 13]

sampling time = 1.388 ms


       ########################################         

iteration 13 with 138 examples

2019-05-03-03-53-00   >>>>   Start train ranking function

2019-05-03-03-53-00   >>>>   End train ranking function

train_ranking_functioning time = 2.838 ms


2019-05-03-03-53-00   >>>>   Start verify ranking function

ranking function :  - 0.4 *  x[3]^1.0 + 5.0 * 1

2019-05-03-03-53-00   >>>>   End verify ranking function

verifying time = 10.048 ms


Not Found Ranking Fcuntion

Conterexample is 

[0, 0, 0, 13]

sampling time = 1.353 ms


       ########################################         

iteration 14 with 140 examples

2019-05-03-03-53-00   >>>>   Start train ranking function

2019-05-03-03-53-00   >>>>   End train ranking function

train_ranking_functioning time = 2.914 ms


2019-05-03-03-53-00   >>>>   Start verify ranking function

ranking function :  - 0.4 *  x[3]^1.0 + 5.1 * 1

2019-05-03-03-53-00   >>>>   End verify ranking function

verifying time = 10.266 ms


Not Found Ranking Fcuntion

Conterexample is 

[0, 0, 0, 13]

sampling time = 1.401 ms


       ########################################         

iteration 15 with 142 examples

2019-05-03-03-53-00   >>>>   Start train ranking function

2019-05-03-03-53-00   >>>>   End train ranking function

train_ranking_functioning time = 3.300 ms


2019-05-03-03-53-00   >>>>   Start verify ranking function

ranking function :  - 0.4 *  x[3]^1.0 + 5.1 * 1

2019-05-03-03-53-00   >>>>   End verify ranking function

verifying time = 11.178 ms


Not Found Ranking Fcuntion

Conterexample is 

[0, 0, 0, 13]

sampling time = 1.431 ms


       ########################################         

iteration 16 with 144 examples

2019-05-03-03-53-00   >>>>   Start train ranking function

2019-05-03-03-53-00   >>>>   End train ranking function

train_ranking_functioning time = 2.931 ms


2019-05-03-03-53-00   >>>>   Start verify ranking function

ranking function :  - 0.4 *  x[3]^1.0 + 5.2 * 1

2019-05-03-03-53-00   >>>>   End verify ranking function

verifying time = 10.371 ms


Not Found Ranking Fcuntion

Conterexample is 

[0, 0, 0, 14]

sampling time = 1.401 ms


       ########################################         

iteration 17 with 146 examples

2019-05-03-03-53-00   >>>>   Start train ranking function

2019-05-03-03-53-00   >>>>   End train ranking function

train_ranking_functioning time = 2.936 ms


2019-05-03-03-53-00   >>>>   Start verify ranking function

ranking function :  - 0.3 *  x[3]^1.0 + 5.2 * 1

2019-05-03-03-53-00   >>>>   End verify ranking function

verifying time = 10.114 ms


Not Found Ranking Fcuntion

Conterexample is 

[0, 0, 0, 18]

sampling time = 1.358 ms


       ########################################         

iteration 18 with 148 examples

2019-05-03-03-53-00   >>>>   Start train ranking function

2019-05-03-03-53-00   >>>>   End train ranking function

train_ranking_functioning time = 2.921 ms


2019-05-03-03-53-00   >>>>   Start verify ranking function

ranking function :  - 0.3 *  x[3]^1.0 + 5.1 * 1

2019-05-03-03-53-00   >>>>   End verify ranking function

verifying time = 10.023 ms


Not Found Ranking Fcuntion

Conterexample is 

[0, 0, 0, 18]

sampling time = 1.364 ms


       ########################################         

iteration 19 with 150 examples

2019-05-03-03-53-00   >>>>   Start train ranking function

2019-05-03-03-53-00   >>>>   End train ranking function

train_ranking_functioning time = 2.907 ms


2019-05-03-03-53-00   >>>>   Start verify ranking function

[xi_2 = 0, xi_3 = -6, xi_1 = 0]
ranking function : 0.1 *  x[1]^1.0 - 0.3 *  x[3]^1.0 + 5.1 * 1

2019-05-03-03-53-00   >>>>   End verify ranking function

verifying time = 8.562 ms


Not Found Ranking Fcuntion

Conterexample is 

[0, 0, 0, -6]

sampling time = 1.383 ms


       ########################################         

iteration 20 with 152 examples

2019-05-03-03-53-00   >>>>   Start train ranking function

2019-05-03-03-53-00   >>>>   End train ranking function

train_ranking_functioning time = 3.139 ms


2019-05-03-03-53-00   >>>>   Start verify ranking function

ranking function :  - 0.3 *  x[3]^1.0 + 5.2 * 1

2019-05-03-03-53-00   >>>>   End verify ranking function

verifying time = 9.913 ms


Not Found Ranking Fcuntion

Conterexample is 

[0, 0, 0, 18]

sampling time = 1.357 ms


       ########################################         

iteration 21 with 154 examples

2019-05-03-03-53-00   >>>>   Start train ranking function

2019-05-03-03-53-00   >>>>   End train ranking function

train_ranking_functioning time = 3.080 ms


2019-05-03-03-53-00   >>>>   Start verify ranking function

ranking function :  - 0.3 *  x[3]^1.0 + 5.4 * 1

2019-05-03-03-53-00   >>>>   End verify ranking function

verifying time = 9.939 ms


Not Found Ranking Fcuntion

Conterexample is 

[0, 0, 0, 19]

sampling time = 1.358 ms


       ########################################         

iteration 22 with 156 examples

2019-05-03-03-53-00   >>>>   Start train ranking function

2019-05-03-03-53-00   >>>>   End train ranking function

train_ranking_functioning time = 3.097 ms


2019-05-03-03-53-00   >>>>   Start verify ranking function

ranking function :  - 0.3 *  x[3]^1.0 + 5.5 * 1

2019-05-03-03-53-00   >>>>   End verify ranking function

verifying time = 9.938 ms


Not Found Ranking Fcuntion

Conterexample is 

[0, 0, 0, 19]

sampling time = 1.364 ms


       ########################################         

iteration 23 with 158 examples

2019-05-03-03-53-00   >>>>   Start train ranking function

2019-05-03-03-53-00   >>>>   End train ranking function

train_ranking_functioning time = 3.095 ms


2019-05-03-03-53-00   >>>>   Start verify ranking function

ranking function :  - 0.3 *  x[3]^1.0 + 5.6 * 1

2019-05-03-03-53-00   >>>>   End verify ranking function

verifying time = 10.017 ms


Not Found Ranking Fcuntion

Conterexample is 

[0, 0, 0, 19]

sampling time = 1.371 ms


       ########################################         

iteration 24 with 160 examples

2019-05-03-03-53-00   >>>>   Start train ranking function

2019-05-03-03-53-00   >>>>   End train ranking function

train_ranking_functioning time = 3.135 ms


2019-05-03-03-53-00   >>>>   Start verify ranking function

ranking function :  - 0.3 *  x[3]^1.0 + 5.7 * 1

2019-05-03-03-53-00   >>>>   End verify ranking function

verifying time = 10.067 ms


Not Found Ranking Fcuntion

Conterexample is 

[0, 0, 0, 20]

sampling time = 1.377 ms


Failed to prove it is terminated

UNKNOWN
------Using Template 1 -----------
3 [3]
*****************************************************

2019-05-03-03-53-00   >>>>   End sampling point

sampling time = 60.320 ms,


       ########################################         

iteration 0 with 112 examples

2019-05-03-03-53-00   >>>>   Start train ranking function

2019-05-03-03-53-00   >>>>   End train ranking function

train_ranking_functioning time = 1.891 ms


2019-05-03-03-53-00   >>>>   Start verify ranking function

[xi_2 = 0, xi_1 = 0]
ranking function : 

2019-05-03-03-53-00   >>>>   End verify ranking function

verifying time = 11.945 ms


Not Found Ranking Fcuntion

Conterexample is 

[0, 0, 0, 0]

sampling time = 0.957 ms


       ########################################         

iteration 1 with 114 examples

2019-05-03-03-53-00   >>>>   Start train ranking function

2019-05-03-03-53-00   >>>>   End train ranking function

train_ranking_functioning time = 1.936 ms


2019-05-03-03-53-00   >>>>   Start verify ranking function

[xi_2 = 0, xi_1 = 0]
ranking function : 

2019-05-03-03-53-00   >>>>   End verify ranking function

verifying time = 12.003 ms


Not Found Ranking Fcuntion

Conterexample is 

[0, 0, 0, 0]

sampling time = 0.943 ms


       ########################################         

iteration 2 with 116 examples

2019-05-03-03-53-00   >>>>   Start train ranking function

2019-05-03-03-53-00   >>>>   End train ranking function

train_ranking_functioning time = 1.838 ms


2019-05-03-03-53-00   >>>>   Start verify ranking function

[xi_2 = 0, xi_1 = 0]
ranking function : 

2019-05-03-03-53-00   >>>>   End verify ranking function

verifying time = 11.889 ms


Not Found Ranking Fcuntion

Conterexample is 

[0, 0, 0, 0]

sampling time = 0.942 ms


       ########################################         

iteration 3 with 118 examples

2019-05-03-03-53-00   >>>>   Start train ranking function

2019-05-03-03-53-00   >>>>   End train ranking function

train_ranking_functioning time = 1.865 ms


2019-05-03-03-53-00   >>>>   Start verify ranking function

[xi_2 = 0, xi_1 = 0]
ranking function : 

2019-05-03-03-53-00   >>>>   End verify ranking function

verifying time = 11.733 ms


Not Found Ranking Fcuntion

Conterexample is 

[0, 0, 0, 0]

sampling time = 0.943 ms


       ########################################         

iteration 4 with 120 examples

2019-05-03-03-53-00   >>>>   Start train ranking function

2019-05-03-03-53-00   >>>>   End train ranking function

train_ranking_functioning time = 1.928 ms


2019-05-03-03-53-00   >>>>   Start verify ranking function

[xi_2 = 0, xi_1 = 0]
ranking function : 

2019-05-03-03-53-00   >>>>   End verify ranking function

verifying time = 11.742 ms


Not Found Ranking Fcuntion

Conterexample is 

[0, 0, 0, 0]

sampling time = 0.941 ms


       ########################################         

iteration 5 with 122 examples

2019-05-03-03-53-00   >>>>   Start train ranking function

5
2019-05-03-03-53-00   >>>>   End train ranking function

train_ranking_functioning time = 2.157 ms


2019-05-03-03-53-00   >>>>   Start verify ranking function

[xi_2 = 0, xi_1 = 0]
ranking function : 

2019-05-03-03-53-01   >>>>   End verify ranking function

verifying time = 12.908 ms


Not Found Ranking Fcuntion

Conterexample is 

[0, 0, 0, 0]

sampling time = 1.060 ms


       ########################################         

iteration 6 with 124 examples

2019-05-03-03-53-01   >>>>   Start train ranking function

2019-05-03-03-53-01   >>>>   End train ranking function

train_ranking_functioning time = 2.061 ms


2019-05-03-03-53-01   >>>>   Start verify ranking function

[xi_2 = 0, xi_1 = 0]
ranking function : 

2019-05-03-03-53-01   >>>>   End verify ranking function

verifying time = 12.623 ms


Not Found Ranking Fcuntion

Conterexample is 

[0, 0, 0, 0]

sampling time = 0.949 ms


       ########################################         

iteration 7 with 126 examples

2019-05-03-03-53-01   >>>>   Start train ranking function

2019-05-03-03-53-01   >>>>   End train ranking function

train_ranking_functioning time = 3.289 ms


2019-05-03-03-53-01   >>>>   Start verify ranking function

[xi_2 = 0, xi_1 = 0]
ranking function : 

2019-05-03-03-53-01   >>>>   End verify ranking function

verifying time = 11.945 ms


Not Found Ranking Fcuntion

Conterexample is 

[0, 0, 0, 0]

sampling time = 0.942 ms


       ########################################         

iteration 8 with 128 examples

2019-05-03-03-53-01   >>>>   Start train ranking function

2019-05-03-03-53-01   >>>>   End train ranking function

train_ranking_functioning time = 2.004 ms


2019-05-03-03-53-01   >>>>   Start verify ranking function

[xi_2 = 0, xi_1 = 0]
ranking function : 

2019-05-03-03-53-01   >>>>   End verify ranking function

verifying time = 11.797 ms


Not Found Ranking Fcuntion

Conterexample is 

[0, 0, 0, 0]

sampling time = 0.944 ms


       ########################################         

iteration 9 with 130 examples

2019-05-03-03-53-01   >>>>   Start train ranking function

2019-05-03-03-53-01   >>>>   End train ranking function

train_ranking_functioning time = 1.993 ms


2019-05-03-03-53-01   >>>>   Start verify ranking function

[xi_2 = 0, xi_1 = 0]
ranking function : 

2019-05-03-03-53-01   >>>>   End verify ranking function

verifying time = 11.730 ms


Not Found Ranking Fcuntion

Conterexample is 

[0, 0, 0, 0]

sampling time = 0.949 ms


       ########################################         

iteration 10 with 132 examples

2019-05-03-03-53-01   >>>>   Start train ranking function

5
2019-05-03-03-53-01   >>>>   End train ranking function

train_ranking_functioning time = 2.009 ms


2019-05-03-03-53-01   >>>>   Start verify ranking function

[xi_2 = 0, xi_1 = 0]
ranking function : 

2019-05-03-03-53-01   >>>>   End verify ranking function

verifying time = 11.806 ms


Not Found Ranking Fcuntion

Conterexample is 

[0, 0, 0, 0]

sampling time = 0.950 ms


       ########################################         

iteration 11 with 134 examples

2019-05-03-03-53-01   >>>>   Start train ranking function

2019-05-03-03-53-01   >>>>   End train ranking function

train_ranking_functioning time = 2.027 ms


2019-05-03-03-53-01   >>>>   Start verify ranking function

[xi_2 = 0, xi_1 = 0]
ranking function : 

2019-05-03-03-53-01   >>>>   End verify ranking function

verifying time = 11.869 ms


Not Found Ranking Fcuntion

Conterexample is 

[0, 0, 0, 0]

sampling time = 0.956 ms


       ########################################         

iteration 12 with 136 examples

2019-05-03-03-53-01   >>>>   Start train ranking function

2019-05-03-03-53-01   >>>>   End train ranking function

train_ranking_functioning time = 2.096 ms


2019-05-03-03-53-01   >>>>   Start verify ranking function

[xi_2 = 0, xi_1 = 0]
ranking function : 

2019-05-03-03-53-01   >>>>   End verify ranking function

verifying time = 11.777 ms


Not Found Ranking Fcuntion

Conterexample is 

[0, 0, 0, 0]

sampling time = 0.946 ms


       ########################################         

iteration 13 with 138 examples

2019-05-03-03-53-01   >>>>   Start train ranking function

2019-05-03-03-53-01   >>>>   End train ranking function

train_ranking_functioning time = 2.107 ms


2019-05-03-03-53-01   >>>>   Start verify ranking function

[xi_2 = 0, xi_1 = 0]
ranking function : 

2019-05-03-03-53-01   >>>>   End verify ranking function

verifying time = 11.802 ms


Not Found Ranking Fcuntion

Conterexample is 

[0, 0, 0, 0]

sampling time = 0.949 ms


       ########################################         

iteration 14 with 140 examples

2019-05-03-03-53-01   >>>>   Start train ranking function

2019-05-03-03-53-01   >>>>   End train ranking function

train_ranking_functioning time = 2.156 ms


2019-05-03-03-53-01   >>>>   Start verify ranking function

[xi_2 = 0, xi_1 = 0]
ranking function : 

2019-05-03-03-53-01   >>>>   End verify ranking function

verifying time = 11.954 ms


Not Found Ranking Fcuntion

Conterexample is 

[0, 0, 0, 0]

sampling time = 0.948 ms


       ########################################         

iteration 15 with 142 examples

2019-05-03-03-53-01   >>>>   Start train ranking function

5
the coefficient is convergent

Failed to prove it is terminated

UNKNOWN
------Using Template 2 -----------
15 [5, 5, 5]
*****************************************************

2019-05-03-03-53-01   >>>>   End sampling point

sampling time = 227.965 ms,


       ########################################         

iteration 0 with 224 examples

2019-05-03-03-53-01   >>>>   Start train ranking function

2019-05-03-03-53-01   >>>>   End train ranking function

train_ranking_functioning time = 0.954 ms


2019-05-03-03-53-01   >>>>   Start verify ranking function

[xi_2 = 0, xi_3 = 7, xi_1 = 0]
ranking function :  - 0.5 *  x[3]^1.0 + 0.5 * 1; 0.3 *  x[1]^1.0 - 0.2 *  x[2]^1.0 - 0.4 *  x[3]^1.0 + 0.6 * 1; 0.3 *  x[1]^1.0 - 0.3 *  x[2]^1.0 - 0.2 *  x[3]^1.0 + 1.1 * 1

2019-05-03-03-53-01   >>>>   End verify ranking function

verifying time = 13.735 ms


Not Found Ranking Fcuntion

Conterexample is 

[0, 0, 0, 7]

sampling time = 3.960 ms


       ########################################         

iteration 1 with 228 examples

2019-05-03-03-53-01   >>>>   Start train ranking function

2019-05-03-03-53-01   >>>>   End train ranking function

train_ranking_functioning time = 3.054 ms


2019-05-03-03-53-01   >>>>   Start verify ranking function

valid ranking function
ranking function :  - 0.5 *  x[3]^1.0 + 0.4 * 1; 0.5 *  x[1]^1.0 - 0.5 *  x[2]^1.0 - 0.3 *  x[3]^1.0 + 1.0 * 1; 0.3 *  x[1]^1.0 - 0.3 *  x[2]^1.0 + 1.0 * 1

2019-05-03-03-53-01   >>>>   End verify ranking function

verifying time = 20.163 ms


Found Ranking Fcuntion:  - 0.5 *  x[3]^1.0 + 0.4 * 1; 0.5 *  x[1]^1.0 - 0.5 *  x[2]^1.0 - 0.3 *  x[3]^1.0 + 1.0 * 1; 0.3 *  x[1]^1.0 - 0.3 *  x[2]^1.0 + 1.0 * 1

 - 0.5 *  x[3]^1.0 + 0.4 * 1; 0.5 *  x[1]^1.0 - 0.5 *  x[2]^1.0 - 0.3 *  x[3]^1.0 + 1.0 * 1; 0.3 *  x[1]^1.0 - 0.3 *  x[2]^1.0 + 1.0 * 1
FINITE
Time For ../Program_non/73.bpl Is ---> 1307.184000 ms

