------Using Template 0 -----------
3 [3]
*****************************************************

2019-05-03-04-03-02   >>>>   End sampling point

sampling time = 36.452 ms,


       ########################################         

iteration 0 with 82 examples

2019-05-03-04-03-02   >>>>   Start train ranking function

2019-05-03-04-03-02   >>>>   End train ranking function

train_ranking_functioning time = 0.702 ms


2019-05-03-04-03-02   >>>>   Start verify ranking function

ranking function : 0.3 *  x[0]^1.0 - 0.3 *  x[1]^1.0 + 1.8 * 1

2019-05-03-04-03-02   >>>>   End verify ranking function

verifying time = 8.693 ms


Not Found Ranking Fcuntion

Conterexample is 

[3, 11]

sampling time = 0.731 ms


       ########################################         

iteration 1 with 84 examples

2019-05-03-04-03-02   >>>>   Start train ranking function

2019-05-03-04-03-02   >>>>   End train ranking function

train_ranking_functioning time = 0.813 ms


2019-05-03-04-03-02   >>>>   Start verify ranking function

ranking function : 0.2 *  x[0]^1.0 - 0.2 *  x[1]^1.0 + 2.0 * 1

2019-05-03-04-03-02   >>>>   End verify ranking function

verifying time = 8.463 ms


Not Found Ranking Fcuntion

Conterexample is 

[5, 17]

sampling time = 0.714 ms


       ########################################         

iteration 2 with 86 examples

2019-05-03-04-03-02   >>>>   Start train ranking function

2019-05-03-04-03-02   >>>>   End train ranking function

train_ranking_functioning time = 0.946 ms


2019-05-03-04-03-02   >>>>   Start verify ranking function

ranking function : 0.1 *  x[0]^1.0 - 0.2 *  x[1]^1.0 + 2.3 * 1

2019-05-03-04-03-02   >>>>   End verify ranking function

verifying time = 8.478 ms


Not Found Ranking Fcuntion

Conterexample is 

[4, 14]

sampling time = 0.712 ms


       ########################################         

iteration 3 with 88 examples

2019-05-03-04-03-02   >>>>   Start train ranking function

2019-05-03-04-03-02   >>>>   End train ranking function

train_ranking_functioning time = 1.041 ms


2019-05-03-04-03-02   >>>>   Start verify ranking function

ranking function : 0.1 *  x[0]^1.0 - 0.2 *  x[1]^1.0 + 2.4 * 1

2019-05-03-04-03-02   >>>>   End verify ranking function

verifying time = 8.591 ms


Not Found Ranking Fcuntion

Conterexample is 

[5, 15]

sampling time = 0.718 ms


       ########################################         

iteration 4 with 90 examples

2019-05-03-04-03-02   >>>>   Start train ranking function

2019-05-03-04-03-02   >>>>   End train ranking function

train_ranking_functioning time = 1.074 ms


2019-05-03-04-03-02   >>>>   Start verify ranking function

ranking function : 0.1 *  x[0]^1.0 - 0.2 *  x[1]^1.0 + 2.6 * 1

2019-05-03-04-03-02   >>>>   End verify ranking function

verifying time = 8.549 ms


Not Found Ranking Fcuntion

Conterexample is 

[6, 18]

sampling time = 0.719 ms


       ########################################         

iteration 5 with 92 examples

2019-05-03-04-03-02   >>>>   Start train ranking function

2019-05-03-04-03-02   >>>>   End train ranking function

train_ranking_functioning time = 1.146 ms


2019-05-03-04-03-02   >>>>   Start verify ranking function

ranking function : 0.1 *  x[0]^1.0 - 0.1 *  x[1]^1.0 + 2.6 * 1

2019-05-03-04-03-02   >>>>   End verify ranking function

verifying time = 8.465 ms


Not Found Ranking Fcuntion

Conterexample is 

[13, 41]

sampling time = 0.729 ms


       ########################################         

iteration 6 with 94 examples

2019-05-03-04-03-02   >>>>   Start train ranking function

2019-05-03-04-03-02   >>>>   End train ranking function

train_ranking_functioning time = 1.289 ms


2019-05-03-04-03-02   >>>>   Start verify ranking function

ranking function :  - 0.1 *  x[1]^1.0 + 2.4 * 1

2019-05-03-04-03-02   >>>>   End verify ranking function

verifying time = 8.564 ms


Not Found Ranking Fcuntion

Conterexample is 

[9, 27]

sampling time = 0.722 ms


       ########################################         

iteration 7 with 96 examples

2019-05-03-04-03-02   >>>>   Start train ranking function

2019-05-03-04-03-02   >>>>   End train ranking function

train_ranking_functioning time = 1.341 ms


2019-05-03-04-03-02   >>>>   Start verify ranking function

ranking function :  - 0.1 *  x[1]^1.0 + 2.6 * 1

2019-05-03-04-03-02   >>>>   End verify ranking function

verifying time = 8.531 ms


Not Found Ranking Fcuntion

Conterexample is 

[9, 27]

sampling time = 0.715 ms


       ########################################         

iteration 8 with 98 examples

2019-05-03-04-03-02   >>>>   Start train ranking function

2019-05-03-04-03-02   >>>>   End train ranking function

train_ranking_functioning time = 1.406 ms


2019-05-03-04-03-02   >>>>   Start verify ranking function

ranking function :  - 0.1 *  x[1]^1.0 + 2.7 * 1

2019-05-03-04-03-02   >>>>   End verify ranking function

verifying time = 8.670 ms


Not Found Ranking Fcuntion

Conterexample is 

[10, 30]

sampling time = 0.718 ms


       ########################################         

iteration 9 with 100 examples

2019-05-03-04-03-02   >>>>   Start train ranking function

2019-05-03-04-03-02   >>>>   End train ranking function

train_ranking_functioning time = 1.503 ms


2019-05-03-04-03-02   >>>>   Start verify ranking function

ranking function :  - 0.1 *  x[1]^1.0 + 3.0 * 1

2019-05-03-04-03-02   >>>>   End verify ranking function

verifying time = 8.500 ms


Not Found Ranking Fcuntion

Conterexample is 

[11, 33]

sampling time = 0.723 ms


       ########################################         

iteration 10 with 102 examples

2019-05-03-04-03-02   >>>>   Start train ranking function

2019-05-03-04-03-02   >>>>   End train ranking function

train_ranking_functioning time = 1.520 ms


2019-05-03-04-03-02   >>>>   Start verify ranking function

ranking function :  - 0.1 *  x[1]^1.0 + 3.0 * 1

2019-05-03-04-03-02   >>>>   End verify ranking function

verifying time = 8.557 ms


Not Found Ranking Fcuntion

Conterexample is 

[11, 33]

sampling time = 0.727 ms


       ########################################         

iteration 11 with 104 examples

2019-05-03-04-03-02   >>>>   Start train ranking function

2019-05-03-04-03-02   >>>>   End train ranking function

train_ranking_functioning time = 1.619 ms


2019-05-03-04-03-02   >>>>   Start verify ranking function

ranking function :  - 0.1 *  x[1]^1.0 + 3.2 * 1

2019-05-03-04-03-02   >>>>   End verify ranking function

verifying time = 8.560 ms


Not Found Ranking Fcuntion

Conterexample is 

[11, 33]

sampling time = 0.796 ms


       ########################################         

iteration 12 with 106 examples

2019-05-03-04-03-02   >>>>   Start train ranking function

2019-05-03-04-03-02   >>>>   End train ranking function

train_ranking_functioning time = 1.699 ms


2019-05-03-04-03-02   >>>>   Start verify ranking function

ranking function :  - 0.1 *  x[1]^1.0 + 3.2 * 1

2019-05-03-04-03-02   >>>>   End verify ranking function

verifying time = 8.543 ms


Not Found Ranking Fcuntion

Conterexample is 

[11, 33]

sampling time = 0.726 ms


       ########################################         

iteration 13 with 108 examples

2019-05-03-04-03-02   >>>>   Start train ranking function

2019-05-03-04-03-02   >>>>   End train ranking function

train_ranking_functioning time = 1.713 ms


2019-05-03-04-03-02   >>>>   Start verify ranking function

ranking function :  - 0.1 *  x[1]^1.0 + 3.3 * 1

2019-05-03-04-03-02   >>>>   End verify ranking function

verifying time = 8.473 ms


Not Found Ranking Fcuntion

Conterexample is 

[12, 36]

sampling time = 0.728 ms


       ########################################         

iteration 14 with 110 examples

2019-05-03-04-03-02   >>>>   Start train ranking function

2019-05-03-04-03-02   >>>>   End train ranking function

train_ranking_functioning time = 1.774 ms


2019-05-03-04-03-02   >>>>   Start verify ranking function

ranking function :  - 0.1 *  x[1]^1.0 + 3.3 * 1

2019-05-03-04-03-02   >>>>   End verify ranking function

verifying time = 8.496 ms


Not Found Ranking Fcuntion

Conterexample is 

[12, 36]

sampling time = 0.725 ms


       ########################################         
