------Using Template 0 -----------
3 [3]
*****************************************************

2019-05-03-04-18-05   >>>>   End sampling point

sampling time = 52.476 ms,


       ########################################         

iteration 0 with 136 examples

2019-05-03-04-18-05   >>>>   Start train ranking function

2019-05-03-04-18-05   >>>>   End train ranking function

train_ranking_functioning time = 4.098 ms


2019-05-03-04-18-05   >>>>   Start verify ranking function

[xi_1 = 0]
ranking function : 1.1 * 1

2019-05-03-04-18-05   >>>>   End verify ranking function

verifying time = 6.728 ms


Not Found Ranking Fcuntion

Conterexample is 

[0, 0]

sampling time = 0.723 ms


       ########################################         

iteration 1 with 138 examples

2019-05-03-04-18-05   >>>>   Start train ranking function

2019-05-03-04-18-05   >>>>   End train ranking function

train_ranking_functioning time = 4.020 ms


2019-05-03-04-18-05   >>>>   Start verify ranking function

[xi_1 = 0]
ranking function : 1.1 * 1

2019-05-03-04-18-05   >>>>   End verify ranking function

verifying time = 6.675 ms


Not Found Ranking Fcuntion

Conterexample is 

[0, 0]

sampling time = 0.746 ms


       ########################################         

iteration 2 with 140 examples

2019-05-03-04-18-05   >>>>   Start train ranking function

2019-05-03-04-18-05   >>>>   End train ranking function

train_ranking_functioning time = 4.060 ms


2019-05-03-04-18-05   >>>>   Start verify ranking function

[xi_1 = 0]
ranking function : 1.1 * 1

2019-05-03-04-18-05   >>>>   End verify ranking function

verifying time = 6.716 ms


Not Found Ranking Fcuntion

Conterexample is 

[0, 0]

sampling time = 0.712 ms


       ########################################         

iteration 3 with 142 examples

2019-05-03-04-18-05   >>>>   Start train ranking function

2019-05-03-04-18-05   >>>>   End train ranking function

train_ranking_functioning time = 4.205 ms


2019-05-03-04-18-05   >>>>   Start verify ranking function

[xi_1 = 0]
ranking function : 1.1 * 1

2019-05-03-04-18-05   >>>>   End verify ranking function

verifying time = 6.656 ms


Not Found Ranking Fcuntion

Conterexample is 

[0, 0]

sampling time = 0.720 ms


       ########################################         

iteration 4 with 144 examples

2019-05-03-04-18-05   >>>>   Start train ranking function

2019-05-03-04-18-05   >>>>   End train ranking function

train_ranking_functioning time = 3.962 ms


2019-05-03-04-18-05   >>>>   Start verify ranking function

[xi_1 = 0]
ranking function : 1.1 * 1

2019-05-03-04-18-05   >>>>   End verify ranking function

verifying time = 6.671 ms


Not Found Ranking Fcuntion

Conterexample is 

[0, 0]

sampling time = 0.720 ms


       ########################################         

iteration 5 with 146 examples

2019-05-03-04-18-05   >>>>   Start train ranking function

5
2019-05-03-04-18-05   >>>>   End train ranking function

train_ranking_functioning time = 4.185 ms


2019-05-03-04-18-05   >>>>   Start verify ranking function

[xi_1 = 0]
ranking function : 1.1 * 1

2019-05-03-04-18-05   >>>>   End verify ranking function

verifying time = 6.806 ms


Not Found Ranking Fcuntion

Conterexample is 

[0, 0]

sampling time = 0.756 ms


       ########################################         

iteration 6 with 148 examples

2019-05-03-04-18-05   >>>>   Start train ranking function

2019-05-03-04-18-05   >>>>   End train ranking function

train_ranking_functioning time = 4.190 ms


2019-05-03-04-18-05   >>>>   Start verify ranking function

[xi_1 = 0]
ranking function : 1.0 * 1

2019-05-03-04-18-05   >>>>   End verify ranking function

verifying time = 6.670 ms


Not Found Ranking Fcuntion

Conterexample is 

[0, 0]

sampling time = 0.719 ms


       ########################################         

iteration 7 with 150 examples

2019-05-03-04-18-05   >>>>   Start train ranking function

2019-05-03-04-18-05   >>>>   End train ranking function

train_ranking_functioning time = 4.216 ms


2019-05-03-04-18-05   >>>>   Start verify ranking function

[xi_1 = 0]
ranking function : 1.0 * 1

2019-05-03-04-18-05   >>>>   End verify ranking function

verifying time = 6.696 ms


Not Found Ranking Fcuntion

Conterexample is 

[0, 0]

sampling time = 0.718 ms


       ########################################         

iteration 8 with 152 examples

2019-05-03-04-18-05   >>>>   Start train ranking function

2019-05-03-04-18-05   >>>>   End train ranking function

train_ranking_functioning time = 4.214 ms


2019-05-03-04-18-05   >>>>   Start verify ranking function

[xi_1 = 0]
ranking function : 1.0 * 1

2019-05-03-04-18-05   >>>>   End verify ranking function

verifying time = 6.654 ms


Not Found Ranking Fcuntion

Conterexample is 

[0, 0]

sampling time = 0.717 ms


       ########################################         

iteration 9 with 154 examples

2019-05-03-04-18-05   >>>>   Start train ranking function

2019-05-03-04-18-05   >>>>   End train ranking function

train_ranking_functioning time = 4.253 ms


2019-05-03-04-18-05   >>>>   Start verify ranking function

[xi_1 = 0]
ranking function : 1.0 * 1

2019-05-03-04-18-05   >>>>   End verify ranking function

verifying time = 6.609 ms


Not Found Ranking Fcuntion

Conterexample is 

[0, 0]

sampling time = 0.719 ms


       ########################################         

iteration 10 with 156 examples

2019-05-03-04-18-05   >>>>   Start train ranking function

2019-05-03-04-18-05   >>>>   End train ranking function

train_ranking_functioning time = 4.303 ms


2019-05-03-04-18-05   >>>>   Start verify ranking function

[xi_1 = 0]
ranking function : 1.0 * 1

2019-05-03-04-18-05   >>>>   End verify ranking function

verifying time = 6.611 ms


Not Found Ranking Fcuntion

Conterexample is 

[0, 0]

sampling time = 0.726 ms


       ########################################         

iteration 11 with 158 examples

2019-05-03-04-18-05   >>>>   Start train ranking function

5
2019-05-03-04-18-05   >>>>   End train ranking function

train_ranking_functioning time = 4.560 ms


2019-05-03-04-18-05   >>>>   Start verify ranking function

[xi_1 = 0]
ranking function : 1.0 * 1

2019-05-03-04-18-05   >>>>   End verify ranking function

verifying time = 6.646 ms


Not Found Ranking Fcuntion

Conterexample is 

[0, 0]

sampling time = 0.765 ms


       ########################################         

iteration 12 with 160 examples

2019-05-03-04-18-05   >>>>   Start train ranking function

2019-05-03-04-18-05   >>>>   End train ranking function

train_ranking_functioning time = 4.328 ms


2019-05-03-04-18-05   >>>>   Start verify ranking function

[xi_0 = 1, xi_1 = 0]
ranking function : 0.0009 *  x[0]^1.0 - 0.0284 *  x[1]^1.0 + 1.0966 * 1

2019-05-03-04-18-05   >>>>   End verify ranking function

verifying time = 6.824 ms


Not Found Ranking Fcuntion

Conterexample is 

[1, 0]

sampling time = 0.763 ms


       ########################################         

iteration 13 with 162 examples

2019-05-03-04-18-05   >>>>   Start train ranking function

2019-05-03-04-18-05   >>>>   End train ranking function

train_ranking_functioning time = 4.422 ms


2019-05-03-04-18-05   >>>>   Start verify ranking function

[xi_0 = 1, xi_1 = 0]
ranking function :  - 0.0008 *  x[0]^1.0 - 0.0281 *  x[1]^1.0 + 1.0985 * 1

2019-05-03-04-18-05   >>>>   End verify ranking function

verifying time = 6.863 ms


Not Found Ranking Fcuntion

Conterexample is 

[1, 0]

sampling time = 0.723 ms


       ########################################         

iteration 14 with 164 examples

2019-05-03-04-18-05   >>>>   Start train ranking function

2019-05-03-04-18-05   >>>>   End train ranking function

train_ranking_functioning time = 4.435 ms


2019-05-03-04-18-05   >>>>   Start verify ranking function

[xi_0 = 1, xi_1 = 0]
ranking function :  - 0.0003 *  x[0]^1.0 - 0.0277 *  x[1]^1.0 + 1.0927 * 1

2019-05-03-04-18-05   >>>>   End verify ranking function

verifying time = 6.836 ms


Not Found Ranking Fcuntion

Conterexample is 

[1, 0]

sampling time = 0.715 ms


       ########################################         

iteration 15 with 166 examples

2019-05-03-04-18-05   >>>>   Start train ranking function
