------Using Template 0 -----------
4 [4]
*****************************************************

2019-05-03-04-33-06   >>>>   End sampling point

sampling time = 112.287 ms,


       ########################################         

iteration 0 with 220 examples

2019-05-03-04-33-06   >>>>   Start train ranking function

2019-05-03-04-33-06   >>>>   End train ranking function

train_ranking_functioning time = 1.002 ms


2019-05-03-04-33-06   >>>>   Start verify ranking function

[xr_1 = 48775/911, xr_2 = 0, xr_0 = -1]
ranking function : 0.952 *  x[0]^1.0 + 0.4585 *  x[1]^1.0 - 0.9152 *  x[2]^1.0 + 3.2168 * 1

2019-05-03-04-33-06   >>>>   End verify ranking function

verifying time = 8.086 ms


Not Found Ranking Fcuntion

Conterexample is 

[-1, 53.54006586169045, 0]

sampling time = 1.010 ms


       ########################################         

iteration 1 with 222 examples

2019-05-03-04-33-06   >>>>   Start train ranking function

2019-05-03-04-33-06   >>>>   End train ranking function

train_ranking_functioning time = 4.814 ms


2019-05-03-04-33-06   >>>>   Start verify ranking function

[xr_1 = 0, xr_2 = -48690/13, xr_0 = -1]
ranking function : 0.9486 *  x[0]^1.0 + 0.4743 *  x[1]^1.0 - 0.9473 *  x[2]^1.0 + 3.2621 * 1

2019-05-03-04-33-06   >>>>   End verify ranking function

verifying time = 7.875 ms


Not Found Ranking Fcuntion

Conterexample is 

[-1, 0, -3745.3846153846152]

sampling time = 1.045 ms


       ########################################         

iteration 2 with 224 examples

2019-05-03-04-33-06   >>>>   Start train ranking function

2019-05-03-04-33-06   >>>>   End train ranking function

train_ranking_functioning time = 4.819 ms


2019-05-03-04-33-06   >>>>   Start verify ranking function

[xr_1 = 0, xr_2 = -24345/7, xr_0 = -1]
ranking function : 0.9486 *  x[0]^1.0 + 0.4744 *  x[1]^1.0 - 0.9474 *  x[2]^1.0 + 3.2621 * 1

2019-05-03-04-33-06   >>>>   End verify ranking function

verifying time = 7.848 ms


Not Found Ranking Fcuntion

Conterexample is 

[-1, 0, -3477.8571428571427]

sampling time = 1.009 ms


       ########################################         

iteration 3 with 226 examples

2019-05-03-04-33-06   >>>>   Start train ranking function

2019-05-03-04-33-06   >>>>   End train ranking function

train_ranking_functioning time = 4.852 ms


2019-05-03-04-33-06   >>>>   Start verify ranking function

[xr_1 = 9488/11, xr_0 = -1]
ranking function : 0.9487 *  x[0]^1.0 + 0.4738 *  x[1]^1.0 - 0.9476 *  x[2]^1.0 + 3.2621 * 1

2019-05-03-04-33-06   >>>>   End verify ranking function

verifying time = 7.750 ms


Not Found Ranking Fcuntion

Conterexample is 

[-1, 862.5454545454545, 0]

sampling time = 1.002 ms


       ########################################         

iteration 4 with 228 examples

2019-05-03-04-33-06   >>>>   Start train ranking function

2019-05-03-04-33-06   >>>>   End train ranking function

train_ranking_functioning time = 4.938 ms


2019-05-03-04-33-06   >>>>   Start verify ranking function

[xr_1 = -9476/3, xr_0 = -1]
ranking function : 0.9483 *  x[0]^1.0 + 0.4743 *  x[1]^1.0 - 0.9486 *  x[2]^1.0 + 3.2632 * 1

2019-05-03-04-33-06   >>>>   End verify ranking function

verifying time = 7.658 ms


Not Found Ranking Fcuntion

Conterexample is 

[-1, -3158.6666666666665, 0]

sampling time = 1.011 ms


       ########################################         

iteration 5 with 230 examples

2019-05-03-04-33-06   >>>>   Start train ranking function

2019-05-03-04-33-06   >>>>   End train ranking function

train_ranking_functioning time = 2.629 ms


2019-05-03-04-33-06   >>>>   Start verify ranking function

[xr_1 = 0, xr_2 = 109605/29692, xr_0 = -1]
ranking function : 1.1931 *  x[0]^1.0 - 1.4846 *  x[2]^1.0 + 3.8883 * 1

2019-05-03-04-33-06   >>>>   End verify ranking function

verifying time = 7.964 ms


Not Found Ranking Fcuntion

Conterexample is 

[-1, 0, 3.6913983564596524]

sampling time = 1.007 ms


       ########################################         

iteration 6 with 232 examples

2019-05-03-04-33-06   >>>>   Start train ranking function

2019-05-03-04-33-06   >>>>   End train ranking function

train_ranking_functioning time = 3.438 ms


2019-05-03-04-33-06   >>>>   Start verify ranking function

[xr_1 = 47390/61, xr_2 = 0, xr_0 = -1]
ranking function : 0.8966 *  x[0]^1.0 + 0.0022 *  x[1]^1.0 - 1.1166 *  x[2]^1.0 + 4.0198 * 1

2019-05-03-04-33-06   >>>>   End verify ranking function

verifying time = 7.917 ms


Not Found Ranking Fcuntion

Conterexample is 

[-1, 776.8852459016393, 0]

sampling time = 1.012 ms


       ########################################         

iteration 7 with 234 examples

2019-05-03-04-33-06   >>>>   Start train ranking function

2019-05-03-04-33-06   >>>>   End train ranking function

train_ranking_functioning time = 3.504 ms


2019-05-03-04-33-06   >>>>   Start verify ranking function

[xr_1 = 18953/3, xr_2 = 0, xr_0 = -1]
ranking function : 0.8963 *  x[0]^1.0 + 0.0016 *  x[1]^1.0 - 1.1192 *  x[2]^1.0 + 4.0257 * 1

2019-05-03-04-33-06   >>>>   End verify ranking function

verifying time = 8.046 ms


Not Found Ranking Fcuntion

Conterexample is 

[-1, 6317.666666666667, 0]

sampling time = 1.010 ms


       ########################################         

iteration 8 with 236 examples

2019-05-03-04-33-06   >>>>   Start train ranking function

2019-05-03-04-33-06   >>>>   End train ranking function

train_ranking_functioning time = 3.589 ms


2019-05-03-04-33-06   >>>>   Start verify ranking function

[xr_2 = 3355/1117, xr_0 = -1]
ranking function : 0.8962 *  x[0]^1.0 + 0.0013 *  x[1]^1.0 - 1.1196 *  x[2]^1.0 + 4.0268 * 1

2019-05-03-04-33-06   >>>>   End verify ranking function

verifying time = 7.807 ms


Not Found Ranking Fcuntion

Conterexample is 

[-1, 0, 3.003581020590868]

sampling time = 1.051 ms


       ########################################         

iteration 9 with 238 examples

2019-05-03-04-33-06   >>>>   Start train ranking function

2019-05-03-04-33-06   >>>>   End train ranking function

train_ranking_functioning time = 3.805 ms


2019-05-03-04-33-06   >>>>   Start verify ranking function

[xr_1 = 4677, xr_2 = 0, xr_0 = -1]
ranking function : 0.8718 *  x[0]^1.0 + 0.0021 *  x[1]^1.0 - 1.0882 *  x[2]^1.0 + 4.417 * 1

2019-05-03-04-33-06   >>>>   End verify ranking function

verifying time = 7.912 ms


Not Found Ranking Fcuntion

Conterexample is 

[-1, 4677, 0]

sampling time = 0.998 ms


       ########################################         

iteration 10 with 240 examples

2019-05-03-04-33-06   >>>>   Start train ranking function

2019-05-03-04-33-06   >>>>   End train ranking function

train_ranking_functioning time = 3.769 ms


2019-05-03-04-33-06   >>>>   Start verify ranking function

[xr_1 = 0, xr_2 = 46730/10829, xr_0 = -1]
ranking function : 0.8702 *  x[0]^1.0 + 0.0019 *  x[1]^1.0 - 1.0867 *  x[2]^1.0 + 4.4114 * 1

2019-05-03-04-33-06   >>>>   End verify ranking function

verifying time = 7.859 ms


Not Found Ranking Fcuntion

Conterexample is 

[-1, 0, 4.315264567365408]

sampling time = 1.016 ms


       ########################################         

iteration 11 with 242 examples

2019-05-03-04-33-06   >>>>   Start train ranking function

2019-05-03-04-33-06   >>>>   End train ranking function

train_ranking_functioning time = 4.145 ms


2019-05-03-04-33-06   >>>>   Start verify ranking function

[xr_1 = 0, xr_2 = 44445/9583, xr_0 = -1]
ranking function : 0.7788 *  x[0]^1.0 + 0.0061 *  x[1]^1.0 - 0.9705 *  x[2]^1.0 + 4.5811 * 1

2019-05-03-04-33-06   >>>>   End verify ranking function

verifying time = 7.810 ms


Not Found Ranking Fcuntion

Conterexample is 

[-1, 0, 4.637900448711259]

sampling time = 1.020 ms


       ########################################         

iteration 12 with 244 examples

2019-05-03-04-33-06   >>>>   Start train ranking function

2019-05-03-04-33-06   >>>>   End train ranking function

train_ranking_functioning time = 4.611 ms


2019-05-03-04-33-06   >>>>   Start verify ranking function

[xr_1 = 42980/19, xr_2 = 0, xr_0 = -1]
ranking function : 0.7202 *  x[0]^1.0 + 0.0122 *  x[1]^1.0 - 0.8932 *  x[2]^1.0 + 4.7054 * 1

2019-05-03-04-33-06   >>>>   End verify ranking function

verifying time = 7.816 ms


Not Found Ranking Fcuntion

Conterexample is 

[-1, 2262.1052631578946, 0]

sampling time = 1.190 ms


       ########################################         

iteration 13 with 246 examples

2019-05-03-04-33-06   >>>>   Start train ranking function

2019-05-03-04-33-06   >>>>   End train ranking function

train_ranking_functioning time = 5.097 ms


2019-05-03-04-33-06   >>>>   Start verify ranking function

[xr_1 = 85955/29, xr_2 = 0, xr_0 = -1]
ranking function : 0.7201 *  x[0]^1.0 + 0.011 *  x[1]^1.0 - 0.8939 *  x[2]^1.0 + 4.7063 * 1

2019-05-03-04-33-06   >>>>   End verify ranking function

verifying time = 8.958 ms


Not Found Ranking Fcuntion

Conterexample is 

[-1, 2963.9655172413795, 0]

sampling time = 1.081 ms


       ########################################         

iteration 14 with 248 examples

2019-05-03-04-33-06   >>>>   Start train ranking function

2019-05-03-04-33-06   >>>>   End train ranking function

train_ranking_functioning time = 5.046 ms


2019-05-03-04-33-06   >>>>   Start verify ranking function

[xr_1 = 0, xr_2 = 85945/17424, xr_0 = -1]
ranking function : 0.7199 *  x[0]^1.0 + 0.0111 *  x[1]^1.0 - 0.8934 *  x[2]^1.0 + 4.7069 * 1

2019-05-03-04-33-06   >>>>   End verify ranking function

verifying time = 8.541 ms


Not Found Ranking Fcuntion

Conterexample is 

[-1, 0, 4.932564279155188]

sampling time = 1.006 ms


       ########################################         

iteration 15 with 250 examples

2019-05-03-04-33-06   >>>>   Start train ranking function

2019-05-03-04-33-06   >>>>   End train ranking function

train_ranking_functioning time = 5.038 ms


2019-05-03-04-33-06   >>>>   Start verify ranking function

[xr_1 = 16743/19, xr_2 = 0, xr_0 = -1]
ranking function : 0.6753 *  x[0]^1.0 + 0.0199 *  x[1]^1.0 - 0.8318 *  x[2]^1.0 + 4.7425 * 1

2019-05-03-04-33-06   >>>>   End verify ranking function

verifying time = 7.955 ms


Not Found Ranking Fcuntion

Conterexample is 

[-1, 881.2105263157895, 0]

sampling time = 1.003 ms


       ########################################         

iteration 16 with 252 examples

2019-05-03-04-33-06   >>>>   Start train ranking function

2019-05-03-04-33-06   >>>>   End train ranking function

train_ranking_functioning time = 5.034 ms


2019-05-03-04-33-06   >>>>   Start verify ranking function

[xr_1 = 0, xr_2 = 2092/399, xr_0 = -1]
ranking function : 0.6746 *  x[0]^1.0 + 0.0175 *  x[1]^1.0 - 0.833 *  x[2]^1.0 + 4.7451 * 1

2019-05-03-04-33-06   >>>>   End verify ranking function

verifying time = 7.863 ms


Not Found Ranking Fcuntion

Conterexample is 

[-1, 0, 5.243107769423559]

sampling time = 1.014 ms


       ########################################         

iteration 17 with 254 examples

2019-05-03-04-33-06   >>>>   Start train ranking function

2019-05-03-04-33-06   >>>>   End train ranking function

train_ranking_functioning time = 5.236 ms


2019-05-03-04-33-06   >>>>   Start verify ranking function

[xr_1 = 41305/6, xr_2 = 0, xr_0 = -1]
ranking function : 0.6532 *  x[0]^1.0 + 0.0206 *  x[1]^1.0 - 0.8059 *  x[2]^1.0 + 4.9006 * 1

2019-05-03-04-33-06   >>>>   End verify ranking function

verifying time = 7.915 ms


Not Found Ranking Fcuntion

Conterexample is 

[-1, 6884.166666666667, 0]

sampling time = 1.014 ms


       ########################################         

iteration 18 with 256 examples

2019-05-03-04-33-06   >>>>   Start train ranking function

2019-05-03-04-33-06   >>>>   End train ranking function

train_ranking_functioning time = 5.373 ms


2019-05-03-04-33-06   >>>>   Start verify ranking function

[xr_1 = 40985/9, xr_2 = 0, xr_0 = -1]
ranking function : 0.6404 *  x[0]^1.0 + 0.0291 *  x[1]^1.0 - 0.7855 *  x[2]^1.0 + 4.7858 * 1

2019-05-03-04-33-06   >>>>   End verify ranking function

verifying time = 7.826 ms


Not Found Ranking Fcuntion

Conterexample is 

[-1, 4553.888888888889, 0]

sampling time = 1.025 ms


       ########################################         

iteration 19 with 258 examples

2019-05-03-04-33-06   >>>>   Start train ranking function

2019-05-03-04-33-06   >>>>   End train ranking function

train_ranking_functioning time = 5.406 ms


2019-05-03-04-33-06   >>>>   Start verify ranking function

[xr_1 = 0, xr_2 = 8169/1459, xr_0 = -1]
ranking function : 0.6348 *  x[0]^1.0 + 0.0268 *  x[1]^1.0 - 0.7831 *  x[2]^1.0 + 4.7846 * 1

2019-05-03-04-33-06   >>>>   End verify ranking function

verifying time = 7.809 ms


Not Found Ranking Fcuntion

Conterexample is 

[-1, 0, 5.599040438656614]

sampling time = 1.057 ms


       ########################################         

iteration 20 with 260 examples

2019-05-03-04-33-06   >>>>   Start train ranking function

2019-05-03-04-33-06   >>>>   End train ranking function

train_ranking_functioning time = 5.483 ms


2019-05-03-04-33-06   >>>>   Start verify ranking function

[xr_1 = 16097/31, xr_2 = 0, xr_0 = -1]
ranking function : 0.6107 *  x[0]^1.0 + 0.0376 *  x[1]^1.0 - 0.7407 *  x[2]^1.0 + 4.7994 * 1

2019-05-03-04-33-06   >>>>   End verify ranking function

verifying time = 7.913 ms


Not Found Ranking Fcuntion

Conterexample is 

[-1, 519.258064516129, 0]

sampling time = 1.035 ms


       ########################################         

iteration 21 with 262 examples

2019-05-03-04-33-06   >>>>   Start train ranking function

2019-05-03-04-33-06   >>>>   End train ranking function

train_ranking_functioning time = 5.519 ms


2019-05-03-04-33-06   >>>>   Start verify ranking function

[xr_1 = 8045/9, xr_2 = 0, xr_0 = -1]
ranking function : 0.61 *  x[0]^1.0 + 0.0377 *  x[1]^1.0 - 0.7414 *  x[2]^1.0 + 4.801 * 1

2019-05-03-04-33-06   >>>>   End verify ranking function

verifying time = 7.892 ms


Not Found Ranking Fcuntion

Conterexample is 

[-1, 893.8888888888889, 0]

sampling time = 1.032 ms


       ########################################         

iteration 22 with 264 examples

2019-05-03-04-33-06   >>>>   Start train ranking function

2019-05-03-04-33-06   >>>>   End train ranking function

train_ranking_functioning time = 5.265 ms


2019-05-03-04-33-06   >>>>   Start verify ranking function

[xr_1 = -11875/3, xr_2 = 0, xr_0 = -1]
ranking function : 0.6635 *  x[0]^1.0 + 0.0114 *  x[1]^1.0 - 0.8242 *  x[2]^1.0 + 5.2204 * 1

2019-05-03-04-33-06   >>>>   End verify ranking function

verifying time = 7.921 ms


Not Found Ranking Fcuntion

Conterexample is 

[-1, -3958.3333333333335, 0]

sampling time = 1.022 ms


       ########################################         

iteration 23 with 266 examples

2019-05-03-04-33-06   >>>>   Start train ranking function

2019-05-03-04-33-06   >>>>   End train ranking function

train_ranking_functioning time = 5.675 ms


2019-05-03-04-33-06   >>>>   Start verify ranking function

[xr_1 = -79555/9, xr_2 = 0, xr_0 = -1]
ranking function : 0.5921 *  x[0]^1.0 + 0.0053 *  x[1]^1.0 - 0.7377 *  x[2]^1.0 + 4.7687 * 1

2019-05-03-04-33-06   >>>>   End verify ranking function

verifying time = 7.911 ms


Not Found Ranking Fcuntion

Conterexample is 

[-1, -8839.444444444445, 0]

sampling time = 1.023 ms


       ########################################         

iteration 24 with 268 examples

2019-05-03-04-33-06   >>>>   Start train ranking function

2019-05-03-04-33-06   >>>>   End train ranking function

train_ranking_functioning time = 5.662 ms


2019-05-03-04-33-06   >>>>   Start verify ranking function

[xr_1 = 0, xr_2 = 7945/1468, xr_0 = -1]
ranking function : 0.59 *  x[0]^1.0 + 0.0015 *  x[1]^1.0 - 0.737 *  x[2]^1.0 + 4.7636 * 1

2019-05-03-04-33-06   >>>>   End verify ranking function

verifying time = 7.927 ms


Not Found Ranking Fcuntion

Conterexample is 

[-1, 0, 5.412125340599455]

sampling time = 1.016 ms


Failed to prove it is terminated

UNKNOWN
------Using Template 1 -----------
1 [1]
*****************************************************

2019-05-03-04-33-06   >>>>   End sampling point

sampling time = 42.055 ms,


       ########################################         

iteration 0 with 220 examples

2019-05-03-04-33-06   >>>>   Start train ranking function

2019-05-03-04-33-06   >>>>   End train ranking function

train_ranking_functioning time = 2.678 ms


2019-05-03-04-33-06   >>>>   Start verify ranking function

[xr_1 = 1/8, xr_2 = 0, xr_0 = -1]
ranking function : 0.0763 *  x[1]^2.0 *  x[2]^3.0

2019-05-03-04-33-06   >>>>   End verify ranking function

verifying time = 14.670 ms


Not Found Ranking Fcuntion

Conterexample is 

[-1, 0.125, 0]

sampling time = 0.405 ms


       ########################################         

iteration 1 with 222 examples

2019-05-03-04-33-06   >>>>   Start train ranking function

2019-05-03-04-33-06   >>>>   End train ranking function

train_ranking_functioning time = 3.018 ms


2019-05-03-04-33-06   >>>>   Start verify ranking function

[xr_1 = 1/8, xr_2 = 0, xr_0 = -1]
ranking function : 0.0763 *  x[1]^2.0 *  x[2]^3.0

2019-05-03-04-33-06   >>>>   End verify ranking function

verifying time = 14.335 ms


Not Found Ranking Fcuntion

Conterexample is 

[-1, 0.125, 0]

sampling time = 0.370 ms


       ########################################         

iteration 2 with 224 examples

2019-05-03-04-33-06   >>>>   Start train ranking function

2019-05-03-04-33-06   >>>>   End train ranking function

train_ranking_functioning time = 2.802 ms


2019-05-03-04-33-06   >>>>   Start verify ranking function

[xr_1 = 1/8, xr_2 = 0, xr_0 = -1]
ranking function : 0.0763 *  x[1]^2.0 *  x[2]^3.0

2019-05-03-04-33-06   >>>>   End verify ranking function

verifying time = 13.226 ms


Not Found Ranking Fcuntion

Conterexample is 

[-1, 0.125, 0]

sampling time = 0.368 ms


       ########################################         

iteration 3 with 226 examples

2019-05-03-04-33-06   >>>>   Start train ranking function

2019-05-03-04-33-06   >>>>   End train ranking function

train_ranking_functioning time = 2.853 ms


2019-05-03-04-33-06   >>>>   Start verify ranking function

[xr_1 = 1/8, xr_2 = 0, xr_0 = -1]
ranking function : 0.0763 *  x[1]^2.0 *  x[2]^3.0

2019-05-03-04-33-06   >>>>   End verify ranking function

verifying time = 13.298 ms


Not Found Ranking Fcuntion

Conterexample is 

[-1, 0.125, 0]

sampling time = 0.370 ms


       ########################################         

iteration 4 with 228 examples

2019-05-03-04-33-06   >>>>   Start train ranking function

2019-05-03-04-33-06   >>>>   End train ranking function

train_ranking_functioning time = 2.823 ms


2019-05-03-04-33-06   >>>>   Start verify ranking function

[xr_1 = 1/8, xr_2 = 0, xr_0 = -1]
ranking function : 0.0763 *  x[1]^2.0 *  x[2]^3.0

2019-05-03-04-33-06   >>>>   End verify ranking function

verifying time = 13.318 ms


Not Found Ranking Fcuntion

Conterexample is 

[-1, 0.125, 0]

sampling time = 0.367 ms


       ########################################         

iteration 5 with 230 examples

2019-05-03-04-33-06   >>>>   Start train ranking function

5
2019-05-03-04-33-06   >>>>   End train ranking function

train_ranking_functioning time = 2.761 ms


2019-05-03-04-33-06   >>>>   Start verify ranking function

[xr_1 = 1/8, xr_2 = 0, xr_0 = -1]
ranking function : 0.0763 *  x[1]^2.0 *  x[2]^3.0

2019-05-03-04-33-06   >>>>   End verify ranking function

verifying time = 13.236 ms


Not Found Ranking Fcuntion

Conterexample is 

[-1, 0.125, 0]

sampling time = 0.366 ms


       ########################################         

iteration 6 with 232 examples

2019-05-03-04-33-06   >>>>   Start train ranking function

2019-05-03-04-33-06   >>>>   End train ranking function

train_ranking_functioning time = 2.875 ms


2019-05-03-04-33-06   >>>>   Start verify ranking function

[xr_1 = 1/8, xr_2 = 0, xr_0 = -1]
ranking function : 0.1 *  x[1]^2.0 *  x[2]^3.0

2019-05-03-04-33-06   >>>>   End verify ranking function

verifying time = 13.122 ms


Not Found Ranking Fcuntion

Conterexample is 

[-1, 0.125, 0]

sampling time = 0.364 ms


       ########################################         

iteration 7 with 234 examples

2019-05-03-04-33-06   >>>>   Start train ranking function

2019-05-03-04-33-06   >>>>   End train ranking function

train_ranking_functioning time = 2.710 ms


2019-05-03-04-33-06   >>>>   Start verify ranking function

[xr_1 = 1/8, xr_2 = 0, xr_0 = -1]
ranking function : 0.1 *  x[1]^2.0 *  x[2]^3.0

2019-05-03-04-33-06   >>>>   End verify ranking function

verifying time = 13.172 ms


Not Found Ranking Fcuntion

Conterexample is 

[-1, 0.125, 0]

sampling time = 0.376 ms


       ########################################         

iteration 8 with 236 examples

2019-05-03-04-33-06   >>>>   Start train ranking function

2019-05-03-04-33-06   >>>>   End train ranking function

train_ranking_functioning time = 2.902 ms


2019-05-03-04-33-06   >>>>   Start verify ranking function

[xr_1 = 1/8, xr_2 = 0, xr_0 = -1]
ranking function : 0.1 *  x[1]^2.0 *  x[2]^3.0

2019-05-03-04-33-06   >>>>   End verify ranking function

verifying time = 13.114 ms


Not Found Ranking Fcuntion

Conterexample is 

[-1, 0.125, 0]

sampling time = 0.401 ms


       ########################################         

iteration 9 with 238 examples

2019-05-03-04-33-06   >>>>   Start train ranking function

2019-05-03-04-33-06   >>>>   End train ranking function

train_ranking_functioning time = 2.865 ms


2019-05-03-04-33-06   >>>>   Start verify ranking function

[xr_1 = 1/8, xr_2 = 0, xr_0 = -1]
ranking function : 0.1 *  x[1]^2.0 *  x[2]^3.0

2019-05-03-04-33-06   >>>>   End verify ranking function

verifying time = 13.120 ms


Not Found Ranking Fcuntion

Conterexample is 

[-1, 0.125, 0]

sampling time = 0.367 ms


       ########################################         

iteration 10 with 240 examples

2019-05-03-04-33-06   >>>>   Start train ranking function

2019-05-03-04-33-06   >>>>   End train ranking function

train_ranking_functioning time = 3.147 ms


2019-05-03-04-33-06   >>>>   Start verify ranking function

[xr_1 = 1/8, xr_2 = 0, xr_0 = -1]
ranking function : 0.1 *  x[1]^2.0 *  x[2]^3.0

2019-05-03-04-33-06   >>>>   End verify ranking function

verifying time = 13.374 ms


Not Found Ranking Fcuntion

Conterexample is 

[-1, 0.125, 0]

sampling time = 0.368 ms


       ########################################         

iteration 11 with 242 examples

2019-05-03-04-33-06   >>>>   Start train ranking function

5
2019-05-03-04-33-06   >>>>   End train ranking function

train_ranking_functioning time = 2.798 ms


2019-05-03-04-33-06   >>>>   Start verify ranking function

[xr_1 = 1/8, xr_2 = 0, xr_0 = -1]
ranking function : 0.1 *  x[1]^2.0 *  x[2]^3.0

2019-05-03-04-33-06   >>>>   End verify ranking function

verifying time = 13.228 ms


Not Found Ranking Fcuntion

Conterexample is 

[-1, 0.125, 0]

sampling time = 0.374 ms


       ########################################         

iteration 12 with 244 examples

2019-05-03-04-33-06   >>>>   Start train ranking function

2019-05-03-04-33-06   >>>>   End train ranking function

train_ranking_functioning time = 3.009 ms


2019-05-03-04-33-06   >>>>   Start verify ranking function

[xr_0 = -1]
ranking function : 

2019-05-03-04-33-06   >>>>   End verify ranking function

verifying time = 7.190 ms


Not Found Ranking Fcuntion

Conterexample is 

[-1, 0, 0]

sampling time = 0.368 ms


       ########################################         

iteration 13 with 246 examples

2019-05-03-04-33-06   >>>>   Start train ranking function

2019-05-03-04-33-06   >>>>   End train ranking function

train_ranking_functioning time = 3.031 ms


2019-05-03-04-33-06   >>>>   Start verify ranking function

[xr_0 = -1]
ranking function : 

2019-05-03-04-33-06   >>>>   End verify ranking function

verifying time = 7.136 ms


Not Found Ranking Fcuntion

Conterexample is 

[-1, 0, 0]

sampling time = 0.371 ms


       ########################################         

iteration 14 with 248 examples

2019-05-03-04-33-06   >>>>   Start train ranking function

2019-05-03-04-33-06   >>>>   End train ranking function

train_ranking_functioning time = 3.007 ms


2019-05-03-04-33-06   >>>>   Start verify ranking function

[xr_0 = -1]
ranking function : 

2019-05-03-04-33-06   >>>>   End verify ranking function

verifying time = 7.117 ms


Not Found Ranking Fcuntion

Conterexample is 

[-1, 0, 0]

sampling time = 0.369 ms


       ########################################         

iteration 15 with 250 examples

2019-05-03-04-33-06   >>>>   Start train ranking function

2019-05-03-04-33-06   >>>>   End train ranking function

train_ranking_functioning time = 3.165 ms


2019-05-03-04-33-06   >>>>   Start verify ranking function

[xr_0 = -1]
ranking function : 

2019-05-03-04-33-06   >>>>   End verify ranking function

verifying time = 7.097 ms


Not Found Ranking Fcuntion

Conterexample is 

[-1, 0, 0]

sampling time = 0.393 ms


       ########################################         

iteration 16 with 252 examples

2019-05-03-04-33-06   >>>>   Start train ranking function

2019-05-03-04-33-06   >>>>   End train ranking function

train_ranking_functioning time = 3.284 ms


2019-05-03-04-33-06   >>>>   Start verify ranking function

[xr_0 = -1]
ranking function : 

2019-05-03-04-33-06   >>>>   End verify ranking function

verifying time = 7.221 ms


Not Found Ranking Fcuntion

Conterexample is 

[-1, 0, 0]

sampling time = 0.365 ms


       ########################################         

iteration 17 with 254 examples

2019-05-03-04-33-06   >>>>   Start train ranking function

5
the coefficient is convergent

Failed to prove it is terminated

UNKNOWN
------Using Template 2 -----------
12 [4, 4, 4]
*****************************************************

2019-05-03-04-33-07   >>>>   End sampling point

sampling time = 320.296 ms,


       ########################################         

iteration 0 with 440 examples

2019-05-03-04-33-07   >>>>   Start train ranking function

2019-05-03-04-33-07   >>>>   End train ranking function

train_ranking_functioning time = 1.555 ms


2019-05-03-04-33-07   >>>>   Start verify ranking function

[xr_1 = 0, xr_2 = -19691/102, xr_0 = -1]
ranking function : 0.9701 *  x[0]^1.0 + 0.4851 *  x[1]^1.0 - 0.9447 *  x[2]^1.0 + 1.8249 * 1; 0.6216 *  x[0]^1.0 + 0.681 *  x[1]^1.0 + 0.1182 *  x[2]^1.0 + 1.2607 * 1; 0.5412 *  x[0]^1.0 - 0.0283 *  x[1]^1.0 + 0.0168 *  x[2]^1.0 + 1.6114 * 1

2019-05-03-04-33-07   >>>>   End verify ranking function

verifying time = 8.001 ms


Not Found Ranking Fcuntion

Conterexample is 

[-1, 0, -193.04901960784315]

sampling time = 2.908 ms


       ########################################         

iteration 1 with 444 examples

2019-05-03-04-33-07   >>>>   Start train ranking function

2019-05-03-04-33-07   >>>>   End train ranking function

train_ranking_functioning time = 6.205 ms


2019-05-03-04-33-07   >>>>   Start verify ranking function

[xr_1 = 49235/506, xr_2 = 0, xr_0 = -1]
ranking function : 0.9704 *  x[0]^1.0 + 0.475 *  x[1]^1.0 - 0.9502 *  x[2]^1.0 + 1.8553 * 1; 0.6716 *  x[0]^1.0 + 0.6543 *  x[1]^1.0 + 0.0236 *  x[2]^1.0 + 1.2333 * 1; 0.5652 *  x[0]^1.0 - 0.0289 *  x[1]^1.0 + 0.0004 *  x[2]^1.0 + 1.6387 * 1

2019-05-03-04-33-07   >>>>   End verify ranking function

verifying time = 7.935 ms


Not Found Ranking Fcuntion

Conterexample is 

[-1, 97.30237154150197, 0]

sampling time = 2.921 ms


       ########################################         

iteration 2 with 448 examples

2019-05-03-04-33-07   >>>>   Start train ranking function

2019-05-03-04-33-07   >>>>   End train ranking function

train_ranking_functioning time = 6.579 ms


2019-05-03-04-33-07   >>>>   Start verify ranking function

[xr_1 = 98375/23, xr_2 = 0, xr_0 = -1]
ranking function : 0.9685 *  x[0]^1.0 + 0.4839 *  x[1]^1.0 - 0.9681 *  x[2]^1.0 + 1.8669 * 1; 0.694 *  x[0]^1.0 + 0.6525 *  x[1]^1.0 + 0.0012 *  x[2]^1.0 + 1.2451 * 1; 0.5768 *  x[0]^1.0 - 0.0008 *  x[1]^1.0 + 0.0004 *  x[2]^1.0 + 1.6467 * 1

2019-05-03-04-33-07   >>>>   End verify ranking function

verifying time = 7.960 ms


Not Found Ranking Fcuntion

Conterexample is 

[-1, 4277.173913043478, 0]

sampling time = 2.879 ms


       ########################################         

iteration 3 with 452 examples

2019-05-03-04-33-07   >>>>   Start train ranking function

2019-05-03-04-33-07   >>>>   End train ranking function

train_ranking_functioning time = 6.812 ms


2019-05-03-04-33-07   >>>>   Start verify ranking function

[xr_1 = -16395, xr_2 = 0, xr_0 = -1]
ranking function : 0.9684 *  x[0]^1.0 + 0.4841 *  x[1]^1.0 - 0.9686 *  x[2]^1.0 + 1.8674 * 1; 0.6942 *  x[0]^1.0 + 0.6523 *  x[1]^1.0 + 0.0009 *  x[2]^1.0 + 1.2456 * 1; 0.5767 *  x[0]^1.0 - 0.0004 *  x[1]^1.0 + 0.0004 *  x[2]^1.0 + 1.6464 * 1

2019-05-03-04-33-07   >>>>   End verify ranking function

verifying time = 8.031 ms


Not Found Ranking Fcuntion

Conterexample is 

[-1, -16395, 0]

sampling time = 2.908 ms


       ########################################         

iteration 4 with 456 examples

2019-05-03-04-33-07   >>>>   Start train ranking function

2019-05-03-04-33-07   >>>>   End train ranking function

train_ranking_functioning time = 7.595 ms


2019-05-03-04-33-07   >>>>   Start verify ranking function

[xr_1 = -49180, xr_2 = 0, xr_0 = -1]
ranking function : 0.9682 *  x[0]^1.0 + 0.484 *  x[1]^1.0 - 0.9683 *  x[2]^1.0 + 1.8921 * 1; 0.7246 *  x[0]^1.0 + 0.6028 *  x[1]^1.0 + 0.0006 *  x[2]^1.0 + 1.2194 * 1; 0.6024 *  x[0]^1.0 - 0.0002 *  x[1]^1.0 + 0.0004 *  x[2]^1.0 + 1.6756 * 1

2019-05-03-04-33-07   >>>>   End verify ranking function

verifying time = 8.027 ms


Not Found Ranking Fcuntion

Conterexample is 

[-1, -49180, 0]

sampling time = 2.873 ms


       ########################################         

iteration 5 with 460 examples

2019-05-03-04-33-07   >>>>   Start train ranking function

2019-05-03-04-33-07   >>>>   End train ranking function

train_ranking_functioning time = 7.884 ms


2019-05-03-04-33-07   >>>>   Start verify ranking function

[xr_1 = -49180, xr_2 = 0, xr_0 = -1]
ranking function : 0.9682 *  x[0]^1.0 + 0.484 *  x[1]^1.0 - 0.9683 *  x[2]^1.0 + 1.8918 * 1; 0.7246 *  x[0]^1.0 + 0.603 *  x[1]^1.0 + 0.0008 *  x[2]^1.0 + 1.2215 * 1; 0.6024 *  x[0]^1.0 - 0.0006 *  x[1]^1.0 + 0.0005 *  x[2]^1.0 + 1.676 * 1

2019-05-03-04-33-07   >>>>   End verify ranking function

verifying time = 7.978 ms


Not Found Ranking Fcuntion

Conterexample is 

[-1, -49180, 0]

sampling time = 2.854 ms


       ########################################         

iteration 6 with 464 examples

2019-05-03-04-33-07   >>>>   Start train ranking function

2019-05-03-04-33-07   >>>>   End train ranking function

train_ranking_functioning time = 8.248 ms


2019-05-03-04-33-07   >>>>   Start verify ranking function

[xr_1 = -49180, xr_2 = 0, xr_0 = -1]
ranking function : 0.9682 *  x[0]^1.0 + 0.484 *  x[1]^1.0 - 0.9683 *  x[2]^1.0 + 1.8918 * 1; 0.7246 *  x[0]^1.0 + 0.6029 *  x[1]^1.0 + 0.0006 *  x[2]^1.0 + 1.2214 * 1; 0.6025 *  x[0]^1.0 - 0.0003 *  x[1]^1.0 + 0.0004 *  x[2]^1.0 + 1.6759 * 1

2019-05-03-04-33-07   >>>>   End verify ranking function

verifying time = 7.983 ms


Not Found Ranking Fcuntion

Conterexample is 

[-1, -49180, 0]

sampling time = 2.889 ms


       ########################################         

iteration 7 with 468 examples

2019-05-03-04-33-07   >>>>   Start train ranking function

2019-05-03-04-33-07   >>>>   End train ranking function

train_ranking_functioning time = 8.097 ms


2019-05-03-04-33-07   >>>>   Start verify ranking function

[xr_1 = 0, xr_2 = 49180/3, xr_0 = -1]
ranking function : 0.9682 *  x[0]^1.0 + 0.484 *  x[1]^1.0 - 0.9683 *  x[2]^1.0 + 1.8918 * 1; 0.7246 *  x[0]^1.0 + 0.603 *  x[1]^1.0 + 0.0007 *  x[2]^1.0 + 1.2214 * 1; 0.6025 *  x[0]^1.0 - 0.0004 *  x[1]^1.0 + 0.0004 *  x[2]^1.0 + 1.676 * 1

2019-05-03-04-33-07   >>>>   End verify ranking function

verifying time = 7.901 ms


Not Found Ranking Fcuntion

Conterexample is 

[-1, 0, 16393.333333333332]

sampling time = 2.887 ms


       ########################################         

iteration 8 with 472 examples

2019-05-03-04-33-07   >>>>   Start train ranking function

2019-05-03-04-33-07   >>>>   End train ranking function

train_ranking_functioning time = 8.163 ms


2019-05-03-04-33-07   >>>>   Start verify ranking function

[xr_1 = 0, xr_2 = 24445/2, xr_0 = -1]
ranking function : 0.9566 *  x[0]^1.0 + 0.4782 *  x[1]^1.0 - 0.9568 *  x[2]^1.0 + 1.1196 * 1; 0.9554 *  x[0]^1.0 + 1.1954 *  x[1]^1.0 + 0.001 *  x[2]^1.0 + 0.8968 * 1; 1.1944 *  x[0]^1.0 - 0.0005 *  x[1]^1.0 + 0.0008 *  x[2]^1.0 + 2.3533 * 1

2019-05-03-04-33-07   >>>>   End verify ranking function

verifying time = 7.911 ms


Not Found Ranking Fcuntion

Conterexample is 

[-1, 0, 12222.5]

sampling time = 3.165 ms


       ########################################         

iteration 9 with 476 examples

2019-05-03-04-33-07   >>>>   Start train ranking function

2019-05-03-04-33-07   >>>>   End train ranking function

train_ranking_functioning time = 9.707 ms


2019-05-03-04-33-07   >>>>   Start verify ranking function

[xr_2 = 4779, xr_0 = -1]
ranking function : 0.9566 *  x[0]^1.0 + 0.4781 *  x[1]^1.0 - 0.9567 *  x[2]^1.0 + 1.1373 * 1; 0.9555 *  x[0]^1.0 + 1.1954 *  x[1]^1.0 + 0.001 *  x[2]^1.0 + 0.8946 * 1; 1.1945 *  x[0]^1.0 - 0.0014 *  x[1]^1.0 + 0.001 *  x[2]^1.0 + 2.3534 * 1

2019-05-03-04-33-07   >>>>   End verify ranking function

verifying time = 8.532 ms


Not Found Ranking Fcuntion

Conterexample is 

[-1, 0, 4779]

sampling time = 3.143 ms


       ########################################         

iteration 10 with 480 examples

2019-05-03-04-33-07   >>>>   Start train ranking function

2019-05-03-04-33-07   >>>>   End train ranking function

train_ranking_functioning time = 8.803 ms


2019-05-03-04-33-07   >>>>   Start verify ranking function

[xr_2 = 4779, xr_0 = -1]
ranking function : 0.9566 *  x[0]^1.0 + 0.4781 *  x[1]^1.0 - 0.9567 *  x[2]^1.0 + 1.1368 * 1; 0.9554 *  x[0]^1.0 + 1.1954 *  x[1]^1.0 + 0.0011 *  x[2]^1.0 + 0.8917 * 1; 1.1944 *  x[0]^1.0 - 0.0017 *  x[1]^1.0 + 0.0009 *  x[2]^1.0 + 2.3534 * 1

2019-05-03-04-33-07   >>>>   End verify ranking function

verifying time = 7.875 ms


Not Found Ranking Fcuntion

Conterexample is 

[-1, 0, 4779]

sampling time = 2.863 ms


       ########################################         

iteration 11 with 484 examples

2019-05-03-04-33-07   >>>>   Start train ranking function

2019-05-03-04-33-07   >>>>   End train ranking function

train_ranking_functioning time = 9.441 ms


2019-05-03-04-33-07   >>>>   Start verify ranking function

[xr_1 = 0, xr_2 = 48890/3, xr_0 = -1]
ranking function : 0.9566 *  x[0]^1.0 + 0.4782 *  x[1]^1.0 - 0.9567 *  x[2]^1.0 + 1.1388 * 1; 0.9553 *  x[0]^1.0 + 1.1954 *  x[1]^1.0 + 0.0011 *  x[2]^1.0 + 0.9001 * 1; 1.1943 *  x[0]^1.0 - 0.001 *  x[1]^1.0 + 0.0009 *  x[2]^1.0 + 2.3534 * 1

2019-05-03-04-33-07   >>>>   End verify ranking function

verifying time = 7.945 ms


Not Found Ranking Fcuntion

Conterexample is 

[-1, 0, 16296.666666666666]

sampling time = 2.877 ms


       ########################################         

iteration 12 with 488 examples

2019-05-03-04-33-07   >>>>   Start train ranking function

2019-05-03-04-33-07   >>>>   End train ranking function

train_ranking_functioning time = 9.130 ms


2019-05-03-04-33-07   >>>>   Start verify ranking function

[xr_1 = 0, xr_2 = 24445/2, xr_0 = -1]
ranking function : 0.9566 *  x[0]^1.0 + 0.4782 *  x[1]^1.0 - 0.9568 *  x[2]^1.0 + 1.1382 * 1; 0.9555 *  x[0]^1.0 + 1.1955 *  x[1]^1.0 + 0.0012 *  x[2]^1.0 + 0.8961 * 1; 1.1943 *  x[0]^1.0 - 0.0013 *  x[1]^1.0 + 0.0007 *  x[2]^1.0 + 2.3534 * 1

2019-05-03-04-33-07   >>>>   End verify ranking function

verifying time = 7.918 ms


Not Found Ranking Fcuntion

Conterexample is 

[-1, 0, 12222.5]

sampling time = 2.896 ms


       ########################################         

iteration 13 with 492 examples

2019-05-03-04-33-07   >>>>   Start train ranking function

2019-05-03-04-33-07   >>>>   End train ranking function

train_ranking_functioning time = 9.281 ms


2019-05-03-04-33-07   >>>>   Start verify ranking function

[xr_2 = 4779, xr_0 = -1]
ranking function : 0.9566 *  x[0]^1.0 + 0.4781 *  x[1]^1.0 - 0.9567 *  x[2]^1.0 + 1.1387 * 1; 0.9555 *  x[0]^1.0 + 1.1954 *  x[1]^1.0 + 0.001 *  x[2]^1.0 + 0.8969 * 1; 1.1944 *  x[0]^1.0 - 0.0008 *  x[1]^1.0 + 0.0009 *  x[2]^1.0 + 2.3535 * 1

2019-05-03-04-33-07   >>>>   End verify ranking function

verifying time = 7.827 ms


Not Found Ranking Fcuntion

Conterexample is 

[-1, 0, 4779]

sampling time = 2.915 ms


       ########################################         

iteration 14 with 496 examples

2019-05-03-04-33-07   >>>>   Start train ranking function

2019-05-03-04-33-07   >>>>   End train ranking function

train_ranking_functioning time = 9.520 ms


2019-05-03-04-33-07   >>>>   Start verify ranking function

[xr_1 = 0, xr_2 = 24445/2, xr_0 = -1]
ranking function : 0.9566 *  x[0]^1.0 + 0.4782 *  x[1]^1.0 - 0.9568 *  x[2]^1.0 + 1.1383 * 1; 0.9555 *  x[0]^1.0 + 1.1955 *  x[1]^1.0 + 0.0011 *  x[2]^1.0 + 0.8962 * 1; 1.1943 *  x[0]^1.0 - 0.0011 *  x[1]^1.0 + 0.0007 *  x[2]^1.0 + 2.3535 * 1

2019-05-03-04-33-07   >>>>   End verify ranking function

verifying time = 8.181 ms


Not Found Ranking Fcuntion

Conterexample is 

[-1, 0, 12222.5]

sampling time = 2.877 ms


       ########################################         

iteration 15 with 500 examples

2019-05-03-04-33-07   >>>>   Start train ranking function

2019-05-03-04-33-07   >>>>   End train ranking function

train_ranking_functioning time = 9.917 ms


2019-05-03-04-33-07   >>>>   Start verify ranking function

[xr_1 = -24445, xr_2 = 0, xr_0 = -1]
ranking function : 0.9566 *  x[0]^1.0 + 0.4781 *  x[1]^1.0 - 0.9568 *  x[2]^1.0 + 1.1388 * 1; 0.9554 *  x[0]^1.0 + 1.1954 *  x[1]^1.0 + 0.0011 *  x[2]^1.0 + 0.902 * 1; 1.1944 *  x[0]^1.0 - 0.0009 *  x[1]^1.0 + 0.0009 *  x[2]^1.0 + 2.3534 * 1

2019-05-03-04-33-07   >>>>   End verify ranking function

verifying time = 7.928 ms


Not Found Ranking Fcuntion

Conterexample is 

[-1, -24445, 0]

sampling time = 3.262 ms


       ########################################         

iteration 16 with 504 examples

2019-05-03-04-33-07   >>>>   Start train ranking function

2019-05-03-04-33-07   >>>>   End train ranking function

train_ranking_functioning time = 9.691 ms


2019-05-03-04-33-07   >>>>   Start verify ranking function

[xr_2 = 4779, xr_0 = -1]
ranking function : 0.9566 *  x[0]^1.0 + 0.4781 *  x[1]^1.0 - 0.9567 *  x[2]^1.0 + 1.1389 * 1; 0.9553 *  x[0]^1.0 + 1.1953 *  x[1]^1.0 + 0.0011 *  x[2]^1.0 + 0.9 * 1; 1.1943 *  x[0]^1.0 - 0.0008 *  x[1]^1.0 + 0.0008 *  x[2]^1.0 + 2.3535 * 1

2019-05-03-04-33-07   >>>>   End verify ranking function

verifying time = 7.832 ms


Not Found Ranking Fcuntion

Conterexample is 

[-1, 0, 4779]

sampling time = 2.883 ms


       ########################################         

iteration 17 with 508 examples

2019-05-03-04-33-07   >>>>   Start train ranking function

2019-05-03-04-33-07   >>>>   End train ranking function

train_ranking_functioning time = 14.129 ms


2019-05-03-04-33-07   >>>>   Start verify ranking function

[xr_1 = 0, xr_2 = 24445/3, xr_0 = -1]
ranking function : 0.9566 *  x[0]^1.0 + 0.4781 *  x[1]^1.0 - 0.9568 *  x[2]^1.0 + 1.1388 * 1; 0.9554 *  x[0]^1.0 + 1.1954 *  x[1]^1.0 + 0.0012 *  x[2]^1.0 + 0.9019 * 1; 1.1942 *  x[0]^1.0 - 0.0009 *  x[1]^1.0 + 0.0009 *  x[2]^1.0 + 2.3534 * 1

2019-05-03-04-33-07   >>>>   End verify ranking function

verifying time = 8.083 ms


Not Found Ranking Fcuntion

Conterexample is 

[-1, 0, 8148.333333333333]

sampling time = 2.937 ms


       ########################################         

iteration 18 with 512 examples

2019-05-03-04-33-07   >>>>   Start train ranking function

2019-05-03-04-33-07   >>>>   End train ranking function

train_ranking_functioning time = 10.106 ms


2019-05-03-04-33-07   >>>>   Start verify ranking function

[xr_1 = -48890, xr_2 = 0, xr_0 = -1]
ranking function : 0.9566 *  x[0]^1.0 + 0.4782 *  x[1]^1.0 - 0.9567 *  x[2]^1.0 + 1.1388 * 1; 0.9554 *  x[0]^1.0 + 1.1953 *  x[1]^1.0 + 0.0011 *  x[2]^1.0 + 0.902 * 1; 1.1943 *  x[0]^1.0 + 0.0009 *  x[2]^1.0 + 2.3534 * 1

2019-05-03-04-33-07   >>>>   End verify ranking function

verifying time = 7.934 ms


Not Found Ranking Fcuntion

Conterexample is 

[-1, -48890, 0]

sampling time = 2.869 ms


       ########################################         

iteration 19 with 516 examples

2019-05-03-04-33-07   >>>>   Start train ranking function

2019-05-03-04-33-07   >>>>   End train ranking function

train_ranking_functioning time = 14.652 ms


2019-05-03-04-33-07   >>>>   Start verify ranking function

[xr_1 = -24445, xr_2 = 0, xr_0 = -1]
ranking function : 0.9566 *  x[0]^1.0 + 0.4781 *  x[1]^1.0 - 0.9568 *  x[2]^1.0 + 1.1389 * 1; 0.9553 *  x[0]^1.0 + 1.1953 *  x[1]^1.0 + 0.0012 *  x[2]^1.0 + 0.9019 * 1; 1.1943 *  x[0]^1.0 - 0.0009 *  x[1]^1.0 + 0.0008 *  x[2]^1.0 + 2.3534 * 1
