------Using Template 0 -----------
3 [3]
*****************************************************

2019-05-03-04-53-12   >>>>   End sampling point

sampling time = 32.913 ms,


       ########################################         

iteration 0 with 76 examples

2019-05-03-04-53-12   >>>>   Start train ranking function

2019-05-03-04-53-12   >>>>   End train ranking function

train_ranking_functioning time = 1.356 ms


2019-05-03-04-53-12   >>>>   Start verify ranking function

[xi_0 = 7, xi_1 = -4]
ranking function :  - 0.1 *  x[0]^1.0 - 0.3 *  x[1]^1.0 + 2.7 * 1

2019-05-03-04-53-12   >>>>   End verify ranking function

verifying time = 7.110 ms


Not Found Ranking Fcuntion

Conterexample is 

[7, -4]

sampling time = 0.733 ms


       ########################################         

iteration 1 with 78 examples

2019-05-03-04-53-12   >>>>   Start train ranking function

2019-05-03-04-53-12   >>>>   End train ranking function

train_ranking_functioning time = 1.264 ms


2019-05-03-04-53-12   >>>>   Start verify ranking function

[xi_0 = 7, xi_1 = -4]
ranking function :  - 0.1 *  x[0]^1.0 - 0.3 *  x[1]^1.0 + 2.7 * 1

2019-05-03-04-53-12   >>>>   End verify ranking function

verifying time = 6.931 ms


Not Found Ranking Fcuntion

Conterexample is 

[7, -4]

sampling time = 0.725 ms


       ########################################         

iteration 2 with 80 examples

2019-05-03-04-53-12   >>>>   Start train ranking function

2019-05-03-04-53-12   >>>>   End train ranking function

train_ranking_functioning time = 1.290 ms


2019-05-03-04-53-12   >>>>   Start verify ranking function

[xi_0 = -5, xi_1 = 8]
ranking function :  - 0.2 *  x[0]^1.0 - 0.3 *  x[1]^1.0 + 2.7 * 1

2019-05-03-04-53-12   >>>>   End verify ranking function

verifying time = 6.951 ms


Not Found Ranking Fcuntion

Conterexample is 

[-5, 8]

sampling time = 0.723 ms


       ########################################         

iteration 3 with 82 examples

2019-05-03-04-53-12   >>>>   Start train ranking function

2019-05-03-04-53-12   >>>>   End train ranking function

train_ranking_functioning time = 1.333 ms


2019-05-03-04-53-12   >>>>   Start verify ranking function

[xi_0 = -5, xi_1 = 8]
ranking function :  - 0.2 *  x[0]^1.0 - 0.3 *  x[1]^1.0 + 2.8 * 1

2019-05-03-04-53-12   >>>>   End verify ranking function

verifying time = 7.004 ms


Not Found Ranking Fcuntion

Conterexample is 

[-5, 8]

sampling time = 0.721 ms


       ########################################         

iteration 4 with 84 examples

2019-05-03-04-53-12   >>>>   Start train ranking function

2019-05-03-04-53-12   >>>>   End train ranking function

train_ranking_functioning time = 1.388 ms


2019-05-03-04-53-12   >>>>   Start verify ranking function

[xi_0 = 7, xi_1 = -4]
ranking function :  - 0.1 *  x[0]^1.0 - 0.3 *  x[1]^1.0 + 2.8 * 1

2019-05-03-04-53-12   >>>>   End verify ranking function

verifying time = 6.941 ms


Not Found Ranking Fcuntion

Conterexample is 

[7, -4]

sampling time = 0.723 ms


       ########################################         

iteration 5 with 86 examples

2019-05-03-04-53-12   >>>>   Start train ranking function

2019-05-03-04-53-12   >>>>   End train ranking function

train_ranking_functioning time = 1.422 ms


2019-05-03-04-53-12   >>>>   Start verify ranking function

[xi_0 = -5, xi_1 = 8]
ranking function :  - 0.2 *  x[0]^1.0 - 0.3 *  x[1]^1.0 + 2.8 * 1

2019-05-03-04-53-12   >>>>   End verify ranking function

verifying time = 6.883 ms


Not Found Ranking Fcuntion

Conterexample is 

[-5, 8]

sampling time = 0.722 ms


       ########################################         

iteration 6 with 88 examples

2019-05-03-04-53-12   >>>>   Start train ranking function

2019-05-03-04-53-12   >>>>   End train ranking function

train_ranking_functioning time = 1.466 ms


2019-05-03-04-53-12   >>>>   Start verify ranking function

[xi_0 = -5, xi_1 = 8]
ranking function :  - 0.2 *  x[0]^1.0 - 0.3 *  x[1]^1.0 + 2.9 * 1

2019-05-03-04-53-12   >>>>   End verify ranking function

verifying time = 7.076 ms


Not Found Ranking Fcuntion

Conterexample is 

[-5, 8]

sampling time = 0.719 ms


       ########################################         

iteration 7 with 90 examples

2019-05-03-04-53-12   >>>>   Start train ranking function

2019-05-03-04-53-12   >>>>   End train ranking function

train_ranking_functioning time = 1.504 ms


2019-05-03-04-53-12   >>>>   Start verify ranking function

[xi_0 = -5, xi_1 = 8]
ranking function :  - 0.2 *  x[0]^1.0 - 0.3 *  x[1]^1.0 + 2.9 * 1

2019-05-03-04-53-12   >>>>   End verify ranking function

verifying time = 7.007 ms


Not Found Ranking Fcuntion

Conterexample is 

[-5, 8]

sampling time = 0.721 ms


       ########################################         

iteration 8 with 92 examples

2019-05-03-04-53-12   >>>>   Start train ranking function

2019-05-03-04-53-12   >>>>   End train ranking function

train_ranking_functioning time = 1.608 ms


2019-05-03-04-53-12   >>>>   Start verify ranking function

[xi_0 = -5, xi_1 = 8]
ranking function :  - 0.2 *  x[0]^1.0 - 0.3 *  x[1]^1.0 + 2.9 * 1

2019-05-03-04-53-12   >>>>   End verify ranking function

verifying time = 6.973 ms


Not Found Ranking Fcuntion

Conterexample is 

[-5, 8]

sampling time = 0.726 ms


       ########################################         

iteration 9 with 94 examples

2019-05-03-04-53-12   >>>>   Start train ranking function

2019-05-03-04-53-12   >>>>   End train ranking function

train_ranking_functioning time = 1.638 ms


2019-05-03-04-53-12   >>>>   Start verify ranking function

[xi_0 = -5, xi_1 = 8]
ranking function :  - 0.2 *  x[0]^1.0 - 0.3 *  x[1]^1.0 + 2.9 * 1

2019-05-03-04-53-12   >>>>   End verify ranking function

verifying time = 7.101 ms


Not Found Ranking Fcuntion

Conterexample is 

[-5, 8]

sampling time = 0.775 ms


       ########################################         

iteration 10 with 96 examples

2019-05-03-04-53-12   >>>>   Start train ranking function

2019-05-03-04-53-12   >>>>   End train ranking function

train_ranking_functioning time = 1.701 ms


2019-05-03-04-53-12   >>>>   Start verify ranking function

[xi_0 = -5, xi_1 = 8]
ranking function :  - 0.2 *  x[0]^1.0 - 0.3 *  x[1]^1.0 + 2.9 * 1

2019-05-03-04-53-12   >>>>   End verify ranking function

verifying time = 7.007 ms


Not Found Ranking Fcuntion

Conterexample is 

[-5, 8]

sampling time = 0.715 ms


       ########################################         

iteration 11 with 98 examples

2019-05-03-04-53-12   >>>>   Start train ranking function

5
2019-05-03-04-53-12   >>>>   End train ranking function

train_ranking_functioning time = 1.979 ms


2019-05-03-04-53-12   >>>>   Start verify ranking function

[xi_0 = -5, xi_1 = 8]
ranking function :  - 0.2 *  x[0]^1.0 - 0.3 *  x[1]^1.0 + 2.9 * 1

2019-05-03-04-53-12   >>>>   End verify ranking function

verifying time = 7.320 ms


Not Found Ranking Fcuntion

Conterexample is 

[-5, 8]

sampling time = 0.721 ms


       ########################################         

iteration 12 with 100 examples

2019-05-03-04-53-12   >>>>   Start train ranking function

2019-05-03-04-53-12   >>>>   End train ranking function

train_ranking_functioning time = 1.972 ms


2019-05-03-04-53-12   >>>>   Start verify ranking function

[xi_0 = 0, xi_1 = 3]
ranking function : 3.0 * 1

2019-05-03-04-53-12   >>>>   End verify ranking function

verifying time = 6.855 ms


Not Found Ranking Fcuntion

Conterexample is 

[0, 3]

sampling time = 0.767 ms


       ########################################         

iteration 13 with 102 examples

2019-05-03-04-53-12   >>>>   Start train ranking function

2019-05-03-04-53-12   >>>>   End train ranking function

train_ranking_functioning time = 2.026 ms


2019-05-03-04-53-12   >>>>   Start verify ranking function

[xi_0 = 0, xi_1 = 3]
ranking function : 3.0 * 1

2019-05-03-04-53-12   >>>>   End verify ranking function

verifying time = 6.956 ms


Not Found Ranking Fcuntion

Conterexample is 

[0, 3]

sampling time = 0.719 ms


       ########################################         

iteration 14 with 104 examples

2019-05-03-04-53-12   >>>>   Start train ranking function

2019-05-03-04-53-12   >>>>   End train ranking function

train_ranking_functioning time = 1.974 ms


2019-05-03-04-53-12   >>>>   Start verify ranking function

[xi_0 = 0, xi_1 = 3]
ranking function : 3.0 * 1

2019-05-03-04-53-12   >>>>   End verify ranking function

verifying time = 7.078 ms


Not Found Ranking Fcuntion

Conterexample is 

[0, 3]

sampling time = 0.727 ms


       ########################################         

iteration 15 with 106 examples

2019-05-03-04-53-12   >>>>   Start train ranking function

2019-05-03-04-53-12   >>>>   End train ranking function

train_ranking_functioning time = 2.040 ms


2019-05-03-04-53-12   >>>>   Start verify ranking function

[xi_0 = 0, xi_1 = 3]
ranking function : 3.0 * 1

2019-05-03-04-53-12   >>>>   End verify ranking function

verifying time = 7.296 ms


Not Found Ranking Fcuntion

Conterexample is 

[0, 3]

sampling time = 0.978 ms


       ########################################         

iteration 16 with 108 examples

2019-05-03-04-53-12   >>>>   Start train ranking function

2019-05-03-04-53-12   >>>>   End train ranking function

train_ranking_functioning time = 1.846 ms


2019-05-03-04-53-12   >>>>   Start verify ranking function

[xi_0 = 0, xi_1 = 3]
ranking function : 3.0 * 1

2019-05-03-04-53-12   >>>>   End verify ranking function

verifying time = 7.468 ms


Not Found Ranking Fcuntion

Conterexample is 

[0, 3]

sampling time = 0.734 ms


       ########################################         

iteration 17 with 110 examples

2019-05-03-04-53-12   >>>>   Start train ranking function

5
2019-05-03-04-53-12   >>>>   End train ranking function

train_ranking_functioning time = 2.044 ms


2019-05-03-04-53-12   >>>>   Start verify ranking function

[xi_0 = 0, xi_1 = 3]
ranking function : 3.0 * 1

2019-05-03-04-53-12   >>>>   End verify ranking function

verifying time = 6.989 ms


Not Found Ranking Fcuntion

Conterexample is 

[0, 3]

sampling time = 0.725 ms


       ########################################         

iteration 18 with 112 examples

2019-05-03-04-53-12   >>>>   Start train ranking function

2019-05-03-04-53-12   >>>>   End train ranking function

train_ranking_functioning time = 1.972 ms


2019-05-03-04-53-12   >>>>   Start verify ranking function

[xi_0 = 1804, xi_1 = -1653]
ranking function :  - 0.1664 *  x[0]^1.0 - 0.363 *  x[1]^1.0 + 3.0749 * 1

2019-05-03-04-53-12   >>>>   End verify ranking function

verifying time = 6.951 ms


Not Found Ranking Fcuntion

Conterexample is 

[1804, -1653]

sampling time = 0.736 ms


       ########################################         

iteration 19 with 114 examples

2019-05-03-04-53-12   >>>>   Start train ranking function

2019-05-03-04-53-12   >>>>   End train ranking function

train_ranking_functioning time = 2.052 ms


2019-05-03-04-53-12   >>>>   Start verify ranking function

[xi_0 = 1812, xi_1 = -1659]
ranking function :  - 0.1669 *  x[0]^1.0 - 0.3644 *  x[1]^1.0 + 3.0834 * 1

2019-05-03-04-53-12   >>>>   End verify ranking function

verifying time = 6.988 ms


Not Found Ranking Fcuntion

Conterexample is 

[1812, -1659]

sampling time = 0.722 ms


       ########################################         

iteration 20 with 116 examples

2019-05-03-04-53-12   >>>>   Start train ranking function

2019-05-03-04-53-12   >>>>   End train ranking function

train_ranking_functioning time = 2.080 ms


2019-05-03-04-53-12   >>>>   Start verify ranking function

[xi_0 = 1204, xi_1 = -1103]
ranking function :  - 0.1671 *  x[0]^1.0 - 0.3645 *  x[1]^1.0 + 3.0849 * 1

2019-05-03-04-53-12   >>>>   End verify ranking function

verifying time = 6.951 ms


Not Found Ranking Fcuntion

Conterexample is 

[1204, -1103]

sampling time = 0.760 ms


       ########################################         

iteration 21 with 118 examples

2019-05-03-04-53-12   >>>>   Start train ranking function

2019-05-03-04-53-12   >>>>   End train ranking function

train_ranking_functioning time = 2.111 ms


2019-05-03-04-53-12   >>>>   Start verify ranking function

[xi_0 = 1813, xi_1 = -1662]
ranking function :  - 0.1673 *  x[0]^1.0 - 0.3648 *  x[1]^1.0 + 3.0878 * 1

2019-05-03-04-53-13   >>>>   End verify ranking function

verifying time = 7.424 ms


Not Found Ranking Fcuntion

Conterexample is 

[1813, -1662]

sampling time = 0.770 ms


       ########################################         

iteration 22 with 120 examples

2019-05-03-04-53-13   >>>>   Start train ranking function

2019-05-03-04-53-13   >>>>   End train ranking function

train_ranking_functioning time = 2.160 ms


2019-05-03-04-53-13   >>>>   Start verify ranking function

[xi_0 = 902, xi_1 = -827]
ranking function :  - 0.1677 *  x[0]^1.0 - 0.3652 *  x[1]^1.0 + 3.0897 * 1

2019-05-03-04-53-13   >>>>   End verify ranking function

verifying time = 7.965 ms


Not Found Ranking Fcuntion

Conterexample is 

[902, -827]

sampling time = 0.723 ms


       ########################################         

iteration 23 with 122 examples

2019-05-03-04-53-13   >>>>   Start train ranking function

2019-05-03-04-53-13   >>>>   End train ranking function

train_ranking_functioning time = 2.132 ms


2019-05-03-04-53-13   >>>>   Start verify ranking function

[xi_0 = 902, xi_1 = -828]
ranking function :  - 0.1678 *  x[0]^1.0 - 0.3652 *  x[1]^1.0 + 3.0899 * 1

2019-05-03-04-53-13   >>>>   End verify ranking function

verifying time = 7.060 ms


Not Found Ranking Fcuntion

Conterexample is 

[902, -828]

sampling time = 0.770 ms


       ########################################         

iteration 24 with 124 examples

2019-05-03-04-53-13   >>>>   Start train ranking function

2019-05-03-04-53-13   >>>>   End train ranking function

train_ranking_functioning time = 2.333 ms


2019-05-03-04-53-13   >>>>   Start verify ranking function

[xi_0 = 204, xi_1 = -187]
ranking function :  - 0.1683 *  x[0]^1.0 - 0.3655 *  x[1]^1.0 + 3.0931 * 1

2019-05-03-04-53-13   >>>>   End verify ranking function

verifying time = 6.976 ms


Not Found Ranking Fcuntion

Conterexample is 

[204, -187]

sampling time = 0.755 ms


Failed to prove it is terminated

UNKNOWN
------Using Template 1 -----------
4 [4]
*****************************************************

2019-05-03-04-53-13   >>>>   End sampling point

sampling time = 46.719 ms,


       ########################################         

iteration 0 with 76 examples

2019-05-03-04-53-13   >>>>   Start train ranking function

2019-05-03-04-53-13   >>>>   End train ranking function

train_ranking_functioning time = 0.463 ms


2019-05-03-04-53-13   >>>>   Start verify ranking function

[xi_0 = 1, xi_1 = 3]
ranking function : 1.8 *  x[0]^-2.0 *  x[1]^-0.5 + 1.4 *  x[0]^-1.0 *  x[1]^0.5 + 1.4 *  x[0]^-1.0 *  x[1]^-0.5 + 2.0 *  x[0]^-2.0

2019-05-03-04-53-13   >>>>   End verify ranking function

verifying time = 20.058 ms


Not Found Ranking Fcuntion

Conterexample is 

[1, 3]

sampling time = 1.108 ms


       ########################################         

iteration 1 with 78 examples

2019-05-03-04-53-13   >>>>   Start train ranking function

2019-05-03-04-53-13   >>>>   End train ranking function

train_ranking_functioning time = 0.441 ms


2019-05-03-04-53-13   >>>>   Start verify ranking function

[xi_0 = 1, xi_1 = 3]
ranking function : 1.8 *  x[0]^-2.0 *  x[1]^-0.5 + 1.4 *  x[0]^-1.0 *  x[1]^0.5 + 1.4 *  x[0]^-1.0 *  x[1]^-0.5 + 2.0 *  x[0]^-2.0

2019-05-03-04-53-13   >>>>   End verify ranking function

verifying time = 19.307 ms


Not Found Ranking Fcuntion

Conterexample is 

[1, 3]

sampling time = 1.120 ms


       ########################################         

iteration 2 with 80 examples

2019-05-03-04-53-13   >>>>   Start train ranking function

2019-05-03-04-53-13   >>>>   End train ranking function

train_ranking_functioning time = 0.450 ms


2019-05-03-04-53-13   >>>>   Start verify ranking function

[xi_0 = 1, xi_1 = 3]
ranking function : 1.8 *  x[0]^-2.0 *  x[1]^-0.5 + 1.4 *  x[0]^-1.0 *  x[1]^0.5 + 1.4 *  x[0]^-1.0 *  x[1]^-0.5 + 2.0 *  x[0]^-2.0

2019-05-03-04-53-13   >>>>   End verify ranking function

verifying time = 19.223 ms


Not Found Ranking Fcuntion

Conterexample is 

[1, 3]

sampling time = 1.091 ms


       ########################################         

iteration 3 with 82 examples

2019-05-03-04-53-13   >>>>   Start train ranking function

2019-05-03-04-53-13   >>>>   End train ranking function

train_ranking_functioning time = 0.606 ms


2019-05-03-04-53-13   >>>>   Start verify ranking function

[xi_0 = 1, xi_1 = 3]
ranking function : 1.8 *  x[0]^-2.0 *  x[1]^-0.5 + 1.4 *  x[0]^-1.0 *  x[1]^0.5 + 1.4 *  x[0]^-1.0 *  x[1]^-0.5 + 2.0 *  x[0]^-2.0

2019-05-03-04-53-13   >>>>   End verify ranking function

verifying time = 21.101 ms


Not Found Ranking Fcuntion

Conterexample is 

[1, 3]

sampling time = 1.082 ms


       ########################################         

iteration 4 with 84 examples

2019-05-03-04-53-13   >>>>   Start train ranking function

2019-05-03-04-53-13   >>>>   End train ranking function

train_ranking_functioning time = 0.459 ms


2019-05-03-04-53-13   >>>>   Start verify ranking function

[xi_0 = 1, xi_1 = 3]
ranking function : 1.8 *  x[0]^-2.0 *  x[1]^-0.5 + 1.4 *  x[0]^-1.0 *  x[1]^0.5 + 1.4 *  x[0]^-1.0 *  x[1]^-0.5 + 2.0 *  x[0]^-2.0

2019-05-03-04-53-13   >>>>   End verify ranking function

verifying time = 19.841 ms


Not Found Ranking Fcuntion

Conterexample is 

[1, 3]

sampling time = 1.077 ms


       ########################################         

iteration 5 with 86 examples

2019-05-03-04-53-13   >>>>   Start train ranking function

5
2019-05-03-04-53-13   >>>>   End train ranking function

train_ranking_functioning time = 0.457 ms


2019-05-03-04-53-13   >>>>   Start verify ranking function

[xi_0 = 1, xi_1 = 3]
ranking function : 1.8 *  x[0]^-2.0 *  x[1]^-0.5 + 1.4 *  x[0]^-1.0 *  x[1]^0.5 + 1.4 *  x[0]^-1.0 *  x[1]^-0.5 + 2.0 *  x[0]^-2.0

2019-05-03-04-53-13   >>>>   End verify ranking function

verifying time = 19.377 ms


Not Found Ranking Fcuntion

Conterexample is 

[1, 3]

sampling time = 1.137 ms


       ########################################         

iteration 6 with 88 examples

2019-05-03-04-53-13   >>>>   Start train ranking function

2019-05-03-04-53-13   >>>>   End train ranking function

train_ranking_functioning time = 0.467 ms


2019-05-03-04-53-13   >>>>   Start verify ranking function

[xi_0 = 1, xi_1 = 3]
ranking function : 1.7577 *  x[0]^-2.0 *  x[1]^-0.5 + 1.4292 *  x[0]^-1.0 *  x[1]^0.5 + 1.4292 *  x[0]^-1.0 *  x[1]^-0.5 + 1.9925 *  x[0]^-2.0

2019-05-03-04-53-13   >>>>   End verify ranking function

verifying time = 19.264 ms


Not Found Ranking Fcuntion

Conterexample is 

[1, 3]

sampling time = 1.074 ms


       ########################################         

iteration 7 with 90 examples

2019-05-03-04-53-13   >>>>   Start train ranking function

2019-05-03-04-53-13   >>>>   End train ranking function

train_ranking_functioning time = 0.466 ms


2019-05-03-04-53-13   >>>>   Start verify ranking function

[xi_0 = 1, xi_1 = 3]
ranking function : 1.7577 *  x[0]^-2.0 *  x[1]^-0.5 + 1.4292 *  x[0]^-1.0 *  x[1]^0.5 + 1.4292 *  x[0]^-1.0 *  x[1]^-0.5 + 1.9925 *  x[0]^-2.0

2019-05-03-04-53-13   >>>>   End verify ranking function

verifying time = 19.384 ms


Not Found Ranking Fcuntion

Conterexample is 

[1, 3]

sampling time = 1.081 ms


       ########################################         

iteration 8 with 92 examples

2019-05-03-04-53-13   >>>>   Start train ranking function

2019-05-03-04-53-13   >>>>   End train ranking function

train_ranking_functioning time = 0.465 ms


2019-05-03-04-53-13   >>>>   Start verify ranking function

[xi_0 = 1, xi_1 = 3]
ranking function : 1.7577 *  x[0]^-2.0 *  x[1]^-0.5 + 1.4292 *  x[0]^-1.0 *  x[1]^0.5 + 1.4292 *  x[0]^-1.0 *  x[1]^-0.5 + 1.9925 *  x[0]^-2.0

2019-05-03-04-53-13   >>>>   End verify ranking function

verifying time = 19.363 ms


Not Found Ranking Fcuntion

Conterexample is 

[1, 3]

sampling time = 1.133 ms


       ########################################         

iteration 9 with 94 examples

2019-05-03-04-53-13   >>>>   Start train ranking function

2019-05-03-04-53-13   >>>>   End train ranking function

train_ranking_functioning time = 0.454 ms


2019-05-03-04-53-13   >>>>   Start verify ranking function

[xi_0 = 1, xi_1 = 3]
ranking function : 1.7577 *  x[0]^-2.0 *  x[1]^-0.5 + 1.4292 *  x[0]^-1.0 *  x[1]^0.5 + 1.4292 *  x[0]^-1.0 *  x[1]^-0.5 + 1.9925 *  x[0]^-2.0

2019-05-03-04-53-13   >>>>   End verify ranking function

verifying time = 19.178 ms


Not Found Ranking Fcuntion

Conterexample is 

[1, 3]

sampling time = 1.077 ms


       ########################################         

iteration 10 with 96 examples

2019-05-03-04-53-13   >>>>   Start train ranking function

2019-05-03-04-53-13   >>>>   End train ranking function

train_ranking_functioning time = 0.472 ms


2019-05-03-04-53-13   >>>>   Start verify ranking function

[xi_0 = 1, xi_1 = 3]
ranking function : 1.7577 *  x[0]^-2.0 *  x[1]^-0.5 + 1.4292 *  x[0]^-1.0 *  x[1]^0.5 + 1.4292 *  x[0]^-1.0 *  x[1]^-0.5 + 1.9925 *  x[0]^-2.0

2019-05-03-04-53-13   >>>>   End verify ranking function

verifying time = 20.298 ms


Not Found Ranking Fcuntion

Conterexample is 

[1, 3]

sampling time = 1.078 ms


       ########################################         

iteration 11 with 98 examples

2019-05-03-04-53-13   >>>>   Start train ranking function

5
2019-05-03-04-53-13   >>>>   End train ranking function

train_ranking_functioning time = 0.473 ms


2019-05-03-04-53-13   >>>>   Start verify ranking function

[xi_0 = 1, xi_1 = 3]
ranking function : 1.7577 *  x[0]^-2.0 *  x[1]^-0.5 + 1.4292 *  x[0]^-1.0 *  x[1]^0.5 + 1.4292 *  x[0]^-1.0 *  x[1]^-0.5 + 1.9925 *  x[0]^-2.0

2019-05-03-04-53-13   >>>>   End verify ranking function

verifying time = 19.332 ms


Not Found Ranking Fcuntion

Conterexample is 

[1, 3]

sampling time = 1.126 ms


       ########################################         

iteration 12 with 100 examples

2019-05-03-04-53-13   >>>>   Start train ranking function

2019-05-03-04-53-13   >>>>   End train ranking function

train_ranking_functioning time = 0.480 ms


2019-05-03-04-53-13   >>>>   Start verify ranking function

[xi_0 = 1, xi_1 = 3]
ranking function : 2.0 *  x[0]^-2.0 *  x[1]^-0.5 + 1.0 *  x[0]^-1.0 *  x[1]^0.5 + 1.0 *  x[0]^-1.0 *  x[1]^-0.5 + 2.0 *  x[0]^-2.0

2019-05-03-04-53-13   >>>>   End verify ranking function

verifying time = 18.753 ms


Not Found Ranking Fcuntion

Conterexample is 

[1, 3]

sampling time = 1.074 ms


       ########################################         

iteration 13 with 102 examples

2019-05-03-04-53-13   >>>>   Start train ranking function

2019-05-03-04-53-13   >>>>   End train ranking function

train_ranking_functioning time = 0.469 ms


2019-05-03-04-53-13   >>>>   Start verify ranking function

[xi_0 = 1, xi_1 = 3]
ranking function : 2.0 *  x[0]^-2.0 *  x[1]^-0.5 + 1.0 *  x[0]^-1.0 *  x[1]^0.5 + 1.0 *  x[0]^-1.0 *  x[1]^-0.5 + 2.0 *  x[0]^-2.0

2019-05-03-04-53-13   >>>>   End verify ranking function

verifying time = 19.175 ms


Not Found Ranking Fcuntion

Conterexample is 

[1, 3]

sampling time = 1.128 ms


       ########################################         

iteration 14 with 104 examples

2019-05-03-04-53-13   >>>>   Start train ranking function

2019-05-03-04-53-13   >>>>   End train ranking function

train_ranking_functioning time = 0.444 ms


2019-05-03-04-53-13   >>>>   Start verify ranking function

[xi_0 = 1, xi_1 = 3]
ranking function : 2.0 *  x[0]^-2.0 *  x[1]^-0.5 + 1.0 *  x[0]^-1.0 *  x[1]^0.5 + 1.0 *  x[0]^-1.0 *  x[1]^-0.5 + 2.0 *  x[0]^-2.0

2019-05-03-04-53-13   >>>>   End verify ranking function

verifying time = 18.852 ms


Not Found Ranking Fcuntion

Conterexample is 

[1, 3]

sampling time = 1.078 ms


       ########################################         

iteration 15 with 106 examples

2019-05-03-04-53-13   >>>>   Start train ranking function

2019-05-03-04-53-13   >>>>   End train ranking function

train_ranking_functioning time = 0.468 ms


2019-05-03-04-53-13   >>>>   Start verify ranking function

[xi_0 = 1, xi_1 = 3]
ranking function : 2.0 *  x[0]^-2.0 *  x[1]^-0.5 + 1.0 *  x[0]^-1.0 *  x[1]^0.5 + 1.0 *  x[0]^-1.0 *  x[1]^-0.5 + 2.0 *  x[0]^-2.0

2019-05-03-04-53-17   >>>>   End verify ranking function

verifying time = 4086.999 ms


Not Found Ranking Fcuntion

Conterexample is 

[1, 3]

sampling time = 1.138 ms


       ########################################         

iteration 16 with 108 examples

2019-05-03-04-53-17   >>>>   Start train ranking function

2019-05-03-04-53-17   >>>>   End train ranking function

train_ranking_functioning time = 0.625 ms


2019-05-03-04-53-17   >>>>   Start verify ranking function

[xi_0 = 1, xi_1 = 3]
ranking function : 2.0 *  x[0]^-2.0 *  x[1]^-0.5 + 1.0 *  x[0]^-1.0 *  x[1]^0.5 + 1.0 *  x[0]^-1.0 *  x[1]^-0.5 + 2.0 *  x[0]^-2.0

2019-05-03-04-53-43   >>>>   End verify ranking function

verifying time = 26411.524 ms


Not Found Ranking Fcuntion

Conterexample is 

[1, 3]

sampling time = 1.083 ms


       ########################################         

iteration 17 with 110 examples

2019-05-03-04-53-43   >>>>   Start train ranking function

5
the coefficient is convergent

Failed to prove it is terminated

UNKNOWN
------Using Template 2 -----------
9 [3, 3, 3]
*****************************************************

2019-05-03-04-53-44   >>>>   End sampling point

sampling time = 84.898 ms,


       ########################################         

iteration 0 with 152 examples

2019-05-03-04-53-44   >>>>   Start train ranking function

2019-05-03-04-53-44   >>>>   End train ranking function

train_ranking_functioning time = 2.212 ms


2019-05-03-04-53-44   >>>>   Start verify ranking function

[xi_0 = -5, xi_1 = 8]
ranking function :  - 0.2 *  x[0]^1.0 - 0.3 *  x[1]^1.0 + 1.6 * 1;  - 0.1 *  x[0]^1.0 - 0.2 *  x[1]^1.0 + 1.6 * 1;  - 0.1 *  x[1]^1.0 + 1.6 * 1

2019-05-03-04-53-44   >>>>   End verify ranking function

verifying time = 7.154 ms


Not Found Ranking Fcuntion

Conterexample is 

[-5, 8]

sampling time = 2.033 ms


       ########################################         

iteration 1 with 156 examples

2019-05-03-04-53-44   >>>>   Start train ranking function

2019-05-03-04-53-44   >>>>   End train ranking function

train_ranking_functioning time = 2.189 ms


2019-05-03-04-53-44   >>>>   Start verify ranking function

[xi_0 = -5, xi_1 = 8]
ranking function :  - 0.2 *  x[0]^1.0 - 0.3 *  x[1]^1.0 + 1.7 * 1;  - 0.1 *  x[0]^1.0 - 0.2 *  x[1]^1.0 + 1.6 * 1;  - 0.1 *  x[1]^1.0 + 1.5 * 1

2019-05-03-04-53-44   >>>>   End verify ranking function

verifying time = 7.142 ms


Not Found Ranking Fcuntion

Conterexample is 

[-5, 8]

sampling time = 2.030 ms


       ########################################         

iteration 2 with 160 examples

2019-05-03-04-53-44   >>>>   Start train ranking function

2019-05-03-04-53-44   >>>>   End train ranking function

train_ranking_functioning time = 2.190 ms


2019-05-03-04-53-44   >>>>   Start verify ranking function

[xi_0 = -5, xi_1 = 8]
ranking function :  - 0.2 *  x[0]^1.0 - 0.3 *  x[1]^1.0 + 1.8 * 1;  - 0.1 *  x[0]^1.0 - 0.2 *  x[1]^1.0 + 1.6 * 1;  - 0.1 *  x[1]^1.0 + 1.5 * 1

2019-05-03-04-53-44   >>>>   End verify ranking function

verifying time = 7.225 ms


Not Found Ranking Fcuntion

Conterexample is 

[-5, 8]

sampling time = 2.035 ms


       ########################################         

iteration 3 with 164 examples

2019-05-03-04-53-44   >>>>   Start train ranking function

2019-05-03-04-53-44   >>>>   End train ranking function

train_ranking_functioning time = 2.219 ms


2019-05-03-04-53-44   >>>>   Start verify ranking function

[xi_0 = -5, xi_1 = 8]
ranking function :  - 0.2 *  x[0]^1.0 - 0.3 *  x[1]^1.0 + 1.8 * 1;  - 0.1 *  x[0]^1.0 - 0.2 *  x[1]^1.0 + 1.7 * 1;  - 0.1 *  x[1]^1.0 + 1.4 * 1

2019-05-03-04-53-44   >>>>   End verify ranking function

verifying time = 7.153 ms


Not Found Ranking Fcuntion

Conterexample is 

[-5, 8]

sampling time = 2.044 ms


       ########################################         

iteration 4 with 168 examples

2019-05-03-04-53-44   >>>>   Start train ranking function

2019-05-03-04-53-44   >>>>   End train ranking function

train_ranking_functioning time = 2.234 ms


2019-05-03-04-53-44   >>>>   Start verify ranking function

[xi_0 = -5, xi_1 = 8]
ranking function :  - 0.2 *  x[0]^1.0 - 0.3 *  x[1]^1.0 + 1.9 * 1;  - 0.2 *  x[1]^1.0 + 1.7 * 1;  - 0.1 *  x[1]^1.0 + 1.4 * 1

2019-05-03-04-53-44   >>>>   End verify ranking function

verifying time = 7.144 ms


Not Found Ranking Fcuntion

Conterexample is 

[-5, 8]

sampling time = 2.042 ms


       ########################################         

iteration 5 with 172 examples

2019-05-03-04-53-44   >>>>   Start train ranking function

2019-05-03-04-53-44   >>>>   End train ranking function

train_ranking_functioning time = 2.289 ms


2019-05-03-04-53-44   >>>>   Start verify ranking function

[xi_0 = -5, xi_1 = 8]
ranking function :  - 0.2 *  x[0]^1.0 - 0.3 *  x[1]^1.0 + 1.9 * 1;  - 0.2 *  x[1]^1.0 + 1.7 * 1;  - 0.1 *  x[1]^1.0 + 1.4 * 1

2019-05-03-04-53-44   >>>>   End verify ranking function

verifying time = 7.183 ms


Not Found Ranking Fcuntion

Conterexample is 

[-5, 8]

sampling time = 2.050 ms


       ########################################         

iteration 6 with 176 examples

2019-05-03-04-53-44   >>>>   Start train ranking function

2019-05-03-04-53-44   >>>>   End train ranking function

train_ranking_functioning time = 2.342 ms


2019-05-03-04-53-44   >>>>   Start verify ranking function

[xi_0 = -5, xi_1 = 8]
ranking function :  - 0.2 *  x[0]^1.0 - 0.3 *  x[1]^1.0 + 1.9 * 1;  - 0.2 *  x[1]^1.0 + 1.7 * 1;  - 0.1 *  x[1]^1.0 + 1.4 * 1

2019-05-03-04-53-44   >>>>   End verify ranking function

verifying time = 7.134 ms


Not Found Ranking Fcuntion

Conterexample is 

[-5, 8]

sampling time = 2.121 ms


       ########################################         

iteration 7 with 180 examples

2019-05-03-04-53-44   >>>>   Start train ranking function

2019-05-03-04-53-44   >>>>   End train ranking function

train_ranking_functioning time = 2.522 ms


2019-05-03-04-53-44   >>>>   Start verify ranking function

[xi_0 = 7, xi_1 = -4]
ranking function :  - 0.1 *  x[0]^1.0 - 0.3 *  x[1]^1.0 + 1.9 * 1;  - 0.2 *  x[1]^1.0 + 1.7 * 1;  - 0.1 *  x[1]^1.0 + 1.4 * 1

2019-05-03-04-53-44   >>>>   End verify ranking function

verifying time = 7.317 ms


Not Found Ranking Fcuntion

Conterexample is 

[7, -4]

sampling time = 2.034 ms


       ########################################         

iteration 8 with 184 examples

2019-05-03-04-53-44   >>>>   Start train ranking function

2019-05-03-04-53-44   >>>>   End train ranking function

train_ranking_functioning time = 2.562 ms


2019-05-03-04-53-44   >>>>   Start verify ranking function

[xi_0 = -6, xi_1 = 9]
ranking function :  - 0.2 *  x[0]^1.0 - 0.4 *  x[1]^1.0 + 2.0 * 1;  - 0.1 *  x[0]^1.0 - 0.2 *  x[1]^1.0 + 1.8 * 1;  - 0.1 *  x[1]^1.0 + 1.5 * 1

2019-05-03-04-53-44   >>>>   End verify ranking function

verifying time = 10.009 ms


Not Found Ranking Fcuntion

Conterexample is 

[-6, 9]

sampling time = 2.040 ms


       ########################################         

iteration 9 with 188 examples

2019-05-03-04-53-44   >>>>   Start train ranking function

2019-05-03-04-53-44   >>>>   End train ranking function

train_ranking_functioning time = 2.676 ms


2019-05-03-04-53-44   >>>>   Start verify ranking function

[xi_0 = 0, xi_1 = 10]
ranking function :  - 0.2 *  x[0]^1.0 - 0.4 *  x[1]^1.0 + 2.0 * 1;  - 0.2 *  x[1]^1.0 + 1.8 * 1;  - 0.1 *  x[1]^1.0 + 1.5 * 1

2019-05-03-04-53-44   >>>>   End verify ranking function

verifying time = 9.925 ms


Not Found Ranking Fcuntion

Conterexample is 

[0, 10]

sampling time = 2.048 ms


       ########################################         

iteration 10 with 192 examples

2019-05-03-04-53-44   >>>>   Start train ranking function

2019-05-03-04-53-44   >>>>   End train ranking function

train_ranking_functioning time = 2.759 ms


2019-05-03-04-53-44   >>>>   Start verify ranking function

[xi_0 = -5, xi_1 = 8]
ranking function :  - 0.2 *  x[0]^1.0 - 0.3 *  x[1]^1.0 + 1.9 * 1;  - 0.1 *  x[0]^1.0 - 0.2 *  x[1]^1.0 + 1.7 * 1;  - 0.1 *  x[1]^1.0 + 1.7 * 1

2019-05-03-04-53-44   >>>>   End verify ranking function

verifying time = 7.135 ms


Not Found Ranking Fcuntion

Conterexample is 

[-5, 8]

sampling time = 2.035 ms


       ########################################         

iteration 11 with 196 examples

2019-05-03-04-53-44   >>>>   Start train ranking function

2019-05-03-04-53-44   >>>>   End train ranking function

train_ranking_functioning time = 2.950 ms


2019-05-03-04-53-44   >>>>   Start verify ranking function

[xi_0 = -5, xi_1 = 8]
ranking function :  - 0.2 *  x[0]^1.0 - 0.3 *  x[1]^1.0 + 1.9 * 1;  - 0.1 *  x[0]^1.0 - 0.2 *  x[1]^1.0 + 1.7 * 1;  - 0.1 *  x[1]^1.0 + 1.7 * 1

2019-05-03-04-53-44   >>>>   End verify ranking function

verifying time = 7.944 ms


Not Found Ranking Fcuntion

Conterexample is 

[-5, 8]

sampling time = 2.439 ms


       ########################################         

iteration 12 with 200 examples

2019-05-03-04-53-44   >>>>   Start train ranking function

2019-05-03-04-53-44   >>>>   End train ranking function

train_ranking_functioning time = 3.264 ms


2019-05-03-04-53-44   >>>>   Start verify ranking function

[xi_0 = -5, xi_1 = 8]
ranking function :  - 0.2 *  x[0]^1.0 - 0.3 *  x[1]^1.0 + 1.9 * 1;  - 0.1 *  x[0]^1.0 - 0.2 *  x[1]^1.0 + 1.7 * 1;  - 0.1 *  x[1]^1.0 + 1.7 * 1

2019-05-03-04-53-44   >>>>   End verify ranking function

verifying time = 7.845 ms


Not Found Ranking Fcuntion

Conterexample is 

[-5, 8]

sampling time = 2.060 ms


       ########################################         

iteration 13 with 204 examples

2019-05-03-04-53-44   >>>>   Start train ranking function

2019-05-03-04-53-44   >>>>   End train ranking function

train_ranking_functioning time = 3.152 ms


2019-05-03-04-53-44   >>>>   Start verify ranking function

[xi_0 = -5, xi_1 = 8]
ranking function :  - 0.2 *  x[0]^1.0 - 0.3 *  x[1]^1.0 + 1.9 * 1;  - 0.2 *  x[1]^1.0 + 1.7 * 1;  - 0.1 *  x[1]^1.0 + 1.7 * 1

2019-05-03-04-53-44   >>>>   End verify ranking function

verifying time = 7.353 ms


Not Found Ranking Fcuntion

Conterexample is 

[-5, 8]

sampling time = 2.098 ms


       ########################################         

iteration 14 with 208 examples

2019-05-03-04-53-44   >>>>   Start train ranking function

2019-05-03-04-53-44   >>>>   End train ranking function

train_ranking_functioning time = 3.246 ms


2019-05-03-04-53-44   >>>>   Start verify ranking function

[xi_0 = -5, xi_1 = 8]
ranking function :  - 0.2 *  x[0]^1.0 - 0.3 *  x[1]^1.0 + 1.9 * 1;  - 0.1 *  x[0]^1.0 - 0.2 *  x[1]^1.0 + 1.7 * 1;  - 0.1 *  x[1]^1.0 + 1.7 * 1

2019-05-03-04-53-44   >>>>   End verify ranking function

verifying time = 7.165 ms


Not Found Ranking Fcuntion

Conterexample is 

[-5, 8]

sampling time = 2.065 ms


       ########################################         

iteration 15 with 212 examples

2019-05-03-04-53-44   >>>>   Start train ranking function

2019-05-03-04-53-44   >>>>   End train ranking function

train_ranking_functioning time = 3.395 ms


2019-05-03-04-53-44   >>>>   Start verify ranking function

[xi_0 = -5, xi_1 = 8]
ranking function :  - 0.2 *  x[0]^1.0 - 0.3 *  x[1]^1.0 + 1.9 * 1;  - 0.2 *  x[1]^1.0 + 1.7 * 1;  - 0.1 *  x[1]^1.0 + 1.7 * 1

2019-05-03-04-53-44   >>>>   End verify ranking function

verifying time = 7.236 ms


Not Found Ranking Fcuntion

Conterexample is 

[-5, 8]

sampling time = 2.056 ms


       ########################################         

iteration 16 with 216 examples

2019-05-03-04-53-44   >>>>   Start train ranking function

2019-05-03-04-53-44   >>>>   End train ranking function

train_ranking_functioning time = 3.565 ms


2019-05-03-04-53-44   >>>>   Start verify ranking function

[xi_0 = -5, xi_1 = 8]
ranking function :  - 0.2 *  x[0]^1.0 - 0.3 *  x[1]^1.0 + 1.9 * 1;  - 0.2 *  x[1]^1.0 + 1.7 * 1;  - 0.1 *  x[1]^1.0 + 1.7 * 1

2019-05-03-04-53-44   >>>>   End verify ranking function

verifying time = 7.150 ms


Not Found Ranking Fcuntion

Conterexample is 

[-5, 8]

sampling time = 2.051 ms


       ########################################         

iteration 17 with 220 examples

2019-05-03-04-53-44   >>>>   Start train ranking function

2019-05-03-04-53-44   >>>>   End train ranking function

train_ranking_functioning time = 3.657 ms


2019-05-03-04-53-44   >>>>   Start verify ranking function

[xi_0 = -5, xi_1 = 8]
ranking function :  - 0.2 *  x[0]^1.0 - 0.3 *  x[1]^1.0 + 1.9 * 1;  - 0.2 *  x[1]^1.0 + 1.7 * 1;  - 0.1 *  x[1]^1.0 + 1.7 * 1

2019-05-03-04-53-44   >>>>   End verify ranking function

verifying time = 7.148 ms


Not Found Ranking Fcuntion

Conterexample is 

[-5, 8]

sampling time = 2.046 ms


       ########################################         

iteration 18 with 224 examples

2019-05-03-04-53-44   >>>>   Start train ranking function

2019-05-03-04-53-44   >>>>   End train ranking function

train_ranking_functioning time = 3.857 ms


2019-05-03-04-53-44   >>>>   Start verify ranking function

[xi_0 = -5, xi_1 = 8]
ranking function :  - 0.2 *  x[0]^1.0 - 0.3 *  x[1]^1.0 + 1.9 * 1;  - 0.2 *  x[1]^1.0 + 1.7 * 1;  - 0.1 *  x[1]^1.0 + 1.7 * 1

2019-05-03-04-53-44   >>>>   End verify ranking function

verifying time = 7.224 ms


Not Found Ranking Fcuntion

Conterexample is 

[-5, 8]

sampling time = 2.053 ms


       ########################################         

iteration 19 with 228 examples

2019-05-03-04-53-44   >>>>   Start train ranking function

2019-05-03-04-53-44   >>>>   End train ranking function

train_ranking_functioning time = 3.938 ms


2019-05-03-04-53-44   >>>>   Start verify ranking function

[xi_0 = -5, xi_1 = 8]
ranking function :  - 0.2 *  x[0]^1.0 - 0.3 *  x[1]^1.0 + 1.9 * 1;  - 0.2 *  x[1]^1.0 + 1.7 * 1;  - 0.1 *  x[1]^1.0 + 1.7 * 1

2019-05-03-04-53-44   >>>>   End verify ranking function

verifying time = 7.252 ms


Not Found Ranking Fcuntion

Conterexample is 

[-5, 8]

sampling time = 2.064 ms


       ########################################         

iteration 20 with 232 examples

2019-05-03-04-53-44   >>>>   Start train ranking function

5
2019-05-03-04-53-44   >>>>   End train ranking function

train_ranking_functioning time = 4.079 ms


2019-05-03-04-53-44   >>>>   Start verify ranking function

[xi_0 = -5, xi_1 = 8]
ranking function :  - 0.2 *  x[0]^1.0 - 0.3 *  x[1]^1.0 + 1.9 * 1;  - 0.2 *  x[1]^1.0 + 1.7 * 1;  - 0.1 *  x[1]^1.0 + 1.7 * 1

2019-05-03-04-53-44   >>>>   End verify ranking function

verifying time = 7.233 ms


Not Found Ranking Fcuntion

Conterexample is 

[-5, 8]

sampling time = 2.055 ms


       ########################################         

iteration 21 with 236 examples

2019-05-03-04-53-44   >>>>   Start train ranking function

2019-05-03-04-53-44   >>>>   End train ranking function

train_ranking_functioning time = 4.195 ms


2019-05-03-04-53-44   >>>>   Start verify ranking function

[xi_0 = 0, xi_1 = 3]
ranking function : 2.0 * 1; 2.0 * 1; 2.0 * 1

2019-05-03-04-53-44   >>>>   End verify ranking function

verifying time = 7.062 ms


Not Found Ranking Fcuntion

Conterexample is 

[0, 3]

sampling time = 2.077 ms


       ########################################         

iteration 22 with 240 examples

2019-05-03-04-53-44   >>>>   Start train ranking function

2019-05-03-04-53-44   >>>>   End train ranking function

train_ranking_functioning time = 4.219 ms


2019-05-03-04-53-44   >>>>   Start verify ranking function

[xi_0 = 0, xi_1 = 3]
ranking function : 2.0 * 1; 2.0 * 1; 2.0 * 1

2019-05-03-04-53-44   >>>>   End verify ranking function

verifying time = 7.127 ms


Not Found Ranking Fcuntion

Conterexample is 

[0, 3]

sampling time = 2.056 ms


       ########################################         

iteration 23 with 244 examples

2019-05-03-04-53-44   >>>>   Start train ranking function

2019-05-03-04-53-44   >>>>   End train ranking function

train_ranking_functioning time = 4.223 ms


2019-05-03-04-53-44   >>>>   Start verify ranking function

[xi_0 = 3, xi_1 = 0]
ranking function : 2.0 * 1; 2.0 * 1; 2.0 * 1

2019-05-03-04-53-44   >>>>   End verify ranking function

verifying time = 7.064 ms


Not Found Ranking Fcuntion

Conterexample is 

[3, 0]

sampling time = 2.042 ms


       ########################################         

iteration 24 with 248 examples

2019-05-03-04-53-44   >>>>   Start train ranking function

2019-05-03-04-53-44   >>>>   End train ranking function

train_ranking_functioning time = 4.280 ms


2019-05-03-04-53-44   >>>>   Start verify ranking function

[xi_0 = 0, xi_1 = 3]
ranking function : 2.0 * 1; 2.0 * 1; 2.0 * 1

2019-05-03-04-53-44   >>>>   End verify ranking function
