------Using Template 0 -----------
3 [3]
*****************************************************

2019-05-03-05-08-13   >>>>   End sampling point

sampling time = 52.824 ms,


       ########################################         

iteration 0 with 136 examples

2019-05-03-05-08-13   >>>>   Start train ranking function

2019-05-03-05-08-13   >>>>   End train ranking function

train_ranking_functioning time = 1.362 ms


2019-05-03-05-08-13   >>>>   Start verify ranking function

[xi_0 = 0, xi_1 = -15]
ranking function : 0.7 *  x[0]^1.0 - 0.4 *  x[1]^1.0 + 2.1 * 1

2019-05-03-05-08-13   >>>>   End verify ranking function

verifying time = 7.270 ms


Not Found Ranking Fcuntion

Conterexample is 

[0, -15]

sampling time = 0.709 ms


       ########################################         

iteration 1 with 138 examples

2019-05-03-05-08-13   >>>>   Start train ranking function

2019-05-03-05-08-13   >>>>   End train ranking function

train_ranking_functioning time = 1.229 ms


2019-05-03-05-08-13   >>>>   Start verify ranking function

[xi_0 = 0, xi_1 = -15]
ranking function : 0.7 *  x[0]^1.0 - 0.4 *  x[1]^1.0 + 2.1 * 1

2019-05-03-05-08-13   >>>>   End verify ranking function

verifying time = 7.271 ms


Not Found Ranking Fcuntion

Conterexample is 

[0, -15]

sampling time = 0.716 ms


       ########################################         

iteration 2 with 140 examples

2019-05-03-05-08-13   >>>>   Start train ranking function

2019-05-03-05-08-13   >>>>   End train ranking function

train_ranking_functioning time = 1.232 ms


2019-05-03-05-08-13   >>>>   Start verify ranking function

[xi_0 = 0, xi_1 = -15]
ranking function : 0.7 *  x[0]^1.0 - 0.4 *  x[1]^1.0 + 2.1 * 1

2019-05-03-05-08-13   >>>>   End verify ranking function

verifying time = 7.317 ms


Not Found Ranking Fcuntion

Conterexample is 

[0, -15]

sampling time = 0.715 ms


       ########################################         

iteration 3 with 142 examples

2019-05-03-05-08-13   >>>>   Start train ranking function

2019-05-03-05-08-13   >>>>   End train ranking function

train_ranking_functioning time = 1.310 ms


2019-05-03-05-08-13   >>>>   Start verify ranking function

[xi_0 = 0, xi_1 = -15]
ranking function : 0.7 *  x[0]^1.0 - 0.4 *  x[1]^1.0 + 2.1 * 1

2019-05-03-05-08-13   >>>>   End verify ranking function

verifying time = 7.099 ms


Not Found Ranking Fcuntion

Conterexample is 

[0, -15]

sampling time = 0.711 ms


       ########################################         

iteration 4 with 144 examples

2019-05-03-05-08-13   >>>>   Start train ranking function

2019-05-03-05-08-13   >>>>   End train ranking function

train_ranking_functioning time = 1.247 ms


2019-05-03-05-08-13   >>>>   Start verify ranking function

[xi_0 = 0, xi_1 = -15]
ranking function : 0.7 *  x[0]^1.0 - 0.4 *  x[1]^1.0 + 2.1 * 1

2019-05-03-05-08-13   >>>>   End verify ranking function

verifying time = 7.101 ms


Not Found Ranking Fcuntion

Conterexample is 

[0, -15]

sampling time = 0.721 ms


       ########################################         

iteration 5 with 146 examples

2019-05-03-05-08-13   >>>>   Start train ranking function

5
2019-05-03-05-08-13   >>>>   End train ranking function

train_ranking_functioning time = 1.297 ms


2019-05-03-05-08-13   >>>>   Start verify ranking function

[xi_0 = 0, xi_1 = -15]
ranking function : 0.7 *  x[0]^1.0 - 0.4 *  x[1]^1.0 + 2.1 * 1

2019-05-03-05-08-13   >>>>   End verify ranking function

verifying time = 7.173 ms


Not Found Ranking Fcuntion

Conterexample is 

[0, -15]

sampling time = 0.703 ms


       ########################################         

iteration 6 with 148 examples

2019-05-03-05-08-13   >>>>   Start train ranking function

2019-05-03-05-08-13   >>>>   End train ranking function

train_ranking_functioning time = 1.268 ms


2019-05-03-05-08-13   >>>>   Start verify ranking function

[xi_0 = 0, xi_1 = -41]
ranking function : 0.6946 *  x[0]^1.0 - 0.3636 *  x[1]^1.0 + 2.0936 * 1

2019-05-03-05-08-13   >>>>   End verify ranking function

verifying time = 7.059 ms


Not Found Ranking Fcuntion

Conterexample is 

[0, -41]

sampling time = 0.715 ms


       ########################################         

iteration 7 with 150 examples

2019-05-03-05-08-13   >>>>   Start train ranking function

2019-05-03-05-08-13   >>>>   End train ranking function

train_ranking_functioning time = 1.268 ms


2019-05-03-05-08-13   >>>>   Start verify ranking function

[xi_0 = 0, xi_1 = 147]
ranking function : 0.7023 *  x[0]^1.0 - 0.3468 *  x[1]^1.0 + 2.099 * 1

2019-05-03-05-08-13   >>>>   End verify ranking function

verifying time = 7.113 ms


Not Found Ranking Fcuntion

Conterexample is 

[0, 147]

sampling time = 0.714 ms


       ########################################         

iteration 8 with 152 examples

2019-05-03-05-08-13   >>>>   Start train ranking function

2019-05-03-05-08-13   >>>>   End train ranking function

train_ranking_functioning time = 2.139 ms


2019-05-03-05-08-13   >>>>   Start verify ranking function

[xi_0 = 0, xi_1 = -27]
ranking function : 0.1551 *  x[0]^1.0 - 0.0833 *  x[1]^1.0 + 1.2459 * 1

2019-05-03-05-08-13   >>>>   End verify ranking function

verifying time = 7.051 ms


Not Found Ranking Fcuntion

Conterexample is 

[0, -27]

sampling time = 0.722 ms


       ########################################         

iteration 9 with 154 examples

2019-05-03-05-08-13   >>>>   Start train ranking function

2019-05-03-05-08-13   >>>>   End train ranking function

train_ranking_functioning time = 2.193 ms


2019-05-03-05-08-13   >>>>   Start verify ranking function

[xi_0 = 0, xi_1 = -20]
ranking function : 0.1446 *  x[0]^1.0 - 0.0798 *  x[1]^1.0 + 1.2505 * 1

2019-05-03-05-08-13   >>>>   End verify ranking function

verifying time = 7.019 ms


Not Found Ranking Fcuntion

Conterexample is 

[0, -20]

sampling time = 0.720 ms


       ########################################         

iteration 10 with 156 examples

2019-05-03-05-08-13   >>>>   Start train ranking function

2019-05-03-05-08-13   >>>>   End train ranking function

train_ranking_functioning time = 2.168 ms


2019-05-03-05-08-13   >>>>   Start verify ranking function

[xi_0 = 0, xi_1 = -9]
ranking function : 0.1274 *  x[0]^1.0 - 0.081 *  x[1]^1.0 + 1.2541 * 1

2019-05-03-05-08-13   >>>>   End verify ranking function

verifying time = 7.144 ms


Not Found Ranking Fcuntion

Conterexample is 

[0, -9]

sampling time = 0.723 ms


       ########################################         

iteration 11 with 158 examples

2019-05-03-05-08-13   >>>>   Start train ranking function

2019-05-03-05-08-13   >>>>   End train ranking function

train_ranking_functioning time = 2.290 ms


2019-05-03-05-08-13   >>>>   Start verify ranking function

[xi_0 = 0, xi_1 = 32]
ranking function : 0.1619 *  x[0]^1.0 - 0.0764 *  x[1]^1.0 + 1.284 * 1

2019-05-03-05-08-13   >>>>   End verify ranking function

verifying time = 7.117 ms


Not Found Ranking Fcuntion

Conterexample is 

[0, 32]

sampling time = 0.726 ms


       ########################################         

iteration 12 with 160 examples

2019-05-03-05-08-13   >>>>   Start train ranking function

2019-05-03-05-08-13   >>>>   End train ranking function

train_ranking_functioning time = 2.675 ms


2019-05-03-05-08-13   >>>>   Start verify ranking function

[xi_0 = 0, xi_1 = -11]
ranking function : 0.1453 *  x[0]^1.0 - 0.0889 *  x[1]^1.0 + 2.4904 * 1

2019-05-03-05-08-14   >>>>   End verify ranking function

verifying time = 8.045 ms


Not Found Ranking Fcuntion

Conterexample is 

[0, -11]

sampling time = 0.774 ms


       ########################################         

iteration 13 with 162 examples

2019-05-03-05-08-14   >>>>   Start train ranking function

2019-05-03-05-08-14   >>>>   End train ranking function

train_ranking_functioning time = 3.464 ms


2019-05-03-05-08-14   >>>>   Start verify ranking function

[xi_0 = 0, xi_1 = 12]
ranking function : 0.1381 *  x[0]^1.0 - 0.0598 *  x[1]^1.0 + 2.5074 * 1

2019-05-03-05-08-14   >>>>   End verify ranking function

verifying time = 7.374 ms


Not Found Ranking Fcuntion

Conterexample is 

[0, 12]

sampling time = 0.763 ms


       ########################################         

iteration 14 with 164 examples

2019-05-03-05-08-14   >>>>   Start train ranking function

2019-05-03-05-08-14   >>>>   End train ranking function

train_ranking_functioning time = 3.149 ms


2019-05-03-05-08-14   >>>>   Start verify ranking function

[xi_0 = 0, xi_1 = 129]
ranking function : 0.1497 *  x[0]^1.0 - 0.0738 *  x[1]^1.0 + 2.37 * 1

2019-05-03-05-08-14   >>>>   End verify ranking function

verifying time = 7.198 ms


Not Found Ranking Fcuntion

Conterexample is 

[0, 129]

sampling time = 0.823 ms


       ########################################         

iteration 15 with 166 examples

2019-05-03-05-08-14   >>>>   Start train ranking function

2019-05-03-05-08-14   >>>>   End train ranking function

train_ranking_functioning time = 3.220 ms


2019-05-03-05-08-14   >>>>   Start verify ranking function

[xi_0 = 0, xi_1 = -32]
ranking function : 0.1444 *  x[0]^1.0 - 0.0766 *  x[1]^1.0 + 2.5765 * 1

2019-05-03-05-08-14   >>>>   End verify ranking function

verifying time = 7.289 ms


Not Found Ranking Fcuntion

Conterexample is 

[0, -32]

sampling time = 0.769 ms


       ########################################         

iteration 16 with 168 examples

2019-05-03-05-08-14   >>>>   Start train ranking function

2019-05-03-05-08-14   >>>>   End train ranking function

train_ranking_functioning time = 3.600 ms


2019-05-03-05-08-14   >>>>   Start verify ranking function

[xi_0 = 0, xi_1 = -36]
ranking function : 0.1499 *  x[0]^1.0 - 0.079 *  x[1]^1.0 + 2.5811 * 1

2019-05-03-05-08-14   >>>>   End verify ranking function

verifying time = 7.234 ms


Not Found Ranking Fcuntion

Conterexample is 

[0, -36]

sampling time = 0.762 ms


       ########################################         

iteration 17 with 170 examples

2019-05-03-05-08-14   >>>>   Start train ranking function

2019-05-03-05-08-14   >>>>   End train ranking function

train_ranking_functioning time = 3.360 ms


2019-05-03-05-08-14   >>>>   Start verify ranking function

[xi_0 = 0, xi_1 = -556]
ranking function : 0.1511 *  x[0]^1.0 - 0.0758 *  x[1]^1.0 + 2.5675 * 1

2019-05-03-05-08-14   >>>>   End verify ranking function

verifying time = 7.076 ms


Not Found Ranking Fcuntion

Conterexample is 

[0, -556]

sampling time = 0.725 ms


       ########################################         

iteration 18 with 172 examples

2019-05-03-05-08-14   >>>>   Start train ranking function

2019-05-03-05-08-14   >>>>   End train ranking function

train_ranking_functioning time = 3.283 ms


2019-05-03-05-08-14   >>>>   Start verify ranking function

[xi_0 = 0, xi_1 = 13]
ranking function : 0.1559 *  x[0]^1.0 - 0.068 *  x[1]^1.0 + 2.5831 * 1

2019-05-03-05-08-14   >>>>   End verify ranking function

verifying time = 7.095 ms


Not Found Ranking Fcuntion

Conterexample is 

[0, 13]

sampling time = 0.715 ms


       ########################################         

iteration 19 with 174 examples

2019-05-03-05-08-14   >>>>   Start train ranking function

2019-05-03-05-08-14   >>>>   End train ranking function

train_ranking_functioning time = 3.651 ms


2019-05-03-05-08-14   >>>>   Start verify ranking function

[xi_0 = 0, xi_1 = 5]
ranking function : 0.1742 *  x[0]^1.0 - 0.061 *  x[1]^1.0 + 2.5358 * 1

2019-05-03-05-08-14   >>>>   End verify ranking function

verifying time = 7.142 ms


Not Found Ranking Fcuntion

Conterexample is 

[0, 5]

sampling time = 0.715 ms


       ########################################         

iteration 20 with 176 examples

2019-05-03-05-08-14   >>>>   Start train ranking function

2019-05-03-05-08-14   >>>>   End train ranking function

train_ranking_functioning time = 3.345 ms


2019-05-03-05-08-14   >>>>   Start verify ranking function

[xi_0 = 0, xi_1 = -23]
ranking function : 0.1373 *  x[0]^1.0 - 0.0747 *  x[1]^1.0 + 2.5051 * 1

2019-05-03-05-08-14   >>>>   End verify ranking function

verifying time = 7.026 ms


Not Found Ranking Fcuntion

Conterexample is 

[0, -23]

sampling time = 0.722 ms


       ########################################         

iteration 21 with 178 examples

2019-05-03-05-08-14   >>>>   Start train ranking function

2019-05-03-05-08-14   >>>>   End train ranking function

train_ranking_functioning time = 3.742 ms


2019-05-03-05-08-14   >>>>   Start verify ranking function

[xi_0 = 0, xi_1 = -19]
ranking function : 0.1414 *  x[0]^1.0 - 0.0784 *  x[1]^1.0 + 2.5423 * 1

2019-05-03-05-08-14   >>>>   End verify ranking function

verifying time = 7.044 ms


Not Found Ranking Fcuntion

Conterexample is 

[0, -19]

sampling time = 0.724 ms


       ########################################         

iteration 22 with 180 examples

2019-05-03-05-08-14   >>>>   Start train ranking function

2019-05-03-05-08-14   >>>>   End train ranking function

train_ranking_functioning time = 3.660 ms


2019-05-03-05-08-14   >>>>   Start verify ranking function

[xi_0 = 0, xi_1 = 14]
ranking function : 0.1423 *  x[0]^1.0 - 0.0625 *  x[1]^1.0 + 2.5299 * 1

2019-05-03-05-08-14   >>>>   End verify ranking function

verifying time = 7.125 ms


Not Found Ranking Fcuntion

Conterexample is 

[0, 14]

sampling time = 0.725 ms


       ########################################         

iteration 23 with 182 examples

2019-05-03-05-08-14   >>>>   Start train ranking function

2019-05-03-05-08-14   >>>>   End train ranking function

train_ranking_functioning time = 3.789 ms


2019-05-03-05-08-14   >>>>   Start verify ranking function

[xi_0 = 0, xi_1 = -9]
ranking function : 0.1374 *  x[0]^1.0 - 0.0869 *  x[1]^1.0 + 2.4639 * 1

2019-05-03-05-08-14   >>>>   End verify ranking function

verifying time = 7.082 ms


Not Found Ranking Fcuntion

Conterexample is 

[0, -9]

sampling time = 0.727 ms


       ########################################         

iteration 24 with 184 examples

2019-05-03-05-08-14   >>>>   Start train ranking function

2019-05-03-05-08-14   >>>>   End train ranking function

train_ranking_functioning time = 3.603 ms


2019-05-03-05-08-14   >>>>   Start verify ranking function

[xi_0 = 0, xi_1 = -11]
ranking function : 0.147 *  x[0]^1.0 - 0.0893 *  x[1]^1.0 + 2.4841 * 1

2019-05-03-05-08-14   >>>>   End verify ranking function

verifying time = 7.187 ms


Not Found Ranking Fcuntion

Conterexample is 

[0, -11]

sampling time = 0.760 ms


Failed to prove it is terminated

UNKNOWN
------Using Template 1 -----------
2 [2]
*****************************************************

2019-05-03-05-08-14   >>>>   End sampling point

sampling time = 45.143 ms,


       ########################################         

iteration 0 with 136 examples

2019-05-03-05-08-14   >>>>   Start train ranking function

2019-05-03-05-08-14   >>>>   End train ranking function

train_ranking_functioning time = 3.929 ms


2019-05-03-05-08-14   >>>>   Start verify ranking function

[xi_0 = 1, xi_1 = 1]
ranking function :  - 0.1 *  x[0]^1.0 *  x[1]^-3.0

2019-05-03-05-08-14   >>>>   End verify ranking function

verifying time = 15.501 ms


Not Found Ranking Fcuntion

Conterexample is 

[1, 1]

sampling time = 0.599 ms


       ########################################         

iteration 1 with 138 examples

2019-05-03-05-08-14   >>>>   Start train ranking function

2019-05-03-05-08-14   >>>>   End train ranking function

train_ranking_functioning time = 3.874 ms


2019-05-03-05-08-14   >>>>   Start verify ranking function

[xi_0 = 1, xi_1 = 1]
ranking function :  - 0.1 *  x[0]^1.0 *  x[1]^-3.0

2019-05-03-05-08-14   >>>>   End verify ranking function

verifying time = 15.446 ms


Not Found Ranking Fcuntion

Conterexample is 

[1, 1]

sampling time = 0.592 ms


       ########################################         

iteration 2 with 140 examples

2019-05-03-05-08-14   >>>>   Start train ranking function

2019-05-03-05-08-14   >>>>   End train ranking function

train_ranking_functioning time = 3.806 ms


2019-05-03-05-08-14   >>>>   Start verify ranking function

[xi_0 = 1, xi_1 = 1]
ranking function :  - 0.1 *  x[0]^1.0 *  x[1]^-3.0

2019-05-03-05-08-14   >>>>   End verify ranking function

verifying time = 15.412 ms


Not Found Ranking Fcuntion

Conterexample is 

[1, 1]

sampling time = 0.641 ms


       ########################################         

iteration 3 with 142 examples
