------Using Template 0 -----------
4 [4]
*****************************************************

2019-05-03-05-13-15   >>>>   End sampling point

sampling time = 28.696 ms,


       ########################################         

iteration 0 with 44 examples

2019-05-03-05-13-15   >>>>   Start train ranking function

2019-05-03-05-13-15   >>>>   End train ranking function

train_ranking_functioning time = 0.499 ms


2019-05-03-05-13-15   >>>>   Start verify ranking function

[xi_2 = 1, xi_0 = 5, xi_1 = -1]
ranking function :  - 0.5 *  x[0]^1.0 - 0.2 *  x[1]^1.0 + 0.4 *  x[2]^1.0 + 1.1 * 1

2019-05-03-05-13-15   >>>>   End verify ranking function

verifying time = 8.057 ms


Not Found Ranking Fcuntion

Conterexample is 

[5, -1, 1]

sampling time = 1.032 ms


       ########################################         

iteration 1 with 46 examples

2019-05-03-05-13-15   >>>>   Start train ranking function

2019-05-03-05-13-15   >>>>   End train ranking function

train_ranking_functioning time = 0.801 ms


2019-05-03-05-13-15   >>>>   Start verify ranking function

[xi_2 = 1, xi_0 = -7, xi_1 = -1]
ranking function :  - 0.2 *  x[0]^1.0 + 0.4 *  x[1]^1.0 + 0.1 *  x[2]^1.0 + 1.8 * 1

2019-05-03-05-13-15   >>>>   End verify ranking function

verifying time = 7.938 ms


Not Found Ranking Fcuntion

Conterexample is 

[-7, -1, 1]

sampling time = 1.016 ms


       ########################################         

iteration 2 with 48 examples

2019-05-03-05-13-15   >>>>   Start train ranking function

2019-05-03-05-13-15   >>>>   End train ranking function

train_ranking_functioning time = 0.801 ms


2019-05-03-05-13-15   >>>>   Start verify ranking function

[xi_2 = 1, xi_0 = -7, xi_1 = -1]
ranking function :  - 0.2 *  x[0]^1.0 + 0.4 *  x[1]^1.0 + 0.1 *  x[2]^1.0 + 1.8 * 1

2019-05-03-05-13-15   >>>>   End verify ranking function

verifying time = 8.015 ms


Not Found Ranking Fcuntion

Conterexample is 

[-7, -1, 1]

sampling time = 1.014 ms


       ########################################         

iteration 3 with 50 examples

2019-05-03-05-13-15   >>>>   Start train ranking function

2019-05-03-05-13-15   >>>>   End train ranking function

train_ranking_functioning time = 0.833 ms


2019-05-03-05-13-15   >>>>   Start verify ranking function

[xi_2 = 1, xi_0 = -7, xi_1 = -1]
ranking function :  - 0.2 *  x[0]^1.0 + 0.4 *  x[1]^1.0 + 0.1 *  x[2]^1.0 + 1.8 * 1

2019-05-03-05-13-15   >>>>   End verify ranking function

verifying time = 8.066 ms


Not Found Ranking Fcuntion

Conterexample is 

[-7, -1, 1]

sampling time = 1.013 ms


       ########################################         

iteration 4 with 52 examples

2019-05-03-05-13-15   >>>>   Start train ranking function

2019-05-03-05-13-15   >>>>   End train ranking function

train_ranking_functioning time = 0.799 ms


2019-05-03-05-13-15   >>>>   Start verify ranking function

[xi_2 = 1, xi_0 = -7, xi_1 = -1]
ranking function :  - 0.2 *  x[0]^1.0 + 0.4 *  x[1]^1.0 + 0.1 *  x[2]^1.0 + 1.8 * 1

2019-05-03-05-13-15   >>>>   End verify ranking function

verifying time = 7.891 ms


Not Found Ranking Fcuntion

Conterexample is 

[-7, -1, 1]

sampling time = 1.016 ms


       ########################################         

iteration 5 with 54 examples

2019-05-03-05-13-15   >>>>   Start train ranking function

2019-05-03-05-13-15   >>>>   End train ranking function

train_ranking_functioning time = 0.882 ms


2019-05-03-05-13-15   >>>>   Start verify ranking function

[xi_2 = 1, xi_0 = 5, xi_1 = -1]
ranking function :  - 0.2 *  x[0]^1.0 + 0.4 *  x[1]^1.0 + 0.2 *  x[2]^1.0 + 1.8 * 1

2019-05-03-05-13-15   >>>>   End verify ranking function

verifying time = 7.885 ms


Not Found Ranking Fcuntion

Conterexample is 

[5, -1, 1]

sampling time = 1.020 ms


       ########################################         

iteration 6 with 56 examples

2019-05-03-05-13-15   >>>>   Start train ranking function

2019-05-03-05-13-15   >>>>   End train ranking function

train_ranking_functioning time = 0.989 ms


2019-05-03-05-13-15   >>>>   Start verify ranking function

[xi_2 = 1, xi_0 = -8, xi_1 = -1]
ranking function :  - 0.2 *  x[0]^1.0 + 0.5 *  x[1]^1.0 + 0.1 *  x[2]^1.0 + 1.9 * 1

2019-05-03-05-13-15   >>>>   End verify ranking function

verifying time = 7.853 ms


Not Found Ranking Fcuntion

Conterexample is 

[-8, -1, 1]

sampling time = 1.017 ms


       ########################################         

iteration 7 with 58 examples

2019-05-03-05-13-15   >>>>   Start train ranking function

2019-05-03-05-13-15   >>>>   End train ranking function

train_ranking_functioning time = 1.000 ms


2019-05-03-05-13-15   >>>>   Start verify ranking function

[xi_2 = 1, xi_0 = -8, xi_1 = -1]
ranking function :  - 0.2 *  x[0]^1.0 + 0.5 *  x[1]^1.0 + 0.1 *  x[2]^1.0 + 1.9 * 1

2019-05-03-05-13-15   >>>>   End verify ranking function

verifying time = 7.932 ms


Not Found Ranking Fcuntion

Conterexample is 

[-8, -1, 1]

sampling time = 1.021 ms


       ########################################         

iteration 8 with 60 examples

2019-05-03-05-13-15   >>>>   Start train ranking function

2019-05-03-05-13-15   >>>>   End train ranking function

train_ranking_functioning time = 0.997 ms


2019-05-03-05-13-15   >>>>   Start verify ranking function

[xi_2 = 1, xi_0 = -8, xi_1 = -1]
ranking function :  - 0.2 *  x[0]^1.0 + 0.5 *  x[1]^1.0 + 0.1 *  x[2]^1.0 + 1.9 * 1

2019-05-03-05-13-15   >>>>   End verify ranking function

verifying time = 7.880 ms


Not Found Ranking Fcuntion

Conterexample is 

[-8, -1, 1]

sampling time = 1.013 ms


       ########################################         

iteration 9 with 62 examples

2019-05-03-05-13-15   >>>>   Start train ranking function

2019-05-03-05-13-15   >>>>   End train ranking function

train_ranking_functioning time = 0.999 ms


2019-05-03-05-13-15   >>>>   Start verify ranking function

[xi_2 = 1, xi_0 = -8, xi_1 = -1]
ranking function :  - 0.2 *  x[0]^1.0 + 0.5 *  x[1]^1.0 + 0.1 *  x[2]^1.0 + 1.9 * 1

2019-05-03-05-13-15   >>>>   End verify ranking function

verifying time = 7.872 ms


Not Found Ranking Fcuntion

Conterexample is 

[-8, -1, 1]

sampling time = 1.022 ms


       ########################################         

iteration 10 with 64 examples

2019-05-03-05-13-15   >>>>   Start train ranking function

2019-05-03-05-13-15   >>>>   End train ranking function

train_ranking_functioning time = 0.992 ms


2019-05-03-05-13-15   >>>>   Start verify ranking function

[xi_2 = 1, xi_0 = -8, xi_1 = -1]
ranking function :  - 0.2 *  x[0]^1.0 + 0.5 *  x[1]^1.0 + 0.1 *  x[2]^1.0 + 1.9 * 1

2019-05-03-05-13-15   >>>>   End verify ranking function

verifying time = 7.977 ms


Not Found Ranking Fcuntion

Conterexample is 

[-8, -1, 1]

sampling time = 1.062 ms


       ########################################         

iteration 11 with 66 examples

2019-05-03-05-13-15   >>>>   Start train ranking function

5
2019-05-03-05-13-15   >>>>   End train ranking function

train_ranking_functioning time = 1.010 ms


2019-05-03-05-13-15   >>>>   Start verify ranking function

[xi_2 = 1, xi_0 = -8, xi_1 = -1]
ranking function :  - 0.2 *  x[0]^1.0 + 0.5 *  x[1]^1.0 + 0.1 *  x[2]^1.0 + 1.9 * 1

2019-05-03-05-13-15   >>>>   End verify ranking function

verifying time = 7.968 ms


Not Found Ranking Fcuntion

Conterexample is 

[-8, -1, 1]

sampling time = 1.092 ms


       ########################################         

iteration 12 with 68 examples

2019-05-03-05-13-15   >>>>   Start train ranking function

2019-05-03-05-13-15   >>>>   End train ranking function

train_ranking_functioning time = 0.906 ms


2019-05-03-05-13-15   >>>>   Start verify ranking function

[xi_2 = 1, xi_1 = -1]
ranking function : 2.0 * 1

2019-05-03-05-13-15   >>>>   End verify ranking function

verifying time = 7.822 ms


Not Found Ranking Fcuntion

Conterexample is 

[0, -1, 1]

sampling time = 1.009 ms


       ########################################         

iteration 13 with 70 examples

2019-05-03-05-13-15   >>>>   Start train ranking function

2019-05-03-05-13-15   >>>>   End train ranking function

train_ranking_functioning time = 1.031 ms


2019-05-03-05-13-15   >>>>   Start verify ranking function

[xi_2 = 1, xi_1 = -1]
ranking function : 2.0 * 1

2019-05-03-05-13-15   >>>>   End verify ranking function

verifying time = 7.945 ms


Not Found Ranking Fcuntion

Conterexample is 

[0, -1, 1]

sampling time = 1.012 ms


       ########################################         

iteration 14 with 72 examples

2019-05-03-05-13-15   >>>>   Start train ranking function

2019-05-03-05-13-15   >>>>   End train ranking function

train_ranking_functioning time = 0.989 ms


2019-05-03-05-13-15   >>>>   Start verify ranking function

[xi_2 = 1, xi_1 = -1]
ranking function : 2.0 * 1

2019-05-03-05-13-15   >>>>   End verify ranking function

verifying time = 8.314 ms


Not Found Ranking Fcuntion

Conterexample is 

[0, -1, 1]

sampling time = 1.020 ms


       ########################################         

iteration 15 with 74 examples

2019-05-03-05-13-15   >>>>   Start train ranking function

2019-05-03-05-13-15   >>>>   End train ranking function

train_ranking_functioning time = 0.964 ms


2019-05-03-05-13-15   >>>>   Start verify ranking function

[xi_2 = 1, xi_1 = -1]
ranking function : 2.0 * 1

2019-05-03-05-13-15   >>>>   End verify ranking function

verifying time = 7.996 ms


Not Found Ranking Fcuntion

Conterexample is 

[0, -1, 1]

sampling time = 1.063 ms


       ########################################         

iteration 16 with 76 examples

2019-05-03-05-13-15   >>>>   Start train ranking function

2019-05-03-05-13-15   >>>>   End train ranking function

train_ranking_functioning time = 0.986 ms


2019-05-03-05-13-15   >>>>   Start verify ranking function

[xi_2 = 1, xi_1 = -1]
ranking function : 2.0 * 1

2019-05-03-05-13-15   >>>>   End verify ranking function

verifying time = 7.701 ms


Not Found Ranking Fcuntion

Conterexample is 

[0, -1, 1]

sampling time = 1.024 ms


       ########################################         

iteration 17 with 78 examples

2019-05-03-05-13-15   >>>>   Start train ranking function

5
2019-05-03-05-13-15   >>>>   End train ranking function

train_ranking_functioning time = 1.046 ms


2019-05-03-05-13-15   >>>>   Start verify ranking function

[xi_2 = 1, xi_1 = -1]
ranking function : 2.0 * 1

2019-05-03-05-13-15   >>>>   End verify ranking function

verifying time = 7.688 ms


Not Found Ranking Fcuntion

Conterexample is 

[0, -1, 1]

sampling time = 1.020 ms


       ########################################         

iteration 18 with 80 examples

2019-05-03-05-13-15   >>>>   Start train ranking function

2019-05-03-05-13-15   >>>>   End train ranking function

train_ranking_functioning time = 1.076 ms


2019-05-03-05-13-15   >>>>   Start verify ranking function

[xi_2 = 51, xi_0 = 8721, xi_1 = -51]
ranking function :  - 0.1899 *  x[0]^1.0 + 0.4872 *  x[1]^1.0 + 0.1283 *  x[2]^1.0 + 1.9958 * 1

2019-05-03-05-13-15   >>>>   End verify ranking function

verifying time = 7.985 ms


Not Found Ranking Fcuntion

Conterexample is 

[8721, -51, 51]

sampling time = 1.029 ms


       ########################################         

iteration 19 with 82 examples

2019-05-03-05-13-15   >>>>   Start train ranking function

2019-05-03-05-13-15   >>>>   End train ranking function

train_ranking_functioning time = 1.277 ms


2019-05-03-05-13-15   >>>>   Start verify ranking function

[xi_2 = 1, xi_0 = 368, xi_1 = -1]
ranking function : 0.0044 *  x[0]^1.0 + 0.8162 *  x[1]^1.0 - 0.0024 *  x[2]^1.0 + 2.4568 * 1

2019-05-03-05-13-15   >>>>   End verify ranking function

verifying time = 8.018 ms


Not Found Ranking Fcuntion

Conterexample is 

[368, -1, 1]

sampling time = 1.025 ms


       ########################################         

iteration 20 with 84 examples

2019-05-03-05-13-15   >>>>   Start train ranking function

2019-05-03-05-13-15   >>>>   End train ranking function

train_ranking_functioning time = 1.472 ms


2019-05-03-05-13-15   >>>>   Start verify ranking function

[xi_2 = 1, xi_0 = 1022, xi_1 = -1]
ranking function : 0.001 *  x[0]^1.0 + 0.8196 *  x[1]^1.0 - 0.0004 *  x[2]^1.0 + 2.5018 * 1

2019-05-03-05-13-15   >>>>   End verify ranking function

verifying time = 7.954 ms


Not Found Ranking Fcuntion

Conterexample is 

[1022, -1, 1]

sampling time = 1.017 ms


       ########################################         

iteration 21 with 86 examples

2019-05-03-05-13-15   >>>>   Start train ranking function

2019-05-03-05-13-15   >>>>   End train ranking function

train_ranking_functioning time = 1.678 ms


2019-05-03-05-13-15   >>>>   Start verify ranking function

[xi_2 = 3, xi_0 = 1396, xi_1 = -4]
ranking function : 0.8354 *  x[1]^1.0 + 0.0008 *  x[2]^1.0 + 2.5436 * 1

2019-05-03-05-13-15   >>>>   End verify ranking function

verifying time = 8.005 ms


Not Found Ranking Fcuntion

Conterexample is 

[1396, -4, 3]

sampling time = 1.030 ms


       ########################################         

iteration 22 with 88 examples

2019-05-03-05-13-15   >>>>   Start train ranking function

2019-05-03-05-13-15   >>>>   End train ranking function

train_ranking_functioning time = 1.786 ms


2019-05-03-05-13-15   >>>>   Start verify ranking function

[xi_2 = 16, xi_0 = 528, xi_1 = -2]
ranking function : 0.0013 *  x[0]^1.0 + 0.8428 *  x[1]^1.0 + 0.0002 *  x[2]^1.0 + 2.5577 * 1

2019-05-03-05-13-15   >>>>   End verify ranking function

verifying time = 7.973 ms


Not Found Ranking Fcuntion

Conterexample is 

[528, -2, 16]

sampling time = 1.031 ms


       ########################################         

iteration 23 with 90 examples

2019-05-03-05-13-15   >>>>   Start train ranking function

2019-05-03-05-13-15   >>>>   End train ranking function

train_ranking_functioning time = 1.831 ms


2019-05-03-05-13-15   >>>>   Start verify ranking function

[xi_2 = 5, xi_0 = 4173, xi_1 = -5]
ranking function : 0.0003 *  x[0]^1.0 + 0.834 *  x[1]^1.0 + 0.0002 *  x[2]^1.0 + 2.5447 * 1

2019-05-03-05-13-15   >>>>   End verify ranking function

verifying time = 7.952 ms


Not Found Ranking Fcuntion

Conterexample is 

[4173, -5, 5]

sampling time = 1.028 ms


       ########################################         

iteration 24 with 92 examples

2019-05-03-05-13-15   >>>>   Start train ranking function

2019-05-03-05-13-15   >>>>   End train ranking function

train_ranking_functioning time = 1.952 ms


2019-05-03-05-13-15   >>>>   Start verify ranking function

[xi_2 = 1, xi_0 = -4214, xi_1 = -2]
ranking function : 0.0006 *  x[0]^1.0 + 0.8442 *  x[1]^1.0 - 0.0005 *  x[2]^1.0 + 2.5605 * 1

2019-05-03-05-13-15   >>>>   End verify ranking function

verifying time = 8.055 ms


Not Found Ranking Fcuntion

Conterexample is 

[-4214, -2, 1]

sampling time = 1.029 ms


Failed to prove it is terminated

UNKNOWN
------Using Template 1 -----------
5 [5]
*****************************************************

2019-05-03-05-13-15   >>>>   End sampling point

sampling time = 38.994 ms,


       ########################################         

iteration 0 with 44 examples

2019-05-03-05-13-15   >>>>   Start train ranking function

2019-05-03-05-13-15   >>>>   End train ranking function

train_ranking_functioning time = 1.399 ms


2019-05-03-05-13-15   >>>>   Start verify ranking function

[xi_2 = 2, xi_1 = -2, xi_0 = 1]
ranking function :  - 1.6 *  x[0]^-2.0 *  x[1]^-1.0 *  x[2]^-3.0 - 0.4 *  x[0]^-0.5 *  x[1]^-3.0 *  x[2]^2.0 - 0.1 *  x[0]^-3.0 *  x[2]^-1.0 + 0.1 *  x[0]^1.0 *  x[1]^0.5 *  x[2]^0.5

2019-05-03-05-13-16   >>>>   End verify ranking function

verifying time = 492.618 ms


Not Found Ranking Fcuntion

Conterexample is 

[1, -2, 2]

sampling time = 1.496 ms


       ########################################         

iteration 1 with 46 examples

2019-05-03-05-13-16   >>>>   Start train ranking function

2019-05-03-05-13-16   >>>>   End train ranking function

train_ranking_functioning time = 1.361 ms


2019-05-03-05-13-16   >>>>   Start verify ranking function

[xi_2 = 2, xi_1 = -2, xi_0 = 1]
ranking function :  - 1.6 *  x[0]^-2.0 *  x[1]^-1.0 *  x[2]^-3.0 - 0.4 *  x[0]^-0.5 *  x[1]^-3.0 *  x[2]^2.0 + 0.1 *  x[0]^1.0 *  x[1]^0.5 *  x[2]^0.5

2019-05-03-05-13-16   >>>>   End verify ranking function

verifying time = 180.460 ms


Not Found Ranking Fcuntion

Conterexample is 

[1, -2, 2]

sampling time = 1.497 ms

