------Using Template 0 -----------
4 [4]
*****************************************************

2019-05-03-05-18-14   >>>>   End sampling point

sampling time = 122.810 ms,


       ########################################         

iteration 0 with 220 examples

2019-05-03-05-18-14   >>>>   Start train ranking function

2019-05-03-05-18-14   >>>>   End train ranking function

train_ranking_functioning time = 0.988 ms


2019-05-03-05-18-14   >>>>   Start verify ranking function

[xr_1 = -1648/21, xr_2 = 0, xr_0 = 0]
ranking function : 0.4598 *  x[0]^1.0 - 0.4936 *  x[1]^1.0 - 0.485 *  x[2]^1.0 + 2.3716 * 1

2019-05-03-05-18-14   >>>>   End verify ranking function

verifying time = 7.690 ms


Not Found Ranking Fcuntion

Conterexample is 

[0, -78.47619047619048, 0]

sampling time = 1.040 ms


       ########################################         

iteration 1 with 222 examples

2019-05-03-05-18-14   >>>>   Start train ranking function

2019-05-03-05-18-14   >>>>   End train ranking function

train_ranking_functioning time = 4.540 ms


2019-05-03-05-18-14   >>>>   Start verify ranking function

[xr_2 = 0, xr_0 = 545/3]
ranking function : 0.4856 *  x[0]^1.0 - 0.491 *  x[1]^1.0 - 0.4856 *  x[2]^1.0 + 2.3901 * 1

2019-05-03-05-18-14   >>>>   End verify ranking function

verifying time = 7.517 ms


Not Found Ranking Fcuntion

Conterexample is 

[181.66666666666666, 0, 0]

sampling time = 1.035 ms


       ########################################         

iteration 2 with 224 examples

2019-05-03-05-18-14   >>>>   Start train ranking function

2019-05-03-05-18-14   >>>>   End train ranking function

train_ranking_functioning time = 4.722 ms


2019-05-03-05-18-14   >>>>   Start verify ranking function

[xr_1 = -19757/6, xr_2 = 0, xr_0 = 0]
ranking function : 0.4878 *  x[0]^1.0 - 0.4883 *  x[1]^1.0 - 0.4884 *  x[2]^1.0 + 2.3924 * 1

2019-05-03-05-18-14   >>>>   End verify ranking function

verifying time = 7.619 ms


Not Found Ranking Fcuntion

Conterexample is 

[0, -3292.8333333333335, 0]

sampling time = 1.053 ms


       ########################################         

iteration 3 with 226 examples

2019-05-03-05-18-14   >>>>   Start train ranking function

2019-05-03-05-18-14   >>>>   End train ranking function

train_ranking_functioning time = 4.763 ms


2019-05-03-05-18-14   >>>>   Start verify ranking function

[xr_1 = 0, xr_2 = 0, xr_0 = 19757]
ranking function : 0.4884 *  x[0]^1.0 - 0.4884 *  x[1]^1.0 - 0.4883 *  x[2]^1.0 + 2.3929 * 1

2019-05-03-05-18-14   >>>>   End verify ranking function

verifying time = 7.630 ms


Not Found Ranking Fcuntion

Conterexample is 

[19757, 0, 0]

sampling time = 1.026 ms


       ########################################         

iteration 4 with 228 examples

2019-05-03-05-18-14   >>>>   Start train ranking function

2019-05-03-05-18-14   >>>>   End train ranking function

train_ranking_functioning time = 4.917 ms


2019-05-03-05-18-14   >>>>   Start verify ranking function

[xr_2 = 0, xr_0 = -9766]
ranking function : 0.4888 *  x[0]^1.0 - 0.4887 *  x[1]^1.0 - 0.4888 *  x[2]^1.0 + 2.3941 * 1

2019-05-03-05-18-14   >>>>   End verify ranking function

verifying time = 7.471 ms


Not Found Ranking Fcuntion

Conterexample is 

[-9766, 0, 0]

sampling time = 1.025 ms


       ########################################         

iteration 5 with 230 examples

2019-05-03-05-18-14   >>>>   Start train ranking function

2019-05-03-05-18-14   >>>>   End train ranking function

train_ranking_functioning time = 2.901 ms


2019-05-03-05-18-14   >>>>   Start verify ranking function

[xr_1 = -12578/709, xr_2 = 0, xr_0 = 0]
ranking function : 0.0372 *  x[0]^1.0 - 0.1507 *  x[1]^1.0 - 0.1081 *  x[2]^1.0 + 1.2445 * 1

2019-05-03-05-18-14   >>>>   End verify ranking function

verifying time = 7.614 ms


Not Found Ranking Fcuntion

Conterexample is 

[0, -17.740479548660083, 0]

sampling time = 1.040 ms


       ########################################         

iteration 6 with 232 examples

2019-05-03-05-18-14   >>>>   Start train ranking function

2019-05-03-05-18-14   >>>>   End train ranking function

train_ranking_functioning time = 3.079 ms


2019-05-03-05-18-14   >>>>   Start verify ranking function

[xr_1 = 0, xr_2 = 0, xr_0 = 1553/33]
ranking function : 0.0712 *  x[0]^1.0 - 0.1349 *  x[1]^1.0 - 0.1085 *  x[2]^1.0 + 1.2531 * 1

2019-05-03-05-18-14   >>>>   End verify ranking function

verifying time = 7.550 ms


Not Found Ranking Fcuntion

Conterexample is 

[47.06060606060606, 0, 0]

sampling time = 1.047 ms


       ########################################         

iteration 7 with 234 examples

2019-05-03-05-18-14   >>>>   Start train ranking function

2019-05-03-05-18-14   >>>>   End train ranking function

train_ranking_functioning time = 3.274 ms


2019-05-03-05-18-14   >>>>   Start verify ranking function

[xr_1 = 0, xr_2 = 0, xr_0 = 2092/35]
ranking function : 0.0745 *  x[0]^1.0 - 0.1386 *  x[1]^1.0 - 0.1176 *  x[2]^1.0 + 1.2779 * 1

2019-05-03-05-18-14   >>>>   End verify ranking function

verifying time = 7.698 ms


Not Found Ranking Fcuntion

Conterexample is 

[59.77142857142857, 0, 0]

sampling time = 1.025 ms


       ########################################         

iteration 8 with 236 examples

2019-05-03-05-18-14   >>>>   Start train ranking function

2019-05-03-05-18-14   >>>>   End train ranking function

train_ranking_functioning time = 3.359 ms


2019-05-03-05-18-14   >>>>   Start verify ranking function

[xr_1 = -12526/321, xr_2 = 0, xr_0 = 0]
ranking function : 0.0841 *  x[0]^1.0 - 0.1374 *  x[1]^1.0 - 0.1162 *  x[2]^1.0 + 1.2681 * 1

2019-05-03-05-18-14   >>>>   End verify ranking function

verifying time = 7.623 ms


Not Found Ranking Fcuntion

Conterexample is 

[0, -39.021806853582554, 0]

sampling time = 1.025 ms


       ########################################         

iteration 9 with 238 examples

2019-05-03-05-18-14   >>>>   Start train ranking function

2019-05-03-05-18-14   >>>>   End train ranking function

train_ranking_functioning time = 3.660 ms


2019-05-03-05-18-14   >>>>   Start verify ranking function

[xr_1 = -389/17, xr_2 = 0, xr_0 = 0]
ranking function : 0.0777 *  x[0]^1.0 - 0.1509 *  x[1]^1.0 - 0.1338 *  x[2]^1.0 + 1.3116 * 1

2019-05-03-05-18-14   >>>>   End verify ranking function

verifying time = 7.635 ms


Not Found Ranking Fcuntion

Conterexample is 

[0, -22.88235294117647, 0]

sampling time = 1.034 ms


       ########################################         

iteration 10 with 240 examples

2019-05-03-05-18-14   >>>>   Start train ranking function

2019-05-03-05-18-14   >>>>   End train ranking function

train_ranking_functioning time = 4.128 ms


2019-05-03-05-18-14   >>>>   Start verify ranking function

[xr_1 = 0, xr_2 = 0, xr_0 = 13279/577]
ranking function : 0.1358 *  x[0]^1.0 - 0.1933 *  x[1]^1.0 - 0.1356 *  x[2]^1.0 + 1.3746 * 1

2019-05-03-05-18-14   >>>>   End verify ranking function

verifying time = 7.731 ms


Not Found Ranking Fcuntion

Conterexample is 

[23.013864818024263, 0, 0]

sampling time = 1.032 ms


       ########################################         

iteration 11 with 242 examples

2019-05-03-05-18-14   >>>>   Start train ranking function

2019-05-03-05-18-14   >>>>   End train ranking function

train_ranking_functioning time = 4.202 ms


2019-05-03-05-18-14   >>>>   Start verify ranking function

[xr_1 = -13299/958, xr_2 = 0, xr_0 = 0]
ranking function : 0.0646 *  x[0]^1.0 - 0.1705 *  x[1]^1.0 - 0.1604 *  x[2]^1.0 + 1.3791 * 1

2019-05-03-05-18-14   >>>>   End verify ranking function

verifying time = 7.672 ms


Not Found Ranking Fcuntion

Conterexample is 

[0, -13.882045929018789, 0]

sampling time = 1.033 ms


       ########################################         

iteration 12 with 244 examples

2019-05-03-05-18-14   >>>>   Start train ranking function

2019-05-03-05-18-14   >>>>   End train ranking function

train_ranking_functioning time = 4.225 ms


2019-05-03-05-18-14   >>>>   Start verify ranking function

[xr_1 = 0, xr_2 = 0, xr_0 = 3339/31]
ranking function : 0.1164 *  x[0]^1.0 - 0.1745 *  x[1]^1.0 - 0.1621 *  x[2]^1.0 + 1.3939 * 1

2019-05-03-05-18-14   >>>>   End verify ranking function

verifying time = 7.583 ms

