------Using Template 0 -----------
4 [4]
*****************************************************

2019-05-02-09-18-01   >>>>   End sampling point

sampling time = 9.837 ms,


       ########################################         

iteration 0 with 4 examples

2019-05-02-09-18-01   >>>>   Start train ranking function

2019-05-02-09-18-01   >>>>   End train ranking function

train_ranking_functioning time = 0.459 ms


2019-05-02-09-18-01   >>>>   Start verify ranking function

ranking function : 0.1286 *  x[0]^1.0 - 0.1918 *  x[1]^1.0 - 0.1044 *  x[2]^1.0 + 0.7204 * 1

2019-05-02-09-18-01   >>>>   End verify ranking function

verifying time = 9.212 ms


Not Found Ranking Fcuntion

Conterexample is 

[1, -2, 21.385057471264368]

sampling time = 1.070 ms


       ########################################         

iteration 1 with 6 examples

2019-05-02-09-18-01   >>>>   Start train ranking function

2019-05-02-09-18-01   >>>>   End train ranking function

train_ranking_functioning time = 0.473 ms


2019-05-02-09-18-01   >>>>   Start verify ranking function

[xr_1 = -2, xr_2 = 18193/258, xr_0 = 1]
ranking function : 0.3629 *  x[0]^1.0 + 0.2958 *  x[1]^1.0 + 0.0043 *  x[2]^1.0 + 0.9579 * 1

2019-05-02-09-18-01   >>>>   End verify ranking function

verifying time = 7.969 ms


Not Found Ranking Fcuntion

Conterexample is 

[1, -2, 70.51550387596899]

sampling time = 1.013 ms


       ########################################         

iteration 2 with 8 examples

2019-05-02-09-18-01   >>>>   Start train ranking function

2019-05-02-09-18-01   >>>>   End train ranking function

train_ranking_functioning time = 0.578 ms


2019-05-02-09-18-01   >>>>   Start verify ranking function

[xr_1 = -2, xr_2 = 17827/42, xr_0 = 1]
ranking function : 0.3695 *  x[0]^1.0 + 0.2883 *  x[1]^1.0 + 0.0007 *  x[2]^1.0 + 0.9615 * 1

2019-05-02-09-18-01   >>>>   End verify ranking function

verifying time = 7.741 ms


Not Found Ranking Fcuntion

Conterexample is 

[1, -2, 424.45238095238096]

sampling time = 1.051 ms


       ########################################         

iteration 3 with 10 examples

2019-05-02-09-18-01   >>>>   Start train ranking function

2019-05-02-09-18-01   >>>>   End train ranking function

train_ranking_functioning time = 0.583 ms


2019-05-02-09-18-01   >>>>   Start verify ranking function

[xr_1 = -2, xr_2 = 5935/72, xr_0 = 1]
ranking function : 0.3673 *  x[0]^1.0 + 0.2872 *  x[1]^1.0 + 0.0036 *  x[2]^1.0 + 0.9595 * 1

2019-05-02-09-18-01   >>>>   End verify ranking function

verifying time = 7.736 ms


Not Found Ranking Fcuntion

Conterexample is 

[1, -2, 82.43055555555556]

sampling time = 1.013 ms


       ########################################         

iteration 4 with 12 examples

2019-05-02-09-18-01   >>>>   Start train ranking function

2019-05-02-09-18-01   >>>>   End train ranking function

train_ranking_functioning time = 0.652 ms


2019-05-02-09-18-01   >>>>   Start verify ranking function

ranking function : 0.3712 *  x[0]^1.0 + 0.2881 *  x[1]^1.0 - 0.0005 *  x[2]^1.0 + 0.9622 * 1

2019-05-02-09-18-01   >>>>   End verify ranking function

verifying time = 8.810 ms


Not Found Ranking Fcuntion

Conterexample is 

[1, -2, 3514.4]

sampling time = 1.022 ms


       ########################################         

iteration 5 with 14 examples

2019-05-02-09-18-01   >>>>   Start train ranking function

2019-05-02-09-18-01   >>>>   End train ranking function

train_ranking_functioning time = 0.676 ms


2019-05-02-09-18-01   >>>>   Start verify ranking function

[xr_1 = -2, xr_2 = 17795/36, xr_0 = 1]
ranking function : 0.3699 *  x[0]^1.0 + 0.2876 *  x[1]^1.0 + 0.0006 *  x[2]^1.0 + 0.961 * 1

2019-05-02-09-18-01   >>>>   End verify ranking function

verifying time = 7.754 ms


Not Found Ranking Fcuntion

Conterexample is 

[1, -2, 494.30555555555554]

sampling time = 1.013 ms


       ########################################         

iteration 6 with 16 examples

2019-05-02-09-18-01   >>>>   Start train ranking function

2019-05-02-09-18-01   >>>>   End train ranking function

train_ranking_functioning time = 0.764 ms


2019-05-02-09-18-01   >>>>   Start verify ranking function

[xr_1 = -2, xr_2 = 393/4, xr_0 = 1]
ranking function : 0.3721 *  x[0]^1.0 + 0.2854 *  x[1]^1.0 + 0.003 *  x[2]^1.0 + 0.9624 * 1

2019-05-02-09-18-01   >>>>   End verify ranking function

verifying time = 7.877 ms


Not Found Ranking Fcuntion

Conterexample is 

[1, -2, 98.25]

sampling time = 1.011 ms


       ########################################         

iteration 7 with 18 examples

2019-05-02-09-18-01   >>>>   Start train ranking function

2019-05-02-09-18-01   >>>>   End train ranking function

train_ranking_functioning time = 0.791 ms


2019-05-02-09-18-01   >>>>   Start verify ranking function

[xr_1 = -2, xr_2 = 5923/22, xr_0 = 1]
ranking function : 0.3729 *  x[0]^1.0 + 0.2877 *  x[1]^1.0 + 0.0011 *  x[2]^1.0 + 0.9633 * 1

2019-05-02-09-18-01   >>>>   End verify ranking function

verifying time = 7.791 ms


Not Found Ranking Fcuntion

Conterexample is 

[1, -2, 269.22727272727275]

sampling time = 1.014 ms


       ########################################         

iteration 8 with 20 examples

2019-05-02-09-18-01   >>>>   Start train ranking function

2019-05-02-09-18-01   >>>>   End train ranking function

train_ranking_functioning time = 0.908 ms


2019-05-02-09-18-01   >>>>   Start verify ranking function

ranking function : 0.3741 *  x[0]^1.0 + 0.2848 *  x[1]^1.0 + 0.963 * 1

2019-05-02-09-18-01   >>>>   End verify ranking function

verifying time = 8.740 ms


Not Found Ranking Fcuntion

Conterexample is 

[1, -8.206109550561798, 9.206109550561798]

sampling time = 1.024 ms


       ########################################         

iteration 9 with 22 examples

2019-05-02-09-18-01   >>>>   Start train ranking function

2019-05-02-09-18-01   >>>>   End train ranking function

train_ranking_functioning time = 0.859 ms


2019-05-02-09-18-01   >>>>   Start verify ranking function

[xr_1 = -2, xr_2 = 13295/36, xr_0 = 1]
ranking function :  - 0.1561 *  x[0]^1.0 + 0.0436 *  x[1]^1.0 + 0.0006 *  x[2]^1.0 + 1.1713 * 1

2019-05-02-09-18-01   >>>>   End verify ranking function

verifying time = 8.150 ms


Not Found Ranking Fcuntion

Conterexample is 

[1, -2, 369.30555555555554]

sampling time = 1.742 ms


       ########################################         

iteration 10 with 24 examples

2019-05-02-09-18-01   >>>>   Start train ranking function

2019-05-02-09-18-01   >>>>   End train ranking function

train_ranking_functioning time = 0.971 ms


2019-05-02-09-18-01   >>>>   Start verify ranking function

[xr_1 = -2, xr_2 = 2230/7, xr_0 = 1]
ranking function :  - 0.163 *  x[0]^1.0 + 0.044 *  x[1]^1.0 + 0.0007 *  x[2]^1.0 + 1.1713 * 1

2019-05-02-09-18-01   >>>>   End verify ranking function

verifying time = 7.792 ms


Not Found Ranking Fcuntion

Conterexample is 

[1, -2, 318.57142857142856]

sampling time = 1.283 ms


       ########################################         

iteration 11 with 26 examples

2019-05-02-09-18-01   >>>>   Start train ranking function

2019-05-02-09-18-01   >>>>   End train ranking function

train_ranking_functioning time = 0.996 ms


2019-05-02-09-18-01   >>>>   Start verify ranking function

[xr_1 = -2, xr_2 = 13349/12, xr_0 = 1]
ranking function :  - 0.1647 *  x[0]^1.0 + 0.0428 *  x[1]^1.0 + 0.0002 *  x[2]^1.0 + 1.1703 * 1

2019-05-02-09-18-01   >>>>   End verify ranking function

verifying time = 7.778 ms


Not Found Ranking Fcuntion

Conterexample is 

[1, -2, 1112.4166666666667]

sampling time = 1.021 ms


       ########################################         

iteration 12 with 28 examples

2019-05-02-09-18-01   >>>>   Start train ranking function

2019-05-02-09-18-01   >>>>   End train ranking function

train_ranking_functioning time = 0.997 ms


2019-05-02-09-18-01   >>>>   Start verify ranking function

ranking function :  - 0.168 *  x[0]^1.0 + 0.043 *  x[1]^1.0 - 0.0014 *  x[2]^1.0 + 1.1662 * 1

2019-05-02-09-18-01   >>>>   End verify ranking function

verifying time = 8.773 ms


Not Found Ranking Fcuntion

Conterexample is 

[1, -2, 1365.857142857143]

sampling time = 1.092 ms


       ########################################         

iteration 13 with 30 examples

2019-05-02-09-18-01   >>>>   Start train ranking function

2019-05-02-09-18-01   >>>>   End train ranking function

train_ranking_functioning time = 1.298 ms


2019-05-02-09-18-01   >>>>   Start verify ranking function

[xr_1 = -2, xr_2 = 13421/12, xr_0 = 1]
ranking function :  - 0.1671 *  x[0]^1.0 + 0.044 *  x[1]^1.0 + 0.0002 *  x[2]^1.0 + 1.1685 * 1

2019-05-02-09-18-01   >>>>   End verify ranking function

verifying time = 8.456 ms


Not Found Ranking Fcuntion

Conterexample is 

[1, -2, 1118.4166666666667]

sampling time = 1.391 ms


       ########################################         

iteration 14 with 32 examples

2019-05-02-09-18-01   >>>>   Start train ranking function

2019-05-02-09-18-01   >>>>   End train ranking function

train_ranking_functioning time = 1.484 ms


2019-05-02-09-18-01   >>>>   Start verify ranking function

ranking function :  - 0.1664 *  x[0]^1.0 + 0.0409 *  x[1]^1.0 - 0.0013 *  x[2]^1.0 + 1.1702 * 1

2019-05-02-09-18-01   >>>>   End verify ranking function

verifying time = 9.176 ms


Not Found Ranking Fcuntion

Conterexample is 

[1, -2, 1478.4615384615386]

sampling time = 1.056 ms


       ########################################         

iteration 15 with 34 examples

2019-05-02-09-18-01   >>>>   Start train ranking function

2019-05-02-09-18-01   >>>>   End train ranking function

train_ranking_functioning time = 1.264 ms


2019-05-02-09-18-01   >>>>   Start verify ranking function

[xr_1 = -2, xr_2 = 3349/15, xr_0 = 1]
ranking function :  - 0.1694 *  x[0]^1.0 + 0.0428 *  x[1]^1.0 + 0.001 *  x[2]^1.0 + 1.1677 * 1

2019-05-02-09-18-01   >>>>   End verify ranking function

verifying time = 8.836 ms


Not Found Ranking Fcuntion

Conterexample is 

[1, -2, 223.26666666666668]

sampling time = 1.029 ms


       ########################################         

iteration 16 with 36 examples

2019-05-02-09-18-01   >>>>   Start train ranking function

2019-05-02-09-18-01   >>>>   End train ranking function

train_ranking_functioning time = 1.310 ms


2019-05-02-09-18-01   >>>>   Start verify ranking function

ranking function :  - 0.1686 *  x[0]^1.0 + 0.0448 *  x[1]^1.0 - 0.0005 *  x[2]^1.0 + 1.1672 * 1

2019-05-02-09-18-01   >>>>   End verify ranking function

verifying time = 8.852 ms


Not Found Ranking Fcuntion

Conterexample is 

[1, -2, 3818]

sampling time = 1.016 ms


       ########################################         

iteration 17 with 38 examples

2019-05-02-09-18-01   >>>>   Start train ranking function

2019-05-02-09-18-02   >>>>   End train ranking function

train_ranking_functioning time = 1.415 ms


2019-05-02-09-18-02   >>>>   Start verify ranking function

[xr_1 = -2, xr_2 = 6721/9, xr_0 = 1]
ranking function :  - 0.1708 *  x[0]^1.0 + 0.0436 *  x[1]^1.0 + 0.0003 *  x[2]^1.0 + 1.1695 * 1

2019-05-02-09-18-02   >>>>   End verify ranking function

verifying time = 8.499 ms


Not Found Ranking Fcuntion

Conterexample is 

[1, -2, 746.7777777777778]

sampling time = 1.128 ms


       ########################################         

iteration 18 with 40 examples

2019-05-02-09-18-02   >>>>   Start train ranking function

2019-05-02-09-18-02   >>>>   End train ranking function

train_ranking_functioning time = 1.397 ms


2019-05-02-09-18-02   >>>>   Start verify ranking function

[xr_1 = -2, xr_2 = 6712/3, xr_0 = 1]
ranking function :  - 0.1726 *  x[0]^1.0 + 0.0427 *  x[1]^1.0 + 0.0001 *  x[2]^1.0 + 1.171 * 1

2019-05-02-09-18-02   >>>>   End verify ranking function

verifying time = 7.953 ms


Not Found Ranking Fcuntion

Conterexample is 

[1, -2, 2237.3333333333335]

sampling time = 1.051 ms


       ########################################         

iteration 19 with 42 examples

2019-05-02-09-18-02   >>>>   Start train ranking function

2019-05-02-09-18-02   >>>>   End train ranking function

train_ranking_functioning time = 1.487 ms


2019-05-02-09-18-02   >>>>   Start verify ranking function

[xr_1 = -2, xr_2 = 6755/3, xr_0 = 1]
ranking function :  - 0.1732 *  x[0]^1.0 + 0.0447 *  x[1]^1.0 + 0.0001 *  x[2]^1.0 + 1.1686 * 1

2019-05-02-09-18-02   >>>>   End verify ranking function

verifying time = 7.912 ms


Not Found Ranking Fcuntion

Conterexample is 

[1, -2, 2251.6666666666665]

sampling time = 1.051 ms


       ########################################         

iteration 20 with 44 examples

2019-05-02-09-18-02   >>>>   Start train ranking function

2019-05-02-09-18-02   >>>>   End train ranking function

train_ranking_functioning time = 1.482 ms


2019-05-02-09-18-02   >>>>   Start verify ranking function

ranking function :  - 0.1715 *  x[0]^1.0 + 0.0449 *  x[1]^1.0 - 0.0015 *  x[2]^1.0 + 1.1695 * 1

2019-05-02-09-18-02   >>>>   End verify ranking function

verifying time = 8.842 ms


Not Found Ranking Fcuntion

Conterexample is 

[1, -2, 1272.1333333333334]

sampling time = 1.018 ms


       ########################################         

iteration 21 with 46 examples

2019-05-02-09-18-02   >>>>   Start train ranking function

2019-05-02-09-18-02   >>>>   End train ranking function

train_ranking_functioning time = 1.562 ms


2019-05-02-09-18-02   >>>>   Start verify ranking function

[xr_1 = -2, xr_2 = 4499/2, xr_0 = 1]
ranking function :  - 0.1739 *  x[0]^1.0 + 0.0442 *  x[1]^1.0 + 0.0001 *  x[2]^1.0 + 1.1683 * 1

2019-05-02-09-18-02   >>>>   End verify ranking function

verifying time = 7.921 ms


Not Found Ranking Fcuntion

Conterexample is 

[1, -2, 2249.5]

sampling time = 1.008 ms


       ########################################         

iteration 22 with 48 examples

2019-05-02-09-18-02   >>>>   Start train ranking function

2019-05-02-09-18-02   >>>>   End train ranking function

train_ranking_functioning time = 1.592 ms


2019-05-02-09-18-02   >>>>   Start verify ranking function

[xr_1 = -2, xr_2 = 6718/3, xr_0 = 1]
ranking function :  - 0.173 *  x[0]^1.0 + 0.0429 *  x[1]^1.0 + 0.0001 *  x[2]^1.0 + 1.1701 * 1

2019-05-02-09-18-02   >>>>   End verify ranking function

verifying time = 7.835 ms


Not Found Ranking Fcuntion

Conterexample is 

[1, -2, 2239.3333333333335]

sampling time = 1.061 ms


       ########################################         

iteration 23 with 50 examples

2019-05-02-09-18-02   >>>>   Start train ranking function

2019-05-02-09-18-02   >>>>   End train ranking function

train_ranking_functioning time = 1.677 ms


2019-05-02-09-18-02   >>>>   Start verify ranking function

ranking function :  - 0.174 *  x[0]^1.0 + 0.0445 *  x[1]^1.0 + 1.1684 * 1

2019-05-02-09-18-02   >>>>   End verify ranking function

verifying time = 8.791 ms


Not Found Ranking Fcuntion

Conterexample is 

[1, -44.81797752808989, 45.81797752808989]

sampling time = 1.016 ms


       ########################################         

iteration 24 with 52 examples

2019-05-02-09-18-02   >>>>   Start train ranking function

2019-05-02-09-18-02   >>>>   End train ranking function

train_ranking_functioning time = 1.761 ms


2019-05-02-09-18-02   >>>>   Start verify ranking function

[xr_1 = -2, xr_2 = 6640/141, xr_0 = 1]
ranking function :  - 0.319 *  x[0]^1.0 + 0.0025 *  x[1]^1.0 + 0.0047 *  x[2]^1.0 + 1.1681 * 1

2019-05-02-09-18-02   >>>>   End verify ranking function

verifying time = 7.873 ms


Not Found Ranking Fcuntion

Conterexample is 

[1, -2, 47.09219858156028]

sampling time = 1.018 ms


Failed to prove it is terminated

UNKNOWN
------Using Template 1 -----------
1 [1]
*****************************************************

2019-05-02-09-18-02   >>>>   End sampling point

sampling time = 8.343 ms,


       ########################################         

iteration 0 with 4 examples

2019-05-02-09-18-02   >>>>   Start train ranking function

2019-05-02-09-18-02   >>>>   End train ranking function

train_ranking_functioning time = 0.302 ms


2019-05-02-09-18-02   >>>>   Start verify ranking function

[xr_1 = -23/8, xr_2 = 4, xr_0 = 7/4]
ranking function : 0.1473 *  x[0]^-2.0 *  x[1]^-0.5 *  x[2]^-3.0

2019-05-02-09-18-02   >>>>   End verify ranking function

verifying time = 27.038 ms


Not Found Ranking Fcuntion

Conterexample is 

[1.75, -2.875, 4]

sampling time = 0.399 ms


       ########################################         

iteration 1 with 6 examples

2019-05-02-09-18-02   >>>>   Start train ranking function

2019-05-02-09-18-02   >>>>   End train ranking function

train_ranking_functioning time = 0.457 ms


2019-05-02-09-18-02   >>>>   Start verify ranking function

[xr_1 = -23/8, xr_2 = 4, xr_0 = 7/4]
ranking function : 0.1676 *  x[0]^-2.0 *  x[1]^-0.5 *  x[2]^-3.0

2019-05-02-09-18-02   >>>>   End verify ranking function

verifying time = 25.508 ms


Not Found Ranking Fcuntion

Conterexample is 

[1.75, -2.875, 4]

sampling time = 0.543 ms


       ########################################         

iteration 2 with 8 examples

2019-05-02-09-18-02   >>>>   Start train ranking function

2019-05-02-09-18-02   >>>>   End train ranking function

train_ranking_functioning time = 0.360 ms


2019-05-02-09-18-02   >>>>   Start verify ranking function

[xr_1 = -23/8, xr_2 = 4, xr_0 = 7/4]
ranking function : 0.1878 *  x[0]^-2.0 *  x[1]^-0.5 *  x[2]^-3.0

2019-05-02-09-18-02   >>>>   End verify ranking function

verifying time = 18.036 ms


Not Found Ranking Fcuntion

Conterexample is 

[1.75, -2.875, 4]

sampling time = 0.378 ms


       ########################################         

iteration 3 with 10 examples

2019-05-02-09-18-02   >>>>   Start train ranking function

2019-05-02-09-18-02   >>>>   End train ranking function

train_ranking_functioning time = 0.299 ms


2019-05-02-09-18-02   >>>>   Start verify ranking function

[xr_1 = -47/16, xr_2 = 4, xr_0 = 15/8]
ranking function : 0.2081 *  x[0]^-2.0 *  x[1]^-0.5 *  x[2]^-3.0

2019-05-02-09-18-02   >>>>   End verify ranking function

verifying time = 19.292 ms


Not Found Ranking Fcuntion

Conterexample is 

[1.875, -2.9375, 4]

sampling time = 0.383 ms


       ########################################         

iteration 4 with 12 examples

2019-05-02-09-18-02   >>>>   Start train ranking function

2019-05-02-09-18-02   >>>>   End train ranking function

train_ranking_functioning time = 0.298 ms


2019-05-02-09-18-02   >>>>   Start verify ranking function

[xr_1 = -95/32, xr_2 = 4, xr_0 = 31/16]
ranking function : 0.2257 *  x[0]^-2.0 *  x[1]^-0.5 *  x[2]^-3.0

2019-05-02-09-18-02   >>>>   End verify ranking function

verifying time = 24.517 ms


Not Found Ranking Fcuntion

Conterexample is 

[1.9375, -2.96875, 4]

sampling time = 0.390 ms


       ########################################         

iteration 5 with 14 examples

2019-05-02-09-18-02   >>>>   Start train ranking function

2019-05-02-09-18-02   >>>>   End train ranking function

train_ranking_functioning time = 0.301 ms


2019-05-02-09-18-02   >>>>   Start verify ranking function

[xr_1 = -191/64, xr_2 = 4, xr_0 = 63/32]
ranking function : 0.2423 *  x[0]^-2.0 *  x[1]^-0.5 *  x[2]^-3.0

2019-05-02-09-18-02   >>>>   End verify ranking function

verifying time = 33.554 ms


Not Found Ranking Fcuntion

Conterexample is 

[1.96875, -2.984375, 4]

sampling time = 0.391 ms


       ########################################         

iteration 6 with 16 examples

2019-05-02-09-18-02   >>>>   Start train ranking function

2019-05-02-09-18-02   >>>>   End train ranking function

train_ranking_functioning time = 0.342 ms


2019-05-02-09-18-02   >>>>   Start verify ranking function

[xr_1 = -6, xr_2 = 8, xr_0 = 2]
ranking function : 0.2583 *  x[0]^-2.0 *  x[1]^-0.5 *  x[2]^-3.0

2019-05-02-09-18-02   >>>>   End verify ranking function

verifying time = 52.558 ms


Not Found Ranking Fcuntion

Conterexample is 

[2, -6, 8]

sampling time = 0.382 ms


       ########################################         

iteration 7 with 18 examples

2019-05-02-09-18-02   >>>>   Start train ranking function

2019-05-02-09-18-02   >>>>   End train ranking function

train_ranking_functioning time = 0.306 ms


2019-05-02-09-18-02   >>>>   Start verify ranking function

[xr_1 = -6, xr_2 = 8, xr_0 = 2]
ranking function : 0.2602 *  x[0]^-2.0 *  x[1]^-0.5 *  x[2]^-3.0

2019-05-02-09-18-02   >>>>   End verify ranking function

verifying time = 17.106 ms


Not Found Ranking Fcuntion

Conterexample is 

[2, -6, 8]

sampling time = 0.434 ms


       ########################################         

iteration 8 with 20 examples

2019-05-02-09-18-02   >>>>   Start train ranking function

2019-05-02-09-18-02   >>>>   End train ranking function

train_ranking_functioning time = 0.306 ms


2019-05-02-09-18-02   >>>>   Start verify ranking function

[xr_1 = -6, xr_2 = 8, xr_0 = 2]
ranking function : 0.2622 *  x[0]^-2.0 *  x[1]^-0.5 *  x[2]^-3.0

2019-05-02-09-18-02   >>>>   End verify ranking function

verifying time = 23.958 ms


Not Found Ranking Fcuntion

Conterexample is 

[2, -6, 8]

sampling time = 0.384 ms


       ########################################         

iteration 9 with 22 examples

2019-05-02-09-18-02   >>>>   Start train ranking function

2019-05-02-09-18-02   >>>>   End train ranking function

train_ranking_functioning time = 0.308 ms


2019-05-02-09-18-02   >>>>   Start verify ranking function

[xr_1 = -6, xr_2 = 8, xr_0 = 2]
ranking function : 0.2641 *  x[0]^-2.0 *  x[1]^-0.5 *  x[2]^-3.0

2019-05-02-09-18-02   >>>>   End verify ranking function

verifying time = 24.927 ms


Not Found Ranking Fcuntion

Conterexample is 

[2, -6, 8]

sampling time = 0.392 ms


       ########################################         

iteration 10 with 24 examples

2019-05-02-09-18-02   >>>>   Start train ranking function

2019-05-02-09-18-02   >>>>   End train ranking function

train_ranking_functioning time = 0.333 ms


2019-05-02-09-18-02   >>>>   Start verify ranking function

[xr_1 = -6, xr_2 = 8, xr_0 = 2]
ranking function : 0.266 *  x[0]^-2.0 *  x[1]^-0.5 *  x[2]^-3.0

2019-05-02-09-18-02   >>>>   End verify ranking function

verifying time = 18.477 ms


Not Found Ranking Fcuntion

Conterexample is 

[2, -6, 8]

sampling time = 0.387 ms


       ########################################         

iteration 11 with 26 examples

2019-05-02-09-18-02   >>>>   Start train ranking function

2019-05-02-09-18-02   >>>>   End train ranking function

train_ranking_functioning time = 0.308 ms


2019-05-02-09-18-02   >>>>   Start verify ranking function

[xr_1 = -6, xr_2 = 8, xr_0 = 2]
ranking function : 0.268 *  x[0]^-2.0 *  x[1]^-0.5 *  x[2]^-3.0

2019-05-02-09-18-02   >>>>   End verify ranking function

verifying time = 18.611 ms


Not Found Ranking Fcuntion

Conterexample is 

[2, -6, 8]

sampling time = 0.384 ms


       ########################################         

iteration 12 with 28 examples

2019-05-02-09-18-02   >>>>   Start train ranking function

2019-05-02-09-18-02   >>>>   End train ranking function

train_ranking_functioning time = 0.315 ms


2019-05-02-09-18-02   >>>>   Start verify ranking function

[xr_1 = -6, xr_2 = 8, xr_0 = 2]
ranking function : 0.2699 *  x[0]^-2.0 *  x[1]^-0.5 *  x[2]^-3.0

2019-05-02-09-18-02   >>>>   End verify ranking function

verifying time = 51.394 ms


Not Found Ranking Fcuntion

Conterexample is 

[2, -6, 8]

sampling time = 0.428 ms


       ########################################         

iteration 13 with 30 examples

2019-05-02-09-18-02   >>>>   Start train ranking function

2019-05-02-09-18-02   >>>>   End train ranking function

train_ranking_functioning time = 0.311 ms


2019-05-02-09-18-02   >>>>   Start verify ranking function

[xr_1 = -6, xr_2 = 8, xr_0 = 2]
ranking function : 0.2719 *  x[0]^-2.0 *  x[1]^-0.5 *  x[2]^-3.0

2019-05-02-09-18-02   >>>>   End verify ranking function

verifying time = 36.774 ms


Not Found Ranking Fcuntion

Conterexample is 

[2, -6, 8]

sampling time = 0.395 ms


       ########################################         

iteration 14 with 32 examples

2019-05-02-09-18-02   >>>>   Start train ranking function

2019-05-02-09-18-02   >>>>   End train ranking function

train_ranking_functioning time = 0.315 ms


2019-05-02-09-18-02   >>>>   Start verify ranking function

[xr_1 = -6, xr_2 = 8, xr_0 = 2]
ranking function : 0.2738 *  x[0]^-2.0 *  x[1]^-0.5 *  x[2]^-3.0

2019-05-02-09-18-02   >>>>   End verify ranking function

verifying time = 18.681 ms


Not Found Ranking Fcuntion

Conterexample is 

[2, -6, 8]

sampling time = 0.424 ms


       ########################################         

iteration 15 with 34 examples

2019-05-02-09-18-02   >>>>   Start train ranking function

2019-05-02-09-18-02   >>>>   End train ranking function

train_ranking_functioning time = 0.423 ms


2019-05-02-09-18-02   >>>>   Start verify ranking function

[xr_1 = -6, xr_2 = 8, xr_0 = 2]
ranking function : 0.2757 *  x[0]^-2.0 *  x[1]^-0.5 *  x[2]^-3.0

2019-05-02-09-18-02   >>>>   End verify ranking function

verifying time = 21.455 ms


Not Found Ranking Fcuntion

Conterexample is 

[2, -6, 8]

sampling time = 0.440 ms


       ########################################         

iteration 16 with 36 examples

2019-05-02-09-18-02   >>>>   Start train ranking function

2019-05-02-09-18-02   >>>>   End train ranking function

train_ranking_functioning time = 0.350 ms


2019-05-02-09-18-02   >>>>   Start verify ranking function

[xr_1 = -6, xr_2 = 8, xr_0 = 2]
ranking function : 0.2777 *  x[0]^-2.0 *  x[1]^-0.5 *  x[2]^-3.0

2019-05-02-09-18-02   >>>>   End verify ranking function

verifying time = 18.137 ms


Not Found Ranking Fcuntion

Conterexample is 

[2, -6, 8]

sampling time = 0.388 ms


       ########################################         

iteration 17 with 38 examples

2019-05-02-09-18-02   >>>>   Start train ranking function

2019-05-02-09-18-02   >>>>   End train ranking function

train_ranking_functioning time = 0.319 ms


2019-05-02-09-18-02   >>>>   Start verify ranking function

[xr_1 = -6, xr_2 = 8, xr_0 = 2]
ranking function : 0.2796 *  x[0]^-2.0 *  x[1]^-0.5 *  x[2]^-3.0

2019-05-02-09-18-02   >>>>   End verify ranking function

verifying time = 16.817 ms


Not Found Ranking Fcuntion

Conterexample is 

[2, -6, 8]

sampling time = 0.392 ms


       ########################################         

iteration 18 with 40 examples

2019-05-02-09-18-02   >>>>   Start train ranking function

2019-05-02-09-18-02   >>>>   End train ranking function

train_ranking_functioning time = 0.317 ms


2019-05-02-09-18-02   >>>>   Start verify ranking function

[xr_1 = -6, xr_2 = 8, xr_0 = 2]
ranking function : 0.2816 *  x[0]^-2.0 *  x[1]^-0.5 *  x[2]^-3.0

2019-05-02-09-18-02   >>>>   End verify ranking function

verifying time = 25.445 ms


Not Found Ranking Fcuntion

Conterexample is 

[2, -6, 8]

sampling time = 0.392 ms


       ########################################         

iteration 19 with 42 examples

2019-05-02-09-18-02   >>>>   Start train ranking function

2019-05-02-09-18-02   >>>>   End train ranking function

train_ranking_functioning time = 0.318 ms


2019-05-02-09-18-02   >>>>   Start verify ranking function

[xr_1 = -6, xr_2 = 8, xr_0 = 2]
ranking function : 0.2835 *  x[0]^-2.0 *  x[1]^-0.5 *  x[2]^-3.0

2019-05-02-09-18-02   >>>>   End verify ranking function

verifying time = 48.616 ms


Not Found Ranking Fcuntion

Conterexample is 

[2, -6, 8]

sampling time = 0.379 ms


       ########################################         

iteration 20 with 44 examples

2019-05-02-09-18-02   >>>>   Start train ranking function

2019-05-02-09-18-02   >>>>   End train ranking function

train_ranking_functioning time = 0.320 ms


2019-05-02-09-18-02   >>>>   Start verify ranking function

[xr_1 = -6, xr_2 = 8, xr_0 = 2]
ranking function : 0.2854 *  x[0]^-2.0 *  x[1]^-0.5 *  x[2]^-3.0

2019-05-02-09-18-02   >>>>   End verify ranking function

verifying time = 60.030 ms


Not Found Ranking Fcuntion

Conterexample is 

[2, -6, 8]

sampling time = 0.385 ms


       ########################################         

iteration 21 with 46 examples

2019-05-02-09-18-02   >>>>   Start train ranking function

2019-05-02-09-18-02   >>>>   End train ranking function

train_ranking_functioning time = 0.318 ms


2019-05-02-09-18-02   >>>>   Start verify ranking function

[xr_1 = -6, xr_2 = 8, xr_0 = 2]
ranking function : 0.2874 *  x[0]^-2.0 *  x[1]^-0.5 *  x[2]^-3.0

2019-05-02-09-18-02   >>>>   End verify ranking function

verifying time = 16.949 ms


Not Found Ranking Fcuntion

Conterexample is 

[2, -6, 8]

sampling time = 0.383 ms


       ########################################         

iteration 22 with 48 examples

2019-05-02-09-18-02   >>>>   Start train ranking function

2019-05-02-09-18-02   >>>>   End train ranking function

train_ranking_functioning time = 0.319 ms


2019-05-02-09-18-02   >>>>   Start verify ranking function

[xr_1 = -6, xr_2 = 8, xr_0 = 2]
ranking function : 0.2893 *  x[0]^-2.0 *  x[1]^-0.5 *  x[2]^-3.0

2019-05-02-09-18-02   >>>>   End verify ranking function

verifying time = 20.078 ms


Not Found Ranking Fcuntion

Conterexample is 

[2, -6, 8]

sampling time = 0.418 ms


       ########################################         

iteration 23 with 50 examples

2019-05-02-09-18-02   >>>>   Start train ranking function

2019-05-02-09-18-02   >>>>   End train ranking function

train_ranking_functioning time = 0.403 ms


2019-05-02-09-18-02   >>>>   Start verify ranking function

[xr_1 = -6, xr_2 = 8, xr_0 = 2]
ranking function : 0.2913 *  x[0]^-2.0 *  x[1]^-0.5 *  x[2]^-3.0

2019-05-02-09-18-02   >>>>   End verify ranking function

verifying time = 30.169 ms


Not Found Ranking Fcuntion

Conterexample is 

[2, -6, 8]

sampling time = 0.392 ms


       ########################################         

iteration 24 with 52 examples

2019-05-02-09-18-02   >>>>   Start train ranking function

2019-05-02-09-18-02   >>>>   End train ranking function

train_ranking_functioning time = 0.324 ms


2019-05-02-09-18-02   >>>>   Start verify ranking function

[xr_1 = -6, xr_2 = 8, xr_0 = 2]
ranking function : 0.2932 *  x[0]^-2.0 *  x[1]^-0.5 *  x[2]^-3.0

2019-05-02-09-18-02   >>>>   End verify ranking function

verifying time = 47.476 ms


Not Found Ranking Fcuntion

Conterexample is 

[2, -6, 8]

sampling time = 0.395 ms


Failed to prove it is terminated

UNKNOWN
------Using Template 2 -----------
12 [4, 4, 4]
*****************************************************

2019-05-02-09-18-02   >>>>   End sampling point

sampling time = 13.677 ms,


       ########################################         

iteration 0 with 8 examples

2019-05-02-09-18-02   >>>>   Start train ranking function

2019-05-02-09-18-02   >>>>   End train ranking function

train_ranking_functioning time = 0.360 ms


2019-05-02-09-18-02   >>>>   Start verify ranking function

[xr_1 = -20753/446, xr_2 = 21199/446, xr_0 = 20307/446]
ranking function : 0.0019 *  x[0]^1.0 + 0.0043 *  x[1]^1.0 - 0.0546 *  x[2]^1.0 + 0.6686 * 1; 0.0181 *  x[0]^1.0 - 0.0244 *  x[1]^1.0 - 0.0342 *  x[2]^1.0 + 0.6747 * 1; 0.1005 *  x[0]^1.0 - 0.1529 *  x[1]^1.0 - 0.0589 *  x[2]^1.0 + 0.7082 * 1

2019-05-02-09-18-02   >>>>   End verify ranking function

verifying time = 14.824 ms


Not Found Ranking Fcuntion

Conterexample is 

[45.53139013452915, -46.53139013452915, 47.53139013452915]

sampling time = 2.899 ms


       ########################################         

iteration 1 with 12 examples

2019-05-02-09-18-02   >>>>   Start train ranking function

2019-05-02-09-18-02   >>>>   End train ranking function

train_ranking_functioning time = 0.495 ms


2019-05-02-09-18-02   >>>>   Start verify ranking function

[xr_1 = -19933/2, xr_2 = 19935/2, xr_0 = 19931/2]
ranking function : 0.0025 *  x[0]^1.0 + 0.0033 *  x[1]^1.0 - 0.0548 *  x[2]^1.0 + 0.6689 * 1; 0.0496 *  x[0]^1.0 - 0.0415 *  x[1]^1.0 - 0.0396 *  x[2]^1.0 + 0.6706 * 1; 0.0853 *  x[0]^1.0 - 0.147 *  x[1]^1.0 - 0.0546 *  x[2]^1.0 + 0.7139 * 1

2019-05-02-09-18-02   >>>>   End verify ranking function

verifying time = 14.828 ms


Not Found Ranking Fcuntion

Conterexample is 

[9965.5, -9966.5, 9967.5]

sampling time = 3.002 ms


       ########################################         

iteration 2 with 16 examples

2019-05-02-09-18-02   >>>>   Start train ranking function

2019-05-02-09-18-02   >>>>   End train ranking function

train_ranking_functioning time = 0.680 ms


2019-05-02-09-18-02   >>>>   Start verify ranking function

[xr_1 = -19932, xr_2 = 19933, xr_0 = 19931]
ranking function : 0.0025 *  x[0]^1.0 + 0.0033 *  x[1]^1.0 - 0.0548 *  x[2]^1.0 + 0.6689 * 1; 0.0497 *  x[0]^1.0 - 0.0415 *  x[1]^1.0 - 0.0396 *  x[2]^1.0 + 0.6706 * 1; 0.0853 *  x[0]^1.0 - 0.147 *  x[1]^1.0 - 0.0546 *  x[2]^1.0 + 0.7139 * 1

2019-05-02-09-18-02   >>>>   End verify ranking function

verifying time = 14.812 ms


Not Found Ranking Fcuntion

Conterexample is 

[19931, -19932, 19933]

sampling time = 3.061 ms


       ########################################         

iteration 3 with 20 examples

2019-05-02-09-18-02   >>>>   Start train ranking function

2019-05-02-09-18-02   >>>>   End train ranking function

train_ranking_functioning time = 0.731 ms


2019-05-02-09-18-02   >>>>   Start verify ranking function

[xr_1 = -19933/2, xr_2 = 19935/2, xr_0 = 19931/2]
ranking function : 0.0025 *  x[0]^1.0 + 0.0033 *  x[1]^1.0 - 0.0548 *  x[2]^1.0 + 0.6689 * 1; 0.0496 *  x[0]^1.0 - 0.0415 *  x[1]^1.0 - 0.0396 *  x[2]^1.0 + 0.6706 * 1; 0.0853 *  x[0]^1.0 - 0.147 *  x[1]^1.0 - 0.0546 *  x[2]^1.0 + 0.7139 * 1

2019-05-02-09-18-02   >>>>   End verify ranking function

verifying time = 16.420 ms


Not Found Ranking Fcuntion

Conterexample is 

[9965.5, -9966.5, 9967.5]

sampling time = 3.024 ms


       ########################################         

iteration 4 with 24 examples

2019-05-02-09-18-02   >>>>   Start train ranking function

2019-05-02-09-18-02   >>>>   End train ranking function

train_ranking_functioning time = 0.836 ms


2019-05-02-09-18-02   >>>>   Start verify ranking function

ranking function : 0.0025 *  x[0]^1.0 + 0.0033 *  x[1]^1.0 - 0.0548 *  x[2]^1.0 + 0.6689 * 1; 0.0497 *  x[0]^1.0 - 0.0416 *  x[1]^1.0 - 0.0396 *  x[2]^1.0 + 0.6706 * 1; 0.0852 *  x[0]^1.0 - 0.1469 *  x[1]^1.0 - 0.0546 *  x[2]^1.0 + 0.7139 * 1

2019-05-02-09-18-02   >>>>   End verify ranking function

verifying time = 17.238 ms


Not Found Ranking Fcuntion

Conterexample is 

[1, -2, 38.33150183150183]

sampling time = 2.955 ms


       ########################################         

iteration 5 with 28 examples

2019-05-02-09-18-02   >>>>   Start train ranking function

2019-05-02-09-18-02   >>>>   End train ranking function

train_ranking_functioning time = 0.772 ms


2019-05-02-09-18-02   >>>>   Start verify ranking function

[xr_1 = -2, xr_2 = 9817/92, xr_0 = 1]
ranking function : 0.0587 *  x[0]^1.0 - 0.0836 *  x[1]^1.0 - 0.0768 *  x[2]^1.0 + 0.6919 * 1; 0.1215 *  x[0]^1.0 - 0.0919 *  x[1]^1.0 - 0.0424 *  x[2]^1.0 + 0.7323 * 1; 0.1832 *  x[0]^1.0 + 0.0275 *  x[1]^1.0 - 0.004 *  x[2]^1.0 + 0.7934 * 1

2019-05-02-09-18-03   >>>>   End verify ranking function

verifying time = 15.619 ms


Not Found Ranking Fcuntion

Conterexample is 

[1, -2, 106.70652173913044]

sampling time = 2.976 ms


       ########################################         

iteration 6 with 32 examples

2019-05-02-09-18-03   >>>>   Start train ranking function

2019-05-02-09-18-03   >>>>   End train ranking function

train_ranking_functioning time = 0.833 ms


2019-05-02-09-18-03   >>>>   Start verify ranking function

[xr_1 = -2, xr_2 = 1923/25, xr_0 = 1]
ranking function : 0.0828 *  x[0]^1.0 - 0.121 *  x[1]^1.0 - 0.0864 *  x[2]^1.0 + 0.7017 * 1; 0.1164 *  x[0]^1.0 - 0.0224 *  x[1]^1.0 - 0.0202 *  x[2]^1.0 + 0.7405 * 1; 0.1945 *  x[0]^1.0 + 0.0542 *  x[1]^1.0 + 0.0008 *  x[2]^1.0 + 0.8054 * 1

2019-05-02-09-18-03   >>>>   End verify ranking function

verifying time = 15.101 ms


Not Found Ranking Fcuntion

Conterexample is 

[1, -2, 76.92]

sampling time = 2.988 ms


       ########################################         

iteration 7 with 36 examples

2019-05-02-09-18-03   >>>>   Start train ranking function

2019-05-02-09-18-03   >>>>   End train ranking function

train_ranking_functioning time = 0.855 ms


2019-05-02-09-18-03   >>>>   Start verify ranking function

[xr_1 = -2, xr_2 = 19358/45, xr_0 = 1]
ranking function : 0.0913 *  x[0]^1.0 - 0.134 *  x[1]^1.0 - 0.0897 *  x[2]^1.0 + 0.7052 * 1; 0.1169 *  x[0]^1.0 - 0.0027 *  x[1]^1.0 - 0.0142 *  x[2]^1.0 + 0.7441 * 1; 0.2002 *  x[0]^1.0 + 0.0642 *  x[1]^1.0 - 0.0025 *  x[2]^1.0 + 0.8109 * 1

2019-05-02-09-18-03   >>>>   End verify ranking function

verifying time = 11.322 ms


Not Found Ranking Fcuntion

Conterexample is 

[1, -2, 430.1777777777778]

sampling time = 2.961 ms


       ########################################         

iteration 8 with 40 examples

2019-05-02-09-18-03   >>>>   Start train ranking function

2019-05-02-09-18-03   >>>>   End train ranking function

train_ranking_functioning time = 0.939 ms


2019-05-02-09-18-03   >>>>   Start verify ranking function

[xr_1 = -2, xr_2 = 21513/752, xr_0 = 1]
ranking function : 0.1045 *  x[0]^1.0 - 0.1546 *  x[1]^1.0 - 0.095 *  x[2]^1.0 + 0.7106 * 1; 0.114 *  x[0]^1.0 + 0.0355 *  x[1]^1.0 - 0.0033 *  x[2]^1.0 + 0.7487 * 1; 0.2073 *  x[0]^1.0 + 0.0771 *  x[1]^1.0 + 0.0003 *  x[2]^1.0 + 0.8177 * 1

2019-05-02-09-18-03   >>>>   End verify ranking function

verifying time = 11.363 ms


Not Found Ranking Fcuntion

Conterexample is 

[1, -2, 28.607712765957448]

sampling time = 2.936 ms


       ########################################         

iteration 9 with 44 examples

2019-05-02-09-18-03   >>>>   Start train ranking function

2019-05-02-09-18-03   >>>>   End train ranking function

train_ranking_functioning time = 1.044 ms


2019-05-02-09-18-03   >>>>   Start verify ranking function

[xr_1 = -2, xr_2 = 10993/467, xr_0 = 1]
ranking function : 0.1128 *  x[0]^1.0 - 0.1674 *  x[1]^1.0 - 0.0982 *  x[2]^1.0 + 0.714 * 1; 0.122 *  x[0]^1.0 + 0.04 *  x[1]^1.0 - 0.0008 *  x[2]^1.0 + 0.7546 * 1; 0.2255 *  x[0]^1.0 + 0.0769 *  x[1]^1.0 - 0.0002 *  x[2]^1.0 + 0.8299 * 1

2019-05-02-09-18-03   >>>>   End verify ranking function

verifying time = 11.313 ms


Not Found Ranking Fcuntion

Conterexample is 

[1, -2, 23.539614561027836]

sampling time = 2.913 ms


       ########################################         

iteration 10 with 48 examples

2019-05-02-09-18-03   >>>>   Start train ranking function

2019-05-02-09-18-03   >>>>   End train ranking function

train_ranking_functioning time = 1.096 ms


2019-05-02-09-18-03   >>>>   Start verify ranking function

[xr_1 = -2, xr_2 = 22078/981, xr_0 = 1]
ranking function : 0.1186 *  x[0]^1.0 - 0.1764 *  x[1]^1.0 - 0.1005 *  x[2]^1.0 + 0.7163 * 1; 0.1301 *  x[0]^1.0 + 0.0378 *  x[1]^1.0 - 0.0004 *  x[2]^1.0 + 0.7598 * 1; 0.2404 *  x[0]^1.0 + 0.0775 *  x[1]^1.0 - 0.0005 *  x[2]^1.0 + 0.8398 * 1

2019-05-02-09-18-03   >>>>   End verify ranking function

verifying time = 11.333 ms


Not Found Ranking Fcuntion

Conterexample is 

[1, -2, 22.505606523955148]

sampling time = 2.890 ms


       ########################################         

iteration 11 with 52 examples

2019-05-02-09-18-03   >>>>   Start train ranking function

2019-05-02-09-18-03   >>>>   End train ranking function

train_ranking_functioning time = 1.163 ms


2019-05-02-09-18-03   >>>>   Start verify ranking function

[xr_1 = -2, xr_2 = 4450/207, xr_0 = 1]
ranking function : 0.1232 *  x[0]^1.0 - 0.1835 *  x[1]^1.0 - 0.1023 *  x[2]^1.0 + 0.7182 * 1; 0.1356 *  x[0]^1.0 + 0.0383 *  x[1]^1.0 + 0.0002 *  x[2]^1.0 + 0.7634 * 1; 0.2519 *  x[0]^1.0 + 0.0768 *  x[1]^1.0 - 0.0008 *  x[2]^1.0 + 0.8474 * 1

2019-05-02-09-18-03   >>>>   End verify ranking function

verifying time = 11.507 ms


Not Found Ranking Fcuntion

Conterexample is 

[1, -2, 21.497584541062803]

sampling time = 2.972 ms


       ########################################         

iteration 12 with 56 examples

2019-05-02-09-18-03   >>>>   Start train ranking function

2019-05-02-09-18-03   >>>>   End train ranking function

train_ranking_functioning time = 1.372 ms


2019-05-02-09-18-03   >>>>   Start verify ranking function

[xr_1 = -2, xr_2 = 22319/1064, xr_0 = 1]
ranking function : 0.1261 *  x[0]^1.0 - 0.188 *  x[1]^1.0 - 0.1034 *  x[2]^1.0 + 0.7194 * 1; 0.1394 *  x[0]^1.0 + 0.0377 *  x[1]^1.0 + 0.0005 *  x[2]^1.0 + 0.7659 * 1; 0.2594 *  x[0]^1.0 + 0.0763 *  x[1]^1.0 - 0.0007 *  x[2]^1.0 + 0.8524 * 1

2019-05-02-09-18-03   >>>>   End verify ranking function

verifying time = 11.582 ms


Not Found Ranking Fcuntion

Conterexample is 

[1, -2, 20.976503759398497]

sampling time = 2.907 ms


       ########################################         

iteration 13 with 60 examples

2019-05-02-09-18-03   >>>>   Start train ranking function

2019-05-02-09-18-03   >>>>   End train ranking function

train_ranking_functioning time = 1.464 ms


2019-05-02-09-18-03   >>>>   Start verify ranking function

[xr_1 = -2, xr_2 = 4457/210, xr_0 = 1]
ranking function : 0.1285 *  x[0]^1.0 - 0.1917 *  x[1]^1.0 - 0.1044 *  x[2]^1.0 + 0.7204 * 1; 0.1472 *  x[0]^1.0 + 0.0361 *  x[1]^1.0 + 0.0001 *  x[2]^1.0 + 0.7668 * 1; 0.2626 *  x[0]^1.0 + 0.0753 *  x[1]^1.0 + 0.0002 *  x[2]^1.0 + 0.857 * 1

2019-05-02-09-18-03   >>>>   End verify ranking function

verifying time = 11.996 ms


Not Found Ranking Fcuntion

Conterexample is 

[1, -2, 21.223809523809525]

sampling time = 2.961 ms


       ########################################         

iteration 14 with 64 examples

2019-05-02-09-18-03   >>>>   Start train ranking function

2019-05-02-09-18-03   >>>>   End train ranking function

train_ranking_functioning time = 1.525 ms


2019-05-02-09-18-03   >>>>   Start verify ranking function

[xr_1 = -2, xr_2 = 22234/1037, xr_0 = 1]
ranking function : 0.1299 *  x[0]^1.0 - 0.1939 *  x[1]^1.0 - 0.1049 *  x[2]^1.0 + 0.721 * 1; 0.1503 *  x[0]^1.0 + 0.034 *  x[1]^1.0 - 0.0002 *  x[2]^1.0 + 0.7682 * 1; 0.2668 *  x[0]^1.0 + 0.0753 *  x[1]^1.0 - 0.0004 *  x[2]^1.0 + 0.86 * 1

2019-05-02-09-18-03   >>>>   End verify ranking function

verifying time = 12.295 ms


Not Found Ranking Fcuntion

Conterexample is 

[1, -2, 21.44069431051109]

sampling time = 2.957 ms


       ########################################         

iteration 15 with 68 examples

2019-05-02-09-18-03   >>>>   Start train ranking function

2019-05-02-09-18-03   >>>>   End train ranking function

train_ranking_functioning time = 1.605 ms


2019-05-02-09-18-03   >>>>   Start verify ranking function

[xr_1 = -2, xr_2 = 22285/1048, xr_0 = 1]
ranking function : 0.1312 *  x[0]^1.0 - 0.1959 *  x[1]^1.0 - 0.1054 *  x[2]^1.0 + 0.7215 * 1; 0.153 *  x[0]^1.0 + 0.0345 *  x[1]^1.0 - 0.0001 *  x[2]^1.0 + 0.7687 * 1; 0.2685 *  x[0]^1.0 + 0.0749 *  x[1]^1.0 - 0.0006 *  x[2]^1.0 + 0.862 * 1

2019-05-02-09-18-03   >>>>   End verify ranking function

verifying time = 11.412 ms


Not Found Ranking Fcuntion

Conterexample is 

[1, -2, 21.264312977099237]

sampling time = 2.991 ms


       ########################################         

iteration 16 with 72 examples

2019-05-02-09-18-03   >>>>   Start train ranking function

2019-05-02-09-18-03   >>>>   End train ranking function

train_ranking_functioning time = 1.675 ms


2019-05-02-09-18-03   >>>>   Start verify ranking function

[xr_1 = -2, xr_2 = 22255/1033, xr_0 = 1]
ranking function : 0.132 *  x[0]^1.0 - 0.197 *  x[1]^1.0 - 0.1057 *  x[2]^1.0 + 0.7218 * 1; 0.1549 *  x[0]^1.0 + 0.0334 *  x[1]^1.0 - 0.0004 *  x[2]^1.0 + 0.7693 * 1; 0.2708 *  x[0]^1.0 + 0.0742 *  x[1]^1.0 - 0.0009 *  x[2]^1.0 + 0.8637 * 1

2019-05-02-09-18-03   >>>>   End verify ranking function

verifying time = 11.336 ms


Not Found Ranking Fcuntion

Conterexample is 

[1, -2, 21.54404646660213]

sampling time = 2.893 ms


       ########################################         

iteration 17 with 76 examples

2019-05-02-09-18-03   >>>>   Start train ranking function

2019-05-02-09-18-03   >>>>   End train ranking function

train_ranking_functioning time = 1.764 ms


2019-05-02-09-18-03   >>>>   Start verify ranking function

[xr_1 = -2, xr_2 = 11123/524, xr_0 = 1]
ranking function : 0.1325 *  x[0]^1.0 - 0.1979 *  x[1]^1.0 - 0.106 *  x[2]^1.0 + 0.722 * 1; 0.1555 *  x[0]^1.0 + 0.0327 *  x[1]^1.0 - 0.0002 *  x[2]^1.0 + 0.7701 * 1; 0.273 *  x[0]^1.0 + 0.0744 *  x[1]^1.0 - 0.0005 *  x[2]^1.0 + 0.8649 * 1

2019-05-02-09-18-03   >>>>   End verify ranking function

verifying time = 11.249 ms


Not Found Ranking Fcuntion

Conterexample is 

[1, -2, 21.227099236641223]

sampling time = 2.913 ms


       ########################################         

iteration 18 with 80 examples

2019-05-02-09-18-03   >>>>   Start train ranking function

2019-05-02-09-18-03   >>>>   End train ranking function

train_ranking_functioning time = 1.902 ms


2019-05-02-09-18-03   >>>>   Start verify ranking function

[xr_1 = -2, xr_2 = 22267/1051, xr_0 = 1]
ranking function : 0.1333 *  x[0]^1.0 - 0.1991 *  x[1]^1.0 - 0.1063 *  x[2]^1.0 + 0.7223 * 1; 0.1573 *  x[0]^1.0 + 0.0328 *  x[1]^1.0 - 0.0002 *  x[2]^1.0 + 0.7703 * 1; 0.2739 *  x[0]^1.0 + 0.0741 *  x[1]^1.0 - 0.0008 *  x[2]^1.0 + 0.8661 * 1

2019-05-02-09-18-03   >>>>   End verify ranking function

verifying time = 11.257 ms


Not Found Ranking Fcuntion

Conterexample is 

[1, -2, 21.18648905803996]

sampling time = 2.914 ms


       ########################################         

iteration 19 with 84 examples

2019-05-02-09-18-03   >>>>   Start train ranking function

2019-05-02-09-18-03   >>>>   End train ranking function

train_ranking_functioning time = 2.067 ms


2019-05-02-09-18-03   >>>>   Start verify ranking function

[xr_1 = -2, xr_2 = 19201/19, xr_0 = 1]
ranking function : 0.1166 *  x[0]^1.0 - 0.1579 *  x[1]^1.0 - 0.0961 *  x[2]^1.0 + 0.7181 * 1; 0.1626 *  x[0]^1.0 - 0.0167 *  x[1]^1.0 - 0.0157 *  x[2]^1.0 + 0.7723 * 1; 0.2878 *  x[0]^1.0 + 0.0583 *  x[1]^1.0 - 0.0028 *  x[2]^1.0 + 0.8683 * 1

2019-05-02-09-18-03   >>>>   End verify ranking function

verifying time = 11.401 ms


Not Found Ranking Fcuntion

Conterexample is 

[1, -2, 1010.578947368421]

sampling time = 2.946 ms


       ########################################         

iteration 20 with 88 examples

2019-05-02-09-18-03   >>>>   Start train ranking function

2019-05-02-09-18-03   >>>>   End train ranking function

train_ranking_functioning time = 2.014 ms


2019-05-02-09-18-03   >>>>   Start verify ranking function

[xr_1 = -2, xr_2 = 11310/581, xr_0 = 1]
ranking function : 0.1356 *  x[0]^1.0 - 0.2026 *  x[1]^1.0 - 0.1072 *  x[2]^1.0 + 0.7233 * 1; 0.1571 *  x[0]^1.0 + 0.039 *  x[1]^1.0 + 0.0015 *  x[2]^1.0 + 0.7712 * 1; 0.2744 *  x[0]^1.0 + 0.0781 *  x[1]^1.0 + 0.0001 *  x[2]^1.0 + 0.8671 * 1

2019-05-02-09-18-03   >>>>   End verify ranking function

verifying time = 11.388 ms


Not Found Ranking Fcuntion

Conterexample is 

[1, -2, 19.46643717728055]

sampling time = 2.987 ms


       ########################################         

iteration 21 with 92 examples

2019-05-02-09-18-03   >>>>   Start train ranking function

2019-05-02-09-18-03   >>>>   End train ranking function

train_ranking_functioning time = 2.415 ms


2019-05-02-09-18-03   >>>>   Start verify ranking function

ranking function : 0.1164 *  x[0]^1.0 - 0.1511 *  x[1]^1.0 - 0.0943 *  x[2]^1.0 + 0.7191 * 1; 0.1645 *  x[0]^1.0 - 0.0142 *  x[1]^1.0 - 0.0163 *  x[2]^1.0 + 0.7739 * 1; 0.2897 *  x[0]^1.0 + 0.0642 *  x[1]^1.0 - 0.003 *  x[2]^1.0 + 0.8705 * 1

2019-05-02-09-18-03   >>>>   End verify ranking function

verifying time = 16.276 ms


Not Found Ranking Fcuntion

Conterexample is 

[1, -2, 677.2666666666667]

sampling time = 2.937 ms


       ########################################         

iteration 22 with 96 examples

2019-05-02-09-18-03   >>>>   Start train ranking function

2019-05-02-09-18-03   >>>>   End train ranking function

train_ranking_functioning time = 2.474 ms


2019-05-02-09-18-03   >>>>   Start verify ranking function

[xr_1 = -2, xr_2 = 9575/17, xr_0 = 1]
ranking function : 0.1159 *  x[0]^1.0 - 0.1444 *  x[1]^1.0 - 0.0928 *  x[2]^1.0 + 0.7199 * 1; 0.165 *  x[0]^1.0 - 0.0109 *  x[1]^1.0 - 0.0149 *  x[2]^1.0 + 0.7749 * 1; 0.2916 *  x[0]^1.0 + 0.0659 *  x[1]^1.0 - 0.0023 *  x[2]^1.0 + 0.8721 * 1

2019-05-02-09-18-03   >>>>   End verify ranking function

verifying time = 11.278 ms


Not Found Ranking Fcuntion

Conterexample is 

[1, -2, 563.2352941176471]

sampling time = 3.341 ms


       ########################################         

iteration 23 with 100 examples

2019-05-02-09-18-03   >>>>   Start train ranking function

2019-05-02-09-18-03   >>>>   End train ranking function

train_ranking_functioning time = 2.711 ms


2019-05-02-09-18-03   >>>>   Start verify ranking function

[xr_1 = -2, xr_2 = 19358/13, xr_0 = 1]
ranking function : 0.1151 *  x[0]^1.0 - 0.1379 *  x[1]^1.0 - 0.0913 *  x[2]^1.0 + 0.7204 * 1; 0.1652 *  x[0]^1.0 - 0.0078 *  x[1]^1.0 - 0.0157 *  x[2]^1.0 + 0.7755 * 1; 0.2923 *  x[0]^1.0 + 0.0682 *  x[1]^1.0 - 0.0024 *  x[2]^1.0 + 0.873 * 1

2019-05-02-09-18-03   >>>>   End verify ranking function

verifying time = 15.017 ms


Not Found Ranking Fcuntion

Conterexample is 

[1, -2, 1489.076923076923]

sampling time = 3.099 ms


       ########################################         

iteration 24 with 104 examples

2019-05-02-09-18-03   >>>>   Start train ranking function

2019-05-02-09-18-03   >>>>   End train ranking function

train_ranking_functioning time = 2.738 ms


2019-05-02-09-18-03   >>>>   Start verify ranking function

ranking function : 0.1147 *  x[0]^1.0 - 0.1322 *  x[1]^1.0 - 0.0897 *  x[2]^1.0 + 0.7211 * 1; 0.1654 *  x[0]^1.0 - 0.0042 *  x[1]^1.0 - 0.0151 *  x[2]^1.0 + 0.7762 * 1; 0.2922 *  x[0]^1.0 + 0.0729 *  x[1]^1.0 - 0.0027 *  x[2]^1.0 + 0.8736 * 1

2019-05-02-09-18-03   >>>>   End verify ranking function

verifying time = 18.052 ms


Not Found Ranking Fcuntion

Conterexample is 

[1, -2, 748.1481481481482]

sampling time = 3.440 ms


Failed to prove it is terminated

UNKNOWN
------Using Template 3 -----------
5 [1, 2, 2]
*****************************************************

2019-05-02-09-18-03   >>>>   End sampling point

sampling time = 10.878 ms,


       ########################################         

iteration 0 with 8 examples

2019-05-02-09-18-03   >>>>   Start train ranking function

2019-05-02-09-18-03   >>>>   End train ranking function

train_ranking_functioning time = 0.588 ms


2019-05-02-09-18-03   >>>>   Start verify ranking function

[xr_1 = -38, xr_2 = 40, xr_0 = 2]
ranking function :  - 0.0003 *  x[0]^3.0 *  x[2]^2.0;  - 0.3166 *  x[0]^2.0 *  x[2]^0.5 + 0.0029 *  x[0]^-0.5 *  x[1]^-2.0 *  x[2]^-2.0;  - 0.0807 *  x[1]^3.0 *  x[2]^-0.5

2019-05-02-09-18-03   >>>>   End verify ranking function

verifying time = 29.728 ms


Not Found Ranking Fcuntion

Conterexample is 

[2, -38, 40]

sampling time = 1.540 ms


       ########################################         

iteration 1 with 12 examples

2019-05-02-09-18-03   >>>>   Start train ranking function

2019-05-02-09-18-03   >>>>   End train ranking function

train_ranking_functioning time = 0.623 ms


2019-05-02-09-18-03   >>>>   Start verify ranking function

[xr_1 = -38, xr_2 = 40, xr_0 = 2]
ranking function :  - 0.0003 *  x[0]^3.0 *  x[2]^2.0;  - 0.316 *  x[0]^2.0 *  x[2]^0.5 + 0.0029 *  x[0]^-0.5 *  x[1]^-2.0 *  x[2]^-2.0;  - 0.0884 *  x[1]^3.0 *  x[2]^-0.5

2019-05-02-09-18-03   >>>>   End verify ranking function

verifying time = 56.732 ms


Not Found Ranking Fcuntion

Conterexample is 

[2, -38, 40]

sampling time = 1.527 ms


       ########################################         

iteration 2 with 16 examples

2019-05-02-09-18-03   >>>>   Start train ranking function

2019-05-02-09-18-03   >>>>   End train ranking function

train_ranking_functioning time = 0.661 ms


2019-05-02-09-18-03   >>>>   Start verify ranking function

[xr_1 = -67, xr_2 = 69, xr_0 = 2]
ranking function :  - 0.0001 *  x[0]^3.0 *  x[2]^2.0;  - 0.316 *  x[0]^2.0 *  x[2]^0.5 + 0.0029 *  x[0]^-0.5 *  x[1]^-2.0 *  x[2]^-2.0;  - 0.088 *  x[1]^3.0 *  x[2]^-0.5

2019-05-02-09-18-05   >>>>   End verify ranking function

verifying time = 1624.881 ms


Not Found Ranking Fcuntion

Conterexample is 

[2, -67, 69]

sampling time = 1.571 ms


       ########################################         

iteration 3 with 20 examples

2019-05-02-09-18-05   >>>>   Start train ranking function

2019-05-02-09-18-05   >>>>   End train ranking function

train_ranking_functioning time = 0.783 ms


2019-05-02-09-18-05   >>>>   Start verify ranking function

[xr_1 = -2, xr_2 = 3, xr_0 = 1]
ranking function : ;  - 0.3159 *  x[0]^2.0 *  x[2]^0.5 + 0.0029 *  x[0]^-0.5 *  x[1]^-2.0 *  x[2]^-2.0;  - 0.0013 *  x[0]^-2.0 *  x[1]^3.0 *  x[2]^3.0 - 0.0894 *  x[1]^3.0 *  x[2]^-0.5

2019-05-02-09-18-05   >>>>   End verify ranking function

verifying time = 8.247 ms


Not Found Ranking Fcuntion

Conterexample is 

[1, -2, 3]

sampling time = 1.579 ms


       ########################################         

iteration 4 with 24 examples

2019-05-02-09-18-05   >>>>   Start train ranking function

2019-05-02-09-18-05   >>>>   End train ranking function

train_ranking_functioning time = 0.968 ms


2019-05-02-09-18-05   >>>>   Start verify ranking function

[xr_1 = -39, xr_2 = 41, xr_0 = 2]
ranking function :  - 0.0003 *  x[0]^3.0 *  x[2]^2.0;  - 0.3247 *  x[0]^2.0 *  x[2]^0.5 + 0.003 *  x[0]^-0.5 *  x[1]^-2.0 *  x[2]^-2.0;  - 0.0005 *  x[0]^-2.0 *  x[1]^3.0 *  x[2]^3.0 - 0.1102 *  x[1]^3.0 *  x[2]^-0.5

2019-05-02-09-18-06   >>>>   End verify ranking function

verifying time = 1503.973 ms


Not Found Ranking Fcuntion

Conterexample is 

[2, -39, 41]

sampling time = 1.560 ms


       ########################################         

iteration 5 with 28 examples

2019-05-02-09-18-06   >>>>   Start train ranking function

2019-05-02-09-18-06   >>>>   End train ranking function

train_ranking_functioning time = 0.918 ms


2019-05-02-09-18-06   >>>>   Start verify ranking function

[xr_1 = -68, xr_2 = 70, xr_0 = 2]
ranking function :  - 0.0001 *  x[0]^3.0 *  x[2]^2.0;  - 0.3248 *  x[0]^2.0 *  x[2]^0.5 + 0.003 *  x[0]^-0.5 *  x[1]^-2.0 *  x[2]^-2.0;  - 0.1113 *  x[1]^3.0 *  x[2]^-0.5

2019-05-02-09-18-06   >>>>   End verify ranking function

verifying time = 261.342 ms


Not Found Ranking Fcuntion

Conterexample is 

[2, -68, 70]

sampling time = 1.542 ms


       ########################################         

iteration 6 with 32 examples

2019-05-02-09-18-06   >>>>   Start train ranking function

2019-05-02-09-18-06   >>>>   End train ranking function

train_ranking_functioning time = 1.138 ms


2019-05-02-09-18-06   >>>>   Start verify ranking function

[xr_1 = -68, xr_2 = 70, xr_0 = 2]
ranking function :  - 0.0001 *  x[0]^3.0 *  x[2]^2.0;  - 0.3245 *  x[0]^2.0 *  x[2]^0.5 + 0.003 *  x[0]^-0.5 *  x[1]^-2.0 *  x[2]^-2.0;  - 0.0005 *  x[0]^-2.0 *  x[1]^3.0 *  x[2]^3.0 - 0.1114 *  x[1]^3.0 *  x[2]^-0.5

2019-05-02-09-18-06   >>>>   End verify ranking function

verifying time = 26.415 ms


Not Found Ranking Fcuntion

Conterexample is 

[2, -68, 70]

sampling time = 1.539 ms


       ########################################         

iteration 7 with 36 examples

2019-05-02-09-18-06   >>>>   Start train ranking function

2019-05-02-09-18-06   >>>>   End train ranking function

train_ranking_functioning time = 1.336 ms


2019-05-02-09-18-06   >>>>   Start verify ranking function

[xr_1 = -68, xr_2 = 70, xr_0 = 2]
ranking function :  - 0.0001 *  x[0]^3.0 *  x[2]^2.0;  - 0.3245 *  x[0]^2.0 *  x[2]^0.5 + 0.003 *  x[0]^-0.5 *  x[1]^-2.0 *  x[2]^-2.0;  - 0.0004 *  x[0]^-2.0 *  x[1]^3.0 *  x[2]^3.0 - 0.1135 *  x[1]^3.0 *  x[2]^-0.5

2019-05-02-09-18-07   >>>>   End verify ranking function

verifying time = 26.455 ms


Not Found Ranking Fcuntion

Conterexample is 

[2, -68, 70]

sampling time = 1.615 ms


       ########################################         

iteration 8 with 40 examples

2019-05-02-09-18-07   >>>>   Start train ranking function

2019-05-02-09-18-07   >>>>   End train ranking function

train_ranking_functioning time = 1.284 ms


2019-05-02-09-18-07   >>>>   Start verify ranking function

[xr_1 = -68, xr_2 = 70, xr_0 = 2]
ranking function :  - 0.0001 *  x[0]^3.0 *  x[2]^2.0;  - 0.3245 *  x[0]^2.0 *  x[2]^0.5 + 0.003 *  x[0]^-0.5 *  x[1]^-2.0 *  x[2]^-2.0;  - 0.1126 *  x[1]^3.0 *  x[2]^-0.5

2019-05-02-09-18-07   >>>>   End verify ranking function

verifying time = 46.992 ms


Not Found Ranking Fcuntion

Conterexample is 

[2, -68, 70]

sampling time = 1.593 ms


       ########################################         

iteration 9 with 44 examples

2019-05-02-09-18-07   >>>>   Start train ranking function

2019-05-02-09-18-07   >>>>   End train ranking function

train_ranking_functioning time = 1.381 ms


2019-05-02-09-18-07   >>>>   Start verify ranking function

[xr_1 = -68, xr_2 = 70, xr_0 = 2]
ranking function :  - 0.0001 *  x[0]^3.0 *  x[2]^2.0;  - 0.3246 *  x[0]^2.0 *  x[2]^0.5 + 0.003 *  x[0]^-0.5 *  x[1]^-2.0 *  x[2]^-2.0;  - 0.1125 *  x[1]^3.0 *  x[2]^-0.5

2019-05-02-09-18-07   >>>>   End verify ranking function

verifying time = 49.762 ms


Not Found Ranking Fcuntion

Conterexample is 

[2, -68, 70]

sampling time = 1.529 ms


       ########################################         

iteration 10 with 48 examples

2019-05-02-09-18-07   >>>>   Start train ranking function

2019-05-02-09-18-07   >>>>   End train ranking function

train_ranking_functioning time = 1.530 ms


2019-05-02-09-18-07   >>>>   Start verify ranking function

[xr_1 = -2, xr_2 = 3, xr_0 = 1]
ranking function : ;  - 0.3246 *  x[0]^2.0 *  x[2]^0.5 + 0.003 *  x[0]^-0.5 *  x[1]^-2.0 *  x[2]^-2.0;  - 0.1131 *  x[1]^3.0 *  x[2]^-0.5

2019-05-02-09-18-07   >>>>   End verify ranking function

verifying time = 7.917 ms


Not Found Ranking Fcuntion

Conterexample is 

[1, -2, 3]

sampling time = 1.893 ms


       ########################################         

iteration 11 with 52 examples

2019-05-02-09-18-07   >>>>   Start train ranking function

2019-05-02-09-18-07   >>>>   End train ranking function

train_ranking_functioning time = 2.436 ms


2019-05-02-09-18-07   >>>>   Start verify ranking function

[xr_1 = -69, xr_2 = 71, xr_0 = 2]
ranking function :  - 0.0001 *  x[0]^3.0 *  x[2]^2.0;  - 0.3275 *  x[0]^2.0 *  x[2]^0.5 + 0.003 *  x[0]^-0.5 *  x[1]^-2.0 *  x[2]^-2.0; 0.0001 *  x[0]^-2.0 *  x[1]^3.0 *  x[2]^3.0 - 0.1211 *  x[1]^3.0 *  x[2]^-0.5

2019-05-02-09-18-07   >>>>   End verify ranking function

verifying time = 70.693 ms


Not Found Ranking Fcuntion

Conterexample is 

[2, -69, 71]

sampling time = 1.585 ms


       ########################################         

iteration 12 with 56 examples

2019-05-02-09-18-07   >>>>   Start train ranking function

2019-05-02-09-18-07   >>>>   End train ranking function

train_ranking_functioning time = 1.711 ms


2019-05-02-09-18-07   >>>>   Start verify ranking function

[xr_1 = -69, xr_2 = 71, xr_0 = 2]
ranking function :  - 0.0001 *  x[0]^3.0 *  x[2]^2.0;  - 0.3275 *  x[0]^2.0 *  x[2]^0.5 + 0.003 *  x[0]^-0.5 *  x[1]^-2.0 *  x[2]^-2.0; 0.0001 *  x[0]^-2.0 *  x[1]^3.0 *  x[2]^3.0 - 0.1205 *  x[1]^3.0 *  x[2]^-0.5

2019-05-02-09-18-07   >>>>   End verify ranking function

verifying time = 50.977 ms


Not Found Ranking Fcuntion

Conterexample is 

[2, -69, 71]

sampling time = 1.526 ms


       ########################################         

iteration 13 with 60 examples

2019-05-02-09-18-07   >>>>   Start train ranking function

2019-05-02-09-18-07   >>>>   End train ranking function

train_ranking_functioning time = 2.051 ms


2019-05-02-09-18-07   >>>>   Start verify ranking function

[xr_1 = -69, xr_2 = 71, xr_0 = 2]
ranking function :  - 0.0001 *  x[0]^3.0 *  x[2]^2.0;  - 0.3274 *  x[0]^2.0 *  x[2]^0.5 + 0.003 *  x[0]^-0.5 *  x[1]^-2.0 *  x[2]^-2.0;  - 0.1213 *  x[1]^3.0 *  x[2]^-0.5

2019-05-02-09-18-07   >>>>   End verify ranking function

verifying time = 52.084 ms


Not Found Ranking Fcuntion

Conterexample is 

[2, -69, 71]

sampling time = 1.609 ms


       ########################################         

iteration 14 with 64 examples

2019-05-02-09-18-07   >>>>   Start train ranking function

2019-05-02-09-18-07   >>>>   End train ranking function

train_ranking_functioning time = 2.173 ms


2019-05-02-09-18-07   >>>>   Start verify ranking function

[xr_1 = -69, xr_2 = 71, xr_0 = 2]
ranking function :  - 0.0001 *  x[0]^3.0 *  x[2]^2.0;  - 0.3275 *  x[0]^2.0 *  x[2]^0.5 + 0.003 *  x[0]^-0.5 *  x[1]^-2.0 *  x[2]^-2.0;  - 0.1209 *  x[1]^3.0 *  x[2]^-0.5

2019-05-02-09-18-07   >>>>   End verify ranking function

verifying time = 40.252 ms


Not Found Ranking Fcuntion

Conterexample is 

[2, -69, 71]

sampling time = 1.577 ms


       ########################################         

iteration 15 with 68 examples

2019-05-02-09-18-07   >>>>   Start train ranking function

2019-05-02-09-18-07   >>>>   End train ranking function

train_ranking_functioning time = 2.245 ms


2019-05-02-09-18-07   >>>>   Start verify ranking function

[xr_1 = -69, xr_2 = 71, xr_0 = 2]
ranking function :  - 0.0001 *  x[0]^3.0 *  x[2]^2.0;  - 0.3276 *  x[0]^2.0 *  x[2]^0.5 + 0.003 *  x[0]^-0.5 *  x[1]^-2.0 *  x[2]^-2.0;  - 0.1214 *  x[1]^3.0 *  x[2]^-0.5

2019-05-02-09-18-07   >>>>   End verify ranking function

verifying time = 25.307 ms


Not Found Ranking Fcuntion

Conterexample is 

[2, -69, 71]

sampling time = 1.600 ms


       ########################################         

iteration 16 with 72 examples

2019-05-02-09-18-07   >>>>   Start train ranking function

2019-05-02-09-18-07   >>>>   End train ranking function

train_ranking_functioning time = 2.202 ms


2019-05-02-09-18-07   >>>>   Start verify ranking function

[xr_1 = -2, xr_2 = 3, xr_0 = 1]
ranking function : ;  - 0.3275 *  x[0]^2.0 *  x[2]^0.5 + 0.003 *  x[0]^-0.5 *  x[1]^-2.0 *  x[2]^-2.0;  - 0.121 *  x[1]^3.0 *  x[2]^-0.5

2019-05-02-09-18-07   >>>>   End verify ranking function

verifying time = 7.410 ms


Not Found Ranking Fcuntion

Conterexample is 

[1, -2, 3]

sampling time = 1.570 ms


       ########################################         

iteration 17 with 76 examples

2019-05-02-09-18-07   >>>>   Start train ranking function

2019-05-02-09-18-07   >>>>   End train ranking function

train_ranking_functioning time = 2.540 ms


2019-05-02-09-18-07   >>>>   Start verify ranking function

[xr_1 = -69, xr_2 = 71, xr_0 = 2]
ranking function :  - 0.0001 *  x[0]^3.0 *  x[2]^2.0;  - 0.3291 *  x[0]^2.0 *  x[2]^0.5 + 0.003 *  x[0]^-0.5 *  x[1]^-2.0 *  x[2]^-2.0;  - 0.1237 *  x[1]^3.0 *  x[2]^-0.5

2019-05-02-09-18-07   >>>>   End verify ranking function

verifying time = 114.291 ms


Not Found Ranking Fcuntion

Conterexample is 

[2, -69, 71]

sampling time = 1.603 ms


       ########################################         

iteration 18 with 80 examples

2019-05-02-09-18-07   >>>>   Start train ranking function

2019-05-02-09-18-07   >>>>   End train ranking function

train_ranking_functioning time = 2.910 ms


2019-05-02-09-18-07   >>>>   Start verify ranking function

[xr_1 = -69, xr_2 = 71, xr_0 = 2]
ranking function :  - 0.0001 *  x[0]^3.0 *  x[2]^2.0;  - 0.329 *  x[0]^2.0 *  x[2]^0.5 + 0.003 *  x[0]^-0.5 *  x[1]^-2.0 *  x[2]^-2.0;  - 0.1239 *  x[1]^3.0 *  x[2]^-0.5

2019-05-02-09-18-09   >>>>   End verify ranking function

verifying time = 1482.436 ms


Not Found Ranking Fcuntion

Conterexample is 

[2, -69, 71]

sampling time = 1.551 ms


       ########################################         

iteration 19 with 84 examples

2019-05-02-09-18-09   >>>>   Start train ranking function

2019-05-02-09-18-09   >>>>   End train ranking function

train_ranking_functioning time = 2.988 ms


2019-05-02-09-18-09   >>>>   Start verify ranking function

[xr_1 = -69, xr_2 = 71, xr_0 = 2]
ranking function :  - 0.0001 *  x[0]^3.0 *  x[2]^2.0;  - 0.3291 *  x[0]^2.0 *  x[2]^0.5 + 0.003 *  x[0]^-0.5 *  x[1]^-2.0 *  x[2]^-2.0;  - 0.1239 *  x[1]^3.0 *  x[2]^-0.5

2019-05-02-09-18-09   >>>>   End verify ranking function

verifying time = 39.902 ms


Not Found Ranking Fcuntion

Conterexample is 

[2, -69, 71]

sampling time = 1.592 ms


       ########################################         

iteration 20 with 88 examples

2019-05-02-09-18-09   >>>>   Start train ranking function

2019-05-02-09-18-09   >>>>   End train ranking function

train_ranking_functioning time = 2.860 ms


2019-05-02-09-18-09   >>>>   Start verify ranking function

[xr_1 = -39, xr_2 = 41, xr_0 = 2]
ranking function :  - 0.0003 *  x[0]^3.0 *  x[2]^2.0;  - 0.329 *  x[0]^2.0 *  x[2]^0.5 + 0.003 *  x[0]^-0.5 *  x[1]^-2.0 *  x[2]^-2.0; 0.0001 *  x[0]^-2.0 *  x[1]^3.0 *  x[2]^3.0 - 0.1239 *  x[1]^3.0 *  x[2]^-0.5

2019-05-02-09-18-09   >>>>   End verify ranking function

verifying time = 115.740 ms


Not Found Ranking Fcuntion

Conterexample is 

[2, -39, 41]

sampling time = 1.566 ms


       ########################################         

iteration 21 with 92 examples

2019-05-02-09-18-09   >>>>   Start train ranking function

2019-05-02-09-18-09   >>>>   End train ranking function

train_ranking_functioning time = 3.110 ms


2019-05-02-09-18-09   >>>>   Start verify ranking function

[xr_1 = -69, xr_2 = 71, xr_0 = 2]
ranking function :  - 0.0001 *  x[0]^3.0 *  x[2]^2.0;  - 0.329 *  x[0]^2.0 *  x[2]^0.5 + 0.003 *  x[0]^-0.5 *  x[1]^-2.0 *  x[2]^-2.0; 0.0001 *  x[0]^-2.0 *  x[1]^3.0 *  x[2]^3.0 - 0.1239 *  x[1]^3.0 *  x[2]^-0.5

2019-05-02-09-18-09   >>>>   End verify ranking function

verifying time = 34.425 ms


Not Found Ranking Fcuntion

Conterexample is 

[2, -69, 71]

sampling time = 1.538 ms


       ########################################         

iteration 22 with 96 examples

2019-05-02-09-18-09   >>>>   Start train ranking function

2019-05-02-09-18-09   >>>>   End train ranking function

train_ranking_functioning time = 3.673 ms


2019-05-02-09-18-09   >>>>   Start verify ranking function

[xr_1 = -69, xr_2 = 71, xr_0 = 2]
ranking function :  - 0.0001 *  x[0]^3.0 *  x[2]^2.0;  - 0.329 *  x[0]^2.0 *  x[2]^0.5 + 0.003 *  x[0]^-0.5 *  x[1]^-2.0 *  x[2]^-2.0;  - 0.1239 *  x[1]^3.0 *  x[2]^-0.5

2019-05-02-09-18-09   >>>>   End verify ranking function

verifying time = 467.889 ms


Not Found Ranking Fcuntion

Conterexample is 

[2, -69, 71]

sampling time = 1.543 ms


       ########################################         

iteration 23 with 100 examples

2019-05-02-09-18-09   >>>>   Start train ranking function

2019-05-02-09-18-09   >>>>   End train ranking function

train_ranking_functioning time = 3.533 ms


2019-05-02-09-18-09   >>>>   Start verify ranking function

[xr_1 = -69, xr_2 = 71, xr_0 = 2]
ranking function :  - 0.0001 *  x[0]^3.0 *  x[2]^2.0;  - 0.3289 *  x[0]^2.0 *  x[2]^0.5 + 0.003 *  x[0]^-0.5 *  x[1]^-2.0 *  x[2]^-2.0;  - 0.1239 *  x[1]^3.0 *  x[2]^-0.5

2019-05-02-09-18-09   >>>>   End verify ranking function

verifying time = 87.153 ms


Not Found Ranking Fcuntion

Conterexample is 

[2, -69, 71]

sampling time = 1.614 ms


       ########################################         

iteration 24 with 104 examples

2019-05-02-09-18-09   >>>>   Start train ranking function

2019-05-02-09-18-09   >>>>   End train ranking function

train_ranking_functioning time = 3.818 ms


2019-05-02-09-18-09   >>>>   Start verify ranking function

[xr_1 = -69, xr_2 = 71, xr_0 = 2]
ranking function :  - 0.0001 *  x[0]^3.0 *  x[2]^2.0;  - 0.3289 *  x[0]^2.0 *  x[2]^0.5 + 0.003 *  x[0]^-0.5 *  x[1]^-2.0 *  x[2]^-2.0; 0.0001 *  x[0]^-2.0 *  x[1]^3.0 *  x[2]^3.0 - 0.124 *  x[1]^3.0 *  x[2]^-0.5

2019-05-02-09-18-09   >>>>   End verify ranking function

verifying time = 164.177 ms


Not Found Ranking Fcuntion

Conterexample is 

[2, -69, 71]

sampling time = 1.572 ms


Failed to prove it is terminated

UNKNOWN
------Using Template 4 -----------
20 [4, 4, 4, 4, 4]
*****************************************************

2019-05-02-09-18-09   >>>>   End sampling point

sampling time = 17.866 ms,


       ########################################         

iteration 0 with 12 examples

2019-05-02-09-18-09   >>>>   Start train ranking function

2019-05-02-09-18-09   >>>>   End train ranking function

train_ranking_functioning time = 0.400 ms


2019-05-02-09-18-09   >>>>   Start verify ranking function

[xr_1 = -10361/213, xr_2 = 10574/213, xr_0 = 10148/213]
ranking function :  - 0.0014 *  x[0]^1.0 + 0.0093 *  x[1]^1.0 - 0.0533 *  x[2]^1.0 + 0.6673 * 1; 0.0003 *  x[0]^1.0 + 0.0032 *  x[1]^1.0 - 0.0277 *  x[2]^1.0 + 0.6674 * 1; 0.0033 *  x[0]^1.0 - 0.0021 *  x[1]^1.0 - 0.024 *  x[2]^1.0 + 0.6685 * 1; 0.0182 *  x[0]^1.0 - 0.0254 *  x[1]^1.0 - 0.0285 *  x[2]^1.0 + 0.6746 * 1; 0.0997 *  x[0]^1.0 - 0.1518 *  x[1]^1.0 - 0.0576 *  x[2]^1.0 + 0.7078 * 1

2019-05-02-09-18-10   >>>>   End verify ranking function

verifying time = 23.623 ms


Not Found Ranking Fcuntion

Conterexample is 

[47.64319248826291, -48.64319248826291, 49.64319248826291]

sampling time = 4.963 ms


       ########################################         

iteration 1 with 18 examples

2019-05-02-09-18-10   >>>>   Start train ranking function

2019-05-02-09-18-10   >>>>   End train ranking function

train_ranking_functioning time = 0.673 ms


2019-05-02-09-18-10   >>>>   Start verify ranking function

ranking function :  - 0.0013 *  x[0]^1.0 + 0.0093 *  x[1]^1.0 - 0.0533 *  x[2]^1.0 + 0.6673 * 1; 0.0004 *  x[0]^1.0 + 0.003 *  x[1]^1.0 - 0.0278 *  x[2]^1.0 + 0.6675 * 1; 0.0039 *  x[0]^1.0 - 0.003 *  x[1]^1.0 - 0.0242 *  x[2]^1.0 + 0.6688 * 1; 0.0485 *  x[0]^1.0 - 0.0418 *  x[1]^1.0 - 0.0337 *  x[2]^1.0 + 0.6707 * 1; 0.0851 *  x[0]^1.0 - 0.1461 *  x[1]^1.0 - 0.0535 *  x[2]^1.0 + 0.7133 * 1

2019-05-02-09-18-10   >>>>   End verify ranking function

verifying time = 24.934 ms


Not Found Ranking Fcuntion

Conterexample is 

[1, -2, 39.07663551401869]

sampling time = 4.922 ms


       ########################################         

iteration 2 with 24 examples

2019-05-02-09-18-10   >>>>   Start train ranking function

2019-05-02-09-18-10   >>>>   End train ranking function

train_ranking_functioning time = 0.844 ms


2019-05-02-09-18-10   >>>>   Start verify ranking function

[xr_1 = -2, xr_2 = 19936/545, xr_0 = 1]
ranking function :  - 0.0002 *  x[0]^1.0 + 0.0075 *  x[1]^1.0 - 0.0538 *  x[2]^1.0 + 0.6678 * 1; 0.0067 *  x[0]^1.0 - 0.0067 *  x[1]^1.0 - 0.03 *  x[2]^1.0 + 0.67 * 1; 0.0586 *  x[0]^1.0 - 0.0648 *  x[1]^1.0 - 0.0393 *  x[2]^1.0 + 0.6788 * 1; 0.1011 *  x[0]^1.0 - 0.1295 *  x[1]^1.0 - 0.0473 *  x[2]^1.0 + 0.7232 * 1; 0.1607 *  x[0]^1.0 + 0.018 *  x[1]^1.0 + 0.0012 *  x[2]^1.0 + 0.7769 * 1

2019-05-02-09-18-10   >>>>   End verify ranking function

verifying time = 22.923 ms


Not Found Ranking Fcuntion

Conterexample is 

[1, -2, 36.579816513761465]

sampling time = 4.853 ms


       ########################################         

iteration 3 with 30 examples

2019-05-02-09-18-10   >>>>   Start train ranking function

2019-05-02-09-18-10   >>>>   End train ranking function

train_ranking_functioning time = 0.922 ms


2019-05-02-09-18-10   >>>>   Start verify ranking function

[xr_1 = -2, xr_2 = 19441/93, xr_0 = 1]
ranking function : 0.0009 *  x[0]^1.0 + 0.0058 *  x[1]^1.0 - 0.0542 *  x[2]^1.0 + 0.6682 * 1; 0.0127 *  x[0]^1.0 - 0.016 *  x[1]^1.0 - 0.0321 *  x[2]^1.0 + 0.6724 * 1; 0.0706 *  x[0]^1.0 - 0.1065 *  x[1]^1.0 - 0.0482 *  x[2]^1.0 + 0.696 * 1; 0.1225 *  x[0]^1.0 - 0.0691 *  x[1]^1.0 - 0.0279 *  x[2]^1.0 + 0.7369 * 1; 0.1929 *  x[0]^1.0 + 0.0351 *  x[1]^1.0 - 0.0031 *  x[2]^1.0 + 0.8015 * 1

2019-05-02-09-18-10   >>>>   End verify ranking function

verifying time = 22.611 ms


Not Found Ranking Fcuntion

Conterexample is 

[1, -2, 209.04301075268816]

sampling time = 4.940 ms


       ########################################         

iteration 4 with 36 examples

2019-05-02-09-18-10   >>>>   Start train ranking function

2019-05-02-09-18-10   >>>>   End train ranking function

train_ranking_functioning time = 1.172 ms


2019-05-02-09-18-10   >>>>   Start verify ranking function

[xr_1 = -2566/41, xr_2 = 2607/41, xr_0 = 2525/41]
ranking function : 0.0016 *  x[0]^1.0 + 0.0047 *  x[1]^1.0 - 0.0545 *  x[2]^1.0 + 0.6685 * 1; 0.0167 *  x[0]^1.0 - 0.0223 *  x[1]^1.0 - 0.0337 *  x[2]^1.0 + 0.6741 * 1; 0.0929 *  x[0]^1.0 - 0.1412 *  x[1]^1.0 - 0.0562 *  x[2]^1.0 + 0.7051 * 1; 0.1192 *  x[0]^1.0 - 0.0079 *  x[1]^1.0 - 0.0092 *  x[2]^1.0 + 0.7448 * 1; 0.2057 *  x[0]^1.0 + 0.0574 *  x[1]^1.0 - 0.0016 *  x[2]^1.0 + 0.8131 * 1

2019-05-02-09-18-10   >>>>   End verify ranking function

verifying time = 15.763 ms


Not Found Ranking Fcuntion

Conterexample is 

[61.58536585365854, -62.58536585365854, 63.58536585365854]

sampling time = 4.924 ms


       ########################################         

iteration 5 with 42 examples

2019-05-02-09-18-10   >>>>   Start train ranking function

2019-05-02-09-18-10   >>>>   End train ranking function

train_ranking_functioning time = 1.029 ms


2019-05-02-09-18-10   >>>>   Start verify ranking function

[xr_1 = -20387/278, xr_2 = 20665/278, xr_0 = 20109/278]
ranking function : 0.0015 *  x[0]^1.0 + 0.0049 *  x[1]^1.0 - 0.0544 *  x[2]^1.0 + 0.6685 * 1; 0.0159 *  x[0]^1.0 - 0.0211 *  x[1]^1.0 - 0.0333 *  x[2]^1.0 + 0.6738 * 1; 0.0887 *  x[0]^1.0 - 0.1346 *  x[1]^1.0 - 0.0544 *  x[2]^1.0 + 0.7034 * 1; 0.1205 *  x[0]^1.0 - 0.021 *  x[1]^1.0 - 0.014 *  x[2]^1.0 + 0.7435 * 1; 0.2027 *  x[0]^1.0 + 0.0558 *  x[1]^1.0 - 0.0007 *  x[2]^1.0 + 0.8111 * 1

2019-05-02-09-18-10   >>>>   End verify ranking function

verifying time = 15.072 ms


Not Found Ranking Fcuntion

Conterexample is 

[72.33453237410072, -73.33453237410072, 74.33453237410072]

sampling time = 4.875 ms


       ########################################         

iteration 6 with 48 examples

2019-05-02-09-18-10   >>>>   Start train ranking function

2019-05-02-09-18-10   >>>>   End train ranking function

train_ranking_functioning time = 1.071 ms


2019-05-02-09-18-10   >>>>   Start verify ranking function

[xr_1 = -20502/341, xr_2 = 20843/341, xr_0 = 20161/341]
ranking function : 0.0016 *  x[0]^1.0 + 0.0047 *  x[1]^1.0 - 0.0545 *  x[2]^1.0 + 0.6685 * 1; 0.0167 *  x[0]^1.0 - 0.0222 *  x[1]^1.0 - 0.0336 *  x[2]^1.0 + 0.6741 * 1; 0.0926 *  x[0]^1.0 - 0.1408 *  x[1]^1.0 - 0.0558 *  x[2]^1.0 + 0.705 * 1; 0.119 *  x[0]^1.0 - 0.0082 *  x[1]^1.0 - 0.0102 *  x[2]^1.0 + 0.7446 * 1; 0.2051 *  x[0]^1.0 + 0.0576 *  x[1]^1.0 - 0.0018 *  x[2]^1.0 + 0.813 * 1

2019-05-02-09-18-10   >>>>   End verify ranking function

verifying time = 16.831 ms


Not Found Ranking Fcuntion

Conterexample is 

[59.12316715542522, -60.12316715542522, 61.12316715542522]

sampling time = 5.383 ms


       ########################################         

iteration 7 with 54 examples

2019-05-02-09-18-10   >>>>   Start train ranking function

2019-05-02-09-18-10   >>>>   End train ranking function

train_ranking_functioning time = 1.076 ms


2019-05-02-09-18-10   >>>>   Start verify ranking function

[xr_1 = -20347/238, xr_2 = 20585/238, xr_0 = 20109/238]
ranking function : 0.0014 *  x[0]^1.0 + 0.005 *  x[1]^1.0 - 0.0544 *  x[2]^1.0 + 0.6684 * 1; 0.0156 *  x[0]^1.0 - 0.0206 *  x[1]^1.0 - 0.0333 *  x[2]^1.0 + 0.6737 * 1; 0.0869 *  x[0]^1.0 - 0.1319 *  x[1]^1.0 - 0.054 *  x[2]^1.0 + 0.7026 * 1; 0.1208 *  x[0]^1.0 - 0.0257 *  x[1]^1.0 - 0.0149 *  x[2]^1.0 + 0.7429 * 1; 0.2015 *  x[0]^1.0 + 0.0544 *  x[1]^1.0 + 0.0011 *  x[2]^1.0 + 0.8099 * 1

2019-05-02-09-18-10   >>>>   End verify ranking function

verifying time = 15.521 ms


Not Found Ranking Fcuntion

Conterexample is 

[84.49159663865547, -85.49159663865547, 86.49159663865547]

sampling time = 4.930 ms


       ########################################         

iteration 8 with 60 examples

2019-05-02-09-18-10   >>>>   Start train ranking function

2019-05-02-09-18-10   >>>>   End train ranking function

train_ranking_functioning time = 1.102 ms


2019-05-02-09-18-10   >>>>   Start verify ranking function

[xr_1 = -20370/239, xr_2 = 20609/239, xr_0 = 20131/239]
ranking function : 0.0014 *  x[0]^1.0 + 0.0049 *  x[1]^1.0 - 0.0544 *  x[2]^1.0 + 0.6685 * 1; 0.0158 *  x[0]^1.0 - 0.0208 *  x[1]^1.0 - 0.0332 *  x[2]^1.0 + 0.6737 * 1; 0.0875 *  x[0]^1.0 - 0.1328 *  x[1]^1.0 - 0.0543 *  x[2]^1.0 + 0.7029 * 1; 0.1203 *  x[0]^1.0 - 0.0233 *  x[1]^1.0 - 0.0142 *  x[2]^1.0 + 0.7431 * 1; 0.2025 *  x[0]^1.0 + 0.053 *  x[1]^1.0 - 0.0018 *  x[2]^1.0 + 0.8107 * 1

2019-05-02-09-18-10   >>>>   End verify ranking function

verifying time = 15.087 ms


Not Found Ranking Fcuntion

Conterexample is 

[84.23012552301255, -85.23012552301255, 86.23012552301255]

sampling time = 4.843 ms


       ########################################         

iteration 9 with 66 examples

2019-05-02-09-18-10   >>>>   Start train ranking function

2019-05-02-09-18-10   >>>>   End train ranking function

train_ranking_functioning time = 1.141 ms


2019-05-02-09-18-10   >>>>   Start verify ranking function

[xr_1 = -20536/327, xr_2 = 20863/327, xr_0 = 20209/327]
ranking function : 0.0016 *  x[0]^1.0 + 0.0047 *  x[1]^1.0 - 0.0545 *  x[2]^1.0 + 0.6685 * 1; 0.0168 *  x[0]^1.0 - 0.0224 *  x[1]^1.0 - 0.0336 *  x[2]^1.0 + 0.6741 * 1; 0.0931 *  x[0]^1.0 - 0.1415 *  x[1]^1.0 - 0.0563 *  x[2]^1.0 + 0.7052 * 1; 0.1196 *  x[0]^1.0 - 0.0081 *  x[1]^1.0 - 0.01 *  x[2]^1.0 + 0.745 * 1; 0.2061 *  x[0]^1.0 + 0.0581 *  x[1]^1.0 - 0.0004 *  x[2]^1.0 + 0.8136 * 1

2019-05-02-09-18-10   >>>>   End verify ranking function

verifying time = 15.262 ms


Not Found Ranking Fcuntion

Conterexample is 

[61.801223241590215, -62.801223241590215, 63.801223241590215]

sampling time = 4.847 ms


       ########################################         

iteration 10 with 72 examples

2019-05-02-09-18-10   >>>>   Start train ranking function

2019-05-02-09-18-10   >>>>   End train ranking function

train_ranking_functioning time = 1.188 ms


2019-05-02-09-18-10   >>>>   Start verify ranking function

[xr_1 = -20511/343, xr_2 = 20854/343, xr_0 = 20168/343]
ranking function : 0.0016 *  x[0]^1.0 + 0.0047 *  x[1]^1.0 - 0.0545 *  x[2]^1.0 + 0.6685 * 1; 0.0167 *  x[0]^1.0 - 0.0223 *  x[1]^1.0 - 0.0336 *  x[2]^1.0 + 0.6741 * 1; 0.0929 *  x[0]^1.0 - 0.1411 *  x[1]^1.0 - 0.0559 *  x[2]^1.0 + 0.7051 * 1; 0.1194 *  x[0]^1.0 - 0.0084 *  x[1]^1.0 - 0.0102 *  x[2]^1.0 + 0.7449 * 1; 0.2053 *  x[0]^1.0 + 0.0586 *  x[1]^1.0 - 0.0018 *  x[2]^1.0 + 0.8133 * 1

2019-05-02-09-18-10   >>>>   End verify ranking function

verifying time = 15.097 ms


Not Found Ranking Fcuntion

Conterexample is 

[58.798833819241985, -59.798833819241985, 60.798833819241985]

sampling time = 4.886 ms


       ########################################         

iteration 11 with 78 examples

2019-05-02-09-18-10   >>>>   Start train ranking function

2019-05-02-09-18-10   >>>>   End train ranking function

train_ranking_functioning time = 1.132 ms


2019-05-02-09-18-10   >>>>   Start verify ranking function

[xr_1 = -20363/239, xr_2 = 20602/239, xr_0 = 20124/239]
ranking function : 0.0014 *  x[0]^1.0 + 0.005 *  x[1]^1.0 - 0.0544 *  x[2]^1.0 + 0.6685 * 1; 0.0157 *  x[0]^1.0 - 0.0207 *  x[1]^1.0 - 0.0332 *  x[2]^1.0 + 0.6737 * 1; 0.0873 *  x[0]^1.0 - 0.1325 *  x[1]^1.0 - 0.0542 *  x[2]^1.0 + 0.7028 * 1; 0.1209 *  x[0]^1.0 - 0.0249 *  x[1]^1.0 - 0.0148 *  x[2]^1.0 + 0.7431 * 1; 0.202 *  x[0]^1.0 + 0.0544 *  x[1]^1.0 - 0.001 *  x[2]^1.0 + 0.8104 * 1

2019-05-02-09-18-10   >>>>   End verify ranking function

verifying time = 14.982 ms


Not Found Ranking Fcuntion

Conterexample is 

[84.20083682008368, -85.20083682008368, 86.20083682008368]

sampling time = 4.901 ms


       ########################################         

iteration 12 with 84 examples

2019-05-02-09-18-10   >>>>   Start train ranking function

2019-05-02-09-18-10   >>>>   End train ranking function

train_ranking_functioning time = 1.175 ms


2019-05-02-09-18-10   >>>>   Start verify ranking function

[xr_1 = -20347/232, xr_2 = 20579/232, xr_0 = 20115/232]
ranking function : 0.0014 *  x[0]^1.0 + 0.005 *  x[1]^1.0 - 0.0544 *  x[2]^1.0 + 0.6684 * 1; 0.0156 *  x[0]^1.0 - 0.0206 *  x[1]^1.0 - 0.0332 *  x[2]^1.0 + 0.6737 * 1; 0.0868 *  x[0]^1.0 - 0.1317 *  x[1]^1.0 - 0.054 *  x[2]^1.0 + 0.7026 * 1; 0.1198 *  x[0]^1.0 - 0.0241 *  x[1]^1.0 - 0.0147 *  x[2]^1.0 + 0.7425 * 1; 0.2016 *  x[0]^1.0 + 0.052 *  x[1]^1.0 + 0.0004 *  x[2]^1.0 + 0.8094 * 1

2019-05-02-09-18-10   >>>>   End verify ranking function

verifying time = 14.924 ms


Not Found Ranking Fcuntion

Conterexample is 

[86.70258620689656, -87.70258620689656, 88.70258620689656]

sampling time = 4.861 ms


       ########################################         

iteration 13 with 90 examples

2019-05-02-09-18-10   >>>>   Start train ranking function

2019-05-02-09-18-10   >>>>   End train ranking function

train_ranking_functioning time = 1.174 ms


2019-05-02-09-18-10   >>>>   Start verify ranking function

[xr_1 = -20366/259, xr_2 = 20625/259, xr_0 = 20107/259]
ranking function : 0.0015 *  x[0]^1.0 + 0.0049 *  x[1]^1.0 - 0.0544 *  x[2]^1.0 + 0.6685 * 1; 0.0158 *  x[0]^1.0 - 0.0208 *  x[1]^1.0 - 0.0333 *  x[2]^1.0 + 0.6737 * 1; 0.0878 *  x[0]^1.0 - 0.1333 *  x[1]^1.0 - 0.0542 *  x[2]^1.0 + 0.703 * 1; 0.1204 *  x[0]^1.0 - 0.0228 *  x[1]^1.0 - 0.0146 *  x[2]^1.0 + 0.7431 * 1; 0.2018 *  x[0]^1.0 + 0.0553 *  x[1]^1.0 + 0.0004 *  x[2]^1.0 + 0.8102 * 1

2019-05-02-09-18-10   >>>>   End verify ranking function

verifying time = 14.916 ms


Not Found Ranking Fcuntion

Conterexample is 

[77.63320463320463, -78.63320463320463, 79.63320463320463]

sampling time = 4.921 ms


       ########################################         

iteration 14 with 96 examples

2019-05-02-09-18-10   >>>>   Start train ranking function

2019-05-02-09-18-10   >>>>   End train ranking function

train_ranking_functioning time = 1.214 ms


2019-05-02-09-18-10   >>>>   Start verify ranking function

[xr_1 = -20363/243, xr_2 = 20606/243, xr_0 = 20120/243]
ranking function : 0.0014 *  x[0]^1.0 + 0.0049 *  x[1]^1.0 - 0.0544 *  x[2]^1.0 + 0.6685 * 1; 0.0157 *  x[0]^1.0 - 0.0207 *  x[1]^1.0 - 0.0333 *  x[2]^1.0 + 0.6737 * 1; 0.0874 *  x[0]^1.0 - 0.1326 *  x[1]^1.0 - 0.0542 *  x[2]^1.0 + 0.7029 * 1; 0.1202 *  x[0]^1.0 - 0.0235 *  x[1]^1.0 - 0.0148 *  x[2]^1.0 + 0.7429 * 1; 0.2023 *  x[0]^1.0 + 0.0528 *  x[1]^1.0 + 0.0004 *  x[2]^1.0 + 0.8103 * 1

2019-05-02-09-18-10   >>>>   End verify ranking function

verifying time = 15.064 ms


Not Found Ranking Fcuntion

Conterexample is 

[82.79835390946502, -83.79835390946502, 84.79835390946502]

sampling time = 5.438 ms


       ########################################         

iteration 15 with 102 examples

2019-05-02-09-18-10   >>>>   Start train ranking function

2019-05-02-09-18-10   >>>>   End train ranking function

train_ranking_functioning time = 1.254 ms


2019-05-02-09-18-10   >>>>   Start verify ranking function

[xr_1 = -9963/14, xr_2 = 9977/14, xr_0 = 9949/14]
ranking function : 0.001 *  x[0]^1.0 + 0.0057 *  x[1]^1.0 - 0.0542 *  x[2]^1.0 + 0.6683 * 1; 0.0131 *  x[0]^1.0 - 0.0166 *  x[1]^1.0 - 0.0323 *  x[2]^1.0 + 0.6726 * 1; 0.073 *  x[0]^1.0 - 0.1103 *  x[1]^1.0 - 0.0489 *  x[2]^1.0 + 0.697 * 1; 0.121 *  x[0]^1.0 - 0.0601 *  x[1]^1.0 - 0.0257 *  x[2]^1.0 + 0.7374 * 1; 0.1904 *  x[0]^1.0 + 0.043 *  x[1]^1.0 + 0.0013 *  x[2]^1.0 + 0.8008 * 1

2019-05-02-09-18-10   >>>>   End verify ranking function

verifying time = 16.395 ms


Not Found Ranking Fcuntion

Conterexample is 

[710.6428571428571, -711.6428571428571, 712.6428571428571]

sampling time = 5.404 ms


       ########################################         

iteration 16 with 108 examples

2019-05-02-09-18-10   >>>>   Start train ranking function

2019-05-02-09-18-10   >>>>   End train ranking function

train_ranking_functioning time = 1.344 ms


2019-05-02-09-18-10   >>>>   Start verify ranking function

[xr_1 = -20381/254, xr_2 = 20635/254, xr_0 = 20127/254]
ranking function : 0.0015 *  x[0]^1.0 + 0.0049 *  x[1]^1.0 - 0.0544 *  x[2]^1.0 + 0.6685 * 1; 0.0158 *  x[0]^1.0 - 0.0209 *  x[1]^1.0 - 0.0333 *  x[2]^1.0 + 0.6738 * 1; 0.088 *  x[0]^1.0 - 0.1336 *  x[1]^1.0 - 0.0544 *  x[2]^1.0 + 0.7031 * 1; 0.1206 *  x[0]^1.0 - 0.0228 *  x[1]^1.0 - 0.0142 *  x[2]^1.0 + 0.7433 * 1; 0.2026 *  x[0]^1.0 + 0.0544 *  x[1]^1.0 + 0.001 *  x[2]^1.0 + 0.8108 * 1

2019-05-02-09-18-10   >>>>   End verify ranking function

verifying time = 15.246 ms


Not Found Ranking Fcuntion

Conterexample is 

[79.24015748031496, -80.24015748031496, 81.24015748031496]

sampling time = 4.973 ms


       ########################################         

iteration 17 with 114 examples

2019-05-02-09-18-10   >>>>   Start train ranking function

2019-05-02-09-18-10   >>>>   End train ranking function

train_ranking_functioning time = 1.246 ms


2019-05-02-09-18-10   >>>>   Start verify ranking function

[xr_1 = -20347/236, xr_2 = 20583/236, xr_0 = 20111/236]
ranking function : 0.0014 *  x[0]^1.0 + 0.005 *  x[1]^1.0 - 0.0544 *  x[2]^1.0 + 0.6684 * 1; 0.0156 *  x[0]^1.0 - 0.0206 *  x[1]^1.0 - 0.0333 *  x[2]^1.0 + 0.6737 * 1; 0.0869 *  x[0]^1.0 - 0.1318 *  x[1]^1.0 - 0.054 *  x[2]^1.0 + 0.7027 * 1; 0.1199 *  x[0]^1.0 - 0.024 *  x[1]^1.0 - 0.0144 *  x[2]^1.0 + 0.7426 * 1; 0.2018 *  x[0]^1.0 + 0.0519 *  x[1]^1.0 + 0.0004 *  x[2]^1.0 + 0.81 * 1

2019-05-02-09-18-10   >>>>   End verify ranking function

verifying time = 15.139 ms


Not Found Ranking Fcuntion

Conterexample is 

[85.21610169491525, -86.21610169491525, 87.21610169491525]

sampling time = 4.914 ms


       ########################################         

iteration 18 with 120 examples

2019-05-02-09-18-10   >>>>   Start train ranking function

2019-05-02-09-18-10   >>>>   End train ranking function

train_ranking_functioning time = 1.415 ms


2019-05-02-09-18-10   >>>>   Start verify ranking function

[xr_1 = -2564/39, xr_2 = 2603/39, xr_0 = 2525/39]
ranking function : 0.0016 *  x[0]^1.0 + 0.0047 *  x[1]^1.0 - 0.0545 *  x[2]^1.0 + 0.6685 * 1; 0.0166 *  x[0]^1.0 - 0.0221 *  x[1]^1.0 - 0.0335 *  x[2]^1.0 + 0.6741 * 1; 0.0922 *  x[0]^1.0 - 0.1401 *  x[1]^1.0 - 0.056 *  x[2]^1.0 + 0.7048 * 1; 0.1191 *  x[0]^1.0 - 0.0094 *  x[1]^1.0 - 0.0103 *  x[2]^1.0 + 0.7445 * 1; 0.2046 *  x[0]^1.0 + 0.0578 *  x[1]^1.0 + 0.0011 *  x[2]^1.0 + 0.8128 * 1

2019-05-02-09-18-10   >>>>   End verify ranking function

verifying time = 15.100 ms


Not Found Ranking Fcuntion

Conterexample is 

[64.74358974358974, -65.74358974358974, 66.74358974358974]

sampling time = 4.935 ms


       ########################################         

iteration 19 with 126 examples

2019-05-02-09-18-10   >>>>   Start train ranking function

2019-05-02-09-18-10   >>>>   End train ranking function

train_ranking_functioning time = 1.318 ms


2019-05-02-09-18-10   >>>>   Start verify ranking function

[xr_1 = -20347/231, xr_2 = 20578/231, xr_0 = 20116/231]
ranking function : 0.0014 *  x[0]^1.0 + 0.005 *  x[1]^1.0 - 0.0544 *  x[2]^1.0 + 0.6684 * 1; 0.0156 *  x[0]^1.0 - 0.0205 *  x[1]^1.0 - 0.0332 *  x[2]^1.0 + 0.6737 * 1; 0.0868 *  x[0]^1.0 - 0.1316 *  x[1]^1.0 - 0.054 *  x[2]^1.0 + 0.7026 * 1; 0.1195 *  x[0]^1.0 - 0.0236 *  x[1]^1.0 - 0.0148 *  x[2]^1.0 + 0.7424 * 1; 0.2009 *  x[0]^1.0 + 0.0527 *  x[1]^1.0 - 0.0028 *  x[2]^1.0 + 0.8094 * 1

2019-05-02-09-18-10   >>>>   End verify ranking function

verifying time = 15.156 ms


Not Found Ranking Fcuntion

Conterexample is 

[87.08225108225108, -88.08225108225108, 89.08225108225108]

sampling time = 4.917 ms


       ########################################         

iteration 20 with 132 examples

2019-05-02-09-18-10   >>>>   Start train ranking function

2019-05-02-09-18-10   >>>>   End train ranking function

train_ranking_functioning time = 1.347 ms


2019-05-02-09-18-10   >>>>   Start verify ranking function

[xr_1 = -20536/329, xr_2 = 20865/329, xr_0 = 20207/329]
ranking function : 0.0016 *  x[0]^1.0 + 0.0046 *  x[1]^1.0 - 0.0545 *  x[2]^1.0 + 0.6685 * 1; 0.0168 *  x[0]^1.0 - 0.0224 *  x[1]^1.0 - 0.0337 *  x[2]^1.0 + 0.6741 * 1; 0.0932 *  x[0]^1.0 - 0.1415 *  x[1]^1.0 - 0.0563 *  x[2]^1.0 + 0.7052 * 1; 0.1197 *  x[0]^1.0 - 0.0082 *  x[1]^1.0 - 0.0098 *  x[2]^1.0 + 0.7451 * 1; 0.2063 *  x[0]^1.0 + 0.0579 *  x[1]^1.0 + 0.0004 *  x[2]^1.0 + 0.8138 * 1

2019-05-02-09-18-10   >>>>   End verify ranking function

verifying time = 14.971 ms


Not Found Ranking Fcuntion

Conterexample is 

[61.41945288753799, -62.41945288753799, 63.41945288753799]

sampling time = 4.906 ms


       ########################################         

iteration 21 with 138 examples

2019-05-02-09-18-10   >>>>   Start train ranking function

2019-05-02-09-18-10   >>>>   End train ranking function

train_ranking_functioning time = 1.356 ms


2019-05-02-09-18-10   >>>>   Start verify ranking function

[xr_1 = -5126/79, xr_2 = 5205/79, xr_0 = 5047/79]
ranking function : 0.0016 *  x[0]^1.0 + 0.0047 *  x[1]^1.0 - 0.0545 *  x[2]^1.0 + 0.6685 * 1; 0.0166 *  x[0]^1.0 - 0.0221 *  x[1]^1.0 - 0.0336 *  x[2]^1.0 + 0.6741 * 1; 0.0921 *  x[0]^1.0 - 0.14 *  x[1]^1.0 - 0.0559 *  x[2]^1.0 + 0.7048 * 1; 0.1188 *  x[0]^1.0 - 0.009 *  x[1]^1.0 - 0.0097 *  x[2]^1.0 + 0.7444 * 1; 0.2047 *  x[0]^1.0 + 0.0567 *  x[1]^1.0 + 0.0011 *  x[2]^1.0 + 0.8127 * 1

2019-05-02-09-18-10   >>>>   End verify ranking function

verifying time = 14.974 ms


Not Found Ranking Fcuntion

Conterexample is 

[63.88607594936709, -64.88607594936708, 65.88607594936708]

sampling time = 4.900 ms


       ########################################         

iteration 22 with 144 examples

2019-05-02-09-18-10   >>>>   Start train ranking function

2019-05-02-09-18-10   >>>>   End train ranking function

train_ranking_functioning time = 1.405 ms


2019-05-02-09-18-10   >>>>   Start verify ranking function

[xr_1 = -10252/157, xr_2 = 10409/157, xr_0 = 10095/157]
ranking function : 0.0016 *  x[0]^1.0 + 0.0047 *  x[1]^1.0 - 0.0545 *  x[2]^1.0 + 0.6685 * 1; 0.0166 *  x[0]^1.0 - 0.0221 *  x[1]^1.0 - 0.0336 *  x[2]^1.0 + 0.6741 * 1; 0.0921 *  x[0]^1.0 - 0.1399 *  x[1]^1.0 - 0.0559 *  x[2]^1.0 + 0.7048 * 1; 0.1191 *  x[0]^1.0 - 0.0097 *  x[1]^1.0 - 0.0105 *  x[2]^1.0 + 0.7445 * 1; 0.2053 *  x[0]^1.0 + 0.0562 *  x[1]^1.0 + 0.0009 *  x[2]^1.0 + 0.8132 * 1

2019-05-02-09-18-10   >>>>   End verify ranking function

verifying time = 14.906 ms


Not Found Ranking Fcuntion

Conterexample is 

[64.29936305732484, -65.29936305732484, 66.29936305732484]

sampling time = 4.872 ms


       ########################################         

iteration 23 with 150 examples

2019-05-02-09-18-10   >>>>   Start train ranking function

2019-05-02-09-18-10   >>>>   End train ranking function
