------Using Template 0 -----------
4 [4]
*****************************************************

2019-05-02-09-23-02   >>>>   End sampling point

sampling time = 112.668 ms,


       ########################################         

iteration 0 with 220 examples

2019-05-02-09-23-02   >>>>   Start train ranking function

2019-05-02-09-23-02   >>>>   End train ranking function

train_ranking_functioning time = 0.691 ms


2019-05-02-09-23-02   >>>>   Start verify ranking function

[xr_1 = 0, xr_2 = 0, xr_0 = 5/15416]
ranking function : 2.028 *  x[0]^1.0 - 0.0254 *  x[1]^1.0 - 2.0832 *  x[2]^1.0 + 2.8654 * 1

2019-05-02-09-23-02   >>>>   End verify ranking function

verifying time = 7.779 ms


Not Found Ranking Fcuntion

Conterexample is 

[0.0003243383497664764, 0, 0]

sampling time = 1.028 ms


       ########################################         

iteration 1 with 222 examples

2019-05-02-09-23-02   >>>>   Start train ranking function

2019-05-02-09-23-02   >>>>   End train ranking function

train_ranking_functioning time = 0.589 ms


2019-05-02-09-23-02   >>>>   Start verify ranking function

[xr_1 = 0, xr_2 = 0, xr_0 = 5/15416]
ranking function : 2.0281 *  x[0]^1.0 - 0.0254 *  x[1]^1.0 - 2.0832 *  x[2]^1.0 + 2.8655 * 1

2019-05-02-09-23-02   >>>>   End verify ranking function

verifying time = 7.626 ms


Not Found Ranking Fcuntion

Conterexample is 

[0.0003243383497664764, 0, 0]

sampling time = 1.014 ms


       ########################################         

iteration 2 with 224 examples

2019-05-02-09-23-02   >>>>   Start train ranking function

2019-05-02-09-23-02   >>>>   End train ranking function

train_ranking_functioning time = 0.626 ms


2019-05-02-09-23-02   >>>>   Start verify ranking function

[xr_1 = 0, xr_2 = 0, xr_0 = 10/30833]
ranking function : 2.0281 *  x[0]^1.0 - 0.0254 *  x[1]^1.0 - 2.0833 *  x[2]^1.0 + 2.8655 * 1

2019-05-02-09-23-02   >>>>   End verify ranking function

verifying time = 7.614 ms


Not Found Ranking Fcuntion

Conterexample is 

[0.0003243278305711413, 0, 0]

sampling time = 1.008 ms


       ########################################         

iteration 3 with 226 examples

2019-05-02-09-23-02   >>>>   Start train ranking function

2019-05-02-09-23-02   >>>>   End train ranking function

train_ranking_functioning time = 0.566 ms


2019-05-02-09-23-02   >>>>   Start verify ranking function

[xr_1 = 0, xr_2 = 0, xr_0 = 5/15417]
ranking function : 2.0282 *  x[0]^1.0 - 0.0254 *  x[1]^1.0 - 2.0834 *  x[2]^1.0 + 2.8656 * 1

2019-05-02-09-23-02   >>>>   End verify ranking function

verifying time = 7.536 ms


Not Found Ranking Fcuntion

Conterexample is 

[0.00032431731205811765, 0, 0]

sampling time = 1.008 ms


       ########################################         

iteration 4 with 228 examples

2019-05-02-09-23-02   >>>>   Start train ranking function

2019-05-02-09-23-02   >>>>   End train ranking function

train_ranking_functioning time = 0.590 ms


2019-05-02-09-23-02   >>>>   Start verify ranking function

[xr_1 = 0, xr_2 = 0, xr_0 = 5/15417]
ranking function : 2.0283 *  x[0]^1.0 - 0.0254 *  x[1]^1.0 - 2.0834 *  x[2]^1.0 + 2.8656 * 1

2019-05-02-09-23-02   >>>>   End verify ranking function

verifying time = 7.638 ms


Not Found Ranking Fcuntion

Conterexample is 

[0.00032431731205811765, 0, 0]

sampling time = 1.025 ms


       ########################################         

iteration 5 with 230 examples

2019-05-02-09-23-02   >>>>   Start train ranking function

2019-05-02-09-23-02   >>>>   End train ranking function

train_ranking_functioning time = 0.614 ms


2019-05-02-09-23-02   >>>>   Start verify ranking function

[xr_1 = 0, xr_2 = 0, xr_0 = 2/6167]
ranking function : 2.0283 *  x[0]^1.0 - 0.0254 *  x[1]^1.0 - 2.0835 *  x[2]^1.0 + 2.8657 * 1

2019-05-02-09-23-02   >>>>   End verify ranking function

verifying time = 7.555 ms


Not Found Ranking Fcuntion

Conterexample is 

[0.00032430679422733907, 0, 0]

sampling time = 1.018 ms


       ########################################         

iteration 6 with 232 examples

2019-05-02-09-23-02   >>>>   Start train ranking function

2019-05-02-09-23-02   >>>>   End train ranking function

train_ranking_functioning time = 0.605 ms


2019-05-02-09-23-02   >>>>   Start verify ranking function

[xr_1 = 0, xr_2 = 0, xr_0 = 2/6167]
ranking function : 2.0284 *  x[0]^1.0 - 0.0254 *  x[1]^1.0 - 2.0835 *  x[2]^1.0 + 2.8657 * 1

2019-05-02-09-23-02   >>>>   End verify ranking function

verifying time = 7.561 ms


Not Found Ranking Fcuntion

Conterexample is 

[0.00032430679422733907, 0, 0]

sampling time = 1.013 ms


       ########################################         

iteration 7 with 234 examples

2019-05-02-09-23-02   >>>>   Start train ranking function

2019-05-02-09-23-02   >>>>   End train ranking function

train_ranking_functioning time = 0.603 ms


2019-05-02-09-23-02   >>>>   Start verify ranking function

[xr_1 = 0, xr_2 = 0, xr_0 = 5/15418]
ranking function : 2.0284 *  x[0]^1.0 - 0.0254 *  x[1]^1.0 - 2.0836 *  x[2]^1.0 + 2.8658 * 1

2019-05-02-09-23-02   >>>>   End verify ranking function

verifying time = 7.749 ms


Not Found Ranking Fcuntion

Conterexample is 

[0.00032429627707873914, 0, 0]

sampling time = 1.014 ms


       ########################################         

iteration 8 with 236 examples

2019-05-02-09-23-02   >>>>   Start train ranking function

2019-05-02-09-23-02   >>>>   End train ranking function

train_ranking_functioning time = 0.604 ms


2019-05-02-09-23-02   >>>>   Start verify ranking function

[xr_1 = 0, xr_2 = 0, xr_0 = 5/15418]
ranking function : 2.0285 *  x[0]^1.0 - 0.0254 *  x[1]^1.0 - 2.0836 *  x[2]^1.0 + 2.8658 * 1

2019-05-02-09-23-02   >>>>   End verify ranking function

verifying time = 7.568 ms


Not Found Ranking Fcuntion

Conterexample is 

[0.00032429627707873914, 0, 0]

sampling time = 1.014 ms


       ########################################         

iteration 9 with 238 examples

2019-05-02-09-23-02   >>>>   Start train ranking function

2019-05-02-09-23-02   >>>>   End train ranking function

train_ranking_functioning time = 0.584 ms


2019-05-02-09-23-02   >>>>   Start verify ranking function

[xr_1 = 0, xr_2 = 0, xr_0 = 10/30837]
ranking function : 2.0286 *  x[0]^1.0 - 0.0254 *  x[1]^1.0 - 2.0837 *  x[2]^1.0 + 2.8659 * 1

2019-05-02-09-23-02   >>>>   End verify ranking function

verifying time = 7.583 ms


Not Found Ranking Fcuntion

Conterexample is 

[0.0003242857606122515, 0, 0]

sampling time = 1.020 ms


       ########################################         

iteration 10 with 240 examples

2019-05-02-09-23-02   >>>>   Start train ranking function

2019-05-02-09-23-02   >>>>   End train ranking function

train_ranking_functioning time = 0.696 ms


2019-05-02-09-23-02   >>>>   Start verify ranking function

[xr_1 = 0, xr_2 = 0, xr_0 = 5/15419]
ranking function : 2.0286 *  x[0]^1.0 - 0.0254 *  x[1]^1.0 - 2.0838 *  x[2]^1.0 + 2.8659 * 1

2019-05-02-09-23-02   >>>>   End verify ranking function

verifying time = 7.592 ms


Not Found Ranking Fcuntion

Conterexample is 

[0.00032427524482780983, 0, 0]

sampling time = 1.019 ms


       ########################################         

iteration 11 with 242 examples

2019-05-02-09-23-02   >>>>   Start train ranking function

2019-05-02-09-23-02   >>>>   End train ranking function

train_ranking_functioning time = 0.626 ms


2019-05-02-09-23-02   >>>>   Start verify ranking function

[xr_1 = 0, xr_2 = 0, xr_0 = 5/15419]
ranking function : 2.0287 *  x[0]^1.0 - 0.0254 *  x[1]^1.0 - 2.0838 *  x[2]^1.0 + 2.866 * 1

2019-05-02-09-23-02   >>>>   End verify ranking function

verifying time = 7.629 ms


Not Found Ranking Fcuntion

Conterexample is 

[0.00032427524482780983, 0, 0]

sampling time = 1.036 ms


       ########################################         

iteration 12 with 244 examples

2019-05-02-09-23-02   >>>>   Start train ranking function

2019-05-02-09-23-02   >>>>   End train ranking function

train_ranking_functioning time = 0.608 ms


2019-05-02-09-23-02   >>>>   Start verify ranking function

[xr_1 = 0, xr_2 = 0, xr_0 = 10/30839]
ranking function : 2.0287 *  x[0]^1.0 - 0.0254 *  x[1]^1.0 - 2.0839 *  x[2]^1.0 + 2.866 * 1

2019-05-02-09-23-02   >>>>   End verify ranking function

verifying time = 7.637 ms


Not Found Ranking Fcuntion

Conterexample is 

[0.0003242647297253478, 0, 0]

sampling time = 1.220 ms


       ########################################         

iteration 13 with 246 examples

2019-05-02-09-23-02   >>>>   Start train ranking function

2019-05-02-09-23-02   >>>>   End train ranking function

train_ranking_functioning time = 0.690 ms


2019-05-02-09-23-02   >>>>   Start verify ranking function

[xr_1 = 0, xr_2 = 0, xr_0 = 10/30839]
ranking function : 2.0288 *  x[0]^1.0 - 0.0254 *  x[1]^1.0 - 2.0839 *  x[2]^1.0 + 2.8661 * 1

2019-05-02-09-23-02   >>>>   End verify ranking function

verifying time = 8.352 ms


Not Found Ranking Fcuntion

Conterexample is 

[0.0003242647297253478, 0, 0]

sampling time = 1.117 ms


       ########################################         

iteration 14 with 248 examples

2019-05-02-09-23-02   >>>>   Start train ranking function

2019-05-02-09-23-02   >>>>   End train ranking function

train_ranking_functioning time = 0.707 ms


2019-05-02-09-23-02   >>>>   Start verify ranking function

[xr_1 = 0, xr_2 = 0, xr_0 = 1/3084]
ranking function : 2.0289 *  x[0]^1.0 - 0.0254 *  x[1]^1.0 - 2.084 *  x[2]^1.0 + 2.8662 * 1

2019-05-02-09-23-02   >>>>   End verify ranking function

verifying time = 7.881 ms


Not Found Ranking Fcuntion

Conterexample is 

[0.00032425421530479895, 0, 0]

sampling time = 1.083 ms


       ########################################         

iteration 15 with 250 examples

2019-05-02-09-23-02   >>>>   Start train ranking function

2019-05-02-09-23-02   >>>>   End train ranking function

train_ranking_functioning time = 0.680 ms


2019-05-02-09-23-02   >>>>   Start verify ranking function

[xr_1 = 0, xr_2 = 0, xr_0 = 10/30841]
ranking function : 2.0289 *  x[0]^1.0 - 0.0254 *  x[1]^1.0 - 2.0841 *  x[2]^1.0 + 2.8662 * 1

2019-05-02-09-23-02   >>>>   End verify ranking function

verifying time = 8.064 ms


Not Found Ranking Fcuntion

Conterexample is 

[0.0003242437015660971, 0, 0]

sampling time = 1.030 ms


       ########################################         

iteration 16 with 252 examples

2019-05-02-09-23-02   >>>>   Start train ranking function

2019-05-02-09-23-02   >>>>   End train ranking function

train_ranking_functioning time = 0.649 ms


2019-05-02-09-23-02   >>>>   Start verify ranking function

[xr_1 = 0, xr_2 = 0, xr_0 = 10/30841]
ranking function : 2.029 *  x[0]^1.0 - 0.0254 *  x[1]^1.0 - 2.0841 *  x[2]^1.0 + 2.8663 * 1

2019-05-02-09-23-02   >>>>   End verify ranking function

verifying time = 7.626 ms


Not Found Ranking Fcuntion

Conterexample is 

[0.0003242437015660971, 0, 0]

sampling time = 1.020 ms


       ########################################         

iteration 17 with 254 examples

2019-05-02-09-23-02   >>>>   Start train ranking function

2019-05-02-09-23-02   >>>>   End train ranking function

train_ranking_functioning time = 0.611 ms


2019-05-02-09-23-02   >>>>   Start verify ranking function

[xr_1 = 0, xr_2 = 0, xr_0 = 5/15421]
ranking function : 2.029 *  x[0]^1.0 - 0.0254 *  x[1]^1.0 - 2.0842 *  x[2]^1.0 + 2.8663 * 1

2019-05-02-09-23-02   >>>>   End verify ranking function

verifying time = 7.598 ms


Not Found Ranking Fcuntion

Conterexample is 

[0.0003242331885091758, 0, 0]

sampling time = 0.998 ms


       ########################################         

iteration 18 with 256 examples

2019-05-02-09-23-02   >>>>   Start train ranking function

2019-05-02-09-23-02   >>>>   End train ranking function

train_ranking_functioning time = 0.642 ms


2019-05-02-09-23-02   >>>>   Start verify ranking function

[xr_1 = 0, xr_2 = 0, xr_0 = 5/15421]
ranking function : 2.0291 *  x[0]^1.0 - 0.0254 *  x[1]^1.0 - 2.0842 *  x[2]^1.0 + 2.8664 * 1

2019-05-02-09-23-02   >>>>   End verify ranking function

verifying time = 7.684 ms


Not Found Ranking Fcuntion

Conterexample is 

[0.0003242331885091758, 0, 0]

sampling time = 1.014 ms


       ########################################         

iteration 19 with 258 examples

2019-05-02-09-23-02   >>>>   Start train ranking function

2019-05-02-09-23-02   >>>>   End train ranking function

train_ranking_functioning time = 0.655 ms


2019-05-02-09-23-02   >>>>   Start verify ranking function

[xr_1 = 0, xr_2 = 0, xr_0 = 10/30843]
ranking function : 2.0292 *  x[0]^1.0 - 0.0254 *  x[1]^1.0 - 2.0843 *  x[2]^1.0 + 2.8664 * 1

2019-05-02-09-23-02   >>>>   End verify ranking function

verifying time = 7.711 ms


Not Found Ranking Fcuntion

Conterexample is 

[0.0003242226761339688, 0, 0]

sampling time = 1.024 ms


       ########################################         

iteration 20 with 260 examples

2019-05-02-09-23-02   >>>>   Start train ranking function

2019-05-02-09-23-02   >>>>   End train ranking function

train_ranking_functioning time = 0.675 ms


2019-05-02-09-23-02   >>>>   Start verify ranking function

[xr_1 = 0, xr_2 = 0, xr_0 = 10/30843]
ranking function : 2.0292 *  x[0]^1.0 - 0.0254 *  x[1]^1.0 - 2.0843 *  x[2]^1.0 + 2.8665 * 1

2019-05-02-09-23-02   >>>>   End verify ranking function

verifying time = 7.570 ms


Not Found Ranking Fcuntion

Conterexample is 

[0.0003242226761339688, 0, 0]

sampling time = 1.023 ms


       ########################################         

iteration 21 with 262 examples

2019-05-02-09-23-02   >>>>   Start train ranking function

2019-05-02-09-23-02   >>>>   End train ranking function

train_ranking_functioning time = 0.701 ms


2019-05-02-09-23-02   >>>>   Start verify ranking function

[xr_1 = 0, xr_2 = 0, xr_0 = 5/15422]
ranking function : 2.0293 *  x[0]^1.0 - 0.0254 *  x[1]^1.0 - 2.0844 *  x[2]^1.0 + 2.8665 * 1

2019-05-02-09-23-02   >>>>   End verify ranking function

verifying time = 7.640 ms


Not Found Ranking Fcuntion

Conterexample is 

[0.0003242121644404098, 0, 0]

sampling time = 1.032 ms


       ########################################         

iteration 22 with 264 examples

2019-05-02-09-23-02   >>>>   Start train ranking function

2019-05-02-09-23-02   >>>>   End train ranking function

train_ranking_functioning time = 0.633 ms


2019-05-02-09-23-02   >>>>   Start verify ranking function

[xr_1 = 0, xr_2 = 0, xr_0 = 2/6169]
ranking function : 2.0293 *  x[0]^1.0 - 0.0254 *  x[1]^1.0 - 2.0845 *  x[2]^1.0 + 2.8666 * 1

2019-05-02-09-23-02   >>>>   End verify ranking function

verifying time = 7.583 ms


Not Found Ranking Fcuntion

Conterexample is 

[0.0003242016534284325, 0, 0]

sampling time = 1.019 ms


       ########################################         

iteration 23 with 266 examples

2019-05-02-09-23-02   >>>>   Start train ranking function

2019-05-02-09-23-02   >>>>   End train ranking function

train_ranking_functioning time = 0.672 ms


2019-05-02-09-23-02   >>>>   Start verify ranking function

[xr_1 = 0, xr_2 = 0, xr_0 = 2/6169]
ranking function : 2.0294 *  x[0]^1.0 - 0.0254 *  x[1]^1.0 - 2.0845 *  x[2]^1.0 + 2.8666 * 1

2019-05-02-09-23-02   >>>>   End verify ranking function

verifying time = 7.557 ms


Not Found Ranking Fcuntion

Conterexample is 

[0.0003242016534284325, 0, 0]

sampling time = 1.018 ms


       ########################################         

iteration 24 with 268 examples

2019-05-02-09-23-02   >>>>   Start train ranking function

2019-05-02-09-23-02   >>>>   End train ranking function

train_ranking_functioning time = 0.648 ms


2019-05-02-09-23-02   >>>>   Start verify ranking function

[xr_1 = 0, xr_2 = 0, xr_0 = 5/15423]
ranking function : 2.0295 *  x[0]^1.0 - 0.0254 *  x[1]^1.0 - 2.0846 *  x[2]^1.0 + 2.8667 * 1

2019-05-02-09-23-02   >>>>   End verify ranking function

verifying time = 7.605 ms


Not Found Ranking Fcuntion

Conterexample is 

[0.0003241911430979706, 0, 0]

sampling time = 1.111 ms


Failed to prove it is terminated

UNKNOWN
------Using Template 1 -----------
2 [2]
*****************************************************

2019-05-02-09-23-02   >>>>   End sampling point

sampling time = 72.495 ms,


       ########################################         

iteration 0 with 220 examples

2019-05-02-09-23-02   >>>>   Start train ranking function

2019-05-02-09-23-02   >>>>   End train ranking function

train_ranking_functioning time = 8.349 ms


2019-05-02-09-23-02   >>>>   Start verify ranking function

[xr_0 = 1, xr_1 = 1/8, xr_2 = -9/8]
ranking function : 0.001 *  x[0]^1.0 *  x[1]^-0.5 *  x[2]^-3.0 - 0.0734 *  x[0]^-1.0 *  x[1]^1.0 *  x[2]^1.0

2019-05-02-09-23-02   >>>>   End verify ranking function

verifying time = 17.836 ms


Not Found Ranking Fcuntion

Conterexample is 

[1, 0.125, -1.125]

sampling time = 0.645 ms


       ########################################         

iteration 1 with 222 examples

2019-05-02-09-23-02   >>>>   Start train ranking function

2019-05-02-09-23-02   >>>>   End train ranking function

train_ranking_functioning time = 8.660 ms


2019-05-02-09-23-02   >>>>   Start verify ranking function

[xr_0 = 1, xr_1 = 1/8, xr_2 = -9/8]
ranking function : 0.0017 *  x[0]^1.0 *  x[1]^-0.5 *  x[2]^-3.0 - 0.0707 *  x[0]^-1.0 *  x[1]^1.0 *  x[2]^1.0

2019-05-02-09-23-02   >>>>   End verify ranking function

verifying time = 17.210 ms


Not Found Ranking Fcuntion

Conterexample is 

[1, 0.125, -1.125]

sampling time = 0.647 ms


       ########################################         

iteration 2 with 224 examples

2019-05-02-09-23-02   >>>>   Start train ranking function

2019-05-02-09-23-02   >>>>   End train ranking function

train_ranking_functioning time = 8.598 ms


2019-05-02-09-23-02   >>>>   Start verify ranking function

[xr_0 = 1, xr_1 = 1/8, xr_2 = -9/8]
ranking function : 0.002 *  x[0]^1.0 *  x[1]^-0.5 *  x[2]^-3.0 - 0.0667 *  x[0]^-1.0 *  x[1]^1.0 *  x[2]^1.0

2019-05-02-09-23-02   >>>>   End verify ranking function

verifying time = 16.759 ms


Not Found Ranking Fcuntion

Conterexample is 

[1, 0.125, -1.125]

sampling time = 0.690 ms


       ########################################         

iteration 3 with 226 examples

2019-05-02-09-23-02   >>>>   Start train ranking function

2019-05-02-09-23-02   >>>>   End train ranking function

train_ranking_functioning time = 8.543 ms


2019-05-02-09-23-02   >>>>   Start verify ranking function

[xr_0 = 1, xr_1 = 1/8, xr_2 = -9/8]
ranking function : 0.0045 *  x[0]^1.0 *  x[1]^-0.5 *  x[2]^-3.0 - 0.0666 *  x[0]^-1.0 *  x[1]^1.0 *  x[2]^1.0

2019-05-02-09-23-02   >>>>   End verify ranking function

verifying time = 16.883 ms


Not Found Ranking Fcuntion

Conterexample is 

[1, 0.125, -1.125]

sampling time = 0.655 ms


       ########################################         

iteration 4 with 228 examples

2019-05-02-09-23-02   >>>>   Start train ranking function

2019-05-02-09-23-02   >>>>   End train ranking function

train_ranking_functioning time = 8.703 ms


2019-05-02-09-23-02   >>>>   Start verify ranking function

[xr_0 = 1, xr_1 = 1/8, xr_2 = -9/8]
ranking function : 0.0173 *  x[0]^1.0 *  x[1]^-0.5 *  x[2]^-3.0 - 0.0698 *  x[0]^-1.0 *  x[1]^1.0 *  x[2]^1.0

2019-05-02-09-23-02   >>>>   End verify ranking function

verifying time = 16.787 ms


Not Found Ranking Fcuntion

Conterexample is 

[1, 0.125, -1.125]

sampling time = 0.651 ms


       ########################################         

iteration 5 with 230 examples

2019-05-02-09-23-02   >>>>   Start train ranking function

2019-05-02-09-23-02   >>>>   End train ranking function

train_ranking_functioning time = 8.767 ms


2019-05-02-09-23-02   >>>>   Start verify ranking function

[xr_0 = 1, xr_1 = 1/8, xr_2 = -9/8]
ranking function : 0.0041 *  x[0]^1.0 *  x[1]^-0.5 *  x[2]^-3.0 - 0.0711 *  x[0]^-1.0 *  x[1]^1.0 *  x[2]^1.0

2019-05-02-09-23-02   >>>>   End verify ranking function

verifying time = 17.016 ms


Not Found Ranking Fcuntion

Conterexample is 

[1, 0.125, -1.125]

sampling time = 0.644 ms


       ########################################         

iteration 6 with 232 examples

2019-05-02-09-23-02   >>>>   Start train ranking function

2019-05-02-09-23-02   >>>>   End train ranking function

train_ranking_functioning time = 8.780 ms


2019-05-02-09-23-02   >>>>   Start verify ranking function

[xr_0 = 1, xr_1 = 1/8, xr_2 = -9/8]
ranking function : 0.0054 *  x[0]^1.0 *  x[1]^-0.5 *  x[2]^-3.0 - 0.0694 *  x[0]^-1.0 *  x[1]^1.0 *  x[2]^1.0

2019-05-02-09-23-02   >>>>   End verify ranking function

verifying time = 16.744 ms


Not Found Ranking Fcuntion

Conterexample is 

[1, 0.125, -1.125]

sampling time = 0.646 ms


       ########################################         

iteration 7 with 234 examples

2019-05-02-09-23-02   >>>>   Start train ranking function

2019-05-02-09-23-02   >>>>   End train ranking function

train_ranking_functioning time = 8.880 ms


2019-05-02-09-23-02   >>>>   Start verify ranking function

[xr_0 = 1, xr_1 = 1/8, xr_2 = -9/8]
ranking function : 0.0072 *  x[0]^1.0 *  x[1]^-0.5 *  x[2]^-3.0 - 0.0677 *  x[0]^-1.0 *  x[1]^1.0 *  x[2]^1.0

2019-05-02-09-23-02   >>>>   End verify ranking function

verifying time = 16.509 ms


Not Found Ranking Fcuntion

Conterexample is 

[1, 0.125, -1.125]

sampling time = 0.680 ms


       ########################################         

iteration 8 with 236 examples

2019-05-02-09-23-02   >>>>   Start train ranking function

2019-05-02-09-23-02   >>>>   End train ranking function

train_ranking_functioning time = 9.037 ms


2019-05-02-09-23-02   >>>>   Start verify ranking function

[xr_0 = 1, xr_1 = 1/8, xr_2 = -9/8]
ranking function : 0.0064 *  x[0]^1.0 *  x[1]^-0.5 *  x[2]^-3.0 - 0.07 *  x[0]^-1.0 *  x[1]^1.0 *  x[2]^1.0

2019-05-02-09-23-02   >>>>   End verify ranking function

verifying time = 16.818 ms


Not Found Ranking Fcuntion

Conterexample is 

[1, 0.125, -1.125]

sampling time = 0.655 ms


       ########################################         

iteration 9 with 238 examples

2019-05-02-09-23-02   >>>>   Start train ranking function

2019-05-02-09-23-02   >>>>   End train ranking function

train_ranking_functioning time = 8.965 ms


2019-05-02-09-23-02   >>>>   Start verify ranking function

[xr_0 = 1, xr_1 = 1/8, xr_2 = -9/8]
ranking function :  - 0.0031 *  x[0]^1.0 *  x[1]^-0.5 *  x[2]^-3.0 - 0.076 *  x[0]^-1.0 *  x[1]^1.0 *  x[2]^1.0

2019-05-02-09-23-02   >>>>   End verify ranking function

verifying time = 17.156 ms


Not Found Ranking Fcuntion

Conterexample is 

[1, 0.125, -1.125]

sampling time = 0.645 ms


       ########################################         

iteration 10 with 240 examples

2019-05-02-09-23-02   >>>>   Start train ranking function

2019-05-02-09-23-02   >>>>   End train ranking function

train_ranking_functioning time = 9.246 ms


2019-05-02-09-23-02   >>>>   Start verify ranking function

[xr_0 = 1, xr_1 = 1/8, xr_2 = 1/2]
ranking function :  - 0.0113 *  x[0]^1.0 *  x[1]^-0.5 *  x[2]^-3.0 - 0.0739 *  x[0]^-1.0 *  x[1]^1.0 *  x[2]^1.0

2019-05-02-09-23-02   >>>>   End verify ranking function

verifying time = 15.313 ms


Not Found Ranking Fcuntion

Conterexample is 

[1, 0.125, 0.5]

sampling time = 0.653 ms


       ########################################         

iteration 11 with 242 examples

2019-05-02-09-23-02   >>>>   Start train ranking function

2019-05-02-09-23-02   >>>>   End train ranking function

train_ranking_functioning time = 9.071 ms


2019-05-02-09-23-02   >>>>   Start verify ranking function

[xr_0 = 1, xr_1 = 1/8, xr_2 = 1/2]
ranking function :  - 0.0087 *  x[0]^1.0 *  x[1]^-0.5 *  x[2]^-3.0 - 0.0678 *  x[0]^-1.0 *  x[1]^1.0 *  x[2]^1.0

2019-05-02-09-23-02   >>>>   End verify ranking function

verifying time = 15.177 ms


Not Found Ranking Fcuntion

Conterexample is 

[1, 0.125, 0.5]

sampling time = 0.638 ms


       ########################################         

iteration 12 with 244 examples

2019-05-02-09-23-02   >>>>   Start train ranking function

2019-05-02-09-23-02   >>>>   End train ranking function

train_ranking_functioning time = 9.266 ms


2019-05-02-09-23-02   >>>>   Start verify ranking function

[xr_0 = 1, xr_1 = 1/8, xr_2 = -9/8]
ranking function : 0.0041 *  x[0]^1.0 *  x[1]^-0.5 *  x[2]^-3.0 - 0.0713 *  x[0]^-1.0 *  x[1]^1.0 *  x[2]^1.0

2019-05-02-09-23-02   >>>>   End verify ranking function

verifying time = 16.927 ms


Not Found Ranking Fcuntion

Conterexample is 

[1, 0.125, -1.125]

sampling time = 0.639 ms


       ########################################         

iteration 13 with 246 examples

2019-05-02-09-23-02   >>>>   Start train ranking function

2019-05-02-09-23-03   >>>>   End train ranking function

train_ranking_functioning time = 10.709 ms


2019-05-02-09-23-03   >>>>   Start verify ranking function

[xr_0 = 1, xr_1 = 1/8, xr_2 = -9/8]
ranking function : 0.0085 *  x[0]^1.0 *  x[1]^-0.5 *  x[2]^-3.0 - 0.071 *  x[0]^-1.0 *  x[1]^1.0 *  x[2]^1.0

2019-05-02-09-23-03   >>>>   End verify ranking function

verifying time = 17.938 ms


Not Found Ranking Fcuntion

Conterexample is 

[1, 0.125, -1.125]

sampling time = 0.688 ms


       ########################################         

iteration 14 with 248 examples

2019-05-02-09-23-03   >>>>   Start train ranking function

2019-05-02-09-23-03   >>>>   End train ranking function

train_ranking_functioning time = 9.556 ms


2019-05-02-09-23-03   >>>>   Start verify ranking function

[xr_0 = 1, xr_1 = 1/8, xr_2 = -9/8]
ranking function : 0.0045 *  x[0]^1.0 *  x[1]^-0.5 *  x[2]^-3.0 - 0.0722 *  x[0]^-1.0 *  x[1]^1.0 *  x[2]^1.0

2019-05-02-09-23-03   >>>>   End verify ranking function

verifying time = 16.829 ms


Not Found Ranking Fcuntion

Conterexample is 

[1, 0.125, -1.125]

sampling time = 0.648 ms


       ########################################         

iteration 15 with 250 examples

2019-05-02-09-23-03   >>>>   Start train ranking function

2019-05-02-09-23-03   >>>>   End train ranking function

train_ranking_functioning time = 9.467 ms


2019-05-02-09-23-03   >>>>   Start verify ranking function

[xr_0 = 1, xr_1 = 1/8, xr_2 = 1/2]
ranking function :  - 0.0124 *  x[0]^1.0 *  x[1]^-0.5 *  x[2]^-3.0 - 0.0713 *  x[0]^-1.0 *  x[1]^1.0 *  x[2]^1.0

2019-05-02-09-23-03   >>>>   End verify ranking function

verifying time = 15.218 ms


Not Found Ranking Fcuntion

Conterexample is 

[1, 0.125, 0.5]

sampling time = 0.638 ms


       ########################################         

iteration 16 with 252 examples

2019-05-02-09-23-03   >>>>   Start train ranking function

2019-05-02-09-23-03   >>>>   End train ranking function

train_ranking_functioning time = 9.592 ms


2019-05-02-09-23-03   >>>>   Start verify ranking function

[xr_0 = 1, xr_1 = 1/8, xr_2 = 1/2]
ranking function :  - 0.0104 *  x[0]^1.0 *  x[1]^-0.5 *  x[2]^-3.0 - 0.0711 *  x[0]^-1.0 *  x[1]^1.0 *  x[2]^1.0

2019-05-02-09-23-03   >>>>   End verify ranking function

verifying time = 15.235 ms


Not Found Ranking Fcuntion

Conterexample is 

[1, 0.125, 0.5]

sampling time = 0.653 ms


       ########################################         

iteration 17 with 254 examples

2019-05-02-09-23-03   >>>>   Start train ranking function

2019-05-02-09-23-03   >>>>   End train ranking function

train_ranking_functioning time = 9.600 ms


2019-05-02-09-23-03   >>>>   Start verify ranking function

[xr_0 = 1, xr_1 = 1/8, xr_2 = 1/2]
ranking function :  - 0.0123 *  x[0]^1.0 *  x[1]^-0.5 *  x[2]^-3.0 - 0.0726 *  x[0]^-1.0 *  x[1]^1.0 *  x[2]^1.0

2019-05-02-09-23-03   >>>>   End verify ranking function

verifying time = 15.229 ms


Not Found Ranking Fcuntion

Conterexample is 

[1, 0.125, 0.5]

sampling time = 0.687 ms


       ########################################         

iteration 18 with 256 examples

2019-05-02-09-23-03   >>>>   Start train ranking function

2019-05-02-09-23-03   >>>>   End train ranking function

train_ranking_functioning time = 9.739 ms


2019-05-02-09-23-03   >>>>   Start verify ranking function

[xr_0 = 1, xr_1 = 1/8, xr_2 = -9/8]
ranking function : 0.0052 *  x[0]^1.0 *  x[1]^-0.5 *  x[2]^-3.0 - 0.0735 *  x[0]^-1.0 *  x[1]^1.0 *  x[2]^1.0

2019-05-02-09-23-03   >>>>   End verify ranking function

verifying time = 16.995 ms


Not Found Ranking Fcuntion

Conterexample is 

[1, 0.125, -1.125]

sampling time = 0.646 ms


       ########################################         

iteration 19 with 258 examples

2019-05-02-09-23-03   >>>>   Start train ranking function

2019-05-02-09-23-03   >>>>   End train ranking function

train_ranking_functioning time = 9.824 ms


2019-05-02-09-23-03   >>>>   Start verify ranking function

[xr_0 = 1, xr_1 = 1/8, xr_2 = -9/8]
ranking function :  - 0.0047 *  x[0]^1.0 *  x[1]^-0.5 *  x[2]^-3.0 - 0.0718 *  x[0]^-1.0 *  x[1]^1.0 *  x[2]^1.0

2019-05-02-09-23-03   >>>>   End verify ranking function

verifying time = 17.313 ms


Not Found Ranking Fcuntion

Conterexample is 

[1, 0.125, -1.125]

sampling time = 0.654 ms


       ########################################         

iteration 20 with 260 examples

2019-05-02-09-23-03   >>>>   Start train ranking function

2019-05-02-09-23-03   >>>>   End train ranking function

train_ranking_functioning time = 9.855 ms


2019-05-02-09-23-03   >>>>   Start verify ranking function

[xr_0 = 1/64, xr_1 = 1/8, xr_2 = 1/2]
ranking function :  - 0.0728 *  x[0]^-1.0 *  x[1]^1.0 *  x[2]^1.0

2019-05-02-09-23-03   >>>>   End verify ranking function

verifying time = 15.784 ms


Not Found Ranking Fcuntion

Conterexample is 

[0.015625, 0.125, 0.5]

sampling time = 0.664 ms


       ########################################         

iteration 21 with 262 examples

2019-05-02-09-23-03   >>>>   Start train ranking function

2019-05-02-09-23-03   >>>>   End train ranking function

train_ranking_functioning time = 9.964 ms


2019-05-02-09-23-03   >>>>   Start verify ranking function

[xr_0 = 1, xr_1 = 1/8, xr_2 = -9/8]
ranking function : 0.0118 *  x[0]^1.0 *  x[1]^-0.5 *  x[2]^-3.0 - 0.0705 *  x[0]^-1.0 *  x[1]^1.0 *  x[2]^1.0

2019-05-02-09-23-03   >>>>   End verify ranking function

verifying time = 16.732 ms


Not Found Ranking Fcuntion

Conterexample is 

[1, 0.125, -1.125]

sampling time = 0.657 ms


       ########################################         

iteration 22 with 264 examples

2019-05-02-09-23-03   >>>>   Start train ranking function

2019-05-02-09-23-03   >>>>   End train ranking function

train_ranking_functioning time = 10.023 ms


2019-05-02-09-23-03   >>>>   Start verify ranking function

[xr_0 = 1, xr_1 = 1/8, xr_2 = -9/8]
ranking function : 0.0041 *  x[0]^1.0 *  x[1]^-0.5 *  x[2]^-3.0 - 0.0686 *  x[0]^-1.0 *  x[1]^1.0 *  x[2]^1.0

2019-05-02-09-23-03   >>>>   End verify ranking function

verifying time = 16.566 ms


Not Found Ranking Fcuntion

Conterexample is 

[1, 0.125, -1.125]

sampling time = 0.638 ms


       ########################################         

iteration 23 with 266 examples

2019-05-02-09-23-03   >>>>   Start train ranking function

2019-05-02-09-23-03   >>>>   End train ranking function

train_ranking_functioning time = 10.072 ms


2019-05-02-09-23-03   >>>>   Start verify ranking function

[xr_0 = 1, xr_1 = 1/8, xr_2 = -9/8]
ranking function : 0.0042 *  x[0]^1.0 *  x[1]^-0.5 *  x[2]^-3.0 - 0.0695 *  x[0]^-1.0 *  x[1]^1.0 *  x[2]^1.0

2019-05-02-09-23-03   >>>>   End verify ranking function

verifying time = 16.529 ms


Not Found Ranking Fcuntion

Conterexample is 

[1, 0.125, -1.125]

sampling time = 0.650 ms


       ########################################         

iteration 24 with 268 examples

2019-05-02-09-23-03   >>>>   Start train ranking function

2019-05-02-09-23-03   >>>>   End train ranking function

train_ranking_functioning time = 10.226 ms


2019-05-02-09-23-03   >>>>   Start verify ranking function

[xr_0 = 1, xr_1 = 1/8, xr_2 = -9/8]
ranking function : 0.0043 *  x[0]^1.0 *  x[1]^-0.5 *  x[2]^-3.0 - 0.0695 *  x[0]^-1.0 *  x[1]^1.0 *  x[2]^1.0

2019-05-02-09-23-03   >>>>   End verify ranking function

verifying time = 16.695 ms


Not Found Ranking Fcuntion

Conterexample is 

[1, 0.125, -1.125]

sampling time = 0.638 ms


Failed to prove it is terminated

UNKNOWN
------Using Template 2 -----------
12 [4, 4, 4]
*****************************************************

2019-05-02-09-23-03   >>>>   End sampling point

sampling time = 320.996 ms,


       ########################################         

iteration 0 with 440 examples

2019-05-02-09-23-03   >>>>   Start train ranking function

2019-05-02-09-23-03   >>>>   End train ranking function

train_ranking_functioning time = 1.046 ms


2019-05-02-09-23-03   >>>>   Start verify ranking function

[xr_1 = 0, xr_2 = 0, xr_0 = 10/31749]
ranking function : 2.1158 *  x[0]^1.0 - 0.0242 *  x[1]^1.0 - 2.1749 *  x[2]^1.0 + 1.9178 * 1; 0.1158 *  x[0]^1.0 - 0.8048 *  x[1]^1.0 - 0.1207 *  x[2]^1.0 + 1.3194 * 1;  - 0.1014 *  x[0]^1.0 - 0.0381 *  x[1]^1.0 - 0.2878 *  x[2]^1.0 + 1.4436 * 1

2019-05-02-09-23-03   >>>>   End verify ranking function

verifying time = 7.684 ms


Not Found Ranking Fcuntion

Conterexample is 

[0.0003149705502535513, 0, 0]

sampling time = 3.217 ms


       ########################################         

iteration 1 with 444 examples

2019-05-02-09-23-03   >>>>   Start train ranking function

2019-05-02-09-23-03   >>>>   End train ranking function

train_ranking_functioning time = 1.083 ms


2019-05-02-09-23-03   >>>>   Start verify ranking function

[xr_1 = 0, xr_2 = 0, xr_0 = 1/3175]
ranking function : 2.1159 *  x[0]^1.0 - 0.0242 *  x[1]^1.0 - 2.175 *  x[2]^1.0 + 1.9178 * 1; 0.1158 *  x[0]^1.0 - 0.8049 *  x[1]^1.0 - 0.1207 *  x[2]^1.0 + 1.3194 * 1;  - 0.1014 *  x[0]^1.0 - 0.0381 *  x[1]^1.0 - 0.2878 *  x[2]^1.0 + 1.4436 * 1

2019-05-02-09-23-03   >>>>   End verify ranking function

verifying time = 8.384 ms


Not Found Ranking Fcuntion

Conterexample is 

[0.00031496062992125983, 0, 0]

sampling time = 2.968 ms


       ########################################         

iteration 2 with 448 examples

2019-05-02-09-23-03   >>>>   Start train ranking function

2019-05-02-09-23-03   >>>>   End train ranking function

train_ranking_functioning time = 1.034 ms


2019-05-02-09-23-03   >>>>   Start verify ranking function

[xr_1 = 0, xr_2 = 0, xr_0 = 10/31751]
ranking function : 2.116 *  x[0]^1.0 - 0.0242 *  x[1]^1.0 - 2.1751 *  x[2]^1.0 + 1.9178 * 1; 0.1159 *  x[0]^1.0 - 0.8049 *  x[1]^1.0 - 0.1207 *  x[2]^1.0 + 1.3194 * 1;  - 0.1014 *  x[0]^1.0 - 0.0381 *  x[1]^1.0 - 0.2878 *  x[2]^1.0 + 1.4436 * 1

2019-05-02-09-23-03   >>>>   End verify ranking function

verifying time = 8.134 ms


Not Found Ranking Fcuntion

Conterexample is 

[0.0003149507102138515, 0, 0]

sampling time = 2.989 ms


       ########################################         

iteration 3 with 452 examples

2019-05-02-09-23-03   >>>>   Start train ranking function

2019-05-02-09-23-03   >>>>   End train ranking function

train_ranking_functioning time = 1.058 ms


2019-05-02-09-23-03   >>>>   Start verify ranking function

[xr_1 = 0, xr_2 = 0, xr_0 = 10/31751]
ranking function : 2.116 *  x[0]^1.0 - 0.0242 *  x[1]^1.0 - 2.1751 *  x[2]^1.0 + 1.9179 * 1; 0.1159 *  x[0]^1.0 - 0.8049 *  x[1]^1.0 - 0.1207 *  x[2]^1.0 + 1.3194 * 1;  - 0.1014 *  x[0]^1.0 - 0.0381 *  x[1]^1.0 - 0.2878 *  x[2]^1.0 + 1.4436 * 1

2019-05-02-09-23-03   >>>>   End verify ranking function

verifying time = 7.818 ms


Not Found Ranking Fcuntion

Conterexample is 

[0.0003149507102138515, 0, 0]

sampling time = 2.923 ms


       ########################################         

iteration 4 with 456 examples

2019-05-02-09-23-03   >>>>   Start train ranking function

2019-05-02-09-23-03   >>>>   End train ranking function

train_ranking_functioning time = 1.054 ms


2019-05-02-09-23-03   >>>>   Start verify ranking function

[xr_1 = 0, xr_2 = 0, xr_0 = 5/15876]
ranking function : 2.1161 *  x[0]^1.0 - 0.0242 *  x[1]^1.0 - 2.1752 *  x[2]^1.0 + 1.9179 * 1; 0.1159 *  x[0]^1.0 - 0.8049 *  x[1]^1.0 - 0.1207 *  x[2]^1.0 + 1.3194 * 1;  - 0.1014 *  x[0]^1.0 - 0.0381 *  x[1]^1.0 - 0.2878 *  x[2]^1.0 + 1.4436 * 1

2019-05-02-09-23-03   >>>>   End verify ranking function

verifying time = 7.740 ms


Not Found Ranking Fcuntion

Conterexample is 

[0.0003149407911312673, 0, 0]

sampling time = 2.884 ms


       ########################################         

iteration 5 with 460 examples

2019-05-02-09-23-03   >>>>   Start train ranking function

2019-05-02-09-23-03   >>>>   End train ranking function

train_ranking_functioning time = 1.056 ms


2019-05-02-09-23-03   >>>>   Start verify ranking function

[xr_1 = 0, xr_2 = 0, xr_0 = 5/15876]
ranking function : 2.1162 *  x[0]^1.0 - 0.0242 *  x[1]^1.0 - 2.1752 *  x[2]^1.0 + 1.9179 * 1; 0.1159 *  x[0]^1.0 - 0.8049 *  x[1]^1.0 - 0.1207 *  x[2]^1.0 + 1.3194 * 1;  - 0.1014 *  x[0]^1.0 - 0.0381 *  x[1]^1.0 - 0.2878 *  x[2]^1.0 + 1.4437 * 1

2019-05-02-09-23-03   >>>>   End verify ranking function

verifying time = 7.706 ms


Not Found Ranking Fcuntion

Conterexample is 

[0.0003149407911312673, 0, 0]

sampling time = 2.879 ms


       ########################################         

iteration 6 with 464 examples

2019-05-02-09-23-03   >>>>   Start train ranking function

2019-05-02-09-23-03   >>>>   End train ranking function

train_ranking_functioning time = 1.008 ms


2019-05-02-09-23-03   >>>>   Start verify ranking function

[xr_1 = 0, xr_2 = 0, xr_0 = 10/31753]
ranking function : 2.1162 *  x[0]^1.0 - 0.0242 *  x[1]^1.0 - 2.1753 *  x[2]^1.0 + 1.9179 * 1; 0.1159 *  x[0]^1.0 - 0.805 *  x[1]^1.0 - 0.1207 *  x[2]^1.0 + 1.3194 * 1;  - 0.1014 *  x[0]^1.0 - 0.0381 *  x[1]^1.0 - 0.2878 *  x[2]^1.0 + 1.4437 * 1

2019-05-02-09-23-03   >>>>   End verify ranking function

verifying time = 7.682 ms


Not Found Ranking Fcuntion

Conterexample is 

[0.0003149308726734482, 0, 0]

sampling time = 2.887 ms


       ########################################         

iteration 7 with 468 examples

2019-05-02-09-23-03   >>>>   Start train ranking function

2019-05-02-09-23-03   >>>>   End train ranking function

train_ranking_functioning time = 1.104 ms


2019-05-02-09-23-03   >>>>   Start verify ranking function

[xr_1 = 0, xr_2 = 0, xr_0 = 5/15877]
ranking function : 2.1163 *  x[0]^1.0 - 0.0242 *  x[1]^1.0 - 2.1754 *  x[2]^1.0 + 1.918 * 1; 0.1159 *  x[0]^1.0 - 0.805 *  x[1]^1.0 - 0.1207 *  x[2]^1.0 + 1.3195 * 1;  - 0.1014 *  x[0]^1.0 - 0.0381 *  x[1]^1.0 - 0.2878 *  x[2]^1.0 + 1.4437 * 1

2019-05-02-09-23-03   >>>>   End verify ranking function

verifying time = 7.702 ms


Not Found Ranking Fcuntion

Conterexample is 

[0.00031492095484033505, 0, 0]

sampling time = 2.931 ms


       ########################################         

iteration 8 with 472 examples

2019-05-02-09-23-03   >>>>   Start train ranking function

2019-05-02-09-23-03   >>>>   End train ranking function

train_ranking_functioning time = 1.012 ms


2019-05-02-09-23-03   >>>>   Start verify ranking function

[xr_1 = 0, xr_2 = 0, xr_0 = 5/15877]
ranking function : 2.1163 *  x[0]^1.0 - 0.0242 *  x[1]^1.0 - 2.1754 *  x[2]^1.0 + 1.918 * 1; 0.1159 *  x[0]^1.0 - 0.805 *  x[1]^1.0 - 0.1207 *  x[2]^1.0 + 1.3195 * 1;  - 0.1014 *  x[0]^1.0 - 0.0381 *  x[1]^1.0 - 0.2878 *  x[2]^1.0 + 1.4437 * 1

2019-05-02-09-23-03   >>>>   End verify ranking function

verifying time = 7.668 ms


Not Found Ranking Fcuntion

Conterexample is 

[0.00031492095484033505, 0, 0]

sampling time = 3.080 ms


       ########################################         

iteration 9 with 476 examples

2019-05-02-09-23-03   >>>>   Start train ranking function

2019-05-02-09-23-03   >>>>   End train ranking function

train_ranking_functioning time = 0.990 ms


2019-05-02-09-23-03   >>>>   Start verify ranking function

[xr_1 = 0, xr_2 = 0, xr_0 = 2/6351]
ranking function : 2.1164 *  x[0]^1.0 - 0.0242 *  x[1]^1.0 - 2.1755 *  x[2]^1.0 + 1.918 * 1; 0.1159 *  x[0]^1.0 - 0.805 *  x[1]^1.0 - 0.1207 *  x[2]^1.0 + 1.3195 * 1;  - 0.1014 *  x[0]^1.0 - 0.0381 *  x[1]^1.0 - 0.2878 *  x[2]^1.0 + 1.4437 * 1

2019-05-02-09-23-03   >>>>   End verify ranking function

verifying time = 7.866 ms


Not Found Ranking Fcuntion

Conterexample is 

[0.000314911037631869, 0, 0]

sampling time = 2.923 ms


       ########################################         

iteration 10 with 480 examples

2019-05-02-09-23-03   >>>>   Start train ranking function

2019-05-02-09-23-03   >>>>   End train ranking function

train_ranking_functioning time = 1.101 ms


2019-05-02-09-23-03   >>>>   Start verify ranking function

[xr_1 = 0, xr_2 = 0, xr_0 = 2/6351]
ranking function : 2.1165 *  x[0]^1.0 - 0.0242 *  x[1]^1.0 - 2.1755 *  x[2]^1.0 + 1.9181 * 1; 0.1159 *  x[0]^1.0 - 0.8051 *  x[1]^1.0 - 0.1207 *  x[2]^1.0 + 1.3195 * 1;  - 0.1014 *  x[0]^1.0 - 0.0381 *  x[1]^1.0 - 0.2878 *  x[2]^1.0 + 1.4437 * 1

2019-05-02-09-23-03   >>>>   End verify ranking function

verifying time = 7.822 ms


Not Found Ranking Fcuntion

Conterexample is 

[0.000314911037631869, 0, 0]

sampling time = 2.890 ms


       ########################################         

iteration 11 with 484 examples

2019-05-02-09-23-03   >>>>   Start train ranking function

2019-05-02-09-23-03   >>>>   End train ranking function

train_ranking_functioning time = 1.128 ms


2019-05-02-09-23-03   >>>>   Start verify ranking function

[xr_1 = 0, xr_2 = 0, xr_0 = 5/15878]
ranking function : 2.1165 *  x[0]^1.0 - 0.0242 *  x[1]^1.0 - 2.1756 *  x[2]^1.0 + 1.9181 * 1; 0.1159 *  x[0]^1.0 - 0.8051 *  x[1]^1.0 - 0.1207 *  x[2]^1.0 + 1.3195 * 1;  - 0.1014 *  x[0]^1.0 - 0.0381 *  x[1]^1.0 - 0.2878 *  x[2]^1.0 + 1.4437 * 1

2019-05-02-09-23-03   >>>>   End verify ranking function

verifying time = 8.306 ms


Not Found Ranking Fcuntion

Conterexample is 

[0.00031490112104799094, 0, 0]

sampling time = 2.946 ms


       ########################################         

iteration 12 with 488 examples

2019-05-02-09-23-03   >>>>   Start train ranking function

2019-05-02-09-23-03   >>>>   End train ranking function

train_ranking_functioning time = 1.181 ms


2019-05-02-09-23-03   >>>>   Start verify ranking function

[xr_1 = 0, xr_2 = 0, xr_0 = 10/31757]
ranking function : 2.1166 *  x[0]^1.0 - 0.0242 *  x[1]^1.0 - 2.1757 *  x[2]^1.0 + 1.9181 * 1; 0.1159 *  x[0]^1.0 - 0.8051 *  x[1]^1.0 - 0.1207 *  x[2]^1.0 + 1.3195 * 1;  - 0.1014 *  x[0]^1.0 - 0.0381 *  x[1]^1.0 - 0.2878 *  x[2]^1.0 + 1.4437 * 1

2019-05-02-09-23-03   >>>>   End verify ranking function

verifying time = 7.871 ms


Not Found Ranking Fcuntion

Conterexample is 

[0.00031489120508864185, 0, 0]

sampling time = 2.929 ms


       ########################################         

iteration 13 with 492 examples

2019-05-02-09-23-03   >>>>   Start train ranking function

2019-05-02-09-23-03   >>>>   End train ranking function

train_ranking_functioning time = 1.125 ms


2019-05-02-09-23-03   >>>>   Start verify ranking function

[xr_1 = 0, xr_2 = 0, xr_0 = 10/31757]
ranking function : 2.1166 *  x[0]^1.0 - 0.0242 *  x[1]^1.0 - 2.1757 *  x[2]^1.0 + 1.9181 * 1; 0.1159 *  x[0]^1.0 - 0.8051 *  x[1]^1.0 - 0.1207 *  x[2]^1.0 + 1.3195 * 1;  - 0.1014 *  x[0]^1.0 - 0.0381 *  x[1]^1.0 - 0.2878 *  x[2]^1.0 + 1.4437 * 1

2019-05-02-09-23-03   >>>>   End verify ranking function

verifying time = 7.776 ms


Not Found Ranking Fcuntion

Conterexample is 

[0.00031489120508864185, 0, 0]

sampling time = 2.883 ms


       ########################################         

iteration 14 with 496 examples

2019-05-02-09-23-03   >>>>   Start train ranking function

2019-05-02-09-23-03   >>>>   End train ranking function

train_ranking_functioning time = 1.108 ms


2019-05-02-09-23-03   >>>>   Start verify ranking function

[xr_1 = 0, xr_2 = 0, xr_0 = 5/15879]
ranking function : 2.1167 *  x[0]^1.0 - 0.0242 *  x[1]^1.0 - 2.1758 *  x[2]^1.0 + 1.9182 * 1; 0.1159 *  x[0]^1.0 - 0.8051 *  x[1]^1.0 - 0.1207 *  x[2]^1.0 + 1.3195 * 1;  - 0.1014 *  x[0]^1.0 - 0.0381 *  x[1]^1.0 - 0.2879 *  x[2]^1.0 + 1.4437 * 1

2019-05-02-09-23-03   >>>>   End verify ranking function

verifying time = 7.710 ms


Not Found Ranking Fcuntion

Conterexample is 

[0.00031488128975376285, 0, 0]

sampling time = 2.905 ms


       ########################################         

iteration 15 with 500 examples

2019-05-02-09-23-03   >>>>   Start train ranking function

2019-05-02-09-23-03   >>>>   End train ranking function

train_ranking_functioning time = 1.185 ms


2019-05-02-09-23-03   >>>>   Start verify ranking function

[xr_1 = 0, xr_2 = 0, xr_0 = 5/15879]
ranking function : 2.1168 *  x[0]^1.0 - 0.0242 *  x[1]^1.0 - 2.1758 *  x[2]^1.0 + 1.9182 * 1; 0.1159 *  x[0]^1.0 - 0.8051 *  x[1]^1.0 - 0.1207 *  x[2]^1.0 + 1.3195 * 1;  - 0.1014 *  x[0]^1.0 - 0.0381 *  x[1]^1.0 - 0.2879 *  x[2]^1.0 + 1.4438 * 1

2019-05-02-09-23-03   >>>>   End verify ranking function

verifying time = 7.711 ms


Not Found Ranking Fcuntion

Conterexample is 

[0.00031488128975376285, 0, 0]

sampling time = 2.884 ms


       ########################################         

iteration 16 with 504 examples

2019-05-02-09-23-03   >>>>   Start train ranking function

2019-05-02-09-23-03   >>>>   End train ranking function

train_ranking_functioning time = 1.209 ms


2019-05-02-09-23-03   >>>>   Start verify ranking function

[xr_1 = 0, xr_2 = 0, xr_0 = 10/31759]
ranking function : 2.1168 *  x[0]^1.0 - 0.0242 *  x[1]^1.0 - 2.1759 *  x[2]^1.0 + 1.9182 * 1; 0.1159 *  x[0]^1.0 - 0.8052 *  x[1]^1.0 - 0.1207 *  x[2]^1.0 + 1.3196 * 1;  - 0.1014 *  x[0]^1.0 - 0.0381 *  x[1]^1.0 - 0.2879 *  x[2]^1.0 + 1.4438 * 1

2019-05-02-09-23-03   >>>>   End verify ranking function

verifying time = 7.713 ms


Not Found Ranking Fcuntion

Conterexample is 

[0.0003148713750432948, 0, 0]

sampling time = 2.873 ms


       ########################################         

iteration 17 with 508 examples

2019-05-02-09-23-03   >>>>   Start train ranking function

2019-05-02-09-23-03   >>>>   End train ranking function

train_ranking_functioning time = 1.290 ms


2019-05-02-09-23-03   >>>>   Start verify ranking function

[xr_1 = 0, xr_2 = 0, xr_0 = 1/3176]
ranking function : 2.1169 *  x[0]^1.0 - 0.0242 *  x[1]^1.0 - 2.176 *  x[2]^1.0 + 1.9183 * 1; 0.1159 *  x[0]^1.0 - 0.8052 *  x[1]^1.0 - 0.1207 *  x[2]^1.0 + 1.3196 * 1;  - 0.1014 *  x[0]^1.0 - 0.0381 *  x[1]^1.0 - 0.2879 *  x[2]^1.0 + 1.4438 * 1

2019-05-02-09-23-03   >>>>   End verify ranking function

verifying time = 7.787 ms


Not Found Ranking Fcuntion

Conterexample is 

[0.00031486146095717883, 0, 0]

sampling time = 2.881 ms


       ########################################         

iteration 18 with 512 examples

2019-05-02-09-23-03   >>>>   Start train ranking function

2019-05-02-09-23-03   >>>>   End train ranking function

train_ranking_functioning time = 1.271 ms


2019-05-02-09-23-03   >>>>   Start verify ranking function

[xr_1 = 0, xr_2 = 0, xr_0 = 1/3176]
ranking function : 2.1169 *  x[0]^1.0 - 0.0242 *  x[1]^1.0 - 2.176 *  x[2]^1.0 + 1.9183 * 1; 0.1159 *  x[0]^1.0 - 0.8052 *  x[1]^1.0 - 0.1207 *  x[2]^1.0 + 1.3196 * 1;  - 0.1014 *  x[0]^1.0 - 0.0381 *  x[1]^1.0 - 0.2879 *  x[2]^1.0 + 1.4438 * 1

2019-05-02-09-23-03   >>>>   End verify ranking function

verifying time = 7.853 ms


Not Found Ranking Fcuntion

Conterexample is 

[0.00031486146095717883, 0, 0]

sampling time = 2.873 ms


       ########################################         

iteration 19 with 516 examples

2019-05-02-09-23-03   >>>>   Start train ranking function

2019-05-02-09-23-03   >>>>   End train ranking function

train_ranking_functioning time = 1.170 ms


2019-05-02-09-23-03   >>>>   Start verify ranking function

[xr_1 = 0, xr_2 = 0, xr_0 = 10/31761]
ranking function : 2.117 *  x[0]^1.0 - 0.0242 *  x[1]^1.0 - 2.1761 *  x[2]^1.0 + 1.9183 * 1; 0.1159 *  x[0]^1.0 - 0.8052 *  x[1]^1.0 - 0.1207 *  x[2]^1.0 + 1.3196 * 1;  - 0.1014 *  x[0]^1.0 - 0.0381 *  x[1]^1.0 - 0.2879 *  x[2]^1.0 + 1.4438 * 1

2019-05-02-09-23-03   >>>>   End verify ranking function

verifying time = 7.709 ms


Not Found Ranking Fcuntion

Conterexample is 

[0.00031485154749535596, 0, 0]

sampling time = 2.904 ms


       ########################################         

iteration 20 with 520 examples

2019-05-02-09-23-03   >>>>   Start train ranking function

2019-05-02-09-23-03   >>>>   End train ranking function

train_ranking_functioning time = 1.160 ms


2019-05-02-09-23-03   >>>>   Start verify ranking function

[xr_1 = 0, xr_2 = 0, xr_0 = 10/31761]
ranking function : 2.1171 *  x[0]^1.0 - 0.0242 *  x[1]^1.0 - 2.1761 *  x[2]^1.0 + 1.9183 * 1; 0.1159 *  x[0]^1.0 - 0.8053 *  x[1]^1.0 - 0.1207 *  x[2]^1.0 + 1.3196 * 1;  - 0.1014 *  x[0]^1.0 - 0.0381 *  x[1]^1.0 - 0.2879 *  x[2]^1.0 + 1.4438 * 1

2019-05-02-09-23-03   >>>>   End verify ranking function

verifying time = 7.719 ms


Not Found Ranking Fcuntion

Conterexample is 

[0.00031485154749535596, 0, 0]

sampling time = 2.904 ms


       ########################################         

iteration 21 with 524 examples

2019-05-02-09-23-03   >>>>   Start train ranking function

2019-05-02-09-23-03   >>>>   End train ranking function

train_ranking_functioning time = 1.164 ms


2019-05-02-09-23-03   >>>>   Start verify ranking function

[xr_1 = 0, xr_2 = 0, xr_0 = 5/15881]
ranking function : 2.1171 *  x[0]^1.0 - 0.0242 *  x[1]^1.0 - 2.1762 *  x[2]^1.0 + 1.9184 * 1; 0.1159 *  x[0]^1.0 - 0.8053 *  x[1]^1.0 - 0.1207 *  x[2]^1.0 + 1.3196 * 1;  - 0.1014 *  x[0]^1.0 - 0.0381 *  x[1]^1.0 - 0.2879 *  x[2]^1.0 + 1.4438 * 1

2019-05-02-09-23-03   >>>>   End verify ranking function

verifying time = 7.689 ms


Not Found Ranking Fcuntion

Conterexample is 

[0.00031484163465776715, 0, 0]

sampling time = 3.298 ms


       ########################################         

iteration 22 with 528 examples

2019-05-02-09-23-04   >>>>   Start train ranking function

2019-05-02-09-23-04   >>>>   End train ranking function

train_ranking_functioning time = 1.355 ms


2019-05-02-09-23-04   >>>>   Start verify ranking function

[xr_1 = 0, xr_2 = 0, xr_0 = 5/15881]
ranking function : 2.1172 *  x[0]^1.0 - 0.0242 *  x[1]^1.0 - 2.1762 *  x[2]^1.0 + 1.9184 * 1; 0.1159 *  x[0]^1.0 - 0.8053 *  x[1]^1.0 - 0.1207 *  x[2]^1.0 + 1.3196 * 1;  - 0.1014 *  x[0]^1.0 - 0.0381 *  x[1]^1.0 - 0.2879 *  x[2]^1.0 + 1.4438 * 1

2019-05-02-09-23-04   >>>>   End verify ranking function

verifying time = 8.784 ms


Not Found Ranking Fcuntion

Conterexample is 

[0.00031484163465776715, 0, 0]

sampling time = 2.899 ms


       ########################################         

iteration 23 with 532 examples

2019-05-02-09-23-04   >>>>   Start train ranking function

2019-05-02-09-23-04   >>>>   End train ranking function

train_ranking_functioning time = 1.294 ms


2019-05-02-09-23-04   >>>>   Start verify ranking function

[xr_1 = 0, xr_2 = 0, xr_0 = 10/31763]
ranking function : 2.1172 *  x[0]^1.0 - 0.0242 *  x[1]^1.0 - 2.1763 *  x[2]^1.0 + 1.9184 * 1; 0.1159 *  x[0]^1.0 - 0.8053 *  x[1]^1.0 - 0.1207 *  x[2]^1.0 + 1.3196 * 1;  - 0.1014 *  x[0]^1.0 - 0.0381 *  x[1]^1.0 - 0.2879 *  x[2]^1.0 + 1.4438 * 1

2019-05-02-09-23-04   >>>>   End verify ranking function

verifying time = 8.381 ms


Not Found Ranking Fcuntion

Conterexample is 

[0.0003148317224443535, 0, 0]

sampling time = 2.954 ms


       ########################################         

iteration 24 with 536 examples

2019-05-02-09-23-04   >>>>   Start train ranking function

2019-05-02-09-23-04   >>>>   End train ranking function

train_ranking_functioning time = 1.236 ms


2019-05-02-09-23-04   >>>>   Start verify ranking function

[xr_1 = 0, xr_2 = 0, xr_0 = 5/15882]
ranking function : 2.1173 *  x[0]^1.0 - 0.0242 *  x[1]^1.0 - 2.1764 *  x[2]^1.0 + 1.9185 * 1; 0.1159 *  x[0]^1.0 - 0.8053 *  x[1]^1.0 - 0.1207 *  x[2]^1.0 + 1.3196 * 1;  - 0.1014 *  x[0]^1.0 - 0.0381 *  x[1]^1.0 - 0.2879 *  x[2]^1.0 + 1.4438 * 1

2019-05-02-09-23-04   >>>>   End verify ranking function

verifying time = 7.772 ms


Not Found Ranking Fcuntion

Conterexample is 

[0.000314821810855056, 0, 0]

sampling time = 2.896 ms


Failed to prove it is terminated

UNKNOWN
------Using Template 3 -----------
8 [3, 3, 2]
*****************************************************

2019-05-02-09-23-04   >>>>   End sampling point

sampling time = 256.755 ms,


       ########################################         

iteration 0 with 440 examples

2019-05-02-09-23-04   >>>>   Start train ranking function

2019-05-02-09-23-04   >>>>   End train ranking function

train_ranking_functioning time = 16.800 ms


2019-05-02-09-23-04   >>>>   Start verify ranking function

[xr_0 = 2, xr_1 = 1/8, xr_2 = 1/2]
ranking function :  - 0.0053 *  x[0]^3.0 *  x[1]^0.5 *  x[2]^-3.0 + 0.0029 *  x[0]^-2.0 *  x[1]^-1.0 *  x[2]^-3.0 - 0.1087 *  x[0]^1.0 *  x[1]^3.0;  - 0.0032 *  x[0]^1.0 *  x[1]^3.0 *  x[2]^-3.0 + 0.0129 *  x[0]^-1.0 *  x[1]^1.0 - 0.0819 *  x[1]^-0.5 *  x[2]^2.0;  - 0.0761 *  x[0]^1.0 *  x[1]^-1.0 + 0.0143 *  x[0]^-2.0 *  x[1]^2.0 *  x[2]^0.5

2019-05-02-09-23-04   >>>>   End verify ranking function

verifying time = 310.883 ms


Not Found Ranking Fcuntion

Conterexample is 

[2, 0.125, 0.5]

sampling time = 2.302 ms


       ########################################         

iteration 1 with 444 examples

2019-05-02-09-23-04   >>>>   Start train ranking function

2019-05-02-09-23-04   >>>>   End train ranking function

train_ranking_functioning time = 16.964 ms


2019-05-02-09-23-04   >>>>   Start verify ranking function

[xr_0 = 2, xr_1 = 1/8, xr_2 = 1/2]
ranking function :  - 0.007 *  x[0]^3.0 *  x[1]^0.5 *  x[2]^-3.0 + 0.0008 *  x[0]^-2.0 *  x[1]^-1.0 *  x[2]^-3.0 - 0.1034 *  x[0]^1.0 *  x[1]^3.0;  - 0.0035 *  x[0]^1.0 *  x[1]^3.0 *  x[2]^-3.0 + 0.0181 *  x[0]^-1.0 *  x[1]^1.0 - 0.0792 *  x[1]^-0.5 *  x[2]^2.0;  - 0.0554 *  x[0]^1.0 *  x[1]^-1.0 + 0.0185 *  x[0]^-2.0 *  x[1]^2.0 *  x[2]^0.5

2019-05-02-09-23-04   >>>>   End verify ranking function

verifying time = 70.067 ms


Not Found Ranking Fcuntion

Conterexample is 

[2, 0.125, 0.5]

sampling time = 2.294 ms


       ########################################         

iteration 2 with 448 examples

2019-05-02-09-23-04   >>>>   Start train ranking function

2019-05-02-09-23-04   >>>>   End train ranking function

train_ranking_functioning time = 17.036 ms


2019-05-02-09-23-04   >>>>   Start verify ranking function

[xr_0 = 2, xr_1 = 1/8, xr_2 = 1/2]
ranking function :  - 0.0035 *  x[0]^3.0 *  x[1]^0.5 *  x[2]^-3.0 + 0.0039 *  x[0]^-2.0 *  x[1]^-1.0 *  x[2]^-3.0 - 0.1044 *  x[0]^1.0 *  x[1]^3.0;  - 0.0002 *  x[0]^1.0 *  x[1]^3.0 *  x[2]^-3.0 + 0.0186 *  x[0]^-1.0 *  x[1]^1.0 - 0.0771 *  x[1]^-0.5 *  x[2]^2.0;  - 0.0443 *  x[0]^1.0 *  x[1]^-1.0 + 0.0242 *  x[0]^-2.0 *  x[1]^2.0 *  x[2]^0.5

2019-05-02-09-23-10   >>>>   End verify ranking function

verifying time = 5629.150 ms


Not Found Ranking Fcuntion

Conterexample is 

[2, 0.125, 0.5]

sampling time = 2.293 ms


       ########################################         

iteration 3 with 452 examples

2019-05-02-09-23-10   >>>>   Start train ranking function

2019-05-02-09-23-10   >>>>   End train ranking function

train_ranking_functioning time = 17.151 ms


2019-05-02-09-23-10   >>>>   Start verify ranking function

[xr_0 = 1, xr_1 = 1/8, xr_2 = 1/2]
ranking function :  - 0.0034 *  x[0]^3.0 *  x[1]^0.5 *  x[2]^-3.0 - 0.0025 *  x[0]^-2.0 *  x[1]^-1.0 *  x[2]^-3.0 - 0.1024 *  x[0]^1.0 *  x[1]^3.0;  - 0.0025 *  x[0]^1.0 *  x[1]^3.0 *  x[2]^-3.0 + 0.0227 *  x[0]^-1.0 *  x[1]^1.0 - 0.0822 *  x[1]^-0.5 *  x[2]^2.0;  - 0.031 *  x[0]^1.0 *  x[1]^-1.0 + 0.0156 *  x[0]^-2.0 *  x[1]^2.0 *  x[2]^0.5

2019-05-02-09-23-10   >>>>   End verify ranking function

verifying time = 153.036 ms


Not Found Ranking Fcuntion

Conterexample is 

[1, 0.125, 0.5]

sampling time = 2.285 ms


       ########################################         

iteration 4 with 456 examples

2019-05-02-09-23-10   >>>>   Start train ranking function

2019-05-02-09-23-10   >>>>   End train ranking function

train_ranking_functioning time = 17.456 ms


2019-05-02-09-23-10   >>>>   Start verify ranking function

[xr_0 = 1, xr_1 = 1/8, xr_2 = 1/2]
ranking function :  - 0.0176 *  x[0]^3.0 *  x[1]^0.5 *  x[2]^-3.0 - 0.0225 *  x[0]^-2.0 *  x[1]^-1.0 *  x[2]^-3.0 - 0.1054 *  x[0]^1.0 *  x[1]^3.0;  - 0.003 *  x[0]^1.0 *  x[1]^3.0 *  x[2]^-3.0 + 0.0233 *  x[0]^-1.0 *  x[1]^1.0 - 0.0771 *  x[1]^-0.5 *  x[2]^2.0;  - 0.0237 *  x[0]^1.0 *  x[1]^-1.0 + 0.0092 *  x[0]^-2.0 *  x[1]^2.0 *  x[2]^0.5

2019-05-02-09-23-10   >>>>   End verify ranking function

verifying time = 65.540 ms


Not Found Ranking Fcuntion

Conterexample is 

[1, 0.125, 0.5]

sampling time = 2.285 ms


       ########################################         

iteration 5 with 460 examples

2019-05-02-09-23-10   >>>>   Start train ranking function

2019-05-02-09-23-10   >>>>   End train ranking function

train_ranking_functioning time = 17.617 ms


2019-05-02-09-23-10   >>>>   Start verify ranking function

[xr_0 = 1, xr_1 = 1/8, xr_2 = 1/2]
ranking function : 0.0058 *  x[0]^3.0 *  x[1]^0.5 *  x[2]^-3.0 - 0.0034 *  x[0]^-2.0 *  x[1]^-1.0 *  x[2]^-3.0 - 0.1069 *  x[0]^1.0 *  x[1]^3.0;  - 0.0124 *  x[0]^1.0 *  x[1]^3.0 *  x[2]^-3.0 + 0.0154 *  x[0]^-1.0 *  x[1]^1.0 - 0.082 *  x[1]^-0.5 *  x[2]^2.0;  - 0.0271 *  x[0]^1.0 *  x[1]^-1.0 + 0.0192 *  x[0]^-2.0 *  x[1]^2.0 *  x[2]^0.5

2019-05-02-09-23-10   >>>>   End verify ranking function

verifying time = 186.032 ms


Not Found Ranking Fcuntion

Conterexample is 

[1, 0.125, 0.5]

sampling time = 2.280 ms


       ########################################         

iteration 6 with 464 examples

2019-05-02-09-23-10   >>>>   Start train ranking function

2019-05-02-09-23-10   >>>>   End train ranking function

train_ranking_functioning time = 18.046 ms

