------Using Template 0 -----------
3 [3]
*****************************************************

2019-05-02-09-31-26   >>>>   End sampling point

sampling time = 17.686 ms,


       ########################################         

iteration 0 with 24 examples

2019-05-02-09-31-26   >>>>   Start train ranking function

2019-05-02-09-31-26   >>>>   End train ranking function

train_ranking_functioning time = 0.660 ms


2019-05-02-09-31-26   >>>>   Start verify ranking function

ranking function :  - 0.1 *  x[0]^1.0 - 0.2 *  x[1]^1.0 + 1.5 * 1

2019-05-02-09-31-26   >>>>   End verify ranking function

verifying time = 9.741 ms


Not Found Ranking Fcuntion

Conterexample is 

[-14, 15]

sampling time = 0.828 ms


       ########################################         

iteration 1 with 26 examples

2019-05-02-09-31-26   >>>>   Start train ranking function

2019-05-02-09-31-26   >>>>   End train ranking function

train_ranking_functioning time = 0.719 ms


2019-05-02-09-31-26   >>>>   Start verify ranking function

ranking function :  - 0.2 *  x[0]^1.0 - 0.2 *  x[1]^1.0 + 1.5 * 1

2019-05-02-09-31-26   >>>>   End verify ranking function

verifying time = 9.278 ms


Not Found Ranking Fcuntion

Conterexample is 

[-1, 9]

sampling time = 0.829 ms


       ########################################         

iteration 2 with 28 examples

2019-05-02-09-31-26   >>>>   Start train ranking function

2019-05-02-09-31-26   >>>>   End train ranking function

train_ranking_functioning time = 0.707 ms


2019-05-02-09-31-26   >>>>   Start verify ranking function

ranking function :  - 0.1 *  x[0]^1.0 - 0.2 *  x[1]^1.0 + 1.6 * 1

2019-05-02-09-31-26   >>>>   End verify ranking function

verifying time = 8.550 ms


Not Found Ranking Fcuntion

Conterexample is 

[-1, 9]

sampling time = 0.791 ms


       ########################################         

iteration 3 with 30 examples

2019-05-02-09-31-26   >>>>   Start train ranking function

2019-05-02-09-31-26   >>>>   End train ranking function

train_ranking_functioning time = 0.834 ms


2019-05-02-09-31-26   >>>>   Start verify ranking function

ranking function :  - 0.1 *  x[0]^1.0 - 0.1 *  x[1]^1.0 + 1.8 * 1

2019-05-02-09-31-26   >>>>   End verify ranking function

verifying time = 9.218 ms


Not Found Ranking Fcuntion

Conterexample is 

[-1, 20]

sampling time = 0.790 ms


       ########################################         

iteration 4 with 32 examples

2019-05-02-09-31-26   >>>>   Start train ranking function

2019-05-02-09-31-26   >>>>   End train ranking function

train_ranking_functioning time = 0.926 ms


2019-05-02-09-31-26   >>>>   Start verify ranking function

ranking function :  - 0.1 *  x[1]^1.0 + 2.0 * 1

2019-05-02-09-31-26   >>>>   End verify ranking function

verifying time = 9.425 ms


Not Found Ranking Fcuntion

Conterexample is 

[-1, 21]

sampling time = 0.810 ms


       ########################################         

iteration 5 with 34 examples

2019-05-02-09-31-26   >>>>   Start train ranking function

2019-05-02-09-31-26   >>>>   End train ranking function

train_ranking_functioning time = 0.994 ms


2019-05-02-09-31-26   >>>>   Start verify ranking function

ranking function :  - 0.1 *  x[1]^1.0 + 2.3 * 1

2019-05-02-09-31-26   >>>>   End verify ranking function

verifying time = 8.536 ms


Not Found Ranking Fcuntion

Conterexample is 

[-1, 24]

sampling time = 0.745 ms


       ########################################         

iteration 6 with 36 examples

2019-05-02-09-31-26   >>>>   Start train ranking function

2019-05-02-09-31-26   >>>>   End train ranking function

train_ranking_functioning time = 1.015 ms


2019-05-02-09-31-26   >>>>   Start verify ranking function

ranking function :  - 0.1 *  x[1]^1.0 + 2.4 * 1

2019-05-02-09-31-26   >>>>   End verify ranking function

verifying time = 8.284 ms


Not Found Ranking Fcuntion

Conterexample is 

[-1, 25]

sampling time = 0.751 ms


       ########################################         

iteration 7 with 38 examples

2019-05-02-09-31-26   >>>>   Start train ranking function

2019-05-02-09-31-26   >>>>   End train ranking function

train_ranking_functioning time = 0.968 ms


2019-05-02-09-31-26   >>>>   Start verify ranking function

ranking function : 0.1 *  x[0]^1.0 - 0.1 *  x[1]^1.0 + 2.4 * 1

2019-05-02-09-31-26   >>>>   End verify ranking function

verifying time = 8.119 ms


Not Found Ranking Fcuntion

Conterexample is 

[-1, 24]

sampling time = 0.749 ms


       ########################################         

iteration 8 with 40 examples

2019-05-02-09-31-26   >>>>   Start train ranking function

2019-05-02-09-31-26   >>>>   End train ranking function

train_ranking_functioning time = 1.032 ms


2019-05-02-09-31-26   >>>>   Start verify ranking function

ranking function : 0.1 *  x[0]^1.0 - 0.1 *  x[1]^1.0 + 2.5 * 1

2019-05-02-09-31-26   >>>>   End verify ranking function

verifying time = 8.196 ms


Not Found Ranking Fcuntion

Conterexample is 

[-1, 25]

sampling time = 0.753 ms


       ########################################         

iteration 9 with 42 examples

2019-05-02-09-31-26   >>>>   Start train ranking function

2019-05-02-09-31-26   >>>>   End train ranking function

train_ranking_functioning time = 1.104 ms


2019-05-02-09-31-26   >>>>   Start verify ranking function

ranking function : 0.1 *  x[0]^1.0 - 0.1 *  x[1]^1.0 + 2.5 * 1

2019-05-02-09-31-26   >>>>   End verify ranking function

verifying time = 8.107 ms


Not Found Ranking Fcuntion

Conterexample is 

[-1, 25]

sampling time = 0.722 ms


       ########################################         

iteration 10 with 44 examples

2019-05-02-09-31-26   >>>>   Start train ranking function

2019-05-02-09-31-26   >>>>   End train ranking function

train_ranking_functioning time = 1.108 ms


2019-05-02-09-31-26   >>>>   Start verify ranking function

ranking function : 0.1 *  x[0]^1.0 - 0.1 *  x[1]^1.0 + 2.5 * 1

2019-05-02-09-31-26   >>>>   End verify ranking function

verifying time = 8.155 ms


Not Found Ranking Fcuntion

Conterexample is 

[-1, 25]

sampling time = 0.713 ms


       ########################################         

iteration 11 with 46 examples

2019-05-02-09-31-26   >>>>   Start train ranking function

2019-05-02-09-31-26   >>>>   End train ranking function

train_ranking_functioning time = 1.113 ms


2019-05-02-09-31-26   >>>>   Start verify ranking function

ranking function : 0.1 *  x[0]^1.0 - 0.1 *  x[1]^1.0 + 2.5 * 1

2019-05-02-09-31-26   >>>>   End verify ranking function

verifying time = 8.210 ms


Not Found Ranking Fcuntion

Conterexample is 

[-1, 25]

sampling time = 0.706 ms


       ########################################         

iteration 12 with 48 examples

2019-05-02-09-31-26   >>>>   Start train ranking function

2019-05-02-09-31-26   >>>>   End train ranking function

train_ranking_functioning time = 1.136 ms


2019-05-02-09-31-26   >>>>   Start verify ranking function

ranking function : 0.1 *  x[0]^1.0 - 0.1 *  x[1]^1.0 + 2.5 * 1

2019-05-02-09-31-26   >>>>   End verify ranking function

verifying time = 8.252 ms


Not Found Ranking Fcuntion

Conterexample is 

[-1, 25]

sampling time = 0.768 ms


       ########################################         

iteration 13 with 50 examples

2019-05-02-09-31-26   >>>>   Start train ranking function

5
2019-05-02-09-31-26   >>>>   End train ranking function

train_ranking_functioning time = 1.221 ms


2019-05-02-09-31-26   >>>>   Start verify ranking function

ranking function : 0.1 *  x[0]^1.0 - 0.1 *  x[1]^1.0 + 2.5 * 1

2019-05-02-09-31-26   >>>>   End verify ranking function

verifying time = 8.287 ms


Not Found Ranking Fcuntion

Conterexample is 

[-1, 25]

sampling time = 0.720 ms


       ########################################         

iteration 14 with 52 examples

2019-05-02-09-31-26   >>>>   Start train ranking function

2019-05-02-09-31-26   >>>>   End train ranking function

train_ranking_functioning time = 1.265 ms


2019-05-02-09-31-26   >>>>   Start verify ranking function

ranking function : 0.0702 *  x[0]^1.0 - 0.0633 *  x[1]^1.0 + 2.5401 * 1

2019-05-02-09-31-26   >>>>   End verify ranking function

verifying time = 8.313 ms


Not Found Ranking Fcuntion

Conterexample is 

[-2, 40]

sampling time = 0.848 ms


       ########################################         

iteration 15 with 54 examples

2019-05-02-09-31-26   >>>>   Start train ranking function

2019-05-02-09-31-26   >>>>   End train ranking function

train_ranking_functioning time = 1.314 ms


2019-05-02-09-31-26   >>>>   Start verify ranking function

ranking function : 0.0743 *  x[0]^1.0 - 0.0576 *  x[1]^1.0 + 2.4635 * 1

2019-05-02-09-31-26   >>>>   End verify ranking function

verifying time = 8.346 ms


Not Found Ranking Fcuntion

Conterexample is 

[-2, 42]

sampling time = 0.882 ms


       ########################################         

iteration 16 with 56 examples

2019-05-02-09-31-26   >>>>   Start train ranking function

2019-05-02-09-31-26   >>>>   End train ranking function

train_ranking_functioning time = 1.659 ms


2019-05-02-09-31-26   >>>>   Start verify ranking function

ranking function : 0.0802 *  x[0]^1.0 - 0.0516 *  x[1]^1.0 + 2.3918 * 1

2019-05-02-09-31-26   >>>>   End verify ranking function

verifying time = 9.002 ms


Not Found Ranking Fcuntion

Conterexample is 

[-1, 45]

sampling time = 0.784 ms


       ########################################         

iteration 17 with 58 examples

2019-05-02-09-31-26   >>>>   Start train ranking function

2019-05-02-09-31-26   >>>>   End train ranking function

train_ranking_functioning time = 1.586 ms


2019-05-02-09-31-26   >>>>   Start verify ranking function

ranking function : 0.095 *  x[0]^1.0 - 0.0444 *  x[1]^1.0 + 2.3907 * 1

2019-05-02-09-31-26   >>>>   End verify ranking function

verifying time = 9.468 ms


Not Found Ranking Fcuntion

Conterexample is 

[-2, 52]

sampling time = 0.768 ms


       ########################################         

iteration 18 with 60 examples

2019-05-02-09-31-26   >>>>   Start train ranking function

2019-05-02-09-31-26   >>>>   End train ranking function

train_ranking_functioning time = 1.408 ms


2019-05-02-09-31-26   >>>>   Start verify ranking function

ranking function : 0.1097 *  x[0]^1.0 - 0.0392 *  x[1]^1.0 + 2.5538 * 1

2019-05-02-09-31-26   >>>>   End verify ranking function

verifying time = 8.546 ms


Not Found Ranking Fcuntion

Conterexample is 

[-1, 63]

sampling time = 0.757 ms


       ########################################         

iteration 19 with 62 examples

2019-05-02-09-31-26   >>>>   Start train ranking function

2019-05-02-09-31-26   >>>>   End train ranking function

train_ranking_functioning time = 1.310 ms


2019-05-02-09-31-26   >>>>   Start verify ranking function

ranking function : 0.1194 *  x[0]^1.0 - 0.0358 *  x[1]^1.0 + 2.605 * 1

2019-05-02-09-31-26   >>>>   End verify ranking function

verifying time = 8.366 ms


Not Found Ranking Fcuntion

Conterexample is 

[-2, 70]

sampling time = 0.745 ms


       ########################################         

iteration 20 with 64 examples

2019-05-02-09-31-26   >>>>   Start train ranking function

2019-05-02-09-31-26   >>>>   End train ranking function

train_ranking_functioning time = 1.327 ms


2019-05-02-09-31-26   >>>>   Start verify ranking function

ranking function : 0.1259 *  x[0]^1.0 - 0.0318 *  x[1]^1.0 + 2.6097 * 1

2019-05-02-09-31-26   >>>>   End verify ranking function

verifying time = 8.184 ms


Not Found Ranking Fcuntion

Conterexample is 

[-1, 79]

sampling time = 0.718 ms


       ########################################         

iteration 21 with 66 examples

2019-05-02-09-31-26   >>>>   Start train ranking function

2019-05-02-09-31-26   >>>>   End train ranking function

train_ranking_functioning time = 1.385 ms


2019-05-02-09-31-26   >>>>   Start verify ranking function

ranking function : 0.1283 *  x[0]^1.0 - 0.0296 *  x[1]^1.0 + 2.6062 * 1

2019-05-02-09-31-26   >>>>   End verify ranking function

verifying time = 8.788 ms


Not Found Ranking Fcuntion

Conterexample is 

[-1, 84]

sampling time = 0.713 ms


       ########################################         

iteration 22 with 68 examples

2019-05-02-09-31-26   >>>>   Start train ranking function

2019-05-02-09-31-26   >>>>   End train ranking function

train_ranking_functioning time = 1.408 ms


2019-05-02-09-31-26   >>>>   Start verify ranking function

ranking function : 0.1287 *  x[0]^1.0 - 0.0285 *  x[1]^1.0 + 2.5855 * 1

2019-05-02-09-31-26   >>>>   End verify ranking function

verifying time = 8.165 ms


Not Found Ranking Fcuntion

Conterexample is 

[-2, 87]

sampling time = 0.745 ms


       ########################################         

iteration 23 with 70 examples

2019-05-02-09-31-26   >>>>   Start train ranking function

2019-05-02-09-31-26   >>>>   End train ranking function

train_ranking_functioning time = 1.441 ms


2019-05-02-09-31-26   >>>>   Start verify ranking function

ranking function : 0.1362 *  x[0]^1.0 - 0.0316 *  x[1]^1.0 + 2.5701 * 1

2019-05-02-09-31-26   >>>>   End verify ranking function

verifying time = 8.132 ms


Not Found Ranking Fcuntion

Conterexample is 

[-2, 78]

sampling time = 0.741 ms


       ########################################         

iteration 24 with 72 examples

2019-05-02-09-31-26   >>>>   Start train ranking function

2019-05-02-09-31-26   >>>>   End train ranking function

train_ranking_functioning time = 1.462 ms


2019-05-02-09-31-26   >>>>   Start verify ranking function

ranking function : 0.1312 *  x[0]^1.0 - 0.0178 *  x[1]^1.0 + 2.565 * 1

2019-05-02-09-31-26   >>>>   End verify ranking function

verifying time = 8.245 ms


Not Found Ranking Fcuntion

Conterexample is 

[-1, 137]

sampling time = 0.754 ms


Failed to prove it is terminated

UNKNOWN
------Using Template 1 -----------
4 [4]
*****************************************************

2019-05-02-09-31-26   >>>>   End sampling point

sampling time = 20.978 ms,


       ########################################         

iteration 0 with 24 examples

2019-05-02-09-31-26   >>>>   Start train ranking function

2019-05-02-09-31-26   >>>>   End train ranking function

train_ranking_functioning time = 0.419 ms


2019-05-02-09-31-26   >>>>   Start verify ranking function

[xi_0 = -2, xi_1 = 4]
ranking function :  - 0.8 *  x[0]^-3.0 *  x[1]^0.5 + 1.2 *  x[0]^-0.5 *  x[1]^0.5 + 1.4 *  x[0]^-0.5 *  x[1]^-1.0 - 0.3 *  x[0]^2.0 *  x[1]^-1.0

2019-05-02-09-31-26   >>>>   End verify ranking function

verifying time = 344.913 ms


Not Found Ranking Fcuntion

Conterexample is 

[-2, 4]

sampling time = 1.105 ms


       ########################################         

iteration 1 with 26 examples

2019-05-02-09-31-26   >>>>   Start train ranking function

2019-05-02-09-31-26   >>>>   End train ranking function

train_ranking_functioning time = 0.440 ms


2019-05-02-09-31-26   >>>>   Start verify ranking function

[xi_0 = -2, xi_1 = 4]
ranking function :  - 0.8 *  x[0]^-3.0 *  x[1]^0.5 + 1.2 *  x[0]^-0.5 *  x[1]^0.5 + 1.5 *  x[0]^-0.5 *  x[1]^-1.0 - 0.3 *  x[0]^2.0 *  x[1]^-1.0

2019-05-02-09-31-27   >>>>   End verify ranking function

verifying time = 164.003 ms


Not Found Ranking Fcuntion

Conterexample is 

[-2, 4]

sampling time = 1.087 ms


       ########################################         

iteration 2 with 28 examples

2019-05-02-09-31-27   >>>>   Start train ranking function

2019-05-02-09-31-27   >>>>   End train ranking function

train_ranking_functioning time = 0.393 ms


2019-05-02-09-31-27   >>>>   Start verify ranking function

[xi_0 = -2, xi_1 = 4]
ranking function :  - 0.8 *  x[0]^-3.0 *  x[1]^0.5 + 1.2 *  x[0]^-0.5 *  x[1]^0.5 + 1.6 *  x[0]^-0.5 *  x[1]^-1.0 - 0.3 *  x[0]^2.0 *  x[1]^-1.0

2019-05-02-09-31-28   >>>>   End verify ranking function

verifying time = 842.629 ms


Not Found Ranking Fcuntion

Conterexample is 

[-2, 4]

sampling time = 1.149 ms


       ########################################         

iteration 3 with 30 examples

2019-05-02-09-31-28   >>>>   Start train ranking function

2019-05-02-09-31-28   >>>>   End train ranking function

train_ranking_functioning time = 0.398 ms


2019-05-02-09-31-28   >>>>   Start verify ranking function

[xi_0 = -2, xi_1 = 4]
ranking function :  - 0.8 *  x[0]^-3.0 *  x[1]^0.5 + 1.3 *  x[0]^-0.5 *  x[1]^0.5 + 1.7 *  x[0]^-0.5 *  x[1]^-1.0 - 0.4 *  x[0]^2.0 *  x[1]^-1.0
