------Using Template 0 -----------
4 [4]
*****************************************************

2019-05-02-09-31-35   >>>>   End sampling point

sampling time = 18.258 ms,


       ########################################         

iteration 0 with 4 examples

2019-05-02-09-31-35   >>>>   Start train ranking function

2019-05-02-09-31-35   >>>>   End train ranking function

train_ranking_functioning time = 0.666 ms


2019-05-02-09-31-35   >>>>   Start verify ranking function

[xr_1 = -5/86, xr_2 = -425/1032, xr_0 = -5/1032]
ranking function : 0.0006 *  x[2]^1.0 + 0.8 * 1

2019-05-02-09-31-35   >>>>   End verify ranking function

verifying time = 13.999 ms


Not Found Ranking Fcuntion

Conterexample is 

[-0.0048449612403100775, -0.05813953488372093, -0.4118217054263566]

sampling time = 1.725 ms


       ########################################         

iteration 1 with 6 examples

2019-05-02-09-31-35   >>>>   Start train ranking function

2019-05-02-09-31-35   >>>>   End train ranking function

train_ranking_functioning time = 0.494 ms


2019-05-02-09-31-35   >>>>   Start verify ranking function

[xr_1 = -120/1630457,
 xr_2 = -850/1630457,
 xr_0 = -10/1630457]
ranking function :  - 0.0007 *  x[0]^1.0 + 0.0171 *  x[1]^1.0 + 0.4754 *  x[2]^1.0 + 0.9134 * 1

2019-05-02-09-31-35   >>>>   End verify ranking function

verifying time = 12.876 ms


Not Found Ranking Fcuntion

Conterexample is 

[-6.133249757583303e-06, -7.359899709099965e-05, -0.0005213262293945808]

sampling time = 1.307 ms


       ########################################         

iteration 2 with 8 examples

2019-05-02-09-31-35   >>>>   Start train ranking function

2019-05-02-09-31-35   >>>>   End train ranking function

train_ranking_functioning time = 0.360 ms


2019-05-02-09-31-35   >>>>   Start verify ranking function

[xr_1 = -40/546869, xr_2 = -850/1640607, xr_0 = -10/1640607]
ranking function :  - 0.0005 *  x[0]^1.0 + 0.0183 *  x[1]^1.0 + 0.4783 *  x[2]^1.0 + 0.933 * 1

2019-05-02-09-31-35   >>>>   End verify ranking function

verifying time = 9.274 ms


Not Found Ranking Fcuntion

Conterexample is 

[-6.095304969441189e-06, -7.314365963329426e-05, -0.000518100922402501]

sampling time = 1.027 ms


       ########################################         

iteration 3 with 10 examples

2019-05-02-09-31-35   >>>>   Start train ranking function

2019-05-02-09-31-35   >>>>   End train ranking function

train_ranking_functioning time = 0.308 ms


2019-05-02-09-31-35   >>>>   Start verify ranking function

[xr_1 = -5/68651, xr_2 = -425/823812, xr_0 = -5/823812]
ranking function :  - 0.0004 *  x[0]^1.0 + 0.0192 *  x[1]^1.0 + 0.4803 *  x[2]^1.0 + 0.9454 * 1

2019-05-02-09-31-35   >>>>   End verify ranking function

verifying time = 8.700 ms


Not Found Ranking Fcuntion

Conterexample is 

[-6.069345918729031e-06, -7.283215102474837e-05, -0.0005158944030919676]

sampling time = 1.005 ms


       ########################################         

iteration 4 with 12 examples

2019-05-02-09-31-35   >>>>   Start train ranking function

2019-05-02-09-31-35   >>>>   End train ranking function

train_ranking_functioning time = 0.316 ms


2019-05-02-09-31-35   >>>>   Start verify ranking function

[xr_1 = -30/413381, xr_2 = -425/826762, xr_0 = -5/826762]
ranking function :  - 0.0004 *  x[0]^1.0 + 0.0197 *  x[1]^1.0 + 0.482 *  x[2]^1.0 + 0.9539 * 1

2019-05-02-09-31-35   >>>>   End verify ranking function

verifying time = 8.471 ms


Not Found Ranking Fcuntion

Conterexample is 

[-6.047689661595477e-06, -7.257227593914573e-05, -0.0005140536212356156]

sampling time = 1.088 ms


       ########################################         

iteration 5 with 14 examples

2019-05-02-09-31-35   >>>>   Start train ranking function

2019-05-02-09-31-35   >>>>   End train ranking function

train_ranking_functioning time = 0.316 ms


2019-05-02-09-31-35   >>>>   Start verify ranking function

[xr_1 = -120/1658041,
 xr_2 = -850/1658041,
 xr_0 = -10/1658041]
ranking function :  - 0.0003 *  x[0]^1.0 + 0.0201 *  x[1]^1.0 + 0.4833 *  x[2]^1.0 + 0.9602 * 1

2019-05-02-09-31-35   >>>>   End verify ranking function

verifying time = 8.513 ms


Not Found Ranking Fcuntion

Conterexample is 

[-6.031213944649137e-06, -7.237456733578964e-05, -0.0005126531852951766]

sampling time = 1.011 ms


       ########################################         

iteration 6 with 16 examples

2019-05-02-09-31-35   >>>>   Start train ranking function

2019-05-02-09-31-35   >>>>   End train ranking function

train_ranking_functioning time = 0.357 ms


2019-05-02-09-31-35   >>>>   Start verify ranking function

[xr_1 = -120/1662217,
 xr_2 = -850/1662217,
 xr_0 = -10/1662217]
ranking function :  - 0.0003 *  x[0]^1.0 + 0.0205 *  x[1]^1.0 + 0.4845 *  x[2]^1.0 + 0.9649 * 1

2019-05-02-09-31-35   >>>>   End verify ranking function

verifying time = 8.556 ms


Not Found Ranking Fcuntion

Conterexample is 

[-6.0160616814772075e-06, -7.21927401777265e-05, -0.0005113652429255626]

sampling time = 1.014 ms


       ########################################         

iteration 7 with 18 examples

2019-05-02-09-31-35   >>>>   Start train ranking function

2019-05-02-09-31-35   >>>>   End train ranking function

train_ranking_functioning time = 0.319 ms


2019-05-02-09-31-35   >>>>   Start verify ranking function

[xr_1 = -24/333133, xr_2 = -170/333133, xr_0 = -2/333133]
ranking function :  - 0.0003 *  x[0]^1.0 + 0.0207 *  x[1]^1.0 + 0.4855 *  x[2]^1.0 + 0.9687 * 1

2019-05-02-09-31-35   >>>>   End verify ranking function

verifying time = 8.322 ms


Not Found Ranking Fcuntion

Conterexample is 

[-6.003608168509274e-06, -7.204329802211129e-05, -0.0005103066943232883]

sampling time = 1.005 ms


       ########################################         

iteration 8 with 20 examples

2019-05-02-09-31-35   >>>>   Start train ranking function

2019-05-02-09-31-35   >>>>   End train ranking function

train_ranking_functioning time = 0.352 ms


2019-05-02-09-31-35   >>>>   Start verify ranking function

[xr_1 = -60/834569, xr_2 = -425/834569, xr_0 = -5/834569]
ranking function :  - 0.0002 *  x[0]^1.0 + 0.021 *  x[1]^1.0 + 0.4865 *  x[2]^1.0 + 0.9717 * 1

2019-05-02-09-31-35   >>>>   End verify ranking function

verifying time = 8.365 ms


Not Found Ranking Fcuntion

Conterexample is 

[-5.991116372642645e-06, -7.189339647171174e-05, -0.0005092448916746248]

sampling time = 1.032 ms


       ########################################         

iteration 9 with 22 examples

2019-05-02-09-31-35   >>>>   Start train ranking function

2019-05-02-09-31-35   >>>>   End train ranking function

train_ranking_functioning time = 0.324 ms


2019-05-02-09-31-35   >>>>   Start verify ranking function

[xr_1 = -20/278651, xr_2 = -425/835953, xr_0 = -5/835953]
ranking function :  - 0.0002 *  x[0]^1.0 + 0.0212 *  x[1]^1.0 + 0.4873 *  x[2]^1.0 + 0.9742 * 1

2019-05-02-09-31-35   >>>>   End verify ranking function

verifying time = 8.442 ms


Not Found Ranking Fcuntion

Conterexample is 

[-5.981197507515375e-06, -7.17743700901845e-05, -0.0005084017881388068]

sampling time = 1.048 ms


       ########################################         

iteration 10 with 24 examples

2019-05-02-09-31-35   >>>>   Start train ranking function

2019-05-02-09-31-35   >>>>   End train ranking function

train_ranking_functioning time = 0.331 ms


2019-05-02-09-31-35   >>>>   Start verify ranking function

[xr_1 = -4/55833, xr_2 = -85/167499, xr_0 = -1/167499]
ranking function :  - 0.0002 *  x[0]^1.0 + 0.0213 *  x[1]^1.0 + 0.4882 *  x[2]^1.0 + 0.9764 * 1

2019-05-02-09-31-35   >>>>   End verify ranking function

verifying time = 8.405 ms


Not Found Ranking Fcuntion

Conterexample is 

[-5.970184896626248e-06, -7.164221875951498e-05, -0.0005074657162132311]

sampling time = 1.040 ms


       ########################################         

iteration 11 with 26 examples

2019-05-02-09-31-35   >>>>   Start train ranking function

2019-05-02-09-31-35   >>>>   End train ranking function

train_ranking_functioning time = 0.376 ms


2019-05-02-09-31-35   >>>>   Start verify ranking function

[xr_1 = -60/838879, xr_2 = -425/838879, xr_0 = -5/838879]
ranking function :  - 0.0002 *  x[0]^1.0 + 0.0215 *  x[1]^1.0 + 0.489 *  x[2]^1.0 + 0.9782 * 1

2019-05-02-09-31-35   >>>>   End verify ranking function

verifying time = 10.890 ms


Not Found Ranking Fcuntion

Conterexample is 

[-5.960335161566805e-06, -7.152402193880166e-05, -0.0005066284887331785]

sampling time = 1.295 ms


       ########################################         

iteration 12 with 28 examples

2019-05-02-09-31-35   >>>>   Start train ranking function

2019-05-02-09-31-35   >>>>   End train ranking function

train_ranking_functioning time = 0.355 ms


2019-05-02-09-31-35   >>>>   Start verify ranking function

[xr_1 = -60/840251, xr_2 = -425/840251, xr_0 = -5/840251]
ranking function :  - 0.0002 *  x[0]^1.0 + 0.0216 *  x[1]^1.0 + 0.4898 *  x[2]^1.0 + 0.9797 * 1

2019-05-02-09-31-35   >>>>   End verify ranking function

verifying time = 8.815 ms


Not Found Ranking Fcuntion

Conterexample is 

[-5.950602855575298e-06, -7.140723426690358e-05, -0.0005058012427239004]

sampling time = 1.326 ms


       ########################################         

iteration 13 with 30 examples

2019-05-02-09-31-35   >>>>   Start train ranking function

2019-05-02-09-31-35   >>>>   End train ranking function

train_ranking_functioning time = 0.377 ms


2019-05-02-09-31-35   >>>>   Start verify ranking function

[xr_1 = -60/841453, xr_2 = -425/841453, xr_0 = -5/841453]
ranking function :  - 0.0002 *  x[0]^1.0 + 0.0217 *  x[1]^1.0 + 0.4905 *  x[2]^1.0 + 0.9811 * 1

2019-05-02-09-31-35   >>>>   End verify ranking function

verifying time = 8.875 ms


Not Found Ranking Fcuntion

Conterexample is 

[-5.942102529790731e-06, -7.130523035748878e-05, -0.0005050787150322121]

sampling time = 1.046 ms


       ########################################         

iteration 14 with 32 examples

2019-05-02-09-31-35   >>>>   Start train ranking function

2019-05-02-09-31-35   >>>>   End train ranking function

train_ranking_functioning time = 0.342 ms


2019-05-02-09-31-35   >>>>   Start verify ranking function

[xr_1 = -12/168565, xr_2 = -17/33713, xr_0 = -1/168565]
ranking function :  - 0.0002 *  x[0]^1.0 + 0.0218 *  x[1]^1.0 + 0.4913 *  x[2]^1.0 + 0.9822 * 1

2019-05-02-09-31-35   >>>>   End verify ranking function

verifying time = 9.393 ms


Not Found Ranking Fcuntion

Conterexample is 

[-5.932429626553555e-06, -7.118915551864265e-05, -0.0005042565182570522]

sampling time = 1.055 ms


       ########################################         

iteration 15 with 34 examples

2019-05-02-09-31-35   >>>>   Start train ranking function

2019-05-02-09-31-35   >>>>   End train ranking function

train_ranking_functioning time = 0.360 ms


2019-05-02-09-31-35   >>>>   Start verify ranking function

[xr_1 = -60/844027, xr_2 = -425/844027, xr_0 = -5/844027]
ranking function :  - 0.0002 *  x[0]^1.0 + 0.0219 *  x[1]^1.0 + 0.492 *  x[2]^1.0 + 0.9833 * 1

2019-05-02-09-31-35   >>>>   End verify ranking function

verifying time = 8.363 ms


Not Found Ranking Fcuntion

Conterexample is 

[-5.923981104869868e-06, -7.108777325843842e-05, -0.0005035383939139388]

sampling time = 1.040 ms


       ########################################         

iteration 16 with 36 examples

2019-05-02-09-31-35   >>>>   Start train ranking function

2019-05-02-09-31-35   >>>>   End train ranking function

train_ranking_functioning time = 0.372 ms


2019-05-02-09-31-35   >>>>   Start verify ranking function

[xr_1 = -20/281743, xr_2 = -425/845229, xr_0 = -5/845229]
ranking function :  - 0.0002 *  x[0]^1.0 + 0.022 *  x[1]^1.0 + 0.4927 *  x[2]^1.0 + 0.9842 * 1

2019-05-02-09-31-35   >>>>   End verify ranking function

verifying time = 8.603 ms


Not Found Ranking Fcuntion

Conterexample is 

[-5.915556612468337e-06, -7.098667934962004e-05, -0.0005028223120598086]

sampling time = 1.054 ms


       ########################################         

iteration 17 with 38 examples

2019-05-02-09-31-35   >>>>   Start train ranking function

2019-05-02-09-31-35   >>>>   End train ranking function

train_ranking_functioning time = 0.350 ms


2019-05-02-09-31-35   >>>>   Start verify ranking function

[xr_1 = -120/1692863,
 xr_2 = -850/1692863,
 xr_0 = -10/1692863]
ranking function :  - 0.0001 *  x[0]^1.0 + 0.0221 *  x[1]^1.0 + 0.4934 *  x[2]^1.0 + 0.985 * 1

2019-05-02-09-31-35   >>>>   End verify ranking function

verifying time = 8.479 ms


Not Found Ranking Fcuntion

Conterexample is 

[-5.907152557531236e-06, -7.088583069037483e-05, -0.000502107967390155]

sampling time = 1.049 ms


       ########################################         

iteration 18 with 40 examples

2019-05-02-09-31-35   >>>>   Start train ranking function

2019-05-02-09-31-35   >>>>   End train ranking function

train_ranking_functioning time = 0.344 ms


2019-05-02-09-31-35   >>>>   Start verify ranking function

[xr_1 = -40/565081, xr_2 = -850/1695243, xr_0 = -10/1695243]
ranking function :  - 0.0001 *  x[0]^1.0 + 0.0221 *  x[1]^1.0 + 0.4941 *  x[2]^1.0 + 0.9858 * 1

2019-05-02-09-31-35   >>>>   End verify ranking function

verifying time = 8.453 ms


Not Found Ranking Fcuntion

Conterexample is 

[-5.8988593375698945e-06, -7.078631205083872e-05, -0.000501403043693441]

sampling time = 1.045 ms


       ########################################         

iteration 19 with 42 examples

2019-05-02-09-31-35   >>>>   Start train ranking function

2019-05-02-09-31-35   >>>>   End train ranking function

train_ranking_functioning time = 0.390 ms


2019-05-02-09-31-35   >>>>   Start verify ranking function

[xr_1 = -40/565769, xr_2 = -850/1697307, xr_0 = -10/1697307]
ranking function :  - 0.0001 *  x[0]^1.0 + 0.0222 *  x[1]^1.0 + 0.4947 *  x[2]^1.0 + 0.9865 * 1

2019-05-02-09-31-35   >>>>   End verify ranking function

verifying time = 8.286 ms


Not Found Ranking Fcuntion

Conterexample is 

[-5.891686065043036e-06, -7.070023278051643e-05, -0.000500793315528658]

sampling time = 1.059 ms


       ########################################         

iteration 20 with 44 examples

2019-05-02-09-31-35   >>>>   Start train ranking function

2019-05-02-09-31-35   >>>>   End train ranking function

train_ranking_functioning time = 0.351 ms


2019-05-02-09-31-35   >>>>   Start verify ranking function

[xr_1 = -120/1699711, xr_2 = -50/99983, xr_0 = -10/1699711]
ranking function :  - 0.0001 *  x[0]^1.0 + 0.0223 *  x[1]^1.0 + 0.4954 *  x[2]^1.0 + 0.9871 * 1

2019-05-02-09-31-35   >>>>   End verify ranking function

verifying time = 8.563 ms


Not Found Ranking Fcuntion

Conterexample is 

[-5.883353111205375e-06, -7.060023733446451e-05, -0.000500085014452457]

sampling time = 1.038 ms


       ########################################         

iteration 21 with 46 examples

2019-05-02-09-31-35   >>>>   Start train ranking function

2019-05-02-09-31-35   >>>>   End train ranking function

train_ranking_functioning time = 0.359 ms


2019-05-02-09-31-35   >>>>   Start verify ranking function

[xr_1 = -120/1701751, xr_2 = -50/100103, xr_0 = -10/1701751]
ranking function :  - 0.0001 *  x[0]^1.0 + 0.0223 *  x[1]^1.0 + 0.496 *  x[2]^1.0 + 0.9877 * 1

2019-05-02-09-31-35   >>>>   End verify ranking function

verifying time = 8.575 ms


Not Found Ranking Fcuntion

Conterexample is 

[-5.876300351814102e-06, -7.051560422176923e-05, -0.0004994855299041987]

sampling time = 1.004 ms


       ########################################         

iteration 22 with 48 examples

2019-05-02-09-31-35   >>>>   Start train ranking function

2019-05-02-09-31-35   >>>>   End train ranking function

train_ranking_functioning time = 0.360 ms


2019-05-02-09-31-35   >>>>   Start verify ranking function

[xr_1 = -24/340831, xr_2 = -170/340831, xr_0 = -2/340831]
ranking function :  - 0.0001 *  x[0]^1.0 + 0.0224 *  x[1]^1.0 + 0.4967 *  x[2]^1.0 + 0.9882 * 1

2019-05-02-09-31-35   >>>>   End verify ranking function

verifying time = 8.609 ms


Not Found Ranking Fcuntion

Conterexample is 

[-5.868010832347997e-06, -7.041612998817596e-05, -0.0004987809207495797]

sampling time = 1.038 ms


       ########################################         

iteration 23 with 50 examples

2019-05-02-09-31-35   >>>>   Start train ranking function

2019-05-02-09-31-35   >>>>   End train ranking function

train_ranking_functioning time = 0.365 ms


2019-05-02-09-31-35   >>>>   Start verify ranking function

[xr_1 = -24/341239, xr_2 = -170/341239, xr_0 = -2/341239]
ranking function :  - 0.0001 *  x[0]^1.0 + 0.0224 *  x[1]^1.0 + 0.4973 *  x[2]^1.0 + 0.9887 * 1

2019-05-02-09-31-35   >>>>   End verify ranking function

verifying time = 8.719 ms


Not Found Ranking Fcuntion

Conterexample is 

[-5.860994786645137e-06, -7.033193743974165e-05, -0.0004981845568648366]

sampling time = 1.213 ms


       ########################################         

iteration 24 with 52 examples

2019-05-02-09-31-35   >>>>   Start train ranking function

2019-05-02-09-31-35   >>>>   End train ranking function

train_ranking_functioning time = 0.608 ms


2019-05-02-09-31-35   >>>>   Start verify ranking function

[xr_1 = -40/569533, xr_2 = -850/1708599, xr_0 = -10/1708599]
ranking function :  - 0.0001 *  x[0]^1.0 + 0.0225 *  x[1]^1.0 + 0.498 *  x[2]^1.0 + 0.9891 * 1

2019-05-02-09-31-35   >>>>   End verify ranking function

verifying time = 9.319 ms


Not Found Ranking Fcuntion

Conterexample is 

[-5.852748362839964e-06, -7.023298035407957e-05, -0.000497483610841397]

sampling time = 1.016 ms


Failed to prove it is terminated

UNKNOWN
------Using Template 1 -----------
2 [2]
*****************************************************

2019-05-02-09-31-35   >>>>   End sampling point

sampling time = 10.441 ms,


       ########################################         

iteration 0 with 4 examples

2019-05-02-09-31-35   >>>>   Start train ranking function

2019-05-02-09-31-35   >>>>   End train ranking function

train_ranking_functioning time = 0.304 ms


2019-05-02-09-31-35   >>>>   Start verify ranking function

[xr_1 = -12, xr_2 = -85, xr_0 = -1]
ranking function : 

2019-05-02-09-31-35   >>>>   End verify ranking function

verifying time = 10.666 ms


Not Found Ranking Fcuntion

Conterexample is 

[-1, -12, -85]

sampling time = 0.650 ms


       ########################################         

iteration 1 with 6 examples

2019-05-02-09-31-35   >>>>   Start train ranking function

2019-05-02-09-31-35   >>>>   End train ranking function

train_ranking_functioning time = 0.283 ms


2019-05-02-09-31-35   >>>>   Start verify ranking function

[xr_1 = -12, xr_2 = -85, xr_0 = -1]
ranking function : 

2019-05-02-09-31-35   >>>>   End verify ranking function

verifying time = 10.740 ms


Not Found Ranking Fcuntion

Conterexample is 

[-1, -12, -85]

sampling time = 0.635 ms


       ########################################         

iteration 2 with 8 examples

2019-05-02-09-31-35   >>>>   Start train ranking function

2019-05-02-09-31-35   >>>>   End train ranking function

train_ranking_functioning time = 0.284 ms


2019-05-02-09-31-35   >>>>   Start verify ranking function

[xr_1 = -12, xr_2 = -85, xr_0 = -1]
ranking function : 

2019-05-02-09-31-35   >>>>   End verify ranking function

verifying time = 10.573 ms


Not Found Ranking Fcuntion

Conterexample is 

[-1, -12, -85]

sampling time = 0.643 ms


       ########################################         

iteration 3 with 10 examples

2019-05-02-09-31-35   >>>>   Start train ranking function

2019-05-02-09-31-35   >>>>   End train ranking function

train_ranking_functioning time = 0.301 ms


2019-05-02-09-31-35   >>>>   Start verify ranking function

[xr_1 = -12, xr_2 = -85, xr_0 = -1]
ranking function : 

2019-05-02-09-31-35   >>>>   End verify ranking function

verifying time = 10.564 ms


Not Found Ranking Fcuntion

Conterexample is 

[-1, -12, -85]

sampling time = 0.640 ms


       ########################################         

iteration 4 with 12 examples

2019-05-02-09-31-35   >>>>   Start train ranking function

2019-05-02-09-31-35   >>>>   End train ranking function

train_ranking_functioning time = 0.283 ms


2019-05-02-09-31-35   >>>>   Start verify ranking function

[xr_1 = -12, xr_2 = -85, xr_0 = -1]
ranking function : 

2019-05-02-09-31-35   >>>>   End verify ranking function

verifying time = 10.551 ms


Not Found Ranking Fcuntion

Conterexample is 

[-1, -12, -85]

sampling time = 0.670 ms


       ########################################         

iteration 5 with 14 examples

2019-05-02-09-31-35   >>>>   Start train ranking function

5
2019-05-02-09-31-35   >>>>   End train ranking function

train_ranking_functioning time = 0.291 ms


2019-05-02-09-31-35   >>>>   Start verify ranking function

[xr_1 = -12, xr_2 = -85, xr_0 = -1]
ranking function : 

2019-05-02-09-31-35   >>>>   End verify ranking function

verifying time = 10.706 ms


Not Found Ranking Fcuntion

Conterexample is 

[-1, -12, -85]

sampling time = 0.702 ms


       ########################################         

iteration 6 with 16 examples

2019-05-02-09-31-35   >>>>   Start train ranking function

2019-05-02-09-31-35   >>>>   End train ranking function

train_ranking_functioning time = 0.328 ms


2019-05-02-09-31-35   >>>>   Start verify ranking function

[xr_1 = -12, xr_2 = -85, xr_0 = -1]
ranking function : 

2019-05-02-09-31-35   >>>>   End verify ranking function

verifying time = 11.491 ms


Not Found Ranking Fcuntion

Conterexample is 

[-1, -12, -85]

sampling time = 0.786 ms


       ########################################         

iteration 7 with 18 examples

2019-05-02-09-31-35   >>>>   Start train ranking function

2019-05-02-09-31-35   >>>>   End train ranking function

train_ranking_functioning time = 0.303 ms


2019-05-02-09-31-35   >>>>   Start verify ranking function

[xr_1 = -12, xr_2 = -85, xr_0 = -1]
ranking function : 

2019-05-02-09-31-35   >>>>   End verify ranking function

verifying time = 10.892 ms


Not Found Ranking Fcuntion

Conterexample is 

[-1, -12, -85]

sampling time = 0.648 ms


       ########################################         

iteration 8 with 20 examples

2019-05-02-09-31-35   >>>>   Start train ranking function

2019-05-02-09-31-35   >>>>   End train ranking function

train_ranking_functioning time = 0.296 ms


2019-05-02-09-31-35   >>>>   Start verify ranking function

[xr_1 = -12, xr_2 = -85, xr_0 = -1]
ranking function : 

2019-05-02-09-31-35   >>>>   End verify ranking function

verifying time = 12.110 ms


Not Found Ranking Fcuntion

Conterexample is 

[-1, -12, -85]

sampling time = 0.684 ms


       ########################################         

iteration 9 with 22 examples

2019-05-02-09-31-35   >>>>   Start train ranking function

2019-05-02-09-31-35   >>>>   End train ranking function

train_ranking_functioning time = 0.309 ms


2019-05-02-09-31-35   >>>>   Start verify ranking function

[xr_1 = -12, xr_2 = -85, xr_0 = -1]
ranking function : 

2019-05-02-09-31-35   >>>>   End verify ranking function

verifying time = 10.998 ms


Not Found Ranking Fcuntion

Conterexample is 

[-1, -12, -85]

sampling time = 0.680 ms


       ########################################         

iteration 10 with 24 examples

2019-05-02-09-31-35   >>>>   Start train ranking function

5
2019-05-02-09-31-35   >>>>   End train ranking function

train_ranking_functioning time = 0.305 ms


2019-05-02-09-31-35   >>>>   Start verify ranking function

[xr_1 = -12, xr_2 = -85, xr_0 = -1]
ranking function : 

2019-05-02-09-31-35   >>>>   End verify ranking function

verifying time = 10.944 ms


Not Found Ranking Fcuntion

Conterexample is 

[-1, -12, -85]

sampling time = 0.667 ms


       ########################################         

iteration 11 with 26 examples

2019-05-02-09-31-35   >>>>   Start train ranking function

2019-05-02-09-31-35   >>>>   End train ranking function

train_ranking_functioning time = 0.333 ms


2019-05-02-09-31-35   >>>>   Start verify ranking function

[xr_1 = -12, xr_2 = -85, xr_0 = -1]
ranking function : 

2019-05-02-09-31-35   >>>>   End verify ranking function

verifying time = 10.748 ms


Not Found Ranking Fcuntion

Conterexample is 

[-1, -12, -85]

sampling time = 0.685 ms


       ########################################         

iteration 12 with 28 examples

2019-05-02-09-31-35   >>>>   Start train ranking function

2019-05-02-09-31-35   >>>>   End train ranking function

train_ranking_functioning time = 0.287 ms


2019-05-02-09-31-35   >>>>   Start verify ranking function

[xr_1 = -12, xr_2 = -85, xr_0 = -1]
ranking function : 

2019-05-02-09-31-35   >>>>   End verify ranking function
