------Using Template 0 -----------
3 [3]
*****************************************************

[0.         0.99999619 0.        ] 1
[-0.99999809 -0.99999905 -1.        ] -1
2019-09-11-10-15-16   >>>>   End sampling point

sampling time = 8.222 ms,


       ########################################         

iteration 0 with 2 examples

2019-09-11-10-15-16   >>>>   Start train ranking function

training done
2019-09-11-10-15-16   >>>>   End train ranking function

train_ranking_functioning time = 0.578 ms


2019-09-11-10-15-16   >>>>   Start verify ranking function

start alarm signal.
close alarm signal.
ranking function : 0.1 *  x[0]^1.0 + 0.7 *  x[1]^1.0 + 0.1 * 1

2019-09-11-10-15-16   >>>>   End verify ranking function

verifying time = 8.162 ms


Not Found Ranking Fcuntion

Conterexample is 

[8, -2]

sampling time = 0.646 ms


       ########################################         

iteration 1 with 4 examples

2019-09-11-10-15-16   >>>>   Start train ranking function

training done
2019-09-11-10-15-16   >>>>   End train ranking function

train_ranking_functioning time = 0.361 ms


2019-09-11-10-15-16   >>>>   Start verify ranking function

start alarm signal.
close alarm signal.
ranking function : 0.3 *  x[0]^1.0 + 0.7 *  x[1]^1.0 + 0.1 * 1

2019-09-11-10-15-16   >>>>   End verify ranking function

verifying time = 8.024 ms


Not Found Ranking Fcuntion

Conterexample is 

[8, -4]

sampling time = 0.641 ms


       ########################################         

iteration 2 with 6 examples

2019-09-11-10-15-16   >>>>   Start train ranking function

training done
2019-09-11-10-15-16   >>>>   End train ranking function

train_ranking_functioning time = 0.326 ms


2019-09-11-10-15-16   >>>>   Start verify ranking function

start alarm signal.
close alarm signal.
ranking function : 0.4 *  x[0]^1.0 + 0.6 *  x[1]^1.0 + 0.1 * 1

2019-09-11-10-15-16   >>>>   End verify ranking function

verifying time = 8.326 ms


Not Found Ranking Fcuntion

Conterexample is 

[4, -3]

sampling time = 0.650 ms


       ########################################         

iteration 3 with 8 examples

2019-09-11-10-15-16   >>>>   Start train ranking function

training done
2019-09-11-10-15-16   >>>>   End train ranking function

train_ranking_functioning time = 0.353 ms


2019-09-11-10-15-16   >>>>   Start verify ranking function

start alarm signal.
valid ranking function
close alarm signal.
ranking function : 0.6 *  x[0]^1.0 + 0.5 *  x[1]^1.0 + 0.1 * 1

2019-09-11-10-15-16   >>>>   End verify ranking function

verifying time = 8.148 ms


Found Ranking Fcuntion: 0.6 *  x[0]^1.0 + 0.5 *  x[1]^1.0 + 0.1 * 1

0.6 *  x[0]^1.0 + 0.5 *  x[1]^1.0 + 0.1 * 1
FINATE
Time For Template 0 Is--->-57.551000 ms

Time For ../experiment/1.bpl Is ---> 210.268000 ms

FINATE
