------Using Template 0 -----------
3 [3]
*****************************************************

2019-05-04-02-34-15   >>>>   End sampling point

sampling time = 29.349 ms,


       ########################################         

iteration 0 with 64 examples

2019-05-04-02-34-15   >>>>   Start train ranking function

2019-05-04-02-34-15   >>>>   End train ranking function

train_ranking_functioning time = 0.543 ms


2019-05-04-02-34-15   >>>>   Start verify ranking function

valid ranking function
ranking function : 0.4 *  x[0]^1.0 + 0.4 *  x[1]^1.0 + 0.7 * 1

2019-05-04-02-34-15   >>>>   End verify ranking function

verifying time = 7.326 ms


Found Ranking Fcuntion: 0.4 *  x[0]^1.0 + 0.4 *  x[1]^1.0 + 0.7 * 1

0.4 *  x[0]^1.0 + 0.4 *  x[1]^1.0 + 0.7 * 1
FINITE
Time For Template 0 Is--->-55.483000 ms

Time For ../Program_non/1.bpl Is ---> 214.948000 ms

