------Using Template 0 -----------
4 [4]
*****************************************************

2019-05-04-01-08-25   >>>>   End sampling point

sampling time = 10.896 ms,


       ########################################         

iteration 0 with 6 examples

2019-05-04-01-08-25   >>>>   Start train ranking function

2019-05-04-01-08-25   >>>>   End train ranking function

train_ranking_functioning time = 0.473 ms


2019-05-04-01-08-25   >>>>   Start verify ranking function

[xr_1 = 20117/296, xr_2 = 1, xr_0 = 1]
ranking function :  - 0.0416 *  x[0]^1.0 - 0.0758 *  x[1]^1.0 + 0.2667 *  x[2]^1.0 + 0.7573 * 1

2019-05-04-01-08-25   >>>>   End verify ranking function

verifying time = 8.745 ms


Not Found Ranking Fcuntion

Conterexample is 

[1, 67.96283783783784, 1]

sampling time = 1.060 ms


       ########################################         

iteration 1 with 8 examples

2019-05-04-01-08-25   >>>>   Start train ranking function

2019-05-04-01-08-25   >>>>   End train ranking function

train_ranking_functioning time = 0.561 ms


2019-05-04-01-08-25   >>>>   Start verify ranking function

[xr_1 = 1959/62, xr_2 = 1, xr_0 = 1]
ranking function :  - 0.01 *  x[0]^1.0 - 0.0076 *  x[1]^1.0 - 0.335 *  x[2]^1.0 + 1.1971 * 1

2019-05-04-01-08-25   >>>>   End verify ranking function

verifying time = 8.674 ms


Not Found Ranking Fcuntion

Conterexample is 

[1, 31.596774193548388, 1]

sampling time = 1.056 ms


       ########################################         

iteration 2 with 10 examples

2019-05-04-01-08-25   >>>>   Start train ranking function

2019-05-04-01-08-25   >>>>   End train ranking function

train_ranking_functioning time = 0.663 ms


2019-05-04-01-08-25   >>>>   Start verify ranking function

ranking function :  - 0.0013 *  x[0]^1.0 - 0.0041 *  x[1]^1.0 - 0.4129 *  x[2]^1.0 + 1.3203 * 1

2019-05-04-01-08-25   >>>>   End verify ranking function

verifying time = 9.785 ms


Not Found Ranking Fcuntion

Conterexample is 

[1, 1, 5.606442237829983]

sampling time = 1.039 ms


       ########################################         

iteration 3 with 12 examples

2019-05-04-01-08-25   >>>>   Start train ranking function

2019-05-04-01-08-25   >>>>   End train ranking function

train_ranking_functioning time = 0.682 ms


2019-05-04-01-08-25   >>>>   Start verify ranking function

[xr_1 = 1, xr_2 = 1, xr_0 = 7271/9]
ranking function : 0.0002 *  x[0]^1.0 - 0.0039 *  x[1]^1.0 - 0.4125 *  x[2]^1.0 + 1.3207 * 1

2019-05-04-01-08-25   >>>>   End verify ranking function

verifying time = 8.751 ms


Not Found Ranking Fcuntion

Conterexample is 

[807.8888888888889, 1, 1]

sampling time = 1.045 ms


       ########################################         

iteration 4 with 14 examples

2019-05-04-01-08-25   >>>>   Start train ranking function

2019-05-04-01-08-25   >>>>   End train ranking function

train_ranking_functioning time = 0.720 ms


2019-05-04-01-08-25   >>>>   Start verify ranking function

ranking function :  - 0.0001 *  x[0]^1.0 - 0.0037 *  x[1]^1.0 - 0.4412 *  x[2]^1.0 + 1.3283 * 1

2019-05-04-01-08-25   >>>>   End verify ranking function

verifying time = 9.919 ms


Not Found Ranking Fcuntion

Conterexample is 

[1, 510, 1]

sampling time = 1.081 ms


       ########################################         

iteration 5 with 16 examples

2019-05-04-01-08-25   >>>>   Start train ranking function

2019-05-04-01-08-25   >>>>   End train ranking function

train_ranking_functioning time = 0.797 ms


2019-05-04-01-08-25   >>>>   Start verify ranking function

[xr_1 = 1225/9, xr_2 = 1, xr_0 = 1]
ranking function :  - 0.0008 *  x[0]^1.0 + 0.0011 *  x[1]^1.0 - 0.4643 *  x[2]^1.0 + 1.3227 * 1

2019-05-04-01-08-25   >>>>   End verify ranking function

verifying time = 8.884 ms


Not Found Ranking Fcuntion

Conterexample is 

[1, 136.11111111111111, 1]

sampling time = 1.040 ms


       ########################################         

iteration 6 with 18 examples

2019-05-04-01-08-25   >>>>   Start train ranking function

2019-05-04-01-08-25   >>>>   End train ranking function

train_ranking_functioning time = 0.914 ms


2019-05-04-01-08-25   >>>>   Start verify ranking function

[xr_1 = 2483/4, xr_2 = 1, xr_0 = 1]
ranking function :  - 0.0006 *  x[0]^1.0 - 0.0006 *  x[1]^1.0 - 0.4758 *  x[2]^1.0 + 1.3249 * 1

2019-05-04-01-08-25   >>>>   End verify ranking function

verifying time = 9.343 ms


Not Found Ranking Fcuntion

Conterexample is 

[1, 620.75, 1]

sampling time = 1.044 ms


       ########################################         

iteration 7 with 20 examples

2019-05-04-01-08-25   >>>>   Start train ranking function

2019-05-04-01-08-25   >>>>   End train ranking function

train_ranking_functioning time = 0.987 ms


2019-05-04-01-08-25   >>>>   Start verify ranking function

[xr_1 = 1, xr_2 = 1, xr_0 = 7300/27]
ranking function : 0.0006 *  x[0]^1.0 + 0.0016 *  x[1]^1.0 - 0.4792 *  x[2]^1.0 + 1.322 * 1

2019-05-04-01-08-25   >>>>   End verify ranking function

verifying time = 8.826 ms


Not Found Ranking Fcuntion

Conterexample is 

[270.3703703703704, 1, 1]

sampling time = 1.080 ms


       ########################################         

iteration 8 with 22 examples

2019-05-04-01-08-25   >>>>   Start train ranking function

2019-05-04-01-08-25   >>>>   End train ranking function

train_ranking_functioning time = 1.002 ms


2019-05-04-01-08-25   >>>>   Start verify ranking function

[xr_1 = 1, xr_2 = 1, xr_0 = 14648/63]
ranking function : 0.0007 *  x[0]^1.0 + 0.0012 *  x[1]^1.0 - 0.4797 *  x[2]^1.0 + 1.3218 * 1

2019-05-04-01-08-25   >>>>   End verify ranking function

verifying time = 8.885 ms


Not Found Ranking Fcuntion

Conterexample is 

[232.5079365079365, 1, 1]

sampling time = 1.048 ms


       ########################################         

iteration 9 with 24 examples

2019-05-04-01-08-25   >>>>   Start train ranking function

2019-05-04-01-08-25   >>>>   End train ranking function

train_ranking_functioning time = 1.044 ms


2019-05-04-01-08-25   >>>>   Start verify ranking function

[xr_1 = 1, xr_2 = 1, xr_0 = 1219/9]
ranking function : 0.0012 *  x[0]^1.0 + 0.0014 *  x[1]^1.0 - 0.4804 *  x[2]^1.0 + 1.323 * 1

2019-05-04-01-08-25   >>>>   End verify ranking function

verifying time = 8.808 ms


Not Found Ranking Fcuntion

Conterexample is 

[135.44444444444446, 1, 1]

sampling time = 1.065 ms


       ########################################         

iteration 10 with 26 examples

2019-05-04-01-08-25   >>>>   Start train ranking function

2019-05-04-01-08-25   >>>>   End train ranking function

train_ranking_functioning time = 1.046 ms


2019-05-04-01-08-25   >>>>   Start verify ranking function

[xr_1 = 1, xr_2 = 1, xr_0 = 7445/72]
ranking function : 0.0016 *  x[0]^1.0 - 0.001 *  x[1]^1.0 - 0.4806 *  x[2]^1.0 + 1.3248 * 1

2019-05-04-01-08-25   >>>>   End verify ranking function

verifying time = 8.653 ms


Not Found Ranking Fcuntion

Conterexample is 

[103.40277777777777, 1, 1]

sampling time = 1.070 ms


       ########################################         

iteration 11 with 28 examples

2019-05-04-01-08-25   >>>>   Start train ranking function

2019-05-04-01-08-25   >>>>   End train ranking function

train_ranking_functioning time = 1.126 ms


2019-05-04-01-08-25   >>>>   Start verify ranking function

[xr_1 = 1, xr_2 = 1, xr_0 = 14762/45]
ranking function : 0.0005 *  x[0]^1.0 + 0.0004 *  x[1]^1.0 - 0.4821 *  x[2]^1.0 + 1.3297 * 1

2019-05-04-01-08-25   >>>>   End verify ranking function

verifying time = 8.691 ms


Not Found Ranking Fcuntion

Conterexample is 

[328.0444444444444, 1, 1]

sampling time = 1.055 ms


       ########################################         

iteration 12 with 30 examples

2019-05-04-01-08-25   >>>>   Start train ranking function

2019-05-04-01-08-25   >>>>   End train ranking function

train_ranking_functioning time = 1.087 ms


2019-05-04-01-08-25   >>>>   Start verify ranking function

[xr_1 = 1, xr_2 = 1, xr_0 = 14771/99]
ranking function : 0.0011 *  x[0]^1.0 + 0.0003 *  x[1]^1.0 - 0.4825 *  x[2]^1.0 + 1.3299 * 1

2019-05-04-01-08-25   >>>>   End verify ranking function

verifying time = 8.767 ms


Not Found Ranking Fcuntion

Conterexample is 

[149.2020202020202, 1, 1]

sampling time = 1.245 ms


       ########################################         

iteration 13 with 32 examples

2019-05-04-01-08-25   >>>>   Start train ranking function

2019-05-04-01-08-25   >>>>   End train ranking function

train_ranking_functioning time = 1.253 ms


2019-05-04-01-08-25   >>>>   Start verify ranking function

[xr_1 = 12169/124, xr_2 = 1, xr_0 = 1]
ranking function :  - 0.0053 *  x[0]^1.0 - 0.0075 *  x[1]^1.0 - 0.07 *  x[2]^1.0 + 1.1211 * 1

2019-05-04-01-08-25   >>>>   End verify ranking function

verifying time = 9.046 ms


Not Found Ranking Fcuntion

Conterexample is 

[1, 98.13709677419355, 1]

sampling time = 1.054 ms


       ########################################         

iteration 14 with 34 examples

2019-05-04-01-08-25   >>>>   Start train ranking function

2019-05-04-01-08-25   >>>>   End train ranking function

train_ranking_functioning time = 1.442 ms


2019-05-04-01-08-25   >>>>   Start verify ranking function

ranking function :  - 0.0034 *  x[0]^1.0 - 0.0083 *  x[1]^1.0 - 0.0738 *  x[2]^1.0 + 1.1471 * 1

2019-05-04-01-08-25   >>>>   End verify ranking function

verifying time = 9.878 ms


Not Found Ranking Fcuntion

Conterexample is 

[1, 1, 28.934959349593495]

sampling time = 1.112 ms


       ########################################         

iteration 15 with 36 examples

2019-05-04-01-08-25   >>>>   Start train ranking function

2019-05-04-01-08-25   >>>>   End train ranking function

train_ranking_functioning time = 1.300 ms


2019-05-04-01-08-25   >>>>   Start verify ranking function

[xr_1 = 1, xr_2 = 1, xr_0 = 14710/117]
ranking function : 0.0013 *  x[0]^1.0 + 0.001 *  x[1]^1.0 - 0.4843 *  x[2]^1.0 + 1.3318 * 1

2019-05-04-01-08-25   >>>>   End verify ranking function

verifying time = 9.001 ms


Not Found Ranking Fcuntion

Conterexample is 

[125.72649572649573, 1, 1]

sampling time = 1.044 ms


       ########################################         

iteration 16 with 38 examples

2019-05-04-01-08-25   >>>>   Start train ranking function

2019-05-04-01-08-25   >>>>   End train ranking function

train_ranking_functioning time = 1.290 ms


2019-05-04-01-08-25   >>>>   Start verify ranking function

[xr_1 = 1, xr_2 = 1, xr_0 = 7339/45]
ranking function : 0.001 *  x[0]^1.0 + 0.0013 *  x[1]^1.0 - 0.4841 *  x[2]^1.0 + 1.3328 * 1

2019-05-04-01-08-25   >>>>   End verify ranking function

verifying time = 8.687 ms


Not Found Ranking Fcuntion

Conterexample is 

[163.0888888888889, 1, 1]

sampling time = 1.045 ms


       ########################################         

iteration 17 with 40 examples

2019-05-04-01-08-25   >>>>   Start train ranking function

2019-05-04-01-08-25   >>>>   End train ranking function

train_ranking_functioning time = 1.265 ms


2019-05-04-01-08-25   >>>>   Start verify ranking function

[xr_1 = 1, xr_2 = 1, xr_0 = 1630/13]
ranking function : 0.0013 *  x[0]^1.0 + 0.0013 *  x[1]^1.0 - 0.4836 *  x[2]^1.0 + 1.3333 * 1

2019-05-04-01-08-26   >>>>   End verify ranking function

verifying time = 9.810 ms


Not Found Ranking Fcuntion

Conterexample is 

[125.38461538461539, 1, 1]

sampling time = 1.113 ms


       ########################################         

iteration 18 with 42 examples

2019-05-04-01-08-26   >>>>   Start train ranking function

2019-05-04-01-08-26   >>>>   End train ranking function

train_ranking_functioning time = 1.408 ms


2019-05-04-01-08-26   >>>>   Start verify ranking function

[xr_1 = 1, xr_2 = 1, xr_0 = 14798/99]
ranking function : 0.0011 *  x[0]^1.0 + 0.0002 *  x[1]^1.0 - 0.4841 *  x[2]^1.0 + 1.3326 * 1

2019-05-04-01-08-26   >>>>   End verify ranking function

verifying time = 8.970 ms


Not Found Ranking Fcuntion

Conterexample is 

[149.4747474747475, 1, 1]

sampling time = 1.081 ms


       ########################################         

iteration 19 with 44 examples

2019-05-04-01-08-26   >>>>   Start train ranking function

2019-05-04-01-08-26   >>>>   End train ranking function

train_ranking_functioning time = 1.352 ms


2019-05-04-01-08-26   >>>>   Start verify ranking function

[xr_1 = 1, xr_2 = 1, xr_0 = 14708/117]
ranking function : 0.0013 *  x[0]^1.0 + 0.001 *  x[1]^1.0 - 0.4841 *  x[2]^1.0 + 1.3348 * 1

2019-05-04-01-08-26   >>>>   End verify ranking function

verifying time = 8.813 ms


Not Found Ranking Fcuntion

Conterexample is 

[125.7094017094017, 1, 1]

sampling time = 1.066 ms


       ########################################         

iteration 20 with 46 examples

2019-05-04-01-08-26   >>>>   Start train ranking function

2019-05-04-01-08-26   >>>>   End train ranking function

train_ranking_functioning time = 1.418 ms


2019-05-04-01-08-26   >>>>   Start verify ranking function

[xr_1 = 1, xr_2 = 1, xr_0 = 4937/27]
ranking function : 0.0009 *  x[0]^1.0 + 0.0001 *  x[1]^1.0 - 0.4841 *  x[2]^1.0 + 1.335 * 1

2019-05-04-01-08-26   >>>>   End verify ranking function

verifying time = 8.707 ms


Not Found Ranking Fcuntion

Conterexample is 

[182.85185185185185, 1, 1]

sampling time = 1.052 ms


       ########################################         

iteration 21 with 48 examples

2019-05-04-01-08-26   >>>>   Start train ranking function

2019-05-04-01-08-26   >>>>   End train ranking function

train_ranking_functioning time = 1.522 ms


2019-05-04-01-08-26   >>>>   Start verify ranking function

ranking function :  - 0.0001 *  x[0]^1.0 - 0.0002 *  x[1]^1.0 - 0.0826 *  x[2]^1.0 + 1.1934 * 1

2019-05-04-01-08-26   >>>>   End verify ranking function

verifying time = 9.735 ms


Not Found Ranking Fcuntion

Conterexample is 

[1, 1, 26.550847457627118]

sampling time = 1.057 ms


       ########################################         

iteration 22 with 50 examples

2019-05-04-01-08-26   >>>>   Start train ranking function

2019-05-04-01-08-26   >>>>   End train ranking function

train_ranking_functioning time = 1.570 ms


2019-05-04-01-08-26   >>>>   Start verify ranking function

ranking function :  - 0.0032 *  x[0]^1.0 - 0.0073 *  x[1]^1.0 - 0.0845 *  x[2]^1.0 + 1.1889 * 1

2019-05-04-01-08-26   >>>>   End verify ranking function

verifying time = 9.824 ms


Not Found Ranking Fcuntion

Conterexample is 

[655.34375, 1, 1]

sampling time = 1.029 ms


       ########################################         

iteration 23 with 52 examples

2019-05-04-01-08-26   >>>>   Start train ranking function

2019-05-04-01-08-26   >>>>   End train ranking function

train_ranking_functioning time = 1.558 ms


2019-05-04-01-08-26   >>>>   Start verify ranking function

ranking function :  - 0.0007 *  x[0]^1.0 - 0.0065 *  x[1]^1.0 - 0.0835 *  x[2]^1.0 + 1.1902 * 1

2019-05-04-01-08-26   >>>>   End verify ranking function

verifying time = 10.108 ms


Not Found Ranking Fcuntion

Conterexample is 

[1, 324, 1]

sampling time = 1.194 ms


       ########################################         

iteration 24 with 54 examples

2019-05-04-01-08-26   >>>>   Start train ranking function

2019-05-04-01-08-26   >>>>   End train ranking function

train_ranking_functioning time = 1.689 ms


2019-05-04-01-08-26   >>>>   Start verify ranking function

[xr_1 = 1, xr_2 = 1, xr_0 = 3809/18]
ranking function : 0.0006 *  x[0]^1.0 - 0.0058 *  x[1]^1.0 - 0.0805 *  x[2]^1.0 + 1.1648 * 1

2019-05-04-01-08-26   >>>>   End verify ranking function

verifying time = 8.817 ms


Not Found Ranking Fcuntion

Conterexample is 

[211.61111111111111, 1, 1]

sampling time = 1.085 ms


Failed to prove it is terminated

UNKNOWN
Time For Template 0 Is--->-347.835000 ms

------Using Template 1 -----------
1 [1]
*****************************************************

2019-05-04-01-08-26   >>>>   End sampling point

sampling time = 8.631 ms,


       ########################################         

iteration 0 with 6 examples

2019-05-04-01-08-26   >>>>   Start train ranking function

2019-05-04-01-08-26   >>>>   End train ranking function

train_ranking_functioning time = 0.347 ms


2019-05-04-01-08-26   >>>>   Start verify ranking function

[xr_0 = 2, xr_1 = 5, xr_2 = 2]
ranking function :  - 0.1919 *  x[0]^1.0 *  x[2]^-2.0

2019-05-04-01-08-26   >>>>   End verify ranking function

verifying time = 14.873 ms


Not Found Ranking Fcuntion

Conterexample is 

[2, 5, 2]

sampling time = 0.546 ms


       ########################################         

iteration 1 with 8 examples

2019-05-04-01-08-26   >>>>   Start train ranking function

2019-05-04-01-08-26   >>>>   End train ranking function

train_ranking_functioning time = 0.310 ms


2019-05-04-01-08-26   >>>>   Start verify ranking function

[xr_0 = 2, xr_1 = 5, xr_2 = 2]
ranking function :  - 0.0248 *  x[0]^1.0 *  x[2]^-2.0

2019-05-04-01-08-26   >>>>   End verify ranking function

verifying time = 15.149 ms


Not Found Ranking Fcuntion

Conterexample is 

[2, 5, 2]

sampling time = 0.408 ms


       ########################################         

iteration 2 with 10 examples

2019-05-04-01-08-26   >>>>   Start train ranking function

2019-05-04-01-08-26   >>>>   End train ranking function

train_ranking_functioning time = 0.313 ms


2019-05-04-01-08-26   >>>>   Start verify ranking function

[xr_0 = 2, xr_1 = 2, xr_2 = 2]
ranking function : 0.116 *  x[0]^1.0 *  x[2]^-2.0

2019-05-04-01-08-26   >>>>   End verify ranking function

verifying time = 14.344 ms


Not Found Ranking Fcuntion

Conterexample is 

[2, 2, 2]

sampling time = 0.396 ms


       ########################################         

iteration 3 with 12 examples

2019-05-04-01-08-26   >>>>   Start train ranking function

2019-05-04-01-08-26   >>>>   End train ranking function

train_ranking_functioning time = 0.333 ms


2019-05-04-01-08-26   >>>>   Start verify ranking function

[xr_0 = 2, xr_1 = 2, xr_2 = 2]
ranking function : 0.062 *  x[0]^1.0 *  x[2]^-2.0

2019-05-04-01-08-26   >>>>   End verify ranking function

verifying time = 13.936 ms


Not Found Ranking Fcuntion

Conterexample is 

[2, 2, 2]

sampling time = 0.445 ms


       ########################################         

iteration 4 with 14 examples

2019-05-04-01-08-26   >>>>   Start train ranking function

2019-05-04-01-08-26   >>>>   End train ranking function

train_ranking_functioning time = 0.355 ms


2019-05-04-01-08-26   >>>>   Start verify ranking function

[xr_0 = 2, xr_1 = 2, xr_2 = 2]
ranking function : 0.0188 *  x[0]^1.0 *  x[2]^-2.0

2019-05-04-01-08-26   >>>>   End verify ranking function

verifying time = 14.009 ms


Not Found Ranking Fcuntion

Conterexample is 

[2, 2, 2]

sampling time = 0.372 ms


       ########################################         

iteration 5 with 16 examples

2019-05-04-01-08-26   >>>>   Start train ranking function

2019-05-04-01-08-26   >>>>   End train ranking function

train_ranking_functioning time = 0.359 ms


2019-05-04-01-08-26   >>>>   Start verify ranking function

[xr_0 = 2, xr_1 = 5, xr_2 = 2]
ranking function :  - 0.0166 *  x[0]^1.0 *  x[2]^-2.0

2019-05-04-01-08-26   >>>>   End verify ranking function

verifying time = 13.994 ms


Not Found Ranking Fcuntion

Conterexample is 

[2, 5, 2]

sampling time = 0.373 ms


       ########################################         

iteration 6 with 18 examples

2019-05-04-01-08-26   >>>>   Start train ranking function

2019-05-04-01-08-26   >>>>   End train ranking function

train_ranking_functioning time = 0.359 ms


2019-05-04-01-08-26   >>>>   Start verify ranking function

[xr_0 = 2, xr_1 = 2, xr_2 = 2]
ranking function : 0.0797 *  x[0]^1.0 *  x[2]^-2.0

2019-05-04-01-08-26   >>>>   End verify ranking function

verifying time = 14.003 ms


Not Found Ranking Fcuntion

Conterexample is 

[2, 2, 2]

sampling time = 0.371 ms


       ########################################         

iteration 7 with 20 examples

2019-05-04-01-08-26   >>>>   Start train ranking function

2019-05-04-01-08-26   >>>>   End train ranking function

train_ranking_functioning time = 0.369 ms


2019-05-04-01-08-26   >>>>   Start verify ranking function

[xr_0 = 2, xr_1 = 2, xr_2 = 2]
ranking function : 0.0441 *  x[0]^1.0 *  x[2]^-2.0

2019-05-04-01-08-26   >>>>   End verify ranking function

verifying time = 14.044 ms


Not Found Ranking Fcuntion

Conterexample is 

[2, 2, 2]

sampling time = 0.409 ms


       ########################################         

iteration 8 with 22 examples

2019-05-04-01-08-26   >>>>   Start train ranking function

2019-05-04-01-08-26   >>>>   End train ranking function

train_ranking_functioning time = 0.333 ms


2019-05-04-01-08-26   >>>>   Start verify ranking function

[xr_0 = 2, xr_1 = 2, xr_2 = 2]
ranking function : 0.0138 *  x[0]^1.0 *  x[2]^-2.0

2019-05-04-01-08-26   >>>>   End verify ranking function

verifying time = 13.898 ms


Not Found Ranking Fcuntion

Conterexample is 

[2, 2, 2]

sampling time = 0.371 ms


       ########################################         

iteration 9 with 24 examples

2019-05-04-01-08-26   >>>>   Start train ranking function

2019-05-04-01-08-26   >>>>   End train ranking function

train_ranking_functioning time = 0.379 ms


2019-05-04-01-08-26   >>>>   Start verify ranking function

[xr_0 = 2, xr_1 = 5, xr_2 = 2]
ranking function :  - 0.0124 *  x[0]^1.0 *  x[2]^-2.0

2019-05-04-01-08-26   >>>>   End verify ranking function

verifying time = 14.010 ms


Not Found Ranking Fcuntion

Conterexample is 

[2, 5, 2]

sampling time = 0.428 ms


       ########################################         

iteration 10 with 26 examples

2019-05-04-01-08-26   >>>>   Start train ranking function

2019-05-04-01-08-26   >>>>   End train ranking function

train_ranking_functioning time = 0.387 ms


2019-05-04-01-08-26   >>>>   Start verify ranking function

[xr_0 = 2, xr_1 = 2, xr_2 = 2]
ranking function : 0.0607 *  x[0]^1.0 *  x[2]^-2.0

2019-05-04-01-08-26   >>>>   End verify ranking function

verifying time = 14.293 ms


Not Found Ranking Fcuntion

Conterexample is 

[2, 2, 2]

sampling time = 0.431 ms


       ########################################         

iteration 11 with 28 examples

2019-05-04-01-08-26   >>>>   Start train ranking function

2019-05-04-01-08-26   >>>>   End train ranking function

train_ranking_functioning time = 0.387 ms


2019-05-04-01-08-26   >>>>   Start verify ranking function

[xr_0 = 2, xr_1 = 2, xr_2 = 2]
ranking function : 0.0343 *  x[0]^1.0 *  x[2]^-2.0

2019-05-04-01-08-26   >>>>   End verify ranking function

verifying time = 14.429 ms


Not Found Ranking Fcuntion

Conterexample is 

[2, 2, 2]

sampling time = 0.428 ms


       ########################################         

iteration 12 with 30 examples

2019-05-04-01-08-26   >>>>   Start train ranking function

2019-05-04-01-08-26   >>>>   End train ranking function

train_ranking_functioning time = 0.382 ms


2019-05-04-01-08-26   >>>>   Start verify ranking function

[xr_0 = 2, xr_1 = 2, xr_2 = 2]
ranking function : 0.0109 *  x[0]^1.0 *  x[2]^-2.0

2019-05-04-01-08-26   >>>>   End verify ranking function

verifying time = 13.883 ms


Not Found Ranking Fcuntion

Conterexample is 

[2, 2, 2]

sampling time = 0.394 ms


       ########################################         

iteration 13 with 32 examples

2019-05-04-01-08-26   >>>>   Start train ranking function

2019-05-04-01-08-26   >>>>   End train ranking function

train_ranking_functioning time = 0.361 ms


2019-05-04-01-08-26   >>>>   Start verify ranking function

[xr_0 = 2, xr_1 = 5, xr_2 = 2]
ranking function :  - 0.01 *  x[0]^1.0 *  x[2]^-2.0

2019-05-04-01-08-26   >>>>   End verify ranking function

verifying time = 14.150 ms


Not Found Ranking Fcuntion

Conterexample is 

[2, 5, 2]

sampling time = 0.375 ms


       ########################################         

iteration 14 with 34 examples

2019-05-04-01-08-26   >>>>   Start train ranking function

2019-05-04-01-08-26   >>>>   End train ranking function

train_ranking_functioning time = 0.366 ms


2019-05-04-01-08-26   >>>>   Start verify ranking function

[xr_0 = 2, xr_1 = 2, xr_2 = 2]
ranking function : 0.0491 *  x[0]^1.0 *  x[2]^-2.0

2019-05-04-01-08-26   >>>>   End verify ranking function

verifying time = 14.014 ms


Not Found Ranking Fcuntion

Conterexample is 

[2, 2, 2]

sampling time = 0.407 ms


       ########################################         

iteration 15 with 36 examples

2019-05-04-01-08-26   >>>>   Start train ranking function

2019-05-04-01-08-26   >>>>   End train ranking function

train_ranking_functioning time = 0.374 ms


2019-05-04-01-08-26   >>>>   Start verify ranking function

[xr_0 = 2, xr_1 = 2, xr_2 = 2]
ranking function : 0.028 *  x[0]^1.0 *  x[2]^-2.0

2019-05-04-01-08-26   >>>>   End verify ranking function

verifying time = 14.501 ms


Not Found Ranking Fcuntion

Conterexample is 

[2, 2, 2]

sampling time = 0.421 ms


       ########################################         

iteration 16 with 38 examples

2019-05-04-01-08-26   >>>>   Start train ranking function

2019-05-04-01-08-26   >>>>   End train ranking function

train_ranking_functioning time = 0.384 ms


2019-05-04-01-08-26   >>>>   Start verify ranking function

[xr_0 = 2, xr_1 = 2, xr_2 = 2]
ranking function : 0.009 *  x[0]^1.0 *  x[2]^-2.0

2019-05-04-01-08-26   >>>>   End verify ranking function

verifying time = 14.776 ms


Not Found Ranking Fcuntion

Conterexample is 

[2, 2, 2]

sampling time = 0.386 ms


       ########################################         

iteration 17 with 40 examples

2019-05-04-01-08-26   >>>>   Start train ranking function

2019-05-04-01-08-26   >>>>   End train ranking function

train_ranking_functioning time = 0.416 ms


2019-05-04-01-08-26   >>>>   Start verify ranking function

[xr_0 = 2, xr_1 = 5, xr_2 = 2]
ranking function :  - 0.0083 *  x[0]^1.0 *  x[2]^-2.0

2019-05-04-01-08-26   >>>>   End verify ranking function

verifying time = 13.960 ms


Not Found Ranking Fcuntion

Conterexample is 

[2, 5, 2]

sampling time = 0.385 ms


       ########################################         

iteration 18 with 42 examples

2019-05-04-01-08-26   >>>>   Start train ranking function

2019-05-04-01-08-26   >>>>   End train ranking function

train_ranking_functioning time = 0.423 ms


2019-05-04-01-08-26   >>>>   Start verify ranking function

[xr_0 = 2, xr_1 = 2, xr_2 = 2]
ranking function : 0.0411 *  x[0]^1.0 *  x[2]^-2.0

2019-05-04-01-08-26   >>>>   End verify ranking function

verifying time = 14.537 ms


Not Found Ranking Fcuntion

Conterexample is 

[2, 2, 2]

sampling time = 0.391 ms


       ########################################         

iteration 19 with 44 examples

2019-05-04-01-08-26   >>>>   Start train ranking function

2019-05-04-01-08-26   >>>>   End train ranking function

train_ranking_functioning time = 0.418 ms


2019-05-04-01-08-26   >>>>   Start verify ranking function

[xr_0 = 2, xr_1 = 2, xr_2 = 2]
ranking function : 0.0237 *  x[0]^1.0 *  x[2]^-2.0

2019-05-04-01-08-26   >>>>   End verify ranking function

verifying time = 14.047 ms


Not Found Ranking Fcuntion

Conterexample is 

[2, 2, 2]

sampling time = 0.372 ms


       ########################################         

iteration 20 with 46 examples

2019-05-04-01-08-26   >>>>   Start train ranking function

2019-05-04-01-08-26   >>>>   End train ranking function

train_ranking_functioning time = 0.444 ms


2019-05-04-01-08-26   >>>>   Start verify ranking function

[xr_0 = 2, xr_1 = 2, xr_2 = 2]
ranking function : 0.0076 *  x[0]^1.0 *  x[2]^-2.0

2019-05-04-01-08-26   >>>>   End verify ranking function

verifying time = 14.198 ms


Not Found Ranking Fcuntion

Conterexample is 

[2, 2, 2]

sampling time = 0.388 ms


       ########################################         

iteration 21 with 48 examples

2019-05-04-01-08-26   >>>>   Start train ranking function

2019-05-04-01-08-26   >>>>   End train ranking function

train_ranking_functioning time = 0.442 ms


2019-05-04-01-08-26   >>>>   Start verify ranking function

[xr_0 = 2, xr_1 = 5, xr_2 = 2]
ranking function :  - 0.0071 *  x[0]^1.0 *  x[2]^-2.0

2019-05-04-01-08-26   >>>>   End verify ranking function

verifying time = 14.196 ms


Not Found Ranking Fcuntion

Conterexample is 

[2, 5, 2]

sampling time = 0.379 ms


       ########################################         

iteration 22 with 50 examples

2019-05-04-01-08-26   >>>>   Start train ranking function

2019-05-04-01-08-26   >>>>   End train ranking function

train_ranking_functioning time = 0.445 ms


2019-05-04-01-08-26   >>>>   Start verify ranking function

[xr_0 = 2, xr_1 = 2, xr_2 = 2]
ranking function : 0.0354 *  x[0]^1.0 *  x[2]^-2.0

2019-05-04-01-08-26   >>>>   End verify ranking function

verifying time = 13.897 ms


Not Found Ranking Fcuntion

Conterexample is 

[2, 2, 2]

sampling time = 0.381 ms


       ########################################         

iteration 23 with 52 examples

2019-05-04-01-08-26   >>>>   Start train ranking function

2019-05-04-01-08-26   >>>>   End train ranking function

train_ranking_functioning time = 0.543 ms


2019-05-04-01-08-26   >>>>   Start verify ranking function

[xr_0 = 2, xr_1 = 2, xr_2 = 2]
ranking function : 0.0205 *  x[0]^1.0 *  x[2]^-2.0

2019-05-04-01-08-26   >>>>   End verify ranking function

verifying time = 13.889 ms


Not Found Ranking Fcuntion

Conterexample is 

[2, 2, 2]

sampling time = 0.395 ms


       ########################################         

iteration 24 with 54 examples

2019-05-04-01-08-26   >>>>   Start train ranking function

2019-05-04-01-08-26   >>>>   End train ranking function

train_ranking_functioning time = 0.417 ms


2019-05-04-01-08-26   >>>>   Start verify ranking function

[xr_0 = 2, xr_1 = 2, xr_2 = 2]
ranking function : 0.0067 *  x[0]^1.0 *  x[2]^-2.0

2019-05-04-01-08-26   >>>>   End verify ranking function

verifying time = 14.261 ms


Not Found Ranking Fcuntion

Conterexample is 

[2, 2, 2]

sampling time = 0.381 ms


Failed to prove it is terminated

UNKNOWN
Time For Template 1 Is--->-405.525000 ms

------Using Template 2 -----------
12 [4, 4, 4]
*****************************************************

2019-05-04-01-08-26   >>>>   End sampling point

sampling time = 16.653 ms,


       ########################################         

iteration 0 with 12 examples

2019-05-04-01-08-26   >>>>   Start train ranking function

2019-05-04-01-08-26   >>>>   End train ranking function

train_ranking_functioning time = 0.402 ms


2019-05-04-01-08-26   >>>>   Start verify ranking function

[xr_1 = 10781/800, xr_2 = 1, xr_0 = 1]
ranking function :  - 0.0449 *  x[0]^1.0 - 0.0498 *  x[1]^1.0 - 0.0004 *  x[2]^1.0 + 0.6682 * 1;  - 0.0189 *  x[0]^1.0 - 0.0234 *  x[1]^1.0 + 0.0216 *  x[2]^1.0 + 0.6754 * 1;  - 0.0127 *  x[0]^1.0 - 0.0388 *  x[1]^1.0 + 0.2223 *  x[2]^1.0 + 0.743 * 1

2019-05-04-01-08-26   >>>>   End verify ranking function

verifying time = 8.903 ms


Not Found Ranking Fcuntion

Conterexample is 

[1, 13.47625, 1]

sampling time = 3.026 ms


       ########################################         

iteration 1 with 16 examples

2019-05-04-01-08-26   >>>>   Start train ranking function

2019-05-04-01-08-26   >>>>   End train ranking function

train_ranking_functioning time = 0.854 ms


2019-05-04-01-08-26   >>>>   Start verify ranking function

[xr_1 = 1, xr_2 = 1, xr_0 = 9667/124]
ranking function :  - 0.0323 *  x[0]^1.0 - 0.0647 *  x[1]^1.0 + 0.0409 *  x[2]^1.0 + 0.6841 * 1;  - 0.0131 *  x[0]^1.0 - 0.0428 *  x[1]^1.0 + 0.2551 *  x[2]^1.0 + 0.7606 * 1; 0.0013 *  x[0]^1.0 - 0.0096 *  x[1]^1.0 + 0.1428 *  x[2]^1.0 + 0.8158 * 1

2019-05-04-01-08-26   >>>>   End verify ranking function

verifying time = 16.124 ms


Not Found Ranking Fcuntion

Conterexample is 

[77.95967741935483, 1, 1]

sampling time = 3.031 ms


       ########################################         

iteration 2 with 20 examples

2019-05-04-01-08-26   >>>>   Start train ranking function

2019-05-04-01-08-26   >>>>   End train ranking function

train_ranking_functioning time = 0.897 ms


2019-05-04-01-08-26   >>>>   Start verify ranking function

[xr_1 = 1, xr_2 = 1, xr_0 = 19408/281]
ranking function :  - 0.0322 *  x[0]^1.0 - 0.0645 *  x[1]^1.0 + 0.0365 *  x[2]^1.0 + 0.6824 * 1;  - 0.0137 *  x[0]^1.0 - 0.0438 *  x[1]^1.0 + 0.2644 *  x[2]^1.0 + 0.761 * 1; 0.0016 *  x[0]^1.0 - 0.0092 *  x[1]^1.0 + 0.1394 *  x[2]^1.0 + 0.8151 * 1

2019-05-04-01-08-26   >>>>   End verify ranking function

verifying time = 16.073 ms


Not Found Ranking Fcuntion

Conterexample is 

[69.067615658363, 1, 1]

sampling time = 3.067 ms


       ########################################         

iteration 3 with 24 examples

2019-05-04-01-08-26   >>>>   Start train ranking function

2019-05-04-01-08-26   >>>>   End train ranking function

train_ranking_functioning time = 0.956 ms


2019-05-04-01-08-26   >>>>   Start verify ranking function

[xr_1 = 9597/17, xr_2 = 1, xr_0 = 1]
ranking function :  - 0.0322 *  x[0]^1.0 - 0.0644 *  x[1]^1.0 + 0.036 *  x[2]^1.0 + 0.6822 * 1;  - 0.0136 *  x[0]^1.0 - 0.0438 *  x[1]^1.0 + 0.2644 *  x[2]^1.0 + 0.7608 * 1; 0.0007 *  x[0]^1.0 - 0.0087 *  x[1]^1.0 + 0.1395 *  x[2]^1.0 + 0.815 * 1

2019-05-04-01-08-26   >>>>   End verify ranking function

verifying time = 16.636 ms


Not Found Ranking Fcuntion

Conterexample is 

[1, 564.5294117647059, 1]

sampling time = 3.021 ms


       ########################################         

iteration 4 with 28 examples

2019-05-04-01-08-26   >>>>   Start train ranking function

2019-05-04-01-08-26   >>>>   End train ranking function

train_ranking_functioning time = 1.069 ms


2019-05-04-01-08-26   >>>>   Start verify ranking function

[xr_1 = 1, xr_2 = 1, xr_0 = 19663/675]
ranking function :  - 0.0327 *  x[0]^1.0 - 0.0655 *  x[1]^1.0 + 0.0535 *  x[2]^1.0 + 0.689 * 1;  - 0.0144 *  x[0]^1.0 - 0.0458 *  x[1]^1.0 + 0.325 *  x[2]^1.0 + 0.7835 * 1; 0.0059 *  x[0]^1.0 - 0.0004 *  x[1]^1.0 + 0.0939 *  x[2]^1.0 + 0.8175 * 1

2019-05-04-01-08-26   >>>>   End verify ranking function

verifying time = 16.391 ms


Not Found Ranking Fcuntion

Conterexample is 

[29.130370370370372, 1, 1]

sampling time = 3.134 ms


       ########################################         

iteration 5 with 32 examples

2019-05-04-01-08-26   >>>>   Start train ranking function

2019-05-04-01-08-26   >>>>   End train ranking function

train_ranking_functioning time = 1.215 ms


2019-05-04-01-08-26   >>>>   Start verify ranking function

[xr_1 = 1, xr_2 = 1, xr_0 = 19219/115]
ranking function :  - 0.0338 *  x[0]^1.0 - 0.0679 *  x[1]^1.0 + 0.0968 *  x[2]^1.0 + 0.7043 * 1;  - 0.0097 *  x[0]^1.0 - 0.0374 *  x[1]^1.0 + 0.2648 *  x[2]^1.0 + 0.7812 * 1; 0.0002 *  x[0]^1.0 - 0.0024 *  x[1]^1.0 + 0.1119 *  x[2]^1.0 + 0.823 * 1

2019-05-04-01-08-26   >>>>   End verify ranking function

verifying time = 16.259 ms


Not Found Ranking Fcuntion

Conterexample is 

[167.12173913043478, 1, 1]

sampling time = 3.000 ms


       ########################################         

iteration 6 with 36 examples

2019-05-04-01-08-26   >>>>   Start train ranking function

2019-05-04-01-08-26   >>>>   End train ranking function

train_ranking_functioning time = 1.220 ms


2019-05-04-01-08-26   >>>>   Start verify ranking function

[xr_1 = 19402/293, xr_2 = 1, xr_0 = 1]
ranking function :  - 0.0339 *  x[0]^1.0 - 0.0679 *  x[1]^1.0 + 0.0942 *  x[2]^1.0 + 0.7034 * 1;  - 0.0097 *  x[0]^1.0 - 0.0373 *  x[1]^1.0 + 0.2652 *  x[2]^1.0 + 0.7801 * 1;  - 0.0001 *  x[0]^1.0 - 0.0022 *  x[1]^1.0 + 0.1116 *  x[2]^1.0 + 0.8216 * 1

2019-05-04-01-08-26   >>>>   End verify ranking function

verifying time = 16.115 ms


Not Found Ranking Fcuntion

Conterexample is 

[1, 66.2184300341297, 1]

sampling time = 3.080 ms


       ########################################         

iteration 7 with 40 examples

2019-05-04-01-08-26   >>>>   Start train ranking function

2019-05-04-01-08-26   >>>>   End train ranking function

train_ranking_functioning time = 1.338 ms


2019-05-04-01-08-26   >>>>   Start verify ranking function

[xr_1 = 1, xr_2 = 1, xr_0 = 9488/219]
ranking function :  - 0.0346 *  x[0]^1.0 - 0.0693 *  x[1]^1.0 + 0.1187 *  x[2]^1.0 + 0.7127 * 1;  - 0.0078 *  x[0]^1.0 - 0.034 *  x[1]^1.0 + 0.2605 *  x[2]^1.0 + 0.7872 * 1; 0.004 *  x[0]^1.0 + 0.0005 *  x[1]^1.0 + 0.1056 *  x[2]^1.0 + 0.8276 * 1

2019-05-04-01-08-26   >>>>   End verify ranking function

verifying time = 16.038 ms


Not Found Ranking Fcuntion

Conterexample is 

[43.32420091324201, 1, 1]

sampling time = 3.026 ms


       ########################################         

iteration 8 with 44 examples

2019-05-04-01-08-26   >>>>   Start train ranking function

2019-05-04-01-08-26   >>>>   End train ranking function

train_ranking_functioning time = 1.400 ms


2019-05-04-01-08-26   >>>>   Start verify ranking function

[xr_1 = 19432/225, xr_2 = 1, xr_0 = 1]
ranking function :  - 0.0348 *  x[0]^1.0 - 0.0698 *  x[1]^1.0 + 0.125 *  x[2]^1.0 + 0.7149 * 1;  - 0.0071 *  x[0]^1.0 - 0.0333 *  x[1]^1.0 + 0.2557 *  x[2]^1.0 + 0.7878 * 1; 0.0001 *  x[0]^1.0 - 0.0025 *  x[1]^1.0 + 0.1079 *  x[2]^1.0 + 0.8305 * 1

2019-05-04-01-08-26   >>>>   End verify ranking function

verifying time = 15.951 ms


Not Found Ranking Fcuntion

Conterexample is 

[1, 86.36444444444444, 1]

sampling time = 3.072 ms


       ########################################         

iteration 9 with 48 examples

2019-05-04-01-08-26   >>>>   Start train ranking function

2019-05-04-01-08-26   >>>>   End train ranking function

train_ranking_functioning time = 1.389 ms


2019-05-04-01-08-26   >>>>   Start verify ranking function

[xr_1 = 19581/386, xr_2 = 1, xr_0 = 1]
ranking function :  - 0.0349 *  x[0]^1.0 - 0.0702 *  x[1]^1.0 + 0.1333 *  x[2]^1.0 + 0.7183 * 1;  - 0.007 *  x[0]^1.0 - 0.033 *  x[1]^1.0 + 0.2568 *  x[2]^1.0 + 0.7909 * 1;  - 0.0009 *  x[0]^1.0 - 0.0004 *  x[1]^1.0 + 0.1006 *  x[2]^1.0 + 0.8298 * 1

2019-05-04-01-08-26   >>>>   End verify ranking function

verifying time = 16.011 ms


Not Found Ranking Fcuntion

Conterexample is 

[1, 50.7279792746114, 1]

sampling time = 3.031 ms


       ########################################         

iteration 10 with 52 examples

2019-05-04-01-08-26   >>>>   Start train ranking function

2019-05-04-01-08-26   >>>>   End train ranking function

train_ranking_functioning time = 1.450 ms


2019-05-04-01-08-26   >>>>   Start verify ranking function

[xr_1 = 1, xr_2 = 1, xr_0 = 1948/27]
ranking function :  - 0.035 *  x[0]^1.0 - 0.0701 *  x[1]^1.0 + 0.1327 *  x[2]^1.0 + 0.7182 * 1;  - 0.0063 *  x[0]^1.0 - 0.0325 *  x[1]^1.0 + 0.2648 *  x[2]^1.0 + 0.7931 * 1; 0.0023 *  x[0]^1.0 - 0.0021 *  x[1]^1.0 + 0.0972 *  x[2]^1.0 + 0.8308 * 1

2019-05-04-01-08-26   >>>>   End verify ranking function

verifying time = 16.078 ms


Not Found Ranking Fcuntion

Conterexample is 

[72.14814814814815, 1, 1]

sampling time = 3.022 ms


       ########################################         

iteration 11 with 56 examples

2019-05-04-01-08-26   >>>>   Start train ranking function

2019-05-04-01-08-26   >>>>   End train ranking function

train_ranking_functioning time = 1.718 ms


2019-05-04-01-08-26   >>>>   Start verify ranking function

[xr_1 = 1, xr_2 = 1, xr_0 = 9657/146]
ranking function :  - 0.0359 *  x[0]^1.0 - 0.072 *  x[1]^1.0 + 0.1637 *  x[2]^1.0 + 0.7271 * 1;  - 0.0049 *  x[0]^1.0 - 0.0293 *  x[1]^1.0 + 0.2411 *  x[2]^1.0 + 0.7961 * 1; 0.0027 *  x[0]^1.0 - 0.0026 *  x[1]^1.0 + 0.1014 *  x[2]^1.0 + 0.837 * 1

2019-05-04-01-08-26   >>>>   End verify ranking function

verifying time = 15.932 ms


Not Found Ranking Fcuntion

Conterexample is 

[66.14383561643835, 1, 1]

sampling time = 3.003 ms


       ########################################         

iteration 12 with 60 examples

2019-05-04-01-08-26   >>>>   Start train ranking function

2019-05-04-01-08-26   >>>>   End train ranking function

train_ranking_functioning time = 1.745 ms


2019-05-04-01-08-26   >>>>   Start verify ranking function

[xr_1 = 19053/202, xr_2 = 1, xr_0 = 1]
ranking function :  - 0.0359 *  x[0]^1.0 - 0.072 *  x[1]^1.0 + 0.1639 *  x[2]^1.0 + 0.7272 * 1;  - 0.0049 *  x[0]^1.0 - 0.0298 *  x[1]^1.0 + 0.2438 *  x[2]^1.0 + 0.7973 * 1; 0.0015 *  x[0]^1.0 + 0.0006 *  x[1]^1.0 + 0.0987 *  x[2]^1.0 + 0.837 * 1

2019-05-04-01-08-26   >>>>   End verify ranking function

verifying time = 16.041 ms


Not Found Ranking Fcuntion

Conterexample is 

[1, 94.32178217821782, 1]

sampling time = 3.088 ms


       ########################################         

iteration 13 with 64 examples

2019-05-04-01-08-26   >>>>   Start train ranking function

2019-05-04-01-08-26   >>>>   End train ranking function

train_ranking_functioning time = 1.721 ms


2019-05-04-01-08-26   >>>>   Start verify ranking function

[xr_1 = 1, xr_2 = 1, xr_0 = 9518/231]
ranking function :  - 0.036 *  x[0]^1.0 - 0.0722 *  x[1]^1.0 + 0.1671 *  x[2]^1.0 + 0.7283 * 1;  - 0.0048 *  x[0]^1.0 - 0.0289 *  x[1]^1.0 + 0.2439 *  x[2]^1.0 + 0.7982 * 1; 0.0046 *  x[0]^1.0 + 0.0008 *  x[1]^1.0 + 0.0952 *  x[2]^1.0 + 0.8362 * 1

2019-05-04-01-08-26   >>>>   End verify ranking function

verifying time = 16.167 ms


Not Found Ranking Fcuntion

Conterexample is 

[41.2034632034632, 1, 1]

sampling time = 3.287 ms


       ########################################         

iteration 14 with 68 examples

2019-05-04-01-08-26   >>>>   Start train ranking function

2019-05-04-01-08-26   >>>>   End train ranking function

train_ranking_functioning time = 2.013 ms


2019-05-04-01-08-26   >>>>   Start verify ranking function

[xr_1 = 1, xr_2 = 1, xr_0 = 9605/12]
ranking function :  - 0.0366 *  x[0]^1.0 - 0.0734 *  x[1]^1.0 + 0.1879 *  x[2]^1.0 + 0.7345 * 1;  - 0.0038 *  x[0]^1.0 - 0.0273 *  x[1]^1.0 + 0.2311 *  x[2]^1.0 + 0.8016 * 1;  - 0.0006 *  x[0]^1.0 + 0.0001 *  x[1]^1.0 + 0.0975 *  x[2]^1.0 + 0.8417 * 1

2019-05-04-01-08-26   >>>>   End verify ranking function

verifying time = 13.116 ms


Not Found Ranking Fcuntion

Conterexample is 

[800.4166666666666, 1, 1]

sampling time = 3.003 ms


       ########################################         

iteration 15 with 72 examples

2019-05-04-01-08-26   >>>>   Start train ranking function

2019-05-04-01-08-26   >>>>   End train ranking function

train_ranking_functioning time = 2.221 ms


2019-05-04-01-08-26   >>>>   Start verify ranking function

[xr_1 = 1, xr_2 = 1, xr_0 = 19085/134]
ranking function :  - 0.0368 *  x[0]^1.0 - 0.0738 *  x[1]^1.0 + 0.1933 *  x[2]^1.0 + 0.7359 * 1;  - 0.0026 *  x[0]^1.0 - 0.0254 *  x[1]^1.0 + 0.2279 *  x[2]^1.0 + 0.8021 * 1; 0.0029 *  x[0]^1.0 - 0.0009 *  x[1]^1.0 + 0.0971 *  x[2]^1.0 + 0.8426 * 1

2019-05-04-01-08-26   >>>>   End verify ranking function

verifying time = 12.903 ms


Not Found Ranking Fcuntion

Conterexample is 

[142.42537313432837, 1, 1]

sampling time = 3.019 ms


       ########################################         

iteration 16 with 76 examples

2019-05-04-01-08-26   >>>>   Start train ranking function

2019-05-04-01-08-26   >>>>   End train ranking function

train_ranking_functioning time = 2.148 ms


2019-05-04-01-08-26   >>>>   Start verify ranking function

[xr_1 = 1, xr_2 = 1, xr_0 = 3865/27]
ranking function :  - 0.0369 *  x[0]^1.0 - 0.0741 *  x[1]^1.0 + 0.1976 *  x[2]^1.0 + 0.7373 * 1;  - 0.0026 *  x[0]^1.0 - 0.0268 *  x[1]^1.0 + 0.2247 *  x[2]^1.0 + 0.8023 * 1; 0.0007 *  x[0]^1.0 + 0.0005 *  x[1]^1.0 + 0.0989 *  x[2]^1.0 + 0.8443 * 1

2019-05-04-01-08-26   >>>>   End verify ranking function

verifying time = 12.369 ms


Not Found Ranking Fcuntion

Conterexample is 

[143.14814814814815, 1, 1]

sampling time = 3.034 ms


       ########################################         

iteration 17 with 80 examples

2019-05-04-01-08-26   >>>>   Start train ranking function

2019-05-04-01-08-26   >>>>   End train ranking function

train_ranking_functioning time = 2.181 ms


2019-05-04-01-08-26   >>>>   Start verify ranking function

[xr_1 = 1, xr_2 = 1, xr_0 = 19194/125]
ranking function :  - 0.0368 *  x[0]^1.0 - 0.0739 *  x[1]^1.0 + 0.1948 *  x[2]^1.0 + 0.7364 * 1;  - 0.0027 *  x[0]^1.0 - 0.0259 *  x[1]^1.0 + 0.2245 *  x[2]^1.0 + 0.8016 * 1;  - 0.0004 *  x[0]^1.0 - 0.0017 *  x[1]^1.0 + 0.099 *  x[2]^1.0 + 0.8432 * 1

2019-05-04-01-08-26   >>>>   End verify ranking function

verifying time = 12.360 ms


Not Found Ranking Fcuntion

Conterexample is 

[153.552, 1, 1]

sampling time = 3.067 ms


       ########################################         

iteration 18 with 84 examples

2019-05-04-01-08-26   >>>>   Start train ranking function

2019-05-04-01-08-26   >>>>   End train ranking function

train_ranking_functioning time = 2.332 ms


2019-05-04-01-08-26   >>>>   Start verify ranking function

[xr_1 = 1, xr_2 = 1, xr_0 = 9675/91]
ranking function :  - 0.0371 *  x[0]^1.0 - 0.0744 *  x[1]^1.0 + 0.203 *  x[2]^1.0 + 0.7389 * 1;  - 0.0021 *  x[0]^1.0 - 0.0261 *  x[1]^1.0 + 0.2207 *  x[2]^1.0 + 0.8028 * 1;  - 0.0004 *  x[0]^1.0 + 0.0005 *  x[1]^1.0 + 0.0994 *  x[2]^1.0 + 0.8452 * 1

2019-05-04-01-08-26   >>>>   End verify ranking function

verifying time = 12.351 ms


Not Found Ranking Fcuntion

Conterexample is 

[106.31868131868131, 1, 1]

sampling time = 3.061 ms


       ########################################         

iteration 19 with 88 examples

2019-05-04-01-08-26   >>>>   Start train ranking function

2019-05-04-01-08-26   >>>>   End train ranking function

train_ranking_functioning time = 2.409 ms


2019-05-04-01-08-26   >>>>   Start verify ranking function

[xr_1 = 1, xr_2 = 1, xr_0 = 6437/142]
ranking function :  - 0.0372 *  x[0]^1.0 - 0.0746 *  x[1]^1.0 + 0.2068 *  x[2]^1.0 + 0.7399 * 1; 0.0006 *  x[0]^1.0 - 0.0254 *  x[1]^1.0 + 0.2188 *  x[2]^1.0 + 0.8036 * 1; 0.0012 *  x[0]^1.0 - 0.002 *  x[1]^1.0 + 0.0986 *  x[2]^1.0 + 0.8458 * 1

2019-05-04-01-08-26   >>>>   End verify ranking function

verifying time = 12.450 ms


Not Found Ranking Fcuntion

Conterexample is 

[45.33098591549296, 1, 1]

sampling time = 3.026 ms


       ########################################         

iteration 20 with 92 examples

2019-05-04-01-08-26   >>>>   Start train ranking function

2019-05-04-01-08-27   >>>>   End train ranking function

train_ranking_functioning time = 2.627 ms


2019-05-04-01-08-27   >>>>   Start verify ranking function

[xr_1 = 1, xr_2 = 1, xr_0 = 19396/427]
ranking function :  - 0.0373 *  x[0]^1.0 - 0.0748 *  x[1]^1.0 + 0.2095 *  x[2]^1.0 + 0.7408 * 1; 0.0006 *  x[0]^1.0 - 0.0257 *  x[1]^1.0 + 0.217 *  x[2]^1.0 + 0.8041 * 1;  - 0.0001 *  x[0]^1.0 - 0.0027 *  x[1]^1.0 + 0.0989 *  x[2]^1.0 + 0.8462 * 1

2019-05-04-01-08-27   >>>>   End verify ranking function

verifying time = 13.700 ms


Not Found Ranking Fcuntion

Conterexample is 

[45.423887587822016, 1, 1]

sampling time = 3.045 ms


       ########################################         

iteration 21 with 96 examples

2019-05-04-01-08-27   >>>>   Start train ranking function

2019-05-04-01-08-27   >>>>   End train ranking function

train_ranking_functioning time = 2.591 ms


2019-05-04-01-08-27   >>>>   Start verify ranking function

[xr_1 = 1, xr_2 = 1, xr_0 = 122/3]
ranking function :  - 0.0372 *  x[0]^1.0 - 0.0748 *  x[1]^1.0 + 0.2115 *  x[2]^1.0 + 0.7414 * 1; 0.0012 *  x[0]^1.0 - 0.0266 *  x[1]^1.0 + 0.2165 *  x[2]^1.0 + 0.8047 * 1;  - 0.0001 *  x[0]^1.0 - 0.0039 *  x[1]^1.0 + 0.0988 *  x[2]^1.0 + 0.847 * 1

2019-05-04-01-08-27   >>>>   End verify ranking function

verifying time = 12.435 ms


Not Found Ranking Fcuntion

Conterexample is 

[40.666666666666664, 1, 1]

sampling time = 3.035 ms


       ########################################         

iteration 22 with 100 examples

2019-05-04-01-08-27   >>>>   Start train ranking function

2019-05-04-01-08-27   >>>>   End train ranking function

train_ranking_functioning time = 2.659 ms


2019-05-04-01-08-27   >>>>   Start verify ranking function

[xr_1 = 1, xr_2 = 1, xr_0 = 1958/49]
ranking function :  - 0.0373 *  x[0]^1.0 - 0.0749 *  x[1]^1.0 + 0.2116 *  x[2]^1.0 + 0.7413 * 1; 0.0013 *  x[0]^1.0 - 0.0272 *  x[1]^1.0 + 0.2169 *  x[2]^1.0 + 0.805 * 1;  - 0.0025 *  x[1]^1.0 + 0.0981 *  x[2]^1.0 + 0.8471 * 1

2019-05-04-01-08-27   >>>>   End verify ranking function

verifying time = 12.336 ms


Not Found Ranking Fcuntion

Conterexample is 

[39.95918367346939, 1, 1]

sampling time = 3.006 ms


       ########################################         

iteration 23 with 104 examples

2019-05-04-01-08-27   >>>>   Start train ranking function

2019-05-04-01-08-27   >>>>   End train ranking function

train_ranking_functioning time = 2.894 ms


2019-05-04-01-08-27   >>>>   Start verify ranking function

[xr_1 = 19108/45, xr_2 = 1, xr_0 = 1]
ranking function :  - 0.02 *  x[0]^1.0 - 0.0889 *  x[1]^1.0 + 0.1951 *  x[2]^1.0 + 0.7369 * 1;  - 0.0025 *  x[0]^1.0 - 0.0261 *  x[1]^1.0 + 0.2279 *  x[2]^1.0 + 0.8037 * 1;  - 0.0005 *  x[0]^1.0 + 0.0003 *  x[1]^1.0 + 0.1055 *  x[2]^1.0 + 0.8499 * 1

2019-05-04-01-08-27   >>>>   End verify ranking function

verifying time = 12.442 ms


Not Found Ranking Fcuntion

Conterexample is 

[1, 424.6222222222222, 1]

sampling time = 3.037 ms


       ########################################         

iteration 24 with 108 examples

2019-05-04-01-08-27   >>>>   Start train ranking function

2019-05-04-01-08-27   >>>>   End train ranking function

train_ranking_functioning time = 2.793 ms


2019-05-04-01-08-27   >>>>   Start verify ranking function
