------Using Template 0 -----------
4 [4]
*****************************************************

2019-05-04-01-13-25   >>>>   End sampling point

sampling time = 15.706 ms,


       ########################################         

iteration 0 with 16 examples

2019-05-04-01-13-25   >>>>   Start train ranking function

2019-05-04-01-13-25   >>>>   End train ranking function

train_ranking_functioning time = 0.459 ms


2019-05-04-01-13-25   >>>>   Start verify ranking function

[xr_1 = 1, xr_2 = 80250137/58800000, xr_0 = 1]
ranking function : 0.1177 *  x[0]^1.0 + 0.1176 *  x[1]^1.0 - 0.0013 *  x[2]^1.0 + 0.7059 * 1

2019-05-04-01-13-25   >>>>   End verify ranking function

verifying time = 8.329 ms


Not Found Ranking Fcuntion

Conterexample is 

[1, 1, 1.3647982482993197]

sampling time = 1.058 ms


       ########################################         

iteration 1 with 18 examples

2019-05-04-01-13-25   >>>>   Start train ranking function

2019-05-04-01-13-25   >>>>   End train ranking function

train_ranking_functioning time = 0.493 ms


2019-05-04-01-13-25   >>>>   Start verify ranking function

[xr_1 = 1, xr_2 = 3757513/2800000, xr_0 = 1]
ranking function : 0.1298 *  x[0]^1.0 + 0.1288 *  x[1]^1.0 - 0.0014 *  x[2]^1.0 + 0.7099 * 1

2019-05-04-01-13-25   >>>>   End verify ranking function

verifying time = 8.135 ms


Not Found Ranking Fcuntion

Conterexample is 

[1, 1, 1.3419689285714285]

sampling time = 1.065 ms


       ########################################         

iteration 2 with 20 examples

2019-05-04-01-13-25   >>>>   Start train ranking function

2019-05-04-01-13-25   >>>>   End train ranking function

train_ranking_functioning time = 0.609 ms


2019-05-04-01-13-25   >>>>   Start verify ranking function

[xr_1 = 1, xr_2 = 92595571/66500000, xr_0 = 1]
ranking function : 0.1344 *  x[0]^1.0 + 0.133 *  x[1]^1.0 - 0.0015 *  x[2]^1.0 + 0.7115 * 1

2019-05-04-01-13-25   >>>>   End verify ranking function

verifying time = 8.177 ms


Not Found Ranking Fcuntion

Conterexample is 

[1, 1, 1.3924146015037595]

sampling time = 1.042 ms


       ########################################         

iteration 3 with 22 examples

2019-05-04-01-13-25   >>>>   Start train ranking function

2019-05-04-01-13-25   >>>>   End train ranking function

train_ranking_functioning time = 0.677 ms


2019-05-04-01-13-25   >>>>   Start verify ranking function

[xr_1 = 1, xr_2 = 18519107/13520000, xr_0 = 1]
ranking function : 0.1369 *  x[0]^1.0 + 0.1352 *  x[1]^1.0 - 0.0015 *  x[2]^1.0 + 0.7123 * 1

2019-05-04-01-13-25   >>>>   End verify ranking function

verifying time = 8.244 ms


Not Found Ranking Fcuntion

Conterexample is 

[1, 1, 1.3697564349112425]

sampling time = 1.063 ms


       ########################################         

iteration 4 with 24 examples

2019-05-04-01-13-25   >>>>   Start train ranking function

2019-05-04-01-13-25   >>>>   End train ranking function

train_ranking_functioning time = 0.616 ms


2019-05-04-01-13-25   >>>>   Start verify ranking function

[xr_1 = 1, xr_2 = 92595513/68300000, xr_0 = 1]
ranking function : 0.1384 *  x[0]^1.0 + 0.1366 *  x[1]^1.0 - 0.0015 *  x[2]^1.0 + 0.7128 * 1

2019-05-04-01-13-25   >>>>   End verify ranking function

verifying time = 8.240 ms


Not Found Ranking Fcuntion

Conterexample is 

[1, 1, 1.3557176134699853]

sampling time = 1.039 ms


       ########################################         

iteration 5 with 26 examples

2019-05-04-01-13-25   >>>>   Start train ranking function

2019-05-04-01-13-25   >>>>   End train ranking function

train_ranking_functioning time = 1.003 ms


2019-05-04-01-13-25   >>>>   Start verify ranking function

[xr_1 = 1, xr_2 = 46297749/34400000, xr_0 = 1]
ranking function : 0.1394 *  x[0]^1.0 + 0.1376 *  x[1]^1.0 - 0.0015 *  x[2]^1.0 + 0.7131 * 1

2019-05-04-01-13-25   >>>>   End verify ranking function

verifying time = 8.141 ms


Not Found Ranking Fcuntion

Conterexample is 

[1, 1, 1.345864796511628]

sampling time = 1.058 ms


       ########################################         

iteration 6 with 28 examples

2019-05-04-01-13-25   >>>>   Start train ranking function

2019-05-04-01-13-25   >>>>   End train ranking function

train_ranking_functioning time = 1.042 ms


2019-05-04-01-13-25   >>>>   Start verify ranking function

[xr_1 = 1, xr_2 = 2893609/2159375, xr_0 = 1]
ranking function : 0.1401 *  x[0]^1.0 + 0.1382 *  x[1]^1.0 - 0.0015 *  x[2]^1.0 + 0.7134 * 1

2019-05-04-01-13-25   >>>>   End verify ranking function

verifying time = 8.131 ms


Not Found Ranking Fcuntion

Conterexample is 

[1, 1, 1.340021534008683]

sampling time = 1.066 ms


       ########################################         

iteration 7 with 30 examples

2019-05-04-01-13-25   >>>>   Start train ranking function

2019-05-04-01-13-25   >>>>   End train ranking function

train_ranking_functioning time = 0.847 ms


2019-05-04-01-13-25   >>>>   Start verify ranking function

[xr_1 = 1, xr_2 = 92595479/69400000, xr_0 = 1]
ranking function : 0.1407 *  x[0]^1.0 + 0.1388 *  x[1]^1.0 - 0.0015 *  x[2]^1.0 + 0.7136 * 1

2019-05-04-01-13-25   >>>>   End verify ranking function

verifying time = 8.455 ms


Not Found Ranking Fcuntion

Conterexample is 

[1, 1, 1.3342288040345822]

sampling time = 1.071 ms


       ########################################         

iteration 8 with 32 examples

2019-05-04-01-13-25   >>>>   Start train ranking function

2019-05-04-01-13-25   >>>>   End train ranking function

train_ranking_functioning time = 0.799 ms


2019-05-04-01-13-25   >>>>   Start verify ranking function

[xr_1 = 1, xr_2 = 92595473/69600000, xr_0 = 1]
ranking function : 0.1411 *  x[0]^1.0 + 0.1392 *  x[1]^1.0 - 0.0015 *  x[2]^1.0 + 0.7137 * 1

2019-05-04-01-13-25   >>>>   End verify ranking function

verifying time = 8.357 ms


Not Found Ranking Fcuntion

Conterexample is 

[1, 1, 1.3303947270114942]

sampling time = 1.084 ms


       ########################################         

iteration 9 with 34 examples

2019-05-04-01-13-25   >>>>   Start train ranking function

2019-05-04-01-13-25   >>>>   End train ranking function

train_ranking_functioning time = 1.210 ms


2019-05-04-01-13-25   >>>>   Start verify ranking function

[xr_1 = 1, xr_2 = 37038187/27900000, xr_0 = 1]
ranking function : 0.1415 *  x[0]^1.0 + 0.1395 *  x[1]^1.0 - 0.0015 *  x[2]^1.0 + 0.7138 * 1

2019-05-04-01-13-25   >>>>   End verify ranking function

verifying time = 8.146 ms


Not Found Ranking Fcuntion

Conterexample is 

[1, 1, 1.3275335842293907]

sampling time = 1.046 ms


       ########################################         

iteration 10 with 36 examples

2019-05-04-01-13-25   >>>>   Start train ranking function

2019-05-04-01-13-25   >>>>   End train ranking function

train_ranking_functioning time = 1.343 ms


2019-05-04-01-13-25   >>>>   Start verify ranking function

[xr_1 = 1, xr_2 = 92595463/69900000, xr_0 = 1]
ranking function : 0.1418 *  x[0]^1.0 + 0.1398 *  x[1]^1.0 - 0.0015 *  x[2]^1.0 + 0.7139 * 1

2019-05-04-01-13-25   >>>>   End verify ranking function

verifying time = 8.180 ms


Not Found Ranking Fcuntion

Conterexample is 

[1, 1, 1.3246847353361946]

sampling time = 1.068 ms


       ########################################         

iteration 11 with 38 examples

2019-05-04-01-13-25   >>>>   Start train ranking function

2019-05-04-01-13-25   >>>>   End train ranking function

train_ranking_functioning time = 1.157 ms


2019-05-04-01-13-25   >>>>   Start verify ranking function

[xr_1 = 1, xr_2 = 14109757/10000000, xr_0 = 1]
ranking function : 0.142 *  x[0]^1.0 + 0.14 *  x[1]^1.0 - 0.0016 *  x[2]^1.0 + 0.714 * 1

2019-05-04-01-13-25   >>>>   End verify ranking function

verifying time = 8.116 ms


Not Found Ranking Fcuntion

Conterexample is 

[1, 1, 1.4109757]

sampling time = 1.057 ms


       ########################################         

iteration 12 with 40 examples

2019-05-04-01-13-25   >>>>   Start train ranking function

2019-05-04-01-13-25   >>>>   End train ranking function

train_ranking_functioning time = 1.010 ms


2019-05-04-01-13-25   >>>>   Start verify ranking function

[xr_1 = 1, xr_2 = 12346037/8762500, xr_0 = 1]
ranking function : 0.1422 *  x[0]^1.0 + 0.1402 *  x[1]^1.0 - 0.0016 *  x[2]^1.0 + 0.7141 * 1

2019-05-04-01-13-25   >>>>   End verify ranking function

verifying time = 8.122 ms


Not Found Ranking Fcuntion

Conterexample is 

[1, 1, 1.408962853067047]

sampling time = 1.168 ms


       ########################################         

iteration 13 with 42 examples

2019-05-04-01-13-25   >>>>   Start train ranking function

2019-05-04-01-13-25   >>>>   End train ranking function

train_ranking_functioning time = 1.345 ms


2019-05-04-01-13-25   >>>>   Start verify ranking function

[xr_1 = 1, xr_2 = 197536587/140300000, xr_0 = 1]
ranking function : 0.1424 *  x[0]^1.0 + 0.1403 *  x[1]^1.0 - 0.0016 *  x[2]^1.0 + 0.7141 * 1

2019-05-04-01-13-25   >>>>   End verify ranking function

verifying time = 8.915 ms


Not Found Ranking Fcuntion

Conterexample is 

[1, 1, 1.4079585673556665]

sampling time = 1.101 ms


       ########################################         

iteration 14 with 44 examples

2019-05-04-01-13-25   >>>>   Start train ranking function

2019-05-04-01-13-25   >>>>   End train ranking function

train_ranking_functioning time = 1.631 ms


2019-05-04-01-13-25   >>>>   Start verify ranking function

[xr_1 = 1, xr_2 = 197536581/140500000, xr_0 = 1]
ranking function : 0.1426 *  x[0]^1.0 + 0.1405 *  x[1]^1.0 - 0.0016 *  x[2]^1.0 + 0.7142 * 1

2019-05-04-01-13-25   >>>>   End verify ranking function

verifying time = 8.807 ms


Not Found Ranking Fcuntion

Conterexample is 

[1, 1, 1.4059543131672598]

sampling time = 1.187 ms


       ########################################         

iteration 15 with 46 examples

2019-05-04-01-13-25   >>>>   Start train ranking function

2019-05-04-01-13-25   >>>>   End train ranking function

train_ranking_functioning time = 1.518 ms


2019-05-04-01-13-25   >>>>   Start verify ranking function

[xr_1 = 1, xr_2 = 3086509/2196875, xr_0 = 1]
ranking function : 0.1428 *  x[0]^1.0 + 0.1406 *  x[1]^1.0 - 0.0016 *  x[2]^1.0 + 0.7143 * 1

2019-05-04-01-13-25   >>>>   End verify ranking function

verifying time = 8.466 ms


Not Found Ranking Fcuntion

Conterexample is 

[1, 1, 1.4049543100995732]

sampling time = 1.090 ms


       ########################################         

iteration 16 with 48 examples

2019-05-04-01-13-25   >>>>   Start train ranking function

2019-05-04-01-13-25   >>>>   End train ranking function

train_ranking_functioning time = 1.520 ms


2019-05-04-01-13-25   >>>>   Start verify ranking function

[xr_1 = 1, xr_2 = 197536573/140700000, xr_0 = 1]
ranking function : 0.1429 *  x[0]^1.0 + 0.1407 *  x[1]^1.0 - 0.0016 *  x[2]^1.0 + 0.7143 * 1

2019-05-04-01-13-26   >>>>   End verify ranking function

verifying time = 8.431 ms


Not Found Ranking Fcuntion

Conterexample is 

[1, 1, 1.4039557427149965]

sampling time = 1.478 ms


       ########################################         

iteration 17 with 50 examples

2019-05-04-01-13-26   >>>>   Start train ranking function

2019-05-04-01-13-26   >>>>   End train ranking function

train_ranking_functioning time = 1.644 ms


2019-05-04-01-13-26   >>>>   Start verify ranking function

[xr_1 = 1, xr_2 = 1795787/1280000, xr_0 = 1]
ranking function : 0.143 *  x[0]^1.0 + 0.1408 *  x[1]^1.0 - 0.0016 *  x[2]^1.0 + 0.7143 * 1

2019-05-04-01-13-26   >>>>   End verify ranking function

verifying time = 9.017 ms


Not Found Ranking Fcuntion

Conterexample is 

[1, 1, 1.40295859375]

sampling time = 1.038 ms


       ########################################         

iteration 18 with 52 examples

2019-05-04-01-13-26   >>>>   Start train ranking function

2019-05-04-01-13-26   >>>>   End train ranking function

train_ranking_functioning time = 1.691 ms


2019-05-04-01-13-26   >>>>   Start verify ranking function

[xr_1 = 1, xr_2 = 197536567/140900000, xr_0 = 1]
ranking function : 0.1431 *  x[0]^1.0 + 0.1409 *  x[1]^1.0 - 0.0016 *  x[2]^1.0 + 0.7144 * 1

2019-05-04-01-13-26   >>>>   End verify ranking function

verifying time = 8.408 ms


Not Found Ranking Fcuntion

Conterexample is 

[1, 1, 1.401962860184528]

sampling time = 1.066 ms


       ########################################         

iteration 19 with 54 examples

2019-05-04-01-13-26   >>>>   Start train ranking function

2019-05-04-01-13-26   >>>>   End train ranking function

train_ranking_functioning time = 1.829 ms


2019-05-04-01-13-26   >>>>   Start verify ranking function

[xr_1 = 1, xr_2 = 49384141/35250000, xr_0 = 1]
ranking function : 0.1432 *  x[0]^1.0 + 0.141 *  x[1]^1.0 - 0.0016 *  x[2]^1.0 + 0.7144 * 1

2019-05-04-01-13-26   >>>>   End verify ranking function

verifying time = 8.355 ms


Not Found Ranking Fcuntion

Conterexample is 

[1, 1, 1.4009685390070923]

sampling time = 1.104 ms


       ########################################         

iteration 20 with 56 examples

2019-05-04-01-13-26   >>>>   Start train ranking function

2019-05-04-01-13-26   >>>>   End train ranking function

train_ranking_functioning time = 1.816 ms


2019-05-04-01-13-26   >>>>   Start verify ranking function

[xr_1 = 1, xr_2 = 49384141/35250000, xr_0 = 1]
ranking function : 0.1432 *  x[0]^1.0 + 0.141 *  x[1]^1.0 - 0.0016 *  x[2]^1.0 + 0.7144 * 1

2019-05-04-01-13-26   >>>>   End verify ranking function

verifying time = 8.279 ms


Not Found Ranking Fcuntion

Conterexample is 

[1, 1, 1.4009685390070923]

sampling time = 1.091 ms


       ########################################         

iteration 21 with 58 examples

2019-05-04-01-13-26   >>>>   Start train ranking function

2019-05-04-01-13-26   >>>>   End train ranking function

train_ranking_functioning time = 1.877 ms


2019-05-04-01-13-26   >>>>   Start verify ranking function

[xr_1 = 1, xr_2 = 197536561/141100000, xr_0 = 1]
ranking function : 0.1433 *  x[0]^1.0 + 0.1411 *  x[1]^1.0 - 0.0016 *  x[2]^1.0 + 0.7144 * 1

2019-05-04-01-13-26   >>>>   End verify ranking function

verifying time = 8.272 ms


Not Found Ranking Fcuntion

Conterexample is 

[1, 1, 1.3999756272147412]

sampling time = 1.048 ms


       ########################################         

iteration 22 with 60 examples

2019-05-04-01-13-26   >>>>   Start train ranking function

2019-05-04-01-13-26   >>>>   End train ranking function

train_ranking_functioning time = 1.891 ms


2019-05-04-01-13-26   >>>>   Start verify ranking function

[xr_1 = 1, xr_2 = 98768279/70600000, xr_0 = 1]
ranking function : 0.1434 *  x[0]^1.0 + 0.1412 *  x[1]^1.0 - 0.0016 *  x[2]^1.0 + 0.7145 * 1

2019-05-04-01-13-26   >>>>   End verify ranking function

verifying time = 8.177 ms


Not Found Ranking Fcuntion

Conterexample is 

[1, 1, 1.3989841218130312]

sampling time = 1.039 ms


       ########################################         

iteration 23 with 62 examples

2019-05-04-01-13-26   >>>>   Start train ranking function

2019-05-04-01-13-26   >>>>   End train ranking function

train_ranking_functioning time = 1.937 ms


2019-05-04-01-13-26   >>>>   Start verify ranking function

[xr_1 = 1, xr_2 = 98768279/70600000, xr_0 = 1]
ranking function : 0.1434 *  x[0]^1.0 + 0.1412 *  x[1]^1.0 - 0.0016 *  x[2]^1.0 + 0.7145 * 1

2019-05-04-01-13-26   >>>>   End verify ranking function

verifying time = 8.093 ms


Not Found Ranking Fcuntion

Conterexample is 

[1, 1, 1.3989841218130312]

sampling time = 1.041 ms


       ########################################         

iteration 24 with 64 examples

2019-05-04-01-13-26   >>>>   Start train ranking function

2019-05-04-01-13-26   >>>>   End train ranking function

train_ranking_functioning time = 2.086 ms


2019-05-04-01-13-26   >>>>   Start verify ranking function

[xr_1 = 1, xr_2 = 39507311/28260000, xr_0 = 1]
ranking function : 0.1435 *  x[0]^1.0 + 0.1413 *  x[1]^1.0 - 0.0016 *  x[2]^1.0 + 0.7145 * 1

2019-05-04-01-13-26   >>>>   End verify ranking function

verifying time = 8.129 ms


Not Found Ranking Fcuntion

Conterexample is 

[1, 1, 1.3979940198159944]

sampling time = 1.046 ms


Failed to prove it is terminated

UNKNOWN
Time For Template 0 Is--->-335.941000 ms

------Using Template 1 -----------
5 [5]
*****************************************************

2019-05-04-01-13-26   >>>>   End sampling point

sampling time = 19.058 ms,


       ########################################         

iteration 0 with 16 examples

2019-05-04-01-13-26   >>>>   Start train ranking function
