------Using Template 0 -----------
3 [3]
*****************************************************

2019-05-04-01-38-32   >>>>   End sampling point

sampling time = 54.472 ms,


       ########################################         

iteration 0 with 136 examples

2019-05-04-01-38-32   >>>>   Start train ranking function

2019-05-04-01-38-32   >>>>   End train ranking function

train_ranking_functioning time = 3.127 ms


2019-05-04-01-38-32   >>>>   Start verify ranking function

ranking function : 2.4 *  x[0]^1.0 + 0.8 *  x[1]^1.0 + 3.7 * 1

2019-05-04-01-38-32   >>>>   End verify ranking function

verifying time = 8.184 ms


Not Found Ranking Fcuntion

Conterexample is 

[0, -5]

sampling time = 0.727 ms


       ########################################         

iteration 1 with 138 examples

2019-05-04-01-38-32   >>>>   Start train ranking function

2019-05-04-01-38-32   >>>>   End train ranking function

train_ranking_functioning time = 3.222 ms


2019-05-04-01-38-32   >>>>   Start verify ranking function

ranking function : 2.4 *  x[0]^1.0 + 0.8 *  x[1]^1.0 + 4.0 * 1

2019-05-04-01-38-32   >>>>   End verify ranking function

verifying time = 8.178 ms


Not Found Ranking Fcuntion

Conterexample is 

[0, -6]

sampling time = 0.753 ms


       ########################################         

iteration 2 with 140 examples

2019-05-04-01-38-32   >>>>   Start train ranking function

2019-05-04-01-38-32   >>>>   End train ranking function

train_ranking_functioning time = 3.123 ms


2019-05-04-01-38-32   >>>>   Start verify ranking function

[xi_0 = 0, xi_1 = -8]
ranking function : 2.3 *  x[0]^1.0 + 0.8 *  x[1]^1.0 + 4.4 * 1

2019-05-04-01-38-32   >>>>   End verify ranking function

verifying time = 7.292 ms


Not Found Ranking Fcuntion

Conterexample is 

[0, -8]

sampling time = 0.752 ms


       ########################################         

iteration 3 with 142 examples

2019-05-04-01-38-32   >>>>   Start train ranking function

2019-05-04-01-38-32   >>>>   End train ranking function

train_ranking_functioning time = 3.210 ms


2019-05-04-01-38-32   >>>>   Start verify ranking function

ranking function : 2.1 *  x[0]^1.0 + 0.7 *  x[1]^1.0 + 4.7 * 1

2019-05-04-01-38-32   >>>>   End verify ranking function

verifying time = 8.222 ms


Not Found Ranking Fcuntion

Conterexample is 

[0, -7]

sampling time = 0.760 ms


       ########################################         

iteration 4 with 144 examples

2019-05-04-01-38-32   >>>>   Start train ranking function

2019-05-04-01-38-32   >>>>   End train ranking function

train_ranking_functioning time = 3.203 ms


2019-05-04-01-38-32   >>>>   Start verify ranking function

[xi_0 = 0, xi_1 = -7]
ranking function : 2.0 *  x[0]^1.0 + 0.7 *  x[1]^1.0 + 4.9 * 1

2019-05-04-01-38-32   >>>>   End verify ranking function

verifying time = 7.357 ms


Not Found Ranking Fcuntion

Conterexample is 

[0, -7]

sampling time = 0.745 ms


       ########################################         

iteration 5 with 146 examples

2019-05-04-01-38-32   >>>>   Start train ranking function

2019-05-04-01-38-32   >>>>   End train ranking function

train_ranking_functioning time = 3.251 ms


2019-05-04-01-38-32   >>>>   Start verify ranking function

[xi_0 = 0, xi_1 = -7]
ranking function : 2.0 *  x[0]^1.0 + 0.7 *  x[1]^1.0 + 5.1 * 1

2019-05-04-01-38-32   >>>>   End verify ranking function

verifying time = 7.237 ms


Not Found Ranking Fcuntion

Conterexample is 

[0, -7]

sampling time = 0.752 ms


       ########################################         

iteration 6 with 148 examples

2019-05-04-01-38-32   >>>>   Start train ranking function

2019-05-04-01-38-32   >>>>   End train ranking function

train_ranking_functioning time = 3.297 ms


2019-05-04-01-38-32   >>>>   Start verify ranking function

[xi_0 = 0, xi_1 = -7]
ranking function : 2.0 *  x[0]^1.0 + 0.7 *  x[1]^1.0 + 5.2 * 1

2019-05-04-01-38-32   >>>>   End verify ranking function

verifying time = 7.229 ms


Not Found Ranking Fcuntion

Conterexample is 

[0, -7]

sampling time = 0.749 ms


       ########################################         

iteration 7 with 150 examples

2019-05-04-01-38-32   >>>>   Start train ranking function

2019-05-04-01-38-32   >>>>   End train ranking function

train_ranking_functioning time = 3.418 ms


2019-05-04-01-38-32   >>>>   Start verify ranking function

[xi_0 = 0, xi_1 = -7]
ranking function : 2.0 *  x[0]^1.0 + 0.7 *  x[1]^1.0 + 5.3 * 1

2019-05-04-01-38-32   >>>>   End verify ranking function

verifying time = 7.269 ms


Not Found Ranking Fcuntion

Conterexample is 

[0, -7]

sampling time = 0.760 ms


       ########################################         

iteration 8 with 152 examples

2019-05-04-01-38-32   >>>>   Start train ranking function

2019-05-04-01-38-32   >>>>   End train ranking function

train_ranking_functioning time = 3.480 ms


2019-05-04-01-38-32   >>>>   Start verify ranking function

[xi_0 = 0, xi_1 = -7]
ranking function : 2.0 *  x[0]^1.0 + 0.7 *  x[1]^1.0 + 5.4 * 1

2019-05-04-01-38-32   >>>>   End verify ranking function

verifying time = 7.244 ms


Not Found Ranking Fcuntion

Conterexample is 

[0, -7]

sampling time = 0.768 ms


       ########################################         

iteration 9 with 154 examples

2019-05-04-01-38-32   >>>>   Start train ranking function

2019-05-04-01-38-32   >>>>   End train ranking function

train_ranking_functioning time = 3.542 ms


2019-05-04-01-38-32   >>>>   Start verify ranking function

[xi_0 = 0, xi_1 = -7]
ranking function : 2.0 *  x[0]^1.0 + 0.7 *  x[1]^1.0 + 5.4 * 1

2019-05-04-01-38-32   >>>>   End verify ranking function

verifying time = 7.349 ms


Not Found Ranking Fcuntion

Conterexample is 

[0, -7]

sampling time = 0.771 ms


       ########################################         

iteration 10 with 156 examples

2019-05-04-01-38-32   >>>>   Start train ranking function

2019-05-04-01-38-32   >>>>   End train ranking function

train_ranking_functioning time = 3.641 ms


2019-05-04-01-38-32   >>>>   Start verify ranking function

[xi_0 = 0, xi_1 = -7]
ranking function : 2.0 *  x[0]^1.0 + 0.7 *  x[1]^1.0 + 5.4 * 1

2019-05-04-01-38-32   >>>>   End verify ranking function

verifying time = 7.439 ms


Not Found Ranking Fcuntion

Conterexample is 

[0, -7]

sampling time = 0.768 ms


       ########################################         

iteration 11 with 158 examples

2019-05-04-01-38-32   >>>>   Start train ranking function

2019-05-04-01-38-32   >>>>   End train ranking function

train_ranking_functioning time = 3.738 ms


2019-05-04-01-38-32   >>>>   Start verify ranking function

[xi_0 = 0, xi_1 = -7]
ranking function : 2.0 *  x[0]^1.0 + 0.7 *  x[1]^1.0 + 5.5 * 1

2019-05-04-01-38-32   >>>>   End verify ranking function

verifying time = 7.193 ms


Not Found Ranking Fcuntion

Conterexample is 

[0, -7]

sampling time = 0.775 ms


       ########################################         

iteration 12 with 160 examples

2019-05-04-01-38-32   >>>>   Start train ranking function

2019-05-04-01-38-32   >>>>   End train ranking function

train_ranking_functioning time = 3.840 ms


2019-05-04-01-38-32   >>>>   Start verify ranking function

[xi_0 = 0, xi_1 = -7]
ranking function : 2.0 *  x[0]^1.0 + 0.7 *  x[1]^1.0 + 5.5 * 1

2019-05-04-01-38-32   >>>>   End verify ranking function

verifying time = 7.219 ms


Not Found Ranking Fcuntion

Conterexample is 

[0, -7]

sampling time = 0.764 ms


       ########################################         

iteration 13 with 162 examples

2019-05-04-01-38-32   >>>>   Start train ranking function

2019-05-04-01-38-32   >>>>   End train ranking function

train_ranking_functioning time = 3.904 ms


2019-05-04-01-38-32   >>>>   Start verify ranking function

[xi_0 = 0, xi_1 = -7]
ranking function : 2.0 *  x[0]^1.0 + 0.7 *  x[1]^1.0 + 5.5 * 1

2019-05-04-01-38-32   >>>>   End verify ranking function

verifying time = 7.208 ms


Not Found Ranking Fcuntion

Conterexample is 

[0, -7]

sampling time = 0.774 ms


       ########################################         

iteration 14 with 164 examples

2019-05-04-01-38-32   >>>>   Start train ranking function

2019-05-04-01-38-32   >>>>   End train ranking function

train_ranking_functioning time = 4.007 ms


2019-05-04-01-38-32   >>>>   Start verify ranking function

[xi_0 = 0, xi_1 = -7]
ranking function : 2.0 *  x[0]^1.0 + 0.7 *  x[1]^1.0 + 5.6 * 1

2019-05-04-01-38-32   >>>>   End verify ranking function

verifying time = 7.676 ms


Not Found Ranking Fcuntion

Conterexample is 

[0, -7]

sampling time = 0.820 ms


       ########################################         

iteration 15 with 166 examples

2019-05-04-01-38-32   >>>>   Start train ranking function

2019-05-04-01-38-32   >>>>   End train ranking function

train_ranking_functioning time = 4.373 ms


2019-05-04-01-38-32   >>>>   Start verify ranking function

[xi_0 = 0, xi_1 = -7]
ranking function : 2.0 *  x[0]^1.0 + 0.7 *  x[1]^1.0 + 5.6 * 1

2019-05-04-01-38-32   >>>>   End verify ranking function

verifying time = 7.474 ms


Not Found Ranking Fcuntion

Conterexample is 

[0, -7]

sampling time = 0.830 ms


       ########################################         

iteration 16 with 168 examples

2019-05-04-01-38-32   >>>>   Start train ranking function

2019-05-04-01-38-32   >>>>   End train ranking function

train_ranking_functioning time = 4.271 ms


2019-05-04-01-38-32   >>>>   Start verify ranking function

[xi_0 = 0, xi_1 = -7]
ranking function : 2.0 *  x[0]^1.0 + 0.7 *  x[1]^1.0 + 5.6 * 1

2019-05-04-01-38-32   >>>>   End verify ranking function

verifying time = 7.381 ms


Not Found Ranking Fcuntion

Conterexample is 

[0, -7]

sampling time = 0.776 ms


       ########################################         

iteration 17 with 170 examples

2019-05-04-01-38-32   >>>>   Start train ranking function

2019-05-04-01-38-32   >>>>   End train ranking function

train_ranking_functioning time = 4.216 ms


2019-05-04-01-38-32   >>>>   Start verify ranking function

ranking function : 2.1 *  x[0]^1.0 + 0.7 *  x[1]^1.0 + 5.6 * 1

2019-05-04-01-38-32   >>>>   End verify ranking function

verifying time = 8.161 ms


Not Found Ranking Fcuntion

Conterexample is 

[0, -9]

sampling time = 0.777 ms


       ########################################         

iteration 18 with 172 examples

2019-05-04-01-38-32   >>>>   Start train ranking function

2019-05-04-01-38-32   >>>>   End train ranking function

train_ranking_functioning time = 4.379 ms


2019-05-04-01-38-32   >>>>   Start verify ranking function

[xi_0 = 0, xi_1 = 3]
ranking function : 2.0 *  x[0]^1.0 + 0.6 *  x[1]^1.0 + 5.5 * 1

2019-05-04-01-38-32   >>>>   End verify ranking function

verifying time = 7.224 ms


Not Found Ranking Fcuntion

Conterexample is 

[0, 3]

sampling time = 0.732 ms


       ########################################         

iteration 19 with 174 examples

2019-05-04-01-38-32   >>>>   Start train ranking function

2019-05-04-01-38-32   >>>>   End train ranking function

train_ranking_functioning time = 4.325 ms


2019-05-04-01-38-32   >>>>   Start verify ranking function

[xi_0 = 0, xi_1 = -7]
ranking function : 2.0 *  x[0]^1.0 + 0.7 *  x[1]^1.0 + 5.5 * 1

2019-05-04-01-38-32   >>>>   End verify ranking function

verifying time = 7.224 ms


Not Found Ranking Fcuntion

Conterexample is 

[0, -7]

sampling time = 0.766 ms


       ########################################         

iteration 20 with 176 examples

2019-05-04-01-38-32   >>>>   Start train ranking function

2019-05-04-01-38-32   >>>>   End train ranking function

train_ranking_functioning time = 4.352 ms


2019-05-04-01-38-32   >>>>   Start verify ranking function

[xi_0 = 0, xi_1 = -7]
ranking function : 2.0 *  x[0]^1.0 + 0.7 *  x[1]^1.0 + 5.5 * 1

2019-05-04-01-38-32   >>>>   End verify ranking function

verifying time = 7.187 ms


Not Found Ranking Fcuntion

Conterexample is 

[0, -7]

sampling time = 0.767 ms


       ########################################         

iteration 21 with 178 examples

2019-05-04-01-38-32   >>>>   Start train ranking function

2019-05-04-01-38-32   >>>>   End train ranking function

train_ranking_functioning time = 4.418 ms


2019-05-04-01-38-32   >>>>   Start verify ranking function

[xi_0 = 0, xi_1 = -7]
ranking function : 2.0 *  x[0]^1.0 + 0.7 *  x[1]^1.0 + 5.5 * 1

2019-05-04-01-38-32   >>>>   End verify ranking function

verifying time = 7.209 ms


Not Found Ranking Fcuntion

Conterexample is 

[0, -7]

sampling time = 0.755 ms


       ########################################         

iteration 22 with 180 examples

2019-05-04-01-38-32   >>>>   Start train ranking function

2019-05-04-01-38-32   >>>>   End train ranking function

train_ranking_functioning time = 4.516 ms


2019-05-04-01-38-32   >>>>   Start verify ranking function

[xi_0 = 0, xi_1 = -7]
ranking function : 2.0 *  x[0]^1.0 + 0.7 *  x[1]^1.0 + 5.5 * 1

2019-05-04-01-38-32   >>>>   End verify ranking function

verifying time = 7.351 ms


Not Found Ranking Fcuntion

Conterexample is 

[0, -7]

sampling time = 0.767 ms


       ########################################         

iteration 23 with 182 examples

2019-05-04-01-38-32   >>>>   Start train ranking function

2019-05-04-01-38-32   >>>>   End train ranking function

train_ranking_functioning time = 4.660 ms


2019-05-04-01-38-32   >>>>   Start verify ranking function

[xi_0 = 0, xi_1 = -7]
ranking function : 2.0 *  x[0]^1.0 + 0.7 *  x[1]^1.0 + 5.5 * 1

2019-05-04-01-38-32   >>>>   End verify ranking function

verifying time = 7.266 ms


Not Found Ranking Fcuntion

Conterexample is 

[0, -7]

sampling time = 0.767 ms


       ########################################         

iteration 24 with 184 examples

2019-05-04-01-38-32   >>>>   Start train ranking function

2019-05-04-01-38-32   >>>>   End train ranking function

train_ranking_functioning time = 4.731 ms


2019-05-04-01-38-32   >>>>   Start verify ranking function

[xi_0 = 0, xi_1 = -7]
ranking function : 2.0 *  x[0]^1.0 + 0.7 *  x[1]^1.0 + 5.6 * 1

2019-05-04-01-38-32   >>>>   End verify ranking function

verifying time = 7.270 ms


Not Found Ranking Fcuntion

Conterexample is 

[0, -7]

sampling time = 0.768 ms


Failed to prove it is terminated

UNKNOWN
Time For Template 0 Is--->-398.985000 ms

------Using Template 1 -----------
1 [1]
*****************************************************

2019-05-04-01-38-32   >>>>   End sampling point

sampling time = 29.628 ms,


       ########################################         

iteration 0 with 136 examples

2019-05-04-01-38-32   >>>>   Start train ranking function

2019-05-04-01-38-32   >>>>   End train ranking function

train_ranking_functioning time = 0.739 ms


2019-05-04-01-38-32   >>>>   Start verify ranking function

[xi_0 = 0]
ranking function : 

2019-05-04-01-38-32   >>>>   End verify ranking function

verifying time = 7.274 ms


Not Found Ranking Fcuntion

Conterexample is 

[0, 0]

sampling time = 0.359 ms


       ########################################         

iteration 1 with 138 examples

2019-05-04-01-38-32   >>>>   Start train ranking function

2019-05-04-01-38-32   >>>>   End train ranking function

train_ranking_functioning time = 0.728 ms


2019-05-04-01-38-32   >>>>   Start verify ranking function

[xi_0 = 0]
ranking function : 

2019-05-04-01-38-32   >>>>   End verify ranking function

verifying time = 7.162 ms


Not Found Ranking Fcuntion

Conterexample is 

[0, 0]

sampling time = 0.396 ms


       ########################################         

iteration 2 with 140 examples

2019-05-04-01-38-32   >>>>   Start train ranking function

2019-05-04-01-38-32   >>>>   End train ranking function

train_ranking_functioning time = 0.711 ms


2019-05-04-01-38-32   >>>>   Start verify ranking function

[xi_0 = 0]
ranking function : 

2019-05-04-01-38-32   >>>>   End verify ranking function

verifying time = 7.127 ms


Not Found Ranking Fcuntion

Conterexample is 

[0, 0]

sampling time = 0.366 ms


       ########################################         

iteration 3 with 142 examples

2019-05-04-01-38-32   >>>>   Start train ranking function

2019-05-04-01-38-32   >>>>   End train ranking function

train_ranking_functioning time = 0.721 ms


2019-05-04-01-38-32   >>>>   Start verify ranking function

[xi_0 = 0]
ranking function : 

2019-05-04-01-38-32   >>>>   End verify ranking function

verifying time = 7.140 ms


Not Found Ranking Fcuntion

Conterexample is 

[0, 0]

sampling time = 0.514 ms


       ########################################         

iteration 4 with 144 examples

2019-05-04-01-38-32   >>>>   Start train ranking function

2019-05-04-01-38-32   >>>>   End train ranking function

train_ranking_functioning time = 0.726 ms


2019-05-04-01-38-32   >>>>   Start verify ranking function

[xi_0 = 0]
ranking function : 

2019-05-04-01-38-32   >>>>   End verify ranking function

verifying time = 7.211 ms


Not Found Ranking Fcuntion

Conterexample is 

[0, 0]

sampling time = 0.358 ms


       ########################################         

iteration 5 with 146 examples

2019-05-04-01-38-32   >>>>   Start train ranking function

5
2019-05-04-01-38-32   >>>>   End train ranking function

train_ranking_functioning time = 0.748 ms


2019-05-04-01-38-32   >>>>   Start verify ranking function

[xi_0 = 0]
ranking function : 

2019-05-04-01-38-32   >>>>   End verify ranking function

verifying time = 7.782 ms


Not Found Ranking Fcuntion

Conterexample is 

[0, 0]

sampling time = 0.380 ms


       ########################################         

iteration 6 with 148 examples

2019-05-04-01-38-32   >>>>   Start train ranking function

2019-05-04-01-38-32   >>>>   End train ranking function

train_ranking_functioning time = 0.718 ms


2019-05-04-01-38-32   >>>>   Start verify ranking function

[xi_0 = 0]
ranking function : 

2019-05-04-01-38-32   >>>>   End verify ranking function

verifying time = 7.403 ms


Not Found Ranking Fcuntion

Conterexample is 

[0, 0]

sampling time = 0.455 ms


       ########################################         

iteration 7 with 150 examples

2019-05-04-01-38-32   >>>>   Start train ranking function

2019-05-04-01-38-32   >>>>   End train ranking function

train_ranking_functioning time = 0.756 ms


2019-05-04-01-38-32   >>>>   Start verify ranking function

[xi_0 = 0]
ranking function : 

2019-05-04-01-38-32   >>>>   End verify ranking function

verifying time = 7.695 ms


Not Found Ranking Fcuntion

Conterexample is 

[0, 0]

sampling time = 0.375 ms


       ########################################         

iteration 8 with 152 examples

2019-05-04-01-38-32   >>>>   Start train ranking function

2019-05-04-01-38-32   >>>>   End train ranking function

train_ranking_functioning time = 0.737 ms


2019-05-04-01-38-32   >>>>   Start verify ranking function

[xi_0 = 0]
ranking function : 

2019-05-04-01-38-32   >>>>   End verify ranking function

verifying time = 7.279 ms


Not Found Ranking Fcuntion

Conterexample is 

[0, 0]

sampling time = 0.371 ms


       ########################################         

iteration 9 with 154 examples

2019-05-04-01-38-32   >>>>   Start train ranking function

2019-05-04-01-38-32   >>>>   End train ranking function

train_ranking_functioning time = 0.722 ms


2019-05-04-01-38-32   >>>>   Start verify ranking function

[xi_0 = 0]
ranking function : 

2019-05-04-01-38-32   >>>>   End verify ranking function

verifying time = 7.138 ms


Not Found Ranking Fcuntion

Conterexample is 

[0, 0]

sampling time = 0.361 ms


       ########################################         

iteration 10 with 156 examples

2019-05-04-01-38-32   >>>>   Start train ranking function

5
2019-05-04-01-38-32   >>>>   End train ranking function

train_ranking_functioning time = 0.729 ms


2019-05-04-01-38-32   >>>>   Start verify ranking function

[xi_0 = 0]
ranking function : 

2019-05-04-01-38-32   >>>>   End verify ranking function

verifying time = 7.383 ms


Not Found Ranking Fcuntion

Conterexample is 

[0, 0]

sampling time = 0.367 ms


       ########################################         

iteration 11 with 158 examples

2019-05-04-01-38-32   >>>>   Start train ranking function

2019-05-04-01-38-32   >>>>   End train ranking function

train_ranking_functioning time = 0.797 ms


2019-05-04-01-38-32   >>>>   Start verify ranking function

[xi_0 = 1, xi_1 = -1]
ranking function : 0.0399 *  x[0]^0.5 *  x[1]^-1.0

2019-05-04-01-38-32   >>>>   End verify ranking function

verifying time = 18.950 ms


Not Found Ranking Fcuntion

Conterexample is 

[1, -1]

sampling time = 0.402 ms


       ########################################         

iteration 12 with 160 examples

2019-05-04-01-38-32   >>>>   Start train ranking function

2019-05-04-01-38-32   >>>>   End train ranking function

train_ranking_functioning time = 0.731 ms


2019-05-04-01-38-32   >>>>   Start verify ranking function

[xi_0 = 1, xi_1 = -1]
ranking function : 0.0055 *  x[0]^0.5 *  x[1]^-1.0

2019-05-04-01-38-32   >>>>   End verify ranking function

verifying time = 17.383 ms


Not Found Ranking Fcuntion

Conterexample is 

[1, -1]

sampling time = 0.363 ms


       ########################################         

iteration 13 with 162 examples

2019-05-04-01-38-32   >>>>   Start train ranking function

2019-05-04-01-38-32   >>>>   End train ranking function

train_ranking_functioning time = 0.818 ms


2019-05-04-01-38-32   >>>>   Start verify ranking function

[xi_0 = 1, xi_1 = 1]
ranking function :  - 0.0267 *  x[0]^0.5 *  x[1]^-1.0

2019-05-04-01-38-32   >>>>   End verify ranking function

verifying time = 14.367 ms


Not Found Ranking Fcuntion

Conterexample is 

[1, 1]

sampling time = 0.352 ms


       ########################################         

iteration 14 with 164 examples

2019-05-04-01-38-32   >>>>   Start train ranking function

2019-05-04-01-38-32   >>>>   End train ranking function

train_ranking_functioning time = 0.831 ms


2019-05-04-01-38-32   >>>>   Start verify ranking function

[xi_0 = 1, xi_1 = -1]
ranking function : 0.0102 *  x[0]^0.5 *  x[1]^-1.0

2019-05-04-01-38-32   >>>>   End verify ranking function

verifying time = 14.629 ms


Not Found Ranking Fcuntion

Conterexample is 

[1, -1]

sampling time = 0.427 ms


       ########################################         

iteration 15 with 166 examples

2019-05-04-01-38-32   >>>>   Start train ranking function

2019-05-04-01-38-32   >>>>   End train ranking function

train_ranking_functioning time = 0.788 ms


2019-05-04-01-38-32   >>>>   Start verify ranking function

[xi_0 = 1, xi_1 = 1]
ranking function :  - 0.0199 *  x[0]^0.5 *  x[1]^-1.0

2019-05-04-01-38-32   >>>>   End verify ranking function

verifying time = 16.308 ms


Not Found Ranking Fcuntion

Conterexample is 

[1, 1]

sampling time = 0.368 ms


       ########################################         

iteration 16 with 168 examples

2019-05-04-01-38-32   >>>>   Start train ranking function

2019-05-04-01-38-32   >>>>   End train ranking function

train_ranking_functioning time = 0.787 ms


2019-05-04-01-38-32   >>>>   Start verify ranking function

[xi_0 = 1, xi_1 = -1]
ranking function : 0.0143 *  x[0]^0.5 *  x[1]^-1.0

2019-05-04-01-38-32   >>>>   End verify ranking function

verifying time = 15.142 ms


Not Found Ranking Fcuntion

Conterexample is 

[1, -1]

sampling time = 0.402 ms


       ########################################         

iteration 17 with 170 examples

2019-05-04-01-38-32   >>>>   Start train ranking function

2019-05-04-01-38-32   >>>>   End train ranking function

train_ranking_functioning time = 0.826 ms


2019-05-04-01-38-32   >>>>   Start verify ranking function

[xi_0 = 1, xi_1 = 1]
ranking function :  - 0.0139 *  x[0]^0.5 *  x[1]^-1.0

2019-05-04-01-38-32   >>>>   End verify ranking function

verifying time = 14.295 ms


Not Found Ranking Fcuntion

Conterexample is 

[1, 1]

sampling time = 0.394 ms


       ########################################         

iteration 18 with 172 examples

2019-05-04-01-38-32   >>>>   Start train ranking function

2019-05-04-01-38-32   >>>>   End train ranking function

train_ranking_functioning time = 0.857 ms


2019-05-04-01-38-32   >>>>   Start verify ranking function

[xi_0 = 1, xi_1 = -1]
ranking function : 0.0178 *  x[0]^0.5 *  x[1]^-1.0

2019-05-04-01-38-32   >>>>   End verify ranking function

verifying time = 14.591 ms


Not Found Ranking Fcuntion

Conterexample is 

[1, -1]

sampling time = 0.374 ms


       ########################################         

iteration 19 with 174 examples

2019-05-04-01-38-32   >>>>   Start train ranking function

2019-05-04-01-38-32   >>>>   End train ranking function

train_ranking_functioning time = 0.967 ms


2019-05-04-01-38-32   >>>>   Start verify ranking function

[xi_0 = 1, xi_1 = 1]
ranking function :  - 0.0087 *  x[0]^0.5 *  x[1]^-1.0

2019-05-04-01-38-32   >>>>   End verify ranking function

verifying time = 15.136 ms


Not Found Ranking Fcuntion

Conterexample is 

[1, 1]

sampling time = 0.365 ms


       ########################################         

iteration 20 with 176 examples

2019-05-04-01-38-32   >>>>   Start train ranking function

2019-05-04-01-38-32   >>>>   End train ranking function

train_ranking_functioning time = 0.842 ms


2019-05-04-01-38-32   >>>>   Start verify ranking function

[xi_0 = 1, xi_1 = -1]
ranking function : 0.0209 *  x[0]^0.5 *  x[1]^-1.0

2019-05-04-01-38-32   >>>>   End verify ranking function

verifying time = 14.986 ms


Not Found Ranking Fcuntion

Conterexample is 

[1, -1]

sampling time = 0.370 ms


       ########################################         

iteration 21 with 178 examples

2019-05-04-01-38-32   >>>>   Start train ranking function

2019-05-04-01-38-32   >>>>   End train ranking function

train_ranking_functioning time = 0.840 ms


2019-05-04-01-38-32   >>>>   Start verify ranking function

[xi_0 = 1, xi_1 = 1]
ranking function :  - 0.0041 *  x[0]^0.5 *  x[1]^-1.0

2019-05-04-01-38-32   >>>>   End verify ranking function

verifying time = 14.504 ms


Not Found Ranking Fcuntion

Conterexample is 

[1, 1]

sampling time = 0.381 ms


       ########################################         

iteration 22 with 180 examples

2019-05-04-01-38-32   >>>>   Start train ranking function

2019-05-04-01-38-32   >>>>   End train ranking function

train_ranking_functioning time = 0.836 ms


2019-05-04-01-38-32   >>>>   Start verify ranking function

[xi_0 = 1, xi_1 = -1]
ranking function : 0.0237 *  x[0]^0.5 *  x[1]^-1.0

2019-05-04-01-38-32   >>>>   End verify ranking function

verifying time = 16.941 ms


Not Found Ranking Fcuntion

Conterexample is 

[1, -1]

sampling time = 0.368 ms


       ########################################         

iteration 23 with 182 examples

2019-05-04-01-38-32   >>>>   Start train ranking function

2019-05-04-01-38-32   >>>>   End train ranking function

train_ranking_functioning time = 0.860 ms


2019-05-04-01-38-32   >>>>   Start verify ranking function

[xi_0 = 0]
ranking function : 

2019-05-04-01-38-32   >>>>   End verify ranking function

verifying time = 7.300 ms


Not Found Ranking Fcuntion

Conterexample is 

[0, 0]

sampling time = 0.363 ms


       ########################################         

iteration 24 with 184 examples

2019-05-04-01-38-32   >>>>   Start train ranking function

2019-05-04-01-38-32   >>>>   End train ranking function

train_ranking_functioning time = 0.835 ms


2019-05-04-01-38-32   >>>>   Start verify ranking function

[xi_0 = 0]
ranking function : 

2019-05-04-01-38-32   >>>>   End verify ranking function

verifying time = 7.258 ms


Not Found Ranking Fcuntion

Conterexample is 

[0, 0]

sampling time = 0.361 ms


Failed to prove it is terminated

UNKNOWN
Time For Template 1 Is--->-359.114000 ms

------Using Template 2 -----------
9 [3, 3, 3]
*****************************************************

2019-05-04-01-38-33   >>>>   End sampling point

sampling time = 150.960 ms,


       ########################################         

iteration 0 with 272 examples

2019-05-04-01-38-33   >>>>   Start train ranking function

2019-05-04-01-38-33   >>>>   End train ranking function

train_ranking_functioning time = 4.365 ms


2019-05-04-01-38-33   >>>>   Start verify ranking function

[xi_0 = 0, xi_1 = 9]
ranking function : 2.8 *  x[0]^1.0 + 0.9 *  x[1]^1.0 + 1.0 * 1; 0.8 *  x[0]^1.0 - 0.1 *  x[1]^1.0 + 0.9 * 1; 1.0 * 1

2019-05-04-01-38-33   >>>>   End verify ranking function

verifying time = 7.523 ms


Not Found Ranking Fcuntion

Conterexample is 

[0, 9]

sampling time = 2.129 ms


       ########################################         

iteration 1 with 276 examples

2019-05-04-01-38-33   >>>>   Start train ranking function

2019-05-04-01-38-33   >>>>   End train ranking function

train_ranking_functioning time = 4.444 ms


2019-05-04-01-38-33   >>>>   Start verify ranking function

[xi_0 = 0, xi_1 = 9]
ranking function : 2.8 *  x[0]^1.0 + 0.9 *  x[1]^1.0 + 1.0 * 1; 0.8 *  x[0]^1.0 - 0.1 *  x[1]^1.0 + 0.9 * 1; 1.0 * 1

2019-05-04-01-38-33   >>>>   End verify ranking function

verifying time = 7.468 ms


Not Found Ranking Fcuntion

Conterexample is 

[0, 9]

sampling time = 2.095 ms


       ########################################         

iteration 2 with 280 examples

2019-05-04-01-38-33   >>>>   Start train ranking function

2019-05-04-01-38-33   >>>>   End train ranking function

train_ranking_functioning time = 4.552 ms


2019-05-04-01-38-33   >>>>   Start verify ranking function

[xi_0 = 0, xi_1 = 9]
ranking function : 2.8 *  x[0]^1.0 + 0.9 *  x[1]^1.0 + 1.0 * 1; 0.8 *  x[0]^1.0 - 0.1 *  x[1]^1.0 + 0.9 * 1; 1.0 * 1

2019-05-04-01-38-33   >>>>   End verify ranking function

verifying time = 7.451 ms


Not Found Ranking Fcuntion

Conterexample is 

[0, 9]

sampling time = 2.127 ms


       ########################################         

iteration 3 with 284 examples

2019-05-04-01-38-33   >>>>   Start train ranking function

2019-05-04-01-38-33   >>>>   End train ranking function

train_ranking_functioning time = 4.766 ms


2019-05-04-01-38-33   >>>>   Start verify ranking function

[xi_0 = 0, xi_1 = 9]
ranking function : 2.8 *  x[0]^1.0 + 0.9 *  x[1]^1.0 + 1.0 * 1; 0.8 *  x[0]^1.0 - 0.1 *  x[1]^1.0 + 0.9 * 1; 1.0 * 1

2019-05-04-01-38-33   >>>>   End verify ranking function

verifying time = 7.488 ms


Not Found Ranking Fcuntion

Conterexample is 

[0, 9]

sampling time = 2.097 ms


       ########################################         

iteration 4 with 288 examples

2019-05-04-01-38-33   >>>>   Start train ranking function

2019-05-04-01-38-33   >>>>   End train ranking function

train_ranking_functioning time = 4.833 ms


2019-05-04-01-38-33   >>>>   Start verify ranking function

[xi_0 = 0, xi_1 = 9]
ranking function : 2.8 *  x[0]^1.0 + 0.9 *  x[1]^1.0 + 1.0 * 1; 0.8 *  x[0]^1.0 - 0.1 *  x[1]^1.0 + 0.9 * 1; 1.0 * 1

2019-05-04-01-38-33   >>>>   End verify ranking function

verifying time = 7.456 ms


Not Found Ranking Fcuntion

Conterexample is 

[0, 9]

sampling time = 2.100 ms


       ########################################         

iteration 5 with 292 examples

2019-05-04-01-38-33   >>>>   Start train ranking function

5
2019-05-04-01-38-33   >>>>   End train ranking function

train_ranking_functioning time = 4.848 ms


2019-05-04-01-38-33   >>>>   Start verify ranking function

[xi_0 = 0, xi_1 = 9]
ranking function : 2.8 *  x[0]^1.0 + 0.9 *  x[1]^1.0 + 1.0 * 1; 0.8 *  x[0]^1.0 - 0.1 *  x[1]^1.0 + 0.9 * 1; 1.0 * 1

2019-05-04-01-38-33   >>>>   End verify ranking function

verifying time = 7.567 ms


Not Found Ranking Fcuntion

Conterexample is 

[0, 9]

sampling time = 2.101 ms


       ########################################         

iteration 6 with 296 examples

2019-05-04-01-38-33   >>>>   Start train ranking function

2019-05-04-01-38-33   >>>>   End train ranking function

train_ranking_functioning time = 5.027 ms


2019-05-04-01-38-33   >>>>   Start verify ranking function

valid ranking function
ranking function : 3.0 *  x[0]^1.0 + 1.0 *  x[1]^1.0 + 1.0 * 1; 1.0 *  x[0]^1.0 + 1.0 * 1; 1.0 * 1

2019-05-04-01-38-33   >>>>   End verify ranking function

verifying time = 13.482 ms


Found Ranking Fcuntion: 3.0 *  x[0]^1.0 + 1.0 *  x[1]^1.0 + 1.0 * 1; 1.0 *  x[0]^1.0 + 1.0 * 1; 1.0 * 1

3.0 *  x[0]^1.0 + 1.0 *  x[1]^1.0 + 1.0 * 1; 1.0 *  x[0]^1.0 + 1.0 * 1; 1.0 * 1
FINITE
Time For Template 2 Is--->-281.283000 ms

Time For ../Program_non/126.bpl Is ---> 1191.359000 ms

