------Using Template 0 -----------
6 [6]
*****************************************************

2019-05-04-01-43-36   >>>>   End sampling point

sampling time = 99.208 ms,


       ########################################         

iteration 0 with 100 examples

2019-05-04-01-43-36   >>>>   Start train ranking function

2019-05-04-01-43-36   >>>>   End train ranking function

train_ranking_functioning time = 0.619 ms


2019-05-04-01-43-36   >>>>   Start verify ranking function

ranking function : 1.0 *  x[0]^1.0 + 0.1 *  x[1]^1.0 + 0.1 *  x[2]^1.0 + 0.1 *  x[3]^1.0 + 0.9 * 1

2019-05-04-01-43-36   >>>>   End verify ranking function

verifying time = 12.729 ms


Not Found Ranking Fcuntion

Conterexample is 

[0, -10, 0, 0, 0]

sampling time = 1.834 ms


       ########################################         

iteration 1 with 102 examples

2019-05-04-01-43-36   >>>>   Start train ranking function

2019-05-04-01-43-36   >>>>   End train ranking function

train_ranking_functioning time = 0.584 ms


2019-05-04-01-43-36   >>>>   Start verify ranking function

valid ranking function
ranking function : 1.0 *  x[0]^1.0 + 1.0 * 1

2019-05-04-01-43-36   >>>>   End verify ranking function

verifying time = 11.085 ms


Found Ranking Fcuntion: 1.0 *  x[0]^1.0 + 1.0 * 1

1.0 *  x[0]^1.0 + 1.0 * 1
FINATE
Time For Template 0 Is--->-150.006000 ms

Time For ../Program_non/133.bpl Is ---> 305.013000 ms

