------Using Template 0 -----------
5 [5]
*****************************************************

2019-05-04-01-48-38   >>>>   End sampling point

sampling time = 326.566 ms,


       ########################################         

iteration 0 with 454 examples

2019-05-04-01-48-38   >>>>   Start train ranking function

2019-05-04-01-48-38   >>>>   End train ranking function

train_ranking_functioning time = 1.113 ms


2019-05-04-01-48-38   >>>>   Start verify ranking function

[xr_1 = 0, xr_3 = -6652/75, xr_2 = 0, xr_0 = 0]
ranking function : 0.0225 *  x[0]^1.0 - 0.4983 *  x[1]^1.0 + 0.0225 *  x[2]^1.0 - 0.4983 *  x[3]^1.0 + 2.0589 * 1

2019-05-04-01-48-38   >>>>   End verify ranking function

verifying time = 9.226 ms


Not Found Ranking Fcuntion

Conterexample is 

[0, 0, 0, -88.69333333333333]

sampling time = 1.458 ms


       ########################################         

iteration 1 with 456 examples

2019-05-04-01-48-38   >>>>   Start train ranking function

2019-05-04-01-48-38   >>>>   End train ranking function

train_ranking_functioning time = 6.563 ms


2019-05-04-01-48-38   >>>>   Start verify ranking function

[xr_1 = -2005/23, xr_2 = 0, xr_0 = 0]
ranking function : 0.0115 *  x[0]^1.0 - 0.496 *  x[1]^1.0 - 0.496 *  x[3]^1.0 + 2.0762 * 1

2019-05-04-01-48-38   >>>>   End verify ranking function

verifying time = 9.007 ms


Not Found Ranking Fcuntion

Conterexample is 

[0, -87.17391304347827, 0, 0]

sampling time = 1.454 ms


       ########################################         

iteration 2 with 458 examples

2019-05-04-01-48-38   >>>>   Start train ranking function

2019-05-04-01-48-38   >>>>   End train ranking function

train_ranking_functioning time = 9.247 ms


2019-05-04-01-48-38   >>>>   Start verify ranking function

ranking function :  - 0.4963 *  x[1]^1.0 - 0.4963 *  x[3]^1.0 + 2.0846 * 1

2019-05-04-01-48-38   >>>>   End verify ranking function

verifying time = 10.357 ms


Not Found Ranking Fcuntion

Conterexample is 

[0, 6.215192423937135, 0, 0]

sampling time = 1.469 ms


       ########################################         

iteration 3 with 460 examples

2019-05-04-01-48-38   >>>>   Start train ranking function

2019-05-04-01-48-38   >>>>   End train ranking function

train_ranking_functioning time = 10.210 ms


2019-05-04-01-48-38   >>>>   Start verify ranking function

[xr_1 = -19915, xr_3 = 0, xr_2 = 0, xr_0 = 0]
ranking function : 0.0001 *  x[0]^1.0 - 0.1858 *  x[1]^1.0 + 0.0001 *  x[2]^1.0 - 0.8067 *  x[3]^1.0 + 2.0987 * 1

2019-05-04-01-48-38   >>>>   End verify ranking function

verifying time = 9.033 ms


Not Found Ranking Fcuntion

Conterexample is 

[0, -19915, 0, 0]

sampling time = 1.470 ms


       ########################################         

iteration 4 with 462 examples

2019-05-04-01-48-38   >>>>   Start train ranking function

2019-05-04-01-48-38   >>>>   End train ranking function

train_ranking_functioning time = 10.890 ms


2019-05-04-01-48-38   >>>>   Start verify ranking function

[xr_3 = -9921, xr_2 = 0, xr_0 = 0]
ranking function :  - 0.1859 *  x[1]^1.0 + 0.0001 *  x[2]^1.0 - 0.8071 *  x[3]^1.0 + 2.0992 * 1

2019-05-04-01-48-38   >>>>   End verify ranking function

verifying time = 8.847 ms


Not Found Ranking Fcuntion

Conterexample is 

[0, 0, 0, -9921]

sampling time = 1.410 ms


       ########################################         

iteration 5 with 464 examples

2019-05-04-01-48-38   >>>>   Start train ranking function

2019-05-04-01-48-38   >>>>   End train ranking function

train_ranking_functioning time = 10.838 ms


2019-05-04-01-48-38   >>>>   Start verify ranking function

ranking function :  - 0.1859 *  x[1]^1.0 - 0.8071 *  x[3]^1.0 + 2.0993 * 1

2019-05-04-01-48-38   >>>>   End verify ranking function

verifying time = 10.347 ms


Not Found Ranking Fcuntion

Conterexample is 

[0, 16.671866594943516, 0, 0]

sampling time = 1.433 ms


       ########################################         

iteration 6 with 466 examples

2019-05-04-01-48-38   >>>>   Start train ranking function

2019-05-04-01-48-39   >>>>   End train ranking function

train_ranking_functioning time = 12.048 ms


2019-05-04-01-48-39   >>>>   Start verify ranking function

ranking function :  - 0.0699 *  x[1]^1.0 - 0.9227 *  x[3]^1.0 + 2.1275 * 1

2019-05-04-01-48-39   >>>>   End verify ranking function

verifying time = 11.035 ms


Not Found Ranking Fcuntion

Conterexample is 

[0, 44.742489270386265, 0, 0]

sampling time = 1.490 ms


       ########################################         

iteration 7 with 468 examples

2019-05-04-01-48-39   >>>>   Start train ranking function

2019-05-04-01-48-39   >>>>   End train ranking function

train_ranking_functioning time = 11.759 ms


2019-05-04-01-48-39   >>>>   Start verify ranking function

ranking function :  - 0.0262 *  x[1]^1.0 - 0.9661 *  x[3]^1.0 + 2.1512 * 1

2019-05-04-01-48-39   >>>>   End verify ranking function

verifying time = 10.330 ms


Not Found Ranking Fcuntion

Conterexample is 

[0, 120.27480916030534, 0, 0]

sampling time = 1.480 ms


       ########################################         

iteration 8 with 470 examples

2019-05-04-01-48-39   >>>>   Start train ranking function

2019-05-04-01-48-39   >>>>   End train ranking function

train_ranking_functioning time = 12.047 ms


2019-05-04-01-48-39   >>>>   Start verify ranking function

ranking function :  - 0.0098 *  x[1]^1.0 - 0.9824 *  x[3]^1.0 + 2.1664 * 1

2019-05-04-01-48-39   >>>>   End verify ranking function

verifying time = 10.395 ms


Not Found Ranking Fcuntion

Conterexample is 

[0, 0, 0, 3.2231270358306188]

sampling time = 1.431 ms


       ########################################         

iteration 9 with 472 examples

2019-05-04-01-48-39   >>>>   Start train ranking function

2019-05-04-01-48-39   >>>>   End train ranking function

train_ranking_functioning time = 10.291 ms


2019-05-04-01-48-39   >>>>   Start verify ranking function

[xr_1 = 0, xr_3 = 19781, xr_2 = 0, xr_0 = 0]
ranking function :  - 0.0001 *  x[0]^1.0 - 0.015 *  x[1]^1.0 - 0.0001 *  x[2]^1.0 - 0.9641 *  x[3]^1.0 + 2.7649 * 1

2019-05-04-01-48-39   >>>>   End verify ranking function

verifying time = 8.978 ms


Not Found Ranking Fcuntion

Conterexample is 

[0, 0, 0, 19781]

sampling time = 1.409 ms


       ########################################         

iteration 10 with 474 examples

2019-05-04-01-48-39   >>>>   Start train ranking function

2019-05-04-01-48-39   >>>>   End train ranking function

train_ranking_functioning time = 10.545 ms


2019-05-04-01-48-39   >>>>   Start verify ranking function

[xr_1 = 0, xr_3 = -6253/62, xr_2 = 0, xr_0 = 0]
ranking function : 0.0117 *  x[0]^1.0 - 0.171 *  x[1]^1.0 + 0.0124 *  x[2]^1.0 - 0.0806 *  x[3]^1.0 + 4.7459 * 1

2019-05-04-01-48-39   >>>>   End verify ranking function

verifying time = 9.152 ms


Not Found Ranking Fcuntion

Conterexample is 

[0, 0, 0, -100.85483870967742]

sampling time = 1.412 ms


       ########################################         

iteration 11 with 476 examples

2019-05-04-01-48-39   >>>>   Start train ranking function

2019-05-04-01-48-39   >>>>   End train ranking function

train_ranking_functioning time = 10.391 ms


2019-05-04-01-48-39   >>>>   Start verify ranking function

[xr_1 = 0, xr_3 = -12389/89, xr_2 = 0, xr_0 = 0]
ranking function : 0.0113 *  x[0]^1.0 - 0.086 *  x[1]^1.0 + 0.0089 *  x[2]^1.0 - 0.1539 *  x[3]^1.0 + 4.7289 * 1

2019-05-04-01-48-39   >>>>   End verify ranking function

verifying time = 9.096 ms


Not Found Ranking Fcuntion

Conterexample is 

[0, 0, 0, -139.20224719101122]

sampling time = 1.413 ms


       ########################################         

iteration 12 with 478 examples

2019-05-04-01-48-39   >>>>   Start train ranking function

2019-05-04-01-48-39   >>>>   End train ranking function

train_ranking_functioning time = 10.470 ms


2019-05-04-01-48-39   >>>>   Start verify ranking function

[xr_1 = -2484/25, xr_3 = 0, xr_2 = 0, xr_0 = 0]
ranking function : 0.0125 *  x[0]^1.0 - 0.1675 *  x[1]^1.0 + 0.006 *  x[2]^1.0 - 0.0755 *  x[3]^1.0 + 4.7239 * 1

2019-05-04-01-48-39   >>>>   End verify ranking function

verifying time = 9.017 ms


Not Found Ranking Fcuntion

Conterexample is 

[0, -99.36, 0, 0]

sampling time = 1.633 ms


       ########################################         

iteration 13 with 480 examples

2019-05-04-01-48-39   >>>>   Start train ranking function

2019-05-04-01-48-39   >>>>   End train ranking function

train_ranking_functioning time = 10.998 ms


2019-05-04-01-48-39   >>>>   Start verify ranking function

[xr_1 = 0, xr_3 = 6244, xr_2 = 0, xr_0 = 0]
ranking function : 0.0049 *  x[0]^1.0 - 0.1414 *  x[1]^1.0 - 0.0002 *  x[2]^1.0 - 0.1084 *  x[3]^1.0 + 4.7539 * 1

2019-05-04-01-48-39   >>>>   End verify ranking function

verifying time = 9.391 ms


Not Found Ranking Fcuntion

Conterexample is 

[0, 0, 0, 6244]

sampling time = 1.426 ms


       ########################################         

iteration 14 with 482 examples

2019-05-04-01-48-39   >>>>   Start train ranking function

2019-05-04-01-48-39   >>>>   End train ranking function

train_ranking_functioning time = 11.094 ms


2019-05-04-01-48-39   >>>>   Start verify ranking function

[xr_1 = -1950/11, xr_3 = 0, xr_2 = 0, xr_0 = 0]
ranking function : 0.0066 *  x[0]^1.0 - 0.0951 *  x[1]^1.0 + 0.0017 *  x[2]^1.0 - 0.0759 *  x[3]^1.0 + 5.2498 * 1

2019-05-04-01-48-39   >>>>   End verify ranking function

verifying time = 9.184 ms


Not Found Ranking Fcuntion

Conterexample is 

[0, -177.27272727272728, 0, 0]

sampling time = 1.448 ms


       ########################################         

iteration 15 with 484 examples

2019-05-04-01-48-39   >>>>   Start train ranking function

2019-05-04-01-48-39   >>>>   End train ranking function

train_ranking_functioning time = 10.646 ms


2019-05-04-01-48-39   >>>>   Start verify ranking function

[xr_1 = 11365/253, xr_3 = 0, xr_2 = 0, xr_0 = 0]
ranking function :  - 0.0253 *  x[0]^1.0 - 0.0771 *  x[1]^1.0 + 0.0092 *  x[2]^1.0 - 0.0604 *  x[3]^1.0 + 5.2611 * 1

2019-05-04-01-48-39   >>>>   End verify ranking function

verifying time = 9.136 ms


Not Found Ranking Fcuntion

Conterexample is 

[0, 44.92094861660079, 0, 0]

sampling time = 1.419 ms


       ########################################         

iteration 16 with 486 examples

2019-05-04-01-48-39   >>>>   Start train ranking function

2019-05-04-01-48-39   >>>>   End train ranking function

train_ranking_functioning time = 10.601 ms


2019-05-04-01-48-39   >>>>   Start verify ranking function

[xr_1 = 5781/2, xr_3 = 0, xr_2 = 0, xr_0 = 0]
ranking function :  - 0.0004 *  x[0]^1.0 - 0.1284 *  x[1]^1.0 - 0.0015 *  x[2]^1.0 - 0.0288 *  x[3]^1.0 + 6.0922 * 1

2019-05-04-01-48-39   >>>>   End verify ranking function

verifying time = 9.088 ms


Not Found Ranking Fcuntion

Conterexample is 

[0, 2890.5, 0, 0]

sampling time = 1.497 ms


       ########################################         

iteration 17 with 488 examples

2019-05-04-01-48-39   >>>>   Start train ranking function

2019-05-04-01-48-39   >>>>   End train ranking function

train_ranking_functioning time = 10.562 ms


2019-05-04-01-48-39   >>>>   Start verify ranking function

[xr_1 = 0, xr_3 = 5489/16, xr_2 = 0, xr_0 = 0]
ranking function : 0.0001 *  x[0]^1.0 - 0.0446 *  x[1]^1.0 - 0.0032 *  x[2]^1.0 - 0.0542 *  x[3]^1.0 + 4.1515 * 1

2019-05-04-01-48-39   >>>>   End verify ranking function

verifying time = 9.161 ms


Not Found Ranking Fcuntion

Conterexample is 

[0, 0, 0, 343.0625]

sampling time = 1.425 ms


       ########################################         

iteration 18 with 490 examples

2019-05-04-01-48-39   >>>>   Start train ranking function

2019-05-04-01-48-39   >>>>   End train ranking function

train_ranking_functioning time = 10.696 ms


2019-05-04-01-48-39   >>>>   Start verify ranking function

[xr_1 = 0, xr_3 = 10776/23, xr_2 = 0, xr_0 = 0]
ranking function :  - 0.0015 *  x[0]^1.0 - 0.0541 *  x[1]^1.0 - 0.0023 *  x[2]^1.0 - 0.0245 *  x[3]^1.0 + 4.382 * 1

2019-05-04-01-48-39   >>>>   End verify ranking function

verifying time = 9.297 ms


Not Found Ranking Fcuntion

Conterexample is 

[0, 0, 0, 468.5217391304348]

sampling time = 1.713 ms


       ########################################         

iteration 19 with 492 examples

2019-05-04-01-48-39   >>>>   Start train ranking function

2019-05-04-01-48-39   >>>>   End train ranking function

train_ranking_functioning time = 10.675 ms


2019-05-04-01-48-39   >>>>   Start verify ranking function

[xr_1 = 0, xr_3 = 2147/12, xr_2 = 0, xr_0 = 0]
ranking function :  - 0.0024 *  x[0]^1.0 - 0.044 *  x[1]^1.0 - 0.006 *  x[2]^1.0 - 0.0305 *  x[3]^1.0 + 4.4914 * 1

2019-05-04-01-48-39   >>>>   End verify ranking function

verifying time = 9.083 ms


Not Found Ranking Fcuntion

Conterexample is 

[0, 0, 0, 178.91666666666666]

sampling time = 1.430 ms


       ########################################         

iteration 20 with 494 examples

2019-05-04-01-48-39   >>>>   Start train ranking function

2019-05-04-01-48-39   >>>>   End train ranking function

train_ranking_functioning time = 10.855 ms


2019-05-04-01-48-39   >>>>   Start verify ranking function

[xr_1 = 3593/7, xr_3 = 0, xr_2 = 0, xr_0 = 0]
ranking function :  - 0.0021 *  x[0]^1.0 - 0.0695 *  x[1]^1.0 - 0.0041 *  x[2]^1.0 - 0.0094 *  x[3]^1.0 + 4.7178 * 1

2019-05-04-01-48-39   >>>>   End verify ranking function

verifying time = 9.206 ms


Not Found Ranking Fcuntion

Conterexample is 

[0, 513.2857142857143, 0, 0]

sampling time = 1.505 ms


       ########################################         

iteration 21 with 496 examples

2019-05-04-01-48-39   >>>>   Start train ranking function

2019-05-04-01-48-39   >>>>   End train ranking function

train_ranking_functioning time = 11.080 ms


2019-05-04-01-48-39   >>>>   Start verify ranking function

[xr_1 = 10529/4, xr_3 = 0, xr_2 = 0, xr_0 = 0]
ranking function :  - 0.0004 *  x[0]^1.0 - 0.0372 *  x[1]^1.0 - 0.0051 *  x[2]^1.0 - 0.0167 *  x[3]^1.0 + 3.8006 * 1

2019-05-04-01-48-39   >>>>   End verify ranking function

verifying time = 9.148 ms


Not Found Ranking Fcuntion

Conterexample is 

[0, 2632.25, 0, 0]

sampling time = 1.467 ms


       ########################################         

iteration 22 with 498 examples

2019-05-04-01-48-39   >>>>   Start train ranking function

2019-05-04-01-48-39   >>>>   End train ranking function

train_ranking_functioning time = 10.826 ms


2019-05-04-01-48-39   >>>>   Start verify ranking function

[xr_1 = 3446/19, xr_3 = 0, xr_2 = 0, xr_0 = 0]
ranking function :  - 0.0057 *  x[0]^1.0 - 0.0264 *  x[1]^1.0 - 0.006 *  x[2]^1.0 - 0.0084 *  x[3]^1.0 + 3.1375 * 1

2019-05-04-01-48-39   >>>>   End verify ranking function

verifying time = 9.024 ms


Not Found Ranking Fcuntion

Conterexample is 

[0, 181.3684210526316, 0, 0]

sampling time = 1.522 ms


       ########################################         

iteration 23 with 500 examples

2019-05-04-01-48-39   >>>>   Start train ranking function

2019-05-04-01-48-39   >>>>   End train ranking function

train_ranking_functioning time = 10.898 ms


2019-05-04-01-48-39   >>>>   Start verify ranking function

[xr_1 = 10318/53, xr_3 = 0, xr_2 = 0, xr_0 = 0]
ranking function :  - 0.0053 *  x[0]^1.0 - 0.0201 *  x[1]^1.0 - 0.0051 *  x[2]^1.0 - 0.0127 *  x[3]^1.0 + 3.0716 * 1

2019-05-04-01-48-39   >>>>   End verify ranking function

verifying time = 9.021 ms


Not Found Ranking Fcuntion

Conterexample is 

[0, 194.67924528301887, 0, 0]

sampling time = 1.422 ms


       ########################################         

iteration 24 with 502 examples

2019-05-04-01-48-39   >>>>   Start train ranking function

2019-05-04-01-48-39   >>>>   End train ranking function

train_ranking_functioning time = 11.030 ms


2019-05-04-01-48-39   >>>>   Start verify ranking function

[xr_1 = 0, xr_3 = 10255/44, xr_2 = 0, xr_0 = 0]
ranking function :  - 0.0058 *  x[0]^1.0 - 0.0237 *  x[1]^1.0 - 0.0044 *  x[2]^1.0 - 0.0028 *  x[3]^1.0 + 3.0097 * 1

2019-05-04-01-48-39   >>>>   End verify ranking function

verifying time = 9.037 ms


Not Found Ranking Fcuntion

Conterexample is 

[0, 0, 0, 233.0681818181818]

sampling time = 1.469 ms


Failed to prove it is terminated

UNKNOWN
Time For Template 0 Is--->-918.830000 ms

------Using Template 1 -----------
6 [6]
*****************************************************

2019-05-04-01-48-39   >>>>   End sampling point
