------Using Template 0 -----------
3 [3]
*****************************************************

2019-05-04-02-03-42   >>>>   End sampling point

sampling time = 64.024 ms,


       ########################################         

iteration 0 with 30 examples

2019-05-04-02-03-42   >>>>   Start train ranking function

2019-05-04-02-03-42   >>>>   End train ranking function

train_ranking_functioning time = 0.881 ms


2019-05-04-02-03-42   >>>>   Start verify ranking function

valid ranking function
ranking function :  - 0.6698 *  x[0]^1.0 + 0.7416 *  x[1]^1.0 + 1.462 * 1

2019-05-04-02-03-42   >>>>   End verify ranking function

verifying time = 15.627 ms


Found Ranking Fcuntion:  - 0.6698 *  x[0]^1.0 + 0.7416 *  x[1]^1.0 + 1.462 * 1

 - 0.6698 *  x[0]^1.0 + 0.7416 *  x[1]^1.0 + 1.462 * 1
FINATE
Time For Template 0 Is--->-289.706000 ms

Time For ../Program_non/148.bpl Is ---> 1096.160000 ms

