------Using Template 0 -----------
5 [5]
*****************************************************

2019-05-04-02-23-52   >>>>   End sampling point

sampling time = 80.334 ms,


       ########################################         

iteration 0 with 112 examples

2019-05-04-02-23-52   >>>>   Start train ranking function

2019-05-04-02-23-52   >>>>   End train ranking function

train_ranking_functioning time = 0.755 ms


2019-05-04-02-23-52   >>>>   Start verify ranking function

ranking function :  - 0.5 *  x[3]^1.0 + 1.4 * 1

2019-05-04-02-23-52   >>>>   End verify ranking function

verifying time = 10.096 ms


Not Found Ranking Fcuntion

Conterexample is 

[0, 0, 0, 4]

sampling time = 1.372 ms


       ########################################         

iteration 1 with 114 examples

2019-05-04-02-23-52   >>>>   Start train ranking function

2019-05-04-02-23-52   >>>>   End train ranking function

train_ranking_functioning time = 0.678 ms


2019-05-04-02-23-52   >>>>   Start verify ranking function

[xi_3 = -9, xi_1 = 0]
ranking function : 0.1 *  x[1]^1.0 - 0.1 *  x[2]^1.0 - 0.4 *  x[3]^1.0 + 1.9 * 1

2019-05-04-02-23-52   >>>>   End verify ranking function

verifying time = 8.587 ms


Not Found Ranking Fcuntion

Conterexample is 

[0, 0, 0, -9]

sampling time = 1.320 ms


       ########################################         

iteration 2 with 116 examples

2019-05-04-02-23-52   >>>>   Start train ranking function

2019-05-04-02-23-52   >>>>   End train ranking function

train_ranking_functioning time = 1.670 ms


2019-05-04-02-23-52   >>>>   Start verify ranking function

ranking function :  - 0.5 *  x[3]^1.0 + 1.9 * 1

2019-05-04-02-23-52   >>>>   End verify ranking function

verifying time = 9.968 ms


Not Found Ranking Fcuntion

Conterexample is 

[0, 0, 0, 4]

sampling time = 1.324 ms


       ########################################         

iteration 3 with 118 examples

2019-05-04-02-23-52   >>>>   Start train ranking function

2019-05-04-02-23-52   >>>>   End train ranking function

train_ranking_functioning time = 1.779 ms


2019-05-04-02-23-52   >>>>   Start verify ranking function

ranking function :  - 0.5 *  x[3]^1.0 + 2.3 * 1

2019-05-04-02-23-52   >>>>   End verify ranking function

verifying time = 9.981 ms


Not Found Ranking Fcuntion

Conterexample is 

[0, 0, 0, 5]

sampling time = 1.325 ms


       ########################################         

iteration 4 with 120 examples

2019-05-04-02-23-52   >>>>   Start train ranking function

2019-05-04-02-23-52   >>>>   End train ranking function

train_ranking_functioning time = 1.849 ms


2019-05-04-02-23-52   >>>>   Start verify ranking function

ranking function :  - 0.5 *  x[3]^1.0 + 2.6 * 1

2019-05-04-02-23-52   >>>>   End verify ranking function

verifying time = 10.016 ms


Not Found Ranking Fcuntion

Conterexample is 

[0, 0, 0, 7]

sampling time = 1.344 ms


       ########################################         

iteration 5 with 122 examples

2019-05-04-02-23-52   >>>>   Start train ranking function

2019-05-04-02-23-52   >>>>   End train ranking function

train_ranking_functioning time = 2.501 ms


2019-05-04-02-23-52   >>>>   Start verify ranking function

ranking function :  - 0.4 *  x[3]^1.0 + 2.9 * 1

2019-05-04-02-23-52   >>>>   End verify ranking function

verifying time = 10.004 ms


Not Found Ranking Fcuntion

Conterexample is 

[0, 0, 0, 8]

sampling time = 1.333 ms


       ########################################         

iteration 6 with 124 examples

2019-05-04-02-23-52   >>>>   Start train ranking function

2019-05-04-02-23-52   >>>>   End train ranking function

train_ranking_functioning time = 2.428 ms


2019-05-04-02-23-52   >>>>   Start verify ranking function

ranking function :  - 0.4 *  x[3]^1.0 + 3.3 * 1

2019-05-04-02-23-52   >>>>   End verify ranking function

verifying time = 9.963 ms


Not Found Ranking Fcuntion

Conterexample is 

[0, 0, 0, 9]

sampling time = 1.364 ms


       ########################################         

iteration 7 with 126 examples

2019-05-04-02-23-52   >>>>   Start train ranking function

2019-05-04-02-23-52   >>>>   End train ranking function

train_ranking_functioning time = 2.573 ms


2019-05-04-02-23-52   >>>>   Start verify ranking function

[xi_3 = -9, xi_1 = 0]
ranking function : 0.1 *  x[1]^1.0 - 0.1 *  x[2]^1.0 - 0.4 *  x[3]^1.0 + 3.6 * 1

2019-05-04-02-23-52   >>>>   End verify ranking function

verifying time = 8.443 ms


Not Found Ranking Fcuntion

Conterexample is 

[0, 0, 0, -9]

sampling time = 1.336 ms


       ########################################         

iteration 8 with 128 examples

2019-05-04-02-23-52   >>>>   Start train ranking function

2019-05-04-02-23-52   >>>>   End train ranking function

train_ranking_functioning time = 2.645 ms


2019-05-04-02-23-52   >>>>   Start verify ranking function

ranking function :  - 0.4 *  x[3]^1.0 + 3.7 * 1

2019-05-04-02-23-52   >>>>   End verify ranking function

verifying time = 9.988 ms


Not Found Ranking Fcuntion

Conterexample is 

[0, 0, 0, 10]

sampling time = 1.414 ms


       ########################################         

iteration 9 with 130 examples

2019-05-04-02-23-52   >>>>   Start train ranking function

2019-05-04-02-23-52   >>>>   End train ranking function

train_ranking_functioning time = 2.650 ms


2019-05-04-02-23-52   >>>>   Start verify ranking function

ranking function :  - 0.4 *  x[3]^1.0 + 4.0 * 1

2019-05-04-02-23-52   >>>>   End verify ranking function

verifying time = 10.021 ms


Not Found Ranking Fcuntion

Conterexample is 

[0, 0, 0, 11]

sampling time = 1.345 ms


       ########################################         

iteration 10 with 132 examples

2019-05-04-02-23-52   >>>>   Start train ranking function

2019-05-04-02-23-52   >>>>   End train ranking function

train_ranking_functioning time = 2.672 ms


2019-05-04-02-23-52   >>>>   Start verify ranking function

ranking function :  - 0.4 *  x[3]^1.0 + 4.2 * 1

2019-05-04-02-23-52   >>>>   End verify ranking function

verifying time = 10.013 ms


Not Found Ranking Fcuntion

Conterexample is 

[0, 0, 0, 11]

sampling time = 1.330 ms


       ########################################         

iteration 11 with 134 examples

2019-05-04-02-23-52   >>>>   Start train ranking function

2019-05-04-02-23-52   >>>>   End train ranking function

train_ranking_functioning time = 2.702 ms


2019-05-04-02-23-52   >>>>   Start verify ranking function

ranking function :  - 0.4 *  x[3]^1.0 + 4.4 * 1

2019-05-04-02-23-52   >>>>   End verify ranking function

verifying time = 9.916 ms


Not Found Ranking Fcuntion

Conterexample is 

[0, 0, 0, 12]

sampling time = 1.336 ms


       ########################################         

iteration 12 with 136 examples

2019-05-04-02-23-52   >>>>   Start train ranking function

2019-05-04-02-23-52   >>>>   End train ranking function

train_ranking_functioning time = 2.664 ms


2019-05-04-02-23-52   >>>>   Start verify ranking function

ranking function :  - 0.4 *  x[3]^1.0 + 4.5 * 1

2019-05-04-02-23-52   >>>>   End verify ranking function

verifying time = 9.979 ms


Not Found Ranking Fcuntion

Conterexample is 

[0, 0, 0, 12]

sampling time = 1.337 ms


       ########################################         

iteration 13 with 138 examples

2019-05-04-02-23-52   >>>>   Start train ranking function

2019-05-04-02-23-52   >>>>   End train ranking function

train_ranking_functioning time = 2.745 ms


2019-05-04-02-23-52   >>>>   Start verify ranking function

ranking function :  - 0.4 *  x[3]^1.0 + 4.6 * 1

2019-05-04-02-23-52   >>>>   End verify ranking function

verifying time = 10.016 ms


Not Found Ranking Fcuntion

Conterexample is 

[0, 0, 0, 12]

sampling time = 1.335 ms


       ########################################         

iteration 14 with 140 examples

2019-05-04-02-23-52   >>>>   Start train ranking function

2019-05-04-02-23-52   >>>>   End train ranking function

train_ranking_functioning time = 2.793 ms


2019-05-04-02-23-52   >>>>   Start verify ranking function

[xi_2 = 9, xi_3 = 0, xi_1 = 0]
ranking function :  - 0.1 *  x[2]^1.0 - 0.4 *  x[3]^1.0 + 4.7 * 1

2019-05-04-02-23-52   >>>>   End verify ranking function

verifying time = 8.579 ms


Not Found Ranking Fcuntion

Conterexample is 

[0, 0, 9, 0]

sampling time = 1.543 ms


       ########################################         

iteration 15 with 142 examples

2019-05-04-02-23-52   >>>>   Start train ranking function

2019-05-04-02-23-52   >>>>   End train ranking function

train_ranking_functioning time = 3.056 ms


2019-05-04-02-23-52   >>>>   Start verify ranking function

[xi_2 = -8, xi_1 = 0]
ranking function : 0.1 *  x[1]^1.0 - 0.4 *  x[3]^1.0 + 4.7 * 1

2019-05-04-02-23-52   >>>>   End verify ranking function

verifying time = 9.413 ms


Not Found Ranking Fcuntion

Conterexample is 

[0, 0, -8, 0]

sampling time = 1.422 ms


       ########################################         

iteration 16 with 144 examples

2019-05-04-02-23-52   >>>>   Start train ranking function

2019-05-04-02-23-52   >>>>   End train ranking function

train_ranking_functioning time = 3.084 ms


2019-05-04-02-23-52   >>>>   Start verify ranking function

[xi_3 = -9, xi_1 = 0]
ranking function : 0.1 *  x[1]^1.0 - 0.1 *  x[2]^1.0 - 0.4 *  x[3]^1.0 + 4.8 * 1

2019-05-04-02-23-52   >>>>   End verify ranking function

verifying time = 9.088 ms


Not Found Ranking Fcuntion

Conterexample is 

[0, 0, 0, -9]

sampling time = 1.370 ms


       ########################################         

iteration 17 with 146 examples

2019-05-04-02-23-52   >>>>   Start train ranking function

2019-05-04-02-23-52   >>>>   End train ranking function

train_ranking_functioning time = 2.940 ms


2019-05-04-02-23-52   >>>>   Start verify ranking function

ranking function :  - 0.4 *  x[3]^1.0 + 4.8 * 1

2019-05-04-02-23-52   >>>>   End verify ranking function

verifying time = 10.488 ms


Not Found Ranking Fcuntion

Conterexample is 

[0, 0, 0, 13]

sampling time = 1.340 ms


       ########################################         

iteration 18 with 148 examples

2019-05-04-02-23-52   >>>>   Start train ranking function

2019-05-04-02-23-52   >>>>   End train ranking function

train_ranking_functioning time = 3.019 ms


2019-05-04-02-23-52   >>>>   Start verify ranking function

ranking function :  - 0.4 *  x[3]^1.0 + 4.9 * 1

2019-05-04-02-23-52   >>>>   End verify ranking function

verifying time = 10.000 ms


Not Found Ranking Fcuntion

Conterexample is 

[0, 0, 0, 13]

sampling time = 1.371 ms


       ########################################         

iteration 19 with 150 examples

2019-05-04-02-23-52   >>>>   Start train ranking function

2019-05-04-02-23-52   >>>>   End train ranking function

train_ranking_functioning time = 3.007 ms


2019-05-04-02-23-52   >>>>   Start verify ranking function

ranking function :  - 0.4 *  x[3]^1.0 + 5.0 * 1

2019-05-04-02-23-52   >>>>   End verify ranking function

verifying time = 9.993 ms


Not Found Ranking Fcuntion

Conterexample is 

[0, 0, 0, 13]

sampling time = 1.399 ms


       ########################################         

iteration 20 with 152 examples

2019-05-04-02-23-52   >>>>   Start train ranking function

2019-05-04-02-23-52   >>>>   End train ranking function

train_ranking_functioning time = 2.925 ms


2019-05-04-02-23-52   >>>>   Start verify ranking function

ranking function :  - 0.4 *  x[3]^1.0 + 5.1 * 1

2019-05-04-02-23-52   >>>>   End verify ranking function

verifying time = 9.955 ms


Not Found Ranking Fcuntion

Conterexample is 

[0, 0, 0, 13]

sampling time = 1.383 ms


       ########################################         

iteration 21 with 154 examples

2019-05-04-02-23-52   >>>>   Start train ranking function

2019-05-04-02-23-52   >>>>   End train ranking function

train_ranking_functioning time = 2.991 ms


2019-05-04-02-23-52   >>>>   Start verify ranking function

ranking function :  - 0.4 *  x[3]^1.0 + 5.1 * 1

2019-05-04-02-23-52   >>>>   End verify ranking function

verifying time = 9.943 ms


Not Found Ranking Fcuntion

Conterexample is 

[0, 0, 0, 13]

sampling time = 1.344 ms


       ########################################         

iteration 22 with 156 examples

2019-05-04-02-23-52   >>>>   Start train ranking function

2019-05-04-02-23-52   >>>>   End train ranking function

train_ranking_functioning time = 2.986 ms


2019-05-04-02-23-52   >>>>   Start verify ranking function

ranking function :  - 0.4 *  x[3]^1.0 + 5.1 * 1

2019-05-04-02-23-52   >>>>   End verify ranking function

verifying time = 10.049 ms


Not Found Ranking Fcuntion

Conterexample is 

[0, 0, 0, 13]

sampling time = 1.338 ms


       ########################################         

iteration 23 with 158 examples

2019-05-04-02-23-52   >>>>   Start train ranking function

2019-05-04-02-23-52   >>>>   End train ranking function

train_ranking_functioning time = 3.094 ms


2019-05-04-02-23-52   >>>>   Start verify ranking function

ranking function :  - 0.4 *  x[3]^1.0 + 5.2 * 1

2019-05-04-02-23-52   >>>>   End verify ranking function

verifying time = 10.035 ms


Not Found Ranking Fcuntion

Conterexample is 

[0, 0, 0, 14]

sampling time = 1.400 ms


       ########################################         

iteration 24 with 160 examples

2019-05-04-02-23-52   >>>>   Start train ranking function

2019-05-04-02-23-52   >>>>   End train ranking function

train_ranking_functioning time = 3.111 ms


2019-05-04-02-23-52   >>>>   Start verify ranking function

ranking function :  - 0.3 *  x[3]^1.0 + 5.2 * 1

2019-05-04-02-23-52   >>>>   End verify ranking function

verifying time = 9.973 ms


Not Found Ranking Fcuntion

Conterexample is 

[0, 0, 0, 18]

sampling time = 1.335 ms


Failed to prove it is terminated

UNKNOWN
Time For Template 0 Is--->-476.935000 ms

------Using Template 1 -----------
6 [6]
*****************************************************

2019-05-04-02-23-53   >>>>   End sampling point

sampling time = 109.300 ms,


       ########################################         

iteration 0 with 112 examples

2019-05-04-02-23-53   >>>>   Start train ranking function

2019-05-04-02-23-53   >>>>   End train ranking function

train_ranking_functioning time = 3.616 ms


2019-05-04-02-23-53   >>>>   Start verify ranking function

time out
ranking function :  - 0.1 *  x[0]^-0.5 *  x[2]^-0.5 *  x[3]^0.5 - 0.2 *  x[0]^-2.0 *  x[1]^-3.0 *  x[2]^3.0 *  x[3]^-1.0 + 1.1 *  x[0]^0.5 *  x[1]^-3.0 *  x[2]^-2.0 *  x[3]^-2.0

2019-05-04-02-23-56   >>>>   End verify ranking function

verifying time = 3033.607 ms


UNKNOWN
Time For Template 1 Is--->-3154.222000 ms

------Using Template 2 -----------
15 [5, 5, 5]
*****************************************************

2019-05-04-02-23-56   >>>>   End sampling point

sampling time = 224.890 ms,


       ########################################         

iteration 0 with 224 examples

2019-05-04-02-23-56   >>>>   Start train ranking function

2019-05-04-02-23-56   >>>>   End train ranking function

train_ranking_functioning time = 1.133 ms


2019-05-04-02-23-56   >>>>   Start verify ranking function

[xi_3 = 6, xi_1 = 0]
ranking function :  - 0.5 *  x[3]^1.0 + 0.4 * 1; 0.3 *  x[1]^1.0 - 0.3 *  x[2]^1.0 - 0.2 *  x[3]^1.0 + 0.7 * 1; 0.3 *  x[1]^1.0 - 0.1 *  x[2]^1.0 - 0.2 *  x[3]^1.0 + 1.1 * 1

2019-05-04-02-23-56   >>>>   End verify ranking function

verifying time = 13.692 ms


Not Found Ranking Fcuntion

Conterexample is 

[0, 0, 0, 6]

sampling time = 4.017 ms


       ########################################         

iteration 1 with 228 examples

2019-05-04-02-23-56   >>>>   Start train ranking function

2019-05-04-02-23-56   >>>>   End train ranking function

train_ranking_functioning time = 1.865 ms


2019-05-04-02-23-56   >>>>   Start verify ranking function

[xi_2 = 6, xi_1 = 0]
ranking function :  - 0.5 *  x[3]^1.0 + 0.4 * 1; 0.3 *  x[1]^1.0 - 0.5 *  x[2]^1.0 - 0.1 *  x[3]^1.0 + 0.8 * 1; 0.6 *  x[1]^1.0 - 0.1 *  x[2]^1.0 + 1.1 * 1

2019-05-04-02-23-56   >>>>   End verify ranking function

verifying time = 13.567 ms


Not Found Ranking Fcuntion

Conterexample is 

[0, 0, 6, 0]

sampling time = 3.853 ms


       ########################################         

iteration 2 with 232 examples

2019-05-04-02-23-56   >>>>   Start train ranking function

2019-05-04-02-23-56   >>>>   End train ranking function

train_ranking_functioning time = 3.711 ms


2019-05-04-02-23-56   >>>>   Start verify ranking function

valid ranking function
ranking function :  - 0.5 *  x[3]^1.0 + 0.5 * 1; 0.5 *  x[1]^1.0 - 0.5 *  x[2]^1.0 + 0.9 * 1; 0.5 *  x[1]^1.0 + 1.0 * 1

2019-05-04-02-23-56   >>>>   End verify ranking function

verifying time = 21.373 ms


Found Ranking Fcuntion:  - 0.5 *  x[3]^1.0 + 0.5 * 1; 0.5 *  x[1]^1.0 - 0.5 *  x[2]^1.0 + 0.9 * 1; 0.5 *  x[1]^1.0 + 1.0 * 1

 - 0.5 *  x[3]^1.0 + 0.5 * 1; 0.5 *  x[1]^1.0 - 0.5 *  x[2]^1.0 + 0.9 * 1; 0.5 *  x[1]^1.0 + 1.0 * 1
FINITE
Time For Template 2 Is--->-314.814000 ms

Time For ../Program_non/15.bpl Is ---> 4116.446000 ms

