------Using Template 0 -----------
3 [3]
*****************************************************

2019-05-04-02-18-46   >>>>   End sampling point

sampling time = 53.088 ms,


       ########################################         

iteration 0 with 136 examples

2019-05-04-02-18-46   >>>>   Start train ranking function

2019-05-04-02-18-46   >>>>   End train ranking function

train_ranking_functioning time = 0.918 ms


2019-05-04-02-18-46   >>>>   Start verify ranking function

[xr_1 = 9470/113, xr_0 = 0]
ranking function : 0.0113 *  x[0]^1.0 + 0.9367 *  x[1]^1.0 + 3.0715 * 1

2019-05-04-02-18-46   >>>>   End verify ranking function

verifying time = 6.936 ms


Not Found Ranking Fcuntion

Conterexample is 

[0, 83.80530973451327]

sampling time = 0.733 ms


       ########################################         

iteration 1 with 138 examples

2019-05-04-02-18-46   >>>>   Start train ranking function

2019-05-04-02-18-46   >>>>   End train ranking function

train_ranking_functioning time = 3.128 ms


2019-05-04-02-18-46   >>>>   Start verify ranking function

[xr_1 = 9359, xr_0 = 0]
ranking function : 0.0001 *  x[0]^1.0 + 0.9368 *  x[1]^1.0 + 3.0847 * 1

2019-05-04-02-18-46   >>>>   End verify ranking function

verifying time = 6.905 ms


Not Found Ranking Fcuntion

Conterexample is 

[0, 9359]

sampling time = 0.726 ms


       ########################################         

iteration 2 with 140 examples

2019-05-04-02-18-46   >>>>   Start train ranking function

2019-05-04-02-18-46   >>>>   End train ranking function

train_ranking_functioning time = 3.164 ms


2019-05-04-02-18-46   >>>>   Start verify ranking function

[xr_1 = -9359/3, xr_0 = 0]
ranking function :  - 0.0003 *  x[0]^1.0 + 0.9366 *  x[1]^1.0 + 3.0848 * 1

2019-05-04-02-18-46   >>>>   End verify ranking function

verifying time = 6.869 ms


Not Found Ranking Fcuntion

Conterexample is 

[0, -3119.6666666666665]

sampling time = 0.722 ms


       ########################################         

iteration 3 with 142 examples

2019-05-04-02-18-46   >>>>   Start train ranking function

2019-05-04-02-18-46   >>>>   End train ranking function

train_ranking_functioning time = 3.254 ms


2019-05-04-02-18-46   >>>>   Start verify ranking function

[xr_1 = 0, xr_0 = 0]
ranking function :  - 0.0103 *  x[0]^1.0 + 0.0009 *  x[1]^1.0 + 0.9405 * 1

2019-05-04-02-18-46   >>>>   End verify ranking function

verifying time = 6.885 ms


Not Found Ranking Fcuntion

Conterexample is 

[0, 0]

sampling time = 0.766 ms


       ########################################         

iteration 4 with 144 examples

2019-05-04-02-18-46   >>>>   Start train ranking function

2019-05-04-02-18-46   >>>>   End train ranking function

train_ranking_functioning time = 3.232 ms


2019-05-04-02-18-46   >>>>   Start verify ranking function

[xr_1 = 0, xr_0 = 0]
ranking function :  - 0.0108 *  x[0]^1.0 + 0.941 * 1

2019-05-04-02-18-46   >>>>   End verify ranking function

verifying time = 6.823 ms


Not Found Ranking Fcuntion

Conterexample is 

[0, 0]

sampling time = 0.723 ms


       ########################################         

iteration 5 with 146 examples

2019-05-04-02-18-46   >>>>   Start train ranking function

2019-05-04-02-18-46   >>>>   End train ranking function

train_ranking_functioning time = 3.263 ms


2019-05-04-02-18-46   >>>>   Start verify ranking function

[xr_1 = -1, xr_0 = 0]
ranking function :  - 0.0102 *  x[0]^1.0 + 0.001 *  x[1]^1.0 + 0.9407 * 1

2019-05-04-02-18-46   >>>>   End verify ranking function

verifying time = 6.807 ms


Not Found Ranking Fcuntion

Conterexample is 

[0, -1]

sampling time = 0.732 ms


       ########################################         

iteration 6 with 148 examples

2019-05-04-02-18-46   >>>>   Start train ranking function

2019-05-04-02-18-46   >>>>   End train ranking function

train_ranking_functioning time = 3.326 ms


2019-05-04-02-18-46   >>>>   Start verify ranking function

[xr_1 = -103/100, xr_0 = 0]
ranking function :  - 0.01 *  x[0]^1.0 + 0.0013 *  x[1]^1.0 + 0.9411 * 1

2019-05-04-02-18-46   >>>>   End verify ranking function

verifying time = 6.821 ms


Not Found Ranking Fcuntion

Conterexample is 

[0, -1.03]

sampling time = 0.717 ms


       ########################################         

iteration 7 with 150 examples

2019-05-04-02-18-46   >>>>   Start train ranking function

2019-05-04-02-18-46   >>>>   End train ranking function

train_ranking_functioning time = 3.340 ms


2019-05-04-02-18-46   >>>>   Start verify ranking function

[xr_1 = -19/18, xr_0 = 0]
ranking function :  - 0.009 *  x[0]^1.0 + 0.0015 *  x[1]^1.0 + 0.9397 * 1

2019-05-04-02-18-46   >>>>   End verify ranking function

verifying time = 6.773 ms


Not Found Ranking Fcuntion

Conterexample is 

[0, -1.0555555555555556]

sampling time = 0.732 ms


       ########################################         

iteration 8 with 152 examples

2019-05-04-02-18-46   >>>>   Start train ranking function

2019-05-04-02-18-46   >>>>   End train ranking function

train_ranking_functioning time = 3.427 ms


2019-05-04-02-18-46   >>>>   Start verify ranking function

[xr_1 = -72/67, xr_0 = 0]
ranking function :  - 0.0067 *  x[0]^1.0 + 0.0015 *  x[1]^1.0 + 0.9376 * 1

2019-05-04-02-18-46   >>>>   End verify ranking function

verifying time = 6.787 ms


Not Found Ranking Fcuntion

Conterexample is 

[0, -1.0746268656716418]

sampling time = 0.805 ms


       ########################################         

iteration 9 with 154 examples

2019-05-04-02-18-46   >>>>   Start train ranking function

2019-05-04-02-18-46   >>>>   End train ranking function

train_ranking_functioning time = 3.432 ms


2019-05-04-02-18-46   >>>>   Start verify ranking function

[xr_1 = -15/13, xr_0 = 0]
ranking function :  - 0.0052 *  x[0]^1.0 + 0.0018 *  x[1]^1.0 + 0.9371 * 1

2019-05-04-02-18-46   >>>>   End verify ranking function

verifying time = 6.872 ms


Not Found Ranking Fcuntion

Conterexample is 

[0, -1.1538461538461537]

sampling time = 0.733 ms


       ########################################         

iteration 10 with 156 examples

2019-05-04-02-18-46   >>>>   Start train ranking function

2019-05-04-02-18-46   >>>>   End train ranking function

train_ranking_functioning time = 3.501 ms


2019-05-04-02-18-46   >>>>   Start verify ranking function

[xr_1 = -57/49, xr_0 = 0]
ranking function :  - 0.0049 *  x[0]^1.0 + 0.0018 *  x[1]^1.0 + 0.9364 * 1

2019-05-04-02-18-46   >>>>   End verify ranking function

verifying time = 6.949 ms


Not Found Ranking Fcuntion

Conterexample is 

[0, -1.163265306122449]

sampling time = 0.777 ms


       ########################################         

iteration 11 with 158 examples

2019-05-04-02-18-46   >>>>   Start train ranking function

2019-05-04-02-18-46   >>>>   End train ranking function

train_ranking_functioning time = 3.593 ms


2019-05-04-02-18-46   >>>>   Start verify ranking function

[xr_1 = -19/17, xr_0 = 0]
ranking function :  - 0.0051 *  x[0]^1.0 + 0.0016 *  x[1]^1.0 + 0.9363 * 1

2019-05-04-02-18-46   >>>>   End verify ranking function

verifying time = 6.918 ms


Not Found Ranking Fcuntion

Conterexample is 

[0, -1.1176470588235294]

sampling time = 0.733 ms


       ########################################         

iteration 12 with 160 examples

2019-05-04-02-18-46   >>>>   Start train ranking function

2019-05-04-02-18-46   >>>>   End train ranking function

train_ranking_functioning time = 3.617 ms


2019-05-04-02-18-46   >>>>   Start verify ranking function

[xr_1 = -2, xr_0 = 0]
ranking function :  - 0.0032 *  x[0]^1.0 + 0.0042 *  x[1]^1.0 + 0.9381 * 1

2019-05-04-02-18-46   >>>>   End verify ranking function

verifying time = 6.754 ms


Not Found Ranking Fcuntion

Conterexample is 

[0, -2]

sampling time = 0.750 ms


       ########################################         

iteration 13 with 162 examples

2019-05-04-02-18-46   >>>>   Start train ranking function

2019-05-04-02-18-46   >>>>   End train ranking function

train_ranking_functioning time = 3.591 ms


2019-05-04-02-18-46   >>>>   Start verify ranking function

[xr_1 = -33/25, xr_0 = 0]
ranking function :  - 0.005 *  x[0]^1.0 + 0.0026 *  x[1]^1.0 + 0.9379 * 1

2019-05-04-02-18-46   >>>>   End verify ranking function

verifying time = 6.800 ms


Not Found Ranking Fcuntion

Conterexample is 

[0, -1.32]

sampling time = 0.872 ms


       ########################################         

iteration 14 with 164 examples

2019-05-04-02-18-46   >>>>   Start train ranking function

2019-05-04-02-18-46   >>>>   End train ranking function

train_ranking_functioning time = 3.963 ms


2019-05-04-02-18-46   >>>>   Start verify ranking function

[xr_1 = -55/41, xr_0 = 0]
ranking function :  - 0.0041 *  x[0]^1.0 + 0.0024 *  x[1]^1.0 + 0.9379 * 1

2019-05-04-02-18-46   >>>>   End verify ranking function

verifying time = 7.727 ms


Not Found Ranking Fcuntion

Conterexample is 

[0, -1.3414634146341464]

sampling time = 0.785 ms


       ########################################         

iteration 15 with 166 examples

2019-05-04-02-18-46   >>>>   Start train ranking function

2019-05-04-02-18-46   >>>>   End train ranking function

train_ranking_functioning time = 4.353 ms


2019-05-04-02-18-46   >>>>   Start verify ranking function

[xr_1 = -16/5, xr_0 = 0]
ranking function :  - 0.0015 *  x[0]^1.0 + 0.0043 *  x[1]^1.0 + 0.9376 * 1

2019-05-04-02-18-46   >>>>   End verify ranking function

verifying time = 7.327 ms


Not Found Ranking Fcuntion

Conterexample is 

[0, -3.2]

sampling time = 0.810 ms


       ########################################         

iteration 16 with 168 examples

2019-05-04-02-18-46   >>>>   Start train ranking function

2019-05-04-02-18-46   >>>>   End train ranking function

train_ranking_functioning time = 4.105 ms


2019-05-04-02-18-46   >>>>   Start verify ranking function

[xr_1 = -58/31, xr_0 = 0]
ranking function :  - 0.0031 *  x[0]^1.0 + 0.0037 *  x[1]^1.0 + 0.9487 * 1

2019-05-04-02-18-46   >>>>   End verify ranking function

verifying time = 7.339 ms


Not Found Ranking Fcuntion

Conterexample is 

[0, -1.8709677419354838]

sampling time = 0.731 ms


       ########################################         

iteration 17 with 170 examples

2019-05-04-02-18-46   >>>>   Start train ranking function

2019-05-04-02-18-46   >>>>   End train ranking function

train_ranking_functioning time = 3.810 ms


2019-05-04-02-18-46   >>>>   Start verify ranking function

[xr_1 = -43/18, xr_0 = 0]
ranking function :  - 0.0018 *  x[0]^1.0 + 0.0035 *  x[1]^1.0 + 0.9479 * 1

2019-05-04-02-18-46   >>>>   End verify ranking function

verifying time = 6.845 ms


Not Found Ranking Fcuntion

Conterexample is 

[0, -2.388888888888889]

sampling time = 0.736 ms


       ########################################         

iteration 18 with 172 examples

2019-05-04-02-18-46   >>>>   Start train ranking function

2019-05-04-02-18-46   >>>>   End train ranking function

train_ranking_functioning time = 3.918 ms


2019-05-04-02-18-46   >>>>   Start verify ranking function

[xr_1 = -55/21, xr_0 = 0]
ranking function :  - 0.0021 *  x[0]^1.0 + 0.0044 *  x[1]^1.0 + 0.9558 * 1

2019-05-04-02-18-46   >>>>   End verify ranking function

verifying time = 6.874 ms


Not Found Ranking Fcuntion

Conterexample is 

[0, -2.619047619047619]

sampling time = 0.737 ms


       ########################################         

iteration 19 with 174 examples

2019-05-04-02-18-46   >>>>   Start train ranking function

2019-05-04-02-18-46   >>>>   End train ranking function

train_ranking_functioning time = 3.925 ms


2019-05-04-02-18-46   >>>>   Start verify ranking function

[xr_1 = -54/13, xr_0 = 0]
ranking function :  - 0.0013 *  x[0]^1.0 + 0.0051 *  x[1]^1.0 + 0.9567 * 1

2019-05-04-02-18-46   >>>>   End verify ranking function

verifying time = 6.862 ms


Not Found Ranking Fcuntion

Conterexample is 

[0, -4.153846153846154]

sampling time = 0.745 ms


       ########################################         

iteration 20 with 176 examples

2019-05-04-02-18-46   >>>>   Start train ranking function

2019-05-04-02-18-46   >>>>   End train ranking function

train_ranking_functioning time = 3.706 ms


2019-05-04-02-18-46   >>>>   Start verify ranking function

[xr_1 = -52/5, xr_0 = 0]
ranking function :  - 0.0005 *  x[0]^1.0 + 0.0057 *  x[1]^1.0 + 0.8284 * 1

2019-05-04-02-18-46   >>>>   End verify ranking function

verifying time = 6.843 ms


Not Found Ranking Fcuntion

Conterexample is 

[0, -10.4]

sampling time = 0.737 ms


       ########################################         

iteration 21 with 178 examples

2019-05-04-02-18-46   >>>>   Start train ranking function

2019-05-04-02-18-46   >>>>   End train ranking function

train_ranking_functioning time = 3.708 ms


2019-05-04-02-18-46   >>>>   Start verify ranking function

[xr_1 = 134/3, xr_0 = 0]
ranking function : 0.0003 *  x[0]^1.0 + 0.0141 *  x[1]^1.0 + 0.8139 * 1

2019-05-04-02-18-46   >>>>   End verify ranking function

verifying time = 6.776 ms


Not Found Ranking Fcuntion

Conterexample is 

[0, 44.666666666666664]

sampling time = 0.737 ms


       ########################################         

iteration 22 with 180 examples

2019-05-04-02-18-46   >>>>   Start train ranking function

2019-05-04-02-18-46   >>>>   End train ranking function

train_ranking_functioning time = 3.732 ms


2019-05-04-02-18-46   >>>>   Start verify ranking function

[xr_1 = -91/34, xr_0 = 0]
ranking function :  - 0.0068 *  x[0]^1.0 + 0.0124 *  x[1]^1.0 + 0.8058 * 1

2019-05-04-02-18-46   >>>>   End verify ranking function

verifying time = 6.869 ms


Not Found Ranking Fcuntion

Conterexample is 

[0, -2.676470588235294]

sampling time = 0.740 ms


       ########################################         

iteration 23 with 182 examples

2019-05-04-02-18-46   >>>>   Start train ranking function

2019-05-04-02-18-46   >>>>   End train ranking function

train_ranking_functioning time = 3.718 ms


2019-05-04-02-18-46   >>>>   Start verify ranking function

[xr_1 = -197/51, xr_0 = 0]
ranking function :  - 0.0051 *  x[0]^1.0 + 0.0156 *  x[1]^1.0 + 0.8203 * 1

2019-05-04-02-18-46   >>>>   End verify ranking function

verifying time = 6.835 ms


Not Found Ranking Fcuntion

Conterexample is 

[0, -3.8627450980392157]

sampling time = 0.744 ms


       ########################################         

iteration 24 with 184 examples

2019-05-04-02-18-46   >>>>   Start train ranking function

2019-05-04-02-18-46   >>>>   End train ranking function

train_ranking_functioning time = 3.780 ms


2019-05-04-02-18-46   >>>>   Start verify ranking function

[xr_1 = -7/2, xr_0 = 0]
ranking function :  - 0.0058 *  x[0]^1.0 + 0.0155 *  x[1]^1.0 + 0.8229 * 1

2019-05-04-02-18-46   >>>>   End verify ranking function

verifying time = 6.853 ms


Not Found Ranking Fcuntion

Conterexample is 

[0, -3.5]

sampling time = 0.746 ms


Failed to prove it is terminated

UNKNOWN
Time For Template 0 Is--->-381.737000 ms

------Using Template 1 -----------
3 [3]
*****************************************************

2019-05-04-02-18-46   >>>>   End sampling point

sampling time = 61.593 ms,


       ########################################         

iteration 0 with 136 examples

2019-05-04-02-18-46   >>>>   Start train ranking function

2019-05-04-02-18-46   >>>>   End train ranking function

train_ranking_functioning time = 4.700 ms


2019-05-04-02-18-46   >>>>   Start verify ranking function

[xr_0 = 0, xr_1 = 1/8]
ranking function : 0.1642 *  x[0]^-1.0 *  x[1]^-1.0 - 0.0097 *  x[0]^2.0 *  x[1]^3.0 + 0.2379 *  x[0]^-1.0 *  x[1]^-2.0

2019-05-04-02-18-46   >>>>   End verify ranking function

verifying time = 18.640 ms


Not Found Ranking Fcuntion

Conterexample is 

[0, 0.125]

sampling time = 0.836 ms


       ########################################         

iteration 1 with 138 examples

2019-05-04-02-18-46   >>>>   Start train ranking function

2019-05-04-02-18-46   >>>>   End train ranking function

train_ranking_functioning time = 4.939 ms


2019-05-04-02-18-46   >>>>   Start verify ranking function

[xr_0 = 0, xr_1 = 1/8]
ranking function : 0.2238 *  x[0]^-1.0 *  x[1]^-1.0 + 0.002 *  x[0]^2.0 *  x[1]^3.0 + 0.2111 *  x[0]^-1.0 *  x[1]^-2.0

2019-05-04-02-18-46   >>>>   End verify ranking function

verifying time = 18.027 ms


Not Found Ranking Fcuntion

Conterexample is 

[0, 0.125]

sampling time = 0.835 ms


       ########################################         

iteration 2 with 140 examples

2019-05-04-02-18-46   >>>>   Start train ranking function

2019-05-04-02-18-46   >>>>   End train ranking function

train_ranking_functioning time = 5.455 ms


2019-05-04-02-18-46   >>>>   Start verify ranking function

[xr_0 = 0, xr_1 = 1/8]
ranking function : 0.2557 *  x[0]^-1.0 *  x[1]^-1.0 + 0.0007 *  x[0]^2.0 *  x[1]^3.0 + 0.2068 *  x[0]^-1.0 *  x[1]^-2.0

2019-05-04-02-18-46   >>>>   End verify ranking function

verifying time = 18.931 ms


Not Found Ranking Fcuntion

Conterexample is 

[0, 0.125]

sampling time = 0.870 ms


       ########################################         

iteration 3 with 142 examples

2019-05-04-02-18-46   >>>>   Start train ranking function

2019-05-04-02-18-46   >>>>   End train ranking function

train_ranking_functioning time = 5.123 ms


2019-05-04-02-18-46   >>>>   Start verify ranking function

[xr_0 = 0, xr_1 = 1/8]
ranking function : 0.2758 *  x[0]^-1.0 *  x[1]^-1.0 - 0.0147 *  x[0]^2.0 *  x[1]^3.0 + 0.2053 *  x[0]^-1.0 *  x[1]^-2.0

2019-05-04-02-18-46   >>>>   End verify ranking function

verifying time = 17.882 ms


Not Found Ranking Fcuntion

Conterexample is 

[0, 0.125]

sampling time = 0.844 ms


       ########################################         

iteration 4 with 144 examples

2019-05-04-02-18-46   >>>>   Start train ranking function

2019-05-04-02-18-46   >>>>   End train ranking function

train_ranking_functioning time = 5.168 ms


2019-05-04-02-18-46   >>>>   Start verify ranking function

time out
ranking function : 0.2845 *  x[0]^-1.0 *  x[1]^-1.0 + 0.0028 *  x[0]^2.0 *  x[1]^3.0 + 0.203 *  x[0]^-1.0 *  x[1]^-2.0

2019-05-04-02-18-50   >>>>   End verify ranking function

verifying time = 3351.496 ms


UNKNOWN
Time For Template 1 Is--->-3526.508000 ms

------Using Template 2 -----------
9 [3, 3, 3]
*****************************************************

2019-05-04-02-18-50   >>>>   End sampling point

sampling time = 144.038 ms,


       ########################################         

iteration 0 with 272 examples

2019-05-04-02-18-50   >>>>   Start train ranking function

2019-05-04-02-18-50   >>>>   End train ranking function

train_ranking_functioning time = 1.566 ms


2019-05-04-02-18-50   >>>>   Start verify ranking function

[xr_1 = 1973/4, xr_0 = 0]
ranking function : 0.002 *  x[0]^1.0 + 0.9855 *  x[1]^1.0 + 0.6608 * 1; 0.9813 *  x[0]^1.0 + 0.3334 *  x[1]^1.0 + 0.9461 * 1; 0.3274 *  x[0]^1.0 + 0.0176 *  x[1]^1.0 + 0.9635 * 1

2019-05-04-02-18-50   >>>>   End verify ranking function

verifying time = 6.945 ms


Not Found Ranking Fcuntion

Conterexample is 

[0, 493.25]

sampling time = 2.056 ms


       ########################################         

iteration 1 with 276 examples

2019-05-04-02-18-50   >>>>   Start train ranking function

2019-05-04-02-18-50   >>>>   End train ranking function

train_ranking_functioning time = 5.434 ms


2019-05-04-02-18-50   >>>>   Start verify ranking function

[xr_1 = 9846, xr_0 = 0]
ranking function : 0.0001 *  x[0]^1.0 + 0.9855 *  x[1]^1.0 + 0.6621 * 1; 0.9816 *  x[0]^1.0 + 0.334 *  x[1]^1.0 + 0.9461 * 1; 0.3281 *  x[0]^1.0 + 0.0176 *  x[1]^1.0 + 0.9635 * 1

2019-05-04-02-18-50   >>>>   End verify ranking function

verifying time = 7.003 ms


Not Found Ranking Fcuntion

Conterexample is 

[0, 9846]

sampling time = 2.062 ms


       ########################################         

iteration 2 with 280 examples

2019-05-04-02-18-50   >>>>   Start train ranking function

2019-05-04-02-18-50   >>>>   End train ranking function

train_ranking_functioning time = 5.457 ms


2019-05-04-02-18-50   >>>>   Start verify ranking function

[xr_1 = -9992/39, xr_0 = 0]
ranking function : 0.9855 *  x[1]^1.0 + 0.6622 * 1; 0.9816 *  x[0]^1.0 + 0.3341 *  x[1]^1.0 + 0.9461 * 1; 0.3281 *  x[0]^1.0 + 0.0176 *  x[1]^1.0 + 0.9635 * 1

2019-05-04-02-18-50   >>>>   End verify ranking function

verifying time = 9.419 ms


Not Found Ranking Fcuntion

Conterexample is 

[0, -256.20512820512823]

sampling time = 2.064 ms


       ########################################         

iteration 3 with 284 examples

2019-05-04-02-18-50   >>>>   Start train ranking function

2019-05-04-02-18-50   >>>>   End train ranking function

train_ranking_functioning time = 6.469 ms


2019-05-04-02-18-50   >>>>   Start verify ranking function

[xr_1 = -1989, xr_0 = 0]
ranking function : 0.9855 *  x[1]^1.0 + 0.6634 * 1; 0.985 *  x[0]^1.0 + 0.3316 *  x[1]^1.0 + 0.9631 * 1; 0.3318 *  x[0]^1.0 - 0.0001 *  x[1]^1.0 + 0.9631 * 1

2019-05-04-02-18-50   >>>>   End verify ranking function

verifying time = 9.582 ms


Not Found Ranking Fcuntion

Conterexample is 

[0, -1989]

sampling time = 2.087 ms


       ########################################         

iteration 4 with 288 examples

2019-05-04-02-18-50   >>>>   Start train ranking function

2019-05-04-02-18-50   >>>>   End train ranking function

train_ranking_functioning time = 6.616 ms


2019-05-04-02-18-50   >>>>   Start verify ranking function

[xr_1 = -9942, xr_0 = 0]
ranking function : 0.9855 *  x[1]^1.0 + 0.6634 * 1; 0.9854 *  x[0]^1.0 + 0.3317 *  x[1]^1.0 + 0.9631 * 1; 0.3317 *  x[0]^1.0 - 0.0001 *  x[1]^1.0 + 0.963 * 1

2019-05-04-02-18-50   >>>>   End verify ranking function

verifying time = 9.421 ms


Not Found Ranking Fcuntion

Conterexample is 

[0, -9942]

sampling time = 2.074 ms


       ########################################         

iteration 5 with 292 examples

2019-05-04-02-18-50   >>>>   Start train ranking function

2019-05-04-02-18-50   >>>>   End train ranking function

train_ranking_functioning time = 6.739 ms


2019-05-04-02-18-50   >>>>   Start verify ranking function

ranking function : 0.9855 *  x[1]^1.0 + 0.6634 * 1; 0.9855 *  x[0]^1.0 + 0.3317 *  x[1]^1.0 + 0.963 * 1; 0.3317 *  x[0]^1.0 - 0.0001 *  x[1]^1.0 + 0.963 * 1

2019-05-04-02-18-50   >>>>   End verify ranking function

verifying time = 13.102 ms


Not Found Ranking Fcuntion

Conterexample is 

[0, 19630]

sampling time = 2.042 ms


       ########################################         

iteration 6 with 296 examples

2019-05-04-02-18-50   >>>>   Start train ranking function

2019-05-04-02-18-50   >>>>   End train ranking function

train_ranking_functioning time = 6.723 ms


2019-05-04-02-18-50   >>>>   Start verify ranking function

valid ranking function
ranking function : 0.9855 *  x[1]^1.0 + 0.6634 * 1; 0.9855 *  x[0]^1.0 + 0.3317 *  x[1]^1.0 + 0.963 * 1; 0.3317 *  x[0]^1.0 + 0.963 * 1

2019-05-04-02-18-50   >>>>   End verify ranking function

verifying time = 12.165 ms


Found Ranking Fcuntion: 0.9855 *  x[1]^1.0 + 0.6634 * 1; 0.9855 *  x[0]^1.0 + 0.3317 *  x[1]^1.0 + 0.963 * 1; 0.3317 *  x[0]^1.0 + 0.963 * 1

0.9855 *  x[1]^1.0 + 0.6634 * 1; 0.9855 *  x[0]^1.0 + 0.3317 *  x[1]^1.0 + 0.963 * 1; 0.3317 *  x[0]^1.0 + 0.963 * 1
FINATE
Time For Template 2 Is--->-291.445000 ms

Time For ../Program_non/156.bpl Is ---> 4354.507000 ms

