------Using Template 0 -----------
3 [3]
*****************************************************

2019-05-04-02-18-51   >>>>   End sampling point

sampling time = 30.338 ms,


       ########################################         

iteration 0 with 64 examples

2019-05-04-02-18-51   >>>>   Start train ranking function

2019-05-04-02-18-51   >>>>   End train ranking function

train_ranking_functioning time = 0.850 ms


2019-05-04-02-18-51   >>>>   Start verify ranking function

[xr_1 = -2496, xr_0 = 6232512]
ranking function : 0.1998 *  x[0]^1.0 + 0.1001 *  x[1]^1.0 + 0.8846 * 1

2019-05-04-02-18-51   >>>>   End verify ranking function

verifying time = 12.454 ms


Not Found Ranking Fcuntion

Conterexample is 

[6232512, -2496]

sampling time = 0.720 ms


       ########################################         

iteration 1 with 66 examples

2019-05-04-02-18-51   >>>>   Start train ranking function

2019-05-04-02-18-51   >>>>   End train ranking function

train_ranking_functioning time = 1.679 ms


2019-05-04-02-18-51   >>>>   Start verify ranking function

[xr_1 = 9986, xr_0 = 99710210]
ranking function : 0.1999 *  x[0]^1.0 + 0.0999 *  x[1]^1.0 + 0.8846 * 1

2019-05-04-02-18-51   >>>>   End verify ranking function

verifying time = 12.124 ms


Not Found Ranking Fcuntion

Conterexample is 

[99710210, 9986]

sampling time = 0.703 ms


       ########################################         

iteration 2 with 68 examples

2019-05-04-02-18-51   >>>>   Start train ranking function

2019-05-04-02-18-51   >>>>   End train ranking function

train_ranking_functioning time = 1.811 ms


2019-05-04-02-18-51   >>>>   Start verify ranking function

[xr_1 = 9986, xr_0 = 99710210]
ranking function : 0.1999 *  x[0]^1.0 + 0.0999 *  x[1]^1.0 + 0.8846 * 1

2019-05-04-02-18-51   >>>>   End verify ranking function

verifying time = 12.201 ms


Not Found Ranking Fcuntion

Conterexample is 

[99710210, 9986]

sampling time = 0.700 ms


       ########################################         

iteration 3 with 70 examples

2019-05-04-02-18-51   >>>>   Start train ranking function

2019-05-04-02-18-51   >>>>   End train ranking function

train_ranking_functioning time = 1.825 ms


2019-05-04-02-18-51   >>>>   Start verify ranking function

[xr_1 = 9986, xr_0 = 99710210]
ranking function : 0.1999 *  x[0]^1.0 + 0.0999 *  x[1]^1.0 + 0.8846 * 1

2019-05-04-02-18-51   >>>>   End verify ranking function

verifying time = 12.181 ms


Not Found Ranking Fcuntion

Conterexample is 

[99710210, 9986]

sampling time = 0.703 ms


       ########################################         

iteration 4 with 72 examples

2019-05-04-02-18-51   >>>>   Start train ranking function

2019-05-04-02-18-51   >>>>   End train ranking function

train_ranking_functioning time = 1.858 ms


2019-05-04-02-18-51   >>>>   Start verify ranking function

[xr_1 = 9986, xr_0 = 99710210]
ranking function : 0.1999 *  x[0]^1.0 + 0.0999 *  x[1]^1.0 + 0.8846 * 1

2019-05-04-02-18-51   >>>>   End verify ranking function

verifying time = 12.210 ms


Not Found Ranking Fcuntion

Conterexample is 

[99710210, 9986]

sampling time = 0.709 ms


       ########################################         

iteration 5 with 74 examples

2019-05-04-02-18-51   >>>>   Start train ranking function

2019-05-04-02-18-51   >>>>   End train ranking function

train_ranking_functioning time = 1.986 ms


2019-05-04-02-18-51   >>>>   Start verify ranking function

[xr_1 = 9986, xr_0 = 99710210]
ranking function : 0.1999 *  x[0]^1.0 + 0.0999 *  x[1]^1.0 + 0.8846 * 1

2019-05-04-02-18-51   >>>>   End verify ranking function

verifying time = 12.150 ms


Not Found Ranking Fcuntion

Conterexample is 

[99710210, 9986]

sampling time = 0.710 ms


       ########################################         

iteration 6 with 76 examples

2019-05-04-02-18-51   >>>>   Start train ranking function

5
2019-05-04-02-18-51   >>>>   End train ranking function

train_ranking_functioning time = 1.750 ms


2019-05-04-02-18-51   >>>>   Start verify ranking function

[xr_1 = 9986, xr_0 = 99710210]
ranking function : 0.1999 *  x[0]^1.0 + 0.0999 *  x[1]^1.0 + 0.8846 * 1

2019-05-04-02-18-51   >>>>   End verify ranking function

verifying time = 12.001 ms


Not Found Ranking Fcuntion

Conterexample is 

[99710210, 9986]

sampling time = 0.715 ms


       ########################################         

iteration 7 with 78 examples

2019-05-04-02-18-51   >>>>   Start train ranking function

2019-05-04-02-18-51   >>>>   End train ranking function

train_ranking_functioning time = 1.864 ms


2019-05-04-02-18-51   >>>>   Start verify ranking function

valid ranking function
ranking function : 0.2 *  x[0]^1.0 + 0.1 *  x[1]^1.0 + 0.9 * 1

2019-05-04-02-18-51   >>>>   End verify ranking function

verifying time = 6.763 ms


Found Ranking Fcuntion: 0.2 *  x[0]^1.0 + 0.1 *  x[1]^1.0 + 0.9 * 1

0.2 *  x[0]^1.0 + 0.1 *  x[1]^1.0 + 0.9 * 1
FINATE
Time For Template 0 Is--->-166.831000 ms

Time For ../Program_non/157.bpl Is ---> 334.353000 ms

