------Using Template 0 -----------
4 [4]
*****************************************************

2019-05-04-02-23-57   >>>>   End sampling point

sampling time = 96.706 ms,


       ########################################         

iteration 0 with 184 examples

2019-05-04-02-23-57   >>>>   Start train ranking function

2019-05-04-02-23-57   >>>>   End train ranking function

train_ranking_functioning time = 0.847 ms


2019-05-04-02-23-57   >>>>   Start verify ranking function

[xr_0 = 281, xr_1 = -280, xr_2 = 1/8]
ranking function : 0.9817 *  x[0]^1.0 + 0.9852 *  x[1]^1.0 - 0.0118 *  x[2]^1.0 + 0.8285 * 1

2019-05-04-02-23-57   >>>>   End verify ranking function

verifying time = 16.725 ms


Not Found Ranking Fcuntion

Conterexample is 

[281, -280, 0.125]

sampling time = 1.014 ms


       ########################################         

iteration 1 with 186 examples

2019-05-04-02-23-57   >>>>   Start train ranking function

2019-05-04-02-23-57   >>>>   End train ranking function

train_ranking_functioning time = 3.975 ms


2019-05-04-02-23-57   >>>>   Start verify ranking function

ranking function : 0.9845 *  x[0]^1.0 + 0.9845 *  x[1]^1.0 - 0.0108 *  x[2]^1.0 + 0.8256 * 1

2019-05-04-02-23-57   >>>>   End verify ranking function

verifying time = 16.201 ms


Not Found Ranking Fcuntion

Conterexample is 

[0, 0, 169.03703703703704]

sampling time = 1.059 ms


       ########################################         

iteration 2 with 188 examples

2019-05-04-02-23-57   >>>>   Start train ranking function

2019-05-04-02-23-57   >>>>   End train ranking function

train_ranking_functioning time = 4.592 ms


2019-05-04-02-23-57   >>>>   Start verify ranking function

[xr_2 = 32, xr_0 = 0, xr_1 = 0]
ranking function : 0.9897 *  x[0]^1.0 + 0.9897 *  x[1]^1.0 + 0.001 *  x[2]^1.0 + 0.8193 * 1

2019-05-04-02-23-57   >>>>   End verify ranking function

verifying time = 14.756 ms


Not Found Ranking Fcuntion

Conterexample is 

[0, 0, 32]

sampling time = 1.008 ms


       ########################################         

iteration 3 with 190 examples

2019-05-04-02-23-57   >>>>   Start train ranking function

2019-05-04-02-23-57   >>>>   End train ranking function

train_ranking_functioning time = 4.542 ms


2019-05-04-02-23-57   >>>>   Start verify ranking function

[xr_0 = 1, xr_1 = 9918, xr_2 = 1/8]
ranking function : 0.9922 *  x[0]^1.0 + 0.9921 *  x[1]^1.0 + 0.0045 *  x[2]^1.0 + 0.8224 * 1

2019-05-04-02-23-57   >>>>   End verify ranking function

verifying time = 14.760 ms


Not Found Ranking Fcuntion

Conterexample is 

[1, 9918, 0.125]

sampling time = 1.010 ms


       ########################################         

iteration 4 with 192 examples

2019-05-04-02-23-57   >>>>   Start train ranking function

2019-05-04-02-23-57   >>>>   End train ranking function

train_ranking_functioning time = 4.636 ms


2019-05-04-02-23-57   >>>>   Start verify ranking function

[xr_0 = 1, xr_1 = 9918, xr_2 = 1/8]
ranking function : 0.9922 *  x[0]^1.0 + 0.9921 *  x[1]^1.0 + 0.0045 *  x[2]^1.0 + 0.8224 * 1

2019-05-04-02-23-57   >>>>   End verify ranking function

verifying time = 14.674 ms


Not Found Ranking Fcuntion

Conterexample is 

[1, 9918, 0.125]

sampling time = 1.020 ms


       ########################################         

iteration 5 with 194 examples

2019-05-04-02-23-57   >>>>   Start train ranking function

2019-05-04-02-23-57   >>>>   End train ranking function

train_ranking_functioning time = 4.638 ms


2019-05-04-02-23-57   >>>>   Start verify ranking function

[xr_0 = 1, xr_1 = 9918, xr_2 = 1/8]
ranking function : 0.9922 *  x[0]^1.0 + 0.9921 *  x[1]^1.0 + 0.0045 *  x[2]^1.0 + 0.8224 * 1

2019-05-04-02-23-57   >>>>   End verify ranking function

verifying time = 16.033 ms


Not Found Ranking Fcuntion

Conterexample is 

[1, 9918, 0.125]

sampling time = 1.088 ms


       ########################################         

iteration 6 with 196 examples

2019-05-04-02-23-57   >>>>   Start train ranking function

2019-05-04-02-23-57   >>>>   End train ranking function

train_ranking_functioning time = 4.577 ms


2019-05-04-02-23-57   >>>>   Start verify ranking function

[xr_0 = 1, xr_1 = 9918, xr_2 = 1/8]
ranking function : 0.9922 *  x[0]^1.0 + 0.9921 *  x[1]^1.0 + 0.0046 *  x[2]^1.0 + 0.8224 * 1

2019-05-04-02-23-57   >>>>   End verify ranking function

verifying time = 16.036 ms


Not Found Ranking Fcuntion

Conterexample is 

[1, 9918, 0.125]

sampling time = 1.025 ms


       ########################################         

iteration 7 with 198 examples

2019-05-04-02-23-57   >>>>   Start train ranking function

2019-05-04-02-23-57   >>>>   End train ranking function

train_ranking_functioning time = 4.722 ms


2019-05-04-02-23-57   >>>>   Start verify ranking function

[xr_0 = 1, xr_1 = 9918, xr_2 = 1/8]
ranking function : 0.9922 *  x[0]^1.0 + 0.9921 *  x[1]^1.0 + 0.0045 *  x[2]^1.0 + 0.8224 * 1

2019-05-04-02-23-57   >>>>   End verify ranking function

verifying time = 14.674 ms


Not Found Ranking Fcuntion

Conterexample is 

[1, 9918, 0.125]

sampling time = 1.064 ms


       ########################################         

iteration 8 with 200 examples

2019-05-04-02-23-57   >>>>   Start train ranking function

2019-05-04-02-23-57   >>>>   End train ranking function

train_ranking_functioning time = 4.737 ms


2019-05-04-02-23-57   >>>>   Start verify ranking function

[xr_0 = 1, xr_1 = 9918, xr_2 = 1/8]
ranking function : 0.9922 *  x[0]^1.0 + 0.9921 *  x[1]^1.0 + 0.0045 *  x[2]^1.0 + 0.8224 * 1

2019-05-04-02-23-57   >>>>   End verify ranking function

verifying time = 16.008 ms


Not Found Ranking Fcuntion

Conterexample is 

[1, 9918, 0.125]

sampling time = 1.022 ms


       ########################################         

iteration 9 with 202 examples

2019-05-04-02-23-57   >>>>   Start train ranking function

2019-05-04-02-23-57   >>>>   End train ranking function

train_ranking_functioning time = 4.607 ms


2019-05-04-02-23-57   >>>>   Start verify ranking function

[xr_0 = 1, xr_1 = 9918, xr_2 = 1/8]
ranking function : 0.9922 *  x[0]^1.0 + 0.9921 *  x[1]^1.0 + 0.0045 *  x[2]^1.0 + 0.8224 * 1

2019-05-04-02-23-57   >>>>   End verify ranking function

verifying time = 14.656 ms


Not Found Ranking Fcuntion

Conterexample is 

[1, 9918, 0.125]

sampling time = 1.018 ms


       ########################################         

iteration 10 with 204 examples

2019-05-04-02-23-57   >>>>   Start train ranking function

2019-05-04-02-23-57   >>>>   End train ranking function

train_ranking_functioning time = 4.627 ms


2019-05-04-02-23-57   >>>>   Start verify ranking function

[xr_0 = 1, xr_1 = 9918, xr_2 = 1/8]
ranking function : 0.9922 *  x[0]^1.0 + 0.9921 *  x[1]^1.0 + 0.0045 *  x[2]^1.0 + 0.8224 * 1

2019-05-04-02-23-57   >>>>   End verify ranking function

verifying time = 14.630 ms


Not Found Ranking Fcuntion

Conterexample is 

[1, 9918, 0.125]

sampling time = 1.062 ms


       ########################################         

iteration 11 with 206 examples

2019-05-04-02-23-57   >>>>   Start train ranking function

2019-05-04-02-23-57   >>>>   End train ranking function

train_ranking_functioning time = 4.625 ms


2019-05-04-02-23-57   >>>>   Start verify ranking function

[xr_0 = 1, xr_1 = 9918, xr_2 = 1/8]
ranking function : 0.9922 *  x[0]^1.0 + 0.9921 *  x[1]^1.0 + 0.0045 *  x[2]^1.0 + 0.8224 * 1

2019-05-04-02-23-57   >>>>   End verify ranking function

verifying time = 16.329 ms


Not Found Ranking Fcuntion

Conterexample is 

[1, 9918, 0.125]

sampling time = 1.155 ms


       ########################################         

iteration 12 with 208 examples

2019-05-04-02-23-58   >>>>   Start train ranking function

5
2019-05-04-02-23-58   >>>>   End train ranking function

train_ranking_functioning time = 4.985 ms


2019-05-04-02-23-58   >>>>   Start verify ranking function

[xr_0 = 1, xr_1 = 9918, xr_2 = 1/8]
ranking function : 0.9922 *  x[0]^1.0 + 0.9921 *  x[1]^1.0 + 0.0045 *  x[2]^1.0 + 0.8224 * 1

2019-05-04-02-23-58   >>>>   End verify ranking function

verifying time = 16.694 ms


Not Found Ranking Fcuntion

Conterexample is 

[1, 9918, 0.125]

sampling time = 1.078 ms


       ########################################         

iteration 13 with 210 examples

2019-05-04-02-23-58   >>>>   Start train ranking function

2019-05-04-02-23-58   >>>>   End train ranking function

train_ranking_functioning time = 5.079 ms


2019-05-04-02-23-58   >>>>   Start verify ranking function

valid ranking function
ranking function : 1.0 *  x[0]^1.0 + 1.0 *  x[1]^1.0 + 1.0 * 1

2019-05-04-02-23-58   >>>>   End verify ranking function

verifying time = 9.276 ms


Found Ranking Fcuntion: 1.0 *  x[0]^1.0 + 1.0 *  x[1]^1.0 + 1.0 * 1

1.0 *  x[0]^1.0 + 1.0 *  x[1]^1.0 + 1.0 * 1
FINITE
Time For Template 0 Is--->-421.866000 ms

Time For ../Program_non/161.bpl Is ---> 584.573000 ms

