------Using Template 0 -----------
4 [4]
*****************************************************

2019-05-04-02-28-58   >>>>   End sampling point

sampling time = 9.972 ms,


       ########################################         

iteration 0 with 4 examples

2019-05-04-02-28-58   >>>>   Start train ranking function

2019-05-04-02-28-58   >>>>   End train ranking function

train_ranking_functioning time = 0.417 ms


2019-05-04-02-28-58   >>>>   Start verify ranking function

valid ranking function
ranking function : 0.1898 *  x[0]^1.0 + 0.1995 *  x[1]^1.0 + 0.073 *  x[2]^1.0 + 0.691 * 1

2019-05-04-02-28-58   >>>>   End verify ranking function

verifying time = 8.806 ms


Found Ranking Fcuntion: 0.1898 *  x[0]^1.0 + 0.1995 *  x[1]^1.0 + 0.073 *  x[2]^1.0 + 0.691 * 1

0.1898 *  x[0]^1.0 + 0.1995 *  x[1]^1.0 + 0.073 *  x[2]^1.0 + 0.691 * 1
FINATE
Time For Template 0 Is--->-46.830000 ms

Time For ../Program_non/163.bpl Is ---> 211.215000 ms

