------Using Template 0 -----------
4 [4]
*****************************************************

2019-05-04-02-28-59   >>>>   End sampling point

sampling time = 10.568 ms,


       ########################################         

iteration 0 with 6 examples

2019-05-04-02-28-59   >>>>   Start train ranking function

2019-05-04-02-28-59   >>>>   End train ranking function

train_ranking_functioning time = 0.434 ms


2019-05-04-02-28-59   >>>>   Start verify ranking function

ranking function :  - 0.6467 *  x[0]^1.0 - 0.1302 *  x[1]^1.0 + 0.7455 *  x[2]^1.0 + 0.8781 * 1

2019-05-04-02-28-59   >>>>   End verify ranking function

verifying time = 8.991 ms


Not Found Ranking Fcuntion

Conterexample is 

[3.8555744549250037, 1, 1]

sampling time = 1.101 ms


       ########################################         

iteration 1 with 8 examples

2019-05-04-02-28-59   >>>>   Start train ranking function

2019-05-04-02-28-59   >>>>   End train ranking function

train_ranking_functioning time = 0.315 ms


2019-05-04-02-28-59   >>>>   Start verify ranking function

ranking function :  - 0.1235 *  x[0]^1.0 - 0.4464 *  x[1]^1.0 + 0.685 *  x[2]^1.0 + 0.895 * 1

2019-05-04-02-28-59   >>>>   End verify ranking function

verifying time = 8.829 ms


Not Found Ranking Fcuntion

Conterexample is 

[17.276113360323887, 1, 1]

sampling time = 1.012 ms


       ########################################         

iteration 2 with 10 examples

2019-05-04-02-28-59   >>>>   Start train ranking function

2019-05-04-02-28-59   >>>>   End train ranking function

train_ranking_functioning time = 0.384 ms


2019-05-04-02-28-59   >>>>   Start verify ranking function

valid ranking function
ranking function : 0.0012 *  x[0]^1.0 - 0.5296 *  x[1]^1.0 + 0.5956 *  x[2]^1.0 + 0.8521 * 1

2019-05-04-02-28-59   >>>>   End verify ranking function

verifying time = 7.891 ms


Found Ranking Fcuntion: 0.0012 *  x[0]^1.0 - 0.5296 *  x[1]^1.0 + 0.5956 *  x[2]^1.0 + 0.8521 * 1

0.0012 *  x[0]^1.0 - 0.5296 *  x[1]^1.0 + 0.5956 *  x[2]^1.0 + 0.8521 * 1
FINITE
Time For Template 0 Is--->-62.146000 ms

Time For ../Program_non/164.bpl Is ---> 221.782000 ms

