------Using Template 0 -----------
3 [3]
*****************************************************

2019-05-04-02-29-01   >>>>   End sampling point

sampling time = 11.902 ms,


       ########################################         

iteration 0 with 12 examples

2019-05-04-02-29-01   >>>>   Start train ranking function

2019-05-04-02-29-01   >>>>   End train ranking function

train_ranking_functioning time = 0.427 ms


2019-05-04-02-29-01   >>>>   Start verify ranking function

valid ranking function
ranking function : 1.0975 *  x[1]^1.0 + 0.7561 * 1

2019-05-04-02-29-01   >>>>   End verify ranking function

verifying time = 12.659 ms


Found Ranking Fcuntion: 1.0975 *  x[1]^1.0 + 0.7561 * 1

1.0975 *  x[1]^1.0 + 0.7561 * 1
FINITE
Time For Template 0 Is--->-43.248000 ms

Time For ../Program_non/167.bpl Is ---> 193.178000 ms

