------Using Template 0 -----------
3 [3]
*****************************************************

2019-05-04-02-34-14   >>>>   End sampling point

sampling time = 33.092 ms,


       ########################################         

iteration 0 with 76 examples

2019-05-04-02-34-14   >>>>   Start train ranking function

2019-05-04-02-34-14   >>>>   End train ranking function

train_ranking_functioning time = 0.546 ms


2019-05-04-02-34-14   >>>>   Start verify ranking function

valid ranking function
ranking function : 0.012 *  x[0]^1.0 + 0.932 *  x[1]^1.0 + 0.9306 * 1

2019-05-04-02-34-14   >>>>   End verify ranking function

verifying time = 7.040 ms


Found Ranking Fcuntion: 0.012 *  x[0]^1.0 + 0.932 *  x[1]^1.0 + 0.9306 * 1

0.012 *  x[0]^1.0 + 0.932 *  x[1]^1.0 + 0.9306 * 1
FINATE
Time For Template 0 Is--->-64.914000 ms

Time For ../Program_non/171.bpl Is ---> 226.881000 ms

