------Using Template 0 -----------
4 [4]
*****************************************************

2019-05-04-02-54-16   >>>>   End sampling point

sampling time = 222.916 ms,


       ########################################         

iteration 0 with 436 examples

2019-05-04-02-54-16   >>>>   Start train ranking function

2019-05-04-02-54-16   >>>>   End train ranking function

train_ranking_functioning time = 1.167 ms


2019-05-04-02-54-16   >>>>   Start verify ranking function

[xr_1 = 19283/2091, xr_2 = 0, xr_0 = 0]
ranking function : 0.9293 *  x[0]^1.0 + 1.4404 *  x[1]^1.0 + 2.7488 *  x[2]^1.0 + 5.7089 * 1

2019-05-04-02-54-16   >>>>   End verify ranking function

verifying time = 7.807 ms


Not Found Ranking Fcuntion

Conterexample is 

[0, 9.221903395504544, 0]

sampling time = 1.029 ms


       ########################################         

iteration 1 with 438 examples

2019-05-04-02-54-16   >>>>   Start train ranking function

2019-05-04-02-54-16   >>>>   End train ranking function

train_ranking_functioning time = 7.469 ms


2019-05-04-02-54-16   >>>>   Start verify ranking function

[xr_1 = 0, xr_2 = 9391/254, xr_0 = 0]
ranking function : 0.8792 *  x[0]^1.0 + 1.548 *  x[1]^1.0 + 2.9944 *  x[2]^1.0 + 6.0268 * 1

2019-05-04-02-54-16   >>>>   End verify ranking function

verifying time = 7.687 ms


Not Found Ranking Fcuntion

Conterexample is 

[0, 0, 36.97244094488189]

sampling time = 1.041 ms


       ########################################         

iteration 2 with 440 examples

2019-05-04-02-54-16   >>>>   Start train ranking function

2019-05-04-02-54-16   >>>>   End train ranking function

train_ranking_functioning time = 7.406 ms


2019-05-04-02-54-16   >>>>   Start verify ranking function

[xr_1 = 37162/1815, xr_2 = 0, xr_0 = 0]
ranking function : 0.8591 *  x[0]^1.0 + 1.5367 *  x[1]^1.0 + 3.0693 *  x[2]^1.0 + 6.0826 * 1

2019-05-04-02-54-16   >>>>   End verify ranking function

verifying time = 7.826 ms


Not Found Ranking Fcuntion

Conterexample is 

[0, 20.474931129476584, 0]

sampling time = 1.104 ms


       ########################################         

iteration 3 with 442 examples

2019-05-04-02-54-16   >>>>   Start train ranking function

2019-05-04-02-54-16   >>>>   End train ranking function

train_ranking_functioning time = 8.145 ms


2019-05-04-02-54-16   >>>>   Start verify ranking function

[xr_1 = 0, xr_2 = 36836/19, xr_0 = 0]
ranking function : 0.8428 *  x[0]^1.0 + 1.6254 *  x[1]^1.0 + 3.2489 *  x[2]^1.0 + 6.3383 * 1

2019-05-04-02-54-16   >>>>   End verify ranking function

verifying time = 7.661 ms


Not Found Ranking Fcuntion

Conterexample is 

[0, 0, 1938.7368421052631]

sampling time = 1.035 ms


       ########################################         

iteration 4 with 444 examples

2019-05-04-02-54-16   >>>>   Start train ranking function

2019-05-04-02-54-16   >>>>   End train ranking function

train_ranking_functioning time = 8.438 ms


2019-05-04-02-54-16   >>>>   Start verify ranking function

[xr_1 = 0, xr_2 = 12316/13, xr_0 = 0]
ranking function : 0.8484 *  x[0]^1.0 + 1.6316 *  x[1]^1.0 + 3.2593 *  x[2]^1.0 + 6.3583 * 1

2019-05-04-02-54-16   >>>>   End verify ranking function

verifying time = 7.700 ms


Not Found Ranking Fcuntion

Conterexample is 

[0, 0, 947.3846153846154]

sampling time = 1.033 ms


       ########################################         

iteration 5 with 446 examples

2019-05-04-02-54-16   >>>>   Start train ranking function

2019-05-04-02-54-16   >>>>   End train ranking function

train_ranking_functioning time = 8.546 ms


2019-05-04-02-54-16   >>>>   Start verify ranking function

[xr_1 = 2842/51, xr_2 = 0, xr_0 = 0]
ranking function : 0.8483 *  x[0]^1.0 + 1.6303 *  x[1]^1.0 + 3.2626 *  x[2]^1.0 + 6.3607 * 1

2019-05-04-02-54-16   >>>>   End verify ranking function

verifying time = 7.679 ms


Not Found Ranking Fcuntion

Conterexample is 

[0, 55.72549019607843, 0]

sampling time = 1.026 ms


       ########################################         

iteration 6 with 448 examples

2019-05-04-02-54-16   >>>>   Start train ranking function

2019-05-04-02-54-16   >>>>   End train ranking function

train_ranking_functioning time = 8.780 ms


2019-05-04-02-54-16   >>>>   Start verify ranking function

[xr_1 = 9209/48, xr_2 = 0, xr_0 = 0]
ranking function : 0.8428 *  x[0]^1.0 + 1.6664 *  x[1]^1.0 + 3.3344 *  x[2]^1.0 + 6.4644 * 1

2019-05-04-02-54-16   >>>>   End verify ranking function

verifying time = 7.665 ms


Not Found Ranking Fcuntion

Conterexample is 

[0, 191.85416666666666, 0]

sampling time = 1.040 ms


       ########################################         

iteration 7 with 450 examples

2019-05-04-02-54-16   >>>>   Start train ranking function

2019-05-04-02-54-16   >>>>   End train ranking function

train_ranking_functioning time = 8.974 ms


2019-05-04-02-54-16   >>>>   Start verify ranking function

[xr_1 = 36836/67, xr_2 = 0, xr_0 = 0]
ranking function : 0.8428 *  x[0]^1.0 + 1.6789 *  x[1]^1.0 + 3.3595 *  x[2]^1.0 + 6.5015 * 1

2019-05-04-02-54-16   >>>>   End verify ranking function

verifying time = 7.715 ms


Not Found Ranking Fcuntion

Conterexample is 

[0, 549.7910447761194, 0]

sampling time = 1.122 ms


       ########################################         

iteration 8 with 452 examples

2019-05-04-02-54-16   >>>>   Start train ranking function

2019-05-04-02-54-16   >>>>   End train ranking function

train_ranking_functioning time = 9.313 ms


2019-05-04-02-54-16   >>>>   Start verify ranking function

[xr_1 = 36892/27, xr_2 = 0, xr_0 = 0]
ranking function : 0.8456 *  x[0]^1.0 + 1.6885 *  x[1]^1.0 + 3.3785 *  x[2]^1.0 + 6.5412 * 1

2019-05-04-02-54-16   >>>>   End verify ranking function

verifying time = 7.747 ms


Not Found Ranking Fcuntion

Conterexample is 

[0, 1366.3703703703704, 0]

sampling time = 1.032 ms


       ########################################         

iteration 9 with 454 examples

2019-05-04-02-54-16   >>>>   Start train ranking function

2019-05-04-02-54-16   >>>>   End train ranking function

train_ranking_functioning time = 9.286 ms


2019-05-04-02-54-16   >>>>   Start verify ranking function

[xr_1 = 6147, xr_2 = 0, xr_0 = 0]
ranking function : 0.8451 *  x[0]^1.0 + 1.6896 *  x[1]^1.0 + 3.3801 *  x[2]^1.0 + 6.5341 * 1

2019-05-04-02-54-16   >>>>   End verify ranking function

verifying time = 7.682 ms


Not Found Ranking Fcuntion

Conterexample is 

[0, 6147, 0]

sampling time = 1.045 ms


       ########################################         

iteration 10 with 456 examples

2019-05-04-02-54-16   >>>>   Start train ranking function

2019-05-04-02-54-16   >>>>   End train ranking function

train_ranking_functioning time = 9.466 ms


2019-05-04-02-54-16   >>>>   Start verify ranking function

[xr_1 = 6153, xr_2 = 0, xr_0 = 0]
ranking function : 0.8469 *  x[0]^1.0 + 1.6932 *  x[1]^1.0 + 3.3877 *  x[2]^1.0 + 6.5562 * 1

2019-05-04-02-54-16   >>>>   End verify ranking function

verifying time = 7.673 ms


Not Found Ranking Fcuntion

Conterexample is 

[0, 6153, 0]

sampling time = 1.036 ms


       ########################################         

iteration 11 with 458 examples

2019-05-04-02-54-16   >>>>   Start train ranking function

2019-05-04-02-54-16   >>>>   End train ranking function

train_ranking_functioning time = 9.463 ms


2019-05-04-02-54-16   >>>>   Start verify ranking function

[xr_1 = -36898/3, xr_2 = 0, xr_0 = 0]
ranking function : 0.8459 *  x[0]^1.0 + 1.6921 *  x[1]^1.0 + 3.3856 *  x[2]^1.0 + 6.5523 * 1

2019-05-04-02-54-16   >>>>   End verify ranking function

verifying time = 7.659 ms


Not Found Ranking Fcuntion

Conterexample is 

[0, -12299.333333333334, 0]

sampling time = 1.042 ms


       ########################################         

iteration 12 with 460 examples

2019-05-04-02-54-16   >>>>   Start train ranking function

2019-05-04-02-54-16   >>>>   End train ranking function

train_ranking_functioning time = 9.422 ms


2019-05-04-02-54-16   >>>>   Start verify ranking function

[xr_1 = 20178/179, xr_2 = 0, xr_0 = 0]
ranking function : 0.0099 *  x[0]^1.0 + 0.0019 *  x[1]^1.0 + 0.2261 *  x[2]^1.0 + 1.1785 * 1

2019-05-04-02-54-16   >>>>   End verify ranking function

verifying time = 7.661 ms


Not Found Ranking Fcuntion

Conterexample is 

[0, 112.72625698324022, 0]

sampling time = 1.212 ms


       ########################################         

iteration 13 with 462 examples

2019-05-04-02-54-16   >>>>   Start train ranking function

2019-05-04-02-54-16   >>>>   End train ranking function

train_ranking_functioning time = 10.652 ms


2019-05-04-02-54-16   >>>>   Start verify ranking function

[xr_1 = 1180, xr_2 = 0, xr_0 = 0]
ranking function : 0.004 *  x[0]^1.0 + 0.0063 *  x[1]^1.0 + 0.2342 *  x[2]^1.0 + 1.184 * 1

2019-05-04-02-54-16   >>>>   End verify ranking function

verifying time = 8.024 ms


Not Found Ranking Fcuntion

Conterexample is 

[0, 1180, 0]

sampling time = 1.028 ms


       ########################################         

iteration 14 with 464 examples

2019-05-04-02-54-16   >>>>   Start train ranking function

2019-05-04-02-54-16   >>>>   End train ranking function

train_ranking_functioning time = 9.920 ms


2019-05-04-02-54-16   >>>>   Start verify ranking function

[xr_1 = -5006/3, xr_2 = 0, xr_0 = 0]
ranking function : 0.0022 *  x[0]^1.0 + 0.0056 *  x[1]^1.0 + 0.2243 *  x[2]^1.0 + 1.1532 * 1

2019-05-04-02-54-16   >>>>   End verify ranking function

verifying time = 7.929 ms


Not Found Ranking Fcuntion

Conterexample is 

[0, -1668.6666666666667, 0]

sampling time = 1.042 ms


       ########################################         

iteration 15 with 466 examples

2019-05-04-02-54-16   >>>>   Start train ranking function

2019-05-04-02-54-16   >>>>   End train ranking function

train_ranking_functioning time = 9.676 ms


2019-05-04-02-54-16   >>>>   Start verify ranking function

[xr_1 = 0, xr_2 = 0, xr_0 = 0]
ranking function :  - 0.0001 *  x[0]^1.0 + 0.0011 *  x[1]^1.0 + 0.2119 *  x[2]^1.0 + 1.1548 * 1

2019-05-04-02-54-16   >>>>   End verify ranking function

verifying time = 7.703 ms


Not Found Ranking Fcuntion

Conterexample is 

[0, 0, 0]

sampling time = 1.034 ms


       ########################################         

iteration 16 with 468 examples

2019-05-04-02-54-16   >>>>   Start train ranking function

2019-05-04-02-54-16   >>>>   End train ranking function

train_ranking_functioning time = 9.577 ms


2019-05-04-02-54-16   >>>>   Start verify ranking function

[xr_1 = 0, xr_2 = 0, xr_0 = 0]
ranking function :  - 0.0013 *  x[0]^1.0 + 0.0008 *  x[1]^1.0 + 0.2167 *  x[2]^1.0 + 1.1594 * 1

2019-05-04-02-54-16   >>>>   End verify ranking function

verifying time = 7.707 ms


Not Found Ranking Fcuntion

Conterexample is 

[0, 0, 0]

sampling time = 1.027 ms


       ########################################         

iteration 17 with 470 examples

2019-05-04-02-54-16   >>>>   Start train ranking function

2019-05-04-02-54-16   >>>>   End train ranking function

train_ranking_functioning time = 9.676 ms


2019-05-04-02-54-16   >>>>   Start verify ranking function

[xr_1 = 0, xr_2 = 0, xr_0 = 0]
ranking function :  - 0.0008 *  x[0]^1.0 + 0.0008 *  x[1]^1.0 + 0.2256 *  x[2]^1.0 + 1.1701 * 1

2019-05-04-02-54-16   >>>>   End verify ranking function

verifying time = 7.690 ms


Not Found Ranking Fcuntion

Conterexample is 

[0, 0, 0]

sampling time = 1.038 ms


       ########################################         

iteration 18 with 472 examples

2019-05-04-02-54-16   >>>>   Start train ranking function

2019-05-04-02-54-16   >>>>   End train ranking function

train_ranking_functioning time = 9.873 ms


2019-05-04-02-54-16   >>>>   Start verify ranking function

[xr_1 = 0, xr_2 = 0, xr_0 = 0]
ranking function :  - 0.0017 *  x[0]^1.0 + 0.0006 *  x[1]^1.0 + 0.2117 *  x[2]^1.0 + 1.1551 * 1

2019-05-04-02-54-16   >>>>   End verify ranking function

verifying time = 7.704 ms


Not Found Ranking Fcuntion

Conterexample is 

[0, 0, 0]

sampling time = 1.036 ms


       ########################################         

iteration 19 with 474 examples

2019-05-04-02-54-16   >>>>   Start train ranking function

2019-05-04-02-54-16   >>>>   End train ranking function

train_ranking_functioning time = 9.736 ms


2019-05-04-02-54-16   >>>>   Start verify ranking function

[xr_1 = 10005/19, xr_2 = 0, xr_0 = 0]
ranking function : 0.0015 *  x[0]^1.0 - 0.0008 *  x[1]^1.0 + 0.226 *  x[2]^1.0 + 1.1542 * 1

2019-05-04-02-54-16   >>>>   End verify ranking function

verifying time = 7.684 ms


Not Found Ranking Fcuntion

Conterexample is 

[0, 526.578947368421, 0]

sampling time = 1.044 ms


       ########################################         

iteration 20 with 476 examples

2019-05-04-02-54-16   >>>>   Start train ranking function

2019-05-04-02-54-16   >>>>   End train ranking function

train_ranking_functioning time = 9.667 ms


2019-05-04-02-54-16   >>>>   Start verify ranking function

[xr_1 = 0, xr_2 = 0, xr_0 = 0]
ranking function :  - 0.0062 *  x[0]^1.0 + 0.0019 *  x[1]^1.0 + 0.2183 *  x[2]^1.0 + 1.145 * 1

2019-05-04-02-54-16   >>>>   End verify ranking function

verifying time = 7.989 ms


Not Found Ranking Fcuntion

Conterexample is 

[0, 0, 0]

sampling time = 1.081 ms


       ########################################         

iteration 21 with 478 examples

2019-05-04-02-54-16   >>>>   Start train ranking function

2019-05-04-02-54-16   >>>>   End train ranking function

train_ranking_functioning time = 9.927 ms


2019-05-04-02-54-16   >>>>   Start verify ranking function

[xr_1 = 0, xr_2 = 0, xr_0 = 0]
ranking function :  - 0.0019 *  x[0]^1.0 + 0.0005 *  x[1]^1.0 + 0.2258 *  x[2]^1.0 + 1.1695 * 1

2019-05-04-02-54-16   >>>>   End verify ranking function

verifying time = 7.637 ms


Not Found Ranking Fcuntion

Conterexample is 

[0, 0, 0]

sampling time = 1.077 ms


       ########################################         

iteration 22 with 480 examples

2019-05-04-02-54-16   >>>>   Start train ranking function

2019-05-04-02-54-16   >>>>   End train ranking function

train_ranking_functioning time = 9.730 ms


2019-05-04-02-54-16   >>>>   Start verify ranking function

[xr_1 = 0, xr_2 = 0, xr_0 = 0]
ranking function :  - 0.0019 *  x[0]^1.0 + 0.0005 *  x[1]^1.0 + 0.2161 *  x[2]^1.0 + 1.1593 * 1

2019-05-04-02-54-16   >>>>   End verify ranking function

verifying time = 7.731 ms


Not Found Ranking Fcuntion

Conterexample is 

[0, 0, 0]

sampling time = 1.038 ms


       ########################################         

iteration 23 with 482 examples

2019-05-04-02-54-16   >>>>   Start train ranking function

2019-05-04-02-54-16   >>>>   End train ranking function

train_ranking_functioning time = 10.085 ms


2019-05-04-02-54-16   >>>>   Start verify ranking function

[xr_1 = 0, xr_2 = 0, xr_0 = 0]
ranking function :  - 0.0024 *  x[0]^1.0 + 0.0005 *  x[1]^1.0 + 0.2255 *  x[2]^1.0 + 1.1697 * 1

2019-05-04-02-54-16   >>>>   End verify ranking function

verifying time = 7.677 ms


Not Found Ranking Fcuntion

Conterexample is 

[0, 0, 0]

sampling time = 1.041 ms


       ########################################         

iteration 24 with 484 examples

2019-05-04-02-54-16   >>>>   Start train ranking function

2019-05-04-02-54-16   >>>>   End train ranking function

train_ranking_functioning time = 9.890 ms


2019-05-04-02-54-16   >>>>   Start verify ranking function

[xr_1 = 0, xr_2 = 0, xr_0 = 0]
ranking function :  - 0.0018 *  x[0]^1.0 + 0.0003 *  x[1]^1.0 + 0.2114 *  x[2]^1.0 + 1.1552 * 1

2019-05-04-02-54-17   >>>>   End verify ranking function

verifying time = 8.673 ms


Not Found Ranking Fcuntion

Conterexample is 

[0, 0, 0]

sampling time = 1.096 ms


Failed to prove it is terminated

UNKNOWN
Time For Template 0 Is--->-724.914000 ms

------Using Template 1 -----------
3 [3]
*****************************************************

2019-05-04-02-54-17   >>>>   End sampling point

sampling time = 199.293 ms,


       ########################################         

iteration 0 with 436 examples

2019-05-04-02-54-17   >>>>   Start train ranking function

2019-05-04-02-54-17   >>>>   End train ranking function

train_ranking_functioning time = 16.233 ms


2019-05-04-02-54-17   >>>>   Start verify ranking function

[xr_0 = 7/8, xr_1 = 1/8, xr_2 = 1/2]
ranking function :  - 0.0296 *  x[1]^1.0 *  x[2]^-3.0 + 0.0111 *  x[0]^0.5 *  x[2]^-1.0 - 0.0091 *  x[0]^-1.0 *  x[1]^-3.0 *  x[2]^-3.0

2019-05-04-02-54-17   >>>>   End verify ranking function

verifying time = 20.642 ms


Not Found Ranking Fcuntion

Conterexample is 

[0.875, 0.125, 0.5]

sampling time = 1.133 ms


       ########################################         

iteration 1 with 438 examples

2019-05-04-02-54-17   >>>>   Start train ranking function

2019-05-04-02-54-17   >>>>   End train ranking function

train_ranking_functioning time = 17.716 ms


2019-05-04-02-54-17   >>>>   Start verify ranking function

[xr_0 = 7/8, xr_1 = 1/8, xr_2 = 1/2]
ranking function :  - 0.0326 *  x[1]^1.0 *  x[2]^-3.0 + 0.0034 *  x[0]^0.5 *  x[2]^-1.0 - 0.0004 *  x[0]^-1.0 *  x[1]^-3.0 *  x[2]^-3.0

2019-05-04-02-54-17   >>>>   End verify ranking function

verifying time = 21.123 ms


Not Found Ranking Fcuntion

Conterexample is 

[0.875, 0.125, 0.5]

sampling time = 0.908 ms


       ########################################         

iteration 2 with 440 examples

2019-05-04-02-54-17   >>>>   Start train ranking function

2019-05-04-02-54-17   >>>>   End train ranking function

train_ranking_functioning time = 16.713 ms


2019-05-04-02-54-17   >>>>   Start verify ranking function

[xr_0 = -1, xr_1 = 1/8, xr_2 = 1/2]
ranking function :  - 0.0421 *  x[1]^1.0 *  x[2]^-3.0 - 0.0016 *  x[0]^0.5 *  x[2]^-1.0 + 0.0012 *  x[0]^-1.0 *  x[1]^-3.0 *  x[2]^-3.0

2019-05-04-02-54-17   >>>>   End verify ranking function

verifying time = 19.541 ms


Not Found Ranking Fcuntion

Conterexample is 

[-1, 0.125, 0.5]

sampling time = 0.938 ms


       ########################################         

iteration 3 with 442 examples

2019-05-04-02-54-17   >>>>   Start train ranking function

2019-05-04-02-54-17   >>>>   End train ranking function

train_ranking_functioning time = 16.577 ms


2019-05-04-02-54-17   >>>>   Start verify ranking function

[xr_0 = 7/8, xr_1 = 1/8, xr_2 = 1/2]
ranking function :  - 0.0272 *  x[1]^1.0 *  x[2]^-3.0 + 0.0106 *  x[0]^0.5 *  x[2]^-1.0 - 0.0004 *  x[0]^-1.0 *  x[1]^-3.0 *  x[2]^-3.0

2019-05-04-02-54-17   >>>>   End verify ranking function

verifying time = 20.624 ms


Not Found Ranking Fcuntion

Conterexample is 

[0.875, 0.125, 0.5]

sampling time = 0.922 ms


       ########################################         

iteration 4 with 444 examples

2019-05-04-02-54-17   >>>>   Start train ranking function

2019-05-04-02-54-17   >>>>   End train ranking function

train_ranking_functioning time = 16.736 ms


2019-05-04-02-54-17   >>>>   Start verify ranking function

[xr_0 = -1, xr_1 = 1/8, xr_2 = 1/2]
ranking function :  - 0.025 *  x[1]^1.0 *  x[2]^-3.0 + 0.0024 *  x[0]^0.5 *  x[2]^-1.0 + 0.0028 *  x[0]^-1.0 *  x[1]^-3.0 *  x[2]^-3.0

2019-05-04-02-54-17   >>>>   End verify ranking function

verifying time = 572.156 ms


Not Found Ranking Fcuntion

Conterexample is 

[-1, 0.125, 0.5]

sampling time = 0.922 ms


       ########################################         

iteration 5 with 446 examples

2019-05-04-02-54-17   >>>>   Start train ranking function

2019-05-04-02-54-17   >>>>   End train ranking function

train_ranking_functioning time = 16.771 ms


2019-05-04-02-54-17   >>>>   Start verify ranking function

[xr_0 = 7/8, xr_1 = 1/8, xr_2 = 1/2]
ranking function :  - 0.0264 *  x[1]^1.0 *  x[2]^-3.0 + 0.0068 *  x[0]^0.5 *  x[2]^-1.0 - 0.0087 *  x[0]^-1.0 *  x[1]^-3.0 *  x[2]^-3.0

2019-05-04-02-54-18   >>>>   End verify ranking function

verifying time = 21.825 ms


Not Found Ranking Fcuntion

Conterexample is 

[0.875, 0.125, 0.5]

sampling time = 0.989 ms


       ########################################         

iteration 6 with 448 examples

2019-05-04-02-54-18   >>>>   Start train ranking function

2019-05-04-02-54-18   >>>>   End train ranking function

train_ranking_functioning time = 17.191 ms


2019-05-04-02-54-18   >>>>   Start verify ranking function

[xr_0 = -1, xr_1 = 1/8, xr_2 = 1/2]
ranking function :  - 0.0302 *  x[1]^1.0 *  x[2]^-3.0 - 0.0001 *  x[0]^0.5 *  x[2]^-1.0 + 0.0094 *  x[0]^-1.0 *  x[1]^-3.0 *  x[2]^-3.0

2019-05-04-02-54-18   >>>>   End verify ranking function

verifying time = 19.496 ms


Not Found Ranking Fcuntion

Conterexample is 

[-1, 0.125, 0.5]

sampling time = 0.914 ms


       ########################################         

iteration 7 with 450 examples

2019-05-04-02-54-18   >>>>   Start train ranking function

2019-05-04-02-54-18   >>>>   End train ranking function

train_ranking_functioning time = 16.872 ms


2019-05-04-02-54-18   >>>>   Start verify ranking function

[xr_0 = 54, xr_1 = -2, xr_2 = 1/8]
ranking function :  - 0.0206 *  x[1]^1.0 *  x[2]^-3.0 + 0.0075 *  x[0]^0.5 *  x[2]^-1.0

2019-05-04-02-54-18   >>>>   End verify ranking function

verifying time = 17.046 ms


Not Found Ranking Fcuntion

Conterexample is 

[54, -2, 0.125]

sampling time = 0.929 ms


       ########################################         

iteration 8 with 452 examples

2019-05-04-02-54-18   >>>>   Start train ranking function

2019-05-04-02-54-18   >>>>   End train ranking function

train_ranking_functioning time = 16.749 ms


2019-05-04-02-54-18   >>>>   Start verify ranking function

[xr_0 = 7/8, xr_1 = 1/8, xr_2 = 1/2]
ranking function :  - 0.0411 *  x[1]^1.0 *  x[2]^-3.0 + 0.0086 *  x[0]^0.5 *  x[2]^-1.0 - 0.0017 *  x[0]^-1.0 *  x[1]^-3.0 *  x[2]^-3.0

2019-05-04-02-54-18   >>>>   End verify ranking function

verifying time = 20.377 ms


Not Found Ranking Fcuntion

Conterexample is 

[0.875, 0.125, 0.5]

sampling time = 0.916 ms


       ########################################         

iteration 9 with 454 examples

2019-05-04-02-54-18   >>>>   Start train ranking function

2019-05-04-02-54-18   >>>>   End train ranking function

train_ranking_functioning time = 16.889 ms


2019-05-04-02-54-18   >>>>   Start verify ranking function

[xr_0 = -1, xr_1 = 1/8, xr_2 = 1/2]
ranking function :  - 0.0259 *  x[1]^1.0 *  x[2]^-3.0 + 0.008 *  x[0]^0.5 *  x[2]^-1.0 + 0.0032 *  x[0]^-1.0 *  x[1]^-3.0 *  x[2]^-3.0

2019-05-04-02-54-18   >>>>   End verify ranking function

verifying time = 18.895 ms


Not Found Ranking Fcuntion

Conterexample is 

[-1, 0.125, 0.5]

sampling time = 0.927 ms


       ########################################         

iteration 10 with 456 examples

2019-05-04-02-54-18   >>>>   Start train ranking function

2019-05-04-02-54-18   >>>>   End train ranking function

train_ranking_functioning time = 17.260 ms


2019-05-04-02-54-18   >>>>   Start verify ranking function

[xr_0 = 7/8, xr_1 = 1/8, xr_2 = 1/2]
ranking function :  - 0.0311 *  x[1]^1.0 *  x[2]^-3.0 - 0.0019 *  x[0]^0.5 *  x[2]^-1.0 + 0.0002 *  x[0]^-1.0 *  x[1]^-3.0 *  x[2]^-3.0

2019-05-04-02-54-18   >>>>   End verify ranking function

verifying time = 20.384 ms


Not Found Ranking Fcuntion

Conterexample is 

[0.875, 0.125, 0.5]

sampling time = 0.915 ms


       ########################################         

iteration 11 with 458 examples

2019-05-04-02-54-18   >>>>   Start train ranking function

2019-05-04-02-54-18   >>>>   End train ranking function

train_ranking_functioning time = 17.224 ms


2019-05-04-02-54-18   >>>>   Start verify ranking function

[xr_0 = 7/8, xr_1 = 1/8, xr_2 = 1/2]
ranking function :  - 0.0342 *  x[1]^1.0 *  x[2]^-3.0 + 0.0024 *  x[0]^0.5 *  x[2]^-1.0 + 0.0001 *  x[0]^-1.0 *  x[1]^-3.0 *  x[2]^-3.0

2019-05-04-02-54-18   >>>>   End verify ranking function

verifying time = 20.609 ms


Not Found Ranking Fcuntion

Conterexample is 

[0.875, 0.125, 0.5]

sampling time = 0.924 ms


       ########################################         

iteration 12 with 460 examples

2019-05-04-02-54-18   >>>>   Start train ranking function

2019-05-04-02-54-18   >>>>   End train ranking function

train_ranking_functioning time = 17.053 ms


2019-05-04-02-54-18   >>>>   Start verify ranking function

[xr_0 = 7/8, xr_1 = 1/8, xr_2 = 1/2]
ranking function :  - 0.0311 *  x[1]^1.0 *  x[2]^-3.0 + 0.0064 *  x[0]^0.5 *  x[2]^-1.0 - 0.0017 *  x[0]^-1.0 *  x[1]^-3.0 *  x[2]^-3.0

2019-05-04-02-54-18   >>>>   End verify ranking function

verifying time = 20.821 ms


Not Found Ranking Fcuntion

Conterexample is 

[0.875, 0.125, 0.5]

sampling time = 0.931 ms


       ########################################         

iteration 13 with 462 examples

2019-05-04-02-54-18   >>>>   Start train ranking function

2019-05-04-02-54-18   >>>>   End train ranking function

train_ranking_functioning time = 18.619 ms


2019-05-04-02-54-18   >>>>   Start verify ranking function

[xr_0 = -1, xr_1 = 1/8, xr_2 = 1/2]
ranking function :  - 0.0343 *  x[1]^1.0 *  x[2]^-3.0 - 0.0001 *  x[0]^0.5 *  x[2]^-1.0 + 0.0016 *  x[0]^-1.0 *  x[1]^-3.0 *  x[2]^-3.0

2019-05-04-02-54-18   >>>>   End verify ranking function

verifying time = 19.827 ms


Not Found Ranking Fcuntion

Conterexample is 

[-1, 0.125, 0.5]

sampling time = 1.016 ms


       ########################################         

iteration 14 with 464 examples

2019-05-04-02-54-18   >>>>   Start train ranking function

2019-05-04-02-54-18   >>>>   End train ranking function

train_ranking_functioning time = 17.336 ms


2019-05-04-02-54-18   >>>>   Start verify ranking function

[xr_0 = -1, xr_1 = 1/8, xr_2 = 1/2]
ranking function :  - 0.0424 *  x[1]^1.0 *  x[2]^-3.0 + 0.0009 *  x[0]^0.5 *  x[2]^-1.0 + 0.0147 *  x[0]^-1.0 *  x[1]^-3.0 *  x[2]^-3.0

2019-05-04-02-54-18   >>>>   End verify ranking function

verifying time = 19.216 ms


Not Found Ranking Fcuntion

Conterexample is 

[-1, 0.125, 0.5]

sampling time = 0.955 ms


       ########################################         

iteration 15 with 466 examples

2019-05-04-02-54-18   >>>>   Start train ranking function

2019-05-04-02-54-18   >>>>   End train ranking function

train_ranking_functioning time = 17.606 ms


2019-05-04-02-54-18   >>>>   Start verify ranking function

[xr_0 = 7/8, xr_1 = 1/8, xr_2 = 1/2]
ranking function :  - 0.0328 *  x[1]^1.0 *  x[2]^-3.0 + 0.0023 *  x[0]^0.5 *  x[2]^-1.0 - 0.0009 *  x[0]^-1.0 *  x[1]^-3.0 *  x[2]^-3.0

2019-05-04-02-54-18   >>>>   End verify ranking function

verifying time = 20.339 ms


Not Found Ranking Fcuntion

Conterexample is 

[0.875, 0.125, 0.5]

sampling time = 0.936 ms


       ########################################         

iteration 16 with 468 examples

2019-05-04-02-54-18   >>>>   Start train ranking function

2019-05-04-02-54-18   >>>>   End train ranking function

train_ranking_functioning time = 17.570 ms


2019-05-04-02-54-18   >>>>   Start verify ranking function

[xr_0 = 7/8, xr_1 = 1/8, xr_2 = 1/2]
ranking function :  - 0.0414 *  x[1]^1.0 *  x[2]^-3.0 + 0.0009 *  x[0]^0.5 *  x[2]^-1.0 - 0.0001 *  x[0]^-1.0 *  x[1]^-3.0 *  x[2]^-3.0

2019-05-04-02-54-18   >>>>   End verify ranking function

verifying time = 20.658 ms


Not Found Ranking Fcuntion

Conterexample is 

[0.875, 0.125, 0.5]

sampling time = 0.935 ms


       ########################################         

iteration 17 with 470 examples

2019-05-04-02-54-18   >>>>   Start train ranking function

2019-05-04-02-54-18   >>>>   End train ranking function

train_ranking_functioning time = 17.545 ms


2019-05-04-02-54-18   >>>>   Start verify ranking function

[xr_0 = 7/8, xr_1 = 1/8, xr_2 = 1/2]
ranking function :  - 0.0359 *  x[1]^1.0 *  x[2]^-3.0 + 0.0001 *  x[0]^0.5 *  x[2]^-1.0 - 0.0031 *  x[0]^-1.0 *  x[1]^-3.0 *  x[2]^-3.0

2019-05-04-02-54-18   >>>>   End verify ranking function

verifying time = 20.812 ms


Not Found Ranking Fcuntion

Conterexample is 

[0.875, 0.125, 0.5]

sampling time = 1.006 ms


       ########################################         

iteration 18 with 472 examples

2019-05-04-02-54-18   >>>>   Start train ranking function

2019-05-04-02-54-18   >>>>   End train ranking function

train_ranking_functioning time = 17.723 ms


2019-05-04-02-54-18   >>>>   Start verify ranking function

[xr_0 = 7/8, xr_1 = 1/8, xr_2 = 1/2]
ranking function :  - 0.033 *  x[1]^1.0 *  x[2]^-3.0 + 0.0032 *  x[0]^0.5 *  x[2]^-1.0 - 0.0005 *  x[0]^-1.0 *  x[1]^-3.0 *  x[2]^-3.0

2019-05-04-02-54-18   >>>>   End verify ranking function

verifying time = 20.319 ms


Not Found Ranking Fcuntion

Conterexample is 

[0.875, 0.125, 0.5]

sampling time = 0.933 ms


       ########################################         

iteration 19 with 474 examples

2019-05-04-02-54-18   >>>>   Start train ranking function

2019-05-04-02-54-18   >>>>   End train ranking function

train_ranking_functioning time = 17.751 ms


2019-05-04-02-54-18   >>>>   Start verify ranking function

[xr_0 = 7/8, xr_1 = 1/8, xr_2 = 1/2]
ranking function :  - 0.0263 *  x[1]^1.0 *  x[2]^-3.0 + 0.0004 *  x[0]^0.5 *  x[2]^-1.0 - 0.0001 *  x[0]^-1.0 *  x[1]^-3.0 *  x[2]^-3.0

2019-05-04-02-54-18   >>>>   End verify ranking function

verifying time = 20.665 ms


Not Found Ranking Fcuntion

Conterexample is 

[0.875, 0.125, 0.5]

sampling time = 0.929 ms


       ########################################         

iteration 20 with 476 examples

2019-05-04-02-54-18   >>>>   Start train ranking function

2019-05-04-02-54-18   >>>>   End train ranking function

train_ranking_functioning time = 18.047 ms


2019-05-04-02-54-18   >>>>   Start verify ranking function

[xr_0 = 7/8, xr_1 = 1/8, xr_2 = 1/2]
ranking function :  - 0.0292 *  x[1]^1.0 *  x[2]^-3.0 + 0.0044 *  x[0]^0.5 *  x[2]^-1.0 - 0.0022 *  x[0]^-1.0 *  x[1]^-3.0 *  x[2]^-3.0

2019-05-04-02-54-18   >>>>   End verify ranking function

verifying time = 20.407 ms


Not Found Ranking Fcuntion

Conterexample is 

[0.875, 0.125, 0.5]

sampling time = 0.969 ms


       ########################################         

iteration 21 with 478 examples

2019-05-04-02-54-18   >>>>   Start train ranking function

2019-05-04-02-54-18   >>>>   End train ranking function

train_ranking_functioning time = 17.819 ms


2019-05-04-02-54-18   >>>>   Start verify ranking function

[xr_0 = -1, xr_1 = 1/8, xr_2 = 1/2]
ranking function :  - 0.0252 *  x[1]^1.0 *  x[2]^-3.0 - 0.0083 *  x[0]^0.5 *  x[2]^-1.0 + 0.0078 *  x[0]^-1.0 *  x[1]^-3.0 *  x[2]^-3.0

2019-05-04-02-54-18   >>>>   End verify ranking function

verifying time = 19.200 ms


Not Found Ranking Fcuntion

Conterexample is 

[-1, 0.125, 0.5]

sampling time = 0.958 ms


       ########################################         

iteration 22 with 480 examples

2019-05-04-02-54-18   >>>>   Start train ranking function

2019-05-04-02-54-18   >>>>   End train ranking function

train_ranking_functioning time = 17.757 ms


2019-05-04-02-54-18   >>>>   Start verify ranking function

time out
ranking function :  - 0.0187 *  x[1]^1.0 *  x[2]^-3.0 - 0.0033 *  x[0]^0.5 *  x[2]^-1.0 - 0.0009 *  x[0]^-1.0 *  x[1]^-3.0 *  x[2]^-3.0

2019-05-04-02-54-19   >>>>   End verify ranking function

verifying time = 1273.251 ms


UNKNOWN
Time For Template 1 Is--->-2922.007000 ms

------Using Template 2 -----------
12 [4, 4, 4]
*****************************************************

2019-05-04-02-54-20   >>>>   End sampling point

sampling time = 649.966 ms,


       ########################################         

iteration 0 with 872 examples

2019-05-04-02-54-20   >>>>   Start train ranking function

2019-05-04-02-54-20   >>>>   End train ranking function

train_ranking_functioning time = 2.118 ms


2019-05-04-02-54-20   >>>>   Start verify ranking function

[xr_1 = 39142/2565, xr_2 = 0, xr_0 = 0]
ranking function : 0.9581 *  x[0]^1.0 + 1.6597 *  x[1]^1.0 + 3.2284 *  x[2]^1.0 + 2.5938 * 1; 1.8675 *  x[0]^1.0 + 0.9854 *  x[1]^1.0 - 0.0996 *  x[2]^1.0 + 2.2181 * 1; 0.9249 *  x[0]^1.0 - 0.0539 *  x[1]^1.0 + 0.0283 *  x[2]^1.0 + 2.063 * 1

2019-05-04-02-54-20   >>>>   End verify ranking function

verifying time = 7.821 ms


Not Found Ranking Fcuntion

Conterexample is 

[0, 15.260038986354775, 0]

sampling time = 2.960 ms


       ########################################         

iteration 1 with 876 examples

2019-05-04-02-54-20   >>>>   Start train ranking function

2019-05-04-02-54-20   >>>>   End train ranking function

train_ranking_functioning time = 9.318 ms


2019-05-04-02-54-20   >>>>   Start verify ranking function

[xr_1 = 0, xr_2 = 19114/289, xr_0 = 0]
ranking function : 0.9124 *  x[0]^1.0 + 1.7643 *  x[1]^1.0 + 3.4708 *  x[2]^1.0 + 2.6764 * 1; 1.9748 *  x[0]^1.0 + 1.0214 *  x[1]^1.0 - 0.1019 *  x[2]^1.0 + 2.3051 * 1; 0.9606 *  x[0]^1.0 - 0.0555 *  x[1]^1.0 + 0.0293 *  x[2]^1.0 + 2.1047 * 1

2019-05-04-02-54-20   >>>>   End verify ranking function

verifying time = 7.835 ms


Not Found Ranking Fcuntion

Conterexample is 

[0, 0, 66.13840830449827]

sampling time = 3.377 ms


       ########################################         

iteration 2 with 880 examples

2019-05-04-02-54-20   >>>>   Start train ranking function

2019-05-04-02-54-20   >>>>   End train ranking function

train_ranking_functioning time = 11.707 ms


2019-05-04-02-54-20   >>>>   Start verify ranking function

[xr_1 = 0, xr_2 = 38332/29, xr_0 = 0]
ranking function : 0.9176 *  x[0]^1.0 + 1.7638 *  x[1]^1.0 + 3.5247 *  x[2]^1.0 + 2.706 * 1; 1.9885 *  x[0]^1.0 + 1.0356 *  x[1]^1.0 - 0.1044 *  x[2]^1.0 + 2.3092 * 1; 0.973 *  x[0]^1.0 - 0.057 *  x[1]^1.0 + 0.0299 *  x[2]^1.0 + 2.1196 * 1

2019-05-04-02-54-20   >>>>   End verify ranking function

verifying time = 8.511 ms


Not Found Ranking Fcuntion

Conterexample is 

[0, 0, 1321.7931034482758]

sampling time = 3.214 ms


       ########################################         

iteration 3 with 884 examples

2019-05-04-02-54-20   >>>>   Start train ranking function

2019-05-04-02-54-20   >>>>   End train ranking function

train_ranking_functioning time = 10.338 ms


2019-05-04-02-54-20   >>>>   Start verify ranking function

[xr_1 = 19099/314, xr_2 = 0, xr_0 = 0]
ranking function : 0.9109 *  x[0]^1.0 + 1.759 *  x[1]^1.0 + 3.519 *  x[2]^1.0 + 2.7096 * 1; 1.9883 *  x[0]^1.0 + 1.0308 *  x[1]^1.0 - 0.0771 *  x[2]^1.0 + 2.2984 * 1; 0.9749 *  x[0]^1.0 - 0.0599 *  x[1]^1.0 + 0.0311 *  x[2]^1.0 + 2.1238 * 1

2019-05-04-02-54-20   >>>>   End verify ranking function

verifying time = 7.934 ms


Not Found Ranking Fcuntion

Conterexample is 

[0, 60.82484076433121, 0]

sampling time = 3.002 ms


       ########################################         

iteration 4 with 888 examples

2019-05-04-02-54-20   >>>>   Start train ranking function

2019-05-04-02-54-20   >>>>   End train ranking function

train_ranking_functioning time = 11.406 ms


2019-05-04-02-54-20   >>>>   Start verify ranking function

[xr_1 = 9535/36, xr_2 = 0, xr_0 = 0]
ranking function : 0.908 *  x[0]^1.0 + 1.8016 *  x[1]^1.0 + 3.6045 *  x[2]^1.0 + 2.7563 * 1; 2.0393 *  x[0]^1.0 + 1.0483 *  x[1]^1.0 - 0.0308 *  x[2]^1.0 + 2.3199 * 1; 1.0124 *  x[0]^1.0 - 0.019 *  x[1]^1.0 + 0.0201 *  x[2]^1.0 + 2.1463 * 1

2019-05-04-02-54-20   >>>>   End verify ranking function

verifying time = 7.834 ms


Not Found Ranking Fcuntion

Conterexample is 

[0, 264.8611111111111, 0]

sampling time = 2.971 ms


       ########################################         

iteration 5 with 892 examples

2019-05-04-02-54-20   >>>>   Start train ranking function

2019-05-04-02-54-20   >>>>   End train ranking function

train_ranking_functioning time = 11.930 ms


2019-05-04-02-54-20   >>>>   Start verify ranking function

[xr_1 = 0, xr_2 = -7644, xr_0 = 0]
ranking function : 0.912 *  x[0]^1.0 + 1.8189 *  x[1]^1.0 + 3.6383 *  x[2]^1.0 + 2.7818 * 1; 2.0593 *  x[0]^1.0 + 1.0521 *  x[1]^1.0 - 0.0154 *  x[2]^1.0 + 2.3324 * 1; 1.0229 *  x[0]^1.0 - 0.0044 *  x[1]^1.0 + 0.0185 *  x[2]^1.0 + 2.1558 * 1

2019-05-04-02-54-20   >>>>   End verify ranking function

verifying time = 7.836 ms


Not Found Ranking Fcuntion

Conterexample is 

[0, 0, -7644]

sampling time = 2.951 ms


       ########################################         

iteration 6 with 896 examples

2019-05-04-02-54-20   >>>>   Start train ranking function

2019-05-04-02-54-20   >>>>   End train ranking function

train_ranking_functioning time = 10.936 ms


2019-05-04-02-54-20   >>>>   Start verify ranking function

[xr_1 = 0, xr_2 = -9348, xr_0 = 0]
ranking function : 0.8706 *  x[0]^1.0 + 1.7329 *  x[1]^1.0 + 3.4662 *  x[2]^1.0 + 2.1724 * 1; 1.6844 *  x[0]^1.0 + 3.4603 *  x[1]^1.0 - 0.0111 *  x[2]^1.0 + 2.5946 * 1; 1.9231 *  x[0]^1.0 - 0.0083 *  x[1]^1.0 + 0.0003 *  x[2]^1.0 + 3.1883 * 1

2019-05-04-02-54-20   >>>>   End verify ranking function

verifying time = 7.812 ms


Not Found Ranking Fcuntion

Conterexample is 

[0, 0, -9348]

sampling time = 3.044 ms


       ########################################         

iteration 7 with 900 examples

2019-05-04-02-54-20   >>>>   Start train ranking function

2019-05-04-02-54-20   >>>>   End train ranking function

train_ranking_functioning time = 10.466 ms


2019-05-04-02-54-20   >>>>   Start verify ranking function

[xr_1 = 0, xr_2 = -37258/15, xr_0 = 0]
ranking function : 0.8639 *  x[0]^1.0 + 1.7216 *  x[1]^1.0 + 3.4447 *  x[2]^1.0 + 2.1697 * 1; 1.6871 *  x[0]^1.0 + 3.4388 *  x[1]^1.0 - 0.0111 *  x[2]^1.0 + 2.5875 * 1; 1.9165 *  x[0]^1.0 - 0.0083 *  x[1]^1.0 + 0.0003 *  x[2]^1.0 + 3.1807 * 1

2019-05-04-02-54-20   >>>>   End verify ranking function

verifying time = 7.836 ms


Not Found Ranking Fcuntion

Conterexample is 

[0, 0, -2483.866666666667]

sampling time = 3.381 ms


       ########################################         

iteration 8 with 904 examples

2019-05-04-02-54-20   >>>>   Start train ranking function

2019-05-04-02-54-20   >>>>   End train ranking function

train_ranking_functioning time = 11.507 ms


2019-05-04-02-54-20   >>>>   Start verify ranking function

[xr_1 = 7486/15, xr_2 = 0, xr_0 = 0]
ranking function : 0.8725 *  x[0]^1.0 + 1.7375 *  x[1]^1.0 + 3.4728 *  x[2]^1.0 + 2.1843 * 1; 1.7001 *  x[0]^1.0 + 3.4668 *  x[1]^1.0 - 0.0113 *  x[2]^1.0 + 2.6028 * 1; 1.9308 *  x[0]^1.0 - 0.0084 *  x[1]^1.0 + 0.0004 *  x[2]^1.0 + 3.1971 * 1

2019-05-04-02-54-20   >>>>   End verify ranking function

verifying time = 7.943 ms


Not Found Ranking Fcuntion

Conterexample is 

[0, 499.06666666666666, 0]

sampling time = 2.993 ms


       ########################################         

iteration 9 with 908 examples

2019-05-04-02-54-20   >>>>   Start train ranking function

2019-05-04-02-54-20   >>>>   End train ranking function

train_ranking_functioning time = 11.345 ms


2019-05-04-02-54-20   >>>>   Start verify ranking function

[xr_1 = 4675/4, xr_2 = 0, xr_0 = 0]
ranking function : 0.871 *  x[0]^1.0 + 1.7388 *  x[1]^1.0 + 3.4779 *  x[2]^1.0 + 2.1875 * 1; 1.7004 *  x[0]^1.0 + 3.4727 *  x[1]^1.0 - 0.0094 *  x[2]^1.0 + 2.6083 * 1; 1.9321 *  x[0]^1.0 - 0.0063 *  x[1]^1.0 + 0.0003 *  x[2]^1.0 + 3.1982 * 1

2019-05-04-02-54-20   >>>>   End verify ranking function

verifying time = 7.817 ms


Not Found Ranking Fcuntion

Conterexample is 

[0, 1168.75, 0]

sampling time = 3.008 ms


       ########################################         

iteration 10 with 912 examples

2019-05-04-02-54-20   >>>>   Start train ranking function

2019-05-04-02-54-20   >>>>   End train ranking function

train_ranking_functioning time = 11.456 ms


2019-05-04-02-54-20   >>>>   Start verify ranking function

[xr_1 = 2078, xr_2 = 0, xr_0 = 0]
ranking function : 0.8712 *  x[0]^1.0 + 1.7406 *  x[1]^1.0 + 3.4819 *  x[2]^1.0 + 2.1904 * 1; 1.7014 *  x[0]^1.0 + 3.4783 *  x[1]^1.0 - 0.0061 *  x[2]^1.0 + 2.6128 * 1; 1.9338 *  x[0]^1.0 - 0.0019 *  x[1]^1.0 + 0.0003 *  x[2]^1.0 + 3.2006 * 1

2019-05-04-02-54-20   >>>>   End verify ranking function

verifying time = 7.834 ms


Not Found Ranking Fcuntion

Conterexample is 

[0, 2078, 0]

sampling time = 2.953 ms


       ########################################         

iteration 11 with 916 examples

2019-05-04-02-54-20   >>>>   Start train ranking function

2019-05-04-02-54-20   >>>>   End train ranking function

train_ranking_functioning time = 11.298 ms


2019-05-04-02-54-20   >>>>   Start verify ranking function

[xr_1 = 18698/3, xr_2 = 0, xr_0 = 0]
ranking function : 0.8708 *  x[0]^1.0 + 1.741 *  x[1]^1.0 + 3.4824 *  x[2]^1.0 + 2.1913 * 1; 1.7017 *  x[0]^1.0 + 3.4796 *  x[1]^1.0 - 0.0043 *  x[2]^1.0 + 2.6143 * 1; 1.9347 *  x[0]^1.0 - 0.0011 *  x[1]^1.0 + 0.0005 *  x[2]^1.0 + 3.2008 * 1

2019-05-04-02-54-20   >>>>   End verify ranking function

verifying time = 7.829 ms


Not Found Ranking Fcuntion

Conterexample is 

[0, 6232.666666666667, 0]

sampling time = 2.974 ms


       ########################################         

iteration 12 with 920 examples

2019-05-04-02-54-20   >>>>   Start train ranking function

2019-05-04-02-54-20   >>>>   End train ranking function

train_ranking_functioning time = 12.295 ms


2019-05-04-02-54-20   >>>>   Start verify ranking function

[xr_1 = -24461/8899, xr_2 = 0, xr_0 = 0]
ranking function : 0.8707 *  x[0]^1.0 + 1.7414 *  x[1]^1.0 + 3.4828 *  x[2]^1.0 + 2.1916 * 1; 1.7016 *  x[0]^1.0 + 3.48 *  x[1]^1.0 - 0.004 *  x[2]^1.0 + 2.615 * 1; 1.9346 *  x[0]^1.0 - 0.0004 *  x[1]^1.0 + 0.0005 *  x[2]^1.0 + 3.2007 * 1

2019-05-04-02-54-20   >>>>   End verify ranking function

verifying time = 11.498 ms


Not Found Ranking Fcuntion

Conterexample is 

[0, -2.748735813012698, 0]

sampling time = 3.312 ms


       ########################################         

iteration 13 with 924 examples

2019-05-04-02-54-20   >>>>   Start train ranking function

2019-05-04-02-54-20   >>>>   End train ranking function

train_ranking_functioning time = 12.264 ms


2019-05-04-02-54-20   >>>>   Start verify ranking function

[xr_1 = 0, xr_2 = -37234, xr_0 = 0]
ranking function : 0.8627 *  x[0]^1.0 + 1.7252 *  x[1]^1.0 + 3.4505 *  x[2]^1.0 + 1.4561 * 1; 2.2134 *  x[0]^1.0 + 3.4477 *  x[1]^1.0 - 0.0044 *  x[2]^1.0 + 2.7952 * 1; 2.1019 *  x[0]^1.0 - 0.0011 *  x[1]^1.0 + 0.0004 *  x[2]^1.0 + 3.3921 * 1

2019-05-04-02-54-20   >>>>   End verify ranking function

verifying time = 8.219 ms


Not Found Ranking Fcuntion

Conterexample is 

[0, 0, -37234]

sampling time = 3.213 ms


       ########################################         

iteration 14 with 928 examples

2019-05-04-02-54-20   >>>>   Start train ranking function

2019-05-04-02-54-20   >>>>   End train ranking function

train_ranking_functioning time = 12.079 ms


2019-05-04-02-54-20   >>>>   Start verify ranking function

[xr_1 = 37234/3, xr_2 = 0, xr_0 = 0]
ranking function : 0.8627 *  x[0]^1.0 + 1.7251 *  x[1]^1.0 + 3.4503 *  x[2]^1.0 + 1.4557 * 1; 2.2136 *  x[0]^1.0 + 3.4481 *  x[1]^1.0 - 0.0047 *  x[2]^1.0 + 2.7952 * 1; 2.1018 *  x[0]^1.0 - 0.0013 *  x[1]^1.0 + 0.0002 *  x[2]^1.0 + 3.3921 * 1

2019-05-04-02-54-20   >>>>   End verify ranking function

verifying time = 7.992 ms


Not Found Ranking Fcuntion

Conterexample is 

[0, 12411.333333333334, 0]

sampling time = 2.963 ms


       ########################################         

iteration 15 with 932 examples

2019-05-04-02-54-20   >>>>   Start train ranking function

2019-05-04-02-54-21   >>>>   End train ranking function

train_ranking_functioning time = 15.581 ms


2019-05-04-02-54-21   >>>>   Start verify ranking function

[xr_1 = -18615, xr_2 = 0, xr_0 = 0]
ranking function : 0.8625 *  x[0]^1.0 + 1.7252 *  x[1]^1.0 + 3.4505 *  x[2]^1.0 + 1.4559 * 1; 2.2135 *  x[0]^1.0 + 3.4482 *  x[1]^1.0 - 0.0039 *  x[2]^1.0 + 2.7957 * 1; 2.1019 *  x[0]^1.0 - 0.001 *  x[1]^1.0 + 0.0001 *  x[2]^1.0 + 3.392 * 1

2019-05-04-02-54-21   >>>>   End verify ranking function

verifying time = 8.214 ms


Not Found Ranking Fcuntion

Conterexample is 

[0, -18615, 0]

sampling time = 3.008 ms


       ########################################         

iteration 16 with 936 examples

2019-05-04-02-54-21   >>>>   Start train ranking function

2019-05-04-02-54-21   >>>>   End train ranking function

train_ranking_functioning time = 12.254 ms


2019-05-04-02-54-21   >>>>   Start verify ranking function

[xr_1 = -8196, xr_0 = 0]
ranking function : 0.8205 *  x[0]^1.0 + 1.6412 *  x[1]^1.0 + 3.2824 *  x[2]^1.0 + 0.0026 * 1; 3.2806 *  x[0]^1.0 + 3.2791 *  x[1]^1.0 - 0.0048 *  x[2]^1.0 + 1.5017 * 1; 3.2785 *  x[0]^1.0 - 0.0012 *  x[1]^1.0 + 0.0004 *  x[2]^1.0 + 4.7389 * 1

2019-05-04-02-54-21   >>>>   End verify ranking function

verifying time = 7.717 ms


Not Found Ranking Fcuntion

Conterexample is 

[0, -8196, 0]

sampling time = 2.995 ms


       ########################################         

iteration 17 with 940 examples

2019-05-04-02-54-21   >>>>   Start train ranking function

2019-05-04-02-54-21   >>>>   End train ranking function

train_ranking_functioning time = 12.663 ms


2019-05-04-02-54-21   >>>>   Start verify ranking function

[xr_1 = 18196, xr_2 = 0, xr_0 = 0]
ranking function : 0.8206 *  x[0]^1.0 + 1.641 *  x[1]^1.0 + 3.2818 *  x[2]^1.0 + 0.0024 * 1; 3.2802 *  x[0]^1.0 + 3.2795 *  x[1]^1.0 - 0.0051 *  x[2]^1.0 + 1.5069 * 1; 3.2782 *  x[0]^1.0 - 0.0021 *  x[1]^1.0 + 0.0004 *  x[2]^1.0 + 4.7387 * 1

2019-05-04-02-54-21   >>>>   End verify ranking function

verifying time = 7.953 ms


Not Found Ranking Fcuntion

Conterexample is 

[0, 18196, 0]

sampling time = 3.081 ms


       ########################################         

iteration 18 with 944 examples

2019-05-04-02-54-21   >>>>   Start train ranking function

2019-05-04-02-54-21   >>>>   End train ranking function

train_ranking_functioning time = 13.071 ms


2019-05-04-02-54-21   >>>>   Start verify ranking function

[xr_1 = 0, xr_2 = 36386, xr_0 = 0]
ranking function : 0.8203 *  x[0]^1.0 + 1.6411 *  x[1]^1.0 + 3.2821 *  x[2]^1.0 + 0.0023 * 1; 3.2804 *  x[0]^1.0 + 3.2793 *  x[1]^1.0 - 0.004 *  x[2]^1.0 + 1.5073 * 1; 3.2788 *  x[0]^1.0 - 0.0006 *  x[1]^1.0 + 0.0006 *  x[2]^1.0 + 4.7387 * 1

2019-05-04-02-54-21   >>>>   End verify ranking function

verifying time = 7.834 ms


Not Found Ranking Fcuntion

Conterexample is 

[0, 0, 36386]

sampling time = 3.017 ms


       ########################################         

iteration 19 with 948 examples

2019-05-04-02-54-21   >>>>   Start train ranking function

2019-05-04-02-54-21   >>>>   End train ranking function

train_ranking_functioning time = 14.335 ms


2019-05-04-02-54-21   >>>>   Start verify ranking function

[xr_1 = -36382/3, xr_2 = 0, xr_0 = 0]
ranking function : 0.8201 *  x[0]^1.0 + 1.6405 *  x[1]^1.0 + 3.282 *  x[2]^1.0 + 0.0027 * 1; 3.2802 *  x[0]^1.0 + 3.2802 *  x[1]^1.0 - 0.0032 *  x[2]^1.0 + 1.5069 * 1; 3.2796 *  x[0]^1.0 - 0.0026 *  x[1]^1.0 + 0.0001 *  x[2]^1.0 + 4.7398 * 1

2019-05-04-02-54-21   >>>>   End verify ranking function

verifying time = 7.830 ms


Not Found Ranking Fcuntion

Conterexample is 

[0, -12127.333333333334, 0]

sampling time = 3.027 ms


       ########################################         

iteration 20 with 952 examples

2019-05-04-02-54-21   >>>>   Start train ranking function

2019-05-04-02-54-21   >>>>   End train ranking function

train_ranking_functioning time = 16.192 ms


2019-05-04-02-54-21   >>>>   Start verify ranking function

[xr_1 = 0, xr_2 = -9095/2, xr_0 = 0]
ranking function : 0.82 *  x[0]^1.0 + 1.6406 *  x[1]^1.0 + 3.282 *  x[2]^1.0 + 0.0025 * 1; 3.2805 *  x[0]^1.0 + 3.2805 *  x[1]^1.0 - 0.0023 *  x[2]^1.0 + 1.506 * 1; 3.2799 *  x[0]^1.0 - 0.0005 *  x[1]^1.0 + 0.0004 *  x[2]^1.0 + 4.7401 * 1

2019-05-04-02-54-21   >>>>   End verify ranking function

verifying time = 7.910 ms


Not Found Ranking Fcuntion

Conterexample is 

[0, 0, -4547.5]

sampling time = 2.996 ms


       ########################################         

iteration 21 with 956 examples

2019-05-04-02-54-21   >>>>   Start train ranking function

2019-05-04-02-54-21   >>>>   End train ranking function

train_ranking_functioning time = 19.971 ms


2019-05-04-02-54-21   >>>>   Start verify ranking function

[xr_1 = 0, xr_2 = -36384/11, xr_0 = 0]
ranking function : 0.8202 *  x[0]^1.0 + 1.6405 *  x[1]^1.0 + 3.2821 *  x[2]^1.0 + 0.0027 * 1; 3.2806 *  x[0]^1.0 + 3.2805 *  x[1]^1.0 - 0.0024 *  x[2]^1.0 + 1.5062 * 1; 3.2799 *  x[0]^1.0 - 0.0008 *  x[1]^1.0 + 0.0005 *  x[2]^1.0 + 4.74 * 1

2019-05-04-02-54-21   >>>>   End verify ranking function

verifying time = 7.874 ms


Not Found Ranking Fcuntion

Conterexample is 

[0, 0, -3307.6363636363635]

sampling time = 2.958 ms


       ########################################         

iteration 22 with 960 examples

2019-05-04-02-54-21   >>>>   Start train ranking function

2019-05-04-02-54-21   >>>>   End train ranking function

train_ranking_functioning time = 20.576 ms


2019-05-04-02-54-21   >>>>   Start verify ranking function

[xr_1 = -18192, xr_2 = 0, xr_0 = 0]
ranking function : 0.8202 *  x[0]^1.0 + 1.6406 *  x[1]^1.0 + 3.2822 *  x[2]^1.0 + 0.0029 * 1; 3.2805 *  x[0]^1.0 + 3.2805 *  x[1]^1.0 - 0.0026 *  x[2]^1.0 + 1.5062 * 1; 3.2797 *  x[0]^1.0 - 0.0008 *  x[1]^1.0 + 0.0005 *  x[2]^1.0 + 4.7399 * 1

2019-05-04-02-54-21   >>>>   End verify ranking function

verifying time = 7.836 ms


Not Found Ranking Fcuntion

Conterexample is 

[0, -18192, 0]

sampling time = 2.953 ms


       ########################################         

iteration 23 with 964 examples

2019-05-04-02-54-21   >>>>   Start train ranking function

2019-05-04-02-54-21   >>>>   End train ranking function

train_ranking_functioning time = 14.864 ms


2019-05-04-02-54-21   >>>>   Start verify ranking function

[xr_1 = -18191/3, xr_2 = 0, xr_0 = 0]
ranking function : 0.8201 *  x[0]^1.0 + 1.6408 *  x[1]^1.0 + 3.2822 *  x[2]^1.0 + 0.0031 * 1; 3.2804 *  x[0]^1.0 + 3.2803 *  x[1]^1.0 - 0.0023 *  x[2]^1.0 + 1.5063 * 1; 3.2797 *  x[0]^1.0 - 0.0006 *  x[1]^1.0 + 0.0005 *  x[2]^1.0 + 4.7398 * 1

2019-05-04-02-54-21   >>>>   End verify ranking function

verifying time = 7.989 ms


Not Found Ranking Fcuntion

Conterexample is 

[0, -6063.666666666667, 0]

sampling time = 3.302 ms


       ########################################         

iteration 24 with 968 examples

2019-05-04-02-54-21   >>>>   Start train ranking function

2019-05-04-02-54-21   >>>>   End train ranking function

train_ranking_functioning time = 23.121 ms


2019-05-04-02-54-21   >>>>   Start verify ranking function

[xr_1 = -36382/3, xr_2 = 0, xr_0 = 0]
ranking function : 0.8201 *  x[0]^1.0 + 1.6405 *  x[1]^1.0 + 3.282 *  x[2]^1.0 + 0.003 * 1; 3.2804 *  x[0]^1.0 + 3.2805 *  x[1]^1.0 - 0.0026 *  x[2]^1.0 + 1.5062 * 1; 3.2797 *  x[0]^1.0 - 0.0018 *  x[1]^1.0 + 0.0008 *  x[2]^1.0 + 4.74 * 1

2019-05-04-02-54-21   >>>>   End verify ranking function

verifying time = 8.080 ms


Not Found Ranking Fcuntion

Conterexample is 

[0, -12127.333333333334, 0]

sampling time = 2.983 ms


Failed to prove it is terminated

UNKNOWN
Time For Template 2 Is--->-1372.128000 ms

------Using Template 3 -----------
6 [2, 1, 3]
*****************************************************

2019-05-04-02-54-21   >>>>   End sampling point

sampling time = 397.077 ms,


       ########################################         

iteration 0 with 872 examples

2019-05-04-02-54-21   >>>>   Start train ranking function

2019-05-04-02-54-21   >>>>   End train ranking function

train_ranking_functioning time = 31.107 ms


2019-05-04-02-54-21   >>>>   Start verify ranking function

[xr_0 = 54, xr_1 = 1/8, xr_2 = 7/16]
ranking function :  - 0.0116 *  x[1]^3.0 - 0.0895 *  x[0]^2.0 *  x[1]^0.5; 0.0099 *  x[0]^-2.0 *  x[1]^-1.0 *  x[2]^-1.0;  - 0.0532 *  x[0]^1.0 *  x[1]^-2.0 *  x[2]^-1.0 + 0.0231 *  x[1]^-1.0 *  x[2]^-3.0 + 0.6811 *  x[0]^-0.5 *  x[1]^-2.0 *  x[2]^2.0

2019-05-04-02-54-21   >>>>   End verify ranking function

verifying time = 14.164 ms


Not Found Ranking Fcuntion

Conterexample is 

[54, 0.125, 0.4375]

sampling time = 1.798 ms


       ########################################         

iteration 1 with 876 examples

2019-05-04-02-54-21   >>>>   Start train ranking function

2019-05-04-02-54-21   >>>>   End train ranking function

train_ranking_functioning time = 30.184 ms


2019-05-04-02-54-21   >>>>   Start verify ranking function

[xr_0 = 54, xr_1 = 1/8, xr_2 = 7/16]
ranking function :  - 0.0174 *  x[1]^3.0 - 0.0521 *  x[0]^2.0 *  x[1]^0.5;  - 0.0104 *  x[0]^-2.0 *  x[1]^-1.0 *  x[2]^-1.0; 0.018 *  x[0]^1.0 *  x[1]^-2.0 *  x[2]^-1.0 + 0.6983 *  x[0]^-0.5 *  x[1]^-2.0 *  x[2]^2.0

2019-05-04-02-54-21   >>>>   End verify ranking function

verifying time = 14.144 ms


Not Found Ranking Fcuntion

Conterexample is 

[54, 0.125, 0.4375]

sampling time = 1.809 ms


       ########################################         

iteration 2 with 880 examples

2019-05-04-02-54-21   >>>>   Start train ranking function

2019-05-04-02-54-21   >>>>   End train ranking function

train_ranking_functioning time = 30.984 ms


2019-05-04-02-54-21   >>>>   Start verify ranking function

[xr_0 = 54, xr_1 = 1/8, xr_2 = 7/16]
ranking function :  - 0.0163 *  x[1]^3.0 - 0.03 *  x[0]^2.0 *  x[1]^0.5;  - 0.0055 *  x[0]^-2.0 *  x[1]^-1.0 *  x[2]^-1.0; 0.0092 *  x[0]^1.0 *  x[1]^-2.0 *  x[2]^-1.0 - 0.002 *  x[1]^-1.0 *  x[2]^-3.0 + 0.6894 *  x[0]^-0.5 *  x[1]^-2.0 *  x[2]^2.0

2019-05-04-02-54-21   >>>>   End verify ranking function

verifying time = 14.150 ms


Not Found Ranking Fcuntion

Conterexample is 

[54, 0.125, 0.4375]

sampling time = 1.836 ms


       ########################################         

iteration 3 with 884 examples

2019-05-04-02-54-21   >>>>   Start train ranking function

2019-05-04-02-54-21   >>>>   End train ranking function

train_ranking_functioning time = 30.712 ms


2019-05-04-02-54-21   >>>>   Start verify ranking function

[xr_0 = 54, xr_1 = 1/8, xr_2 = 7/16]
ranking function :  - 0.0135 *  x[1]^3.0 - 0.0149 *  x[0]^2.0 *  x[1]^0.5;  - 0.0052 *  x[0]^-2.0 *  x[1]^-1.0 *  x[2]^-1.0; 0.026 *  x[0]^1.0 *  x[1]^-2.0 *  x[2]^-1.0 - 0.0005 *  x[1]^-1.0 *  x[2]^-3.0 + 0.7002 *  x[0]^-0.5 *  x[1]^-2.0 *  x[2]^2.0

2019-05-04-02-54-21   >>>>   End verify ranking function

verifying time = 14.330 ms


Not Found Ranking Fcuntion

Conterexample is 

[54, 0.125, 0.4375]

sampling time = 1.875 ms


       ########################################         

iteration 4 with 888 examples

2019-05-04-02-54-21   >>>>   Start train ranking function

2019-05-04-02-54-21   >>>>   End train ranking function

train_ranking_functioning time = 30.672 ms


2019-05-04-02-54-21   >>>>   Start verify ranking function

[xr_0 = 54, xr_1 = 1/8, xr_2 = 7/16]
ranking function :  - 0.0142 *  x[1]^3.0 - 0.0051 *  x[0]^2.0 *  x[1]^0.5;  - 0.0006 *  x[0]^-2.0 *  x[1]^-1.0 *  x[2]^-1.0; 0.0112 *  x[0]^1.0 *  x[1]^-2.0 *  x[2]^-1.0 - 0.0167 *  x[1]^-1.0 *  x[2]^-3.0 + 0.701 *  x[0]^-0.5 *  x[1]^-2.0 *  x[2]^2.0

2019-05-04-02-54-21   >>>>   End verify ranking function

verifying time = 14.163 ms


Not Found Ranking Fcuntion

Conterexample is 

[54, 0.125, 0.4375]

sampling time = 1.818 ms


       ########################################         

iteration 5 with 892 examples

2019-05-04-02-54-21   >>>>   Start train ranking function

2019-05-04-02-54-21   >>>>   End train ranking function

train_ranking_functioning time = 30.536 ms


2019-05-04-02-54-21   >>>>   Start verify ranking function

[xr_0 = 54, xr_1 = 1/8, xr_2 = 7/16]
ranking function :  - 0.0185 *  x[1]^3.0 - 0.0055 *  x[0]^2.0 *  x[1]^0.5;  - 0.0138 *  x[0]^-2.0 *  x[1]^-1.0 *  x[2]^-1.0; 0.0182 *  x[0]^1.0 *  x[1]^-2.0 *  x[2]^-1.0 - 0.0189 *  x[1]^-1.0 *  x[2]^-3.0 + 0.6978 *  x[0]^-0.5 *  x[1]^-2.0 *  x[2]^2.0

2019-05-04-02-54-21   >>>>   End verify ranking function

verifying time = 14.177 ms


Not Found Ranking Fcuntion

Conterexample is 

[54, 0.125, 0.4375]

sampling time = 2.031 ms


       ########################################         

iteration 6 with 896 examples

2019-05-04-02-54-22   >>>>   Start train ranking function

2019-05-04-02-54-22   >>>>   End train ranking function

train_ranking_functioning time = 31.544 ms


2019-05-04-02-54-22   >>>>   Start verify ranking function

[xr_0 = 54, xr_1 = 1/8, xr_2 = 7/16]
ranking function :  - 0.0175 *  x[1]^3.0 - 0.0016 *  x[0]^2.0 *  x[1]^0.5; 0.0044 *  x[0]^-2.0 *  x[1]^-1.0 *  x[2]^-1.0; 0.0189 *  x[0]^1.0 *  x[1]^-2.0 *  x[2]^-1.0 - 0.0036 *  x[1]^-1.0 *  x[2]^-3.0 + 0.6754 *  x[0]^-0.5 *  x[1]^-2.0 *  x[2]^2.0

2019-05-04-02-54-22   >>>>   End verify ranking function

verifying time = 14.263 ms


Not Found Ranking Fcuntion

Conterexample is 

[54, 0.125, 0.4375]

sampling time = 1.845 ms


       ########################################         

iteration 7 with 900 examples

2019-05-04-02-54-22   >>>>   Start train ranking function

2019-05-04-02-54-22   >>>>   End train ranking function

train_ranking_functioning time = 30.987 ms


2019-05-04-02-54-22   >>>>   Start verify ranking function

[xr_0 = 54, xr_1 = 1/8, xr_2 = 7/16]
ranking function :  - 0.013 *  x[1]^3.0 - 0.0035 *  x[0]^2.0 *  x[1]^0.5; 0.0128 *  x[0]^-2.0 *  x[1]^-1.0 *  x[2]^-1.0; 0.1153 *  x[0]^1.0 *  x[1]^-2.0 *  x[2]^-1.0 + 0.0461 *  x[1]^-1.0 *  x[2]^-3.0 + 0.6831 *  x[0]^-0.5 *  x[1]^-2.0 *  x[2]^2.0

2019-05-04-02-54-22   >>>>   End verify ranking function

verifying time = 14.093 ms


Not Found Ranking Fcuntion

Conterexample is 

[54, 0.125, 0.4375]

sampling time = 1.805 ms


       ########################################         

iteration 8 with 904 examples

2019-05-04-02-54-22   >>>>   Start train ranking function

2019-05-04-02-54-22   >>>>   End train ranking function

train_ranking_functioning time = 30.832 ms


2019-05-04-02-54-22   >>>>   Start verify ranking function

[xr_0 = -2, xr_1 = 1/8, xr_2 = 7/16]
ranking function :  - 0.0182 *  x[1]^3.0 + 0.0014 *  x[0]^2.0 *  x[1]^0.5; 0.0025 *  x[0]^-2.0 *  x[1]^-1.0 *  x[2]^-1.0; 0.0438 *  x[0]^1.0 *  x[1]^-2.0 *  x[2]^-1.0 - 0.0068 *  x[1]^-1.0 *  x[2]^-3.0 + 0.719 *  x[0]^-0.5 *  x[1]^-2.0 *  x[2]^2.0

2019-05-04-02-54-22   >>>>   End verify ranking function

verifying time = 14.029 ms


Not Found Ranking Fcuntion

Conterexample is 

[-2, 0.125, 0.4375]

sampling time = 1.995 ms


       ########################################         

iteration 9 with 908 examples

2019-05-04-02-54-22   >>>>   Start train ranking function

2019-05-04-02-54-22   >>>>   End train ranking function

train_ranking_functioning time = 32.262 ms


2019-05-04-02-54-22   >>>>   Start verify ranking function

[xr_0 = -1, xr_1 = 1/8, xr_2 = 7/16]
ranking function :  - 0.0171 *  x[1]^3.0 + 0.0015 *  x[0]^2.0 *  x[1]^0.5; 0.0106 *  x[0]^-2.0 *  x[1]^-1.0 *  x[2]^-1.0; 0.0065 *  x[0]^1.0 *  x[1]^-2.0 *  x[2]^-1.0 - 0.0038 *  x[1]^-1.0 *  x[2]^-3.0 + 0.7021 *  x[0]^-0.5 *  x[1]^-2.0 *  x[2]^2.0

2019-05-04-02-54-22   >>>>   End verify ranking function

verifying time = 14.222 ms


Not Found Ranking Fcuntion

Conterexample is 

[-1, 0.125, 0.4375]

sampling time = 1.860 ms


       ########################################         

iteration 10 with 912 examples

2019-05-04-02-54-22   >>>>   Start train ranking function

2019-05-04-02-54-22   >>>>   End train ranking function

train_ranking_functioning time = 31.532 ms


2019-05-04-02-54-22   >>>>   Start verify ranking function

[xr_0 = -1, xr_1 = 1/8, xr_2 = 7/16]
ranking function :  - 0.0183 *  x[1]^3.0 + 0.0032 *  x[0]^2.0 *  x[1]^0.5;  - 0.0048 *  x[0]^-2.0 *  x[1]^-1.0 *  x[2]^-1.0; 0.0225 *  x[0]^1.0 *  x[1]^-2.0 *  x[2]^-1.0 - 0.0099 *  x[1]^-1.0 *  x[2]^-3.0 + 0.6714 *  x[0]^-0.5 *  x[1]^-2.0 *  x[2]^2.0

2019-05-04-02-54-22   >>>>   End verify ranking function

verifying time = 14.059 ms


Not Found Ranking Fcuntion

Conterexample is 

[-1, 0.125, 0.4375]

sampling time = 1.892 ms


       ########################################         

iteration 11 with 916 examples

2019-05-04-02-54-22   >>>>   Start train ranking function

2019-05-04-02-54-22   >>>>   End train ranking function

train_ranking_functioning time = 31.486 ms


2019-05-04-02-54-22   >>>>   Start verify ranking function

[xr_0 = -2, xr_1 = 1/8, xr_2 = 7/16]
ranking function :  - 0.0196 *  x[1]^3.0 + 0.0015 *  x[0]^2.0 *  x[1]^0.5; 0.0097 *  x[0]^-2.0 *  x[1]^-1.0 *  x[2]^-1.0; 0.0102 *  x[0]^1.0 *  x[1]^-2.0 *  x[2]^-1.0 + 0.0019 *  x[1]^-1.0 *  x[2]^-3.0 + 0.694 *  x[0]^-0.5 *  x[1]^-2.0 *  x[2]^2.0

2019-05-04-02-54-22   >>>>   End verify ranking function

verifying time = 14.227 ms


Not Found Ranking Fcuntion

Conterexample is 

[-2, 0.125, 0.4375]

sampling time = 1.822 ms


       ########################################         

iteration 12 with 920 examples

2019-05-04-02-54-22   >>>>   Start train ranking function

2019-05-04-02-54-22   >>>>   End train ranking function

train_ranking_functioning time = 31.702 ms


2019-05-04-02-54-22   >>>>   Start verify ranking function

[xr_0 = -2, xr_1 = 1/8, xr_2 = 7/16]
ranking function :  - 0.0202 *  x[1]^3.0 + 0.0019 *  x[0]^2.0 *  x[1]^0.5;  - 0.0067 *  x[0]^-2.0 *  x[1]^-1.0 *  x[2]^-1.0; 0.0085 *  x[0]^1.0 *  x[1]^-2.0 *  x[2]^-1.0 - 0.0061 *  x[1]^-1.0 *  x[2]^-3.0 + 0.6954 *  x[0]^-0.5 *  x[1]^-2.0 *  x[2]^2.0

2019-05-04-02-54-22   >>>>   End verify ranking function

verifying time = 14.075 ms


Not Found Ranking Fcuntion

Conterexample is 

[-2, 0.125, 0.4375]

sampling time = 1.853 ms


       ########################################         

iteration 13 with 924 examples

2019-05-04-02-54-22   >>>>   Start train ranking function

2019-05-04-02-54-22   >>>>   End train ranking function

train_ranking_functioning time = 31.728 ms


2019-05-04-02-54-22   >>>>   Start verify ranking function

[xr_0 = -1, xr_1 = 1/8, xr_2 = 7/16]
ranking function :  - 0.0181 *  x[1]^3.0 + 0.003 *  x[0]^2.0 *  x[1]^0.5;  - 0.005 *  x[0]^-2.0 *  x[1]^-1.0 *  x[2]^-1.0; 0.0278 *  x[0]^1.0 *  x[1]^-2.0 *  x[2]^-1.0 - 0.0104 *  x[1]^-1.0 *  x[2]^-3.0 + 0.7001 *  x[0]^-0.5 *  x[1]^-2.0 *  x[2]^2.0

2019-05-04-02-54-22   >>>>   End verify ranking function

verifying time = 14.111 ms


Not Found Ranking Fcuntion

Conterexample is 

[-1, 0.125, 0.4375]

sampling time = 1.808 ms


       ########################################         

iteration 14 with 928 examples

2019-05-04-02-54-22   >>>>   Start train ranking function

2019-05-04-02-54-22   >>>>   End train ranking function

train_ranking_functioning time = 31.739 ms


2019-05-04-02-54-22   >>>>   Start verify ranking function

[xr_0 = -2, xr_1 = 1/8, xr_2 = 7/16]
ranking function :  - 0.0185 *  x[1]^3.0 + 0.0009 *  x[0]^2.0 *  x[1]^0.5;  - 0.0035 *  x[0]^-2.0 *  x[1]^-1.0 *  x[2]^-1.0; 0.0222 *  x[0]^1.0 *  x[1]^-2.0 *  x[2]^-1.0 - 0.006 *  x[1]^-1.0 *  x[2]^-3.0 + 0.7062 *  x[0]^-0.5 *  x[1]^-2.0 *  x[2]^2.0

2019-05-04-02-54-22   >>>>   End verify ranking function

verifying time = 14.059 ms


Not Found Ranking Fcuntion

Conterexample is 

[-2, 0.125, 0.4375]

sampling time = 1.859 ms


       ########################################         

iteration 15 with 932 examples

2019-05-04-02-54-22   >>>>   Start train ranking function

2019-05-04-02-54-22   >>>>   End train ranking function

train_ranking_functioning time = 32.678 ms


2019-05-04-02-54-22   >>>>   Start verify ranking function

[xr_0 = -3, xr_1 = 1/8, xr_2 = 7/16]
ranking function :  - 0.0184 *  x[1]^3.0 + 0.0003 *  x[0]^2.0 *  x[1]^0.5; 0.0027 *  x[0]^-2.0 *  x[1]^-1.0 *  x[2]^-1.0; 0.0203 *  x[0]^1.0 *  x[1]^-2.0 *  x[2]^-1.0 + 0.0043 *  x[1]^-1.0 *  x[2]^-3.0 + 0.7033 *  x[0]^-0.5 *  x[1]^-2.0 *  x[2]^2.0

2019-05-04-02-54-22   >>>>   End verify ranking function

verifying time = 14.193 ms


Not Found Ranking Fcuntion

Conterexample is 

[-3, 0.125, 0.4375]

sampling time = 1.816 ms


       ########################################         

iteration 16 with 936 examples

2019-05-04-02-54-22   >>>>   Start train ranking function

2019-05-04-02-54-22   >>>>   End train ranking function

train_ranking_functioning time = 31.883 ms


2019-05-04-02-54-22   >>>>   Start verify ranking function

[xr_0 = 54, xr_1 = 1/8, xr_2 = 7/16]
ranking function :  - 0.0181 *  x[1]^3.0 - 0.0027 *  x[0]^2.0 *  x[1]^0.5; 0.0055 *  x[0]^-2.0 *  x[1]^-1.0 *  x[2]^-1.0;  - 0.0508 *  x[0]^1.0 *  x[1]^-2.0 *  x[2]^-1.0 + 0.0314 *  x[1]^-1.0 *  x[2]^-3.0 + 0.7093 *  x[0]^-0.5 *  x[1]^-2.0 *  x[2]^2.0

2019-05-04-02-54-22   >>>>   End verify ranking function

verifying time = 14.057 ms


Not Found Ranking Fcuntion

Conterexample is 

[54, 0.125, 0.4375]

sampling time = 1.868 ms


       ########################################         

iteration 17 with 940 examples

2019-05-04-02-54-22   >>>>   Start train ranking function

2019-05-04-02-54-22   >>>>   End train ranking function

train_ranking_functioning time = 32.290 ms


2019-05-04-02-54-22   >>>>   Start verify ranking function

[xr_0 = -1, xr_1 = 1/8, xr_2 = 7/16]
ranking function :  - 0.0149 *  x[1]^3.0 + 0.0012 *  x[0]^2.0 *  x[1]^0.5;  - 0.0119 *  x[0]^-2.0 *  x[1]^-1.0 *  x[2]^-1.0; 0.0173 *  x[0]^1.0 *  x[1]^-2.0 *  x[2]^-1.0 - 0.0188 *  x[1]^-1.0 *  x[2]^-3.0 + 0.6977 *  x[0]^-0.5 *  x[1]^-2.0 *  x[2]^2.0

2019-05-04-02-54-22   >>>>   End verify ranking function

verifying time = 14.120 ms


Not Found Ranking Fcuntion

Conterexample is 

[-1, 0.125, 0.4375]

sampling time = 1.851 ms


       ########################################         

iteration 18 with 944 examples

2019-05-04-02-54-22   >>>>   Start train ranking function

2019-05-04-02-54-22   >>>>   End train ranking function

train_ranking_functioning time = 32.826 ms


2019-05-04-02-54-22   >>>>   Start verify ranking function

[xr_0 = -1, xr_1 = 1/8, xr_2 = 7/16]
ranking function :  - 0.02 *  x[1]^3.0 + 0.0067 *  x[0]^2.0 *  x[1]^0.5;  - 0.0143 *  x[0]^-2.0 *  x[1]^-1.0 *  x[2]^-1.0; 0.0153 *  x[0]^1.0 *  x[1]^-2.0 *  x[2]^-1.0 + 0.001 *  x[1]^-1.0 *  x[2]^-3.0 + 0.7008 *  x[0]^-0.5 *  x[1]^-2.0 *  x[2]^2.0

2019-05-04-02-54-22   >>>>   End verify ranking function

verifying time = 14.026 ms


Not Found Ranking Fcuntion

Conterexample is 

[-1, 0.125, 0.4375]

sampling time = 1.831 ms


       ########################################         

iteration 19 with 948 examples

2019-05-04-02-54-22   >>>>   Start train ranking function

2019-05-04-02-54-22   >>>>   End train ranking function

train_ranking_functioning time = 32.755 ms


2019-05-04-02-54-22   >>>>   Start verify ranking function

[xr_0 = 54, xr_1 = 1/8, xr_2 = 7/16]
ranking function :  - 0.0167 *  x[1]^3.0 - 0.0021 *  x[0]^2.0 *  x[1]^0.5;  - 0.0077 *  x[0]^-2.0 *  x[1]^-1.0 *  x[2]^-1.0; 0.0157 *  x[0]^1.0 *  x[1]^-2.0 *  x[2]^-1.0 - 0.0002 *  x[1]^-1.0 *  x[2]^-3.0 + 0.6985 *  x[0]^-0.5 *  x[1]^-2.0 *  x[2]^2.0

2019-05-04-02-54-22   >>>>   End verify ranking function

verifying time = 15.214 ms


Not Found Ranking Fcuntion

Conterexample is 

[54, 0.125, 0.4375]

sampling time = 1.820 ms


       ########################################         

iteration 20 with 952 examples

2019-05-04-02-54-22   >>>>   Start train ranking function

2019-05-04-02-54-22   >>>>   End train ranking function

train_ranking_functioning time = 33.095 ms


2019-05-04-02-54-22   >>>>   Start verify ranking function

[xr_0 = -1, xr_1 = 1/8, xr_2 = 7/16]
ranking function :  - 0.02 *  x[1]^3.0 + 0.002 *  x[0]^2.0 *  x[1]^0.5;  - 0.0038 *  x[0]^-2.0 *  x[1]^-1.0 *  x[2]^-1.0; 0.027 *  x[0]^1.0 *  x[1]^-2.0 *  x[2]^-1.0 + 0.0045 *  x[1]^-1.0 *  x[2]^-3.0 + 0.6991 *  x[0]^-0.5 *  x[1]^-2.0 *  x[2]^2.0

2019-05-04-02-54-22   >>>>   End verify ranking function

verifying time = 14.257 ms


Not Found Ranking Fcuntion

Conterexample is 

[-1, 0.125, 0.4375]

sampling time = 1.811 ms


       ########################################         

iteration 21 with 956 examples

2019-05-04-02-54-22   >>>>   Start train ranking function

2019-05-04-02-54-22   >>>>   End train ranking function

train_ranking_functioning time = 33.178 ms


2019-05-04-02-54-22   >>>>   Start verify ranking function

[xr_0 = -1, xr_1 = 1/8, xr_2 = 7/16]
ranking function :  - 0.0204 *  x[1]^3.0 + 0.0028 *  x[0]^2.0 *  x[1]^0.5;  - 0.0025 *  x[0]^-2.0 *  x[1]^-1.0 *  x[2]^-1.0; 0.022 *  x[0]^1.0 *  x[1]^-2.0 *  x[2]^-1.0 - 0.0009 *  x[1]^-1.0 *  x[2]^-3.0 + 0.6979 *  x[0]^-0.5 *  x[1]^-2.0 *  x[2]^2.0

2019-05-04-02-54-22   >>>>   End verify ranking function

verifying time = 14.075 ms


Not Found Ranking Fcuntion

Conterexample is 

[-1, 0.125, 0.4375]

sampling time = 1.884 ms


       ########################################         

iteration 22 with 960 examples

2019-05-04-02-54-22   >>>>   Start train ranking function

2019-05-04-02-54-22   >>>>   End train ranking function

train_ranking_functioning time = 32.722 ms


2019-05-04-02-54-22   >>>>   Start verify ranking function

[xr_0 = -1, xr_1 = 1/8, xr_2 = 7/16]
ranking function :  - 0.0202 *  x[1]^3.0 + 0.0044 *  x[0]^2.0 *  x[1]^0.5;  - 0.0148 *  x[0]^-2.0 *  x[1]^-1.0 *  x[2]^-1.0; 0.0081 *  x[0]^1.0 *  x[1]^-2.0 *  x[2]^-1.0 - 0.0097 *  x[1]^-1.0 *  x[2]^-3.0 + 0.6989 *  x[0]^-0.5 *  x[1]^-2.0 *  x[2]^2.0

2019-05-04-02-54-22   >>>>   End verify ranking function

verifying time = 14.401 ms


Not Found Ranking Fcuntion

Conterexample is 

[-1, 0.125, 0.4375]

sampling time = 1.861 ms


       ########################################         

iteration 23 with 964 examples

2019-05-04-02-54-22   >>>>   Start train ranking function

2019-05-04-02-54-22   >>>>   End train ranking function

train_ranking_functioning time = 33.356 ms


2019-05-04-02-54-22   >>>>   Start verify ranking function

[xr_0 = -7, xr_1 = 1/8, xr_2 = 7/16]
ranking function :  - 0.0261 *  x[1]^3.0 + 0.0002 *  x[0]^2.0 *  x[1]^0.5;  - 0.0111 *  x[0]^-2.0 *  x[1]^-1.0 *  x[2]^-1.0; 0.0009 *  x[0]^1.0 *  x[1]^-2.0 *  x[2]^-1.0 + 0.0017 *  x[1]^-1.0 *  x[2]^-3.0 + 0.7007 *  x[0]^-0.5 *  x[1]^-2.0 *  x[2]^2.0

2019-05-04-02-54-22   >>>>   End verify ranking function

verifying time = 14.113 ms


Not Found Ranking Fcuntion

Conterexample is 

[-7, 0.125, 0.4375]

sampling time = 1.850 ms


       ########################################         

iteration 24 with 968 examples

2019-05-04-02-54-22   >>>>   Start train ranking function

2019-05-04-02-54-22   >>>>   End train ranking function

train_ranking_functioning time = 33.643 ms


2019-05-04-02-54-22   >>>>   Start verify ranking function

[xr_0 = -1, xr_1 = 1/8, xr_2 = 7/16]
ranking function :  - 0.0207 *  x[1]^3.0 + 0.0066 *  x[0]^2.0 *  x[1]^0.5; 0.0119 *  x[0]^-2.0 *  x[1]^-1.0 *  x[2]^-1.0; 0.0096 *  x[0]^1.0 *  x[1]^-2.0 *  x[2]^-1.0 + 0.0036 *  x[1]^-1.0 *  x[2]^-3.0 + 0.7009 *  x[0]^-0.5 *  x[1]^-2.0 *  x[2]^2.0

2019-05-04-02-54-22   >>>>   End verify ranking function

verifying time = 14.165 ms


Not Found Ranking Fcuntion

Conterexample is 

[-1, 0.125, 0.4375]

sampling time = 1.847 ms


Failed to prove it is terminated

UNKNOWN
Time For Template 3 Is--->-1658.290000 ms

------Using Template 4 -----------
20 [4, 4, 4, 4, 4]
*****************************************************

2019-05-04-02-54-24   >>>>   End sampling point

sampling time = 1099.100 ms,


       ########################################         

iteration 0 with 1308 examples

2019-05-04-02-54-24   >>>>   Start train ranking function

2019-05-04-02-54-24   >>>>   End train ranking function

train_ranking_functioning time = 3.625 ms


2019-05-04-02-54-24   >>>>   Start verify ranking function

[xr_1 = 0, xr_2 = 39154/899, xr_0 = 0]
ranking function : 0.9587 *  x[0]^1.0 + 1.6618 *  x[1]^1.0 + 3.2337 *  x[2]^1.0 + 2.5263 * 1; 1.8455 *  x[0]^1.0 + 0.9892 *  x[1]^1.0 - 0.2944 *  x[2]^1.0 + 2.222 * 1; 0.8912 *  x[0]^1.0 - 0.1426 *  x[1]^1.0 + 0.2587 *  x[2]^1.0 + 2.003 * 1; 0.0075 *  x[0]^1.0 + 0.2406 *  x[1]^1.0 - 0.0116 *  x[2]^1.0 + 0.7984 * 1; 0.2158 *  x[0]^1.0 - 0.0087 *  x[1]^1.0 + 0.0035 *  x[2]^1.0 + 1.2338 * 1

2019-05-04-02-54-24   >>>>   End verify ranking function

verifying time = 8.167 ms


Not Found Ranking Fcuntion

Conterexample is 

[0, 0, 43.55283648498332]

sampling time = 4.969 ms


       ########################################         

iteration 1 with 1314 examples

2019-05-04-02-54-24   >>>>   Start train ranking function

2019-05-04-02-54-24   >>>>   End train ranking function

train_ranking_functioning time = 13.338 ms


2019-05-04-02-54-24   >>>>   Start verify ranking function

[xr_1 = 0, xr_2 = 12970/7, xr_0 = 0]
ranking function : 0.9465 *  x[0]^1.0 + 1.6512 *  x[1]^1.0 + 3.3003 *  x[2]^1.0 + 2.5532 * 1; 1.8543 *  x[0]^1.0 + 1.0028 *  x[1]^1.0 - 0.2997 *  x[2]^1.0 + 2.2212 * 1; 0.9024 *  x[0]^1.0 - 0.1454 *  x[1]^1.0 + 0.2629 *  x[2]^1.0 + 2.0161 * 1; 0.0075 *  x[0]^1.0 + 0.2449 *  x[1]^1.0 - 0.0109 *  x[2]^1.0 + 0.7974 * 1; 0.2185 *  x[0]^1.0 - 0.0088 *  x[1]^1.0 + 0.0035 *  x[2]^1.0 + 1.2368 * 1

2019-05-04-02-54-24   >>>>   End verify ranking function

verifying time = 8.319 ms


Not Found Ranking Fcuntion

Conterexample is 

[0, 0, 1852.857142857143]

sampling time = 5.018 ms


       ########################################         

iteration 2 with 1320 examples

2019-05-04-02-54-24   >>>>   Start train ranking function

2019-05-04-02-54-24   >>>>   End train ranking function

train_ranking_functioning time = 15.884 ms


2019-05-04-02-54-24   >>>>   Start verify ranking function

[xr_1 = 0, xr_2 = 38956, xr_0 = 0]
ranking function : 0.9488 *  x[0]^1.0 + 1.6511 *  x[1]^1.0 + 3.3021 *  x[2]^1.0 + 2.5555 * 1; 1.8549 *  x[0]^1.0 + 1.004 *  x[1]^1.0 - 0.3001 *  x[2]^1.0 + 2.221 * 1; 0.9033 *  x[0]^1.0 - 0.1456 *  x[1]^1.0 + 0.2629 *  x[2]^1.0 + 2.0172 * 1; 0.0074 *  x[0]^1.0 + 0.2452 *  x[1]^1.0 - 0.0106 *  x[2]^1.0 + 0.7969 * 1; 0.2188 *  x[0]^1.0 - 0.0088 *  x[1]^1.0 + 0.0035 *  x[2]^1.0 + 1.2371 * 1

2019-05-04-02-54-24   >>>>   End verify ranking function

verifying time = 7.899 ms


Not Found Ranking Fcuntion

Conterexample is 

[0, 0, 38956]

sampling time = 4.992 ms


       ########################################         

iteration 3 with 1326 examples

2019-05-04-02-54-24   >>>>   Start train ranking function

2019-05-04-02-54-24   >>>>   End train ranking function

train_ranking_functioning time = 14.868 ms


2019-05-04-02-54-24   >>>>   Start verify ranking function

[xr_1 = 0, xr_2 = -38950/3, xr_0 = 0]
ranking function : 0.9485 *  x[0]^1.0 + 1.6509 *  x[1]^1.0 + 3.3021 *  x[2]^1.0 + 2.5603 * 1; 1.8574 *  x[0]^1.0 + 1.0035 *  x[1]^1.0 - 0.284 *  x[2]^1.0 + 2.217 * 1; 0.9056 *  x[0]^1.0 - 0.1491 *  x[1]^1.0 + 0.2686 *  x[2]^1.0 + 2.0201 * 1; 0.0074 *  x[0]^1.0 + 0.2506 *  x[1]^1.0 - 0.0107 *  x[2]^1.0 + 0.7959 * 1; 0.222 *  x[0]^1.0 - 0.0089 *  x[1]^1.0 + 0.0035 *  x[2]^1.0 + 1.2408 * 1

2019-05-04-02-54-24   >>>>   End verify ranking function

verifying time = 8.043 ms


Not Found Ranking Fcuntion

Conterexample is 

[0, 0, -12983.333333333334]

sampling time = 5.459 ms


       ########################################         

iteration 4 with 1332 examples

2019-05-04-02-54-24   >>>>   Start train ranking function

2019-05-04-02-54-24   >>>>   End train ranking function

train_ranking_functioning time = 13.048 ms


2019-05-04-02-54-24   >>>>   Start verify ranking function

[xr_1 = 0, xr_2 = 38876, xr_0 = 0]
ranking function : 0.9448 *  x[0]^1.0 + 1.5214 *  x[1]^1.0 + 3.0427 *  x[2]^1.0 + 1.8761 * 1; 1.5475 *  x[0]^1.0 + 2.6094 *  x[1]^1.0 - 0.8665 *  x[2]^1.0 + 2.1591 * 1; 1.4813 *  x[0]^1.0 - 0.4906 *  x[1]^1.0 + 0.7496 *  x[2]^1.0 + 2.7429 * 1;  - 0.0031 *  x[0]^1.0 + 0.7437 *  x[1]^1.0 - 0.0115 *  x[2]^1.0 + 0.9673 * 1; 0.4055 *  x[0]^1.0 - 0.0113 *  x[1]^1.0 + 1.4514 * 1

2019-05-04-02-54-24   >>>>   End verify ranking function

verifying time = 8.675 ms


Not Found Ranking Fcuntion

Conterexample is 

[0, 0, 38876]

sampling time = 5.067 ms


       ########################################         

iteration 5 with 1338 examples

2019-05-04-02-54-24   >>>>   Start train ranking function

2019-05-04-02-54-24   >>>>   End train ranking function

train_ranking_functioning time = 30.866 ms


2019-05-04-02-54-24   >>>>   Start verify ranking function

[xr_1 = 38872/3679, xr_2 = 0, xr_0 = 0]
ranking function : 0.9446 *  x[0]^1.0 + 1.5213 *  x[1]^1.0 + 3.0428 *  x[2]^1.0 + 1.8761 * 1; 1.5474 *  x[0]^1.0 + 2.6094 *  x[1]^1.0 - 0.866 *  x[2]^1.0 + 2.159 * 1; 1.4813 *  x[0]^1.0 - 0.4909 *  x[1]^1.0 + 0.7498 *  x[2]^1.0 + 2.743 * 1;  - 0.0032 *  x[0]^1.0 + 0.7439 *  x[1]^1.0 - 0.0115 *  x[2]^1.0 + 0.9674 * 1; 0.4056 *  x[0]^1.0 - 0.0113 *  x[1]^1.0 + 1.4515 * 1

2019-05-04-02-54-24   >>>>   End verify ranking function

verifying time = 8.057 ms


Not Found Ranking Fcuntion

Conterexample is 

[0, 10.565914650720304, 0]

sampling time = 5.008 ms


       ########################################         

iteration 6 with 1344 examples

2019-05-04-02-54-24   >>>>   Start train ranking function

2019-05-04-02-54-24   >>>>   End train ranking function

train_ranking_functioning time = 22.213 ms


2019-05-04-02-54-24   >>>>   Start verify ranking function

[xr_1 = 9473/378, xr_2 = 0, xr_0 = 0]
ranking function : 0.8956 *  x[0]^1.0 + 1.64 *  x[1]^1.0 + 3.2806 *  x[2]^1.0 + 1.9521 * 1; 1.6024 *  x[0]^1.0 + 2.8164 *  x[1]^1.0 - 0.928 *  x[2]^1.0 + 2.2529 * 1; 1.5655 *  x[0]^1.0 - 0.5259 *  x[1]^1.0 + 0.8021 *  x[2]^1.0 + 2.8454 * 1;  - 0.0038 *  x[0]^1.0 + 0.7962 *  x[1]^1.0 - 0.0115 *  x[2]^1.0 + 0.9874 * 1; 0.4242 *  x[0]^1.0 - 0.0115 *  x[1]^1.0 + 1.4728 * 1

2019-05-04-02-54-24   >>>>   End verify ranking function

verifying time = 7.997 ms


Not Found Ranking Fcuntion

Conterexample is 

[0, 25.06084656084656, 0]

sampling time = 5.049 ms


       ########################################         

iteration 7 with 1350 examples

2019-05-04-02-54-24   >>>>   Start train ranking function

2019-05-04-02-54-24   >>>>   End train ranking function

train_ranking_functioning time = 17.849 ms


2019-05-04-02-54-24   >>>>   Start verify ranking function

[xr_1 = 9427/127, xr_2 = 0, xr_0 = 0]
ranking function : 0.8864 *  x[0]^1.0 + 1.722 *  x[1]^1.0 + 3.4467 *  x[2]^1.0 + 2.0105 * 1; 1.6554 *  x[0]^1.0 + 2.9752 *  x[1]^1.0 - 0.9413 *  x[2]^1.0 + 2.3162 * 1; 1.6516 *  x[0]^1.0 - 0.5102 *  x[1]^1.0 + 0.8618 *  x[2]^1.0 + 2.9072 * 1;  - 0.0059 *  x[0]^1.0 + 0.8558 *  x[1]^1.0 - 0.0118 *  x[2]^1.0 + 1.0103 * 1; 0.4455 *  x[0]^1.0 - 0.0118 *  x[1]^1.0 + 0.0001 *  x[2]^1.0 + 1.4971 * 1

2019-05-04-02-54-24   >>>>   End verify ranking function

verifying time = 7.937 ms


Not Found Ranking Fcuntion

Conterexample is 

[0, 74.22834645669292, 0]

sampling time = 4.992 ms


       ########################################         

iteration 8 with 1356 examples

2019-05-04-02-54-24   >>>>   Start train ranking function

2019-05-04-02-54-24   >>>>   End train ranking function

train_ranking_functioning time = 23.827 ms


2019-05-04-02-54-24   >>>>   Start verify ranking function

[xr_1 = 37630/161, xr_2 = 0, xr_0 = 0]
ranking function : 0.8825 *  x[0]^1.0 + 1.7489 *  x[1]^1.0 + 3.4993 *  x[2]^1.0 + 2.0316 * 1; 1.6717 *  x[0]^1.0 + 3.0347 *  x[1]^1.0 - 0.928 *  x[2]^1.0 + 2.3413 * 1; 1.688 *  x[0]^1.0 - 0.4796 *  x[1]^1.0 + 0.8959 *  x[2]^1.0 + 2.9282 * 1;  - 0.0075 *  x[0]^1.0 + 0.8922 *  x[1]^1.0 - 0.0069 *  x[2]^1.0 + 1.0239 * 1; 0.46 *  x[0]^1.0 - 0.0069 *  x[1]^1.0 + 1.5135 * 1

2019-05-04-02-54-24   >>>>   End verify ranking function

verifying time = 8.030 ms


Not Found Ranking Fcuntion

Conterexample is 

[0, 233.72670807453417, 0]

sampling time = 5.044 ms


       ########################################         

iteration 9 with 1362 examples

2019-05-04-02-54-24   >>>>   Start train ranking function

2019-05-04-02-54-24   >>>>   End train ranking function

train_ranking_functioning time = 22.572 ms


2019-05-04-02-54-24   >>>>   Start verify ranking function

[xr_1 = 0, xr_2 = -18798/5, xr_0 = 0]
ranking function : 0.8808 *  x[0]^1.0 + 1.7555 *  x[1]^1.0 + 3.512 *  x[2]^1.0 + 2.0398 * 1; 1.6749 *  x[0]^1.0 + 3.0495 *  x[1]^1.0 - 0.924 *  x[2]^1.0 + 2.354 * 1; 1.6947 *  x[0]^1.0 - 0.4667 *  x[1]^1.0 + 0.9136 *  x[2]^1.0 + 2.9337 * 1;  - 0.0081 *  x[0]^1.0 + 0.9006 *  x[1]^1.0 - 0.0022 *  x[2]^1.0 + 1.0284 * 1; 0.4637 *  x[0]^1.0 - 0.0022 *  x[1]^1.0 + 0.0001 *  x[2]^1.0 + 1.5172 * 1

2019-05-04-02-54-24   >>>>   End verify ranking function

verifying time = 8.022 ms


Not Found Ranking Fcuntion

Conterexample is 

[0, 0, -3759.6]

sampling time = 4.979 ms


       ########################################         

iteration 10 with 1368 examples

2019-05-04-02-54-24   >>>>   Start train ranking function

2019-05-04-02-54-24   >>>>   End train ranking function

train_ranking_functioning time = 16.395 ms


2019-05-04-02-54-24   >>>>   Start verify ranking function

[xr_1 = 9397/13, xr_2 = 0, xr_0 = 0]
ranking function : 0.8804 *  x[0]^1.0 + 1.7556 *  x[1]^1.0 + 3.512 *  x[2]^1.0 + 2.0402 * 1; 1.6749 *  x[0]^1.0 + 3.0498 *  x[1]^1.0 - 0.9229 *  x[2]^1.0 + 2.354 * 1; 1.6943 *  x[0]^1.0 - 0.469 *  x[1]^1.0 + 0.9068 *  x[2]^1.0 + 2.9342 * 1;  - 0.0081 *  x[0]^1.0 + 0.9054 *  x[1]^1.0 - 0.0023 *  x[2]^1.0 + 1.0302 * 1; 0.4654 *  x[0]^1.0 - 0.0022 *  x[1]^1.0 + 1.5192 * 1

2019-05-04-02-54-24   >>>>   End verify ranking function

verifying time = 7.948 ms


Not Found Ranking Fcuntion

Conterexample is 

[0, 722.8461538461538, 0]

sampling time = 4.955 ms


       ########################################         

iteration 11 with 1374 examples

2019-05-04-02-54-24   >>>>   Start train ranking function

2019-05-04-02-54-24   >>>>   End train ranking function

train_ranking_functioning time = 30.562 ms


2019-05-04-02-54-24   >>>>   Start verify ranking function

[xr_1 = 0, xr_2 = -37574/9, xr_0 = 0]
ranking function : 0.8797 *  x[0]^1.0 + 1.7574 *  x[1]^1.0 + 3.5157 *  x[2]^1.0 + 2.0428 * 1; 1.6752 *  x[0]^1.0 + 3.0539 *  x[1]^1.0 - 0.9224 *  x[2]^1.0 + 2.3586 * 1; 1.6947 *  x[0]^1.0 - 0.4673 *  x[1]^1.0 + 0.9093 *  x[2]^1.0 + 2.9346 * 1;  - 0.0081 *  x[0]^1.0 + 0.9086 *  x[1]^1.0 - 0.0008 *  x[2]^1.0 + 1.0322 * 1; 0.4667 *  x[0]^1.0 - 0.0007 *  x[1]^1.0 + 0.0001 *  x[2]^1.0 + 1.5204 * 1

2019-05-04-02-54-24   >>>>   End verify ranking function

verifying time = 7.925 ms


Not Found Ranking Fcuntion

Conterexample is 

[0, 0, -4174.888888888889]

sampling time = 4.993 ms


       ########################################         

iteration 12 with 1380 examples

2019-05-04-02-54-24   >>>>   Start train ranking function

2019-05-04-02-54-24   >>>>   End train ranking function

train_ranking_functioning time = 29.527 ms


2019-05-04-02-54-24   >>>>   Start verify ranking function

[xr_1 = 0, xr_2 = -4697, xr_0 = 0]
ranking function : 0.8798 *  x[0]^1.0 + 1.7574 *  x[1]^1.0 + 3.5156 *  x[2]^1.0 + 2.0427 * 1; 1.6751 *  x[0]^1.0 + 3.0534 *  x[1]^1.0 - 0.9227 *  x[2]^1.0 + 2.3583 * 1; 1.6944 *  x[0]^1.0 - 0.4675 *  x[1]^1.0 + 0.9091 *  x[2]^1.0 + 2.9346 * 1;  - 0.0086 *  x[0]^1.0 + 0.9082 *  x[1]^1.0 - 0.0007 *  x[2]^1.0 + 1.0318 * 1; 0.4664 *  x[0]^1.0 - 0.0008 *  x[1]^1.0 + 0.0001 *  x[2]^1.0 + 1.52 * 1

2019-05-04-02-54-24   >>>>   End verify ranking function

verifying time = 8.023 ms


Not Found Ranking Fcuntion

Conterexample is 

[0, 0, -4697]

sampling time = 5.409 ms


       ########################################         

iteration 13 with 1386 examples

2019-05-04-02-54-24   >>>>   Start train ranking function

2019-05-04-02-54-24   >>>>   End train ranking function

train_ranking_functioning time = 36.234 ms


2019-05-04-02-54-24   >>>>   Start verify ranking function

[xr_1 = 0, xr_2 = -4697, xr_0 = 0]
ranking function : 0.8798 *  x[0]^1.0 + 1.7575 *  x[1]^1.0 + 3.5158 *  x[2]^1.0 + 2.0427 * 1; 1.6752 *  x[0]^1.0 + 3.0534 *  x[1]^1.0 - 0.9237 *  x[2]^1.0 + 2.3582 * 1; 1.6949 *  x[0]^1.0 - 0.4676 *  x[1]^1.0 + 0.9085 *  x[2]^1.0 + 2.9343 * 1;  - 0.0079 *  x[0]^1.0 + 0.9078 *  x[1]^1.0 - 0.0007 *  x[2]^1.0 + 1.0319 * 1; 0.4664 *  x[0]^1.0 - 0.0007 *  x[1]^1.0 + 0.0001 *  x[2]^1.0 + 1.5201 * 1

2019-05-04-02-54-24   >>>>   End verify ranking function

verifying time = 8.111 ms


Not Found Ranking Fcuntion

Conterexample is 

[0, 0, -4697]

sampling time = 5.041 ms


       ########################################         

iteration 14 with 1392 examples

2019-05-04-02-54-24   >>>>   Start train ranking function

2019-05-04-02-54-24   >>>>   End train ranking function

train_ranking_functioning time = 37.166 ms


2019-05-04-02-54-24   >>>>   Start verify ranking function

[xr_1 = 18787/10, xr_2 = 0, xr_0 = 0]
ranking function : 0.8797 *  x[0]^1.0 + 1.7574 *  x[1]^1.0 + 3.5155 *  x[2]^1.0 + 2.0426 * 1; 1.6751 *  x[0]^1.0 + 3.0538 *  x[1]^1.0 - 0.9226 *  x[2]^1.0 + 2.3583 * 1; 1.6947 *  x[0]^1.0 - 0.4677 *  x[1]^1.0 + 0.9091 *  x[2]^1.0 + 2.9346 * 1;  - 0.0081 *  x[0]^1.0 + 0.9082 *  x[1]^1.0 - 0.0008 *  x[2]^1.0 + 1.032 * 1; 0.4665 *  x[0]^1.0 - 0.0008 *  x[1]^1.0 + 0.0002 *  x[2]^1.0 + 1.5203 * 1

2019-05-04-02-54-24   >>>>   End verify ranking function

verifying time = 7.929 ms


Not Found Ranking Fcuntion

Conterexample is 

[0, 1878.7, 0]

sampling time = 4.993 ms


       ########################################         

iteration 15 with 1398 examples

2019-05-04-02-54-24   >>>>   Start train ranking function

2019-05-04-02-54-24   >>>>   End train ranking function

train_ranking_functioning time = 35.894 ms


2019-05-04-02-54-24   >>>>   Start verify ranking function

[xr_1 = 0, xr_2 = -37568/7, xr_0 = 0]
ranking function : 0.8794 *  x[0]^1.0 + 1.7581 *  x[1]^1.0 + 3.5169 *  x[2]^1.0 + 2.0438 * 1; 1.6753 *  x[0]^1.0 + 3.0556 *  x[1]^1.0 - 0.9216 *  x[2]^1.0 + 2.3599 * 1; 1.6953 *  x[0]^1.0 - 0.4648 *  x[1]^1.0 + 0.9108 *  x[2]^1.0 + 2.9353 * 1;  - 0.0083 *  x[0]^1.0 + 0.9103 *  x[1]^1.0 - 0.0005 *  x[2]^1.0 + 1.0331 * 1; 0.4672 *  x[0]^1.0 - 0.0005 *  x[1]^1.0 + 0.0001 *  x[2]^1.0 + 1.5211 * 1

2019-05-04-02-54-24   >>>>   End verify ranking function

verifying time = 7.903 ms


Not Found Ranking Fcuntion

Conterexample is 

[0, 0, -5366.857142857143]

sampling time = 4.970 ms


       ########################################         

iteration 16 with 1404 examples

2019-05-04-02-54-24   >>>>   Start train ranking function

2019-05-04-02-54-24   >>>>   End train ranking function

train_ranking_functioning time = 37.108 ms


2019-05-04-02-54-24   >>>>   Start verify ranking function

[xr_1 = 0, xr_2 = -3130, xr_0 = 0]
ranking function : 0.879 *  x[0]^1.0 + 1.7579 *  x[1]^1.0 + 3.517 *  x[2]^1.0 + 2.0438 * 1; 1.6755 *  x[0]^1.0 + 3.0554 *  x[1]^1.0 - 0.9212 *  x[2]^1.0 + 2.3601 * 1; 1.6955 *  x[0]^1.0 - 0.4652 *  x[1]^1.0 + 0.911 *  x[2]^1.0 + 2.9352 * 1;  - 0.0084 *  x[0]^1.0 + 0.9103 *  x[1]^1.0 - 0.0005 *  x[2]^1.0 + 1.0331 * 1; 0.4673 *  x[0]^1.0 - 0.0004 *  x[1]^1.0 + 1.5211 * 1

2019-05-04-02-54-24   >>>>   End verify ranking function

verifying time = 8.000 ms


Not Found Ranking Fcuntion

Conterexample is 

[0, 0, -3130]

sampling time = 5.056 ms


       ########################################         

iteration 17 with 1410 examples

2019-05-04-02-54-24   >>>>   Start train ranking function

2019-05-04-02-54-24   >>>>   End train ranking function

train_ranking_functioning time = 36.616 ms


2019-05-04-02-54-24   >>>>   Start verify ranking function

[xr_1 = 0, xr_2 = -18785/3, xr_0 = 0]
ranking function : 0.8795 *  x[0]^1.0 + 1.7582 *  x[1]^1.0 + 3.517 *  x[2]^1.0 + 2.0438 * 1; 1.6752 *  x[0]^1.0 + 3.0554 *  x[1]^1.0 - 0.9217 *  x[2]^1.0 + 2.3601 * 1; 1.6957 *  x[0]^1.0 - 0.4651 *  x[1]^1.0 + 0.9109 *  x[2]^1.0 + 2.9352 * 1;  - 0.0082 *  x[0]^1.0 + 0.9103 *  x[1]^1.0 - 0.0005 *  x[2]^1.0 + 1.033 * 1; 0.4672 *  x[0]^1.0 - 0.0006 *  x[1]^1.0 + 0.0001 *  x[2]^1.0 + 1.521 * 1

2019-05-04-02-54-24   >>>>   End verify ranking function

verifying time = 7.950 ms


Not Found Ranking Fcuntion

Conterexample is 

[0, 0, -6261.666666666667]

sampling time = 5.028 ms


       ########################################         

iteration 18 with 1416 examples

2019-05-04-02-54-24   >>>>   Start train ranking function

2019-05-04-02-54-24   >>>>   End train ranking function

train_ranking_functioning time = 43.131 ms


2019-05-04-02-54-24   >>>>   Start verify ranking function

[xr_1 = 0, xr_2 = -18783/4, xr_0 = 0]
ranking function : 0.8793 *  x[0]^1.0 + 1.7579 *  x[1]^1.0 + 3.5166 *  x[2]^1.0 + 2.0437 * 1; 1.6753 *  x[0]^1.0 + 3.0555 *  x[1]^1.0 - 0.9216 *  x[2]^1.0 + 2.3598 * 1; 1.6956 *  x[0]^1.0 - 0.4655 *  x[1]^1.0 + 0.9108 *  x[2]^1.0 + 2.9351 * 1;  - 0.0079 *  x[0]^1.0 + 0.91 *  x[1]^1.0 - 0.0006 *  x[2]^1.0 + 1.033 * 1; 0.4671 *  x[0]^1.0 - 0.0004 *  x[1]^1.0 + 0.0001 *  x[2]^1.0 + 1.521 * 1

2019-05-04-02-54-24   >>>>   End verify ranking function

verifying time = 7.927 ms


Not Found Ranking Fcuntion

Conterexample is 

[0, 0, -4695.75]

sampling time = 4.955 ms


       ########################################         

iteration 19 with 1422 examples

2019-05-04-02-54-24   >>>>   Start train ranking function

2019-05-04-02-54-24   >>>>   End train ranking function

train_ranking_functioning time = 39.017 ms


2019-05-04-02-54-24   >>>>   Start verify ranking function

[xr_1 = 17569/3, xr_0 = 0]
ranking function : 0.8793 *  x[0]^1.0 + 1.7583 *  x[1]^1.0 + 3.5166 *  x[2]^1.0 + 2.0437 * 1; 1.6753 *  x[0]^1.0 + 3.0557 *  x[1]^1.0 - 0.9213 *  x[2]^1.0 + 2.36 * 1; 1.6955 *  x[0]^1.0 - 0.4654 *  x[1]^1.0 + 0.9109 *  x[2]^1.0 + 2.9352 * 1;  - 0.0084 *  x[0]^1.0 + 0.9104 *  x[1]^1.0 - 0.0005 *  x[2]^1.0 + 1.033 * 1; 0.4672 *  x[0]^1.0 - 0.0006 *  x[1]^1.0 + 1.5211 * 1

2019-05-04-02-54-24   >>>>   End verify ranking function

verifying time = 7.860 ms


Not Found Ranking Fcuntion

Conterexample is 

[0, 5856.333333333333, 0]

sampling time = 4.986 ms


       ########################################         

iteration 20 with 1428 examples

2019-05-04-02-54-24   >>>>   Start train ranking function

2019-05-04-02-54-25   >>>>   End train ranking function

train_ranking_functioning time = 38.676 ms


2019-05-04-02-54-25   >>>>   Start verify ranking function

[xr_1 = 0, xr_2 = -37562/9, xr_0 = 0]
ranking function : 0.8791 *  x[0]^1.0 + 1.7581 *  x[1]^1.0 + 3.5171 *  x[2]^1.0 + 2.044 * 1; 1.6751 *  x[0]^1.0 + 3.0558 *  x[1]^1.0 - 0.9216 *  x[2]^1.0 + 2.3606 * 1; 1.6956 *  x[0]^1.0 - 0.4648 *  x[1]^1.0 + 0.9111 *  x[2]^1.0 + 2.9351 * 1;  - 0.0082 *  x[0]^1.0 + 0.9106 *  x[1]^1.0 - 0.0002 *  x[2]^1.0 + 1.0334 * 1; 0.4674 *  x[0]^1.0 - 0.0002 *  x[1]^1.0 + 1.5213 * 1

2019-05-04-02-54-25   >>>>   End verify ranking function

verifying time = 8.208 ms


Not Found Ranking Fcuntion

Conterexample is 

[0, 0, -4173.555555555556]

sampling time = 5.023 ms


       ########################################         

iteration 21 with 1434 examples

2019-05-04-02-54-25   >>>>   Start train ranking function

2019-05-04-02-54-25   >>>>   End train ranking function

train_ranking_functioning time = 40.702 ms


2019-05-04-02-54-25   >>>>   Start verify ranking function

[xr_2 = -17569/7, xr_0 = 0]
ranking function : 0.8791 *  x[0]^1.0 + 1.7582 *  x[1]^1.0 + 3.5171 *  x[2]^1.0 + 2.0439 * 1; 1.6751 *  x[0]^1.0 + 3.0558 *  x[1]^1.0 - 0.9217 *  x[2]^1.0 + 2.3606 * 1; 1.6954 *  x[0]^1.0 - 0.4648 *  x[1]^1.0 + 0.9107 *  x[2]^1.0 + 2.9353 * 1;  - 0.0081 *  x[0]^1.0 + 0.9109 *  x[1]^1.0 - 0.0003 *  x[2]^1.0 + 1.0333 * 1; 0.4674 *  x[0]^1.0 - 0.0002 *  x[1]^1.0 + 0.0001 *  x[2]^1.0 + 1.5212 * 1

2019-05-04-02-54-25   >>>>   End verify ranking function

verifying time = 7.945 ms


Not Found Ranking Fcuntion

Conterexample is 

[0, 0, -2509.8571428571427]

sampling time = 5.602 ms


       ########################################         

iteration 22 with 1440 examples

2019-05-04-02-54-25   >>>>   Start train ranking function

2019-05-04-02-54-25   >>>>   End train ranking function

train_ranking_functioning time = 40.649 ms


2019-05-04-02-54-25   >>>>   Start verify ranking function

[xr_1 = 37562, xr_2 = 0, xr_0 = 0]
ranking function : 0.8791 *  x[0]^1.0 + 1.7581 *  x[1]^1.0 + 3.5171 *  x[2]^1.0 + 2.044 * 1; 1.675 *  x[0]^1.0 + 3.0558 *  x[1]^1.0 - 0.9215 *  x[2]^1.0 + 2.3606 * 1; 1.6957 *  x[0]^1.0 - 0.4648 *  x[1]^1.0 + 0.911 *  x[2]^1.0 + 2.9352 * 1;  - 0.0083 *  x[0]^1.0 + 0.9108 *  x[1]^1.0 - 0.0002 *  x[2]^1.0 + 1.0333 * 1; 0.4674 *  x[0]^1.0 - 0.0002 *  x[1]^1.0 + 0.0001 *  x[2]^1.0 + 1.5213 * 1

2019-05-04-02-54-25   >>>>   End verify ranking function

verifying time = 8.080 ms


Not Found Ranking Fcuntion

Conterexample is 

[0, 37562, 0]

sampling time = 5.005 ms


       ########################################         

iteration 23 with 1446 examples

2019-05-04-02-54-25   >>>>   Start train ranking function

2019-05-04-02-54-25   >>>>   End train ranking function

train_ranking_functioning time = 42.327 ms


2019-05-04-02-54-25   >>>>   Start verify ranking function

[xr_1 = -37560, xr_2 = 0, xr_0 = 0]
ranking function : 0.879 *  x[0]^1.0 + 1.7581 *  x[1]^1.0 + 3.5171 *  x[2]^1.0 + 2.0441 * 1; 1.6751 *  x[0]^1.0 + 3.0559 *  x[1]^1.0 - 0.9215 *  x[2]^1.0 + 2.3607 * 1; 1.6953 *  x[0]^1.0 - 0.4643 *  x[1]^1.0 + 0.9111 *  x[2]^1.0 + 2.9349 * 1;  - 0.0084 *  x[0]^1.0 + 0.911 *  x[1]^1.0 - 0.0001 *  x[2]^1.0 + 1.0334 * 1; 0.4674 *  x[0]^1.0 - 0.0001 *  x[1]^1.0 + 0.0001 *  x[2]^1.0 + 1.5213 * 1

2019-05-04-02-54-25   >>>>   End verify ranking function

verifying time = 7.916 ms


Not Found Ranking Fcuntion

Conterexample is 

[0, -37560, 0]

sampling time = 5.008 ms


       ########################################         

iteration 24 with 1452 examples

2019-05-04-02-54-25   >>>>   Start train ranking function

2019-05-04-02-54-25   >>>>   End train ranking function

train_ranking_functioning time = 40.007 ms


2019-05-04-02-54-25   >>>>   Start verify ranking function

[xr_1 = 0, xr_2 = -18373/7, xr_0 = 0]
ranking function : 0.8383 *  x[0]^1.0 + 1.6767 *  x[1]^1.0 + 3.3548 *  x[2]^1.0 + 0.0025 * 1; 3.1026 *  x[0]^1.0 + 2.8518 *  x[1]^1.0 - 1.0052 *  x[2]^1.0 + 1.9733 * 1; 2.5998 *  x[0]^1.0 - 0.5037 *  x[1]^1.0 + 1.0023 *  x[2]^1.0 + 3.9632 * 1;  - 0.0013 *  x[0]^1.0 + 1.0017 *  x[1]^1.0 - 0.0003 *  x[2]^1.0 + 0.046 * 1; 1.0015 *  x[0]^1.0 - 0.0006 *  x[1]^1.0 + 0.0003 *  x[2]^1.0 + 2.1325 * 1

2019-05-04-02-54-25   >>>>   End verify ranking function

verifying time = 7.924 ms


Not Found Ranking Fcuntion

Conterexample is 

[0, 0, -2624.714285714286]

sampling time = 5.020 ms


Failed to prove it is terminated

UNKNOWN
Time For Template 4 Is--->-2310.802000 ms

------Using Template 5 -----------
19 [5, 4, 3, 5, 2]
*****************************************************

2019-05-04-02-54-26   >>>>   End sampling point

sampling time = 1217.262 ms,


       ########################################         

iteration 0 with 1308 examples

2019-05-04-02-54-26   >>>>   Start train ranking function

2019-05-04-02-54-26   >>>>   End train ranking function

train_ranking_functioning time = 62.092 ms


2019-05-04-02-54-26   >>>>   Start verify ranking function

[xr_0 = 54, xr_1 = 1/2, xr_2 = 1/8]
ranking function : 0.0019 *  x[0]^-3.0 *  x[1]^2.0 *  x[2]^-3.0 - 0.0059 *  x[0]^2.0 *  x[1]^2.0 *  x[2]^3.0 - 0.1095 *  x[0]^-2.0 *  x[1]^3.0 - 0.0142 *  x[0]^-2.0 *  x[1]^-2.0 *  x[2]^3.0 + 0.2621 *  x[0]^-2.0 *  x[1]^2.0 *  x[2]^0.5;  - 0.0078 *  x[0]^3.0 *  x[1]^1.0 + 0.2141 *  x[0]^-0.5 *  x[1]^0.5 *  x[2]^3.0 - 0.0424 *  x[0]^1.0 *  x[2]^1.0 - 0.0157 *  x[0]^-3.0 *  x[1]^-3.0 *  x[2]^-0.5; 0.0181 *  x[0]^-2.0 *  x[1]^1.0 *  x[2]^-0.5 + 0.0738 *  x[0]^3.0 *  x[1]^2.0 - 0.0153 *  x[1]^-3.0;  - 0.0033 *  x[0]^-3.0 *  x[1]^-1.0 + 0.0655 *  x[0]^0.5 *  x[1]^-1.0 *  x[2]^2.0 + 0.003 *  x[0]^2.0 *  x[1]^0.5 *  x[2]^-1.0 + 0.3406 *  x[0]^1.0 *  x[1]^0.5 *  x[2]^0.5 + 0.0148 *  x[0]^0.5 *  x[1]^-2.0 *  x[2]^-1.0;  - 0.0042 *  x[0]^-2.0 *  x[1]^-0.5 *  x[2]^-3.0 + 0.0051 *  x[0]^-1.0 *  x[1]^-2.0 *  x[2]^-0.5

2019-05-04-02-54-26   >>>>   End verify ranking function

verifying time = 28.263 ms


Not Found Ranking Fcuntion

Conterexample is 

[54, 0.5, 0.125]

sampling time = 5.505 ms


       ########################################         

iteration 1 with 1314 examples

2019-05-04-02-54-26   >>>>   Start train ranking function

2019-05-04-02-54-26   >>>>   End train ranking function

train_ranking_functioning time = 61.906 ms


2019-05-04-02-54-26   >>>>   Start verify ranking function

[xr_0 = 1/2, xr_1 = 1/2, xr_2 = 1/8]
ranking function :  - 0.0004 *  x[0]^-3.0 *  x[1]^2.0 *  x[2]^-3.0 + 0.0134 *  x[0]^2.0 *  x[1]^2.0 *  x[2]^3.0 - 0.0802 *  x[0]^-2.0 *  x[1]^3.0 + 0.0013 *  x[0]^-2.0 *  x[1]^-2.0 *  x[2]^3.0 + 0.259 *  x[0]^-2.0 *  x[1]^2.0 *  x[2]^0.5;  - 0.0069 *  x[0]^3.0 *  x[1]^1.0 + 0.2173 *  x[0]^-0.5 *  x[1]^0.5 *  x[2]^3.0 - 0.0392 *  x[0]^1.0 *  x[2]^1.0 - 0.0001 *  x[0]^-3.0 *  x[1]^-3.0 *  x[2]^-0.5; 0.0203 *  x[0]^-2.0 *  x[1]^1.0 *  x[2]^-0.5 + 0.0877 *  x[0]^3.0 *  x[1]^2.0 - 0.0012 *  x[1]^-3.0; 0.0095 *  x[0]^-3.0 *  x[1]^-1.0 + 0.0732 *  x[0]^0.5 *  x[1]^-1.0 *  x[2]^2.0 - 0.0035 *  x[0]^2.0 *  x[1]^0.5 *  x[2]^-1.0 + 0.3375 *  x[0]^1.0 *  x[1]^0.5 *  x[2]^0.5 + 0.0081 *  x[0]^0.5 *  x[1]^-2.0 *  x[2]^-1.0;  - 0.0003 *  x[0]^-2.0 *  x[1]^-0.5 *  x[2]^-3.0 + 0.0206 *  x[0]^-1.0 *  x[1]^-2.0 *  x[2]^-0.5

2019-05-04-02-54-26   >>>>   End verify ranking function

verifying time = 45.677 ms


Not Found Ranking Fcuntion

Conterexample is 

[0.5, 0.5, 0.125]

sampling time = 5.476 ms


       ########################################         

iteration 2 with 1320 examples

2019-05-04-02-54-26   >>>>   Start train ranking function

2019-05-04-02-54-26   >>>>   End train ranking function

train_ranking_functioning time = 61.598 ms


2019-05-04-02-54-26   >>>>   Start verify ranking function

[xr_0 = 1/2, xr_1 = 1/2, xr_2 = 1/8]
ranking function : 0.0149 *  x[0]^-3.0 *  x[1]^2.0 *  x[2]^-3.0 + 0.0166 *  x[0]^2.0 *  x[1]^2.0 *  x[2]^3.0 - 0.1004 *  x[0]^-2.0 *  x[1]^3.0 - 0.0002 *  x[0]^-2.0 *  x[1]^-2.0 *  x[2]^3.0 + 0.2731 *  x[0]^-2.0 *  x[1]^2.0 *  x[2]^0.5;  - 0.0182 *  x[0]^3.0 *  x[1]^1.0 + 0.219 *  x[0]^-0.5 *  x[1]^0.5 *  x[2]^3.0 - 0.0463 *  x[0]^1.0 *  x[2]^1.0 - 0.0048 *  x[0]^-3.0 *  x[1]^-3.0 *  x[2]^-0.5; 0.0205 *  x[0]^-2.0 *  x[1]^1.0 *  x[2]^-0.5 + 0.0867 *  x[0]^3.0 *  x[1]^2.0 + 0.0027 *  x[1]^-3.0; 0.0056 *  x[0]^-3.0 *  x[1]^-1.0 + 0.0694 *  x[0]^0.5 *  x[1]^-1.0 *  x[2]^2.0 - 0.0045 *  x[0]^2.0 *  x[1]^0.5 *  x[2]^-1.0 + 0.334 *  x[0]^1.0 *  x[1]^0.5 *  x[2]^0.5 + 0.0001 *  x[0]^0.5 *  x[1]^-2.0 *  x[2]^-1.0;  - 0.0017 *  x[0]^-2.0 *  x[1]^-0.5 *  x[2]^-3.0 + 0.0049 *  x[0]^-1.0 *  x[1]^-2.0 *  x[2]^-0.5

2019-05-04-02-54-26   >>>>   End verify ranking function

verifying time = 46.439 ms


Not Found Ranking Fcuntion

Conterexample is 

[0.5, 0.5, 0.125]

sampling time = 5.456 ms


       ########################################         

iteration 3 with 1326 examples

2019-05-04-02-54-26   >>>>   Start train ranking function

2019-05-04-02-54-26   >>>>   End train ranking function

train_ranking_functioning time = 63.096 ms


2019-05-04-02-54-26   >>>>   Start verify ranking function

[xr_0 = 1/2, xr_1 = 1/2, xr_2 = 1/8]
ranking function :  - 0.0007 *  x[0]^-3.0 *  x[1]^2.0 *  x[2]^-3.0 + 0.0072 *  x[0]^2.0 *  x[1]^2.0 *  x[2]^3.0 - 0.0949 *  x[0]^-2.0 *  x[1]^3.0 + 0.0023 *  x[0]^-2.0 *  x[1]^-2.0 *  x[2]^3.0 + 0.2574 *  x[0]^-2.0 *  x[1]^2.0 *  x[2]^0.5;  - 0.0121 *  x[0]^3.0 *  x[1]^1.0 + 0.2189 *  x[0]^-0.5 *  x[1]^0.5 *  x[2]^3.0 - 0.0432 *  x[0]^1.0 *  x[2]^1.0 - 0.001 *  x[0]^-3.0 *  x[1]^-3.0 *  x[2]^-0.5; 0.0246 *  x[0]^-2.0 *  x[1]^1.0 *  x[2]^-0.5 + 0.0867 *  x[0]^3.0 *  x[1]^2.0 + 0.0116 *  x[1]^-3.0; 0.0089 *  x[0]^-3.0 *  x[1]^-1.0 + 0.0607 *  x[0]^0.5 *  x[1]^-1.0 *  x[2]^2.0 - 0.0012 *  x[0]^2.0 *  x[1]^0.5 *  x[2]^-1.0 + 0.3424 *  x[0]^1.0 *  x[1]^0.5 *  x[2]^0.5 + 0.0066 *  x[0]^0.5 *  x[1]^-2.0 *  x[2]^-1.0;  - 0.0054 *  x[0]^-1.0 *  x[1]^-2.0 *  x[2]^-0.5
