------Using Template 0 -----------
4 [4]
*****************************************************

2019-05-04-03-09-18   >>>>   End sampling point

sampling time = 23.695 ms,


       ########################################         

iteration 0 with 34 examples

2019-05-04-03-09-18   >>>>   Start train ranking function

2019-05-04-03-09-18   >>>>   End train ranking function

train_ranking_functioning time = 0.467 ms


2019-05-04-03-09-18   >>>>   Start verify ranking function

valid ranking function
ranking function : 0.5 *  x[1]^1.0 - 0.5 *  x[2]^1.0 + 0.9 * 1

2019-05-04-03-09-18   >>>>   End verify ranking function

verifying time = 8.039 ms


Found Ranking Fcuntion: 0.5 *  x[1]^1.0 - 0.5 *  x[2]^1.0 + 0.9 * 1

0.5 *  x[1]^1.0 - 0.5 *  x[2]^1.0 + 0.9 * 1
FINITE
Time For Template 0 Is--->-51.069000 ms

Time For ../Program_non/30.bpl Is ---> 202.071000 ms

