------Using Template 0 -----------
2 [2]
*****************************************************

2019-05-04-03-24-20   >>>>   End sampling point

sampling time = 27.824 ms,


       ########################################         

iteration 0 with 104 examples

2019-05-04-03-24-20   >>>>   Start train ranking function

2019-05-04-03-24-20   >>>>   End train ranking function

train_ranking_functioning time = 0.510 ms


2019-05-04-03-24-20   >>>>   Start verify ranking function

valid ranking function
ranking function : 1.0 *  x[0]^1.0 + 0.7 * 1

2019-05-04-03-24-20   >>>>   End verify ranking function

verifying time = 6.050 ms


Found Ranking Fcuntion: 1.0 *  x[0]^1.0 + 0.7 * 1

1.0 *  x[0]^1.0 + 0.7 * 1
FINITE
Time For Template 0 Is--->-51.046000 ms

Time For ../Program_non/36.bpl Is ---> 203.707000 ms

