------Using Template 0 -----------
2 [2]
*****************************************************

2019-05-04-03-39-25   >>>>   End sampling point

sampling time = 8.363 ms,


       ########################################         

iteration 0 with 8 examples

2019-05-04-03-39-25   >>>>   Start train ranking function

2019-05-04-03-39-25   >>>>   End train ranking function

train_ranking_functioning time = 0.462 ms


2019-05-04-03-39-25   >>>>   Start verify ranking function

[xi_0 = 1]
ranking function : 0.4 *  x[0]^1.0 + 0.9 * 1

2019-05-04-03-39-25   >>>>   End verify ranking function

verifying time = 6.210 ms


Not Found Ranking Fcuntion

Conterexample is 

[1]

sampling time = 0.445 ms


       ########################################         

iteration 1 with 10 examples

2019-05-04-03-39-25   >>>>   Start train ranking function

2019-05-04-03-39-25   >>>>   End train ranking function

train_ranking_functioning time = 0.338 ms


2019-05-04-03-39-25   >>>>   Start verify ranking function

[xi_0 = 1]
ranking function : 0.2 *  x[0]^1.0 + 0.9 * 1

2019-05-04-03-39-25   >>>>   End verify ranking function

verifying time = 6.174 ms


Not Found Ranking Fcuntion

Conterexample is 

[1]

sampling time = 0.444 ms


       ########################################         

iteration 2 with 12 examples

2019-05-04-03-39-25   >>>>   Start train ranking function

2019-05-04-03-39-25   >>>>   End train ranking function

train_ranking_functioning time = 0.303 ms


2019-05-04-03-39-25   >>>>   Start verify ranking function

[xi_0 = 0]
ranking function : 0.9 * 1

2019-05-04-03-39-25   >>>>   End verify ranking function

verifying time = 6.139 ms


Not Found Ranking Fcuntion

Conterexample is 

[0]

sampling time = 0.446 ms


       ########################################         

iteration 3 with 14 examples

2019-05-04-03-39-25   >>>>   Start train ranking function

2019-05-04-03-39-25   >>>>   End train ranking function

train_ranking_functioning time = 0.293 ms


2019-05-04-03-39-25   >>>>   Start verify ranking function

[xi_0 = 1]
ranking function : 0.1 *  x[0]^1.0 + 0.9 * 1

2019-05-04-03-39-25   >>>>   End verify ranking function

verifying time = 6.118 ms


Not Found Ranking Fcuntion

Conterexample is 

[1]

sampling time = 0.441 ms


       ########################################         

iteration 4 with 16 examples

2019-05-04-03-39-25   >>>>   Start train ranking function

2019-05-04-03-39-25   >>>>   End train ranking function

train_ranking_functioning time = 0.309 ms


2019-05-04-03-39-25   >>>>   Start verify ranking function

[xi_0 = 0]
ranking function : 0.9 * 1

2019-05-04-03-39-25   >>>>   End verify ranking function

verifying time = 6.087 ms


Not Found Ranking Fcuntion

Conterexample is 

[0]

sampling time = 0.447 ms


       ########################################         

iteration 5 with 18 examples

2019-05-04-03-39-25   >>>>   Start train ranking function

2019-05-04-03-39-25   >>>>   End train ranking function

train_ranking_functioning time = 0.323 ms


2019-05-04-03-39-25   >>>>   Start verify ranking function

[xi_0 = 1]
ranking function : 0.1 *  x[0]^1.0 + 0.9 * 1

2019-05-04-03-39-25   >>>>   End verify ranking function

verifying time = 6.078 ms


Not Found Ranking Fcuntion

Conterexample is 

[1]

sampling time = 0.439 ms


       ########################################         

iteration 6 with 20 examples

2019-05-04-03-39-25   >>>>   Start train ranking function

2019-05-04-03-39-25   >>>>   End train ranking function

train_ranking_functioning time = 0.317 ms


2019-05-04-03-39-25   >>>>   Start verify ranking function

[xi_0 = 0]
ranking function : 0.9 * 1

2019-05-04-03-39-25   >>>>   End verify ranking function

verifying time = 6.060 ms


Not Found Ranking Fcuntion

Conterexample is 

[0]

sampling time = 0.452 ms


       ########################################         

iteration 7 with 22 examples

2019-05-04-03-39-25   >>>>   Start train ranking function

2019-05-04-03-39-25   >>>>   End train ranking function

train_ranking_functioning time = 0.309 ms


2019-05-04-03-39-25   >>>>   Start verify ranking function

[xi_0 = 1]
ranking function : 0.1 *  x[0]^1.0 + 0.9 * 1

2019-05-04-03-39-25   >>>>   End verify ranking function

verifying time = 6.187 ms


Not Found Ranking Fcuntion

Conterexample is 

[1]

sampling time = 0.452 ms


       ########################################         

iteration 8 with 24 examples

2019-05-04-03-39-25   >>>>   Start train ranking function

2019-05-04-03-39-25   >>>>   End train ranking function

train_ranking_functioning time = 0.325 ms


2019-05-04-03-39-25   >>>>   Start verify ranking function

[xi_0 = 0]
ranking function : 1.0 * 1

2019-05-04-03-39-25   >>>>   End verify ranking function

verifying time = 6.064 ms


Not Found Ranking Fcuntion

Conterexample is 

[0]

sampling time = 0.453 ms


       ########################################         

iteration 9 with 26 examples

2019-05-04-03-39-25   >>>>   Start train ranking function

2019-05-04-03-39-25   >>>>   End train ranking function

train_ranking_functioning time = 0.314 ms


2019-05-04-03-39-25   >>>>   Start verify ranking function

[xi_0 = 1]
ranking function : 0.1 *  x[0]^1.0 + 0.9 * 1

2019-05-04-03-39-25   >>>>   End verify ranking function

verifying time = 6.062 ms


Not Found Ranking Fcuntion

Conterexample is 

[1]

sampling time = 0.450 ms


       ########################################         

iteration 10 with 28 examples

2019-05-04-03-39-25   >>>>   Start train ranking function

2019-05-04-03-39-25   >>>>   End train ranking function

train_ranking_functioning time = 0.332 ms


2019-05-04-03-39-25   >>>>   Start verify ranking function

[xi_0 = 0]
ranking function : 1.0 * 1

2019-05-04-03-39-25   >>>>   End verify ranking function

verifying time = 6.152 ms


Not Found Ranking Fcuntion

Conterexample is 

[0]

sampling time = 0.446 ms


       ########################################         

iteration 11 with 30 examples

2019-05-04-03-39-25   >>>>   Start train ranking function

2019-05-04-03-39-25   >>>>   End train ranking function

train_ranking_functioning time = 0.318 ms


2019-05-04-03-39-25   >>>>   Start verify ranking function

[xi_0 = 1]
ranking function : 0.1 *  x[0]^1.0 + 0.9 * 1

2019-05-04-03-39-25   >>>>   End verify ranking function

verifying time = 6.262 ms


Not Found Ranking Fcuntion

Conterexample is 

[1]

sampling time = 0.527 ms


       ########################################         

iteration 12 with 32 examples

2019-05-04-03-39-25   >>>>   Start train ranking function

2019-05-04-03-39-25   >>>>   End train ranking function

train_ranking_functioning time = 0.366 ms


2019-05-04-03-39-25   >>>>   Start verify ranking function

[xi_0 = 0]
ranking function : 1.0 * 1

2019-05-04-03-39-25   >>>>   End verify ranking function

verifying time = 7.258 ms


Not Found Ranking Fcuntion

Conterexample is 

[0]

sampling time = 0.457 ms


       ########################################         

iteration 13 with 34 examples

2019-05-04-03-39-25   >>>>   Start train ranking function

2019-05-04-03-39-25   >>>>   End train ranking function

train_ranking_functioning time = 0.332 ms


2019-05-04-03-39-25   >>>>   Start verify ranking function

[xi_0 = 1]
ranking function : 0.1 *  x[0]^1.0 + 0.9 * 1

2019-05-04-03-39-25   >>>>   End verify ranking function

verifying time = 6.259 ms


Not Found Ranking Fcuntion

Conterexample is 

[1]

sampling time = 0.453 ms


       ########################################         

iteration 14 with 36 examples

2019-05-04-03-39-25   >>>>   Start train ranking function

2019-05-04-03-39-25   >>>>   End train ranking function

train_ranking_functioning time = 0.348 ms


2019-05-04-03-39-25   >>>>   Start verify ranking function

[xi_0 = 0]
ranking function : 1.0 * 1

2019-05-04-03-39-25   >>>>   End verify ranking function

verifying time = 6.115 ms


Not Found Ranking Fcuntion

Conterexample is 

[0]

sampling time = 0.446 ms


       ########################################         

iteration 15 with 38 examples

2019-05-04-03-39-25   >>>>   Start train ranking function

2019-05-04-03-39-25   >>>>   End train ranking function

train_ranking_functioning time = 0.331 ms


2019-05-04-03-39-25   >>>>   Start verify ranking function

[xi_0 = 1]
ranking function : 0.1 *  x[0]^1.0 + 1.0 * 1

2019-05-04-03-39-25   >>>>   End verify ranking function

verifying time = 6.321 ms


Not Found Ranking Fcuntion

Conterexample is 

[1]

sampling time = 0.454 ms


       ########################################         

iteration 16 with 40 examples

2019-05-04-03-39-25   >>>>   Start train ranking function

2019-05-04-03-39-25   >>>>   End train ranking function

train_ranking_functioning time = 0.420 ms


2019-05-04-03-39-25   >>>>   Start verify ranking function

[xi_0 = 0]
ranking function : 1.0 * 1

2019-05-04-03-39-25   >>>>   End verify ranking function

verifying time = 6.737 ms


Not Found Ranking Fcuntion

Conterexample is 

[0]

sampling time = 0.470 ms


       ########################################         

iteration 17 with 42 examples

2019-05-04-03-39-25   >>>>   Start train ranking function

2019-05-04-03-39-25   >>>>   End train ranking function

train_ranking_functioning time = 0.377 ms


2019-05-04-03-39-25   >>>>   Start verify ranking function

[xi_0 = 0]
ranking function : 1.0 * 1

2019-05-04-03-39-25   >>>>   End verify ranking function

verifying time = 6.240 ms


Not Found Ranking Fcuntion

Conterexample is 

[0]

sampling time = 0.479 ms


       ########################################         

iteration 18 with 44 examples

2019-05-04-03-39-25   >>>>   Start train ranking function

2019-05-04-03-39-25   >>>>   End train ranking function

train_ranking_functioning time = 0.383 ms


2019-05-04-03-39-25   >>>>   Start verify ranking function

[xi_0 = 1]
ranking function : 0.1 *  x[0]^1.0 + 1.0 * 1

2019-05-04-03-39-25   >>>>   End verify ranking function

verifying time = 6.523 ms


Not Found Ranking Fcuntion

Conterexample is 

[1]

sampling time = 0.471 ms


       ########################################         

iteration 19 with 46 examples

2019-05-04-03-39-25   >>>>   Start train ranking function

2019-05-04-03-39-25   >>>>   End train ranking function

train_ranking_functioning time = 0.380 ms


2019-05-04-03-39-25   >>>>   Start verify ranking function

[xi_0 = 0]
ranking function : 1.0 * 1

2019-05-04-03-39-25   >>>>   End verify ranking function

verifying time = 6.250 ms


Not Found Ranking Fcuntion

Conterexample is 

[0]

sampling time = 0.477 ms


       ########################################         

iteration 20 with 48 examples

2019-05-04-03-39-25   >>>>   Start train ranking function

2019-05-04-03-39-25   >>>>   End train ranking function

train_ranking_functioning time = 0.418 ms


2019-05-04-03-39-25   >>>>   Start verify ranking function

[xi_0 = 1]
ranking function : 0.1 *  x[0]^1.0 + 1.0 * 1

2019-05-04-03-39-25   >>>>   End verify ranking function

verifying time = 6.208 ms


Not Found Ranking Fcuntion

Conterexample is 

[1]

sampling time = 0.450 ms


       ########################################         

iteration 21 with 50 examples

2019-05-04-03-39-25   >>>>   Start train ranking function

2019-05-04-03-39-25   >>>>   End train ranking function

train_ranking_functioning time = 0.358 ms


2019-05-04-03-39-25   >>>>   Start verify ranking function

[xi_0 = 0]
ranking function : 1.0 * 1

2019-05-04-03-39-25   >>>>   End verify ranking function

verifying time = 6.183 ms


Not Found Ranking Fcuntion

Conterexample is 

[0]

sampling time = 0.443 ms


       ########################################         

iteration 22 with 52 examples

2019-05-04-03-39-25   >>>>   Start train ranking function

2019-05-04-03-39-25   >>>>   End train ranking function

train_ranking_functioning time = 0.354 ms


2019-05-04-03-39-25   >>>>   Start verify ranking function

[xi_0 = 1]
ranking function : 0.1 *  x[0]^1.0 + 1.0 * 1

2019-05-04-03-39-25   >>>>   End verify ranking function

verifying time = 6.217 ms


Not Found Ranking Fcuntion

Conterexample is 

[1]

sampling time = 0.493 ms


       ########################################         

iteration 23 with 54 examples

2019-05-04-03-39-25   >>>>   Start train ranking function

2019-05-04-03-39-25   >>>>   End train ranking function

train_ranking_functioning time = 0.357 ms


2019-05-04-03-39-25   >>>>   Start verify ranking function

[xi_0 = 0]
ranking function : 1.0 * 1

2019-05-04-03-39-25   >>>>   End verify ranking function

verifying time = 6.038 ms


Not Found Ranking Fcuntion

Conterexample is 

[0]

sampling time = 0.528 ms


       ########################################         

iteration 24 with 56 examples

2019-05-04-03-39-25   >>>>   Start train ranking function

2019-05-04-03-39-25   >>>>   End train ranking function

train_ranking_functioning time = 0.370 ms


2019-05-04-03-39-25   >>>>   Start verify ranking function

[xi_0 = 1]
ranking function : 0.1 *  x[0]^1.0 + 1.0 * 1

2019-05-04-03-39-25   >>>>   End verify ranking function

verifying time = 6.131 ms


Not Found Ranking Fcuntion

Conterexample is 

[1]

sampling time = 0.448 ms


Failed to prove it is terminated

UNKNOWN
Time For Template 0 Is--->-234.790000 ms

------Using Template 1 -----------
3 [3]
*****************************************************

2019-05-04-03-39-25   >>>>   End sampling point

sampling time = 9.283 ms,


       ########################################         

iteration 0 with 8 examples

2019-05-04-03-39-25   >>>>   Start train ranking function

2019-05-04-03-39-25   >>>>   End train ranking function

train_ranking_functioning time = 0.480 ms


2019-05-04-03-39-25   >>>>   Start verify ranking function

valid ranking function
ranking function :  - 0.5 *  x[0]^2.0 + 0.8 *  x[0]^1.0

2019-05-04-03-39-25   >>>>   End verify ranking function

verifying time = 18.613 ms


Found Ranking Fcuntion:  - 0.5 *  x[0]^2.0 + 0.8 *  x[0]^1.0

 - 0.5 *  x[0]^2.0 + 0.8 *  x[0]^1.0
FINITE
Time For Template 1 Is--->-35.531000 ms

Time For ../Program_non/50.bpl Is ---> 437.609000 ms

