------Using Template 0 -----------
2 [2]
*****************************************************

'NoneType' object is not subscriptable
2019-05-04-03-39-30   >>>>   End sampling point

sampling time = 5.154 ms,


       ########################################         

iteration 0 with 3 examples

2019-05-04-03-39-30   >>>>   Start train ranking function

2019-05-04-03-39-30   >>>>   End train ranking function

train_ranking_functioning time = 0.070 ms


2019-05-04-03-39-30   >>>>   Start verify ranking function

valid ranking function
ranking function : 0.8 *  x[0]^1.0

2019-05-04-03-39-30   >>>>   End verify ranking function

verifying time = 6.151 ms


Found Ranking Fcuntion: 0.8 *  x[0]^1.0

0.8 *  x[0]^1.0
FINATE
Time For Template 0 Is--->-36.569000 ms

Time For ../Program_non/58.bpl Is ---> 189.263000 ms

