------Using Template 0 -----------
4 [4]
*****************************************************

2019-05-04-03-39-32   >>>>   End sampling point

sampling time = 80.728 ms,


       ########################################         

iteration 0 with 154 examples

2019-05-04-03-39-32   >>>>   Start train ranking function

2019-05-04-03-39-32   >>>>   End train ranking function

train_ranking_functioning time = 0.963 ms


2019-05-04-03-39-32   >>>>   Start verify ranking function

valid ranking function
ranking function : 0.2 *  x[0]^1.0 + 1.0 * 1

2019-05-04-03-39-32   >>>>   End verify ranking function

verifying time = 8.308 ms


Found Ranking Fcuntion: 0.2 *  x[0]^1.0 + 1.0 * 1

0.2 *  x[0]^1.0 + 1.0 * 1
FINITE
Time For Template 0 Is--->-108.324000 ms

Time For ../Program_non/61.bpl Is ---> 261.294000 ms

