------Using Template 0 -----------
3 [3]
*****************************************************

2019-05-04-03-44-34   >>>>   End sampling point

sampling time = 45.971 ms,


       ########################################         

iteration 0 with 114 examples

2019-05-04-03-44-34   >>>>   Start train ranking function

2019-05-04-03-44-34   >>>>   End train ranking function

train_ranking_functioning time = 1.636 ms


2019-05-04-03-44-34   >>>>   Start verify ranking function

[xr_1 = 470/3, xr_0 = 1]
ranking function : 0.9817 *  x[0]^1.0 + 0.4877 *  x[1]^1.0 + 1.2851 * 1

2019-05-04-03-44-34   >>>>   End verify ranking function

verifying time = 6.779 ms


Not Found Ranking Fcuntion

Conterexample is 

[1, 156.66666666666666]

sampling time = 0.728 ms


       ########################################         

iteration 1 with 116 examples

2019-05-04-03-44-34   >>>>   Start train ranking function

2019-05-04-03-44-34   >>>>   End train ranking function

train_ranking_functioning time = 2.495 ms


2019-05-04-03-44-34   >>>>   Start verify ranking function

[xr_1 = 9834/29, xr_0 = 1]
ranking function : 0.9815 *  x[0]^1.0 + 0.4893 *  x[1]^1.0 + 1.2881 * 1

2019-05-04-03-44-34   >>>>   End verify ranking function

verifying time = 6.683 ms


Not Found Ranking Fcuntion

Conterexample is 

[1, 339.1034482758621]

sampling time = 0.718 ms


       ########################################         

iteration 2 with 118 examples

2019-05-04-03-44-34   >>>>   Start train ranking function

2019-05-04-03-44-34   >>>>   End train ranking function

train_ranking_functioning time = 2.576 ms


2019-05-04-03-44-34   >>>>   Start verify ranking function

[xr_1 = 3274/5, xr_0 = 1]
ranking function : 0.9817 *  x[0]^1.0 + 0.4901 *  x[1]^1.0 + 1.2896 * 1

2019-05-04-03-44-34   >>>>   End verify ranking function

verifying time = 6.691 ms


Not Found Ranking Fcuntion

Conterexample is 

[1, 654.8]

sampling time = 0.714 ms


       ########################################         

iteration 3 with 120 examples

2019-05-04-03-44-34   >>>>   Start train ranking function

2019-05-04-03-44-34   >>>>   End train ranking function

train_ranking_functioning time = 2.643 ms


2019-05-04-03-44-34   >>>>   Start verify ranking function

[xr_1 = 1402, xr_0 = 1]
ranking function : 0.9817 *  x[0]^1.0 + 0.4905 *  x[1]^1.0 + 1.2903 * 1

2019-05-04-03-44-34   >>>>   End verify ranking function

verifying time = 6.691 ms


Not Found Ranking Fcuntion

Conterexample is 

[1, 1402]

sampling time = 0.721 ms


       ########################################         

iteration 4 with 122 examples

2019-05-04-03-44-34   >>>>   Start train ranking function

2019-05-04-03-44-34   >>>>   End train ranking function

train_ranking_functioning time = 2.768 ms


2019-05-04-03-44-34   >>>>   Start verify ranking function

[xr_1 = 3270, xr_0 = 1]
ranking function : 0.9817 *  x[0]^1.0 + 0.4907 *  x[1]^1.0 + 1.2906 * 1

2019-05-04-03-44-34   >>>>   End verify ranking function

verifying time = 6.657 ms


Not Found Ranking Fcuntion

Conterexample is 

[1, 3270]

sampling time = 0.716 ms


       ########################################         

iteration 5 with 124 examples

2019-05-04-03-44-34   >>>>   Start train ranking function

2019-05-04-03-44-34   >>>>   End train ranking function

train_ranking_functioning time = 2.724 ms


2019-05-04-03-44-34   >>>>   Start verify ranking function

[xr_1 = 3270, xr_0 = 1]
ranking function : 0.9817 *  x[0]^1.0 + 0.4907 *  x[1]^1.0 + 1.2906 * 1

2019-05-04-03-44-34   >>>>   End verify ranking function

verifying time = 6.627 ms


Not Found Ranking Fcuntion

Conterexample is 

[1, 3270]

sampling time = 0.778 ms


       ########################################         

iteration 6 with 126 examples

2019-05-04-03-44-34   >>>>   Start train ranking function

2019-05-04-03-44-34   >>>>   End train ranking function

train_ranking_functioning time = 2.724 ms


2019-05-04-03-44-34   >>>>   Start verify ranking function

[xr_1 = 9808, xr_0 = 1]
ranking function : 0.9817 *  x[0]^1.0 + 0.4908 *  x[1]^1.0 + 1.2908 * 1

2019-05-04-03-44-34   >>>>   End verify ranking function

verifying time = 6.702 ms


Not Found Ranking Fcuntion

Conterexample is 

[1, 9808]

sampling time = 0.724 ms


       ########################################         

iteration 7 with 128 examples

2019-05-04-03-44-34   >>>>   Start train ranking function

2019-05-04-03-44-34   >>>>   End train ranking function

train_ranking_functioning time = 2.753 ms


2019-05-04-03-44-34   >>>>   Start verify ranking function

[xr_1 = 9808, xr_0 = 1]
ranking function : 0.9817 *  x[0]^1.0 + 0.4908 *  x[1]^1.0 + 1.2908 * 1

2019-05-04-03-44-34   >>>>   End verify ranking function

verifying time = 6.680 ms


Not Found Ranking Fcuntion

Conterexample is 

[1, 9808]

sampling time = 0.761 ms


       ########################################         

iteration 8 with 130 examples

2019-05-04-03-44-34   >>>>   Start train ranking function

2019-05-04-03-44-34   >>>>   End train ranking function

train_ranking_functioning time = 2.721 ms


2019-05-04-03-44-34   >>>>   Start verify ranking function

[xr_1 = -9804, xr_0 = 1]
ranking function : 0.9813 *  x[0]^1.0 + 0.4907 *  x[1]^1.0 + 1.2906 * 1

2019-05-04-03-44-34   >>>>   End verify ranking function

verifying time = 6.689 ms


Not Found Ranking Fcuntion

Conterexample is 

[1, -9804]

sampling time = 0.718 ms


       ########################################         

iteration 9 with 132 examples

2019-05-04-03-44-34   >>>>   Start train ranking function

2019-05-04-03-44-34   >>>>   End train ranking function

train_ranking_functioning time = 2.896 ms


2019-05-04-03-44-34   >>>>   Start verify ranking function

[xr_1 = 932/157, xr_0 = 1]
ranking function : 0.156 *  x[0]^1.0 + 0.0623 *  x[1]^1.0 + 0.9072 * 1

2019-05-04-03-44-34   >>>>   End verify ranking function

verifying time = 6.748 ms


Not Found Ranking Fcuntion

Conterexample is 

[1, 5.936305732484076]

sampling time = 0.726 ms


       ########################################         

iteration 10 with 134 examples

2019-05-04-03-44-34   >>>>   Start train ranking function

2019-05-04-03-44-34   >>>>   End train ranking function

train_ranking_functioning time = 2.936 ms


2019-05-04-03-44-34   >>>>   Start verify ranking function

[xr_1 = -1488/53, xr_0 = 1]
ranking function : 0.1445 *  x[0]^1.0 + 0.0749 *  x[1]^1.0 + 0.9229 * 1

2019-05-04-03-44-34   >>>>   End verify ranking function

verifying time = 6.672 ms


Not Found Ranking Fcuntion

Conterexample is 

[1, -28.07547169811321]

sampling time = 0.729 ms


       ########################################         

iteration 11 with 136 examples

2019-05-04-03-44-34   >>>>   Start train ranking function

2019-05-04-03-44-34   >>>>   End train ranking function

train_ranking_functioning time = 2.890 ms


2019-05-04-03-44-34   >>>>   Start verify ranking function

[xr_1 = -1346, xr_0 = 1]
ranking function : 0.1355 *  x[0]^1.0 + 0.0678 *  x[1]^1.0 + 2.0917 * 1

2019-05-04-03-44-34   >>>>   End verify ranking function

verifying time = 6.615 ms


Not Found Ranking Fcuntion

Conterexample is 

[1, -1346]

sampling time = 0.722 ms


       ########################################         

iteration 12 with 138 examples

2019-05-04-03-44-34   >>>>   Start train ranking function

2019-05-04-03-44-34   >>>>   End train ranking function

train_ranking_functioning time = 3.003 ms


2019-05-04-03-44-34   >>>>   Start verify ranking function

[xr_1 = 363/116, xr_0 = 1]
ranking function : 0.0504 *  x[0]^1.0 + 0.0136 *  x[1]^1.0 + 1.4215 * 1

2019-05-04-03-44-34   >>>>   End verify ranking function

verifying time = 6.701 ms


Not Found Ranking Fcuntion

Conterexample is 

[1, 3.1293103448275863]

sampling time = 0.730 ms


       ########################################         

iteration 13 with 140 examples

2019-05-04-03-44-34   >>>>   Start train ranking function

2019-05-04-03-44-34   >>>>   End train ranking function

train_ranking_functioning time = 2.867 ms


2019-05-04-03-44-34   >>>>   Start verify ranking function

[xr_1 = 886/223, xr_0 = 1]
ranking function : 0.0673 *  x[0]^1.0 + 0.0225 *  x[1]^1.0 + 1.3958 * 1

2019-05-04-03-44-34   >>>>   End verify ranking function

verifying time = 6.629 ms


Not Found Ranking Fcuntion

Conterexample is 

[1, 3.9730941704035874]

sampling time = 0.927 ms


       ########################################         

iteration 14 with 142 examples

2019-05-04-03-44-34   >>>>   Start train ranking function

2019-05-04-03-44-34   >>>>   End train ranking function

train_ranking_functioning time = 2.980 ms


2019-05-04-03-44-34   >>>>   Start verify ranking function

[xr_1 = 395/87, xr_0 = 1]
ranking function : 0.0626 *  x[0]^1.0 + 0.0226 *  x[1]^1.0 + 1.4361 * 1

2019-05-04-03-44-34   >>>>   End verify ranking function

verifying time = 6.842 ms


Not Found Ranking Fcuntion

Conterexample is 

[1, 4.540229885057471]

sampling time = 0.765 ms


       ########################################         

iteration 15 with 144 examples

2019-05-04-03-44-34   >>>>   Start train ranking function

2019-05-04-03-44-34   >>>>   End train ranking function

train_ranking_functioning time = 3.015 ms


2019-05-04-03-44-34   >>>>   Start verify ranking function

[xr_1 = 377/76, xr_0 = 1]
ranking function : 0.0612 *  x[0]^1.0 + 0.023 *  x[1]^1.0 + 1.4559 * 1

2019-05-04-03-44-34   >>>>   End verify ranking function

verifying time = 6.923 ms


Not Found Ranking Fcuntion

Conterexample is 

[1, 4.9605263157894735]

sampling time = 0.773 ms


       ########################################         

iteration 16 with 146 examples

2019-05-04-03-44-34   >>>>   Start train ranking function

2019-05-04-03-44-34   >>>>   End train ranking function

train_ranking_functioning time = 3.213 ms


2019-05-04-03-44-34   >>>>   Start verify ranking function

[xr_1 = 744/169, xr_0 = 1]
ranking function : 0.0585 *  x[0]^1.0 + 0.0208 *  x[1]^1.0 + 1.4843 * 1

2019-05-04-03-44-34   >>>>   End verify ranking function

verifying time = 7.000 ms


Not Found Ranking Fcuntion

Conterexample is 

[1, 4.402366863905326]

sampling time = 0.732 ms


       ########################################         

iteration 17 with 148 examples

2019-05-04-03-44-34   >>>>   Start train ranking function

2019-05-04-03-44-34   >>>>   End train ranking function

train_ranking_functioning time = 3.151 ms


2019-05-04-03-44-34   >>>>   Start verify ranking function

[xr_1 = 281/42, xr_0 = 1]
ranking function : 0.0488 *  x[0]^1.0 + 0.0202 *  x[1]^1.0 + 1.4843 * 1

2019-05-04-03-44-34   >>>>   End verify ranking function

verifying time = 6.691 ms


Not Found Ranking Fcuntion

Conterexample is 

[1, 6.690476190476191]

sampling time = 0.729 ms


       ########################################         

iteration 18 with 150 examples

2019-05-04-03-44-34   >>>>   Start train ranking function

2019-05-04-03-44-34   >>>>   End train ranking function

train_ranking_functioning time = 3.130 ms


2019-05-04-03-44-34   >>>>   Start verify ranking function

[xr_1 = 710/127, xr_0 = 1]
ranking function : 0.0593 *  x[0]^1.0 + 0.0233 *  x[1]^1.0 + 1.532 * 1

2019-05-04-03-44-34   >>>>   End verify ranking function

verifying time = 6.700 ms


Not Found Ranking Fcuntion

Conterexample is 

[1, 5.590551181102362]

sampling time = 0.749 ms


       ########################################         

iteration 19 with 152 examples

2019-05-04-03-44-34   >>>>   Start train ranking function

2019-05-04-03-44-34   >>>>   End train ranking function

train_ranking_functioning time = 3.216 ms


2019-05-04-03-44-34   >>>>   Start verify ranking function

[xr_1 = 576/71, xr_0 = 1]
ranking function : 0.0515 *  x[0]^1.0 + 0.0222 *  x[1]^1.0 + 1.5576 * 1

2019-05-04-03-44-34   >>>>   End verify ranking function

verifying time = 6.994 ms


Not Found Ranking Fcuntion

Conterexample is 

[1, 8.112676056338028]

sampling time = 0.735 ms


       ########################################         

iteration 20 with 154 examples

2019-05-04-03-44-34   >>>>   Start train ranking function

2019-05-04-03-44-34   >>>>   End train ranking function

train_ranking_functioning time = 3.293 ms


2019-05-04-03-44-34   >>>>   Start verify ranking function

[xr_1 = 510/7, xr_0 = 1]
ranking function : 0.0513 *  x[0]^1.0 + 0.0253 *  x[1]^1.0 + 1.5763 * 1

2019-05-04-03-44-34   >>>>   End verify ranking function

verifying time = 6.820 ms


Not Found Ranking Fcuntion

Conterexample is 

[1, 72.85714285714286]

sampling time = 0.738 ms


       ########################################         

iteration 21 with 156 examples

2019-05-04-03-44-34   >>>>   Start train ranking function

2019-05-04-03-44-34   >>>>   End train ranking function

train_ranking_functioning time = 3.470 ms


2019-05-04-03-44-34   >>>>   Start verify ranking function

[xr_1 = 458/231, xr_0 = 1]
ranking function : 0.0464 *  x[0]^1.0 + 0.0001 *  x[1]^1.0 + 1.5805 * 1

2019-05-04-03-44-34   >>>>   End verify ranking function

verifying time = 6.644 ms


Not Found Ranking Fcuntion

Conterexample is 

[1, 1.9826839826839826]

sampling time = 0.725 ms


       ########################################         

iteration 22 with 158 examples

2019-05-04-03-44-34   >>>>   Start train ranking function

2019-05-04-03-44-34   >>>>   End train ranking function

train_ranking_functioning time = 3.442 ms


2019-05-04-03-44-34   >>>>   Start verify ranking function

[xr_1 = -263/15, xr_0 = 1]
ranking function : 0.0506 *  x[0]^1.0 + 0.0268 *  x[1]^1.0 + 1.5827 * 1

2019-05-04-03-44-34   >>>>   End verify ranking function

verifying time = 6.620 ms


Not Found Ranking Fcuntion

Conterexample is 

[1, -17.533333333333335]

sampling time = 0.722 ms


       ########################################         

iteration 23 with 160 examples

2019-05-04-03-44-34   >>>>   Start train ranking function

2019-05-04-03-44-34   >>>>   End train ranking function

train_ranking_functioning time = 3.441 ms


2019-05-04-03-44-34   >>>>   Start verify ranking function

[xr_1 = -143/8, xr_0 = 1]
ranking function : 0.055 *  x[0]^1.0 + 0.0291 *  x[1]^1.0 + 1.5216 * 1

2019-05-04-03-44-34   >>>>   End verify ranking function

verifying time = 6.669 ms


Not Found Ranking Fcuntion

Conterexample is 

[1, -17.875]

sampling time = 0.721 ms


       ########################################         

iteration 24 with 162 examples

2019-05-04-03-44-34   >>>>   Start train ranking function

2019-05-04-03-44-34   >>>>   End train ranking function

train_ranking_functioning time = 3.350 ms


2019-05-04-03-44-34   >>>>   Start verify ranking function

[xr_1 = -634/53, xr_0 = 1]
ranking function : 0.0591 *  x[0]^1.0 + 0.0322 *  x[1]^1.0 + 1.4938 * 1

2019-05-04-03-44-34   >>>>   End verify ranking function

verifying time = 6.656 ms


Not Found Ranking Fcuntion

Conterexample is 

[1, -11.962264150943396]

sampling time = 0.726 ms


Failed to prove it is terminated

UNKNOWN
Time For Template 0 Is--->-352.373000 ms

------Using Template 1 -----------
4 [4]
*****************************************************

2019-05-04-03-44-34   >>>>   End sampling point

sampling time = 62.855 ms,


       ########################################         

iteration 0 with 114 examples

2019-05-04-03-44-34   >>>>   Start train ranking function

2019-05-04-03-44-34   >>>>   End train ranking function

train_ranking_functioning time = 2.321 ms


2019-05-04-03-44-34   >>>>   Start verify ranking function

[xr_0 = 1, xr_1 = -1]
ranking function : 0.0198 *  x[0]^-0.5 *  x[1]^-1.0 + 0.8637 *  x[0]^-0.5 *  x[1]^-0.5 + 0.9333 * 1

2019-05-04-03-44-34   >>>>   End verify ranking function

verifying time = 16.012 ms


Not Found Ranking Fcuntion

Conterexample is 

[1, -1]

sampling time = 0.996 ms


       ########################################         

iteration 1 with 116 examples

2019-05-04-03-44-34   >>>>   Start train ranking function

2019-05-04-03-44-34   >>>>   End train ranking function

train_ranking_functioning time = 2.419 ms


2019-05-04-03-44-34   >>>>   Start verify ranking function

[xr_0 = 48, xr_1 = 1/8]
ranking function : 0.0105 *  x[0]^-0.5 *  x[1]^-1.0 + 0.8836 *  x[0]^-0.5 *  x[1]^-0.5 + 0.9333 * 1 - 0.0018 *  x[0]^3.0 *  x[1]^2.0

2019-05-04-03-44-34   >>>>   End verify ranking function

verifying time = 16.635 ms


Not Found Ranking Fcuntion

Conterexample is 

[48, 0.125]

sampling time = 1.028 ms


       ########################################         

iteration 2 with 118 examples

2019-05-04-03-44-34   >>>>   Start train ranking function

2019-05-04-03-44-34   >>>>   End train ranking function

train_ranking_functioning time = 2.885 ms


2019-05-04-03-44-34   >>>>   Start verify ranking function

[xr_0 = 1, xr_1 = 0]
ranking function : 0.0085 *  x[0]^-0.5 *  x[1]^-1.0 + 0.8549 *  x[0]^-0.5 *  x[1]^-0.5 + 0.9333 * 1 + 0.0132 *  x[0]^3.0 *  x[1]^2.0

2019-05-04-03-44-34   >>>>   End verify ranking function

verifying time = 18.211 ms


Not Found Ranking Fcuntion

Conterexample is 

[1, 0]

sampling time = 1.055 ms


       ########################################         

iteration 3 with 120 examples

2019-05-04-03-44-34   >>>>   Start train ranking function

2019-05-04-03-44-34   >>>>   End train ranking function

train_ranking_functioning time = 2.452 ms


2019-05-04-03-44-34   >>>>   Start verify ranking function

[xr_0 = 18, xr_1 = 1/8]
ranking function : 0.0071 *  x[0]^-0.5 *  x[1]^-1.0 + 0.8613 *  x[0]^-0.5 *  x[1]^-0.5 + 0.9412 * 1 - 0.01 *  x[0]^3.0 *  x[1]^2.0

2019-05-04-03-44-34   >>>>   End verify ranking function

verifying time = 16.874 ms


Not Found Ranking Fcuntion

Conterexample is 

[18, 0.125]

sampling time = 1.004 ms


       ########################################         

iteration 4 with 122 examples

2019-05-04-03-44-34   >>>>   Start train ranking function

2019-05-04-03-44-34   >>>>   End train ranking function

train_ranking_functioning time = 2.552 ms


2019-05-04-03-44-34   >>>>   Start verify ranking function

[xr_0 = 55, xr_1 = 1/8]
ranking function : 0.0332 *  x[0]^-0.5 *  x[1]^-1.0 + 0.8674 *  x[0]^-0.5 *  x[1]^-0.5 + 0.9412 * 1 - 0.0044 *  x[0]^3.0 *  x[1]^2.0

2019-05-04-03-44-34   >>>>   End verify ranking function

verifying time = 16.482 ms


Not Found Ranking Fcuntion

Conterexample is 

[55, 0.125]

sampling time = 1.013 ms


       ########################################         

iteration 5 with 124 examples

2019-05-04-03-44-34   >>>>   Start train ranking function

2019-05-04-03-44-34   >>>>   End train ranking function

train_ranking_functioning time = 2.544 ms


2019-05-04-03-44-34   >>>>   Start verify ranking function

[xr_0 = 134, xr_1 = 1/8]
ranking function : 0.0365 *  x[0]^-0.5 *  x[1]^-1.0 + 0.8653 *  x[0]^-0.5 *  x[1]^-0.5 + 0.9412 * 1 - 0.0008 *  x[0]^3.0 *  x[1]^2.0

2019-05-04-03-44-34   >>>>   End verify ranking function

verifying time = 16.546 ms


Not Found Ranking Fcuntion

Conterexample is 

[134, 0.125]

sampling time = 0.996 ms


       ########################################         

iteration 6 with 126 examples

2019-05-04-03-44-34   >>>>   Start train ranking function

2019-05-04-03-44-34   >>>>   End train ranking function

train_ranking_functioning time = 2.598 ms


2019-05-04-03-44-34   >>>>   Start verify ranking function

[xr_0 = 1, xr_1 = -1]
ranking function : 0.0378 *  x[0]^-0.5 *  x[1]^-1.0 + 0.8589 *  x[0]^-0.5 *  x[1]^-0.5 + 0.9412 * 1 + 0.0055 *  x[0]^3.0 *  x[1]^2.0

2019-05-04-03-44-34   >>>>   End verify ranking function

verifying time = 16.817 ms


Not Found Ranking Fcuntion

Conterexample is 

[1, -1]

sampling time = 1.008 ms


       ########################################         

iteration 7 with 128 examples

2019-05-04-03-44-34   >>>>   Start train ranking function

2019-05-04-03-44-34   >>>>   End train ranking function

train_ranking_functioning time = 2.698 ms


2019-05-04-03-44-34   >>>>   Start verify ranking function

[xr_0 = 42, xr_1 = 1/8]
ranking function : 0.0357 *  x[0]^-0.5 *  x[1]^-1.0 + 0.8685 *  x[0]^-0.5 *  x[1]^-0.5 + 0.9412 * 1 - 0.0082 *  x[0]^3.0 *  x[1]^2.0

2019-05-04-03-44-34   >>>>   End verify ranking function

verifying time = 16.508 ms


Not Found Ranking Fcuntion

Conterexample is 

[42, 0.125]

sampling time = 1.051 ms


       ########################################         

iteration 8 with 130 examples

2019-05-04-03-44-34   >>>>   Start train ranking function

2019-05-04-03-44-34   >>>>   End train ranking function

train_ranking_functioning time = 2.654 ms


2019-05-04-03-44-34   >>>>   Start verify ranking function

[xr_0 = 1, xr_1 = -1]
ranking function : 0.0331 *  x[0]^-0.5 *  x[1]^-1.0 + 0.8661 *  x[0]^-0.5 *  x[1]^-0.5 + 0.9412 * 1 + 0.0059 *  x[0]^3.0 *  x[1]^2.0

2019-05-04-03-44-34   >>>>   End verify ranking function

verifying time = 16.558 ms


Not Found Ranking Fcuntion

Conterexample is 

[1, -1]

sampling time = 0.999 ms


       ########################################         

iteration 9 with 132 examples

2019-05-04-03-44-34   >>>>   Start train ranking function

2019-05-04-03-44-34   >>>>   End train ranking function

train_ranking_functioning time = 2.725 ms


2019-05-04-03-44-34   >>>>   Start verify ranking function

[xr_0 = 1, xr_1 = -1]
ranking function : 0.0264 *  x[0]^-0.5 *  x[1]^-1.0 + 0.8555 *  x[0]^-0.5 *  x[1]^-0.5 + 0.9412 * 1 + 0.0211 *  x[0]^3.0 *  x[1]^2.0

2019-05-04-03-44-34   >>>>   End verify ranking function

verifying time = 16.831 ms


Not Found Ranking Fcuntion

Conterexample is 

[1, -1]

sampling time = 1.053 ms


       ########################################         

iteration 10 with 134 examples

2019-05-04-03-44-34   >>>>   Start train ranking function

2019-05-04-03-44-34   >>>>   End train ranking function

train_ranking_functioning time = 2.659 ms


2019-05-04-03-44-34   >>>>   Start verify ranking function

[xr_0 = 36, xr_1 = 1/8]
ranking function : 0.0314 *  x[0]^-0.5 *  x[1]^-1.0 + 0.8613 *  x[0]^-0.5 *  x[1]^-0.5 + 0.9412 * 1 - 0.0097 *  x[0]^3.0 *  x[1]^2.0

2019-05-04-03-44-34   >>>>   End verify ranking function

verifying time = 16.621 ms


Not Found Ranking Fcuntion

Conterexample is 

[36, 0.125]

sampling time = 1.015 ms


       ########################################         

iteration 11 with 136 examples

2019-05-04-03-44-34   >>>>   Start train ranking function

2019-05-04-03-44-34   >>>>   End train ranking function

train_ranking_functioning time = 2.852 ms


2019-05-04-03-44-34   >>>>   Start verify ranking function

[xr_0 = 1, xr_1 = -1]
ranking function : 0.0275 *  x[0]^-0.5 *  x[1]^-1.0 + 0.8556 *  x[0]^-0.5 *  x[1]^-0.5 + 0.9412 * 1 + 0.0041 *  x[0]^3.0 *  x[1]^2.0

2019-05-04-03-44-34   >>>>   End verify ranking function

verifying time = 16.803 ms


Not Found Ranking Fcuntion

Conterexample is 

[1, -1]

sampling time = 1.041 ms


       ########################################         

iteration 12 with 138 examples

2019-05-04-03-44-34   >>>>   Start train ranking function

2019-05-04-03-44-34   >>>>   End train ranking function

train_ranking_functioning time = 2.754 ms


2019-05-04-03-44-34   >>>>   Start verify ranking function

[xr_0 = 33, xr_1 = 1/8]
ranking function : 0.0225 *  x[0]^-0.5 *  x[1]^-1.0 + 0.8564 *  x[0]^-0.5 *  x[1]^-0.5 + 0.9412 * 1 - 0.0084 *  x[0]^3.0 *  x[1]^2.0

2019-05-04-03-44-34   >>>>   End verify ranking function

verifying time = 16.530 ms


Not Found Ranking Fcuntion

Conterexample is 

[33, 0.125]

sampling time = 1.050 ms


       ########################################         

iteration 13 with 140 examples

2019-05-04-03-44-34   >>>>   Start train ranking function

2019-05-04-03-44-34   >>>>   End train ranking function

train_ranking_functioning time = 2.730 ms


2019-05-04-03-44-34   >>>>   Start verify ranking function

[xr_0 = 1, xr_1 = -1]
ranking function : 0.0229 *  x[0]^-0.5 *  x[1]^-1.0 + 0.8621 *  x[0]^-0.5 *  x[1]^-0.5 + 0.9412 * 1 + 0.0001 *  x[0]^3.0 *  x[1]^2.0

2019-05-04-03-44-34   >>>>   End verify ranking function

verifying time = 16.451 ms


Not Found Ranking Fcuntion

Conterexample is 

[1, -1]

sampling time = 1.011 ms


       ########################################         

iteration 14 with 142 examples

2019-05-04-03-44-34   >>>>   Start train ranking function

2019-05-04-03-44-34   >>>>   End train ranking function

train_ranking_functioning time = 3.060 ms


2019-05-04-03-44-34   >>>>   Start verify ranking function

[xr_0 = 1, xr_1 = -1]
ranking function : 0.0245 *  x[0]^-0.5 *  x[1]^-1.0 + 0.8539 *  x[0]^-0.5 *  x[1]^-0.5 + 0.9412 * 1 + 0.0035 *  x[0]^3.0 *  x[1]^2.0

2019-05-04-03-44-34   >>>>   End verify ranking function

verifying time = 16.677 ms


Not Found Ranking Fcuntion

Conterexample is 

[1, -1]

sampling time = 1.162 ms


       ########################################         

iteration 15 with 144 examples

2019-05-04-03-44-34   >>>>   Start train ranking function

2019-05-04-03-44-34   >>>>   End train ranking function

train_ranking_functioning time = 2.918 ms


2019-05-04-03-44-34   >>>>   Start verify ranking function

[xr_0 = 1, xr_1 = -1]
ranking function : 0.0212 *  x[0]^-0.5 *  x[1]^-1.0 + 0.8544 *  x[0]^-0.5 *  x[1]^-0.5 + 0.9412 * 1 + 0.0108 *  x[0]^3.0 *  x[1]^2.0

2019-05-04-03-44-34   >>>>   End verify ranking function

verifying time = 17.358 ms


Not Found Ranking Fcuntion

Conterexample is 

[1, -1]

sampling time = 1.064 ms


       ########################################         

iteration 16 with 146 examples

2019-05-04-03-44-34   >>>>   Start train ranking function

2019-05-04-03-44-34   >>>>   End train ranking function

train_ranking_functioning time = 2.909 ms


2019-05-04-03-44-34   >>>>   Start verify ranking function

[xr_0 = 1, xr_1 = -1]
ranking function : 0.014 *  x[0]^-0.5 *  x[1]^-1.0 + 0.8568 *  x[0]^-0.5 *  x[1]^-0.5 + 0.9412 * 1 + 0.0024 *  x[0]^3.0 *  x[1]^2.0

2019-05-04-03-44-34   >>>>   End verify ranking function

verifying time = 17.190 ms


Not Found Ranking Fcuntion

Conterexample is 

[1, -1]

sampling time = 1.007 ms


       ########################################         

iteration 17 with 148 examples

2019-05-04-03-44-34   >>>>   Start train ranking function

2019-05-04-03-44-34   >>>>   End train ranking function

train_ranking_functioning time = 2.979 ms


2019-05-04-03-44-34   >>>>   Start verify ranking function

[xr_0 = 1, xr_1 = 1/8]
ranking function : 0.8542 *  x[0]^-0.5 *  x[1]^-0.5 + 0.9412 * 1 - 0.0004 *  x[0]^3.0 *  x[1]^2.0

2019-05-04-03-44-34   >>>>   End verify ranking function

verifying time = 15.956 ms


Not Found Ranking Fcuntion

Conterexample is 

[1, 0.125]

sampling time = 1.404 ms


       ########################################         

iteration 18 with 150 examples

2019-05-04-03-44-34   >>>>   Start train ranking function

2019-05-04-03-44-34   >>>>   End train ranking function

train_ranking_functioning time = 2.897 ms


2019-05-04-03-44-34   >>>>   Start verify ranking function

[xr_0 = 1, xr_1 = -1]
ranking function : 0.0319 *  x[0]^-0.5 *  x[1]^-1.0 + 0.8625 *  x[0]^-0.5 *  x[1]^-0.5 + 0.9412 * 1 + 0.0212 *  x[0]^3.0 *  x[1]^2.0

2019-05-04-03-44-35   >>>>   End verify ranking function

verifying time = 17.156 ms


Not Found Ranking Fcuntion

Conterexample is 

[1, -1]

sampling time = 1.074 ms


       ########################################         

iteration 19 with 152 examples

2019-05-04-03-44-35   >>>>   Start train ranking function

2019-05-04-03-44-35   >>>>   End train ranking function

train_ranking_functioning time = 3.248 ms


2019-05-04-03-44-35   >>>>   Start verify ranking function

[xr_0 = 1, xr_1 = -1]
ranking function : 0.0181 *  x[0]^-0.5 *  x[1]^-1.0 + 0.8624 *  x[0]^-0.5 *  x[1]^-0.5 + 0.9412 * 1 + 0.0006 *  x[0]^3.0 *  x[1]^2.0

2019-05-04-03-44-35   >>>>   End verify ranking function

verifying time = 17.174 ms


Not Found Ranking Fcuntion

Conterexample is 

[1, -1]

sampling time = 0.989 ms


       ########################################         

iteration 20 with 154 examples

2019-05-04-03-44-35   >>>>   Start train ranking function

2019-05-04-03-44-35   >>>>   End train ranking function

train_ranking_functioning time = 2.875 ms


2019-05-04-03-44-35   >>>>   Start verify ranking function

[xr_0 = 1, xr_1 = -1]
ranking function : 0.0252 *  x[0]^-0.5 *  x[1]^-1.0 + 0.863 *  x[0]^-0.5 *  x[1]^-0.5 + 0.9412 * 1 + 0.0071 *  x[0]^3.0 *  x[1]^2.0

2019-05-04-03-44-35   >>>>   End verify ranking function

verifying time = 16.846 ms


Not Found Ranking Fcuntion

Conterexample is 

[1, -1]

sampling time = 1.075 ms


       ########################################         

iteration 21 with 156 examples

2019-05-04-03-44-35   >>>>   Start train ranking function

2019-05-04-03-44-35   >>>>   End train ranking function

train_ranking_functioning time = 2.973 ms


2019-05-04-03-44-35   >>>>   Start verify ranking function

[xr_0 = 1, xr_1 = -1]
ranking function : 0.0215 *  x[0]^-0.5 *  x[1]^-1.0 + 0.8526 *  x[0]^-0.5 *  x[1]^-0.5 + 0.9412 * 1 + 0.0214 *  x[0]^3.0 *  x[1]^2.0

2019-05-04-03-44-35   >>>>   End verify ranking function

verifying time = 17.032 ms


Not Found Ranking Fcuntion

Conterexample is 

[1, -1]

sampling time = 1.033 ms


       ########################################         

iteration 22 with 158 examples

2019-05-04-03-44-35   >>>>   Start train ranking function

2019-05-04-03-44-35   >>>>   End train ranking function

train_ranking_functioning time = 3.012 ms


2019-05-04-03-44-35   >>>>   Start verify ranking function

[xr_0 = 80, xr_1 = 1/8]
ranking function : 0.0162 *  x[0]^-0.5 *  x[1]^-1.0 + 0.8559 *  x[0]^-0.5 *  x[1]^-0.5 + 0.9412 * 1 - 0.001 *  x[0]^3.0 *  x[1]^2.0

2019-05-04-03-44-35   >>>>   End verify ranking function

verifying time = 16.460 ms


Not Found Ranking Fcuntion

Conterexample is 

[80, 0.125]

sampling time = 1.018 ms


       ########################################         

iteration 23 with 160 examples

2019-05-04-03-44-35   >>>>   Start train ranking function

2019-05-04-03-44-35   >>>>   End train ranking function

train_ranking_functioning time = 3.004 ms


2019-05-04-03-44-35   >>>>   Start verify ranking function

[xr_0 = 1, xr_1 = -1]
ranking function : 0.0191 *  x[0]^-0.5 *  x[1]^-1.0 + 0.8574 *  x[0]^-0.5 *  x[1]^-0.5 + 0.9412 * 1 + 0.0084 *  x[0]^3.0 *  x[1]^2.0

2019-05-04-03-44-35   >>>>   End verify ranking function

verifying time = 16.651 ms


Not Found Ranking Fcuntion

Conterexample is 

[1, -1]

sampling time = 1.004 ms


       ########################################         

iteration 24 with 162 examples

2019-05-04-03-44-35   >>>>   Start train ranking function

2019-05-04-03-44-35   >>>>   End train ranking function

train_ranking_functioning time = 3.143 ms


2019-05-04-03-44-35   >>>>   Start verify ranking function

[xr_0 = 1, xr_1 = -1]
ranking function : 0.0176 *  x[0]^-0.5 *  x[1]^-1.0 + 0.8504 *  x[0]^-0.5 *  x[1]^-0.5 + 0.9412 * 1 + 0.0027 *  x[0]^3.0 *  x[1]^2.0

2019-05-04-03-44-35   >>>>   End verify ranking function

verifying time = 16.723 ms


Not Found Ranking Fcuntion

Conterexample is 

[1, -1]

sampling time = 1.009 ms


Failed to prove it is terminated

UNKNOWN
Time For Template 1 Is--->-618.709000 ms

------Using Template 2 -----------
9 [3, 3, 3]
*****************************************************

2019-05-04-03-44-35   >>>>   End sampling point

sampling time = 121.377 ms,


       ########################################         

iteration 0 with 228 examples

2019-05-04-03-44-35   >>>>   Start train ranking function

2019-05-04-03-44-35   >>>>   End train ranking function

train_ranking_functioning time = 1.260 ms


2019-05-04-03-44-35   >>>>   Start verify ranking function

[xr_1 = 4945/6, xr_0 = 1]
ranking function : 0.9888 *  x[0]^1.0 + 0.4938 *  x[1]^1.0 + 0.3497 * 1; 0.577 *  x[0]^1.0 + 0.1314 *  x[1]^1.0 + 0.565 * 1; 0.3369 *  x[0]^1.0 + 0.0509 *  x[1]^1.0 + 0.8742 * 1

2019-05-04-03-44-35   >>>>   End verify ranking function

verifying time = 6.885 ms


Not Found Ranking Fcuntion

Conterexample is 

[1, 824.1666666666666]

sampling time = 2.032 ms


       ########################################         

iteration 1 with 232 examples

2019-05-04-03-44-35   >>>>   Start train ranking function

2019-05-04-03-44-35   >>>>   End train ranking function

train_ranking_functioning time = 2.929 ms


2019-05-04-03-44-35   >>>>   Start verify ranking function

[xr_1 = 2471/2, xr_0 = 1]
ranking function : 0.9886 *  x[0]^1.0 + 0.4939 *  x[1]^1.0 + 0.3532 * 1; 0.5813 *  x[0]^1.0 + 0.1385 *  x[1]^1.0 + 0.5861 * 1; 0.2675 *  x[0]^1.0 + 0.0642 *  x[1]^1.0 + 0.9099 * 1

2019-05-04-03-44-35   >>>>   End verify ranking function

verifying time = 6.812 ms


Not Found Ranking Fcuntion

Conterexample is 

[1, 1235.5]

sampling time = 2.076 ms


       ########################################         

iteration 2 with 236 examples

2019-05-04-03-44-35   >>>>   Start train ranking function

2019-05-04-03-44-35   >>>>   End train ranking function

train_ranking_functioning time = 2.860 ms


2019-05-04-03-44-35   >>>>   Start verify ranking function

[xr_1 = 1976, xr_0 = 1]
ranking function : 0.9885 *  x[0]^1.0 + 0.494 *  x[1]^1.0 + 0.3532 * 1; 0.5813 *  x[0]^1.0 + 0.1385 *  x[1]^1.0 + 0.5861 * 1; 0.2675 *  x[0]^1.0 + 0.0643 *  x[1]^1.0 + 0.91 * 1

2019-05-04-03-44-35   >>>>   End verify ranking function

verifying time = 7.550 ms


Not Found Ranking Fcuntion

Conterexample is 

[1, 1976]

sampling time = 2.415 ms


       ########################################         

iteration 3 with 240 examples

2019-05-04-03-44-35   >>>>   Start train ranking function

2019-05-04-03-44-35   >>>>   End train ranking function

train_ranking_functioning time = 3.220 ms


2019-05-04-03-44-35   >>>>   Start verify ranking function

[xr_1 = 4939, xr_0 = 1]
ranking function : 0.9886 *  x[0]^1.0 + 0.4942 *  x[1]^1.0 + 0.3531 * 1; 0.5814 *  x[0]^1.0 + 0.1384 *  x[1]^1.0 + 0.5862 * 1; 0.2674 *  x[0]^1.0 + 0.0642 *  x[1]^1.0 + 0.91 * 1

2019-05-04-03-44-35   >>>>   End verify ranking function

verifying time = 7.395 ms


Not Found Ranking Fcuntion

Conterexample is 

[1, 4939]

sampling time = 2.141 ms


       ########################################         

iteration 4 with 244 examples

2019-05-04-03-44-35   >>>>   Start train ranking function

2019-05-04-03-44-35   >>>>   End train ranking function

train_ranking_functioning time = 3.139 ms


2019-05-04-03-44-35   >>>>   Start verify ranking function

[xr_1 = 4939, xr_0 = 1]
ranking function : 0.9886 *  x[0]^1.0 + 0.4942 *  x[1]^1.0 + 0.3531 * 1; 0.5813 *  x[0]^1.0 + 0.1385 *  x[1]^1.0 + 0.5862 * 1; 0.2673 *  x[0]^1.0 + 0.0644 *  x[1]^1.0 + 0.9101 * 1

2019-05-04-03-44-35   >>>>   End verify ranking function

verifying time = 7.035 ms


Not Found Ranking Fcuntion

Conterexample is 

[1, 4939]

sampling time = 2.039 ms


       ########################################         

iteration 5 with 248 examples

2019-05-04-03-44-35   >>>>   Start train ranking function

2019-05-04-03-44-35   >>>>   End train ranking function

train_ranking_functioning time = 3.232 ms


2019-05-04-03-44-35   >>>>   Start verify ranking function

[xr_1 = -29221/1898, xr_0 = 1]
ranking function : 0.9886 *  x[0]^1.0 + 0.4943 *  x[1]^1.0 + 0.3532 * 1; 0.5813 *  x[0]^1.0 + 0.1384 *  x[1]^1.0 + 0.5862 * 1; 0.2673 *  x[0]^1.0 + 0.0643 *  x[1]^1.0 + 0.9101 * 1

2019-05-04-03-44-35   >>>>   End verify ranking function

verifying time = 9.251 ms


Not Found Ranking Fcuntion

Conterexample is 

[1, -15.39567966280295]

sampling time = 2.036 ms


       ########################################         

iteration 6 with 252 examples

2019-05-04-03-44-35   >>>>   Start train ranking function

2019-05-04-03-44-35   >>>>   End train ranking function

train_ranking_functioning time = 3.331 ms


2019-05-04-03-44-35   >>>>   Start verify ranking function

[xr_1 = 9868, xr_0 = 1]
ranking function : 0.9877 *  x[0]^1.0 + 0.4938 *  x[1]^1.0 + 0.2728 * 1; 0.6653 *  x[0]^1.0 + 0.1163 *  x[1]^1.0 + 0.6976 * 1; 0.1281 *  x[0]^1.0 + 0.0057 *  x[1]^1.0 + 0.9136 * 1

2019-05-04-03-44-35   >>>>   End verify ranking function

verifying time = 6.910 ms


Not Found Ranking Fcuntion

Conterexample is 

[1, 9868]

sampling time = 2.058 ms


       ########################################         

iteration 7 with 256 examples

2019-05-04-03-44-35   >>>>   Start train ranking function

2019-05-04-03-44-35   >>>>   End train ranking function

train_ranking_functioning time = 4.068 ms


2019-05-04-03-44-35   >>>>   Start verify ranking function

[xr_1 = -9868, xr_0 = 1]
ranking function : 0.9877 *  x[0]^1.0 + 0.4939 *  x[1]^1.0 + 0.2725 * 1; 0.6657 *  x[0]^1.0 + 0.1164 *  x[1]^1.0 + 0.6973 * 1; 0.1285 *  x[0]^1.0 + 0.0059 *  x[1]^1.0 + 0.9142 * 1

2019-05-04-03-44-35   >>>>   End verify ranking function

verifying time = 6.853 ms


Not Found Ranking Fcuntion

Conterexample is 

[1, -9868]

sampling time = 2.037 ms


       ########################################         

iteration 8 with 260 examples

2019-05-04-03-44-35   >>>>   Start train ranking function

2019-05-04-03-44-35   >>>>   End train ranking function

train_ranking_functioning time = 5.470 ms


2019-05-04-03-44-35   >>>>   Start verify ranking function

[xr_1 = -14613, xr_0 = 1]
ranking function : 0.9874 *  x[0]^1.0 + 0.4937 *  x[1]^1.0 + 0.2555 * 1; 0.6807 *  x[0]^1.0 + 0.0936 *  x[1]^1.0 + 0.725 * 1; 0.0938 *  x[0]^1.0 + 0.0001 *  x[1]^1.0 + 0.9247 * 1

2019-05-04-03-44-35   >>>>   End verify ranking function

verifying time = 9.282 ms


Not Found Ranking Fcuntion

Conterexample is 

[1, -14613]

sampling time = 2.052 ms


       ########################################         

iteration 9 with 264 examples

2019-05-04-03-44-35   >>>>   Start train ranking function

2019-05-04-03-44-35   >>>>   End train ranking function

train_ranking_functioning time = 3.992 ms


2019-05-04-03-44-35   >>>>   Start verify ranking function

[xr_1 = -9864, xr_0 = 1]
ranking function : 0.9873 *  x[0]^1.0 + 0.4937 *  x[1]^1.0 + 0.2555 * 1; 0.6807 *  x[0]^1.0 + 0.0936 *  x[1]^1.0 + 0.725 * 1; 0.0938 *  x[0]^1.0 + 0.0001 *  x[1]^1.0 + 0.9248 * 1

2019-05-04-03-44-35   >>>>   End verify ranking function

verifying time = 6.778 ms


Not Found Ranking Fcuntion

Conterexample is 

[1, -9864]

sampling time = 2.075 ms


       ########################################         

iteration 10 with 268 examples

2019-05-04-03-44-35   >>>>   Start train ranking function

2019-05-04-03-44-35   >>>>   End train ranking function

train_ranking_functioning time = 5.731 ms


2019-05-04-03-44-35   >>>>   Start verify ranking function

[xr_1 = 4933, xr_0 = 1]
ranking function : 0.9874 *  x[0]^1.0 + 0.4936 *  x[1]^1.0 + 0.2555 * 1; 0.6807 *  x[0]^1.0 + 0.0935 *  x[1]^1.0 + 0.725 * 1; 0.0939 *  x[0]^1.0 - 0.0001 *  x[1]^1.0 + 0.9247 * 1

2019-05-04-03-44-35   >>>>   End verify ranking function

verifying time = 6.853 ms


Not Found Ranking Fcuntion

Conterexample is 

[1, 4933]

sampling time = 2.017 ms


       ########################################         

iteration 11 with 272 examples

2019-05-04-03-44-35   >>>>   Start train ranking function

2019-05-04-03-44-35   >>>>   End train ranking function

train_ranking_functioning time = 4.683 ms


2019-05-04-03-44-35   >>>>   Start verify ranking function

[xr_1 = 4933, xr_0 = 1]
ranking function : 0.9874 *  x[0]^1.0 + 0.4936 *  x[1]^1.0 + 0.2555 * 1; 0.6807 *  x[0]^1.0 + 0.0936 *  x[1]^1.0 + 0.7251 * 1; 0.0938 *  x[0]^1.0 + 0.9248 * 1

2019-05-04-03-44-35   >>>>   End verify ranking function

verifying time = 6.847 ms


Not Found Ranking Fcuntion

Conterexample is 

[1, 4933]

sampling time = 2.230 ms


       ########################################         

iteration 12 with 276 examples

2019-05-04-03-44-35   >>>>   Start train ranking function

2019-05-04-03-44-35   >>>>   End train ranking function

train_ranking_functioning time = 5.736 ms


2019-05-04-03-44-35   >>>>   Start verify ranking function

[xr_1 = 4933, xr_0 = 1]
ranking function : 0.9874 *  x[0]^1.0 + 0.4936 *  x[1]^1.0 + 0.2555 * 1; 0.6807 *  x[0]^1.0 + 0.0935 *  x[1]^1.0 + 0.7251 * 1; 0.0937 *  x[0]^1.0 + 0.9248 * 1

2019-05-04-03-44-35   >>>>   End verify ranking function

verifying time = 6.905 ms


Not Found Ranking Fcuntion

Conterexample is 

[1, 4933]

sampling time = 2.054 ms


       ########################################         

iteration 13 with 280 examples

2019-05-04-03-44-35   >>>>   Start train ranking function

2019-05-04-03-44-35   >>>>   End train ranking function

train_ranking_functioning time = 5.936 ms


2019-05-04-03-44-35   >>>>   Start verify ranking function

[xr_1 = 12492, xr_0 = 1]
ranking function : 0.9874 *  x[0]^1.0 + 0.4937 *  x[1]^1.0 + 0.2555 * 1; 0.6807 *  x[0]^1.0 + 0.0935 *  x[1]^1.0 + 0.725 * 1; 0.0937 *  x[0]^1.0 + 0.9248 * 1

2019-05-04-03-44-35   >>>>   End verify ranking function

verifying time = 11.774 ms


Not Found Ranking Fcuntion

Conterexample is 

[1, 12492]

sampling time = 2.017 ms


       ########################################         

iteration 14 with 284 examples

2019-05-04-03-44-35   >>>>   Start train ranking function

2019-05-04-03-44-35   >>>>   End train ranking function

train_ranking_functioning time = 6.018 ms


2019-05-04-03-44-35   >>>>   Start verify ranking function

[xr_1 = 24985/2, xr_0 = 1]
ranking function : 0.9874 *  x[0]^1.0 + 0.4937 *  x[1]^1.0 + 0.2555 * 1; 0.6807 *  x[0]^1.0 + 0.0935 *  x[1]^1.0 + 0.7251 * 1; 0.0937 *  x[0]^1.0 + 0.9248 * 1

2019-05-04-03-44-35   >>>>   End verify ranking function

verifying time = 13.129 ms


Not Found Ranking Fcuntion

Conterexample is 

[1, 12492.5]

sampling time = 2.222 ms


       ########################################         

iteration 15 with 288 examples

2019-05-04-03-44-35   >>>>   Start train ranking function

2019-05-04-03-44-35   >>>>   End train ranking function

train_ranking_functioning time = 6.459 ms


2019-05-04-03-44-35   >>>>   Start verify ranking function

ranking function : 0.9874 *  x[0]^1.0 + 0.4937 *  x[1]^1.0 + 0.2555 * 1; 0.6807 *  x[0]^1.0 + 0.0935 *  x[1]^1.0 + 0.7251 * 1; 0.0937 *  x[0]^1.0 + 0.0001 *  x[1]^1.0 + 0.9248 * 1

2019-05-04-03-44-35   >>>>   End verify ranking function

verifying time = 13.290 ms


Not Found Ranking Fcuntion

Conterexample is 

[1, -20185]

sampling time = 2.103 ms


       ########################################         

iteration 16 with 292 examples

2019-05-04-03-44-35   >>>>   Start train ranking function

2019-05-04-03-44-35   >>>>   End train ranking function

train_ranking_functioning time = 6.438 ms


2019-05-04-03-44-35   >>>>   Start verify ranking function

[xr_1 = -14613, xr_0 = 1]
ranking function : 0.9874 *  x[0]^1.0 + 0.4937 *  x[1]^1.0 + 0.2555 * 1; 0.6807 *  x[0]^1.0 + 0.0936 *  x[1]^1.0 + 0.7251 * 1; 0.0936 *  x[0]^1.0 + 0.9248 * 1

2019-05-04-03-44-35   >>>>   End verify ranking function

verifying time = 9.468 ms


Not Found Ranking Fcuntion

Conterexample is 

[1, -14613]

sampling time = 1.994 ms


       ########################################         

iteration 17 with 296 examples

2019-05-04-03-44-35   >>>>   Start train ranking function

2019-05-04-03-44-35   >>>>   End train ranking function

train_ranking_functioning time = 6.467 ms


2019-05-04-03-44-35   >>>>   Start verify ranking function

[xr_1 = 24984, xr_0 = 1]
ranking function : 0.9874 *  x[0]^1.0 + 0.4937 *  x[1]^1.0 + 0.2555 * 1; 0.6807 *  x[0]^1.0 + 0.0935 *  x[1]^1.0 + 0.7251 * 1; 0.0936 *  x[0]^1.0 + 0.9248 * 1

2019-05-04-03-44-35   >>>>   End verify ranking function

verifying time = 12.137 ms


Not Found Ranking Fcuntion

Conterexample is 

[1, 24984]

sampling time = 2.124 ms


       ########################################         

iteration 18 with 300 examples

2019-05-04-03-44-35   >>>>   Start train ranking function

2019-05-04-03-44-35   >>>>   End train ranking function

train_ranking_functioning time = 7.561 ms


2019-05-04-03-44-35   >>>>   Start verify ranking function

[xr_1 = 24984, xr_0 = 1]
ranking function : 0.9874 *  x[0]^1.0 + 0.4937 *  x[1]^1.0 + 0.2555 * 1; 0.6807 *  x[0]^1.0 + 0.0935 *  x[1]^1.0 + 0.7251 * 1; 0.0936 *  x[0]^1.0 + 0.9248 * 1

2019-05-04-03-44-35   >>>>   End verify ranking function

verifying time = 11.830 ms


Not Found Ranking Fcuntion

Conterexample is 

[1, 24984]

sampling time = 2.047 ms


       ########################################         

iteration 19 with 304 examples

2019-05-04-03-44-35   >>>>   Start train ranking function

2019-05-04-03-44-35   >>>>   End train ranking function

train_ranking_functioning time = 6.587 ms


2019-05-04-03-44-35   >>>>   Start verify ranking function

[xr_1 = -14613, xr_0 = 1]
ranking function : 0.9874 *  x[0]^1.0 + 0.4937 *  x[1]^1.0 + 0.2555 * 1; 0.6807 *  x[0]^1.0 + 0.0936 *  x[1]^1.0 + 0.7251 * 1; 0.0937 *  x[0]^1.0 + 0.9248 * 1

2019-05-04-03-44-35   >>>>   End verify ranking function

verifying time = 9.336 ms


Not Found Ranking Fcuntion

Conterexample is 

[1, -14613]

sampling time = 2.015 ms


       ########################################         

iteration 20 with 308 examples

2019-05-04-03-44-35   >>>>   Start train ranking function

2019-05-04-03-44-35   >>>>   End train ranking function

train_ranking_functioning time = 7.129 ms


2019-05-04-03-44-35   >>>>   Start verify ranking function

[xr_1 = 24985/2, xr_0 = 1]
ranking function : 0.9874 *  x[0]^1.0 + 0.4937 *  x[1]^1.0 + 0.2554 * 1; 0.6807 *  x[0]^1.0 + 0.0935 *  x[1]^1.0 + 0.7251 * 1; 0.0937 *  x[0]^1.0 + 0.9248 * 1

2019-05-04-03-44-35   >>>>   End verify ranking function

verifying time = 11.870 ms


Not Found Ranking Fcuntion

Conterexample is 

[1, 12492.5]

sampling time = 2.019 ms


       ########################################         

iteration 21 with 312 examples

2019-05-04-03-44-35   >>>>   Start train ranking function

2019-05-04-03-44-35   >>>>   End train ranking function

train_ranking_functioning time = 7.662 ms


2019-05-04-03-44-35   >>>>   Start verify ranking function

[xr_1 = 24984, xr_0 = 1]
ranking function : 0.9874 *  x[0]^1.0 + 0.4937 *  x[1]^1.0 + 0.2555 * 1; 0.6807 *  x[0]^1.0 + 0.0935 *  x[1]^1.0 + 0.7251 * 1; 0.0936 *  x[0]^1.0 + 0.9248 * 1

2019-05-04-03-44-35   >>>>   End verify ranking function

verifying time = 11.835 ms


Not Found Ranking Fcuntion

Conterexample is 

[1, 24984]

sampling time = 2.016 ms


       ########################################         

iteration 22 with 316 examples

2019-05-04-03-44-35   >>>>   Start train ranking function

2019-05-04-03-44-35   >>>>   End train ranking function

train_ranking_functioning time = 8.355 ms


2019-05-04-03-44-35   >>>>   Start verify ranking function

[xr_1 = 24984, xr_0 = 1]
ranking function : 0.9874 *  x[0]^1.0 + 0.4937 *  x[1]^1.0 + 0.2554 * 1; 0.6807 *  x[0]^1.0 + 0.0935 *  x[1]^1.0 + 0.7251 * 1; 0.0936 *  x[0]^1.0 + 0.9248 * 1

2019-05-04-03-44-35   >>>>   End verify ranking function

verifying time = 11.758 ms


Not Found Ranking Fcuntion

Conterexample is 

[1, 24984]

sampling time = 2.070 ms


       ########################################         

iteration 23 with 320 examples

2019-05-04-03-44-35   >>>>   Start train ranking function

2019-05-04-03-44-35   >>>>   End train ranking function

train_ranking_functioning time = 7.462 ms


2019-05-04-03-44-35   >>>>   Start verify ranking function

[xr_1 = 24984, xr_0 = 1]
ranking function : 0.9874 *  x[0]^1.0 + 0.4937 *  x[1]^1.0 + 0.2555 * 1; 0.6807 *  x[0]^1.0 + 0.0935 *  x[1]^1.0 + 0.7251 * 1; 0.0936 *  x[0]^1.0 + 0.9248 * 1

2019-05-04-03-44-35   >>>>   End verify ranking function

verifying time = 11.807 ms


Not Found Ranking Fcuntion

Conterexample is 

[1, 24984]

sampling time = 2.030 ms


       ########################################         

iteration 24 with 324 examples

2019-05-04-03-44-35   >>>>   Start train ranking function

2019-05-04-03-44-35   >>>>   End train ranking function

train_ranking_functioning time = 6.974 ms


2019-05-04-03-44-35   >>>>   Start verify ranking function

[xr_1 = 24985, xr_0 = 1]
ranking function : 0.9874 *  x[0]^1.0 + 0.4937 *  x[1]^1.0 + 0.2555 * 1; 0.6807 *  x[0]^1.0 + 0.0935 *  x[1]^1.0 + 0.7252 * 1; 0.0936 *  x[0]^1.0 + 0.9248 * 1

2019-05-04-03-44-35   >>>>   End verify ranking function

verifying time = 11.749 ms


Not Found Ranking Fcuntion

Conterexample is 

[1, 24985]

sampling time = 2.042 ms


Failed to prove it is terminated

UNKNOWN
Time For Template 2 Is--->-611.244000 ms

------Using Template 3 -----------
10 [2, 4, 4]
*****************************************************

2019-05-04-03-44-35   >>>>   End sampling point

sampling time = 149.924 ms,


       ########################################         

iteration 0 with 228 examples

2019-05-04-03-44-35   >>>>   Start train ranking function

2019-05-04-03-44-35   >>>>   End train ranking function

train_ranking_functioning time = 5.698 ms


2019-05-04-03-44-35   >>>>   Start verify ranking function

[xr_0 = 1/2, xr_1 = 1/8]
ranking function : 0.0221 *  x[0]^-3.0 *  x[1]^-1.0 + 0.0357 *  x[0]^1.0 *  x[1]^3.0; 0.0789 *  x[0]^-3.0 *  x[1]^-0.5 + 2.3868 * 1 - 0.0252 *  x[1]^3.0 + 0.1011 *  x[0]^-1.0 *  x[1]^-1.0;  - 0.0034 *  x[0]^-3.0 *  x[1]^-3.0 - 0.0012 *  x[1]^3.0 + 1.5483 *  x[0]^-1.0 *  x[1]^0.5 - 0.0008 *  x[0]^0.5 *  x[1]^-3.0

2019-05-04-03-44-35   >>>>   End verify ranking function

verifying time = 16.588 ms


Not Found Ranking Fcuntion

Conterexample is 

[0.5, 0.125]

sampling time = 2.591 ms


       ########################################         

iteration 1 with 232 examples

2019-05-04-03-44-35   >>>>   Start train ranking function

2019-05-04-03-44-35   >>>>   End train ranking function

train_ranking_functioning time = 6.366 ms


2019-05-04-03-44-35   >>>>   Start verify ranking function

[xr_0 = 1/2, xr_1 = 1/8]
ranking function : 0.0108 *  x[0]^-3.0 *  x[1]^-1.0 + 0.0277 *  x[0]^1.0 *  x[1]^3.0; 0.0753 *  x[0]^-3.0 *  x[1]^-0.5 + 2.3596 * 1 - 0.0251 *  x[1]^3.0 + 0.1029 *  x[0]^-1.0 *  x[1]^-1.0; 0.0004 *  x[0]^-3.0 *  x[1]^-3.0 - 0.0016 *  x[1]^3.0 + 1.5467 *  x[0]^-1.0 *  x[1]^0.5 - 0.0023 *  x[0]^0.5 *  x[1]^-3.0

2019-05-04-03-44-35   >>>>   End verify ranking function

verifying time = 17.179 ms


Not Found Ranking Fcuntion

Conterexample is 

[0.5, 0.125]

sampling time = 2.759 ms


       ########################################         

iteration 2 with 236 examples

2019-05-04-03-44-35   >>>>   Start train ranking function

2019-05-04-03-44-35   >>>>   End train ranking function

train_ranking_functioning time = 6.141 ms


2019-05-04-03-44-35   >>>>   Start verify ranking function

[xr_0 = 1/2, xr_1 = 1/8]
ranking function : 0.0003 *  x[0]^-3.0 *  x[1]^-1.0 + 0.03 *  x[0]^1.0 *  x[1]^3.0; 0.075 *  x[0]^-3.0 *  x[1]^-0.5 + 2.4023 * 1 - 0.0227 *  x[1]^3.0 + 0.1084 *  x[0]^-1.0 *  x[1]^-1.0;  - 0.0026 *  x[0]^-3.0 *  x[1]^-3.0 - 0.0016 *  x[1]^3.0 + 1.5432 *  x[0]^-1.0 *  x[1]^0.5 - 0.0029 *  x[0]^0.5 *  x[1]^-3.0

2019-05-04-03-44-35   >>>>   End verify ranking function

verifying time = 23.917 ms


Not Found Ranking Fcuntion

Conterexample is 

[0.5, 0.125]

sampling time = 2.667 ms


       ########################################         

iteration 3 with 240 examples

2019-05-04-03-44-36   >>>>   Start train ranking function

2019-05-04-03-44-36   >>>>   End train ranking function

train_ranking_functioning time = 7.184 ms


2019-05-04-03-44-36   >>>>   Start verify ranking function

[xr_0 = 1, xr_1 = 1/8]
ranking function :  - 0.0105 *  x[0]^-3.0 *  x[1]^-1.0 + 0.0116 *  x[0]^1.0 *  x[1]^3.0; 0.0785 *  x[0]^-3.0 *  x[1]^-0.5 + 2.3976 * 1 - 0.0238 *  x[1]^3.0 + 0.1043 *  x[0]^-1.0 *  x[1]^-1.0;  - 0.0011 *  x[0]^-3.0 *  x[1]^-3.0 + 0.001 *  x[1]^3.0 + 1.5424 *  x[0]^-1.0 *  x[1]^0.5 - 0.0054 *  x[0]^0.5 *  x[1]^-3.0

2019-05-04-03-44-36   >>>>   End verify ranking function

verifying time = 24.508 ms


Not Found Ranking Fcuntion

Conterexample is 

[1, 0.125]

sampling time = 2.509 ms


       ########################################         

iteration 4 with 244 examples

2019-05-04-03-44-36   >>>>   Start train ranking function

2019-05-04-03-44-36   >>>>   End train ranking function

train_ranking_functioning time = 6.469 ms


2019-05-04-03-44-36   >>>>   Start verify ranking function

[xr_0 = 1/2, xr_1 = 1/8]
ranking function : 0.0008 *  x[0]^-3.0 *  x[1]^-1.0 + 0.0253 *  x[0]^1.0 *  x[1]^3.0; 0.0497 *  x[0]^-3.0 *  x[1]^-0.5 + 2.4045 * 1 - 0.0198 *  x[1]^3.0 + 0.1374 *  x[0]^-1.0 *  x[1]^-1.0;  - 0.0003 *  x[1]^3.0 + 1.5395 *  x[0]^-1.0 *  x[1]^0.5 + 0.002 *  x[0]^0.5 *  x[1]^-3.0

2019-05-04-03-44-36   >>>>   End verify ranking function

verifying time = 20.058 ms


Not Found Ranking Fcuntion

Conterexample is 

[0.5, 0.125]

sampling time = 2.571 ms


       ########################################         

iteration 5 with 248 examples

2019-05-04-03-44-36   >>>>   Start train ranking function

2019-05-04-03-44-36   >>>>   End train ranking function

train_ranking_functioning time = 6.831 ms


2019-05-04-03-44-36   >>>>   Start verify ranking function

[xr_0 = 1/2, xr_1 = 1/8]
ranking function : 0.0084 *  x[0]^-3.0 *  x[1]^-1.0 + 0.0312 *  x[0]^1.0 *  x[1]^3.0; 0.0447 *  x[0]^-3.0 *  x[1]^-0.5 + 2.4033 * 1 - 0.0199 *  x[1]^3.0 + 0.1517 *  x[0]^-1.0 *  x[1]^-1.0;  - 0.0037 *  x[0]^-3.0 *  x[1]^-3.0 + 0.0011 *  x[1]^3.0 + 1.5367 *  x[0]^-1.0 *  x[1]^0.5 + 0.0027 *  x[0]^0.5 *  x[1]^-3.0

2019-05-04-03-44-36   >>>>   End verify ranking function

verifying time = 15.915 ms


Not Found Ranking Fcuntion

Conterexample is 

[0.5, 0.125]

sampling time = 2.568 ms


       ########################################         

iteration 6 with 252 examples

2019-05-04-03-44-36   >>>>   Start train ranking function

2019-05-04-03-44-36   >>>>   End train ranking function

train_ranking_functioning time = 6.927 ms


2019-05-04-03-44-36   >>>>   Start verify ranking function

[xr_0 = 1, xr_1 = 1/8]
ranking function :  - 0.0106 *  x[0]^-3.0 *  x[1]^-1.0 + 0.0326 *  x[0]^1.0 *  x[1]^3.0; 0.0585 *  x[0]^-3.0 *  x[1]^-0.5 + 2.4061 * 1 - 0.0058 *  x[1]^3.0 + 0.135 *  x[0]^-1.0 *  x[1]^-1.0;  - 0.0027 *  x[1]^3.0 + 1.5369 *  x[0]^-1.0 *  x[1]^0.5 - 0.0027 *  x[0]^0.5 *  x[1]^-3.0

2019-05-04-03-44-36   >>>>   End verify ranking function

verifying time = 15.257 ms


Not Found Ranking Fcuntion

Conterexample is 

[1, 0.125]

sampling time = 2.582 ms


       ########################################         

iteration 7 with 256 examples

2019-05-04-03-44-36   >>>>   Start train ranking function

2019-05-04-03-44-36   >>>>   End train ranking function

train_ranking_functioning time = 7.195 ms


2019-05-04-03-44-36   >>>>   Start verify ranking function

[xr_0 = 1, xr_1 = 1/8]
ranking function :  - 0.0042 *  x[0]^-3.0 *  x[1]^-1.0 + 0.0261 *  x[0]^1.0 *  x[1]^3.0; 0.0539 *  x[0]^-3.0 *  x[1]^-0.5 + 2.4018 * 1 - 0.0165 *  x[1]^3.0 + 0.1389 *  x[0]^-1.0 *  x[1]^-1.0;  - 0.0012 *  x[0]^-3.0 *  x[1]^-3.0 - 0.0023 *  x[1]^3.0 + 1.5384 *  x[0]^-1.0 *  x[1]^0.5 - 0.0008 *  x[0]^0.5 *  x[1]^-3.0

2019-05-04-03-44-36   >>>>   End verify ranking function

verifying time = 19.771 ms


Not Found Ranking Fcuntion

Conterexample is 

[1, 0.125]

sampling time = 2.534 ms


       ########################################         

iteration 8 with 260 examples

2019-05-04-03-44-36   >>>>   Start train ranking function

2019-05-04-03-44-36   >>>>   End train ranking function

train_ranking_functioning time = 7.283 ms


2019-05-04-03-44-36   >>>>   Start verify ranking function

[xr_0 = 1, xr_1 = 1/8]
ranking function :  - 0.0007 *  x[0]^-3.0 *  x[1]^-1.0 + 0.0322 *  x[0]^1.0 *  x[1]^3.0; 0.0279 *  x[0]^-3.0 *  x[1]^-0.5 + 2.3997 * 1 - 0.0167 *  x[1]^3.0 + 0.1476 *  x[0]^-1.0 *  x[1]^-1.0;  - 0.0004 *  x[0]^-3.0 *  x[1]^-3.0 - 0.0018 *  x[1]^3.0 + 1.539 *  x[0]^-1.0 *  x[1]^0.5 - 0.0008 *  x[0]^0.5 *  x[1]^-3.0

2019-05-04-03-44-36   >>>>   End verify ranking function

verifying time = 19.026 ms


Not Found Ranking Fcuntion

Conterexample is 

[1, 0.125]

sampling time = 2.576 ms


       ########################################         

iteration 9 with 264 examples

2019-05-04-03-44-36   >>>>   Start train ranking function

2019-05-04-03-44-36   >>>>   End train ranking function

train_ranking_functioning time = 7.640 ms


2019-05-04-03-44-36   >>>>   Start verify ranking function

[xr_0 = 1/2, xr_1 = 1/8]
ranking function : 0.0089 *  x[0]^-3.0 *  x[1]^-1.0 + 0.0343 *  x[0]^1.0 *  x[1]^3.0; 0.0284 *  x[0]^-3.0 *  x[1]^-0.5 + 2.407 * 1 - 0.016 *  x[1]^3.0 + 0.1498 *  x[0]^-1.0 *  x[1]^-1.0;  - 0.0004 *  x[0]^-3.0 *  x[1]^-3.0 - 0.0018 *  x[1]^3.0 + 1.5357 *  x[0]^-1.0 *  x[1]^0.5 - 0.0009 *  x[0]^0.5 *  x[1]^-3.0

2019-05-04-03-44-36   >>>>   End verify ranking function

verifying time = 16.073 ms


Not Found Ranking Fcuntion

Conterexample is 

[0.5, 0.125]

sampling time = 2.535 ms


       ########################################         

iteration 10 with 268 examples

2019-05-04-03-44-36   >>>>   Start train ranking function

2019-05-04-03-44-36   >>>>   End train ranking function

train_ranking_functioning time = 7.969 ms


2019-05-04-03-44-36   >>>>   Start verify ranking function

[xr_0 = 1, xr_1 = 1/8]
ranking function :  - 0.0102 *  x[0]^-3.0 *  x[1]^-1.0 + 0.0269 *  x[0]^1.0 *  x[1]^3.0; 0.0285 *  x[0]^-3.0 *  x[1]^-0.5 + 2.4077 * 1 - 0.0059 *  x[1]^3.0 + 0.1472 *  x[0]^-1.0 *  x[1]^-1.0;  - 0.0131 *  x[0]^-3.0 *  x[1]^-3.0 - 0.0022 *  x[1]^3.0 + 1.5335 *  x[0]^-1.0 *  x[1]^0.5 + 0.0003 *  x[0]^0.5 *  x[1]^-3.0

2019-05-04-03-44-36   >>>>   End verify ranking function

verifying time = 16.222 ms


Not Found Ranking Fcuntion

Conterexample is 

[1, 0.125]

sampling time = 2.541 ms


       ########################################         

iteration 11 with 272 examples

2019-05-04-03-44-36   >>>>   Start train ranking function

2019-05-04-03-44-36   >>>>   End train ranking function

train_ranking_functioning time = 9.173 ms


2019-05-04-03-44-36   >>>>   Start verify ranking function

[xr_0 = 1, xr_1 = 1/8]
ranking function :  - 0.0086 *  x[0]^-3.0 *  x[1]^-1.0 + 0.0282 *  x[0]^1.0 *  x[1]^3.0; 0.0191 *  x[0]^-3.0 *  x[1]^-0.5 + 2.4097 * 1 - 0.0181 *  x[1]^3.0 + 0.1505 *  x[0]^-1.0 *  x[1]^-1.0;  - 0.0001 *  x[0]^-3.0 *  x[1]^-3.0 - 0.0014 *  x[1]^3.0 + 1.5358 *  x[0]^-1.0 *  x[1]^0.5 - 0.0011 *  x[0]^0.5 *  x[1]^-3.0

2019-05-04-03-44-36   >>>>   End verify ranking function

verifying time = 21.067 ms


Not Found Ranking Fcuntion

Conterexample is 

[1, 0.125]

sampling time = 2.620 ms


       ########################################         

iteration 12 with 276 examples

2019-05-04-03-44-36   >>>>   Start train ranking function

2019-05-04-03-44-36   >>>>   End train ranking function

train_ranking_functioning time = 8.333 ms


2019-05-04-03-44-36   >>>>   Start verify ranking function

[xr_0 = 1, xr_1 = 1/8]
ranking function :  - 0.0106 *  x[0]^-3.0 *  x[1]^-1.0 + 0.0323 *  x[0]^1.0 *  x[1]^3.0; 0.0357 *  x[0]^-3.0 *  x[1]^-0.5 + 2.4064 * 1 - 0.0215 *  x[1]^3.0 + 0.1473 *  x[0]^-1.0 *  x[1]^-1.0;  - 0.0133 *  x[0]^-3.0 *  x[1]^-3.0 - 0.0014 *  x[1]^3.0 + 1.5349 *  x[0]^-1.0 *  x[1]^0.5 - 0.0038 *  x[0]^0.5 *  x[1]^-3.0

2019-05-04-03-44-36   >>>>   End verify ranking function

verifying time = 16.369 ms


Not Found Ranking Fcuntion

Conterexample is 

[1, 0.125]

sampling time = 2.572 ms


       ########################################         

iteration 13 with 280 examples

2019-05-04-03-44-36   >>>>   Start train ranking function

2019-05-04-03-44-36   >>>>   End train ranking function

train_ranking_functioning time = 8.739 ms


2019-05-04-03-44-36   >>>>   Start verify ranking function

[xr_0 = 1/2, xr_1 = 1/8]
ranking function : 0.0153 *  x[0]^-3.0 *  x[1]^-1.0 + 0.0259 *  x[0]^1.0 *  x[1]^3.0; 0.0327 *  x[0]^-3.0 *  x[1]^-0.5 + 2.4093 * 1 - 0.0072 *  x[1]^3.0 + 0.155 *  x[0]^-1.0 *  x[1]^-1.0;  - 0.0014 *  x[0]^-3.0 *  x[1]^-3.0 - 0.0013 *  x[1]^3.0 + 1.5339 *  x[0]^-1.0 *  x[1]^0.5 + 0.0006 *  x[0]^0.5 *  x[1]^-3.0

2019-05-04-03-44-36   >>>>   End verify ranking function

verifying time = 14.945 ms


Not Found Ranking Fcuntion

Conterexample is 

[0.5, 0.125]

sampling time = 2.623 ms


       ########################################         

iteration 14 with 284 examples

2019-05-04-03-44-36   >>>>   Start train ranking function

2019-05-04-03-44-36   >>>>   End train ranking function

train_ranking_functioning time = 8.476 ms


2019-05-04-03-44-36   >>>>   Start verify ranking function

[xr_0 = 1/2, xr_1 = 1/8]
ranking function : 0.0132 *  x[0]^-3.0 *  x[1]^-1.0 + 0.0094 *  x[0]^1.0 *  x[1]^3.0; 0.031 *  x[0]^-3.0 *  x[1]^-0.5 + 2.4102 * 1 - 0.034 *  x[1]^3.0 + 0.1597 *  x[0]^-1.0 *  x[1]^-1.0;  - 0.0003 *  x[0]^-3.0 *  x[1]^-3.0 - 0.0019 *  x[1]^3.0 + 1.5356 *  x[0]^-1.0 *  x[1]^0.5 - 0.0007 *  x[0]^0.5 *  x[1]^-3.0

2019-05-04-03-44-36   >>>>   End verify ranking function

verifying time = 16.788 ms


Not Found Ranking Fcuntion

Conterexample is 

[0.5, 0.125]

sampling time = 2.580 ms


       ########################################         

iteration 15 with 288 examples

2019-05-04-03-44-36   >>>>   Start train ranking function

2019-05-04-03-44-36   >>>>   End train ranking function

train_ranking_functioning time = 9.298 ms


2019-05-04-03-44-36   >>>>   Start verify ranking function

[xr_0 = 1/2, xr_1 = 1/8]
ranking function : 0.0147 *  x[0]^-3.0 *  x[1]^-1.0 + 0.0243 *  x[0]^1.0 *  x[1]^3.0; 0.0303 *  x[0]^-3.0 *  x[1]^-0.5 + 2.4083 * 1 - 0.0187 *  x[1]^3.0 + 0.156 *  x[0]^-1.0 *  x[1]^-1.0;  - 0.0016 *  x[0]^-3.0 *  x[1]^-3.0 - 0.002 *  x[1]^3.0 + 1.5333 *  x[0]^-1.0 *  x[1]^0.5 + 0.0005 *  x[0]^0.5 *  x[1]^-3.0

2019-05-04-03-44-36   >>>>   End verify ranking function

verifying time = 16.481 ms


Not Found Ranking Fcuntion

Conterexample is 

[0.5, 0.125]

sampling time = 2.557 ms


       ########################################         

iteration 16 with 292 examples

2019-05-04-03-44-36   >>>>   Start train ranking function

2019-05-04-03-44-36   >>>>   End train ranking function

train_ranking_functioning time = 9.004 ms


2019-05-04-03-44-36   >>>>   Start verify ranking function

[xr_0 = 1, xr_1 = 1/8]
ranking function :  - 0.0028 *  x[0]^-3.0 *  x[1]^-1.0 + 0.0224 *  x[0]^1.0 *  x[1]^3.0; 0.0296 *  x[0]^-3.0 *  x[1]^-0.5 + 2.4043 * 1 - 0.0188 *  x[1]^3.0 + 0.1471 *  x[0]^-1.0 *  x[1]^-1.0;  - 0.0004 *  x[0]^-3.0 *  x[1]^-3.0 - 0.0003 *  x[1]^3.0 + 1.5347 *  x[0]^-1.0 *  x[1]^0.5 - 0.001 *  x[0]^0.5 *  x[1]^-3.0

2019-05-04-03-44-36   >>>>   End verify ranking function

verifying time = 19.668 ms


Not Found Ranking Fcuntion

Conterexample is 

[1, 0.125]

sampling time = 2.587 ms


       ########################################         

iteration 17 with 296 examples

2019-05-04-03-44-36   >>>>   Start train ranking function

2019-05-04-03-44-36   >>>>   End train ranking function

train_ranking_functioning time = 9.236 ms


2019-05-04-03-44-36   >>>>   Start verify ranking function

[xr_0 = 1/2, xr_1 = 1/8]
ranking function : 0.0086 *  x[0]^-3.0 *  x[1]^-1.0 + 0.0252 *  x[0]^1.0 *  x[1]^3.0; 0.0187 *  x[0]^-3.0 *  x[1]^-0.5 + 2.4048 * 1 - 0.0264 *  x[1]^3.0 + 0.1502 *  x[0]^-1.0 *  x[1]^-1.0;  - 0.0004 *  x[0]^-3.0 *  x[1]^-3.0 - 0.0018 *  x[1]^3.0 + 1.5353 *  x[0]^-1.0 *  x[1]^0.5 - 0.0011 *  x[0]^0.5 *  x[1]^-3.0

2019-05-04-03-44-36   >>>>   End verify ranking function

verifying time = 16.648 ms


Not Found Ranking Fcuntion

Conterexample is 

[0.5, 0.125]

sampling time = 2.595 ms


       ########################################         

iteration 18 with 300 examples

2019-05-04-03-44-36   >>>>   Start train ranking function

2019-05-04-03-44-36   >>>>   End train ranking function

train_ranking_functioning time = 9.600 ms


2019-05-04-03-44-36   >>>>   Start verify ranking function

[xr_0 = 1, xr_1 = 1/8]
ranking function :  - 0.0105 *  x[0]^-3.0 *  x[1]^-1.0 + 0.0295 *  x[0]^1.0 *  x[1]^3.0; 0.0328 *  x[0]^-3.0 *  x[1]^-0.5 + 2.4065 * 1 - 0.0132 *  x[1]^3.0 + 0.1489 *  x[0]^-1.0 *  x[1]^-1.0;  - 0.0019 *  x[1]^3.0 + 1.5352 *  x[0]^-1.0 *  x[1]^0.5 - 0.0005 *  x[0]^0.5 *  x[1]^-3.0

2019-05-04-03-44-36   >>>>   End verify ranking function

verifying time = 15.174 ms


Not Found Ranking Fcuntion

Conterexample is 

[1, 0.125]

sampling time = 2.550 ms


       ########################################         

iteration 19 with 304 examples

2019-05-04-03-44-36   >>>>   Start train ranking function

2019-05-04-03-44-36   >>>>   End train ranking function

train_ranking_functioning time = 10.202 ms


2019-05-04-03-44-36   >>>>   Start verify ranking function

[xr_0 = 1/2, xr_1 = 1/8]
ranking function : 0.0125 *  x[0]^-3.0 *  x[1]^-1.0 + 0.0222 *  x[0]^1.0 *  x[1]^3.0; 0.0334 *  x[0]^-3.0 *  x[1]^-0.5 + 2.4055 * 1 - 0.0185 *  x[1]^3.0 + 0.147 *  x[0]^-1.0 *  x[1]^-1.0;  - 0.0004 *  x[0]^-3.0 *  x[1]^-3.0 - 0.0018 *  x[1]^3.0 + 1.5343 *  x[0]^-1.0 *  x[1]^0.5 - 0.0009 *  x[0]^0.5 *  x[1]^-3.0

2019-05-04-03-44-36   >>>>   End verify ranking function

verifying time = 14.850 ms


Not Found Ranking Fcuntion

Conterexample is 

[0.5, 0.125]

sampling time = 2.499 ms


       ########################################         

iteration 20 with 308 examples

2019-05-04-03-44-36   >>>>   Start train ranking function

2019-05-04-03-44-36   >>>>   End train ranking function

train_ranking_functioning time = 10.093 ms


2019-05-04-03-44-36   >>>>   Start verify ranking function

[xr_0 = 1, xr_1 = 1/8]
ranking function :  - 0.0105 *  x[0]^-3.0 *  x[1]^-1.0 + 0.0208 *  x[0]^1.0 *  x[1]^3.0; 0.0195 *  x[0]^-3.0 *  x[1]^-0.5 + 2.4056 * 1 - 0.0187 *  x[1]^3.0 + 0.1507 *  x[0]^-1.0 *  x[1]^-1.0; 0.0002 *  x[0]^-3.0 *  x[1]^-3.0 - 0.0016 *  x[1]^3.0 + 1.5338 *  x[0]^-1.0 *  x[1]^0.5 - 0.0012 *  x[0]^0.5 *  x[1]^-3.0

2019-05-04-03-44-36   >>>>   End verify ranking function

verifying time = 15.792 ms


Not Found Ranking Fcuntion

Conterexample is 

[1, 0.125]

sampling time = 2.514 ms


       ########################################         

iteration 21 with 312 examples

2019-05-04-03-44-36   >>>>   Start train ranking function

2019-05-04-03-44-36   >>>>   End train ranking function

train_ranking_functioning time = 10.202 ms


2019-05-04-03-44-36   >>>>   Start verify ranking function

[xr_0 = 1/2, xr_1 = 1/8]
ranking function : 0.003 *  x[0]^-3.0 *  x[1]^-1.0 + 0.0312 *  x[0]^1.0 *  x[1]^3.0; 0.0375 *  x[0]^-3.0 *  x[1]^-0.5 + 2.4087 * 1 - 0.0069 *  x[1]^3.0 + 0.1481 *  x[0]^-1.0 *  x[1]^-1.0; 0.0001 *  x[0]^-3.0 *  x[1]^-3.0 - 0.0018 *  x[1]^3.0 + 1.5353 *  x[0]^-1.0 *  x[1]^0.5 - 0.0005 *  x[0]^0.5 *  x[1]^-3.0

2019-05-04-03-44-36   >>>>   End verify ranking function

verifying time = 18.814 ms


Not Found Ranking Fcuntion

Conterexample is 

[0.5, 0.125]

sampling time = 2.612 ms


       ########################################         

iteration 22 with 316 examples

2019-05-04-03-44-36   >>>>   Start train ranking function

2019-05-04-03-44-36   >>>>   End train ranking function

train_ranking_functioning time = 10.419 ms


2019-05-04-03-44-36   >>>>   Start verify ranking function

[xr_0 = 1, xr_1 = 1/8]
ranking function :  - 0.0105 *  x[0]^-3.0 *  x[1]^-1.0 + 0.0291 *  x[0]^1.0 *  x[1]^3.0; 0.0198 *  x[0]^-3.0 *  x[1]^-0.5 + 2.4078 * 1 - 0.004 *  x[1]^3.0 + 0.1546 *  x[0]^-1.0 *  x[1]^-1.0;  - 0.0005 *  x[0]^-3.0 *  x[1]^-3.0 + 0.001 *  x[1]^3.0 + 1.5341 *  x[0]^-1.0 *  x[1]^0.5 - 0.0002 *  x[0]^0.5 *  x[1]^-3.0

2019-05-04-03-44-36   >>>>   End verify ranking function

verifying time = 24.080 ms


Not Found Ranking Fcuntion

Conterexample is 

[1, 0.125]

sampling time = 2.599 ms


       ########################################         

iteration 23 with 320 examples

2019-05-04-03-44-36   >>>>   Start train ranking function

2019-05-04-03-44-36   >>>>   End train ranking function

train_ranking_functioning time = 10.337 ms


2019-05-04-03-44-36   >>>>   Start verify ranking function

[xr_0 = 1, xr_1 = 1/8]
ranking function :  - 0.0041 *  x[0]^-3.0 *  x[1]^-1.0 + 0.025 *  x[0]^1.0 *  x[1]^3.0; 0.0291 *  x[0]^-3.0 *  x[1]^-0.5 + 2.4071 * 1 - 0.0234 *  x[1]^3.0 + 0.1534 *  x[0]^-1.0 *  x[1]^-1.0;  - 0.0002 *  x[1]^3.0 + 1.5341 *  x[0]^-1.0 *  x[1]^0.5 + 0.0002 *  x[0]^0.5 *  x[1]^-3.0

2019-05-04-03-44-36   >>>>   End verify ranking function

verifying time = 14.302 ms


Not Found Ranking Fcuntion

Conterexample is 

[1, 0.125]

sampling time = 2.597 ms


       ########################################         

iteration 24 with 324 examples

2019-05-04-03-44-36   >>>>   Start train ranking function

2019-05-04-03-44-36   >>>>   End train ranking function

train_ranking_functioning time = 10.105 ms


2019-05-04-03-44-36   >>>>   Start verify ranking function

[xr_0 = 1, xr_1 = 1/8]
ranking function :  - 0.0106 *  x[0]^-3.0 *  x[1]^-1.0 + 0.0293 *  x[0]^1.0 *  x[1]^3.0; 0.0363 *  x[0]^-3.0 *  x[1]^-0.5 + 2.4072 * 1 - 0.0208 *  x[1]^3.0 + 0.146 *  x[0]^-1.0 *  x[1]^-1.0;  - 0.0003 *  x[0]^-3.0 *  x[1]^-3.0 - 0.0013 *  x[1]^3.0 + 1.5353 *  x[0]^-1.0 *  x[1]^0.5 - 0.0014 *  x[0]^0.5 *  x[1]^-3.0

2019-05-04-03-44-36   >>>>   End verify ranking function

verifying time = 14.220 ms


Not Found Ranking Fcuntion

Conterexample is 

[1, 0.125]

sampling time = 2.558 ms


Failed to prove it is terminated

UNKNOWN
Time For Template 3 Is--->-954.680000 ms

------Using Template 4 -----------
15 [3, 3, 3, 3, 3]
*****************************************************

2019-05-04-03-44-36   >>>>   End sampling point

sampling time = 198.924 ms,


       ########################################         

iteration 0 with 342 examples

2019-05-04-03-44-36   >>>>   Start train ranking function

2019-05-04-03-44-36   >>>>   End train ranking function

train_ranking_functioning time = 1.443 ms


2019-05-04-03-44-36   >>>>   Start verify ranking function

[xr_1 = 9890/9, xr_0 = 1]
ranking function : 0.9891 *  x[0]^1.0 + 0.4941 *  x[1]^1.0 + 0.4299 * 1; 0.4641 *  x[0]^1.0 + 0.0634 *  x[1]^1.0 + 0.4863 * 1; 0.4016 *  x[0]^1.0 + 0.1414 *  x[1]^1.0 + 0.3981 * 1; 0.507 *  x[0]^1.0 + 0.2059 *  x[1]^1.0 + 0.5327 * 1; 0.3652 *  x[0]^1.0 + 0.0391 *  x[1]^1.0 + 0.8528 * 1

2019-05-04-03-44-36   >>>>   End verify ranking function

verifying time = 6.948 ms


Not Found Ranking Fcuntion

Conterexample is 

[1, 1098.888888888889]

sampling time = 3.448 ms


       ########################################         

iteration 1 with 348 examples

2019-05-04-03-44-36   >>>>   Start train ranking function

2019-05-04-03-44-36   >>>>   End train ranking function

train_ranking_functioning time = 3.110 ms


2019-05-04-03-44-36   >>>>   Start verify ranking function

[xr_1 = 9888/7, xr_0 = 1]
ranking function : 0.9891 *  x[0]^1.0 + 0.4942 *  x[1]^1.0 + 0.4296 * 1; 0.4667 *  x[0]^1.0 + 0.0659 *  x[1]^1.0 + 0.4958 * 1; 0.3803 *  x[0]^1.0 + 0.1571 *  x[1]^1.0 + 0.3951 * 1; 0.5184 *  x[0]^1.0 + 0.2063 *  x[1]^1.0 + 0.5533 * 1; 0.3085 *  x[0]^1.0 + 0.0509 *  x[1]^1.0 + 0.883 * 1

2019-05-04-03-44-36   >>>>   End verify ranking function

verifying time = 7.021 ms


Not Found Ranking Fcuntion

Conterexample is 

[1, 1412.5714285714287]

sampling time = 3.438 ms


       ########################################         

iteration 2 with 354 examples

2019-05-04-03-44-36   >>>>   Start train ranking function

2019-05-04-03-44-36   >>>>   End train ranking function

train_ranking_functioning time = 3.278 ms


2019-05-04-03-44-36   >>>>   Start verify ranking function

[xr_1 = 9882, xr_0 = 1]
ranking function : 0.9891 *  x[0]^1.0 + 0.4945 *  x[1]^1.0 + 0.4295 * 1; 0.4668 *  x[0]^1.0 + 0.0658 *  x[1]^1.0 + 0.4958 * 1; 0.3803 *  x[0]^1.0 + 0.1571 *  x[1]^1.0 + 0.3951 * 1; 0.5184 *  x[0]^1.0 + 0.2063 *  x[1]^1.0 + 0.5533 * 1; 0.3085 *  x[0]^1.0 + 0.0509 *  x[1]^1.0 + 0.883 * 1

2019-05-04-03-44-36   >>>>   End verify ranking function

verifying time = 6.892 ms


Not Found Ranking Fcuntion

Conterexample is 

[1, 9882]

sampling time = 3.339 ms


       ########################################         

iteration 3 with 360 examples

2019-05-04-03-44-36   >>>>   Start train ranking function

2019-05-04-03-44-36   >>>>   End train ranking function

train_ranking_functioning time = 3.581 ms


2019-05-04-03-44-36   >>>>   Start verify ranking function

[xr_1 = 9882, xr_0 = 1]
ranking function : 0.9891 *  x[0]^1.0 + 0.4945 *  x[1]^1.0 + 0.4295 * 1; 0.4668 *  x[0]^1.0 + 0.0658 *  x[1]^1.0 + 0.4958 * 1; 0.3803 *  x[0]^1.0 + 0.1572 *  x[1]^1.0 + 0.3951 * 1; 0.5184 *  x[0]^1.0 + 0.2063 *  x[1]^1.0 + 0.5533 * 1; 0.3084 *  x[0]^1.0 + 0.051 *  x[1]^1.0 + 0.883 * 1

2019-05-04-03-44-36   >>>>   End verify ranking function

verifying time = 6.884 ms


Not Found Ranking Fcuntion

Conterexample is 

[1, 9882]

sampling time = 3.342 ms


       ########################################         

iteration 4 with 366 examples

2019-05-04-03-44-36   >>>>   Start train ranking function

2019-05-04-03-44-36   >>>>   End train ranking function

train_ranking_functioning time = 3.539 ms


2019-05-04-03-44-36   >>>>   Start verify ranking function

[xr_1 = 9882, xr_0 = 1]
ranking function : 0.9891 *  x[0]^1.0 + 0.4945 *  x[1]^1.0 + 0.4296 * 1; 0.4668 *  x[0]^1.0 + 0.0658 *  x[1]^1.0 + 0.4958 * 1; 0.3802 *  x[0]^1.0 + 0.1572 *  x[1]^1.0 + 0.3951 * 1; 0.5184 *  x[0]^1.0 + 0.2063 *  x[1]^1.0 + 0.5533 * 1; 0.3084 *  x[0]^1.0 + 0.0509 *  x[1]^1.0 + 0.8831 * 1

2019-05-04-03-44-36   >>>>   End verify ranking function

verifying time = 6.793 ms


Not Found Ranking Fcuntion

Conterexample is 

[1, 9882]

sampling time = 3.340 ms


       ########################################         

iteration 5 with 372 examples

2019-05-04-03-44-36   >>>>   Start train ranking function

2019-05-04-03-44-37   >>>>   End train ranking function

train_ranking_functioning time = 5.408 ms


2019-05-04-03-44-37   >>>>   Start verify ranking function

[xr_1 = 9882, xr_0 = 1]
ranking function : 0.9891 *  x[0]^1.0 + 0.4945 *  x[1]^1.0 + 0.4296 * 1; 0.4668 *  x[0]^1.0 + 0.0658 *  x[1]^1.0 + 0.4958 * 1; 0.3802 *  x[0]^1.0 + 0.1572 *  x[1]^1.0 + 0.3951 * 1; 0.5184 *  x[0]^1.0 + 0.2062 *  x[1]^1.0 + 0.5533 * 1; 0.3084 *  x[0]^1.0 + 0.0509 *  x[1]^1.0 + 0.8831 * 1

2019-05-04-03-44-37   >>>>   End verify ranking function

verifying time = 7.711 ms


Not Found Ranking Fcuntion

Conterexample is 

[1, 9882]

sampling time = 3.793 ms


       ########################################         

iteration 6 with 378 examples

2019-05-04-03-44-37   >>>>   Start train ranking function

2019-05-04-03-44-37   >>>>   End train ranking function

train_ranking_functioning time = 5.599 ms


2019-05-04-03-44-37   >>>>   Start verify ranking function

[xr_1 = 9882, xr_0 = 1]
ranking function : 0.9891 *  x[0]^1.0 + 0.4945 *  x[1]^1.0 + 0.4296 * 1; 0.4668 *  x[0]^1.0 + 0.0658 *  x[1]^1.0 + 0.4958 * 1; 0.3802 *  x[0]^1.0 + 0.1572 *  x[1]^1.0 + 0.3951 * 1; 0.5184 *  x[0]^1.0 + 0.2063 *  x[1]^1.0 + 0.5534 * 1; 0.3084 *  x[0]^1.0 + 0.0509 *  x[1]^1.0 + 0.8831 * 1

2019-05-04-03-44-37   >>>>   End verify ranking function

verifying time = 7.663 ms


Not Found Ranking Fcuntion

Conterexample is 

[1, 9882]

sampling time = 3.389 ms


       ########################################         

iteration 7 with 384 examples

2019-05-04-03-44-37   >>>>   Start train ranking function

2019-05-04-03-44-37   >>>>   End train ranking function

train_ranking_functioning time = 5.964 ms


2019-05-04-03-44-37   >>>>   Start verify ranking function

[xr_1 = 9882, xr_0 = 1]
ranking function : 0.9891 *  x[0]^1.0 + 0.4945 *  x[1]^1.0 + 0.4296 * 1; 0.4668 *  x[0]^1.0 + 0.0658 *  x[1]^1.0 + 0.4958 * 1; 0.3802 *  x[0]^1.0 + 0.1572 *  x[1]^1.0 + 0.3951 * 1; 0.5184 *  x[0]^1.0 + 0.2063 *  x[1]^1.0 + 0.5533 * 1; 0.3083 *  x[0]^1.0 + 0.051 *  x[1]^1.0 + 0.8831 * 1

2019-05-04-03-44-37   >>>>   End verify ranking function

verifying time = 6.971 ms


Not Found Ranking Fcuntion

Conterexample is 

[1, 9882]

sampling time = 3.461 ms


       ########################################         

iteration 8 with 390 examples

2019-05-04-03-44-37   >>>>   Start train ranking function

2019-05-04-03-44-37   >>>>   End train ranking function

train_ranking_functioning time = 5.409 ms


2019-05-04-03-44-37   >>>>   Start verify ranking function

[xr_1 = 9882, xr_0 = 1]
ranking function : 0.9891 *  x[0]^1.0 + 0.4945 *  x[1]^1.0 + 0.4295 * 1; 0.4668 *  x[0]^1.0 + 0.0658 *  x[1]^1.0 + 0.4958 * 1; 0.3802 *  x[0]^1.0 + 0.1572 *  x[1]^1.0 + 0.3951 * 1; 0.5184 *  x[0]^1.0 + 0.2063 *  x[1]^1.0 + 0.5534 * 1; 0.3083 *  x[0]^1.0 + 0.051 *  x[1]^1.0 + 0.8831 * 1

2019-05-04-03-44-37   >>>>   End verify ranking function

verifying time = 6.926 ms


Not Found Ranking Fcuntion

Conterexample is 

[1, 9882]

sampling time = 3.430 ms


       ########################################         

iteration 9 with 396 examples

2019-05-04-03-44-37   >>>>   Start train ranking function

2019-05-04-03-44-37   >>>>   End train ranking function

train_ranking_functioning time = 5.272 ms


2019-05-04-03-44-37   >>>>   Start verify ranking function

[xr_1 = 9882, xr_0 = 1]
ranking function : 0.9891 *  x[0]^1.0 + 0.4945 *  x[1]^1.0 + 0.4295 * 1; 0.4668 *  x[0]^1.0 + 0.0658 *  x[1]^1.0 + 0.4958 * 1; 0.3802 *  x[0]^1.0 + 0.1572 *  x[1]^1.0 + 0.3951 * 1; 0.5184 *  x[0]^1.0 + 0.2063 *  x[1]^1.0 + 0.5534 * 1; 0.3083 *  x[0]^1.0 + 0.0509 *  x[1]^1.0 + 0.8831 * 1

2019-05-04-03-44-37   >>>>   End verify ranking function

verifying time = 6.883 ms


Not Found Ranking Fcuntion

Conterexample is 

[1, 9882]

sampling time = 3.418 ms


       ########################################         

iteration 10 with 402 examples

2019-05-04-03-44-37   >>>>   Start train ranking function

2019-05-04-03-44-37   >>>>   End train ranking function

train_ranking_functioning time = 5.269 ms


2019-05-04-03-44-37   >>>>   Start verify ranking function

[xr_1 = 9882, xr_0 = 1]
ranking function : 0.9891 *  x[0]^1.0 + 0.4945 *  x[1]^1.0 + 0.4295 * 1; 0.4668 *  x[0]^1.0 + 0.0658 *  x[1]^1.0 + 0.4958 * 1; 0.3802 *  x[0]^1.0 + 0.1572 *  x[1]^1.0 + 0.3951 * 1; 0.5184 *  x[0]^1.0 + 0.2063 *  x[1]^1.0 + 0.5534 * 1; 0.3083 *  x[0]^1.0 + 0.051 *  x[1]^1.0 + 0.8831 * 1

2019-05-04-03-44-37   >>>>   End verify ranking function

verifying time = 6.830 ms


Not Found Ranking Fcuntion

Conterexample is 

[1, 9882]

sampling time = 3.393 ms


       ########################################         

iteration 11 with 408 examples

2019-05-04-03-44-37   >>>>   Start train ranking function

2019-05-04-03-44-37   >>>>   End train ranking function

train_ranking_functioning time = 5.503 ms


2019-05-04-03-44-37   >>>>   Start verify ranking function

[xr_1 = 9882, xr_0 = 1]
ranking function : 0.9891 *  x[0]^1.0 + 0.4945 *  x[1]^1.0 + 0.4296 * 1; 0.4668 *  x[0]^1.0 + 0.0658 *  x[1]^1.0 + 0.4958 * 1; 0.3802 *  x[0]^1.0 + 0.1572 *  x[1]^1.0 + 0.3951 * 1; 0.5185 *  x[0]^1.0 + 0.2063 *  x[1]^1.0 + 0.5534 * 1; 0.3083 *  x[0]^1.0 + 0.051 *  x[1]^1.0 + 0.8831 * 1

2019-05-04-03-44-37   >>>>   End verify ranking function

verifying time = 6.891 ms


Not Found Ranking Fcuntion

Conterexample is 

[1, 9882]

sampling time = 3.406 ms


       ########################################         

iteration 12 with 414 examples

2019-05-04-03-44-37   >>>>   Start train ranking function

2019-05-04-03-44-37   >>>>   End train ranking function

train_ranking_functioning time = 6.428 ms


2019-05-04-03-44-37   >>>>   Start verify ranking function

[xr_1 = 9882, xr_0 = 1]
ranking function : 0.9891 *  x[0]^1.0 + 0.4945 *  x[1]^1.0 + 0.4295 * 1; 0.4668 *  x[0]^1.0 + 0.0658 *  x[1]^1.0 + 0.4958 * 1; 0.3802 *  x[0]^1.0 + 0.1572 *  x[1]^1.0 + 0.3951 * 1; 0.5184 *  x[0]^1.0 + 0.2063 *  x[1]^1.0 + 0.5534 * 1; 0.3083 *  x[0]^1.0 + 0.051 *  x[1]^1.0 + 0.8831 * 1

2019-05-04-03-44-37   >>>>   End verify ranking function

verifying time = 6.849 ms


Not Found Ranking Fcuntion

Conterexample is 

[1, 9882]

sampling time = 3.381 ms


       ########################################         

iteration 13 with 420 examples

2019-05-04-03-44-37   >>>>   Start train ranking function

2019-05-04-03-44-37   >>>>   End train ranking function

train_ranking_functioning time = 6.211 ms


2019-05-04-03-44-37   >>>>   Start verify ranking function

[xr_1 = 9882, xr_0 = 1]
ranking function : 0.9891 *  x[0]^1.0 + 0.4945 *  x[1]^1.0 + 0.4295 * 1; 0.4668 *  x[0]^1.0 + 0.0658 *  x[1]^1.0 + 0.4958 * 1; 0.3802 *  x[0]^1.0 + 0.1572 *  x[1]^1.0 + 0.3951 * 1; 0.5184 *  x[0]^1.0 + 0.2063 *  x[1]^1.0 + 0.5533 * 1; 0.3083 *  x[0]^1.0 + 0.051 *  x[1]^1.0 + 0.8831 * 1

2019-05-04-03-44-37   >>>>   End verify ranking function

verifying time = 6.884 ms


Not Found Ranking Fcuntion

Conterexample is 

[1, 9882]

sampling time = 3.354 ms


       ########################################         

iteration 14 with 426 examples

2019-05-04-03-44-37   >>>>   Start train ranking function

2019-05-04-03-44-37   >>>>   End train ranking function

train_ranking_functioning time = 7.009 ms


2019-05-04-03-44-37   >>>>   Start verify ranking function

[xr_1 = 9882, xr_0 = 1]
ranking function : 0.9891 *  x[0]^1.0 + 0.4945 *  x[1]^1.0 + 0.4295 * 1; 0.4668 *  x[0]^1.0 + 0.0658 *  x[1]^1.0 + 0.4958 * 1; 0.3802 *  x[0]^1.0 + 0.1572 *  x[1]^1.0 + 0.3951 * 1; 0.5184 *  x[0]^1.0 + 0.2063 *  x[1]^1.0 + 0.5534 * 1; 0.3083 *  x[0]^1.0 + 0.051 *  x[1]^1.0 + 0.8831 * 1

2019-05-04-03-44-37   >>>>   End verify ranking function

verifying time = 6.786 ms


Not Found Ranking Fcuntion

Conterexample is 

[1, 9882]

sampling time = 3.364 ms


       ########################################         

iteration 15 with 432 examples

2019-05-04-03-44-37   >>>>   Start train ranking function

2019-05-04-03-44-37   >>>>   End train ranking function

train_ranking_functioning time = 6.585 ms


2019-05-04-03-44-37   >>>>   Start verify ranking function

[xr_1 = 9882, xr_0 = 1]
ranking function : 0.9891 *  x[0]^1.0 + 0.4945 *  x[1]^1.0 + 0.4295 * 1; 0.4668 *  x[0]^1.0 + 0.0658 *  x[1]^1.0 + 0.4958 * 1; 0.3802 *  x[0]^1.0 + 0.1572 *  x[1]^1.0 + 0.3951 * 1; 0.5184 *  x[0]^1.0 + 0.2063 *  x[1]^1.0 + 0.5534 * 1; 0.3083 *  x[0]^1.0 + 0.051 *  x[1]^1.0 + 0.8831 * 1

2019-05-04-03-44-37   >>>>   End verify ranking function

verifying time = 6.958 ms


Not Found Ranking Fcuntion

Conterexample is 

[1, 9882]

sampling time = 3.412 ms


       ########################################         

iteration 16 with 438 examples

2019-05-04-03-44-37   >>>>   Start train ranking function

2019-05-04-03-44-37   >>>>   End train ranking function

train_ranking_functioning time = 6.376 ms


2019-05-04-03-44-37   >>>>   Start verify ranking function

[xr_1 = 9882, xr_0 = 1]
ranking function : 0.9891 *  x[0]^1.0 + 0.4945 *  x[1]^1.0 + 0.4295 * 1; 0.4668 *  x[0]^1.0 + 0.0658 *  x[1]^1.0 + 0.4958 * 1; 0.3802 *  x[0]^1.0 + 0.1572 *  x[1]^1.0 + 0.3951 * 1; 0.5184 *  x[0]^1.0 + 0.2063 *  x[1]^1.0 + 0.5534 * 1; 0.3083 *  x[0]^1.0 + 0.051 *  x[1]^1.0 + 0.8831 * 1

2019-05-04-03-44-37   >>>>   End verify ranking function

verifying time = 7.063 ms


Not Found Ranking Fcuntion

Conterexample is 

[1, 9882]

sampling time = 3.509 ms


       ########################################         

iteration 17 with 444 examples

2019-05-04-03-44-37   >>>>   Start train ranking function

2019-05-04-03-44-37   >>>>   End train ranking function

train_ranking_functioning time = 7.428 ms


2019-05-04-03-44-37   >>>>   Start verify ranking function

[xr_1 = 9882, xr_0 = 1]
ranking function : 0.9891 *  x[0]^1.0 + 0.4945 *  x[1]^1.0 + 0.4295 * 1; 0.4668 *  x[0]^1.0 + 0.0658 *  x[1]^1.0 + 0.4958 * 1; 0.3802 *  x[0]^1.0 + 0.1572 *  x[1]^1.0 + 0.3951 * 1; 0.5184 *  x[0]^1.0 + 0.2063 *  x[1]^1.0 + 0.5534 * 1; 0.3083 *  x[0]^1.0 + 0.051 *  x[1]^1.0 + 0.8831 * 1

2019-05-04-03-44-37   >>>>   End verify ranking function

verifying time = 7.261 ms


Not Found Ranking Fcuntion

Conterexample is 

[1, 9882]

sampling time = 3.380 ms


       ########################################         

iteration 18 with 450 examples

2019-05-04-03-44-37   >>>>   Start train ranking function

2019-05-04-03-44-37   >>>>   End train ranking function

train_ranking_functioning time = 6.883 ms


2019-05-04-03-44-37   >>>>   Start verify ranking function

[xr_1 = 9882, xr_0 = 1]
ranking function : 0.9891 *  x[0]^1.0 + 0.4945 *  x[1]^1.0 + 0.4295 * 1; 0.4668 *  x[0]^1.0 + 0.0658 *  x[1]^1.0 + 0.4958 * 1; 0.3802 *  x[0]^1.0 + 0.1572 *  x[1]^1.0 + 0.3951 * 1; 0.5184 *  x[0]^1.0 + 0.2063 *  x[1]^1.0 + 0.5534 * 1; 0.3083 *  x[0]^1.0 + 0.051 *  x[1]^1.0 + 0.8831 * 1

2019-05-04-03-44-37   >>>>   End verify ranking function

verifying time = 6.951 ms


Not Found Ranking Fcuntion

Conterexample is 

[1, 9882]

sampling time = 3.428 ms


       ########################################         

iteration 19 with 456 examples

2019-05-04-03-44-37   >>>>   Start train ranking function

5
2019-05-04-03-44-37   >>>>   End train ranking function

train_ranking_functioning time = 6.544 ms


2019-05-04-03-44-37   >>>>   Start verify ranking function

[xr_1 = 9882, xr_0 = 1]
ranking function : 0.9891 *  x[0]^1.0 + 0.4945 *  x[1]^1.0 + 0.4295 * 1; 0.4668 *  x[0]^1.0 + 0.0658 *  x[1]^1.0 + 0.4958 * 1; 0.3802 *  x[0]^1.0 + 0.1572 *  x[1]^1.0 + 0.3951 * 1; 0.5184 *  x[0]^1.0 + 0.2063 *  x[1]^1.0 + 0.5534 * 1; 0.3083 *  x[0]^1.0 + 0.051 *  x[1]^1.0 + 0.8831 * 1

2019-05-04-03-44-37   >>>>   End verify ranking function

verifying time = 6.898 ms


Not Found Ranking Fcuntion

Conterexample is 

[1, 9882]

sampling time = 3.412 ms


       ########################################         

iteration 20 with 462 examples

2019-05-04-03-44-37   >>>>   Start train ranking function

2019-05-04-03-44-37   >>>>   End train ranking function

train_ranking_functioning time = 7.053 ms


2019-05-04-03-44-37   >>>>   Start verify ranking function

[xr_1 = -2899/200, xr_0 = 1]
ranking function : 1.0 *  x[0]^1.0 + 0.5 *  x[1]^1.0 + 0.4 * 1; 0.5 *  x[0]^1.0 + 0.1 *  x[1]^1.0 + 0.5 * 1; 0.4 *  x[0]^1.0 + 0.2 *  x[1]^1.0 + 0.4 * 1; 0.5 *  x[0]^1.0 + 0.2 *  x[1]^1.0 + 0.6 * 1; 0.3 *  x[0]^1.0 + 0.1 *  x[1]^1.0 + 0.9 * 1

2019-05-04-03-44-37   >>>>   End verify ranking function

verifying time = 9.488 ms


Not Found Ranking Fcuntion

Conterexample is 

[1, -14.495]

sampling time = 3.433 ms


       ########################################         

iteration 21 with 468 examples

2019-05-04-03-44-37   >>>>   Start train ranking function

2019-05-04-03-44-37   >>>>   End train ranking function

train_ranking_functioning time = 8.166 ms


2019-05-04-03-44-37   >>>>   Start verify ranking function

valid ranking function
ranking function : 1.0 *  x[0]^1.0 + 0.5 *  x[1]^1.0 + 0.4 * 1; 0.5 *  x[0]^1.0 + 0.5 * 1; 0.4 *  x[0]^1.0 + 0.2 *  x[1]^1.0 + 0.4 * 1; 0.6 *  x[0]^1.0 + 0.2 *  x[1]^1.0 + 0.6 * 1; 0.2 *  x[0]^1.0 + 0.9 * 1

2019-05-04-03-44-37   >>>>   End verify ranking function

verifying time = 17.807 ms


Found Ranking Fcuntion: 1.0 *  x[0]^1.0 + 0.5 *  x[1]^1.0 + 0.4 * 1; 0.5 *  x[0]^1.0 + 0.5 * 1; 0.4 *  x[0]^1.0 + 0.2 *  x[1]^1.0 + 0.4 * 1; 0.6 *  x[0]^1.0 + 0.2 *  x[1]^1.0 + 0.6 * 1; 0.2 *  x[0]^1.0 + 0.9 * 1

1.0 *  x[0]^1.0 + 0.5 *  x[1]^1.0 + 0.4 * 1; 0.5 *  x[0]^1.0 + 0.5 * 1; 0.4 *  x[0]^1.0 + 0.2 *  x[1]^1.0 + 0.4 * 1; 0.6 *  x[0]^1.0 + 0.2 *  x[1]^1.0 + 0.6 * 1; 0.2 *  x[0]^1.0 + 0.9 * 1
FINATE
Time For Template 4 Is--->-666.711000 ms

Time For ../Program_non/66.bpl Is ---> 3368.140000 ms

