------Using Template 0 -----------
3 [3]
*****************************************************

2019-05-04-04-04-38   >>>>   End sampling point

sampling time = 54.099 ms,


       ########################################         

iteration 0 with 136 examples

2019-05-04-04-04-38   >>>>   Start train ranking function

2019-05-04-04-04-38   >>>>   End train ranking function

train_ranking_functioning time = 2.677 ms


2019-05-04-04-04-38   >>>>   Start verify ranking function

ranking function :  - 0.8 *  x[1]^1.0 + 4.6 * 1

2019-05-04-04-04-38   >>>>   End verify ranking function

verifying time = 7.953 ms


Not Found Ranking Fcuntion

Conterexample is 

[0, 6]

sampling time = 0.720 ms


       ########################################         

iteration 1 with 138 examples

2019-05-04-04-04-38   >>>>   Start train ranking function

2019-05-04-04-04-38   >>>>   End train ranking function

train_ranking_functioning time = 2.507 ms


2019-05-04-04-04-38   >>>>   Start verify ranking function

ranking function :  - 0.8 *  x[1]^1.0 + 4.6 * 1

2019-05-04-04-04-38   >>>>   End verify ranking function

verifying time = 7.795 ms


Not Found Ranking Fcuntion

Conterexample is 

[0, 6]

sampling time = 0.720 ms


       ########################################         

iteration 2 with 140 examples

2019-05-04-04-04-38   >>>>   Start train ranking function

2019-05-04-04-04-38   >>>>   End train ranking function

train_ranking_functioning time = 3.232 ms


2019-05-04-04-04-38   >>>>   Start verify ranking function

ranking function :  - 0.7 *  x[1]^1.0 + 4.7 * 1

2019-05-04-04-04-38   >>>>   End verify ranking function

verifying time = 7.863 ms


Not Found Ranking Fcuntion

Conterexample is 

[0, 7]

sampling time = 0.722 ms


       ########################################         

iteration 3 with 142 examples

2019-05-04-04-04-38   >>>>   Start train ranking function

2019-05-04-04-04-38   >>>>   End train ranking function

train_ranking_functioning time = 2.751 ms


2019-05-04-04-04-38   >>>>   Start verify ranking function

[xi_0 = 7, xi_1 = -7]
ranking function : 0.1 *  x[0]^1.0 - 0.7 *  x[1]^1.0 + 4.6 * 1

2019-05-04-04-04-38   >>>>   End verify ranking function

verifying time = 7.147 ms


Not Found Ranking Fcuntion

Conterexample is 

[7, -7]

sampling time = 0.719 ms


       ########################################         

iteration 4 with 144 examples

2019-05-04-04-04-38   >>>>   Start train ranking function

2019-05-04-04-04-38   >>>>   End train ranking function

train_ranking_functioning time = 2.909 ms


2019-05-04-04-04-38   >>>>   Start verify ranking function

ranking function :  - 0.7 *  x[1]^1.0 + 4.7 * 1

2019-05-04-04-04-38   >>>>   End verify ranking function

verifying time = 7.780 ms


Not Found Ranking Fcuntion

Conterexample is 

[0, 7]

sampling time = 0.718 ms


       ########################################         

iteration 5 with 146 examples

2019-05-04-04-04-38   >>>>   Start train ranking function

2019-05-04-04-04-38   >>>>   End train ranking function

train_ranking_functioning time = 2.757 ms


2019-05-04-04-04-38   >>>>   Start verify ranking function

ranking function :  - 0.7 *  x[1]^1.0 + 4.9 * 1

2019-05-04-04-04-38   >>>>   End verify ranking function

verifying time = 7.848 ms


Not Found Ranking Fcuntion

Conterexample is 

[0, 8]

sampling time = 0.721 ms


       ########################################         

iteration 6 with 148 examples

2019-05-04-04-04-38   >>>>   Start train ranking function

2019-05-04-04-04-38   >>>>   End train ranking function

train_ranking_functioning time = 3.178 ms


2019-05-04-04-04-38   >>>>   Start verify ranking function

[xi_0 = 7, xi_1 = -7]
ranking function : 0.1 *  x[0]^1.0 - 0.7 *  x[1]^1.0 + 4.9 * 1

2019-05-04-04-04-38   >>>>   End verify ranking function

verifying time = 7.045 ms


Not Found Ranking Fcuntion

Conterexample is 

[7, -7]

sampling time = 0.751 ms


       ########################################         

iteration 7 with 150 examples

2019-05-04-04-04-38   >>>>   Start train ranking function

2019-05-04-04-04-38   >>>>   End train ranking function

train_ranking_functioning time = 3.279 ms


2019-05-04-04-04-38   >>>>   Start verify ranking function

ranking function :  - 0.7 *  x[1]^1.0 + 5.1 * 1

2019-05-04-04-04-38   >>>>   End verify ranking function

verifying time = 8.330 ms


Not Found Ranking Fcuntion

Conterexample is 

[0, 8]

sampling time = 0.711 ms


       ########################################         

iteration 8 with 152 examples

2019-05-04-04-04-38   >>>>   Start train ranking function

2019-05-04-04-04-38   >>>>   End train ranking function

train_ranking_functioning time = 3.273 ms


2019-05-04-04-04-38   >>>>   Start verify ranking function

ranking function :  - 0.6 *  x[1]^1.0 + 5.2 * 1

2019-05-04-04-04-38   >>>>   End verify ranking function

verifying time = 7.810 ms


Not Found Ranking Fcuntion

Conterexample is 

[0, 9]

sampling time = 0.721 ms


       ########################################         

iteration 9 with 154 examples

2019-05-04-04-04-38   >>>>   Start train ranking function

2019-05-04-04-04-38   >>>>   End train ranking function

train_ranking_functioning time = 3.343 ms


2019-05-04-04-04-38   >>>>   Start verify ranking function

[xi_0 = 6, xi_1 = -6]
ranking function : 0.1 *  x[0]^1.0 - 0.6 *  x[1]^1.0 + 5.2 * 1

2019-05-04-04-04-38   >>>>   End verify ranking function

verifying time = 7.078 ms


Not Found Ranking Fcuntion

Conterexample is 

[6, -6]

sampling time = 0.721 ms


       ########################################         

iteration 10 with 156 examples

2019-05-04-04-04-38   >>>>   Start train ranking function

2019-05-04-04-04-38   >>>>   End train ranking function

train_ranking_functioning time = 3.467 ms


2019-05-04-04-04-38   >>>>   Start verify ranking function

ranking function :  - 0.6 *  x[1]^1.0 + 5.3 * 1

2019-05-04-04-04-38   >>>>   End verify ranking function

verifying time = 7.804 ms


Not Found Ranking Fcuntion

Conterexample is 

[0, 9]

sampling time = 0.737 ms


       ########################################         

iteration 11 with 158 examples

2019-05-04-04-04-38   >>>>   Start train ranking function

2019-05-04-04-04-38   >>>>   End train ranking function

train_ranking_functioning time = 3.412 ms


2019-05-04-04-04-38   >>>>   Start verify ranking function

ranking function :  - 0.6 *  x[1]^1.0 + 5.5 * 1

2019-05-04-04-04-38   >>>>   End verify ranking function

verifying time = 7.916 ms


Not Found Ranking Fcuntion

Conterexample is 

[0, 10]

sampling time = 0.741 ms


       ########################################         

iteration 12 with 160 examples

2019-05-04-04-04-38   >>>>   Start train ranking function

2019-05-04-04-04-38   >>>>   End train ranking function

train_ranking_functioning time = 3.485 ms


2019-05-04-04-04-38   >>>>   Start verify ranking function

[xi_0 = 6, xi_1 = -6]
ranking function : 0.1 *  x[0]^1.0 - 0.6 *  x[1]^1.0 + 5.5 * 1

2019-05-04-04-04-38   >>>>   End verify ranking function

verifying time = 7.090 ms


Not Found Ranking Fcuntion

Conterexample is 

[6, -6]

sampling time = 0.735 ms


       ########################################         

iteration 13 with 162 examples

2019-05-04-04-04-38   >>>>   Start train ranking function

2019-05-04-04-04-38   >>>>   End train ranking function

train_ranking_functioning time = 3.519 ms


2019-05-04-04-04-38   >>>>   Start verify ranking function

ranking function :  - 0.6 *  x[1]^1.0 + 5.6 * 1

2019-05-04-04-04-38   >>>>   End verify ranking function

verifying time = 7.903 ms


Not Found Ranking Fcuntion

Conterexample is 

[0, 10]

sampling time = 0.733 ms


       ########################################         

iteration 14 with 164 examples

2019-05-04-04-04-38   >>>>   Start train ranking function

2019-05-04-04-04-38   >>>>   End train ranking function

train_ranking_functioning time = 3.603 ms


2019-05-04-04-04-38   >>>>   Start verify ranking function

ranking function :  - 0.6 *  x[1]^1.0 + 5.7 * 1

2019-05-04-04-04-38   >>>>   End verify ranking function

verifying time = 7.974 ms


Not Found Ranking Fcuntion

Conterexample is 

[0, 10]

sampling time = 0.893 ms


       ########################################         

iteration 15 with 166 examples

2019-05-04-04-04-38   >>>>   Start train ranking function

2019-05-04-04-04-38   >>>>   End train ranking function

train_ranking_functioning time = 3.747 ms


2019-05-04-04-04-38   >>>>   Start verify ranking function

ranking function :  - 0.6 *  x[1]^1.0 + 5.7 * 1

2019-05-04-04-04-38   >>>>   End verify ranking function

verifying time = 8.581 ms


Not Found Ranking Fcuntion

Conterexample is 

[0, 10]

sampling time = 0.730 ms


       ########################################         

iteration 16 with 168 examples

2019-05-04-04-04-38   >>>>   Start train ranking function

2019-05-04-04-04-38   >>>>   End train ranking function

train_ranking_functioning time = 3.628 ms


2019-05-04-04-04-38   >>>>   Start verify ranking function

[xi_0 = 5, xi_1 = -5]
ranking function : 0.1 *  x[0]^1.0 - 0.5 *  x[1]^1.0 + 5.8 * 1

2019-05-04-04-04-38   >>>>   End verify ranking function

verifying time = 7.114 ms


Not Found Ranking Fcuntion

Conterexample is 

[5, -5]

sampling time = 0.790 ms


       ########################################         

iteration 17 with 170 examples

2019-05-04-04-04-38   >>>>   Start train ranking function

2019-05-04-04-04-38   >>>>   End train ranking function

train_ranking_functioning time = 3.814 ms


2019-05-04-04-04-38   >>>>   Start verify ranking function

ranking function :  - 0.6 *  x[1]^1.0 + 5.9 * 1

2019-05-04-04-04-38   >>>>   End verify ranking function

verifying time = 7.959 ms


Not Found Ranking Fcuntion

Conterexample is 

[0, 10]

sampling time = 0.733 ms


       ########################################         

iteration 18 with 172 examples

2019-05-04-04-04-38   >>>>   Start train ranking function

2019-05-04-04-04-38   >>>>   End train ranking function

train_ranking_functioning time = 3.730 ms


2019-05-04-04-04-38   >>>>   Start verify ranking function

ranking function :  - 0.6 *  x[1]^1.0 + 5.9 * 1

2019-05-04-04-04-38   >>>>   End verify ranking function

verifying time = 7.938 ms


Not Found Ranking Fcuntion

Conterexample is 

[0, 10]

sampling time = 0.753 ms


       ########################################         

iteration 19 with 174 examples

2019-05-04-04-04-38   >>>>   Start train ranking function

2019-05-04-04-04-38   >>>>   End train ranking function

train_ranking_functioning time = 3.827 ms


2019-05-04-04-04-38   >>>>   Start verify ranking function

ranking function :  - 0.5 *  x[1]^1.0 + 6.0 * 1

2019-05-04-04-04-38   >>>>   End verify ranking function

verifying time = 7.965 ms


Not Found Ranking Fcuntion

Conterexample is 

[0, 13]

sampling time = 0.720 ms


       ########################################         

iteration 20 with 176 examples

2019-05-04-04-04-38   >>>>   Start train ranking function

2019-05-04-04-04-39   >>>>   End train ranking function

train_ranking_functioning time = 3.955 ms


2019-05-04-04-04-39   >>>>   Start verify ranking function

[xi_0 = 5, xi_1 = -5]
ranking function : 0.1 *  x[0]^1.0 - 0.5 *  x[1]^1.0 + 5.7 * 1

2019-05-04-04-04-39   >>>>   End verify ranking function

verifying time = 8.073 ms


Not Found Ranking Fcuntion

Conterexample is 

[5, -5]

sampling time = 0.721 ms


       ########################################         

iteration 21 with 178 examples

2019-05-04-04-04-39   >>>>   Start train ranking function

2019-05-04-04-04-39   >>>>   End train ranking function

train_ranking_functioning time = 4.079 ms


2019-05-04-04-04-39   >>>>   Start verify ranking function

ranking function :  - 0.5 *  x[1]^1.0 + 5.8 * 1

2019-05-04-04-04-39   >>>>   End verify ranking function

verifying time = 8.010 ms


Not Found Ranking Fcuntion

Conterexample is 

[0, 15]

sampling time = 0.726 ms


       ########################################         

iteration 22 with 180 examples

2019-05-04-04-04-39   >>>>   Start train ranking function

2019-05-04-04-04-39   >>>>   End train ranking function

train_ranking_functioning time = 3.842 ms


2019-05-04-04-04-39   >>>>   Start verify ranking function

[xi_0 = 4, xi_1 = -4]
ranking function : 0.1 *  x[0]^1.0 - 0.4 *  x[1]^1.0 + 5.5 * 1

2019-05-04-04-04-39   >>>>   End verify ranking function

verifying time = 7.155 ms


Not Found Ranking Fcuntion

Conterexample is 

[4, -4]

sampling time = 0.715 ms


       ########################################         

iteration 23 with 182 examples

2019-05-04-04-04-39   >>>>   Start train ranking function

2019-05-04-04-04-39   >>>>   End train ranking function

train_ranking_functioning time = 3.864 ms


2019-05-04-04-04-39   >>>>   Start verify ranking function

[xi_0 = 4, xi_1 = -4]
ranking function : 0.1 *  x[0]^1.0 - 0.4 *  x[1]^1.0 + 5.6 * 1

2019-05-04-04-04-39   >>>>   End verify ranking function

verifying time = 7.013 ms


Not Found Ranking Fcuntion

Conterexample is 

[4, -4]

sampling time = 0.733 ms


       ########################################         

iteration 24 with 184 examples

2019-05-04-04-04-39   >>>>   Start train ranking function

2019-05-04-04-04-39   >>>>   End train ranking function

train_ranking_functioning time = 3.949 ms


2019-05-04-04-04-39   >>>>   Start verify ranking function

[xi_0 = 4, xi_1 = -4]
ranking function : 0.1 *  x[0]^1.0 - 0.4 *  x[1]^1.0 + 5.7 * 1

2019-05-04-04-04-39   >>>>   End verify ranking function

verifying time = 6.998 ms


Not Found Ranking Fcuntion

Conterexample is 

[4, -4]

sampling time = 0.729 ms


Failed to prove it is terminated

UNKNOWN
Time For Template 0 Is--->-395.479000 ms

------Using Template 1 -----------
1 [1]
*****************************************************

2019-05-04-04-04-39   >>>>   End sampling point

sampling time = 27.515 ms,


       ########################################         

iteration 0 with 136 examples

2019-05-04-04-04-39   >>>>   Start train ranking function

2019-05-04-04-04-39   >>>>   End train ranking function

train_ranking_functioning time = 4.470 ms


2019-05-04-04-04-39   >>>>   Start verify ranking function

[xi_0 = 2, xi_1 = -1]
ranking function : 0.2 *  x[0]^1.0 *  x[1]^0.5

2019-05-04-04-04-39   >>>>   End verify ranking function

verifying time = 13.083 ms


Not Found Ranking Fcuntion

Conterexample is 

[2, -1]

sampling time = 0.350 ms


       ########################################         

iteration 1 with 138 examples

2019-05-04-04-04-39   >>>>   Start train ranking function

2019-05-04-04-04-39   >>>>   End train ranking function

train_ranking_functioning time = 4.660 ms


2019-05-04-04-04-39   >>>>   Start verify ranking function

[xi_0 = 2, xi_1 = -1]
ranking function : 0.2 *  x[0]^1.0 *  x[1]^0.5

2019-05-04-04-04-39   >>>>   End verify ranking function

verifying time = 12.845 ms


Not Found Ranking Fcuntion

Conterexample is 

[2, -1]

sampling time = 0.349 ms


       ########################################         

iteration 2 with 140 examples

2019-05-04-04-04-39   >>>>   Start train ranking function

2019-05-04-04-04-39   >>>>   End train ranking function

train_ranking_functioning time = 4.719 ms


2019-05-04-04-04-39   >>>>   Start verify ranking function

[xi_0 = 2, xi_1 = -1]
ranking function : 0.2 *  x[0]^1.0 *  x[1]^0.5

2019-05-04-04-04-39   >>>>   End verify ranking function

verifying time = 12.872 ms


Not Found Ranking Fcuntion

Conterexample is 

[2, -1]

sampling time = 0.346 ms


       ########################################         

iteration 3 with 142 examples

2019-05-04-04-04-39   >>>>   Start train ranking function

2019-05-04-04-04-39   >>>>   End train ranking function

train_ranking_functioning time = 2.772 ms


2019-05-04-04-04-39   >>>>   Start verify ranking function

[xi_0 = 2, xi_1 = -1]
ranking function : 0.2 *  x[0]^1.0 *  x[1]^0.5

2019-05-04-04-04-39   >>>>   End verify ranking function

verifying time = 12.806 ms


Not Found Ranking Fcuntion

Conterexample is 

[2, -1]

sampling time = 0.349 ms


       ########################################         

iteration 4 with 144 examples

2019-05-04-04-04-39   >>>>   Start train ranking function

2019-05-04-04-04-39   >>>>   End train ranking function

train_ranking_functioning time = 4.788 ms


2019-05-04-04-04-39   >>>>   Start verify ranking function

[xi_0 = 2, xi_1 = -1]
ranking function : 0.2 *  x[0]^1.0 *  x[1]^0.5

2019-05-04-04-04-39   >>>>   End verify ranking function

verifying time = 14.277 ms


Not Found Ranking Fcuntion

Conterexample is 

[2, -1]

sampling time = 0.350 ms


       ########################################         

iteration 5 with 146 examples

2019-05-04-04-04-39   >>>>   Start train ranking function

5
2019-05-04-04-04-39   >>>>   End train ranking function

train_ranking_functioning time = 4.856 ms


2019-05-04-04-04-39   >>>>   Start verify ranking function

[xi_0 = 2, xi_1 = -1]
ranking function : 0.2 *  x[0]^1.0 *  x[1]^0.5

2019-05-04-04-04-39   >>>>   End verify ranking function

verifying time = 12.995 ms


Not Found Ranking Fcuntion

Conterexample is 

[2, -1]

sampling time = 0.767 ms


       ########################################         

iteration 6 with 148 examples

2019-05-04-04-04-39   >>>>   Start train ranking function

2019-05-04-04-04-39   >>>>   End train ranking function

train_ranking_functioning time = 4.860 ms


2019-05-04-04-04-39   >>>>   Start verify ranking function

[xi_0 = 0, xi_1 = 0]
ranking function : 

2019-05-04-04-04-39   >>>>   End verify ranking function

verifying time = 6.802 ms


Not Found Ranking Fcuntion

Conterexample is 

[0, 0]

sampling time = 0.370 ms


       ########################################         

iteration 7 with 150 examples

2019-05-04-04-04-39   >>>>   Start train ranking function

2019-05-04-04-04-39   >>>>   End train ranking function

train_ranking_functioning time = 4.898 ms


2019-05-04-04-04-39   >>>>   Start verify ranking function

[xi_0 = 0, xi_1 = 0]
ranking function : 

2019-05-04-04-04-39   >>>>   End verify ranking function

verifying time = 6.820 ms


Not Found Ranking Fcuntion

Conterexample is 

[0, 0]

sampling time = 0.389 ms


       ########################################         

iteration 8 with 152 examples

2019-05-04-04-04-39   >>>>   Start train ranking function

2019-05-04-04-04-39   >>>>   End train ranking function

train_ranking_functioning time = 4.868 ms


2019-05-04-04-04-39   >>>>   Start verify ranking function

[xi_0 = 0, xi_1 = 0]
ranking function : 

2019-05-04-04-04-39   >>>>   End verify ranking function

verifying time = 6.816 ms


Not Found Ranking Fcuntion

Conterexample is 

[0, 0]

sampling time = 0.350 ms


       ########################################         

iteration 9 with 154 examples

2019-05-04-04-04-39   >>>>   Start train ranking function

2019-05-04-04-04-39   >>>>   End train ranking function

train_ranking_functioning time = 4.934 ms


2019-05-04-04-04-39   >>>>   Start verify ranking function

[xi_0 = 0, xi_1 = 0]
ranking function : 

2019-05-04-04-04-39   >>>>   End verify ranking function

verifying time = 6.693 ms


Not Found Ranking Fcuntion

Conterexample is 

[0, 0]

sampling time = 0.348 ms


       ########################################         

iteration 10 with 156 examples

2019-05-04-04-04-39   >>>>   Start train ranking function

2019-05-04-04-04-39   >>>>   End train ranking function

train_ranking_functioning time = 4.950 ms


2019-05-04-04-04-39   >>>>   Start verify ranking function

[xi_0 = 0, xi_1 = 0]
ranking function : 

2019-05-04-04-04-39   >>>>   End verify ranking function

verifying time = 6.577 ms


Not Found Ranking Fcuntion

Conterexample is 

[0, 0]

sampling time = 0.354 ms


       ########################################         

iteration 11 with 158 examples

2019-05-04-04-04-39   >>>>   Start train ranking function

5
2019-05-04-04-04-39   >>>>   End train ranking function

train_ranking_functioning time = 4.919 ms


2019-05-04-04-04-39   >>>>   Start verify ranking function

[xi_0 = 0, xi_1 = 0]
ranking function : 

2019-05-04-04-04-39   >>>>   End verify ranking function

verifying time = 6.624 ms


Not Found Ranking Fcuntion

Conterexample is 

[0, 0]

sampling time = 0.356 ms


       ########################################         

iteration 12 with 160 examples

2019-05-04-04-04-39   >>>>   Start train ranking function

2019-05-04-04-04-39   >>>>   End train ranking function

train_ranking_functioning time = 4.953 ms


2019-05-04-04-04-39   >>>>   Start verify ranking function

[xi_0 = 2, xi_1 = -1]
ranking function : 0.165 *  x[0]^1.0 *  x[1]^0.5

2019-05-04-04-04-39   >>>>   End verify ranking function

verifying time = 12.636 ms


Not Found Ranking Fcuntion

Conterexample is 

[2, -1]

sampling time = 0.356 ms


       ########################################         

iteration 13 with 162 examples

2019-05-04-04-04-39   >>>>   Start train ranking function

2019-05-04-04-04-39   >>>>   End train ranking function

train_ranking_functioning time = 5.087 ms


2019-05-04-04-04-39   >>>>   Start verify ranking function

[xi_0 = 2, xi_1 = -1]
ranking function : 0.1668 *  x[0]^1.0 *  x[1]^0.5

2019-05-04-04-04-39   >>>>   End verify ranking function

verifying time = 12.795 ms


Not Found Ranking Fcuntion

Conterexample is 

[2, -1]

sampling time = 0.344 ms


       ########################################         

iteration 14 with 164 examples

2019-05-04-04-04-39   >>>>   Start train ranking function

2019-05-04-04-04-39   >>>>   End train ranking function

train_ranking_functioning time = 5.141 ms


2019-05-04-04-04-39   >>>>   Start verify ranking function

[xi_0 = 2, xi_1 = -1]
ranking function : 0.1687 *  x[0]^1.0 *  x[1]^0.5

2019-05-04-04-04-39   >>>>   End verify ranking function

verifying time = 12.936 ms


Not Found Ranking Fcuntion

Conterexample is 

[2, -1]

sampling time = 0.347 ms


       ########################################         

iteration 15 with 166 examples

2019-05-04-04-04-39   >>>>   Start train ranking function

2019-05-04-04-04-39   >>>>   End train ranking function

train_ranking_functioning time = 5.400 ms


2019-05-04-04-04-39   >>>>   Start verify ranking function

[xi_0 = 2, xi_1 = -1]
ranking function : 0.1705 *  x[0]^1.0 *  x[1]^0.5

2019-05-04-04-04-39   >>>>   End verify ranking function

verifying time = 12.845 ms


Not Found Ranking Fcuntion

Conterexample is 

[2, -1]

sampling time = 0.375 ms


       ########################################         

iteration 16 with 168 examples

2019-05-04-04-04-39   >>>>   Start train ranking function

2019-05-04-04-04-39   >>>>   End train ranking function

train_ranking_functioning time = 5.230 ms


2019-05-04-04-04-39   >>>>   Start verify ranking function

[xi_0 = 2, xi_1 = -1]
ranking function : 0.1724 *  x[0]^1.0 *  x[1]^0.5

2019-05-04-04-04-39   >>>>   End verify ranking function

verifying time = 12.769 ms


Not Found Ranking Fcuntion

Conterexample is 

[2, -1]

sampling time = 0.348 ms


       ########################################         

iteration 17 with 170 examples

2019-05-04-04-04-39   >>>>   Start train ranking function

2019-05-04-04-04-39   >>>>   End train ranking function

train_ranking_functioning time = 5.239 ms


2019-05-04-04-04-39   >>>>   Start verify ranking function

[xi_0 = 2, xi_1 = -1]
ranking function : 0.1742 *  x[0]^1.0 *  x[1]^0.5

2019-05-04-04-04-39   >>>>   End verify ranking function

verifying time = 12.890 ms


Not Found Ranking Fcuntion

Conterexample is 

[2, -1]

sampling time = 0.348 ms


       ########################################         

iteration 18 with 172 examples

2019-05-04-04-04-39   >>>>   Start train ranking function

2019-05-04-04-04-39   >>>>   End train ranking function

train_ranking_functioning time = 5.401 ms


2019-05-04-04-04-39   >>>>   Start verify ranking function

[xi_0 = 2, xi_1 = -1]
ranking function : 0.1759 *  x[0]^1.0 *  x[1]^0.5

2019-05-04-04-04-39   >>>>   End verify ranking function

verifying time = 12.716 ms


Not Found Ranking Fcuntion

Conterexample is 

[2, -1]

sampling time = 0.359 ms


       ########################################         

iteration 19 with 174 examples

2019-05-04-04-04-39   >>>>   Start train ranking function

2019-05-04-04-04-39   >>>>   End train ranking function

train_ranking_functioning time = 5.398 ms


2019-05-04-04-04-39   >>>>   Start verify ranking function

[xi_0 = 2, xi_1 = -1]
ranking function : 0.1777 *  x[0]^1.0 *  x[1]^0.5

2019-05-04-04-04-39   >>>>   End verify ranking function

verifying time = 12.737 ms


Not Found Ranking Fcuntion

Conterexample is 

[2, -1]

sampling time = 0.464 ms


       ########################################         

iteration 20 with 176 examples

2019-05-04-04-04-39   >>>>   Start train ranking function

2019-05-04-04-04-39   >>>>   End train ranking function

train_ranking_functioning time = 5.906 ms


2019-05-04-04-04-39   >>>>   Start verify ranking function

[xi_0 = 2, xi_1 = -1]
ranking function : 0.1794 *  x[0]^1.0 *  x[1]^0.5

2019-05-04-04-04-39   >>>>   End verify ranking function

verifying time = 13.404 ms


Not Found Ranking Fcuntion

Conterexample is 

[2, -1]

sampling time = 0.350 ms


       ########################################         

iteration 21 with 178 examples

2019-05-04-04-04-39   >>>>   Start train ranking function

2019-05-04-04-04-39   >>>>   End train ranking function

train_ranking_functioning time = 5.505 ms


2019-05-04-04-04-39   >>>>   Start verify ranking function

[xi_0 = 2, xi_1 = -1]
ranking function : 0.1811 *  x[0]^1.0 *  x[1]^0.5

2019-05-04-04-04-39   >>>>   End verify ranking function

verifying time = 13.222 ms


Not Found Ranking Fcuntion

Conterexample is 

[2, -1]

sampling time = 0.350 ms


       ########################################         

iteration 22 with 180 examples

2019-05-04-04-04-39   >>>>   Start train ranking function

2019-05-04-04-04-39   >>>>   End train ranking function

train_ranking_functioning time = 5.561 ms


2019-05-04-04-04-39   >>>>   Start verify ranking function

[xi_0 = 2, xi_1 = -1]
ranking function : 0.1828 *  x[0]^1.0 *  x[1]^0.5

2019-05-04-04-04-39   >>>>   End verify ranking function

verifying time = 12.850 ms


Not Found Ranking Fcuntion

Conterexample is 

[2, -1]

sampling time = 0.350 ms


       ########################################         

iteration 23 with 182 examples

2019-05-04-04-04-39   >>>>   Start train ranking function

2019-05-04-04-04-39   >>>>   End train ranking function

train_ranking_functioning time = 5.545 ms


2019-05-04-04-04-39   >>>>   Start verify ranking function

[xi_0 = 2, xi_1 = -1]
ranking function : 0.1845 *  x[0]^1.0 *  x[1]^0.5

2019-05-04-04-04-39   >>>>   End verify ranking function

verifying time = 12.743 ms


Not Found Ranking Fcuntion

Conterexample is 

[2, -1]

sampling time = 0.350 ms


       ########################################         

iteration 24 with 184 examples

2019-05-04-04-04-39   >>>>   Start train ranking function

2019-05-04-04-04-39   >>>>   End train ranking function

train_ranking_functioning time = 5.545 ms


2019-05-04-04-04-39   >>>>   Start verify ranking function

[xi_0 = 2, xi_1 = -1]
ranking function : 0.1862 *  x[0]^1.0 *  x[1]^0.5

2019-05-04-04-04-39   >>>>   End verify ranking function

verifying time = 12.745 ms


Not Found Ranking Fcuntion

Conterexample is 

[2, -1]

sampling time = 0.345 ms


Failed to prove it is terminated

UNKNOWN
Time For Template 1 Is--->-466.944000 ms

------Using Template 2 -----------
9 [3, 3, 3]
*****************************************************

2019-05-04-04-04-39   >>>>   End sampling point

sampling time = 145.323 ms,


       ########################################         

iteration 0 with 272 examples

2019-05-04-04-04-39   >>>>   Start train ranking function

2019-05-04-04-04-39   >>>>   End train ranking function

train_ranking_functioning time = 5.637 ms


2019-05-04-04-04-39   >>>>   Start verify ranking function

valid ranking function
ranking function :  - 1.0 *  x[1]^1.0 + 1.5 * 1; 1.0 *  x[0]^1.0 + 0.6 *  x[1]^1.0 + 1.3 * 1; 0.4 *  x[0]^1.0 + 0.4 *  x[1]^1.0 + 1.0 * 1

2019-05-04-04-04-39   >>>>   End verify ranking function

verifying time = 13.148 ms


Found Ranking Fcuntion:  - 1.0 *  x[1]^1.0 + 1.5 * 1; 1.0 *  x[0]^1.0 + 0.6 *  x[1]^1.0 + 1.3 * 1; 0.4 *  x[0]^1.0 + 0.4 *  x[1]^1.0 + 1.0 * 1

 - 1.0 *  x[1]^1.0 + 1.5 * 1; 1.0 *  x[0]^1.0 + 0.6 *  x[1]^1.0 + 1.3 * 1; 0.4 *  x[0]^1.0 + 0.4 *  x[1]^1.0 + 1.0 * 1
FINITE
Time For Template 2 Is--->-177.507000 ms

Time For ../Program_non/72.bpl Is ---> 1205.393000 ms

