------Using Template 0 -----------
5 [5]
*****************************************************

2019-05-04-04-04-40   >>>>   End sampling point

sampling time = 80.618 ms,


       ########################################         

iteration 0 with 112 examples

2019-05-04-04-04-40   >>>>   Start train ranking function

2019-05-04-04-04-40   >>>>   End train ranking function

train_ranking_functioning time = 0.699 ms


2019-05-04-04-04-40   >>>>   Start verify ranking function

ranking function :  - 0.5 *  x[3]^1.0 + 1.4 * 1

2019-05-04-04-04-40   >>>>   End verify ranking function

verifying time = 10.148 ms


Not Found Ranking Fcuntion

Conterexample is 

[0, 0, 0, 4]

sampling time = 1.332 ms


       ########################################         

iteration 1 with 114 examples

2019-05-04-04-04-40   >>>>   Start train ranking function

2019-05-04-04-04-40   >>>>   End train ranking function

train_ranking_functioning time = 0.685 ms


2019-05-04-04-04-40   >>>>   Start verify ranking function

ranking function :  - 0.5 *  x[3]^1.0 + 2.0 * 1

2019-05-04-04-04-40   >>>>   End verify ranking function

verifying time = 10.218 ms


Not Found Ranking Fcuntion

Conterexample is 

[0, 0, 0, 5]

sampling time = 1.366 ms


       ########################################         

iteration 2 with 116 examples

2019-05-04-04-04-40   >>>>   Start train ranking function

2019-05-04-04-04-40   >>>>   End train ranking function

train_ranking_functioning time = 1.775 ms


2019-05-04-04-04-40   >>>>   Start verify ranking function

ranking function :  - 0.5 *  x[3]^1.0 + 2.5 * 1

2019-05-04-04-04-40   >>>>   End verify ranking function

verifying time = 10.042 ms


Not Found Ranking Fcuntion

Conterexample is 

[0, 0, 0, 6]

sampling time = 1.400 ms


       ########################################         

iteration 3 with 118 examples

2019-05-04-04-04-40   >>>>   Start train ranking function

2019-05-04-04-04-40   >>>>   End train ranking function

train_ranking_functioning time = 2.488 ms


2019-05-04-04-04-40   >>>>   Start verify ranking function

ranking function :  - 0.5 *  x[3]^1.0 + 2.8 * 1

2019-05-04-04-04-40   >>>>   End verify ranking function

verifying time = 9.992 ms


Not Found Ranking Fcuntion

Conterexample is 

[0, 0, 0, 8]

sampling time = 1.366 ms


       ########################################         

iteration 4 with 120 examples

2019-05-04-04-04-40   >>>>   Start train ranking function

2019-05-04-04-04-40   >>>>   End train ranking function

train_ranking_functioning time = 2.598 ms


2019-05-04-04-04-40   >>>>   Start verify ranking function

ranking function :  - 0.4 *  x[3]^1.0 + 3.3 * 1

2019-05-04-04-04-40   >>>>   End verify ranking function

verifying time = 10.000 ms


Not Found Ranking Fcuntion

Conterexample is 

[0, 0, 0, 9]

sampling time = 1.332 ms


       ########################################         

iteration 5 with 122 examples

2019-05-04-04-04-40   >>>>   Start train ranking function

2019-05-04-04-04-40   >>>>   End train ranking function

train_ranking_functioning time = 2.616 ms


2019-05-04-04-04-40   >>>>   Start verify ranking function

ranking function :  - 0.4 *  x[3]^1.0 + 3.7 * 1

2019-05-04-04-04-40   >>>>   End verify ranking function

verifying time = 10.104 ms


Not Found Ranking Fcuntion

Conterexample is 

[0, 0, 0, 10]

sampling time = 1.333 ms


       ########################################         

iteration 6 with 124 examples

2019-05-04-04-04-40   >>>>   Start train ranking function

2019-05-04-04-04-40   >>>>   End train ranking function

train_ranking_functioning time = 2.727 ms


2019-05-04-04-04-40   >>>>   Start verify ranking function

ranking function :  - 0.4 *  x[3]^1.0 + 4.1 * 1

2019-05-04-04-04-40   >>>>   End verify ranking function

verifying time = 10.043 ms


Not Found Ranking Fcuntion

Conterexample is 

[0, 0, 0, 11]

sampling time = 1.337 ms


       ########################################         

iteration 7 with 126 examples

2019-05-04-04-04-40   >>>>   Start train ranking function

2019-05-04-04-04-40   >>>>   End train ranking function

train_ranking_functioning time = 2.655 ms


2019-05-04-04-04-40   >>>>   Start verify ranking function

ranking function :  - 0.4 *  x[3]^1.0 + 4.3 * 1

2019-05-04-04-04-40   >>>>   End verify ranking function

verifying time = 10.049 ms


Not Found Ranking Fcuntion

Conterexample is 

[0, 0, 0, 11]

sampling time = 1.328 ms


       ########################################         

iteration 8 with 128 examples

2019-05-04-04-04-40   >>>>   Start train ranking function

2019-05-04-04-04-40   >>>>   End train ranking function

train_ranking_functioning time = 2.688 ms


2019-05-04-04-04-40   >>>>   Start verify ranking function

ranking function :  - 0.4 *  x[3]^1.0 + 4.5 * 1

2019-05-04-04-04-40   >>>>   End verify ranking function

verifying time = 9.997 ms


Not Found Ranking Fcuntion

Conterexample is 

[0, 0, 0, 12]

sampling time = 1.345 ms


       ########################################         

iteration 9 with 130 examples

2019-05-04-04-04-40   >>>>   Start train ranking function

2019-05-04-04-04-40   >>>>   End train ranking function

train_ranking_functioning time = 2.769 ms


2019-05-04-04-04-40   >>>>   Start verify ranking function

ranking function :  - 0.4 *  x[3]^1.0 + 4.6 * 1

2019-05-04-04-04-40   >>>>   End verify ranking function

verifying time = 10.078 ms


Not Found Ranking Fcuntion

Conterexample is 

[0, 0, 0, 12]

sampling time = 1.351 ms


       ########################################         

iteration 10 with 132 examples

2019-05-04-04-04-40   >>>>   Start train ranking function

2019-05-04-04-04-40   >>>>   End train ranking function

train_ranking_functioning time = 2.764 ms


2019-05-04-04-04-40   >>>>   Start verify ranking function

ranking function :  - 0.4 *  x[3]^1.0 + 4.8 * 1

2019-05-04-04-04-40   >>>>   End verify ranking function

verifying time = 10.014 ms


Not Found Ranking Fcuntion

Conterexample is 

[0, 0, 0, 13]

sampling time = 1.386 ms


       ########################################         

iteration 11 with 134 examples

2019-05-04-04-04-40   >>>>   Start train ranking function

2019-05-04-04-04-40   >>>>   End train ranking function

train_ranking_functioning time = 2.762 ms


2019-05-04-04-04-40   >>>>   Start verify ranking function

ranking function :  - 0.4 *  x[3]^1.0 + 4.9 * 1

2019-05-04-04-04-40   >>>>   End verify ranking function

verifying time = 10.016 ms


Not Found Ranking Fcuntion

Conterexample is 

[0, 0, 0, 13]

sampling time = 1.360 ms


       ########################################         

iteration 12 with 136 examples

2019-05-04-04-04-40   >>>>   Start train ranking function

2019-05-04-04-04-40   >>>>   End train ranking function

train_ranking_functioning time = 2.803 ms


2019-05-04-04-04-40   >>>>   Start verify ranking function

ranking function :  - 0.4 *  x[3]^1.0 + 4.9 * 1

2019-05-04-04-04-40   >>>>   End verify ranking function

verifying time = 10.084 ms


Not Found Ranking Fcuntion

Conterexample is 

[0, 0, 0, 13]

sampling time = 1.342 ms


       ########################################         

iteration 13 with 138 examples

2019-05-04-04-04-40   >>>>   Start train ranking function

2019-05-04-04-04-40   >>>>   End train ranking function

train_ranking_functioning time = 2.839 ms


2019-05-04-04-04-40   >>>>   Start verify ranking function

ranking function :  - 0.4 *  x[3]^1.0 + 5.0 * 1

2019-05-04-04-04-40   >>>>   End verify ranking function

verifying time = 10.026 ms


Not Found Ranking Fcuntion

Conterexample is 

[0, 0, 0, 13]

sampling time = 1.331 ms


       ########################################         

iteration 14 with 140 examples

2019-05-04-04-04-40   >>>>   Start train ranking function

2019-05-04-04-04-40   >>>>   End train ranking function

train_ranking_functioning time = 2.884 ms


2019-05-04-04-04-40   >>>>   Start verify ranking function

ranking function :  - 0.4 *  x[3]^1.0 + 5.1 * 1

2019-05-04-04-04-40   >>>>   End verify ranking function

verifying time = 10.112 ms


Not Found Ranking Fcuntion

Conterexample is 

[0, 0, 0, 13]

sampling time = 1.328 ms


       ########################################         

iteration 15 with 142 examples

2019-05-04-04-04-40   >>>>   Start train ranking function

2019-05-04-04-04-40   >>>>   End train ranking function

train_ranking_functioning time = 3.213 ms


2019-05-04-04-04-40   >>>>   Start verify ranking function

ranking function :  - 0.4 *  x[3]^1.0 + 5.1 * 1

2019-05-04-04-04-40   >>>>   End verify ranking function

verifying time = 11.235 ms


Not Found Ranking Fcuntion

Conterexample is 

[0, 0, 0, 13]

sampling time = 1.345 ms


       ########################################         

iteration 16 with 144 examples

2019-05-04-04-04-40   >>>>   Start train ranking function

2019-05-04-04-04-40   >>>>   End train ranking function

train_ranking_functioning time = 2.954 ms


2019-05-04-04-04-40   >>>>   Start verify ranking function

ranking function :  - 0.4 *  x[3]^1.0 + 5.2 * 1

2019-05-04-04-04-40   >>>>   End verify ranking function

verifying time = 10.555 ms


Not Found Ranking Fcuntion

Conterexample is 

[0, 0, 0, 14]

sampling time = 1.340 ms


       ########################################         

iteration 17 with 146 examples

2019-05-04-04-04-40   >>>>   Start train ranking function

2019-05-04-04-04-40   >>>>   End train ranking function

train_ranking_functioning time = 2.977 ms


2019-05-04-04-04-40   >>>>   Start verify ranking function

ranking function :  - 0.3 *  x[3]^1.0 + 5.2 * 1

2019-05-04-04-04-40   >>>>   End verify ranking function

verifying time = 10.045 ms


Not Found Ranking Fcuntion

Conterexample is 

[0, 0, 0, 18]

sampling time = 1.341 ms


       ########################################         

iteration 18 with 148 examples

2019-05-04-04-04-40   >>>>   Start train ranking function

2019-05-04-04-04-40   >>>>   End train ranking function

train_ranking_functioning time = 2.944 ms


2019-05-04-04-04-40   >>>>   Start verify ranking function

ranking function :  - 0.3 *  x[3]^1.0 + 5.1 * 1

2019-05-04-04-04-40   >>>>   End verify ranking function

verifying time = 10.086 ms


Not Found Ranking Fcuntion

Conterexample is 

[0, 0, 0, 18]

sampling time = 1.365 ms


       ########################################         

iteration 19 with 150 examples

2019-05-04-04-04-40   >>>>   Start train ranking function

2019-05-04-04-04-40   >>>>   End train ranking function

train_ranking_functioning time = 2.960 ms


2019-05-04-04-04-40   >>>>   Start verify ranking function

ranking function :  - 0.3 *  x[3]^1.0 + 5.1 * 1

2019-05-04-04-04-40   >>>>   End verify ranking function

verifying time = 10.010 ms


Not Found Ranking Fcuntion

Conterexample is 

[0, 0, 0, 18]

sampling time = 1.339 ms


       ########################################         

iteration 20 with 152 examples

2019-05-04-04-04-40   >>>>   Start train ranking function

2019-05-04-04-04-40   >>>>   End train ranking function

train_ranking_functioning time = 2.844 ms


2019-05-04-04-04-40   >>>>   Start verify ranking function

[xi_2 = 0, xi_3 = -6, xi_1 = 0]
ranking function : 0.1 *  x[1]^1.0 - 0.3 *  x[3]^1.0 + 5.3 * 1

2019-05-04-04-04-40   >>>>   End verify ranking function

verifying time = 8.637 ms


Not Found Ranking Fcuntion

Conterexample is 

[0, 0, 0, -6]

sampling time = 1.390 ms


       ########################################         

iteration 21 with 154 examples

2019-05-04-04-04-40   >>>>   Start train ranking function

2019-05-04-04-04-40   >>>>   End train ranking function

train_ranking_functioning time = 3.051 ms


2019-05-04-04-04-40   >>>>   Start verify ranking function

ranking function :  - 0.3 *  x[3]^1.0 + 5.4 * 1

2019-05-04-04-04-40   >>>>   End verify ranking function

verifying time = 10.293 ms


Not Found Ranking Fcuntion

Conterexample is 

[0, 0, 0, 19]

sampling time = 1.387 ms


       ########################################         

iteration 22 with 156 examples

2019-05-04-04-04-40   >>>>   Start train ranking function

2019-05-04-04-04-40   >>>>   End train ranking function

train_ranking_functioning time = 3.121 ms


2019-05-04-04-04-40   >>>>   Start verify ranking function

ranking function :  - 0.3 *  x[3]^1.0 + 5.5 * 1

2019-05-04-04-04-40   >>>>   End verify ranking function

verifying time = 10.159 ms


Not Found Ranking Fcuntion

Conterexample is 

[0, 0, 0, 19]

sampling time = 1.361 ms


       ########################################         

iteration 23 with 158 examples

2019-05-04-04-04-40   >>>>   Start train ranking function

2019-05-04-04-04-40   >>>>   End train ranking function

train_ranking_functioning time = 3.094 ms


2019-05-04-04-04-40   >>>>   Start verify ranking function

ranking function :  - 0.3 *  x[3]^1.0 + 5.6 * 1

2019-05-04-04-04-40   >>>>   End verify ranking function

verifying time = 10.055 ms


Not Found Ranking Fcuntion

Conterexample is 

[0, 0, 0, 19]

sampling time = 1.372 ms


       ########################################         

iteration 24 with 160 examples

2019-05-04-04-04-40   >>>>   Start train ranking function

2019-05-04-04-04-40   >>>>   End train ranking function

train_ranking_functioning time = 3.133 ms


2019-05-04-04-04-40   >>>>   Start verify ranking function

ranking function :  - 0.3 *  x[3]^1.0 + 5.7 * 1

2019-05-04-04-04-40   >>>>   End verify ranking function

verifying time = 10.035 ms


Not Found Ranking Fcuntion

Conterexample is 

[0, 0, 0, 20]

sampling time = 1.357 ms


Failed to prove it is terminated

UNKNOWN
Time For Template 0 Is--->-484.463000 ms

------Using Template 1 -----------
3 [3]
*****************************************************

2019-05-04-04-04-40   >>>>   End sampling point

sampling time = 59.095 ms,


       ########################################         

iteration 0 with 112 examples

2019-05-04-04-04-40   >>>>   Start train ranking function

2019-05-04-04-04-40   >>>>   End train ranking function

train_ranking_functioning time = 3.672 ms


2019-05-04-04-04-40   >>>>   Start verify ranking function

[xi_1 = 0, xi_2 = -1, xi_3 = -1]
ranking function : 0.2 *  x[1]^-2.0 *  x[2]^-3.0 *  x[3]^1.0 - 0.5 *  x[0]^-2.0 *  x[2]^1.0

2019-05-04-04-04-40   >>>>   End verify ranking function

verifying time = 18.356 ms


Not Found Ranking Fcuntion

Conterexample is 

[0, 0, -1, -1]

sampling time = 0.934 ms


       ########################################         

iteration 1 with 114 examples

2019-05-04-04-04-40   >>>>   Start train ranking function

2019-05-04-04-04-40   >>>>   End train ranking function

train_ranking_functioning time = 3.823 ms


2019-05-04-04-04-40   >>>>   Start verify ranking function

[xi_1 = 0, xi_2 = -1, xi_3 = -1]
ranking function : 0.2 *  x[1]^-2.0 *  x[2]^-3.0 *  x[3]^1.0 - 0.5 *  x[0]^-2.0 *  x[2]^1.0

2019-05-04-04-04-40   >>>>   End verify ranking function

verifying time = 18.287 ms


Not Found Ranking Fcuntion

Conterexample is 

[0, 0, -1, -1]

sampling time = 0.935 ms


       ########################################         

iteration 2 with 116 examples

2019-05-04-04-04-40   >>>>   Start train ranking function

2019-05-04-04-04-40   >>>>   End train ranking function

train_ranking_functioning time = 3.785 ms


2019-05-04-04-04-40   >>>>   Start verify ranking function

[xi_1 = 0, xi_2 = -1, xi_3 = -1]
ranking function : 0.2 *  x[1]^-2.0 *  x[2]^-3.0 *  x[3]^1.0 - 0.5 *  x[0]^-2.0 *  x[2]^1.0

2019-05-04-04-04-40   >>>>   End verify ranking function

verifying time = 78.902 ms


Not Found Ranking Fcuntion

Conterexample is 

[0, 0, -1, -1]

sampling time = 0.982 ms


       ########################################         

iteration 3 with 118 examples

2019-05-04-04-04-40   >>>>   Start train ranking function

2019-05-04-04-04-40   >>>>   End train ranking function

train_ranking_functioning time = 3.918 ms


2019-05-04-04-04-40   >>>>   Start verify ranking function

[xi_1 = 0, xi_2 = -1, xi_3 = -1]
ranking function : 0.2 *  x[1]^-2.0 *  x[2]^-3.0 *  x[3]^1.0 - 0.5 *  x[0]^-2.0 *  x[2]^1.0

2019-05-04-04-04-41   >>>>   End verify ranking function

verifying time = 19.342 ms


Not Found Ranking Fcuntion

Conterexample is 

[0, 0, -1, -1]

sampling time = 0.943 ms


       ########################################         

iteration 4 with 120 examples

2019-05-04-04-04-41   >>>>   Start train ranking function

2019-05-04-04-04-41   >>>>   End train ranking function

train_ranking_functioning time = 4.372 ms


2019-05-04-04-04-41   >>>>   Start verify ranking function

[xi_1 = 0, xi_2 = -1, xi_3 = -1]
ranking function : 0.2 *  x[1]^-2.0 *  x[2]^-3.0 *  x[3]^1.0 - 0.5 *  x[0]^-2.0 *  x[2]^1.0

2019-05-04-04-04-41   >>>>   End verify ranking function

verifying time = 19.273 ms


Not Found Ranking Fcuntion

Conterexample is 

[0, 0, -1, -1]

sampling time = 0.946 ms


       ########################################         

iteration 5 with 122 examples

2019-05-04-04-04-41   >>>>   Start train ranking function

5
2019-05-04-04-04-41   >>>>   End train ranking function

train_ranking_functioning time = 4.158 ms


2019-05-04-04-04-41   >>>>   Start verify ranking function

[xi_1 = 0, xi_2 = -1, xi_3 = -1]
ranking function : 0.2 *  x[1]^-2.0 *  x[2]^-3.0 *  x[3]^1.0 - 0.5 *  x[0]^-2.0 *  x[2]^1.0

2019-05-04-04-04-41   >>>>   End verify ranking function

verifying time = 18.398 ms


Not Found Ranking Fcuntion

Conterexample is 

[0, 0, -1, -1]

sampling time = 0.939 ms


       ########################################         

iteration 6 with 124 examples

2019-05-04-04-04-41   >>>>   Start train ranking function

2019-05-04-04-04-41   >>>>   End train ranking function

train_ranking_functioning time = 4.087 ms


2019-05-04-04-04-41   >>>>   Start verify ranking function

[xi_2 = 0, xi_1 = 0]
ranking function : 

2019-05-04-04-04-41   >>>>   End verify ranking function

verifying time = 11.161 ms


Not Found Ranking Fcuntion

Conterexample is 

[0, 0, 0, 0]

sampling time = 0.943 ms


       ########################################         

iteration 7 with 126 examples

2019-05-04-04-04-41   >>>>   Start train ranking function

2019-05-04-04-04-41   >>>>   End train ranking function

train_ranking_functioning time = 4.062 ms


2019-05-04-04-04-41   >>>>   Start verify ranking function

[xi_2 = 0, xi_1 = 0]
ranking function : 

2019-05-04-04-04-41   >>>>   End verify ranking function

verifying time = 11.034 ms


Not Found Ranking Fcuntion

Conterexample is 

[0, 0, 0, 0]

sampling time = 0.977 ms


       ########################################         

iteration 8 with 128 examples

2019-05-04-04-04-41   >>>>   Start train ranking function

2019-05-04-04-04-41   >>>>   End train ranking function

train_ranking_functioning time = 4.045 ms


2019-05-04-04-04-41   >>>>   Start verify ranking function

[xi_2 = 0, xi_1 = 0]
ranking function : 

2019-05-04-04-04-41   >>>>   End verify ranking function

verifying time = 11.191 ms


Not Found Ranking Fcuntion

Conterexample is 

[0, 0, 0, 0]

sampling time = 0.926 ms


       ########################################         

iteration 9 with 130 examples

2019-05-04-04-04-41   >>>>   Start train ranking function

2019-05-04-04-04-41   >>>>   End train ranking function

train_ranking_functioning time = 4.128 ms


2019-05-04-04-04-41   >>>>   Start verify ranking function

[xi_2 = 0, xi_1 = 0]
ranking function : 

2019-05-04-04-04-41   >>>>   End verify ranking function

verifying time = 10.963 ms


Not Found Ranking Fcuntion

Conterexample is 

[0, 0, 0, 0]

sampling time = 0.930 ms


       ########################################         

iteration 10 with 132 examples

2019-05-04-04-04-41   >>>>   Start train ranking function

2019-05-04-04-04-41   >>>>   End train ranking function

train_ranking_functioning time = 4.165 ms


2019-05-04-04-04-41   >>>>   Start verify ranking function

[xi_2 = 0, xi_1 = 0]
ranking function : 

2019-05-04-04-04-41   >>>>   End verify ranking function

verifying time = 11.107 ms


Not Found Ranking Fcuntion

Conterexample is 

[0, 0, 0, 0]

sampling time = 0.931 ms


       ########################################         

iteration 11 with 134 examples

2019-05-04-04-04-41   >>>>   Start train ranking function

5
2019-05-04-04-04-41   >>>>   End train ranking function

train_ranking_functioning time = 4.219 ms


2019-05-04-04-04-41   >>>>   Start verify ranking function

[xi_2 = 0, xi_1 = 0]
ranking function : 

2019-05-04-04-04-41   >>>>   End verify ranking function

verifying time = 10.993 ms


Not Found Ranking Fcuntion

Conterexample is 

[0, 0, 0, 0]

sampling time = 0.933 ms


       ########################################         

iteration 12 with 136 examples

2019-05-04-04-04-41   >>>>   Start train ranking function

2019-05-04-04-04-41   >>>>   End train ranking function

train_ranking_functioning time = 4.264 ms


2019-05-04-04-04-41   >>>>   Start verify ranking function

[xi_1 = 0, xi_2 = -1, xi_3 = 1, xi_0 = -1]
ranking function :  - 0.0034 *  x[0]^-3.0 *  x[1]^1.0 *  x[2]^-2.0 *  x[3]^2.0 + 0.2317 *  x[1]^-2.0 *  x[2]^-3.0 *  x[3]^1.0 - 0.4899 *  x[0]^-2.0 *  x[2]^1.0

2019-05-04-04-04-41   >>>>   End verify ranking function

verifying time = 19.396 ms


Not Found Ranking Fcuntion

Conterexample is 

[-1, 0, -1, 1]

sampling time = 0.957 ms


       ########################################         

iteration 13 with 138 examples

2019-05-04-04-04-41   >>>>   Start train ranking function

2019-05-04-04-04-41   >>>>   End train ranking function

train_ranking_functioning time = 4.527 ms


2019-05-04-04-04-41   >>>>   Start verify ranking function

[xi_1 = 0, xi_2 = -1, xi_3 = 1, xi_0 = -1]
ranking function :  - 0.0033 *  x[0]^-3.0 *  x[1]^1.0 *  x[2]^-2.0 *  x[3]^2.0 + 0.2475 *  x[1]^-2.0 *  x[2]^-3.0 *  x[3]^1.0 - 0.5104 *  x[0]^-2.0 *  x[2]^1.0

2019-05-04-04-04-41   >>>>   End verify ranking function

verifying time = 19.406 ms


Not Found Ranking Fcuntion

Conterexample is 

[-1, 0, -1, 1]

sampling time = 1.000 ms


       ########################################         

iteration 14 with 140 examples

2019-05-04-04-04-41   >>>>   Start train ranking function

2019-05-04-04-04-41   >>>>   End train ranking function

train_ranking_functioning time = 4.616 ms


2019-05-04-04-04-41   >>>>   Start verify ranking function

[xi_1 = 0, xi_2 = -1, xi_3 = 1, xi_0 = -1]
ranking function :  - 0.0029 *  x[0]^-3.0 *  x[1]^1.0 *  x[2]^-2.0 *  x[3]^2.0 + 0.2519 *  x[1]^-2.0 *  x[2]^-3.0 *  x[3]^1.0 - 0.528 *  x[0]^-2.0 *  x[2]^1.0

2019-05-04-04-04-41   >>>>   End verify ranking function

verifying time = 19.663 ms


Not Found Ranking Fcuntion

Conterexample is 

[-1, 0, -1, 1]

sampling time = 0.962 ms


       ########################################         

iteration 15 with 142 examples

2019-05-04-04-04-41   >>>>   Start train ranking function

2019-05-04-04-04-41   >>>>   End train ranking function

train_ranking_functioning time = 4.571 ms


2019-05-04-04-04-41   >>>>   Start verify ranking function

[xi_1 = 0, xi_2 = -1, xi_3 = 1, xi_0 = -1]
ranking function :  - 0.0044 *  x[0]^-3.0 *  x[1]^1.0 *  x[2]^-2.0 *  x[3]^2.0 + 0.2529 *  x[1]^-2.0 *  x[2]^-3.0 *  x[3]^1.0 - 0.5458 *  x[0]^-2.0 *  x[2]^1.0

2019-05-04-04-04-41   >>>>   End verify ranking function

verifying time = 19.899 ms


Not Found Ranking Fcuntion

Conterexample is 

[-1, 0, -1, 1]

sampling time = 0.962 ms


       ########################################         

iteration 16 with 144 examples

2019-05-04-04-04-41   >>>>   Start train ranking function

2019-05-04-04-04-41   >>>>   End train ranking function

train_ranking_functioning time = 4.584 ms


2019-05-04-04-04-41   >>>>   Start verify ranking function

[xi_1 = 0, xi_2 = -1, xi_3 = 1, xi_0 = -1]
ranking function :  - 0.0096 *  x[0]^-3.0 *  x[1]^1.0 *  x[2]^-2.0 *  x[3]^2.0 + 0.2466 *  x[1]^-2.0 *  x[2]^-3.0 *  x[3]^1.0 - 0.5621 *  x[0]^-2.0 *  x[2]^1.0

2019-05-04-04-04-41   >>>>   End verify ranking function

verifying time = 19.612 ms


Not Found Ranking Fcuntion

Conterexample is 

[-1, 0, -1, 1]

sampling time = 1.000 ms


       ########################################         

iteration 17 with 146 examples

2019-05-04-04-04-41   >>>>   Start train ranking function

2019-05-04-04-04-41   >>>>   End train ranking function

train_ranking_functioning time = 4.755 ms


2019-05-04-04-04-41   >>>>   Start verify ranking function

[xi_1 = 0, xi_2 = -1, xi_3 = 1, xi_0 = -1]
ranking function :  - 0.0079 *  x[0]^-3.0 *  x[1]^1.0 *  x[2]^-2.0 *  x[3]^2.0 + 0.261 *  x[1]^-2.0 *  x[2]^-3.0 *  x[3]^1.0 - 0.5765 *  x[0]^-2.0 *  x[2]^1.0

2019-05-04-04-04-41   >>>>   End verify ranking function

verifying time = 19.573 ms


Not Found Ranking Fcuntion

Conterexample is 

[-1, 0, -1, 1]

sampling time = 1.112 ms


       ########################################         

iteration 18 with 148 examples

2019-05-04-04-04-41   >>>>   Start train ranking function

2019-05-04-04-04-41   >>>>   End train ranking function

train_ranking_functioning time = 5.171 ms


2019-05-04-04-04-41   >>>>   Start verify ranking function

[xi_1 = 0, xi_2 = -1, xi_3 = 1, xi_0 = -1]
ranking function : 0.0119 *  x[0]^-3.0 *  x[1]^1.0 *  x[2]^-2.0 *  x[3]^2.0 + 0.2747 *  x[1]^-2.0 *  x[2]^-3.0 *  x[3]^1.0 - 0.5903 *  x[0]^-2.0 *  x[2]^1.0

2019-05-04-04-04-41   >>>>   End verify ranking function

verifying time = 20.703 ms


Not Found Ranking Fcuntion

Conterexample is 

[-1, 0, -1, 1]

sampling time = 1.012 ms


       ########################################         

iteration 19 with 150 examples

2019-05-04-04-04-41   >>>>   Start train ranking function

2019-05-04-04-04-41   >>>>   End train ranking function

train_ranking_functioning time = 4.970 ms


2019-05-04-04-04-41   >>>>   Start verify ranking function

[xi_1 = 0, xi_2 = -1, xi_3 = 1, xi_0 = -1]
ranking function :  - 0.0061 *  x[0]^-3.0 *  x[1]^1.0 *  x[2]^-2.0 *  x[3]^2.0 + 0.262 *  x[1]^-2.0 *  x[2]^-3.0 *  x[3]^1.0 - 0.6033 *  x[0]^-2.0 *  x[2]^1.0

2019-05-04-04-04-41   >>>>   End verify ranking function

verifying time = 19.562 ms


Not Found Ranking Fcuntion

Conterexample is 

[-1, 0, -1, 1]

sampling time = 0.992 ms


       ########################################         

iteration 20 with 152 examples

2019-05-04-04-04-41   >>>>   Start train ranking function

2019-05-04-04-04-41   >>>>   End train ranking function

train_ranking_functioning time = 4.891 ms


2019-05-04-04-04-41   >>>>   Start verify ranking function

[xi_1 = 0, xi_2 = -1, xi_3 = 1, xi_0 = -1]
ranking function :  - 0.0093 *  x[0]^-3.0 *  x[1]^1.0 *  x[2]^-2.0 *  x[3]^2.0 + 0.2647 *  x[1]^-2.0 *  x[2]^-3.0 *  x[3]^1.0 - 0.6156 *  x[0]^-2.0 *  x[2]^1.0

2019-05-04-04-04-41   >>>>   End verify ranking function

verifying time = 19.620 ms


Not Found Ranking Fcuntion

Conterexample is 

[-1, 0, -1, 1]

sampling time = 0.987 ms


       ########################################         

iteration 21 with 154 examples

2019-05-04-04-04-41   >>>>   Start train ranking function

2019-05-04-04-04-41   >>>>   End train ranking function

train_ranking_functioning time = 4.832 ms


2019-05-04-04-04-41   >>>>   Start verify ranking function

[xi_1 = 0, xi_2 = -1, xi_3 = 1, xi_0 = -1]
ranking function :  - 0.0082 *  x[0]^-3.0 *  x[1]^1.0 *  x[2]^-2.0 *  x[3]^2.0 + 0.2617 *  x[1]^-2.0 *  x[2]^-3.0 *  x[3]^1.0 - 0.6269 *  x[0]^-2.0 *  x[2]^1.0

2019-05-04-04-04-41   >>>>   End verify ranking function

verifying time = 19.515 ms


Not Found Ranking Fcuntion

Conterexample is 

[-1, 0, -1, 1]

sampling time = 0.966 ms


       ########################################         

iteration 22 with 156 examples

2019-05-04-04-04-41   >>>>   Start train ranking function

2019-05-04-04-04-41   >>>>   End train ranking function

train_ranking_functioning time = 4.990 ms


2019-05-04-04-04-41   >>>>   Start verify ranking function

[xi_1 = 0, xi_2 = -1, xi_3 = 1, xi_0 = -1]
ranking function :  - 0.0087 *  x[0]^-3.0 *  x[1]^1.0 *  x[2]^-2.0 *  x[3]^2.0 + 0.2632 *  x[1]^-2.0 *  x[2]^-3.0 *  x[3]^1.0 - 0.6372 *  x[0]^-2.0 *  x[2]^1.0

2019-05-04-04-04-41   >>>>   End verify ranking function

verifying time = 19.551 ms


Not Found Ranking Fcuntion

Conterexample is 

[-1, 0, -1, 1]

sampling time = 0.954 ms


       ########################################         

iteration 23 with 158 examples

2019-05-04-04-04-41   >>>>   Start train ranking function

2019-05-04-04-04-41   >>>>   End train ranking function

train_ranking_functioning time = 5.065 ms


2019-05-04-04-04-41   >>>>   Start verify ranking function

[xi_1 = 0, xi_2 = -1, xi_3 = 1, xi_0 = -1]
ranking function :  - 0.011 *  x[0]^-3.0 *  x[1]^1.0 *  x[2]^-2.0 *  x[3]^2.0 + 0.2696 *  x[1]^-2.0 *  x[2]^-3.0 *  x[3]^1.0 - 0.647 *  x[0]^-2.0 *  x[2]^1.0

2019-05-04-04-04-41   >>>>   End verify ranking function

verifying time = 19.536 ms


Not Found Ranking Fcuntion

Conterexample is 

[-1, 0, -1, 1]

sampling time = 0.965 ms


       ########################################         

iteration 24 with 160 examples

2019-05-04-04-04-41   >>>>   Start train ranking function

2019-05-04-04-04-41   >>>>   End train ranking function

train_ranking_functioning time = 5.172 ms


2019-05-04-04-04-41   >>>>   Start verify ranking function

[xi_1 = 0, xi_2 = -1, xi_3 = 1, xi_0 = -1]
ranking function :  - 0.0119 *  x[0]^-3.0 *  x[1]^1.0 *  x[2]^-2.0 *  x[3]^2.0 + 0.2682 *  x[1]^-2.0 *  x[2]^-3.0 *  x[3]^1.0 - 0.6576 *  x[0]^-2.0 *  x[2]^1.0

2019-05-04-04-04-41   >>>>   End verify ranking function

verifying time = 19.497 ms


Not Found Ranking Fcuntion

Conterexample is 

[-1, 0, -1, 1]

sampling time = 1.021 ms


Failed to prove it is terminated

UNKNOWN
Time For Template 1 Is--->-724.177000 ms

------Using Template 2 -----------
15 [5, 5, 5]
*****************************************************

2019-05-04-04-04-41   >>>>   End sampling point

sampling time = 225.132 ms,


       ########################################         

iteration 0 with 224 examples

2019-05-04-04-04-41   >>>>   Start train ranking function

2019-05-04-04-04-41   >>>>   End train ranking function

train_ranking_functioning time = 0.966 ms


2019-05-04-04-04-41   >>>>   Start verify ranking function

[xi_2 = 0, xi_3 = 7, xi_1 = 0]
ranking function :  - 0.5 *  x[3]^1.0 + 0.5 * 1; 0.3 *  x[1]^1.0 - 0.2 *  x[2]^1.0 - 0.4 *  x[3]^1.0 + 0.6 * 1; 0.3 *  x[1]^1.0 - 0.3 *  x[2]^1.0 - 0.2 *  x[3]^1.0 + 1.1 * 1

2019-05-04-04-04-41   >>>>   End verify ranking function

verifying time = 13.772 ms


Not Found Ranking Fcuntion

Conterexample is 

[0, 0, 0, 7]

sampling time = 3.910 ms


       ########################################         

iteration 1 with 228 examples

2019-05-04-04-04-41   >>>>   Start train ranking function

2019-05-04-04-04-41   >>>>   End train ranking function

train_ranking_functioning time = 2.461 ms


2019-05-04-04-04-41   >>>>   Start verify ranking function

valid ranking function
ranking function :  - 0.5 *  x[3]^1.0 + 0.4 * 1; 0.5 *  x[1]^1.0 - 0.5 *  x[2]^1.0 - 0.3 *  x[3]^1.0 + 1.0 * 1; 0.3 *  x[1]^1.0 - 0.3 *  x[2]^1.0 + 1.0 * 1

2019-05-04-04-04-41   >>>>   End verify ranking function

verifying time = 19.741 ms


Found Ranking Fcuntion:  - 0.5 *  x[3]^1.0 + 0.4 * 1; 0.5 *  x[1]^1.0 - 0.5 *  x[2]^1.0 - 0.3 *  x[3]^1.0 + 1.0 * 1; 0.3 *  x[1]^1.0 - 0.3 *  x[2]^1.0 + 1.0 * 1

 - 0.5 *  x[3]^1.0 + 0.4 * 1; 0.5 *  x[1]^1.0 - 0.5 *  x[2]^1.0 - 0.3 *  x[3]^1.0 + 1.0 * 1; 0.3 *  x[1]^1.0 - 0.3 *  x[2]^1.0 + 1.0 * 1
FINITE
Time For Template 2 Is--->-288.397000 ms

Time For ../Program_non/73.bpl Is ---> 1648.166000 ms

