------Using Template 0 -----------
3 [3]
*****************************************************

2019-05-04-04-34-43   >>>>   End sampling point

sampling time = 89.029 ms,


       ########################################         

iteration 0 with 245 examples

2019-05-04-04-34-43   >>>>   Start train ranking function

2019-05-04-04-34-43   >>>>   End train ranking function

train_ranking_functioning time = 0.084 ms


2019-05-04-04-34-43   >>>>   Start verify ranking function

[]
ranking function : 0.3 *  x[0]^1.0 + 0.3 *  x[1]^1.0 + 0.7 * 1

2019-05-04-04-34-43   >>>>   End verify ranking function

verifying time = 6.594 ms


Not Found Ranking Fcuntion

Conterexample is 

[0, 0]

sampling time = 0.715 ms


       ########################################         

iteration 1 with 247 examples

2019-05-04-04-34-43   >>>>   Start train ranking function

2019-05-04-04-34-43   >>>>   End train ranking function

train_ranking_functioning time = 0.060 ms


2019-05-04-04-34-43   >>>>   Start verify ranking function

[]
ranking function : 0.9 *  x[0]^1.0 + 1.0 *  x[1]^1.0 + 0.7 * 1

2019-05-04-04-34-43   >>>>   End verify ranking function

verifying time = 6.516 ms


Not Found Ranking Fcuntion

Conterexample is 

[0, 0]

sampling time = 0.698 ms


       ########################################         

iteration 2 with 249 examples

2019-05-04-04-34-43   >>>>   Start train ranking function

2019-05-04-04-34-43   >>>>   End train ranking function

train_ranking_functioning time = 0.059 ms


2019-05-04-04-34-43   >>>>   Start verify ranking function

[]
ranking function : 0.6 *  x[0]^1.0 + 0.3 *  x[1]^1.0 + 0.6 * 1

2019-05-04-04-34-43   >>>>   End verify ranking function

verifying time = 6.461 ms


Not Found Ranking Fcuntion

Conterexample is 

[0, 0]

sampling time = 0.705 ms


       ########################################         

iteration 3 with 251 examples

2019-05-04-04-34-43   >>>>   Start train ranking function

2019-05-04-04-34-43   >>>>   End train ranking function

train_ranking_functioning time = 0.060 ms


2019-05-04-04-34-43   >>>>   Start verify ranking function

[]
ranking function : 0.3 *  x[0]^1.0 + 0.6 *  x[1]^1.0 + 0.6 * 1

2019-05-04-04-34-43   >>>>   End verify ranking function

verifying time = 6.374 ms


Not Found Ranking Fcuntion

Conterexample is 

[0, 0]

sampling time = 0.700 ms


       ########################################         

iteration 4 with 253 examples

2019-05-04-04-34-43   >>>>   Start train ranking function

2019-05-04-04-34-43   >>>>   End train ranking function

train_ranking_functioning time = 0.059 ms


2019-05-04-04-34-43   >>>>   Start verify ranking function

[]
ranking function : 0.3 *  x[0]^1.0 + 0.2 *  x[1]^1.0 + 0.5 * 1

2019-05-04-04-34-43   >>>>   End verify ranking function

verifying time = 6.547 ms


Not Found Ranking Fcuntion

Conterexample is 

[0, 0]

sampling time = 0.747 ms


       ########################################         

iteration 5 with 255 examples

2019-05-04-04-34-43   >>>>   Start train ranking function

2019-05-04-04-34-43   >>>>   End train ranking function

train_ranking_functioning time = 0.062 ms


2019-05-04-04-34-43   >>>>   Start verify ranking function

[]
ranking function : 0.5 *  x[0]^1.0 + 0.3 *  x[1]^1.0 + 1.0 * 1

2019-05-04-04-34-43   >>>>   End verify ranking function

verifying time = 6.520 ms


Not Found Ranking Fcuntion

Conterexample is 

[0, 0]

sampling time = 0.741 ms


       ########################################         

iteration 6 with 257 examples

2019-05-04-04-34-43   >>>>   Start train ranking function

2019-05-04-04-34-43   >>>>   End train ranking function

train_ranking_functioning time = 0.060 ms


2019-05-04-04-34-43   >>>>   Start verify ranking function

[]
ranking function : 0.6 *  x[0]^1.0 + 0.6 * 1

2019-05-04-04-34-43   >>>>   End verify ranking function

verifying time = 6.509 ms


Not Found Ranking Fcuntion

Conterexample is 

[0, 0]

sampling time = 0.715 ms


       ########################################         

iteration 7 with 259 examples

2019-05-04-04-34-43   >>>>   Start train ranking function

2019-05-04-04-34-43   >>>>   End train ranking function

train_ranking_functioning time = 0.059 ms


2019-05-04-04-34-43   >>>>   Start verify ranking function

[]
ranking function : 0.6 *  x[0]^1.0 + 0.1 *  x[1]^1.0 + 0.3 * 1

2019-05-04-04-34-43   >>>>   End verify ranking function

verifying time = 6.514 ms


Not Found Ranking Fcuntion

Conterexample is 

[0, 0]

sampling time = 0.702 ms


       ########################################         

iteration 8 with 261 examples

2019-05-04-04-34-43   >>>>   Start train ranking function

2019-05-04-04-34-43   >>>>   End train ranking function

train_ranking_functioning time = 0.059 ms


2019-05-04-04-34-43   >>>>   Start verify ranking function

[]
ranking function : 0.9 *  x[0]^1.0 + 0.4 *  x[1]^1.0

2019-05-04-04-34-43   >>>>   End verify ranking function

verifying time = 6.546 ms


Not Found Ranking Fcuntion

Conterexample is 

[0, 0]

sampling time = 0.700 ms


       ########################################         

iteration 9 with 263 examples

2019-05-04-04-34-43   >>>>   Start train ranking function

2019-05-04-04-34-43   >>>>   End train ranking function

train_ranking_functioning time = 0.061 ms


2019-05-04-04-34-43   >>>>   Start verify ranking function

[]
ranking function : 0.2 *  x[0]^1.0 + 0.2 *  x[1]^1.0 + 0.8 * 1

2019-05-04-04-34-43   >>>>   End verify ranking function

verifying time = 6.491 ms


Not Found Ranking Fcuntion

Conterexample is 

[0, 0]

sampling time = 0.692 ms


       ########################################         

iteration 10 with 265 examples

2019-05-04-04-34-43   >>>>   Start train ranking function

2019-05-04-04-34-43   >>>>   End train ranking function

train_ranking_functioning time = 0.059 ms


2019-05-04-04-34-43   >>>>   Start verify ranking function

[]
ranking function : 1.0 *  x[0]^1.0 + 0.3 *  x[1]^1.0 + 0.2 * 1

2019-05-04-04-34-43   >>>>   End verify ranking function

verifying time = 6.476 ms


Not Found Ranking Fcuntion

Conterexample is 

[0, 0]

sampling time = 0.791 ms


       ########################################         

iteration 11 with 267 examples

2019-05-04-04-34-43   >>>>   Start train ranking function

2019-05-04-04-34-43   >>>>   End train ranking function

train_ranking_functioning time = 0.060 ms


2019-05-04-04-34-43   >>>>   Start verify ranking function

[]
ranking function : 0.5 *  x[0]^1.0 + 0.1 *  x[1]^1.0 + 0.2 * 1

2019-05-04-04-34-43   >>>>   End verify ranking function

verifying time = 6.401 ms


Not Found Ranking Fcuntion

Conterexample is 

[0, 0]

sampling time = 0.697 ms


       ########################################         

iteration 12 with 269 examples

2019-05-04-04-34-43   >>>>   Start train ranking function

2019-05-04-04-34-43   >>>>   End train ranking function

train_ranking_functioning time = 0.060 ms


2019-05-04-04-34-43   >>>>   Start verify ranking function

[]
ranking function : 0.5 * 1

2019-05-04-04-34-43   >>>>   End verify ranking function

verifying time = 6.458 ms


Not Found Ranking Fcuntion

Conterexample is 

[0, 0]

sampling time = 0.712 ms


       ########################################         

iteration 13 with 271 examples

2019-05-04-04-34-43   >>>>   Start train ranking function

2019-05-04-04-34-43   >>>>   End train ranking function

train_ranking_functioning time = 0.059 ms


2019-05-04-04-34-43   >>>>   Start verify ranking function

[]
ranking function : 0.2 *  x[0]^1.0 + 0.8 *  x[1]^1.0 + 0.7 * 1

2019-05-04-04-34-43   >>>>   End verify ranking function

verifying time = 6.506 ms


Not Found Ranking Fcuntion

Conterexample is 

[0, 0]

sampling time = 0.702 ms


       ########################################         

iteration 14 with 273 examples

2019-05-04-04-34-43   >>>>   Start train ranking function

2019-05-04-04-34-43   >>>>   End train ranking function

train_ranking_functioning time = 0.060 ms


2019-05-04-04-34-43   >>>>   Start verify ranking function

[]
ranking function : 0.7 *  x[0]^1.0 + 0.3 *  x[1]^1.0 + 0.9 * 1

2019-05-04-04-34-43   >>>>   End verify ranking function

verifying time = 6.494 ms


Not Found Ranking Fcuntion

Conterexample is 

[0, 0]

sampling time = 0.852 ms


       ########################################         

iteration 15 with 275 examples

2019-05-04-04-34-43   >>>>   Start train ranking function

2019-05-04-04-34-43   >>>>   End train ranking function

train_ranking_functioning time = 0.061 ms


2019-05-04-04-34-43   >>>>   Start verify ranking function

[]
ranking function : 0.2 *  x[1]^1.0 + 0.6 * 1

2019-05-04-04-34-43   >>>>   End verify ranking function

verifying time = 6.564 ms


Not Found Ranking Fcuntion

Conterexample is 

[0, 0]

sampling time = 0.707 ms


       ########################################         

iteration 16 with 277 examples

2019-05-04-04-34-43   >>>>   Start train ranking function

2019-05-04-04-34-43   >>>>   End train ranking function

train_ranking_functioning time = 0.060 ms


2019-05-04-04-34-43   >>>>   Start verify ranking function

[]
ranking function : 0.4 *  x[0]^1.0 + 0.4 *  x[1]^1.0 + 0.7 * 1

2019-05-04-04-34-43   >>>>   End verify ranking function

verifying time = 7.109 ms


Not Found Ranking Fcuntion

Conterexample is 

[0, 0]

sampling time = 0.723 ms


       ########################################         

iteration 17 with 279 examples

2019-05-04-04-34-43   >>>>   Start train ranking function

2019-05-04-04-34-43   >>>>   End train ranking function

train_ranking_functioning time = 0.066 ms


2019-05-04-04-34-43   >>>>   Start verify ranking function

[]
ranking function : 0.6 *  x[0]^1.0 + 0.3 *  x[1]^1.0 + 0.1 * 1

2019-05-04-04-34-43   >>>>   End verify ranking function

verifying time = 6.612 ms


Not Found Ranking Fcuntion

Conterexample is 

[0, 0]

sampling time = 0.885 ms


       ########################################         

iteration 18 with 281 examples

2019-05-04-04-34-43   >>>>   Start train ranking function

2019-05-04-04-34-43   >>>>   End train ranking function

train_ranking_functioning time = 0.066 ms


2019-05-04-04-34-43   >>>>   Start verify ranking function

[]
ranking function : 0.4 *  x[0]^1.0 + 0.7 *  x[1]^1.0 + 0.3 * 1

2019-05-04-04-34-43   >>>>   End verify ranking function

verifying time = 6.880 ms


Not Found Ranking Fcuntion

Conterexample is 

[0, 0]

sampling time = 0.709 ms


       ########################################         

iteration 19 with 283 examples

2019-05-04-04-34-43   >>>>   Start train ranking function

2019-05-04-04-34-43   >>>>   End train ranking function

train_ranking_functioning time = 0.063 ms


2019-05-04-04-34-43   >>>>   Start verify ranking function

[]
ranking function : 0.9 *  x[0]^1.0 + 0.5 *  x[1]^1.0 + 0.3 * 1

2019-05-04-04-34-43   >>>>   End verify ranking function

verifying time = 6.573 ms


Not Found Ranking Fcuntion

Conterexample is 

[0, 0]

sampling time = 0.708 ms


       ########################################         

iteration 20 with 285 examples

2019-05-04-04-34-43   >>>>   Start train ranking function

2019-05-04-04-34-43   >>>>   End train ranking function

train_ranking_functioning time = 0.060 ms


2019-05-04-04-34-43   >>>>   Start verify ranking function

[]
ranking function : 0.9 *  x[0]^1.0 + 0.1 *  x[1]^1.0 + 0.4 * 1

2019-05-04-04-34-43   >>>>   End verify ranking function

verifying time = 6.696 ms


Not Found Ranking Fcuntion

Conterexample is 

[0, 0]

sampling time = 0.696 ms


       ########################################         

iteration 21 with 287 examples

2019-05-04-04-34-43   >>>>   Start train ranking function

2019-05-04-04-34-43   >>>>   End train ranking function

train_ranking_functioning time = 0.061 ms


2019-05-04-04-34-43   >>>>   Start verify ranking function

[]
ranking function : 0.8 *  x[0]^1.0 + 1.0 *  x[1]^1.0 + 0.5 * 1

2019-05-04-04-34-43   >>>>   End verify ranking function

verifying time = 6.507 ms


Not Found Ranking Fcuntion

Conterexample is 

[0, 0]

sampling time = 0.728 ms


       ########################################         

iteration 22 with 289 examples

2019-05-04-04-34-43   >>>>   Start train ranking function

2019-05-04-04-34-43   >>>>   End train ranking function

train_ranking_functioning time = 0.060 ms


2019-05-04-04-34-43   >>>>   Start verify ranking function

[]
ranking function : 0.7 *  x[0]^1.0 + 0.3 *  x[1]^1.0 + 0.7 * 1

2019-05-04-04-34-43   >>>>   End verify ranking function

verifying time = 6.525 ms


Not Found Ranking Fcuntion

Conterexample is 

[0, 0]

sampling time = 0.693 ms


       ########################################         

iteration 23 with 291 examples

2019-05-04-04-34-43   >>>>   Start train ranking function

2019-05-04-04-34-43   >>>>   End train ranking function

train_ranking_functioning time = 0.060 ms


2019-05-04-04-34-43   >>>>   Start verify ranking function

[]
ranking function : 0.3 *  x[0]^1.0 + 1.0 *  x[1]^1.0 + 0.6 * 1

2019-05-04-04-34-43   >>>>   End verify ranking function

verifying time = 6.576 ms


Not Found Ranking Fcuntion

Conterexample is 

[0, 0]

sampling time = 0.696 ms


       ########################################         

iteration 24 with 293 examples

2019-05-04-04-34-43   >>>>   Start train ranking function

2019-05-04-04-34-43   >>>>   End train ranking function

train_ranking_functioning time = 0.061 ms


2019-05-04-04-34-43   >>>>   Start verify ranking function

[]
ranking function : 0.6 *  x[0]^1.0 + 0.2 *  x[1]^1.0 + 0.8 * 1

2019-05-04-04-34-43   >>>>   End verify ranking function

verifying time = 6.488 ms


Not Found Ranking Fcuntion

Conterexample is 

[0, 0]

sampling time = 0.786 ms


Failed to prove it is terminated

UNKNOWN
Time For Template 0 Is--->-318.580000 ms

------Using Template 1 -----------
2 [2]
*****************************************************

2019-05-04-04-34-43   >>>>   End sampling point

sampling time = 63.360 ms,


       ########################################         

iteration 0 with 245 examples

2019-05-04-04-34-43   >>>>   Start train ranking function

2019-05-04-04-34-43   >>>>   End train ranking function

train_ranking_functioning time = 0.075 ms


2019-05-04-04-34-43   >>>>   Start verify ranking function

[xi_1 = 1, xi_0 = 1]
ranking function : 0.3 * 1 + 0.9 *  x[0]^-0.5 *  x[1]^3.0

2019-05-04-04-34-43   >>>>   End verify ranking function

verifying time = 13.757 ms


Not Found Ranking Fcuntion

Conterexample is 

[1, 1]

sampling time = 0.517 ms


       ########################################         

iteration 1 with 247 examples

2019-05-04-04-34-43   >>>>   Start train ranking function

2019-05-04-04-34-43   >>>>   End train ranking function

train_ranking_functioning time = 0.061 ms


2019-05-04-04-34-43   >>>>   Start verify ranking function

[xi_1 = 1, xi_0 = 1]
ranking function : 0.9 * 1 + 0.3 *  x[0]^-0.5 *  x[1]^3.0

2019-05-04-04-34-43   >>>>   End verify ranking function

verifying time = 13.727 ms


Not Found Ranking Fcuntion

Conterexample is 

[1, 1]

sampling time = 0.566 ms


       ########################################         

iteration 2 with 249 examples

2019-05-04-04-34-43   >>>>   Start train ranking function

2019-05-04-04-34-43   >>>>   End train ranking function

train_ranking_functioning time = 0.062 ms


2019-05-04-04-34-43   >>>>   Start verify ranking function

[xi_1 = 1, xi_0 = 1]
ranking function : 1.0 * 1 + 0.4 *  x[0]^-0.5 *  x[1]^3.0

2019-05-04-04-34-43   >>>>   End verify ranking function

verifying time = 13.257 ms


Not Found Ranking Fcuntion

Conterexample is 

[1, 1]

sampling time = 0.506 ms


       ########################################         

iteration 3 with 251 examples

2019-05-04-04-34-43   >>>>   Start train ranking function

2019-05-04-04-34-43   >>>>   End train ranking function

train_ranking_functioning time = 0.061 ms


2019-05-04-04-34-43   >>>>   Start verify ranking function

[xi_1 = 1, xi_0 = 1]
ranking function : 0.3 * 1 + 0.3 *  x[0]^-0.5 *  x[1]^3.0

2019-05-04-04-34-43   >>>>   End verify ranking function

verifying time = 13.284 ms


Not Found Ranking Fcuntion

Conterexample is 

[1, 1]

sampling time = 0.509 ms


       ########################################         

iteration 4 with 253 examples

2019-05-04-04-34-43   >>>>   Start train ranking function

2019-05-04-04-34-43   >>>>   End train ranking function

train_ranking_functioning time = 0.061 ms


2019-05-04-04-34-43   >>>>   Start verify ranking function

[xi_1 = 1, xi_0 = 1]
ranking function : 0.8 *  x[0]^-0.5 *  x[1]^3.0

2019-05-04-04-34-43   >>>>   End verify ranking function

verifying time = 13.498 ms


Not Found Ranking Fcuntion

Conterexample is 

[1, 1]

sampling time = 0.579 ms


       ########################################         

iteration 5 with 255 examples

2019-05-04-04-34-43   >>>>   Start train ranking function

2019-05-04-04-34-43   >>>>   End train ranking function

train_ranking_functioning time = 0.062 ms


2019-05-04-04-34-43   >>>>   Start verify ranking function

[xi_1 = 1, xi_0 = 1]
ranking function : 0.3 * 1 + 1.0 *  x[0]^-0.5 *  x[1]^3.0

2019-05-04-04-34-43   >>>>   End verify ranking function

verifying time = 13.525 ms


Not Found Ranking Fcuntion

Conterexample is 

[1, 1]

sampling time = 0.511 ms


       ########################################         

iteration 6 with 257 examples

2019-05-04-04-34-43   >>>>   Start train ranking function

2019-05-04-04-34-43   >>>>   End train ranking function

train_ranking_functioning time = 0.061 ms


2019-05-04-04-34-43   >>>>   Start verify ranking function

[xi_1 = 1, xi_0 = 1]
ranking function : 0.3 * 1 + 0.1 *  x[0]^-0.5 *  x[1]^3.0

2019-05-04-04-34-43   >>>>   End verify ranking function

verifying time = 13.295 ms


Not Found Ranking Fcuntion

Conterexample is 

[1, 1]

sampling time = 0.618 ms


       ########################################         

iteration 7 with 259 examples

2019-05-04-04-34-43   >>>>   Start train ranking function

2019-05-04-04-34-43   >>>>   End train ranking function

train_ranking_functioning time = 0.062 ms


2019-05-04-04-34-43   >>>>   Start verify ranking function

[xi_1 = 1, xi_0 = 1]
ranking function : 0.6 * 1 + 0.5 *  x[0]^-0.5 *  x[1]^3.0

2019-05-04-04-34-43   >>>>   End verify ranking function

verifying time = 13.175 ms


Not Found Ranking Fcuntion

Conterexample is 

[1, 1]

sampling time = 0.516 ms


       ########################################         

iteration 8 with 261 examples

2019-05-04-04-34-43   >>>>   Start train ranking function

2019-05-04-04-34-43   >>>>   End train ranking function

train_ranking_functioning time = 0.062 ms


2019-05-04-04-34-43   >>>>   Start verify ranking function

[xi_1 = 1, xi_0 = 1]
ranking function : 0.7 * 1 + 0.7 *  x[0]^-0.5 *  x[1]^3.0

2019-05-04-04-34-43   >>>>   End verify ranking function

verifying time = 13.175 ms


Not Found Ranking Fcuntion

Conterexample is 

[1, 1]

sampling time = 0.509 ms


       ########################################         

iteration 9 with 263 examples

2019-05-04-04-34-43   >>>>   Start train ranking function

2019-05-04-04-34-43   >>>>   End train ranking function

train_ranking_functioning time = 0.061 ms


2019-05-04-04-34-43   >>>>   Start verify ranking function

[xi_1 = 1, xi_0 = 1]
ranking function : 0.2 * 1 + 0.3 *  x[0]^-0.5 *  x[1]^3.0

2019-05-04-04-34-43   >>>>   End verify ranking function

verifying time = 13.326 ms


Not Found Ranking Fcuntion

Conterexample is 

[1, 1]

sampling time = 0.514 ms


       ########################################         

iteration 10 with 265 examples

2019-05-04-04-34-43   >>>>   Start train ranking function

2019-05-04-04-34-43   >>>>   End train ranking function

train_ranking_functioning time = 0.061 ms


2019-05-04-04-34-43   >>>>   Start verify ranking function

[xi_1 = 1, xi_0 = 1]
ranking function : 0.4 * 1 + 0.6 *  x[0]^-0.5 *  x[1]^3.0

2019-05-04-04-34-43   >>>>   End verify ranking function

verifying time = 13.160 ms


Not Found Ranking Fcuntion

Conterexample is 

[1, 1]

sampling time = 0.598 ms


       ########################################         

iteration 11 with 267 examples

2019-05-04-04-34-43   >>>>   Start train ranking function

2019-05-04-04-34-43   >>>>   End train ranking function

train_ranking_functioning time = 0.062 ms


2019-05-04-04-34-43   >>>>   Start verify ranking function

[xi_1 = 1, xi_0 = 1]
ranking function : 0.9 * 1 + 0.5 *  x[0]^-0.5 *  x[1]^3.0

2019-05-04-04-34-43   >>>>   End verify ranking function

verifying time = 13.288 ms


Not Found Ranking Fcuntion

Conterexample is 

[1, 1]

sampling time = 0.505 ms


       ########################################         

iteration 12 with 269 examples

2019-05-04-04-34-43   >>>>   Start train ranking function

2019-05-04-04-34-43   >>>>   End train ranking function

train_ranking_functioning time = 0.062 ms


2019-05-04-04-34-43   >>>>   Start verify ranking function

[xi_1 = 1, xi_0 = 1]
ranking function : 0.3 * 1 + 0.6 *  x[0]^-0.5 *  x[1]^3.0

2019-05-04-04-34-43   >>>>   End verify ranking function

verifying time = 13.235 ms


Not Found Ranking Fcuntion

Conterexample is 

[1, 1]

sampling time = 0.510 ms


       ########################################         

iteration 13 with 271 examples

2019-05-04-04-34-43   >>>>   Start train ranking function

2019-05-04-04-34-43   >>>>   End train ranking function

train_ranking_functioning time = 0.062 ms


2019-05-04-04-34-43   >>>>   Start verify ranking function

[xi_1 = 1, xi_0 = 1]
ranking function : 1.0 *  x[0]^-0.5 *  x[1]^3.0

2019-05-04-04-34-43   >>>>   End verify ranking function

verifying time = 13.304 ms


Not Found Ranking Fcuntion

Conterexample is 

[1, 1]

sampling time = 0.511 ms


       ########################################         

iteration 14 with 273 examples

2019-05-04-04-34-43   >>>>   Start train ranking function

2019-05-04-04-34-43   >>>>   End train ranking function

train_ranking_functioning time = 0.119 ms


2019-05-04-04-34-43   >>>>   Start verify ranking function

[xi_1 = 1, xi_0 = 1]
ranking function : 0.7 * 1 + 0.5 *  x[0]^-0.5 *  x[1]^3.0

2019-05-04-04-34-43   >>>>   End verify ranking function

verifying time = 13.087 ms


Not Found Ranking Fcuntion

Conterexample is 

[1, 1]

sampling time = 0.506 ms


       ########################################         

iteration 15 with 275 examples

2019-05-04-04-34-43   >>>>   Start train ranking function

2019-05-04-04-34-43   >>>>   End train ranking function

train_ranking_functioning time = 0.061 ms


2019-05-04-04-34-43   >>>>   Start verify ranking function

[xi_1 = 1, xi_0 = 1]
ranking function : 0.8 * 1 + 0.7 *  x[0]^-0.5 *  x[1]^3.0

2019-05-04-04-34-43   >>>>   End verify ranking function

verifying time = 13.259 ms


Not Found Ranking Fcuntion

Conterexample is 

[1, 1]

sampling time = 0.508 ms


       ########################################         

iteration 16 with 277 examples

2019-05-04-04-34-43   >>>>   Start train ranking function

2019-05-04-04-34-43   >>>>   End train ranking function

train_ranking_functioning time = 0.061 ms


2019-05-04-04-34-43   >>>>   Start verify ranking function

[xi_1 = 1, xi_0 = 1]
ranking function : 0.7 * 1 + 0.9 *  x[0]^-0.5 *  x[1]^3.0

2019-05-04-04-34-43   >>>>   End verify ranking function

verifying time = 13.166 ms


Not Found Ranking Fcuntion

Conterexample is 

[1, 1]

sampling time = 0.507 ms


       ########################################         

iteration 17 with 279 examples

2019-05-04-04-34-43   >>>>   Start train ranking function

2019-05-04-04-34-43   >>>>   End train ranking function

train_ranking_functioning time = 0.061 ms


2019-05-04-04-34-43   >>>>   Start verify ranking function

[xi_1 = 1, xi_0 = 1]
ranking function : 0.8 * 1 + 0.2 *  x[0]^-0.5 *  x[1]^3.0

2019-05-04-04-34-43   >>>>   End verify ranking function

verifying time = 13.433 ms


Not Found Ranking Fcuntion

Conterexample is 

[1, 1]

sampling time = 0.510 ms


       ########################################         

iteration 18 with 281 examples

2019-05-04-04-34-43   >>>>   Start train ranking function

2019-05-04-04-34-43   >>>>   End train ranking function

train_ranking_functioning time = 0.062 ms


2019-05-04-04-34-43   >>>>   Start verify ranking function

[]
ranking function : 0.3 * 1

2019-05-04-04-34-43   >>>>   End verify ranking function

verifying time = 6.900 ms


Not Found Ranking Fcuntion

Conterexample is 

[0, 0]

sampling time = 0.501 ms


       ########################################         

iteration 19 with 283 examples

2019-05-04-04-34-43   >>>>   Start train ranking function

2019-05-04-04-34-43   >>>>   End train ranking function

train_ranking_functioning time = 0.123 ms


2019-05-04-04-34-43   >>>>   Start verify ranking function

[xi_1 = 1, xi_0 = 1]
ranking function : 0.8 * 1 + 0.5 *  x[0]^-0.5 *  x[1]^3.0

2019-05-04-04-34-43   >>>>   End verify ranking function

verifying time = 14.264 ms


Not Found Ranking Fcuntion

Conterexample is 

[1, 1]

sampling time = 0.514 ms


       ########################################         

iteration 20 with 285 examples

2019-05-04-04-34-43   >>>>   Start train ranking function

2019-05-04-04-34-43   >>>>   End train ranking function

train_ranking_functioning time = 0.063 ms


2019-05-04-04-34-43   >>>>   Start verify ranking function

[xi_1 = 1, xi_0 = 1]
ranking function : 1.0 * 1 + 0.4 *  x[0]^-0.5 *  x[1]^3.0

2019-05-04-04-34-43   >>>>   End verify ranking function

verifying time = 13.607 ms


Not Found Ranking Fcuntion

Conterexample is 

[1, 1]

sampling time = 0.516 ms


       ########################################         

iteration 21 with 287 examples

2019-05-04-04-34-43   >>>>   Start train ranking function

2019-05-04-04-34-43   >>>>   End train ranking function

train_ranking_functioning time = 0.063 ms


2019-05-04-04-34-43   >>>>   Start verify ranking function

[xi_1 = 1, xi_0 = 1]
ranking function : 0.2 * 1 + 0.8 *  x[0]^-0.5 *  x[1]^3.0

2019-05-04-04-34-43   >>>>   End verify ranking function

verifying time = 13.479 ms


Not Found Ranking Fcuntion

Conterexample is 

[1, 1]

sampling time = 0.502 ms


       ########################################         

iteration 22 with 289 examples

2019-05-04-04-34-43   >>>>   Start train ranking function

2019-05-04-04-34-43   >>>>   End train ranking function

train_ranking_functioning time = 0.062 ms


2019-05-04-04-34-43   >>>>   Start verify ranking function

[xi_1 = 1, xi_0 = 1]
ranking function : 0.4 * 1 + 0.5 *  x[0]^-0.5 *  x[1]^3.0

2019-05-04-04-34-43   >>>>   End verify ranking function

verifying time = 13.481 ms


Not Found Ranking Fcuntion

Conterexample is 

[1, 1]

sampling time = 0.513 ms


       ########################################         

iteration 23 with 291 examples

2019-05-04-04-34-43   >>>>   Start train ranking function

2019-05-04-04-34-43   >>>>   End train ranking function

train_ranking_functioning time = 0.063 ms


2019-05-04-04-34-43   >>>>   Start verify ranking function

[xi_1 = 1, xi_0 = 1]
ranking function : 0.5 * 1 + 0.5 *  x[0]^-0.5 *  x[1]^3.0

2019-05-04-04-34-43   >>>>   End verify ranking function

verifying time = 13.179 ms


Not Found Ranking Fcuntion

Conterexample is 

[1, 1]

sampling time = 0.516 ms


       ########################################         

iteration 24 with 293 examples

2019-05-04-04-34-43   >>>>   Start train ranking function

2019-05-04-04-34-43   >>>>   End train ranking function

train_ranking_functioning time = 0.062 ms


2019-05-04-04-34-43   >>>>   Start verify ranking function

[xi_1 = 1, xi_0 = 1]
ranking function : 0.2 * 1 + 0.2 *  x[0]^-0.5 *  x[1]^3.0

2019-05-04-04-34-43   >>>>   End verify ranking function

verifying time = 13.249 ms


Not Found Ranking Fcuntion

Conterexample is 

[1, 1]

sampling time = 0.519 ms


Failed to prove it is terminated

UNKNOWN
Time For Template 1 Is--->-429.669000 ms

------Using Template 2 -----------
9 [3, 3, 3]
*****************************************************

2019-05-04-04-34-44   >>>>   End sampling point

sampling time = 251.120 ms,


       ########################################         

iteration 0 with 489 examples

2019-05-04-04-34-44   >>>>   Start train ranking function

2019-05-04-04-34-44   >>>>   End train ranking function

train_ranking_functioning time = 0.088 ms


2019-05-04-04-34-44   >>>>   Start verify ranking function

[]
ranking function : 0.6 *  x[0]^1.0 + 0.2 *  x[1]^1.0 + 0.2 * 1; 0.3 *  x[0]^1.0 + 1.0 *  x[1]^1.0 + 1.0 * 1; 0.4 *  x[0]^1.0 + 0.8 *  x[1]^1.0 + 0.1 * 1

2019-05-04-04-34-44   >>>>   End verify ranking function

verifying time = 6.813 ms


Not Found Ranking Fcuntion

Conterexample is 

[0, 0]

sampling time = 1.969 ms


       ########################################         

iteration 1 with 493 examples

2019-05-04-04-34-44   >>>>   Start train ranking function

2019-05-04-04-34-44   >>>>   End train ranking function

train_ranking_functioning time = 0.070 ms


2019-05-04-04-34-44   >>>>   Start verify ranking function

[]
ranking function : 0.9 *  x[0]^1.0 + 0.6 *  x[1]^1.0 + 0.6 * 1; 0.4 *  x[0]^1.0 + 0.5 *  x[1]^1.0 + 0.9 * 1; 1.0 *  x[0]^1.0 + 0.6 *  x[1]^1.0 + 1.0 * 1

2019-05-04-04-34-44   >>>>   End verify ranking function

verifying time = 6.725 ms


Not Found Ranking Fcuntion

Conterexample is 

[0, 0]

sampling time = 2.055 ms


       ########################################         

iteration 2 with 497 examples

2019-05-04-04-34-44   >>>>   Start train ranking function

2019-05-04-04-34-44   >>>>   End train ranking function

train_ranking_functioning time = 0.070 ms


2019-05-04-04-34-44   >>>>   Start verify ranking function

[]
ranking function : 0.1 *  x[0]^1.0 + 0.8 *  x[1]^1.0 + 0.1 * 1; 0.7 *  x[0]^1.0 + 0.3 *  x[1]^1.0 + 0.9 * 1; 0.9 *  x[0]^1.0 + 0.8 *  x[1]^1.0 + 0.3 * 1

2019-05-04-04-34-44   >>>>   End verify ranking function

verifying time = 6.658 ms


Not Found Ranking Fcuntion

Conterexample is 

[0, 0]

sampling time = 2.081 ms


       ########################################         

iteration 3 with 501 examples

2019-05-04-04-34-44   >>>>   Start train ranking function

2019-05-04-04-34-44   >>>>   End train ranking function

train_ranking_functioning time = 0.071 ms


2019-05-04-04-34-44   >>>>   Start verify ranking function

[]
ranking function : 0.2 *  x[0]^1.0 + 0.1 *  x[1]^1.0 + 0.8 * 1; 0.7 *  x[0]^1.0 + 0.4 *  x[1]^1.0 + 1.0 * 1; 0.3 *  x[0]^1.0 + 0.2 *  x[1]^1.0 + 0.5 * 1

2019-05-04-04-34-44   >>>>   End verify ranking function

verifying time = 6.726 ms


Not Found Ranking Fcuntion

Conterexample is 

[0, 0]

sampling time = 2.000 ms


       ########################################         

iteration 4 with 505 examples

2019-05-04-04-34-44   >>>>   Start train ranking function

2019-05-04-04-34-44   >>>>   End train ranking function

train_ranking_functioning time = 0.072 ms


2019-05-04-04-34-44   >>>>   Start verify ranking function

[]
ranking function : 0.8 *  x[0]^1.0 + 0.1 *  x[1]^1.0 + 0.8 * 1; 0.7 *  x[0]^1.0 + 0.4 *  x[1]^1.0 + 0.4 * 1; 0.7 *  x[0]^1.0 + 0.2 *  x[1]^1.0 + 0.9 * 1

2019-05-04-04-34-44   >>>>   End verify ranking function

verifying time = 6.747 ms


Not Found Ranking Fcuntion

Conterexample is 

[0, 0]

sampling time = 1.990 ms


       ########################################         

iteration 5 with 509 examples

2019-05-04-04-34-44   >>>>   Start train ranking function

2019-05-04-04-34-44   >>>>   End train ranking function

train_ranking_functioning time = 0.070 ms


2019-05-04-04-34-44   >>>>   Start verify ranking function

[]
ranking function : 0.6 *  x[0]^1.0 + 0.9 *  x[1]^1.0 + 0.9 * 1; 0.1 *  x[0]^1.0 + 0.7 *  x[1]^1.0 + 0.7 * 1; 0.9 *  x[0]^1.0 + 0.9 *  x[1]^1.0 + 0.2 * 1

2019-05-04-04-34-44   >>>>   End verify ranking function

verifying time = 6.743 ms


Not Found Ranking Fcuntion

Conterexample is 

[0, 0]

sampling time = 1.984 ms


       ########################################         

iteration 6 with 513 examples

2019-05-04-04-34-44   >>>>   Start train ranking function

2019-05-04-04-34-44   >>>>   End train ranking function

train_ranking_functioning time = 0.071 ms


2019-05-04-04-34-44   >>>>   Start verify ranking function

[]
ranking function : 0.2 *  x[0]^1.0 + 0.3 *  x[1]^1.0 + 0.6 * 1; 0.4 *  x[0]^1.0 + 0.1 *  x[1]^1.0 + 0.9 * 1; 0.4 *  x[0]^1.0 + 0.8 *  x[1]^1.0 + 0.1 * 1

2019-05-04-04-34-44   >>>>   End verify ranking function

verifying time = 6.769 ms


Not Found Ranking Fcuntion

Conterexample is 

[0, 0]

sampling time = 2.056 ms


       ########################################         

iteration 7 with 517 examples

2019-05-04-04-34-44   >>>>   Start train ranking function

2019-05-04-04-34-44   >>>>   End train ranking function

train_ranking_functioning time = 0.073 ms


2019-05-04-04-34-44   >>>>   Start verify ranking function

[]
ranking function : 0.5 *  x[0]^1.0 + 0.5 *  x[1]^1.0 + 0.9 * 1; 0.9 *  x[0]^1.0 + 0.7 * 1; 0.3 *  x[0]^1.0 + 0.1 *  x[1]^1.0 + 0.8 * 1

2019-05-04-04-34-44   >>>>   End verify ranking function

verifying time = 6.966 ms


Not Found Ranking Fcuntion

Conterexample is 

[0, 0]

sampling time = 2.394 ms


       ########################################         

iteration 8 with 521 examples

2019-05-04-04-34-44   >>>>   Start train ranking function

2019-05-04-04-34-44   >>>>   End train ranking function

train_ranking_functioning time = 0.133 ms


2019-05-04-04-34-44   >>>>   Start verify ranking function

[]
ranking function : 0.3 *  x[0]^1.0 + 0.4 *  x[1]^1.0 + 0.8 * 1; 0.7 *  x[0]^1.0 + 0.7 *  x[1]^1.0 + 0.1 * 1; 0.9 *  x[0]^1.0 + 0.1 *  x[1]^1.0 + 0.9 * 1

2019-05-04-04-34-44   >>>>   End verify ranking function

verifying time = 7.070 ms


Not Found Ranking Fcuntion

Conterexample is 

[0, 0]

sampling time = 1.998 ms


       ########################################         

iteration 9 with 525 examples

2019-05-04-04-34-44   >>>>   Start train ranking function

2019-05-04-04-34-44   >>>>   End train ranking function

train_ranking_functioning time = 0.076 ms


2019-05-04-04-34-44   >>>>   Start verify ranking function

[]
ranking function : 0.7 *  x[0]^1.0 + 0.1 *  x[1]^1.0 + 0.8 * 1; 0.4 *  x[0]^1.0 + 0.5 *  x[1]^1.0 + 1.0 * 1; 0.6 *  x[0]^1.0 + 0.9 *  x[1]^1.0 + 0.8 * 1

2019-05-04-04-34-44   >>>>   End verify ranking function

verifying time = 7.166 ms


Not Found Ranking Fcuntion

Conterexample is 

[0, 0]

sampling time = 1.986 ms


       ########################################         

iteration 10 with 529 examples

2019-05-04-04-34-44   >>>>   Start train ranking function

2019-05-04-04-34-44   >>>>   End train ranking function

train_ranking_functioning time = 0.073 ms


2019-05-04-04-34-44   >>>>   Start verify ranking function

[]
ranking function : 0.2 *  x[0]^1.0 + 0.8 *  x[1]^1.0 + 0.6 * 1; 0.8 *  x[0]^1.0 + 0.3 *  x[1]^1.0 + 0.5 * 1; 0.1 *  x[0]^1.0 + 0.9 *  x[1]^1.0 + 0.4 * 1

2019-05-04-04-34-44   >>>>   End verify ranking function

verifying time = 6.736 ms


Not Found Ranking Fcuntion

Conterexample is 

[0, 0]

sampling time = 2.005 ms


       ########################################         

iteration 11 with 533 examples

2019-05-04-04-34-44   >>>>   Start train ranking function

2019-05-04-04-34-44   >>>>   End train ranking function

train_ranking_functioning time = 0.073 ms


2019-05-04-04-34-44   >>>>   Start verify ranking function

[]
ranking function : 0.6 *  x[0]^1.0 + 0.7 *  x[1]^1.0 + 0.4 * 1; 0.6 *  x[0]^1.0 + 0.2 *  x[1]^1.0 + 0.1 * 1; 0.8 *  x[0]^1.0 + 0.2 *  x[1]^1.0 + 0.1 * 1

2019-05-04-04-34-44   >>>>   End verify ranking function

verifying time = 6.747 ms


Not Found Ranking Fcuntion

Conterexample is 

[0, 0]

sampling time = 2.028 ms


       ########################################         

iteration 12 with 537 examples

2019-05-04-04-34-44   >>>>   Start train ranking function

2019-05-04-04-34-44   >>>>   End train ranking function

train_ranking_functioning time = 0.073 ms


2019-05-04-04-34-44   >>>>   Start verify ranking function

[]
ranking function : 0.1 *  x[1]^1.0 + 0.5 * 1; 0.8 *  x[0]^1.0 + 0.6 *  x[1]^1.0 + 0.6 * 1; 0.5 *  x[0]^1.0 + 0.6 *  x[1]^1.0 + 0.1 * 1

2019-05-04-04-34-44   >>>>   End verify ranking function

verifying time = 6.894 ms


Not Found Ranking Fcuntion

Conterexample is 

[0, 0]

sampling time = 2.106 ms


       ########################################         

iteration 13 with 541 examples

2019-05-04-04-34-44   >>>>   Start train ranking function

2019-05-04-04-34-44   >>>>   End train ranking function

train_ranking_functioning time = 0.073 ms


2019-05-04-04-34-44   >>>>   Start verify ranking function

[]
ranking function : 0.5 *  x[0]^1.0 + 0.4 *  x[1]^1.0 + 0.9 * 1; 0.2 *  x[0]^1.0 + 0.3 *  x[1]^1.0 + 0.8 * 1; 0.4 *  x[0]^1.0 + 0.4 *  x[1]^1.0 + 0.5 * 1

2019-05-04-04-34-44   >>>>   End verify ranking function

verifying time = 6.833 ms


Not Found Ranking Fcuntion

Conterexample is 

[0, 0]

sampling time = 2.024 ms


       ########################################         

iteration 14 with 545 examples

2019-05-04-04-34-44   >>>>   Start train ranking function

2019-05-04-04-34-44   >>>>   End train ranking function

train_ranking_functioning time = 0.072 ms


2019-05-04-04-34-44   >>>>   Start verify ranking function

[]
ranking function : 0.1 *  x[0]^1.0 + 0.7 *  x[1]^1.0 + 0.5 * 1; 0.7 *  x[0]^1.0 + 0.3 *  x[1]^1.0 + 0.3 * 1; 0.1 *  x[0]^1.0 + 0.5 * 1

2019-05-04-04-34-44   >>>>   End verify ranking function

verifying time = 6.613 ms


Not Found Ranking Fcuntion

Conterexample is 

[0, 0]

sampling time = 2.034 ms


       ########################################         

iteration 15 with 549 examples

2019-05-04-04-34-44   >>>>   Start train ranking function

2019-05-04-04-34-44   >>>>   End train ranking function

train_ranking_functioning time = 0.074 ms


2019-05-04-04-34-44   >>>>   Start verify ranking function

[]
ranking function : 0.2 *  x[0]^1.0 + 1.0 *  x[1]^1.0 + 0.8 * 1; 0.7 *  x[0]^1.0 + 0.5 * 1; 0.1 *  x[0]^1.0 + 0.8 *  x[1]^1.0 + 0.1 * 1

2019-05-04-04-34-44   >>>>   End verify ranking function

verifying time = 6.690 ms


Not Found Ranking Fcuntion

Conterexample is 

[0, 0]

sampling time = 1.994 ms


       ########################################         

iteration 16 with 553 examples

2019-05-04-04-34-44   >>>>   Start train ranking function

2019-05-04-04-34-44   >>>>   End train ranking function

train_ranking_functioning time = 0.073 ms


2019-05-04-04-34-44   >>>>   Start verify ranking function

[]
ranking function : 0.2 *  x[1]^1.0 + 0.6 * 1; 0.4 *  x[0]^1.0 + 0.8 *  x[1]^1.0 + 0.2 * 1; 0.4 *  x[0]^1.0 + 0.7 *  x[1]^1.0 + 0.1 * 1

2019-05-04-04-34-44   >>>>   End verify ranking function

verifying time = 6.728 ms


Not Found Ranking Fcuntion

Conterexample is 

[0, 0]

sampling time = 2.011 ms


       ########################################         

iteration 17 with 557 examples

2019-05-04-04-34-44   >>>>   Start train ranking function

2019-05-04-04-34-44   >>>>   End train ranking function

train_ranking_functioning time = 0.073 ms


2019-05-04-04-34-44   >>>>   Start verify ranking function

[]
ranking function : 0.8 *  x[0]^1.0 + 0.9 *  x[1]^1.0 + 0.3 * 1; 1.0 *  x[0]^1.0 + 0.6 *  x[1]^1.0 + 0.9 * 1; 0.1 *  x[0]^1.0 + 0.7 *  x[1]^1.0 + 0.9 * 1

2019-05-04-04-34-44   >>>>   End verify ranking function

verifying time = 6.741 ms


Not Found Ranking Fcuntion

Conterexample is 

[0, 0]

sampling time = 2.021 ms


       ########################################         

iteration 18 with 561 examples

2019-05-04-04-34-44   >>>>   Start train ranking function

2019-05-04-04-34-44   >>>>   End train ranking function

train_ranking_functioning time = 0.072 ms


2019-05-04-04-34-44   >>>>   Start verify ranking function

[]
ranking function : 0.5 *  x[0]^1.0 + 0.1 *  x[1]^1.0 + 0.5 * 1; 0.9 *  x[0]^1.0 + 1.0 *  x[1]^1.0 + 0.2 * 1; 0.1 *  x[0]^1.0 + 0.3 *  x[1]^1.0 + 0.2 * 1

2019-05-04-04-34-44   >>>>   End verify ranking function

verifying time = 6.708 ms


Not Found Ranking Fcuntion

Conterexample is 

[0, 0]

sampling time = 2.099 ms


       ########################################         

iteration 19 with 565 examples

2019-05-04-04-34-44   >>>>   Start train ranking function

2019-05-04-04-34-44   >>>>   End train ranking function

train_ranking_functioning time = 0.074 ms


2019-05-04-04-34-44   >>>>   Start verify ranking function

[]
ranking function : 0.7 *  x[0]^1.0 + 0.2 *  x[1]^1.0 + 0.1 * 1; 0.7 *  x[0]^1.0 + 0.5 *  x[1]^1.0 + 0.5 * 1; 0.8 *  x[1]^1.0 + 0.7 * 1

2019-05-04-04-34-44   >>>>   End verify ranking function

verifying time = 6.616 ms


Not Found Ranking Fcuntion

Conterexample is 

[0, 0]

sampling time = 2.081 ms


       ########################################         

iteration 20 with 569 examples

2019-05-04-04-34-44   >>>>   Start train ranking function

2019-05-04-04-34-44   >>>>   End train ranking function

train_ranking_functioning time = 0.074 ms


2019-05-04-04-34-44   >>>>   Start verify ranking function
