------Using Template 0 -----------
3 [3]
*****************************************************

2019-05-04-04-54-44   >>>>   End sampling point

sampling time = 53.459 ms,


       ########################################         

iteration 0 with 136 examples

2019-05-04-04-54-44   >>>>   Start train ranking function

2019-05-04-04-54-44   >>>>   End train ranking function

train_ranking_functioning time = 1.553 ms


2019-05-04-04-54-44   >>>>   Start verify ranking function

ranking function : 0.8 *  x[0]^1.0 + 0.9 *  x[1]^1.0 + 4.0 * 1

2019-05-04-04-54-44   >>>>   End verify ranking function

verifying time = 7.991 ms


Not Found Ranking Fcuntion

Conterexample is 

[0, -5]

sampling time = 0.725 ms


       ########################################         

iteration 1 with 138 examples

2019-05-04-04-54-44   >>>>   Start train ranking function

2019-05-04-04-54-44   >>>>   End train ranking function

train_ranking_functioning time = 1.390 ms


2019-05-04-04-54-44   >>>>   Start verify ranking function

ranking function : 0.6 *  x[0]^1.0 + 0.8 *  x[1]^1.0 + 4.3 * 1

2019-05-04-04-54-44   >>>>   End verify ranking function

verifying time = 7.791 ms


Not Found Ranking Fcuntion

Conterexample is 

[0, -6]

sampling time = 0.728 ms


       ########################################         

iteration 2 with 140 examples

2019-05-04-04-54-44   >>>>   Start train ranking function

2019-05-04-04-54-44   >>>>   End train ranking function

train_ranking_functioning time = 2.085 ms


2019-05-04-04-54-44   >>>>   Start verify ranking function

ranking function : 0.3 *  x[0]^1.0 + 0.8 *  x[1]^1.0 + 4.6 * 1

2019-05-04-04-54-44   >>>>   End verify ranking function

verifying time = 7.695 ms


Not Found Ranking Fcuntion

Conterexample is 

[0, -6]

sampling time = 0.841 ms


       ########################################         

iteration 3 with 142 examples

2019-05-04-04-54-44   >>>>   Start train ranking function

2019-05-04-04-54-44   >>>>   End train ranking function

train_ranking_functioning time = 1.947 ms


2019-05-04-04-54-44   >>>>   Start verify ranking function

ranking function : 0.1 *  x[0]^1.0 + 0.8 *  x[1]^1.0 + 4.8 * 1

2019-05-04-04-54-44   >>>>   End verify ranking function

verifying time = 7.748 ms


Not Found Ranking Fcuntion

Conterexample is 

[0, -7]

sampling time = 0.713 ms


       ########################################         

iteration 4 with 144 examples

2019-05-04-04-54-44   >>>>   Start train ranking function

2019-05-04-04-54-44   >>>>   End train ranking function

train_ranking_functioning time = 2.669 ms


2019-05-04-04-54-44   >>>>   Start verify ranking function

ranking function : 0.8 *  x[1]^1.0 + 5.0 * 1

2019-05-04-04-54-44   >>>>   End verify ranking function

verifying time = 7.762 ms


Not Found Ranking Fcuntion

Conterexample is 

[0, -7]

sampling time = 0.715 ms


       ########################################         

iteration 5 with 146 examples

2019-05-04-04-54-44   >>>>   Start train ranking function

2019-05-04-04-54-44   >>>>   End train ranking function

train_ranking_functioning time = 2.593 ms


2019-05-04-04-54-44   >>>>   Start verify ranking function

ranking function : 0.8 *  x[1]^1.0 + 5.2 * 1

2019-05-04-04-54-44   >>>>   End verify ranking function

verifying time = 7.653 ms


Not Found Ranking Fcuntion

Conterexample is 

[0, -7]

sampling time = 0.727 ms


       ########################################         

iteration 6 with 148 examples

2019-05-04-04-54-44   >>>>   Start train ranking function

2019-05-04-04-54-44   >>>>   End train ranking function

train_ranking_functioning time = 2.527 ms


2019-05-04-04-54-44   >>>>   Start verify ranking function

ranking function : 0.7 *  x[1]^1.0 + 5.4 * 1

2019-05-04-04-54-44   >>>>   End verify ranking function

verifying time = 7.901 ms


Not Found Ranking Fcuntion

Conterexample is 

[0, -8]

sampling time = 0.716 ms


       ########################################         

iteration 7 with 150 examples

2019-05-04-04-54-44   >>>>   Start train ranking function

2019-05-04-04-54-44   >>>>   End train ranking function

train_ranking_functioning time = 3.300 ms


2019-05-04-04-54-44   >>>>   Start verify ranking function

ranking function : 0.7 *  x[1]^1.0 + 5.5 * 1

2019-05-04-04-54-44   >>>>   End verify ranking function

verifying time = 7.648 ms


Not Found Ranking Fcuntion

Conterexample is 

[0, -8]

sampling time = 0.722 ms


       ########################################         

iteration 8 with 152 examples

2019-05-04-04-54-44   >>>>   Start train ranking function

2019-05-04-04-54-44   >>>>   End train ranking function

train_ranking_functioning time = 3.316 ms


2019-05-04-04-54-44   >>>>   Start verify ranking function

ranking function : 0.7 *  x[1]^1.0 + 5.7 * 1

2019-05-04-04-54-44   >>>>   End verify ranking function

verifying time = 7.781 ms


Not Found Ranking Fcuntion

Conterexample is 

[0, -9]

sampling time = 0.732 ms


       ########################################         

iteration 9 with 154 examples

2019-05-04-04-54-44   >>>>   Start train ranking function

2019-05-04-04-54-44   >>>>   End train ranking function

train_ranking_functioning time = 3.349 ms


2019-05-04-04-54-44   >>>>   Start verify ranking function

ranking function : 0.7 *  x[1]^1.0 + 5.7 * 1

2019-05-04-04-54-44   >>>>   End verify ranking function

verifying time = 7.700 ms


Not Found Ranking Fcuntion

Conterexample is 

[0, -9]

sampling time = 0.732 ms


       ########################################         

iteration 10 with 156 examples

2019-05-04-04-54-44   >>>>   Start train ranking function

2019-05-04-04-54-44   >>>>   End train ranking function

train_ranking_functioning time = 3.418 ms


2019-05-04-04-54-44   >>>>   Start verify ranking function

ranking function : 0.7 *  x[1]^1.0 + 5.9 * 1

2019-05-04-04-54-44   >>>>   End verify ranking function

verifying time = 7.573 ms


Not Found Ranking Fcuntion

Conterexample is 

[0, -9]

sampling time = 0.722 ms


       ########################################         

iteration 11 with 158 examples

2019-05-04-04-54-44   >>>>   Start train ranking function

2019-05-04-04-54-44   >>>>   End train ranking function

train_ranking_functioning time = 3.400 ms


2019-05-04-04-54-44   >>>>   Start verify ranking function

ranking function : 0.7 *  x[1]^1.0 + 6.0 * 1

2019-05-04-04-54-44   >>>>   End verify ranking function

verifying time = 7.749 ms


Not Found Ranking Fcuntion

Conterexample is 

[0, -9]

sampling time = 0.726 ms


       ########################################         

iteration 12 with 160 examples

2019-05-04-04-54-44   >>>>   Start train ranking function

2019-05-04-04-54-44   >>>>   End train ranking function

train_ranking_functioning time = 3.481 ms


2019-05-04-04-54-44   >>>>   Start verify ranking function

ranking function : 0.7 *  x[1]^1.0 + 6.1 * 1

2019-05-04-04-54-44   >>>>   End verify ranking function

verifying time = 7.662 ms


Not Found Ranking Fcuntion

Conterexample is 

[0, -9]

sampling time = 0.722 ms


       ########################################         

iteration 13 with 162 examples

2019-05-04-04-54-44   >>>>   Start train ranking function

2019-05-04-04-54-44   >>>>   End train ranking function

train_ranking_functioning time = 3.606 ms


2019-05-04-04-54-44   >>>>   Start verify ranking function

ranking function : 0.7 *  x[1]^1.0 + 6.2 * 1

2019-05-04-04-54-44   >>>>   End verify ranking function

verifying time = 7.574 ms


Not Found Ranking Fcuntion

Conterexample is 

[0, -9]

sampling time = 0.737 ms


       ########################################         

iteration 14 with 164 examples

2019-05-04-04-54-44   >>>>   Start train ranking function

2019-05-04-04-54-44   >>>>   End train ranking function

train_ranking_functioning time = 3.556 ms


2019-05-04-04-54-44   >>>>   Start verify ranking function

ranking function : 0.6 *  x[1]^1.0 + 6.3 * 1

2019-05-04-04-54-44   >>>>   End verify ranking function

verifying time = 7.658 ms


Not Found Ranking Fcuntion

Conterexample is 

[0, -11]

sampling time = 0.730 ms


       ########################################         

iteration 15 with 166 examples

2019-05-04-04-54-44   >>>>   Start train ranking function

2019-05-04-04-54-44   >>>>   End train ranking function

train_ranking_functioning time = 4.056 ms


2019-05-04-04-54-44   >>>>   Start verify ranking function

ranking function : 0.6 *  x[1]^1.0 + 6.3 * 1

2019-05-04-04-54-44   >>>>   End verify ranking function

verifying time = 8.646 ms


Not Found Ranking Fcuntion

Conterexample is 

[0, -11]

sampling time = 0.783 ms


       ########################################         

iteration 16 with 168 examples

2019-05-04-04-54-44   >>>>   Start train ranking function

2019-05-04-04-54-44   >>>>   End train ranking function

train_ranking_functioning time = 3.892 ms


2019-05-04-04-54-44   >>>>   Start verify ranking function

ranking function : 0.6 *  x[1]^1.0 + 6.3 * 1

2019-05-04-04-54-44   >>>>   End verify ranking function

verifying time = 8.067 ms


Not Found Ranking Fcuntion

Conterexample is 

[0, -11]

sampling time = 0.731 ms


       ########################################         

iteration 17 with 170 examples

2019-05-04-04-54-44   >>>>   Start train ranking function

2019-05-04-04-54-44   >>>>   End train ranking function

train_ranking_functioning time = 3.794 ms


2019-05-04-04-54-44   >>>>   Start verify ranking function

ranking function : 0.6 *  x[1]^1.0 + 6.4 * 1

2019-05-04-04-54-44   >>>>   End verify ranking function

verifying time = 7.834 ms


Not Found Ranking Fcuntion

Conterexample is 

[0, -11]

sampling time = 0.729 ms


       ########################################         

iteration 18 with 172 examples

2019-05-04-04-54-44   >>>>   Start train ranking function

2019-05-04-04-54-44   >>>>   End train ranking function

train_ranking_functioning time = 3.797 ms


2019-05-04-04-54-44   >>>>   Start verify ranking function

ranking function : 0.6 *  x[1]^1.0 + 6.5 * 1

2019-05-04-04-54-44   >>>>   End verify ranking function

verifying time = 7.720 ms


Not Found Ranking Fcuntion

Conterexample is 

[0, -11]

sampling time = 0.808 ms


       ########################################         

iteration 19 with 174 examples

2019-05-04-04-54-44   >>>>   Start train ranking function

2019-05-04-04-54-44   >>>>   End train ranking function

train_ranking_functioning time = 3.803 ms


2019-05-04-04-54-44   >>>>   Start verify ranking function

ranking function : 0.6 *  x[1]^1.0 + 6.7 * 1

2019-05-04-04-54-44   >>>>   End verify ranking function

verifying time = 7.746 ms


Not Found Ranking Fcuntion

Conterexample is 

[0, -12]

sampling time = 0.728 ms


       ########################################         

iteration 20 with 176 examples

2019-05-04-04-54-44   >>>>   Start train ranking function

2019-05-04-04-54-44   >>>>   End train ranking function

train_ranking_functioning time = 3.794 ms


2019-05-04-04-54-44   >>>>   Start verify ranking function

ranking function : 0.6 *  x[1]^1.0 + 6.7 * 1

2019-05-04-04-54-44   >>>>   End verify ranking function

verifying time = 7.792 ms


Not Found Ranking Fcuntion

Conterexample is 

[0, -12]

sampling time = 0.727 ms


       ########################################         

iteration 21 with 178 examples

2019-05-04-04-54-44   >>>>   Start train ranking function

2019-05-04-04-54-44   >>>>   End train ranking function

train_ranking_functioning time = 3.987 ms


2019-05-04-04-54-44   >>>>   Start verify ranking function

ranking function : 0.6 *  x[1]^1.0 + 6.8 * 1

2019-05-04-04-54-44   >>>>   End verify ranking function

verifying time = 7.731 ms


Not Found Ranking Fcuntion

Conterexample is 

[0, -12]

sampling time = 0.734 ms


       ########################################         

iteration 22 with 180 examples

2019-05-04-04-54-44   >>>>   Start train ranking function

2019-05-04-04-54-44   >>>>   End train ranking function

train_ranking_functioning time = 4.050 ms


2019-05-04-04-54-44   >>>>   Start verify ranking function

ranking function : 0.6 *  x[1]^1.0 + 6.9 * 1

2019-05-04-04-54-44   >>>>   End verify ranking function

verifying time = 7.774 ms


Not Found Ranking Fcuntion

Conterexample is 

[0, -12]

sampling time = 0.729 ms


       ########################################         

iteration 23 with 182 examples

2019-05-04-04-54-44   >>>>   Start train ranking function

2019-05-04-04-54-44   >>>>   End train ranking function

train_ranking_functioning time = 4.067 ms


2019-05-04-04-54-44   >>>>   Start verify ranking function

ranking function : 0.5 *  x[1]^1.0 + 6.9 * 1

2019-05-04-04-54-44   >>>>   End verify ranking function

verifying time = 7.868 ms


Not Found Ranking Fcuntion

Conterexample is 

[0, -14]

sampling time = 0.738 ms


       ########################################         

iteration 24 with 184 examples

2019-05-04-04-54-44   >>>>   Start train ranking function

2019-05-04-04-54-44   >>>>   End train ranking function

train_ranking_functioning time = 4.148 ms


2019-05-04-04-54-44   >>>>   Start verify ranking function

ranking function : 0.5 *  x[1]^1.0 + 6.8 * 1

2019-05-04-04-54-44   >>>>   End verify ranking function

verifying time = 8.142 ms


Not Found Ranking Fcuntion

Conterexample is 

[0, -18]

sampling time = 0.735 ms


Failed to prove it is terminated

UNKNOWN
Time For Template 0 Is--->-387.657000 ms

------Using Template 1 -----------
4 [4]
*****************************************************

2019-05-04-04-54-45   >>>>   End sampling point

sampling time = 79.601 ms,


       ########################################         

iteration 0 with 136 examples

2019-05-04-04-54-45   >>>>   Start train ranking function

2019-05-04-04-54-45   >>>>   End train ranking function

train_ranking_functioning time = 3.908 ms


2019-05-04-04-54-45   >>>>   Start verify ranking function

[xi_0 = 1, xi_1 = -1]
ranking function : 0.2 *  x[0]^-1.0 *  x[1]^-1.0 + 0.2 *  x[0]^-3.0 *  x[1]^2.0

2019-05-04-04-54-45   >>>>   End verify ranking function

verifying time = 36.836 ms


Not Found Ranking Fcuntion

Conterexample is 

[1, -1]

sampling time = 1.136 ms


       ########################################         

iteration 1 with 138 examples

2019-05-04-04-54-45   >>>>   Start train ranking function

2019-05-04-04-54-45   >>>>   End train ranking function

train_ranking_functioning time = 4.217 ms


2019-05-04-04-54-45   >>>>   Start verify ranking function

[xi_0 = 1, xi_1 = -1]
ranking function : 0.2 *  x[0]^-3.0 *  x[1]^2.0

2019-05-04-04-54-45   >>>>   End verify ranking function

verifying time = 17.994 ms


Not Found Ranking Fcuntion

Conterexample is 

[1, -1]

sampling time = 1.081 ms


       ########################################         

iteration 2 with 140 examples

2019-05-04-04-54-45   >>>>   Start train ranking function

2019-05-04-04-54-45   >>>>   End train ranking function

train_ranking_functioning time = 4.227 ms


2019-05-04-04-54-45   >>>>   Start verify ranking function

[xi_0 = 1, xi_1 = -1]
ranking function :  - 0.2 *  x[0]^-1.0 *  x[1]^-1.0 + 0.2 *  x[0]^-3.0 *  x[1]^2.0

2019-05-04-04-54-45   >>>>   End verify ranking function

verifying time = 18.304 ms


Not Found Ranking Fcuntion

Conterexample is 

[1, -1]

sampling time = 1.072 ms


       ########################################         

iteration 3 with 142 examples

2019-05-04-04-54-45   >>>>   Start train ranking function

2019-05-04-04-54-45   >>>>   End train ranking function

train_ranking_functioning time = 4.398 ms


2019-05-04-04-54-45   >>>>   Start verify ranking function

[xi_0 = 1, xi_1 = -1]
ranking function :  - 0.3 *  x[0]^-1.0 *  x[1]^-1.0 + 0.1 *  x[0]^-3.0 *  x[1]^2.0

2019-05-04-04-54-45   >>>>   End verify ranking function

verifying time = 18.699 ms


Not Found Ranking Fcuntion

Conterexample is 

[1, -1]

sampling time = 1.067 ms


       ########################################         

iteration 4 with 144 examples

2019-05-04-04-54-45   >>>>   Start train ranking function

2019-05-04-04-54-45   >>>>   End train ranking function

train_ranking_functioning time = 4.267 ms


2019-05-04-04-54-45   >>>>   Start verify ranking function

[xi_0 = 1, xi_1 = 1]
ranking function :  - 0.4 *  x[0]^-1.0 *  x[1]^-1.0 + 0.1 *  x[0]^-3.0 *  x[1]^2.0

2019-05-04-04-54-45   >>>>   End verify ranking function

verifying time = 19.126 ms


Not Found Ranking Fcuntion

Conterexample is 

[1, 1]

sampling time = 1.331 ms


       ########################################         

iteration 5 with 146 examples

2019-05-04-04-54-45   >>>>   Start train ranking function

2019-05-04-04-54-45   >>>>   End train ranking function

train_ranking_functioning time = 4.266 ms


2019-05-04-04-54-45   >>>>   Start verify ranking function

[xi_0 = 1, xi_1 = -1]
ranking function :  - 0.2 *  x[0]^-1.0 *  x[1]^-1.0 + 0.1 *  x[0]^-3.0 *  x[1]^2.0

2019-05-04-04-54-45   >>>>   End verify ranking function

verifying time = 19.280 ms


Not Found Ranking Fcuntion

Conterexample is 

[1, -1]

sampling time = 1.159 ms


       ########################################         

iteration 6 with 148 examples

2019-05-04-04-54-45   >>>>   Start train ranking function

2019-05-04-04-54-45   >>>>   End train ranking function

train_ranking_functioning time = 4.600 ms


2019-05-04-04-54-45   >>>>   Start verify ranking function

[xi_0 = 1, xi_1 = -1]
ranking function :  - 0.3 *  x[0]^-1.0 *  x[1]^-1.0 + 0.1 *  x[0]^-3.0 *  x[1]^2.0

2019-05-04-04-54-45   >>>>   End verify ranking function

verifying time = 34.515 ms


Not Found Ranking Fcuntion

Conterexample is 

[1, -1]

sampling time = 1.224 ms


       ########################################         

iteration 7 with 150 examples

2019-05-04-04-54-45   >>>>   Start train ranking function

2019-05-04-04-54-45   >>>>   End train ranking function

train_ranking_functioning time = 4.616 ms


2019-05-04-04-54-45   >>>>   Start verify ranking function

[xi_0 = 1, xi_1 = -1]
ranking function :  - 0.3 *  x[0]^-1.0 *  x[1]^-1.0 + 0.1 *  x[0]^-3.0 *  x[1]^2.0

2019-05-04-04-54-45   >>>>   End verify ranking function

verifying time = 33.581 ms


Not Found Ranking Fcuntion

Conterexample is 

[1, -1]

sampling time = 1.071 ms


       ########################################         

iteration 8 with 152 examples

2019-05-04-04-54-45   >>>>   Start train ranking function

2019-05-04-04-54-45   >>>>   End train ranking function

train_ranking_functioning time = 4.322 ms


2019-05-04-04-54-45   >>>>   Start verify ranking function

[xi_0 = 0, xi_1 = 0]
ranking function :  - 0.4 *  x[0]^-1.0 *  x[1]^-1.0

2019-05-04-04-54-45   >>>>   End verify ranking function

verifying time = 11.781 ms


Not Found Ranking Fcuntion

Conterexample is 

[0, 0]

sampling time = 1.148 ms


       ########################################         

iteration 9 with 154 examples

2019-05-04-04-54-45   >>>>   Start train ranking function

2019-05-04-04-54-45   >>>>   End train ranking function

train_ranking_functioning time = 4.472 ms


2019-05-04-04-54-45   >>>>   Start verify ranking function

[xi_0 = 0, xi_1 = 1]
ranking function :  - 0.4 *  x[0]^-1.0 *  x[1]^-1.0

2019-05-04-04-54-45   >>>>   End verify ranking function

verifying time = 11.458 ms


Not Found Ranking Fcuntion

Conterexample is 

[0, 1]

sampling time = 1.178 ms


       ########################################         

iteration 10 with 156 examples

2019-05-04-04-54-45   >>>>   Start train ranking function

2019-05-04-04-54-45   >>>>   End train ranking function

train_ranking_functioning time = 4.440 ms


2019-05-04-04-54-45   >>>>   Start verify ranking function

[xi_0 = 0, xi_1 = 0]
ranking function :  - 0.4 *  x[0]^-1.0 *  x[1]^-1.0

2019-05-04-04-54-45   >>>>   End verify ranking function

verifying time = 11.675 ms


Not Found Ranking Fcuntion

Conterexample is 

[0, 0]

sampling time = 1.089 ms


       ########################################         

iteration 11 with 158 examples

2019-05-04-04-54-45   >>>>   Start train ranking function

2019-05-04-04-54-45   >>>>   End train ranking function

train_ranking_functioning time = 4.664 ms


2019-05-04-04-54-45   >>>>   Start verify ranking function

[xi_0 = 0, xi_1 = 1]
ranking function :  - 0.4 *  x[0]^-1.0 *  x[1]^-1.0

2019-05-04-04-54-45   >>>>   End verify ranking function

verifying time = 11.647 ms


Not Found Ranking Fcuntion

Conterexample is 

[0, 1]

sampling time = 1.041 ms


       ########################################         

iteration 12 with 160 examples

2019-05-04-04-54-45   >>>>   Start train ranking function

2019-05-04-04-54-45   >>>>   End train ranking function

train_ranking_functioning time = 4.633 ms


2019-05-04-04-54-45   >>>>   Start verify ranking function

[xi_0 = 0, xi_1 = 1]
ranking function :  - 0.4 *  x[0]^-1.0 *  x[1]^-1.0

2019-05-04-04-54-45   >>>>   End verify ranking function

verifying time = 11.483 ms


Not Found Ranking Fcuntion

Conterexample is 

[0, 1]

sampling time = 1.056 ms


       ########################################         

iteration 13 with 162 examples

2019-05-04-04-54-45   >>>>   Start train ranking function

5
2019-05-04-04-54-45   >>>>   End train ranking function

train_ranking_functioning time = 4.707 ms


2019-05-04-04-54-45   >>>>   Start verify ranking function

[xi_0 = 0, xi_1 = 0]
ranking function :  - 0.4 *  x[0]^-1.0 *  x[1]^-1.0

2019-05-04-04-54-45   >>>>   End verify ranking function

verifying time = 11.481 ms


Not Found Ranking Fcuntion

Conterexample is 

[0, 0]

sampling time = 1.036 ms


       ########################################         

iteration 14 with 164 examples

2019-05-04-04-54-45   >>>>   Start train ranking function

2019-05-04-04-54-45   >>>>   End train ranking function

train_ranking_functioning time = 4.581 ms


2019-05-04-04-54-45   >>>>   Start verify ranking function

[xi_0 = 0]
ranking function : 

2019-05-04-04-54-45   >>>>   End verify ranking function

verifying time = 10.997 ms


Not Found Ranking Fcuntion

Conterexample is 

[0, 0]

sampling time = 1.051 ms


       ########################################         

iteration 15 with 166 examples

2019-05-04-04-54-45   >>>>   Start train ranking function

2019-05-04-04-54-45   >>>>   End train ranking function

train_ranking_functioning time = 4.725 ms


2019-05-04-04-54-45   >>>>   Start verify ranking function

[xi_0 = 0]
ranking function : 

2019-05-04-04-54-45   >>>>   End verify ranking function

verifying time = 11.074 ms


Not Found Ranking Fcuntion

Conterexample is 

[0, 0]

sampling time = 1.128 ms


       ########################################         

iteration 16 with 168 examples

2019-05-04-04-54-45   >>>>   Start train ranking function

2019-05-04-04-54-45   >>>>   End train ranking function

train_ranking_functioning time = 4.722 ms


2019-05-04-04-54-45   >>>>   Start verify ranking function

[xi_0 = 0]
ranking function : 

2019-05-04-04-54-45   >>>>   End verify ranking function

verifying time = 12.919 ms


Not Found Ranking Fcuntion

Conterexample is 

[0, 0]

sampling time = 1.146 ms


       ########################################         

iteration 17 with 170 examples

2019-05-04-04-54-45   >>>>   Start train ranking function

2019-05-04-04-54-45   >>>>   End train ranking function

train_ranking_functioning time = 4.917 ms


2019-05-04-04-54-45   >>>>   Start verify ranking function

[xi_0 = 0]
ranking function : 

2019-05-04-04-54-45   >>>>   End verify ranking function

verifying time = 11.187 ms


Not Found Ranking Fcuntion

Conterexample is 

[0, 0]

sampling time = 1.158 ms


       ########################################         

iteration 18 with 172 examples

2019-05-04-04-54-45   >>>>   Start train ranking function

2019-05-04-04-54-45   >>>>   End train ranking function

train_ranking_functioning time = 4.875 ms


2019-05-04-04-54-45   >>>>   Start verify ranking function

[xi_0 = 0]
ranking function : 

2019-05-04-04-54-45   >>>>   End verify ranking function

verifying time = 11.257 ms


Not Found Ranking Fcuntion

Conterexample is 

[0, 0]

sampling time = 1.037 ms


       ########################################         

iteration 19 with 174 examples

2019-05-04-04-54-45   >>>>   Start train ranking function

5
2019-05-04-04-54-45   >>>>   End train ranking function

train_ranking_functioning time = 4.900 ms


2019-05-04-04-54-45   >>>>   Start verify ranking function

[xi_0 = 0]
ranking function : 

2019-05-04-04-54-45   >>>>   End verify ranking function

verifying time = 10.966 ms


Not Found Ranking Fcuntion

Conterexample is 

[0, 0]

sampling time = 1.221 ms


       ########################################         

iteration 20 with 176 examples

2019-05-04-04-54-45   >>>>   Start train ranking function

2019-05-04-04-54-45   >>>>   End train ranking function

train_ranking_functioning time = 5.044 ms


2019-05-04-04-54-45   >>>>   Start verify ranking function

[xi_0 = 1, xi_1 = 1]
ranking function :  - 0.0065 *  x[0]^-1.0 *  x[1]^3.0 - 0.3951 *  x[0]^-1.0 *  x[1]^-1.0 + 0.0223 *  x[0]^-3.0 *  x[1]^2.0 + 0.016 *  x[1]^3.0

2019-05-04-04-54-45   >>>>   End verify ranking function

verifying time = 22.246 ms


Not Found Ranking Fcuntion

Conterexample is 

[1, 1]

sampling time = 1.206 ms


       ########################################         

iteration 21 with 178 examples

2019-05-04-04-54-45   >>>>   Start train ranking function

2019-05-04-04-54-45   >>>>   End train ranking function

train_ranking_functioning time = 5.081 ms


2019-05-04-04-54-45   >>>>   Start verify ranking function

[xi_0 = 1, xi_1 = 1]
ranking function :  - 0.0048 *  x[0]^-1.0 *  x[1]^3.0 - 0.2529 *  x[0]^-1.0 *  x[1]^-1.0 + 0.0594 *  x[0]^-3.0 *  x[1]^2.0 + 0.0257 *  x[1]^3.0

2019-05-04-04-54-45   >>>>   End verify ranking function

verifying time = 22.160 ms


Not Found Ranking Fcuntion

Conterexample is 

[1, 1]

sampling time = 1.170 ms


       ########################################         

iteration 22 with 180 examples

2019-05-04-04-54-45   >>>>   Start train ranking function

2019-05-04-04-54-45   >>>>   End train ranking function

train_ranking_functioning time = 5.276 ms


2019-05-04-04-54-45   >>>>   Start verify ranking function

[xi_0 = 1, xi_1 = 1]
ranking function : 0.0067 *  x[0]^-1.0 *  x[1]^3.0 - 0.1663 *  x[0]^-1.0 *  x[1]^-1.0 + 0.0785 *  x[0]^-3.0 *  x[1]^2.0 + 0.0217 *  x[1]^3.0

2019-05-04-04-54-45   >>>>   End verify ranking function

verifying time = 38.628 ms


Not Found Ranking Fcuntion

Conterexample is 

[1, 1]

sampling time = 1.074 ms


       ########################################         

iteration 23 with 182 examples

2019-05-04-04-54-45   >>>>   Start train ranking function

2019-05-04-04-54-45   >>>>   End train ranking function

train_ranking_functioning time = 5.206 ms


2019-05-04-04-54-45   >>>>   Start verify ranking function

[xi_0 = 1, xi_1 = -1]
ranking function : 0.0084 *  x[0]^-1.0 *  x[1]^3.0 - 0.0688 *  x[0]^-1.0 *  x[1]^-1.0 + 0.0963 *  x[0]^-3.0 *  x[1]^2.0 + 0.0032 *  x[1]^3.0

2019-05-04-04-54-45   >>>>   End verify ranking function

verifying time = 18.977 ms


Not Found Ranking Fcuntion

Conterexample is 

[1, -1]

sampling time = 1.075 ms


       ########################################         

iteration 24 with 184 examples

2019-05-04-04-54-45   >>>>   Start train ranking function

2019-05-04-04-54-45   >>>>   End train ranking function

train_ranking_functioning time = 5.108 ms


2019-05-04-04-54-45   >>>>   Start verify ranking function

time out
ranking function : 0.0111 *  x[0]^-1.0 *  x[1]^3.0 - 0.139 *  x[0]^-1.0 *  x[1]^-1.0 + 0.0998 *  x[0]^-3.0 *  x[1]^2.0 + 0.0041 *  x[1]^3.0

2019-05-04-04-54-47   >>>>   End verify ranking function

verifying time = 1907.350 ms


UNKNOWN
Time For Template 1 Is--->-2602.730000 ms

------Using Template 2 -----------
9 [3, 3, 3]
*****************************************************

2019-05-04-04-54-47   >>>>   End sampling point

sampling time = 145.943 ms,


       ########################################         

iteration 0 with 272 examples

2019-05-04-04-54-47   >>>>   Start train ranking function

2019-05-04-04-54-47   >>>>   End train ranking function

train_ranking_functioning time = 1.902 ms


2019-05-04-04-54-47   >>>>   Start verify ranking function

[xi_0 = 0, xi_1 = -5]
ranking function : 0.8 *  x[0]^1.0 + 0.9 *  x[1]^1.0 + 4.0 * 1; 0.1 *  x[0]^1.0 + 1.0 * 1; 1.0 * 1

2019-05-04-04-54-47   >>>>   End verify ranking function

verifying time = 9.806 ms


Not Found Ranking Fcuntion

Conterexample is 

[0, -5]

sampling time = 2.036 ms


       ########################################         

iteration 1 with 276 examples

2019-05-04-04-54-47   >>>>   Start train ranking function

2019-05-04-04-54-47   >>>>   End train ranking function

train_ranking_functioning time = 1.891 ms


2019-05-04-04-54-47   >>>>   Start verify ranking function

[xi_0 = 0, xi_1 = -6]
ranking function : 0.6 *  x[0]^1.0 + 0.8 *  x[1]^1.0 + 4.3 * 1; 0.1 *  x[0]^1.0 + 1.0 * 1; 1.0 * 1

2019-05-04-04-54-47   >>>>   End verify ranking function

verifying time = 9.874 ms


Not Found Ranking Fcuntion

Conterexample is 

[0, -6]

sampling time = 2.067 ms


       ########################################         

iteration 2 with 280 examples

2019-05-04-04-54-47   >>>>   Start train ranking function

2019-05-04-04-54-47   >>>>   End train ranking function

train_ranking_functioning time = 2.821 ms


2019-05-04-04-54-47   >>>>   Start verify ranking function

[xi_0 = 0, xi_1 = -6]
ranking function : 0.3 *  x[0]^1.0 + 0.8 *  x[1]^1.0 + 4.6 * 1; 0.1 *  x[0]^1.0 + 1.0 * 1; 1.0 * 1

2019-05-04-04-54-47   >>>>   End verify ranking function

verifying time = 9.814 ms


Not Found Ranking Fcuntion

Conterexample is 

[0, -6]

sampling time = 2.155 ms


       ########################################         

iteration 3 with 284 examples

2019-05-04-04-54-47   >>>>   Start train ranking function

2019-05-04-04-54-47   >>>>   End train ranking function

train_ranking_functioning time = 2.884 ms


2019-05-04-04-54-47   >>>>   Start verify ranking function

[xi_0 = 0, xi_1 = -6]
ranking function : 0.1 *  x[0]^1.0 + 0.8 *  x[1]^1.0 + 4.8 * 1; 0.1 *  x[0]^1.0 + 1.0 * 1; 1.0 * 1

2019-05-04-04-54-47   >>>>   End verify ranking function

verifying time = 9.803 ms


Not Found Ranking Fcuntion

Conterexample is 

[0, -6]

sampling time = 2.025 ms


       ########################################         

iteration 4 with 288 examples

2019-05-04-04-54-47   >>>>   Start train ranking function

2019-05-04-04-54-47   >>>>   End train ranking function

train_ranking_functioning time = 3.032 ms


2019-05-04-04-54-47   >>>>   Start verify ranking function

[xi_0 = 0, xi_1 = -7]
ranking function : 0.8 *  x[1]^1.0 + 4.9 * 1; 1.0 * 1; 1.0 * 1

2019-05-04-04-54-47   >>>>   End verify ranking function

verifying time = 9.706 ms


Not Found Ranking Fcuntion

Conterexample is 

[0, -7]

sampling time = 2.036 ms


       ########################################         

iteration 5 with 292 examples

2019-05-04-04-54-47   >>>>   Start train ranking function

2019-05-04-04-54-47   >>>>   End train ranking function

train_ranking_functioning time = 3.953 ms


2019-05-04-04-54-47   >>>>   Start verify ranking function

[xi_0 = 0, xi_1 = -7]
ranking function : 0.8 *  x[1]^1.0 + 5.1 * 1; 1.0 * 1; 1.0 * 1

2019-05-04-04-54-47   >>>>   End verify ranking function

verifying time = 9.817 ms


Not Found Ranking Fcuntion

Conterexample is 

[0, -7]

sampling time = 2.029 ms


       ########################################         

iteration 6 with 296 examples

2019-05-04-04-54-47   >>>>   Start train ranking function

2019-05-04-04-54-47   >>>>   End train ranking function

train_ranking_functioning time = 3.966 ms


2019-05-04-04-54-47   >>>>   Start verify ranking function

[xi_0 = 0, xi_1 = -7]
ranking function : 0.8 *  x[1]^1.0 + 5.3 * 1; 1.0 * 1; 1.0 * 1

2019-05-04-04-54-47   >>>>   End verify ranking function

verifying time = 9.714 ms


Not Found Ranking Fcuntion

Conterexample is 

[0, -7]

sampling time = 2.135 ms


       ########################################         

iteration 7 with 300 examples

2019-05-04-04-54-47   >>>>   Start train ranking function

2019-05-04-04-54-47   >>>>   End train ranking function

train_ranking_functioning time = 4.144 ms


2019-05-04-04-54-47   >>>>   Start verify ranking function

[xi_0 = 0, xi_1 = -8]
ranking function : 0.7 *  x[1]^1.0 + 5.4 * 1; 1.0 * 1; 1.0 * 1

2019-05-04-04-54-47   >>>>   End verify ranking function

verifying time = 9.829 ms


Not Found Ranking Fcuntion

Conterexample is 

[0, -8]

sampling time = 2.207 ms


       ########################################         

iteration 8 with 304 examples

2019-05-04-04-54-47   >>>>   Start train ranking function

2019-05-04-04-54-47   >>>>   End train ranking function

train_ranking_functioning time = 5.379 ms


2019-05-04-04-54-47   >>>>   Start verify ranking function

[xi_0 = 0, xi_1 = -8]
ranking function : 0.7 *  x[1]^1.0 + 5.5 * 1; 1.0 * 1; 1.0 * 1

2019-05-04-04-54-47   >>>>   End verify ranking function

verifying time = 10.761 ms


Not Found Ranking Fcuntion

Conterexample is 

[0, -8]

sampling time = 2.350 ms


       ########################################         

iteration 9 with 308 examples

2019-05-04-04-54-47   >>>>   Start train ranking function

2019-05-04-04-54-47   >>>>   End train ranking function

train_ranking_functioning time = 5.106 ms


2019-05-04-04-54-47   >>>>   Start verify ranking function

[xi_0 = 0, xi_1 = -9]
ranking function : 0.7 *  x[1]^1.0 + 5.7 * 1; 1.0 * 1; 1.0 * 1

2019-05-04-04-54-47   >>>>   End verify ranking function

verifying time = 10.505 ms


Not Found Ranking Fcuntion

Conterexample is 

[0, -9]

sampling time = 2.189 ms


       ########################################         

iteration 10 with 312 examples

2019-05-04-04-54-47   >>>>   Start train ranking function

2019-05-04-04-54-47   >>>>   End train ranking function

train_ranking_functioning time = 5.522 ms


2019-05-04-04-54-47   >>>>   Start verify ranking function

[xi_0 = 0, xi_1 = -9]
ranking function : 0.7 *  x[1]^1.0 + 5.8 * 1; 1.0 * 1; 1.0 * 1

2019-05-04-04-54-47   >>>>   End verify ranking function

verifying time = 10.030 ms


Not Found Ranking Fcuntion

Conterexample is 

[0, -9]

sampling time = 2.176 ms


       ########################################         

iteration 11 with 316 examples

2019-05-04-04-54-47   >>>>   Start train ranking function

2019-05-04-04-54-47   >>>>   End train ranking function

train_ranking_functioning time = 5.582 ms


2019-05-04-04-54-47   >>>>   Start verify ranking function

[xi_0 = 0, xi_1 = -9]
ranking function : 0.7 *  x[1]^1.0 + 5.9 * 1; 1.0 * 1; 1.0 * 1

2019-05-04-04-54-47   >>>>   End verify ranking function

verifying time = 9.888 ms


Not Found Ranking Fcuntion

Conterexample is 

[0, -9]

sampling time = 2.141 ms


       ########################################         

iteration 12 with 320 examples

2019-05-04-04-54-47   >>>>   Start train ranking function

2019-05-04-04-54-47   >>>>   End train ranking function

train_ranking_functioning time = 6.065 ms


2019-05-04-04-54-47   >>>>   Start verify ranking function

[xi_0 = 0, xi_1 = -9]
ranking function : 0.7 *  x[1]^1.0 + 6.1 * 1; 1.0 * 1; 1.0 * 1

2019-05-04-04-54-47   >>>>   End verify ranking function

verifying time = 9.838 ms


Not Found Ranking Fcuntion

Conterexample is 

[0, -9]

sampling time = 2.071 ms


       ########################################         

iteration 13 with 324 examples

2019-05-04-04-54-47   >>>>   Start train ranking function

2019-05-04-04-54-47   >>>>   End train ranking function

train_ranking_functioning time = 6.068 ms


2019-05-04-04-54-47   >>>>   Start verify ranking function

[xi_0 = 0, xi_1 = -9]
ranking function : 0.7 *  x[1]^1.0 + 6.2 * 1; 1.0 * 1; 1.0 * 1

2019-05-04-04-54-47   >>>>   End verify ranking function

verifying time = 10.589 ms


Not Found Ranking Fcuntion

Conterexample is 

[0, -9]

sampling time = 2.053 ms


       ########################################         

iteration 14 with 328 examples

2019-05-04-04-54-47   >>>>   Start train ranking function

2019-05-04-04-54-47   >>>>   End train ranking function

train_ranking_functioning time = 6.331 ms


2019-05-04-04-54-47   >>>>   Start verify ranking function

[xi_0 = 0, xi_1 = -9]
ranking function : 0.7 *  x[1]^1.0 + 6.2 * 1; 1.0 * 1; 1.0 * 1

2019-05-04-04-54-48   >>>>   End verify ranking function

verifying time = 10.346 ms


Not Found Ranking Fcuntion

Conterexample is 

[0, -9]

sampling time = 2.271 ms


       ########################################         

iteration 15 with 332 examples

2019-05-04-04-54-48   >>>>   Start train ranking function

2019-05-04-04-54-48   >>>>   End train ranking function

train_ranking_functioning time = 6.455 ms


2019-05-04-04-54-48   >>>>   Start verify ranking function

[xi_0 = 0, xi_1 = -9]
ranking function : 0.7 *  x[1]^1.0 + 6.3 * 1; 1.0 * 1; 1.0 * 1

2019-05-04-04-54-48   >>>>   End verify ranking function

verifying time = 10.065 ms


Not Found Ranking Fcuntion

Conterexample is 

[0, -9]

sampling time = 2.048 ms


       ########################################         

iteration 16 with 336 examples

2019-05-04-04-54-48   >>>>   Start train ranking function

2019-05-04-04-54-48   >>>>   End train ranking function

train_ranking_functioning time = 6.170 ms


2019-05-04-04-54-48   >>>>   Start verify ranking function

[xi_0 = 0, xi_1 = -10]
ranking function : 0.7 *  x[1]^1.0 + 6.4 * 1; 1.0 * 1; 1.0 * 1

2019-05-04-04-54-48   >>>>   End verify ranking function

verifying time = 9.799 ms


Not Found Ranking Fcuntion

Conterexample is 

[0, -10]

sampling time = 2.040 ms


       ########################################         

iteration 17 with 340 examples

2019-05-04-04-54-48   >>>>   Start train ranking function

2019-05-04-04-54-48   >>>>   End train ranking function

train_ranking_functioning time = 6.260 ms


2019-05-04-04-54-48   >>>>   Start verify ranking function

[xi_0 = 0, xi_1 = -11]
ranking function : 0.6 *  x[1]^1.0 + 6.5 * 1; 1.0 * 1; 1.0 * 1

2019-05-04-04-54-48   >>>>   End verify ranking function

verifying time = 9.876 ms


Not Found Ranking Fcuntion

Conterexample is 

[0, -11]

sampling time = 2.050 ms


       ########################################         

iteration 18 with 344 examples

2019-05-04-04-54-48   >>>>   Start train ranking function

2019-05-04-04-54-48   >>>>   End train ranking function

train_ranking_functioning time = 6.985 ms


2019-05-04-04-54-48   >>>>   Start verify ranking function

[xi_0 = 0, xi_1 = -11]
ranking function : 0.6 *  x[1]^1.0 + 6.4 * 1; 1.0 * 1; 1.0 * 1

2019-05-04-04-54-48   >>>>   End verify ranking function

verifying time = 9.750 ms


Not Found Ranking Fcuntion

Conterexample is 

[0, -11]

sampling time = 2.052 ms


       ########################################         

iteration 19 with 348 examples

2019-05-04-04-54-48   >>>>   Start train ranking function

2019-05-04-04-54-48   >>>>   End train ranking function

train_ranking_functioning time = 7.398 ms


2019-05-04-04-54-48   >>>>   Start verify ranking function

[xi_0 = 0, xi_1 = -11]
ranking function : 0.6 *  x[1]^1.0 + 6.4 * 1; 1.0 * 1; 1.0 * 1

2019-05-04-04-54-48   >>>>   End verify ranking function

verifying time = 9.816 ms


Not Found Ranking Fcuntion

Conterexample is 

[0, -11]

sampling time = 2.142 ms


       ########################################         

iteration 20 with 352 examples

2019-05-04-04-54-48   >>>>   Start train ranking function

2019-05-04-04-54-48   >>>>   End train ranking function

train_ranking_functioning time = 7.579 ms


2019-05-04-04-54-48   >>>>   Start verify ranking function

[xi_0 = 0, xi_1 = -11]
ranking function : 0.6 *  x[1]^1.0 + 6.5 * 1; 1.0 * 1; 1.0 * 1

2019-05-04-04-54-48   >>>>   End verify ranking function

verifying time = 9.871 ms


Not Found Ranking Fcuntion

Conterexample is 

[0, -11]

sampling time = 2.093 ms


       ########################################         

iteration 21 with 356 examples

2019-05-04-04-54-48   >>>>   Start train ranking function

2019-05-04-04-54-48   >>>>   End train ranking function

train_ranking_functioning time = 7.801 ms


2019-05-04-04-54-48   >>>>   Start verify ranking function

[xi_0 = 0, xi_1 = -12]
ranking function : 0.6 *  x[1]^1.0 + 6.7 * 1; 1.0 * 1; 1.0 * 1

2019-05-04-04-54-48   >>>>   End verify ranking function

verifying time = 9.756 ms


Not Found Ranking Fcuntion

Conterexample is 

[0, -12]

sampling time = 2.046 ms


       ########################################         

iteration 22 with 360 examples

2019-05-04-04-54-48   >>>>   Start train ranking function

2019-05-04-04-54-48   >>>>   End train ranking function

train_ranking_functioning time = 8.177 ms


2019-05-04-04-54-48   >>>>   Start verify ranking function

[xi_0 = 0, xi_1 = -12]
ranking function : 0.6 *  x[1]^1.0 + 6.7 * 1; 1.0 * 1; 1.0 * 1

2019-05-04-04-54-48   >>>>   End verify ranking function

verifying time = 9.777 ms


Not Found Ranking Fcuntion

Conterexample is 

[0, -12]

sampling time = 2.341 ms


       ########################################         

iteration 23 with 364 examples

2019-05-04-04-54-48   >>>>   Start train ranking function

2019-05-04-04-54-48   >>>>   End train ranking function

train_ranking_functioning time = 8.814 ms


2019-05-04-04-54-48   >>>>   Start verify ranking function

[xi_0 = 0, xi_1 = -12]
ranking function : 0.6 *  x[1]^1.0 + 6.8 * 1; 1.0 * 1; 1.0 * 1

2019-05-04-04-54-48   >>>>   End verify ranking function

verifying time = 10.836 ms


Not Found Ranking Fcuntion

Conterexample is 

[0, -12]

sampling time = 2.258 ms


       ########################################         

iteration 24 with 368 examples

2019-05-04-04-54-48   >>>>   Start train ranking function

2019-05-04-04-54-48   >>>>   End train ranking function

train_ranking_functioning time = 8.649 ms


2019-05-04-04-54-48   >>>>   Start verify ranking function

[xi_0 = 0, xi_1 = -12]
ranking function : 0.6 *  x[1]^1.0 + 6.9 * 1; 1.0 * 1; 1.0 * 1

2019-05-04-04-54-48   >>>>   End verify ranking function

verifying time = 9.900 ms


Not Found Ranking Fcuntion

Conterexample is 

[0, -12]

sampling time = 2.113 ms


Failed to prove it is terminated

UNKNOWN
Time For Template 2 Is--->-644.742000 ms

------Using Template 3 -----------
5 [3, 1, 1]
*****************************************************

2019-05-04-04-54-48   >>>>   End sampling point

sampling time = 103.481 ms,


       ########################################         

iteration 0 with 272 examples

2019-05-04-04-54-48   >>>>   Start train ranking function

2019-05-04-04-54-48   >>>>   End train ranking function

train_ranking_functioning time = 8.336 ms


2019-05-04-04-54-48   >>>>   Start verify ranking function

[xi_0 = 1, xi_1 = 0]
ranking function : 0.2 *  x[0]^-3.0 *  x[1]^-2.0 + 0.2 *  x[0]^1.0 *  x[1]^-0.5; 0.8 *  x[1]^-0.5; 0.2 *  x[0]^0.5 *  x[1]^-3.0

2019-05-04-04-54-48   >>>>   End verify ranking function

verifying time = 18.585 ms


Not Found Ranking Fcuntion

Conterexample is 

[1, 0]

sampling time = 1.390 ms


       ########################################         

iteration 1 with 276 examples

2019-05-04-04-54-48   >>>>   Start train ranking function

2019-05-04-04-54-48   >>>>   End train ranking function

train_ranking_functioning time = 8.996 ms


2019-05-04-04-54-48   >>>>   Start verify ranking function

[xi_0 = 1, xi_1 = 1]
ranking function : 0.2 *  x[0]^1.0 *  x[1]^-0.5; 0.8 *  x[1]^-0.5; 0.2 *  x[0]^0.5 *  x[1]^-3.0

2019-05-04-04-54-48   >>>>   End verify ranking function

verifying time = 15.553 ms


Not Found Ranking Fcuntion

Conterexample is 

[1, 1]

sampling time = 1.374 ms


       ########################################         

iteration 2 with 280 examples

2019-05-04-04-54-48   >>>>   Start train ranking function

2019-05-04-04-54-48   >>>>   End train ranking function

train_ranking_functioning time = 8.674 ms


2019-05-04-04-54-48   >>>>   Start verify ranking function

[xi_0 = 1, xi_1 = 0]
ranking function : 0.1 *  x[0]^-3.0 *  x[1]^-2.0 + 0.2 *  x[0]^1.0 *  x[1]^-0.5; 0.8 *  x[1]^-0.5; 0.2 *  x[0]^0.5 *  x[1]^-3.0

2019-05-04-04-54-48   >>>>   End verify ranking function

verifying time = 17.415 ms


Not Found Ranking Fcuntion

Conterexample is 

[1, 0]

sampling time = 1.384 ms


       ########################################         

iteration 3 with 284 examples

2019-05-04-04-54-48   >>>>   Start train ranking function

2019-05-04-04-54-48   >>>>   End train ranking function

train_ranking_functioning time = 8.984 ms


2019-05-04-04-54-48   >>>>   Start verify ranking function

[xi_0 = 1, xi_1 = 1]
ranking function : 0.2 *  x[0]^1.0 *  x[1]^-0.5; 0.8 *  x[1]^-0.5; 0.2 *  x[0]^0.5 *  x[1]^-3.0

2019-05-04-04-54-48   >>>>   End verify ranking function

verifying time = 15.332 ms


Not Found Ranking Fcuntion

Conterexample is 

[1, 1]

sampling time = 1.398 ms


       ########################################         

iteration 4 with 288 examples

2019-05-04-04-54-48   >>>>   Start train ranking function

2019-05-04-04-54-48   >>>>   End train ranking function

train_ranking_functioning time = 8.781 ms


2019-05-04-04-54-48   >>>>   Start verify ranking function

[xi_0 = 1, xi_1 = 1]
ranking function : 0.2 *  x[0]^1.0 *  x[1]^-0.5; 0.8 *  x[1]^-0.5; 0.3 *  x[0]^0.5 *  x[1]^-3.0

2019-05-04-04-54-48   >>>>   End verify ranking function

verifying time = 15.452 ms


Not Found Ranking Fcuntion

Conterexample is 

[1, 1]

sampling time = 1.399 ms


       ########################################         

iteration 5 with 292 examples

2019-05-04-04-54-48   >>>>   Start train ranking function

2019-05-04-04-54-48   >>>>   End train ranking function

train_ranking_functioning time = 8.790 ms


2019-05-04-04-54-48   >>>>   Start verify ranking function

[xi_0 = 1, xi_1 = 0]
ranking function : 0.1 *  x[0]^-3.0 *  x[1]^-2.0 + 0.2 *  x[0]^1.0 *  x[1]^-0.5; 0.8 *  x[1]^-0.5; 0.3 *  x[0]^0.5 *  x[1]^-3.0

2019-05-04-04-54-48   >>>>   End verify ranking function

verifying time = 21.400 ms


Not Found Ranking Fcuntion

Conterexample is 

[1, 0]

sampling time = 1.397 ms


       ########################################         

iteration 6 with 296 examples

2019-05-04-04-54-48   >>>>   Start train ranking function

2019-05-04-04-54-48   >>>>   End train ranking function

train_ranking_functioning time = 8.972 ms


2019-05-04-04-54-48   >>>>   Start verify ranking function

[xi_0 = 1, xi_1 = 1]
ranking function : 0.2 *  x[0]^1.0 *  x[1]^-0.5; 0.7 *  x[1]^-0.5; 0.3 *  x[0]^0.5 *  x[1]^-3.0

2019-05-04-04-54-48   >>>>   End verify ranking function

verifying time = 15.382 ms


Not Found Ranking Fcuntion

Conterexample is 

[1, 1]

sampling time = 1.398 ms


       ########################################         

iteration 7 with 300 examples

2019-05-04-04-54-48   >>>>   Start train ranking function

2019-05-04-04-54-48   >>>>   End train ranking function

train_ranking_functioning time = 8.863 ms


2019-05-04-04-54-48   >>>>   Start verify ranking function

[xi_0 = 1, xi_1 = 1]
ranking function : 0.2 *  x[0]^1.0 *  x[1]^-0.5; 0.7 *  x[1]^-0.5; 0.3 *  x[0]^0.5 *  x[1]^-3.0

2019-05-04-04-54-48   >>>>   End verify ranking function

verifying time = 15.353 ms


Not Found Ranking Fcuntion

Conterexample is 

[1, 1]

sampling time = 1.433 ms


       ########################################         

iteration 8 with 304 examples

2019-05-04-04-54-48   >>>>   Start train ranking function

2019-05-04-04-54-48   >>>>   End train ranking function

train_ranking_functioning time = 9.107 ms


2019-05-04-04-54-48   >>>>   Start verify ranking function

[xi_0 = 1, xi_1 = 0]
ranking function : 0.1 *  x[0]^-3.0 *  x[1]^-2.0 + 0.2 *  x[0]^1.0 *  x[1]^-0.5; 0.7 *  x[1]^-0.5; 0.4 *  x[0]^0.5 *  x[1]^-3.0

2019-05-04-04-54-48   >>>>   End verify ranking function

verifying time = 17.418 ms


Not Found Ranking Fcuntion

Conterexample is 

[1, 0]

sampling time = 1.383 ms


       ########################################         

iteration 9 with 308 examples

2019-05-04-04-54-48   >>>>   Start train ranking function

2019-05-04-04-54-48   >>>>   End train ranking function

train_ranking_functioning time = 9.309 ms


2019-05-04-04-54-48   >>>>   Start verify ranking function

[xi_0 = 1, xi_1 = 1]
ranking function : 0.2 *  x[0]^1.0 *  x[1]^-0.5; 0.7 *  x[1]^-0.5; 0.4 *  x[0]^0.5 *  x[1]^-3.0

2019-05-04-04-54-48   >>>>   End verify ranking function

verifying time = 15.226 ms


Not Found Ranking Fcuntion

Conterexample is 

[1, 1]

sampling time = 1.398 ms


       ########################################         

iteration 10 with 312 examples

2019-05-04-04-54-48   >>>>   Start train ranking function

2019-05-04-04-54-48   >>>>   End train ranking function

train_ranking_functioning time = 9.244 ms


2019-05-04-04-54-48   >>>>   Start verify ranking function

[xi_0 = 1, xi_1 = 1]
ranking function : 0.2 *  x[0]^1.0 *  x[1]^-0.5; 0.7 *  x[1]^-0.5; 0.4 *  x[0]^0.5 *  x[1]^-3.0

2019-05-04-04-54-48   >>>>   End verify ranking function

verifying time = 15.225 ms


Not Found Ranking Fcuntion

Conterexample is 

[1, 1]

sampling time = 1.499 ms


       ########################################         

iteration 11 with 316 examples

2019-05-04-04-54-48   >>>>   Start train ranking function

2019-05-04-04-54-48   >>>>   End train ranking function

train_ranking_functioning time = 9.711 ms


2019-05-04-04-54-48   >>>>   Start verify ranking function

[xi_0 = 1, xi_1 = 0]
ranking function : 0.1 *  x[0]^-3.0 *  x[1]^-2.0 + 0.2 *  x[0]^1.0 *  x[1]^-0.5; 0.7 *  x[1]^-0.5; 0.4 *  x[0]^0.5 *  x[1]^-3.0

2019-05-04-04-54-48   >>>>   End verify ranking function

verifying time = 21.603 ms


Not Found Ranking Fcuntion

Conterexample is 

[1, 0]

sampling time = 1.420 ms


       ########################################         

iteration 12 with 320 examples

2019-05-04-04-54-48   >>>>   Start train ranking function

2019-05-04-04-54-48   >>>>   End train ranking function

train_ranking_functioning time = 9.438 ms


2019-05-04-04-54-48   >>>>   Start verify ranking function

[xi_0 = 1, xi_1 = 1]
ranking function : 0.2 *  x[0]^1.0 *  x[1]^-0.5; 0.7 *  x[1]^-0.5; 0.4 *  x[0]^0.5 *  x[1]^-3.0

2019-05-04-04-54-48   >>>>   End verify ranking function

verifying time = 15.475 ms


Not Found Ranking Fcuntion

Conterexample is 

[1, 1]

sampling time = 1.455 ms


       ########################################         

iteration 13 with 324 examples

2019-05-04-04-54-48   >>>>   Start train ranking function

2019-05-04-04-54-48   >>>>   End train ranking function

train_ranking_functioning time = 9.567 ms


2019-05-04-04-54-48   >>>>   Start verify ranking function

[xi_0 = 1, xi_1 = 0]
ranking function : 0.1 *  x[0]^-3.0 *  x[1]^-2.0 + 0.2 *  x[0]^1.0 *  x[1]^-0.5; 0.7 *  x[1]^-0.5; 0.4 *  x[0]^0.5 *  x[1]^-3.0

2019-05-04-04-54-48   >>>>   End verify ranking function

verifying time = 17.522 ms


Not Found Ranking Fcuntion

Conterexample is 

[1, 0]

sampling time = 1.393 ms


       ########################################         

iteration 14 with 328 examples

2019-05-04-04-54-48   >>>>   Start train ranking function

2019-05-04-04-54-48   >>>>   End train ranking function

train_ranking_functioning time = 9.928 ms


2019-05-04-04-54-48   >>>>   Start verify ranking function

[xi_0 = 1, xi_1 = 1]
ranking function : 0.2 *  x[0]^1.0 *  x[1]^-0.5; 0.7 *  x[1]^-0.5; 0.4 *  x[0]^0.5 *  x[1]^-3.0

2019-05-04-04-54-48   >>>>   End verify ranking function

verifying time = 15.462 ms


Not Found Ranking Fcuntion

Conterexample is 

[1, 1]

sampling time = 1.387 ms


       ########################################         

iteration 15 with 332 examples

2019-05-04-04-54-48   >>>>   Start train ranking function

2019-05-04-04-54-48   >>>>   End train ranking function

train_ranking_functioning time = 9.731 ms


2019-05-04-04-54-48   >>>>   Start verify ranking function

[xi_0 = 1, xi_1 = 1]
ranking function : 0.2 *  x[0]^1.0 *  x[1]^-0.5; 0.7 *  x[1]^-0.5; 0.5 *  x[0]^0.5 *  x[1]^-3.0

2019-05-04-04-54-48   >>>>   End verify ranking function

verifying time = 15.298 ms


Not Found Ranking Fcuntion

Conterexample is 

[1, 1]

sampling time = 1.398 ms


       ########################################         

iteration 16 with 336 examples

2019-05-04-04-54-48   >>>>   Start train ranking function

2019-05-04-04-54-48   >>>>   End train ranking function

train_ranking_functioning time = 9.749 ms


2019-05-04-04-54-48   >>>>   Start verify ranking function

[xi_0 = 1, xi_1 = 0]
ranking function : 0.1 *  x[0]^-3.0 *  x[1]^-2.0 + 0.2 *  x[0]^1.0 *  x[1]^-0.5; 0.7 *  x[1]^-0.5; 0.5 *  x[0]^0.5 *  x[1]^-3.0

2019-05-04-04-54-48   >>>>   End verify ranking function

verifying time = 17.344 ms


Not Found Ranking Fcuntion

Conterexample is 

[1, 0]

sampling time = 1.393 ms


       ########################################         

iteration 17 with 340 examples

2019-05-04-04-54-48   >>>>   Start train ranking function

2019-05-04-04-54-48   >>>>   End train ranking function

train_ranking_functioning time = 9.833 ms


2019-05-04-04-54-48   >>>>   Start verify ranking function

[xi_0 = 1, xi_1 = 1]
ranking function : 0.2 *  x[0]^1.0 *  x[1]^-0.5; 0.7 *  x[1]^-0.5; 0.5 *  x[0]^0.5 *  x[1]^-3.0

2019-05-04-04-54-48   >>>>   End verify ranking function

verifying time = 15.313 ms


Not Found Ranking Fcuntion

Conterexample is 

[1, 1]

sampling time = 1.383 ms


       ########################################         

iteration 18 with 344 examples

2019-05-04-04-54-48   >>>>   Start train ranking function

2019-05-04-04-54-48   >>>>   End train ranking function

train_ranking_functioning time = 9.955 ms


2019-05-04-04-54-48   >>>>   Start verify ranking function

[xi_0 = 1, xi_1 = 1]
ranking function : 0.2 *  x[0]^1.0 *  x[1]^-0.5; 0.7 *  x[1]^-0.5; 0.5 *  x[0]^0.5 *  x[1]^-3.0

2019-05-04-04-54-48   >>>>   End verify ranking function

verifying time = 15.499 ms


Not Found Ranking Fcuntion

Conterexample is 

[1, 1]

sampling time = 1.383 ms


       ########################################         

iteration 19 with 348 examples

2019-05-04-04-54-48   >>>>   Start train ranking function

2019-05-04-04-54-48   >>>>   End train ranking function

train_ranking_functioning time = 10.179 ms


2019-05-04-04-54-48   >>>>   Start verify ranking function

[xi_0 = 1, xi_1 = 0]
ranking function : 0.1 *  x[0]^-3.0 *  x[1]^-2.0 + 0.2 *  x[0]^1.0 *  x[1]^-0.5; 0.7 *  x[1]^-0.5; 0.5 *  x[0]^0.5 *  x[1]^-3.0

2019-05-04-04-54-48   >>>>   End verify ranking function

verifying time = 17.399 ms


Not Found Ranking Fcuntion

Conterexample is 

[1, 0]

sampling time = 1.434 ms


       ########################################         

iteration 20 with 352 examples

2019-05-04-04-54-48   >>>>   Start train ranking function

2019-05-04-04-54-48   >>>>   End train ranking function

train_ranking_functioning time = 10.321 ms


2019-05-04-04-54-48   >>>>   Start verify ranking function

[xi_0 = 1, xi_1 = 1]
ranking function : 0.2 *  x[0]^1.0 *  x[1]^-0.5; 0.6 *  x[1]^-0.5; 0.5 *  x[0]^0.5 *  x[1]^-3.0

2019-05-04-04-54-48   >>>>   End verify ranking function

verifying time = 15.438 ms


Not Found Ranking Fcuntion

Conterexample is 

[1, 1]

sampling time = 1.442 ms


       ########################################         

iteration 21 with 356 examples

2019-05-04-04-54-48   >>>>   Start train ranking function

2019-05-04-04-54-48   >>>>   End train ranking function

train_ranking_functioning time = 10.307 ms


2019-05-04-04-54-48   >>>>   Start verify ranking function

[xi_0 = 1, xi_1 = 1]
ranking function : 0.2 *  x[0]^1.0 *  x[1]^-0.5; 0.6 *  x[1]^-0.5; 0.5 *  x[0]^0.5 *  x[1]^-3.0

2019-05-04-04-54-48   >>>>   End verify ranking function

verifying time = 15.449 ms


Not Found Ranking Fcuntion

Conterexample is 

[1, 1]

sampling time = 1.401 ms


       ########################################         

iteration 22 with 360 examples

2019-05-04-04-54-48   >>>>   Start train ranking function

2019-05-04-04-54-48   >>>>   End train ranking function

train_ranking_functioning time = 10.379 ms


2019-05-04-04-54-48   >>>>   Start verify ranking function

[xi_0 = 1, xi_1 = 0]
ranking function : 0.1 *  x[0]^-3.0 *  x[1]^-2.0 + 0.2 *  x[0]^1.0 *  x[1]^-0.5; 0.7 *  x[1]^-0.5; 0.5 *  x[0]^0.5 *  x[1]^-3.0

2019-05-04-04-54-48   >>>>   End verify ranking function

verifying time = 20.193 ms


Not Found Ranking Fcuntion

Conterexample is 

[1, 0]

sampling time = 1.551 ms


       ########################################         

iteration 23 with 364 examples

2019-05-04-04-54-49   >>>>   Start train ranking function

2019-05-04-04-54-49   >>>>   End train ranking function

train_ranking_functioning time = 10.946 ms


2019-05-04-04-54-49   >>>>   Start verify ranking function

[xi_0 = 1, xi_1 = 1]
ranking function : 0.3 *  x[0]^1.0 *  x[1]^-0.5 + 0.1 *  x[0]^-1.0; 0.6 *  x[1]^-0.5; 0.5 *  x[0]^0.5 *  x[1]^-3.0

2019-05-04-04-54-49   >>>>   End verify ranking function

verifying time = 15.692 ms


Not Found Ranking Fcuntion

Conterexample is 

[1, 1]

sampling time = 1.381 ms


       ########################################         

iteration 24 with 368 examples

2019-05-04-04-54-49   >>>>   Start train ranking function

2019-05-04-04-54-49   >>>>   End train ranking function

train_ranking_functioning time = 10.513 ms


2019-05-04-04-54-49   >>>>   Start verify ranking function

[xi_0 = 1, xi_1 = 1]
ranking function : 0.2 *  x[0]^1.0 *  x[1]^-0.5; 0.6 *  x[1]^-0.5; 0.5 *  x[0]^0.5 *  x[1]^-3.0

2019-05-04-04-54-49   >>>>   End verify ranking function

verifying time = 16.605 ms


Not Found Ranking Fcuntion

Conterexample is 

[1, 1]

sampling time = 1.456 ms


Failed to prove it is terminated

UNKNOWN
Time For Template 3 Is--->-840.015000 ms

------Using Template 4 -----------
15 [3, 3, 3, 3, 3]
*****************************************************

2019-05-04-04-54-49   >>>>   End sampling point

sampling time = 239.916 ms,


       ########################################         

iteration 0 with 408 examples

2019-05-04-04-54-49   >>>>   Start train ranking function

2019-05-04-04-54-49   >>>>   End train ranking function

train_ranking_functioning time = 2.666 ms


2019-05-04-04-54-49   >>>>   Start verify ranking function

[xi_0 = 0, xi_1 = -5]
ranking function : 0.8 *  x[0]^1.0 + 0.9 *  x[1]^1.0 + 4.0 * 1; 0.1 *  x[0]^1.0 + 1.0 * 1; 1.0 * 1; 1.0 * 1; 1.0 * 1

2019-05-04-04-54-49   >>>>   End verify ranking function

verifying time = 10.230 ms


Not Found Ranking Fcuntion

Conterexample is 

[0, -5]

sampling time = 3.462 ms


       ########################################         

iteration 1 with 414 examples

2019-05-04-04-54-49   >>>>   Start train ranking function

2019-05-04-04-54-49   >>>>   End train ranking function

train_ranking_functioning time = 2.754 ms


2019-05-04-04-54-49   >>>>   Start verify ranking function

[xi_0 = 0, xi_1 = -6]
ranking function : 0.6 *  x[0]^1.0 + 0.8 *  x[1]^1.0 + 4.3 * 1; 0.1 *  x[0]^1.0 + 1.0 * 1; 1.0 * 1; 1.0 * 1; 1.0 * 1

2019-05-04-04-54-49   >>>>   End verify ranking function

verifying time = 10.195 ms


Not Found Ranking Fcuntion

Conterexample is 

[0, -6]

sampling time = 3.451 ms


       ########################################         

iteration 2 with 420 examples

2019-05-04-04-54-49   >>>>   Start train ranking function

2019-05-04-04-54-49   >>>>   End train ranking function

train_ranking_functioning time = 4.229 ms


2019-05-04-04-54-49   >>>>   Start verify ranking function

[xi_0 = 0, xi_1 = -6]
ranking function : 0.3 *  x[0]^1.0 + 0.8 *  x[1]^1.0 + 4.6 * 1; 0.1 *  x[0]^1.0 + 1.0 * 1; 1.0 * 1; 1.0 * 1; 1.0 * 1

2019-05-04-04-54-49   >>>>   End verify ranking function

verifying time = 10.279 ms


Not Found Ranking Fcuntion

Conterexample is 

[0, -6]

sampling time = 3.437 ms


       ########################################         

iteration 3 with 426 examples

2019-05-04-04-54-49   >>>>   Start train ranking function

2019-05-04-04-54-49   >>>>   End train ranking function

train_ranking_functioning time = 4.475 ms


2019-05-04-04-54-49   >>>>   Start verify ranking function

[xi_0 = 0, xi_1 = -6]
ranking function : 0.1 *  x[0]^1.0 + 0.8 *  x[1]^1.0 + 4.8 * 1; 0.1 *  x[0]^1.0 + 1.0 * 1; 1.0 * 1; 1.0 * 1; 1.0 * 1

2019-05-04-04-54-49   >>>>   End verify ranking function

verifying time = 10.429 ms


Not Found Ranking Fcuntion

Conterexample is 

[0, -6]

sampling time = 3.432 ms


       ########################################         

iteration 4 with 432 examples

2019-05-04-04-54-49   >>>>   Start train ranking function

2019-05-04-04-54-49   >>>>   End train ranking function

train_ranking_functioning time = 4.598 ms


2019-05-04-04-54-49   >>>>   Start verify ranking function

[xi_0 = 0, xi_1 = -7]
ranking function : 0.8 *  x[1]^1.0 + 4.9 * 1; 1.0 * 1; 1.0 * 1; 1.0 * 1; 1.0 * 1

2019-05-04-04-54-49   >>>>   End verify ranking function

verifying time = 10.170 ms


Not Found Ranking Fcuntion

Conterexample is 

[0, -7]

sampling time = 3.384 ms


       ########################################         

iteration 5 with 438 examples

2019-05-04-04-54-49   >>>>   Start train ranking function

2019-05-04-04-54-49   >>>>   End train ranking function

train_ranking_functioning time = 5.797 ms


2019-05-04-04-54-49   >>>>   Start verify ranking function

[xi_0 = 0, xi_1 = -7]
ranking function : 0.8 *  x[1]^1.0 + 5.1 * 1; 1.0 * 1; 1.0 * 1; 1.0 * 1; 1.0 * 1

2019-05-04-04-54-49   >>>>   End verify ranking function

verifying time = 10.197 ms


Not Found Ranking Fcuntion

Conterexample is 

[0, -7]

sampling time = 3.503 ms


       ########################################         

iteration 6 with 444 examples

2019-05-04-04-54-49   >>>>   Start train ranking function

2019-05-04-04-54-49   >>>>   End train ranking function

train_ranking_functioning time = 5.961 ms


2019-05-04-04-54-49   >>>>   Start verify ranking function

[xi_0 = 0, xi_1 = -7]
ranking function : 0.8 *  x[1]^1.0 + 5.3 * 1; 1.0 * 1; 1.0 * 1; 1.0 * 1; 1.0 * 1

2019-05-04-04-54-49   >>>>   End verify ranking function

verifying time = 10.224 ms


Not Found Ranking Fcuntion

Conterexample is 

[0, -7]

sampling time = 3.509 ms


       ########################################         

iteration 7 with 450 examples

2019-05-04-04-54-49   >>>>   Start train ranking function

2019-05-04-04-54-49   >>>>   End train ranking function

train_ranking_functioning time = 6.226 ms


2019-05-04-04-54-49   >>>>   Start verify ranking function

[xi_0 = 0, xi_1 = -8]
ranking function : 0.7 *  x[1]^1.0 + 5.4 * 1; 1.0 * 1; 1.0 * 1; 1.0 * 1; 1.0 * 1

2019-05-04-04-54-49   >>>>   End verify ranking function

verifying time = 10.651 ms


Not Found Ranking Fcuntion

Conterexample is 

[0, -8]

sampling time = 3.500 ms


       ########################################         

iteration 8 with 456 examples

2019-05-04-04-54-49   >>>>   Start train ranking function

2019-05-04-04-54-49   >>>>   End train ranking function

train_ranking_functioning time = 7.468 ms


2019-05-04-04-54-49   >>>>   Start verify ranking function

[xi_0 = 0, xi_1 = -8]
ranking function : 0.7 *  x[1]^1.0 + 5.5 * 1; 1.0 * 1; 1.0 * 1; 1.0 * 1; 1.0 * 1

2019-05-04-04-54-49   >>>>   End verify ranking function

verifying time = 10.236 ms


Not Found Ranking Fcuntion

Conterexample is 

[0, -8]

sampling time = 3.556 ms


       ########################################         

iteration 9 with 462 examples

2019-05-04-04-54-49   >>>>   Start train ranking function

2019-05-04-04-54-49   >>>>   End train ranking function

train_ranking_functioning time = 7.421 ms


2019-05-04-04-54-49   >>>>   Start verify ranking function

[xi_0 = 0, xi_1 = -9]
ranking function : 0.7 *  x[1]^1.0 + 5.7 * 1; 1.0 * 1; 1.0 * 1; 1.0 * 1; 1.0 * 1

2019-05-04-04-54-49   >>>>   End verify ranking function

verifying time = 10.188 ms


Not Found Ranking Fcuntion

Conterexample is 

[0, -9]

sampling time = 3.422 ms


       ########################################         

iteration 10 with 468 examples

2019-05-04-04-54-49   >>>>   Start train ranking function

2019-05-04-04-54-49   >>>>   End train ranking function

train_ranking_functioning time = 8.840 ms


2019-05-04-04-54-49   >>>>   Start verify ranking function

[xi_0 = 0, xi_1 = -9]
ranking function : 0.7 *  x[1]^1.0 + 5.8 * 1; 1.0 * 1; 1.0 * 1; 1.0 * 1; 1.0 * 1

2019-05-04-04-54-49   >>>>   End verify ranking function

verifying time = 10.147 ms


Not Found Ranking Fcuntion

Conterexample is 

[0, -9]

sampling time = 3.415 ms


       ########################################         

iteration 11 with 474 examples

2019-05-04-04-54-49   >>>>   Start train ranking function

2019-05-04-04-54-49   >>>>   End train ranking function

train_ranking_functioning time = 8.725 ms


2019-05-04-04-54-49   >>>>   Start verify ranking function

[xi_0 = 0, xi_1 = -9]
ranking function : 0.7 *  x[1]^1.0 + 5.9 * 1; 1.0 * 1; 1.0 * 1; 1.0 * 1; 1.0 * 1

2019-05-04-04-54-49   >>>>   End verify ranking function

verifying time = 10.288 ms


Not Found Ranking Fcuntion

Conterexample is 

[0, -9]

sampling time = 3.458 ms


       ########################################         

iteration 12 with 480 examples

2019-05-04-04-54-49   >>>>   Start train ranking function

2019-05-04-04-54-49   >>>>   End train ranking function

train_ranking_functioning time = 8.345 ms


2019-05-04-04-54-49   >>>>   Start verify ranking function

[xi_0 = 0, xi_1 = -9]
ranking function : 0.7 *  x[1]^1.0 + 6.1 * 1; 1.0 * 1; 1.0 * 1; 1.0 * 1; 1.0 * 1

2019-05-04-04-54-49   >>>>   End verify ranking function

verifying time = 10.248 ms


Not Found Ranking Fcuntion

Conterexample is 

[0, -9]

sampling time = 3.850 ms


       ########################################         

iteration 13 with 486 examples

2019-05-04-04-54-49   >>>>   Start train ranking function

2019-05-04-04-54-49   >>>>   End train ranking function

train_ranking_functioning time = 10.451 ms


2019-05-04-04-54-49   >>>>   Start verify ranking function

[xi_0 = 0, xi_1 = -9]
ranking function : 0.7 *  x[1]^1.0 + 6.2 * 1; 1.0 * 1; 1.0 * 1; 1.0 * 1; 1.0 * 1

2019-05-04-04-54-49   >>>>   End verify ranking function

verifying time = 11.039 ms


Not Found Ranking Fcuntion

Conterexample is 

[0, -9]

sampling time = 3.660 ms


       ########################################         

iteration 14 with 492 examples

2019-05-04-04-54-49   >>>>   Start train ranking function

2019-05-04-04-54-49   >>>>   End train ranking function

train_ranking_functioning time = 9.631 ms


2019-05-04-04-54-49   >>>>   Start verify ranking function

[xi_0 = 0, xi_1 = -9]
ranking function : 0.7 *  x[1]^1.0 + 6.2 * 1; 1.0 * 1; 1.0 * 1; 1.0 * 1; 1.0 * 1

2019-05-04-04-54-49   >>>>   End verify ranking function

verifying time = 10.295 ms


Not Found Ranking Fcuntion

Conterexample is 

[0, -9]

sampling time = 3.529 ms


       ########################################         

iteration 15 with 498 examples

2019-05-04-04-54-49   >>>>   Start train ranking function

2019-05-04-04-54-49   >>>>   End train ranking function

train_ranking_functioning time = 9.329 ms


2019-05-04-04-54-49   >>>>   Start verify ranking function

[xi_0 = 0, xi_1 = -9]
ranking function : 0.7 *  x[1]^1.0 + 6.3 * 1; 1.0 * 1; 1.0 * 1; 1.0 * 1; 1.0 * 1

2019-05-04-04-54-49   >>>>   End verify ranking function

verifying time = 10.228 ms


Not Found Ranking Fcuntion

Conterexample is 

[0, -9]

sampling time = 3.397 ms


       ########################################         

iteration 16 with 504 examples

2019-05-04-04-54-49   >>>>   Start train ranking function

2019-05-04-04-54-49   >>>>   End train ranking function

train_ranking_functioning time = 9.041 ms


2019-05-04-04-54-49   >>>>   Start verify ranking function

[xi_0 = 0, xi_1 = -10]
ranking function : 0.7 *  x[1]^1.0 + 6.4 * 1; 1.0 * 1; 1.0 * 1; 1.0 * 1; 1.0 * 1

2019-05-04-04-54-49   >>>>   End verify ranking function

verifying time = 10.215 ms


Not Found Ranking Fcuntion

Conterexample is 

[0, -10]

sampling time = 3.417 ms


       ########################################         

iteration 17 with 510 examples

2019-05-04-04-54-49   >>>>   Start train ranking function

2019-05-04-04-54-49   >>>>   End train ranking function

train_ranking_functioning time = 9.359 ms


2019-05-04-04-54-49   >>>>   Start verify ranking function

[xi_0 = 0, xi_1 = -11]
ranking function : 0.6 *  x[1]^1.0 + 6.5 * 1; 1.0 * 1; 1.0 * 1; 1.0 * 1; 1.0 * 1

2019-05-04-04-54-49   >>>>   End verify ranking function

verifying time = 10.211 ms


Not Found Ranking Fcuntion

Conterexample is 

[0, -11]

sampling time = 3.509 ms


       ########################################         

iteration 18 with 516 examples

2019-05-04-04-54-49   >>>>   Start train ranking function

2019-05-04-04-54-49   >>>>   End train ranking function

train_ranking_functioning time = 10.301 ms


2019-05-04-04-54-49   >>>>   Start verify ranking function

[xi_0 = 0, xi_1 = -11]
ranking function : 0.6 *  x[1]^1.0 + 6.4 * 1; 1.0 * 1; 1.0 * 1; 1.0 * 1; 1.0 * 1

2019-05-04-04-54-49   >>>>   End verify ranking function

verifying time = 10.115 ms


Not Found Ranking Fcuntion

Conterexample is 

[0, -11]

sampling time = 3.427 ms


       ########################################         

iteration 19 with 522 examples

2019-05-04-04-54-49   >>>>   Start train ranking function

2019-05-04-04-54-49   >>>>   End train ranking function

train_ranking_functioning time = 11.321 ms


2019-05-04-04-54-49   >>>>   Start verify ranking function

[xi_0 = 0, xi_1 = -11]
ranking function : 0.6 *  x[1]^1.0 + 6.4 * 1; 1.0 * 1; 1.0 * 1; 1.0 * 1; 1.0 * 1

2019-05-04-04-54-49   >>>>   End verify ranking function

verifying time = 10.170 ms


Not Found Ranking Fcuntion

Conterexample is 

[0, -11]

sampling time = 3.424 ms


       ########################################         

iteration 20 with 528 examples

2019-05-04-04-54-49   >>>>   Start train ranking function

2019-05-04-04-54-49   >>>>   End train ranking function

train_ranking_functioning time = 11.411 ms


2019-05-04-04-54-49   >>>>   Start verify ranking function

[xi_0 = 0, xi_1 = -11]
ranking function : 0.6 *  x[1]^1.0 + 6.5 * 1; 1.0 * 1; 1.0 * 1; 1.0 * 1; 1.0 * 1

2019-05-04-04-54-49   >>>>   End verify ranking function

verifying time = 10.225 ms


Not Found Ranking Fcuntion

Conterexample is 

[0, -11]

sampling time = 3.400 ms


       ########################################         

iteration 21 with 534 examples

2019-05-04-04-54-49   >>>>   Start train ranking function

2019-05-04-04-54-49   >>>>   End train ranking function

train_ranking_functioning time = 11.561 ms


2019-05-04-04-54-49   >>>>   Start verify ranking function

[xi_0 = 0, xi_1 = -12]
ranking function : 0.6 *  x[1]^1.0 + 6.7 * 1; 1.0 * 1; 1.0 * 1; 1.0 * 1; 1.0 * 1

2019-05-04-04-54-49   >>>>   End verify ranking function

verifying time = 10.117 ms


Not Found Ranking Fcuntion

Conterexample is 

[0, -12]

sampling time = 3.428 ms


       ########################################         

iteration 22 with 540 examples

2019-05-04-04-54-49   >>>>   Start train ranking function

2019-05-04-04-54-49   >>>>   End train ranking function

train_ranking_functioning time = 12.328 ms


2019-05-04-04-54-49   >>>>   Start verify ranking function

[xi_0 = 0, xi_1 = -12]
ranking function : 0.6 *  x[1]^1.0 + 6.7 * 1; 1.0 * 1; 1.0 * 1; 1.0 * 1; 1.0 * 1

2019-05-04-04-54-49   >>>>   End verify ranking function

verifying time = 10.378 ms


Not Found Ranking Fcuntion

Conterexample is 

[0, -12]

sampling time = 3.452 ms


       ########################################         

iteration 23 with 546 examples

2019-05-04-04-54-49   >>>>   Start train ranking function

2019-05-04-04-54-49   >>>>   End train ranking function

train_ranking_functioning time = 12.562 ms


2019-05-04-04-54-49   >>>>   Start verify ranking function

[xi_0 = 0, xi_1 = -12]
ranking function : 0.6 *  x[1]^1.0 + 6.8 * 1; 1.0 * 1; 1.0 * 1; 1.0 * 1; 1.0 * 1

2019-05-04-04-54-49   >>>>   End verify ranking function

verifying time = 10.453 ms


Not Found Ranking Fcuntion

Conterexample is 

[0, -12]

sampling time = 3.497 ms


       ########################################         

iteration 24 with 552 examples

2019-05-04-04-54-49   >>>>   Start train ranking function

2019-05-04-04-54-49   >>>>   End train ranking function

train_ranking_functioning time = 12.785 ms


2019-05-04-04-54-49   >>>>   Start verify ranking function

[xi_0 = 0, xi_1 = -12]
ranking function : 0.6 *  x[1]^1.0 + 6.9 * 1; 1.0 * 1; 1.0 * 1; 1.0 * 1; 1.0 * 1

2019-05-04-04-54-49   >>>>   End verify ranking function

verifying time = 10.304 ms


Not Found Ranking Fcuntion

Conterexample is 

[0, -12]

sampling time = 3.474 ms


Failed to prove it is terminated

UNKNOWN
Time For Template 4 Is--->-873.607000 ms

------Using Template 5 -----------
16 [4, 3, 3, 3, 3]
*****************************************************

2019-05-04-04-54-50   >>>>   End sampling point

sampling time = 299.699 ms,


       ########################################         

iteration 0 with 408 examples

2019-05-04-04-54-50   >>>>   Start train ranking function

2019-05-04-04-54-50   >>>>   End train ranking function

train_ranking_functioning time = 15.178 ms


2019-05-04-04-54-50   >>>>   Start verify ranking function

[xi_0 = 0]
ranking function : 1.0 *  x[0]^0.5; 1.7 *  x[0]^0.5; 0.6 *  x[0]^-3.0 + 0.9 *  x[1]^0.5; 0.6 *  x[1]^0.5 + 0.6 *  x[0]^-3.0 *  x[1]^0.5; 0.5 *  x[0]^0.5 *  x[1]^-2.0 + 0.4 *  x[0]^-2.0 *  x[1]^-1.0

2019-05-04-04-54-50   >>>>   End verify ranking function

verifying time = 11.185 ms


Not Found Ranking Fcuntion

Conterexample is 

[0, 0]

sampling time = 4.067 ms


       ########################################         

iteration 1 with 414 examples

2019-05-04-04-54-50   >>>>   Start train ranking function

2019-05-04-04-54-50   >>>>   End train ranking function

train_ranking_functioning time = 17.312 ms


2019-05-04-04-54-50   >>>>   Start verify ranking function

[xi_0 = 0]
ranking function : 1.0 *  x[0]^0.5; 1.7 *  x[0]^0.5; 0.7 *  x[0]^-3.0 + 0.8 *  x[1]^0.5; 0.6 *  x[1]^0.5 + 0.7 *  x[0]^-3.0 *  x[1]^0.5; 0.5 *  x[0]^0.5 *  x[1]^-2.0 + 0.4 *  x[0]^-2.0 *  x[1]^-1.0

2019-05-04-04-54-50   >>>>   End verify ranking function

verifying time = 11.929 ms


Not Found Ranking Fcuntion

Conterexample is 

[0, 0]

sampling time = 4.423 ms


       ########################################         

iteration 2 with 420 examples

2019-05-04-04-54-50   >>>>   Start train ranking function

2019-05-04-04-54-50   >>>>   End train ranking function

train_ranking_functioning time = 15.679 ms


2019-05-04-04-54-50   >>>>   Start verify ranking function

[xi_0 = 0]
ranking function : 1.0 *  x[0]^0.5; 1.6 *  x[0]^0.5; 0.8 *  x[0]^-3.0 + 0.8 *  x[1]^0.5; 0.5 *  x[1]^0.5 + 0.8 *  x[0]^-3.0 *  x[1]^0.5; 0.5 *  x[0]^0.5 *  x[1]^-2.0 + 0.4 *  x[0]^-2.0 *  x[1]^-1.0

2019-05-04-04-54-50   >>>>   End verify ranking function

verifying time = 11.209 ms


Not Found Ranking Fcuntion

Conterexample is 

[0, 0]

sampling time = 4.129 ms


       ########################################         

iteration 3 with 426 examples

2019-05-04-04-54-50   >>>>   Start train ranking function

2019-05-04-04-54-50   >>>>   End train ranking function

train_ranking_functioning time = 15.832 ms


2019-05-04-04-54-50   >>>>   Start verify ranking function

[xi_0 = 0]
ranking function : 1.0 *  x[0]^0.5; 1.6 *  x[0]^0.5; 0.8 *  x[0]^-3.0 + 0.7 *  x[1]^0.5; 0.4 *  x[1]^0.5 + 0.8 *  x[0]^-3.0 *  x[1]^0.5; 0.5 *  x[0]^0.5 *  x[1]^-2.0 + 0.4 *  x[0]^-2.0 *  x[1]^-1.0

2019-05-04-04-54-50   >>>>   End verify ranking function

verifying time = 11.118 ms


Not Found Ranking Fcuntion

Conterexample is 

[0, 0]

sampling time = 4.092 ms


       ########################################         

iteration 4 with 432 examples

2019-05-04-04-54-50   >>>>   Start train ranking function

2019-05-04-04-54-50   >>>>   End train ranking function

train_ranking_functioning time = 16.184 ms


2019-05-04-04-54-50   >>>>   Start verify ranking function

[xi_0 = 0]
ranking function : 1.0 *  x[0]^0.5; 1.6 *  x[0]^0.5; 0.9 *  x[0]^-3.0 + 0.7 *  x[1]^0.5; 0.4 *  x[1]^0.5 + 0.9 *  x[0]^-3.0 *  x[1]^0.5; 0.5 *  x[0]^0.5 *  x[1]^-2.0 + 0.3 *  x[0]^-2.0 *  x[1]^-1.0

2019-05-04-04-54-50   >>>>   End verify ranking function

verifying time = 10.995 ms


Not Found Ranking Fcuntion

Conterexample is 

[0, 0]

sampling time = 4.086 ms


       ########################################         

iteration 5 with 438 examples

2019-05-04-04-54-50   >>>>   Start train ranking function

2019-05-04-04-54-50   >>>>   End train ranking function

train_ranking_functioning time = 16.363 ms


2019-05-04-04-54-50   >>>>   Start verify ranking function

[xi_0 = 0]
ranking function : 1.0 *  x[0]^0.5; 1.5 *  x[0]^0.5; 0.9 *  x[0]^-3.0 + 0.7 *  x[1]^0.5; 0.3 *  x[1]^0.5 + 0.9 *  x[0]^-3.0 *  x[1]^0.5; 0.5 *  x[0]^0.5 *  x[1]^-2.0 + 0.3 *  x[0]^-2.0 *  x[1]^-1.0

2019-05-04-04-54-50   >>>>   End verify ranking function

verifying time = 10.964 ms


Not Found Ranking Fcuntion

Conterexample is 

[0, 0]

sampling time = 4.204 ms


       ########################################         

iteration 6 with 444 examples

2019-05-04-04-54-50   >>>>   Start train ranking function

2019-05-04-04-54-50   >>>>   End train ranking function

train_ranking_functioning time = 16.581 ms


2019-05-04-04-54-50   >>>>   Start verify ranking function

[xi_0 = 0]
ranking function : 1.0 *  x[0]^0.5; 1.5 *  x[0]^0.5; 1.0 *  x[0]^-3.0 + 0.6 *  x[1]^0.5; 0.3 *  x[1]^0.5 + 1.0 *  x[0]^-3.0 *  x[1]^0.5; 0.5 *  x[0]^0.5 *  x[1]^-2.0 + 0.3 *  x[0]^-2.0 *  x[1]^-1.0

2019-05-04-04-54-50   >>>>   End verify ranking function

verifying time = 11.000 ms


Not Found Ranking Fcuntion

Conterexample is 

[0, 0]

sampling time = 4.033 ms


       ########################################         

iteration 7 with 450 examples

2019-05-04-04-54-50   >>>>   Start train ranking function

2019-05-04-04-54-50   >>>>   End train ranking function

train_ranking_functioning time = 16.634 ms


2019-05-04-04-54-50   >>>>   Start verify ranking function

[xi_0 = 0]
ranking function : 1.0 *  x[0]^0.5; 1.5 *  x[0]^0.5; 1.1 *  x[0]^-3.0 + 0.6 *  x[1]^0.5; 0.3 *  x[1]^0.5 + 1.1 *  x[0]^-3.0 *  x[1]^0.5; 0.5 *  x[0]^0.5 *  x[1]^-2.0 + 0.3 *  x[0]^-2.0 *  x[1]^-1.0

2019-05-04-04-54-50   >>>>   End verify ranking function

verifying time = 11.016 ms


Not Found Ranking Fcuntion

Conterexample is 

[0, 0]

sampling time = 4.201 ms


       ########################################         

iteration 8 with 456 examples

2019-05-04-04-54-50   >>>>   Start train ranking function

2019-05-04-04-54-50   >>>>   End train ranking function

train_ranking_functioning time = 16.775 ms


2019-05-04-04-54-50   >>>>   Start verify ranking function

[xi_0 = 0]
ranking function : 1.0 *  x[0]^0.5; 1.4 *  x[0]^0.5; 1.1 *  x[0]^-3.0 + 0.6 *  x[1]^0.5; 0.2 *  x[1]^0.5 + 1.1 *  x[0]^-3.0 *  x[1]^0.5; 0.5 *  x[0]^0.5 *  x[1]^-2.0 + 0.3 *  x[0]^-2.0 *  x[1]^-1.0

2019-05-04-04-54-50   >>>>   End verify ranking function

verifying time = 10.929 ms


Not Found Ranking Fcuntion

Conterexample is 

[0, 0]

sampling time = 4.204 ms


       ########################################         

iteration 9 with 462 examples

2019-05-04-04-54-50   >>>>   Start train ranking function

2019-05-04-04-54-50   >>>>   End train ranking function

train_ranking_functioning time = 17.021 ms


2019-05-04-04-54-50   >>>>   Start verify ranking function

[xi_0 = 0]
ranking function : 1.0 *  x[0]^0.5; 1.4 *  x[0]^0.5; 1.2 *  x[0]^-3.0 + 0.5 *  x[1]^0.5; 0.2 *  x[1]^0.5 + 1.2 *  x[0]^-3.0 *  x[1]^0.5; 0.5 *  x[0]^0.5 *  x[1]^-2.0 + 0.3 *  x[0]^-2.0 *  x[1]^-1.0

2019-05-04-04-54-50   >>>>   End verify ranking function

verifying time = 11.032 ms


Not Found Ranking Fcuntion

Conterexample is 

[0, 0]

sampling time = 4.103 ms


       ########################################         

iteration 10 with 468 examples

2019-05-04-04-54-50   >>>>   Start train ranking function

2019-05-04-04-54-50   >>>>   End train ranking function

train_ranking_functioning time = 17.202 ms


2019-05-04-04-54-50   >>>>   Start verify ranking function

[xi_0 = 0]
ranking function : 1.0 *  x[0]^0.5; 1.4 *  x[0]^0.5; 1.2 *  x[0]^-3.0 + 0.5 *  x[1]^0.5; 0.2 *  x[1]^0.5 + 1.2 *  x[0]^-3.0 *  x[1]^0.5; 0.5 *  x[0]^0.5 *  x[1]^-2.0 + 0.3 *  x[0]^-2.0 *  x[1]^-1.0

2019-05-04-04-54-50   >>>>   End verify ranking function

verifying time = 11.111 ms


Not Found Ranking Fcuntion

Conterexample is 

[0, 0]

sampling time = 4.125 ms


       ########################################         

iteration 11 with 474 examples

2019-05-04-04-54-50   >>>>   Start train ranking function

2019-05-04-04-54-50   >>>>   End train ranking function

train_ranking_functioning time = 17.610 ms


2019-05-04-04-54-50   >>>>   Start verify ranking function

[xi_0 = 0]
ranking function : 1.0 *  x[0]^0.5; 1.4 *  x[0]^0.5; 1.3 *  x[0]^-3.0 + 0.5 *  x[1]^0.5; 0.1 *  x[1]^0.5 + 1.3 *  x[0]^-3.0 *  x[1]^0.5; 0.5 *  x[0]^0.5 *  x[1]^-2.0 + 0.3 *  x[0]^-2.0 *  x[1]^-1.0

2019-05-04-04-54-50   >>>>   End verify ranking function

verifying time = 11.011 ms


Not Found Ranking Fcuntion

Conterexample is 

[0, 0]

sampling time = 4.210 ms


       ########################################         

iteration 12 with 480 examples

2019-05-04-04-54-50   >>>>   Start train ranking function

2019-05-04-04-54-50   >>>>   End train ranking function

train_ranking_functioning time = 17.699 ms


2019-05-04-04-54-50   >>>>   Start verify ranking function

[xi_0 = 0]
ranking function : 1.0 *  x[0]^0.5; 1.3 *  x[0]^0.5; 1.3 *  x[0]^-3.0 + 0.5 *  x[1]^0.5; 0.1 *  x[1]^0.5 + 1.3 *  x[0]^-3.0 *  x[1]^0.5; 0.5 *  x[0]^0.5 *  x[1]^-2.0 + 0.3 *  x[0]^-2.0 *  x[1]^-1.0

2019-05-04-04-54-50   >>>>   End verify ranking function

verifying time = 10.931 ms


Not Found Ranking Fcuntion

Conterexample is 

[0, 0]

sampling time = 4.135 ms


       ########################################         

iteration 13 with 486 examples

2019-05-04-04-54-50   >>>>   Start train ranking function

2019-05-04-04-54-50   >>>>   End train ranking function

train_ranking_functioning time = 18.953 ms


2019-05-04-04-54-50   >>>>   Start verify ranking function

[xi_0 = 0]
ranking function : 1.0 *  x[0]^0.5; 1.3 *  x[0]^0.5; 1.3 *  x[0]^-3.0 + 0.4 *  x[1]^0.5; 0.1 *  x[1]^0.5 + 1.3 *  x[0]^-3.0 *  x[1]^0.5; 0.5 *  x[0]^0.5 *  x[1]^-2.0 + 0.3 *  x[0]^-2.0 *  x[1]^-1.0

2019-05-04-04-54-50   >>>>   End verify ranking function

verifying time = 11.624 ms


Not Found Ranking Fcuntion

Conterexample is 

[0, 0]

sampling time = 4.214 ms


       ########################################         

iteration 14 with 492 examples

2019-05-04-04-54-50   >>>>   Start train ranking function

2019-05-04-04-54-50   >>>>   End train ranking function

train_ranking_functioning time = 18.315 ms


2019-05-04-04-54-50   >>>>   Start verify ranking function

[xi_0 = 0]
ranking function : 1.0 *  x[0]^0.5; 1.3 *  x[0]^0.5; 1.4 *  x[0]^-3.0 + 0.4 *  x[1]^0.5; 1.4 *  x[0]^-3.0 *  x[1]^0.5; 0.5 *  x[0]^0.5 *  x[1]^-2.0 + 0.3 *  x[0]^-2.0 *  x[1]^-1.0

2019-05-04-04-54-50   >>>>   End verify ranking function

verifying time = 11.175 ms


Not Found Ranking Fcuntion

Conterexample is 

[0, 0]

sampling time = 4.217 ms


       ########################################         

iteration 15 with 498 examples

2019-05-04-04-54-50   >>>>   Start train ranking function

2019-05-04-04-54-50   >>>>   End train ranking function

train_ranking_functioning time = 18.102 ms


2019-05-04-04-54-50   >>>>   Start verify ranking function

[xi_0 = 0]
ranking function : 1.0 *  x[0]^0.5; 1.3 *  x[0]^0.5; 1.4 *  x[0]^-3.0 + 0.4 *  x[1]^0.5; 1.4 *  x[0]^-3.0 *  x[1]^0.5; 0.5 *  x[0]^0.5 *  x[1]^-2.0 + 0.3 *  x[0]^-2.0 *  x[1]^-1.0

2019-05-04-04-54-50   >>>>   End verify ranking function

verifying time = 11.002 ms


Not Found Ranking Fcuntion

Conterexample is 

[0, 0]

sampling time = 4.084 ms


       ########################################         

iteration 16 with 504 examples

2019-05-04-04-54-50   >>>>   Start train ranking function

2019-05-04-04-54-50   >>>>   End train ranking function

train_ranking_functioning time = 18.556 ms


2019-05-04-04-54-50   >>>>   Start verify ranking function

[xi_0 = 0]
ranking function : 1.0 *  x[0]^0.5; 1.2 *  x[0]^0.5; 1.5 *  x[0]^-3.0 + 0.4 *  x[1]^0.5; 1.5 *  x[0]^-3.0 *  x[1]^0.5; 0.5 *  x[0]^0.5 *  x[1]^-2.0 + 0.3 *  x[0]^-2.0 *  x[1]^-1.0

2019-05-04-04-54-50   >>>>   End verify ranking function

verifying time = 10.902 ms


Not Found Ranking Fcuntion

Conterexample is 

[0, 0]

sampling time = 4.061 ms


       ########################################         

iteration 17 with 510 examples

2019-05-04-04-54-50   >>>>   Start train ranking function

2019-05-04-04-54-50   >>>>   End train ranking function

train_ranking_functioning time = 19.319 ms


2019-05-04-04-54-50   >>>>   Start verify ranking function

[xi_0 = 0]
ranking function : 1.0 *  x[0]^0.5; 1.2 *  x[0]^0.5; 1.5 *  x[0]^-3.0 + 0.4 *  x[1]^0.5; 1.5 *  x[0]^-3.0 *  x[1]^0.5; 0.5 *  x[0]^0.5 *  x[1]^-2.0 + 0.3 *  x[0]^-2.0 *  x[1]^-1.0

2019-05-04-04-54-50   >>>>   End verify ranking function

verifying time = 11.170 ms


Not Found Ranking Fcuntion

Conterexample is 

[0, 0]

sampling time = 4.071 ms


       ########################################         

iteration 18 with 516 examples

2019-05-04-04-54-50   >>>>   Start train ranking function

2019-05-04-04-54-50   >>>>   End train ranking function

train_ranking_functioning time = 18.897 ms


2019-05-04-04-54-50   >>>>   Start verify ranking function

[xi_0 = 0]
ranking function : 1.0 *  x[0]^0.5; 1.2 *  x[0]^0.5; 1.6 *  x[0]^-3.0 + 0.3 *  x[1]^0.5; 1.6 *  x[0]^-3.0 *  x[1]^0.5; 0.5 *  x[0]^0.5 *  x[1]^-2.0 + 0.3 *  x[0]^-2.0 *  x[1]^-1.0

2019-05-04-04-54-50   >>>>   End verify ranking function

verifying time = 11.328 ms


Not Found Ranking Fcuntion

Conterexample is 

[0, 0]

sampling time = 4.132 ms


       ########################################         

iteration 19 with 522 examples

2019-05-04-04-54-50   >>>>   Start train ranking function

2019-05-04-04-54-50   >>>>   End train ranking function

train_ranking_functioning time = 19.183 ms


2019-05-04-04-54-50   >>>>   Start verify ranking function

[xi_0 = 0]
ranking function : 1.0 *  x[0]^0.5; 1.2 *  x[0]^0.5; 1.6 *  x[0]^-3.0 + 0.3 *  x[1]^0.5;  - 0.1 *  x[1]^0.5 + 1.6 *  x[0]^-3.0 *  x[1]^0.5; 0.5 *  x[0]^0.5 *  x[1]^-2.0 + 0.3 *  x[0]^-2.0 *  x[1]^-1.0

2019-05-04-04-54-50   >>>>   End verify ranking function

verifying time = 11.043 ms


Not Found Ranking Fcuntion

Conterexample is 

[0, 0]

sampling time = 4.184 ms


       ########################################         

iteration 20 with 528 examples

2019-05-04-04-54-50   >>>>   Start train ranking function

2019-05-04-04-54-50   >>>>   End train ranking function

train_ranking_functioning time = 19.806 ms


2019-05-04-04-54-50   >>>>   Start verify ranking function

[xi_0 = 0]
ranking function : 1.0 *  x[0]^0.5; 1.2 *  x[0]^0.5; 1.6 *  x[0]^-3.0 + 0.3 *  x[1]^0.5;  - 0.1 *  x[1]^0.5 + 1.7 *  x[0]^-3.0 *  x[1]^0.5; 0.5 *  x[0]^0.5 *  x[1]^-2.0 + 0.3 *  x[0]^-2.0 *  x[1]^-1.0

2019-05-04-04-54-51   >>>>   End verify ranking function

verifying time = 11.546 ms


Not Found Ranking Fcuntion

Conterexample is 

[0, 0]

sampling time = 4.232 ms


       ########################################         

iteration 21 with 534 examples

2019-05-04-04-54-51   >>>>   Start train ranking function

2019-05-04-04-54-51   >>>>   End train ranking function

train_ranking_functioning time = 19.658 ms


2019-05-04-04-54-51   >>>>   Start verify ranking function

[xi_0 = 0]
ranking function : 1.0 *  x[0]^0.5; 1.2 *  x[0]^0.5; 1.7 *  x[0]^-3.0 + 0.3 *  x[1]^0.5;  - 0.1 *  x[1]^0.5 + 1.7 *  x[0]^-3.0 *  x[1]^0.5; 0.5 *  x[0]^0.5 *  x[1]^-2.0 + 0.3 *  x[0]^-2.0 *  x[1]^-1.0

2019-05-04-04-54-51   >>>>   End verify ranking function

verifying time = 11.121 ms


Not Found Ranking Fcuntion

Conterexample is 

[0, 0]

sampling time = 4.084 ms


       ########################################         

iteration 22 with 540 examples

2019-05-04-04-54-51   >>>>   Start train ranking function

2019-05-04-04-54-51   >>>>   End train ranking function

train_ranking_functioning time = 19.766 ms


2019-05-04-04-54-51   >>>>   Start verify ranking function

[xi_0 = 0]
ranking function : 1.0 *  x[0]^0.5; 1.1 *  x[0]^0.5; 1.7 *  x[0]^-3.0 + 0.3 *  x[1]^0.5;  - 0.1 *  x[1]^0.5 + 1.7 *  x[0]^-3.0 *  x[1]^0.5; 0.5 *  x[0]^0.5 *  x[1]^-2.0 + 0.3 *  x[0]^-2.0 *  x[1]^-1.0

2019-05-04-04-54-51   >>>>   End verify ranking function

verifying time = 10.999 ms


Not Found Ranking Fcuntion

Conterexample is 

[0, 0]

sampling time = 4.090 ms


       ########################################         

iteration 23 with 546 examples

2019-05-04-04-54-51   >>>>   Start train ranking function

2019-05-04-04-54-51   >>>>   End train ranking function

train_ranking_functioning time = 20.090 ms


2019-05-04-04-54-51   >>>>   Start verify ranking function

[xi_0 = 0]
ranking function : 1.0 *  x[0]^0.5; 1.1 *  x[0]^0.5; 1.8 *  x[0]^-3.0 + 0.2 *  x[1]^0.5;  - 0.1 *  x[1]^0.5 + 1.8 *  x[0]^-3.0 *  x[1]^0.5; 0.5 *  x[0]^0.5 *  x[1]^-2.0 + 0.3 *  x[0]^-2.0 *  x[1]^-1.0

2019-05-04-04-54-51   >>>>   End verify ranking function

verifying time = 11.033 ms


Not Found Ranking Fcuntion

Conterexample is 

[0, 0]

sampling time = 4.157 ms


       ########################################         

iteration 24 with 552 examples

2019-05-04-04-54-51   >>>>   Start train ranking function

2019-05-04-04-54-51   >>>>   End train ranking function

train_ranking_functioning time = 19.988 ms


2019-05-04-04-54-51   >>>>   Start verify ranking function

[xi_0 = 0]
ranking function : 1.0 *  x[0]^0.5; 1.1 *  x[0]^0.5; 1.8 *  x[0]^-3.0 + 0.2 *  x[1]^0.5;  - 0.2 *  x[1]^0.5 + 1.8 *  x[0]^-3.0 *  x[1]^0.5; 0.5 *  x[0]^0.5 *  x[1]^-2.0 + 0.3 *  x[0]^-2.0 *  x[1]^-1.0

2019-05-04-04-54-51   >>>>   End verify ranking function

verifying time = 11.662 ms


Not Found Ranking Fcuntion

Conterexample is 

[0, 0]

sampling time = 4.168 ms


Failed to prove it is terminated

UNKNOWN
Time For Template 5 Is--->-1232.870000 ms

------Using Template 6 -----------
21 [3, 3, 3, 3, 3, 3, 3]
*****************************************************

2019-05-04-04-54-51   >>>>   End sampling point

sampling time = 337.966 ms,


       ########################################         

iteration 0 with 544 examples

2019-05-04-04-54-51   >>>>   Start train ranking function

2019-05-04-04-54-51   >>>>   End train ranking function

train_ranking_functioning time = 3.391 ms


2019-05-04-04-54-51   >>>>   Start verify ranking function

[xi_0 = 0, xi_1 = -5]
ranking function : 0.8 *  x[0]^1.0 + 0.9 *  x[1]^1.0 + 4.0 * 1; 0.1 *  x[0]^1.0 + 1.0 * 1; 1.0 * 1; 1.0 * 1; 1.0 * 1; 1.0 * 1; 1.0 * 1

2019-05-04-04-54-51   >>>>   End verify ranking function

verifying time = 10.642 ms


Not Found Ranking Fcuntion

Conterexample is 

[0, -5]

sampling time = 4.731 ms


       ########################################         

iteration 1 with 552 examples

2019-05-04-04-54-51   >>>>   Start train ranking function

2019-05-04-04-54-51   >>>>   End train ranking function

train_ranking_functioning time = 3.890 ms


2019-05-04-04-54-51   >>>>   Start verify ranking function

[xi_0 = 0, xi_1 = -6]
ranking function : 0.6 *  x[0]^1.0 + 0.8 *  x[1]^1.0 + 4.3 * 1; 0.1 *  x[0]^1.0 + 1.0 * 1; 1.0 * 1; 1.0 * 1; 1.0 * 1; 1.0 * 1; 1.0 * 1

2019-05-04-04-54-51   >>>>   End verify ranking function

verifying time = 10.589 ms


Not Found Ranking Fcuntion

Conterexample is 

[0, -6]

sampling time = 4.840 ms


       ########################################         

iteration 2 with 560 examples

2019-05-04-04-54-51   >>>>   Start train ranking function

2019-05-04-04-54-51   >>>>   End train ranking function

train_ranking_functioning time = 5.978 ms


2019-05-04-04-54-51   >>>>   Start verify ranking function

[xi_0 = 0, xi_1 = -6]
ranking function : 0.3 *  x[0]^1.0 + 0.8 *  x[1]^1.0 + 4.6 * 1; 0.1 *  x[0]^1.0 + 1.0 * 1; 1.0 * 1; 1.0 * 1; 1.0 * 1; 1.0 * 1; 1.0 * 1

2019-05-04-04-54-51   >>>>   End verify ranking function

verifying time = 10.628 ms


Not Found Ranking Fcuntion

Conterexample is 

[0, -6]

sampling time = 4.827 ms


       ########################################         

iteration 3 with 568 examples

2019-05-04-04-54-51   >>>>   Start train ranking function

2019-05-04-04-54-51   >>>>   End train ranking function

train_ranking_functioning time = 6.190 ms


2019-05-04-04-54-51   >>>>   Start verify ranking function

[xi_0 = 0, xi_1 = -6]
ranking function : 0.1 *  x[0]^1.0 + 0.8 *  x[1]^1.0 + 4.8 * 1; 0.1 *  x[0]^1.0 + 1.0 * 1; 1.0 * 1; 1.0 * 1; 1.0 * 1; 1.0 * 1; 1.0 * 1

2019-05-04-04-54-51   >>>>   End verify ranking function

verifying time = 10.776 ms


Not Found Ranking Fcuntion

Conterexample is 

[0, -6]

sampling time = 4.843 ms


       ########################################         

iteration 4 with 576 examples

2019-05-04-04-54-51   >>>>   Start train ranking function

2019-05-04-04-54-51   >>>>   End train ranking function

train_ranking_functioning time = 6.374 ms


2019-05-04-04-54-51   >>>>   Start verify ranking function

[xi_0 = 0, xi_1 = -7]
ranking function : 0.8 *  x[1]^1.0 + 4.9 * 1; 1.0 * 1; 1.0 * 1; 1.0 * 1; 1.0 * 1; 1.0 * 1; 1.0 * 1

2019-05-04-04-54-51   >>>>   End verify ranking function

verifying time = 10.757 ms


Not Found Ranking Fcuntion

Conterexample is 

[0, -7]

sampling time = 4.770 ms


       ########################################         

iteration 5 with 584 examples

2019-05-04-04-54-51   >>>>   Start train ranking function

2019-05-04-04-54-51   >>>>   End train ranking function

train_ranking_functioning time = 8.115 ms


2019-05-04-04-54-51   >>>>   Start verify ranking function

[xi_0 = 0, xi_1 = -7]
ranking function : 0.8 *  x[1]^1.0 + 5.1 * 1; 1.0 * 1; 1.0 * 1; 1.0 * 1; 1.0 * 1; 1.0 * 1; 1.0 * 1

2019-05-04-04-54-51   >>>>   End verify ranking function

verifying time = 10.570 ms


Not Found Ranking Fcuntion

Conterexample is 

[0, -7]

sampling time = 4.827 ms


       ########################################         

iteration 6 with 592 examples

2019-05-04-04-54-51   >>>>   Start train ranking function

2019-05-04-04-54-51   >>>>   End train ranking function

train_ranking_functioning time = 8.220 ms


2019-05-04-04-54-51   >>>>   Start verify ranking function

[xi_0 = 0, xi_1 = -7]
ranking function : 0.8 *  x[1]^1.0 + 5.3 * 1; 1.0 * 1; 1.0 * 1; 1.0 * 1; 1.0 * 1; 1.0 * 1; 1.0 * 1

2019-05-04-04-54-51   >>>>   End verify ranking function

verifying time = 10.615 ms


Not Found Ranking Fcuntion

Conterexample is 

[0, -7]

sampling time = 4.757 ms


       ########################################         

iteration 7 with 600 examples

2019-05-04-04-54-51   >>>>   Start train ranking function

2019-05-04-04-54-51   >>>>   End train ranking function

train_ranking_functioning time = 8.388 ms


2019-05-04-04-54-51   >>>>   Start verify ranking function

[xi_0 = 0, xi_1 = -8]
ranking function : 0.7 *  x[1]^1.0 + 5.4 * 1; 1.0 * 1; 1.0 * 1; 1.0 * 1; 1.0 * 1; 1.0 * 1; 1.0 * 1

2019-05-04-04-54-51   >>>>   End verify ranking function

verifying time = 10.724 ms


Not Found Ranking Fcuntion

Conterexample is 

[0, -8]

sampling time = 4.943 ms


       ########################################         

iteration 8 with 608 examples

2019-05-04-04-54-51   >>>>   Start train ranking function

2019-05-04-04-54-51   >>>>   End train ranking function

train_ranking_functioning time = 10.156 ms


2019-05-04-04-54-51   >>>>   Start verify ranking function

[xi_0 = 0, xi_1 = -8]
ranking function : 0.7 *  x[1]^1.0 + 5.5 * 1; 1.0 * 1; 1.0 * 1; 1.0 * 1; 1.0 * 1; 1.0 * 1; 1.0 * 1

2019-05-04-04-54-51   >>>>   End verify ranking function

verifying time = 10.578 ms


Not Found Ranking Fcuntion

Conterexample is 

[0, -8]

sampling time = 4.785 ms


       ########################################         

iteration 9 with 616 examples

2019-05-04-04-54-51   >>>>   Start train ranking function

2019-05-04-04-54-51   >>>>   End train ranking function

train_ranking_functioning time = 10.005 ms


2019-05-04-04-54-51   >>>>   Start verify ranking function

[xi_0 = 0, xi_1 = -9]
ranking function : 0.7 *  x[1]^1.0 + 5.7 * 1; 1.0 * 1; 1.0 * 1; 1.0 * 1; 1.0 * 1; 1.0 * 1; 1.0 * 1

2019-05-04-04-54-51   >>>>   End verify ranking function

verifying time = 10.706 ms


Not Found Ranking Fcuntion

Conterexample is 

[0, -9]

sampling time = 4.811 ms


       ########################################         

iteration 10 with 624 examples

2019-05-04-04-54-51   >>>>   Start train ranking function

2019-05-04-04-54-51   >>>>   End train ranking function

train_ranking_functioning time = 11.401 ms


2019-05-04-04-54-51   >>>>   Start verify ranking function

[xi_0 = 0, xi_1 = -9]
ranking function : 0.7 *  x[1]^1.0 + 5.8 * 1; 1.0 * 1; 1.0 * 1; 1.0 * 1; 1.0 * 1; 1.0 * 1; 1.0 * 1

2019-05-04-04-54-51   >>>>   End verify ranking function

verifying time = 10.555 ms


Not Found Ranking Fcuntion

Conterexample is 

[0, -9]

sampling time = 4.790 ms


       ########################################         

iteration 11 with 632 examples

2019-05-04-04-54-51   >>>>   Start train ranking function

2019-05-04-04-54-51   >>>>   End train ranking function

train_ranking_functioning time = 11.464 ms


2019-05-04-04-54-51   >>>>   Start verify ranking function

[xi_0 = 0, xi_1 = -9]
ranking function : 0.7 *  x[1]^1.0 + 5.9 * 1; 1.0 * 1; 1.0 * 1; 1.0 * 1; 1.0 * 1; 1.0 * 1; 1.0 * 1

2019-05-04-04-54-51   >>>>   End verify ranking function

verifying time = 10.595 ms


Not Found Ranking Fcuntion

Conterexample is 

[0, -9]

sampling time = 4.769 ms


       ########################################         

iteration 12 with 640 examples

2019-05-04-04-54-51   >>>>   Start train ranking function

2019-05-04-04-54-51   >>>>   End train ranking function

train_ranking_functioning time = 12.284 ms


2019-05-04-04-54-51   >>>>   Start verify ranking function

[xi_0 = 0, xi_1 = -9]
ranking function : 0.7 *  x[1]^1.0 + 6.1 * 1; 1.0 * 1; 1.0 * 1; 1.0 * 1; 1.0 * 1; 1.0 * 1; 1.0 * 1

2019-05-04-04-54-51   >>>>   End verify ranking function

verifying time = 10.607 ms


Not Found Ranking Fcuntion

Conterexample is 

[0, -9]

sampling time = 4.957 ms

