------Using Template 0 -----------
3 [3]
*****************************************************

2019-05-04-05-04-45   >>>>   End sampling point

sampling time = 34.146 ms,


       ########################################         

iteration 0 with 76 examples

2019-05-04-05-04-45   >>>>   Start train ranking function

2019-05-04-05-04-45   >>>>   End train ranking function

train_ranking_functioning time = 1.389 ms


2019-05-04-05-04-45   >>>>   Start verify ranking function

[xi_0 = 7, xi_1 = -4]
ranking function :  - 0.1 *  x[0]^1.0 - 0.3 *  x[1]^1.0 + 2.7 * 1

2019-05-04-05-04-45   >>>>   End verify ranking function

verifying time = 7.440 ms


Not Found Ranking Fcuntion

Conterexample is 

[7, -4]

sampling time = 0.735 ms


       ########################################         

iteration 1 with 78 examples

2019-05-04-05-04-45   >>>>   Start train ranking function

2019-05-04-05-04-45   >>>>   End train ranking function

train_ranking_functioning time = 1.267 ms


2019-05-04-05-04-45   >>>>   Start verify ranking function

[xi_0 = 7, xi_1 = -4]
ranking function :  - 0.1 *  x[0]^1.0 - 0.3 *  x[1]^1.0 + 2.7 * 1

2019-05-04-05-04-45   >>>>   End verify ranking function

verifying time = 7.180 ms


Not Found Ranking Fcuntion

Conterexample is 

[7, -4]

sampling time = 0.733 ms


       ########################################         

iteration 2 with 80 examples

2019-05-04-05-04-45   >>>>   Start train ranking function

2019-05-04-05-04-45   >>>>   End train ranking function

train_ranking_functioning time = 1.295 ms


2019-05-04-05-04-45   >>>>   Start verify ranking function

[xi_0 = -5, xi_1 = 8]
ranking function :  - 0.2 *  x[0]^1.0 - 0.3 *  x[1]^1.0 + 2.7 * 1

2019-05-04-05-04-45   >>>>   End verify ranking function

verifying time = 7.081 ms


Not Found Ranking Fcuntion

Conterexample is 

[-5, 8]

sampling time = 0.726 ms


       ########################################         

iteration 3 with 82 examples

2019-05-04-05-04-45   >>>>   Start train ranking function

2019-05-04-05-04-45   >>>>   End train ranking function

train_ranking_functioning time = 1.345 ms


2019-05-04-05-04-45   >>>>   Start verify ranking function

[xi_0 = -5, xi_1 = 8]
ranking function :  - 0.2 *  x[0]^1.0 - 0.3 *  x[1]^1.0 + 2.8 * 1

2019-05-04-05-04-45   >>>>   End verify ranking function

verifying time = 6.970 ms


Not Found Ranking Fcuntion

Conterexample is 

[-5, 8]

sampling time = 0.722 ms


       ########################################         

iteration 4 with 84 examples

2019-05-04-05-04-45   >>>>   Start train ranking function

2019-05-04-05-04-45   >>>>   End train ranking function

train_ranking_functioning time = 1.469 ms


2019-05-04-05-04-45   >>>>   Start verify ranking function

[xi_0 = -5, xi_1 = 8]
ranking function :  - 0.2 *  x[0]^1.0 - 0.3 *  x[1]^1.0 + 2.8 * 1

2019-05-04-05-04-45   >>>>   End verify ranking function

verifying time = 6.992 ms


Not Found Ranking Fcuntion

Conterexample is 

[-5, 8]

sampling time = 0.724 ms


       ########################################         

iteration 5 with 86 examples

2019-05-04-05-04-45   >>>>   Start train ranking function

2019-05-04-05-04-45   >>>>   End train ranking function

train_ranking_functioning time = 1.540 ms


2019-05-04-05-04-45   >>>>   Start verify ranking function

[xi_0 = 7, xi_1 = -4]
ranking function :  - 0.1 *  x[0]^1.0 - 0.3 *  x[1]^1.0 + 2.8 * 1

2019-05-04-05-04-45   >>>>   End verify ranking function

verifying time = 7.041 ms


Not Found Ranking Fcuntion

Conterexample is 

[7, -4]

sampling time = 0.724 ms


       ########################################         

iteration 6 with 88 examples

2019-05-04-05-04-45   >>>>   Start train ranking function

2019-05-04-05-04-45   >>>>   End train ranking function

train_ranking_functioning time = 1.552 ms


2019-05-04-05-04-45   >>>>   Start verify ranking function

[xi_0 = -5, xi_1 = 8]
ranking function :  - 0.2 *  x[0]^1.0 - 0.3 *  x[1]^1.0 + 2.9 * 1

2019-05-04-05-04-45   >>>>   End verify ranking function

verifying time = 7.052 ms


Not Found Ranking Fcuntion

Conterexample is 

[-5, 8]

sampling time = 0.817 ms


       ########################################         

iteration 7 with 90 examples

2019-05-04-05-04-45   >>>>   Start train ranking function

2019-05-04-05-04-45   >>>>   End train ranking function

train_ranking_functioning time = 1.573 ms


2019-05-04-05-04-45   >>>>   Start verify ranking function

[xi_0 = -5, xi_1 = 8]
ranking function :  - 0.2 *  x[0]^1.0 - 0.3 *  x[1]^1.0 + 2.9 * 1

2019-05-04-05-04-46   >>>>   End verify ranking function

verifying time = 7.455 ms


Not Found Ranking Fcuntion

Conterexample is 

[-5, 8]

sampling time = 0.785 ms


       ########################################         

iteration 8 with 92 examples

2019-05-04-05-04-46   >>>>   Start train ranking function

2019-05-04-05-04-46   >>>>   End train ranking function

train_ranking_functioning time = 1.660 ms


2019-05-04-05-04-46   >>>>   Start verify ranking function

[xi_0 = -5, xi_1 = 8]
ranking function :  - 0.2 *  x[0]^1.0 - 0.3 *  x[1]^1.0 + 2.9 * 1

2019-05-04-05-04-46   >>>>   End verify ranking function

verifying time = 7.451 ms


Not Found Ranking Fcuntion

Conterexample is 

[-5, 8]

sampling time = 0.736 ms


       ########################################         

iteration 9 with 94 examples

2019-05-04-05-04-46   >>>>   Start train ranking function

2019-05-04-05-04-46   >>>>   End train ranking function

train_ranking_functioning time = 1.691 ms


2019-05-04-05-04-46   >>>>   Start verify ranking function

[xi_0 = -5, xi_1 = 8]
ranking function :  - 0.2 *  x[0]^1.0 - 0.3 *  x[1]^1.0 + 2.9 * 1

2019-05-04-05-04-46   >>>>   End verify ranking function

verifying time = 7.263 ms


Not Found Ranking Fcuntion

Conterexample is 

[-5, 8]

sampling time = 0.773 ms


       ########################################         

iteration 10 with 96 examples

2019-05-04-05-04-46   >>>>   Start train ranking function

2019-05-04-05-04-46   >>>>   End train ranking function

train_ranking_functioning time = 1.710 ms


2019-05-04-05-04-46   >>>>   Start verify ranking function

[xi_0 = -5, xi_1 = 8]
ranking function :  - 0.2 *  x[0]^1.0 - 0.3 *  x[1]^1.0 + 2.9 * 1

2019-05-04-05-04-46   >>>>   End verify ranking function

verifying time = 7.202 ms


Not Found Ranking Fcuntion

Conterexample is 

[-5, 8]

sampling time = 0.737 ms


       ########################################         

iteration 11 with 98 examples

2019-05-04-05-04-46   >>>>   Start train ranking function

5
2019-05-04-05-04-46   >>>>   End train ranking function

train_ranking_functioning time = 1.883 ms


2019-05-04-05-04-46   >>>>   Start verify ranking function

[xi_0 = -5, xi_1 = 8]
ranking function :  - 0.2 *  x[0]^1.0 - 0.3 *  x[1]^1.0 + 2.9 * 1

2019-05-04-05-04-46   >>>>   End verify ranking function

verifying time = 7.121 ms


Not Found Ranking Fcuntion

Conterexample is 

[-5, 8]

sampling time = 0.732 ms


       ########################################         

iteration 12 with 100 examples

2019-05-04-05-04-46   >>>>   Start train ranking function

2019-05-04-05-04-46   >>>>   End train ranking function

train_ranking_functioning time = 1.982 ms


2019-05-04-05-04-46   >>>>   Start verify ranking function

[xi_0 = 846, xi_1 = -773]
ranking function :  - 0.1566 *  x[0]^1.0 - 0.3424 *  x[1]^1.0 + 2.9533 * 1

2019-05-04-05-04-46   >>>>   End verify ranking function

verifying time = 7.100 ms


Not Found Ranking Fcuntion

Conterexample is 

[846, -773]

sampling time = 0.732 ms


       ########################################         

iteration 13 with 102 examples

2019-05-04-05-04-46   >>>>   Start train ranking function

2019-05-04-05-04-46   >>>>   End train ranking function

train_ranking_functioning time = 2.000 ms


2019-05-04-05-04-46   >>>>   Start verify ranking function

[xi_0 = 1702, xi_1 = -1553]
ranking function :  - 0.1563 *  x[0]^1.0 - 0.3424 *  x[1]^1.0 + 2.9541 * 1

2019-05-04-05-04-46   >>>>   End verify ranking function

verifying time = 7.116 ms


Not Found Ranking Fcuntion

Conterexample is 

[1702, -1553]

sampling time = 0.731 ms


       ########################################         

iteration 14 with 104 examples

2019-05-04-05-04-46   >>>>   Start train ranking function

2019-05-04-05-04-46   >>>>   End train ranking function

train_ranking_functioning time = 2.201 ms


2019-05-04-05-04-46   >>>>   Start verify ranking function

[xi_0 = 840, xi_1 = -769]
ranking function :  - 0.156 *  x[0]^1.0 - 0.3404 *  x[1]^1.0 + 2.9417 * 1

2019-05-04-05-04-46   >>>>   End verify ranking function

verifying time = 7.064 ms


Not Found Ranking Fcuntion

Conterexample is 

[840, -769]

sampling time = 0.783 ms


       ########################################         

iteration 15 with 106 examples

2019-05-04-05-04-46   >>>>   Start train ranking function

2019-05-04-05-04-46   >>>>   End train ranking function

train_ranking_functioning time = 2.509 ms


2019-05-04-05-04-46   >>>>   Start verify ranking function

[xi_0 = 3413, xi_1 = -3120]
ranking function :  - 0.1565 *  x[0]^1.0 - 0.3423 *  x[1]^1.0 + 2.9543 * 1

2019-05-04-05-04-46   >>>>   End verify ranking function

verifying time = 7.323 ms


Not Found Ranking Fcuntion

Conterexample is 

[3413, -3120]

sampling time = 0.734 ms


       ########################################         

iteration 16 with 108 examples

2019-05-04-05-04-46   >>>>   Start train ranking function

2019-05-04-05-04-46   >>>>   End train ranking function

train_ranking_functioning time = 2.206 ms


2019-05-04-05-04-46   >>>>   Start verify ranking function

[xi_0 = 1703, xi_1 = -1560]
ranking function :  - 0.1571 *  x[0]^1.0 - 0.3428 *  x[1]^1.0 + 2.9562 * 1

2019-05-04-05-04-46   >>>>   End verify ranking function

verifying time = 7.429 ms


Not Found Ranking Fcuntion

Conterexample is 

[1703, -1560]

sampling time = 0.726 ms


       ########################################         

iteration 17 with 110 examples

2019-05-04-05-04-46   >>>>   Start train ranking function

2019-05-04-05-04-46   >>>>   End train ranking function

train_ranking_functioning time = 2.069 ms


2019-05-04-05-04-46   >>>>   Start verify ranking function

[xi_0 = 3415, xi_1 = -3126]
ranking function :  - 0.1568 *  x[0]^1.0 - 0.3425 *  x[1]^1.0 + 2.9553 * 1

2019-05-04-05-04-46   >>>>   End verify ranking function

verifying time = 7.174 ms


Not Found Ranking Fcuntion

Conterexample is 

[3415, -3126]

sampling time = 0.726 ms


       ########################################         

iteration 18 with 112 examples

2019-05-04-05-04-46   >>>>   Start train ranking function

2019-05-04-05-04-46   >>>>   End train ranking function

train_ranking_functioning time = 2.077 ms


2019-05-04-05-04-46   >>>>   Start verify ranking function

[xi_0 = 3417, xi_1 = -3130]
ranking function :  - 0.157 *  x[0]^1.0 - 0.3427 *  x[1]^1.0 + 2.955 * 1

2019-05-04-05-04-46   >>>>   End verify ranking function

verifying time = 7.225 ms


Not Found Ranking Fcuntion

Conterexample is 

[3417, -3130]

sampling time = 0.826 ms


       ########################################         

iteration 19 with 114 examples

2019-05-04-05-04-46   >>>>   Start train ranking function

2019-05-04-05-04-46   >>>>   End train ranking function

train_ranking_functioning time = 2.356 ms


2019-05-04-05-04-46   >>>>   Start verify ranking function

[xi_0 = 1703, xi_1 = -1560]
ranking function :  - 0.1571 *  x[0]^1.0 - 0.3428 *  x[1]^1.0 + 2.9562 * 1

2019-05-04-05-04-46   >>>>   End verify ranking function

verifying time = 7.214 ms


Not Found Ranking Fcuntion

Conterexample is 

[1703, -1560]

sampling time = 0.730 ms


       ########################################         

iteration 20 with 116 examples

2019-05-04-05-04-46   >>>>   Start train ranking function

2019-05-04-05-04-46   >>>>   End train ranking function

train_ranking_functioning time = 2.272 ms


2019-05-04-05-04-46   >>>>   Start verify ranking function

[xi_0 = 1704, xi_1 = -1565]
ranking function :  - 0.1576 *  x[0]^1.0 - 0.343 *  x[1]^1.0 + 2.9557 * 1

2019-05-04-05-04-46   >>>>   End verify ranking function

verifying time = 7.171 ms


Not Found Ranking Fcuntion

Conterexample is 

[1704, -1565]

sampling time = 0.724 ms


       ########################################         

iteration 21 with 118 examples

2019-05-04-05-04-46   >>>>   Start train ranking function

2019-05-04-05-04-46   >>>>   End train ranking function

train_ranking_functioning time = 2.274 ms


2019-05-04-05-04-46   >>>>   Start verify ranking function

[xi_0 = 846, xi_1 = -775]
ranking function :  - 0.1572 *  x[0]^1.0 - 0.343 *  x[1]^1.0 + 2.9565 * 1

2019-05-04-05-04-46   >>>>   End verify ranking function

verifying time = 7.019 ms


Not Found Ranking Fcuntion

Conterexample is 

[846, -775]

sampling time = 0.734 ms


       ########################################         

iteration 22 with 120 examples

2019-05-04-05-04-46   >>>>   Start train ranking function

2019-05-04-05-04-46   >>>>   End train ranking function

train_ranking_functioning time = 2.372 ms


2019-05-04-05-04-46   >>>>   Start verify ranking function

[xi_0 = 203, xi_1 = -186]
ranking function :  - 0.1576 *  x[0]^1.0 - 0.3424 *  x[1]^1.0 + 2.958 * 1

2019-05-04-05-04-46   >>>>   End verify ranking function

verifying time = 7.102 ms


Not Found Ranking Fcuntion

Conterexample is 

[203, -186]

sampling time = 0.727 ms


       ########################################         

iteration 23 with 122 examples

2019-05-04-05-04-46   >>>>   Start train ranking function

2019-05-04-05-04-46   >>>>   End train ranking function

train_ranking_functioning time = 2.413 ms


2019-05-04-05-04-46   >>>>   Start verify ranking function

[xi_0 = 3424, xi_1 = -3147]
ranking function :  - 0.1579 *  x[0]^1.0 - 0.3435 *  x[1]^1.0 + 2.9607 * 1

2019-05-04-05-04-46   >>>>   End verify ranking function

verifying time = 7.093 ms


Not Found Ranking Fcuntion

Conterexample is 

[3424, -3147]

sampling time = 0.735 ms


       ########################################         

iteration 24 with 124 examples

2019-05-04-05-04-46   >>>>   Start train ranking function

2019-05-04-05-04-46   >>>>   End train ranking function

train_ranking_functioning time = 2.384 ms


2019-05-04-05-04-46   >>>>   Start verify ranking function

[xi_0 = 1131, xi_1 = -1046]
ranking function :  - 0.1587 *  x[0]^1.0 - 0.3429 *  x[1]^1.0 + 2.9606 * 1

2019-05-04-05-04-46   >>>>   End verify ranking function

verifying time = 7.107 ms


Not Found Ranking Fcuntion

Conterexample is 

[1131, -1046]

sampling time = 0.733 ms


Failed to prove it is terminated

UNKNOWN
Time For Template 0 Is--->-331.946000 ms

------Using Template 1 -----------
2 [2]
*****************************************************

2019-05-04-05-04-46   >>>>   End sampling point

sampling time = 28.982 ms,


       ########################################         

iteration 0 with 76 examples

2019-05-04-05-04-46   >>>>   Start train ranking function

2019-05-04-05-04-46   >>>>   End train ranking function

train_ranking_functioning time = 1.434 ms


2019-05-04-05-04-46   >>>>   Start verify ranking function

time out
ranking function : 1.1 *  x[0]^-0.5 *  x[1]^-1.0 - 0.1 *  x[0]^-3.0 *  x[1]^1.0

2019-05-04-05-09-27   >>>>   End verify ranking function

verifying time = 281138.648 ms


UNKNOWN
Time For Template 1 Is--->-281175.175000 ms

------Using Template 2 -----------
9 [3, 3, 3]
*****************************************************

2019-05-04-05-09-27   >>>>   End sampling point

sampling time = 85.553 ms,


       ########################################         

iteration 0 with 152 examples

2019-05-04-05-09-27   >>>>   Start train ranking function

2019-05-04-05-09-27   >>>>   End train ranking function

train_ranking_functioning time = 2.360 ms


2019-05-04-05-09-27   >>>>   Start verify ranking function

[xi_0 = -5, xi_1 = 8]
ranking function :  - 0.2 *  x[0]^1.0 - 0.3 *  x[1]^1.0 + 1.6 * 1;  - 0.1 *  x[0]^1.0 - 0.2 *  x[1]^1.0 + 1.6 * 1;  - 0.1 *  x[1]^1.0 + 1.5 * 1

2019-05-04-05-09-27   >>>>   End verify ranking function

verifying time = 7.448 ms


Not Found Ranking Fcuntion

Conterexample is 

[-5, 8]

sampling time = 2.062 ms


       ########################################         

iteration 1 with 156 examples

2019-05-04-05-09-27   >>>>   Start train ranking function

2019-05-04-05-09-27   >>>>   End train ranking function

train_ranking_functioning time = 2.227 ms


2019-05-04-05-09-27   >>>>   Start verify ranking function

[xi_0 = -5, xi_1 = 8]
ranking function :  - 0.2 *  x[0]^1.0 - 0.3 *  x[1]^1.0 + 1.7 * 1;  - 0.1 *  x[0]^1.0 - 0.2 *  x[1]^1.0 + 1.6 * 1;  - 0.1 *  x[1]^1.0 + 1.5 * 1

2019-05-04-05-09-27   >>>>   End verify ranking function

verifying time = 8.207 ms


Not Found Ranking Fcuntion

Conterexample is 

[-5, 8]

sampling time = 2.354 ms


       ########################################         

iteration 2 with 160 examples

2019-05-04-05-09-27   >>>>   Start train ranking function

2019-05-04-05-09-27   >>>>   End train ranking function

train_ranking_functioning time = 2.268 ms


2019-05-04-05-09-27   >>>>   Start verify ranking function

[xi_0 = -5, xi_1 = 8]
ranking function :  - 0.2 *  x[0]^1.0 - 0.3 *  x[1]^1.0 + 1.8 * 1;  - 0.1 *  x[0]^1.0 - 0.2 *  x[1]^1.0 + 1.6 * 1;  - 0.1 *  x[1]^1.0 + 1.5 * 1

2019-05-04-05-09-27   >>>>   End verify ranking function

verifying time = 7.676 ms


Not Found Ranking Fcuntion

Conterexample is 

[-5, 8]

sampling time = 2.287 ms


       ########################################         

iteration 3 with 164 examples

2019-05-04-05-09-27   >>>>   Start train ranking function

2019-05-04-05-09-27   >>>>   End train ranking function

train_ranking_functioning time = 2.290 ms


2019-05-04-05-09-27   >>>>   Start verify ranking function

[xi_0 = -5, xi_1 = 8]
ranking function :  - 0.2 *  x[0]^1.0 - 0.3 *  x[1]^1.0 + 1.8 * 1;  - 0.1 *  x[0]^1.0 - 0.2 *  x[1]^1.0 + 1.7 * 1;  - 0.1 *  x[1]^1.0 + 1.4 * 1

2019-05-04-05-09-27   >>>>   End verify ranking function

verifying time = 7.557 ms


Not Found Ranking Fcuntion

Conterexample is 

[-5, 8]

sampling time = 2.073 ms


       ########################################         

iteration 4 with 168 examples

2019-05-04-05-09-27   >>>>   Start train ranking function

2019-05-04-05-09-27   >>>>   End train ranking function

train_ranking_functioning time = 2.231 ms


2019-05-04-05-09-27   >>>>   Start verify ranking function

[xi_0 = -5, xi_1 = 8]
ranking function :  - 0.2 *  x[0]^1.0 - 0.3 *  x[1]^1.0 + 1.9 * 1;  - 0.1 *  x[0]^1.0 - 0.2 *  x[1]^1.0 + 1.7 * 1;  - 0.1 *  x[1]^1.0 + 1.4 * 1

2019-05-04-05-09-27   >>>>   End verify ranking function

verifying time = 7.410 ms


Not Found Ranking Fcuntion

Conterexample is 

[-5, 8]

sampling time = 2.048 ms


       ########################################         

iteration 5 with 172 examples

2019-05-04-05-09-27   >>>>   Start train ranking function

2019-05-04-05-09-27   >>>>   End train ranking function

train_ranking_functioning time = 2.404 ms


2019-05-04-05-09-27   >>>>   Start verify ranking function

[xi_0 = -5, xi_1 = 8]
ranking function :  - 0.2 *  x[0]^1.0 - 0.3 *  x[1]^1.0 + 1.9 * 1;  - 0.2 *  x[1]^1.0 + 1.7 * 1;  - 0.1 *  x[1]^1.0 + 1.4 * 1

2019-05-04-05-09-27   >>>>   End verify ranking function

verifying time = 7.409 ms


Not Found Ranking Fcuntion

Conterexample is 

[-5, 8]

sampling time = 2.065 ms


       ########################################         

iteration 6 with 176 examples

2019-05-04-05-09-27   >>>>   Start train ranking function

2019-05-04-05-09-27   >>>>   End train ranking function

train_ranking_functioning time = 2.403 ms


2019-05-04-05-09-27   >>>>   Start verify ranking function

[xi_0 = -5, xi_1 = 8]
ranking function :  - 0.2 *  x[0]^1.0 - 0.3 *  x[1]^1.0 + 1.9 * 1;  - 0.2 *  x[1]^1.0 + 1.7 * 1;  - 0.1 *  x[1]^1.0 + 1.4 * 1

2019-05-04-05-09-27   >>>>   End verify ranking function

verifying time = 7.384 ms


Not Found Ranking Fcuntion

Conterexample is 

[-5, 8]

sampling time = 2.065 ms


       ########################################         

iteration 7 with 180 examples

2019-05-04-05-09-27   >>>>   Start train ranking function

2019-05-04-05-09-27   >>>>   End train ranking function

train_ranking_functioning time = 2.588 ms


2019-05-04-05-09-27   >>>>   Start verify ranking function

[xi_0 = -5, xi_1 = 8]
ranking function :  - 0.2 *  x[0]^1.0 - 0.3 *  x[1]^1.0 + 1.9 * 1;  - 0.2 *  x[1]^1.0 + 1.7 * 1;  - 0.1 *  x[1]^1.0 + 1.4 * 1

2019-05-04-05-09-27   >>>>   End verify ranking function

verifying time = 7.342 ms


Not Found Ranking Fcuntion

Conterexample is 

[-5, 8]

sampling time = 2.065 ms


       ########################################         

iteration 8 with 184 examples

2019-05-04-05-09-27   >>>>   Start train ranking function

2019-05-04-05-09-27   >>>>   End train ranking function

train_ranking_functioning time = 2.665 ms


2019-05-04-05-09-27   >>>>   Start verify ranking function

[xi_0 = -5, xi_1 = 8]
ranking function :  - 0.2 *  x[0]^1.0 - 0.3 *  x[1]^1.0 + 1.9 * 1;  - 0.2 *  x[1]^1.0 + 1.7 * 1;  - 0.1 *  x[1]^1.0 + 1.4 * 1

2019-05-04-05-09-27   >>>>   End verify ranking function

verifying time = 7.381 ms


Not Found Ranking Fcuntion

Conterexample is 

[-5, 8]

sampling time = 2.064 ms


       ########################################         

iteration 9 with 188 examples

2019-05-04-05-09-27   >>>>   Start train ranking function

2019-05-04-05-09-27   >>>>   End train ranking function

train_ranking_functioning time = 2.794 ms


2019-05-04-05-09-27   >>>>   Start verify ranking function

[xi_0 = -5, xi_1 = 8]
ranking function :  - 0.2 *  x[0]^1.0 - 0.3 *  x[1]^1.0 + 1.9 * 1;  - 0.2 *  x[1]^1.0 + 1.7 * 1;  - 0.1 *  x[1]^1.0 + 1.5 * 1

2019-05-04-05-09-27   >>>>   End verify ranking function

verifying time = 7.364 ms


Not Found Ranking Fcuntion

Conterexample is 

[-5, 8]

sampling time = 2.057 ms


       ########################################         

iteration 10 with 192 examples

2019-05-04-05-09-27   >>>>   Start train ranking function

2019-05-04-05-09-27   >>>>   End train ranking function

train_ranking_functioning time = 2.884 ms


2019-05-04-05-09-27   >>>>   Start verify ranking function

[xi_0 = -5, xi_1 = 8]
ranking function :  - 0.2 *  x[0]^1.0 - 0.3 *  x[1]^1.0 + 1.9 * 1;  - 0.2 *  x[1]^1.0 + 1.7 * 1;  - 0.1 *  x[1]^1.0 + 1.5 * 1

2019-05-04-05-09-27   >>>>   End verify ranking function

verifying time = 7.467 ms


Not Found Ranking Fcuntion

Conterexample is 

[-5, 8]

sampling time = 2.093 ms


       ########################################         

iteration 11 with 196 examples

2019-05-04-05-09-27   >>>>   Start train ranking function

2019-05-04-05-09-27   >>>>   End train ranking function

train_ranking_functioning time = 3.056 ms


2019-05-04-05-09-27   >>>>   Start verify ranking function

[xi_0 = -5, xi_1 = 8]
ranking function :  - 0.2 *  x[0]^1.0 - 0.3 *  x[1]^1.0 + 1.9 * 1;  - 0.2 *  x[1]^1.0 + 1.8 * 1;  - 0.1 *  x[1]^1.0 + 1.5 * 1

2019-05-04-05-09-27   >>>>   End verify ranking function

verifying time = 7.339 ms


Not Found Ranking Fcuntion

Conterexample is 

[-5, 8]

sampling time = 2.099 ms


       ########################################         

iteration 12 with 200 examples

2019-05-04-05-09-27   >>>>   Start train ranking function

2019-05-04-05-09-27   >>>>   End train ranking function

train_ranking_functioning time = 3.161 ms


2019-05-04-05-09-27   >>>>   Start verify ranking function

[xi_0 = -5, xi_1 = 8]
ranking function :  - 0.2 *  x[0]^1.0 - 0.3 *  x[1]^1.0 + 2.0 * 1;  - 0.2 *  x[1]^1.0 + 1.8 * 1;  - 0.1 *  x[1]^1.0 + 1.5 * 1

2019-05-04-05-09-27   >>>>   End verify ranking function

verifying time = 7.483 ms


Not Found Ranking Fcuntion

Conterexample is 

[-5, 8]

sampling time = 2.058 ms


       ########################################         

iteration 13 with 204 examples

2019-05-04-05-09-27   >>>>   Start train ranking function

2019-05-04-05-09-27   >>>>   End train ranking function

train_ranking_functioning time = 3.350 ms


2019-05-04-05-09-27   >>>>   Start verify ranking function

[xi_0 = -5, xi_1 = 8]
ranking function :  - 0.2 *  x[0]^1.0 - 0.3 *  x[1]^1.0 + 2.0 * 1;  - 0.2 *  x[1]^1.0 + 1.8 * 1;  - 0.1 *  x[1]^1.0 + 1.5 * 1

2019-05-04-05-09-27   >>>>   End verify ranking function

verifying time = 7.424 ms


Not Found Ranking Fcuntion

Conterexample is 

[-5, 8]

sampling time = 2.071 ms


       ########################################         

iteration 14 with 208 examples

2019-05-04-05-09-27   >>>>   Start train ranking function

2019-05-04-05-09-27   >>>>   End train ranking function

train_ranking_functioning time = 3.483 ms


2019-05-04-05-09-27   >>>>   Start verify ranking function

[xi_0 = -5, xi_1 = 8]
ranking function :  - 0.2 *  x[0]^1.0 - 0.3 *  x[1]^1.0 + 2.0 * 1;  - 0.2 *  x[1]^1.0 + 1.8 * 1;  - 0.1 *  x[1]^1.0 + 1.5 * 1

2019-05-04-05-09-27   >>>>   End verify ranking function

verifying time = 8.137 ms


Not Found Ranking Fcuntion

Conterexample is 

[-5, 8]

sampling time = 2.271 ms


       ########################################         

iteration 15 with 212 examples

2019-05-04-05-09-27   >>>>   Start train ranking function

2019-05-04-05-09-27   >>>>   End train ranking function

train_ranking_functioning time = 3.636 ms


2019-05-04-05-09-27   >>>>   Start verify ranking function

[xi_0 = -5, xi_1 = 8]
ranking function :  - 0.2 *  x[0]^1.0 - 0.3 *  x[1]^1.0 + 2.0 * 1;  - 0.2 *  x[1]^1.0 + 1.8 * 1;  - 0.1 *  x[1]^1.0 + 1.5 * 1

2019-05-04-05-09-27   >>>>   End verify ranking function

verifying time = 7.575 ms


Not Found Ranking Fcuntion

Conterexample is 

[-5, 8]

sampling time = 2.177 ms


       ########################################         

iteration 16 with 216 examples

2019-05-04-05-09-27   >>>>   Start train ranking function

2019-05-04-05-09-27   >>>>   End train ranking function

train_ranking_functioning time = 3.784 ms


2019-05-04-05-09-27   >>>>   Start verify ranking function

[xi_0 = -5, xi_1 = 8]
ranking function :  - 0.2 *  x[0]^1.0 - 0.3 *  x[1]^1.0 + 2.0 * 1;  - 0.2 *  x[1]^1.0 + 1.8 * 1;  - 0.1 *  x[1]^1.0 + 1.5 * 1

2019-05-04-05-09-27   >>>>   End verify ranking function

verifying time = 7.567 ms


Not Found Ranking Fcuntion

Conterexample is 

[-5, 8]

sampling time = 2.082 ms


       ########################################         

iteration 17 with 220 examples

2019-05-04-05-09-27   >>>>   Start train ranking function

5
2019-05-04-05-09-27   >>>>   End train ranking function

train_ranking_functioning time = 3.938 ms


2019-05-04-05-09-27   >>>>   Start verify ranking function

[xi_0 = -5, xi_1 = 8]
ranking function :  - 0.2 *  x[0]^1.0 - 0.3 *  x[1]^1.0 + 2.0 * 1;  - 0.2 *  x[1]^1.0 + 1.8 * 1;  - 0.1 *  x[1]^1.0 + 1.5 * 1

2019-05-04-05-09-27   >>>>   End verify ranking function

verifying time = 7.404 ms


Not Found Ranking Fcuntion

Conterexample is 

[-5, 8]

sampling time = 2.111 ms


       ########################################         

iteration 18 with 224 examples

2019-05-04-05-09-27   >>>>   Start train ranking function

2019-05-04-05-09-27   >>>>   End train ranking function

train_ranking_functioning time = 3.922 ms


2019-05-04-05-09-27   >>>>   Start verify ranking function

[xi_0 = 3, xi_1 = 0]
ranking function : 2.0 * 1; 2.0 * 1; 1.0 * 1

2019-05-04-05-09-27   >>>>   End verify ranking function

verifying time = 7.357 ms


Not Found Ranking Fcuntion

Conterexample is 

[3, 0]

sampling time = 2.090 ms


       ########################################         

iteration 19 with 228 examples

2019-05-04-05-09-27   >>>>   Start train ranking function

2019-05-04-05-09-27   >>>>   End train ranking function

train_ranking_functioning time = 3.881 ms


2019-05-04-05-09-27   >>>>   Start verify ranking function

[xi_0 = 3, xi_1 = 0]
ranking function : 2.0 * 1; 2.0 * 1; 1.0 * 1

2019-05-04-05-09-27   >>>>   End verify ranking function

verifying time = 7.285 ms


Not Found Ranking Fcuntion

Conterexample is 

[3, 0]

sampling time = 2.083 ms


       ########################################         

iteration 20 with 232 examples

2019-05-04-05-09-27   >>>>   Start train ranking function

2019-05-04-05-09-27   >>>>   End train ranking function

train_ranking_functioning time = 3.978 ms


2019-05-04-05-09-27   >>>>   Start verify ranking function

[xi_0 = 3, xi_1 = 0]
ranking function : 2.0 * 1; 2.0 * 1; 2.0 * 1

2019-05-04-05-09-27   >>>>   End verify ranking function

verifying time = 7.304 ms


Not Found Ranking Fcuntion

Conterexample is 

[3, 0]

sampling time = 2.085 ms


       ########################################         

iteration 21 with 236 examples

2019-05-04-05-09-27   >>>>   Start train ranking function

2019-05-04-05-09-27   >>>>   End train ranking function

train_ranking_functioning time = 4.010 ms


2019-05-04-05-09-27   >>>>   Start verify ranking function

[xi_0 = 0, xi_1 = 3]
ranking function : 2.0 * 1; 2.0 * 1; 2.0 * 1

2019-05-04-05-09-27   >>>>   End verify ranking function

verifying time = 7.244 ms


Not Found Ranking Fcuntion

Conterexample is 

[0, 3]

sampling time = 2.067 ms


       ########################################         

iteration 22 with 240 examples

2019-05-04-05-09-27   >>>>   Start train ranking function

2019-05-04-05-09-27   >>>>   End train ranking function

train_ranking_functioning time = 4.013 ms


2019-05-04-05-09-27   >>>>   Start verify ranking function

[xi_0 = 3, xi_1 = 0]
ranking function : 2.0 * 1; 2.0 * 1; 2.0 * 1

2019-05-04-05-09-27   >>>>   End verify ranking function

verifying time = 7.302 ms


Not Found Ranking Fcuntion

Conterexample is 

[3, 0]

sampling time = 2.065 ms


       ########################################         

iteration 23 with 244 examples

2019-05-04-05-09-27   >>>>   Start train ranking function

2019-05-04-05-09-27   >>>>   End train ranking function

train_ranking_functioning time = 4.056 ms


2019-05-04-05-09-27   >>>>   Start verify ranking function

[xi_0 = 3, xi_1 = 0]
ranking function : 2.0 * 1; 2.0 * 1; 2.0 * 1

2019-05-04-05-09-27   >>>>   End verify ranking function

verifying time = 7.374 ms


Not Found Ranking Fcuntion

Conterexample is 

[3, 0]

sampling time = 2.069 ms


       ########################################         

iteration 24 with 248 examples

2019-05-04-05-09-27   >>>>   Start train ranking function

2019-05-04-05-09-27   >>>>   End train ranking function

train_ranking_functioning time = 4.002 ms


2019-05-04-05-09-27   >>>>   Start verify ranking function

[xi_0 = 3, xi_1 = 0]
ranking function : 2.0 * 1; 2.0 * 1; 2.0 * 1

2019-05-04-05-09-27   >>>>   End verify ranking function

verifying time = 7.292 ms


Not Found Ranking Fcuntion

Conterexample is 

[3, 0]

sampling time = 2.141 ms


Failed to prove it is terminated

UNKNOWN
Time For Template 2 Is--->-471.063000 ms

------Using Template 3 -----------
7 [1, 2, 4]
*****************************************************

2019-05-04-05-09-27   >>>>   End sampling point

sampling time = 76.864 ms,


       ########################################         

iteration 0 with 152 examples

2019-05-04-05-09-27   >>>>   Start train ranking function

2019-05-04-05-09-27   >>>>   End train ranking function

train_ranking_functioning time = 5.034 ms


2019-05-04-05-09-27   >>>>   Start verify ranking function

True, False or Z3 Boolean expression expected. Received True
ranking function : 0.9 * 1; 0.9 *  x[0]^-2.0 *  x[1]^0.5; 0.7 *  x[0]^-2.0 + 1.0 *  x[0]^-0.5 *  x[1]^0.5

2019-05-04-05-09-27   >>>>   End verify ranking function

verifying time = 4.674 ms


UNKNOWN
Time For Template 3 Is--->-94.242000 ms

------Using Template 4 -----------
15 [3, 3, 3, 3, 3]
*****************************************************

2019-05-04-05-09-28   >>>>   End sampling point

sampling time = 138.607 ms,


       ########################################         

iteration 0 with 228 examples

2019-05-04-05-09-28   >>>>   Start train ranking function

2019-05-04-05-09-28   >>>>   End train ranking function

train_ranking_functioning time = 3.496 ms


2019-05-04-05-09-28   >>>>   Start verify ranking function

[xi_0 = -5, xi_1 = 8]
ranking function :  - 0.2 *  x[0]^1.0 - 0.3 *  x[1]^1.0 + 1.4 * 1;  - 0.1 *  x[0]^1.0 - 0.3 *  x[1]^1.0 + 1.4 * 1;  - 0.2 *  x[1]^1.0 + 1.3 * 1;  - 0.1 *  x[1]^1.0 + 1.3 * 1;  - 0.1 *  x[1]^1.0 + 1.3 * 1

2019-05-04-05-09-28   >>>>   End verify ranking function

verifying time = 7.585 ms


Not Found Ranking Fcuntion

Conterexample is 

[-5, 8]

sampling time = 3.416 ms


       ########################################         

iteration 1 with 234 examples

2019-05-04-05-09-28   >>>>   Start train ranking function

2019-05-04-05-09-28   >>>>   End train ranking function

train_ranking_functioning time = 3.452 ms


2019-05-04-05-09-28   >>>>   Start verify ranking function

[xi_0 = -5, xi_1 = 8]
ranking function :  - 0.2 *  x[0]^1.0 - 0.3 *  x[1]^1.0 + 1.5 * 1;  - 0.1 *  x[0]^1.0 - 0.3 *  x[1]^1.0 + 1.4 * 1;  - 0.2 *  x[1]^1.0 + 1.4 * 1;  - 0.1 *  x[1]^1.0 + 1.3 * 1;  - 0.1 *  x[1]^1.0 + 1.2 * 1

2019-05-04-05-09-28   >>>>   End verify ranking function

verifying time = 7.850 ms


Not Found Ranking Fcuntion

Conterexample is 

[-5, 8]

sampling time = 3.452 ms


       ########################################         

iteration 2 with 240 examples

2019-05-04-05-09-28   >>>>   Start train ranking function

2019-05-04-05-09-28   >>>>   End train ranking function

train_ranking_functioning time = 3.570 ms


2019-05-04-05-09-28   >>>>   Start verify ranking function

[xi_0 = -5, xi_1 = 8]
ranking function :  - 0.2 *  x[0]^1.0 - 0.3 *  x[1]^1.0 + 1.5 * 1;  - 0.1 *  x[0]^1.0 - 0.3 *  x[1]^1.0 + 1.5 * 1;  - 0.2 *  x[1]^1.0 + 1.4 * 1;  - 0.1 *  x[1]^1.0 + 1.3 * 1; 1.2 * 1

2019-05-04-05-09-28   >>>>   End verify ranking function

verifying time = 8.104 ms


Not Found Ranking Fcuntion

Conterexample is 

[-5, 8]

sampling time = 3.422 ms


       ########################################         

iteration 3 with 246 examples

2019-05-04-05-09-28   >>>>   Start train ranking function

2019-05-04-05-09-28   >>>>   End train ranking function

train_ranking_functioning time = 3.428 ms


2019-05-04-05-09-28   >>>>   Start verify ranking function

[xi_0 = -11, xi_1 = 14]
ranking function :  - 0.2 *  x[0]^1.0 - 0.4 *  x[1]^1.0 + 1.6 * 1;  - 0.1 *  x[0]^1.0 - 0.3 *  x[1]^1.0 + 1.5 * 1;  - 0.2 *  x[1]^1.0 + 1.4 * 1;  - 0.1 *  x[1]^1.0 + 1.3 * 1; 1.1 * 1

2019-05-04-05-09-28   >>>>   End verify ranking function

verifying time = 10.598 ms


Not Found Ranking Fcuntion

Conterexample is 

[-11, 14]

sampling time = 3.414 ms


       ########################################         

iteration 4 with 252 examples

2019-05-04-05-09-28   >>>>   Start train ranking function

2019-05-04-05-09-28   >>>>   End train ranking function

train_ranking_functioning time = 3.871 ms


2019-05-04-05-09-28   >>>>   Start verify ranking function

[xi_0 = -5, xi_1 = 8]
ranking function :  - 0.2 *  x[0]^1.0 - 0.3 *  x[1]^1.0 + 1.7 * 1;  - 0.1 *  x[0]^1.0 - 0.2 *  x[1]^1.0 + 1.5 * 1;  - 0.1 *  x[1]^1.0 + 1.4 * 1;  - 0.1 *  x[1]^1.0 + 1.3 * 1; 1.0 * 1

2019-05-04-05-09-28   >>>>   End verify ranking function

verifying time = 7.612 ms


Not Found Ranking Fcuntion

Conterexample is 

[-5, 8]

sampling time = 3.452 ms


       ########################################         

iteration 5 with 258 examples

2019-05-04-05-09-28   >>>>   Start train ranking function

2019-05-04-05-09-28   >>>>   End train ranking function

train_ranking_functioning time = 4.018 ms


2019-05-04-05-09-28   >>>>   Start verify ranking function

[xi_0 = -5, xi_1 = 8]
ranking function :  - 0.2 *  x[0]^1.0 - 0.3 *  x[1]^1.0 + 1.6 * 1;  - 0.1 *  x[0]^1.0 - 0.2 *  x[1]^1.0 + 1.5 * 1;  - 0.1 *  x[1]^1.0 + 1.4 * 1;  - 0.1 *  x[1]^1.0 + 1.3 * 1; 1.0 * 1

2019-05-04-05-09-28   >>>>   End verify ranking function

verifying time = 7.694 ms


Not Found Ranking Fcuntion

Conterexample is 

[-5, 8]

sampling time = 3.435 ms


       ########################################         

iteration 6 with 264 examples

2019-05-04-05-09-28   >>>>   Start train ranking function

2019-05-04-05-09-28   >>>>   End train ranking function

train_ranking_functioning time = 4.117 ms


2019-05-04-05-09-28   >>>>   Start verify ranking function

[xi_0 = -5, xi_1 = 8]
ranking function :  - 0.2 *  x[0]^1.0 - 0.3 *  x[1]^1.0 + 1.6 * 1;  - 0.1 *  x[0]^1.0 - 0.2 *  x[1]^1.0 + 1.6 * 1;  - 0.1 *  x[1]^1.0 + 1.4 * 1;  - 0.1 *  x[1]^1.0 + 1.3 * 1; 1.0 * 1

2019-05-04-05-09-28   >>>>   End verify ranking function

verifying time = 7.635 ms


Not Found Ranking Fcuntion

Conterexample is 

[-5, 8]

sampling time = 3.451 ms


       ########################################         

iteration 7 with 270 examples

2019-05-04-05-09-28   >>>>   Start train ranking function

2019-05-04-05-09-28   >>>>   End train ranking function

train_ranking_functioning time = 4.485 ms


2019-05-04-05-09-28   >>>>   Start verify ranking function

[xi_0 = -5, xi_1 = 8]
ranking function :  - 0.2 *  x[0]^1.0 - 0.3 *  x[1]^1.0 + 1.7 * 1;  - 0.1 *  x[0]^1.0 - 0.2 *  x[1]^1.0 + 1.6 * 1;  - 0.1 *  x[1]^1.0 + 1.5 * 1;  - 0.1 *  x[1]^1.0 + 1.3 * 1; 1.0 * 1

2019-05-04-05-09-28   >>>>   End verify ranking function

verifying time = 7.604 ms


Not Found Ranking Fcuntion

Conterexample is 

[-5, 8]

sampling time = 3.513 ms


       ########################################         

iteration 8 with 276 examples

2019-05-04-05-09-28   >>>>   Start train ranking function

2019-05-04-05-09-28   >>>>   End train ranking function

train_ranking_functioning time = 4.537 ms


2019-05-04-05-09-28   >>>>   Start verify ranking function

[xi_0 = -5, xi_1 = 8]
ranking function :  - 0.2 *  x[0]^1.0 - 0.3 *  x[1]^1.0 + 1.7 * 1;  - 0.2 *  x[1]^1.0 + 1.5 * 1;  - 0.1 *  x[1]^1.0 + 1.4 * 1;  - 0.1 *  x[1]^1.0 + 1.3 * 1; 1.0 * 1

2019-05-04-05-09-28   >>>>   End verify ranking function

verifying time = 7.647 ms


Not Found Ranking Fcuntion

Conterexample is 

[-5, 8]

sampling time = 3.529 ms


       ########################################         

iteration 9 with 282 examples

2019-05-04-05-09-28   >>>>   Start train ranking function

2019-05-04-05-09-28   >>>>   End train ranking function

train_ranking_functioning time = 4.517 ms


2019-05-04-05-09-28   >>>>   Start verify ranking function

[xi_0 = -5, xi_1 = 8]
ranking function :  - 0.2 *  x[0]^1.0 - 0.3 *  x[1]^1.0 + 1.6 * 1;  - 0.3 *  x[1]^1.0 + 1.6 * 1;  - 0.1 *  x[1]^1.0 + 1.5 * 1;  - 0.1 *  x[1]^1.0 + 1.3 * 1; 1.0 * 1

2019-05-04-05-09-28   >>>>   End verify ranking function

verifying time = 7.637 ms


Not Found Ranking Fcuntion

Conterexample is 

[-5, 8]

sampling time = 3.489 ms


       ########################################         

iteration 10 with 288 examples

2019-05-04-05-09-28   >>>>   Start train ranking function

2019-05-04-05-09-28   >>>>   End train ranking function

train_ranking_functioning time = 4.994 ms


2019-05-04-05-09-28   >>>>   Start verify ranking function

[xi_0 = -12, xi_1 = 15]
ranking function :  - 0.2 *  x[0]^1.0 - 0.4 *  x[1]^1.0 + 1.7 * 1;  - 0.1 *  x[0]^1.0 - 0.3 *  x[1]^1.0 + 1.6 * 1;  - 0.2 *  x[1]^1.0 + 1.5 * 1;  - 0.1 *  x[1]^1.0 + 1.3 * 1; 1.0 * 1

2019-05-04-05-09-28   >>>>   End verify ranking function

verifying time = 10.507 ms


Not Found Ranking Fcuntion

Conterexample is 

[-12, 15]

sampling time = 3.572 ms


       ########################################         

iteration 11 with 294 examples

2019-05-04-05-09-28   >>>>   Start train ranking function

2019-05-04-05-09-28   >>>>   End train ranking function

train_ranking_functioning time = 5.227 ms


2019-05-04-05-09-28   >>>>   Start verify ranking function

[xi_0 = -5, xi_1 = 8]
ranking function :  - 0.2 *  x[0]^1.0 - 0.3 *  x[1]^1.0 + 1.7 * 1;  - 0.2 *  x[1]^1.0 + 1.6 * 1;  - 0.1 *  x[1]^1.0 + 1.5 * 1; 1.3 * 1; 1.0 * 1

2019-05-04-05-09-28   >>>>   End verify ranking function

verifying time = 7.557 ms


Not Found Ranking Fcuntion

Conterexample is 

[-5, 8]

sampling time = 3.457 ms


       ########################################         

iteration 12 with 300 examples

2019-05-04-05-09-28   >>>>   Start train ranking function

2019-05-04-05-09-28   >>>>   End train ranking function

train_ranking_functioning time = 5.359 ms


2019-05-04-05-09-28   >>>>   Start verify ranking function

[xi_0 = -5, xi_1 = 8]
ranking function :  - 0.2 *  x[0]^1.0 - 0.3 *  x[1]^1.0 + 1.7 * 1;  - 0.2 *  x[1]^1.0 + 1.6 * 1;  - 0.1 *  x[1]^1.0 + 1.5 * 1; 1.3 * 1; 1.0 * 1

2019-05-04-05-09-28   >>>>   End verify ranking function

verifying time = 7.553 ms


Not Found Ranking Fcuntion

Conterexample is 

[-5, 8]

sampling time = 3.429 ms


       ########################################         

iteration 13 with 306 examples

2019-05-04-05-09-28   >>>>   Start train ranking function

2019-05-04-05-09-28   >>>>   End train ranking function

train_ranking_functioning time = 5.582 ms


2019-05-04-05-09-28   >>>>   Start verify ranking function

[xi_0 = -5, xi_1 = 8]
ranking function :  - 0.2 *  x[0]^1.0 - 0.3 *  x[1]^1.0 + 1.7 * 1;  - 0.2 *  x[1]^1.0 + 1.6 * 1;  - 0.1 *  x[1]^1.0 + 1.5 * 1;  - 0.1 *  x[1]^1.0 + 1.3 * 1; 1.0 * 1

2019-05-04-05-09-28   >>>>   End verify ranking function

verifying time = 7.616 ms


Not Found Ranking Fcuntion

Conterexample is 

[-5, 8]

sampling time = 3.841 ms


       ########################################         

iteration 14 with 312 examples

2019-05-04-05-09-28   >>>>   Start train ranking function

2019-05-04-05-09-28   >>>>   End train ranking function

train_ranking_functioning time = 6.097 ms


2019-05-04-05-09-28   >>>>   Start verify ranking function

[xi_0 = -5, xi_1 = 8]
ranking function :  - 0.2 *  x[0]^1.0 - 0.3 *  x[1]^1.0 + 1.7 * 1;  - 0.2 *  x[1]^1.0 + 1.6 * 1;  - 0.1 *  x[1]^1.0 + 1.5 * 1; 1.3 * 1; 1.0 * 1

2019-05-04-05-09-28   >>>>   End verify ranking function

verifying time = 8.078 ms


Not Found Ranking Fcuntion

Conterexample is 

[-5, 8]

sampling time = 3.488 ms


       ########################################         

iteration 15 with 318 examples

2019-05-04-05-09-28   >>>>   Start train ranking function

2019-05-04-05-09-28   >>>>   End train ranking function

train_ranking_functioning time = 6.282 ms


2019-05-04-05-09-28   >>>>   Start verify ranking function

[xi_0 = -5, xi_1 = 8]
ranking function :  - 0.2 *  x[0]^1.0 - 0.3 *  x[1]^1.0 + 1.7 * 1;  - 0.2 *  x[1]^1.0 + 1.6 * 1;  - 0.1 *  x[1]^1.0 + 1.5 * 1;  - 0.1 *  x[1]^1.0 + 1.3 * 1; 1.0 * 1

2019-05-04-05-09-28   >>>>   End verify ranking function

verifying time = 7.763 ms


Not Found Ranking Fcuntion

Conterexample is 

[-5, 8]

sampling time = 3.429 ms


       ########################################         

iteration 16 with 324 examples

2019-05-04-05-09-28   >>>>   Start train ranking function

2019-05-04-05-09-28   >>>>   End train ranking function

train_ranking_functioning time = 5.910 ms


2019-05-04-05-09-28   >>>>   Start verify ranking function

[xi_0 = -5, xi_1 = 8]
ranking function :  - 0.2 *  x[0]^1.0 - 0.3 *  x[1]^1.0 + 1.7 * 1;  - 0.2 *  x[1]^1.0 + 1.6 * 1;  - 0.1 *  x[1]^1.0 + 1.5 * 1;  - 0.1 *  x[1]^1.0 + 1.3 * 1; 1.0 * 1

2019-05-04-05-09-28   >>>>   End verify ranking function

verifying time = 7.648 ms


Not Found Ranking Fcuntion

Conterexample is 

[-5, 8]

sampling time = 3.440 ms


       ########################################         

iteration 17 with 330 examples

2019-05-04-05-09-28   >>>>   Start train ranking function

2019-05-04-05-09-28   >>>>   End train ranking function

train_ranking_functioning time = 6.237 ms


2019-05-04-05-09-28   >>>>   Start verify ranking function

[xi_0 = -5, xi_1 = 8]
ranking function :  - 0.2 *  x[0]^1.0 - 0.3 *  x[1]^1.0 + 1.7 * 1;  - 0.2 *  x[1]^1.0 + 1.6 * 1;  - 0.1 *  x[1]^1.0 + 1.5 * 1;  - 0.1 *  x[1]^1.0 + 1.3 * 1; 1.0 * 1

2019-05-04-05-09-28   >>>>   End verify ranking function

verifying time = 7.712 ms


Not Found Ranking Fcuntion

Conterexample is 

[-5, 8]

sampling time = 3.518 ms


       ########################################         

iteration 18 with 336 examples

2019-05-04-05-09-28   >>>>   Start train ranking function

2019-05-04-05-09-28   >>>>   End train ranking function

train_ranking_functioning time = 6.277 ms


2019-05-04-05-09-28   >>>>   Start verify ranking function

[xi_0 = -5, xi_1 = 8]
ranking function :  - 0.2 *  x[0]^1.0 - 0.3 *  x[1]^1.0 + 1.7 * 1;  - 0.2 *  x[1]^1.0 + 1.6 * 1;  - 0.1 *  x[1]^1.0 + 1.5 * 1;  - 0.1 *  x[1]^1.0 + 1.3 * 1; 1.0 * 1

2019-05-04-05-09-28   >>>>   End verify ranking function

verifying time = 7.592 ms


Not Found Ranking Fcuntion

Conterexample is 

[-5, 8]

sampling time = 3.414 ms


       ########################################         

iteration 19 with 342 examples

2019-05-04-05-09-28   >>>>   Start train ranking function

2019-05-04-05-09-28   >>>>   End train ranking function

train_ranking_functioning time = 6.485 ms


2019-05-04-05-09-28   >>>>   Start verify ranking function

[xi_0 = -5, xi_1 = 8]
ranking function :  - 0.2 *  x[0]^1.0 - 0.3 *  x[1]^1.0 + 1.7 * 1;  - 0.2 *  x[1]^1.0 + 1.6 * 1;  - 0.1 *  x[1]^1.0 + 1.5 * 1;  - 0.1 *  x[1]^1.0 + 1.3 * 1; 1.0 * 1

2019-05-04-05-09-28   >>>>   End verify ranking function

verifying time = 7.552 ms


Not Found Ranking Fcuntion

Conterexample is 

[-5, 8]

sampling time = 3.446 ms


       ########################################         

iteration 20 with 348 examples

2019-05-04-05-09-28   >>>>   Start train ranking function

5
2019-05-04-05-09-28   >>>>   End train ranking function

train_ranking_functioning time = 6.809 ms


2019-05-04-05-09-28   >>>>   Start verify ranking function

[xi_0 = -5, xi_1 = 8]
ranking function :  - 0.2 *  x[0]^1.0 - 0.3 *  x[1]^1.0 + 1.7 * 1;  - 0.2 *  x[1]^1.0 + 1.6 * 1;  - 0.1 *  x[1]^1.0 + 1.5 * 1;  - 0.1 *  x[1]^1.0 + 1.3 * 1; 1.0 * 1

2019-05-04-05-09-28   >>>>   End verify ranking function

verifying time = 7.824 ms


Not Found Ranking Fcuntion

Conterexample is 

[-5, 8]

sampling time = 3.404 ms


       ########################################         

iteration 21 with 354 examples

2019-05-04-05-09-28   >>>>   Start train ranking function

2019-05-04-05-09-28   >>>>   End train ranking function

train_ranking_functioning time = 6.812 ms


2019-05-04-05-09-28   >>>>   Start verify ranking function

[xi_0 = 1743, xi_1 = -1513]
ranking function :  - 0.1519 *  x[0]^1.0 - 0.3498 *  x[1]^1.0 + 1.7258 * 1;  - 0.0416 *  x[0]^1.0 - 0.2432 *  x[1]^1.0 + 1.6105 * 1; 0.0134 *  x[0]^1.0 - 0.1402 *  x[1]^1.0 + 1.4663 * 1; 0.0336 *  x[0]^1.0 - 0.052 *  x[1]^1.0 + 1.3167 * 1; 0.0328 *  x[0]^1.0 + 0.0167 *  x[1]^1.0 + 1.0144 * 1

2019-05-04-05-09-28   >>>>   End verify ranking function

verifying time = 7.646 ms


Not Found Ranking Fcuntion

Conterexample is 

[1743, -1513]

sampling time = 3.456 ms


       ########################################         

iteration 22 with 360 examples

2019-05-04-05-09-28   >>>>   Start train ranking function

2019-05-04-05-09-28   >>>>   End train ranking function

train_ranking_functioning time = 7.047 ms


2019-05-04-05-09-28   >>>>   Start verify ranking function

[xi_0 = 1744, xi_1 = -1515]
ranking function :  - 0.1521 *  x[0]^1.0 - 0.35 *  x[1]^1.0 + 1.7264 * 1;  - 0.0411 *  x[0]^1.0 - 0.2437 *  x[1]^1.0 + 1.611 * 1; 0.0131 *  x[0]^1.0 - 0.1392 *  x[1]^1.0 + 1.4666 * 1; 0.0346 *  x[0]^1.0 - 0.0511 *  x[1]^1.0 + 1.3175 * 1; 0.0331 *  x[0]^1.0 + 0.0174 *  x[1]^1.0 + 1.0157 * 1

2019-05-04-05-09-28   >>>>   End verify ranking function

verifying time = 7.694 ms


Not Found Ranking Fcuntion

Conterexample is 

[1744, -1515]

sampling time = 3.459 ms


       ########################################         

iteration 23 with 366 examples

2019-05-04-05-09-28   >>>>   Start train ranking function

2019-05-04-05-09-28   >>>>   End train ranking function

train_ranking_functioning time = 7.201 ms


2019-05-04-05-09-28   >>>>   Start verify ranking function

[xi_0 = 869, xi_1 = -755]
ranking function :  - 0.1522 *  x[0]^1.0 - 0.35 *  x[1]^1.0 + 1.7267 * 1;  - 0.0412 *  x[0]^1.0 - 0.2442 *  x[1]^1.0 + 1.6112 * 1; 0.0131 *  x[0]^1.0 - 0.1404 *  x[1]^1.0 + 1.4667 * 1; 0.0339 *  x[0]^1.0 - 0.0513 *  x[1]^1.0 + 1.3174 * 1; 0.0338 *  x[0]^1.0 + 0.0171 *  x[1]^1.0 + 1.0158 * 1

2019-05-04-05-09-28   >>>>   End verify ranking function

verifying time = 7.604 ms


Not Found Ranking Fcuntion

Conterexample is 

[869, -755]

sampling time = 3.462 ms


       ########################################         

iteration 24 with 372 examples

2019-05-04-05-09-28   >>>>   Start train ranking function

2019-05-04-05-09-28   >>>>   End train ranking function

train_ranking_functioning time = 7.165 ms


2019-05-04-05-09-28   >>>>   Start verify ranking function

[xi_0 = 3493, xi_1 = -3036]
ranking function :  - 0.1521 *  x[0]^1.0 - 0.3499 *  x[1]^1.0 + 1.7267 * 1;  - 0.0419 *  x[0]^1.0 - 0.2438 *  x[1]^1.0 + 1.6112 * 1; 0.0136 *  x[0]^1.0 - 0.1401 *  x[1]^1.0 + 1.4666 * 1; 0.0339 *  x[0]^1.0 - 0.0513 *  x[1]^1.0 + 1.3161 * 1; 0.0331 *  x[0]^1.0 + 0.0168 *  x[1]^1.0 + 1.015 * 1

2019-05-04-05-09-28   >>>>   End verify ranking function

verifying time = 7.738 ms


Not Found Ranking Fcuntion

Conterexample is 

[3493, -3036]

sampling time = 3.507 ms


Failed to prove it is terminated

UNKNOWN
Time For Template 4 Is--->-658.954000 ms

------Using Template 5 -----------
8 [1, 3, 1, 1, 2]
*****************************************************

2019-05-04-05-09-28   >>>>   End sampling point

sampling time = 97.430 ms,


       ########################################         

iteration 0 with 228 examples

2019-05-04-05-09-28   >>>>   Start train ranking function

2019-05-04-05-09-28   >>>>   End train ranking function

train_ranking_functioning time = 7.632 ms


2019-05-04-05-09-28   >>>>   Start verify ranking function

[xi_0 = 0, xi_1 = 3]
ranking function : ; 2.9 *  x[1]^-0.5 - 0.2 *  x[1]^1.0 + 0.6 *  x[0]^-2.0 *  x[1]^-1.0; 0.2 *  x[0]^-0.5 *  x[1]^1.0; ; 1.8 *  x[0]^-2.0 *  x[1]^-3.0

2019-05-04-05-09-28   >>>>   End verify ranking function

verifying time = 7.469 ms


Not Found Ranking Fcuntion

Conterexample is 

[0, 3]

sampling time = 2.226 ms


       ########################################         

iteration 1 with 234 examples

2019-05-04-05-09-28   >>>>   Start train ranking function

2019-05-04-05-09-28   >>>>   End train ranking function

train_ranking_functioning time = 8.076 ms


2019-05-04-05-09-28   >>>>   Start verify ranking function

[xi_0 = 0, xi_1 = 3]
ranking function : ; 3.0 *  x[1]^-0.5 - 0.2 *  x[1]^1.0 + 0.6 *  x[0]^-2.0 *  x[1]^-1.0; 0.2 *  x[0]^-0.5 *  x[1]^1.0; ; 1.8 *  x[0]^-2.0 *  x[1]^-3.0

2019-05-04-05-09-28   >>>>   End verify ranking function

verifying time = 7.499 ms


Not Found Ranking Fcuntion

Conterexample is 

[0, 3]

sampling time = 2.226 ms


       ########################################         

iteration 2 with 240 examples

2019-05-04-05-09-28   >>>>   Start train ranking function

2019-05-04-05-09-28   >>>>   End train ranking function

train_ranking_functioning time = 8.322 ms


2019-05-04-05-09-28   >>>>   Start verify ranking function

[xi_0 = 0, xi_1 = 3]
ranking function : ; 3.0 *  x[1]^-0.5 - 0.2 *  x[1]^1.0 + 0.5 *  x[0]^-2.0 *  x[1]^-1.0; 0.2 *  x[0]^-0.5 *  x[1]^1.0; ; 1.8 *  x[0]^-2.0 *  x[1]^-3.0

2019-05-04-05-09-28   >>>>   End verify ranking function

verifying time = 7.462 ms


Not Found Ranking Fcuntion

Conterexample is 

[0, 3]

sampling time = 2.222 ms


       ########################################         

iteration 3 with 246 examples

2019-05-04-05-09-28   >>>>   Start train ranking function

2019-05-04-05-09-28   >>>>   End train ranking function

train_ranking_functioning time = 8.289 ms


2019-05-04-05-09-28   >>>>   Start verify ranking function

[xi_0 = 3, xi_1 = 0]
ranking function : ; 3.1 *  x[1]^-0.5 - 0.2 *  x[1]^1.0 + 0.5 *  x[0]^-2.0 *  x[1]^-1.0; 0.2 *  x[0]^-0.5 *  x[1]^1.0; ; 1.8 *  x[0]^-2.0 *  x[1]^-3.0

2019-05-04-05-09-28   >>>>   End verify ranking function

verifying time = 7.391 ms


Not Found Ranking Fcuntion

Conterexample is 

[3, 0]

sampling time = 2.197 ms


       ########################################         

iteration 4 with 252 examples

2019-05-04-05-09-28   >>>>   Start train ranking function

2019-05-04-05-09-28   >>>>   End train ranking function

train_ranking_functioning time = 8.311 ms


2019-05-04-05-09-28   >>>>   Start verify ranking function

[xi_0 = 0, xi_1 = 3]
ranking function : ; 3.1 *  x[1]^-0.5 - 0.2 *  x[1]^1.0 + 0.5 *  x[0]^-2.0 *  x[1]^-1.0; 0.2 *  x[0]^-0.5 *  x[1]^1.0; ; 1.7 *  x[0]^-2.0 *  x[1]^-3.0

2019-05-04-05-09-28   >>>>   End verify ranking function

verifying time = 7.416 ms


Not Found Ranking Fcuntion

Conterexample is 

[0, 3]

sampling time = 2.247 ms


       ########################################         

iteration 5 with 258 examples

2019-05-04-05-09-28   >>>>   Start train ranking function

2019-05-04-05-09-28   >>>>   End train ranking function

train_ranking_functioning time = 8.708 ms


2019-05-04-05-09-28   >>>>   Start verify ranking function

[xi_0 = 0, xi_1 = 3]
ranking function : ; 3.1 *  x[1]^-0.5 - 0.2 *  x[1]^1.0 + 0.5 *  x[0]^-2.0 *  x[1]^-1.0; 0.2 *  x[0]^-0.5 *  x[1]^1.0; ; 1.8 *  x[0]^-2.0 *  x[1]^-3.0

2019-05-04-05-09-28   >>>>   End verify ranking function

verifying time = 7.394 ms


Not Found Ranking Fcuntion

Conterexample is 

[0, 3]

sampling time = 2.260 ms


       ########################################         

iteration 6 with 264 examples

2019-05-04-05-09-28   >>>>   Start train ranking function

2019-05-04-05-09-28   >>>>   End train ranking function

train_ranking_functioning time = 8.902 ms


2019-05-04-05-09-28   >>>>   Start verify ranking function

[xi_0 = 0, xi_1 = 3]
ranking function : ; 3.1 *  x[1]^-0.5 - 0.3 *  x[1]^1.0 + 0.4 *  x[0]^-2.0 *  x[1]^-1.0; 0.2 *  x[0]^-0.5 *  x[1]^1.0; ; 1.8 *  x[0]^-2.0 *  x[1]^-3.0

2019-05-04-05-09-28   >>>>   End verify ranking function

verifying time = 7.342 ms


Not Found Ranking Fcuntion

Conterexample is 

[0, 3]

sampling time = 2.252 ms


       ########################################         

iteration 7 with 270 examples

2019-05-04-05-09-28   >>>>   Start train ranking function

2019-05-04-05-09-28   >>>>   End train ranking function

train_ranking_functioning time = 8.804 ms


2019-05-04-05-09-28   >>>>   Start verify ranking function

[xi_0 = 0, xi_1 = 3]
ranking function : ; 3.2 *  x[1]^-0.5 - 0.3 *  x[1]^1.0 + 0.4 *  x[0]^-2.0 *  x[1]^-1.0; 0.2 *  x[0]^-0.5 *  x[1]^1.0; ; 1.8 *  x[0]^-2.0 *  x[1]^-3.0

2019-05-04-05-09-28   >>>>   End verify ranking function

verifying time = 7.354 ms


Not Found Ranking Fcuntion

Conterexample is 

[0, 3]

sampling time = 2.232 ms


       ########################################         

iteration 8 with 276 examples

2019-05-04-05-09-28   >>>>   Start train ranking function

2019-05-04-05-09-28   >>>>   End train ranking function

train_ranking_functioning time = 9.202 ms


2019-05-04-05-09-28   >>>>   Start verify ranking function

[xi_0 = 3, xi_1 = 0]
ranking function : ; 3.2 *  x[1]^-0.5 - 0.3 *  x[1]^1.0 + 0.4 *  x[0]^-2.0 *  x[1]^-1.0; 0.2 *  x[0]^-0.5 *  x[1]^1.0; ; 1.8 *  x[0]^-2.0 *  x[1]^-3.0

2019-05-04-05-09-28   >>>>   End verify ranking function

verifying time = 7.441 ms


Not Found Ranking Fcuntion

Conterexample is 

[3, 0]

sampling time = 2.207 ms


       ########################################         

iteration 9 with 282 examples

2019-05-04-05-09-28   >>>>   Start train ranking function

2019-05-04-05-09-28   >>>>   End train ranking function

train_ranking_functioning time = 9.573 ms


2019-05-04-05-09-28   >>>>   Start verify ranking function

[xi_0 = 0, xi_1 = 3]
ranking function : ; 3.2 *  x[1]^-0.5 - 0.3 *  x[1]^1.0 + 0.4 *  x[0]^-2.0 *  x[1]^-1.0; 0.2 *  x[0]^-0.5 *  x[1]^1.0; ; 1.7 *  x[0]^-2.0 *  x[1]^-3.0

2019-05-04-05-09-28   >>>>   End verify ranking function

verifying time = 7.374 ms


Not Found Ranking Fcuntion

Conterexample is 

[0, 3]

sampling time = 2.212 ms


       ########################################         

iteration 10 with 288 examples

2019-05-04-05-09-28   >>>>   Start train ranking function

2019-05-04-05-09-28   >>>>   End train ranking function

train_ranking_functioning time = 9.524 ms


2019-05-04-05-09-28   >>>>   Start verify ranking function

[xi_0 = 0, xi_1 = 3]
ranking function : ; 3.2 *  x[1]^-0.5 - 0.3 *  x[1]^1.0 + 0.4 *  x[0]^-2.0 *  x[1]^-1.0; 0.2 *  x[0]^-0.5 *  x[1]^1.0; ; 1.7 *  x[0]^-2.0 *  x[1]^-3.0

2019-05-04-05-09-28   >>>>   End verify ranking function

verifying time = 7.520 ms


Not Found Ranking Fcuntion

Conterexample is 

[0, 3]

sampling time = 2.279 ms


       ########################################         

iteration 11 with 294 examples

2019-05-04-05-09-28   >>>>   Start train ranking function

2019-05-04-05-09-28   >>>>   End train ranking function

train_ranking_functioning time = 10.083 ms


2019-05-04-05-09-28   >>>>   Start verify ranking function

[xi_0 = 3, xi_1 = 0]
ranking function : ; 3.2 *  x[1]^-0.5 - 0.3 *  x[1]^1.0 + 0.4 *  x[0]^-2.0 *  x[1]^-1.0; 0.2 *  x[0]^-0.5 *  x[1]^1.0; ; 1.8 *  x[0]^-2.0 *  x[1]^-3.0

2019-05-04-05-09-28   >>>>   End verify ranking function

verifying time = 7.564 ms


Not Found Ranking Fcuntion

Conterexample is 

[3, 0]

sampling time = 2.314 ms


       ########################################         

iteration 12 with 300 examples

2019-05-04-05-09-28   >>>>   Start train ranking function

2019-05-04-05-09-28   >>>>   End train ranking function

train_ranking_functioning time = 10.104 ms


2019-05-04-05-09-28   >>>>   Start verify ranking function

[xi_0 = 0, xi_1 = 3]
ranking function : ; 3.2 *  x[1]^-0.5 - 0.3 *  x[1]^1.0 + 0.4 *  x[0]^-2.0 *  x[1]^-1.0; 0.2 *  x[0]^-0.5 *  x[1]^1.0; ; 1.8 *  x[0]^-2.0 *  x[1]^-3.0

2019-05-04-05-09-28   >>>>   End verify ranking function

verifying time = 7.671 ms


Not Found Ranking Fcuntion

Conterexample is 

[0, 3]

sampling time = 2.554 ms


       ########################################         

iteration 13 with 306 examples

2019-05-04-05-09-28   >>>>   Start train ranking function

2019-05-04-05-09-28   >>>>   End train ranking function

train_ranking_functioning time = 10.362 ms


2019-05-04-05-09-28   >>>>   Start verify ranking function

[xi_0 = 0, xi_1 = 3]
ranking function : ; 3.2 *  x[1]^-0.5 - 0.3 *  x[1]^1.0 + 0.4 *  x[0]^-2.0 *  x[1]^-1.0; 0.2 *  x[0]^-0.5 *  x[1]^1.0; ; 1.8 *  x[0]^-2.0 *  x[1]^-3.0

2019-05-04-05-09-28   >>>>   End verify ranking function

verifying time = 7.883 ms


Not Found Ranking Fcuntion

Conterexample is 

[0, 3]

sampling time = 2.231 ms


       ########################################         

iteration 14 with 312 examples

2019-05-04-05-09-28   >>>>   Start train ranking function

2019-05-04-05-09-29   >>>>   End train ranking function

train_ranking_functioning time = 10.649 ms


2019-05-04-05-09-29   >>>>   Start verify ranking function

[xi_0 = 0, xi_1 = 3]
ranking function : ; 3.2 *  x[1]^-0.5 - 0.3 *  x[1]^1.0 + 0.4 *  x[0]^-2.0 *  x[1]^-1.0; 0.2 *  x[0]^-0.5 *  x[1]^1.0; ; 1.8 *  x[0]^-2.0 *  x[1]^-3.0

2019-05-04-05-09-29   >>>>   End verify ranking function

verifying time = 8.404 ms


Not Found Ranking Fcuntion

Conterexample is 

[0, 3]

sampling time = 2.316 ms


       ########################################         

iteration 15 with 318 examples

2019-05-04-05-09-29   >>>>   Start train ranking function

2019-05-04-05-09-29   >>>>   End train ranking function

train_ranking_functioning time = 10.839 ms


2019-05-04-05-09-29   >>>>   Start verify ranking function

[xi_0 = 0, xi_1 = 3]
ranking function : ; 3.3 *  x[1]^-0.5 - 0.3 *  x[1]^1.0 + 0.4 *  x[0]^-2.0 *  x[1]^-1.0; 0.2 *  x[0]^-0.5 *  x[1]^1.0; ; 1.7 *  x[0]^-2.0 *  x[1]^-3.0

2019-05-04-05-09-29   >>>>   End verify ranking function

verifying time = 7.485 ms


Not Found Ranking Fcuntion

Conterexample is 

[0, 3]

sampling time = 2.246 ms


       ########################################         

iteration 16 with 324 examples

2019-05-04-05-09-29   >>>>   Start train ranking function

2019-05-04-05-09-29   >>>>   End train ranking function

train_ranking_functioning time = 10.762 ms


2019-05-04-05-09-29   >>>>   Start verify ranking function

[xi_0 = 0, xi_1 = 3]
ranking function : ; 3.3 *  x[1]^-0.5 - 0.3 *  x[1]^1.0 + 0.4 *  x[0]^-2.0 *  x[1]^-1.0; 0.2 *  x[0]^-0.5 *  x[1]^1.0; ; 1.7 *  x[0]^-2.0 *  x[1]^-3.0

2019-05-04-05-09-29   >>>>   End verify ranking function

verifying time = 7.412 ms


Not Found Ranking Fcuntion

Conterexample is 

[0, 3]

sampling time = 2.268 ms


       ########################################         

iteration 17 with 330 examples

2019-05-04-05-09-29   >>>>   Start train ranking function

2019-05-04-05-09-29   >>>>   End train ranking function

train_ranking_functioning time = 11.029 ms


2019-05-04-05-09-29   >>>>   Start verify ranking function

[xi_0 = 0, xi_1 = 3]
ranking function : ; 3.3 *  x[1]^-0.5 - 0.3 *  x[1]^1.0 + 0.4 *  x[0]^-2.0 *  x[1]^-1.0; 0.2 *  x[0]^-0.5 *  x[1]^1.0; ; 1.7 *  x[0]^-2.0 *  x[1]^-3.0

2019-05-04-05-09-29   >>>>   End verify ranking function

verifying time = 7.353 ms


Not Found Ranking Fcuntion

Conterexample is 

[0, 3]

sampling time = 2.226 ms


       ########################################         

iteration 18 with 336 examples

2019-05-04-05-09-29   >>>>   Start train ranking function

2019-05-04-05-09-29   >>>>   End train ranking function

train_ranking_functioning time = 11.172 ms


2019-05-04-05-09-29   >>>>   Start verify ranking function

[xi_0 = 3, xi_1 = 0]
ranking function : ; 3.3 *  x[1]^-0.5 - 0.3 *  x[1]^1.0 + 0.4 *  x[0]^-2.0 *  x[1]^-1.0; 0.2 *  x[0]^-0.5 *  x[1]^1.0; ; 1.7 *  x[0]^-2.0 *  x[1]^-3.0

2019-05-04-05-09-29   >>>>   End verify ranking function

verifying time = 7.420 ms


Not Found Ranking Fcuntion

Conterexample is 

[3, 0]

sampling time = 2.225 ms


       ########################################         

iteration 19 with 342 examples

2019-05-04-05-09-29   >>>>   Start train ranking function

2019-05-04-05-09-29   >>>>   End train ranking function

train_ranking_functioning time = 11.386 ms


2019-05-04-05-09-29   >>>>   Start verify ranking function

[xi_0 = 0, xi_1 = 3]
ranking function : ; 3.3 *  x[1]^-0.5 - 0.3 *  x[1]^1.0 + 0.4 *  x[0]^-2.0 *  x[1]^-1.0; 0.2 *  x[0]^-0.5 *  x[1]^1.0; ; 1.7 *  x[0]^-2.0 *  x[1]^-3.0

2019-05-04-05-09-29   >>>>   End verify ranking function

verifying time = 7.503 ms


Not Found Ranking Fcuntion

Conterexample is 

[0, 3]

sampling time = 2.283 ms


       ########################################         

iteration 20 with 348 examples

2019-05-04-05-09-29   >>>>   Start train ranking function

2019-05-04-05-09-29   >>>>   End train ranking function

train_ranking_functioning time = 11.654 ms


2019-05-04-05-09-29   >>>>   Start verify ranking function

[xi_0 = 0, xi_1 = 3]
ranking function : ; 3.3 *  x[1]^-0.5 - 0.3 *  x[1]^1.0 + 0.4 *  x[0]^-2.0 *  x[1]^-1.0; 0.2 *  x[0]^-0.5 *  x[1]^1.0; ; 1.8 *  x[0]^-2.0 *  x[1]^-3.0

2019-05-04-05-09-29   >>>>   End verify ranking function

verifying time = 7.463 ms


Not Found Ranking Fcuntion

Conterexample is 

[0, 3]

sampling time = 2.229 ms


       ########################################         

iteration 21 with 354 examples

2019-05-04-05-09-29   >>>>   Start train ranking function

2019-05-04-05-09-29   >>>>   End train ranking function

train_ranking_functioning time = 11.670 ms


2019-05-04-05-09-29   >>>>   Start verify ranking function

[xi_0 = 0, xi_1 = 3]
ranking function : ; 3.3 *  x[1]^-0.5 - 0.3 *  x[1]^1.0 + 0.4 *  x[0]^-2.0 *  x[1]^-1.0; 0.2 *  x[0]^-0.5 *  x[1]^1.0; ; 1.7 *  x[0]^-2.0 *  x[1]^-3.0

2019-05-04-05-09-29   >>>>   End verify ranking function

verifying time = 7.484 ms


Not Found Ranking Fcuntion

Conterexample is 

[0, 3]

sampling time = 2.266 ms


       ########################################         

iteration 22 with 360 examples

2019-05-04-05-09-29   >>>>   Start train ranking function

2019-05-04-05-09-29   >>>>   End train ranking function

train_ranking_functioning time = 12.061 ms


2019-05-04-05-09-29   >>>>   Start verify ranking function

[xi_0 = 0, xi_1 = 3]
ranking function : ; 3.3 *  x[1]^-0.5 - 0.3 *  x[1]^1.0 + 0.3 *  x[0]^-2.0 *  x[1]^-1.0; 0.2 *  x[0]^-0.5 *  x[1]^1.0; ; 1.8 *  x[0]^-2.0 *  x[1]^-3.0

2019-05-04-05-09-29   >>>>   End verify ranking function

verifying time = 7.467 ms


Not Found Ranking Fcuntion

Conterexample is 

[0, 3]

sampling time = 2.227 ms


       ########################################         

iteration 23 with 366 examples

2019-05-04-05-09-29   >>>>   Start train ranking function

2019-05-04-05-09-29   >>>>   End train ranking function

train_ranking_functioning time = 12.042 ms


2019-05-04-05-09-29   >>>>   Start verify ranking function

[xi_0 = 0, xi_1 = 3]
ranking function : ; 3.3 *  x[1]^-0.5 - 0.3 *  x[1]^1.0 + 0.4 *  x[0]^-2.0 *  x[1]^-1.0; 0.2 *  x[0]^-0.5 *  x[1]^1.0; ; 1.7 *  x[0]^-2.0 *  x[1]^-3.0

2019-05-04-05-09-29   >>>>   End verify ranking function

verifying time = 7.475 ms


Not Found Ranking Fcuntion

Conterexample is 

[0, 3]

sampling time = 2.218 ms


       ########################################         

iteration 24 with 372 examples

2019-05-04-05-09-29   >>>>   Start train ranking function

2019-05-04-05-09-29   >>>>   End train ranking function

train_ranking_functioning time = 12.313 ms


2019-05-04-05-09-29   >>>>   Start verify ranking function

[xi_0 = 0, xi_1 = 3]
ranking function : ; 3.3 *  x[1]^-0.5 - 0.3 *  x[1]^1.0 + 0.3 *  x[0]^-2.0 *  x[1]^-1.0; 0.2 *  x[0]^-0.5 *  x[1]^1.0; ; 1.7 *  x[0]^-2.0 *  x[1]^-3.0

2019-05-04-05-09-29   >>>>   End verify ranking function

verifying time = 7.423 ms


Not Found Ranking Fcuntion

Conterexample is 

[0, 3]

sampling time = 2.229 ms


Failed to prove it is terminated

UNKNOWN
Time For Template 5 Is--->-657.535000 ms

------Using Template 6 -----------
21 [3, 3, 3, 3, 3, 3, 3]
*****************************************************

2019-05-04-05-09-29   >>>>   End sampling point

sampling time = 191.025 ms,


       ########################################         

iteration 0 with 304 examples

2019-05-04-05-09-29   >>>>   Start train ranking function

2019-05-04-05-09-29   >>>>   End train ranking function

train_ranking_functioning time = 5.065 ms


2019-05-04-05-09-29   >>>>   Start verify ranking function

[xi_0 = -5, xi_1 = 8]
ranking function :  - 0.2 *  x[0]^1.0 - 0.3 *  x[1]^1.0 + 1.4 * 1;  - 0.1 *  x[0]^1.0 - 0.3 *  x[1]^1.0 + 1.3 * 1;  - 0.2 *  x[1]^1.0 + 1.2 * 1;  - 0.2 *  x[1]^1.0 + 1.2 * 1;  - 0.1 *  x[1]^1.0 + 1.2 * 1;  - 0.1 *  x[1]^1.0 + 1.2 * 1; 1.2 * 1

2019-05-04-05-09-29   >>>>   End verify ranking function

verifying time = 7.809 ms


Not Found Ranking Fcuntion

Conterexample is 

[-5, 8]

sampling time = 4.736 ms


       ########################################         

iteration 1 with 312 examples

2019-05-04-05-09-29   >>>>   Start train ranking function

2019-05-04-05-09-29   >>>>   End train ranking function

train_ranking_functioning time = 5.062 ms


2019-05-04-05-09-29   >>>>   Start verify ranking function

[xi_0 = -9, xi_1 = 12]
ranking function :  - 0.2 *  x[0]^1.0 - 0.4 *  x[1]^1.0 + 1.4 * 1;  - 0.1 *  x[0]^1.0 - 0.3 *  x[1]^1.0 + 1.3 * 1;  - 0.2 *  x[1]^1.0 + 1.3 * 1;  - 0.2 *  x[1]^1.0 + 1.2 * 1;  - 0.1 *  x[1]^1.0 + 1.2 * 1;  - 0.1 *  x[1]^1.0 + 1.2 * 1; 1.1 * 1

2019-05-04-05-09-29   >>>>   End verify ranking function

verifying time = 11.052 ms


Not Found Ranking Fcuntion

Conterexample is 

[-9, 12]

sampling time = 5.140 ms


       ########################################         

iteration 2 with 320 examples

2019-05-04-05-09-29   >>>>   Start train ranking function

2019-05-04-05-09-29   >>>>   End train ranking function

train_ranking_functioning time = 5.423 ms


2019-05-04-05-09-29   >>>>   Start verify ranking function

[xi_0 = -5, xi_1 = 8]
ranking function :  - 0.2 *  x[0]^1.0 - 0.3 *  x[1]^1.0 + 1.5 * 1;  - 0.1 *  x[0]^1.0 - 0.3 *  x[1]^1.0 + 1.4 * 1;  - 0.2 *  x[1]^1.0 + 1.3 * 1;  - 0.1 *  x[1]^1.0 + 1.3 * 1;  - 0.1 *  x[1]^1.0 + 1.2 * 1; 1.1 * 1; 1.0 * 1

2019-05-04-05-09-29   >>>>   End verify ranking function

verifying time = 7.861 ms


Not Found Ranking Fcuntion

Conterexample is 

[-5, 8]

sampling time = 4.858 ms


       ########################################         

iteration 3 with 328 examples

2019-05-04-05-09-29   >>>>   Start train ranking function

2019-05-04-05-09-29   >>>>   End train ranking function

train_ranking_functioning time = 5.592 ms


2019-05-04-05-09-29   >>>>   Start verify ranking function

[xi_0 = -10, xi_1 = 13]
ranking function :  - 0.2 *  x[0]^1.0 - 0.4 *  x[1]^1.0 + 1.5 * 1;  - 0.1 *  x[0]^1.0 - 0.3 *  x[1]^1.0 + 1.4 * 1;  - 0.2 *  x[1]^1.0 + 1.3 * 1;  - 0.1 *  x[1]^1.0 + 1.3 * 1;  - 0.1 *  x[1]^1.0 + 1.2 * 1; 1.1 * 1; 1.0 * 1

2019-05-04-05-09-29   >>>>   End verify ranking function

verifying time = 10.913 ms


Not Found Ranking Fcuntion

Conterexample is 

[-10, 13]

sampling time = 4.808 ms


       ########################################         

iteration 4 with 336 examples

2019-05-04-05-09-29   >>>>   Start train ranking function

2019-05-04-05-09-29   >>>>   End train ranking function

train_ranking_functioning time = 6.096 ms


2019-05-04-05-09-29   >>>>   Start verify ranking function

[xi_0 = -5, xi_1 = 8]
ranking function :  - 0.2 *  x[0]^1.0 - 0.3 *  x[1]^1.0 + 1.5 * 1;  - 0.1 *  x[0]^1.0 - 0.3 *  x[1]^1.0 + 1.4 * 1;  - 0.2 *  x[1]^1.0 + 1.4 * 1;  - 0.1 *  x[1]^1.0 + 1.3 * 1;  - 0.1 *  x[1]^1.0 + 1.2 * 1; 1.1 * 1; 1.0 * 1

2019-05-04-05-09-29   >>>>   End verify ranking function

verifying time = 7.828 ms


Not Found Ranking Fcuntion

Conterexample is 

[-5, 8]

sampling time = 4.748 ms


       ########################################         

iteration 5 with 344 examples

2019-05-04-05-09-29   >>>>   Start train ranking function

2019-05-04-05-09-29   >>>>   End train ranking function

train_ranking_functioning time = 6.422 ms


2019-05-04-05-09-29   >>>>   Start verify ranking function

[xi_0 = -10, xi_1 = 13]
ranking function :  - 0.2 *  x[0]^1.0 - 0.4 *  x[1]^1.0 + 1.5 * 1;  - 0.1 *  x[0]^1.0 - 0.3 *  x[1]^1.0 + 1.4 * 1;  - 0.2 *  x[1]^1.0 + 1.4 * 1;  - 0.1 *  x[1]^1.0 + 1.3 * 1;  - 0.1 *  x[1]^1.0 + 1.2 * 1; 1.1 * 1; 1.0 * 1

2019-05-04-05-09-29   >>>>   End verify ranking function

verifying time = 10.901 ms


Not Found Ranking Fcuntion

Conterexample is 

[-10, 13]

sampling time = 4.860 ms


       ########################################         

iteration 6 with 352 examples

2019-05-04-05-09-29   >>>>   Start train ranking function

2019-05-04-05-09-29   >>>>   End train ranking function

train_ranking_functioning time = 6.196 ms


2019-05-04-05-09-29   >>>>   Start verify ranking function

[xi_0 = -10, xi_1 = 13]
ranking function :  - 0.2 *  x[0]^1.0 - 0.4 *  x[1]^1.0 + 1.5 * 1;  - 0.1 *  x[0]^1.0 - 0.3 *  x[1]^1.0 + 1.5 * 1;  - 0.2 *  x[1]^1.0 + 1.4 * 1;  - 0.1 *  x[1]^1.0 + 1.3 * 1;  - 0.1 *  x[1]^1.0 + 1.2 * 1; 1.1 * 1; 0.9 * 1

2019-05-04-05-09-29   >>>>   End verify ranking function

verifying time = 10.927 ms


Not Found Ranking Fcuntion

Conterexample is 

[-10, 13]

sampling time = 4.880 ms


       ########################################         

iteration 7 with 360 examples

2019-05-04-05-09-29   >>>>   Start train ranking function

2019-05-04-05-09-29   >>>>   End train ranking function

train_ranking_functioning time = 6.488 ms


2019-05-04-05-09-29   >>>>   Start verify ranking function

[xi_0 = -5, xi_1 = 8]
ranking function :  - 0.2 *  x[0]^1.0 - 0.3 *  x[1]^1.0 + 1.5 * 1;  - 0.1 *  x[0]^1.0 - 0.3 *  x[1]^1.0 + 1.5 * 1;  - 0.2 *  x[1]^1.0 + 1.4 * 1;  - 0.1 *  x[1]^1.0 + 1.3 * 1;  - 0.1 *  x[1]^1.0 + 1.2 * 1; 1.1 * 1; 0.9 * 1

2019-05-04-05-09-29   >>>>   End verify ranking function

verifying time = 7.825 ms


Not Found Ranking Fcuntion

Conterexample is 

[-5, 8]

sampling time = 4.818 ms


       ########################################         

iteration 8 with 368 examples

2019-05-04-05-09-29   >>>>   Start train ranking function

2019-05-04-05-09-29   >>>>   End train ranking function

train_ranking_functioning time = 6.572 ms


2019-05-04-05-09-29   >>>>   Start verify ranking function

[xi_0 = -10, xi_1 = 13]
ranking function :  - 0.2 *  x[0]^1.0 - 0.4 *  x[1]^1.0 + 1.5 * 1;  - 0.1 *  x[0]^1.0 - 0.3 *  x[1]^1.0 + 1.5 * 1;  - 0.2 *  x[1]^1.0 + 1.4 * 1;  - 0.1 *  x[1]^1.0 + 1.3 * 1;  - 0.1 *  x[1]^1.0 + 1.2 * 1; 1.1 * 1; 0.9 * 1

2019-05-04-05-09-29   >>>>   End verify ranking function

verifying time = 11.017 ms


Not Found Ranking Fcuntion

Conterexample is 

[-10, 13]

sampling time = 4.867 ms


       ########################################         

iteration 9 with 376 examples

2019-05-04-05-09-29   >>>>   Start train ranking function

2019-05-04-05-09-29   >>>>   End train ranking function

train_ranking_functioning time = 6.827 ms


2019-05-04-05-09-29   >>>>   Start verify ranking function

[xi_0 = -5, xi_1 = 8]
ranking function :  - 0.2 *  x[0]^1.0 - 0.3 *  x[1]^1.0 + 1.5 * 1;  - 0.1 *  x[0]^1.0 - 0.3 *  x[1]^1.0 + 1.5 * 1;  - 0.2 *  x[1]^1.0 + 1.4 * 1;  - 0.1 *  x[1]^1.0 + 1.3 * 1;  - 0.1 *  x[1]^1.0 + 1.2 * 1; 1.1 * 1; 0.9 * 1

2019-05-04-05-09-29   >>>>   End verify ranking function

verifying time = 8.007 ms


Not Found Ranking Fcuntion

Conterexample is 

[-5, 8]

sampling time = 4.850 ms


       ########################################         

iteration 10 with 384 examples

2019-05-04-05-09-29   >>>>   Start train ranking function

2019-05-04-05-09-29   >>>>   End train ranking function

train_ranking_functioning time = 6.670 ms


2019-05-04-05-09-29   >>>>   Start verify ranking function

[xi_0 = -10, xi_1 = 13]
ranking function :  - 0.2 *  x[0]^1.0 - 0.4 *  x[1]^1.0 + 1.5 * 1;  - 0.1 *  x[0]^1.0 - 0.3 *  x[1]^1.0 + 1.5 * 1;  - 0.2 *  x[1]^1.0 + 1.4 * 1;  - 0.1 *  x[1]^1.0 + 1.3 * 1;  - 0.1 *  x[1]^1.0 + 1.2 * 1; 1.1 * 1; 0.9 * 1

2019-05-04-05-09-29   >>>>   End verify ranking function

verifying time = 10.931 ms


Not Found Ranking Fcuntion

Conterexample is 

[-10, 13]

sampling time = 5.171 ms


       ########################################         

iteration 11 with 392 examples

2019-05-04-05-09-29   >>>>   Start train ranking function

2019-05-04-05-09-29   >>>>   End train ranking function

train_ranking_functioning time = 7.639 ms


2019-05-04-05-09-29   >>>>   Start verify ranking function

[xi_0 = -10, xi_1 = 13]
ranking function :  - 0.2 *  x[0]^1.0 - 0.4 *  x[1]^1.0 + 1.5 * 1;  - 0.1 *  x[0]^1.0 - 0.3 *  x[1]^1.0 + 1.5 * 1;  - 0.2 *  x[1]^1.0 + 1.4 * 1;  - 0.1 *  x[1]^1.0 + 1.3 * 1;  - 0.1 *  x[1]^1.0 + 1.2 * 1; 1.1 * 1; 0.9 * 1

2019-05-04-05-09-29   >>>>   End verify ranking function

verifying time = 11.859 ms


Not Found Ranking Fcuntion

Conterexample is 

[-10, 13]

sampling time = 4.998 ms


       ########################################         

iteration 12 with 400 examples

2019-05-04-05-09-29   >>>>   Start train ranking function

2019-05-04-05-09-29   >>>>   End train ranking function

train_ranking_functioning time = 7.140 ms


2019-05-04-05-09-29   >>>>   Start verify ranking function

[xi_0 = -10, xi_1 = 13]
ranking function :  - 0.2 *  x[0]^1.0 - 0.4 *  x[1]^1.0 + 1.5 * 1;  - 0.1 *  x[0]^1.0 - 0.3 *  x[1]^1.0 + 1.5 * 1;  - 0.2 *  x[1]^1.0 + 1.4 * 1;  - 0.1 *  x[1]^1.0 + 1.3 * 1;  - 0.1 *  x[1]^1.0 + 1.2 * 1; 1.1 * 1; 0.9 * 1

2019-05-04-05-09-29   >>>>   End verify ranking function

verifying time = 11.051 ms


Not Found Ranking Fcuntion

Conterexample is 

[-10, 13]

sampling time = 4.819 ms


       ########################################         

iteration 13 with 408 examples

2019-05-04-05-09-29   >>>>   Start train ranking function

2019-05-04-05-09-29   >>>>   End train ranking function

train_ranking_functioning time = 7.284 ms


2019-05-04-05-09-29   >>>>   Start verify ranking function

[xi_0 = -11, xi_1 = 14]
ranking function :  - 0.2 *  x[0]^1.0 - 0.4 *  x[1]^1.0 + 1.6 * 1;  - 0.1 *  x[0]^1.0 - 0.3 *  x[1]^1.0 + 1.5 * 1;  - 0.2 *  x[1]^1.0 + 1.4 * 1;  - 0.1 *  x[1]^1.0 + 1.3 * 1;  - 0.1 *  x[1]^1.0 + 1.2 * 1; 1.1 * 1; 0.9 * 1

2019-05-04-05-09-29   >>>>   End verify ranking function

verifying time = 10.972 ms


Not Found Ranking Fcuntion

Conterexample is 

[-11, 14]

sampling time = 4.824 ms


       ########################################         

iteration 14 with 416 examples

2019-05-04-05-09-29   >>>>   Start train ranking function

2019-05-04-05-09-29   >>>>   End train ranking function

train_ranking_functioning time = 7.632 ms


2019-05-04-05-09-29   >>>>   Start verify ranking function

[xi_0 = -11, xi_1 = 14]
ranking function :  - 0.2 *  x[0]^1.0 - 0.4 *  x[1]^1.0 + 1.6 * 1;  - 0.1 *  x[0]^1.0 - 0.3 *  x[1]^1.0 + 1.5 * 1;  - 0.2 *  x[1]^1.0 + 1.4 * 1;  - 0.1 *  x[1]^1.0 + 1.3 * 1;  - 0.1 *  x[1]^1.0 + 1.2 * 1; 1.1 * 1; 0.9 * 1

2019-05-04-05-09-29   >>>>   End verify ranking function

verifying time = 11.152 ms


Not Found Ranking Fcuntion

Conterexample is 

[-11, 14]

sampling time = 4.920 ms


       ########################################         

iteration 15 with 424 examples

2019-05-04-05-09-29   >>>>   Start train ranking function

2019-05-04-05-09-29   >>>>   End train ranking function

train_ranking_functioning time = 7.917 ms


2019-05-04-05-09-29   >>>>   Start verify ranking function

[xi_0 = -11, xi_1 = 14]
ranking function :  - 0.2 *  x[0]^1.0 - 0.4 *  x[1]^1.0 + 1.6 * 1;  - 0.1 *  x[0]^1.0 - 0.3 *  x[1]^1.0 + 1.5 * 1;  - 0.2 *  x[1]^1.0 + 1.4 * 1;  - 0.1 *  x[1]^1.0 + 1.3 * 1;  - 0.1 *  x[1]^1.0 + 1.2 * 1; 1.1 * 1; 0.9 * 1

2019-05-04-05-09-29   >>>>   End verify ranking function

verifying time = 11.029 ms


Not Found Ranking Fcuntion

Conterexample is 

[-11, 14]

sampling time = 4.810 ms


       ########################################         

iteration 16 with 432 examples

2019-05-04-05-09-29   >>>>   Start train ranking function

2019-05-04-05-09-29   >>>>   End train ranking function

train_ranking_functioning time = 8.059 ms


2019-05-04-05-09-29   >>>>   Start verify ranking function

[xi_0 = -11, xi_1 = 14]
ranking function :  - 0.2 *  x[0]^1.0 - 0.4 *  x[1]^1.0 + 1.6 * 1;  - 0.1 *  x[0]^1.0 - 0.3 *  x[1]^1.0 + 1.5 * 1;  - 0.2 *  x[1]^1.0 + 1.4 * 1;  - 0.1 *  x[1]^1.0 + 1.3 * 1;  - 0.1 *  x[1]^1.0 + 1.2 * 1; 1.1 * 1; 0.9 * 1

2019-05-04-05-09-29   >>>>   End verify ranking function

verifying time = 10.933 ms


Not Found Ranking Fcuntion

Conterexample is 

[-11, 14]

sampling time = 5.069 ms


       ########################################         

iteration 17 with 440 examples

2019-05-04-05-09-29   >>>>   Start train ranking function

2019-05-04-05-09-29   >>>>   End train ranking function

train_ranking_functioning time = 8.349 ms


2019-05-04-05-09-29   >>>>   Start verify ranking function

[xi_0 = -11, xi_1 = 14]
ranking function :  - 0.2 *  x[0]^1.0 - 0.4 *  x[1]^1.0 + 1.6 * 1;  - 0.1 *  x[0]^1.0 - 0.3 *  x[1]^1.0 + 1.5 * 1;  - 0.2 *  x[1]^1.0 + 1.4 * 1;  - 0.1 *  x[1]^1.0 + 1.3 * 1;  - 0.1 *  x[1]^1.0 + 1.2 * 1; 1.1 * 1; 0.9 * 1

2019-05-04-05-09-29   >>>>   End verify ranking function

verifying time = 11.249 ms


Not Found Ranking Fcuntion

Conterexample is 

[-11, 14]

sampling time = 4.958 ms


       ########################################         

iteration 18 with 448 examples

2019-05-04-05-09-29   >>>>   Start train ranking function

5
2019-05-04-05-09-29   >>>>   End train ranking function

train_ranking_functioning time = 8.547 ms


2019-05-04-05-09-29   >>>>   Start verify ranking function

[xi_0 = -11, xi_1 = 14]
ranking function :  - 0.2 *  x[0]^1.0 - 0.4 *  x[1]^1.0 + 1.6 * 1;  - 0.1 *  x[0]^1.0 - 0.3 *  x[1]^1.0 + 1.5 * 1;  - 0.2 *  x[1]^1.0 + 1.4 * 1;  - 0.1 *  x[1]^1.0 + 1.3 * 1;  - 0.1 *  x[1]^1.0 + 1.2 * 1; 1.1 * 1; 0.9 * 1

2019-05-04-05-09-29   >>>>   End verify ranking function

verifying time = 11.014 ms


Not Found Ranking Fcuntion

Conterexample is 

[-11, 14]

sampling time = 4.857 ms


       ########################################         

iteration 19 with 456 examples

2019-05-04-05-09-29   >>>>   Start train ranking function

2019-05-04-05-09-29   >>>>   End train ranking function

train_ranking_functioning time = 8.811 ms


2019-05-04-05-09-29   >>>>   Start verify ranking function

[xi_0 = 3513, xi_1 = -3138]
ranking function :  - 0.1573 *  x[0]^1.0 - 0.3521 *  x[1]^1.0 + 1.5586 * 1;  - 0.0523 *  x[0]^1.0 - 0.2761 *  x[1]^1.0 + 1.4838 * 1; 0.0016 *  x[0]^1.0 - 0.1966 *  x[1]^1.0 + 1.4188 * 1; 0.0275 *  x[0]^1.0 - 0.119 *  x[1]^1.0 + 1.3449 * 1; 0.0375 *  x[0]^1.0 - 0.0502 *  x[1]^1.0 + 1.2406 * 1; 0.0367 *  x[0]^1.0 + 0.0023 *  x[1]^1.0 + 1.0687 * 1; 0.0261 *  x[0]^1.0 + 0.0247 *  x[1]^1.0 + 0.9206 * 1

2019-05-04-05-09-29   >>>>   End verify ranking function

verifying time = 7.861 ms


Not Found Ranking Fcuntion

Conterexample is 

[3513, -3138]

sampling time = 4.867 ms


       ########################################         

iteration 20 with 464 examples

2019-05-04-05-09-29   >>>>   Start train ranking function

2019-05-04-05-09-29   >>>>   End train ranking function

train_ranking_functioning time = 8.866 ms


2019-05-04-05-09-29   >>>>   Start verify ranking function

[xi_0 = 1752, xi_1 = -1563]
ranking function :  - 0.1571 *  x[0]^1.0 - 0.352 *  x[1]^1.0 + 1.5586 * 1;  - 0.0523 *  x[0]^1.0 - 0.2762 *  x[1]^1.0 + 1.4838 * 1; 0.0019 *  x[0]^1.0 - 0.1963 *  x[1]^1.0 + 1.4186 * 1; 0.0274 *  x[0]^1.0 - 0.119 *  x[1]^1.0 + 1.3448 * 1; 0.0373 *  x[0]^1.0 - 0.0502 *  x[1]^1.0 + 1.2409 * 1; 0.0368 *  x[0]^1.0 + 0.0022 *  x[1]^1.0 + 1.0687 * 1; 0.026 *  x[0]^1.0 + 0.0246 *  x[1]^1.0 + 0.9206 * 1

2019-05-04-05-09-30   >>>>   End verify ranking function

verifying time = 8.580 ms


Not Found Ranking Fcuntion

Conterexample is 

[1752, -1563]

sampling time = 4.978 ms


       ########################################         

iteration 21 with 472 examples

2019-05-04-05-09-30   >>>>   Start train ranking function

2019-05-04-05-09-30   >>>>   End train ranking function

train_ranking_functioning time = 9.311 ms


2019-05-04-05-09-30   >>>>   Start verify ranking function

[xi_0 = 383, xi_1 = -342]
ranking function :  - 0.1575 *  x[0]^1.0 - 0.3519 *  x[1]^1.0 + 1.559 * 1;  - 0.052 *  x[0]^1.0 - 0.2764 *  x[1]^1.0 + 1.484 * 1; 0.0012 *  x[0]^1.0 - 0.1961 *  x[1]^1.0 + 1.4185 * 1; 0.0273 *  x[0]^1.0 - 0.1193 *  x[1]^1.0 + 1.3449 * 1; 0.0373 *  x[0]^1.0 - 0.0502 *  x[1]^1.0 + 1.2407 * 1; 0.0368 *  x[0]^1.0 + 0.0022 *  x[1]^1.0 + 1.0688 * 1; 0.0263 *  x[0]^1.0 + 0.0246 *  x[1]^1.0 + 0.9206 * 1
