------Using Template 0 -----------
3 [3]
*****************************************************

2019-05-04-05-09-45   >>>>   End sampling point

sampling time = 28.348 ms,


       ########################################         

iteration 0 with 60 examples

2019-05-04-05-09-45   >>>>   Start train ranking function

2019-05-04-05-09-45   >>>>   End train ranking function

train_ranking_functioning time = 0.925 ms


2019-05-04-05-09-45   >>>>   Start verify ranking function

ranking function :  - 0.1 *  x[0]^1.0 - 0.1 *  x[1]^1.0 + 1.7 * 1

2019-05-04-05-09-45   >>>>   End verify ranking function

verifying time = 8.067 ms


Not Found Ranking Fcuntion

Conterexample is 

[0, 18]

sampling time = 0.728 ms


       ########################################         

iteration 1 with 62 examples

2019-05-04-05-09-45   >>>>   Start train ranking function

2019-05-04-05-09-45   >>>>   End train ranking function

train_ranking_functioning time = 0.964 ms


2019-05-04-05-09-45   >>>>   Start verify ranking function

[xi_0 = -4, xi_1 = 8]
ranking function :  - 0.1 *  x[0]^1.0 + 1.7 * 1

2019-05-04-05-09-45   >>>>   End verify ranking function

verifying time = 7.005 ms


Not Found Ranking Fcuntion

Conterexample is 

[-4, 8]

sampling time = 0.725 ms


       ########################################         

iteration 2 with 64 examples

2019-05-04-05-09-45   >>>>   Start train ranking function

2019-05-04-05-09-45   >>>>   End train ranking function

train_ranking_functioning time = 0.905 ms


2019-05-04-05-09-45   >>>>   Start verify ranking function

ranking function :  - 0.1 *  x[0]^1.0 - 0.1 *  x[1]^1.0 + 1.8 * 1

2019-05-04-05-09-45   >>>>   End verify ranking function

verifying time = 7.811 ms


Not Found Ranking Fcuntion

Conterexample is 

[0, 19]

sampling time = 0.727 ms


       ########################################         

iteration 3 with 66 examples

2019-05-04-05-09-45   >>>>   Start train ranking function

2019-05-04-05-09-45   >>>>   End train ranking function

train_ranking_functioning time = 0.932 ms


2019-05-04-05-09-45   >>>>   Start verify ranking function

ranking function :  - 0.1 *  x[0]^1.0 - 0.1 *  x[1]^1.0 + 1.8 * 1

2019-05-04-05-09-45   >>>>   End verify ranking function

verifying time = 7.830 ms


Not Found Ranking Fcuntion

Conterexample is 

[0, 19]

sampling time = 0.715 ms


       ########################################         

iteration 4 with 68 examples

2019-05-04-05-09-45   >>>>   Start train ranking function

2019-05-04-05-09-45   >>>>   End train ranking function

train_ranking_functioning time = 0.993 ms


2019-05-04-05-09-45   >>>>   Start verify ranking function

[xi_0 = -4, xi_1 = 8]
ranking function :  - 0.2 *  x[0]^1.0 + 1.8 * 1

2019-05-04-05-09-46   >>>>   End verify ranking function

verifying time = 7.384 ms


Not Found Ranking Fcuntion

Conterexample is 

[-4, 8]

sampling time = 0.764 ms


       ########################################         

iteration 5 with 70 examples

2019-05-04-05-09-46   >>>>   Start train ranking function

2019-05-04-05-09-46   >>>>   End train ranking function

train_ranking_functioning time = 1.035 ms


2019-05-04-05-09-46   >>>>   Start verify ranking function

[xi_0 = -12, xi_1 = 16]
ranking function :  - 0.2 *  x[0]^1.0 - 0.1 *  x[1]^1.0 + 1.9 * 1

2019-05-04-05-09-46   >>>>   End verify ranking function

verifying time = 7.785 ms


Not Found Ranking Fcuntion

Conterexample is 

[-12, 16]

sampling time = 0.751 ms


       ########################################         

iteration 6 with 72 examples

2019-05-04-05-09-46   >>>>   Start train ranking function

2019-05-04-05-09-46   >>>>   End train ranking function

train_ranking_functioning time = 0.938 ms


2019-05-04-05-09-46   >>>>   Start verify ranking function

ranking function :  - 0.1 *  x[0]^1.0 - 0.1 *  x[1]^1.0 + 2.1 * 1

2019-05-04-05-09-46   >>>>   End verify ranking function

verifying time = 8.259 ms


Not Found Ranking Fcuntion

Conterexample is 

[22, 0]

sampling time = 0.743 ms


       ########################################         

iteration 7 with 74 examples

2019-05-04-05-09-46   >>>>   Start train ranking function

2019-05-04-05-09-46   >>>>   End train ranking function

train_ranking_functioning time = 1.112 ms


2019-05-04-05-09-46   >>>>   Start verify ranking function

ranking function :  - 0.1 *  x[0]^1.0 - 0.1 *  x[1]^1.0 + 2.5 * 1

2019-05-04-05-09-46   >>>>   End verify ranking function

verifying time = 7.887 ms


Not Found Ranking Fcuntion

Conterexample is 

[26, 0]

sampling time = 0.712 ms


       ########################################         

iteration 8 with 76 examples

2019-05-04-05-09-46   >>>>   Start train ranking function

2019-05-04-05-09-46   >>>>   End train ranking function

train_ranking_functioning time = 1.237 ms


2019-05-04-05-09-46   >>>>   Start verify ranking function

ranking function :  - 0.1 *  x[0]^1.0 - 0.1 *  x[1]^1.0 + 2.7 * 1

2019-05-04-05-09-46   >>>>   End verify ranking function

verifying time = 7.788 ms


Not Found Ranking Fcuntion

Conterexample is 

[28, 0]

sampling time = 0.766 ms


       ########################################         

iteration 9 with 78 examples

2019-05-04-05-09-46   >>>>   Start train ranking function

2019-05-04-05-09-46   >>>>   End train ranking function

train_ranking_functioning time = 1.236 ms


2019-05-04-05-09-46   >>>>   Start verify ranking function

ranking function :  - 0.1 *  x[0]^1.0 - 0.1 *  x[1]^1.0 + 2.7 * 1

2019-05-04-05-09-46   >>>>   End verify ranking function

verifying time = 7.926 ms


Not Found Ranking Fcuntion

Conterexample is 

[28, 0]

sampling time = 0.750 ms


       ########################################         

iteration 10 with 80 examples

2019-05-04-05-09-46   >>>>   Start train ranking function

2019-05-04-05-09-46   >>>>   End train ranking function

train_ranking_functioning time = 1.283 ms


2019-05-04-05-09-46   >>>>   Start verify ranking function

ranking function :  - 0.1 *  x[0]^1.0 - 0.1 *  x[1]^1.0 + 2.8 * 1

2019-05-04-05-09-46   >>>>   End verify ranking function

verifying time = 8.040 ms


Not Found Ranking Fcuntion

Conterexample is 

[29, 0]

sampling time = 0.721 ms


       ########################################         

iteration 11 with 82 examples

2019-05-04-05-09-46   >>>>   Start train ranking function

2019-05-04-05-09-46   >>>>   End train ranking function

train_ranking_functioning time = 1.341 ms


2019-05-04-05-09-46   >>>>   Start verify ranking function

ranking function :  - 0.1 *  x[0]^1.0 - 0.1 *  x[1]^1.0 + 2.8 * 1

2019-05-04-05-09-46   >>>>   End verify ranking function

verifying time = 7.859 ms


Not Found Ranking Fcuntion

Conterexample is 

[0, 29]

sampling time = 0.721 ms


       ########################################         

iteration 12 with 84 examples

2019-05-04-05-09-46   >>>>   Start train ranking function

2019-05-04-05-09-46   >>>>   End train ranking function

train_ranking_functioning time = 1.440 ms


2019-05-04-05-09-46   >>>>   Start verify ranking function

ranking function :  - 0.1 *  x[0]^1.0 - 0.1 *  x[1]^1.0 + 2.8 * 1

2019-05-04-05-09-46   >>>>   End verify ranking function

verifying time = 7.835 ms


Not Found Ranking Fcuntion

Conterexample is 

[29, 0]

sampling time = 0.726 ms


       ########################################         

iteration 13 with 86 examples

2019-05-04-05-09-46   >>>>   Start train ranking function

2019-05-04-05-09-46   >>>>   End train ranking function

train_ranking_functioning time = 1.527 ms


2019-05-04-05-09-46   >>>>   Start verify ranking function

ranking function :  - 0.1 *  x[0]^1.0 - 0.1 *  x[1]^1.0 + 2.9 * 1

2019-05-04-05-09-46   >>>>   End verify ranking function

verifying time = 7.818 ms


Not Found Ranking Fcuntion

Conterexample is 

[0, 30]

sampling time = 0.725 ms


       ########################################         

iteration 14 with 88 examples

2019-05-04-05-09-46   >>>>   Start train ranking function

2019-05-04-05-09-46   >>>>   End train ranking function

train_ranking_functioning time = 1.525 ms


2019-05-04-05-09-46   >>>>   Start verify ranking function

ranking function :  - 0.1 *  x[0]^1.0 - 0.1 *  x[1]^1.0 + 3.1 * 1
