------Using Template 0 -----------
4 [4]
*****************************************************

2019-05-04-05-24-46   >>>>   End sampling point

sampling time = 30.362 ms,


       ########################################         

iteration 0 with 44 examples

2019-05-04-05-24-46   >>>>   Start train ranking function

2019-05-04-05-24-46   >>>>   End train ranking function

train_ranking_functioning time = 0.516 ms


2019-05-04-05-24-46   >>>>   Start verify ranking function

[xi_2 = 1, xi_0 = 5, xi_1 = -1]
ranking function :  - 0.5 *  x[0]^1.0 - 0.2 *  x[1]^1.0 + 0.4 *  x[2]^1.0 + 1.1 * 1

2019-05-04-05-24-46   >>>>   End verify ranking function

verifying time = 8.723 ms


Not Found Ranking Fcuntion

Conterexample is 

[5, -1, 1]

sampling time = 1.145 ms


       ########################################         

iteration 1 with 46 examples

2019-05-04-05-24-46   >>>>   Start train ranking function

2019-05-04-05-24-46   >>>>   End train ranking function

train_ranking_functioning time = 0.853 ms


2019-05-04-05-24-46   >>>>   Start verify ranking function

[xi_2 = 1, xi_0 = -6, xi_1 = -1]
ranking function :  - 0.2 *  x[0]^1.0 + 0.3 *  x[1]^1.0 + 0.1 *  x[2]^1.0 + 1.7 * 1

2019-05-04-05-24-46   >>>>   End verify ranking function

verifying time = 8.674 ms


Not Found Ranking Fcuntion

Conterexample is 

[-6, -1, 1]

sampling time = 1.028 ms


       ########################################         

iteration 2 with 48 examples

2019-05-04-05-24-46   >>>>   Start train ranking function

2019-05-04-05-24-46   >>>>   End train ranking function

train_ranking_functioning time = 0.870 ms


2019-05-04-05-24-46   >>>>   Start verify ranking function

[xi_2 = 1, xi_0 = -7, xi_1 = -1]
ranking function :  - 0.2 *  x[0]^1.0 + 0.4 *  x[1]^1.0 + 0.1 *  x[2]^1.0 + 1.8 * 1

2019-05-04-05-24-46   >>>>   End verify ranking function

verifying time = 8.133 ms


Not Found Ranking Fcuntion

Conterexample is 

[-7, -1, 1]

sampling time = 1.039 ms


       ########################################         

iteration 3 with 50 examples

2019-05-04-05-24-46   >>>>   Start train ranking function

2019-05-04-05-24-46   >>>>   End train ranking function

train_ranking_functioning time = 0.759 ms


2019-05-04-05-24-46   >>>>   Start verify ranking function

[xi_2 = 1, xi_0 = -7, xi_1 = -1]
ranking function :  - 0.2 *  x[0]^1.0 + 0.4 *  x[1]^1.0 + 0.1 *  x[2]^1.0 + 1.7 * 1

2019-05-04-05-24-46   >>>>   End verify ranking function

verifying time = 8.200 ms


Not Found Ranking Fcuntion

Conterexample is 

[-7, -1, 1]

sampling time = 1.001 ms


       ########################################         

iteration 4 with 52 examples

2019-05-04-05-24-46   >>>>   Start train ranking function

2019-05-04-05-24-46   >>>>   End train ranking function

train_ranking_functioning time = 0.808 ms


2019-05-04-05-24-46   >>>>   Start verify ranking function

[xi_2 = 1, xi_0 = -7, xi_1 = -1]
ranking function :  - 0.2 *  x[0]^1.0 + 0.4 *  x[1]^1.0 + 0.1 *  x[2]^1.0 + 1.8 * 1

2019-05-04-05-24-46   >>>>   End verify ranking function

verifying time = 8.076 ms


Not Found Ranking Fcuntion

Conterexample is 

[-7, -1, 1]

sampling time = 0.992 ms


       ########################################         

iteration 5 with 54 examples

2019-05-04-05-24-46   >>>>   Start train ranking function

2019-05-04-05-24-46   >>>>   End train ranking function

train_ranking_functioning time = 0.812 ms


2019-05-04-05-24-46   >>>>   Start verify ranking function

[xi_2 = 1, xi_0 = -7, xi_1 = -1]
ranking function :  - 0.2 *  x[0]^1.0 + 0.4 *  x[1]^1.0 + 0.1 *  x[2]^1.0 + 1.8 * 1

2019-05-04-05-24-46   >>>>   End verify ranking function

verifying time = 8.048 ms


Not Found Ranking Fcuntion

Conterexample is 

[-7, -1, 1]

sampling time = 0.995 ms


       ########################################         

iteration 6 with 56 examples

2019-05-04-05-24-46   >>>>   Start train ranking function

2019-05-04-05-24-46   >>>>   End train ranking function

train_ranking_functioning time = 0.895 ms


2019-05-04-05-24-46   >>>>   Start verify ranking function

[xi_2 = 1, xi_0 = 8, xi_1 = -2]
ranking function :  - 0.2 *  x[0]^1.0 + 0.3 *  x[1]^1.0 + 0.2 *  x[2]^1.0 + 1.7 * 1

2019-05-04-05-24-46   >>>>   End verify ranking function

verifying time = 7.917 ms


Not Found Ranking Fcuntion

Conterexample is 

[8, -2, 1]

sampling time = 1.096 ms


       ########################################         

iteration 7 with 58 examples

2019-05-04-05-24-46   >>>>   Start train ranking function

2019-05-04-05-24-46   >>>>   End train ranking function

train_ranking_functioning time = 0.831 ms


2019-05-04-05-24-46   >>>>   Start verify ranking function

[xi_2 = 1, xi_0 = -5, xi_1 = -2]
ranking function :  - 0.1 *  x[0]^1.0 + 0.5 *  x[1]^1.0 + 2.0 * 1

2019-05-04-05-24-46   >>>>   End verify ranking function

verifying time = 7.976 ms


Not Found Ranking Fcuntion

Conterexample is 

[-5, -2, 1]

sampling time = 1.004 ms


       ########################################         

iteration 8 with 60 examples

2019-05-04-05-24-46   >>>>   Start train ranking function

2019-05-04-05-24-46   >>>>   End train ranking function

train_ranking_functioning time = 0.976 ms


2019-05-04-05-24-46   >>>>   Start verify ranking function

[xi_2 = 1, xi_0 = 9, xi_1 = -1]
ranking function :  - 0.1 *  x[0]^1.0 + 0.6 *  x[1]^1.0 + 0.1 *  x[2]^1.0 + 2.1 * 1

2019-05-04-05-24-46   >>>>   End verify ranking function

verifying time = 7.953 ms


Not Found Ranking Fcuntion

Conterexample is 

[9, -1, 1]

sampling time = 1.005 ms


       ########################################         

iteration 9 with 62 examples

2019-05-04-05-24-46   >>>>   Start train ranking function

2019-05-04-05-24-46   >>>>   End train ranking function

train_ranking_functioning time = 1.092 ms


2019-05-04-05-24-46   >>>>   Start verify ranking function

[xi_2 = 1, xi_0 = 9, xi_1 = -1]
ranking function :  - 0.1 *  x[0]^1.0 + 0.6 *  x[1]^1.0 + 0.1 *  x[2]^1.0 + 2.2 * 1

2019-05-04-05-24-46   >>>>   End verify ranking function

verifying time = 7.958 ms


Not Found Ranking Fcuntion

Conterexample is 

[9, -1, 1]

sampling time = 1.005 ms


       ########################################         

iteration 10 with 64 examples

2019-05-04-05-24-46   >>>>   Start train ranking function

2019-05-04-05-24-46   >>>>   End train ranking function

train_ranking_functioning time = 1.161 ms


2019-05-04-05-24-46   >>>>   Start verify ranking function

[xi_2 = 1, xi_0 = -3, xi_1 = -1]
ranking function :  - 0.1 *  x[0]^1.0 + 0.6 *  x[1]^1.0 + 2.2 * 1

2019-05-04-05-24-46   >>>>   End verify ranking function

verifying time = 7.943 ms


Not Found Ranking Fcuntion

Conterexample is 

[-3, -1, 1]

sampling time = 1.013 ms


       ########################################         

iteration 11 with 66 examples

2019-05-04-05-24-46   >>>>   Start train ranking function

2019-05-04-05-24-46   >>>>   End train ranking function

train_ranking_functioning time = 1.247 ms


2019-05-04-05-24-46   >>>>   Start verify ranking function

[xi_2 = 1, xi_0 = 10, xi_1 = -1]
ranking function :  - 0.1 *  x[0]^1.0 + 0.7 *  x[1]^1.0 + 0.1 *  x[2]^1.0 + 2.2 * 1

2019-05-04-05-24-46   >>>>   End verify ranking function

verifying time = 8.067 ms


Not Found Ranking Fcuntion

Conterexample is 

[10, -1, 1]

sampling time = 1.018 ms


       ########################################         

iteration 12 with 68 examples

2019-05-04-05-24-46   >>>>   Start train ranking function

2019-05-04-05-24-46   >>>>   End train ranking function

train_ranking_functioning time = 1.317 ms


2019-05-04-05-24-46   >>>>   Start verify ranking function

[xi_2 = 1, xi_0 = -3, xi_1 = -1]
ranking function :  - 0.1 *  x[0]^1.0 + 0.6 *  x[1]^1.0 + 2.2 * 1

2019-05-04-05-24-46   >>>>   End verify ranking function

verifying time = 7.888 ms


Not Found Ranking Fcuntion

Conterexample is 

[-3, -1, 1]

sampling time = 1.012 ms


       ########################################         

iteration 13 with 70 examples

2019-05-04-05-24-46   >>>>   Start train ranking function

2019-05-04-05-24-46   >>>>   End train ranking function

train_ranking_functioning time = 1.303 ms


2019-05-04-05-24-46   >>>>   Start verify ranking function
