------Using Template 0 -----------
4 [4]
*****************************************************

2019-05-04-05-29-46   >>>>   End sampling point

sampling time = 113.209 ms,


       ########################################         

iteration 0 with 220 examples

2019-05-04-05-29-46   >>>>   Start train ranking function

2019-05-04-05-29-46   >>>>   End train ranking function

train_ranking_functioning time = 0.980 ms


2019-05-04-05-29-46   >>>>   Start verify ranking function

[xr_1 = -1648/21, xr_2 = 0, xr_0 = 0]
ranking function : 0.4598 *  x[0]^1.0 - 0.4936 *  x[1]^1.0 - 0.485 *  x[2]^1.0 + 2.3716 * 1

2019-05-04-05-29-46   >>>>   End verify ranking function

verifying time = 7.932 ms


Not Found Ranking Fcuntion

Conterexample is 

[0, -78.47619047619048, 0]

sampling time = 1.050 ms


       ########################################         

iteration 1 with 222 examples

2019-05-04-05-29-46   >>>>   Start train ranking function

2019-05-04-05-29-46   >>>>   End train ranking function

train_ranking_functioning time = 4.476 ms


2019-05-04-05-29-46   >>>>   Start verify ranking function

[xr_1 = 0, xr_2 = 0, xr_0 = 9877/26]
ranking function : 0.4852 *  x[0]^1.0 - 0.4908 *  x[1]^1.0 - 0.4856 *  x[2]^1.0 + 2.3897 * 1

2019-05-04-05-29-46   >>>>   End verify ranking function

verifying time = 7.839 ms


Not Found Ranking Fcuntion

Conterexample is 

[379.88461538461536, 0, 0]

sampling time = 1.001 ms


       ########################################         

iteration 2 with 224 examples

2019-05-04-05-29-46   >>>>   Start train ranking function

2019-05-04-05-29-46   >>>>   End train ranking function

train_ranking_functioning time = 4.577 ms


2019-05-04-05-29-46   >>>>   Start verify ranking function

[xr_1 = -19751/5, xr_2 = 0, xr_0 = 0]
ranking function : 0.4876 *  x[0]^1.0 - 0.488 *  x[1]^1.0 - 0.4881 *  x[2]^1.0 + 2.3916 * 1

2019-05-04-05-29-46   >>>>   End verify ranking function

verifying time = 8.275 ms


Not Found Ranking Fcuntion

Conterexample is 

[0, -3950.2, 0]

sampling time = 1.011 ms


       ########################################         

iteration 3 with 226 examples

2019-05-04-05-29-46   >>>>   Start train ranking function

2019-05-04-05-29-46   >>>>   End train ranking function

train_ranking_functioning time = 4.900 ms


2019-05-04-05-29-46   >>>>   Start verify ranking function

ranking function : 0.4886 *  x[0]^1.0 - 0.4886 *  x[1]^1.0 - 0.4886 *  x[2]^1.0 + 2.3938 * 1

2019-05-04-05-29-46   >>>>   End verify ranking function

verifying time = 8.873 ms


Not Found Ranking Fcuntion

Conterexample is 

[-6.945968072042571, 0, 0]

sampling time = 1.010 ms


       ########################################         

iteration 4 with 228 examples

2019-05-04-05-29-46   >>>>   Start train ranking function

2019-05-04-05-29-46   >>>>   End train ranking function

train_ranking_functioning time = 2.896 ms


2019-05-04-05-29-46   >>>>   Start verify ranking function

[xr_1 = 0, xr_2 = 0, xr_0 = 19107]
ranking function : 0.4561 *  x[0]^1.0 - 0.4559 *  x[1]^1.0 - 0.4558 *  x[2]^1.0 + 2.7788 * 1

2019-05-04-05-29-46   >>>>   End verify ranking function

verifying time = 7.820 ms


Not Found Ranking Fcuntion

Conterexample is 

[19107, 0, 0]

sampling time = 1.007 ms


       ########################################         

iteration 5 with 230 examples

2019-05-04-05-29-46   >>>>   Start train ranking function

2019-05-04-05-29-46   >>>>   End train ranking function

train_ranking_functioning time = 3.096 ms


2019-05-04-05-29-46   >>>>   Start verify ranking function

[xr_1 = 19173/2, xr_2 = 0, xr_0 = 0]
ranking function : 0.4594 *  x[0]^1.0 - 0.4591 *  x[1]^1.0 - 0.4592 *  x[2]^1.0 + 2.794 * 1

2019-05-04-05-29-46   >>>>   End verify ranking function

verifying time = 7.953 ms


Not Found Ranking Fcuntion

Conterexample is 

[0, 9586.5, 0]

sampling time = 1.004 ms


       ########################################         

iteration 6 with 232 examples

2019-05-04-05-29-46   >>>>   Start train ranking function

2019-05-04-05-29-46   >>>>   End train ranking function

train_ranking_functioning time = 4.278 ms


2019-05-04-05-29-46   >>>>   Start verify ranking function

[xr_1 = 14833/10, xr_2 = 0, xr_0 = 0]
ranking function : 0.4237 *  x[0]^1.0 - 0.0616 *  x[1]^1.0 - 0.4227 *  x[2]^1.0 + 2.6428 * 1

2019-05-04-05-29-46   >>>>   End verify ranking function

verifying time = 7.953 ms


Not Found Ranking Fcuntion

Conterexample is 

[0, 1483.3, 0]

sampling time = 1.094 ms


       ########################################         

iteration 7 with 234 examples

2019-05-04-05-29-46   >>>>   Start train ranking function

2019-05-04-05-29-46   >>>>   End train ranking function

train_ranking_functioning time = 4.199 ms


2019-05-04-05-29-46   >>>>   Start verify ranking function

[xr_1 = 0, xr_2 = 0, xr_0 = -14345/4117]
ranking function : 0.4231 *  x[0]^1.0 - 0.0119 *  x[1]^1.0 - 0.4236 *  x[2]^1.0 + 2.6625 * 1

2019-05-04-05-29-46   >>>>   End verify ranking function

verifying time = 7.867 ms


Not Found Ranking Fcuntion

Conterexample is 

[-3.4843332523682293, 0, 0]

sampling time = 1.098 ms


       ########################################         

iteration 8 with 236 examples

2019-05-04-05-29-47   >>>>   Start train ranking function

2019-05-04-05-29-47   >>>>   End train ranking function

train_ranking_functioning time = 4.938 ms


2019-05-04-05-29-47   >>>>   Start verify ranking function

[xr_1 = 0, xr_2 = 0, xr_0 = -7049/1917]
ranking function : 0.3982 *  x[0]^1.0 - 0.0137 *  x[1]^1.0 - 0.3971 *  x[2]^1.0 + 2.5535 * 1

2019-05-04-05-29-47   >>>>   End verify ranking function

verifying time = 8.526 ms


Not Found Ranking Fcuntion

Conterexample is 

[-3.6770996348461136, 0, 0]

sampling time = 1.009 ms


       ########################################         

iteration 9 with 238 examples

2019-05-04-05-29-47   >>>>   Start train ranking function

2019-05-04-05-29-47   >>>>   End train ranking function

train_ranking_functioning time = 4.710 ms


2019-05-04-05-29-47   >>>>   Start verify ranking function

[xr_1 = 7014/17, xr_2 = 0, xr_0 = 0]
ranking function : 0.3867 *  x[0]^1.0 - 0.0205 *  x[1]^1.0 - 0.3833 *  x[2]^1.0 + 2.4881 * 1

2019-05-04-05-29-47   >>>>   End verify ranking function

verifying time = 7.970 ms


Not Found Ranking Fcuntion

Conterexample is 

[0, 412.5882352941176, 0]

sampling time = 1.010 ms


       ########################################         

iteration 10 with 240 examples

2019-05-04-05-29-47   >>>>   Start train ranking function

2019-05-04-05-29-47   >>>>   End train ranking function

train_ranking_functioning time = 4.529 ms


2019-05-04-05-29-47   >>>>   Start verify ranking function

[xr_1 = 0, xr_2 = 0, xr_0 = -13789/3671]
ranking function : 0.3778 *  x[0]^1.0 - 0.0064 *  x[1]^1.0 - 0.3735 *  x[2]^1.0 + 2.5046 * 1

2019-05-04-05-29-47   >>>>   End verify ranking function

verifying time = 7.797 ms


Not Found Ranking Fcuntion

Conterexample is 

[-3.756197221465541, 0, 0]

sampling time = 1.049 ms


       ########################################         

iteration 11 with 242 examples

2019-05-04-05-29-47   >>>>   Start train ranking function

2019-05-04-05-29-47   >>>>   End train ranking function

train_ranking_functioning time = 4.532 ms


2019-05-04-05-29-47   >>>>   Start verify ranking function

[xr_1 = 0, xr_2 = 0, xr_0 = -13501/3341]
ranking function : 0.3476 *  x[0]^1.0 - 0.0085 *  x[1]^1.0 - 0.3426 *  x[2]^1.0 + 2.3797 * 1

2019-05-04-05-29-47   >>>>   End verify ranking function

verifying time = 7.865 ms


Not Found Ranking Fcuntion

Conterexample is 

[-4.041005686920084, 0, 0]

sampling time = 1.010 ms


       ########################################         

iteration 12 with 244 examples

2019-05-04-05-29-47   >>>>   Start train ranking function

2019-05-04-05-29-47   >>>>   End train ranking function

train_ranking_functioning time = 4.725 ms


2019-05-04-05-29-47   >>>>   Start verify ranking function

[xr_1 = 0, xr_2 = 0, xr_0 = -13323/3151]
ranking function : 0.3289 *  x[0]^1.0 - 0.0091 *  x[1]^1.0 - 0.3242 *  x[2]^1.0 + 2.3102 * 1

2019-05-04-05-29-47   >>>>   End verify ranking function

verifying time = 7.852 ms


Not Found Ranking Fcuntion

Conterexample is 

[-4.22818152967312, 0, 0]

sampling time = 1.168 ms


       ########################################         

iteration 13 with 246 examples

2019-05-04-05-29-47   >>>>   Start train ranking function

2019-05-04-05-29-47   >>>>   End train ranking function

train_ranking_functioning time = 5.150 ms


2019-05-04-05-29-47   >>>>   Start verify ranking function

[xr_1 = 13234/41, xr_2 = 0, xr_0 = 0]
ranking function : 0.3181 *  x[0]^1.0 - 0.0104 *  x[1]^1.0 - 0.314 *  x[2]^1.0 + 2.2873 * 1

2019-05-04-05-29-47   >>>>   End verify ranking function

verifying time = 8.594 ms


Not Found Ranking Fcuntion

Conterexample is 

[0, 322.780487804878, 0]

sampling time = 1.016 ms


       ########################################         

iteration 14 with 248 examples

2019-05-04-05-29-47   >>>>   Start train ranking function

2019-05-04-05-29-47   >>>>   End train ranking function

train_ranking_functioning time = 5.046 ms


2019-05-04-05-29-47   >>>>   Start verify ranking function

[xr_1 = 1645/4, xr_2 = 0, xr_0 = 0]
ranking function : 0.3152 *  x[0]^1.0 - 0.005 *  x[1]^1.0 - 0.312 *  x[2]^1.0 + 2.3077 * 1

2019-05-04-05-29-47   >>>>   End verify ranking function

verifying time = 8.392 ms


Not Found Ranking Fcuntion

Conterexample is 

[0, 411.25, 0]

sampling time = 1.011 ms


       ########################################         

iteration 15 with 250 examples

2019-05-04-05-29-47   >>>>   Start train ranking function

2019-05-04-05-29-47   >>>>   End train ranking function

train_ranking_functioning time = 5.048 ms


2019-05-04-05-29-47   >>>>   Start verify ranking function

[xr_1 = 0, xr_2 = 0, xr_0 = -13163/3085]
ranking function : 0.3168 *  x[0]^1.0 - 0.0044 *  x[1]^1.0 - 0.3129 *  x[2]^1.0 + 2.3249 * 1

2019-05-04-05-29-47   >>>>   End verify ranking function

verifying time = 7.766 ms


Not Found Ranking Fcuntion

Conterexample is 

[-4.26677471636953, 0, 0]

sampling time = 1.057 ms


       ########################################         

iteration 16 with 252 examples

2019-05-04-05-29-47   >>>>   Start train ranking function

2019-05-04-05-29-47   >>>>   End train ranking function

train_ranking_functioning time = 4.929 ms


2019-05-04-05-29-47   >>>>   Start verify ranking function

[xr_1 = 12830/47, xr_2 = 0, xr_0 = 0]
ranking function : 0.2848 *  x[0]^1.0 - 0.0039 *  x[1]^1.0 - 0.2801 *  x[2]^1.0 + 2.1954 * 1

2019-05-04-05-29-47   >>>>   End verify ranking function

verifying time = 7.846 ms


Not Found Ranking Fcuntion

Conterexample is 

[0, 272.97872340425533, 0]

sampling time = 1.020 ms


       ########################################         

iteration 17 with 254 examples

2019-05-04-05-29-47   >>>>   Start train ranking function

2019-05-04-05-29-47   >>>>   End train ranking function

train_ranking_functioning time = 5.186 ms


2019-05-04-05-29-47   >>>>   Start verify ranking function

[xr_1 = 13013/40, xr_2 = 0, xr_0 = 0]
ranking function : 0.3025 *  x[0]^1.0 - 0.0038 *  x[1]^1.0 - 0.2985 *  x[2]^1.0 + 2.292 * 1

2019-05-04-05-29-47   >>>>   End verify ranking function

verifying time = 7.873 ms


Not Found Ranking Fcuntion

Conterexample is 

[0, 325.325, 0]

sampling time = 1.018 ms


       ########################################         

iteration 18 with 256 examples

2019-05-04-05-29-47   >>>>   Start train ranking function

2019-05-04-05-29-47   >>>>   End train ranking function

train_ranking_functioning time = 5.041 ms


2019-05-04-05-29-47   >>>>   Start verify ranking function

[xr_1 = 0, xr_2 = 0, xr_0 = -12923/2865]
ranking function : 0.294 *  x[0]^1.0 - 0.0034 *  x[1]^1.0 - 0.2899 *  x[2]^1.0 + 2.2695 * 1

2019-05-04-05-29-47   >>>>   End verify ranking function

verifying time = 7.915 ms


Not Found Ranking Fcuntion

Conterexample is 

[-4.51064572425829, 0, 0]

sampling time = 1.020 ms


       ########################################         

iteration 19 with 258 examples

2019-05-04-05-29-47   >>>>   Start train ranking function

2019-05-04-05-29-47   >>>>   End train ranking function

train_ranking_functioning time = 5.162 ms


2019-05-04-05-29-47   >>>>   Start verify ranking function

[xr_1 = 0, xr_2 = 0, xr_0 = -6337/1314]
ranking function : 0.271 *  x[0]^1.0 - 0.0028 *  x[1]^1.0 - 0.2656 *  x[2]^1.0 + 2.1904 * 1

2019-05-04-05-29-47   >>>>   End verify ranking function

verifying time = 7.915 ms


Not Found Ranking Fcuntion

Conterexample is 

[-4.822678843226789, 0, 0]

sampling time = 1.026 ms


       ########################################         

iteration 20 with 260 examples

2019-05-04-05-29-47   >>>>   Start train ranking function

2019-05-04-05-29-47   >>>>   End train ranking function

train_ranking_functioning time = 5.338 ms


2019-05-04-05-29-47   >>>>   Start verify ranking function

[xr_1 = 329, xr_2 = 0, xr_0 = 0]
ranking function : 0.2514 *  x[0]^1.0 - 0.0036 *  x[1]^1.0 - 0.2476 *  x[2]^1.0 + 2.1463 * 1

2019-05-04-05-29-47   >>>>   End verify ranking function

verifying time = 7.744 ms


Not Found Ranking Fcuntion

Conterexample is 

[0, 329, 0]

sampling time = 1.109 ms


       ########################################         

iteration 21 with 262 examples

2019-05-04-05-29-47   >>>>   Start train ranking function

2019-05-04-05-29-47   >>>>   End train ranking function

train_ranking_functioning time = 5.390 ms


2019-05-04-05-29-47   >>>>   Start verify ranking function

[xr_1 = 0, xr_2 = 0, xr_0 = -6281/1259]
ranking function : 0.2592 *  x[0]^1.0 - 0.0027 *  x[1]^1.0 - 0.2545 *  x[2]^1.0 + 2.1821 * 1

2019-05-04-05-29-47   >>>>   End verify ranking function

verifying time = 7.876 ms


Not Found Ranking Fcuntion

Conterexample is 

[-4.988880063542494, 0, 0]

sampling time = 1.022 ms


       ########################################         

iteration 22 with 264 examples

2019-05-04-05-29-47   >>>>   Start train ranking function

2019-05-04-05-29-47   >>>>   End train ranking function

train_ranking_functioning time = 5.561 ms


2019-05-04-05-29-47   >>>>   Start verify ranking function

[xr_1 = 0, xr_2 = 0, xr_0 = -6167/1171]
ranking function : 0.2382 *  x[0]^1.0 - 0.0001 *  x[1]^1.0 - 0.2343 *  x[2]^1.0 + 2.1212 * 1

2019-05-04-05-29-47   >>>>   End verify ranking function

verifying time = 7.871 ms


Not Found Ranking Fcuntion

Conterexample is 

[-5.266438941076004, 0, 0]

sampling time = 1.010 ms


       ########################################         

iteration 23 with 266 examples

2019-05-04-05-29-47   >>>>   Start train ranking function

2019-05-04-05-29-47   >>>>   End train ranking function

train_ranking_functioning time = 5.380 ms


2019-05-04-05-29-47   >>>>   Start verify ranking function

[xr_1 = 0, xr_2 = 0, xr_0 = -12067/2011]
ranking function : 0.2088 *  x[0]^1.0 - 0.0033 *  x[1]^1.0 - 0.2044 *  x[2]^1.0 + 2.0131 * 1

2019-05-04-05-29-47   >>>>   End verify ranking function

verifying time = 7.813 ms


Not Found Ranking Fcuntion

Conterexample is 

[-6.000497265042267, 0, 0]

sampling time = 1.016 ms


       ########################################         

iteration 24 with 268 examples

2019-05-04-05-29-47   >>>>   Start train ranking function

2019-05-04-05-29-47   >>>>   End train ranking function

train_ranking_functioning time = 5.573 ms


2019-05-04-05-29-47   >>>>   Start verify ranking function

[xr_1 = 11867/46, xr_2 = 0, xr_0 = 0]
ranking function : 0.1892 *  x[0]^1.0 - 0.0031 *  x[1]^1.0 - 0.1846 *  x[2]^1.0 + 1.9792 * 1

2019-05-04-05-29-47   >>>>   End verify ranking function

verifying time = 7.790 ms


Not Found Ranking Fcuntion

Conterexample is 

[0, 257.9782608695652, 0]

sampling time = 1.010 ms


Failed to prove it is terminated

UNKNOWN
Time For Template 0 Is--->-510.513000 ms

------Using Template 1 -----------
5 [5]
*****************************************************

2019-05-04-05-29-47   >>>>   End sampling point

sampling time = 162.602 ms,


       ########################################         

iteration 0 with 220 examples

2019-05-04-05-29-47   >>>>   Start train ranking function

2019-05-04-05-29-47   >>>>   End train ranking function

train_ranking_functioning time = 8.497 ms


2019-05-04-05-29-47   >>>>   Start verify ranking function

time out
ranking function : 0.0055 *  x[0]^3.0 *  x[1]^-3.0 *  x[2]^0.5 - 0.0759 *  x[0]^2.0 *  x[1]^3.0 *  x[2]^1.0 + 0.0071 *  x[0]^1.0 *  x[1]^1.0 *  x[2]^-2.0 - 0.0021 *  x[0]^-2.0 *  x[1]^-3.0 *  x[2]^3.0 - 0.0037 *  x[0]^2.0 *  x[1]^-0.5 *  x[2]^2.0

2019-05-04-05-29-56   >>>>   End verify ranking function

verifying time = 8843.606 ms


UNKNOWN
Time For Template 1 Is--->-9022.544000 ms

------Using Template 2 -----------
12 [4, 4, 4]
*****************************************************

2019-05-04-05-29-56   >>>>   End sampling point

sampling time = 325.308 ms,


       ########################################         

iteration 0 with 440 examples

2019-05-04-05-29-56   >>>>   Start train ranking function

2019-05-04-05-29-56   >>>>   End train ranking function

train_ranking_functioning time = 2.287 ms


2019-05-04-05-29-56   >>>>   Start verify ranking function

[xr_1 = -9949/49, xr_2 = 0, xr_0 = 0]
ranking function : 0.4829 *  x[0]^1.0 - 0.4981 *  x[1]^1.0 - 0.4927 *  x[2]^1.0 + 1.0291 * 1;  - 0.3902 *  x[0]^1.0 - 0.542 *  x[1]^1.0 - 0.0845 *  x[2]^1.0 + 0.8581 * 1;  - 0.0213 *  x[0]^1.0 - 0.008 *  x[1]^1.0 - 0.3807 *  x[2]^1.0 + 1.4934 * 1

2019-05-04-05-29-56   >>>>   End verify ranking function

verifying time = 7.978 ms


Not Found Ranking Fcuntion

Conterexample is 

[0, -203.0408163265306, 0]

sampling time = 3.017 ms


       ########################################         

iteration 1 with 444 examples

2019-05-04-05-29-56   >>>>   Start train ranking function

2019-05-04-05-29-56   >>>>   End train ranking function

train_ranking_functioning time = 6.814 ms


2019-05-04-05-29-56   >>>>   Start verify ranking function

[xr_1 = 0, xr_2 = 0, xr_0 = 6631/13]
ranking function : 0.493 *  x[0]^1.0 - 0.4971 *  x[1]^1.0 - 0.4932 *  x[2]^1.0 + 1.0277 * 1;  - 0.3921 *  x[0]^1.0 - 0.548 *  x[1]^1.0 - 0.0811 *  x[2]^1.0 + 0.8585 * 1;  - 0.0214 *  x[0]^1.0 - 0.008 *  x[1]^1.0 - 0.3822 *  x[2]^1.0 + 1.4955 * 1

2019-05-04-05-29-56   >>>>   End verify ranking function

verifying time = 7.958 ms


Not Found Ranking Fcuntion

Conterexample is 

[510.0769230769231, 0, 0]

sampling time = 2.881 ms


       ########################################         

iteration 2 with 448 examples

2019-05-04-05-29-56   >>>>   Start train ranking function

2019-05-04-05-29-56   >>>>   End train ranking function

train_ranking_functioning time = 7.454 ms


2019-05-04-05-29-56   >>>>   Start verify ranking function

[xr_1 = -19892/3, xr_2 = 0, xr_0 = 0]
ranking function : 0.4947 *  x[0]^1.0 - 0.4952 *  x[1]^1.0 - 0.495 *  x[2]^1.0 + 1.0284 * 1;  - 0.3884 *  x[0]^1.0 - 0.5498 *  x[1]^1.0 - 0.0819 *  x[2]^1.0 + 0.8606 * 1;  - 0.001 *  x[0]^1.0 - 0.0061 *  x[1]^1.0 - 0.394 *  x[2]^1.0 + 1.5076 * 1

2019-05-04-05-29-56   >>>>   End verify ranking function

verifying time = 7.984 ms


Not Found Ranking Fcuntion

Conterexample is 

[0, -6630.666666666667, 0]

sampling time = 2.917 ms


       ########################################         

iteration 3 with 452 examples

2019-05-04-05-29-56   >>>>   Start train ranking function

2019-05-04-05-29-56   >>>>   End train ranking function

train_ranking_functioning time = 7.420 ms


2019-05-04-05-29-56   >>>>   Start verify ranking function

[xr_2 = 0, xr_0 = 4947]
ranking function : 0.495 *  x[0]^1.0 - 0.4952 *  x[1]^1.0 - 0.495 *  x[2]^1.0 + 1.0283 * 1;  - 0.3885 *  x[0]^1.0 - 0.55 *  x[1]^1.0 - 0.0818 *  x[2]^1.0 + 0.8606 * 1;  - 0.001 *  x[0]^1.0 - 0.0061 *  x[1]^1.0 - 0.3941 *  x[2]^1.0 + 1.5077 * 1

2019-05-04-05-29-56   >>>>   End verify ranking function

verifying time = 7.905 ms


Not Found Ranking Fcuntion

Conterexample is 

[4947, 0, 0]

sampling time = 2.941 ms


       ########################################         

iteration 4 with 456 examples

2019-05-04-05-29-56   >>>>   Start train ranking function

2019-05-04-05-29-56   >>>>   End train ranking function

train_ranking_functioning time = 7.626 ms


2019-05-04-05-29-56   >>>>   Start verify ranking function

[xr_1 = 0, xr_2 = 0, xr_0 = -4432/45]
ranking function : 0.4951 *  x[0]^1.0 - 0.4951 *  x[1]^1.0 - 0.4951 *  x[2]^1.0 + 1.0285 * 1;  - 0.3884 *  x[0]^1.0 - 0.5499 *  x[1]^1.0 - 0.0818 *  x[2]^1.0 + 0.8608 * 1;  - 0.0006 *  x[0]^1.0 - 0.0062 *  x[1]^1.0 - 0.3942 *  x[2]^1.0 + 1.5078 * 1

2019-05-04-05-29-56   >>>>   End verify ranking function

verifying time = 11.514 ms


Not Found Ranking Fcuntion

Conterexample is 

[-98.4888888888889, 0, 0]

sampling time = 2.921 ms


       ########################################         

iteration 5 with 460 examples

2019-05-04-05-29-56   >>>>   Start train ranking function

2019-05-04-05-29-56   >>>>   End train ranking function

train_ranking_functioning time = 7.988 ms


2019-05-04-05-29-56   >>>>   Start verify ranking function

[xr_1 = 9891, xr_2 = 0]
ranking function : 0.4951 *  x[0]^1.0 - 0.495 *  x[1]^1.0 - 0.495 *  x[2]^1.0 + 1.0075 * 1;  - 0.3989 *  x[0]^1.0 - 0.5668 *  x[1]^1.0 - 0.0784 *  x[2]^1.0 + 0.8582 * 1;  - 0.0002 *  x[0]^1.0 - 0.0054 *  x[1]^1.0 - 0.404 *  x[2]^1.0 + 1.5205 * 1

2019-05-04-05-29-56   >>>>   End verify ranking function

verifying time = 7.929 ms


Not Found Ranking Fcuntion

Conterexample is 

[0, 9891, 0]

sampling time = 2.952 ms


       ########################################         

iteration 6 with 464 examples

2019-05-04-05-29-56   >>>>   Start train ranking function

2019-05-04-05-29-56   >>>>   End train ranking function

train_ranking_functioning time = 10.080 ms


2019-05-04-05-29-56   >>>>   Start verify ranking function

[xr_2 = 0, xr_0 = -26443/67]
ranking function : 0.4943 *  x[0]^1.0 - 0.4943 *  x[1]^1.0 - 0.4943 *  x[2]^1.0 + 1.1503 * 1;  - 0.4906 *  x[0]^1.0 - 0.4913 *  x[1]^1.0 - 0.0037 *  x[2]^1.0 + 0.5084 * 1;  - 0.0005 *  x[0]^1.0 - 0.0001 *  x[1]^1.0 - 0.4907 *  x[2]^1.0 + 1.6347 * 1

2019-05-04-05-29-56   >>>>   End verify ranking function

verifying time = 11.192 ms


Not Found Ranking Fcuntion

Conterexample is 

[-394.67164179104475, 0, 0]

sampling time = 2.883 ms


       ########################################         

iteration 7 with 468 examples

2019-05-04-05-29-56   >>>>   Start train ranking function

2019-05-04-05-29-56   >>>>   End train ranking function

train_ranking_functioning time = 10.659 ms


2019-05-04-05-29-56   >>>>   Start verify ranking function

[xr_1 = 0, xr_2 = 0, xr_0 = 19875]
ranking function : 0.4941 *  x[0]^1.0 - 0.4943 *  x[1]^1.0 - 0.4942 *  x[2]^1.0 + 1.1509 * 1;  - 0.4927 *  x[0]^1.0 - 0.4938 *  x[1]^1.0 - 0.0016 *  x[2]^1.0 + 0.5046 * 1;  - 0.0006 *  x[0]^1.0 - 0.0001 *  x[1]^1.0 - 0.4929 *  x[2]^1.0 + 1.6375 * 1

2019-05-04-05-29-56   >>>>   End verify ranking function

verifying time = 7.916 ms


Not Found Ranking Fcuntion

Conterexample is 

[19875, 0, 0]

sampling time = 2.871 ms


       ########################################         

iteration 8 with 472 examples

2019-05-04-05-29-56   >>>>   Start train ranking function

2019-05-04-05-29-56   >>>>   End train ranking function

train_ranking_functioning time = 10.198 ms


2019-05-04-05-29-56   >>>>   Start verify ranking function

[xr_1 = 26449, xr_2 = 0, xr_0 = 0]
ranking function : 0.4943 *  x[0]^1.0 - 0.4943 *  x[1]^1.0 - 0.4943 *  x[2]^1.0 + 1.1515 * 1;  - 0.4931 *  x[0]^1.0 - 0.4933 *  x[1]^1.0 - 0.0011 *  x[2]^1.0 + 0.5028 * 1;  - 0.0001 *  x[0]^1.0 - 0.0001 *  x[1]^1.0 - 0.4932 *  x[2]^1.0 + 1.638 * 1

2019-05-04-05-29-56   >>>>   End verify ranking function

verifying time = 11.299 ms


Not Found Ranking Fcuntion

Conterexample is 

[0, 26449, 0]

sampling time = 2.879 ms


       ########################################         

iteration 9 with 476 examples

2019-05-04-05-29-56   >>>>   Start train ranking function

2019-05-04-05-29-56   >>>>   End train ranking function

train_ranking_functioning time = 10.900 ms


2019-05-04-05-29-56   >>>>   Start verify ranking function

[xr_2 = 0, xr_0 = -13225/11]
ranking function : 0.4943 *  x[0]^1.0 - 0.4943 *  x[1]^1.0 - 0.4943 *  x[2]^1.0 + 1.1515 * 1;  - 0.4931 *  x[0]^1.0 - 0.4933 *  x[1]^1.0 - 0.0012 *  x[2]^1.0 + 0.5041 * 1;  - 0.0001 *  x[0]^1.0 - 0.0001 *  x[1]^1.0 - 0.4932 *  x[2]^1.0 + 1.638 * 1

2019-05-04-05-29-56   >>>>   End verify ranking function

verifying time = 11.217 ms


Not Found Ranking Fcuntion

Conterexample is 

[-1202.2727272727273, 0, 0]

sampling time = 2.882 ms


       ########################################         

iteration 10 with 480 examples

2019-05-04-05-29-56   >>>>   Start train ranking function

2019-05-04-05-29-56   >>>>   End train ranking function

train_ranking_functioning time = 17.192 ms


2019-05-04-05-29-56   >>>>   Start verify ranking function

[xr_1 = -9877, xr_2 = 0]
ranking function : 0.4942 *  x[0]^1.0 - 0.4943 *  x[1]^1.0 - 0.4943 *  x[2]^1.0 + 1.1516 * 1;  - 0.4935 *  x[0]^1.0 - 0.4938 *  x[1]^1.0 - 0.0007 *  x[2]^1.0 + 0.5047 * 1;  - 0.0001 *  x[0]^1.0 - 0.4935 *  x[2]^1.0 + 1.6384 * 1

2019-05-04-05-29-56   >>>>   End verify ranking function

verifying time = 8.506 ms


Not Found Ranking Fcuntion

Conterexample is 

[0, -9877, 0]

sampling time = 3.044 ms


       ########################################         

iteration 11 with 484 examples

2019-05-04-05-29-56   >>>>   Start train ranking function

2019-05-04-05-29-56   >>>>   End train ranking function

train_ranking_functioning time = 15.168 ms


2019-05-04-05-29-56   >>>>   Start verify ranking function

[xr_2 = 0, xr_0 = -26451/11]
ranking function : 0.4943 *  x[0]^1.0 - 0.4943 *  x[1]^1.0 - 0.4943 *  x[2]^1.0 + 1.1515 * 1;  - 0.4936 *  x[0]^1.0 - 0.4939 *  x[1]^1.0 - 0.0007 *  x[2]^1.0 + 0.5046 * 1;  - 0.0001 *  x[0]^1.0 - 0.4936 *  x[2]^1.0 + 1.6386 * 1

2019-05-04-05-29-56   >>>>   End verify ranking function

verifying time = 11.601 ms


Not Found Ranking Fcuntion

Conterexample is 

[-2404.6363636363635, 0, 0]

sampling time = 3.009 ms


       ########################################         

iteration 12 with 488 examples

2019-05-04-05-29-56   >>>>   Start train ranking function

2019-05-04-05-29-56   >>>>   End train ranking function

train_ranking_functioning time = 17.737 ms


2019-05-04-05-29-56   >>>>   Start verify ranking function

[xr_1 = -19877, xr_2 = 0, xr_0 = 0]
ranking function : 0.4942 *  x[0]^1.0 - 0.4944 *  x[1]^1.0 - 0.4943 *  x[2]^1.0 + 1.1515 * 1;  - 0.4937 *  x[0]^1.0 - 0.494 *  x[1]^1.0 - 0.0005 *  x[2]^1.0 + 0.5043 * 1;  - 0.0001 *  x[0]^1.0 - 0.4937 *  x[2]^1.0 + 1.6387 * 1

2019-05-04-05-29-56   >>>>   End verify ranking function

verifying time = 7.967 ms


Not Found Ranking Fcuntion

Conterexample is 

[0, -19877, 0]

sampling time = 2.928 ms


       ########################################         

iteration 13 with 492 examples

2019-05-04-05-29-56   >>>>   Start train ranking function

2019-05-04-05-29-56   >>>>   End train ranking function

train_ranking_functioning time = 16.923 ms


2019-05-04-05-29-56   >>>>   Start verify ranking function

[xr_2 = 0, xr_0 = -26451/8]
ranking function : 0.4943 *  x[0]^1.0 - 0.4943 *  x[1]^1.0 - 0.4943 *  x[2]^1.0 + 1.1516 * 1;  - 0.4938 *  x[0]^1.0 - 0.494 *  x[1]^1.0 - 0.0005 *  x[2]^1.0 + 0.5044 * 1;  - 0.0001 *  x[0]^1.0 - 0.0001 *  x[1]^1.0 - 0.4938 *  x[2]^1.0 + 1.6387 * 1

2019-05-04-05-29-56   >>>>   End verify ranking function

verifying time = 11.334 ms


Not Found Ranking Fcuntion

Conterexample is 

[-3306.375, 0, 0]

sampling time = 3.006 ms


       ########################################         

iteration 14 with 496 examples

2019-05-04-05-29-56   >>>>   Start train ranking function

2019-05-04-05-29-57   >>>>   End train ranking function

train_ranking_functioning time = 19.474 ms


2019-05-04-05-29-57   >>>>   Start verify ranking function

[xr_2 = 0, xr_0 = -26451/8]
ranking function : 0.4943 *  x[0]^1.0 - 0.4943 *  x[1]^1.0 - 0.4943 *  x[2]^1.0 + 1.1516 * 1;  - 0.4938 *  x[0]^1.0 - 0.494 *  x[1]^1.0 - 0.0005 *  x[2]^1.0 + 0.5043 * 1;  - 0.0001 *  x[0]^1.0 - 0.4938 *  x[2]^1.0 + 1.6387 * 1

2019-05-04-05-29-57   >>>>   End verify ranking function

verifying time = 11.671 ms


Not Found Ranking Fcuntion

Conterexample is 

[-3306.375, 0, 0]

sampling time = 2.976 ms


       ########################################         

iteration 15 with 500 examples

2019-05-04-05-29-57   >>>>   Start train ranking function

2019-05-04-05-29-57   >>>>   End train ranking function

train_ranking_functioning time = 17.346 ms


2019-05-04-05-29-57   >>>>   Start verify ranking function

[xr_2 = 0, xr_0 = 9876]
ranking function : 0.4942 *  x[0]^1.0 - 0.4943 *  x[1]^1.0 - 0.4942 *  x[2]^1.0 + 1.1515 * 1;  - 0.4939 *  x[0]^1.0 - 0.4943 *  x[1]^1.0 - 0.0003 *  x[2]^1.0 + 0.5039 * 1;  - 0.0001 *  x[0]^1.0 - 0.494 *  x[2]^1.0 + 1.639 * 1

2019-05-04-05-29-57   >>>>   End verify ranking function

verifying time = 7.830 ms


Not Found Ranking Fcuntion

Conterexample is 

[9876, 0, 0]

sampling time = 2.875 ms


       ########################################         

iteration 16 with 504 examples

2019-05-04-05-29-57   >>>>   Start train ranking function

2019-05-04-05-29-57   >>>>   End train ranking function

train_ranking_functioning time = 16.052 ms


2019-05-04-05-29-57   >>>>   Start verify ranking function

[xr_2 = 0, xr_0 = 9876]
ranking function : 0.4942 *  x[0]^1.0 - 0.4943 *  x[1]^1.0 - 0.4942 *  x[2]^1.0 + 1.1517 * 1;  - 0.4939 *  x[0]^1.0 - 0.4941 *  x[1]^1.0 - 0.0003 *  x[2]^1.0 + 0.5041 * 1;  - 0.0001 *  x[0]^1.0 - 0.4939 *  x[2]^1.0 + 1.6388 * 1

2019-05-04-05-29-57   >>>>   End verify ranking function

verifying time = 7.846 ms


Not Found Ranking Fcuntion

Conterexample is 

[9876, 0, 0]

sampling time = 2.907 ms


       ########################################         

iteration 17 with 508 examples

2019-05-04-05-29-57   >>>>   Start train ranking function

2019-05-04-05-29-57   >>>>   End train ranking function

train_ranking_functioning time = 17.275 ms


2019-05-04-05-29-57   >>>>   Start verify ranking function

[xr_1 = 0, xr_2 = 0, xr_0 = -8817]
ranking function : 0.4943 *  x[0]^1.0 - 0.4943 *  x[1]^1.0 - 0.4943 *  x[2]^1.0 + 1.1517 * 1;  - 0.494 *  x[0]^1.0 - 0.4942 *  x[1]^1.0 - 0.0002 *  x[2]^1.0 + 0.5039 * 1;  - 0.0001 *  x[0]^1.0 - 0.494 *  x[2]^1.0 + 1.639 * 1

2019-05-04-05-29-57   >>>>   End verify ranking function

verifying time = 11.354 ms


Not Found Ranking Fcuntion

Conterexample is 

[-8817, 0, 0]

sampling time = 2.935 ms


       ########################################         

iteration 18 with 512 examples

2019-05-04-05-29-57   >>>>   Start train ranking function

2019-05-04-05-29-57   >>>>   End train ranking function

train_ranking_functioning time = 18.910 ms


2019-05-04-05-29-57   >>>>   Start verify ranking function

[xr_2 = 0, xr_0 = -8817]
ranking function : 0.4943 *  x[0]^1.0 - 0.4943 *  x[1]^1.0 - 0.4943 *  x[2]^1.0 + 1.1517 * 1;  - 0.4941 *  x[0]^1.0 - 0.4942 *  x[1]^1.0 - 0.0002 *  x[2]^1.0 + 0.5038 * 1;  - 0.0001 *  x[0]^1.0 - 0.4941 *  x[2]^1.0 + 1.6391 * 1

2019-05-04-05-29-57   >>>>   End verify ranking function

verifying time = 11.348 ms


Not Found Ranking Fcuntion

Conterexample is 

[-8817, 0, 0]

sampling time = 2.872 ms


       ########################################         

iteration 19 with 516 examples

2019-05-04-05-29-57   >>>>   Start train ranking function

2019-05-04-05-29-57   >>>>   End train ranking function

train_ranking_functioning time = 17.314 ms


2019-05-04-05-29-57   >>>>   Start verify ranking function

[xr_1 = 0, xr_2 = 0, xr_0 = -26451/2]
ranking function : 0.4943 *  x[0]^1.0 - 0.4943 *  x[1]^1.0 - 0.4943 *  x[2]^1.0 + 1.1516 * 1;  - 0.494 *  x[0]^1.0 - 0.4943 *  x[1]^1.0 - 0.0002 *  x[2]^1.0 + 0.5038 * 1;  - 0.0001 *  x[0]^1.0 - 0.4941 *  x[2]^1.0 + 1.6391 * 1

2019-05-04-05-29-57   >>>>   End verify ranking function

verifying time = 11.388 ms


Not Found Ranking Fcuntion

Conterexample is 

[-13225.5, 0, 0]

sampling time = 2.874 ms


       ########################################         

iteration 20 with 520 examples

2019-05-04-05-29-57   >>>>   Start train ranking function

2019-05-04-05-29-57   >>>>   End train ranking function

train_ranking_functioning time = 18.923 ms


2019-05-04-05-29-57   >>>>   Start verify ranking function

[xr_1 = 26452, xr_2 = 0, xr_0 = 0]
ranking function : 0.4943 *  x[0]^1.0 - 0.4943 *  x[1]^1.0 - 0.4943 *  x[2]^1.0 + 1.1517 * 1;  - 0.494 *  x[0]^1.0 - 0.4943 *  x[1]^1.0 - 0.0002 *  x[2]^1.0 + 0.5038 * 1;  - 0.0001 *  x[0]^1.0 - 0.4941 *  x[2]^1.0 + 1.6391 * 1

2019-05-04-05-29-57   >>>>   End verify ranking function

verifying time = 11.423 ms


Not Found Ranking Fcuntion

Conterexample is 

[0, 26452, 0]

sampling time = 3.062 ms


       ########################################         

iteration 21 with 524 examples

2019-05-04-05-29-57   >>>>   Start train ranking function
